0.019501 0.019501
0.036832 0.017330
0.078498 0.041666
0.120154 0.041656
0.161786 0.041632
0.203521 0.041735
0.245179 0.041657
0.286802 0.041623
0.328507 0.041705
0.370160 0.041654
0.411800 0.041640
0.453522 0.041722
0.495136 0.041614
0.536795 0.041659
0.578470 0.041674
0.620184 0.041714
0.661845 0.041661
0.703475 0.041631
0.745132 0.041657
0.786835 0.041702
0.828466 0.041632
0.870118 0.041652
0.911804 0.041686
0.953512 0.041708
0.995181 0.041668
1.036776 0.041595
1.078472 0.041696
1.120174 0.041702
1.161800 0.041626
1.203508 0.041708
1.245177 0.041668
1.286824 0.041648
1.328520 0.041696
1.370164 0.041643
1.411859 0.041695
1.453509 0.041650
1.495176 0.041666
1.536853 0.041678
1.578506 0.041652
1.620181 0.041675
1.661846 0.041665
1.703512 0.041666
1.745178 0.041666
1.786852 0.041674
1.828503 0.041651
1.870137 0.041634
1.911801 0.041664
1.953514 0.041713
1.995179 0.041665
2.036851 0.041672
2.078513 0.041662
2.120180 0.041667
2.161796 0.041616
2.203504 0.041708
2.245178 0.041674
2.286801 0.041623
2.328473 0.041672
2.370174 0.041701
2.411806 0.041632
2.453472 0.041666
2.495146 0.041674
2.536807 0.041661
2.578516 0.041709
2.620183 0.041668
2.661843 0.041659
2.703440 0.041597
2.745134 0.041693
2.786838 0.041705
2.828495 0.041657
2.870173 0.041678
2.911846 0.041672
2.953504 0.041659
2.995173 0.041669
3.036804 0.041631
3.078458 0.041654
3.120135 0.041677
3.161839 0.041704
3.203493 0.041654
3.245175 0.041682
3.286852 0.041677
3.328456 0.041604
3.370174 0.041718
3.411842 0.041668
3.453451 0.041609
3.495177 0.041726
3.536805 0.041629
3.578469 0.041664
3.620140 0.041671
3.661848 0.041708
3.703514 0.041666
3.745184 0.041670
3.786801 0.041617
3.828446 0.041644
3.870175 0.041729
3.911844 0.041669
3.953510 0.041667
3.995136 0.041626
4.036801 0.041665
4.078476 0.041675
4.120161 0.041684
4.161807 0.041647
4.203515 0.041708
4.245182 0.041667
4.286840 0.041657
4.328468 0.041629
4.370116 0.041647
4.411783 0.041668
4.453467 0.041683
4.495136 0.041670
4.536806 0.041670
4.578469 0.041663
4.620181 0.041712
4.661800 0.041619
4.703464 0.041664
4.745162 0.041697
4.786798 0.041636
4.828507 0.041709
4.870140 0.041634
4.911795 0.041654
4.953494 0.041699
4.995129 0.041635
5.036799 0.041671
5.078502 0.041702
5.120147 0.041645
5.161831 0.041684
5.203494 0.041663
5.245148 0.041654
5.286844 0.041696
5.328472 0.041628
5.370164 0.041692
5.411825 0.041661
5.453516 0.041690
5.495126 0.041611
5.536820 0.041694
5.578433 0.041613
5.620153 0.041720
5.661803 0.041650
5.703472 0.041669
5.745142 0.041671
5.786802 0.041660
5.828478 0.041675
5.870133 0.041655
5.911828 0.041696
5.953492 0.041664
5.995133 0.041641
6.036826 0.041693
6.078492 0.041666
6.120142 0.041651
6.161794 0.041652
6.203496 0.041702
6.245138 0.041642
6.286806 0.041668
6.328495 0.041690
6.370134 0.041638
6.411811 0.041677
6.453474 0.041663
6.495148 0.041674
6.536800 0.041652
6.578498 0.041698
6.620149 0.041651
6.661806 0.041657
6.703492 0.041686
6.745136 0.041644
6.786825 0.041688
6.828489 0.041665
6.870146 0.041657
6.911813 0.041667
6.953492 0.041679
6.995153 0.041661
7.036833 0.041679
7.078499 0.041667
7.120132 0.041633
7.161851 0.041719
7.203473 0.041622
7.245137 0.041665
7.286813 0.041676
7.328475 0.041661
7.370131 0.041656
7.411815 0.041684
7.453512 0.041697
7.495153 0.041641
7.536813 0.041660
7.578474 0.041662
7.620149 0.041674
7.661844 0.041696
7.703511 0.041667
7.745179 0.041667
7.786833 0.041654
7.828495 0.041662
7.870147 0.041652
7.911829 0.041682
7.953473 0.041644
7.995122 0.041649
8.036778 0.041656
8.078497 0.041720
8.120149 0.041651
8.161800 0.041651
8.203464 0.041664
8.245151 0.041687
8.286825 0.041674
8.328497 0.041672
8.370135 0.041638
8.411807 0.041672
8.453473 0.041667
8.495151 0.041678
8.536807 0.041656
8.578499 0.041692
8.620165 0.041666
8.661803 0.041638
8.703492 0.041689
8.745141 0.041649
8.786812 0.041671
8.828495 0.041683
8.870132 0.041637
8.911836 0.041704
8.953496 0.041660
8.995123 0.041627
9.036833 0.041711
9.078444 0.041610
9.120153 0.041710
9.161827 0.041673
9.203481 0.041654
9.245148 0.041667
9.286783 0.041635
9.328463 0.041680
9.370157 0.041695
9.411776 0.041619
9.453475 0.041699
9.531967 0.078491
9.578514 0.046548
9.620148 0.041634
9.661844 0.041695
9.703508 0.041664
9.745147 0.041639
9.786841 0.041694
9.828448 0.041607
9.870150 0.041702
9.911831 0.041681
9.953475 0.041644
9.995139 0.041664
10.036798 0.041659
10.078501 0.041704
10.120138 0.041637
10.161825 0.041688
10.203448 0.041622
10.245131 0.041684
10.286857 0.041725
10.328493 0.041636
10.370136 0.041643
10.411806 0.041670
10.453473 0.041667
10.495157 0.041684
10.536797 0.041641
10.578475 0.041677
10.620125 0.041650
10.661827 0.041702
10.703472 0.041646
10.745148 0.041676
10.786833 0.041685
10.828443 0.041610
10.870117 0.041674
10.911830 0.041712
10.953472 0.041642
10.995151 0.041679
11.036778 0.041627
11.078474 0.041696
11.120147 0.041674
11.161830 0.041683
11.203473 0.041643
11.245132 0.041659
11.286813 0.041681
11.328513 0.041700
11.370147 0.041634
11.411816 0.041668
11.453516 0.041700
11.495144 0.041628
11.536830 0.041686
11.578497 0.041667
11.620175 0.041678
11.661827 0.041652
11.703498 0.041671
11.745146 0.041648
11.786848 0.041703
11.828495 0.041647
11.870149 0.041654
11.911842 0.041693
11.953513 0.041671
11.995147 0.041634
12.036845 0.041698
12.078498 0.041653
12.138110 0.059613
12.183296 0.045186
12.214788 0.031492
12.245126 0.030338
12.286831 0.041705
12.328510 0.041679
12.370154 0.041644
12.411809 0.041655
12.453506 0.041698
12.495154 0.041647
12.536829 0.041675
12.578456 0.041627
12.620154 0.041698
12.661842 0.041688
12.703500 0.041658
12.745123 0.041622
12.786827 0.041705
12.828505 0.041678
12.870154 0.041648
12.911839 0.041685
12.953467 0.041628
12.995167 0.041700
13.036834 0.041666
13.078497 0.041663
13.120188 0.041691
13.161842 0.041654
13.203489 0.041647
13.245171 0.041682
13.286803 0.041632
13.328495 0.041692
13.370151 0.041656
13.411795 0.041643
13.453513 0.041718
13.495147 0.041635
13.536846 0.041699
13.578496 0.041649
13.620172 0.041676
13.661830 0.041658
13.703465 0.041636
13.745147 0.041682
13.786831 0.041684
13.828504 0.041673
13.870151 0.041648
13.911807 0.041656
13.953483 0.041676
13.995176 0.041692
14.036788 0.041613
14.078501 0.041712
14.120142 0.041641
14.161826 0.041685
14.203512 0.041685
14.245147 0.041635
14.286847 0.041700
14.328508 0.041662
14.370148 0.041639
14.411844 0.041697
14.453466 0.041622
14.495150 0.041684
14.536845 0.041695
14.578511 0.041666
14.620148 0.041637
14.661844 0.041696
14.703476 0.041632
14.745144 0.041668
14.786819 0.041676
14.828493 0.041674
14.870147 0.041654
14.911827 0.041680
14.953497 0.041670
14.995168 0.041671
15.036830 0.041662
15.078496 0.041666
15.120141 0.041645
15.161827 0.041686
15.203512 0.041685
15.245131 0.041619
15.286823 0.041692
15.328509 0.041686
15.370144 0.041635
15.411811 0.041667
15.453458 0.041647
15.495167 0.041709
15.536828 0.041661
15.578496 0.041668
15.620171 0.041675
15.661794 0.041623
15.703508 0.041713
15.745156 0.041649
15.786848 0.041691
15.828472 0.041624
15.870148 0.041676
15.911843 0.041695
15.953510 0.041668
15.995172 0.041661
16.036825 0.041653
16.078495 0.041670
16.120133 0.041638
16.161827 0.041694
16.203502 0.041675
16.245144 0.041642
16.286806 0.041663
16.328510 0.041704
16.370148 0.041638
16.411836 0.041688
16.453496 0.041660
16.495144 0.041648
16.536837 0.041693
16.578495 0.041658
16.620167 0.041672
16.661832 0.041665
16.703493 0.041662
16.745144 0.041650
16.786844 0.041700
16.828473 0.041629
16.870146 0.041673
16.911809 0.041663
16.953504 0.041695
16.995176 0.041671
17.036834 0.041659
17.078463 0.041629
17.120170 0.041707
17.161827 0.041657
17.203474 0.041647
17.245144 0.041671
17.286816 0.041671
17.328482 0.041666
17.370125 0.041643
17.411801 0.041676
17.453497 0.041696
17.495122 0.041625
17.536834 0.041712
17.578464 0.041630
17.620148 0.041683
17.661829 0.041681
17.703498 0.041669
17.745125 0.041626
17.786795 0.041670
17.828496 0.041701
17.870122 0.041626
17.911833 0.041711
17.953497 0.041664
17.995148 0.041650
18.036848 0.041700
18.078511 0.041663
18.120174 0.041662
18.161810 0.041637
18.203498 0.041688
18.245121 0.041623
18.286798 0.041676
18.328463 0.041665
18.370152 0.041690
18.411776 0.041624
18.453449 0.041673
18.495120 0.041672
18.536809 0.041689
18.578496 0.041687
18.620148 0.041652
18.661804 0.041656
18.703499 0.041696
18.745132 0.041633
18.786806 0.041673
18.828496 0.041691
18.870115 0.041619
18.911798 0.041683
18.953503 0.041705
18.995169 0.041666
19.036844 0.041675
19.078495 0.041651
19.120151 0.041656
19.161796 0.041645
19.203506 0.041710
19.245147 0.041641
19.286775 0.041629
19.328500 0.041724
19.370144 0.041644
19.411834 0.041690
19.453475 0.041642
19.495134 0.041659
19.536826 0.041691
19.578498 0.041672
19.620147 0.041649
19.661826 0.041680
19.703494 0.041668
19.745133 0.041639
19.786824 0.041691
19.828457 0.041634
19.870143 0.041685
19.911813 0.041670
19.953495 0.041682
19.995151 0.041656
20.036805 0.041654
20.078495 0.041690
20.120149 0.041653
20.161806 0.041657
20.203493 0.041687
20.245151 0.041658
20.286828 0.041676
20.328501 0.041674
20.370144 0.041643
20.411831 0.041688
20.453493 0.041662
20.495145 0.041652
20.536826 0.041682
20.578498 0.041672
20.620143 0.041645
20.661828 0.041684
20.703463 0.041635
20.745128 0.041666
20.786825 0.041697
20.828468 0.041643
20.870125 0.041657
20.911827 0.041701
20.953463 0.041636
20.995146 0.041684
21.036825 0.041679
21.078497 0.041672
21.120150 0.041652
21.161829 0.041679
21.203493 0.041664
21.245130 0.041637
21.286797 0.041667
21.328485 0.041688
21.370122 0.041637
21.411813 0.041691
21.453493 0.041680
21.495181 0.041688
21.536811 0.041629
21.578495 0.041685
21.620170 0.041675
21.661829 0.041659
21.703463 0.041634
21.745153 0.041690
21.786815 0.041662
21.828497 0.041682
21.870126 0.041629
21.911831 0.041705
21.953487 0.041656
21.995155 0.041668
22.036799 0.041643
22.078461 0.041662
22.120158 0.041697
22.161830 0.041672
22.203475 0.041644
22.245152 0.041677
22.286809 0.041658
22.328493 0.041684
22.370129 0.041636
22.411828 0.041699
22.453466 0.041638
22.495143 0.041677
22.536796 0.041652
22.578467 0.041672
22.620114 0.041646
22.661795 0.041681
22.703469 0.041674
22.745125 0.041657
22.786822 0.041697
22.828462 0.041640
22.870131 0.041669
22.911784 0.041653
22.953466 0.041682
22.995127 0.041661
23.036822 0.041695
23.078497 0.041675
23.120145 0.041648
23.161798 0.041653
23.203516 0.041719
23.245124 0.041607
23.286848 0.041724
23.328462 0.041613
23.370137 0.041675
23.411804 0.041667
23.453500 0.041697
23.495124 0.041623
23.536827 0.041703
23.578470 0.041643
23.620149 0.041680
23.661796 0.041646
23.703499 0.041703
23.745126 0.041627
23.786778 0.041653
23.828459 0.041681
23.870181 0.041722
23.911828 0.041647
23.953478 0.041650
23.995145 0.041666
24.036798 0.041653
24.078496 0.041698
24.120125 0.041629
24.161813 0.041688
24.203467 0.041654
24.245149 0.041682
24.286793 0.041643
24.328493 0.041700
24.370152 0.041659
24.411825 0.041673
24.453493 0.041668
24.495124 0.041631
24.536826 0.041702
24.578481 0.041655
24.620112 0.041630
24.661811 0.041699
24.703497 0.041686
24.745144 0.041648
24.786828 0.041684
24.828463 0.041634
24.870148 0.041685
24.911796 0.041648
24.953469 0.041673
24.995151 0.041682
25.036831 0.041680
25.078464 0.041634
25.120144 0.041679
25.161832 0.041689
25.203466 0.041634
25.245143 0.041676
25.286815 0.041673
25.328473 0.041658
25.370126 0.041653
25.411810 0.041684
25.453495 0.041684
25.495143 0.041649
25.536844 0.041700
25.578464 0.041621
25.620149 0.041685
25.661831 0.041682
25.703500 0.041668
25.745126 0.041627
25.786802 0.041675
25.828488 0.041686
25.870175 0.041687
25.911796 0.041621
25.953499 0.041704
25.995144 0.041644
26.036812 0.041668
26.078466 0.041654
26.120127 0.041661
26.161800 0.041673
26.203516 0.041716
26.245109 0.041593
26.286805 0.041696
26.328495 0.041691
26.370113 0.041617
26.411799 0.041686
26.453462 0.041663
26.495148 0.041686
26.536826 0.041678
26.578493 0.041667
26.620143 0.041650
26.661800 0.041657
26.703496 0.041697
26.745124 0.041628
26.786828 0.041704
26.828523 0.041695
26.870126 0.041603
26.911841 0.041715
26.953465 0.041624
26.995128 0.041663
27.036775 0.041647
27.078501 0.041726
27.120144 0.041643
27.161826 0.041682
27.203495 0.041670
27.245144 0.041648
27.286809 0.041665
27.328465 0.041656
27.370145 0.041680
27.411826 0.041681
27.453463 0.041636
27.495126 0.041664
27.536806 0.041680
27.578495 0.041689
27.620139 0.041644
27.661842 0.041703
27.703460 0.041618
27.745170 0.041710
27.786831 0.041661
27.828493 0.041662
27.870130 0.041637
27.911795 0.041665
27.953497 0.041703
27.995152 0.041655
28.036830 0.041678
28.078467 0.041637
28.120148 0.041681
28.161795 0.041647
28.203471 0.041676
28.245134 0.041663
28.286803 0.041670
28.328499 0.041696
28.370154 0.041655
28.411777 0.041623
28.453451 0.041674
28.495155 0.041704
28.536790 0.041636
28.578501 0.041710
28.620136 0.041636
28.661827 0.041691
28.703499 0.041672
28.745123 0.041624
28.786798 0.041675
28.828497 0.041699
28.870168 0.041670
28.911802 0.041634
28.953497 0.041695
28.995152 0.041656
29.036831 0.041679
29.078486 0.041655
29.120164 0.041678
29.161835 0.041671
29.203494 0.041659
29.245158 0.041664
29.286827 0.041668
29.328500 0.041673
29.370123 0.041623
29.411772 0.041650
29.453495 0.041723
29.495158 0.041663
29.536800 0.041641
29.578509 0.041709
29.620144 0.041635
29.661837 0.041693
29.703464 0.041627
29.745143 0.041679
29.786826 0.041684
29.828464 0.041638
29.870149 0.041685
29.911842 0.041692
29.953498 0.041656
29.995154 0.041656
30.036792 0.041638
30.078518 0.041726
30.120143 0.041626
30.161827 0.041684
30.203493 0.041666
30.245143 0.041650
30.286828 0.041685
30.328494 0.041666
30.370144 0.041650
30.411810 0.041666
30.453497 0.041686
30.495143 0.041647
30.536796 0.041653
30.578464 0.041669
30.620123 0.041659
30.661805 0.041682
30.703497 0.041692
30.745143 0.041647
30.786795 0.041652
30.828475 0.041680
30.870125 0.041650
30.911860 0.041736
30.953495 0.041634
30.995124 0.041630
31.036826 0.041701
31.078465 0.041639
31.120144 0.041679
31.161804 0.041661
31.203441 0.041637
31.245146 0.041704
31.286844 0.041699
31.328498 0.041653
31.370144 0.041646
31.411827 0.041683
31.453508 0.041682
31.495152 0.041643
31.536807 0.041655
31.578493 0.041686
31.620138 0.041645
31.661830 0.041692
31.703482 0.041652
31.745173 0.041690
31.786779 0.041607
31.828513 0.041734
31.870170 0.041657
31.911798 0.041628
31.953502 0.041704
31.995152 0.041650
32.036843 0.041691
32.078483 0.041640
32.120143 0.041660
32.161845 0.041702
32.203508 0.041663
32.245151 0.041644
32.286844 0.041692
32.328507 0.041663
32.370150 0.041643
32.411821 0.041671
32.453471 0.041650
32.495143 0.041671
32.536841 0.041699
32.578500 0.041658
32.620170 0.041670
32.661832 0.041662
32.703508 0.041675
32.745153 0.041646
32.786796 0.041643
32.828512 0.041716
32.870163 0.041651
32.911831 0.041668
32.953499 0.041667
32.995153 0.041655
33.036843 0.041690
33.078500 0.041657
33.120150 0.041649
33.161846 0.041696
33.203438 0.041593
33.245148 0.041709
33.286845 0.041697
33.328497 0.041653
33.370143 0.041646
33.411821 0.041678
33.453509 0.041687
33.495150 0.041641
33.536832 0.041682
33.578496 0.041664
33.620173 0.041678
33.661841 0.041668
33.703497 0.041656
33.745169 0.041672
33.786829 0.041660
33.828508 0.041678
33.870154 0.041646
33.911771 0.041617
33.953512 0.041741
33.995149 0.041637
34.036844 0.041696
34.078495 0.041651
34.120174 0.041679
34.161827 0.041654
34.203496 0.041669
34.245179 0.041682
34.286837 0.041658
34.328494 0.041657
34.370188 0.041694
34.411827 0.041639
34.453513 0.041686
34.495182 0.041670
34.536846 0.041663
34.578498 0.041652
34.620154 0.041656
34.661842 0.041688
34.703497 0.041655
34.745170 0.041672
34.786826 0.041656
34.828510 0.041684
34.870136 0.041626
34.911826 0.041690
34.953513 0.041687
34.995150 0.041637
35.036845 0.041695
35.078496 0.041651
35.120187 0.041691
35.161841 0.041654
35.203512 0.041671
35.245150 0.041637
35.286813 0.041664
35.328493 0.041680
35.370154 0.041661
35.411794 0.041641
35.453512 0.041717
35.495149 0.041637
35.536829 0.041680
35.578495 0.041666
35.620174 0.041679
35.661817 0.041643
35.703488 0.041672
35.745150 0.041661
35.786834 0.041684
35.828505 0.041672
35.870153 0.041648
35.911827 0.041673
35.953508 0.041681
35.995146 0.041638
36.036841 0.041695
36.078515 0.041674
36.120160 0.041645
36.161843 0.041683
36.203495 0.041651
36.245143 0.041648
36.286794 0.041652
36.328496 0.041701
36.370169 0.041673
36.411842 0.041674
36.453493 0.041651
36.495176 0.041682
36.536827 0.041651
36.578518 0.041691
36.620150 0.041633
36.661845 0.041695
36.703494 0.041648
36.745181 0.041688
36.786817 0.041635
36.828512 0.041695
36.870149 0.041637
36.911827 0.041678
36.953513 0.041686
36.995171 0.041658
37.036829 0.041658
37.078512 0.041683
37.120153 0.041641
37.161841 0.041689
37.203497 0.041656
37.245151 0.041654
37.286811 0.041660
37.328494 0.041683
37.370169 0.041675
37.411838 0.041669
37.453497 0.041659
37.495146 0.041649
37.536829 0.041683
37.578497 0.041667
37.620170 0.041673
37.661828 0.041658
37.703509 0.041681
37.745152 0.041643
37.786819 0.041667
37.828510 0.041691
37.870180 0.041670
37.911830 0.041650
37.953509 0.041679
37.995185 0.041677
38.036837 0.041651
38.078467 0.041631
38.120184 0.041717
38.161829 0.041645
38.203494 0.041665
38.245135 0.041641
38.286795 0.041660
38.328461 0.041666
38.370136 0.041675
38.411828 0.041692
38.453511 0.041683
38.495150 0.041639
38.536827 0.041677
38.578498 0.041671
38.620173 0.041674
38.661829 0.041656
38.703497 0.041668
38.745143 0.041647
38.786831 0.041688
38.828511 0.041680
38.870152 0.041642
38.911827 0.041675
38.953510 0.041683
38.995124 0.041614
39.036811 0.041687
39.078460 0.041649
39.120147 0.041688
39.161842 0.041695
39.203498 0.041656
39.245183 0.041685
39.286814 0.041631
39.328493 0.041679
39.370173 0.041680
39.411826 0.041652
39.453515 0.041689
39.495134 0.041619
39.536845 0.041711
39.578512 0.041667
39.620153 0.041642
39.661831 0.041678
39.703500 0.041669
39.745170 0.041670
39.786820 0.041650
39.828507 0.041687
39.870127 0.041619
39.911830 0.041703
39.953513 0.041684
39.995149 0.041635
40.036845 0.041696
40.078498 0.041653
40.120153 0.041654
40.161842 0.041689
40.203493 0.041651
40.245152 0.041659
40.286838 0.041686
40.328497 0.041659
40.370169 0.041672
40.411826 0.041656
40.453505 0.041680
40.495155 0.041650
40.536829 0.041673
40.578499 0.041670
40.620171 0.041672
40.661831 0.041659
40.703509 0.041678
40.745153 0.041645
40.786826 0.041673
40.828516 0.041690
40.870135 0.041619
40.911769 0.041634
40.953498 0.041729
40.995151 0.041653
41.036840 0.041689
41.078498 0.041657
41.120152 0.041654
41.161845 0.041694
41.203506 0.041661
41.245182 0.041676
41.286826 0.041644
41.328511 0.041685
41.370171 0.041659
41.411820 0.041649
41.453497 0.041677
41.495170 0.041672
41.536797 0.041627
41.578465 0.041669
41.620146 0.041680
41.661777 0.041632
41.703496 0.041719
41.745124 0.041629
41.786829 0.041705
41.828494 0.041665
41.870139 0.041645
41.911772 0.041633
41.953495 0.041723
41.995150 0.041655
42.036846 0.041696
42.078512 0.041665
42.120149 0.041637
42.161801 0.041652
42.203462 0.041661
42.245123 0.041661
42.286793 0.041670
42.328463 0.041670
42.370151 0.041688
42.411795 0.041644
42.453463 0.041668
42.495126 0.041663
42.536799 0.041673
42.578466 0.041667
42.620172 0.041705
42.661796 0.041624
42.703463 0.041667
42.745123 0.041661
42.786795 0.041672
42.828493 0.041697
42.870149 0.041657
42.911796 0.041646
42.953465 0.041669
42.995148 0.041683
43.036799 0.041651
43.078493 0.041694
43.120151 0.041657
43.161796 0.041645
43.203494 0.041698
43.245128 0.041634
43.286831 0.041703
43.328463 0.041632
43.370156 0.041694
43.411825 0.041669
43.453493 0.041669
43.495126 0.041633
43.536819 0.041692
43.578493 0.041675
43.620112 0.041618
43.661785 0.041673
43.703466 0.041682
43.745148 0.041682
43.786832 0.041684
43.828463 0.041631
43.870128 0.041665
43.911825 0.041697
43.953494 0.041669
43.995150 0.041656
44.036826 0.041675
44.078465 0.041639
44.120148 0.041683
44.161778 0.041630
44.203498 0.041720
44.245149 0.041651
44.286797 0.041649
44.328495 0.041697
44.370148 0.041653
44.411827 0.041679
44.453493 0.041666
44.495126 0.041633
44.536776 0.041650
44.578502 0.041726
44.620149 0.041647
44.661799 0.041649
44.703464 0.041665
44.745167 0.041703
44.786817 0.041650
44.828494 0.041677
44.870150 0.041656
44.911831 0.041681
44.953501 0.041670
44.995151 0.041650
45.036825 0.041674
45.078451 0.041626
45.120142 0.041691
45.161796 0.041654
45.203494 0.041698
45.245151 0.041657
45.286825 0.041674
45.328498 0.041673
45.370149 0.041652
45.411829 0.041680
45.453463 0.041634
45.495123 0.041660
45.536771 0.041648
45.578463 0.041692
45.620148 0.041685
45.661829 0.041681
45.703499 0.041670
45.745152 0.041653
45.786798 0.041646
45.828491 0.041694
45.870150 0.041658
45.911845 0.041695
45.953493 0.041648
45.995140 0.041647
46.036825 0.041685
46.078488 0.041663
46.120126 0.041638
46.161801 0.041675
46.203461 0.041660
46.245153 0.041691
46.286816 0.041664
46.328463 0.041647
46.370124 0.041660
46.411803 0.041679
46.453461 0.041658
46.495133 0.041672
46.536818 0.041684
46.578512 0.041695
46.620127 0.041614
46.661796 0.041669
46.703497 0.041701
46.745167 0.041670
46.786799 0.041632
46.828456 0.041657
46.870150 0.041694
46.911847 0.041697
46.953459 0.041613
46.995115 0.041656
47.036836 0.041721
47.078495 0.041659
47.120148 0.041654
47.161826 0.041678
47.203491 0.041664
47.245149 0.041658
47.286828 0.041679
47.328495 0.041668
47.370129 0.041634
47.411776 0.041647
47.453447 0.041672
47.495148 0.041701
47.536790 0.041642
47.578498 0.041708
47.620125 0.041626
47.661828 0.041703
47.703494 0.041666
47.745124 0.041630
47.786830 0.041707
47.828493 0.041662
47.870149 0.041656
47.911796 0.041647
47.953494 0.041698
47.995169 0.041676
48.036825 0.041656
48.078497 0.041672
48.120123 0.041626
48.161806 0.041683
48.203493 0.041687
48.245128 0.041635
48.286797 0.041669
48.328468 0.041671
48.370149 0.041681
48.411818 0.041669
48.453493 0.041675
48.495150 0.041657
48.536796 0.041645
48.578465 0.041669
48.620121 0.041656
48.661781 0.041660
48.703444 0.041663
48.745163 0.041718
48.786828 0.041666
48.828492 0.041664
48.870123 0.041631
48.911796 0.041672
48.953463 0.041667
48.995124 0.041661
49.036825 0.041702
49.078485 0.041659
49.120148 0.041663
49.161830 0.041682
49.203463 0.041633
49.245126 0.041663
49.286817 0.041691
49.328496 0.041679
49.370123 0.041627
49.411798 0.041675
49.453492 0.041694
49.495149 0.041657
49.536833 0.041684
49.578495 0.041662
49.620124 0.041629
49.661826 0.041703
49.703493 0.041667
49.745124 0.041631
49.786825 0.041701
49.828497 0.041671
49.870148 0.041651
49.911797 0.041650
49.953444 0.041647
49.995114 0.041670
50.036795 0.041681
50.078463 0.041669
50.120136 0.041673
50.161831 0.041695
50.203493 0.041662
50.245153 0.041660
50.286795 0.041642
50.328496 0.041700
50.370109 0.041614
50.411802 0.041693
50.453493 0.041691
50.495110 0.041617
50.536799 0.041688
50.578480 0.041682
50.620166 0.041686
50.661800 0.041634
50.703494 0.041694
50.745128 0.041634
50.786825 0.041697
50.828496 0.041671
50.870126 0.041630
50.911830 0.041704
50.953475 0.041645
50.995170 0.041695
51.036829 0.041660
51.078499 0.041670
51.120149 0.041650
51.161847 0.041698
51.203492 0.041645
51.245150 0.041658
51.286826 0.041675
51.328464 0.041639
51.370109 0.041645
51.411819 0.041709
51.453493 0.041674
51.495125 0.041632
51.536825 0.041701
51.578495 0.041670
51.620123 0.041628
51.661795 0.041672
51.703493 0.041697
51.745114 0.041622
51.786832 0.041718
51.828498 0.041666
51.870149 0.041651
51.911798 0.041648
51.953462 0.041665
51.995125 0.041663
52.036826 0.041701
52.078464 0.041639
52.120123 0.041659
52.161829 0.041706
52.203493 0.041664
52.245152 0.041659
52.286795 0.041644
52.328491 0.041696
52.370148 0.041656
52.411835 0.041687
52.453466 0.041631
52.495153 0.041687
52.536802 0.041649
52.578469 0.041667
52.620124 0.041655
52.661835 0.041712
52.703498 0.041662
52.745152 0.041655
52.786847 0.041695
52.828467 0.041620
52.870124 0.041657
52.911800 0.041677
52.953496 0.041695
52.995150 0.041654
53.036844 0.041695
53.078496 0.041652
53.120123 0.041627
53.161797 0.041674
53.203493 0.041696
53.245147 0.041655
53.286828 0.041680
53.328481 0.041653
53.370127 0.041646
53.411789 0.041663
53.453498 0.041709
53.495150 0.041652
53.536829 0.041679
53.578495 0.041666
53.620148 0.041653
53.661826 0.041678
53.703496 0.041669
53.745126 0.041630
53.786797 0.041671
53.828466 0.041669
53.870148 0.041682
53.911856 0.041707
53.953463 0.041607
53.995125 0.041662
54.036826 0.041701
54.078467 0.041640
54.120124 0.041658
54.161847 0.041722
54.203460 0.041614
54.245161 0.041700
54.286793 0.041632
54.328440 0.041647
54.370148 0.041708
54.411799 0.041651
54.453463 0.041664
54.495114 0.041651
54.536826 0.041712
54.578460 0.041634
54.620126 0.041666
54.661828 0.041703
54.703462 0.041634
54.745149 0.041688
54.786796 0.041646
54.828461 0.041665
54.870107 0.041646
54.911829 0.041722
54.953503 0.041674
54.995169 0.041666
55.036842 0.041674
55.078482 0.041640
55.120147 0.041664
55.161842 0.041695
55.203479 0.041637
55.245149 0.041669
55.286812 0.041663
55.328494 0.041682
55.370126 0.041632
55.411827 0.041701
55.453469 0.041642
55.495166 0.041697
55.536829 0.041664
55.578511 0.041682
55.620160 0.041648
55.661831 0.041671
55.703495 0.041664
55.745169 0.041673
55.786799 0.041630
55.828498 0.041699
55.870150 0.041652
55.911831 0.041681
55.953491 0.041659
55.995124 0.041634
56.036833 0.041709
56.078513 0.041680
56.120150 0.041637
56.161842 0.041692
56.203497 0.041655
56.245154 0.041657
56.286849 0.041695
56.328497 0.041648
56.370175 0.041678
56.411770 0.041595
56.453511 0.041741
56.495149 0.041638
56.536831 0.041682
56.578496 0.041665
56.620152 0.041656
56.661844 0.041692
56.703486 0.041642
56.745168 0.041681
56.786831 0.041664
56.828496 0.041665
56.870178 0.041682
56.911843 0.041666
56.953498 0.041654
56.995168 0.041671
57.036833 0.041664
57.078503 0.041671
57.120162 0.041658
57.161841 0.041680
57.203504 0.041662
57.245147 0.041643
57.286797 0.041650
57.328495 0.041697
57.370170 0.041676
57.411799 0.041629
57.453518 0.041719
57.495149 0.041631
57.536834 0.041685
57.578495 0.041661
57.620152 0.041656
57.661832 0.041680
57.703493 0.041662
57.745168 0.041675
57.786831 0.041662
57.828498 0.041667
57.870133 0.041635
57.911842 0.041709
57.953469 0.041627
57.995180 0.041711
58.036831 0.041651
58.078501 0.041670
58.120163 0.041662
58.161827 0.041664
58.203513 0.041687
58.245171 0.041658
58.286831 0.041660
58.328498 0.041667
58.370185 0.041686
58.411832 0.041647
58.453519 0.041687
58.495155 0.041636
58.536838 0.041683
58.578500 0.041662
58.620170 0.041670
58.661795 0.041625
58.703513 0.041718
58.745122 0.041609
58.786848 0.041725
58.828462 0.041614
58.870159 0.041697
58.911796 0.041637
58.953496 0.041700
58.995121 0.041625
59.036835 0.041714
59.078496 0.041661
59.120172 0.041676
59.161826 0.041654
59.203495 0.041669
59.245148 0.041653
59.286801 0.041653
59.328447 0.041646
59.370151 0.041704
59.411805 0.041654
59.453476 0.041672
59.495144 0.041668
59.536811 0.041667
59.578474 0.041663
59.622160 0.043687
59.661812 0.039652
59.703479 0.041668
59.745141 0.041661
59.786808 0.041667
59.828471 0.041663
59.870148 0.041677
59.923754 0.053606
59.953484 0.029730
59.995146 0.041662
60.036813 0.041667
60.078471 0.041659
60.120146 0.041675
60.161805 0.041659
60.203479 0.041674
60.245141 0.041662
60.286810 0.041669
60.328471 0.041661
60.370143 0.041672
60.411907 0.041763
60.453474 0.041568
60.495138 0.041664
60.536818 0.041681
60.578473 0.041655
60.620094 0.041620
60.661813 0.041719
60.703471 0.041659
60.745092 0.041621
60.786807 0.041715
60.828473 0.041667
60.870138 0.041665
60.911812 0.041674
60.953471 0.041659
60.995143 0.041672
61.036803 0.041660
61.078479 0.041676
61.120139 0.041660
61.161808 0.041670
61.203473 0.041664
61.245141 0.041669
61.286809 0.041667
61.328475 0.041666
61.370140 0.041665
61.411808 0.041668
61.453473 0.041665
61.495143 0.041670
61.536804 0.041661
61.578479 0.041675
61.620138 0.041660
61.661809 0.041671
61.703474 0.041665
61.745141 0.041667
61.786807 0.041666
61.828476 0.041668
61.870144 0.041668
61.911810 0.041666
61.953480 0.041670
61.995138 0.041658
62.036808 0.041670
62.078470 0.041663
62.120143 0.041673
62.161804 0.041661
62.203476 0.041672
62.245138 0.041662
62.286811 0.041673
62.328473 0.041662
62.370140 0.041667
62.411804 0.041664
62.453475 0.041671
62.495139 0.041664
62.536808 0.041669
62.578473 0.041665
62.620140 0.041667
62.661804 0.041664
62.703477 0.041673
62.745143 0.041666
62.786808 0.041664
62.828471 0.041663
62.870137 0.041666
62.911807 0.041671
62.953474 0.041667
62.995139 0.041664
63.036804 0.041665
63.078471 0.041668
63.120138 0.041666
63.161805 0.041668
63.203476 0.041670
63.245139 0.041663
63.286805 0.041666
63.328477 0.041672
63.370141 0.041664
63.411812 0.041671
63.453473 0.041661
63.495143 0.041670
63.536806 0.041664
63.578472 0.041665
63.620140 0.041668
63.661808 0.041668
63.703474 0.041665
63.745138 0.041664
63.786814 0.041676
63.828471 0.041657
63.870143 0.041672
63.911808 0.041664
63.953472 0.041664
63.995142 0.041670
64.036807 0.041666
64.078474 0.041667
64.120147 0.041672
64.161804 0.041657
64.203479 0.041675
64.245138 0.041659
64.286813 0.041675
64.328471 0.041658
64.370143 0.041673
64.411807 0.041663
64.453477 0.041670
64.495137 0.041660
64.536814 0.041677
64.578473 0.041660
64.620139 0.041666
64.661804 0.041665
64.703473 0.041669
64.745137 0.041664
64.788545 0.043408
64.828474 0.039929
64.870142 0.041668
64.911805 0.041663
64.953480 0.041675
64.995137 0.041657
65.036809 0.041671
65.078471 0.041663
65.120144 0.041672
65.161804 0.041661
65.203476 0.041672
65.245137 0.041661
65.286813 0.041676
65.328471 0.041658
65.370141 0.041671
65.411805 0.041664
65.453477 0.041672
65.495139 0.041661
65.536809 0.041670
65.578471 0.041662
65.620142 0.041671
65.661804 0.041663
65.703478 0.041674
65.745138 0.041659
65.786811 0.041673
65.828472 0.041661
65.870144 0.041672
65.911804 0.041660
65.953476 0.041672
65.995141 0.041665
66.036810 0.041669
66.078474 0.041664
66.120142 0.041668
66.161804 0.041662
66.203478 0.041674
66.245138 0.041660
66.286811 0.041673
66.328474 0.041663
66.370143 0.041669
66.411806 0.041663
66.453476 0.041670
66.495138 0.041663
66.536808 0.041670
66.578471 0.041663
66.620141 0.041670
66.661807 0.041666
66.703477 0.041670
66.745138 0.041662
66.786813 0.041675
66.828471 0.041658
66.870147 0.041675
66.911804 0.041657
66.953477 0.041673
66.995143 0.041667
67.036807 0.041664
67.078474 0.041666
67.120140 0.041667
67.161805 0.041665
67.203476 0.041671
67.245138 0.041662
67.286808 0.041670
67.328471 0.041664
67.370146 0.041674
67.411805 0.041659
67.453478 0.041673
67.495139 0.041661
67.536809 0.041669
67.578471 0.041663
67.620143 0.041672
67.661804 0.041661
67.703477 0.041673
67.745137 0.041660
67.786815 0.041677
67.828472 0.041657
67.870146 0.041675
67.911806 0.041660
67.953476 0.041670
67.995138 0.041662
68.036808 0.041670
68.078473 0.041665
68.120141 0.041668
68.161806 0.041665
68.203471 0.041665
68.245850 0.042379
68.286808 0.040958
68.328471 0.041663
68.370138 0.041668
68.411806 0.041667
68.453475 0.041669
68.495149 0.041674
68.536806 0.041657
68.578471 0.041665
68.620140 0.041669
68.661804 0.041664
68.703480 0.041676
68.745138 0.041658
68.786809 0.041671
68.828476 0.041667
68.870138 0.041662
68.911809 0.041671
68.953474 0.041665
68.995138 0.041664
69.036804 0.041666
69.078474 0.041670
69.120141 0.041667
69.161805 0.041665
69.203472 0.041667
69.245145 0.041673
69.286807 0.041662
69.328473 0.041666
69.370138 0.041665
69.411807 0.041669
69.453471 0.041664
69.495138 0.041668
69.536804 0.041666
69.578474 0.041670
69.620142 0.041668
69.661814 0.041673
69.703474 0.041659
69.745140 0.041667
69.786804 0.041664
69.828472 0.041668
69.870138 0.041665
69.911809 0.041671
69.953474 0.041666
69.995140 0.041666
70.036805 0.041665
70.078476 0.041671
70.120137 0.041662
70.161805 0.041668
70.203471 0.041666
70.245143 0.041671
70.286810 0.041667
70.328474 0.041664
70.370139 0.041665
70.411804 0.041665
70.453480 0.041676
70.495141 0.041661
70.536806 0.041665
70.578474 0.041667
70.620138 0.041664
70.661813 0.041675
70.703471 0.041659
70.745146 0.041675
70.786804 0.041658
70.828476 0.041672
70.870139 0.041663
70.911809 0.041671
70.953471 0.041662
70.995139 0.041668
71.036804 0.041665
71.078479 0.041675
71.120139 0.041660
71.161812 0.041674
71.203472 0.041659
71.245140 0.041668
71.286809 0.041669
71.328472 0.041663
71.370138 0.041666
71.411804 0.041667
71.453471 0.041667
71.495142 0.041671
71.536806 0.041664
71.578475 0.041669
71.620139 0.041664
71.661807 0.041667
71.703472 0.041666
71.745139 0.041666
71.786806 0.041667
71.828475 0.041669
71.870138 0.041663
71.911809 0.041671
71.953471 0.041662
71.995139 0.041667
72.036805 0.041667
72.078476 0.041671
72.120088 0.041612
72.161806 0.041719
72.203472 0.041665
72.245144 0.041673
72.286804 0.041660
72.328471 0.041667
72.370137 0.041666
72.411808 0.041671
72.453470 0.041662
72.495138 0.041668
72.536810 0.041672
72.578473 0.041663
72.620140 0.041667
72.661805 0.041665
72.703475 0.041671
72.745087 0.041612
72.786807 0.041720
72.828472 0.041665
72.870143 0.041671
72.911807 0.041663
72.953473 0.041666
72.995138 0.041664
73.036806 0.041669
73.078474 0.041668
73.120143 0.041669
73.161805 0.041661
73.203474 0.041669
73.245092 0.041619
73.286813 0.041720
73.328471 0.041659
73.370142 0.041671
73.411809 0.041667
73.453475 0.041666
73.495169 0.041694
73.536807 0.041638
73.578471 0.041664
73.620142 0.041672
73.661804 0.041661
73.703473 0.041669
73.745138 0.041665
73.786810 0.041672
73.828471 0.041661
73.870143 0.041672
73.911806 0.041663
73.953477 0.041671
73.995138 0.041661
74.036813 0.041674
74.078472 0.041660
74.120147 0.041675
74.161804 0.041657
74.203479 0.041675
74.245137 0.041658
74.286809 0.041672
74.328470 0.041662
74.370142 0.041672
74.411805 0.041662
74.453475 0.041670
74.495138 0.041663
74.536813 0.041675
74.578470 0.041658
74.620143 0.041673
74.661804 0.041661
74.703481 0.041677
74.745138 0.041657
74.786805 0.041666
74.828476 0.041671
74.870138 0.041662
74.911808 0.041670
74.953470 0.041663
74.995143 0.041673
75.036804 0.041661
75.078472 0.041668
75.120138 0.041666
75.161809 0.041670
75.203471 0.041663
75.245089 0.041618
75.286804 0.041715
75.328477 0.041672
75.370137 0.041661
75.411805 0.041668
75.453471 0.041666
75.495141 0.041671
75.536805 0.041663
75.578473 0.041668
75.620138 0.041665
75.661809 0.041671
75.703471 0.041662
75.745088 0.041617
75.786807 0.041719
75.828470 0.041663
75.870140 0.041669
75.911807 0.041668
75.953471 0.041664
75.995142 0.041671
76.036806 0.041664
76.078475 0.041670
76.120141 0.041666
76.161815 0.041674
76.203478 0.041664
76.245138 0.041660
76.286808 0.041670
76.328472 0.041664
76.370137 0.041666
76.411808 0.041670
76.453472 0.041664
76.495139 0.041667
76.536804 0.041665
76.578474 0.041670
76.620140 0.041666
76.661809 0.041669
76.703472 0.041662
76.745141 0.041669
76.786810 0.041669
76.828475 0.041665
76.870138 0.041662
76.911806 0.041668
76.953476 0.041670
76.995140 0.041665
77.036804 0.041664
77.078471 0.041667
77.120146 0.041675
77.161804 0.041658
77.203474 0.041670
77.245139 0.041665
77.286812 0.041673
77.328471 0.041659
77.370142 0.041671
77.411805 0.041662
77.453481 0.041676
77.495138 0.041657
77.536810 0.041672
77.578470 0.041661
77.620141 0.041670
77.661807 0.041666
77.703475 0.041668
77.745138 0.041663
77.786808 0.041670
77.828472 0.041664
77.870138 0.041666
77.911810 0.041672
77.953467 0.041657
77.995143 0.041675
78.036805 0.041662
78.078476 0.041671
78.120138 0.041662
78.161809 0.041672
78.203472 0.041663
78.245093 0.041621
78.286803 0.041710
78.328479 0.041676
78.370137 0.041658
78.411811 0.041674
78.453471 0.041660
78.495147 0.041676
78.536808 0.041661
78.578474 0.041666
78.620142 0.041669
78.661806 0.041664
78.703472 0.041665
78.745137 0.041666
78.786811 0.041674
78.828471 0.041659
78.870138 0.041668
78.911807 0.041669
78.953477 0.041669
78.995141 0.041664
79.036805 0.041665
79.078474 0.041669
79.120148 0.041674
79.161810 0.041662
79.203474 0.041664
79.245152 0.041678
79.286808 0.041655
79.328474 0.041666
79.388917 0.060443
79.411810 0.022893
79.455809 0.043999
79.496822 0.041013
79.536807 0.039985
79.591421 0.054614
79.653029 0.061608
79.703469 0.050440
79.745100 0.041632
79.786807 0.041707
79.828474 0.041667
79.870142 0.041668
79.911812 0.041670
79.953473 0.041661
79.995087 0.041615
80.036808 0.041720
80.078472 0.041664
80.120138 0.041667
80.161805 0.041667
80.203481 0.041676
80.245140 0.041658
80.286809 0.041669
80.328471 0.041662
80.370144 0.041673
80.411803 0.041659
80.453470 0.041667
80.495145 0.041675
80.539781 0.044636
80.578478 0.038697
80.620138 0.041659
80.661813 0.041675
80.703473 0.041661
80.745143 0.041669
80.786806 0.041664
80.828478 0.041671
80.870138 0.041660
80.911812 0.041674
80.956228 0.044416
80.995138 0.038910
81.036803 0.041665
81.078473 0.041669
81.120141 0.041669
81.161806 0.041664
81.203482 0.041676
81.245140 0.041658
81.286808 0.041668
81.328470 0.041662
81.370146 0.041676
81.411804 0.041659
81.453475 0.041671
81.495137 0.041662
81.536806 0.041669
81.578473 0.041667
81.620141 0.041668
81.661806 0.041665
81.703472 0.041666
81.745139 0.041667
81.786810 0.041671
81.828479 0.041669
81.870140 0.041661
81.911805 0.041665
81.953474 0.041668
81.995138 0.041664
82.036807 0.041670
82.078471 0.041663
82.120137 0.041667
82.161805 0.041668
82.203471 0.041666
82.245138 0.041667
82.286807 0.041669
82.328478 0.041671
82.370138 0.041660
82.411806 0.041669
82.453470 0.041664
82.495142 0.041672
82.536804 0.041661
82.578476 0.041672
82.620139 0.041663
82.661808 0.041669
82.703475 0.041666
82.745145 0.041670
82.786807 0.041662
82.828473 0.041666
82.870138 0.041665
82.911809 0.041671
82.953470 0.041661
82.995141 0.041670
83.036808 0.041667
83.078476 0.041668
83.120146 0.041671
83.163337 0.043191
83.203476 0.040139
83.245141 0.041664
83.286805 0.041664
83.328474 0.041669
83.370139 0.041665
83.414665 0.044525
83.453477 0.038812
83.495141 0.041664
83.536809 0.041668
83.578473 0.041665
83.620141 0.041668
83.661808 0.041666
83.703475 0.041667
83.745137 0.041663
83.786810 0.041673
83.828470 0.041660
83.870141 0.041671
83.911804 0.041663
83.953477 0.041673
83.995137 0.041660
84.036812 0.041675
84.078471 0.041659
84.120093 0.041622
84.161808 0.041715
84.203475 0.041668
84.245092 0.041617
84.286809 0.041718
84.328475 0.041666
84.370142 0.041666
84.411806 0.041665
84.453472 0.041665
84.495137 0.041666
84.536805 0.041668
84.578471 0.041666
84.620142 0.041671
84.661804 0.041662
84.703475 0.041671
84.745138 0.041663
84.786815 0.041677
84.828471 0.041656
84.870143 0.041672
84.911804 0.041661
84.953472 0.041667
84.995136 0.041665
85.036810 0.041673
85.078471 0.041661
85.120140 0.041670
85.161805 0.041664
85.203480 0.041675
85.245139 0.041660
85.286813 0.041674
85.328471 0.041658
85.370145 0.041674
85.411805 0.041660
85.453480 0.041676
85.495138 0.041658
85.536807 0.041669
85.578474 0.041666
85.620141 0.041668
85.661805 0.041663
85.703475 0.041671
85.745141 0.041665
85.786808 0.041668
85.828420 0.041612
85.870146 0.041725
85.911807 0.041661
85.953472 0.041665
85.995088 0.041616
86.036810 0.041722
86.078471 0.041661
86.120153 0.041683
86.161804 0.041651
86.203480 0.041675
86.245144 0.041664
86.286804 0.041660
86.328476 0.041672
86.370137 0.041661
86.411812 0.041675
86.453472 0.041660
86.497289 0.043817
86.536805 0.039516
86.578479 0.041675
86.620088 0.041608
86.661806 0.041718
86.703471 0.041665
86.745146 0.041675
86.786804 0.041658
86.831873 0.045069
86.870088 0.038215
86.911807 0.041719
86.953474 0.041667
86.995141 0.041667
87.036806 0.041665
87.078485 0.041679
87.120137 0.041652
87.161806 0.041669
87.203470 0.041664
87.245139 0.041668
87.286807 0.041668
87.328479 0.041672
87.370138 0.041659
87.411806 0.041668
87.453471 0.041665
87.495093 0.041622
87.536805 0.041712
87.578475 0.041670
87.620138 0.041663
87.661812 0.041675
87.703470 0.041658
87.745141 0.041670
87.786804 0.041663
87.828478 0.041674
87.870138 0.041660
87.911807 0.041669
87.953470 0.041663
87.995141 0.041670
88.036806 0.041666
88.078473 0.041667
88.120138 0.041665
88.161812 0.041673
88.203473 0.041661
88.245138 0.041665
88.286807 0.041669
88.328477 0.041670
88.370140 0.041663
88.411808 0.041668
88.453475 0.041667
88.495139 0.041664
88.536807 0.041667
88.578473 0.041666
88.620145 0.041672
88.661806 0.041662
88.703472 0.041666
88.755663 0.052191
88.786807 0.031145
88.828476 0.041669
88.870138 0.041662
88.911812 0.041674
88.953473 0.041661
88.995143 0.041670
89.036807 0.041664
89.078477 0.041670
89.120087 0.041610
89.161812 0.041725
89.203474 0.041662
89.245146 0.041673
89.286803 0.041657
89.328477 0.041674
89.370141 0.041664
89.411810 0.041669
89.453471 0.041661
89.495092 0.041621
89.536808 0.041716
89.578478 0.041670
89.620138 0.041660
89.661809 0.041672
89.703472 0.041663
89.745143 0.041671
89.786804 0.041661
89.828475 0.041671
89.870140 0.041665
89.911814 0.041674
89.956766 0.044952
89.995144 0.038379
90.036805 0.041660
90.078479 0.041675
90.120140 0.041661
90.161808 0.041668
90.203473 0.041665
90.245145 0.041672
90.286807 0.041661
90.328428 0.041621
90.370141 0.041713
90.411804 0.041663
90.453481 0.041677
90.495140 0.041660
90.536809 0.041669
90.578479 0.041670
90.620138 0.041658
90.661808 0.041670
90.703478 0.041671
90.745142 0.041663
90.794608 0.049466
90.828474 0.033866
90.870140 0.041666
90.911804 0.041664
90.953481 0.041677
90.995091 0.041611
91.036812 0.041721
91.078474 0.041662
91.120087 0.041612
91.161808 0.041721
91.203473 0.041665
91.245140 0.041668
91.286805 0.041664
91.328478 0.041673
91.370137 0.041659
91.411808 0.041671
91.453473 0.041666
91.495140 0.041667
91.536805 0.041665
91.578473 0.041668
91.620138 0.041665
91.661807 0.041669
91.703471 0.041665
91.745139 0.041668
91.786805 0.041666
91.828471 0.041666
91.870137 0.041667
91.911806 0.041668
91.953472 0.041666
91.995087 0.041615
92.036807 0.041720
92.078472 0.041665
92.120141 0.041669
92.161804 0.041663
92.203476 0.041673
92.245137 0.041661
92.286807 0.041670
92.328470 0.041664
92.370142 0.041672
92.411807 0.041665
92.453475 0.041668
92.495088 0.041613
92.536808 0.041721
92.578470 0.041662
92.620141 0.041671
92.661804 0.041663
92.703474 0.041670
92.745138 0.041663
92.786806 0.041668
92.828471 0.041666
92.870139 0.041668
92.911809 0.041670
92.953472 0.041663
92.995141 0.041668
93.036807 0.041666
93.078477 0.041670
93.120137 0.041660
93.161808 0.041671
93.203473 0.041664
93.245094 0.041621
93.286803 0.041709
93.328475 0.041672
93.370140 0.041665
93.411809 0.041669
93.453473 0.041664
93.495097 0.041624
93.536813 0.041715
93.578472 0.041659
93.620143 0.041671
93.661805 0.041662
93.703475 0.041670
93.745138 0.041663
93.786807 0.041670
93.828471 0.041664
93.870140 0.041669
93.911812 0.041672
93.953474 0.041662
93.995088 0.041614
94.042932 0.047844
94.078477 0.035545
94.120088 0.041611
94.161804 0.041716
94.203474 0.041669
94.245143 0.041670
94.286807 0.041664
94.328476 0.041669
94.370138 0.041662
94.411805 0.041667
94.453472 0.041667
94.495143 0.041671
94.543488 0.048345
94.578473 0.034985
94.620089 0.041616
94.661806 0.041717
94.703477 0.041671
94.745148 0.041671
94.786809 0.041661
94.835717 0.048908
94.870144 0.034427
94.911806 0.041662
94.953472 0.041666
94.995143 0.041671
95.036807 0.041664
95.078475 0.041668
95.120137 0.041662
95.161805 0.041668
95.203471 0.041666
95.245141 0.041670
95.286807 0.041666
95.328472 0.041665
95.370141 0.041669
95.411812 0.041672
95.453472 0.041660
95.495142 0.041669
95.536806 0.041664
95.578474 0.041668
95.620139 0.041665
95.661809 0.041670
95.703471 0.041662
95.745091 0.041620
95.786805 0.041714
95.828475 0.041670
95.870138 0.041664
95.911804 0.041665
95.953474 0.041671
95.995137 0.041663
96.036810 0.041673
96.078472 0.041662
96.120139 0.041667
96.161803 0.041664
96.203472 0.041669
96.245145 0.041673
96.286803 0.041658
96.328470 0.041667
96.370146 0.041676
96.411806 0.041659
96.453482 0.041676
96.495137 0.041656
96.536808 0.041671
96.578472 0.041664
96.620148 0.041676
96.661804 0.041656
96.703474 0.041670
96.745142 0.041668
96.786807 0.041665
96.828476 0.041669
96.870145 0.041669
96.911804 0.041658
96.953475 0.041671
96.995140 0.041665
97.036804 0.041664
97.078475 0.041671
97.120136 0.041661
97.161812 0.041676
97.203470 0.041658
97.245145 0.041675
97.286805 0.041660
97.328479 0.041674
97.370093 0.041614
97.411807 0.041714
97.453475 0.041669
97.495147 0.041672
97.536808 0.041661
97.578473 0.041665
97.620093 0.041620
97.661813 0.041720
97.703470 0.041656
97.745143 0.041673
97.786804 0.041661
97.828475 0.041671
97.870139 0.041664
97.911804 0.041666
97.953472 0.041668
97.995137 0.041665
98.036808 0.041671
98.078473 0.041665
98.125779 0.047306
98.161806 0.036027
98.203476 0.041670
98.245088 0.041612
98.286813 0.041725
98.329257 0.042444
98.373084 0.043828
98.411807 0.038722
98.453474 0.041667
98.495139 0.041665
98.536809 0.041670
98.578474 0.041665
98.620144 0.041670
98.661807 0.041663
98.703480 0.041673
98.745142 0.041662
98.786809 0.041667
98.828473 0.041663
98.870147 0.041674
98.911803 0.041656
98.953476 0.041673
98.995098 0.041622
99.036803 0.041706
99.078476 0.041673
99.120141 0.041665
99.161810 0.041668
99.203474 0.041664
99.245092 0.041618
99.286806 0.041714
99.328476 0.041670
99.370140 0.041665
99.411808 0.041668
99.453474 0.041666
99.495143 0.041669
99.536806 0.041663
99.578474 0.041668
99.620141 0.041667
99.661805 0.041664
99.703421 0.041616
99.745143 0.041722
99.786804 0.041661
99.828475 0.041671
99.870137 0.041662
99.911805 0.041668
99.953472 0.041666
99.995141 0.041670
100.036807 0.041666
100.078477 0.041669
100.120137 0.041660
100.161809 0.041672
100.203471 0.041662
100.245137 0.041667
100.286804 0.041666
100.328476 0.041672
100.370139 0.041663
100.411809 0.041670
100.453470 0.041661
100.495139 0.041669
100.536804 0.041665
100.578473 0.041670
100.620137 0.041664
100.661807 0.041670
100.703471 0.041664
100.745142 0.041671
100.786805 0.041663
100.828474 0.041669
100.870090 0.041616
100.911809 0.041719
100.953473 0.041664
100.995143 0.041670
101.036805 0.041662
101.078476 0.041671
101.120137 0.041661
101.161808 0.041671
101.203472 0.041664
101.245143 0.041671
101.286805 0.041662
101.328476 0.041671
101.370138 0.041662
101.411810 0.041672
101.453471 0.041661
101.495142 0.041671
101.536807 0.041664
101.578471 0.041664
101.620096 0.041625
101.661804 0.041708
101.703478 0.041674
101.745138 0.041661
101.786811 0.041673
101.828470 0.041659
101.870140 0.041670
101.911804 0.041664
101.953473 0.041669
101.995137 0.041664
102.036808 0.041670
102.078472 0.041664
102.120141 0.041669
102.161804 0.041663
102.203478 0.041674
102.245087 0.041610
102.286807 0.041720
102.328477 0.041670
102.370137 0.041660
102.411812 0.041675
102.453474 0.041661
102.495095 0.041621
102.536804 0.041709
102.578473 0.041669
102.620141 0.041668
102.661811 0.041670
102.703470 0.041659
102.745147 0.041677
102.786804 0.041657
102.832381 0.045577
102.870146 0.037764
102.911807 0.041662
102.953472 0.041665
102.995141 0.041668
103.036809 0.041669
103.078471 0.041662
103.120142 0.041671
103.161805 0.041663
103.203479 0.041674
103.245140 0.041660
103.286842 0.041702
103.328473 0.041631
103.370139 0.041666
103.411803 0.041664
103.453473 0.041670
103.495141 0.041668
103.536808 0.041667
103.578474 0.041666
103.620147 0.041673
103.661806 0.041659
103.703476 0.041670
103.745140 0.041664
103.786810 0.041670
103.828470 0.041660
103.870140 0.041669
103.911808 0.041668
103.953472 0.041664
103.995140 0.041669
104.036806 0.041666
104.078472 0.041666
104.120142 0.041670
104.161813 0.041671
104.203471 0.041658
104.245146 0.041676
104.286810 0.041663
104.328475 0.041665
104.370146 0.041671
104.411804 0.041658
104.455368 0.043565
104.495138 0.039770
104.536812 0.041674
104.578474 0.041662
104.620138 0.041665
104.661810 0.041672
104.703471 0.041661
104.745138 0.041667
104.786803 0.041666
104.828476 0.041673
104.870138 0.041661
104.911805 0.041668
104.953474 0.041669
104.995139 0.041665
105.036806 0.041667
105.078474 0.041668
105.120137 0.041663
105.161813 0.041676
105.203473 0.041661
105.245142 0.041669
105.287226 0.042084
105.328473 0.041247
105.370142 0.041669
105.411806 0.041665
105.453470 0.041664
105.495141 0.041670
105.536807 0.041666
105.578480 0.041673
105.620140 0.041660
105.661805 0.041666
105.703471 0.041665
105.745140 0.041669
105.786810 0.041669
105.828471 0.041662
105.870142 0.041670
105.912070 0.041929
105.953484 0.041413
105.995141 0.041658
106.036808 0.041666
106.078474 0.041666
106.120140 0.041667
106.161806 0.041666
106.203478 0.041671
106.245088 0.041610
106.286805 0.041717
106.328473 0.041669
106.370140 0.041667
106.411806 0.041666
106.453472 0.041666
106.495141 0.041669
106.536808 0.041666
106.578477 0.041670
106.620138 0.041660
106.661805 0.041667
106.703473 0.041668
106.745137 0.041664
106.786805 0.041668
106.828471 0.041666
106.870145 0.041674
106.911813 0.041668
106.953472 0.041659
106.995140 0.041668
107.036809 0.041668
107.078478 0.041669
107.120087 0.041609
107.161807 0.041720
107.203474 0.041667
107.245140 0.041665
107.286805 0.041666
107.328473 0.041667
107.370144 0.041671
107.411804 0.041661
107.453479 0.041674
107.495139 0.041660
107.536807 0.041668
107.578476 0.041669
107.620137 0.041661
107.661805 0.041668
107.703476 0.041670
107.745139 0.041663
107.786804 0.041665
107.828475 0.041671
107.870139 0.041664
107.911805 0.041666
107.953475 0.041670
107.995137 0.041662
108.036808 0.041671
108.078473 0.041665
108.120145 0.041672
108.161807 0.041662
108.203475 0.041668
108.245141 0.041666
108.286806 0.041665
108.328475 0.041670
108.370138 0.041663
108.411809 0.041671
108.453471 0.041661
108.495144 0.041674
108.536804 0.041660
108.578473 0.041669
108.620138 0.041665
108.661811 0.041673
108.703471 0.041660
108.745139 0.041669
108.786804 0.041665
108.828479 0.041675
108.870137 0.041658
108.911813 0.041676
108.953476 0.041663
108.995090 0.041615
109.036808 0.041717
109.078473 0.041665
109.120142 0.041670
109.161805 0.041663
109.203474 0.041669
109.245136 0.041663
109.286809 0.041673
109.328471 0.041662
109.370090 0.041619
109.411805 0.041715
109.453476 0.041671
109.495138 0.041662
109.536807 0.041669
109.578472 0.041664
109.620141 0.041669
109.661805 0.041665
109.703476 0.041670
109.745137 0.041662
109.786805 0.041668
109.828471 0.041666
109.870141 0.041670
109.911804 0.041663
109.953473 0.041669
109.995140 0.041667
110.036807 0.041667
110.078471 0.041664
110.120141 0.041669
110.162601 0.042461
110.203479 0.040878
110.245088 0.041608
110.286813 0.041725
110.328471 0.041658
110.370146 0.041675
110.411804 0.041658
110.453972 0.042167
110.495139 0.041167
110.536808 0.041669
110.578471 0.041663
110.620140 0.041669
110.661805 0.041664
110.703476 0.041671
110.745143 0.041667
110.786810 0.041667
110.828471 0.041661
110.870142 0.041671
110.911811 0.041669
110.953476 0.041665
110.995141 0.041664
111.036808 0.041667
111.078473 0.041665
111.120138 0.041665
111.161810 0.041671
111.203473 0.041664
111.245137 0.041664
111.286807 0.041670
111.328470 0.041663
111.370142 0.041671
111.411805 0.041663
111.453474 0.041669
111.495140 0.041667
111.536808 0.041668
111.578476 0.041667
111.620137 0.041661
111.661807 0.041670
111.703472 0.041664
111.745138 0.041667
111.786804 0.041666
111.828473 0.041668
111.870138 0.041666
111.911806 0.041668
111.953471 0.041665
111.995137 0.041666
112.036804 0.041667
112.078471 0.041666
112.120140 0.041669
112.161805 0.041665
112.203474 0.041669
112.245139 0.041666
112.286808 0.041669
112.328472 0.041664
112.370142 0.041670
112.411807 0.041665
112.453482 0.041675
112.495141 0.041659
112.536808 0.041667
112.578475 0.041666
112.620138 0.041663
112.661812 0.041674
112.703470 0.041658
112.745143 0.041672
112.786807 0.041664
112.828472 0.041665
112.870141 0.041669
112.911805 0.041664
112.953474 0.041669
112.995143 0.041669
113.036805 0.041662
113.078476 0.041671
113.120137 0.041662
113.161814 0.041676
113.203471 0.041657
113.245143 0.041672
113.286804 0.041661
113.328476 0.041672
113.370138 0.041663
113.411808 0.041670
113.453471 0.041663
113.495146 0.041675
113.536806 0.041660
113.578479 0.041673
113.620096 0.041617
113.661805 0.041709
113.703472 0.041666
113.745142 0.041671
113.786807 0.041665
113.828476 0.041669
113.870140 0.041664
113.911813 0.041673
113.953471 0.041658
113.995141 0.041670
114.036804 0.041663
114.078475 0.041671
114.120141 0.041666
114.161809 0.041669
114.203476 0.041667
114.245141 0.041664
114.286804 0.041664
114.328477 0.041672
114.370140 0.041663
114.411805 0.041665
114.453471 0.041667
114.495144 0.041673
114.536804 0.041659
114.578472 0.041668
114.620138 0.041666
114.661808 0.041670
114.703475 0.041667
114.745139 0.041664
114.786804 0.041665
114.828477 0.041673
114.870139 0.041662
114.911807 0.041669
114.953470 0.041663
114.995137 0.041667
115.036807 0.041670
115.078471 0.041664
115.120138 0.041667
115.161808 0.041670
115.203476 0.041668
115.245140 0.041665
115.286810 0.041670
115.328474 0.041664
115.370139 0.041664
115.411813 0.041674
115.453477 0.041664
115.495141 0.041664
115.536806 0.041665
115.578473 0.041667
115.620143 0.041670
115.661806 0.041662
115.703472 0.041667
115.745138 0.041666
115.786809 0.041672
115.828474 0.041665
115.870146 0.041671
115.911806 0.041660
115.953476 0.041670
115.995141 0.041665
116.036805 0.041664
116.078472 0.041667
116.120143 0.041671
116.161807 0.041665
116.203473 0.041666
116.245138 0.041665
116.286808 0.041670
116.328474 0.041666
116.370139 0.041665
116.411805 0.041665
116.453475 0.041670
116.495090 0.041615
116.536804 0.041714
116.578472 0.041667
116.620143 0.041671
116.661805 0.041662
116.703481 0.041676
116.745140 0.041659
116.786808 0.041668
116.828481 0.041673
116.870138 0.041657
116.911806 0.041669
116.953475 0.041668
116.995137 0.041663
117.036807 0.041669
117.078477 0.041671
117.120139 0.041662
117.161805 0.041666
117.203470 0.041666
117.245147 0.041677
117.286808 0.041661
117.328470 0.041662
117.370088 0.041619
117.411806 0.041718
117.453474 0.041667
117.495146 0.041673
117.536803 0.041657
117.578474 0.041671
117.622764 0.044290
117.661810 0.039046
117.703473 0.041664
117.745089 0.041615
117.786804 0.041716
117.828472 0.041667
117.870137 0.041665
117.911813 0.041676
117.953474 0.041661
117.995146 0.041672
118.036804 0.041658
118.078479 0.041675
118.120146 0.041667
118.161807 0.041661
118.203474 0.041667
118.245141 0.041666
118.286810 0.041669
118.328471 0.041661
118.370138 0.041667
118.411804 0.041666
118.453475 0.041671
118.495138 0.041663
118.536806 0.041668
118.578471 0.041665
118.620142 0.041671
118.661805 0.041663
118.703472 0.041667
118.745138 0.041666
118.786814 0.041676
118.828473 0.041660
118.870138 0.041665
118.923828 0.053690
118.953479 0.029651
118.995140 0.041661
119.036804 0.041664
119.078479 0.041675
119.120088 0.041609
119.161805 0.041717
119.203474 0.041668
119.245138 0.041664
119.286808 0.041670
119.328475 0.041667
119.370148 0.041673
119.411825 0.041677
119.453509 0.041684
119.495148 0.041639
119.536845 0.041697
119.578481 0.041636
119.620177 0.041696
119.661830 0.041652
119.703510 0.041680
119.745159 0.041649
119.786829 0.041671
119.828521 0.041691
119.870147 0.041626
119.911841 0.041694
119.953493 0.041652
119.995153 0.041660
120.036841 0.041687
120.078506 0.041665
120.120126 0.041620
120.161842 0.041716
120.203510 0.041668
120.245174 0.041664
120.286850 0.041676
120.328508 0.041657
120.370173 0.041665
120.411827 0.041654
120.453507 0.041680
120.495147 0.041640
120.536844 0.041697
120.578473 0.041629
120.620128 0.041654
120.661832 0.041705
120.703514 0.041682
120.745148 0.041633
120.786841 0.041693
120.828493 0.041652
120.870180 0.041687
120.911827 0.041647
120.953472 0.041645
120.995158 0.041687
121.036832 0.041674
121.078473 0.041641
121.120167 0.041694
121.161827 0.041660
121.203513 0.041686
121.245147 0.041634
121.286827 0.041679
121.328494 0.041667
121.370183 0.041690
121.411828 0.041645
121.453509 0.041681
121.495149 0.041640
121.536845 0.041696
121.578498 0.041652
121.620162 0.041664
121.661826 0.041665
121.703477 0.041650
121.745170 0.041694
121.786824 0.041654
121.828509 0.041685
121.870154 0.041645
121.911789 0.041635
121.953493 0.041704
121.995128 0.041635
122.036829 0.041701
122.078499 0.041670
122.120169 0.041670
122.161806 0.041637
122.203509 0.041703
122.245151 0.041643
122.286827 0.041676
122.328497 0.041669
122.370176 0.041679
122.411831 0.041655
122.453509 0.041678
122.495151 0.041643
122.536790 0.041638
122.578498 0.041708
122.620169 0.041672
122.661828 0.041658
122.703494 0.041666
122.745177 0.041683
122.786799 0.041622
122.828450 0.041652
122.870144 0.041694
122.911845 0.041701
122.953493 0.041647
122.995176 0.041683
123.036826 0.041650
123.078498 0.041672
123.120148 0.041650
123.161843 0.041695
123.203471 0.041628
123.245133 0.041662
123.286846 0.041713
123.328493 0.041647
123.370170 0.041677
123.411813 0.041643
123.453502 0.041689
123.495178 0.041676
123.536842 0.041664
123.578439 0.041597
123.620176 0.041737
123.661831 0.041655
123.703443 0.041612
123.745174 0.041731
123.786834 0.041660
123.828502 0.041669
123.870135 0.041632
123.911831 0.041696
123.953497 0.041666
123.995146 0.041649
124.036844 0.041698
124.078467 0.041623
124.120164 0.041697
124.161832 0.041668
124.203498 0.041666
124.245146 0.041648
124.286845 0.041698
124.328495 0.041650
124.370147 0.041653
124.411832 0.041684
124.453493 0.041662
124.495136 0.041643
124.536841 0.041705
124.578481 0.041640
124.620168 0.041687
124.661827 0.041659
124.703493 0.041666
124.745178 0.041685
124.786820 0.041642
124.828512 0.041692
124.870148 0.041636
124.911840 0.041692
124.953494 0.041654
124.995173 0.041679
125.036826 0.041653
125.078515 0.041689
125.120145 0.041630
125.161833 0.041688
125.203494 0.041661
125.245155 0.041661
125.286809 0.041654
125.328495 0.041686
125.370176 0.041681
125.411833 0.041658
125.453502 0.041669
125.495176 0.041674
125.536826 0.041650
125.578501 0.041675
125.620164 0.041663
125.661832 0.041668
125.703493 0.041661
125.745189 0.041696
125.786829 0.041640
125.828509 0.041680
125.870134 0.041625
125.911830 0.041696
125.953493 0.041664
125.995159 0.041665
126.036801 0.041643
126.078496 0.041694
126.120176 0.041681
126.161842 0.041665
126.203491 0.041650
126.245122 0.041631
126.286809 0.041687
126.328472 0.041664
126.370174 0.041702
126.411827 0.041653
126.453497 0.041671
126.495182 0.041685
126.536842 0.041660
126.578510 0.041668
126.620174 0.041664
126.661845 0.041671
126.703502 0.041657
126.745169 0.041668
126.786852 0.041683
126.828501 0.041648
126.870149 0.041649
126.911841 0.041692
126.953499 0.041658
126.995181 0.041682
127.036828 0.041647
127.078511 0.041683
127.120144 0.041633
127.161832 0.041688
127.203494 0.041662
127.245182 0.041688
127.286795 0.041613
127.328499 0.041705
127.370175 0.041676
127.411798 0.041623
127.453508 0.041711
127.495173 0.041664
127.536846 0.041673
127.578497 0.041651
127.620158 0.041661
127.661828 0.041670
127.703501 0.041673
127.745171 0.041670
127.786827 0.041655
127.828508 0.041682
127.870134 0.041626
127.911800 0.041666
127.953477 0.041676
127.995127 0.041650
128.036843 0.041716
128.078496 0.041652
128.120169 0.041673
128.161845 0.041676
128.203495 0.041651
128.245169 0.041674
128.286797 0.041628
128.328498 0.041702
128.370162 0.041663
128.411788 0.041627
128.453512 0.041724
128.495175 0.041663
128.536845 0.041670
128.578511 0.041666
128.620147 0.041635
128.661842 0.041695
128.703476 0.041634
128.745147 0.041671
128.786850 0.041703
128.828495 0.041645
128.870169 0.041674
128.911825 0.041657
128.953511 0.041686
128.995146 0.041635
129.036841 0.041695
129.078495 0.041654
129.120170 0.041675
129.161827 0.041657
129.203508 0.041682
129.245146 0.041637
129.286846 0.041700
129.328489 0.041643
129.370159 0.041670
129.411815 0.041655
129.453515 0.041701
129.495177 0.041662
129.536831 0.041654
129.578499 0.041669
129.620176 0.041677
129.661815 0.041639
129.703494 0.041679
129.745172 0.041678
129.786833 0.041661
129.828498 0.041666
129.870144 0.041646
129.911798 0.041654
129.953467 0.041669
129.995144 0.041677
130.036861 0.041717
130.078501 0.041640
130.120151 0.041650
130.161827 0.041676
130.203512 0.041685
130.245147 0.041635
130.286836 0.041689
130.328494 0.041658
130.370172 0.041677
130.411828 0.041656
130.453515 0.041688
130.495146 0.041631
130.536842 0.041696
130.578511 0.041669
130.620180 0.041669
130.661842 0.041662
130.703481 0.041639
130.745179 0.041698
130.786844 0.041665
130.828513 0.041669
130.870173 0.041660
130.911842 0.041669
130.953495 0.041653
130.995163 0.041668
131.036826 0.041663
131.078467 0.041641
131.120144 0.041677
131.161845 0.041701
131.203472 0.041627
131.245180 0.041708
131.286815 0.041635
131.328494 0.041679
131.370179 0.041685
131.411826 0.041647
131.453510 0.041684
131.495169 0.041660
131.536846 0.041676
131.578496 0.041650
131.620176 0.041680
131.661827 0.041651
131.703498 0.041671
131.745169 0.041671
131.786833 0.041664
131.828498 0.041665
131.870152 0.041654
131.911825 0.041673
131.953512 0.041687
131.995144 0.041632
132.036810 0.041666
132.078498 0.041688
132.120145 0.041647
132.161809 0.041664
132.203478 0.041669
132.245143 0.041664
132.286821 0.041678
132.328476 0.041655
132.370145 0.041669
132.411806 0.041661
132.453460 0.041655
132.495146 0.041685
132.536841 0.041695
132.578493 0.041652
132.620153 0.041660
132.661827 0.041673
132.703461 0.041635
132.745143 0.041682
132.786829 0.041686
132.828512 0.041683
132.870139 0.041627
132.911825 0.041686
132.953493 0.041668
132.995111 0.041618
133.036806 0.041695
133.078495 0.041689
133.120148 0.041653
133.161806 0.041658
133.203465 0.041659
133.245106 0.041642
133.286778 0.041671
133.328494 0.041716
133.370165 0.041671
133.411806 0.041641
133.453470 0.041665
133.495126 0.041656
133.536828 0.041702
133.578492 0.041664
133.620115 0.041623
133.661826 0.041711
133.703467 0.041641
133.745108 0.041641
133.786830 0.041723
133.828493 0.041662
133.870152 0.041659
133.911860 0.041709
133.953471 0.041611
133.995138 0.041667
134.036775 0.041637
134.078436 0.041660
134.120153 0.041717
134.161831 0.041679
134.203495 0.041663
134.245147 0.041652
134.286826 0.041679
134.328493 0.041667
134.370175 0.041683
134.411797 0.041622
134.453469 0.041671
134.495136 0.041667
134.536830 0.041694
134.578464 0.041634
134.620115 0.041650
134.661806 0.041691
134.703496 0.041689
134.745143 0.041647
134.786825 0.041682
134.828479 0.041654
134.870145 0.041667
134.911826 0.041681
134.953497 0.041671
134.995123 0.041625
135.036808 0.041686
135.078474 0.041666
135.120143 0.041669
135.161826 0.041682
135.203495 0.041669
135.245135 0.041640
135.286811 0.041676
135.328496 0.041685
135.370145 0.041650
135.411806 0.041661
135.453496 0.041690
135.495137 0.041641
135.536779 0.041642
135.578475 0.041696
135.620141 0.041666
135.661826 0.041685
135.703482 0.041655
135.745144 0.041662
135.786852 0.041709
135.828464 0.041612
135.870137 0.041672
135.911803 0.041666
135.953495 0.041692
135.995143 0.041647
136.036805 0.041663
136.078505 0.041699
136.120142 0.041637
136.161826 0.041684
136.203477 0.041650
136.245133 0.041657
136.286799 0.041666
136.328493 0.041695
136.370127 0.041633
136.411805 0.041679
136.453497 0.041692
136.495130 0.041632
136.536829 0.041699
136.578474 0.041646
136.620138 0.041664
136.661826 0.041688
136.703480 0.041654
136.745128 0.041648
136.786832 0.041704
136.828471 0.041639
136.870149 0.041677
136.911806 0.041657
136.953497 0.041691
136.995127 0.041631
137.036830 0.041702
137.078477 0.041647
137.120148 0.041671
137.161827 0.041679
137.203472 0.041646
137.245143 0.041671
137.286815 0.041672
137.328496 0.041680
137.370171 0.041676
137.411778 0.041607
137.453452 0.041674
137.495112 0.041660
137.536837 0.041725
137.578498 0.041661
137.620138 0.041640
137.661831 0.041693
137.703463 0.041632
137.745148 0.041685
137.786797 0.041649
137.828471 0.041675
137.870144 0.041672
137.911806 0.041662
137.953473 0.041667
137.995154 0.041681
138.036796 0.041642
138.078504 0.041708
138.120110 0.041606
138.161830 0.041721
138.203508 0.041678
138.245154 0.041646
138.286827 0.041673
138.328481 0.041653
138.370143 0.041663
138.411830 0.041687
138.453467 0.041636
138.495152 0.041686
138.536811 0.041658
138.578499 0.041688
138.620136 0.041636
138.661830 0.041695
138.703473 0.041642
138.745146 0.041673
138.786803 0.041657
138.828500 0.041697
138.870130 0.041630
138.911829 0.041699
138.953493 0.041664
138.995146 0.041653
139.036794 0.041648
139.078498 0.041704
139.120143 0.041645
139.161836 0.041692
139.203468 0.041633
139.245147 0.041679
139.286807 0.041660
139.328497 0.041690
139.370149 0.041652
139.411810 0.041661
139.453495 0.041685
139.495135 0.041640
139.536826 0.041691
139.578499 0.041673
139.620143 0.041644
139.661825 0.041682
139.703474 0.041648
139.745128 0.041655
139.786829 0.041700
139.828494 0.041665
139.870149 0.041655
139.911830 0.041681
139.953472 0.041642
139.995145 0.041673
140.036828 0.041684
140.078500 0.041671
140.120150 0.041650
140.161804 0.041654
140.203496 0.041692
140.245138 0.041641
140.286830 0.041692
140.328494 0.041664
140.370154 0.041660
140.411818 0.041664
140.453462 0.041644
140.495139 0.041676
140.536796 0.041657
140.578464 0.041669
140.620143 0.041679
140.661827 0.041683
140.703492 0.041665
140.745146 0.041654
140.786830 0.041684
140.832218 0.045388
140.870149 0.037932
140.911806 0.041656
140.953473 0.041667
140.995151 0.041678
141.036826 0.041675
141.078444 0.041619
141.120144 0.041700
141.161811 0.041667
141.203493 0.041683
141.245176 0.041683
141.286819 0.041642
141.328468 0.041649
141.370139 0.041671
141.411796 0.041657
141.453493 0.041698
141.495141 0.041648
141.536796 0.041655
141.578469 0.041673
141.620126 0.041658
141.661775 0.041649
141.703470 0.041694
141.745143 0.041673
141.786806 0.041663
141.828477 0.041671
141.870121 0.041644
141.911828 0.041707
141.953493 0.041665
141.995140 0.041646
142.036826 0.041686
142.078481 0.041656
142.120144 0.041662
142.161808 0.041665
142.203494 0.041686
142.245180 0.041686
142.286829 0.041649
142.328500 0.041672
142.370137 0.041636
142.411780 0.041643
142.453484 0.041704
142.495162 0.041678
142.536796 0.041634
142.578497 0.041701
142.620138 0.041641
142.661834 0.041696
142.703473 0.041639
142.745154 0.041680
142.786806 0.041653
142.828498 0.041692
142.870125 0.041627
142.911839 0.041714
142.953473 0.041634
142.995144 0.041671
143.036812 0.041668
143.078495 0.041682
143.120143 0.041648
143.161806 0.041663
143.203497 0.041691
143.245128 0.041631
143.286806 0.041678
143.328494 0.041687
143.370138 0.041644
143.411831 0.041694
143.453471 0.041639
143.495141 0.041670
143.536809 0.041668
143.578448 0.041639
143.620160 0.041713
143.661828 0.041668
143.703438 0.041610
143.745136 0.041698
143.786825 0.041689
143.828493 0.041668
143.870132 0.041639
143.911808 0.041676
143.953472 0.041663
143.995149 0.041677
144.036805 0.041656
144.078464 0.041659
144.120134 0.041670
144.161802 0.041668
144.203493 0.041690
144.245151 0.041658
144.286831 0.041680
144.328496 0.041665
144.370149 0.041653
144.411867 0.041718
144.453495 0.041628
144.495153 0.041658
144.536843 0.041690
144.578504 0.041661
144.620149 0.041645
144.661811 0.041662
144.703492 0.041681
144.745149 0.041657
144.786806 0.041657
144.828440 0.041634
144.870109 0.041669
144.911812 0.041704
144.953460 0.041648
144.995149 0.041689
145.036805 0.041656
145.078474 0.041669
145.120142 0.041668
145.161831 0.041689
145.203465 0.041633
145.245137 0.041673
145.286797 0.041660
145.328462 0.041665
145.370143 0.041681
145.411826 0.041683
145.453473 0.041647
145.495151 0.041678
145.536848 0.041697
145.578438 0.041590
145.620119 0.041681
145.661806 0.041687
145.703504 0.041697
145.745141 0.041637
145.786845 0.041704
145.828492 0.041647
145.870109 0.041617
145.911806 0.041697
145.953494 0.041688
145.995172 0.041678
146.036808 0.041636
146.078499 0.041691
146.120132 0.041633
146.161826 0.041694
146.203483 0.041657
146.245123 0.041640
146.286806 0.041683
146.328493 0.041687
146.370149 0.041657
146.411807 0.041657
146.453465 0.041658
146.495139 0.041674
146.536827 0.041688
146.578494 0.041667
146.620147 0.041654
146.661796 0.041649
146.703506 0.041709
146.745132 0.041626
146.786828 0.041696
146.828497 0.041669
146.870137 0.041641
146.911838 0.041701
146.953497 0.041659
146.995152 0.041655
147.036807 0.041655
147.078501 0.041695
147.120127 0.041626
147.161809 0.041682
147.203496 0.041687
147.245129 0.041633
147.286776 0.041647
147.328448 0.041672
147.370149 0.041701
147.411857 0.041708
147.453475 0.041617
147.495132 0.041657
147.536788 0.041657
147.578499 0.041711
147.620138 0.041639
147.661835 0.041697
147.703473 0.041638
147.745157 0.041684
147.786797 0.041640
147.828498 0.041701
147.870149 0.041651
147.911836 0.041687
147.953494 0.041658
147.995172 0.041678
148.036807 0.041635
148.078505 0.041698
148.120121 0.041617
148.161798 0.041677
148.203509 0.041711
148.245151 0.041641
148.286833 0.041682
148.328491 0.041659
148.370167 0.041676
148.411831 0.041664
148.453495 0.041664
148.495153 0.041658
148.536826 0.041674
148.578515 0.041688
148.620127 0.041612
148.661838 0.041711
148.703508 0.041670
148.745154 0.041645
148.786839 0.041685
148.828499 0.041660
148.870172 0.041674
148.911834 0.041662
148.953520 0.041686
148.995154 0.041634
149.036843 0.041689
149.078498 0.041655
149.120150 0.041651
149.161836 0.041686
149.203500 0.041664
149.245154 0.041653
149.286837 0.041684
149.328499 0.041661
149.370169 0.041670
149.411832 0.041662
149.453497 0.041666
149.495153 0.041656
149.536815 0.041662
149.578519 0.041704
149.620139 0.041620
149.661826 0.041687
149.703494 0.041668
149.745180 0.041686
149.786828 0.041648
149.828497 0.041669
149.870150 0.041653
149.911825 0.041675
149.953487 0.041663
149.995166 0.041679
150.036830 0.041664
150.078501 0.041671
150.120174 0.041673
150.161829 0.041655
150.203458 0.041628
150.245169 0.041711
150.286855 0.041686
150.328498 0.041643
150.370164 0.041666
150.411774 0.041610
150.453482 0.041708
150.495131 0.041649
150.536832 0.041701
150.578506 0.041674
150.620157 0.041651
150.661831 0.041674
150.703493 0.041662
150.745171 0.041678
150.786828 0.041657
150.828502 0.041675
150.870158 0.041656
150.911791 0.041633
150.953497 0.041706
150.995174 0.041678
151.036829 0.041654
151.078462 0.041633
151.120169 0.041708
151.161848 0.041679
151.203500 0.041652
151.245168 0.041668
151.286832 0.041664
151.328511 0.041679
151.370138 0.041627
151.411797 0.041660
151.453507 0.041709
151.495151 0.041644
151.536830 0.041679
151.578460 0.041629
151.620135 0.041675
151.661836 0.041702
151.703497 0.041661
151.745153 0.041656
151.786804 0.041651
151.828502 0.041698
151.870171 0.041669
151.911841 0.041670
151.953500 0.041659
151.995110 0.041610
152.036830 0.041721
152.078512 0.041682
152.120150 0.041638
152.161799 0.041649
152.203472 0.041673
152.245175 0.041703
152.286833 0.041658
152.328498 0.041665
152.370167 0.041669
152.411831 0.041664
152.453498 0.041667
152.495152 0.041654
152.536829 0.041677
152.578514 0.041685
152.620151 0.041637
152.661834 0.041683
152.703464 0.041630
152.745152 0.041688
152.786830 0.041678
152.828497 0.041666
152.870123 0.041626
152.911831 0.041707
152.953494 0.041663
152.995161 0.041667
153.036826 0.041665
153.078501 0.041675
153.120124 0.041623
153.161850 0.041726
153.203494 0.041644
153.245150 0.041656
153.286837 0.041687
153.328494 0.041657
153.370122 0.041629
153.411796 0.041674
153.453518 0.041722
153.495157 0.041639
153.536803 0.041647
153.578511 0.041708
153.620146 0.041635
153.661848 0.041702
153.703496 0.041648
153.745153 0.041656
153.786831 0.041679
153.828463 0.041632
153.870174 0.041711
153.911830 0.041656
153.953511 0.041681
153.995154 0.041643
154.036843 0.041689
154.078501 0.041658
154.120182 0.041680
154.161817 0.041635
154.203493 0.041676
154.245159 0.041667
154.286828 0.041669
154.328501 0.041673
154.370150 0.041649
154.411830 0.041680
154.453512 0.041682
154.495132 0.041620
154.536835 0.041702
154.578472 0.041637
154.620161 0.041690
154.661832 0.041671
154.703504 0.041672
154.745162 0.041658
154.786848 0.041686
154.828517 0.041669
154.870181 0.041664
154.911795 0.041614
154.953492 0.041697
154.995129 0.041637
155.036833 0.041704
