0.000000 0
1.015576 0.039494
2.011577 0.039517
3.027586 0.041588
4.019577 0.035433
5.023575 0.038077
6.043584 0.039873
7.035582 0.037271
8.003576 0.034050
9.035576 0.042190
10.003577 0.038005
11.015580 0.040146
12.003579 0.037823
13.031577 0.040845
14.011577 0.035989
15.019551 0.037823
16.007575 0.062813
17.019571 0.091849
18.000003 0.088992
19.011572 0.091438
20.023541 0.091833
21.035573 0.091841
22.000003 0.088250
23.011571 0.091438
24.023568 0.091847
25.035568 0.091866
26.011572 0.088602
27.019574 0.091838
28.031571 0.091840
29.000003 0.088275
30.011571 0.090616
31.023569 0.091870
32.035565 0.091853
33.003572 0.087846
34.015572 0.091844
35.027572 0.091829
36.035566 0.091854
37.003570 0.087852
38.015568 0.091827
39.027571 0.091831
40.035571 0.091860
41.003574 0.087840
42.015541 0.091833
43.027567 0.091826
44.011540 0.088728
45.023569 0.091892
46.035570 0.091834
47.007570 0.087845
48.011567 0.091831
49.023568 0.091849
50.039568 0.091881
51.007570 0.087811
52.019559 0.091859
53.027572 0.091879
54.039570 0.091844
55.007566 0.087878
56.019570 0.091835
57.039570 0.092588
58.007571 0.087844
59.023568 0.091871
60.035570 0.091887
61.000003 0.088283
62.011568 0.091427
63.027571 0.091860
64.039569 0.091863
65.019570 0.088570
66.031568 0.091800
67.000003 0.088267
68.011568 0.091408
69.019571 0.091855
70.031572 0.091840
71.000006 0.088280
72.011570 0.091385
73.019574 0.090971
74.031571 0.091846
75.000003 0.088298
76.011540 0.091380
77.023540 0.091843
78.035539 0.091855
79.000004 0.088264
80.011540 0.091376
81.023540 0.091896
82.035540 0.091847
83.003539 0.087866
84.015570 0.091886
85.027568 0.091808
