0.015728 0.015728
0.057082 0.041355
0.098756 0.041674
0.140407 0.041651
0.182086 0.041678
0.223760 0.041674
0.265453 0.041693
0.307131 0.041679
0.348765 0.041633
0.390477 0.041712
0.432135 0.041658
0.473812 0.041677
0.515418 0.041606
0.557085 0.041667
0.598796 0.041710
0.640468 0.041672
0.682138 0.041671
0.723808 0.041670
0.765440 0.041631
0.807101 0.041661
0.848766 0.041666
0.890432 0.041665
0.932099 0.041667
0.973770 0.041672
1.015434 0.041663
1.057098 0.041665
1.098767 0.041668
1.140435 0.041668
1.182103 0.041668
1.223765 0.041662
1.265435 0.041670
1.307098 0.041662
1.348771 0.041674
1.390431 0.041659
1.432102 0.041671
1.473764 0.041662
1.515436 0.041671
1.557099 0.041663
1.598771 0.041672
1.640436 0.041665
1.682104 0.041668
1.723771 0.041667
1.765432 0.041661
1.807099 0.041667
1.848766 0.041667
1.890432 0.041666
1.932102 0.041670
1.973765 0.041663
2.015432 0.041667
2.057105 0.041673
2.098765 0.041661
2.140432 0.041667
2.182098 0.041666
2.223766 0.041667
2.265435 0.041669
2.307099 0.041664
2.348765 0.041666
2.390438 0.041674
2.432101 0.041662
2.473765 0.041664
2.515432 0.041667
2.557098 0.041666
2.598766 0.041668
2.640437 0.041671
2.682100 0.041663
2.723769 0.041668
2.765436 0.041667
2.807101 0.041665
2.848766 0.041665
2.890434 0.041669
2.932100 0.041666
2.973766 0.041666
3.015437 0.041671
3.057104 0.041666
3.098767 0.041664
3.140436 0.041668
3.182102 0.041667
3.223769 0.041667
3.265437 0.041668
3.307102 0.041666
3.348766 0.041664
3.390438 0.041672
3.432099 0.041661
3.473764 0.041666
3.515432 0.041668
3.557104 0.041672
3.598766 0.041661
3.640436 0.041670
3.682098 0.041662
3.723765 0.041667
3.765432 0.041666
3.807099 0.041668
3.848771 0.041672
3.890438 0.041667
3.932098 0.041660
3.973769 0.041670
4.015437 0.041669
4.057098 0.041661
4.098767 0.041669
4.140434 0.041668
4.182098 0.041664
4.223765 0.041667
4.265436 0.041670
4.307099 0.041663
4.348768 0.041669
4.390436 0.041669
4.432103 0.041667
4.473765 0.041662
4.549988 0.076223
4.605922 0.055933
4.644952 0.039030
4.805941 0.160990
4.848769 0.042828
4.945961 0.097191
5.025716 0.079755
5.077421 0.051705
5.140437 0.063015
5.194324 0.053888
5.223765 0.029441
5.265438 0.041673
5.355281 0.089843
5.411171 0.055890
5.432099 0.020928
5.473772 0.041673
5.637540 0.163768
5.682102 0.044562
5.753954 0.071852
6.009956 0.256003
6.065400 0.055443
6.098765 0.033365
6.140437 0.041673
6.266356 0.125918
6.307097 0.040742
6.348765 0.041667
6.521096 0.172331
6.557103 0.036007
6.600771 0.043667
6.661961 0.061191
6.723765 0.061804
6.765437 0.041672
6.807103 0.041666
6.848769 0.041666
7.032904 0.184135
7.142134 0.109230
7.217963 0.075829
7.328947 0.110984
7.390651 0.061704
7.513957 0.123306
7.557103 0.043146
7.598768 0.041665
7.657270 0.058501
7.697957 0.040688
7.766493 0.068536
7.807103 0.040610
7.854570 0.047467
7.890445 0.035875
7.978127 0.087681
8.015434 0.037307
8.057106 0.041673
8.098776 0.041669
8.150143 0.051367
8.182106 0.031963
8.223768 0.041662
8.265440 0.041672
8.307105 0.041665
8.351995 0.044889
8.400995 0.049000
8.470631 0.069636
8.544715 0.074084
8.606369 0.061654
8.668118 0.061749
8.727493 0.059375
8.789143 0.061650
8.848766 0.059623
8.890432 0.041666
8.944372 0.053940
8.973771 0.029399
9.021964 0.048193
9.065668 0.043704
9.098769 0.033100
9.140433 0.041664
9.182097 0.041664
9.223769 0.041671
9.265432 0.041664
9.307103 0.041670
9.348766 0.041663
9.390434 0.041668
9.432100 0.041666
9.473765 0.041666
9.515432 0.041667
9.557100 0.041668
9.598766 0.041666
9.640433 0.041667
9.682099 0.041666
9.723770 0.041672
9.765433 0.041663
9.807104 0.041671
9.848765 0.041661
9.890436 0.041671
9.932098 0.041662
9.973768 0.041669
10.015435 0.041668
10.057099 0.041664
10.098766 0.041667
10.140432 0.041666
10.182099 0.041666
10.223766 0.041667
10.265432 0.041666
10.307100 0.041668
10.348765 0.041665
10.390436 0.041671
10.432099 0.041663
10.473766 0.041667
10.515434 0.041668
10.557099 0.041665
10.598768 0.041669
10.640433 0.041665
10.682100 0.041667
10.723771 0.041671
10.765434 0.041662
10.807105 0.041671
10.848772 0.041667
10.895473 0.046701
10.932105 0.036632
10.982582 0.050477
11.015388 0.032806
11.057100 0.041713
11.098770 0.041670
11.165929 0.067159
11.223763 0.057833
11.284014 0.060251
11.311901 0.027887
11.414109 0.102207
11.473765 0.059656
11.515434 0.041669
11.557097 0.041664
11.598765 0.041668
11.640432 0.041667
11.682108 0.041676
11.723766 0.041658
11.765441 0.041674
11.807102 0.041661
11.848770 0.041668
11.890435 0.041665
11.932107 0.041672
11.973768 0.041661
12.015432 0.041664
12.057115 0.041683
12.098771 0.041656
12.140432 0.041661
12.182099 0.041668
12.223767 0.041667
12.265436 0.041670
12.307100 0.041664
12.348765 0.041665
12.390434 0.041669
12.432101 0.041668
12.473767 0.041666
12.515436 0.041669
12.557102 0.041665
12.598769 0.041667
12.640438 0.041669
12.682103 0.041665
12.723766 0.041663
12.765432 0.041666
12.807099 0.041667
12.848765 0.041666
12.890383 0.041617
12.932099 0.041716
12.973766 0.041667
13.015433 0.041667
13.057101 0.041669
13.098768 0.041667
13.140439 0.041671
13.182107 0.041668
13.223766 0.041658
13.265433 0.041667
13.307104 0.041671
13.348772 0.041668
13.397311 0.048540
13.432123 0.034811
13.473775 0.041652
13.515438 0.041663
13.560420 0.044981
13.602079 0.041660
13.640392 0.038313
13.682100 0.041707
13.723772 0.041672
13.765435 0.041663
13.807113 0.041678
13.848753 0.041640
13.945630 0.096877
13.975339 0.029710
14.026566 0.051227
14.057102 0.030536
14.098766 0.041664
14.140432 0.041666
14.182048 0.041616
14.223775 0.041726
14.265436 0.041661
14.307105 0.041670
14.353447 0.046342
14.390438 0.036990
14.432103 0.041665
14.473768 0.041665
14.536563 0.062795
14.561987 0.025424
14.598764 0.036777
14.640382 0.041618
14.682104 0.041722
14.723772 0.041668
14.866174 0.142402
14.932170 0.065996
14.981772 0.049602
15.015432 0.033659
15.057108 0.041676
15.098771 0.041663
15.150516 0.051745
15.182106 0.031590
15.223779 0.041673
15.317972 0.094193
15.351327 0.033355
15.390438 0.039111
15.486068 0.095629
15.522734 0.036666
15.557098 0.034365
15.598765 0.041666
15.640432 0.041667
15.682102 0.041670
15.723766 0.041664
15.765438 0.041671
15.807099 0.041661
15.848769 0.041670
15.890434 0.041665
15.932102 0.041669
15.973765 0.041663
16.017487 0.043722
16.059368 0.041881
16.098765 0.039397
16.140439 0.041674
16.231713 0.091274
16.288955 0.057242
16.307106 0.018151
16.348765 0.041659
16.406955 0.058190
16.432100 0.025146
16.473776 0.041675
16.519643 0.045867
16.557102 0.037459
16.598772 0.041670
16.640441 0.041669
16.682106 0.041665
16.723769 0.041663
16.765434 0.041664
16.807109 0.041675
16.848765 0.041656
16.890431 0.041666
16.932102 0.041671
16.973771 0.041669
17.015433 0.041662
17.057106 0.041673
17.098766 0.041660
17.140435 0.041669
17.182100 0.041664
17.223767 0.041667
17.265433 0.041667
17.307100 0.041667
17.348765 0.041665
17.390432 0.041667
17.432099 0.041667
17.473766 0.041667
17.515433 0.041667
17.557099 0.041667
17.598765 0.041666
17.640432 0.041666
17.682101 0.041669
17.723765 0.041664
17.765434 0.041669
17.807099 0.041665
17.848767 0.041668
17.890432 0.041665
17.932105 0.041673
17.973766 0.041660
18.015433 0.041667
18.057099 0.041666
18.098767 0.041668
18.140432 0.041665
18.182100 0.041667
18.223767 0.041667
18.265432 0.041666
18.307099 0.041667
18.348767 0.041668
18.390432 0.041665
18.432102 0.041670
18.473765 0.041663
18.515435 0.041670
18.557099 0.041664
18.598769 0.041670
18.640432 0.041663
18.682098 0.041666
18.723766 0.041668
18.765432 0.041666
18.807101 0.041669
18.848768 0.041668
18.890437 0.041669
18.932101 0.041664
18.973776 0.041675
19.015444 0.041668
19.057106 0.041663
19.098767 0.041661
19.140437 0.041670
19.205150 0.064713
19.223772 0.018622
19.288027 0.064255
19.321590 0.033563
19.361954 0.040364
19.394222 0.032269
19.481933 0.087710
19.565220 0.083287
19.598763 0.033544
19.654272 0.055509
19.682099 0.027826
19.723765 0.041666
19.765435 0.041670
19.807102 0.041668
19.848766 0.041664
19.890436 0.041669
19.932099 0.041664
19.973772 0.041672
20.015432 0.041660
20.057103 0.041671
20.098765 0.041662
20.140438 0.041673
20.182099 0.041661
20.223770 0.041671
20.265434 0.041664
20.307106 0.041672
20.348766 0.041660
20.390439 0.041673
20.432099 0.041661
20.473770 0.041671
20.515434 0.041664
20.557106 0.041672
20.598766 0.041660
20.640438 0.041672
20.682098 0.041661
20.723771 0.041673
20.765432 0.041661
20.807104 0.041672
20.855169 0.048065
20.890402 0.035233
20.935026 0.044624
20.973765 0.038739
21.015436 0.041670
21.057101 0.041665
21.098764 0.041663
21.140436 0.041672
21.182099 0.041663
21.223771 0.041672
21.265445 0.041674
21.307108 0.041664
21.348766 0.041657
21.390436 0.041670
21.432098 0.041663
21.473769 0.041671
21.515434 0.041665
21.557105 0.041671
21.598765 0.041660
21.640436 0.041670
21.682100 0.041664
21.723767 0.041668
21.765433 0.041665
21.807098 0.041666
21.848767 0.041668
21.890432 0.041666
21.932104 0.041672
21.973765 0.041661
22.015441 0.041676
22.057098 0.041658
22.098774 0.041675
22.140433 0.041659
22.182110 0.041677
22.223766 0.041656
22.265435 0.041669
22.307099 0.041664
22.348775 0.041676
22.390441 0.041666
22.432099 0.041659
22.477536 0.045437
22.515436 0.037900
22.557102 0.041666
22.598769 0.041667
22.640432 0.041663
22.682105 0.041672
22.723769 0.041664
22.775380 0.051611
22.807107 0.031728
22.848765 0.041658
22.890440 0.041674
22.932099 0.041659
22.973767 0.041668
23.015432 0.041665
23.057100 0.041668
23.098766 0.041666
23.140433 0.041667
23.182099 0.041666
23.223769 0.041670
23.265432 0.041663
23.307111 0.041679
23.348767 0.041656
23.390432 0.041665
23.432099 0.041668
23.473773 0.041673
23.515439 0.041667
23.557100 0.041660
23.598770 0.041670
23.640432 0.041662
23.682102 0.041670
23.723766 0.041665
23.765439 0.041673
23.807105 0.041666
23.848766 0.041661
23.898458 0.049692
23.932112 0.033654
23.973774 0.041662
24.015433 0.041659
24.057104 0.041671
24.099515 0.042411
24.140442 0.040927
24.182102 0.041660
24.227741 0.045639
24.274186 0.046445
24.311564 0.037378
24.348768 0.037204
24.390438 0.041670
24.432106 0.041668
24.473765 0.041659
24.515436 0.041671
24.557097 0.041661
24.598769 0.041671
24.640440 0.041671
24.682100 0.041660
24.723778 0.041679
24.765436 0.041658
24.807109 0.041673
24.863131 0.056021
24.890390 0.027260
24.932105 0.041715
24.973769 0.041664
25.029940 0.056170
25.086231 0.056291
25.146277 0.060046
25.182104 0.035827
25.229953 0.047849
25.297959 0.068006
25.348771 0.050812
25.401947 0.053177
25.457990 0.056042
25.529320 0.071330
25.557104 0.027784
25.613956 0.056852
25.686160 0.072205
25.723765 0.037605
25.765438 0.041673
25.807103 0.041665
25.848765 0.041662
25.890446 0.041681
25.932107 0.041661
25.973804 0.041697
26.015433 0.041629
26.057099 0.041666
26.098765 0.041666
26.140435 0.041670
26.182099 0.041664
26.223778 0.041679
26.265431 0.041653
26.307103 0.041672
26.348766 0.041663
26.390380 0.041614
26.432100 0.041720
26.473766 0.041666
26.515433 0.041666
26.557100 0.041667
26.598766 0.041665
26.640435 0.041669
26.682099 0.041664
26.723768 0.041670
26.765432 0.041664
26.807104 0.041672
26.848766 0.041662
26.890434 0.041667
26.932100 0.041666
26.973766 0.041666
27.015432 0.041666
27.057100 0.041667
27.098765 0.041665
27.140439 0.041674
27.182099 0.041661
27.223769 0.041670
27.265431 0.041663
27.307107 0.041675
27.348765 0.041659
27.390433 0.041667
27.432100 0.041667
27.473769 0.041669
27.515435 0.041666
27.557107 0.041673
27.600117 0.043009
27.640441 0.040324
27.682107 0.041666
27.731273 0.049165
27.765437 0.034164
27.858547 0.093111
27.909934 0.051387
27.954861 0.044927
28.018463 0.063602
28.061957 0.043495
28.098771 0.036814
28.173963 0.075192
28.229846 0.055883
28.309965 0.080118
28.375801 0.065836
28.457928 0.082127
28.515428 0.057500
28.557098 0.041670
28.598765 0.041667
28.640433 0.041668
28.682099 0.041666
28.723770 0.041671
28.765432 0.041663
28.807100 0.041668
28.848767 0.041666
28.890437 0.041671
28.932100 0.041662
28.973767 0.041667
29.015437 0.041670
29.057099 0.041661
29.098765 0.041667
29.140433 0.041668
29.182104 0.041671
29.223767 0.041663
29.265432 0.041664
29.307102 0.041670
29.348770 0.041668
29.390438 0.041668
29.432105 0.041667
29.473776 0.041671
29.515437 0.041661
29.557102 0.041666
29.598772 0.041669
29.640436 0.041665
29.682100 0.041664
29.723770 0.041670
29.765432 0.041662
29.807100 0.041668
29.848765 0.041666
29.890437 0.041672
29.932100 0.041662
29.973766 0.041666
30.015432 0.041666
30.057098 0.041666
30.098767 0.041669
30.140432 0.041665
30.182102 0.041670
30.223769 0.041667
30.265437 0.041668
30.307101 0.041663
30.348765 0.041665
30.433931 0.085166
30.479837 0.045906
30.515441 0.035604
30.557103 0.041662
30.616260 0.059157
30.678978 0.062718
30.723767 0.044789
30.765437 0.041670
30.807098 0.041661
30.848772 0.041674
30.890443 0.041671
30.932099 0.041656
30.978118 0.046019
31.015431 0.037313
31.057098 0.041667
31.098735 0.041637
31.140436 0.041701
31.182102 0.041667
31.223721 0.041618
31.265441 0.041721
31.314114 0.048672
31.348769 0.034655
31.392308 0.043539
31.432102 0.039794
31.473766 0.041664
31.516664 0.042898
31.557099 0.040435
31.598777 0.041677
31.640435 0.041658
31.682108 0.041674
31.723765 0.041657
31.765435 0.041670
31.858154 0.092719
31.897955 0.039801
31.957957 0.060002
32.033163 0.075206
32.057102 0.023939
32.098723 0.041621
32.245928 0.147205
32.307096 0.061167
32.348769 0.041674
32.399842 0.051072
32.436536 0.036694
32.493960 0.057424
32.539022 0.045063
32.601961 0.062938
32.645931 0.043970
32.717929 0.071998
32.765434 0.047505
32.817958 0.052523
32.913956 0.095998
32.973761 0.059806
33.015435 0.041673
33.057106 0.041671
33.125630 0.068524
33.186947 0.061316
33.223774 0.036827
33.265441 0.041667
33.309961 0.044520
33.357686 0.047725
33.474165 0.116479
33.515435 0.041270
33.622403 0.106968
33.682107 0.059704
33.723731 0.041625
33.765434 0.041703
33.807099 0.041664
33.848766 0.041667
33.892918 0.044152
33.932100 0.039183
33.973766 0.041666
34.015438 0.041672
34.057103 0.041665
34.098770 0.041666
34.140434 0.041665
34.182105 0.041671
34.227870 0.045765
34.265435 0.037564
34.307102 0.041667
34.348768 0.041667
34.390431 0.041663
34.442208 0.051776
34.473766 0.031559
34.515439 0.041672
34.561824 0.046386
34.598773 0.036949
34.640432 0.041659
34.682099 0.041667
34.723765 0.041666
34.765433 0.041668
34.807100 0.041667
34.848768 0.041668
34.890429 0.041660
34.932107 0.041678
34.973770 0.041663
35.015432 0.041662
35.057100 0.041668
35.098765 0.041665
35.140436 0.041671
35.182099 0.041663
35.223765 0.041666
35.265432 0.041667
35.307099 0.041667
35.348765 0.041667
35.390436 0.041671
35.432099 0.041663
35.473766 0.041667
35.515433 0.041667
35.557104 0.041671
35.598767 0.041663
35.640433 0.041667
35.682102 0.041668
35.723767 0.041665
35.765432 0.041665
35.807104 0.041672
35.848766 0.041663
35.890434 0.041667
35.932103 0.041670
35.973768 0.041665
36.015435 0.041667
36.057098 0.041663
36.098769 0.041671
36.140433 0.041664
36.182101 0.041668
36.223771 0.041670
36.265432 0.041661
36.307101 0.041669
36.348766 0.041665
36.390437 0.041670
36.432099 0.041662
36.473769 0.041671
36.515590 0.041820
36.557106 0.041517
36.598767 0.041660
36.640445 0.041678
36.682104 0.041659
36.723771 0.041667
36.765436 0.041666
36.807107 0.041670
36.848769 0.041662
36.890439 0.041670
36.932101 0.041663
36.973766 0.041665
37.015437 0.041671
37.057100 0.041663
37.098772 0.041672
37.140434 0.041663
37.182101 0.041666
37.223768 0.041667
37.265436 0.041668
37.307100 0.041664
37.348775 0.041675
37.390443 0.041668
37.432101 0.041658
37.473771 0.041670
37.515434 0.041663
37.557106 0.041672
37.598767 0.041661
37.640439 0.041672
37.682065 0.041626
37.723771 0.041705
37.765436 0.041666
37.807107 0.041671
37.848768 0.041661
37.890437 0.041669
37.932101 0.041663
37.973771 0.041670
38.015433 0.041661
38.061576 0.046144
38.098767 0.037191
38.140437 0.041669
38.182100 0.041663
38.223771 0.041671
38.270876 0.047105
38.307106 0.036229
38.348767 0.041662
38.390438 0.041671
38.432100 0.041661
38.473769 0.041669
38.515434 0.041665
38.557102 0.041669
38.598766 0.041664
38.640433 0.041667
38.682101 0.041667
38.723771 0.041670
38.765433 0.041662
38.807108 0.041674
38.848766 0.041658
38.890439 0.041673
38.932100 0.041661
38.973775 0.041675
39.015435 0.041660
39.057103 0.041668
39.098768 0.041665
39.140437 0.041669
39.182101 0.041664
39.223774 0.041673
39.265434 0.041660
39.307107 0.041673
39.348769 0.041662
39.390436 0.041667
39.432100 0.041664
39.473768 0.041668
39.515433 0.041666
39.557107 0.041674
39.598766 0.041659
39.640434 0.041668
39.682100 0.041666
39.723772 0.041672
39.765434 0.041662
39.807105 0.041671
39.848768 0.041663
39.890434 0.041665
39.932099 0.041665
39.973768 0.041669
40.015433 0.041665
40.057103 0.041670
40.098770 0.041668
40.140438 0.041667
40.182099 0.041662
40.223768 0.041669
40.265434 0.041666
40.307103 0.041669
40.348767 0.041664
40.390433 0.041666
40.432100 0.041667
40.473768 0.041668
40.515434 0.041666
40.557101 0.041667
40.598774 0.041673
40.640432 0.041658
40.682100 0.041668
40.723772 0.041672
40.765437 0.041665
40.807099 0.041662
40.848767 0.041668
40.890433 0.041666
40.932103 0.041670
40.973766 0.041662
41.015433 0.041667
41.057098 0.041665
41.098774 0.041676
41.140433 0.041659
41.182099 0.041666
41.223765 0.041666
41.265438 0.041673
41.307102 0.041664
41.348767 0.041665
41.390432 0.041666
41.432100 0.041668
41.473765 0.041665
41.515432 0.041667
41.557099 0.041666
41.598770 0.041671
41.640432 0.041663
41.682105 0.041673
41.723765 0.041660
41.765437 0.041672
41.807101 0.041664
41.848771 0.041670
41.890432 0.041661
41.932103 0.041671
41.973766 0.041663
42.015439 0.041673
42.057099 0.041660
42.098765 0.041666
42.140436 0.041671
42.182100 0.041664
42.223765 0.041666
42.265436 0.041671
42.307098 0.041662
42.348772 0.041674
42.390432 0.041660
42.432099 0.041667
42.473764 0.041665
42.515432 0.041667
42.557099 0.041667
42.598766 0.041667
42.640432 0.041666
42.682106 0.041673
42.723765 0.041659
42.765441 0.041675
42.807103 0.041663
42.851177 0.044074
42.902012 0.050835
42.932108 0.030096
42.980012 0.047904
43.015439 0.035427
43.070082 0.054643
43.098775 0.028693
43.140447 0.041672
43.182102 0.041655
43.230432 0.048330
43.265436 0.035004
43.322976 0.057540
43.348765 0.025789
43.390436 0.041671
43.432102 0.041666
43.473766 0.041664
43.515436 0.041670
43.557344 0.041908
43.598767 0.041422
43.640432 0.041665
43.682105 0.041673
43.723765 0.041660
43.765438 0.041673
43.807099 0.041661
43.848772 0.041674
43.890382 0.041610
43.932100 0.041718
43.973765 0.041665
44.015432 0.041667
44.057103 0.041671
44.098765 0.041662
44.140436 0.041670
44.182098 0.041663
44.223770 0.041671
44.265432 0.041663
44.307102 0.041670
44.348767 0.041664
44.390436 0.041669
44.432100 0.041664
44.473766 0.041666
44.515434 0.041668
44.557099 0.041665
44.598767 0.041668
44.640433 0.041666
44.682101 0.041667
44.723765 0.041664
44.765382 0.041617
44.807104 0.041722
44.848767 0.041663
44.890384 0.041616
44.932099 0.041716
44.973762 0.041663
45.015432 0.041670
45.057099 0.041667
45.098765 0.041667
45.140435 0.041669
45.182099 0.041664
45.223767 0.041669
45.265432 0.041665
45.307100 0.041668
45.348767 0.041667
45.390433 0.041666
45.432099 0.041666
45.473766 0.041667
45.515437 0.041671
45.557100 0.041663
45.598766 0.041666
45.640431 0.041666
45.682100 0.041669
45.723768 0.041668
45.765432 0.041664
45.807102 0.041670
45.848765 0.041663
45.890433 0.041668
45.932098 0.041665
45.973766 0.041668
46.015432 0.041666
46.057099 0.041667
46.098766 0.041666
46.140437 0.041671
46.182098 0.041661
46.223769 0.041672
46.265433 0.041664
46.307100 0.041666
46.348766 0.041666
46.390438 0.041672
46.432098 0.041660
46.473766 0.041668
46.515435 0.041669
46.557101 0.041665
46.598767 0.041666
46.640436 0.041668
46.682099 0.041664
46.723773 0.041673
46.765434 0.041661
46.807103 0.041669
46.848766 0.041663
46.890436 0.041670
46.932102 0.041666
46.973766 0.041664
47.015431 0.041666
47.057106 0.041675
47.098766 0.041659
47.140436 0.041670
47.182099 0.041663
47.223772 0.041673
47.265433 0.041661
47.307103 0.041670
47.348767 0.041664
47.390438 0.041672
47.432099 0.041661
47.473768 0.041669
47.515432 0.041664
47.557105 0.041673
47.598766 0.041661
47.640434 0.041669
47.682099 0.041665
47.723769 0.041670
47.765433 0.041664
47.807104 0.041671
47.848766 0.041662
47.890434 0.041668
47.932098 0.041664
47.973772 0.041673
48.015433 0.041661
48.057099 0.041666
48.098765 0.041667
48.140452 0.041686
48.192447 0.051995
48.223766 0.031319
48.265436 0.041670
48.307099 0.041663
48.348767 0.041668
48.390433 0.041665
48.432103 0.041671
48.473765 0.041662
48.515440 0.041675
48.557099 0.041660
48.598774 0.041675
48.640431 0.041657
48.682098 0.041667
48.723764 0.041666
48.765382 0.041618
48.807098 0.041716
48.848769 0.041671
48.890432 0.041662
48.932103 0.041672
48.973765 0.041661
49.015437 0.041672
49.057099 0.041663
49.098774 0.041675
49.140433 0.041659
49.182110 0.041677
49.223766 0.041656
49.265441 0.041675
49.307098 0.041658
49.348775 0.041676
49.390431 0.041656
49.432106 0.041675
49.473768 0.041662
49.515435 0.041667
49.557100 0.041665
49.598765 0.041666
49.640432 0.041666
49.682105 0.041674
49.723773 0.041668
49.765434 0.041661
49.807104 0.041669
49.848767 0.041663
49.890435 0.041668
49.932106 0.041671
49.973766 0.041659
50.015436 0.041670
50.057107 0.041671
50.098778 0.041671
50.140437 0.041659
50.182100 0.041663
50.223778 0.041678
50.265433 0.041654
50.307103 0.041670
50.348774 0.041671
50.390432 0.041658
50.432099 0.041668
50.473765 0.041666
50.515439 0.041673
50.557115 0.041677
50.598771 0.041656
50.640447 0.041675
50.682111 0.041664
50.723768 0.041657
50.769545 0.045777
50.807104 0.037559
50.848769 0.041665
50.897938 0.049170
50.950762 0.052824
51.015435 0.064673
51.057099 0.041664
51.098768 0.041669
51.140441 0.041673
51.182102 0.041661
51.251595 0.069493
51.307107 0.055512
51.348768 0.041661
51.425235 0.076466
51.473770 0.048536
51.515437 0.041667
51.563397 0.047959
51.635304 0.071908
51.725957 0.090653
51.809156 0.083199
51.881931 0.072775
51.968390 0.086458
52.037958 0.069568
52.098761 0.060803
52.140382 0.041621
52.182098 0.041716
52.223765 0.041667
52.265432 0.041667
52.307106 0.041673
52.348765 0.041659
52.390438 0.041673
52.432098 0.041661
52.473769 0.041670
52.515432 0.041663
52.557101 0.041669
52.598766 0.041665
52.640436 0.041670
52.682098 0.041662
52.723767 0.041669
52.765432 0.041665
52.807106 0.041673
52.848765 0.041659
52.890439 0.041673
52.932098 0.041660
52.973769 0.041671
53.015431 0.041662
53.057102 0.041671
53.098766 0.041663
53.140432 0.041667
53.182098 0.041666
53.223772 0.041674
53.265443 0.041670
53.307099 0.041656
53.348771 0.041672
53.390437 0.041666
53.432099 0.041663
53.473765 0.041665
53.515438 0.041673
53.557100 0.041662
53.598766 0.041667
53.640432 0.041665
53.682101 0.041670
53.732813 0.050712
53.765437 0.032624
53.818072 0.052635
53.848770 0.030698
53.890604 0.041834
53.932098 0.041494
53.973768 0.041670
54.015446 0.041678
54.057101 0.041655
54.098769 0.041668
54.140439 0.041670
54.182105 0.041666
54.223769 0.041664
54.265434 0.041665
54.312454 0.047020
54.348770 0.036316
54.390433 0.041663
54.441955 0.051521
54.473766 0.031811
54.533960 0.060194
54.581971 0.048011
54.657930 0.075959
54.690622 0.032692
54.723785 0.033163
54.765434 0.041649
54.807172 0.041738
54.848765 0.041593
54.890436 0.041671
54.932098 0.041663
54.973770 0.041671
55.015432 0.041662
55.057106 0.041673
55.098766 0.041660
55.140436 0.041670
55.182099 0.041663
55.223769 0.041670
55.265433 0.041663
55.307105 0.041673
55.348766 0.041660
55.390436 0.041670
55.432099 0.041663
55.473771 0.041672
55.515431 0.041660
55.557105 0.041673
55.598765 0.041660
55.640438 0.041674
55.682098 0.041660
55.723770 0.041672
55.765433 0.041662
55.807106 0.041673
55.848764 0.041658
55.890438 0.041673
55.932099 0.041661
55.973772 0.041673
56.015431 0.041660
56.057104 0.041673
56.098766 0.041662
56.140436 0.041670
56.182099 0.041662
56.223772 0.041674
56.265432 0.041660
56.307103 0.041670
56.348765 0.041663
56.390442 0.041677
56.432110 0.041668
56.473771 0.041660
56.515431 0.041661
56.557101 0.041669
56.598766 0.041665
56.640432 0.041666
56.682103 0.041671
56.723765 0.041662
56.765433 0.041669
56.807100 0.041667
56.848772 0.041672
56.890439 0.041667
56.932110 0.041671
56.973771 0.041660
57.015433 0.041662
57.057099 0.041666
57.098766 0.041667
57.140433 0.041667
57.182103 0.041670
57.223765 0.041663
57.265433 0.041667
57.307099 0.041666
57.348767 0.041669
57.390432 0.041665
57.432099 0.041667
57.473765 0.041666
57.515437 0.041672
57.557099 0.041663
57.598769 0.041670
57.640433 0.041663
57.682101 0.041668
57.723766 0.041665
57.765435 0.041669
57.807098 0.041662
57.848767 0.041669
57.890431 0.041665
57.932099 0.041668
57.973765 0.041666
58.015435 0.041670
58.057100 0.041664
58.098768 0.041668
58.140432 0.041664
58.182104 0.041672
58.223766 0.041662
58.265443 0.041677
58.307110 0.041666
58.348766 0.041656
58.390434 0.041668
58.432099 0.041665
58.473766 0.041667
58.515433 0.041667
58.557101 0.041668
58.598766 0.041666
58.640432 0.041666
58.682101 0.041669
58.723765 0.041664
58.765436 0.041671
58.807098 0.041662
58.848769 0.041671
58.897497 0.048728
58.932112 0.034614
58.981895 0.049783
59.015441 0.033547
59.057102 0.041660
59.098766 0.041664
59.140432 0.041666
59.182100 0.041669
59.223768 0.041668
59.265432 0.041663
59.307100 0.041668
59.348762 0.041662
59.390440 0.041678
59.432099 0.041659
59.473771 0.041672
59.515432 0.041661
59.557100 0.041668
59.598768 0.041668
59.640434 0.041666
59.682100 0.041666
59.723766 0.041666
59.765433 0.041668
59.807103 0.041669
59.848766 0.041664
59.890436 0.041670
59.932100 0.041664
59.973768 0.041668
60.015432 0.041665
60.057102 0.041670
60.098767 0.041665
60.140433 0.041666
60.182099 0.041666
60.223768 0.041669
60.265432 0.041665
60.307099 0.041666
60.348765 0.041666
60.390439 0.041674
60.432099 0.041660
60.473766 0.041667
60.515435 0.041669
60.557103 0.041668
60.598765 0.041662
60.640436 0.041671
60.682099 0.041663
60.723766 0.041668
60.765433 0.041667
60.807107 0.041674
60.848766 0.041659
60.890432 0.041666
60.932103 0.041671
60.973767 0.041664
61.015434 0.041667
61.057099 0.041665
61.098774 0.041674
61.148571 0.049797
61.182109 0.033538
61.223769 0.041660
61.265439 0.041670
61.307102 0.041663
61.348777 0.041675
61.391958 0.043181
61.435860 0.043901
61.473765 0.037906
61.515434 0.041668
61.557099 0.041666
61.598773 0.041673
61.640433 0.041660
61.682103 0.041671
61.723766 0.041662
61.778138 0.054372
61.807104 0.028966
61.848767 0.041663
61.890435 0.041668
61.932107 0.041671
61.973769 0.041663
62.015440 0.041671
62.057114 0.041674
62.098768 0.041654
62.140441 0.041673
62.182102 0.041661
62.223772 0.041670
62.265433 0.041661
62.307106 0.041673
62.348766 0.041660
62.390437 0.041671
62.432099 0.041662
62.473769 0.041670
62.515433 0.041664
62.557101 0.041668
62.598768 0.041667
62.640438 0.041670
62.682099 0.041661
62.723773 0.041674
62.765434 0.041661
62.807103 0.041669
62.848765 0.041663
62.890436 0.041671
62.932099 0.041663
62.973766 0.041668
63.015432 0.041666
63.057103 0.041670
63.098766 0.041664
63.140435 0.041669
63.182104 0.041669
63.223771 0.041667
63.265437 0.041667
63.307103 0.041666
63.348773 0.041670
63.390438 0.041665
63.432104 0.041666
63.473895 0.041791
63.515435 0.041540
63.559444 0.044009
63.598768 0.039324
63.640439 0.041671
63.686164 0.045724
63.723768 0.037604
63.765435 0.041667
63.807108 0.041674
63.848771 0.041663
63.894435 0.045664
63.932101 0.037666
63.973772 0.041670
64.015432 0.041661
64.070672 0.055239
64.105206 0.034534
64.140438 0.035232
64.182100 0.041662
64.230760 0.048660
64.265434 0.034674
64.307101 0.041666
64.348765 0.041665
64.390386 0.041620
64.432103 0.041717
64.473769 0.041666
64.515432 0.041663
64.557103 0.041671
64.598765 0.041662
64.640441 0.041675
64.682099 0.041658
64.723769 0.041670
64.765433 0.041664
64.807102 0.041668
64.848767 0.041666
64.890438 0.041671
64.932101 0.041663
64.973768 0.041667
65.015435 0.041668
65.057103 0.041667
65.098765 0.041663
65.140433 0.041667
65.182101 0.041668
65.223773 0.041672
65.265433 0.041660
65.307101 0.041669
65.348770 0.041669
65.390436 0.041665
65.432099 0.041664
65.473774 0.041675
65.515437 0.041663
65.557103 0.041666
65.598766 0.041662
65.640433 0.041667
65.682101 0.041668
65.723772 0.041671
65.765434 0.041662
65.807103 0.041669
65.848766 0.041663
65.890439 0.041673
65.932100 0.041662
65.973766 0.041665
66.015435 0.041669
66.057099 0.041664
66.098766 0.041667
66.140434 0.041668
66.182099 0.041665
66.223766 0.041667
66.265432 0.041666
66.307102 0.041670
66.348771 0.041669
66.390432 0.041662
66.432099 0.041667
66.473765 0.041666
66.515433 0.041668
66.557099 0.041666
66.598766 0.041667
66.640432 0.041666
66.682099 0.041667
66.723765 0.041666
66.765433 0.041668
66.807102 0.041669
66.848768 0.041667
66.890431 0.041663
66.932100 0.041668
66.973766 0.041666
67.015433 0.041667
67.057096 0.041663
67.098769 0.041674
67.140432 0.041663
67.182100 0.041668
67.223766 0.041666
67.265433 0.041667
67.307099 0.041666
67.348765 0.041666
67.390439 0.041674
67.432100 0.041661
67.473765 0.041665
67.515435 0.041669
67.557100 0.041665
67.598765 0.041665
67.640436 0.041671
67.682099 0.041663
67.723768 0.041669
67.765432 0.041664
67.807109 0.041676
67.848769 0.041661
67.890437 0.041668
67.932099 0.041661
67.973770 0.041671
68.015433 0.041663
68.057103 0.041671
68.098766 0.041663
68.140438 0.041672
68.182099 0.041661
68.223770 0.041671
68.265431 0.041661
68.307099 0.041668
68.348766 0.041666
68.390442 0.041677
68.432098 0.041656
68.475504 0.043406
68.515433 0.039929
68.557103 0.041670
68.598766 0.041663
68.640438 0.041672
68.682098 0.041660
68.723769 0.041671
68.765431 0.041663
68.807104 0.041673
68.848766 0.041662
68.890439 0.041673
68.932099 0.041661
68.973773 0.041674
69.015437 0.041663
69.057099 0.041662
69.098769 0.041670
69.140432 0.041663
69.182104 0.041672
69.223765 0.041661
69.265439 0.041674
69.307099 0.041660
69.348772 0.041673
69.390436 0.041665
69.432099 0.041663
69.473772 0.041674
69.515432 0.041660
69.557103 0.041671
69.598765 0.041662
69.640433 0.041668
69.682102 0.041669
69.723772 0.041669
69.765432 0.041660
69.807106 0.041674
69.848768 0.041662
69.890438 0.041670
69.932101 0.041663
69.973773 0.041673
70.015438 0.041665
70.057101 0.041663
70.098767 0.041666
70.140436 0.041669
70.182100 0.041664
70.223773 0.041673
70.265437 0.041664
70.307099 0.041662
70.348770 0.041672
70.390432 0.041662
70.432102 0.041670
70.473765 0.041663
70.515439 0.041673
70.557105 0.041666
70.598774 0.041669
70.640432 0.041658
70.682106 0.041674
70.723770 0.041664
70.765432 0.041663
70.807106 0.041673
70.848765 0.041660
70.890438 0.041672
70.932098 0.041661
70.973772 0.041673
71.015434 0.041662
71.057099 0.041665
71.098769 0.041670
71.140432 0.041663
71.182106 0.041673
71.223765 0.041660
71.265433 0.041667
71.307100 0.041667
71.348766 0.041666
71.390437 0.041672
71.432099 0.041662
71.473773 0.041674
71.515432 0.041659
71.557103 0.041670
71.598765 0.041662
71.640436 0.041671
71.682099 0.041663
71.723770 0.041671
71.765432 0.041662
71.807103 0.041671
71.848765 0.041662
71.890438 0.041673
71.932099 0.041661
71.973772 0.041673
72.015441 0.041669
72.057098 0.041657
72.098769 0.041671
72.140432 0.041662
72.182102 0.041670
72.223765 0.041663
72.265439 0.041673
72.307105 0.041667
72.348776 0.041670
72.390432 0.041656
72.432100 0.041668
72.473766 0.041667
72.515438 0.041672
72.557098 0.041660
72.598771 0.041673
72.640432 0.041661
72.682105 0.041673
72.723765 0.041660
72.765438 0.041673
72.807105 0.041667
72.848768 0.041664
72.890432 0.041664
72.932099 0.041667
72.973770 0.041671
73.015432 0.041663
73.057103 0.041671
73.098765 0.041662
73.140433 0.041667
73.182100 0.041668
73.223764 0.041664
73.265432 0.041668
73.307099 0.041666
73.348766 0.041667
73.390435 0.041669
73.432099 0.041664
73.473766 0.041667
73.515434 0.041669
73.557100 0.041665
73.598772 0.041673
73.640431 0.041659
73.682105 0.041674
73.723773 0.041667
73.765445 0.041672
73.807099 0.041654
73.848770 0.041672
73.890433 0.041662
73.932106 0.041673
73.973765 0.041659
74.015441 0.041675
74.057102 0.041661
74.098769 0.041667
74.140432 0.041663
74.182100 0.041669
74.223771 0.041671
74.265432 0.041661
74.307102 0.041670
74.348766 0.041664
74.390436 0.041670
74.432098 0.041663
74.473766 0.041668
74.515433 0.041667
74.557104 0.041671
74.598766 0.041662
74.640438 0.041672
74.682099 0.041661
74.723774 0.041675
74.765440 0.041666
74.807105 0.041665
74.848775 0.041671
74.890440 0.041665
74.932100 0.041659
74.973767 0.041668
75.015432 0.041665
75.057098 0.041665
75.098765 0.041667
75.140431 0.041666
75.182100 0.041669
75.223765 0.041665
75.265432 0.041666
75.307098 0.041667
75.348771 0.041673
75.390433 0.041662
75.432099 0.041666
75.473774 0.041675
75.515433 0.041660
75.557100 0.041667
75.598764 0.041664
75.640435 0.041671
75.682099 0.041664
75.723773 0.041675
75.765432 0.041658
75.807099 0.041667
75.848766 0.041667
75.890437 0.041671
75.932100 0.041663
75.973765 0.041665
76.015432 0.041667
76.057100 0.041667
76.098769 0.041669
76.140439 0.041670
76.182100 0.041661
76.223770 0.041670
76.265432 0.041663
76.307102 0.041670
76.348767 0.041664
76.390432 0.041665
76.432101 0.041669
76.473766 0.041665
76.515432 0.041666
76.557099 0.041668
76.598765 0.041666
76.640435 0.041669
76.682099 0.041665
76.723767 0.041668
76.765431 0.041664
76.807100 0.041669
76.848766 0.041666
76.890434 0.041668
76.932098 0.041663
76.973768 0.041671
77.015433 0.041664
77.057100 0.041667
77.098765 0.041665
77.140432 0.041667
77.182105 0.041672
77.223767 0.041663
77.265432 0.041665
77.307099 0.041667
77.348766 0.041667
77.390432 0.041666
77.432097 0.041665
77.473766 0.041668
77.515433 0.041667
77.557100 0.041666
77.598766 0.041666
77.640432 0.041666
77.682103 0.041672
77.723766 0.041663
77.765432 0.041666
77.807098 0.041666
77.848769 0.041671
77.890432 0.041663
77.932099 0.041666
77.973766 0.041667
78.015435 0.041669
78.057098 0.041664
78.098766 0.041667
78.140433 0.041668
78.182101 0.041667
78.223766 0.041665
78.265433 0.041667
78.307099 0.041666
78.348765 0.041667
78.390435 0.041669
78.432099 0.041664
78.473767 0.041667
78.515432 0.041666
78.557098 0.041666
78.598766 0.041668
78.640436 0.041670
78.682098 0.041662
78.723766 0.041668
78.765431 0.041665
78.807101 0.041670
78.848765 0.041664
78.890432 0.041668
78.932099 0.041667
78.973768 0.041669
79.015432 0.041664
79.057099 0.041667
79.098766 0.041667
79.140433 0.041667
79.182101 0.041668
79.223765 0.041664
79.265435 0.041670
79.307103 0.041668
79.348765 0.041662
79.390434 0.041669
79.432099 0.041666
79.473762 0.041663
79.515432 0.041670
79.557100 0.041668
79.598766 0.041666
79.640433 0.041667
79.682100 0.041667
79.723767 0.041667
79.765432 0.041666
79.807101 0.041669
79.848765 0.041664
79.890432 0.041667
79.932099 0.041667
79.973765 0.041666
80.015432 0.041667
80.057101 0.041668
80.098766 0.041665
80.140435 0.041669
80.182101 0.041666
80.223769 0.041668
80.265432 0.041663
80.307099 0.041667
80.348766 0.041667
80.390436 0.041671
80.432101 0.041665
80.473765 0.041664
80.515435 0.041671
80.557099 0.041663
80.598768 0.041669
80.640432 0.041664
80.682103 0.041671
80.723769 0.041666
80.765432 0.041664
80.807099 0.041667
80.848766 0.041667
80.890434 0.041668
80.932099 0.041665
80.973766 0.041667
81.015433 0.041667
81.057099 0.041666
81.098766 0.041667
81.140436 0.041670
81.182100 0.041664
81.223768 0.041667
81.265433 0.041665
81.307103 0.041671
81.348765 0.041662
81.390436 0.041671
81.432100 0.041664
81.473767 0.041667
81.515436 0.041669
81.557108 0.041672
81.598767 0.041659
81.640432 0.041665
81.682103 0.041670
81.723766 0.041663
81.765436 0.041670
81.807101 0.041665
81.848772 0.041671
81.890432 0.041660
81.932105 0.041673
81.973776 0.041671
82.015431 0.041655
82.057109 0.041678
82.098770 0.041661
82.140438 0.041669
82.182099 0.041660
82.223770 0.041672
82.265433 0.041662
82.307099 0.041666
82.348765 0.041666
82.390434 0.041668
82.432099 0.041665
82.473765 0.041666
82.515433 0.041668
82.557098 0.041665
82.598767 0.041669
82.640433 0.041666
82.682101 0.041667
82.723765 0.041664
82.765433 0.041668
82.807099 0.041666
82.848770 0.041671
82.890433 0.041663
82.932099 0.041666
82.973766 0.041666
83.015443 0.041677
83.065064 0.049621
83.098769 0.033705
83.140437 0.041668
83.201957 0.061520
83.257246 0.055289
83.317933 0.060688
83.348771 0.030837
83.396576 0.047806
83.438615 0.042038
83.485934 0.047319
83.526943 0.041009
83.586794 0.059851
83.612280 0.025486
83.640442 0.028161
83.685167 0.044725
83.723770 0.038603
83.765431 0.041661
83.823068 0.057637
83.853665 0.030597
83.890436 0.036770
83.932102 0.041666
83.973769 0.041667
84.015403 0.041634
84.057100 0.041697
84.098770 0.041670
84.140436 0.041666
84.195276 0.054839
84.223770 0.028494
84.265440 0.041670
84.313618 0.048177
84.348771 0.035153
84.444499 0.095728
84.499272 0.054773
84.564876 0.065604
84.598762 0.033887
84.650469 0.051707
84.682579 0.032110
84.723765 0.041185
84.781901 0.058137
84.807057 0.025156
84.877147 0.070090
84.901959 0.024812
84.935845 0.033885
84.980570 0.044725
85.015441 0.034872
85.059471 0.044030
85.101540 0.042069
85.140437 0.038896
85.182104 0.041667
85.223764 0.041660
85.265435 0.041670
85.307102 0.041667
85.348770 0.041668
85.390435 0.041665
85.432100 0.041665
85.473769 0.041669
85.515437 0.041668
85.563446 0.048009
85.598766 0.035321
85.640435 0.041668
85.682100 0.041665
85.723765 0.041665
85.765432 0.041667
85.807100 0.041668
85.848763 0.041662
85.890432 0.041669
85.932099 0.041667
85.973765 0.041666
86.015436 0.041671
86.057099 0.041663
86.098769 0.041670
86.140433 0.041664
86.182099 0.041666
86.223766 0.041667
86.265436 0.041670
86.307099 0.041663
86.348765 0.041666
86.390433 0.041668
86.432104 0.041671
86.473765 0.041661
86.515432 0.041667
86.557099 0.041667
86.598770 0.041671
86.640432 0.041662
86.682098 0.041666
86.723765 0.041667
86.765437 0.041672
86.807100 0.041663
86.848764 0.041664
86.890431 0.041667
86.932101 0.041669
86.973765 0.041664
87.015432 0.041667
87.057099 0.041667
87.098769 0.041670
87.140433 0.041664
87.182099 0.041666
87.223765 0.041666
87.266433 0.042668
87.307099 0.040666
87.348767 0.041667
87.390434 0.041667
87.432100 0.041665
87.473766 0.041667
87.515433 0.041667
87.557098 0.041666
87.598768 0.041669
87.640434 0.041667
87.682103 0.041669
87.723766 0.041663
87.765436 0.041670
87.807101 0.041665
87.848772 0.041671
87.890435 0.041663
87.932101 0.041667
87.973769 0.041667
88.015436 0.041667
88.057105 0.041668
88.098768 0.041663
88.140431 0.041663
88.182099 0.041667
88.223765 0.041667
88.265433 0.041667
88.307104 0.041671
88.348771 0.041667
88.390432 0.041661
88.432101 0.041669
88.473766 0.041664
88.515434 0.041668
88.557099 0.041665
88.598768 0.041669
88.640432 0.041664
88.682102 0.041670
88.723770 0.041667
88.765432 0.041662
88.807100 0.041668
88.848766 0.041666
88.890433 0.041667
88.932099 0.041666
88.973766 0.041667
89.015435 0.041670
89.057102 0.041667
89.098765 0.041663
89.140432 0.041667
89.182098 0.041666
89.223769 0.041671
89.265432 0.041663
89.307099 0.041667
89.348767 0.041668
89.390433 0.041666
89.432103 0.041670
89.473765 0.041662
89.515437 0.041672
89.557100 0.041664
89.598775 0.041674
89.640432 0.041657
89.682099 0.041667
89.723766 0.041666
89.765436 0.041670
89.807100 0.041664
89.848766 0.041666
89.890432 0.041666
89.932110 0.041678
89.973765 0.041656
90.021478 0.047712
90.057104 0.035627
90.121172 0.064068
90.140435 0.019263
90.182099 0.041664
90.229543 0.047443
90.265436 0.035893
90.308282 0.042846
90.348719 0.040437
90.390435 0.041716
90.432104 0.041668
90.473766 0.041662
90.515433 0.041667
90.558753 0.043320
90.598772 0.040019
90.640437 0.041665
90.682100 0.041663
90.723766 0.041666
90.765432 0.041667
90.807105 0.041673
90.848772 0.041667
90.890436 0.041664
90.932099 0.041663
90.973771 0.041672
91.015431 0.041661
91.057099 0.041668
91.098765 0.041666
91.140434 0.041669
91.182097 0.041663
91.223766 0.041670
91.265436 0.041670
91.307099 0.041663
91.348765 0.041666
91.390388 0.041623
91.432099 0.041711
91.473766 0.041667
91.515432 0.041667
91.557099 0.041667
91.598767 0.041668
91.640433 0.041666
91.682099 0.041665
91.723762 0.041663
91.765432 0.041670
91.807102 0.041670
91.848765 0.041663
91.890434 0.041669
91.932098 0.041664
91.973765 0.041667
92.015433 0.041668
92.057099 0.041665
92.098769 0.041670
92.140436 0.041668
92.182100 0.041664
92.223766 0.041666
92.265433 0.041667
92.307099 0.041666
92.348767 0.041668
92.390436 0.041669
92.432104 0.041668
92.473765 0.041662
92.515438 0.041673
92.557099 0.041661
92.598774 0.041674
92.640432 0.041658
92.682103 0.041671
92.723767 0.041663
92.771632 0.047865
92.807105 0.035473
92.885487 0.078382
92.932102 0.046615
92.983091 0.050989
93.074882 0.091791
93.161928 0.087046
93.225962 0.064034
93.346016 0.120054
93.465957 0.119940
93.560322 0.094366
93.598772 0.038450
93.698122 0.099350
93.769936 0.071814
93.873549 0.103613
93.961933 0.088384
94.041786 0.079853
94.057105 0.015319
94.117594 0.060489
94.146353 0.028759
94.182099 0.035746
94.223765 0.041667
94.265434 0.041669
94.307098 0.041664
94.348773 0.041675
94.390432 0.041659
94.432102 0.041670
94.473765 0.041663
94.515436 0.041670
94.557098 0.041663
94.598774 0.041675
94.640432 0.041659
94.682099 0.041667
94.723769 0.041671
94.765432 0.041662
94.807104 0.041672
94.848776 0.041673
94.890432 0.041656
94.932100 0.041668
94.973765 0.041666
95.015435 0.041670
95.057099 0.041663
95.098771 0.041672
95.140434 0.041663
95.182107 0.041673
95.223774 0.041668
95.299157 0.075383
95.348770 0.049613
95.394456 0.045686
95.486479 0.092024
95.515436 0.028957
95.610299 0.094862
95.674693 0.064394
95.723762 0.049069
95.765434 0.041673
95.807098 0.041664
95.848765 0.041667
95.890435 0.041670
95.932099 0.041664
95.973766 0.041667
96.015432 0.041666
96.057100 0.041668
96.098765 0.041665
96.140434 0.041669
96.182098 0.041664
96.223765 0.041667
96.265432 0.041667
96.307100 0.041668
96.348766 0.041665
96.390432 0.041667
96.432098 0.041666
96.473768 0.041669
96.515432 0.041665
96.557099 0.041667
96.598765 0.041666
96.640433 0.041668
96.682099 0.041666
96.723766 0.041667
96.765435 0.041669
96.807104 0.041670
96.848765 0.041661
96.890432 0.041667
96.932098 0.041666
96.973768 0.041670
97.015433 0.041665
97.057099 0.041666
97.098765 0.041667
97.140436 0.041670
97.182099 0.041663
97.223765 0.041666
97.265432 0.041666
97.307101 0.041669
97.348766 0.041666
97.390433 0.041666
97.432100 0.041667
97.473766 0.041666
97.515433 0.041667
97.557098 0.041665
97.598767 0.041668
97.640433 0.041666
97.682110 0.041678
97.723771 0.041661
97.765438 0.041667
97.807111 0.041673
97.848770 0.041659
97.890431 0.041662
97.932100 0.041668
97.973767 0.041667
98.015436 0.041669
98.057099 0.041663
98.098768 0.041669
98.140432 0.041664
98.182111 0.041679
98.223775 0.041664
98.265438 0.041663
98.307108 0.041670
98.348775 0.041667
98.390433 0.041658
98.432101 0.041669
98.473765 0.041663
98.515438 0.041673
98.557105 0.041667
98.598765 0.041660
98.640432 0.041667
98.682100 0.041667
98.723765 0.041666
98.765434 0.041669
98.807099 0.041665
98.848770 0.041670
98.890432 0.041662
98.932099 0.041666
98.973766 0.041667
99.015442 0.041676
99.057101 0.041659
99.098777 0.041677
99.140441 0.041664
99.182106 0.041665
99.223770 0.041664
99.265435 0.041666
99.307101 0.041665
99.349446 0.042345
99.390431 0.040986
99.432102 0.041670
99.473771 0.041669
99.518368 0.044598
99.557107 0.038739
99.598766 0.041659
99.640433 0.041667
99.687914 0.047481
99.723769 0.035855
99.765431 0.041662
99.807104 0.041672
99.848765 0.041662
99.890432 0.041667
99.932099 0.041667
99.973771 0.041673
100.015432 0.041661
100.057098 0.041667
100.098766 0.041667
100.140435 0.041669
100.182098 0.041664
100.223765 0.041667
100.265433 0.041668
100.307096 0.041662
100.348770 0.041675
100.390433 0.041663
100.432100 0.041667
100.473765 0.041666
100.515432 0.041667
100.557099 0.041667
100.598767 0.041669
100.640432 0.041664
100.682101 0.041669
100.723766 0.041665
100.765432 0.041666
100.807101 0.041669
100.848767 0.041665
100.890433 0.041666
100.932103 0.041670
100.973767 0.041664
101.015436 0.041668
101.057099 0.041664
101.098769 0.041670
101.140432 0.041662
101.182065 0.041634
101.223765 0.041700
101.265436 0.041671
101.307099 0.041663
101.348766 0.041667
101.390433 0.041667
101.432099 0.041666
101.473772 0.041672
101.515433 0.041661
101.557101 0.041668
101.598766 0.041665
101.640436 0.041671
101.682102 0.041666
101.723769 0.041667
101.765432 0.041663
101.807105 0.041672
101.848766 0.041661
101.890433 0.041668
101.932099 0.041666
101.973770 0.041670
102.015433 0.041664
102.057098 0.041665
102.098771 0.041672
102.140432 0.041661
102.182105 0.041673
102.223765 0.041660
102.265435 0.041670
102.307099 0.041664
102.348764 0.041666
102.390432 0.041668
102.432098 0.041666
102.473769 0.041671
102.515435 0.041665
102.557102 0.041667
102.598766 0.041664
102.640437 0.041671
102.682098 0.041661
102.723771 0.041673
102.765432 0.041661
102.807103 0.041671
102.848765 0.041661
102.890438 0.041674
102.932103 0.041665
102.973765 0.041662
103.015438 0.041674
103.057099 0.041660
103.098774 0.041675
103.140440 0.041666
103.182099 0.041658
103.223773 0.041675
103.265432 0.041659
103.307107 0.041674
103.348765 0.041658
103.390437 0.041672
103.432099 0.041662
103.473766 0.041666
103.515438 0.041672
103.557103 0.041665
103.598771 0.041668
103.640431 0.041660
103.682107 0.041676
103.723767 0.041660
103.765435 0.041667
103.807098 0.041663
103.848766 0.041668
103.890434 0.041668
103.932107 0.041673
103.973765 0.041659
104.015437 0.041672
104.057099 0.041662
104.098772 0.041673
104.140433 0.041661
104.182103 0.041670
104.223765 0.041662
104.265438 0.041673
104.307104 0.041666
104.348765 0.041661
104.390437 0.041672
104.432098 0.041662
104.473772 0.041673
104.515439 0.041667
104.557098 0.041660
104.598765 0.041667
104.640438 0.041673
104.682098 0.041660
104.723766 0.041668
104.765429 0.041663
104.807105 0.041676
104.848765 0.041660
104.890436 0.041671
104.932099 0.041662
104.973772 0.041673
105.015433 0.041661
105.057104 0.041671
105.098765 0.041661
105.140436 0.041671
105.182098 0.041662
105.223771 0.041673
105.265434 0.041662
105.307100 0.041666
105.348765 0.041665
105.390436 0.041671
105.432098 0.041662
105.473769 0.041671
105.515433 0.041663
105.557105 0.041673
105.598766 0.041660
105.640435 0.041670
105.682101 0.041666
105.723770 0.041668
105.765432 0.041662
105.807100 0.041667
105.848770 0.041670
105.890432 0.041662
105.932102 0.041670
105.973767 0.041665
106.015437 0.041669
106.057106 0.041669
106.098766 0.041660
106.140434 0.041668
106.182100 0.041666
106.223769 0.041669
106.265433 0.041664
106.307100 0.041667
106.348765 0.041665
106.390433 0.041668
106.432103 0.041670
106.473766 0.041663
106.515434 0.041668
106.557098 0.041664
106.598768 0.041670
106.640431 0.041663
106.682104 0.041673
106.723765 0.041662
106.765435 0.041670
106.807100 0.041665
106.848769 0.041669
106.890433 0.041664
106.932099 0.041666
106.973766 0.041667
107.015434 0.041667
107.057100 0.041666
107.098767 0.041667
107.140433 0.041667
107.182101 0.041668
107.223768 0.041667
107.265432 0.041665
107.307101 0.041669
107.348765 0.041664
107.390433 0.041667
107.432098 0.041666
107.473767 0.041669
107.515432 0.041664
107.557101 0.041670
107.598765 0.041664
107.640435 0.041670
107.682102 0.041667
107.723769 0.041667
107.767394 0.043625
107.807103 0.039709
107.848765 0.041662
107.890434 0.041669
107.932100 0.041665
107.973768 0.041669
108.015434 0.041666
108.057102 0.041668
108.098765 0.041663
108.140434 0.041668
108.182101 0.041668
108.223770 0.041668
108.265435 0.041665
108.307099 0.041664
108.348769 0.041670
108.390434 0.041664
108.432099 0.041665
108.473766 0.041667
108.515435 0.041669
108.557103 0.041668
108.598767 0.041663
108.640435 0.041669
108.682100 0.041664
108.723770 0.041670
108.765433 0.041663
108.811352 0.045919
108.848769 0.037417
108.890436 0.041667
108.932103 0.041667
108.973765 0.041662
109.015435 0.041670
109.057099 0.041664
109.098769 0.041670
109.140432 0.041662
109.186864 0.046432
109.223770 0.036906
109.265432 0.041662
109.307098 0.041666
109.348769 0.041670
109.390432 0.041663
109.432105 0.041674
109.473765 0.041660
109.515437 0.041671
109.557098 0.041662
109.598775 0.041676
109.640432 0.041657
109.682103 0.041671
109.723766 0.041663
109.765432 0.041666
109.807103 0.041671
109.848765 0.041662
109.890432 0.041667
109.932099 0.041667
109.973767 0.041668
110.015472 0.041705
110.057103 0.041632
110.098765 0.041662
110.140434 0.041669
110.182099 0.041665
110.223772 0.041673
110.265432 0.041661
110.307103 0.041670
110.348770 0.041668
110.390440 0.041670
110.432100 0.041660
110.473768 0.041669
110.515432 0.041664
110.565812 0.050379
110.598767 0.032956
110.640443 0.041675
110.691720 0.051277
110.737341 0.045621
110.765437 0.028096
110.807098 0.041662
110.848765 0.041667
110.890435 0.041670
110.932099 0.041664
110.973767 0.041669
111.015438 0.041671
111.057098 0.041660
111.098767 0.041669
111.140435 0.041668
111.182099 0.041664
111.223767 0.041668
111.265428 0.041661
111.307106 0.041678
111.348766 0.041659
111.390432 0.041667
111.432099 0.041667
111.473771 0.041671
111.515433 0.041662
111.557102 0.041669
111.598766 0.041664
111.640437 0.041671
111.682102 0.041665
111.723765 0.041662
111.765433 0.041668
111.807101 0.041668
111.848770 0.041669
111.890432 0.041662
111.932103 0.041671
111.973770 0.041667
112.015437 0.041667
112.057098 0.041661
112.098765 0.041666
112.140436 0.041671
112.182103 0.041667
112.223767 0.041665
112.265434 0.041667
112.307099 0.041664
112.348765 0.041666
112.390432 0.041668
112.432100 0.041667
112.473770 0.041670
112.515432 0.041662
112.557104 0.041672
112.598765 0.041662
112.640434 0.041669
112.682098 0.041664
112.723765 0.041667
112.765438 0.041673
112.807099 0.041661
112.848781 0.041682
112.890435 0.041654
112.932101 0.041665
112.973765 0.041665
113.015435 0.041670
113.057100 0.041665
113.098768 0.041668
113.140432 0.041664
113.182100 0.041668
113.223769 0.041669
113.265435 0.041666
113.307099 0.041664
113.348767 0.041668
113.390438 0.041671
113.432099 0.041661
113.473766 0.041666
113.515431 0.041666
113.557105 0.041673
113.598765 0.041660
113.640433 0.041668
113.682099 0.041666
113.723768 0.041669
113.765432 0.041664
113.807103 0.041671
113.848765 0.041662
113.890437 0.041673
113.932102 0.041664
113.973771 0.041669
114.015432 0.041661
114.057099 0.041668
114.098765 0.041666
114.140433 0.041668
114.182098 0.041665
114.223767 0.041669
114.265432 0.041665
114.307099 0.041667
114.348766 0.041667
114.390435 0.041669
114.432099 0.041664
114.473768 0.041669
114.515438 0.041670
114.557099 0.041661
114.598766 0.041667
114.640435 0.041669
114.682099 0.041664
114.723766 0.041667
114.765436 0.041670
114.807105 0.041669
114.848767 0.041662
114.890438 0.041671
114.932098 0.041660
114.973766 0.041668
115.015432 0.041666
115.057099 0.041667
115.098770 0.041670
115.140433 0.041663
115.182101 0.041669
115.223769 0.041668
115.265433 0.041664
115.307100 0.041667
115.348766 0.041667
115.390435 0.041669
115.432101 0.041666
115.473768 0.041667
115.515432 0.041664
115.557099 0.041667
115.598765 0.041666
115.640435 0.041669
115.682098 0.041664
115.723766 0.041668
115.765433 0.041667
115.807102 0.041669
115.848766 0.041663
115.890433 0.041667
115.932099 0.041666
115.973769 0.041670
116.015432 0.041663
116.057103 0.041671
116.098766 0.041663
116.140434 0.041668
116.182098 0.041664
116.223768 0.041670
116.265432 0.041664
116.307099 0.041667
116.348767 0.041668
116.390432 0.041665
116.432099 0.041668
116.473765 0.041665
116.515433 0.041668
116.557101 0.041668
116.598767 0.041666
116.640438 0.041672
116.682100 0.041662
116.723769 0.041669
116.765432 0.041663
116.807102 0.041670
116.849946 0.042845
116.898719 0.048772
116.932107 0.033388
116.984344 0.052238
117.015437 0.031092
117.117954 0.102518
117.157931 0.039976
117.237956 0.080026
117.314640 0.076684
117.377966 0.063325
117.435309 0.057343
117.473765 0.038456
117.515432 0.041667
117.557103 0.041672
117.598767 0.041664
117.640444 0.041677
117.682099 0.041655
117.723771 0.041672
117.765433 0.041661
117.807106 0.041674
117.848767 0.041660
117.890437 0.041670
117.932099 0.041662
117.973772 0.041673
118.015432 0.041660
118.057105 0.041673
118.098767 0.041662
118.140435 0.041668
118.182099 0.041664
118.223772 0.041673
118.265439 0.041667
118.307099 0.041659
118.348772 0.041673
118.390431 0.041659
118.432106 0.041675
118.473773 0.041667
118.515433 0.041660
118.557104 0.041671
118.598767 0.041664
118.640432 0.041665
118.682099 0.041667
118.723765 0.041667
118.765435 0.041670
118.807099 0.041664
118.848769 0.041670
118.890432 0.041663
118.932104 0.041672
118.973769 0.041665
119.015431 0.041663
119.057102 0.041670
119.098771 0.041669
119.140437 0.041666
119.182098 0.041662
119.223769 0.041671
119.265436 0.041667
119.307107 0.041671
119.348766 0.041659
119.390433 0.041667
119.432105 0.041673
119.473765 0.041660
119.515432 0.041667
119.557099 0.041666
119.598770 0.041671
119.640432 0.041662
119.682099 0.041666
119.723765 0.041666
119.765435 0.041670
119.807098 0.041664
119.848765 0.041667
119.890433 0.041668
119.932099 0.041666
119.973768 0.041669
120.015432 0.041664
120.057104 0.041672
120.098765 0.041661
120.140432 0.041667
120.182099 0.041667
120.223771 0.041672
120.265432 0.041661
120.307098 0.041666
120.348765 0.041667
120.390438 0.041673
120.432107 0.041669
120.473769 0.041662
120.515432 0.041663
120.557109 0.041677
120.604678 0.047569
120.640438 0.035760
120.682099 0.041661
120.723770 0.041672
120.765432 0.041661
120.807098 0.041666
120.848765 0.041667
120.890438 0.041672
120.932107 0.041669
120.973766 0.041659
121.015432 0.041666
121.057103 0.041671
121.098770 0.041667
121.140432 0.041662
121.182099 0.041667
121.223768 0.041669
121.265432 0.041664
121.307098 0.041666
121.348766 0.041668
121.390434 0.041668
121.432100 0.041665
121.473766 0.041666
121.515432 0.041667
121.557101 0.041669
121.598765 0.041664
121.645221 0.046456
121.682103 0.036882
121.723765 0.041661
121.765432 0.041668
121.807099 0.041666
121.848776 0.041678
121.890438 0.041661
121.932100 0.041662
121.973765 0.041666
122.015434 0.041669
122.057103 0.041669
122.098764 0.041661
122.140435 0.041671
122.182099 0.041664
122.223769 0.041670
122.265432 0.041662
122.307100 0.041668
122.348766 0.041666
122.390436 0.041671
122.432101 0.041664
122.473769 0.041668
122.515434 0.041665
122.557101 0.041667
122.598765 0.041665
122.640434 0.041669
122.682099 0.041665
122.723765 0.041666
122.765431 0.041666
122.807099 0.041667
122.848770 0.041671
122.890432 0.041662
122.932098 0.041667
122.973766 0.041667
123.015436 0.041670
123.057098 0.041662
123.098765 0.041667
123.140432 0.041667
123.182104 0.041672
123.223766 0.041662
123.265432 0.041666
123.307099 0.041668
123.348770 0.041671
123.390432 0.041662
123.432100 0.041668
123.473765 0.041665
123.515438 0.041672
123.557099 0.041661
123.598767 0.041667
123.640434 0.041667
123.682104 0.041670
123.723765 0.041661
123.765432 0.041667
123.807099 0.041667
123.848772 0.041673
123.890432 0.041661
123.932100 0.041667
123.973766 0.041666
124.015436 0.041670
124.057098 0.041662
124.098770 0.041672
124.140436 0.041666
124.182102 0.041666
124.223765 0.041663
124.265433 0.041667
124.307102 0.041670
124.348766 0.041663
124.390433 0.041667
124.432101 0.041668
124.473765 0.041664
124.515433 0.041668
124.557099 0.041666
124.598770 0.041671
124.640433 0.041663
124.682103 0.041671
124.723766 0.041663
124.765438 0.041672
124.807099 0.041661
124.848766 0.041667
124.890431 0.041666
124.932104 0.041673
124.973765 0.041661
125.015433 0.041668
125.057098 0.041665
125.098765 0.041667
125.140432 0.041667
125.182100 0.041667
125.223769 0.041669
125.265432 0.041663
125.307104 0.041672
125.348771 0.041667
125.390432 0.041661
125.432100 0.041668
125.473776 0.041676
125.515440 0.041664
125.557098 0.041658
125.598766 0.041668
125.640434 0.041668
125.682100 0.041667
125.723765 0.041665
125.765432 0.041667
125.807104 0.041672
125.848766 0.041662
125.890435 0.041669
125.932099 0.041665
125.973776 0.041676
126.015435 0.041659
126.057102 0.041667
126.098767 0.041665
126.140438 0.041671
126.182099 0.041662
126.223766 0.041667
126.265433 0.041666
126.307103 0.041670
126.348766 0.041663
126.390439 0.041673
126.432099 0.041659
126.473772 0.041673
126.515434 0.041663
126.557098 0.041664
126.598765 0.041666
126.640434 0.041669
126.682106 0.041672
126.723776 0.041670
126.765434 0.041658
126.807101 0.041667
126.848765 0.041664
126.890436 0.041672
126.932098 0.041662
126.973767 0.041669
127.015431 0.041664
127.057105 0.041674
127.098765 0.041660
127.140434 0.041669
127.182100 0.041666
127.223773 0.041672
127.265438 0.041665
127.307110 0.041672
127.348766 0.041656
127.390432 0.041666
127.432098 0.041666
127.473766 0.041668
127.515432 0.041666
127.557098 0.041666
127.598766 0.041667
127.640434 0.041668
127.682100 0.041666
127.723766 0.041666
127.765434 0.041669
127.807099 0.041665
127.848769 0.041669
127.890432 0.041663
127.932102 0.041670
127.973766 0.041663
128.015432 0.041666
128.057099 0.041667
128.098767 0.041668
128.140436 0.041669
128.182098 0.041663
128.223769 0.041671
128.265433 0.041664
128.307099 0.041666
128.348766 0.041668
128.390433 0.041667
128.432102 0.041669
128.473765 0.041662
128.515433 0.041668
128.557101 0.041669
128.598765 0.041664
128.640433 0.041668
128.682099 0.041666
128.723772 0.041673
128.765434 0.041662
128.807146 0.041712
128.848765 0.041619
128.890435 0.041670
128.932099 0.041663
128.973766 0.041667
129.015433 0.041667
129.057100 0.041667
129.098769 0.041669
129.140434 0.041665
129.182100 0.041667
129.223768 0.041667
129.265432 0.041664
129.307101 0.041670
129.348770 0.041668
129.390434 0.041664
129.432100 0.041666
129.473772 0.041672
129.515437 0.041665
129.557102 0.041665
129.598768 0.041665
129.640435 0.041667
129.682103 0.041669
129.723767 0.041664
129.765437 0.041670
129.807101 0.041664
129.848771 0.041670
129.890433 0.041662
129.932101 0.041668
129.973767 0.041666
130.015436 0.041669
130.057105 0.041669
130.098766 0.041661
130.140437 0.041671
130.182102 0.041665
130.223773 0.041670
130.265447 0.041675
130.307106 0.041658
130.348770 0.041664
130.390436 0.041666
130.432100 0.041664
130.473765 0.041666
130.515432 0.041667
130.557099 0.041667
130.598767 0.041668
130.640434 0.041666
130.682100 0.041666
130.723767 0.041667
130.765432 0.041666
130.807100 0.041667
130.848765 0.041666
130.890436 0.041671
130.932099 0.041662
130.973769 0.041670
131.015432 0.041663
131.057101 0.041669
131.098765 0.041664
131.140436 0.041671
131.182098 0.041662
131.223769 0.041670
131.265433 0.041664
131.307100 0.041668
131.348765 0.041665
131.390435 0.041670
131.432101 0.041666
131.473766 0.041665
131.515433 0.041667
131.557099 0.041666
131.598765 0.041667
131.640433 0.041668
131.682098 0.041665
131.723765 0.041667
131.765436 0.041670
131.807099 0.041663
131.848773 0.041674
131.890432 0.041660
131.932106 0.041674
131.973766 0.041660
132.015435 0.041669
132.057099 0.041664
132.098769 0.041670
132.140433 0.041664
132.182099 0.041666
132.223765 0.041666
132.265433 0.041667
132.307099 0.041667
132.348767 0.041667
132.390433 0.041667
132.432098 0.041665
132.473766 0.041668
132.515432 0.041666
132.557103 0.041671
132.598766 0.041663
132.640434 0.041669
132.682099 0.041665
132.723765 0.041666
132.765433 0.041668
132.807100 0.041667
132.848772 0.041671
132.890433 0.041661
132.932100 0.041668
132.973766 0.041666
133.015439 0.041672
133.057100 0.041661
133.098770 0.041670
133.140433 0.041663
133.182107 0.041674
133.226560 0.044452
133.265437 0.038877
133.307109 0.041673
133.348767 0.041657
133.390440 0.041673
133.432115 0.041675
133.474730 0.042615
133.515432 0.040703
133.557102 0.041670
133.606011 0.048909
133.640439 0.034428
133.682099 0.041659
133.723765 0.041666
133.765432 0.041667
133.807099 0.041667
133.848770 0.041670
133.890436 0.041666
133.932099 0.041663
133.973768 0.041669
134.015432 0.041664
134.057102 0.041670
134.098767 0.041666
134.140436 0.041668
134.182099 0.041664
134.223769 0.041669
134.265433 0.041665
134.307101 0.041667
134.348769 0.041669
134.390436 0.041666
134.432098 0.041662
134.473765 0.041667
134.515433 0.041669
134.557098 0.041665
134.598765 0.041667
134.640435 0.041670
134.682105 0.041669
134.723772 0.041667
134.765436 0.041664
134.807102 0.041666
134.848775 0.041673
134.890441 0.041666
134.936846 0.046405
134.981015 0.044170
135.015441 0.034426
135.058366 0.042925
135.113948 0.055582
135.158292 0.044344
135.230102 0.071810
135.273171 0.043069
135.324758 0.051587
135.381954 0.057196
135.444153 0.062199
135.473771 0.029618
135.531846 0.058074
135.557108 0.025263
135.608343 0.051235
135.645759 0.037417
135.713963 0.068203
135.885950 0.171987
135.932099 0.046149
135.998201 0.066102
136.057073 0.058872
136.098765 0.041692
136.140435 0.041671
136.182102 0.041667
136.223772 0.041670
136.265436 0.041664
136.307107 0.041671
136.348768 0.041661
136.390438 0.041670
136.432099 0.041661
136.473764 0.041665
136.515443 0.041679
136.557099 0.041656
136.598770 0.041670
136.640436 0.041666
136.682101 0.041665
136.723768 0.041667
136.765434 0.041665
136.807106 0.041672
136.848768 0.041662
136.890435 0.041668
136.932104 0.041669
136.973766 0.041662
137.015435 0.041669
137.057100 0.041666
137.098774 0.041674
137.140435 0.041660
137.182101 0.041667
137.223766 0.041664
137.265435 0.041669
137.307099 0.041664
137.348766 0.041668
137.390432 0.041666
137.432099 0.041667
137.473768 0.041669
137.515436 0.041668
137.557099 0.041663
137.598766 0.041667
137.640432 0.041666
137.682108 0.041676
137.723770 0.041663
137.765433 0.041662
137.807105 0.041672
137.848767 0.041662
137.890444 0.041677
137.932100 0.041655
137.973766 0.041667
138.015432 0.041666
138.057105 0.041673
138.098768 0.041663
138.140432 0.041665
138.182100 0.041668
138.223771 0.041671
138.265433 0.041662
138.307102 0.041669
138.348765 0.041663
138.390438 0.041674
138.432099 0.041660
138.473766 0.041667
138.515436 0.041670
138.557102 0.041666
138.598767 0.041666
138.640432 0.041665
138.682104 0.041672
138.723766 0.041662
138.765435 0.041669
138.807105 0.041671
138.848775 0.041669
138.890433 0.041658
138.932102 0.041669
138.973765 0.041663
139.015436 0.041671
139.057102 0.041667
139.098766 0.041664
139.140433 0.041667
139.182099 0.041666
139.223766 0.041668
139.265382 0.041616
139.307103 0.041721
139.348769 0.041666
139.390432 0.041664
139.432099 0.041667
139.473770 0.041671
139.515432 0.041662
139.557107 0.041674
139.598767 0.041660
139.640433 0.041667
139.682099 0.041666
139.723772 0.041673
139.765432 0.041660
139.807106 0.041673
139.848765 0.041660
139.890439 0.041674
139.932099 0.041660
139.973766 0.041668
140.015433 0.041667
140.057101 0.041668
140.098766 0.041665
140.140432 0.041666
140.182101 0.041669
140.223769 0.041668
140.265436 0.041667
140.307100 0.041663
140.348768 0.041668
140.390437 0.041669
140.432102 0.041665
140.473765 0.041663
140.515433 0.041668
140.557099 0.041666
140.598766 0.041667
140.640432 0.041666
140.682100 0.041669
140.723766 0.041665
140.765432 0.041667
140.807109 0.041676
140.848766 0.041657
140.890433 0.041667
140.932099 0.041666
140.973767 0.041669
141.015432 0.041665
141.057101 0.041669
141.098768 0.041666
141.140436 0.041668
141.182103 0.041667
141.223770 0.041666
141.265436 0.041666
141.307101 0.041665
141.348768 0.041667
141.390432 0.041665
141.432099 0.041667
141.473765 0.041667
141.515433 0.041667
141.557100 0.041667
141.598770 0.041670
141.640433 0.041663
141.682103 0.041670
141.723766 0.041663
141.765440 0.041674
141.807101 0.041661
141.848768 0.041667
141.895640 0.046872
141.932103 0.036463
141.973770 0.041667
142.015433 0.041663
142.058145 0.042712
142.098766 0.040621
142.140433 0.041666
142.182099 0.041666
142.223777 0.041678
142.265441 0.041664
142.311641 0.046200
142.350109 0.038468
142.390436 0.040327
142.432063 0.041627
142.473766 0.041703
142.524935 0.051170
142.557106 0.032171
142.598773 0.041667
142.662240 0.063467
142.723765 0.061525
142.765435 0.041670
142.807099 0.041664
142.848771 0.041672
142.892819 0.044048
142.932107 0.039288
142.973770 0.041663
143.015440 0.041670
143.057101 0.041661
143.098772 0.041671
143.140433 0.041661
143.182104 0.041671
143.223766 0.041663
143.265441 0.041674
143.307708 0.042267
143.348777 0.041069
143.390433 0.041656
143.432114 0.041681
143.474628 0.042514
143.515438 0.040810
143.557098 0.041661
143.598770 0.041672
143.640439 0.041669
143.690571 0.050132
143.723769 0.033198
143.765441 0.041672
143.807098 0.041657
143.848765 0.041667
143.890436 0.041671
143.932102 0.041666
143.981677 0.049575
144.015437 0.033760
144.057100 0.041664
144.098771 0.041670
144.140432 0.041661
144.182105 0.041673
144.223766 0.041661
144.265436 0.041670
144.307098 0.041663
144.348776 0.041677
144.390440 0.041665
144.432100 0.041660
144.473771 0.041671
144.515432 0.041661
144.557103 0.041671
144.598769 0.041666
144.640432 0.041663
144.682103 0.041671
144.723769 0.041666
144.765442 0.041673
144.807099 0.041657
144.848767 0.041668
144.890432 0.041666
144.932102 0.041669
144.973765 0.041664
145.015434 0.041669
145.057101 0.041667
145.098767 0.041666
145.140432 0.041665
145.182100 0.041668
145.223765 0.041666
145.265436 0.041671
145.307099 0.041663
145.348767 0.041668
145.390434 0.041667
145.432098 0.041664
145.473766 0.041667
145.515433 0.041667
145.557103 0.041669
145.598765 0.041663
145.640432 0.041667
145.682099 0.041667
145.723770 0.041670
145.773704 0.049934
145.807101 0.033397
145.848766 0.041666
145.890436 0.041670
145.932102 0.041666
145.973765 0.041663
146.015434 0.041669
146.057106 0.041672
146.098775 0.041669
146.140447 0.041672
146.182101 0.041654
146.223767 0.041666
146.265437 0.041670
146.307105 0.041668
146.357750 0.050645
146.390386 0.032635
146.432106 0.041720
146.476857 0.044751
146.515433 0.038576
146.580537 0.065104
146.598773 0.018235
146.649963 0.051191
146.685608 0.035645
146.723765 0.038157
146.765442 0.041677
146.811378 0.045936
146.848766 0.037388
146.890436 0.041670
146.940296 0.049860
146.973766 0.033469
147.015393 0.041627
147.057102 0.041709
147.098726 0.041625
147.140436 0.041710
147.182106 0.041670
147.223779 0.041674
147.265434 0.041655
147.307105 0.041671
147.348770 0.041664
147.391207 0.042438
147.435033 0.043825
147.473771 0.038738
147.515432 0.041661
147.560595 0.045163
147.598770 0.038175
147.642352 0.043582
147.682107 0.039755
147.723768 0.041661
147.765438 0.041670
147.807100 0.041662
147.848773 0.041673
147.890437 0.041664
147.932104 0.041667
147.979924 0.047820
148.015441 0.035517
148.057099 0.041658
148.098767 0.041668
148.140432 0.041665
148.182100 0.041669
148.223765 0.041665
148.265443 0.041678
148.313213 0.047771
148.348779 0.035565
148.390440 0.041661
148.438448 0.048008
148.473769 0.035321
148.515432 0.041663
148.557100 0.041668
148.598765 0.041665
148.640437 0.041672
148.682102 0.041665
148.723766 0.041664
148.765433 0.041667
148.807099 0.041666
148.848766 0.041667
148.890432 0.041666
148.932099 0.041667
148.973766 0.041666
149.015433 0.041667
149.057099 0.041666
149.098767 0.041668
149.140432 0.041665
149.182099 0.041667
149.223766 0.041667
149.265434 0.041669
149.307099 0.041665
149.348765 0.041666
149.390436 0.041671
149.432103 0.041667
149.473766 0.041663
149.515436 0.041670
149.557101 0.041665
149.598769 0.041668
149.640433 0.041664
149.682104 0.041671
149.723766 0.041661
149.765432 0.041667
149.807099 0.041666
149.848766 0.041668
149.890438 0.041671
149.932105 0.041668
149.973766 0.041661
150.015432 0.041667
150.057103 0.041670
150.098766 0.041664
150.140435 0.041669
150.182105 0.041670
150.223765 0.041660
150.265435 0.041670
150.307099 0.041664
150.348766 0.041666
150.390439 0.041673
150.432099 0.041660
150.473773 0.041674
150.515434 0.041662
150.557109 0.041675
150.598767 0.041658
150.640444 0.041677
150.682101 0.041657
150.723769 0.041668
150.765432 0.041663
150.807100 0.041668
150.848768 0.041669
150.890434 0.041666
150.932099 0.041665
150.973768 0.041669
151.015432 0.041664
151.057100 0.041668
151.098767 0.041668
151.140433 0.041666
151.182099 0.041665
151.223765 0.041667
151.265434 0.041668
151.307100 0.041666
151.348766 0.041667
151.390435 0.041669
151.432099 0.041663
151.473768 0.041670
151.515433 0.041664
151.557112 0.041679
151.598766 0.041654
151.640432 0.041666
151.682101 0.041668
151.723766 0.041665
151.765435 0.041669
151.807100 0.041665
151.848772 0.041671
151.890433 0.041661
151.932105 0.041673
151.973768 0.041663
152.015436 0.041667
152.057099 0.041664
152.098770 0.041671
152.140434 0.041664
152.182103 0.041670
152.223765 0.041662
152.265437 0.041672
152.307102 0.041664
152.348770 0.041668
152.390437 0.041667
152.432103 0.041666
152.473769 0.041666
152.515436 0.041667
152.557099 0.041663
152.598772 0.041673
152.640433 0.041661
152.685813 0.045380
152.723769 0.037956
152.765431 0.041662
152.807100 0.041669
152.849411 0.042311
152.890435 0.041024
152.932103 0.041668
152.973766 0.041662
153.015441 0.041675
153.057099 0.041657
153.098776 0.041677
153.140435 0.041659
153.182104 0.041670
153.223766 0.041662
153.265436 0.041670
153.307101 0.041665
153.348773 0.041672
153.390433 0.041659
153.432103 0.041670
153.473783 0.041680
153.515438 0.041655
153.557099 0.041661
153.598770 0.041671
153.640433 0.041664
153.682111 0.041677
153.723766 0.041655
153.765438 0.041673
153.807105 0.041667
153.848770 0.041665
153.890432 0.041662
153.932102 0.041669
153.973766 0.041665
154.015827 0.042060
154.057099 0.041273
154.099756 0.042657
154.140434 0.040678
154.182103 0.041669
154.223768 0.041664
154.265436 0.041669
154.307101 0.041664
154.348770 0.041669
154.390432 0.041662
154.432104 0.041672
154.473767 0.041664
154.517471 0.043703
154.557100 0.039629
154.598769 0.041669
154.640434 0.041665
154.682103 0.041669
154.723765 0.041662
154.765436 0.041670
154.807100 0.041664
154.848770 0.041671
154.900904 0.052134
154.932107 0.031203
154.973771 0.041664
155.015438 0.041667
155.057102 0.041664
155.098770 0.041667
155.140432 0.041662
155.182098 0.041667
155.223769 0.041671
155.265432 0.041663
155.307099 0.041667
155.348769 0.041669
155.390432 0.041663
155.432101 0.041669
155.473770 0.041669
155.515433 0.041663
155.557099 0.041666
155.598765 0.041667
155.640433 0.041667
155.682101 0.041668
155.723765 0.041665
155.765435 0.041670
155.807104 0.041669
155.848766 0.041662
155.890433 0.041668
155.932099 0.041666
155.973766 0.041668
156.015432 0.041665
156.057104 0.041672
156.098775 0.041670
156.140434 0.041659
156.182100 0.041667
156.223768 0.041667
156.265434 0.041666
156.307104 0.041670
156.348765 0.041661
156.390433 0.041668
156.432102 0.041669
156.473767 0.041665
156.515432 0.041664
156.557105 0.041674
156.598766 0.041661
156.640432 0.041666
156.682099 0.041667
156.723766 0.041667
156.765436 0.041670
156.807109 0.041674
156.848765 0.041655
156.890438 0.041673
156.932104 0.041666
156.973768 0.041664
157.015433 0.041664
157.057098 0.041665
157.098765 0.041668
157.140434 0.041668
157.182099 0.041665
157.223765 0.041666
157.265432 0.041667
157.307099 0.041667
157.348773 0.041675
157.390432 0.041658
157.432103 0.041671
157.473766 0.041663
157.515436 0.041670
157.557098 0.041662
157.598767 0.041669
157.640432 0.041665
157.682105 0.041673
157.723765 0.041660
157.765431 0.041666
157.807099 0.041668
157.848770 0.041671
157.890432 0.041662
157.932099 0.041666
157.973766 0.041667
158.015434 0.041668
158.057099 0.041665
158.098765 0.041666
158.140435 0.041670
158.182099 0.041664
158.223766 0.041667
158.265438 0.041672
158.307100 0.041662
158.348772 0.041672
158.390444 0.041672
158.432105 0.041662
158.473767 0.041661
158.515432 0.041666
158.557101 0.041669
158.598769 0.041669
158.640432 0.041663
158.682102 0.041670
158.723767 0.041665
158.765432 0.041665
158.807105 0.041673
158.848765 0.041660
158.890437 0.041672
158.932099 0.041663
158.973765 0.041666
159.015431 0.041666
159.057097 0.041666
159.098771 0.041674
159.140433 0.041662
159.182098 0.041665
159.223765 0.041667
159.265432 0.041667
159.307098 0.041667
159.348766 0.041667
159.390433 0.041667
159.432098 0.041665
159.473768 0.041669
159.515435 0.041667
159.557099 0.041664
159.598770 0.041671
159.640438 0.041668
159.682100 0.041662
159.723772 0.041672
159.765442 0.041671
159.807099 0.041656
159.848766 0.041667
159.890430 0.041664
159.932102 0.041672
159.973771 0.041669
