0.000000 0.011027
0.000000 0.005370
0.000000 0.008820
0.000000 0.008480
0.000000 0.007266
0.000000 0.006718
0.000000 0.004897
0.005276 0.005757
0.005276 0.005778
0.007076 0.005755
0.009047 0.005789
0.006823 0.005695
0.006492 0.005601
0.007765 0.005068
0.007400 0.005685
0.004545 0.006009
0.006930 0.005763
0.006786 0.005590
0.006664 0.005701
0.006556 0.005587
0.006217 0.005617
0.006178 0.005616
0.006167 0.004999
0.006142 0.005655
0.006109 0.004348
0.006086 0.005659
0.006059 0.005553
0.006036 0.005623
0.006015 0.005625
0.005968 0.005705
0.005954 0.005632
0.005886 0.005057
0.005877 0.005608
0.005865 0.004352
0.005855 0.005643
0.005846 0.005644
0.005841 0.005619
0.005833 0.005619
0.005808 0.005575
0.005801 0.005611
0.005756 0.005094
0.005753 0.005600
0.005751 0.004373
0.005746 0.005627
0.005742 0.005597
0.005738 0.005595
0.005734 0.005651
0.005717 0.005626
0.005714 0.005609
0.005681 0.005024
0.005680 0.005644
0.005679 0.004384
0.005677 0.005620
0.005676 0.005614
0.005675 0.005636
0.005672 0.005671
0.005659 0.005631
0.005658 0.005625
0.005765 0.004992
0.005763 0.005623
0.004792 0.004389
0.005757 0.005629
0.005755 0.005622
0.005752 0.005597
0.005748 0.005608
0.005733 0.005570
0.005730 0.005692
0.005731 0.005007
0.005729 0.005649
0.004737 0.004370
0.005725 0.005648
0.005722 0.005654
0.005720 0.005630
0.005718 0.005611
0.005705 0.005637
0.005704 0.005632
0.005705 0.005022
0.005704 0.005607
0.004732 0.004903
0.005701 0.003809
0.005700 0.004027
0.005699 0.004084
0.005698 0.004122
0.005686 0.003790
0.005685 0.005648
0.005685 0.005003
0.005656 0.005609
0.004711 0.004363
0.005497 0.005583
0.005479 0.005614
0.005457 0.005569
0.005459 0.005605
0.005453 0.005575
0.005455 0.005637
0.005442 0.004987
0.005443 0.005576
0.005446 0.004383
0.005447 0.005630
0.005449 0.005624
0.005450 0.005585
0.005453 0.005678
0.005447 0.005656
0.005449 0.005592
0.005436 0.005010
0.005439 0.005649
0.005524 0.004540
0.005447 0.004788
0.005445 0.005043
0.005558 0.004832
0.005829 0.006697
0.011915 0.013819
0.007297 0.010609
0.006220 0.007850
0.005927 0.006775
0.012366 0.017717
0.006069 0.007625
0.011422 0.017435
0.016354 0.021792
0.006159 0.007981
0.025210 0.027724
0.006379 0.008836
0.006653 0.008625
0.015816 0.019192
0.023975 0.024435
0.017703 0.019242
0.026223 0.024676
0.006722 0.008022
0.024154 0.023661
0.006969 0.008585
0.007074 0.009718
0.024783 0.024894
0.008778 0.012117
0.006500 0.007865
0.006458 0.007571
0.018694 0.019560
0.006464 0.007568
0.013689 0.015217
0.022165 0.022511
0.008817 0.012756
0.006976 0.009705
0.007201 0.010154
0.025878 0.026472
0.009358 0.013368
0.007201 0.009315
0.007158 0.009715
0.021657 0.022737
0.007400 0.010710
0.007393 0.010694
0.017907 0.019137
0.006678 0.007616
0.022232 0.022785
0.009051 0.011533
0.007108 0.009009
0.006844 0.007992
0.020192 0.022095
0.009519 0.013517
0.006937 0.008069
0.007186 0.009992
0.016170 0.017607
0.009773 0.013942
0.007214 0.009072
0.007002 0.008082
0.011104 0.011653
0.010755 0.015145
0.007438 0.010031
0.040223 0.028080
0.017080 0.018330
0.011378 0.016385
0.007854 0.012244
0.008084 0.012690
0.018055 0.020259
0.011004 0.016613
0.008278 0.012983
0.007962 0.012623
0.013984 0.016989
0.008206 0.013004
0.015288 0.012403
0.014152 0.016860
0.008176 0.012767
0.008847 0.010625
0.011620 0.010683
0.015746 0.014369
0.014241 0.012718
0.016733 0.015652
0.015121 0.013023
0.017231 0.015295
0.014464 0.012781
0.011858 0.010508
0.014039 0.014900
0.012794 0.011842
0.010399 0.010519
0.012047 0.011681
0.010578 0.010299
0.011495 0.011251
0.010781 0.010245
0.011745 0.011421
0.010515 0.010178
0.010845 0.010460
0.010574 0.013463
0.011206 0.010827
0.009841 0.012817
0.010117 0.013170
0.010853 0.010893
0.009777 0.012407
0.010018 0.010303
0.009110 0.011582
0.008790 0.011705
0.010866 0.011449
0.008706 0.011141
0.009036 0.012217
0.011001 0.011404
0.009849 0.012692
0.008447 0.010826
0.008599 0.011166
0.010555 0.011031
0.009868 0.012285
0.008427 0.010203
0.008569 0.010801
0.008889 0.009755
0.016423 0.013731
0.018055 0.017088
0.012876 0.014412
0.011433 0.016242
0.013176 0.017070
0.009758 0.013373
0.018652 0.019023
0.010738 0.015849
0.009857 0.014251
0.016589 0.018234
0.014427 0.017725
0.009555 0.013547
0.009669 0.014326
0.015809 0.015657
0.014560 0.017261
0.010390 0.013195
0.013703 0.017390
0.013934 0.017356
0.014802 0.015819
0.014840 0.018628
0.013540 0.016090
0.016485 0.015150
0.014854 0.018212
0.012081 0.016108
0.010730 0.013757
0.016777 0.016403
0.019257 0.020136
0.014528 0.017580
0.014563 0.017941
0.014821 0.015488
0.011208 0.014734
0.019314 0.018744
0.018888 0.020220
0.012206 0.015425
0.012937 0.016778
0.005515 0.005712
0.006823 0.003957
0.020119 0.018359
0.017270 0.016904
0.007163 0.005129
0.007466 0.006250
0.007235 0.004499
0.009216 0.007724
0.011736 0.010650
0.013399 0.012270
0.014265 0.015137
0.014123 0.015263
0.015417 0.017626
0.010950 0.013058
0.009126 0.011852
0.007608 0.009789
0.008099 0.010181
0.013463 0.011211
0.009180 0.009972
0.007762 0.010199
0.010027 0.010425
0.013030 0.014117
0.009404 0.011514
0.009210 0.011718
0.012736 0.016184
0.010524 0.013688
0.009122 0.010735
0.008487 0.010766
0.011494 0.015746
0.010179 0.013788
0.008695 0.010521
0.008366 0.010882
0.011667 0.015453
0.010210 0.013973
0.008995 0.011178
0.008721 0.011443
0.011341 0.014208
0.010281 0.013544
0.008948 0.010593
0.008615 0.010990
0.008514 0.010908
0.076417 0.052470
0.040755 0.032867
0.016036 0.019089
0.010710 0.013387
0.009925 0.012201
0.009959 0.011738
0.009688 0.011829
0.029979 0.030007
0.012021 0.016133
0.009368 0.009224
0.009409 0.010903
0.030480 0.030632
0.012220 0.016341
0.009255 0.009124
0.009741 0.011260
0.030547 0.030630
0.012175 0.015910
0.009355 0.009267
0.009980 0.011225
0.027812 0.028062
0.012273 0.015969
0.009334 0.008841
0.009736 0.011668
0.027727 0.027779
0.012561 0.016128
0.009509 0.009550
0.009944 0.011178
0.026482 0.027732
0.012815 0.017094
0.009605 0.009713
0.010103 0.012140
0.021057 0.023306
0.012773 0.016062
0.009462 0.008993
0.009799 0.010598
0.015771 0.012979
0.016496 0.017899
0.009739 0.009855
0.011267 0.012103
0.013078 0.014097
0.010745 0.013205
0.009315 0.011299
0.009548 0.011759
0.013046 0.015229
0.010790 0.014004
0.009419 0.011664
0.009348 0.011705
0.014027 0.015719
0.010786 0.013790
0.009390 0.011680
0.009285 0.011025
0.012669 0.015304
0.010561 0.013329
0.009245 0.010820
0.009357 0.011512
0.012990 0.014492
0.010615 0.013492
0.009283 0.011446
0.009381 0.011657
0.013040 0.014311
0.010922 0.014085
0.009437 0.011761
0.009571 0.011917
0.011916 0.013225
0.009858 0.012150
0.018402 0.014761
0.009709 0.009680
0.010939 0.012118
0.013760 0.015605
0.009296 0.011384
0.013885 0.015277
0.009190 0.011145
0.013334 0.014768
0.009231 0.011501
0.012659 0.014030
0.009364 0.012024
0.014634 0.011923
0.012076 0.012123
0.009948 0.009562
0.011687 0.011490
0.010020 0.010440
0.011288 0.011188
0.010308 0.010769
0.012881 0.010368
0.012395 0.011342
0.011260 0.011982
0.012022 0.011028
0.011266 0.012672
0.012216 0.011216
0.011119 0.012627
0.012472 0.011545
0.011178 0.013049
0.012229 0.011463
0.010811 0.012095
0.012292 0.011555
0.010928 0.012466
0.011835 0.011674
0.011688 0.011337
0.012122 0.011133
0.010813 0.011960
0.012159 0.011380
0.010560 0.012054
0.012740 0.011499
0.012119 0.013208
0.010590 0.012417
0.010583 0.012537
0.013238 0.012146
0.012068 0.013775
0.010438 0.012402
0.010514 0.012499
0.012274 0.010914
0.012313 0.013591
0.010425 0.011869
0.011129 0.012706
0.023580 0.019725
0.018086 0.019318
0.025301 0.025421
0.023512 0.024535
0.025844 0.026696
0.030309 0.030297
0.009654 0.010753
0.026494 0.027638
0.010560 0.012117
0.009421 0.011600
0.009347 0.010549
0.019051 0.022017
0.011691 0.014758
0.009692 0.011940
0.009722 0.012598
0.009445 0.010194
0.009328 0.010816
0.015268 0.012576
0.012254 0.012234
0.009220 0.008000
0.009425 0.008320
0.012398 0.012588
0.009872 0.011414
0.013521 0.013938
0.011453 0.013832
0.009822 0.011609
0.009898 0.011964
0.013944 0.014551
0.011761 0.014520
0.009965 0.011698
0.009965 0.012082
0.013806 0.014597
0.011987 0.014623
0.009903 0.011692
0.010257 0.012624
0.013972 0.014524
0.012040 0.014796
0.010118 0.012070
0.010324 0.012342
0.013786 0.014202
0.012255 0.014788
0.010480 0.012425
0.010441 0.012429
0.013578 0.013327
0.012712 0.014896
0.010554 0.012916
0.011122 0.013421
0.012862 0.012762
0.011388 0.013341
0.012750 0.012539
0.011152 0.012648
0.013166 0.012691
0.012292 0.013700
0.011195 0.012557
0.010886 0.012394
0.012938 0.010490
0.012254 0.012581
0.010335 0.011838
0.011944 0.010695
0.011227 0.011468
0.011723 0.010428
0.011427 0.012304
0.011588 0.010678
0.011817 0.011037
0.011550 0.010616
0.011596 0.010204
0.011744 0.010526
0.012239 0.010662
0.011628 0.010173
0.011822 0.010378
0.011751 0.010589
0.012467 0.011038
0.016806 0.013943
0.014972 0.015557
0.017105 0.014560
0.014367 0.017505
0.016509 0.016420
0.017301 0.015711
0.014630 0.017432
0.016428 0.014120
0.015615 0.017669
0.014303 0.018058
0.016372 0.014659
0.014197 0.017636
0.013479 0.011034
0.011135 0.010903
0.014179 0.014899
0.009945 0.010801
0.012786 0.013381
0.011385 0.012990
0.009960 0.011270
0.009712 0.011001
0.012243 0.013169
0.010001 0.011435
0.013049 0.013221
0.011444 0.013840
0.010005 0.011505
0.009986 0.011035
0.012653 0.013383
0.010196 0.011320
0.012847 0.013554
0.011461 0.013341
0.009834 0.011199
0.010007 0.011447
0.013195 0.014117
0.011251 0.014034
0.009926 0.011744
0.009798 0.010920
0.012058 0.012823
0.009918 0.011285
0.011853 0.012029
0.009831 0.011109
0.020958 0.016743
0.013379 0.013424
0.013751 0.015037
0.012053 0.012500
0.011019 0.012781
0.016327 0.017797
0.013110 0.016074
0.010959 0.012041
0.010929 0.012352
0.016139 0.017919
0.013395 0.017052
0.011059 0.012423
0.011204 0.013670
0.016650 0.017633
0.013891 0.017483
0.011358 0.013638
0.011278 0.013675
0.016995 0.016495
0.014207 0.017704
0.011205 0.013615
0.010973 0.013333
0.014652 0.015238
0.010681 0.012544
0.012094 0.012400
0.025743 0.021279
0.018902 0.018405
0.016485 0.020060
0.014297 0.018670
0.014290 0.018698
0.018901 0.019766
0.016499 0.021103
0.014208 0.018550
0.014280 0.018735
0.018047 0.019439
0.014330 0.018724
0.019658 0.020486
0.016601 0.020881
0.014327 0.018816
0.014283 0.018694
0.018884 0.019776
0.016222 0.020588
0.014020 0.018160
0.013866 0.018142
0.018031 0.014845
0.017311 0.019430
0.013831 0.017817
0.014745 0.016455
0.015112 0.013257
0.013863 0.012261
0.015023 0.017128
0.015439 0.014869
0.013533 0.012633
0.016914 0.015450
0.018095 0.015742
0.014895 0.013320
0.015656 0.016991
0.014239 0.016818
0.017335 0.016710
0.017595 0.016149
0.015363 0.015801
0.017997 0.014672
0.020123 0.016364
0.015925 0.013549
0.020020 0.018004
0.017965 0.015466
0.017575 0.015788
0.013959 0.011830
0.016042 0.014613
0.014865 0.012512
0.017239 0.015690
0.015155 0.012925
0.013916 0.013659
0.014259 0.012166
0.012438 0.010710
0.012422 0.011300
0.012080 0.012583
0.012747 0.011859
0.012276 0.012610
0.012190 0.011929
0.012117 0.012137
0.012118 0.013184
0.012563 0.013765
0.013775 0.012994
0.012311 0.012900
0.012378 0.011722
0.011789 0.012189
0.013132 0.012393
0.012980 0.014412
0.010929 0.012136
0.011450 0.012208
0.013091 0.013077
0.011036 0.010783
0.012211 0.012064
0.011201 0.011579
0.011884 0.012056
0.011185 0.011527
0.014009 0.010621
0.011360 0.011839
0.010266 0.011284
0.011649 0.012078
0.010192 0.011663
0.010716 0.011196
0.013542 0.011562
0.011202 0.013075
0.011059 0.012953
0.013439 0.012379
0.010490 0.011557
0.014559 0.012659
0.012237 0.013775
0.010326 0.010946
0.010171 0.010328
0.014921 0.013747
0.011626 0.013162
0.010044 0.009706
0.009901 0.009343
0.014779 0.014591
0.011129 0.012376
0.009915 0.009139
0.009766 0.008951
0.014639 0.014674
0.010638 0.010651
0.009789 0.008637
0.009756 0.008612
0.014428 0.014897
0.010434 0.010526
0.009690 0.008208
0.009663 0.008710
0.013367 0.013801
0.010365 0.010593
0.009583 0.007636
0.009588 0.008062
0.009202 0.006359
0.009114 0.003881
0.010225 0.008031
0.009107 0.003830
0.009109 0.005606
0.009100 0.005650
0.010037 0.007121
0.009259 0.005244
0.009075 0.004625
0.010616 0.007990
0.010885 0.008507
0.011762 0.009395
0.012271 0.010481
0.012466 0.012041
0.013970 0.012608
0.015611 0.014786
0.013322 0.016084
0.012565 0.015456
0.015215 0.015342
0.011703 0.014659
0.014496 0.014716
0.013032 0.015459
0.010793 0.013047
0.011344 0.014314
0.013911 0.014693
0.010987 0.012832
0.014215 0.014586
0.013044 0.016285
0.011024 0.012550
0.010759 0.012489
0.013212 0.013482
0.010726 0.012471
0.013405 0.014332
0.010897 0.013082
0.013998 0.014804
0.010811 0.012725
0.013428 0.014064
0.012137 0.014713
0.010537 0.011667
0.010499 0.012022
0.012391 0.013351
0.010612 0.011993
0.031508 0.024841
0.018382 0.018171
0.014259 0.014684
0.012329 0.014775
0.020919 0.020922
0.012505 0.015362
0.012411 0.015091
0.026606 0.025635
0.014315 0.018037
0.012247 0.015536
0.012242 0.014014
0.022983 0.023265
0.014092 0.017365
0.011934 0.014903
0.012062 0.014680
0.022279 0.022718
0.014053 0.017730
0.012086 0.014381
0.012194 0.015042
0.022737 0.023139
0.014018 0.017412
0.012069 0.014872
0.012137 0.014787
0.022036 0.022557
0.013985 0.017247
0.012242 0.015202
0.012188 0.014447
0.019020 0.019424
0.014127 0.017270
0.012119 0.014515
0.012150 0.015056
0.027524 0.022393
0.013571 0.014351
0.013604 0.017470
0.010997 0.013835
0.010156 0.014081
0.010034 0.014024
0.015808 0.022426
0.009965 0.012810
0.015870 0.022451
0.009972 0.012577
0.016366 0.023960
0.010020 0.011974
0.015266 0.021570
0.010005 0.012225
0.018984 0.026570
0.011096 0.017120
0.010121 0.014163
0.010113 0.013714
0.016701 0.023911
0.010137 0.012353
0.015684 0.022499
0.010148 0.012049
0.015282 0.017059
0.010206 0.010415
0.016751 0.018108
0.010250 0.010325
0.017865 0.018622
0.011247 0.012511
0.010288 0.010788
0.010224 0.010685
0.013776 0.014127
0.011213 0.013065
0.010162 0.010780
0.010222 0.010825
0.014418 0.011274
0.011944 0.011131
0.010308 0.010511
0.011278 0.009945
0.013824 0.013474
0.011001 0.011609
0.011262 0.012347
0.014133 0.014187
0.012123 0.013866
0.010850 0.011419
0.010847 0.011371
0.014072 0.014317
0.011766 0.013357
0.010662 0.010906
0.010441 0.010415
0.014162 0.014010
0.010500 0.010217
0.013721 0.013748
0.012336 0.013367
0.010679 0.010467
0.011184 0.011751
0.013979 0.014043
0.012499 0.014339
0.011032 0.011662
0.010677 0.010958
0.015015 0.011760
0.014339 0.014161
0.010991 0.009782
0.011398 0.012567
0.014404 0.013296
0.013000 0.015163
0.011596 0.012894
0.011572 0.013045
0.013308 0.013602
0.011027 0.012039
0.012241 0.011647
0.017383 0.013777
0.014683 0.014329
0.012466 0.013934
0.011251 0.011706
0.011178 0.012535
0.014069 0.014871
0.012240 0.013998
0.010836 0.011642
0.011032 0.011408
0.014587 0.013939
0.012403 0.014437
0.011775 0.012989
0.011316 0.012442
0.013952 0.013972
0.014453 0.016634
0.011464 0.012783
0.011476 0.013268
0.014324 0.015007
0.011442 0.012824
0.013221 0.013717
0.010943 0.011094
0.013702 0.014416
0.012580 0.014233
0.011125 0.012026
0.011167 0.012200
0.016454 0.012911
0.012960 0.013706
0.011404 0.012806
0.011277 0.012275
0.014507 0.014106
0.015574 0.014693
0.012648 0.014067
0.012919 0.015269
0.014690 0.013810
0.014127 0.016341
0.012124 0.013647
0.012152 0.013692
0.013977 0.012931
0.013708 0.015171
0.011779 0.013104
0.012284 0.013901
0.014005 0.012784
0.011847 0.012943
0.014196 0.012208
0.012990 0.014306
0.011436 0.012531
0.011368 0.012130
0.013729 0.012734
0.012001 0.013246
0.013939 0.011914
0.014464 0.015550
0.012303 0.013599
0.012182 0.013934
0.014405 0.011972
0.013514 0.014792
0.011512 0.011539
0.011732 0.012849
0.015046 0.014502
0.013201 0.014415
0.011345 0.011678
0.010961 0.011783
0.013405 0.013622
0.011164 0.012094
0.014346 0.013755
0.012710 0.013973
0.011747 0.012652
0.012135 0.013829
0.014553 0.014581
0.013007 0.014623
0.012125 0.013301
0.011673 0.012808
0.014353 0.014840
0.013036 0.015201
0.011421 0.011654
0.011351 0.012622
0.013831 0.014006
0.012338 0.014092
0.011504 0.012607
0.028721 0.023443
0.013162 0.012552
0.010366 0.010344
0.013695 0.013840
0.010447 0.010562
0.013676 0.013749
0.010502 0.010765
0.013892 0.014172
0.010496 0.010158
0.013939 0.014853
0.010615 0.011105
0.014112 0.015076
0.010592 0.010337
0.013716 0.014111
0.010546 0.010563
0.013698 0.013919
0.010485 0.010661
0.014965 0.015710
0.011609 0.012847
0.010649 0.011241
0.010601 0.011064
0.014099 0.015184
0.011656 0.013660
0.010598 0.011496
0.010649 0.011595
0.011776 0.010619
0.010738 0.011388
0.020573 0.016390
0.013180 0.013423
0.011651 0.012235
0.010620 0.010733
0.010606 0.011230
0.013220 0.014215
0.011565 0.012579
0.010646 0.010836
0.010586 0.010437
0.012646 0.013539
0.011276 0.011737
0.010568 0.009823
0.010528 0.009652
0.012438 0.014004
0.011233 0.012421
0.010527 0.009795
0.010557 0.010506
0.011520 0.011249
0.011482 0.012347
0.010562 0.010427
0.010581 0.010054
0.020788 0.015534
0.012570 0.011530
0.010903 0.010140
0.010312 0.008533
0.010270 0.008576
0.012549 0.013026
0.010792 0.010696
0.010246 0.008513
0.010243 0.008642
0.012390 0.012763
0.010779 0.010976
0.010217 0.008503
0.010241 0.008423
0.012571 0.013520
0.010897 0.011603
0.010257 0.008823
0.010289 0.009664
0.012127 0.012042
0.010762 0.010460
0.010229 0.008846
0.010248 0.009012
0.011856 0.012018
0.010827 0.011333
0.010242 0.008740
0.010284 0.009118
0.015271 0.012100
0.010729 0.009014
0.010262 0.008498
0.012856 0.012674
0.014745 0.014334
0.012044 0.013268
0.011976 0.013913
0.015467 0.015231
0.013454 0.015922
0.011716 0.013093
0.011656 0.013014
0.016344 0.016361
0.013646 0.016549
0.011686 0.013572
0.011442 0.013216
0.015635 0.015984
0.015994 0.018348
0.012382 0.015156
0.013240 0.015640
0.012422 0.013818
0.011845 0.013035
0.012659 0.012032
0.014382 0.010859
0.010507 0.007775
0.011243 0.009661
0.013554 0.013358
0.011529 0.012596
0.010829 0.010670
0.010799 0.010343
0.013065 0.012640
0.012160 0.013872
0.010965 0.011194
0.011328 0.012370
0.012615 0.011285
0.012233 0.013656
0.011183 0.011935
0.011319 0.012431
0.012354 0.010172
0.011801 0.012306
0.011545 0.012565
0.012112 0.010192
0.011600 0.012189
0.014317 0.011081
0.013875 0.012735
0.012284 0.013452
0.013961 0.012496
0.012300 0.013414
0.013656 0.012875
0.011802 0.012553
0.013851 0.013045
0.011616 0.012087
0.013870 0.013050
0.012791 0.014391
0.011537 0.012445
0.011687 0.012732
0.013580 0.010360
0.012332 0.009864
0.011819 0.012119
0.011909 0.010085
0.012066 0.009904
0.012038 0.009913
0.013032 0.010371
0.012075 0.012366
0.012497 0.010715
0.012703 0.010493
0.011782 0.011905
0.012641 0.010419
0.011753 0.011566
0.013003 0.009771
0.012052 0.008789
0.012838 0.009596
0.012502 0.009300
0.012622 0.009430
0.012576 0.009881
0.011931 0.008633
0.012064 0.008875
0.009808 0.005053
0.009742 0.003869
0.009732 0.003796
0.009724 0.003821
0.009717 0.005619
0.009708 0.005582
0.010086 0.005803
0.009702 0.004609
0.011494 0.008442
0.010516 0.008027
0.012618 0.010250
0.010900 0.009201
0.013657 0.012414
0.011492 0.011639
0.017499 0.014503
0.013581 0.015816
0.011353 0.012563
0.010663 0.011829
0.013980 0.014536
0.011145 0.011444
0.010137 0.009135
0.010219 0.010536
0.013821 0.015354
0.011138 0.012640
0.010187 0.010614
0.010278 0.010494
0.014208 0.015003
0.011306 0.012709
0.010261 0.010697
0.010322 0.010358
0.012564 0.012768
0.010196 0.009674
0.012360 0.011711
0.011508 0.012527
0.010154 0.010163
0.010246 0.010668
0.017634 0.014209
0.012993 0.012855
0.011170 0.011158
0.010230 0.009017
0.010172 0.008929
0.012860 0.013767
0.011094 0.011526
0.010206 0.009005
0.010218 0.008790
0.012935 0.014156
0.011096 0.011487
0.010142 0.008829
0.010177 0.009036
0.013342 0.014313
0.011277 0.011639
0.010227 0.009167
0.010310 0.009267
0.013736 0.014902
0.011136 0.011407
0.010257 0.009160
0.010135 0.008698
0.012545 0.013508
0.010979 0.010681
0.010113 0.008161
0.010279 0.009478
0.013251 0.014388
0.011265 0.011759
0.010313 0.009244
0.010198 0.008974
0.012647 0.012970
0.010191 0.008802
0.012935 0.013632
0.011188 0.011212
0.010219 0.008982
0.010189 0.008958
0.011752 0.008749
0.011626 0.010714
0.010209 0.008847
0.010163 0.007843
0.011416 0.008816
0.011567 0.009047
0.015507 0.012407
0.014002 0.013933
0.011793 0.011328
0.011369 0.012170
0.014642 0.014726
0.011412 0.012215
0.014895 0.014627
0.013102 0.014318
0.011744 0.013390
0.011582 0.012950
0.013574 0.013104
0.011479 0.012104
0.013302 0.012990
0.011391 0.012226
0.011737 0.008848
0.013541 0.013119
0.011084 0.011934
0.011416 0.010380
0.011393 0.008814
0.011579 0.009351
0.014544 0.011518
0.010928 0.009393
0.013132 0.013129
0.011365 0.012682
0.010325 0.010391
0.010321 0.011008
0.012995 0.013785
0.011330 0.013247
0.010350 0.011021
0.010372 0.010904
0.012754 0.013240
0.011269 0.012372
0.010458 0.011295
0.010369 0.010392
0.012060 0.012564
0.010424 0.010928
0.011718 0.008813
0.010858 0.009759
0.011373 0.008693
0.015188 0.012547
0.013621 0.013709
0.011470 0.012833
0.010910 0.012162
0.010749 0.011822
0.013225 0.014197
0.011364 0.013459
0.010760 0.011446
0.010781 0.012317
0.012418 0.013058
0.010781 0.011906
0.015727 0.012419
0.012985 0.012968
0.010837 0.012327
0.010924 0.012018
0.011298 0.011058
0.017692 0.014066
0.011707 0.011338
0.010377 0.010831
0.011910 0.011454
0.010496 0.010680
0.011374 0.010842
0.010434 0.009710
0.012593 0.012842
0.011325 0.012919
0.010658 0.011618
0.010610 0.011642
0.012167 0.012003
0.010649 0.011220
0.011888 0.011012
0.010657 0.011266
0.013092 0.011333
0.012100 0.011306
0.012470 0.010277
0.012370 0.013414
0.011129 0.012049
0.012017 0.013180
0.011937 0.010286
0.011850 0.009314
0.012358 0.012861
0.012078 0.009370
0.012059 0.012756
0.012212 0.009498
0.011906 0.012756
0.012942 0.010154
0.011928 0.010693
0.012911 0.011104
0.010811 0.010042
0.011464 0.012902
0.012494 0.012014
0.010648 0.011474
0.012583 0.012487
0.010388 0.011045
0.011833 0.011688
0.010216 0.010310
0.013420 0.010539
0.011169 0.010380
0.010257 0.011089
0.010368 0.008956
0.012034 0.011270
0.010613 0.010229
0.012380 0.011561
0.011363 0.011696
0.010518 0.010371
0.010492 0.010408
0.011797 0.011321
0.011001 0.011598
0.010347 0.009922
0.010208 0.009915
0.021886 0.018051
0.015465 0.015633
0.012230 0.014165
0.011004 0.012559
0.010490 0.011940
0.012938 0.013288
0.010314 0.010728
0.013962 0.015417
0.011592 0.013212
0.010349 0.011394
0.010332 0.011190
0.013477 0.014258
0.011876 0.014307
0.010461 0.011370
0.010494 0.011302
0.014276 0.015692
0.011935 0.014469
0.010470 0.011413
0.010481 0.011253
0.014158 0.015096
0.011973 0.013830
0.010541 0.011158
0.010485 0.011196
0.012462 0.012958
0.010627 0.011576
0.013570 0.014640
0.011457 0.013144
0.010706 0.011652
0.010963 0.011774
0.013215 0.010361
0.012708 0.013477
0.010641 0.011732
0.011510 0.011196
0.012811 0.011973
0.011684 0.012904
0.010886 0.011568
0.010865 0.011869
0.012967 0.012745
0.011594 0.013195
0.010815 0.011968
0.010741 0.011417
0.012376 0.011978
0.010720 0.011113
0.013146 0.013257
0.011465 0.012946
0.010675 0.010997
0.010662 0.011552
0.012826 0.013236
0.011347 0.012569
0.010662 0.011765
0.010506 0.010753
0.012913 0.013531
0.011496 0.013482
0.010641 0.011212
0.010630 0.011338
0.012217 0.012286
0.010659 0.011352
0.012891 0.012776
0.011590 0.012511
0.010859 0.011891
0.010695 0.010309
0.012371 0.012301
0.011683 0.013110
0.010618 0.010236
0.010716 0.011626
0.033608 0.027756
0.012339 0.012259
0.010180 0.008887
0.009889 0.010084
0.009937 0.010202
0.012911 0.014348
0.010262 0.010414
0.010018 0.010005
0.009969 0.009546
0.012376 0.013395
0.010299 0.010255
0.010025 0.010185
0.010013 0.009309
0.012144 0.013113
0.010311 0.010140
0.010029 0.010298
0.010006 0.008259
0.011086 0.010314
0.010256 0.010037
0.010010 0.009436
0.010042 0.009530
0.010197 0.007824
0.010711 0.010702
0.010049 0.009677
0.010130 0.009939
0.017108 0.013589
0.012860 0.012312
0.011254 0.011829
0.010422 0.010653
0.010610 0.010856
0.012868 0.013261
0.011543 0.012802
0.010749 0.011364
0.010768 0.011182
0.013345 0.013545
0.011501 0.012840
0.010569 0.010934
0.010592 0.010759
0.013106 0.014084
0.011465 0.012742
0.010552 0.010820
0.010388 0.010329
0.013157 0.014183
0.011512 0.013113
0.010577 0.010749
0.010542 0.011009
0.012184 0.012408
0.010420 0.010013
0.012164 0.011828
0.010377 0.010462
0.012114 0.012026
0.010436 0.010668
0.011652 0.010458
0.010447 0.010557
0.023208 0.019993
0.013446 0.013250
0.010925 0.012168
0.016419 0.017225
0.013499 0.016459
0.011190 0.012223
0.011294 0.013218
0.014524 0.015711
0.011159 0.012672
0.014367 0.015714
0.010968 0.011473
0.013323 0.013804
0.010923 0.011500
0.013944 0.015381
0.010919 0.011755
0.012952 0.013733
0.012104 0.014220
0.010844 0.011867
0.018087 0.014927
0.014175 0.013978
0.012164 0.013757
0.011071 0.012182
0.011210 0.012361
0.013283 0.013260
0.011292 0.012403
0.014395 0.013940
0.012422 0.014382
0.011341 0.012800
0.011299 0.012761
0.014217 0.014389
0.012397 0.014330
0.011127 0.012331
0.011158 0.012501
0.013133 0.013513
0.011163 0.012503
0.013030 0.013113
0.012327 0.014159
0.011166 0.012192
0.011173 0.012470
0.014190 0.011345
0.013536 0.013230
0.011760 0.012041
0.013130 0.012375
0.011894 0.012789
0.013531 0.013221
0.011760 0.012722
0.013800 0.013332
0.013435 0.014784
0.012258 0.013022
0.011498 0.012370
0.013000 0.012771
0.011542 0.012510
0.016015 0.013315
0.013464 0.013525
0.011748 0.012461
0.013733 0.013407
0.017014 0.016437
0.012943 0.015155
0.013096 0.015592
0.016053 0.016033
0.013944 0.016123
0.012360 0.014201
0.012158 0.014003
0.015181 0.015775
0.013528 0.016033
0.011927 0.013778
0.011673 0.013432
0.016376 0.013916
0.013299 0.013898
0.011806 0.013472
0.015106 0.014685
0.013949 0.016060
0.012463 0.014577
0.012150 0.014068
0.014422 0.014915
0.012014 0.013853
0.014939 0.014868
0.013615 0.015448
0.012040 0.013488
0.012164 0.013596
0.014931 0.014963
0.013395 0.015623
0.011865 0.013117
0.011973 0.013515
0.014829 0.014785
0.013749 0.016191
0.012091 0.013651
0.012039 0.013769
0.013805 0.014845
0.012187 0.013870
0.014662 0.015362
0.013372 0.015681
0.012336 0.013743
0.011739 0.013277
0.013797 0.015207
0.012026 0.013693
0.014541 0.014955
0.013646 0.015361
0.012287 0.013481
0.012432 0.014296
0.015355 0.015888
0.013733 0.015760
0.012733 0.014023
0.011933 0.013583
0.014367 0.015649
0.013350 0.015473
0.012008 0.013065
0.011594 0.012721
0.011858 0.013038
0.035413 0.032384
0.018423 0.019901
0.012785 0.014935
0.011472 0.013057
0.010999 0.012602
0.017839 0.020694
0.012877 0.016124
0.011295 0.013037
0.011173 0.012652
0.017972 0.020223
0.012564 0.015410
0.011298 0.012732
0.011210 0.012790
0.017819 0.020927
0.012507 0.015268
0.011236 0.012357
0.011181 0.012853
0.016751 0.018953
0.012748 0.015340
0.011467 0.012528
0.011268 0.013286
0.015995 0.018164
0.012972 0.015884
0.011785 0.013001
0.011194 0.012671
0.012730 0.013991
0.012979 0.015786
0.011635 0.012546
0.018182 0.014784
0.014649 0.015611
0.013513 0.015134
0.012428 0.013626
0.011772 0.013499
0.014530 0.015962
0.013062 0.015422
0.011901 0.013152
0.011440 0.012956
0.013821 0.015302
0.011310 0.012605
0.014359 0.016454
0.012876 0.014523
0.011701 0.012522
0.011099 0.012240
0.014496 0.016785
0.012163 0.013876
0.011599 0.012568
0.011000 0.011389
0.014146 0.015966
0.012216 0.013859
0.011446 0.012218
0.011025 0.012000
0.014793 0.017388
0.012024 0.013202
0.011426 0.012370
0.010915 0.011437
0.014027 0.016482
0.011736 0.013083
0.011242 0.011418
0.010842 0.011298
0.013802 0.015935
0.011854 0.012915
0.011231 0.011098
0.010899 0.011553
0.013572 0.016028
0.012014 0.013485
0.011208 0.011298
0.010920 0.011551
0.013360 0.015599
0.011737 0.012764
0.011253 0.011416
0.010827 0.011260
0.013270 0.013912
0.010960 0.010797
0.013772 0.015035
0.012080 0.013696
0.011028 0.011432
0.011097 0.011299
0.012375 0.009124
0.012350 0.011951
0.011167 0.011453
0.011307 0.009386
0.012119 0.009316
0.011959 0.009192
0.011923 0.008811
0.013351 0.009987
0.012920 0.011870
0.013349 0.012234
0.012316 0.012845
0.013861 0.012587
0.012477 0.012791
0.012311 0.013465
0.013171 0.011643
0.013092 0.014176
0.012378 0.013401
0.011794 0.012144
0.012558 0.012287
0.011662 0.012035
0.012704 0.012834
0.011829 0.012422
0.013032 0.013773
0.012080 0.013032
0.011397 0.008835
0.012252 0.011388
0.011075 0.008880
0.011954 0.009337
0.017594 0.014960
0.015785 0.015822
0.014771 0.015689
0.011963 0.013135
0.012986 0.014749
0.016316 0.017395
0.012480 0.014149
0.015721 0.016379
0.013621 0.015356
0.012136 0.014213
0.012552 0.014288
0.012163 0.013905
0.011558 0.009113
0.012819 0.013065
0.012378 0.013921
0.012087 0.009356
0.013326 0.010613
0.012579 0.011428
0.013204 0.011188
0.012110 0.011838
0.012389 0.012779
0.014404 0.011884
0.012940 0.012370
0.011763 0.012443
0.012840 0.010973
0.013298 0.013405
0.013096 0.013505
0.013535 0.010896
0.012565 0.012300
0.013547 0.010663
0.013025 0.012100
0.011964 0.012344
0.012124 0.011771
0.013499 0.012018
0.012761 0.013101
0.014804 0.011301
0.011601 0.011269
0.011018 0.010244
0.011926 0.012111
0.011169 0.010995
0.012491 0.012888
0.011188 0.010548
0.012984 0.013515
0.012316 0.012932
0.011436 0.011151
0.010686 0.010398
0.011695 0.012667
0.011487 0.012273
0.011080 0.010221
0.010712 0.010455
0.016543 0.013720
0.013513 0.013190
0.012833 0.012002
0.011878 0.012446
0.014529 0.015922
0.011712 0.012655
0.012317 0.013712
0.015434 0.016608
0.013314 0.015248
0.011486 0.012243
0.011835 0.012323
0.013610 0.014089
0.013051 0.015046
0.011551 0.012876
0.023160 0.018449
0.013520 0.012533
0.011294 0.010903
0.014213 0.014247
0.012334 0.012523
0.010919 0.010487
0.011352 0.011221
0.013119 0.013577
0.012333 0.012874
0.011025 0.010821
0.011375 0.010820
0.013844 0.010405
0.012373 0.010920
0.011046 0.011270
0.011602 0.009019
0.013495 0.012379
0.011806 0.012621
0.011194 0.010796
0.012221 0.012782
0.011202 0.010918
0.012058 0.012629
0.011101 0.010727
0.011882 0.012307
0.010876 0.010044
0.010744 0.009566
0.016661 0.013330
0.013814 0.014070
0.012880 0.014443
0.011677 0.011637
0.011599 0.012393
0.014074 0.014709
0.012886 0.014596
0.011983 0.012222
0.011398 0.011942
0.014148 0.011403
0.013654 0.013798
0.011751 0.011764
0.011614 0.010192
0.014046 0.013761
0.011947 0.012425
0.011160 0.009909
0.010837 0.010247
0.013349 0.014197
0.011989 0.011985
0.011002 0.009141
0.010705 0.009496
0.013039 0.010124
0.011627 0.010468
0.011137 0.009656
0.011438 0.008869
0.012725 0.012455
0.010835 0.009647
0.011537 0.010481
0.013889 0.013816
0.011851 0.011129
0.010599 0.008960
0.010861 0.008788
0.013144 0.013101
0.011741 0.011177
0.010477 0.008625
0.010897 0.008595
0.013563 0.013213
0.011841 0.011317
0.010484 0.008906
0.010746 0.008207
0.013173 0.012631
0.011567 0.010494
0.010358 0.008388
0.010707 0.008627
0.012895 0.012388
0.011475 0.010547
0.010354 0.008484
0.010716 0.008460
0.011268 0.010133
0.011484 0.010522
0.010328 0.008137
0.010736 0.008492
0.019473 0.019600
0.012675 0.013412
0.011606 0.012224
0.010747 0.010155
0.010367 0.009776
0.012289 0.013793
0.011359 0.012250
0.010681 0.009334
0.010359 0.009424
0.012328 0.014431
0.011292 0.012301
0.010794 0.009635
0.010435 0.009775
0.012270 0.014058
0.011280 0.011733
0.010733 0.009356
0.010343 0.009315
0.012139 0.013758
0.011297 0.011753
0.010693 0.008999
0.010368 0.009402
0.012070 0.013713
0.011272 0.011885
0.010731 0.009209
0.010380 0.009723
0.012131 0.013663
0.011212 0.011819
0.010723 0.009350
0.010334 0.009376
0.011885 0.013298
0.011217 0.012269
0.010727 0.009689
0.010408 0.009871
0.010582 0.010611
0.011098 0.011638
0.010688 0.009769
0.009851 0.005641
0.010047 0.003853
0.010042 0.003843
0.010039 0.003764
0.010037 0.004989
0.010916 0.006813
0.010449 0.005862
0.010875 0.007973
0.012967 0.010604
0.013476 0.011613
0.010756 0.008464
0.014468 0.014591
0.010757 0.011199
0.014252 0.015106
0.011266 0.011512
0.010573 0.009885
0.010488 0.010071
0.013391 0.014917
0.011086 0.011755
0.010600 0.010624
0.010514 0.009724
0.013060 0.014589
0.011113 0.011317
0.010404 0.009019
0.010413 0.008864
0.012210 0.013082
0.010357 0.008719
0.012612 0.014182
0.011092 0.012048
0.010419 0.009591
0.010440 0.009854
0.012505 0.013906
0.011160 0.011786
0.010508 0.010063
0.010484 0.010163
0.011490 0.011474
0.010977 0.011512
0.010394 0.009302
0.014607 0.011441
0.010304 0.007643
0.010566 0.008857
0.012766 0.013394
0.011014 0.011428
0.010386 0.009606
0.010401 0.009504
0.012337 0.013217
0.011010 0.011081
0.010412 0.009009
0.010387 0.009566
0.012549 0.014097
0.010985 0.011204
0.010393 0.009367
0.010340 0.009288
0.012413 0.013667
0.010912 0.011275
0.010374 0.009227
0.010317 0.008944
0.012158 0.013083
0.010908 0.010643
0.010319 0.008541
0.010321 0.008888
0.012374 0.013666
0.011000 0.011540
0.010368 0.009430
0.010374 0.009461
0.012782 0.014095
0.011020 0.011894
0.010409 0.009827
0.010425 0.010239
0.012067 0.012794
0.010924 0.010860
0.010357 0.008811
0.010417 0.009719
0.011931 0.012458
0.010420 0.010036
0.012699 0.013590
0.011053 0.011676
0.010413 0.009851
0.010404 0.009353
0.012464 0.013594
0.010822 0.010701
0.010379 0.008921
0.010290 0.008536
0.012210 0.013570
0.011004 0.011600
0.010354 0.009051
0.010324 0.008829
0.012443 0.014078
0.011187 0.012354
0.010435 0.009308
0.010414 0.010212
0.012730 0.013758
0.011036 0.011913
0.010423 0.009891
0.010372 0.009654
0.013785 0.014787
0.011261 0.012320
0.010400 0.009634
0.010512 0.010062
0.012349 0.012439
0.010714 0.010156
0.010353 0.010027
0.010241 0.008633
0.012128 0.013498
0.010846 0.011382
0.010282 0.008965
0.010285 0.009320
0.010833 0.006997
0.010724 0.009259
0.010232 0.009172
0.010149 0.007945
0.012639 0.009155
0.012671 0.009199
0.012075 0.008465
0.011945 0.008384
0.011197 0.007645
0.010904 0.007328
0.010031 0.006740
0.010226 0.007601
0.010130 0.007490
0.009886 0.006077
0.010538 0.007248
0.009967 0.006481
0.009825 0.006620
0.009801 0.006417
0.009788 0.006532
0.009785 0.006481
0.010361 0.007340
0.009888 0.006465
0.009763 0.006594
0.009742 0.006618
0.009705 0.006470
0.009705 0.006440
0.010112 0.006847
0.009777 0.006402
0.009628 0.005638
0.009628 0.005907
0.009825 0.006616
0.009686 0.007046
0.009622 0.006449
0.009606 0.006418
0.009584 0.005991
0.018357 0.014977
0.014790 0.015700
0.012477 0.012832
0.011642 0.012235
0.013541 0.013963
0.014160 0.015441
0.013717 0.014420
0.015247 0.016602
0.010957 0.011534
0.014197 0.014978
0.013793 0.014181
0.014002 0.014676
0.014055 0.014539
0.014260 0.014899
0.014415 0.014994
0.014501 0.015314
0.014284 0.014830
0.014566 0.015372
0.014426 0.015047
0.014804 0.015856
0.014810 0.015595
0.014785 0.015683
0.014689 0.015380
0.014683 0.015414
0.014828 0.015724
0.014736 0.015569
0.014886 0.015485
0.014726 0.015547
0.014749 0.015493
0.014492 0.015243
0.014056 0.014691
0.009498 0.006606
0.013415 0.013868
0.011187 0.012282
0.009801 0.006802
0.009421 0.004559
0.009391 0.005098
0.009378 0.004083
0.010140 0.006433
0.010880 0.008088
0.011136 0.008489
0.013038 0.010882
0.011542 0.011121
0.015316 0.014641
0.015375 0.015312
0.011270 0.011540
0.013833 0.014944
0.011988 0.013700
0.010682 0.011603
0.010574 0.011464
0.013586 0.015298
0.011793 0.013521
0.010556 0.011200
0.010460 0.010842
0.013420 0.015419
0.011741 0.013483
0.010402 0.010578
0.010417 0.010891
0.013269 0.014816
0.011719 0.013605
0.010445 0.010954
0.010486 0.011426
0.014557 0.011518
0.012151 0.012261
0.010446 0.010967
0.010675 0.009806
0.015625 0.013836
0.013907 0.015386
0.011637 0.012793
0.011851 0.013526
0.013656 0.014493
0.021501 0.017461
0.015532 0.015083
0.011731 0.013380
0.016842 0.016859
0.014328 0.016726
0.011573 0.013042
0.012003 0.013914
0.016561 0.016995
0.012878 0.015617
0.011769 0.013770
0.017451 0.017311
0.012123 0.013943
0.012548 0.015101
0.017433 0.017700
0.012885 0.015093
0.011464 0.012853
0.010925 0.012068
0.015282 0.016544
0.012319 0.014846
0.010537 0.011171
0.010491 0.011269
0.012283 0.013102
0.010535 0.011562
0.026403 0.020887
0.013791 0.013885
0.011450 0.012237
0.010199 0.010104
0.010176 0.010007
0.013743 0.015321
0.011314 0.012963
0.010222 0.009753
0.010249 0.010365
0.013418 0.014474
0.011217 0.012546
0.010246 0.010119
0.010223 0.010255
0.012961 0.014286
0.011097 0.011955
0.010210 0.010142
0.010233 0.010072
0.011967 0.012022
0.010214 0.010297
0.009507 0.005593
0.009449 0.003793
0.011252 0.010121
0.011495 0.010514
0.009451 0.004997
0.010463 0.006759
0.009460 0.003717
0.012137 0.009381
0.014261 0.011695
0.014337 0.013084
0.022830 0.019884
0.011063 0.010367
0.011313 0.009966
0.016274 0.017440
0.010903 0.009738
0.010200 0.008532
0.009927 0.007815
0.013576 0.014109
0.010533 0.009151
0.009837 0.007049
0.009910 0.007615
0.013083 0.014530
0.010707 0.010365
0.009837 0.007163
0.009859 0.007603
0.012285 0.013247
0.010637 0.010548
0.009847 0.007603
0.009824 0.007355
0.016812 0.013468
0.010820 0.009450
0.009823 0.007373
0.009949 0.007581
0.014400 0.012740
0.013726 0.013711
0.011614 0.011235
0.011854 0.011833
0.013232 0.012879
0.011690 0.011739
0.012719 0.012352
0.010992 0.010859
0.013782 0.012861
0.012353 0.012847
0.011104 0.010971
0.011508 0.011513
0.013758 0.013537
0.012981 0.013863
0.011287 0.011640
0.011752 0.012387
0.013627 0.013434
0.012084 0.013061
0.011184 0.011460
0.010902 0.011161
0.014673 0.014262
0.012428 0.014004
0.010912 0.011258
0.011328 0.012226
0.012058 0.012116
0.009349 0.005796
0.009275 0.003859
0.009274 0.003805
0.009276 0.003753
0.009277 0.004981
0.009958 0.006277
0.009480 0.005214
0.009296 0.004507
0.009629 0.006364
0.010687 0.007390
0.010038 0.007848
0.011778 0.009367
0.010528 0.009466
0.014261 0.012964
0.011798 0.012352
0.010365 0.009385
0.009856 0.009111
0.013972 0.014215
0.011124 0.011426
0.009962 0.009405
0.009873 0.009421
0.012830 0.013911
0.011078 0.011636
0.009821 0.009079
0.009758 0.008710
0.014742 0.012092
0.010951 0.010281
0.009761 0.009028
0.012855 0.012080
0.014791 0.014064
0.012361 0.013060
0.012469 0.013685
0.014508 0.015211
0.012896 0.014885
0.011357 0.012864
0.011267 0.012913
0.014879 0.011968
0.011300 0.011104
0.013112 0.012423
0.012563 0.014333
0.010410 0.010960
0.010407 0.010599
0.014024 0.013133
0.012589 0.015175
0.010675 0.011413
0.010590 0.011304
0.015529 0.015224
0.011595 0.013387
0.010710 0.012088
0.010302 0.010906
0.013462 0.014592
0.010906 0.011819
0.010115 0.010222
0.010027 0.010025
0.012578 0.013893
0.010744 0.011739
0.009829 0.009521
0.009803 0.009200
0.016122 0.012195
0.010553 0.010237
0.009901 0.010279
0.010084 0.010556
0.010474 0.007968
0.013470 0.012946
0.010435 0.009988
0.010239 0.009901
0.010312 0.009701
0.010160 0.008808
0.012669 0.013885
0.010608 0.010899
0.010451 0.009962
0.010332 0.009533
0.010336 0.009705
0.012505 0.013321
0.011573 0.012357
0.010304 0.009919
0.010280 0.010262
0.010220 0.010337
0.010249 0.010347
0.013015 0.009730
0.011446 0.010441
0.010342 0.009752
0.010498 0.008257
0.012763 0.010465
0.011812 0.011154
0.012345 0.010802
0.012529 0.011190
0.012806 0.011513
0.011804 0.012304
0.012634 0.011267
0.011654 0.012570
0.013600 0.010587
0.012687 0.011554
0.011703 0.012988
0.012647 0.011301
0.011803 0.013048
0.012586 0.010769
0.011428 0.012320
0.012598 0.010746
0.011306 0.012430
0.012944 0.011657
0.011237 0.012095
0.011194 0.010714
0.041824 0.032650
0.012840 0.012816
0.017284 0.017583
0.013533 0.013794
0.011589 0.013694
0.019308 0.020428
0.011346 0.014027
0.020941 0.022908
0.014283 0.018365
0.011558 0.013893
0.011725 0.014616
0.019590 0.021505
0.011836 0.014215
0.014819 0.012084
0.015527 0.017149
0.012207 0.015919
0.012142 0.015371
0.012078 0.011579
0.013450 0.013648
0.010972 0.011530
0.011188 0.012957
0.013235 0.013439
0.010683 0.011896
0.014449 0.014463
0.012507 0.014691
0.010790 0.012012
0.010823 0.011908
0.014488 0.014636
0.012522 0.014886
0.010960 0.012346
0.010710 0.011986
0.014159 0.014649
0.011889 0.013768
0.010563 0.011530
0.010851 0.012391
0.013251 0.013799
0.010900 0.011960
0.014243 0.014530
0.012014 0.013845
0.010744 0.011554
0.010829 0.012421
0.015058 0.015070
0.012471 0.014100
0.011010 0.012609
0.011347 0.012669
0.011919 0.012009
0.023480 0.019309
0.013175 0.013399
0.011045 0.011612
0.010263 0.011087
0.010300 0.010859
0.013548 0.015205
0.011112 0.012955
0.010303 0.011091
0.010245 0.010880
0.012954 0.014216
0.010127 0.010300
0.013506 0.014601
0.010899 0.012600
0.010220 0.010767
0.010170 0.010609
0.013047 0.014690
0.010785 0.012310
0.010152 0.010528
0.010127 0.010481
0.011868 0.012525
0.010707 0.011626
0.010084 0.009998
0.010009 0.009722
0.011793 0.008916
0.010442 0.008977
0.009990 0.009159
0.011159 0.009883
0.011895 0.009705
0.010476 0.010394
0.011938 0.010167
0.010427 0.010496
0.012217 0.009958
0.010696 0.010124
0.010497 0.010880
0.011901 0.010926
0.010637 0.011330
0.012035 0.011354
0.010497 0.010849
0.012374 0.011716
0.010442 0.010938
0.012572 0.012275
0.011641 0.012678
0.010578 0.010644
0.010362 0.010504
0.012571 0.012715
0.011076 0.012380
0.010256 0.010578
0.010320 0.011107
0.012189 0.012141
0.011300 0.012429
0.010254 0.010775
0.010284 0.010802
0.012158 0.011718
0.011418 0.012230
0.010333 0.010777
0.010615 0.011018
0.021124 0.017401
0.012396 0.012285
0.010862 0.011250
0.010113 0.010240
0.010059 0.010032
0.012510 0.013830
0.010777 0.011994
0.010084 0.010220
0.010116 0.010230
0.012614 0.013884
0.010781 0.012052
0.010113 0.010381
0.010133 0.010656
0.012773 0.014143
0.010759 0.011677
0.010097 0.009884
0.010050 0.009935
0.012351 0.013659
0.010645 0.011091
0.010059 0.009539
0.010048 0.009379
0.011934 0.012730
0.010570 0.011050
0.010033 0.009115
0.009964 0.009073
0.010989 0.011073
0.010555 0.011202
0.009950 0.008706
0.009516 0.005550
0.009457 0.003946
0.009443 0.003878
0.012093 0.009154
0.009530 0.004399
0.009448 0.004964
0.010192 0.007395
0.015418 0.013469
0.010396 0.008187
0.016591 0.016682
0.009966 0.008293
0.018266 0.019223
0.009695 0.008215
0.017505 0.019389
0.010489 0.010217
0.010185 0.010376
0.009842 0.009229
0.014476 0.017084
0.010301 0.010989
0.009775 0.008871
0.009799 0.009457
0.014023 0.016603
0.010272 0.010815
0.009816 0.009008
0.009769 0.009282
0.013650 0.015978
0.010296 0.010932
0.009762 0.008840
0.009772 0.009299
0.013312 0.015670
0.010285 0.010649
0.009752 0.008615
0.009795 0.009379
0.012682 0.014680
0.010308 0.010881
0.009793 0.008631
0.009791 0.008959
0.011382 0.012304
0.010327 0.010731
0.009731 0.008397
0.009770 0.008904
0.010268 0.009273
0.009826 0.009181
0.023178 0.017282
0.013163 0.011975
0.011124 0.010843
0.010005 0.008870
0.010090 0.009267
0.012744 0.011705
0.010239 0.009595
0.013943 0.013605
0.011817 0.012400
0.010427 0.009988
0.010477 0.010021
0.014494 0.012535
0.012509 0.013594
0.010652 0.010481
0.010894 0.011092
0.013986 0.012758
0.011891 0.012152
0.011419 0.011741
0.010610 0.009855
0.013427 0.012818
0.011806 0.012264
0.010441 0.009914
0.010486 0.010120
0.011096 0.009687
0.022238 0.018138
0.012681 0.012930
0.010995 0.011976
0.010035 0.010175
0.009969 0.010145
0.012512 0.014293
0.010652 0.011980
0.009959 0.010251
0.010005 0.010546
0.012889 0.014701
0.010636 0.011838
0.010011 0.010549
0.009956 0.010072
0.012715 0.014519
0.010631 0.011287
0.009894 0.009033
0.009911 0.008874
0.012531 0.014473
0.010564 0.011067
0.009910 0.008742
0.009889 0.008618
0.012035 0.013158
0.010517 0.011233
0.009916 0.008818
0.009873 0.008777
0.010710 0.010906
0.010542 0.011809
0.009904 0.009194
0.032863 0.026859
0.018699 0.018454
0.013348 0.015474
0.011180 0.011934
0.011268 0.011629
0.017532 0.019399
0.012959 0.014978
0.010964 0.011623
0.011024 0.011657
0.016934 0.018246
0.012777 0.014532
0.011029 0.011464
0.011105 0.012035
0.016680 0.018320
0.012866 0.014628
0.011099 0.011879
0.011053 0.011707
0.013816 0.015403
0.011215 0.012117
0.010966 0.011966
0.011263 0.012466
0.011126 0.010934
0.011829 0.012170
0.024881 0.020427
0.014853 0.015191
0.011645 0.013461
0.010477 0.011100
0.010315 0.011093
0.014178 0.015586
0.011117 0.012535
0.010226 0.010709
0.010248 0.010825
0.013659 0.014971
0.010970 0.012324
0.010230 0.010423
0.010258 0.010621
0.012320 0.012733
0.010213 0.010616
0.011591 0.011712
0.011535 0.013036
0.010247 0.010875
0.010211 0.010310
0.014294 0.011608
0.011825 0.010631
0.010906 0.009302
0.011940 0.011793
0.010731 0.009186
0.011600 0.011687
0.010262 0.008059
0.011753 0.012678
0.010773 0.010340
0.010207 0.007885
0.010133 0.008024
0.011618 0.012161
0.010181 0.008152
0.011229 0.011180
0.010207 0.008145
0.015451 0.013566
0.013529 0.013869
0.014780 0.014447
0.013102 0.015083
0.014821 0.015205
0.013475 0.013841
0.014533 0.014516
0.012050 0.014243
0.013506 0.013763
0.014439 0.014907
0.011370 0.012240
0.014881 0.015149
0.011444 0.013167
0.014226 0.014685
0.011148 0.012437
0.014476 0.015098
0.011270 0.012345
0.013967 0.014545
0.011176 0.012783
0.014778 0.015267
0.011421 0.012305
0.014354 0.014977
0.011269 0.012348
0.015326 0.016073
0.013309 0.015819
0.011293 0.013013
0.011361 0.012868
0.020739 0.017827
0.014231 0.015072
0.011297 0.012717
0.011704 0.011045
0.019149 0.017451
0.018122 0.016245
0.014464 0.012665
0.017036 0.016087
0.013657 0.012279
0.018453 0.017503
0.014572 0.012159
0.017693 0.015597
0.014083 0.011894
0.016598 0.015208
0.017793 0.015539
0.013389 0.014271
0.014547 0.014450
0.012033 0.012479
0.013990 0.014224
0.012931 0.014517
0.011881 0.012720
0.011449 0.012912
0.018591 0.016045
0.011631 0.010701
0.014946 0.015068
0.012213 0.012781
0.014552 0.014862
0.017525 0.018112
0.014503 0.013555
0.015681 0.015332
0.013972 0.011624
0.013790 0.011579
0.012528 0.009978
0.015063 0.013247
0.014924 0.013148
0.017778 0.016833
0.015307 0.014152
0.014049 0.012740
0.015837 0.016567
0.014421 0.013664
0.014316 0.013898
0.012056 0.012314
0.015736 0.012875
0.011751 0.009701
0.012467 0.011890
0.014711 0.014825
0.011433 0.011199
0.011510 0.010862
0.014701 0.015627
0.012428 0.012699
0.011506 0.010761
0.011284 0.010268
0.013149 0.013724
0.012108 0.011911
0.011024 0.009291
0.010954 0.009592
0.014948 0.012266
0.010845 0.008902
0.011423 0.008785
0.010203 0.009287
0.012192 0.013185
0.010700 0.011049
0.010204 0.009520
0.010149 0.008930
0.012285 0.013868
0.010755 0.011907
0.010170 0.009225
0.010150 0.009753
0.012226 0.013720
0.010800 0.012059
0.010206 0.009936
0.010255 0.010197
0.011971 0.013028
0.010703 0.011500
0.010178 0.009773
0.010115 0.009056
0.011095 0.011710
0.010762 0.011667
0.010126 0.009367
0.010115 0.009124
0.016209 0.013885
0.014043 0.013109
0.014047 0.012551
0.012916 0.013933
0.014167 0.012730
0.013145 0.014616
0.014111 0.013682
0.014122 0.014197
0.012228 0.012548
0.013323 0.013476
0.011897 0.012799
0.014579 0.012326
0.012703 0.010915
0.014061 0.013806
0.013081 0.011408
0.015364 0.014700
0.016358 0.015191
0.014506 0.012957
0.015783 0.015612
0.015022 0.014559
0.012531 0.013616
0.014122 0.014645
0.012156 0.013634
0.014032 0.014371
0.012425 0.014327
0.018177 0.016353
0.015937 0.015102
0.013652 0.015165
0.014916 0.013230
0.016253 0.017852
0.014023 0.014832
0.016419 0.014983
0.012843 0.010335
0.012633 0.010994
0.011653 0.009169
0.013371 0.011398
0.012622 0.010542
0.012884 0.011456
0.011974 0.012107
0.012272 0.012935
0.011372 0.011674
0.015781 0.012978
0.012439 0.012519
0.011097 0.011464
0.010240 0.009343
0.010228 0.009714
0.012476 0.013647
0.011011 0.011903
0.010173 0.009513
0.010161 0.009521
0.012261 0.013505
0.010792 0.011564
0.010087 0.008943
0.010136 0.009705
0.012055 0.013107
0.010696 0.011336
0.010290 0.009910
0.010237 0.009633
0.012043 0.013278
0.010782 0.012036
0.010326 0.010781
0.010354 0.010739
0.011914 0.012194
0.010661 0.011170
0.010234 0.009804
0.010071 0.009232
0.011538 0.011578
0.010057 0.009109
0.009554 0.005026
0.010868 0.009711
0.010070 0.008607
0.009536 0.003847
0.009983 0.005800
0.009554 0.004029
0.009524 0.005013
0.009515 0.003847
0.010895 0.007844
0.011710 0.009143
0.012194 0.010552
0.014667 0.013477
0.011254 0.010061
0.015128 0.015917
0.012409 0.013112
0.011624 0.013470
0.010506 0.010871
0.011363 0.011845
0.019240 0.016308
0.012228 0.012223
0.011361 0.013041
0.010450 0.010712
0.019363 0.016044
0.013399 0.013571
0.011731 0.013508
0.010576 0.011098
0.010388 0.010793
0.013195 0.013908
0.011633 0.013437
0.010518 0.010945
0.010564 0.011340
0.013031 0.013208
0.011475 0.012828
0.010708 0.011101
0.010475 0.011018
0.012940 0.012528
0.011344 0.012597
0.010410 0.010777
0.010502 0.011122
0.013248 0.012731
0.011654 0.012566
0.010703 0.011070
0.010679 0.011138
0.012368 0.012311
0.010732 0.011149
0.012303 0.011848
0.010853 0.011262
0.014841 0.012484
0.011044 0.009679
0.013351 0.013052
0.011214 0.011388
0.013288 0.013163
0.011106 0.011356
0.013039 0.013509
0.010929 0.010743
0.013037 0.013934
0.010819 0.010466
0.013534 0.014796
0.011765 0.012907
0.010657 0.009917
0.010651 0.010234
0.012972 0.014617
0.011694 0.012691
0.010732 0.009853
0.010571 0.009949
0.014706 0.012143
0.011682 0.011560
0.010558 0.009781
0.011709 0.010456
0.014312 0.014237
0.011459 0.012248
0.011318 0.012107
0.011054 0.011606
0.010881 0.011486
0.012469 0.012830
0.010940 0.012022
0.011100 0.012110
0.011151 0.012260
0.010978 0.011739
0.014787 0.012537
0.011003 0.009878
0.012540 0.012262
0.011366 0.012467
0.010481 0.010453
0.010471 0.010976
0.012466 0.012555
0.011342 0.012404
0.010533 0.011026
0.010428 0.010547
0.012235 0.012034
0.011300 0.011997
0.010353 0.010609
0.010646 0.010977
0.012080 0.011304
0.010922 0.011492
0.011118 0.010179
0.016208 0.014223
0.013272 0.012073
0.013961 0.013398
0.012829 0.011620
0.013645 0.012976
0.012718 0.011956
0.014581 0.013999
0.013753 0.012550
0.016987 0.015723
0.013325 0.011935
0.017331 0.015862
0.020423 0.017979
0.023948 0.020579
0.018064 0.019195
0.013743 0.015498
0.014022 0.016108
0.016982 0.020269
0.015042 0.018022
0.013579 0.015347
0.013354 0.014460
0.014931 0.017625
0.015133 0.017860
0.013495 0.014966
0.013354 0.014720
0.014555 0.011874
0.013240 0.010851
0.014464 0.012624
0.012968 0.010660
0.013118 0.010758
0.014022 0.014632
0.014844 0.014217
0.014894 0.014034
0.011874 0.012619
0.014510 0.015061
0.012739 0.014655
0.011423 0.012494
0.011307 0.011903
0.013837 0.015044
0.011513 0.013217
0.011421 0.013206
0.011547 0.013200
0.011256 0.012503
0.013580 0.014527
0.010980 0.011921
0.011167 0.012324
0.014065 0.015525
0.012346 0.013865
0.010901 0.011666
0.010816 0.010528
0.012179 0.013393
0.011837 0.013735
0.010741 0.011472
0.017910 0.015014
0.012414 0.012181
0.011035 0.011852
0.010474 0.010424
0.010447 0.010785
0.012370 0.013779
0.010686 0.011678
0.010377 0.010552
0.010303 0.009903
0.012148 0.013698
0.010705 0.011332
0.010166 0.009143
0.010170 0.009591
0.011910 0.013314
0.010729 0.011619
0.010169 0.009268
0.010314 0.010200
0.011844 0.013206
0.010677 0.011539
0.010264 0.009973
0.010143 0.009499
0.011433 0.012273
0.010112 0.009232
0.009590 0.005183
0.009575 0.003695
0.010612 0.009083
0.010870 0.009569
0.009564 0.005054
0.009921 0.005774
0.009626 0.005156
0.011835 0.008960
0.010091 0.007223
0.014708 0.013983
0.010021 0.007125
0.014341 0.015099
0.009853 0.007074
0.015109 0.017086
0.011168 0.010283
0.010172 0.008098
0.010117 0.007763
0.013872 0.016092
0.010144 0.008769
0.010028 0.007411
0.010036 0.007856
0.013544 0.016423
0.010720 0.009610
0.010000 0.007342
0.010048 0.007938
0.013153 0.016083
0.010709 0.010400
0.009925 0.007012
0.009986 0.008116
0.013142 0.015812
0.010699 0.010466
0.009927 0.007326
0.010004 0.007752
0.012985 0.015219
0.010800 0.010436
0.009995 0.007582
0.009910 0.007431
0.012437 0.014715
0.010737 0.010213
0.009917 0.007343
0.009935 0.007307
0.010708 0.010933
0.010678 0.009623
0.009865 0.007160
0.009976 0.008106
0.017127 0.014897
0.009741 0.006712
0.009828 0.006845
0.012408 0.013908
0.010559 0.010488
0.009771 0.007999
0.009742 0.007825
0.013021 0.014305
0.010924 0.010827
0.010085 0.008794
0.010065 0.008952
0.012331 0.014032
0.010474 0.010083
0.009726 0.007728
0.009702 0.007622
0.012131 0.013777
0.010439 0.010134
0.009770 0.008086
0.009736 0.008375
0.013249 0.011097
0.010111 0.009408
0.009836 0.009161
0.009771 0.008595
0.010228 0.007771
0.012676 0.012826
0.010060 0.009826
0.010309 0.009634
0.013051 0.014455
0.011241 0.012334
0.010041 0.009314
0.009991 0.009237
0.013428 0.014836
0.011054 0.011983
0.009966 0.009286
0.009907 0.008979
0.013196 0.014641
0.010661 0.010762
0.009860 0.008967
0.009774 0.008433
0.012506 0.014114
0.010707 0.011092
0.009789 0.008341
0.009767 0.008538
0.012303 0.013483
0.010588 0.010669
0.009744 0.008277
0.009767 0.008531
0.012121 0.013716
0.010585 0.010905
0.009696 0.008043
0.009724 0.008229
0.011826 0.013351
0.010605 0.010972
0.009720 0.008163
0.009746 0.008615
0.010506 0.011052
0.009881 0.009873
0.009764 0.009018
0.009893 0.009118
0.009863 0.008782
0.025763 0.022129
0.013084 0.013742
0.010533 0.010724
0.009639 0.007438
0.009639 0.007649
0.013003 0.015792
0.010414 0.010972
0.009696 0.008072
0.009684 0.008010
0.012241 0.014238
0.009613 0.007843
0.012404 0.014947
0.010257 0.010307
0.009611 0.007838
0.009589 0.007724
0.011995 0.014066
0.009600 0.007878
0.012518 0.015027
0.010247 0.010034
0.009635 0.007779
0.009588 0.007748
0.012056 0.014169
0.010188 0.010055
0.009618 0.007632
0.009596 0.007737
0.011602 0.013356
0.009588 0.008161
0.011227 0.012957
0.010120 0.009590
0.009545 0.007627
0.009516 0.007509
0.010174 0.010216
0.009552 0.007948
0.023030 0.020161
0.012784 0.013230
0.011067 0.011860
0.009858 0.008897
0.009749 0.008451
0.012483 0.014452
0.010742 0.011488
0.009712 0.008181
0.009696 0.008132
0.012224 0.014109
0.010651 0.011327
0.009654 0.008222
0.009658 0.007964
0.012205 0.013750
0.010674 0.010935
0.009683 0.008022
0.009691 0.008193
0.012223 0.013934
0.010704 0.011299
0.009675 0.008252
0.009688 0.008370
0.012098 0.013793
0.010707 0.011193
0.009666 0.008076
0.009642 0.008195
0.012103 0.013719
0.010568 0.011005
0.009675 0.008409
0.009671 0.008478
0.012113 0.013703
0.010613 0.010715
0.009633 0.007946
0.009592 0.007834
0.012055 0.013763
0.010678 0.011149
0.009617 0.007869
0.009621 0.008100
0.012065 0.013692
0.010605 0.011261
0.009638 0.008355
0.009584 0.007755
0.012105 0.013569
0.010649 0.011155
0.009632 0.008071
0.009652 0.008424
0.012058 0.013493
0.010650 0.011235
0.009642 0.008202
0.009654 0.008388
0.011589 0.012855
0.010542 0.010910
0.009591 0.007725
0.009627 0.008370
0.010012 0.006665
0.010546 0.009809
0.009589 0.007906
0.009661 0.007938
0.011293 0.008171
0.010768 0.007806
0.010537 0.007471
0.010524 0.007516
0.009865 0.006906
0.009664 0.007369
0.009523 0.007373
0.009491 0.007631
0.009253 0.006732
0.009135 0.006588
0.009494 0.006596
0.009280 0.006459
0.009083 0.006559
0.009097 0.005961
0.009025 0.006429
0.009020 0.006316
0.009048 0.005783
0.009005 0.006528
0.009298 0.006484
0.009069 0.006475
0.008944 0.005476
0.008936 0.005626
0.009181 0.006084
0.009008 0.005990
0.008893 0.005409
0.008898 0.005609
0.008983 0.006122
0.028560 0.023351
0.010702 0.009709
0.009123 0.007346
0.011135 0.011800
0.009703 0.009787
0.009001 0.006534
0.009083 0.007222
0.010143 0.010987
0.009441 0.010865
0.009215 0.009636
0.009371 0.009289
0.009387 0.009836
0.009453 0.007824
0.021672 0.017734
0.012563 0.013084
0.010409 0.011422
0.009554 0.009609
0.009473 0.009245
0.012802 0.015257
0.010452 0.012274
0.009473 0.008629
0.009453 0.009252
0.012456 0.014667
0.010283 0.011855
0.009468 0.009429
0.009445 0.009453
0.012636 0.014855
0.010359 0.011740
0.009504 0.009836
0.009567 0.010216
0.012519 0.014401
0.010405 0.011779
0.009485 0.008584
0.009513 0.009590
0.012330 0.014711
0.010505 0.012909
0.009532 0.010203
0.009563 0.010227
0.012304 0.014060
0.010621 0.012610
0.009594 0.010030
0.009648 0.010499
0.009642 0.006710
0.011102 0.011194
0.009629 0.009369
0.009797 0.008282
0.010984 0.008142
0.010620 0.007796
0.010392 0.007529
0.010347 0.007540
0.009650 0.006646
0.009501 0.007184
0.009270 0.006970
0.009162 0.006962
0.009391 0.006417
0.009093 0.006487
0.008981 0.006505
0.008907 0.006454
0.008880 0.006315
0.008877 0.006360
0.009223 0.006875
0.008985 0.006598
0.008851 0.006392
0.008828 0.006154
0.008823 0.006496
0.008831 0.006852
0.008958 0.006331
0.008842 0.006926
0.008796 0.006384
0.008777 0.006323
0.008783 0.005870
0.012640 0.009947
0.011510 0.010788
0.010220 0.010920
0.012393 0.012029
0.011245 0.013029
0.010234 0.011204
0.009792 0.010091
0.011970 0.012279
0.010788 0.012459
0.009605 0.010228
0.009734 0.010430
0.011834 0.011816
0.010922 0.012768
0.009832 0.010329
0.009873 0.010570
0.011735 0.011836
0.010893 0.012664
0.009884 0.010354
0.009828 0.010250
0.011547 0.011406
0.011020 0.012724
0.009845 0.010010
0.009876 0.010626
0.017372 0.014649
0.009373 0.007973
0.009978 0.009639
0.013174 0.015070
0.010891 0.012891
0.009534 0.010347
0.009961 0.011058
0.012509 0.013797
0.010127 0.011685
0.013677 0.015269
0.011574 0.014270
0.010121 0.011687
0.010137 0.012122
0.013423 0.014172
0.011678 0.014449
0.010048 0.011948
0.010109 0.012167
0.012168 0.013038
0.010015 0.011661
0.009828 0.007116
0.011203 0.011472
0.009819 0.011101
0.010923 0.008142
0.010433 0.007929
0.010119 0.007440
0.010172 0.007610
0.009531 0.006791
0.009377 0.007024
0.009261 0.007384
0.009204 0.007765
0.008964 0.006982
0.008828 0.006332
0.009233 0.006564
0.008855 0.006180
0.008733 0.005574
0.008720 0.005567
0.009098 0.006683
0.008930 0.006432
0.008748 0.006371
0.008766 0.005857
0.008685 0.006255
0.008688 0.006494
0.008728 0.005759
0.008672 0.006447
0.008849 0.006343
0.008753 0.006273
0.008617 0.005399
0.008614 0.005917
0.037911 0.030362
0.016568 0.018203
0.010534 0.013258
0.009363 0.010944
0.009383 0.011217
0.015902 0.019047
0.010302 0.013143
0.009360 0.010409
0.009420 0.011384
0.014939 0.018318
0.010246 0.013068
0.009452 0.011760
0.009428 0.011251
0.013844 0.016285
0.010321 0.013337
0.009438 0.011157
0.009384 0.011374
0.010607 0.011438
0.010440 0.012774
0.009379 0.011311
0.009481 0.011693
0.020673 0.017766
0.011869 0.013531
0.009949 0.011433
0.009287 0.010901
0.009298 0.010745
0.011743 0.014082
0.009827 0.011635
0.009297 0.010654
0.009236 0.010386
0.011665 0.013769
0.009736 0.011473
0.009241 0.010564
0.009202 0.010224
0.010879 0.012648
0.009690 0.011287
0.009227 0.010136
0.009260 0.010386
0.010263 0.011085
0.010114 0.012402
0.009340 0.010384
0.009338 0.010861
0.016168 0.013863
0.012847 0.013479
0.011028 0.013036
0.010291 0.011541
0.010127 0.011435
0.012584 0.014535
0.011189 0.013440
0.010051 0.010540
0.009904 0.011216
0.012109 0.012400
0.011342 0.013209
0.010040 0.011198
0.010808 0.011770
0.011334 0.011129
0.012103 0.009960
0.010840 0.009483
0.011408 0.010412
0.011221 0.010493
0.011306 0.010502
0.011248 0.012332
0.011681 0.011021
0.012148 0.011661
0.010762 0.012245
0.012577 0.012510
0.011392 0.013275
0.010305 0.011608
0.009943 0.011290
0.012456 0.013137
0.010808 0.012854
0.009856 0.011058
0.009770 0.010926
0.012973 0.013450
0.010814 0.012400
0.009739 0.010665
0.009614 0.009869
0.012154 0.013086
0.010854 0.012994
0.009683 0.010133
0.009689 0.010653
0.012650 0.010342
0.011162 0.011647
0.009773 0.010635
0.009742 0.007609
0.011608 0.011814
0.009558 0.009039
0.009893 0.009477
0.011718 0.013555
0.010323 0.011225
0.009615 0.008693
0.009534 0.008624
0.011550 0.013074
0.010271 0.011021
0.009550 0.008348
0.009601 0.009017
0.011050 0.012333
0.010444 0.011700
0.009566 0.008639
0.009504 0.008676
0.015406 0.012686
0.011435 0.011682
0.009419 0.008795
0.011828 0.013182
0.010453 0.011661
0.009460 0.008785
0.009495 0.009355
0.011936 0.013071
0.010690 0.012407
0.009627 0.009752
0.010004 0.010636
0.011865 0.012513
0.010231 0.011197
0.011624 0.012347
0.010055 0.010847
0.012009 0.012320
0.011276 0.013187
0.010076 0.011043
0.010321 0.010883
0.011552 0.011443
0.010466 0.010425
0.011462 0.011063
0.010563 0.010184
0.012209 0.011980
0.010698 0.011549
0.012304 0.012173
0.010561 0.011493
0.012833 0.012691
0.010370 0.011213
0.013808 0.013902
0.011103 0.012815
0.010065 0.010562
0.009708 0.009584
0.012478 0.013472
0.010514 0.011837
0.009505 0.008663
0.009449 0.008937
0.011768 0.012499
0.009516 0.009445
0.012077 0.013089
0.010761 0.012736
0.009527 0.009336
0.009503 0.009958
0.015093 0.012615
0.010857 0.010845
0.009499 0.009856
0.010309 0.009597
0.013026 0.014086
0.009800 0.010203
0.010008 0.011562
0.012993 0.014219
0.011002 0.013004
0.009746 0.010419
0.009797 0.011108
0.015911 0.013822
0.011265 0.011811
0.009841 0.010882
0.010513 0.010038
0.013570 0.014197
0.011652 0.014517
0.010474 0.012582
0.010281 0.012090
0.013540 0.014630
0.011584 0.014858
0.010288 0.012378
0.010264 0.012270
0.012860 0.014453
0.011585 0.014548
0.010279 0.012281
0.010236 0.012074
0.015903 0.014544
0.010345 0.009950
0.012748 0.012064
0.011155 0.013945
0.011003 0.013673
0.010852 0.013776
0.010616 0.012070
0.013093 0.013758
0.011379 0.014096
0.010752 0.013288
0.010703 0.012214
0.013880 0.013360
0.013167 0.015845
0.011015 0.013012
0.011403 0.013764
0.011159 0.012831
0.011994 0.014216
0.020370 0.017067
0.010176 0.009012
0.010633 0.010557
0.014465 0.016314
0.011355 0.013766
0.010299 0.011703
0.010515 0.012416
0.014306 0.016400
0.011703 0.014553
0.010481 0.012442
0.010444 0.012388
0.014664 0.016583
0.011827 0.014377
0.010570 0.012164
0.010551 0.012346
0.014313 0.016379
0.011592 0.013222
0.010411 0.012144
0.010255 0.011455
0.013517 0.015980
0.011470 0.013873
0.010486 0.012045
0.010511 0.011626
0.012611 0.014321
0.011535 0.014065
0.010446 0.011482
0.010428 0.011846
0.011093 0.011377
0.033910 0.028847
0.014798 0.016448
0.009744 0.011467
0.017978 0.019495
0.009903 0.010052
0.016297 0.018350
0.011568 0.014367
0.010264 0.012036
0.009920 0.011074
0.013314 0.015507
0.009755 0.011287
0.013733 0.015515
0.011716 0.014417
0.009831 0.011731
0.009976 0.010877
0.010966 0.011234
0.009927 0.011745
0.016523 0.012622
0.011766 0.011762
0.010423 0.010808
0.009979 0.009483
0.009842 0.009089
0.011819 0.012581
0.010341 0.010871
0.009876 0.009205
0.009807 0.009038
0.012332 0.012741
0.010189 0.009663
0.009817 0.008888
0.009787 0.008469
0.012050 0.012774
0.010114 0.010138
0.009769 0.009087
0.009785 0.008945
0.011577 0.012047
0.010165 0.009873
0.009805 0.008731
0.009805 0.008614
0.011785 0.012548
0.010325 0.010354
0.009653 0.008330
0.009682 0.008304
0.010133 0.008672
0.044538 0.037806
0.014892 0.016494
0.009334 0.007589
0.018079 0.021154
0.011082 0.014196
0.009469 0.010607
0.009435 0.011104
0.018054 0.022468
0.010973 0.014531
0.009554 0.010974
0.009511 0.008666
0.017548 0.021796
0.011021 0.014539
0.009566 0.009953
0.009552 0.009451
0.016694 0.020640
0.010988 0.014322
0.009610 0.009962
0.009607 0.010453
0.015770 0.019303
0.011153 0.014800
0.009570 0.009108
0.009590 0.009829
0.012937 0.014937
0.009650 0.010361
0.014221 0.011868
0.011922 0.012728
0.009758 0.010779
0.013048 0.012697
0.015154 0.015445
0.012417 0.014652
0.011771 0.013949
0.011689 0.014469
0.011411 0.013630
0.014605 0.016002
0.012710 0.014502
0.011614 0.013432
0.011742 0.014197
0.013281 0.015321
0.011599 0.014268
0.011637 0.014793
0.012202 0.014807
0.011563 0.013753
0.013526 0.015057
0.012170 0.015957
0.011714 0.014135
0.011453 0.014169
0.013454 0.015078
0.011851 0.014645
0.011348 0.012895
0.011490 0.013895
0.013599 0.014077
0.012201 0.014879
0.011791 0.013885
0.012034 0.013882
0.015230 0.012893
0.012764 0.012851
0.011799 0.013848
0.014115 0.013161
0.013976 0.012538
0.014308 0.017423
0.014061 0.012666
0.013811 0.016386
0.014346 0.013275
0.014859 0.017124
0.013507 0.012097
0.013830 0.016298
0.014564 0.013634
0.014660 0.014017
0.013967 0.015820
0.012031 0.009389
0.012698 0.012015
0.012051 0.011180
0.013000 0.012489
0.012162 0.011159
0.012406 0.011347
0.012335 0.011075
0.013969 0.012746
0.012337 0.010422
0.013645 0.011722
0.012362 0.010732
0.013043 0.011732
0.012132 0.010471
0.013531 0.012200
0.012236 0.010440
0.014978 0.012762
0.013116 0.012140
0.013117 0.011881
0.013368 0.015498
0.013137 0.011823
0.013196 0.014620
0.013125 0.011712
0.013349 0.014874
0.015008 0.012782
0.013721 0.012315
0.014451 0.013154
0.013954 0.012749
0.015498 0.014716
0.013594 0.011258
0.012549 0.011144
0.013604 0.012516
0.012662 0.011969
0.012515 0.011254
0.012318 0.013110
0.012610 0.011614
0.012316 0.011571
0.012566 0.011878
0.012006 0.011084
0.012078 0.011241
0.011789 0.010714
0.012019 0.011041
0.016444 0.014593
0.014775 0.016099
0.019407 0.018818
0.014294 0.018073
0.013710 0.011325
0.025054 0.025001
0.017404 0.020617
0.017589 0.019085
0.014477 0.013049
0.012815 0.011225
0.014601 0.013580
0.013639 0.012674
0.014019 0.014259
0.013526 0.012794
0.013163 0.012082
0.014035 0.015533
0.013625 0.012873
0.015022 0.013004
0.013663 0.012478
0.014391 0.012552
0.012644 0.011319
0.014261 0.013337
0.013827 0.011827
0.014961 0.012784
0.015072 0.015608
0.015467 0.013898
0.013802 0.012033
0.013920 0.012325
0.014350 0.016333
0.014884 0.012991
0.013669 0.012327
0.014677 0.011461
0.012703 0.011700
0.012519 0.011590
0.014740 0.014553
0.012311 0.013130
0.010776 0.009960
0.011247 0.011048
0.014711 0.014973
0.012802 0.013968
0.011629 0.011438
0.011624 0.012055
0.015033 0.015920
0.013029 0.014884
0.011599 0.012082
0.011847 0.012453
0.015213 0.016204
0.013436 0.015490
0.011638 0.012048
0.012057 0.012631
0.015335 0.016528
0.013531 0.015659
0.012132 0.012767
0.012195 0.012800
0.015439 0.016791
0.013600 0.015749
0.012376 0.013157
0.012313 0.013180
0.015278 0.016636
0.013602 0.015848
0.011735 0.012042
0.012252 0.013170
0.015220 0.016594
0.013659 0.015812
0.012293 0.012884
0.012225 0.013088
0.015108 0.016320
0.013363 0.015620
0.012055 0.012700
0.011648 0.011992
0.014791 0.016467
0.013106 0.015186
0.011901 0.012196
0.011874 0.012450
0.014867 0.016812
0.013196 0.015225
0.011879 0.012073
0.011861 0.012236
0.014756 0.016542
0.013065 0.015179
0.011809 0.011967
0.011229 0.011054
0.014695 0.016478
0.012960 0.015058
0.011782 0.011727
0.011742 0.011880
0.014364 0.016074
0.012785 0.014702
0.011674 0.011801
0.011565 0.011866
0.014913 0.015669
0.013273 0.014940
0.011715 0.012689
0.011605 0.011774
0.014617 0.015981
0.013164 0.015234
0.011767 0.011814
0.011853 0.011994
0.014619 0.016414
0.012957 0.014918
0.011724 0.011732
0.011707 0.011874
0.014483 0.016203
0.012957 0.014822
0.011596 0.011418
0.011751 0.011863
0.014200 0.015556
0.012938 0.014796
0.011724 0.011671
0.011666 0.011641
0.013593 0.014991
0.012742 0.014708
0.011583 0.011485
0.011466 0.011383
0.009408 0.005555
0.009350 0.003888
0.011987 0.010040
0.009350 0.003827
0.009353 0.005604
0.009353 0.005675
0.010080 0.005043
0.009396 0.005343
0.010633 0.006202
0.009323 0.004415
0.010496 0.006090
0.009291 0.005181
0.011106 0.007761
0.009333 0.006892
0.009255 0.005272
0.009264 0.005303
0.010686 0.007836
0.009272 0.005951
0.009210 0.005446
0.009213 0.006027
0.010430 0.008130
0.009263 0.006374
0.009162 0.005169
0.009155 0.005498
0.009209 0.005730
0.014690 0.009708
0.009434 0.005844
0.009793 0.007518
0.009153 0.007000
0.009102 0.006345
0.009075 0.006266
0.009043 0.005978
0.009802 0.006985
0.009135 0.006692
0.009021 0.006215
0.009031 0.005740
0.009005 0.006355
0.008989 0.006380
0.009000 0.005889
0.008972 0.006320
0.009630 0.007479
0.009080 0.006250
0.008947 0.006253
0.008948 0.005904
0.008918 0.006362
0.008910 0.007068
0.008920 0.006179
0.008887 0.006363
0.009409 0.006402
0.008941 0.006739
0.008849 0.006203
0.008840 0.006270
0.008844 0.006837
0.008828 0.007105
0.009250 0.006490
0.008880 0.006550
0.008794 0.006225
0.008779 0.006241
0.008785 0.006405
0.008778 0.006370
0.008872 0.006330
0.008815 0.007190
0.008753 0.006395
0.008791 0.006444
0.008742 0.006363
0.008730 0.006336
0.008745 0.007068
0.010681 0.008091
0.009882 0.007454
0.012731 0.009726
0.009662 0.006625
0.008726 0.006042
0.008641 0.005250
0.008641 0.005766
0.009663 0.007007
0.008700 0.006067
0.008620 0.005326
0.008607 0.005232
0.009604 0.007065
0.008688 0.006601
0.008581 0.005414
0.008568 0.005293
0.009610 0.006955
0.008630 0.006849
0.008544 0.005517
0.008522 0.005299
0.009509 0.007275
0.008587 0.006928
0.008501 0.006133
0.008493 0.005820
0.009372 0.007412
0.008561 0.006783
0.008459 0.005362
0.008453 0.005334
0.009269 0.006879
0.008553 0.006408
0.008436 0.005277
0.008418 0.005354
0.009053 0.006880
0.008508 0.006788
0.008396 0.005289
0.008397 0.005921
0.008609 0.006316
0.008450 0.007009
0.008387 0.006748
0.008393 0.006319
0.008398 0.006460
0.008313 0.004874
0.008302 0.004925
0.008286 0.005186
0.008282 0.005281
0.008259 0.005595
0.008256 0.005589
