0.000000 0.003468
0.000000 0.001879
0.000000 0.001816
0.000000 0.001522
0.000000 0.001392
0.000000 0.001457
0.000000 0.001604
0.003468 0.001697
0.001966 0.001520
0.001894 0.001321
0.001530 0.001485
0.001392 0.001661
0.001457 0.001481
0.000600 0.001406
0.001287 0.001528
0.000427 0.001444
0.001076 0.001809
0.001431 0.001785
0.001646 0.001174
0.001541 0.001333
0.001568 0.001409
0.001685 0.001798
0.001563 0.001625
0.001428 0.001266
0.001544 0.001342
0.001810 0.001588
0.001637 0.001774
0.001590 0.001472
0.001575 0.001360
0.001553 0.001391
0.001543 0.001485
0.001622 0.001472
0.001732 0.001594
0.001500 0.001202
0.001480 0.001247
0.001587 0.001454
0.001632 0.001650
0.001609 0.001439
0.001565 0.001539
0.001519 0.001275
0.001547 0.001486
0.001495 0.001309
0.001598 0.001550
0.001510 0.001353
0.001643 0.001692
0.001556 0.001508
0.001398 0.001406
0.001773 0.001891
0.001382 0.001265
0.001566 0.001502
0.001359 0.001354
0.001744 0.001802
0.001382 0.001264
0.001611 0.001549
0.001484 0.001327
0.001529 0.001433
0.001648 0.001572
0.001585 0.001523
0.001596 0.001653
0.001563 0.001562
0.001588 0.001545
0.001505 0.001450
0.001649 0.001531
0.001545 0.001504
0.001536 0.001556
0.001483 0.001327
0.001687 0.001757
0.001640 0.001658
0.001871 0.001737
0.001527 0.001396
0.001580 0.001652
0.001591 0.001651
0.001652 0.001807
0.001545 0.001756
0.001561 0.001652
0.001545 0.001554
0.001573 0.001596
0.001699 0.001724
0.001527 0.001534
0.001525 0.001710
0.001558 0.001596
0.001653 0.001818
0.001596 0.001515
0.001573 0.001548
0.001487 0.001262
0.001588 0.001465
0.001589 0.001440
0.001628 0.001458
0.001602 0.001547
0.001561 0.001667
0.001510 0.001526
0.001581 0.001456
0.001632 0.001471
0.001681 0.001688
0.001502 0.001466
0.001526 0.001448
0.001627 0.001629
0.001617 0.001428
0.001527 0.001409
0.001447 0.001222
0.001769 0.001829
0.001548 0.001445
0.001592 0.001499
0.001563 0.001707
0.001466 0.001548
0.001525 0.001427
0.001599 0.001453
0.001645 0.001506
0.001521 0.001385
0.001461 0.001342
0.001570 0.001414
0.001620 0.001688
0.001628 0.001631
0.001486 0.001436
0.001487 0.001414
0.001607 0.001660
0.001848 0.001984
0.001427 0.001447
0.001494 0.001691
0.001654 0.001731
0.001635 0.001682
0.001586 0.001469
0.001451 0.001354
0.001662 0.001691
0.001691 0.001790
0.001575 0.001589
0.001592 0.001764
0.001654 0.001832
0.001457 0.001440
0.001641 0.001554
0.001870 0.002072
0.001536 0.001367
0.001446 0.001437
0.001499 0.001465
0.001585 0.001548
0.001710 0.001752
0.001582 0.001516
0.001506 0.001357
0.001718 0.001784
0.001592 0.001654
0.001673 0.001527
0.001479 0.001369
0.001602 0.001633
0.001525 0.001491
0.001640 0.001573
0.001812 0.002035
0.001561 0.001395
0.001508 0.001559
0.001578 0.001645
0.001687 0.001884
0.001638 0.001503
0.001493 0.001473
0.001481 0.001390
0.001928 0.002009
0.001506 0.001422
0.001516 0.001449
0.001603 0.001501
0.001501 0.001410
0.001704 0.001788
0.001595 0.001493
0.001526 0.001486
0.001555 0.001439
0.001618 0.001691
0.001479 0.001535
0.001990 0.001978
0.001499 0.001391
0.001343 0.001284
0.001672 0.001673
0.001841 0.001906
0.001571 0.001484
0.001600 0.001449
0.001459 0.001388
0.001892 0.001905
0.001630 0.001528
0.001589 0.001500
0.001599 0.001642
0.001825 0.001790
0.001682 0.001844
0.001650 0.001679
0.001669 0.001628
0.001686 0.001702
0.001529 0.001492
0.001732 0.001734
0.001835 0.001787
0.001794 0.001695
0.001403 0.001326
0.001790 0.001761
0.001941 0.001968
0.001694 0.001673
0.001525 0.001385
0.001689 0.001577
0.001887 0.001901
0.001817 0.001855
0.001765 0.001817
0.001715 0.001676
0.001751 0.001758
0.001741 0.001679
0.001708 0.001716
0.001966 0.001933
0.001733 0.001730
0.001758 0.001804
0.001836 0.001835
0.002034 0.002053
0.001609 0.001558
0.001764 0.001653
0.001784 0.001724
0.002019 0.002155
0.001943 0.001869
0.001662 0.001574
0.001820 0.001765
0.001884 0.001881
0.001983 0.001929
0.001989 0.001954
0.001702 0.001644
0.001804 0.001789
0.001753 0.001800
0.001953 0.001922
0.001899 0.001917
0.001648 0.001594
0.001703 0.001709
0.001786 0.001720
0.002139 0.002144
0.001689 0.001627
0.001948 0.001848
0.001793 0.001800
0.001836 0.001881
0.001931 0.001994
0.001906 0.001801
0.001731 0.001751
0.001988 0.002055
0.001750 0.001671
0.002125 0.001898
0.001787 0.001683
0.001938 0.002023
0.001693 0.001709
0.001975 0.001849
0.002005 0.001988
0.001883 0.001817
0.001799 0.001807
0.001904 0.001898
0.002121 0.002079
0.002001 0.001846
0.001884 0.001731
0.001754 0.001660
0.002072 0.002105
0.001852 0.001896
0.002178 0.002039
0.002061 0.002075
0.002076 0.002150
0.001892 0.001777
0.002035 0.001908
0.001951 0.001865
0.001848 0.001823
0.001809 0.001858
0.002289 0.002321
0.002032 0.001970
0.001783 0.001686
0.001943 0.001854
0.001916 0.001879
0.002369 0.002369
0.002114 0.001963
0.001890 0.001781
0.002059 0.001928
0.002008 0.002020
0.002045 0.001993
0.002138 0.002080
0.002108 0.002057
0.002227 0.002196
0.001862 0.001883
0.002088 0.002011
0.002300 0.002169
0.002019 0.001930
0.001938 0.001968
0.002260 0.002173
0.002286 0.002254
0.001954 0.001916
0.002116 0.002022
0.002021 0.002007
0.002293 0.002257
0.002305 0.002432
0.002247 0.002067
0.002436 0.002517
0.002642 0.002952
0.002484 0.002619
0.002484 0.002530
0.002399 0.002555
0.002232 0.002415
0.002130 0.002784
0.002075 0.002220
0.002433 0.002601
0.002248 0.002378
0.002337 0.002490
0.001842 0.001857
0.002145 0.002325
0.002256 0.003148
0.002059 0.002039
0.001929 0.002040
0.002309 0.002416
0.001986 0.002017
0.001893 0.001810
0.002099 0.002084
0.001929 0.001967
0.002083 0.002062
0.002201 0.002202
0.002193 0.002118
0.002060 0.001954
0.001940 0.001820
0.002034 0.001914
0.002357 0.002363
0.001998 0.001845
0.002245 0.002047
0.001947 0.001896
0.002118 0.002154
0.002012 0.001996
0.002283 0.002104
0.002083 0.002061
0.001809 0.001789
0.001969 0.001925
0.002188 0.002010
0.002102 0.001991
0.001924 0.001825
0.002043 0.002048
0.001907 0.001832
0.002376 0.002261
0.002023 0.001930
0.002058 0.001914
0.001910 0.001814
0.001999 0.002030
0.002044 0.001933
0.002210 0.001999
0.001962 0.001954
0.001952 0.002035
0.001943 0.002003
0.002368 0.002156
0.002158 0.002107
0.001909 0.001950
0.001921 0.001875
0.002003 0.001963
0.002105 0.002113
0.001973 0.001809
0.002100 0.001959
0.001962 0.001896
0.002068 0.002103
0.002113 0.002013
0.002085 0.001975
0.001881 0.001835
0.001983 0.001946
0.002065 0.001933
0.002119 0.001955
0.002098 0.001863
0.001813 0.001792
0.002082 0.002145
0.002038 0.002083
0.001973 0.001978
0.001983 0.001948
0.001935 0.001920
0.002052 0.002002
0.002388 0.002267
0.002093 0.002007
0.001915 0.001849
0.002152 0.002099
0.002032 0.002010
0.002145 0.002042
0.002050 0.002038
0.001880 0.001866
0.002178 0.002179
0.002027 0.002047
0.002410 0.002182
0.002169 0.002017
0.001989 0.001925
0.002120 0.002037
0.002387 0.002359
0.001965 0.002055
0.002018 0.002016
0.001974 0.001946
0.002138 0.002114
0.002296 0.002290
0.002017 0.001953
0.002251 0.002123
0.002091 0.002054
0.001979 0.001959
0.002198 0.002148
0.002099 0.002008
0.002256 0.002124
0.001959 0.001938
0.002062 0.002094
0.002469 0.002300
0.002282 0.002214
0.002012 0.002017
0.001982 0.001962
0.002143 0.002104
0.002232 0.002164
0.001999 0.002047
0.002014 0.001991
0.001996 0.002047
0.002036 0.002148
0.002539 0.002365
0.002192 0.002215
0.001890 0.001977
0.002012 0.002033
0.001963 0.001943
0.002340 0.002183
0.002144 0.002075
0.002000 0.001976
0.002073 0.002070
0.002172 0.002160
0.002272 0.002273
0.001957 0.001923
0.002129 0.002132
0.002045 0.002005
0.002058 0.002024
0.002141 0.002065
0.002500 0.002311
0.002046 0.002167
0.002039 0.002022
0.002061 0.002087
0.002476 0.002383
0.002228 0.002110
0.002025 0.002058
0.002115 0.002170
0.002119 0.002118
0.002322 0.002202
0.002268 0.002180
0.002030 0.001977
0.001991 0.001954
0.002188 0.002204
0.002252 0.002232
0.002132 0.002134
0.002025 0.002001
0.002076 0.001999
0.002167 0.002133
0.002421 0.002304
0.002238 0.002127
0.002036 0.002014
0.002187 0.002293
0.001984 0.002045
0.002448 0.002358
0.002148 0.002129
0.002111 0.002122
0.002058 0.002110
0.002027 0.002085
0.002383 0.002350
0.002208 0.002118
0.002024 0.002004
0.002138 0.002112
0.002092 0.002043
0.002429 0.002429
0.002428 0.002390
0.002043 0.002185
0.002071 0.002186
0.002123 0.002068
0.002334 0.002233
0.002172 0.002132
0.002125 0.002102
0.002071 0.002175
0.002240 0.002270
0.002112 0.002138
0.002395 0.002366
0.002078 0.002046
0.002079 0.002099
0.002080 0.002101
0.002640 0.002615
0.002419 0.002270
0.002046 0.002067
0.002341 0.002273
0.002301 0.002263
0.002336 0.002279
0.002266 0.002268
0.002261 0.002236
0.002109 0.002114
0.002355 0.002253
0.002226 0.002183
0.002476 0.002342
0.002066 0.002070
0.002099 0.002102
0.002283 0.002274
0.002471 0.002375
0.002127 0.002148
0.002191 0.002198
0.002177 0.002290
0.002356 0.002303
0.002179 0.002283
0.002083 0.002118
0.002288 0.002242
0.002123 0.002088
0.002564 0.002462
0.002242 0.002172
0.002190 0.002188
0.002300 0.002305
0.002470 0.002469
0.002450 0.002423
0.002076 0.002075
0.002336 0.002266
0.002574 0.002536
0.002342 0.002305
0.002449 0.002482
0.002518 0.002561
0.002420 0.002512
0.002357 0.002389
0.002472 0.002386
0.002377 0.002416
0.002281 0.002391
0.002522 0.002636
0.002443 0.002432
0.002668 0.002524
0.002118 0.002138
0.002406 0.002389
0.002638 0.002603
0.002329 0.002325
0.002504 0.002417
0.002502 0.002480
0.002411 0.002464
0.002598 0.002505
0.002194 0.002206
0.002462 0.002346
0.002628 0.002675
0.002417 0.002440
0.002458 0.002455
0.002497 0.002507
0.002546 0.002530
0.002304 0.002315
0.002421 0.002426
0.002438 0.002513
0.002776 0.002669
0.002255 0.002224
0.002441 0.002402
0.002485 0.002435
0.002468 0.002468
0.002547 0.002469
0.002380 0.002402
0.002477 0.002526
0.002561 0.002629
0.002473 0.002418
0.002807 0.002645
0.002396 0.002365
0.002406 0.002362
0.002466 0.002526
0.002676 0.002683
0.002451 0.002489
0.002293 0.002422
0.002430 0.002367
0.002584 0.002564
0.002505 0.002571
0.002473 0.002490
0.002451 0.002479
0.002339 0.002385
0.002593 0.002552
0.002513 0.002509
0.002611 0.002507
0.002418 0.002351
0.002424 0.002511
0.002493 0.002545
0.002576 0.002563
0.002613 0.002639
0.002430 0.002446
0.002511 0.002472
0.002496 0.002473
0.002667 0.002609
0.002483 0.002356
0.002556 0.002581
0.002535 0.002607
0.002559 0.002603
0.002548 0.002642
0.002527 0.002651
0.002665 0.002490
0.002654 0.002685
0.002440 0.002495
0.002858 0.002759
0.002553 0.002666
0.002440 0.002403
0.002670 0.002590
0.002551 0.002598
0.002824 0.002964
0.002524 0.002683
0.002507 0.002601
0.002646 0.002888
0.002636 0.002787
0.002654 0.002785
0.002468 0.002555
0.002638 0.002671
0.002733 0.002825
0.002455 0.002414
0.002821 0.002631
0.002737 0.002652
0.002588 0.002594
0.002651 0.002606
0.002614 0.002636
0.002914 0.002808
0.002573 0.002517
0.002740 0.002629
0.002731 0.002730
0.002595 0.002673
0.002713 0.002684
0.002824 0.002741
0.002658 0.002604
0.002874 0.002682
0.002549 0.002569
0.002750 0.002674
0.002815 0.002818
0.002807 0.002802
0.002749 0.002612
0.002726 0.002716
0.002792 0.002726
0.002640 0.002539
0.002707 0.002536
0.002798 0.002723
0.002861 0.002833
0.002575 0.002602
0.002620 0.002597
0.002744 0.002715
0.002801 0.002705
0.002788 0.002763
0.002645 0.002608
0.002713 0.002592
0.002822 0.002759
0.002604 0.002505
0.002777 0.002707
0.002619 0.002528
0.002777 0.002718
0.002682 0.002554
0.002628 0.002573
0.002918 0.002919
0.002613 0.002649
0.002677 0.002570
0.002631 0.002560
0.002834 0.002663
0.002597 0.002617
0.002795 0.002727
0.002672 0.002582
0.002764 0.002677
0.002736 0.002721
0.002788 0.002628
0.002643 0.002657
0.002878 0.002679
0.002458 0.002564
0.003086 0.002719
0.002666 0.002575
0.002806 0.002627
0.002750 0.002724
0.002818 0.002718
0.002792 0.002704
0.002771 0.002748
0.002624 0.002673
0.002814 0.002693
0.002852 0.002744
0.002699 0.002597
0.002672 0.002588
0.002669 0.002605
0.002684 0.002614
0.002717 0.002634
0.002616 0.002690
0.002635 0.002499
0.002727 0.002785
0.002620 0.002676
0.002781 0.002667
0.002753 0.002698
0.002669 0.002600
0.002750 0.002580
0.002618 0.002556
0.002880 0.002843
0.002667 0.002614
0.002569 0.002577
0.002721 0.002685
0.002802 0.002748
0.002657 0.002573
0.002713 0.002593
0.002660 0.002580
0.002763 0.002728
0.002662 0.002679
0.002645 0.002648
0.002675 0.002631
0.002593 0.002740
0.002555 0.002509
0.002776 0.002689
0.002736 0.002658
0.002665 0.002614
0.002768 0.002674
0.002605 0.002575
0.002907 0.002690
0.002670 0.002555
0.002687 0.002693
0.002807 0.002697
0.002575 0.000010
0.002693 0.000028
0.000028 0.000011
