0.000000 0.009419
0.000000 0.005130
0.000000 0.007987
0.000000 0.008276
0.000000 0.007156
0.000000 0.006407
0.009419 0.004569
0.009419 0.005234
0.005058 0.005034
0.006546 0.005017
0.008046 0.005039
0.008038 0.005027
0.007799 0.005300
0.007035 0.004604
0.006968 0.005109
0.030022 0.005499
0.004640 0.005096
0.005720 0.005132
0.005378 0.005185
0.004982 0.005276
0.005025 0.005261
0.005009 0.005255
0.005192 0.004546
0.005253 0.005085
0.004990 0.004088
0.005239 0.005009
0.005259 0.005120
0.005273 0.005132
0.005050 0.005030
0.005048 0.005018
0.005039 0.005083
0.005107 0.004485
0.005181 0.005087
0.004919 0.004007
0.005176 0.004982
0.005181 0.005155
0.005183 0.005332
0.004944 0.005289
0.004958 0.005301
0.004955 0.005354
0.005044 0.004747
0.005124 0.005064
0.004858 0.003945
0.005130 0.005079
0.005144 0.005198
0.005155 0.005224
0.004922 0.004974
0.004952 0.005036
0.004949 0.004982
0.005044 0.004505
0.005128 0.005052
0.004864 0.003962
0.005132 0.005034
0.005189 0.004998
0.005137 0.005005
0.004951 0.005052
0.004916 0.005027
0.004915 0.004941
0.005090 0.004647
0.005169 0.005026
0.004320 0.003850
0.005161 0.005068
0.005164 0.005051
0.005166 0.005137
0.004924 0.005025
0.004953 0.005052
0.004950 0.005044
0.005071 0.004539
0.005151 0.005088
0.004245 0.003879
0.005149 0.005136
0.005152 0.005003
0.005154 0.005043
0.004915 0.005046
0.004943 0.005031
0.004942 0.005067
0.005063 0.004650
0.005144 0.005040
0.047666 0.004281
0.004110 0.003524
0.004351 0.003929
0.004351 0.003709
0.004350 0.003613
0.004110 0.003406
0.004815 0.005106
0.005142 0.004550
0.005159 0.005101
0.003993 0.003987
0.005148 0.005059
0.005158 0.004918
0.005140 0.005015
0.005147 0.005018
0.005148 0.005028
0.005130 0.005022
0.005137 0.004517
0.005146 0.005044
0.003893 0.003962
0.005131 0.005035
0.005139 0.005231
0.005121 0.005134
0.005126 0.005023
0.005127 0.005032
0.005110 0.005137
0.005116 0.004488
0.005124 0.005024
0.005231 0.004117
0.004908 0.004395
0.005124 0.004479
0.004905 0.004443
0.005137 0.005944
0.015006 0.011855
0.005024 0.009354
0.005186 0.007103
0.005552 0.006115
0.013015 0.015248
0.006170 0.006951
0.013549 0.015387
0.016952 0.018590
0.006141 0.007201
0.027211 0.023486
0.007629 0.007948
0.008066 0.007885
0.017707 0.016852
0.019687 0.021115
0.016472 0.016784
0.020841 0.021136
0.007020 0.007155
0.020106 0.020317
0.007646 0.007580
0.008024 0.008665
0.020111 0.021521
0.008857 0.010810
0.006279 0.007164
0.006203 0.006814
0.015443 0.017055
0.005820 0.006872
0.012852 0.013285
0.018475 0.019428
0.010600 0.011295
0.008185 0.008636
0.008735 0.009042
0.022694 0.022818
0.010950 0.011813
0.007680 0.008133
0.008422 0.008581
0.018666 0.019773
0.008885 0.009628
0.008456 0.009583
0.015271 0.016702
0.006105 0.006951
0.018932 0.019863
0.008787 0.010170
0.007724 0.007982
0.006611 0.007130
0.018156 0.018973
0.011539 0.011880
0.006843 0.007118
0.009101 0.009052
0.014889 0.015026
0.011398 0.012393
0.007754 0.008109
0.006828 0.007212
0.009783 0.010229
0.013020 0.013353
0.008696 0.009038
0.029568 0.023594
0.018393 0.015961
0.015140 0.014402
0.013387 0.010906
0.013749 0.011385
0.018164 0.017669
0.015907 0.014933
0.012597 0.011583
0.012476 0.011262
0.015385 0.014841
0.012367 0.011655
0.012071 0.010650
0.015067 0.014834
0.012072 0.011411
0.010361 0.009414
0.010501 0.009483
0.013216 0.012608
0.012196 0.010962
0.013572 0.013699
0.012084 0.011264
0.013347 0.013408
0.011860 0.011094
0.010456 0.009497
0.012225 0.013114
0.010681 0.010187
0.009628 0.009173
0.010403 0.010128
0.009502 0.008954
0.010175 0.009801
0.009551 0.008943
0.010296 0.009904
0.009453 0.008832
0.009542 0.008937
0.010773 0.011998
0.009749 0.009298
0.010206 0.011405
0.010442 0.011717
0.009525 0.009374
0.009905 0.011062
0.009084 0.008953
0.009211 0.010292
0.009440 0.010486
0.009511 0.009704
0.008881 0.009981
0.009540 0.010773
0.009589 0.009975
0.009916 0.011324
0.008862 0.009708
0.008991 0.009923
0.009328 0.009451
0.009486 0.011001
0.008305 0.009257
0.008644 0.009662
0.008157 0.008677
0.012887 0.011582
0.015219 0.014944
0.013196 0.012754
0.013741 0.014253
0.014553 0.014912
0.012184 0.012094
0.016292 0.016836
0.013904 0.014097
0.012819 0.012593
0.015522 0.015819
0.015454 0.015674
0.012407 0.012036
0.013233 0.012704
0.012430 0.013475
0.013881 0.014898
0.012200 0.011543
0.014660 0.015449
0.014752 0.015242
0.013319 0.014154
0.015553 0.016630
0.014479 0.014203
0.012368 0.012920
0.015377 0.016005
0.014010 0.014154
0.012360 0.012279
0.013838 0.014286
0.017142 0.017528
0.015036 0.015444
0.014704 0.015644
0.014304 0.013470
0.013528 0.012859
0.015830 0.016154
0.016871 0.017597
0.014142 0.013618
0.014875 0.014710
0.006562 0.005094
0.004412 0.003747
0.017596 0.015440
0.016665 0.014503
0.005098 0.004614
0.006716 0.005553
0.004607 0.004084
0.007522 0.006644
0.009855 0.009023
0.011238 0.010642
0.013162 0.013108
0.013408 0.013189
0.015394 0.015204
0.012542 0.011414
0.011105 0.010523
0.009405 0.008744
0.009888 0.009164
0.010639 0.009647
0.009861 0.008836
0.010026 0.008901
0.009997 0.009296
0.012529 0.012391
0.009931 0.010333
0.009681 0.010535
0.013410 0.014130
0.011674 0.012313
0.009425 0.009640
0.009836 0.009678
0.013445 0.013991
0.011942 0.012337
0.009436 0.009340
0.010023 0.009716
0.013136 0.014010
0.011757 0.012464
0.010220 0.010176
0.010283 0.010188
0.012720 0.012543
0.011521 0.012005
0.009605 0.009417
0.009988 0.009896
0.010089 0.009613
0.046158 0.043630
0.029953 0.027788
0.017189 0.016661
0.011773 0.011835
0.009758 0.010751
0.009784 0.010364
0.010566 0.010460
0.025353 0.025659
0.014087 0.014084
0.007887 0.008271
0.010046 0.009585
0.025351 0.026089
0.014172 0.014285
0.007859 0.008081
0.010475 0.009939
0.025576 0.026443
0.013463 0.014024
0.007891 0.008341
0.009936 0.009871
0.024028 0.024017
0.013960 0.014270
0.007582 0.007986
0.010827 0.010415
0.023870 0.023748
0.013618 0.014062
0.008110 0.008474
0.010246 0.009845
0.023366 0.023805
0.014827 0.015014
0.008289 0.008682
0.011422 0.010811
0.019883 0.020269
0.013278 0.013904
0.007670 0.007939
0.009137 0.009309
0.012175 0.011011
0.015668 0.015618
0.008462 0.008767
0.011428 0.010664
0.013234 0.012240
0.011870 0.011799
0.010314 0.009942
0.010606 0.010504
0.013332 0.013375
0.012281 0.012354
0.010701 0.010476
0.010813 0.010474
0.013858 0.013667
0.012015 0.012018
0.010799 0.010279
0.010097 0.009736
0.013323 0.013434
0.011687 0.011918
0.009739 0.009570
0.010564 0.010395
0.013190 0.012800
0.011971 0.011880
0.010552 0.010344
0.010944 0.010612
0.012810 0.012541
0.012292 0.012367
0.010790 0.010528
0.010965 0.010620
0.011903 0.011500
0.011030 0.010821
0.013434 0.012429
0.009638 0.008540
0.011149 0.010816
0.014420 0.013622
0.010559 0.010112
0.014647 0.013343
0.010430 0.009925
0.014228 0.012889
0.010564 0.010237
0.013691 0.012193
0.011065 0.010760
0.011244 0.010135
0.011429 0.010619
0.008871 0.008565
0.010494 0.010068
0.009471 0.009412
0.010263 0.009693
0.009569 0.009430
0.009763 0.008963
0.010068 0.009785
0.010080 0.010612
0.009915 0.009543
0.010417 0.011230
0.010156 0.009771
0.010435 0.011153
0.010221 0.010085
0.010740 0.011583
0.010138 0.009855
0.010275 0.010667
0.010275 0.010053
0.010589 0.011086
0.010678 0.010276
0.010183 0.009885
0.010013 0.009650
0.010300 0.010540
0.009956 0.009860
0.010306 0.010697
0.010094 0.009821
0.010803 0.011752
0.010362 0.011056
0.010507 0.011100
0.010618 0.010454
0.011107 0.012029
0.010395 0.011006
0.010681 0.011018
0.009848 0.009299
0.011189 0.011863
0.010288 0.010658
0.010608 0.011367
0.017442 0.016581
0.017117 0.016572
0.021539 0.021605
0.022582 0.020902
0.023872 0.022978
0.026477 0.025546
0.009944 0.009445
0.024944 0.023455
0.010905 0.010617
0.011148 0.010301
0.010055 0.009416
0.019546 0.018918
0.013814 0.012958
0.011210 0.010491
0.011667 0.011082
0.010144 0.009076
0.010335 0.009609
0.011497 0.010666
0.011508 0.010716
0.007400 0.007097
0.008705 0.007433
0.011276 0.010978
0.010453 0.010146
0.011973 0.012146
0.011543 0.012405
0.010402 0.010347
0.010754 0.010821
0.012430 0.012743
0.011936 0.013043
0.010242 0.010421
0.010754 0.010691
0.012394 0.012540
0.012099 0.012876
0.010419 0.010517
0.011049 0.011161
0.012389 0.012853
0.012266 0.013110
0.010725 0.010759
0.010777 0.010855
0.011894 0.012191
0.012010 0.013028
0.010840 0.010984
0.010940 0.011019
0.011303 0.011436
0.012200 0.013089
0.011153 0.011405
0.011413 0.011881
0.010913 0.011196
0.011324 0.011800
0.010794 0.010871
0.010752 0.011235
0.011110 0.011120
0.011192 0.012053
0.010460 0.011135
0.010744 0.010844
0.009789 0.009160
0.010902 0.011002
0.010665 0.010525
0.009488 0.009406
0.009427 0.010022
0.009384 0.008998
0.009860 0.010841
0.009410 0.009249
0.009557 0.009558
0.009198 0.009305
0.009106 0.009068
0.009252 0.009055
0.009529 0.009336
0.009154 0.008863
0.009322 0.009047
0.009405 0.009090
0.009847 0.009644
0.012833 0.011790
0.013992 0.013340
0.013041 0.012378
0.015041 0.015217
0.014452 0.014244
0.013855 0.013382
0.014844 0.015276
0.012639 0.011911
0.015162 0.015273
0.014890 0.015690
0.012886 0.012396
0.015145 0.015452
0.010288 0.009445
0.010055 0.009653
0.013483 0.012906
0.009675 0.009545
0.011309 0.011609
0.010771 0.011527
0.010081 0.009913
0.010166 0.009798
0.011037 0.011443
0.009925 0.009919
0.011051 0.011454
0.011665 0.012247
0.010367 0.010270
0.010217 0.010064
0.011343 0.011623
0.010049 0.010280
0.011434 0.012027
0.011091 0.011958
0.010143 0.010029
0.010476 0.010042
0.011753 0.012270
0.011764 0.012581
0.010566 0.010440
0.010098 0.009718
0.011090 0.011250
0.010356 0.010064
0.010633 0.010543
0.010351 0.009884
0.014786 0.014098
0.012418 0.011699
0.012658 0.013216
0.011106 0.010892
0.011693 0.011277
0.014807 0.015355
0.013250 0.014127
0.010533 0.010561
0.010993 0.010913
0.014597 0.015589
0.013782 0.014964
0.010920 0.011008
0.012210 0.012079
0.014415 0.015287
0.014162 0.015317
0.011989 0.011973
0.012404 0.012020
0.013761 0.014138
0.014550 0.015630
0.012201 0.011917
0.012264 0.011749
0.013259 0.013288
0.011584 0.011169
0.011356 0.010747
0.018200 0.017983
0.016562 0.015901
0.016978 0.017503
0.015752 0.016354
0.015730 0.016326
0.016808 0.017003
0.016859 0.018139
0.015732 0.016218
0.015891 0.016372
0.016965 0.016843
0.015921 0.016462
0.017561 0.017583
0.017278 0.018256
0.016100 0.016391
0.016057 0.016351
0.017357 0.016980
0.017077 0.017912
0.015778 0.015949
0.015721 0.016017
0.013063 0.012715
0.016773 0.016863
0.015517 0.015472
0.014936 0.014246
0.011666 0.011330
0.010926 0.010498
0.014270 0.014948
0.012642 0.012910
0.011021 0.011079
0.012912 0.013131
0.013444 0.013343
0.011704 0.011523
0.014255 0.014809
0.013421 0.014648
0.013759 0.014383
0.013499 0.013816
0.013050 0.013831
0.012824 0.013014
0.014097 0.013863
0.011944 0.011557
0.015254 0.015463
0.013346 0.013167
0.013309 0.013472
0.010600 0.010088
0.012508 0.012581
0.011212 0.010722
0.013148 0.013433
0.011589 0.011161
0.011424 0.011361
0.010799 0.010469
0.009948 0.009212
0.010085 0.009844
0.010877 0.010933
0.010462 0.010214
0.010394 0.011047
0.010512 0.010406
0.010510 0.010449
0.010918 0.011638
0.011346 0.012090
0.011332 0.011253
0.010750 0.011344
0.010569 0.010207
0.010479 0.010785
0.010813 0.010579
0.011846 0.012623
0.010443 0.010847
0.010638 0.010928
0.011568 0.011382
0.009813 0.009634
0.010747 0.010623
0.010321 0.010288
0.010561 0.010599
0.010101 0.010221
0.010000 0.009007
0.010501 0.010230
0.010015 0.010038
0.010444 0.010520
0.010303 0.010366
0.010464 0.009784
0.010122 0.009925
0.010819 0.011543
0.010482 0.011499
0.010432 0.010698
0.010125 0.010271
0.010915 0.010881
0.011104 0.012202
0.009611 0.009615
0.009176 0.009202
0.011924 0.011929
0.010798 0.011569
0.008590 0.008740
0.008370 0.008285
0.012726 0.012528
0.010322 0.011359
0.008230 0.008375
0.008105 0.007829
0.012917 0.012686
0.009062 0.009591
0.007807 0.007730
0.007778 0.007796
0.012879 0.012893
0.009171 0.009384
0.007346 0.007302
0.008101 0.007920
0.012522 0.012036
0.009037 0.009302
0.006887 0.006898
0.007505 0.007236
0.006691 0.005577
0.004279 0.003623
0.007830 0.007025
0.004272 0.003502
0.005099 0.005102
0.005102 0.005067
0.006756 0.006245
0.004761 0.004740
0.005005 0.004199
0.007476 0.006914
0.008012 0.007371
0.008847 0.008073
0.009543 0.009124
0.010562 0.010399
0.011364 0.010901
0.012991 0.012759
0.013756 0.014168
0.013028 0.013538
0.013671 0.013091
0.013135 0.012855
0.013363 0.012739
0.013757 0.013492
0.011847 0.011344
0.012818 0.012589
0.013293 0.012797
0.011629 0.011387
0.013037 0.012547
0.013942 0.014286
0.011383 0.011247
0.011305 0.011113
0.012491 0.011732
0.010969 0.011014
0.012929 0.012527
0.011420 0.011278
0.013430 0.013195
0.011425 0.011254
0.013185 0.012204
0.012878 0.013056
0.010441 0.010295
0.010933 0.010578
0.012151 0.011572
0.010745 0.010523
0.021961 0.020774
0.016137 0.015831
0.012824 0.012753
0.013035 0.013061
0.018032 0.018169
0.013378 0.013563
0.012667 0.013374
0.021552 0.021777
0.014823 0.015839
0.013729 0.013740
0.012184 0.012381
0.019665 0.019873
0.014350 0.015275
0.013031 0.013090
0.012936 0.013019
0.019024 0.019512
0.014904 0.015469
0.012506 0.012688
0.013427 0.013463
0.019481 0.019842
0.014549 0.015323
0.013066 0.013046
0.012887 0.013099
0.019008 0.019132
0.014468 0.015164
0.013291 0.013392
0.012739 0.012823
0.016360 0.016609
0.014097 0.015146
0.013075 0.012594
0.013156 0.013220
0.019301 0.018930
0.013718 0.012113
0.012307 0.011825
0.010306 0.008998
0.010576 0.009426
0.010585 0.009158
0.016781 0.014560
0.009692 0.008529
0.016676 0.014501
0.009442 0.008217
0.017296 0.015483
0.009160 0.008160
0.015999 0.013937
0.009436 0.008174
0.018994 0.017262
0.012505 0.011597
0.010687 0.009520
0.010097 0.009097
0.017224 0.015670
0.009150 0.008172
0.016186 0.014801
0.008881 0.008042
0.015768 0.014239
0.010090 0.009371
0.016804 0.015601
0.009920 0.009197
0.017991 0.015954
0.011595 0.011001
0.010527 0.009588
0.010192 0.009471
0.014075 0.012389
0.012213 0.011425
0.010599 0.009583
0.010616 0.009699
0.010312 0.009467
0.010991 0.009740
0.010577 0.009250
0.009367 0.008677
0.011719 0.011861
0.010211 0.010510
0.010424 0.011016
0.011973 0.012330
0.011591 0.012275
0.009838 0.010130
0.009978 0.010119
0.012358 0.012342
0.011290 0.011628
0.009654 0.009596
0.009533 0.009246
0.012654 0.012294
0.009347 0.009078
0.011744 0.011913
0.011416 0.011751
0.009264 0.009305
0.010247 0.010544
0.011818 0.012197
0.012067 0.013619
0.010166 0.010419
0.009867 0.009657
0.011126 0.009911
0.012792 0.012431
0.009425 0.008832
0.011293 0.011091
0.011971 0.011479
0.012698 0.013410
0.011220 0.011490
0.011369 0.011640
0.012104 0.011815
0.010561 0.010532
0.011280 0.010310
0.012519 0.011579
0.012962 0.012016
0.012130 0.012269
0.010386 0.010391
0.011107 0.011587
0.013137 0.012949
0.012095 0.012215
0.010378 0.010264
0.010356 0.010415
0.011960 0.012011
0.012103 0.012750
0.011587 0.011463
0.010927 0.011049
0.012247 0.012108
0.013538 0.014642
0.011144 0.011259
0.011860 0.011802
0.012678 0.013017
0.011381 0.011394
0.012463 0.011887
0.010020 0.009983
0.012529 0.012570
0.012173 0.012667
0.010676 0.010637
0.010795 0.010858
0.012009 0.010871
0.011758 0.012007
0.011271 0.011385
0.010722 0.011076
0.012547 0.012365
0.012593 0.012572
0.011921 0.012360
0.012537 0.013766
0.011812 0.012035
0.013186 0.014169
0.011438 0.011945
0.011484 0.012098
0.010905 0.011175
0.012279 0.013475
0.010931 0.011589
0.011545 0.012343
0.011039 0.010944
0.010833 0.011444
0.010871 0.010529
0.011768 0.012542
0.010781 0.011208
0.010533 0.010991
0.011157 0.011183
0.011344 0.011808
0.010484 0.010241
0.012856 0.013681
0.011617 0.011661
0.011779 0.012469
0.010788 0.010254
0.012424 0.012958
0.010231 0.010265
0.011445 0.011556
0.012941 0.012672
0.012655 0.012789
0.010471 0.010393
0.010912 0.010398
0.012429 0.011955
0.010891 0.010798
0.011810 0.011965
0.011873 0.012355
0.011241 0.011123
0.011783 0.012301
0.012422 0.012652
0.012139 0.012939
0.011528 0.011778
0.011147 0.011404
0.012877 0.012931
0.012907 0.013187
0.010495 0.010323
0.011348 0.011249
0.011887 0.012126
0.011983 0.012584
0.011080 0.011312
0.019412 0.019459
0.013195 0.011016
0.009824 0.009209
0.013874 0.012879
0.010128 0.009472
0.013945 0.012039
0.010471 0.009555
0.014144 0.012292
0.009452 0.009054
0.014303 0.013136
0.010681 0.009910
0.014414 0.013020
0.009933 0.009236
0.014004 0.012146
0.009942 0.009468
0.013705 0.011991
0.010387 0.009599
0.015225 0.013620
0.011659 0.011380
0.010501 0.009870
0.010441 0.009860
0.014201 0.013213
0.012097 0.011715
0.010763 0.010172
0.011039 0.010391
0.010831 0.009325
0.011059 0.010166
0.013918 0.013878
0.012889 0.011693
0.010995 0.010965
0.010249 0.009577
0.010524 0.009955
0.012870 0.012520
0.011001 0.011185
0.010112 0.009526
0.009812 0.009051
0.012128 0.011708
0.010408 0.010280
0.008818 0.008796
0.008852 0.008622
0.012019 0.012362
0.010549 0.011099
0.009181 0.008678
0.009916 0.009338
0.010309 0.009994
0.010832 0.010945
0.009703 0.009388
0.009402 0.008978
0.013313 0.013243
0.011002 0.010047
0.008912 0.009071
0.007895 0.007601
0.007928 0.007744
0.011193 0.011681
0.009292 0.009517
0.007941 0.007544
0.008005 0.007778
0.011140 0.011294
0.009582 0.009949
0.007876 0.007494
0.008032 0.007438
0.011544 0.011934
0.009993 0.010376
0.008477 0.007837
0.009026 0.008641
0.010816 0.010613
0.009400 0.009364
0.008269 0.007951
0.008018 0.008022
0.010387 0.010601
0.010090 0.010106
0.008210 0.007674
0.008563 0.008064
0.011445 0.010105
0.008781 0.007954
0.008184 0.007532
0.011701 0.010952
0.012746 0.012177
0.011535 0.011540
0.011921 0.012100
0.013224 0.012972
0.013451 0.013760
0.011541 0.011459
0.011557 0.011416
0.014145 0.013906
0.013957 0.014424
0.011770 0.011989
0.011829 0.011904
0.013840 0.013922
0.015375 0.015963
0.013179 0.013323
0.013171 0.013809
0.012146 0.012155
0.011505 0.011528
0.011572 0.010592
0.010331 0.009253
0.007755 0.006743
0.008565 0.008599
0.011357 0.011683
0.010722 0.011219
0.009523 0.009580
0.009285 0.009358
0.010745 0.010838
0.011510 0.012214
0.009804 0.009714
0.010768 0.010844
0.009978 0.009667
0.011528 0.011969
0.010380 0.010598
0.010814 0.011253
0.009172 0.008837
0.010283 0.010939
0.010476 0.011216
0.009112 0.008860
0.010157 0.010698
0.010498 0.009428
0.011330 0.011095
0.011539 0.011996
0.011140 0.010885
0.011293 0.011864
0.011355 0.011213
0.010919 0.011170
0.011662 0.011393
0.010610 0.010725
0.011521 0.011277
0.012210 0.012799
0.010917 0.011134
0.011213 0.011238
0.009742 0.008921
0.009077 0.008397
0.010216 0.010808
0.009121 0.008758
0.008911 0.008616
0.008868 0.008596
0.009534 0.008891
0.010429 0.011002
0.009497 0.009336
0.009477 0.009065
0.010039 0.010461
0.009371 0.008887
0.010000 0.010233
0.009274 0.008365
0.008325 0.007637
0.009115 0.008197
0.008906 0.008070
0.008856 0.007971
0.009083 0.008546
0.008205 0.007478
0.008356 0.007732
0.004762 0.004492
0.004014 0.003423
0.004014 0.003427
0.004015 0.003563
0.004863 0.005238
0.004866 0.005065
0.005181 0.005177
0.004333 0.004199
0.007917 0.007273
0.006454 0.007179
0.009197 0.008781
0.007415 0.008263
0.010660 0.010701
0.009311 0.010246
0.013248 0.012367
0.013420 0.013854
0.010514 0.011168
0.011070 0.010672
0.014130 0.012814
0.010414 0.010022
0.008835 0.008183
0.009922 0.009319
0.013551 0.013438
0.011269 0.011465
0.010436 0.009496
0.009946 0.009223
0.013662 0.013008
0.011364 0.011402
0.010275 0.009576
0.010210 0.009279
0.012255 0.011080
0.009640 0.008648
0.011491 0.010114
0.011406 0.011045
0.009816 0.009039
0.010077 0.009536
0.012045 0.012015
0.011195 0.011279
0.009273 0.009880
0.007906 0.008071
0.007947 0.007976
0.011197 0.012231
0.009219 0.010295
0.007744 0.007784
0.007735 0.007894
0.011487 0.012465
0.009394 0.010277
0.007865 0.008078
0.007979 0.008115
0.011700 0.012571
0.009573 0.010319
0.007933 0.008224
0.008221 0.008274
0.012118 0.013062
0.009360 0.010177
0.008104 0.008218
0.007757 0.007798
0.010919 0.011999
0.008848 0.009383
0.007343 0.007378
0.008287 0.008473
0.011519 0.012586
0.009602 0.010525
0.008067 0.008229
0.008093 0.008069
0.010945 0.011674
0.007884 0.007943
0.011311 0.011912
0.009270 0.009986
0.007879 0.008062
0.007916 0.008118
0.008268 0.007520
0.009543 0.009501
0.007981 0.007968
0.007370 0.006990
0.008057 0.007748
0.008153 0.007776
0.011467 0.010522
0.012476 0.012130
0.010485 0.009854
0.010873 0.010717
0.012994 0.012695
0.010829 0.010970
0.013056 0.012576
0.012182 0.012589
0.011616 0.011797
0.011360 0.011429
0.011903 0.011434
0.010467 0.010708
0.011805 0.011524
0.010750 0.010935
0.008222 0.007437
0.011693 0.011512
0.010741 0.010707
0.009781 0.009300
0.007974 0.007484
0.008312 0.008150
0.010534 0.009651
0.009137 0.008416
0.011720 0.011445
0.011167 0.011104
0.009381 0.009204
0.010105 0.009784
0.012040 0.012104
0.011368 0.011625
0.010180 0.009792
0.010024 0.009691
0.011645 0.011596
0.010817 0.010898
0.010058 0.010046
0.009293 0.009221
0.010955 0.011048
0.009750 0.009797
0.008151 0.007644
0.009109 0.008633
0.007952 0.007367
0.010983 0.010719
0.012316 0.011889
0.011418 0.011466
0.010594 0.010741
0.010934 0.010583
0.012617 0.012477
0.011974 0.011901
0.010491 0.010323
0.011261 0.010864
0.011730 0.011554
0.010780 0.010596
0.011430 0.010541
0.011682 0.011162
0.010830 0.010877
0.010505 0.010746
0.010048 0.009746
0.012409 0.011634
0.010393 0.009818
0.010013 0.009510
0.010717 0.009889
0.009711 0.009450
0.009736 0.009719
0.008615 0.008773
0.010901 0.011086
0.010819 0.011565
0.010396 0.010363
0.010560 0.010651
0.010470 0.010549
0.010081 0.009992
0.009907 0.009684
0.010085 0.010008
0.009785 0.009855
0.009991 0.009851
0.008915 0.008868
0.011056 0.011862
0.010532 0.010719
0.010745 0.011711
0.008776 0.008890
0.008232 0.008029
0.010404 0.011308
0.008398 0.008025
0.010742 0.011209
0.008511 0.008222
0.010794 0.012065
0.008976 0.009378
0.009099 0.010090
0.009439 0.010339
0.008971 0.009406
0.010288 0.011480
0.009926 0.010510
0.009899 0.010418
0.010477 0.010990
0.009693 0.009664
0.010039 0.010271
0.009382 0.009240
0.009447 0.009053
0.009143 0.009216
0.010251 0.009799
0.008357 0.007930
0.010364 0.009872
0.008936 0.009027
0.010106 0.010123
0.009795 0.010509
0.009076 0.009306
0.009141 0.009308
0.010095 0.009923
0.009783 0.010327
0.008681 0.008723
0.009103 0.008956
0.015176 0.015330
0.014434 0.013537
0.012426 0.012475
0.011006 0.011093
0.011045 0.010639
0.012678 0.011804
0.009888 0.009649
0.013641 0.013519
0.011633 0.011695
0.010614 0.010107
0.010596 0.010124
0.013134 0.012503
0.012531 0.012625
0.010377 0.010490
0.010448 0.010084
0.013339 0.013758
0.012373 0.012853
0.010633 0.010127
0.010701 0.010101
0.013238 0.013173
0.011766 0.012138
0.010255 0.009884
0.010560 0.010036
0.011827 0.011394
0.010773 0.010414
0.012850 0.012731
0.011483 0.011487
0.010500 0.010124
0.010794 0.010317
0.009416 0.009038
0.011578 0.011811
0.010924 0.010400
0.010500 0.009819
0.010646 0.010378
0.010971 0.011565
0.009929 0.010347
0.010317 0.010492
0.011047 0.011058
0.011306 0.011861
0.010527 0.010602
0.009918 0.010171
0.010808 0.010484
0.009836 0.010008
0.011608 0.011550
0.010973 0.011536
0.009601 0.009793
0.010143 0.010352
0.011482 0.011643
0.010920 0.011310
0.010217 0.010701
0.009583 0.009578
0.011317 0.011903
0.011308 0.012005
0.009986 0.010149
0.010166 0.010246
0.010839 0.010871
0.010068 0.010177
0.011015 0.011226
0.010662 0.011114
0.010364 0.010551
0.009109 0.009273
0.010564 0.010733
0.010934 0.011634
0.009042 0.009205
0.010084 0.010371
0.022964 0.023231
0.012770 0.010731
0.008670 0.007956
0.009773 0.008879
0.009553 0.008985
0.013594 0.012509
0.010058 0.009196
0.009479 0.008950
0.009107 0.008526
0.012986 0.011659
0.009555 0.009237
0.009815 0.009054
0.008934 0.008311
0.012667 0.011565
0.009562 0.009042
0.009920 0.009111
0.008243 0.007389
0.010638 0.009099
0.009549 0.009004
0.009367 0.008366
0.009184 0.008532
0.008014 0.006938
0.010229 0.009514
0.009574 0.008663
0.009753 0.008916
0.012190 0.011461
0.011634 0.010874
0.010291 0.010489
0.009614 0.009338
0.009694 0.009675
0.011462 0.011603
0.010786 0.011634
0.009976 0.010205
0.009925 0.009898
0.012026 0.011832
0.010922 0.011442
0.009680 0.009942
0.009470 0.009706
0.012244 0.012334
0.010628 0.011166
0.009515 0.009739
0.009061 0.009165
0.011976 0.012438
0.010804 0.011664
0.009438 0.009603
0.009842 0.009815
0.010839 0.010914
0.008856 0.009067
0.010777 0.010525
0.009521 0.009315
0.010598 0.010516
0.009724 0.009545
0.009822 0.009210
0.009834 0.009410
0.016785 0.016910
0.013125 0.011544
0.010976 0.010718
0.015305 0.014784
0.014157 0.014402
0.010872 0.010889
0.011859 0.011619
0.014119 0.013510
0.011183 0.011113
0.014250 0.013666
0.010029 0.009801
0.013022 0.012023
0.010381 0.010067
0.013901 0.013202
0.010695 0.010188
0.012493 0.011800
0.012442 0.012343
0.010644 0.010364
0.012943 0.012526
0.012063 0.011852
0.011366 0.012031
0.010314 0.010708
0.010506 0.010912
0.011626 0.011304
0.010595 0.010996
0.012165 0.011822
0.011761 0.012414
0.010948 0.011004
0.010909 0.011253
0.012562 0.012405
0.011960 0.012646
0.010627 0.010672
0.010811 0.010799
0.011765 0.011737
0.010769 0.010988
0.011352 0.011383
0.011594 0.012305
0.010435 0.010611
0.010730 0.010888
0.010598 0.009561
0.011512 0.011336
0.010102 0.010555
0.010909 0.010723
0.010809 0.011143
0.011361 0.011334
0.010658 0.011117
0.011435 0.011356
0.012183 0.012865
0.010857 0.011353
0.010446 0.011027
0.010923 0.011130
0.010717 0.010960
0.011914 0.011169
0.011578 0.011598
0.010615 0.011095
0.011776 0.011422
0.013821 0.013708
0.012695 0.013167
0.012758 0.013507
0.013439 0.013639
0.012961 0.013955
0.011956 0.012326
0.011881 0.012136
0.013432 0.013490
0.013017 0.013834
0.011814 0.011921
0.011709 0.011800
0.012047 0.011613
0.012047 0.011952
0.011674 0.011772
0.012378 0.012486
0.012927 0.013968
0.011881 0.012668
0.011770 0.012473
0.012292 0.012723
0.011505 0.011971
0.012355 0.012631
0.012491 0.013413
0.011475 0.011728
0.011353 0.011663
0.012662 0.012533
0.012706 0.013488
0.010957 0.011424
0.011496 0.011973
0.012515 0.012652
0.013072 0.013912
0.011505 0.011842
0.011676 0.012069
0.012442 0.012638
0.011600 0.012104
0.013055 0.013165
0.012789 0.013748
0.011663 0.012050
0.011326 0.011667
0.012924 0.013069
0.011555 0.011996
0.012600 0.012657
0.012700 0.013408
0.011709 0.011825
0.012094 0.012358
0.013355 0.013406
0.013097 0.013810
0.011931 0.012227
0.011801 0.011966
0.013500 0.013560
0.012799 0.013418
0.011183 0.011361
0.010790 0.011102
0.011322 0.011315
0.026688 0.026668
0.018127 0.016815
0.013225 0.012977
0.011786 0.011138
0.011919 0.010949
0.017896 0.017535
0.014105 0.013914
0.011898 0.011220
0.011458 0.011008
0.017706 0.017209
0.013710 0.013291
0.011660 0.011054
0.011586 0.011182
0.017505 0.017782
0.013232 0.013217
0.011437 0.010658
0.011306 0.011176
0.016410 0.016029
0.013138 0.013283
0.010995 0.010808
0.011380 0.011684
0.015360 0.015456
0.013224 0.013731
0.011406 0.011239
0.011100 0.010957
0.012480 0.011957
0.013548 0.013608
0.010910 0.010878
0.012669 0.012376
0.013694 0.013267
0.013038 0.013242
0.011899 0.011890
0.011728 0.011666
0.013691 0.013524
0.013138 0.013311
0.011720 0.011531
0.011551 0.011293
0.014065 0.013168
0.011259 0.011049
0.014660 0.014123
0.012896 0.012703
0.011157 0.011058
0.010992 0.010742
0.014874 0.014300
0.012220 0.011976
0.011369 0.011002
0.010400 0.010060
0.014928 0.013780
0.012419 0.012076
0.010890 0.010607
0.010622 0.010372
0.015392 0.014688
0.011968 0.011462
0.011048 0.010710
0.010596 0.010044
0.014931 0.014184
0.011736 0.011392
0.010652 0.009934
0.010550 0.009991
0.014806 0.013671
0.011769 0.011390
0.010368 0.009690
0.010627 0.009946
0.014102 0.013815
0.011855 0.011885
0.010619 0.009734
0.010752 0.010022
0.014096 0.013279
0.011389 0.011092
0.010353 0.009772
0.010263 0.009949
0.013076 0.011991
0.009848 0.009371
0.013870 0.013051
0.011874 0.012004
0.010420 0.009995
0.010319 0.010069
0.008382 0.007668
0.011299 0.010302
0.010636 0.009990
0.009317 0.008095
0.008318 0.008139
0.008157 0.007839
0.007816 0.007536
0.009050 0.008430
0.010317 0.010113
0.010527 0.010399
0.010315 0.011308
0.010934 0.010736
0.010694 0.011194
0.010766 0.011650
0.010218 0.009918
0.011539 0.012369
0.011159 0.011701
0.010563 0.010722
0.010860 0.010571
0.010196 0.010525
0.011088 0.011105
0.010696 0.010850
0.011370 0.011268
0.011141 0.011316
0.008112 0.007444
0.010307 0.009880
0.007849 0.007640
0.008069 0.008026
0.013550 0.012710
0.013538 0.013386
0.013313 0.013574
0.011526 0.011446
0.012382 0.013019
0.014441 0.014898
0.012143 0.012436
0.014032 0.013809
0.012863 0.013230
0.012125 0.012362
0.012151 0.012387
0.011934 0.012111
0.008305 0.007613
0.011491 0.010867
0.011809 0.012149
0.008247 0.007967
0.009974 0.008973
0.010318 0.009763
0.010112 0.009466
0.010229 0.010326
0.010557 0.011092
0.010586 0.010088
0.010463 0.010858
0.010736 0.010841
0.009678 0.009227
0.011122 0.011469
0.011082 0.011872
0.009561 0.009180
0.010374 0.010690
0.009510 0.008998
0.010283 0.010400
0.010358 0.010752
0.010503 0.010165
0.010317 0.010201
0.010960 0.011429
0.010188 0.009592
0.010221 0.009863
0.008937 0.009007
0.010471 0.010358
0.009473 0.009679
0.011087 0.011104
0.009404 0.009215
0.011765 0.011620
0.011056 0.011295
0.009577 0.009826
0.009127 0.009000
0.011059 0.010903
0.010555 0.010757
0.009336 0.009113
0.009696 0.009337
0.012897 0.011613
0.012337 0.013290
0.010897 0.010709
0.011133 0.010899
0.014256 0.013952
0.011082 0.011254
0.011383 0.012193
0.014342 0.014543
0.012746 0.013454
0.010754 0.010717
0.011049 0.010949
0.012796 0.012380
0.012839 0.013159
0.011111 0.011301
0.015653 0.015496
0.012351 0.010908
0.010162 0.009648
0.013522 0.012474
0.011001 0.010901
0.009438 0.009329
0.010162 0.009944
0.012207 0.011802
0.011217 0.011422
0.009725 0.009820
0.009920 0.009702
0.009877 0.008967
0.009987 0.009678
0.010215 0.009901
0.008802 0.008123
0.011048 0.010768
0.011293 0.011190
0.009691 0.009618
0.011429 0.011130
0.009750 0.009767
0.011144 0.011020
0.009687 0.009538
0.010970 0.010696
0.009216 0.008921
0.009270 0.008579
0.011972 0.011280
0.012576 0.012275
0.012372 0.012603
0.010415 0.010240
0.010877 0.011053
0.012736 0.012802
0.012239 0.012784
0.010580 0.010846
0.010528 0.010574
0.010182 0.009745
0.012281 0.012258
0.010551 0.010441
0.009644 0.008999
0.012063 0.011883
0.010790 0.011047
0.008968 0.008995
0.009212 0.009021
0.012163 0.012546
0.010329 0.010742
0.008271 0.008090
0.008548 0.008394
0.009242 0.008679
0.009404 0.009221
0.008842 0.008565
0.007937 0.007982
0.010330 0.010776
0.007996 0.008797
0.008469 0.009222
0.011094 0.012126
0.008995 0.009759
0.007911 0.008123
0.007903 0.007925
0.010618 0.011391
0.009156 0.010064
0.007784 0.007877
0.007631 0.007613
0.010998 0.011452
0.009265 0.010041
0.007952 0.008146
0.007470 0.007230
0.010685 0.010928
0.008651 0.009369
0.007533 0.007522
0.007911 0.007728
0.010584 0.010879
0.008928 0.009367
0.007581 0.007492
0.007544 0.007625
0.008770 0.009108
0.008884 0.009437
0.007598 0.007217
0.007833 0.007482
0.016735 0.016480
0.012448 0.011747
0.010649 0.010832
0.009019 0.009023
0.008747 0.008738
0.012196 0.012273
0.010552 0.010893
0.008476 0.008292
0.008382 0.008332
0.012294 0.012590
0.010586 0.010951
0.008642 0.008673
0.008891 0.008679
0.012133 0.012430
0.010214 0.010620
0.008524 0.008329
0.008428 0.008350
0.011903 0.012040
0.010116 0.010446
0.008095 0.007991
0.008249 0.008326
0.011713 0.012126
0.010303 0.010593
0.008157 0.008149
0.008474 0.008644
0.011693 0.011981
0.010378 0.010509
0.008314 0.008407
0.008453 0.008411
0.011560 0.011609
0.010573 0.011060
0.008643 0.008667
0.008824 0.008901
0.009266 0.009314
0.010139 0.010341
0.008452 0.008692
0.005636 0.005213
0.004044 0.003440
0.004041 0.003398
0.004041 0.003419
0.004770 0.004682
0.006458 0.006103
0.004886 0.005302
0.007407 0.006917
0.008937 0.009148
0.010050 0.010041
0.006897 0.007596
0.012454 0.012712
0.009866 0.010026
0.013200 0.013116
0.010327 0.010116
0.008750 0.008738
0.009159 0.009010
0.013032 0.012994
0.010294 0.010421
0.009374 0.009378
0.008697 0.008678
0.012796 0.012836
0.009956 0.010075
0.007879 0.008034
0.007880 0.007959
0.011420 0.011450
0.007704 0.007772
0.012284 0.012505
0.010382 0.010722
0.008410 0.008548
0.008757 0.008833
0.012301 0.012329
0.010529 0.010431
0.008934 0.009056
0.009176 0.009026
0.010259 0.009911
0.010057 0.010158
0.008133 0.008355
0.009545 0.009636
0.007744 0.006849
0.007935 0.008010
0.011871 0.011848
0.010204 0.010090
0.008556 0.008581
0.008960 0.008557
0.011691 0.011726
0.010144 0.009849
0.008002 0.008115
0.008655 0.008529
0.012188 0.012434
0.010079 0.009897
0.008354 0.008423
0.008524 0.008292
0.011971 0.012104
0.010109 0.010068
0.008262 0.008214
0.008226 0.007947
0.011568 0.011745
0.009534 0.009483
0.007529 0.007597
0.008009 0.007975
0.011821 0.012233
0.010359 0.010420
0.008493 0.008377
0.008794 0.008600
0.012454 0.012476
0.010547 0.010675
0.008941 0.008675
0.009509 0.009091
0.011466 0.011230
0.009933 0.009566
0.008110 0.008054
0.008823 0.008563
0.011189 0.011071
0.009147 0.008832
0.011960 0.011906
0.010598 0.010496
0.008837 0.008713
0.008621 0.008443
0.011931 0.012031
0.009398 0.009464
0.007846 0.008104
0.007629 0.007650
0.011792 0.011882
0.010235 0.010365
0.007921 0.008156
0.007935 0.007853
0.011924 0.012283
0.010691 0.010916
0.008512 0.008313
0.009507 0.009277
0.012058 0.012138
0.010561 0.010455
0.008913 0.008917
0.008856 0.008518
0.012821 0.013080
0.010953 0.010992
0.008743 0.008522
0.009128 0.008930
0.011850 0.010861
0.009323 0.009217
0.008551 0.008946
0.007879 0.007793
0.011699 0.011918
0.010175 0.010252
0.008227 0.007940
0.008358 0.008468
0.007287 0.006049
0.008793 0.008170
0.008442 0.008228
0.007454 0.007051
0.008356 0.007924
0.008096 0.007832
0.006586 0.007374
0.007518 0.007513
0.006178 0.006846
0.006689 0.006425
0.005564 0.006056
0.005844 0.006856
0.005649 0.006765
0.005436 0.005518
0.006000 0.006526
0.005658 0.006193
0.005326 0.005915
0.005259 0.005795
0.005340 0.005822
0.005399 0.005862
0.006021 0.006421
0.005720 0.005945
0.005448 0.005943
0.005417 0.005841
0.005356 0.005749
0.005397 0.005780
0.006024 0.006326
0.005649 0.005818
0.005297 0.005125
0.005591 0.005243
0.005975 0.006208
0.005758 0.006249
0.005529 0.005773
0.005477 0.005764
0.005455 0.005314
0.013185 0.013045
0.015056 0.013622
0.012384 0.011270
0.011779 0.010841
0.013529 0.012002
0.014968 0.013401
0.013823 0.012497
0.015589 0.014388
0.010588 0.010298
0.015077 0.012923
0.014068 0.012209
0.014492 0.012867
0.014267 0.012701
0.014633 0.012829
0.014511 0.013022
0.014928 0.013334
0.014363 0.012890
0.014999 0.013336
0.014459 0.012987
0.015209 0.013562
0.014941 0.013516
0.015159 0.013440
0.014799 0.013300
0.015059 0.013398
0.015002 0.013659
0.015114 0.013459
0.014856 0.013397
0.015076 0.013317
0.014852 0.013485
0.014846 0.013292
0.013903 0.012737
0.004707 0.005804
0.013123 0.012067
0.011367 0.010841
0.006360 0.005876
0.005367 0.004059
0.004931 0.004640
0.005274 0.003818
0.006015 0.005560
0.007767 0.007056
0.007900 0.007529
0.009651 0.009340
0.009194 0.009777
0.011998 0.012658
0.012753 0.013270
0.010441 0.010192
0.012848 0.013123
0.011504 0.011933
0.010333 0.010288
0.010436 0.010241
0.012674 0.013520
0.011132 0.011965
0.009869 0.010135
0.009765 0.009639
0.012525 0.013468
0.011170 0.012115
0.009409 0.009279
0.009984 0.009674
0.012471 0.013074
0.011330 0.012194
0.009938 0.009722
0.010528 0.010178
0.010363 0.009842
0.010913 0.010870
0.010224 0.009607
0.009352 0.008609
0.011866 0.011965
0.012536 0.013474
0.010467 0.011301
0.011416 0.012125
0.012470 0.012649
0.014904 0.014706
0.013128 0.012998
0.011835 0.011860
0.014021 0.014520
0.013680 0.014862
0.011245 0.011361
0.012030 0.012246
0.014343 0.014638
0.013055 0.013704
0.011644 0.012205
0.014602 0.014783
0.012167 0.012282
0.012523 0.013351
0.015157 0.015229
0.012747 0.013107
0.011233 0.011316
0.011119 0.010558
0.014438 0.014316
0.012823 0.013009
0.010382 0.009988
0.010534 0.010071
0.011835 0.011630
0.010778 0.010196
0.017254 0.017521
0.012321 0.011987
0.010341 0.011011
0.008891 0.008868
0.009154 0.008923
0.012297 0.013423
0.010883 0.011592
0.008626 0.008724
0.009576 0.009343
0.012075 0.012668
0.010746 0.011200
0.009181 0.008954
0.009295 0.009069
0.011870 0.012595
0.010139 0.010632
0.009072 0.009047
0.008991 0.008874
0.010720 0.010652
0.009353 0.009273
0.005135 0.005110
0.004113 0.003503
0.009807 0.008908
0.010134 0.009362
0.004964 0.004570
0.005823 0.005987
0.004137 0.003374
0.008347 0.008134
0.009847 0.010239
0.011064 0.011318
0.016371 0.016718
0.008106 0.009197
0.007882 0.008850
0.014703 0.015071
0.008401 0.008678
0.006956 0.007718
0.006863 0.007098
0.011903 0.012298
0.007349 0.008262
0.006014 0.006225
0.006538 0.006796
0.011672 0.012605
0.008508 0.009263
0.006138 0.006527
0.006608 0.006781
0.010805 0.011659
0.008560 0.009470
0.006335 0.006928
0.006431 0.006524
0.011616 0.011311
0.008112 0.008443
0.006462 0.006609
0.007041 0.006940
0.010762 0.010987
0.010937 0.012071
0.009366 0.009880
0.009817 0.010477
0.010521 0.011059
0.009850 0.010367
0.010117 0.010752
0.009220 0.009659
0.010785 0.011133
0.010447 0.011256
0.009313 0.009947
0.009667 0.010249
0.011200 0.011785
0.011005 0.012170
0.009878 0.010237
0.010283 0.010943
0.011090 0.011730
0.010714 0.011494
0.009723 0.010172
0.009728 0.009954
0.011767 0.012307
0.011480 0.012293
0.009619 0.010048
0.010336 0.010894
0.010533 0.010679
0.005583 0.005138
0.004210 0.003479
0.004206 0.003622
0.004203 0.003519
0.005044 0.004560
0.005819 0.005592
0.004793 0.004607
0.004969 0.004046
0.005535 0.005742
0.006834 0.006432
0.006485 0.007011
0.008403 0.007999
0.007694 0.008584
0.010881 0.011353
0.009742 0.010930
0.007693 0.008250
0.008029 0.008211
0.011897 0.012309
0.009617 0.010135
0.008099 0.008395
0.008406 0.008382
0.011183 0.012227
0.009572 0.010384
0.007873 0.008009
0.007741 0.007868
0.010854 0.010246
0.009061 0.009263
0.008259 0.008020
0.010759 0.010480
0.012182 0.012112
0.011073 0.011369
0.011466 0.012047
0.012799 0.013219
0.012359 0.013115
0.011200 0.011394
0.011153 0.011574
0.010608 0.010162
0.010134 0.009823
0.010637 0.010730
0.011780 0.012627
0.009318 0.009662
0.009279 0.009369
0.010871 0.011281
0.011819 0.013393
0.009642 0.010120
0.009439 0.010042
0.012590 0.013148
0.011141 0.011794
0.010222 0.010785
0.009627 0.009526
0.012182 0.012352
0.010216 0.010581
0.009099 0.009198
0.009079 0.009003
0.011685 0.012054
0.010233 0.010407
0.008703 0.008565
0.008491 0.008263
0.010862 0.010449
0.009132 0.009021
0.009290 0.009237
0.009384 0.009524
0.007587 0.007016
0.011022 0.011339
0.008417 0.009107
0.007952 0.008871
0.008091 0.008610
0.007767 0.007886
0.010913 0.012330
0.008851 0.009733
0.008245 0.008838
0.007787 0.008462
0.008329 0.008638
0.010697 0.011637
0.010060 0.010981
0.008383 0.008736
0.008662 0.009148
0.008792 0.009248
0.008680 0.009129
0.008845 0.008313
0.009467 0.009363
0.008406 0.008596
0.007293 0.007255
0.009208 0.008908
0.009221 0.009917
0.009283 0.009442
0.009362 0.009655
0.009726 0.010045
0.010074 0.010938
0.009669 0.009855
0.010285 0.011142
0.009773 0.009011
0.009983 0.009986
0.010658 0.011465
0.009528 0.009517
0.010475 0.011453
0.009398 0.009260
0.010143 0.011146
0.009460 0.009335
0.010213 0.011031
0.010055 0.010153
0.010117 0.010688
0.009481 0.009414
0.028688 0.027445
0.011644 0.011084
0.015400 0.015226
0.012387 0.011986
0.012411 0.012022
0.017399 0.017644
0.012245 0.012273
0.019104 0.019719
0.015302 0.016079
0.012385 0.012237
0.012896 0.012881
0.018082 0.018683
0.012470 0.012605
0.011021 0.010151
0.014790 0.014987
0.013699 0.013957
0.013028 0.013521
0.010613 0.010080
0.011734 0.011775
0.010121 0.010215
0.010896 0.011433
0.011544 0.012118
0.010584 0.010613
0.011792 0.012534
0.011904 0.012997
0.010600 0.010617
0.010357 0.010624
0.012041 0.012738
0.011874 0.013193
0.010463 0.010933
0.010217 0.010546
0.012124 0.012719
0.011289 0.012190
0.010040 0.010472
0.010584 0.010971
0.011620 0.012004
0.010184 0.010614
0.012103 0.012531
0.011373 0.012332
0.010121 0.010394
0.010592 0.010716
0.012424 0.013083
0.011694 0.012412
0.010936 0.011280
0.011090 0.011289
0.010577 0.010525
0.016348 0.016290
0.012418 0.011586
0.010199 0.010342
0.009973 0.009815
0.009856 0.009759
0.012878 0.013220
0.011181 0.011344
0.010002 0.009693
0.009952 0.009665
0.012441 0.012317
0.009374 0.009124
0.013132 0.012923
0.011168 0.011325
0.009984 0.009609
0.009775 0.009453
0.012737 0.012781
0.010882 0.010996
0.009776 0.009550
0.009880 0.009342
0.011300 0.010920
0.010455 0.010381
0.009313 0.009055
0.009319 0.008702
0.008471 0.007676
0.008512 0.008366
0.008499 0.008079
0.008779 0.008662
0.008797 0.008450
0.009220 0.009260
0.009043 0.008790
0.009465 0.009281
0.008984 0.008586
0.009134 0.008979
0.009675 0.009781
0.009562 0.009589
0.010040 0.009985
0.009831 0.009888
0.009723 0.009832
0.010325 0.010175
0.009749 0.009741
0.010604 0.010689
0.010771 0.011105
0.009416 0.009461
0.009563 0.009268
0.010742 0.011152
0.010636 0.011047
0.009810 0.009373
0.009970 0.009871
0.010282 0.010556
0.010931 0.011035
0.009768 0.009646
0.009840 0.009685
0.010256 0.010254
0.010516 0.010893
0.009651 0.009690
0.009836 0.009818
0.014750 0.014592
0.011788 0.010590
0.010139 0.010045
0.009837 0.009001
0.009852 0.008962
0.011931 0.012131
0.010666 0.010606
0.009716 0.009090
0.009861 0.009225
0.011992 0.012292
0.010819 0.010809
0.009915 0.009264
0.010003 0.009419
0.012319 0.012468
0.010347 0.010524
0.009247 0.008748
0.009482 0.008775
0.011863 0.012327
0.010009 0.009835
0.008804 0.008413
0.008850 0.008390
0.011325 0.011230
0.010156 0.009903
0.008463 0.008071
0.008583 0.008248
0.009812 0.009826
0.009769 0.010157
0.007755 0.007767
0.004765 0.004916
0.005243 0.003567
0.004064 0.003445
0.007677 0.008203
0.004368 0.003970
0.005839 0.004504
0.006165 0.006572
0.010279 0.011656
0.006700 0.007282
0.013303 0.014272
0.007404 0.007622
0.015576 0.016551
0.008022 0.007320
0.016561 0.016777
0.009215 0.009251
0.009159 0.009178
0.008724 0.008205
0.014261 0.014991
0.009677 0.009612
0.008198 0.008031
0.008760 0.008431
0.013795 0.014524
0.009765 0.009622
0.008239 0.008081
0.008728 0.008308
0.013411 0.013971
0.009739 0.009680
0.008274 0.007894
0.008667 0.008192
0.013190 0.013802
0.009438 0.009464
0.007950 0.007664
0.008737 0.008308
0.012272 0.012752
0.009657 0.009656
0.007927 0.007790
0.008124 0.007926
0.010177 0.010804
0.009450 0.009589
0.007832 0.007612
0.008263 0.007968
0.008334 0.008221
0.008309 0.008087
0.015325 0.014762
0.010999 0.010489
0.008901 0.009440
0.008125 0.007958
0.008091 0.008331
0.010523 0.010396
0.008323 0.008488
0.011395 0.011946
0.010094 0.011114
0.008839 0.008756
0.008507 0.008972
0.010686 0.010790
0.010701 0.012084
0.009349 0.009293
0.009212 0.009909
0.010923 0.011074
0.009780 0.010744
0.009666 0.010431
0.008539 0.008746
0.010701 0.011170
0.009993 0.010813
0.008768 0.008831
0.008725 0.008962
0.008746 0.008515
0.016031 0.015252
0.012501 0.011398
0.010452 0.010727
0.009332 0.009058
0.009724 0.009077
0.012522 0.012604
0.010815 0.010649
0.009604 0.009022
0.010312 0.009400
0.012891 0.013087
0.010904 0.010617
0.009771 0.009389
0.009659 0.008940
0.012813 0.012638
0.010423 0.010130
0.008433 0.008072
0.008271 0.007960
0.012551 0.012835
0.009876 0.009844
0.008139 0.008033
0.007925 0.007618
0.011838 0.011796
0.009756 0.010067
0.008143 0.007884
0.008135 0.007901
0.009646 0.009793
0.010516 0.010714
0.008305 0.008252
0.023421 0.022454
0.016211 0.015749
0.012112 0.013705
0.010076 0.010552
0.009999 0.010338
0.015298 0.017001
0.012120 0.013215
0.009804 0.010174
0.010295 0.010346
0.014961 0.015904
0.012057 0.012795
0.009860 0.010267
0.010551 0.010682
0.015005 0.015969
0.012226 0.013024
0.010478 0.010499
0.010142 0.010301
0.012687 0.013447
0.010324 0.010758
0.010179 0.010503
0.010146 0.010960
0.009544 0.009579
0.010666 0.010820
0.017609 0.017266
0.013942 0.013167
0.011553 0.011965
0.010118 0.009833
0.010526 0.009815
0.013602 0.013535
0.010936 0.011144
0.010113 0.009635
0.010198 0.009762
0.013146 0.013052
0.010934 0.010853
0.010088 0.009350
0.009955 0.009475
0.011518 0.011118
0.010300 0.009560
0.010576 0.010132
0.011469 0.011677
0.009957 0.009537
0.009828 0.009271
0.010401 0.009969
0.009359 0.009428
0.007977 0.008263
0.009943 0.010360
0.007798 0.008281
0.009772 0.010399
0.006998 0.007172
0.010474 0.011165
0.008661 0.009253
0.006795 0.006987
0.006950 0.007167
0.010154 0.010720
0.007030 0.007261
0.009461 0.009881
0.007093 0.007392
0.011852 0.011479
0.012248 0.011963
0.012396 0.012551
0.012647 0.013293
0.013046 0.013246
0.011906 0.012168
0.012350 0.012581
0.012125 0.012633
0.011945 0.011991
0.012664 0.012909
0.010496 0.010766
0.012851 0.013091
0.011398 0.011676
0.012568 0.012648
0.010866 0.011114
0.012942 0.013087
0.010778 0.011058
0.012624 0.012645
0.011274 0.011328
0.013278 0.013669
0.010725 0.011332
0.013108 0.013068
0.010921 0.011095
0.013854 0.013911
0.013187 0.013947
0.011437 0.011447
0.011331 0.011353
0.015202 0.015018
0.013199 0.013176
0.011228 0.011287
0.010225 0.009755
0.014819 0.014915
0.013781 0.013842
0.011013 0.010848
0.013934 0.013882
0.010859 0.010596
0.014648 0.014838
0.010629 0.010389
0.013212 0.013284
0.010373 0.010076
0.012843 0.012930
0.013376 0.013302
0.011661 0.012694
0.012287 0.012427
0.010317 0.011005
0.011869 0.012267
0.011953 0.012828
0.010782 0.011237
0.010992 0.011241
0.014485 0.013665
0.009818 0.009469
0.013033 0.013049
0.011041 0.011333
0.012152 0.012616
0.014952 0.015509
0.011482 0.011706
0.012301 0.013289
0.009834 0.009987
0.009252 0.010012
0.008569 0.008575
0.010950 0.011393
0.011099 0.011174
0.013913 0.014419
0.012115 0.012164
0.010554 0.010903
0.014161 0.014242
0.011258 0.011752
0.012009 0.011955
0.010497 0.011059
0.011829 0.010978
0.009633 0.008497
0.010572 0.010404
0.012326 0.012736
0.009169 0.009800
0.008903 0.009617
0.012498 0.013595
0.010714 0.011194
0.009063 0.009514
0.009019 0.009067
0.011107 0.012056
0.010067 0.010498
0.008019 0.008391
0.008584 0.008548
0.011603 0.010753
0.008972 0.007922
0.008137 0.007769
0.008993 0.008315
0.011371 0.011496
0.009678 0.009829
0.008533 0.008553
0.008367 0.008091
0.011439 0.012174
0.010130 0.010556
0.008345 0.008188
0.008928 0.008645
0.011528 0.012111
0.010271 0.010697
0.009123 0.008894
0.009209 0.009039
0.011356 0.011460
0.010199 0.010170
0.008950 0.008690
0.008355 0.008053
0.010068 0.010482
0.010191 0.010502
0.008472 0.008462
0.008458 0.008132
0.012323 0.011898
0.010457 0.011093
0.010705 0.010692
0.011583 0.012274
0.011027 0.011034
0.012018 0.012912
0.011457 0.011907
0.011689 0.012235
0.010860 0.011095
0.011080 0.011831
0.010983 0.011384
0.009828 0.010385
0.009075 0.009403
0.011193 0.011916
0.009648 0.009802
0.011946 0.012604
0.012672 0.012913
0.010367 0.011196
0.012960 0.013358
0.011679 0.012574
0.011238 0.011984
0.011725 0.012668
0.011566 0.012113
0.011684 0.012488
0.011982 0.012604
0.014184 0.014290
0.013175 0.013027
0.012714 0.013375
0.011309 0.011284
0.014578 0.015506
0.012562 0.013158
0.012606 0.012828
0.009052 0.009008
0.009068 0.009665
0.007910 0.007978
0.008933 0.009721
0.009066 0.009042
0.009238 0.009744
0.009899 0.010475
0.010189 0.011328
0.009707 0.010185
0.011516 0.010949
0.010761 0.010804
0.009656 0.010062
0.008277 0.008324
0.008820 0.008757
0.010907 0.012008
0.009874 0.010631
0.008629 0.008398
0.008679 0.008538
0.011092 0.011957
0.009931 0.010368
0.008127 0.008029
0.008823 0.008721
0.010918 0.011631
0.009793 0.009997
0.008794 0.008713
0.008704 0.008645
0.010818 0.011650
0.010133 0.010780
0.009496 0.009646
0.009432 0.009633
0.010443 0.010704
0.009747 0.010052
0.008635 0.008756
0.008624 0.008296
0.009845 0.010303
0.008258 0.008105
0.004475 0.004561
0.008719 0.008596
0.007859 0.007656
0.005309 0.003503
0.005429 0.005126
0.005555 0.003737
0.004981 0.004572
0.005474 0.003647
0.007166 0.006871
0.007589 0.008020
0.009335 0.009059
0.011544 0.011549
0.008629 0.008873
0.013564 0.013602
0.011529 0.011478
0.011152 0.011813
0.009798 0.009606
0.010608 0.010345
0.014739 0.013747
0.011649 0.010714
0.011076 0.011447
0.009445 0.009476
0.014067 0.013521
0.011803 0.011698
0.011470 0.011876
0.009609 0.009869
0.009690 0.009563
0.011746 0.012166
0.011357 0.011920
0.009518 0.009697
0.010007 0.010428
0.011343 0.011702
0.010989 0.011514
0.009688 0.009917
0.009829 0.009697
0.010515 0.010918
0.010461 0.011128
0.009574 0.009532
0.009725 0.009871
0.010606 0.011019
0.010258 0.011125
0.009241 0.009697
0.009657 0.009961
0.010475 0.010886
0.009701 0.010012
0.010492 0.010360
0.009801 0.010070
0.011002 0.010658
0.008699 0.008587
0.010978 0.011379
0.009567 0.010023
0.011066 0.011511
0.009697 0.010132
0.011126 0.011894
0.009095 0.009548
0.011312 0.012249
0.008744 0.009449
0.011801 0.012895
0.010591 0.011550
0.008364 0.008791
0.008764 0.009248
0.011564 0.012910
0.010205 0.011203
0.008326 0.008841
0.008623 0.008773
0.010810 0.010434
0.010050 0.010155
0.008555 0.008704
0.009425 0.009213
0.012205 0.012368
0.010441 0.010844
0.009798 0.010789
0.009769 0.010403
0.010184 0.010219
0.011256 0.011335
0.010374 0.010578
0.010344 0.010770
0.010209 0.010825
0.010073 0.010394
0.011134 0.010618
0.008911 0.008716
0.011095 0.010803
0.010531 0.011037
0.009255 0.009308
0.009589 0.009796
0.010812 0.010983
0.010171 0.011006
0.009422 0.009751
0.009295 0.009561
0.010154 0.010566
0.009915 0.010666
0.009239 0.009455
0.009578 0.009928
0.009710 0.009862
0.009681 0.010356
0.008741 0.008988
0.012226 0.011990
0.010326 0.010341
0.011543 0.011610
0.010061 0.010007
0.011176 0.011291
0.010432 0.010270
0.011859 0.012012
0.010771 0.010881
0.013479 0.013501
0.010392 0.010429
0.013447 0.013652
0.015865 0.015137
0.018854 0.017324
0.017314 0.016528
0.013599 0.013547
0.013598 0.014047
0.016851 0.017621
0.015541 0.015625
0.013170 0.013423
0.012779 0.012867
0.014705 0.015631
0.015479 0.015805
0.012955 0.013074
0.012913 0.012941
0.010412 0.010107
0.009680 0.009208
0.011031 0.010761
0.009527 0.009074
0.009722 0.009094
0.012177 0.012614
0.012058 0.012395
0.011858 0.011997
0.010861 0.010909
0.012913 0.012995
0.012076 0.012853
0.010604 0.011078
0.010195 0.010519
0.012674 0.013138
0.011117 0.011646
0.011106 0.011715
0.011105 0.011690
0.010757 0.011155
0.012497 0.012647
0.010283 0.010564
0.010276 0.010929
0.013083 0.013515
0.011600 0.012225
0.009972 0.010217
0.009391 0.009384
0.011536 0.011881
0.011657 0.012196
0.009781 0.010295
0.012689 0.012798
0.011183 0.010574
0.010131 0.010539
0.008953 0.009303
0.009294 0.009761
0.011748 0.012103
0.010200 0.010527
0.009165 0.009505
0.008871 0.008929
0.011481 0.012086
0.009879 0.010221
0.008075 0.008170
0.008578 0.008613
0.011131 0.011606
0.010106 0.010388
0.008329 0.008346
0.008838 0.009180
0.011264 0.011574
0.010171 0.010258
0.008734 0.008812
0.008545 0.008466
0.010622 0.010845
0.008422 0.008331
0.004643 0.004665
0.004167 0.003383
0.008631 0.007770
0.009318 0.008372
0.004999 0.004694
0.004987 0.005255
0.004925 0.004689
0.007979 0.007760
0.006097 0.006458
0.011627 0.011989
0.005914 0.006535
0.012717 0.013156
0.006052 0.006590
0.014869 0.014656
0.009378 0.009325
0.006844 0.007287
0.006830 0.007003
0.013819 0.014108
0.007397 0.007818
0.006249 0.006602
0.006787 0.006861
0.013413 0.014420
0.008113 0.008634
0.006258 0.006556
0.006876 0.007145
0.013501 0.014289
0.008900 0.009319
0.006101 0.006419
0.007018 0.007385
0.013113 0.013957
0.008568 0.009163
0.006259 0.006670
0.006698 0.006969
0.012952 0.013480
0.008795 0.009397
0.006538 0.006776
0.006452 0.006652
0.012300 0.013158
0.008454 0.009159
0.006291 0.006518
0.006381 0.006535
0.008914 0.009876
0.007985 0.008566
0.006196 0.006463
0.007019 0.007247
0.013299 0.012680
0.007109 0.006023
0.006194 0.006320
0.011572 0.012269
0.008581 0.009278
0.006859 0.007179
0.006889 0.007005
0.011589 0.012701
0.008647 0.009676
0.007428 0.007864
0.007552 0.007987
0.011455 0.012180
0.008418 0.009025
0.006693 0.006983
0.006790 0.007009
0.011024 0.012337
0.008401 0.009026
0.006992 0.007158
0.006923 0.006957
0.010174 0.009397
0.008468 0.008279
0.008024 0.008145
0.007246 0.007670
0.007361 0.006893
0.010863 0.011104
0.008451 0.008788
0.008162 0.008669
0.011306 0.012765
0.009871 0.010884
0.008103 0.008268
0.008214 0.008224
0.011764 0.013147
0.009662 0.010541
0.008042 0.008126
0.007890 0.008051
0.011794 0.012728
0.008748 0.009452
0.007818 0.008024
0.007497 0.007690
0.011359 0.012314
0.009135 0.009843
0.007324 0.007443
0.007502 0.007673
0.011224 0.011841
0.008731 0.009502
0.007189 0.007339
0.007530 0.007691
0.011119 0.012057
0.008961 0.009722
0.006981 0.007129
0.007332 0.007515
0.011215 0.011850
0.009401 0.009857
0.007367 0.007232
0.007648 0.007656
0.009212 0.009901
0.008358 0.008998
0.007658 0.008037
0.007710 0.008006
0.007843 0.007804
0.018913 0.018548
0.012759 0.011935
0.009142 0.009625
0.006306 0.006802
0.006678 0.006809
0.013008 0.013820
0.008920 0.009837
0.006978 0.007173
0.007057 0.007137
0.012132 0.012529
0.006827 0.007030
0.012453 0.013141
0.008884 0.009192
0.006846 0.007099
0.006873 0.007042
0.011746 0.012406
0.006897 0.006994
0.012423 0.013280
0.008542 0.008968
0.006912 0.007177
0.006832 0.006817
0.011777 0.012525
0.008489 0.008872
0.006780 0.006925
0.007080 0.006929
0.011034 0.011929
0.007330 0.007337
0.010383 0.011378
0.008271 0.008525
0.006689 0.006812
0.006925 0.006817
0.008377 0.009196
0.007065 0.007115
0.015898 0.017006
0.011687 0.011482
0.009802 0.010465
0.007717 0.007826
0.007564 0.007628
0.011423 0.012623
0.009309 0.010209
0.007386 0.007261
0.007187 0.007348
0.011248 0.012573
0.009294 0.010105
0.007454 0.007320
0.007086 0.007054
0.011120 0.012173
0.008927 0.009665
0.007373 0.007156
0.007200 0.007223
0.011061 0.012375
0.009332 0.010136
0.007535 0.007543
0.007465 0.007457
0.011106 0.012228
0.009313 0.009959
0.007407 0.007183
0.007313 0.007315
0.011077 0.012147
0.009156 0.009786
0.007702 0.007458
0.007466 0.007563
0.011156 0.012145
0.008951 0.009608
0.007325 0.007044
0.006896 0.006901
0.011110 0.012177
0.009176 0.009932
0.007272 0.007129
0.007121 0.007136
0.011062 0.012174
0.009239 0.009961
0.007587 0.007441
0.006954 0.006929
0.010949 0.012108
0.009244 0.009943
0.007478 0.007182
0.007583 0.007514
0.010901 0.011950
0.009377 0.010002
0.007528 0.007296
0.007607 0.007574
0.010679 0.011425
0.009171 0.009718
0.007223 0.006913
0.007497 0.007494
0.007635 0.005853
0.008683 0.008747
0.007426 0.006959
0.007244 0.007392
0.006993 0.007262
0.006335 0.006889
0.007293 0.006629
0.007342 0.006685
0.006577 0.005850
0.006257 0.006747
0.006013 0.006529
0.006190 0.006981
0.005824 0.006091
0.005736 0.005994
0.005900 0.005972
0.005943 0.005950
0.006314 0.005842
0.005689 0.005447
0.006193 0.005706
0.005589 0.005715
0.006286 0.005352
0.005600 0.005821
0.006595 0.005804
0.006110 0.005775
0.006066 0.004957
0.005470 0.005075
0.006141 0.005649
0.005763 0.005496
0.005308 0.004799
0.005354 0.005073
0.006056 0.005768
0.020078 0.019674
0.009477 0.008644
0.006668 0.006611
0.010618 0.010228
0.008443 0.008700
0.005968 0.005914
0.006458 0.006485
0.009656 0.009909
0.009269 0.009850
0.008303 0.008605
0.008412 0.008387
0.008655 0.008790
0.007638 0.007091
0.015096 0.014864
0.012166 0.011249
0.009690 0.010158
0.008068 0.008532
0.008175 0.008252
0.012622 0.013283
0.010041 0.010825
0.007567 0.007746
0.008092 0.008268
0.012162 0.013051
0.009847 0.010651
0.008220 0.008479
0.008454 0.008413
0.012285 0.013026
0.009924 0.010499
0.008603 0.008856
0.008795 0.009200
0.012084 0.012651
0.009850 0.010458
0.007449 0.007829
0.008445 0.008715
0.012312 0.012955
0.010679 0.011519
0.009006 0.009200
0.008988 0.009084
0.011789 0.012599
0.010696 0.011305
0.008931 0.009101
0.009124 0.009261
0.007739 0.005817
0.009855 0.009952
0.008329 0.008512
0.007774 0.007436
0.006818 0.006958
0.007447 0.006744
0.006748 0.006591
0.007195 0.006783
0.006566 0.005778
0.006174 0.006525
0.006001 0.006229
0.006256 0.006324
0.005678 0.005720
0.005780 0.005755
0.005514 0.005940
0.005424 0.005765
0.005422 0.005837
0.005483 0.005823
0.005870 0.006343
0.006056 0.005906
0.005472 0.005730
0.005323 0.005504
0.005517 0.005820
0.006103 0.006150
0.005767 0.005636
0.005970 0.006201
0.005525 0.005756
0.005452 0.005665
0.005511 0.005365
0.009005 0.008567
0.009499 0.009433
0.009709 0.009670
0.010370 0.010352
0.011088 0.011295
0.009649 0.010044
0.009139 0.009054
0.010641 0.010721
0.010934 0.011073
0.009195 0.009097
0.009323 0.009315
0.010212 0.010337
0.011059 0.011418
0.009279 0.009275
0.009486 0.009352
0.010258 0.010301
0.011072 0.011307
0.009175 0.009295
0.009238 0.009164
0.009695 0.009895
0.011002 0.011261
0.009028 0.008929
0.009555 0.009529
0.012603 0.012326
0.008367 0.007026
0.008996 0.008547
0.012767 0.013233
0.011195 0.011497
0.009422 0.009166
0.009766 0.009896
0.011868 0.012107
0.010227 0.010436
0.012869 0.013369
0.012369 0.012656
0.010328 0.010345
0.010757 0.010745
0.012169 0.012336
0.012278 0.012798
0.010618 0.010671
0.010775 0.010682
0.011405 0.011251
0.010412 0.010216
0.007471 0.006143
0.010560 0.010015
0.010342 0.009973
0.007906 0.006988
0.006255 0.007006
0.006886 0.006623
0.007056 0.006767
0.006596 0.006072
0.006146 0.006323
0.006038 0.006646
0.006254 0.006929
0.005733 0.005924
0.005601 0.005669
0.005949 0.005832
0.005697 0.005548
0.005302 0.004974
0.005312 0.004977
0.006066 0.006034
0.005867 0.005965
0.005541 0.005768
0.005499 0.005311
0.005334 0.005437
0.005701 0.005902
0.005455 0.005256
0.005743 0.005782
0.005795 0.005715
0.005675 0.005614
0.005260 0.004860
0.005613 0.005352
0.026622 0.025573
0.016036 0.015767
0.011888 0.011651
0.010215 0.009605
0.010434 0.010009
0.015767 0.016520
0.011785 0.011447
0.009902 0.009221
0.010624 0.010045
0.015031 0.015882
0.011899 0.011508
0.010950 0.010670
0.010395 0.009960
0.014702 0.013998
0.012190 0.011672
0.010858 0.009693
0.010493 0.009883
0.011310 0.010154
0.012003 0.011227
0.010760 0.010056
0.011089 0.010351
0.015525 0.014828
0.013007 0.012044
0.010242 0.010177
0.010298 0.009703
0.009603 0.009514
0.012947 0.012304
0.010574 0.010298
0.009995 0.009365
0.009480 0.009310
0.012791 0.012125
0.010611 0.010050
0.010014 0.009301
0.009204 0.009169
0.012020 0.011078
0.010252 0.009999
0.009443 0.009067
0.009213 0.009171
0.010305 0.009850
0.011453 0.011074
0.010002 0.009299
0.009919 0.009575
0.012911 0.011897
0.012349 0.011690
0.011807 0.011456
0.010116 0.010132
0.010312 0.010150
0.012429 0.012621
0.011893 0.011972
0.009351 0.009556
0.010047 0.009967
0.010466 0.010849
0.011774 0.011802
0.010009 0.009920
0.010428 0.010532
0.009124 0.009620
0.008863 0.008699
0.007751 0.008168
0.008957 0.009033
0.008452 0.009108
0.009410 0.009119
0.009987 0.011249
0.009786 0.009558
0.009799 0.010233
0.010293 0.010842
0.010825 0.010919
0.010969 0.011830
0.009917 0.010374
0.009746 0.009992
0.011367 0.011449
0.010695 0.011474
0.009614 0.010002
0.009717 0.009864
0.011788 0.011892
0.010527 0.011128
0.009275 0.009399
0.009009 0.008818
0.011137 0.011533
0.010696 0.011595
0.009101 0.008985
0.009639 0.009545
0.008753 0.008842
0.010132 0.010203
0.009262 0.009337
0.007597 0.006911
0.010734 0.010483
0.008050 0.008157
0.008584 0.008408
0.010801 0.012031
0.009732 0.010054
0.007922 0.007844
0.008186 0.007946
0.010611 0.011661
0.009623 0.009800
0.007558 0.007494
0.008388 0.008136
0.010053 0.011134
0.009832 0.010511
0.007823 0.007633
0.008201 0.007849
0.011040 0.010757
0.009985 0.010192
0.007970 0.007848
0.010738 0.011461
0.009639 0.010385
0.007949 0.007944
0.008516 0.008233
0.010565 0.011620
0.009989 0.011103
0.008649 0.008644
0.009239 0.009426
0.010311 0.011024
0.009640 0.009952
0.010185 0.010948
0.009373 0.009837
0.010154 0.010763
0.010653 0.011720
0.009308 0.009840
0.009200 0.009706
0.009505 0.009868
0.008941 0.009332
0.009321 0.009832
0.008570 0.009104
0.009478 0.010376
0.009429 0.010245
0.009758 0.010704
0.009233 0.010177
0.010066 0.011159
0.009367 0.009953
0.011092 0.012156
0.010150 0.011375
0.008920 0.009297
0.008303 0.008637
0.010658 0.011900
0.009589 0.010503
0.007849 0.007694
0.008033 0.007978
0.010007 0.010961
0.008166 0.008365
0.010469 0.011538
0.010330 0.011361
0.008359 0.008301
0.008905 0.009086
0.013636 0.010578
0.009439 0.009692
0.008779 0.008787
0.010304 0.008387
0.013687 0.012002
0.009789 0.008999
0.010716 0.010215
0.013302 0.012360
0.012214 0.011530
0.009977 0.009135
0.010337 0.009848
0.012620 0.011502
0.011469 0.010155
0.010388 0.009630
0.009896 0.008791
0.012752 0.012343
0.012760 0.012739
0.011485 0.011061
0.010740 0.010804
0.013384 0.012769
0.012721 0.013150
0.011476 0.010968
0.010911 0.010865
0.012978 0.012606
0.012830 0.012913
0.011100 0.010929
0.010984 0.010873
0.012883 0.012431
0.009927 0.008810
0.010765 0.010467
0.011848 0.012247
0.011987 0.012054
0.012067 0.012254
0.011252 0.010913
0.011358 0.011914
0.012573 0.012536
0.012053 0.011851
0.011476 0.010841
0.011158 0.011335
0.013407 0.013841
0.011615 0.011490
0.011797 0.011997
0.011681 0.011286
0.012312 0.012555
0.017274 0.014472
0.009355 0.007967
0.010034 0.009419
0.013831 0.014298
0.011870 0.011944
0.010872 0.010565
0.010892 0.011021
0.014028 0.014124
0.012501 0.012801
0.011362 0.011124
0.011046 0.011166
0.014448 0.014318
0.012536 0.012800
0.011079 0.010750
0.011034 0.010946
0.014290 0.014157
0.011801 0.011654
0.010707 0.010613
0.010267 0.010196
0.013523 0.014060
0.012044 0.012202
0.010666 0.010630
0.010637 0.010544
0.012470 0.012463
0.012282 0.012299
0.010361 0.010164
0.010518 0.010592
0.010471 0.010061
0.025173 0.024204
0.013414 0.014151
0.009929 0.010192
0.015614 0.016744
0.009321 0.008961
0.015315 0.015816
0.012270 0.012683
0.010957 0.010558
0.009754 0.009747
0.012686 0.013278
0.009824 0.009977
0.013640 0.013514
0.012101 0.012369
0.010824 0.010439
0.010050 0.009706
0.010234 0.009890
0.010541 0.010390
0.011609 0.010708
0.010612 0.010252
0.009525 0.009542
0.008707 0.008498
0.008322 0.008179
0.010704 0.011023
0.009527 0.009811
0.008471 0.008167
0.008323 0.008126
0.011187 0.011439
0.008805 0.008752
0.008219 0.008054
0.007967 0.007628
0.011272 0.011313
0.009255 0.009059
0.008343 0.008006
0.008363 0.008006
0.010548 0.010514
0.009002 0.008824
0.008289 0.007796
0.007935 0.007620
0.010397 0.011204
0.009316 0.009372
0.008104 0.007500
0.007801 0.007515
0.008317 0.007755
0.031312 0.031897
0.013761 0.014246
0.007968 0.006766
0.017489 0.018133
0.012020 0.012522
0.009306 0.009272
0.009826 0.009913
0.017788 0.019537
0.012462 0.012797
0.009265 0.009646
0.008207 0.007684
0.017278 0.019658
0.012480 0.013449
0.008727 0.009353
0.008742 0.008791
0.016626 0.018921
0.012197 0.013264
0.009466 0.009258
0.009883 0.009637
0.016044 0.017481
0.012356 0.013784
0.008495 0.008484
0.009150 0.009209
0.013209 0.013846
0.009960 0.009754
0.010247 0.010828
0.011631 0.011742
0.009895 0.010049
0.012360 0.011804
0.013908 0.013466
0.013240 0.013039
0.012559 0.012466
0.012998 0.012792
0.012546 0.012122
0.013986 0.013861
0.013293 0.012828
0.012522 0.011921
0.012530 0.012534
0.013978 0.013305
0.013046 0.012652
0.013460 0.013057
0.013130 0.013007
0.012741 0.012299
0.014404 0.013241
0.014299 0.014175
0.013132 0.012597
0.013233 0.012471
0.013776 0.013186
0.013485 0.013159
0.012362 0.011379
0.012831 0.012419
0.012484 0.012229
0.013555 0.013002
0.012332 0.012151
0.012641 0.012464
0.013212 0.010982
0.012133 0.011206
0.012497 0.012250
0.013592 0.011167
0.012189 0.011156
0.015820 0.015932
0.012439 0.011476
0.015064 0.014431
0.012759 0.011341
0.016132 0.015070
0.010992 0.010263
0.014781 0.014111
0.012442 0.011616
0.013609 0.011687
0.014660 0.013687
0.008469 0.008042
0.010644 0.010319
0.009549 0.009681
0.010848 0.011014
0.009486 0.009762
0.009873 0.009955
0.009601 0.009675
0.011283 0.010924
0.008928 0.009007
0.010373 0.010188
0.009128 0.009255
0.010417 0.010102
0.009031 0.009040
0.010749 0.010604
0.009106 0.009054
0.011023 0.010859
0.010347 0.010352
0.010129 0.010128
0.013689 0.013538
0.010329 0.010085
0.012795 0.012754
0.010076 0.009978
0.013265 0.013138
0.011194 0.010804
0.010714 0.010424
0.011051 0.011329
0.010792 0.010911
0.012537 0.012632
0.009766 0.009983
0.009479 0.009615
0.010865 0.010863
0.010093 0.010284
0.009616 0.009751
0.011161 0.011505
0.010148 0.010078
0.009924 0.010084
0.010411 0.010244
0.009535 0.009632
0.009909 0.009793
0.009327 0.009542
0.009563 0.009628
0.012779 0.012332
0.016038 0.013842
0.016057 0.016009
0.016460 0.015982
0.009773 0.009740
0.021915 0.021396
0.017982 0.017457
0.016329 0.016583
0.011062 0.011127
0.009414 0.009622
0.011229 0.011737
0.010753 0.010945
0.012394 0.012260
0.010791 0.011005
0.010296 0.010395
0.013434 0.013695
0.011041 0.011075
0.010858 0.011032
0.010543 0.010715
0.010615 0.010893
0.009789 0.009793
0.011574 0.011463
0.010472 0.010157
0.011504 0.010779
0.013974 0.013606
0.012177 0.011956
0.010489 0.010275
0.010756 0.010474
0.014182 0.014271
0.010502 0.011235
0.010100 0.010629
0.010634 0.009747
0.010081 0.010213
0.009621 0.010282
0.011512 0.012655
0.010244 0.011527
0.008496 0.008795
0.009210 0.009955
0.011878 0.013040
0.010958 0.012378
0.009278 0.010127
0.009899 0.010652
0.012509 0.013878
0.011485 0.013038
0.009783 0.010629
0.010119 0.011003
0.012717 0.014036
0.011966 0.013621
0.009746 0.010706
0.010242 0.011271
0.012884 0.014417
0.012080 0.013867
0.010232 0.011276
0.010393 0.011371
0.013164 0.014519
0.012048 0.013877
0.010479 0.011476
0.010518 0.011562
0.012933 0.014481
0.012112 0.013823
0.009854 0.010502
0.010597 0.011608
0.012969 0.014488
0.012169 0.013935
0.010387 0.011495
0.010534 0.011576
0.013099 0.014389
0.012121 0.013699
0.010198 0.011169
0.009958 0.010624
0.013003 0.014335
0.011749 0.013368
0.009887 0.010659
0.010158 0.010956
0.013098 0.014436
0.011920 0.013669
0.009755 0.010533
0.010127 0.010897
0.013128 0.014525
0.011937 0.013335
0.009813 0.010609
0.009452 0.009812
0.013138 0.014479
0.011811 0.013401
0.009699 0.010296
0.009924 0.010554
0.012979 0.014103
0.011788 0.013337
0.009792 0.010387
0.009902 0.010493
0.012469 0.013584
0.011567 0.013102
0.010383 0.011250
0.009799 0.010462
0.012776 0.013998
0.011795 0.013386
0.009800 0.010416
0.010008 0.010644
0.013188 0.014536
0.011951 0.013384
0.009988 0.010433
0.010098 0.010493
0.013151 0.014258
0.011865 0.013194
0.009772 0.010042
0.010050 0.010415
0.012994 0.013657
0.011881 0.012975
0.009929 0.010190
0.010036 0.010230
0.012455 0.013118
0.011882 0.013041
0.009855 0.010190
0.009888 0.010040
0.006181 0.004855
0.004875 0.003443
0.009625 0.008924
0.004875 0.003543
0.005465 0.005035
0.005469 0.005052
0.005381 0.004661
0.005664 0.004737
0.006073 0.005544
0.005422 0.004166
0.006355 0.005346
0.005431 0.004848
0.007561 0.006849
0.007378 0.006166
0.005424 0.004753
0.005477 0.004874
0.007688 0.006970
0.005963 0.005430
0.005517 0.004884
0.006335 0.005385
0.007403 0.007123
0.005958 0.005879
0.005420 0.004721
0.005488 0.004908
0.006049 0.005121
0.009741 0.008288
0.005673 0.005183
0.006807 0.006800
0.006014 0.006446
0.005679 0.005587
0.005622 0.005644
0.005712 0.005512
0.006766 0.006468
0.006583 0.006152
0.005691 0.005605
0.005658 0.005282
0.005713 0.005664
0.005778 0.005676
0.005698 0.005274
0.005673 0.005761
0.006745 0.006670
0.006008 0.005654
0.005671 0.005697
0.005681 0.005441
0.005691 0.005857
0.006360 0.006256
0.005755 0.005621
0.005660 0.005634
0.006053 0.005760
0.006503 0.006114
0.005654 0.005681
0.005643 0.005684
0.006041 0.006159
0.006389 0.006380
0.006452 0.005889
0.006621 0.006019
0.005563 0.005514
0.005618 0.005599
0.005671 0.005779
0.005640 0.005880
0.006164 0.005597
0.006305 0.006483
0.005736 0.005582
0.006414 0.005907
0.005722 0.005690
0.005569 0.005576
0.006395 0.006305
0.008234 0.007040
0.007631 0.006390
0.010324 0.008347
0.006238 0.006050
0.005858 0.005445
0.005320 0.004773
0.005560 0.005261
0.006434 0.006353
0.005762 0.005578
0.005320 0.004863
0.005297 0.004687
0.006399 0.006303
0.006444 0.005957
0.005347 0.004862
0.005274 0.004816
0.006295 0.006358
0.006612 0.006195
0.005359 0.004952
0.005291 0.004878
0.006843 0.006561
0.006985 0.006309
0.005399 0.005313
0.005497 0.005274
0.006871 0.006677
0.006573 0.006159
0.005291 0.004756
0.005285 0.004855
0.006236 0.006217
0.006066 0.005853
0.005278 0.004722
0.005217 0.004970
0.006668 0.006213
0.006506 0.006025
0.005194 0.004789
0.005958 0.005369
0.006220 0.005666
0.005764 0.006248
0.006275 0.006087
0.005566 0.005703
0.005962 0.005863
0.004931 0.004376
0.004979 0.004516
0.004910 0.004583
0.004947 0.004776
0.005044 0.005191
0.005058 0.005146
0.004516 0.000925
0.005191 0.000930
0.000925 0.000025
