0.000000 0.018449
0.000000 0.023956
0.000000 0.019809
0.000000 0.033413
0.000000 0.024377
0.000000 0.018143
0.000000 0.015596
0.018449 0.019305
0.027734 0.019682
0.020739 0.016336
0.024832 0.014893
0.025737 0.015452
0.018143 0.015598
0.021907 0.019431
0.022355 0.018199
0.023155 0.015557
0.028910 0.015610
0.020428 0.015353
0.019630 0.015465
0.019497 0.019639
0.019629 0.018387
0.019287 0.015522
0.019114 0.015215
0.018750 0.015567
0.018539 0.016373
0.018717 0.018901
0.018687 0.018445
0.018672 0.015918
0.018526 0.016229
0.018379 0.016290
0.018259 0.016231
0.018182 0.018590
0.018210 0.016661
0.018219 0.016287
0.018135 0.016113
0.018067 0.015166
0.018006 0.018958
0.017947 0.017401
0.017968 0.015739
0.017927 0.015385
0.017877 0.014984
0.017825 0.015029
0.017749 0.018379
0.017782 0.016162
0.017772 0.014953
0.017718 0.014947
0.017657 0.014294
0.017589 0.019228
0.017526 0.017371
0.017547 0.015081
0.017514 0.014980
0.017454 0.015058
0.017397 0.014590
0.017328 0.018474
0.017370 0.017900
0.017370 0.014725
0.017322 0.014631
0.017273 0.014545
0.017229 0.014659
0.017176 0.018300
0.017202 0.017218
0.017215 0.014662
0.017168 0.014437
0.017121 0.014520
0.017074 0.014752
0.017031 0.018829
0.017053 0.018246
0.017056 0.015199
0.016145 0.015164
0.016198 0.015399
0.016236 0.015246
0.018825 0.018164
0.017401 0.018334
0.016210 0.015641
0.016214 0.015279
0.016143 0.015163
0.016182 0.015311
0.018944 0.018656
0.016514 0.016281
0.016241 0.015622
0.016221 0.015348
0.016006 0.014696
0.018841 0.018258
0.017203 0.017727
0.016027 0.014854
0.016006 0.014761
0.015980 0.015059
0.016010 0.015033
0.018751 0.018681
0.017017 0.017536
0.015925 0.015007
0.015888 0.014833
0.015865 0.014817
0.015808 0.014870
0.018631 0.018483
0.016913 0.017274
0.015805 0.015051
0.015784 0.015037
0.015797 0.014935
0.015746 0.015538
0.018737 0.018704
0.016883 0.017506
0.015774 0.015077
0.015734 0.015032
0.015713 0.014804
0.015706 0.014789
0.018863 0.018732
0.017023 0.017619
0.015803 0.014896
0.015814 0.015050
0.015764 0.014637
0.015744 0.014896
0.018777 0.018047
0.016909 0.017197
0.015733 0.014985
0.015702 0.014522
0.015707 0.014822
0.015710 0.014902
0.018712 0.018726
0.015960 0.015763
0.015683 0.014975
0.015669 0.014859
0.015629 0.014332
0.018916 0.020439
0.016817 0.017467
0.015605 0.014792
0.015611 0.014802
0.015609 0.014725
0.015589 0.014525
0.018791 0.018049
0.016850 0.017325
0.015610 0.014907
0.015578 0.014768
0.015587 0.014980
0.015577 0.014846
0.018811 0.018211
0.015863 0.015801
0.015609 0.014681
0.015604 0.014849
0.015507 0.014447
0.018972 0.018292
0.016835 0.017507
0.015586 0.014949
0.015570 0.015048
0.015574 0.015068
0.015593 0.014854
0.018974 0.018505
0.017042 0.018173
0.015617 0.015354
0.015637 0.014875
0.015655 0.014989
0.015603 0.014869
0.018968 0.018938
0.016964 0.017746
0.015633 0.014952
0.015563 0.014774
0.015586 0.015179
0.015560 0.014952
0.018956 0.019114
0.016998 0.018092
0.015593 0.014987
0.015620 0.015164
0.015569 0.015032
0.015594 0.014996
0.018839 0.019028
0.016874 0.017626
0.015620 0.015058
0.015703 0.015439
0.015568 0.015071
0.015490 0.014872
0.018561 0.018420
0.016691 0.017098
0.015447 0.014660
0.015369 0.014558
0.015373 0.014459
0.015348 0.014608
0.018531 0.018083
0.015684 0.016128
0.015393 0.014755
0.015464 0.015194
0.015287 0.014284
0.018777 0.018770
0.016639 0.017390
0.015330 0.014644
0.015294 0.014503
0.015293 0.014774
0.015328 0.014898
0.018666 0.018102
0.016670 0.017513
0.015339 0.014769
0.015376 0.014901
0.015430 0.015088
0.015339 0.015023
0.018818 0.018961
0.016636 0.017432
0.015361 0.014998
0.015313 0.014719
0.015313 0.015058
0.015254 0.014556
0.018758 0.018898
0.016589 0.017386
0.015371 0.015304
0.015280 0.014872
0.015274 0.014616
0.015303 0.014835
0.018984 0.019157
0.016619 0.017540
0.015279 0.014823
0.015236 0.014565
0.015315 0.014819
0.015298 0.014528
0.019105 0.019314
0.016865 0.018192
0.015379 0.014946
0.015356 0.014491
0.015401 0.015051
0.015480 0.015545
0.019000 0.018887
0.016894 0.017579
0.015482 0.015450
0.015458 0.015485
0.015432 0.015032
0.015392 0.015046
0.019179 0.018617
0.016821 0.017718
0.015385 0.014695
0.015392 0.015020
0.015384 0.014950
0.015366 0.015112
0.018970 0.018850
0.016772 0.017650
0.015339 0.014948
0.015331 0.014610
0.015296 0.014730
0.015358 0.015048
0.018971 0.018967
0.016685 0.017579
0.015346 0.014843
0.015287 0.014904
0.015341 0.014933
0.015360 0.015048
0.019043 0.018794
0.016759 0.017680
0.015330 0.014837
0.015345 0.014689
0.015352 0.014786
0.015343 0.014726
0.017738 0.017178
0.015261 0.014747
0.031819 0.022045
0.019189 0.016610
0.016748 0.016128
0.015399 0.014943
0.015330 0.014751
0.015304 0.014913
0.015276 0.015013
0.018293 0.018248
0.016573 0.017438
0.015489 0.014753
0.015310 0.014838
0.015279 0.014752
0.015276 0.014584
0.019086 0.018811
0.016901 0.017629
0.015268 0.014945
0.015104 0.014439
0.015175 0.014637
0.015172 0.014597
0.018955 0.017919
0.016867 0.017380
0.015114 0.014750
0.015136 0.014892
0.015126 0.014890
0.015105 0.014819
0.018699 0.017843
0.015487 0.015798
0.015062 0.014693
0.015097 0.014581
0.014952 0.013971
0.018736 0.018747
0.016756 0.017628
0.015123 0.014599
0.015043 0.014478
0.015150 0.014897
0.015219 0.015174
0.018690 0.018462
0.016951 0.017505
0.015315 0.014896
0.015282 0.014890
0.015271 0.014981
0.015273 0.014641
0.018555 0.018296
0.016936 0.017672
0.015290 0.015267
0.015287 0.014924
0.015177 0.014611
0.015177 0.014677
0.018462 0.017939
0.016874 0.017484
0.015225 0.014949
0.015232 0.014795
0.015203 0.014873
0.015205 0.014648
0.018636 0.018753
0.017084 0.017770
0.015271 0.014723
0.015249 0.014564
0.015351 0.014712
0.015399 0.014790
0.018475 0.018427
0.017246 0.017979
0.015517 0.015206
0.015522 0.015237
0.015589 0.015435
0.015564 0.015707
0.018863 0.018916
0.016006 0.016531
0.015579 0.015211
0.015683 0.015675
0.015405 0.014949
0.019256 0.019100
0.017240 0.018077
0.015396 0.015001
0.015455 0.015047
0.015354 0.015280
0.015379 0.015466
0.019590 0.019235
0.016012 0.016449
0.015472 0.015204
0.015820 0.015522
0.015398 0.015145
0.015266 0.014757
0.015222 0.015035
0.019283 0.019126
0.017131 0.017877
0.015249 0.015150
0.015261 0.015503
0.015234 0.015246
0.015164 0.014960
0.018840 0.017972
0.017165 0.017857
0.015291 0.015103
0.015199 0.014831
0.015222 0.014771
0.015236 0.015284
0.018980 0.018213
0.017173 0.017489
0.015306 0.015083
0.015286 0.015249
0.015262 0.014999
0.015316 0.015068
0.018885 0.017479
0.015772 0.016030
0.015401 0.015408
0.015365 0.015269
0.015204 0.014552
0.018507 0.017846
0.016700 0.017613
0.015241 0.015078
0.015364 0.015439
0.015206 0.014417
0.018674 0.017630
0.017093 0.017682
0.015398 0.015556
0.015301 0.015247
0.015339 0.015135
0.015432 0.015402
0.018724 0.017462
0.017054 0.017334
0.015378 0.015265
0.015348 0.015197
0.015265 0.015083
0.015316 0.014785
0.019216 0.018194
0.017059 0.017211
0.015289 0.015097
0.015318 0.015240
0.015401 0.015526
0.015293 0.014996
0.018886 0.017868
0.016937 0.017087
0.015270 0.014945
0.015285 0.014812
0.015262 0.014989
0.015252 0.015079
0.018818 0.017937
0.016855 0.016883
0.015224 0.014790
0.015326 0.015006
0.015172 0.014875
0.015205 0.014891
0.018565 0.017486
0.016773 0.016746
0.015155 0.014824
0.015067 0.014533
0.015230 0.014650
0.015253 0.014946
0.018702 0.017680
0.015703 0.015709
0.015300 0.015313
0.015346 0.015282
0.015335 0.014774
0.018633 0.017936
0.016739 0.017386
0.015344 0.015286
0.015458 0.015480
0.015474 0.015103
0.019086 0.018500
0.016962 0.017105
0.015408 0.015471
0.015414 0.015123
0.015339 0.015255
0.015401 0.015188
0.019817 0.018722
0.017126 0.017149
0.015454 0.015538
0.015311 0.014977
0.015357 0.015163
0.015282 0.015227
0.019981 0.018062
0.016984 0.016921
0.015369 0.015609
0.015227 0.015332
0.015078 0.014581
0.015012 0.014362
0.019191 0.018472
0.016913 0.017471
0.015165 0.015282
0.015208 0.015173
0.015088 0.014846
0.015024 0.014258
0.019039 0.018558
0.016826 0.017285
0.015066 0.015144
0.015044 0.014678
0.015106 0.014842
0.015071 0.014778
0.018853 0.018513
0.016867 0.017318
0.015042 0.014517
0.015032 0.014455
0.015080 0.014696
0.015211 0.015297
0.018786 0.018415
0.016926 0.017633
0.015208 0.015347
0.015090 0.015114
0.014994 0.014444
0.014953 0.014335
0.018565 0.018200
0.015389 0.015620
0.014986 0.015050
0.015016 0.015131
0.014861 0.013926
0.018178 0.016979
0.016418 0.017247
0.015007 0.015075
0.014930 0.014917
0.014788 0.014524
0.014729 0.014189
0.017496 0.016199
0.016064 0.016253
0.014704 0.014313
0.014747 0.014084
0.014545 0.013994
0.014552 0.014007
0.017185 0.016655
0.015742 0.015803
0.014453 0.013775
0.014444 0.013645
0.014412 0.014079
0.014443 0.013709
0.017181 0.016517
0.014747 0.014683
0.014520 0.014342
0.014604 0.014580
0.014414 0.013460
0.017089 0.015892
0.015731 0.015970
0.014362 0.013922
0.014482 0.014076
0.014444 0.013776
0.014441 0.013766
0.016954 0.016216
0.015585 0.015360
0.014461 0.013777
0.014500 0.013797
0.014264 0.013250
0.014293 0.013523
0.016553 0.015884
0.015701 0.015633
0.014287 0.013268
0.014340 0.013747
0.014493 0.013882
0.014499 0.013970
0.015995 0.014758
0.015646 0.015452
0.014552 0.013237
0.014610 0.013523
0.017828 0.017465
0.014758 0.001030
0.013523 0.001117
0.001117 0.000033
