0.000000 0.031435
0.000000 0.031672
0.000000 0.030495
0.000000 0.025425
0.000000 0.026006
0.000000 0.025601
0.000000 0.025898
0.031435 0.026113
0.031589 0.026210
0.031135 0.025628
0.029708 0.025350
0.029009 0.025899
0.026212 0.027796
0.027485 0.026364
0.027240 0.026146
0.028592 0.027792
0.017138 0.028333
0.022396 0.025380
0.020694 0.027546
0.023825 0.027603
0.022439 0.027714
0.021898 0.026722
0.023088 0.027162
0.023981 0.027317
0.031514 0.027000
0.027476 0.026477
0.026637 0.027158
0.027033 0.027639
0.026676 0.027778
0.026804 0.027685
0.027054 0.028514
0.027027 0.028835
0.027065 0.028865
0.027070 0.027084
0.027096 0.026736
0.027127 0.028145
0.027151 0.027950
0.027210 0.032131
0.027278 0.025255
0.027343 0.025697
0.027333 0.026437
0.027309 0.026808
0.027341 0.027247
0.027364 0.027719
0.027542 0.027722
0.027458 0.027652
0.027395 0.027594
0.027361 0.022347
0.027342 0.022224
0.027338 0.023411
0.027351 0.030528
0.027364 0.023314
0.027373 0.024424
0.029840 0.030716
0.027218 0.028835
0.027060 0.027853
0.026945 0.028137
0.027056 0.022468
0.026942 0.022879
0.026865 0.029642
0.026981 0.022637
0.027036 0.023219
0.027060 0.029743
0.022835 0.022417
0.023369 0.023116
0.028281 0.029580
0.022769 0.022460
0.023241 0.023135
0.028287 0.029551
0.022562 0.022165
0.023053 0.023052
0.028615 0.028078
0.027994 0.027269
0.029486 0.031683
0.027909 0.026363
0.027300 0.024903
0.027308 0.024064
0.027277 0.025323
0.027552 0.024313
0.027447 0.024107
0.027052 0.025061
0.027212 0.024537
0.026786 0.024313
0.027175 0.026234
0.020954 0.020837
0.022554 0.022439
0.028281 0.027736
0.027403 0.026978
0.027169 0.026079
0.027200 0.025230
0.026965 0.025743
0.027094 0.026925
0.020724 0.020840
0.022219 0.022234
0.027762 0.027519
0.027464 0.026884
0.026826 0.025618
0.028703 0.031780
0.026116 0.026151
0.020781 0.020831
0.021880 0.021680
0.027472 0.026447
0.026910 0.025216
0.026000 0.025205
0.025766 0.024401
0.025892 0.025097
0.025883 0.024928
0.025836 0.024441
0.025362 0.024018
0.025316 0.023836
0.025239 0.023391
0.024770 0.023214
0.024728 0.023142
0.024888 0.023112
0.024794 0.023656
0.024774 0.023403
0.024965 0.023462
0.024888 0.024166
0.024552 0.023776
0.024509 0.023135
0.024723 0.024397
0.032373 0.031563
0.023833 0.023148
0.022717 0.017750
0.020641 0.018363
0.020983 0.019517
0.021198 0.019628
0.021171 0.020124
0.021768 0.020964
0.022206 0.021548
0.023312 0.022486
0.023704 0.023555
0.024606 0.024607
0.026328 0.026287
0.026637 0.027338
0.025206 0.026199
0.024453 0.025265
0.023789 0.025022
0.023069 0.024125
0.022283 0.022921
0.022352 0.023075
0.023243 0.023953
0.023618 0.024293
0.023196 0.024189
0.022812 0.023243
0.032322 0.033279
0.023214 0.023361
0.022631 0.022497
0.022767 0.023259
0.022916 0.022950
0.022992 0.022749
0.023362 0.023517
0.023310 0.023577
0.023316 0.023489
0.023573 0.024084
0.023930 0.024493
0.023993 0.024248
0.024077 0.024937
0.024289 0.025093
0.027335 0.028172
0.020299 0.021951
0.021084 0.022868
0.026395 0.026971
0.025712 0.026898
0.025327 0.026038
0.025361 0.025732
0.025296 0.026111
0.025531 0.026303
0.025785 0.026342
0.025221 0.025368
0.024876 0.025635
0.026029 0.026696
0.026147 0.026506
0.026340 0.027079
0.026508 0.026780
0.027079 0.027282
0.027170 0.027807
0.027206 0.027674
0.027353 0.027606
0.027797 0.028499
0.027594 0.028111
0.027104 0.027013
0.027311 0.027996
0.027747 0.028203
0.028839 0.028994
0.023245 0.025184
0.023942 0.025755
0.029795 0.030295
0.028106 0.028489
0.027449 0.027370
0.027790 0.028240
0.026956 0.027023
0.027140 0.027109
0.027471 0.028058
0.027458 0.027602
0.028188 0.028234
0.027269 0.027755
0.027289 0.027509
0.027125 0.027049
0.027411 0.027750
0.026923 0.027498
0.026986 0.026812
0.026537 0.026758
0.026666 0.027185
0.028270 0.028250
0.028054 0.028716
0.027509 0.027717
0.026729 0.026668
0.026844 0.027215
0.026901 0.027160
0.026728 0.026732
0.027197 0.027339
0.025427 0.025758
0.026847 0.027091
0.026920 0.026952
0.026038 0.025769
0.026423 0.026618
0.026801 0.027424
0.027486 0.027411
0.027523 0.028074
0.027109 0.027405
0.027392 0.027419
0.027777 0.028183
0.025691 0.025933
0.020481 0.020644
0.021011 0.021410
0.027243 0.026687
0.022038 0.022327
0.022100 0.022824
0.029993 0.029660
0.022134 0.022688
0.023017 0.023928
0.030122 0.030101
0.022069 0.022468
0.022672 0.023252
0.028044 0.027811
0.030299 0.030617
0.027354 0.027090
0.025645 0.025239
0.025183 0.024347
0.024771 0.024230
0.024099 0.023476
0.023718 0.022662
0.023408 0.022661
0.023423 0.022338
0.023378 0.022262
0.023348 0.022468
0.023990 0.023580
0.020914 0.020414
0.020780 0.020608
0.025252 0.024659
0.020724 0.020862
0.021219 0.021082
0.025852 0.025562
0.020935 0.020919
0.021151 0.021557
