0.000000 0.004133
0.000000 0.002907
0.000000 0.002726
0.000000 0.002321
0.000000 0.002177
0.000000 0.001480
0.000000 0.001807
0.004133 0.001765
0.002912 0.001651
0.002854 0.001470
0.002037 0.001679
0.002916 0.001874
0.000163 0.001523
0.001490 0.001518
0.001341 0.001499
0.001651 0.001522
0.001470 0.001999
0.001402 0.002089
0.001908 0.001391
0.001806 0.001572
0.001750 0.001635
0.000854 0.002127
0.000674 0.001781
0.001832 0.001444
0.001819 0.001512
0.001873 0.001750
0.001383 0.001962
0.001686 0.001656
0.002242 0.001625
0.001731 0.001645
0.001802 0.001592
0.001888 0.001779
0.002004 0.001905
0.001737 0.001437
0.001775 0.001561
0.001832 0.001721
0.001909 0.001895
0.001885 0.001680
0.001807 0.001672
0.001757 0.001577
0.001880 0.001829
0.001727 0.001596
0.001929 0.001737
0.001715 0.001558
0.001910 0.001994
0.001816 0.001745
0.001685 0.001452
0.002096 0.002122
0.001705 0.001482
0.001822 0.001760
0.001686 0.001430
0.002053 0.002108
0.001738 0.001569
0.001874 0.001853
0.001689 0.001565
0.001792 0.001736
0.001896 0.001894
0.001818 0.001788
0.001833 0.001752
0.001801 0.001746
0.001828 0.001822
0.001733 0.001755
0.001966 0.001799
0.001779 0.001814
0.001788 0.001957
0.001703 0.001603
0.001949 0.002021
0.001918 0.001907
0.001926 0.002021
0.001753 0.001725
0.001818 0.001878
0.001835 0.001848
0.001909 0.001933
0.001786 0.001819
0.001817 0.001785
0.001755 0.001783
0.001822 0.001784
0.002021 0.001902
0.001782 0.001680
0.001758 0.001832
0.001803 0.001725
0.001984 0.002048
0.001837 0.001697
0.001809 0.001858
0.001705 0.001504
0.001821 0.001734
0.001821 0.001714
0.001866 0.001759
0.001835 0.001712
0.001785 0.001822
0.001727 0.001689
0.001809 0.001692
0.001869 0.001808
0.001927 0.001896
0.001715 0.001647
0.001741 0.001608
0.001861 0.001875
0.001848 0.001706
0.001741 0.001725
0.001647 0.001480
0.002026 0.002202
0.001764 0.001724
0.001814 0.001779
0.001781 0.001848
0.001666 0.001577
0.001736 0.001700
0.001823 0.001736
0.001886 0.001792
0.001733 0.001675
0.001660 0.001615
0.001793 0.001719
0.001852 0.001906
0.001864 0.001833
0.001687 0.001579
0.001688 0.001616
0.001837 0.002036
0.002138 0.002265
0.001615 0.001574
0.001698 0.001679
0.001897 0.002052
0.001872 0.002004
0.001810 0.001799
0.001642 0.001616
0.001915 0.002036
0.002133 0.002135
0.001736 0.001733
0.001765 0.001898
0.001962 0.002047
0.001638 0.001591
0.001805 0.001841
0.002288 0.002506
0.001706 0.001635
0.001634 0.001647
0.001676 0.001700
0.001771 0.001845
0.002016 0.001993
0.001781 0.001813
0.001623 0.001578
0.002052 0.002168
0.001868 0.001917
0.001793 0.001791
0.001623 0.001564
0.001813 0.001891
0.001676 0.001702
0.001767 0.001823
0.002314 0.002419
0.001686 0.001682
0.001663 0.001690
0.001699 0.001709
0.002185 0.002249
0.001769 0.001813
0.001841 0.001767
0.001654 0.001671
0.002372 0.002374
0.001678 0.001656
0.001740 0.001644
0.001901 0.001783
0.001687 0.001749
0.002057 0.002106
0.001775 0.001750
0.001715 0.001723
0.001740 0.001740
0.001941 0.002002
0.001663 0.001713
0.002355 0.002305
0.001686 0.001627
0.001532 0.001458
0.001875 0.001941
0.002170 0.002279
0.001759 0.001807
0.001786 0.001687
0.001647 0.001649
0.002208 0.002300
0.001811 0.001867
0.001774 0.001743
0.001795 0.001795
0.002142 0.002156
0.002048 0.002115
0.001840 0.001864
0.001865 0.001826
0.001930 0.002066
0.001732 0.001871
0.002007 0.002080
0.002193 0.002117
0.002008 0.002037
0.001587 0.001587
0.002113 0.002111
0.002349 0.002337
0.001900 0.001918
0.001724 0.001662
0.001939 0.001997
0.002312 0.002326
0.002231 0.002245
0.001943 0.002117
0.001941 0.001950
0.002044 0.002035
0.002028 0.002025
0.001953 0.001939
0.002305 0.002258
0.002025 0.002007
0.002154 0.002131
0.002224 0.002174
0.002466 0.002520
0.001842 0.001874
0.002018 0.002064
0.002075 0.002354
0.002520 0.002574
0.002198 0.002123
0.001863 0.001844
0.002114 0.002150
0.002265 0.002246
0.002340 0.002343
0.002270 0.002206
0.001938 0.001880
0.002078 0.002074
0.002071 0.002088
0.002346 0.002307
0.002237 0.002273
0.001876 0.001849
0.001963 0.002005
0.002045 0.002253
0.002573 0.002665
0.001946 0.001891
0.002183 0.002116
0.002064 0.002045
0.002143 0.002151
0.002279 0.002359
0.002160 0.002122
0.001995 0.001987
0.002461 0.002478
0.002017 0.002001
0.002382 0.002302
0.002037 0.002094
0.002375 0.002378
0.001956 0.001957
0.002248 0.002243
0.002372 0.002316
0.002122 0.002080
0.002044 0.002046
0.002171 0.002254
0.002564 0.002510
0.002283 0.002207
0.002114 0.002087
0.002013 0.002050
0.002450 0.002502
0.002122 0.002125
0.002425 0.002322
0.002391 0.002353
0.002539 0.002578
0.002185 0.002144
0.002284 0.002318
0.002215 0.002245
0.002117 0.002123
0.002100 0.002106
0.002717 0.002830
0.002319 0.002359
0.002035 0.002108
0.002177 0.002160
0.002183 0.002217
0.002830 0.002898
0.002432 0.002304
0.002147 0.002137
0.002338 0.002351
0.002424 0.002381
0.002364 0.002333
0.002490 0.003179
0.002414 0.002453
0.002608 0.002642
0.002129 0.002165
0.002415 0.002366
0.002691 0.002686
0.002303 0.002272
0.002284 0.002296
0.002687 0.002649
0.002775 0.002763
0.002264 0.002197
0.002401 0.002319
0.002385 0.002355
0.002762 0.002828
0.002871 0.002898
0.002560 0.002492
0.003011 0.003068
0.003362 0.003369
0.003171 0.003184
0.003047 0.003076
0.003063 0.003145
0.002799 0.002836
0.002651 0.002650
0.002601 0.002625
0.003070 0.003110
0.002789 0.002823
0.002924 0.002959
0.002163 0.002146
0.002726 0.002757
0.002711 0.002657
0.002364 0.002314
0.002249 0.002254
0.002880 0.002932
0.002423 0.002419
0.002190 0.002141
0.002456 0.002448
0.002308 0.002315
0.002417 0.002427
0.002643 0.002658
0.002547 0.002552
0.002291 0.002280
0.002192 0.002186
0.002287 0.002308
0.002959 0.002995
0.002247 0.002208
0.002477 0.002360
0.002156 0.002173
0.002526 0.002576
0.002330 0.002398
0.002546 0.002466
0.002493 0.002392
0.002061 0.002109
0.002220 0.002247
0.002459 0.002422
0.002411 0.002407
0.002141 0.002208
0.002502 0.002445
0.002134 0.002135
0.002770 0.002796
0.002242 0.002292
0.002266 0.002235
0.002158 0.002144
0.002487 0.002446
0.002309 0.002337
0.002439 0.002386
0.002280 0.002284
0.002279 0.002376
0.002217 0.002225
0.002621 0.002572
0.002513 0.002463
0.002204 0.002270
0.002186 0.002244
0.002307 0.002313
0.002544 0.002538
0.002233 0.002208
0.002395 0.002371
0.002243 0.002265
0.002398 0.002402
0.002367 0.002387
0.002326 0.002296
0.002173 0.002140
0.002323 0.002360
0.002384 0.002367
0.002410 0.002380
0.002323 0.002250
0.002152 0.002151
0.002391 0.002385
0.002429 0.002432
0.002239 0.002223
0.002358 0.002401
0.002237 0.002237
0.002390 0.002319
0.002754 0.002799
0.002379 0.002412
0.002189 0.002176
0.002560 0.002570
0.002394 0.002407
0.002440 0.002463
0.002347 0.002281
0.002198 0.002210
0.002541 0.002592
0.002441 0.002464
0.002676 0.002670
0.002420 0.002417
0.002298 0.002347
0.002452 0.002532
0.002826 0.002776
0.002331 0.002314
0.002328 0.002380
0.002319 0.002305
0.002493 0.002506
0.002769 0.002797
0.002284 0.002285
0.002556 0.002558
0.002413 0.002492
0.002337 0.002349
0.002576 0.002786
0.002430 0.002418
0.002625 0.002558
0.002276 0.002324
0.002435 0.002470
0.002812 0.002770
0.002655 0.002678
0.002349 0.002386
0.002332 0.002349
0.002548 0.002548
0.002642 0.002635
0.002394 0.002445
0.002369 0.002433
0.002385 0.002387
0.002442 0.002429
0.002990 0.003001
0.002553 0.002521
0.002234 0.002211
0.002394 0.002411
0.002332 0.002352
0.002720 0.002702
0.002537 0.002500
0.002380 0.002371
0.002475 0.002463
0.002539 0.002590
0.002684 0.002781
0.002274 0.002235
0.002561 0.002627
0.002435 0.002434
0.002453 0.002425
0.002523 0.002529
0.002853 0.002949
0.002426 0.002462
0.002378 0.002398
0.002479 0.002465
0.002862 0.002932
0.002577 0.002593
0.002405 0.002417
0.002513 0.002531
0.002534 0.002527
0.002721 0.002689
0.002698 0.002734
0.002407 0.002412
0.002377 0.002373
0.002640 0.002648
0.002659 0.002618
0.002520 0.002541
0.002432 0.002442
0.002454 0.002409
0.002598 0.002555
0.002805 0.002840
0.002647 0.002589
0.002434 0.002493
0.002627 0.002706
0.002364 0.002430
0.002888 0.002903
0.002530 0.002485
0.002541 0.002532
0.002449 0.002470
0.002483 0.002509
0.002818 0.002795
0.002604 0.002591
0.002416 0.002427
0.002559 0.002530
0.002509 0.002442
0.002879 0.002901
0.002864 0.002893
0.002470 0.002512
0.002464 0.002459
0.002536 0.002521
0.002782 0.002820
0.002611 0.002659
0.002560 0.002558
0.002475 0.002472
0.002681 0.002714
0.002531 0.002487
0.002875 0.002931
0.002474 0.002523
0.002493 0.002496
0.002527 0.002510
0.003150 0.003112
0.002845 0.002874
0.002439 0.002535
0.002796 0.002763
0.002755 0.002759
0.002796 0.002797
0.002732 0.002712
0.002730 0.002702
0.002533 0.002513
0.002792 0.002832
0.002682 0.002708
0.002970 0.002929
0.002456 0.002513
0.002540 0.002530
0.002757 0.002846
0.002886 0.002883
0.002560 0.002527
0.002643 0.002726
0.002643 0.002665
0.002789 0.002786
0.002617 0.002633
0.002526 0.002557
0.002776 0.002828
0.002562 0.002527
0.003092 0.003058
0.002686 0.002763
0.002634 0.002710
0.002774 0.002820
0.003026 0.003056
0.002947 0.002963
0.002473 0.002445
0.002802 0.002851
0.003136 0.003394
0.002843 0.002926
0.002956 0.002945
0.003027 0.003066
0.002922 0.002978
0.002865 0.002961
0.002971 0.002953
0.002943 0.002910
0.002784 0.002840
0.003107 0.003030
0.002969 0.003029
0.003246 0.003138
0.002543 0.002657
0.002951 0.002947
0.003254 0.003831
0.002872 0.002904
0.003029 0.002984
0.002968 0.002987
0.002948 0.002980
0.003157 0.003169
0.002755 0.002794
0.002980 0.002952
0.003280 0.003168
0.002986 0.003003
0.003052 0.003058
0.003069 0.003066
0.003169 0.003119
0.002796 0.002847
0.002993 0.002996
0.003064 0.002986
0.003430 0.003321
0.002747 0.002742
0.002952 0.002951
0.003047 0.003055
0.003058 0.003015
0.003129 0.003112
0.002875 0.002859
0.003074 0.002973
0.003216 0.003139
0.003030 0.003035
0.003487 0.003323
0.002908 0.002951
0.002921 0.003011
0.003016 0.003019
0.003266 0.003240
0.003021 0.003050
0.002816 0.002861
0.002926 0.003032
0.003134 0.003077
0.003100 0.003094
0.003027 0.003033
0.002996 0.002999
0.002866 0.002890
0.003196 0.003138
0.003127 0.003180
0.003144 0.003130
0.002984 0.002943
0.002974 0.002979
0.003078 0.003048
0.003117 0.003122
0.003249 0.003175
0.002979 0.002916
0.003111 0.003088
0.003071 0.003133
0.003325 0.003246
0.003013 0.002952
0.003120 0.003111
0.003133 0.003065
0.003144 0.003081
0.003162 0.003170
0.003097 0.003083
0.003214 0.003131
0.003256 0.003272
0.002990 0.002984
0.003429 0.003374
0.003133 0.003219
0.002997 0.003088
0.003248 0.003269
0.003108 0.003158
0.003405 0.003503
0.003075 0.003233
0.003047 0.003220
0.003211 0.003360
0.003254 0.003395
0.003266 0.003395
0.002980 0.003023
0.003232 0.003182
0.003385 0.003325
0.003043 0.002984
0.003413 0.003324
0.003387 0.003311
0.003213 0.003192
0.003161 0.003073
0.003164 0.003140
0.003605 0.003444
0.003084 0.003074
0.003338 0.003278
0.003409 0.003364
0.003230 0.003266
0.003268 0.003235
0.003339 0.003394
0.003264 0.003266
0.003419 0.003336
0.003192 0.003170
0.003276 0.003195
0.003400 0.003360
0.003450 0.003452
0.003269 0.003186
0.003306 0.003252
0.003436 0.003387
0.003217 0.003272
0.003199 0.003175
0.003371 0.003368
0.003500 0.003481
0.003092 0.003076
0.003130 0.003083
0.003253 0.003218
0.003405 0.003395
0.003419 0.003332
0.003137 0.003133
0.003211 0.003177
0.003373 0.003378
0.003156 0.003148
0.003397 0.003403
0.003173 0.003196
0.003334 0.003273
0.003179 0.003181
0.003173 0.003160
0.003547 0.003507
0.003178 0.003156
0.003183 0.003166
0.003223 0.003204
0.003392 0.003333
0.003131 0.003159
0.003290 0.003237
0.003225 0.003257
0.003289 0.003269
0.003320 0.003227
0.003295 0.003273
0.003190 0.003232
0.003379 0.003332
0.003034 0.003029
0.003538 0.003408
0.003247 0.003209
0.003311 0.003312
0.003327 0.003244
0.003389 0.003339
0.003378 0.003376
0.003324 0.003217
0.003178 0.003148
0.003385 0.003349
0.003428 0.003432
0.003278 0.003266
0.003234 0.003245
0.003222 0.003175
0.003259 0.003245
0.003281 0.003284
0.003201 0.003166
0.003202 0.003094
0.003308 0.003303
0.003218 0.003137
0.003337 0.003285
0.003297 0.003272
0.003225 0.003245
0.003273 0.003206
0.003177 0.003228
0.003413 0.003344
0.003218 0.003225
0.003118 0.003126
0.003282 0.003230
0.003384 0.003350
0.003216 0.003196
0.003274 0.003246
0.003215 0.003226
0.003273 0.003292
0.003299 0.003301
0.003263 0.003237
0.003231 0.003227
0.003179 0.003180
0.003102 0.003151
0.003318 0.003282
0.003277 0.003287
0.003221 0.003197
0.003262 0.003246
0.003172 0.003200
0.003399 0.003363
0.003217 0.003244
0.003215 0.003179
0.003318 0.003325
