0.000000 0.011272
0.000000 0.005441
0.000000 0.008604
0.000000 0.008296
0.000000 0.007569
0.000000 0.008399
0.000000 0.005658
0.005341 0.005799
0.005342 0.005772
0.007014 0.005750
0.008816 0.005843
0.008391 0.005759
0.008112 0.005689
0.007909 0.005020
0.007529 0.005595
0.016244 0.006026
0.006290 0.005582
0.007513 0.005616
0.093698 0.005611
0.005443 0.005646
0.005518 0.005595
0.005673 0.005654
0.005908 0.005024
0.005962 0.005601
0.005612 0.004362
0.005905 0.005637
0.005909 0.005662
0.005907 0.005649
0.005601 0.005663
0.005575 0.005639
0.005559 0.005697
0.005662 0.004991
0.005767 0.005614
0.005382 0.004359
0.005755 0.005600
0.005767 0.005656
0.005775 0.005633
0.005465 0.005624
0.005462 0.005597
0.005456 0.005605
0.005588 0.005039
0.005699 0.005611
0.005309 0.004367
0.005695 0.005627
0.005705 0.005652
0.005712 0.005625
0.005391 0.005662
0.005401 0.005620
0.005398 0.005603
0.005544 0.004984
0.005661 0.005643
0.005266 0.004368
0.005660 0.005657
0.005671 0.005629
0.005679 0.005650
0.005353 0.005598
0.005366 0.005654
0.005373 0.005600
0.005522 0.004945
0.005642 0.005577
0.005249 0.004327
0.005646 0.005645
0.005649 0.005636
0.005657 0.005628
0.005327 0.005637
0.005344 0.005612
0.005355 0.005621
0.005501 0.005408
0.005623 0.005606
0.005248 0.004438
0.005628 0.005600
0.005631 0.005613
0.005632 0.005696
0.005305 0.005658
0.005338 0.005640
0.005350 0.005604
0.005502 0.004960
0.005622 0.005632
0.079255 0.004865
0.005125 0.003769
0.005498 0.004120
0.004585 0.004054
0.004702 0.004063
0.004405 0.003844
0.005401 0.005587
0.005610 0.004934
0.005624 0.005557
0.004301 0.004329
0.005624 0.005571
0.005606 0.005539
0.005623 0.005610
0.005605 0.005644
0.005600 0.005592
0.005583 0.005641
0.005599 0.004954
0.005583 0.005609
0.004241 0.004377
0.005582 0.005621
0.005598 0.005614
0.005584 0.005600
0.005599 0.005594
0.005567 0.005678
0.005581 0.005606
0.005569 0.004982
0.005583 0.005652
0.005614 0.004534
0.005290 0.004803
0.005573 0.004950
0.005292 0.004844
0.005606 0.006706
0.016993 0.013878
0.005652 0.010565
0.040632 0.007830
0.006126 0.006859
0.015786 0.017521
0.006833 0.007641
0.015243 0.017449
0.020341 0.021642
0.006838 0.007931
0.031884 0.027217
0.007984 0.008887
0.007678 0.008594
0.018083 0.019364
0.024649 0.024572
0.018877 0.019345
0.024696 0.024537
0.007337 0.008056
0.024102 0.023619
0.009246 0.008584
0.009395 0.009747
0.024114 0.024913
0.011445 0.012128
0.007698 0.007858
0.007617 0.007572
0.019070 0.019642
0.007247 0.007542
0.014880 0.015190
0.022182 0.022402
0.013466 0.012740
0.009980 0.009738
0.010587 0.010170
0.025509 0.026443
0.013340 0.013434
0.008781 0.009215
0.010014 0.009745
0.022308 0.022663
0.010738 0.010608
0.009942 0.010542
0.018751 0.018997
0.007449 0.007600
0.022995 0.022491
0.011112 0.011514
0.009073 0.009068
0.007985 0.007945
0.022088 0.022127
0.013924 0.013518
0.008124 0.008069
0.010646 0.010117
0.017963 0.017253
0.013945 0.013888
0.008964 0.009026
0.008052 0.008122
0.012057 0.011599
0.014860 0.015090
0.009859 0.010099
0.027371 0.027924
0.020046 0.018452
0.017817 0.016373
0.013400 0.012231
0.013734 0.012664
0.020153 0.020198
0.016992 0.016708
0.014035 0.012989
0.014005 0.012663
0.017514 0.017009
0.013388 0.012948
0.014013 0.012355
0.017085 0.017256
0.013133 0.012809
0.011512 0.010662
0.012098 0.010763
0.015230 0.014265
0.014026 0.012738
0.015422 0.015597
0.013639 0.012979
0.015197 0.015291
0.013319 0.012887
0.011542 0.010586
0.013733 0.014868
0.011964 0.011781
0.010689 0.010552
0.011665 0.011729
0.010587 0.010318
0.011417 0.011353
0.010645 0.010276
0.011532 0.011348
0.010567 0.010210
0.010685 0.010362
0.011975 0.013486
0.011011 0.010620
0.011350 0.012789
0.011583 0.013272
0.010778 0.010920
0.011041 0.013175
0.010242 0.011050
0.010249 0.012196
0.010503 0.012361
0.010837 0.011791
0.010293 0.012012
0.011082 0.012872
0.011702 0.012208
0.011834 0.013454
0.010296 0.011734
0.010608 0.011869
0.011921 0.011685
0.011663 0.012948
0.009942 0.010877
0.010287 0.011527
0.009643 0.010521
0.010493 0.014369
0.013198 0.017844
0.014658 0.015144
0.015269 0.016903
0.016302 0.017864
0.013791 0.014208
0.017584 0.019867
0.015919 0.016789
0.014891 0.015300
0.017972 0.018842
0.017751 0.018572
0.014072 0.014201
0.014735 0.015057
0.015732 0.016309
0.016913 0.017796
0.014089 0.014127
0.017424 0.018186
0.017630 0.018284
0.016314 0.016602
0.018701 0.019418
0.017142 0.016807
0.015701 0.015831
0.018444 0.018927
0.016477 0.016848
0.014735 0.014550
0.016892 0.017064
0.020717 0.020696
0.017878 0.018389
0.017561 0.018758
0.017150 0.016341
0.016198 0.015422
0.019390 0.019513
0.020308 0.020988
0.016688 0.016253
0.017134 0.017513
0.007086 0.006568
0.004857 0.004697
0.021032 0.018897
0.019814 0.017598
0.005536 0.005806
0.006652 0.007053
0.005159 0.005345
0.007673 0.008565
0.010971 0.011427
0.012848 0.013096
0.015632 0.015983
0.016074 0.016178
0.018224 0.018399
0.014553 0.013710
0.013553 0.012551
0.011229 0.010535
0.011874 0.010971
0.012280 0.011938
0.011755 0.010934
0.011926 0.010862
0.012171 0.011161
0.014767 0.014814
0.012072 0.012179
0.012223 0.012358
0.015786 0.016771
0.014294 0.014557
0.011390 0.011501
0.011746 0.011497
0.015801 0.016543
0.014565 0.014463
0.011307 0.011157
0.012067 0.011695
0.015561 0.016303
0.014300 0.014597
0.012240 0.012056
0.012299 0.012090
0.015092 0.014930
0.014030 0.014298
0.011465 0.011249
0.011961 0.011693
0.011818 0.011614
0.050674 0.053726
0.031681 0.033671
0.018351 0.019166
0.013339 0.014272
0.011731 0.012950
0.011549 0.012525
0.011877 0.012516
0.028283 0.030617
0.015313 0.016836
0.009549 0.010019
0.011416 0.011580
0.029100 0.031144
0.015577 0.017112
0.009455 0.009856
0.011912 0.012154
0.029559 0.031494
0.015010 0.016592
0.009815 0.009959
0.011806 0.012044
0.028697 0.028887
0.016264 0.016630
0.009287 0.009638
0.012541 0.012419
0.028877 0.028535
0.016265 0.016869
0.009892 0.010250
0.012126 0.011929
0.027873 0.028454
0.017373 0.017882
0.010151 0.010516
0.013312 0.012788
0.023821 0.024078
0.016167 0.016615
0.009687 0.009893
0.011215 0.011241
0.014026 0.013669
0.019210 0.018701
0.010623 0.010517
0.013398 0.013043
0.016836 0.014861
0.013971 0.014047
0.010739 0.012016
0.012544 0.012454
0.015052 0.015844
0.014614 0.014629
0.012582 0.012381
0.012768 0.012365
0.016132 0.016387
0.014089 0.014314
0.012707 0.012519
0.012074 0.011800
0.015773 0.016070
0.013956 0.014124
0.011713 0.011462
0.012366 0.012197
0.015499 0.015181
0.014220 0.014134
0.012365 0.012236
0.012664 0.012403
0.015007 0.015123
0.014583 0.014733
0.012515 0.012452
0.012757 0.012698
0.014143 0.013858
0.013026 0.012959
0.015399 0.015314
0.011110 0.010533
0.013191 0.012946
0.017128 0.016422
0.011993 0.012087
0.017352 0.016011
0.011723 0.011978
0.016866 0.015559
0.011895 0.012363
0.016194 0.014883
0.012468 0.012775
0.012563 0.012609
0.013404 0.013000
0.010292 0.010363
0.012432 0.012194
0.011199 0.011147
0.012111 0.011955
0.011347 0.011494
0.011286 0.011071
0.011852 0.012002
0.011980 0.012644
0.011424 0.011789
0.012307 0.013354
0.011771 0.011930
0.012246 0.013279
0.011915 0.012184
0.012709 0.013796
0.011748 0.012213
0.012257 0.012759
0.012090 0.012310
0.012618 0.013253
0.012620 0.012465
0.012039 0.012003
0.011875 0.011962
0.012298 0.012630
0.011895 0.012118
0.012331 0.012825
0.012178 0.012229
0.013001 0.013967
0.012421 0.013070
0.012592 0.013313
0.012795 0.012926
0.013242 0.014446
0.012540 0.013094
0.012839 0.013158
0.011986 0.011715
0.013597 0.014247
0.012420 0.012695
0.012845 0.013383
0.020238 0.020355
0.020277 0.020085
0.026684 0.026080
0.026190 0.025174
0.028797 0.027431
0.032560 0.031090
0.011075 0.011530
0.029622 0.028496
0.012813 0.012805
0.012460 0.012450
0.011540 0.011401
0.022913 0.022573
0.016169 0.015561
0.013163 0.012694
0.013660 0.013364
0.011986 0.011035
0.011826 0.011636
0.013724 0.013236
0.014570 0.012930
0.009540 0.008697
0.010205 0.009160
0.013672 0.013623
0.012311 0.012201
0.014319 0.014720
0.013861 0.014454
0.012384 0.012410
0.012773 0.012759
0.014711 0.015109
0.014198 0.015279
0.012298 0.012412
0.012805 0.012890
0.014704 0.015107
0.014391 0.015290
0.012440 0.012508
0.013163 0.013189
0.014716 0.015339
0.014567 0.015451
0.012812 0.012780
0.012948 0.013090
0.014308 0.014935
0.014368 0.015569
0.013018 0.013091
0.013122 0.013153
0.013796 0.013913
0.014622 0.015645
0.013337 0.013589
0.013681 0.014137
0.013378 0.013453
0.013703 0.013935
0.013169 0.013397
0.013026 0.013331
0.013658 0.013365
0.013623 0.014270
0.012771 0.013252
0.013062 0.013073
0.011710 0.011356
0.013330 0.013358
0.012858 0.012590
0.011585 0.011489
0.005730 0.012237
0.011441 0.011170
0.012039 0.012978
0.011472 0.011440
0.011860 0.011708
0.011314 0.011473
0.010977 0.010958
0.011580 0.011211
0.011845 0.011423
0.011382 0.010894
0.011526 0.011169
0.011469 0.011346
0.012207 0.011771
0.015175 0.014628
0.015936 0.016262
0.015586 0.015093
0.016800 0.018153
0.016677 0.017125
0.016067 0.016411
0.016734 0.018338
0.014831 0.014798
0.017077 0.018319
0.016749 0.018714
0.014986 0.015220
0.016948 0.018355
0.012429 0.011809
0.012364 0.011673
0.015588 0.015675
0.012054 0.011492
0.013549 0.014058
0.013032 0.013711
0.012333 0.012016
0.012298 0.011658
0.013511 0.013836
0.012154 0.011851
0.013228 0.013870
0.013754 0.014517
0.012350 0.012145
0.012263 0.011923
0.013949 0.014032
0.012263 0.012089
0.013981 0.014258
0.013452 0.014142
0.012086 0.012017
0.012428 0.012142
0.014270 0.014861
0.013814 0.014707
0.012336 0.012468
0.012091 0.011588
0.013769 0.013539
0.012273 0.011997
0.013142 0.012768
0.012176 0.011846
0.017685 0.017246
0.015591 0.014805
0.015951 0.015823
0.014339 0.013228
0.014283 0.013680
0.018197 0.018370
0.016449 0.016738
0.013669 0.012745
0.013835 0.013084
0.017846 0.018587
0.016831 0.017737
0.013701 0.013205
0.014505 0.014397
0.017439 0.018352
0.017012 0.018235
0.014389 0.014357
0.014617 0.014347
0.016587 0.017150
0.017271 0.018509
0.014518 0.014339
0.014117 0.014075
0.016317 0.015882
0.013867 0.013323
0.014532 0.013081
0.021465 0.022054
0.020524 0.019191
0.021374 0.020722
0.019727 0.019459
0.019431 0.019302
0.020775 0.020414
0.020920 0.021447
0.019340 0.019323
0.019323 0.019400
0.020766 0.020352
0.019359 0.019370
0.021460 0.021077
0.021089 0.021622
0.019578 0.019481
0.019480 0.019523
0.021169 0.020524
0.020721 0.021206
0.018973 0.018920
0.018849 0.018906
0.015693 0.015693
0.020285 0.020145
0.018638 0.018525
0.018237 0.017219
0.014018 0.014052
0.013006 0.012922
0.016466 0.017722
0.015011 0.015812
0.013081 0.013332
0.015273 0.016206
0.016115 0.016242
0.014039 0.014054
0.016825 0.017665
0.015789 0.017449
0.016514 0.017418
0.016176 0.016780
0.015727 0.016520
0.015614 0.015271
0.016905 0.017036
0.014499 0.014255
0.018295 0.018763
0.016025 0.016165
0.016026 0.016561
0.012993 0.012614
0.015010 0.015401
0.013755 0.013119
0.015828 0.016298
0.014336 0.013590
0.014023 0.013890
0.013300 0.012888
0.011852 0.011562
0.011971 0.012091
0.013006 0.013244
0.012481 0.012602
0.012826 0.013249
0.012786 0.012623
0.012602 0.012834
0.013169 0.013980
0.013509 0.014501
0.013491 0.013856
0.012819 0.013603
0.012960 0.012393
0.012618 0.012921
0.013024 0.013018
0.014513 0.015058
0.012836 0.012890
0.013064 0.013008
0.014261 0.013757
0.012440 0.011602
0.013434 0.012877
0.012615 0.012367
0.013132 0.012774
0.012304 0.012299
0.011960 0.011402
0.012890 0.012619
0.012037 0.011990
0.012751 0.012777
0.012272 0.012243
0.012632 0.011977
0.012121 0.012210
0.013089 0.013775
0.012610 0.013589
0.012608 0.012497
0.012076 0.011621
0.013242 0.012688
0.013343 0.013980
0.011426 0.010938
0.010942 0.010491
0.014452 0.013826
0.013020 0.013187
0.010173 0.009851
0.009874 0.009350
0.015408 0.014817
0.012328 0.012466
0.009534 0.009211
0.009383 0.008953
0.015664 0.014802
0.010556 0.010833
0.008848 0.008730
0.008820 0.008822
0.015639 0.015054
0.010660 0.010701
0.008084 0.008275
0.009241 0.008760
0.015250 0.014030
0.010488 0.010555
0.007481 0.007832
0.008419 0.008242
0.008060 0.006486
0.003729 0.003998
0.008783 0.008065
0.003671 0.003918
0.004911 0.005757
0.005018 0.005761
0.007804 0.007226
0.004528 0.005336
0.004984 0.004679
0.008385 0.008117
0.009137 0.008610
0.010268 0.009554
0.011212 0.010592
0.012537 0.012062
0.013643 0.012632
0.015774 0.014920
0.016770 0.016342
0.015950 0.015570
0.016521 0.015464
0.015896 0.014756
0.016109 0.014969
0.016576 0.015533
0.014318 0.013017
0.015468 0.014409
0.015779 0.014874
0.013952 0.013063
0.015332 0.014657
0.016496 0.016551
0.013365 0.012770
0.013317 0.012621
0.014482 0.013556
0.012885 0.012463
0.014988 0.014533
0.013362 0.013003
0.015623 0.015052
0.013385 0.012806
0.015194 0.014318
0.014920 0.014735
0.012102 0.011755
0.012724 0.012107
0.013935 0.013518
0.012454 0.012141
0.027899 0.024714
0.020620 0.018459
0.015520 0.014803
0.015427 0.014942
0.022693 0.021171
0.015892 0.015434
0.014996 0.015201
0.025872 0.025735
0.017420 0.018260
0.015743 0.015612
0.014079 0.014287
0.023084 0.023449
0.016702 0.017525
0.014923 0.015019
0.014939 0.014781
0.022663 0.022896
0.017572 0.017811
0.014349 0.014533
0.015500 0.015349
0.023242 0.023190
0.017185 0.017514
0.015088 0.014958
0.014859 0.015036
0.022651 0.022622
0.017093 0.017348
0.015326 0.015482
0.014733 0.014525
0.019486 0.019256
0.016773 0.017198
0.014996 0.014378
0.015155 0.015077
0.022731 0.022428
0.016758 0.014140
0.014812 0.013720
0.012613 0.010573
0.012038 0.010721
0.011805 0.010425
0.020638 0.016990
0.010826 0.009636
0.019723 0.017092
0.010553 0.009420
0.020498 0.018222
0.010035 0.009168
0.019116 0.016186
0.010502 0.009308
0.022238 0.020345
0.014208 0.013213
0.012033 0.010828
0.011337 0.010373
0.019738 0.018240
0.010032 0.009352
0.018296 0.017087
0.009670 0.009180
0.017641 0.016553
0.011168 0.010575
0.019050 0.018158
0.010924 0.010478
0.020352 0.018731
0.012798 0.012510
0.011727 0.010890
0.011351 0.010769
0.015420 0.014258
0.013666 0.013130
0.011861 0.010926
0.011939 0.010943
0.012517 0.011237
0.012056 0.011347
0.011666 0.010574
0.010397 0.010023
0.013462 0.013650
0.011394 0.011722
0.011572 0.012592
0.013691 0.014252
0.012937 0.014026
0.010820 0.011513
0.010987 0.011537
0.013998 0.014516
0.012553 0.013411
0.010651 0.010987
0.010492 0.010404
0.014349 0.014179
0.010290 0.010354
0.013523 0.013848
0.012856 0.013533
0.007269 0.010488
0.011420 0.011988
0.013720 0.014201
0.013699 0.014544
0.011321 0.011805
0.010974 0.011129
0.013985 0.011841
0.013933 0.014195
0.011132 0.009974
0.012191 0.012707
0.014608 0.013430
0.013530 0.015248
0.012576 0.013090
0.012328 0.013258
0.013991 0.013760
0.011711 0.011925
0.012926 0.011769
0.014898 0.013799
0.015110 0.014072
0.013795 0.014009
0.011885 0.011870
0.012268 0.012662
0.015268 0.015092
0.013746 0.014092
0.011644 0.011671
0.011626 0.011622
0.013640 0.014050
0.013685 0.014555
0.012966 0.013171
0.012179 0.012584
0.014021 0.014071
0.015487 0.016599
0.012524 0.012814
0.013056 0.013462
0.014709 0.015157
0.012310 0.013038
0.014324 0.013721
0.011280 0.011321
0.013757 0.014477
0.013530 0.014519
0.011948 0.012001
0.011640 0.012236
0.014144 0.012841
0.013587 0.013719
0.012224 0.012953
0.011822 0.012400
0.014322 0.014284
0.015015 0.014781
0.013378 0.014129
0.014542 0.015293
0.013937 0.013887
0.014691 0.016258
0.012955 0.013777
0.013060 0.013860
0.012527 0.013035
0.013952 0.015314
0.012541 0.013224
0.013115 0.014041
0.012839 0.012929
0.012535 0.013111
0.012558 0.012331
0.013620 0.014436
0.012190 0.012732
0.011855 0.012333
0.013008 0.012933
0.012736 0.013460
0.012322 0.012037
0.014572 0.015720
0.013291 0.013329
0.012925 0.013949
0.012457 0.012101
0.014138 0.014965
0.012157 0.011627
0.012398 0.012933
0.015293 0.014569
0.014370 0.014585
0.012385 0.011806
0.011632 0.011931
0.014665 0.013717
0.011850 0.012131
0.013577 0.013813
0.014027 0.014116
0.012866 0.012783
0.013315 0.014012
0.014396 0.014743
0.014358 0.014696
0.013288 0.013485
0.012730 0.012955
0.015113 0.015326
0.014775 0.015061
0.012186 0.011843
0.012305 0.012783
0.013773 0.013984
0.013835 0.014378
0.012614 0.012691
0.025382 0.023502
0.015265 0.012641
0.010641 0.010467
0.016734 0.014056
0.010872 0.010611
0.016704 0.013998
0.011003 0.010932
0.017261 0.014372
0.011170 0.010220
0.016202 0.014973
0.011334 0.011185
0.015974 0.015160
0.011341 0.010499
0.015363 0.014099
0.011149 0.010881
0.015101 0.013976
0.010948 0.010869
0.016099 0.015788
0.012747 0.012926
0.011558 0.011269
0.010995 0.011203
0.015076 0.015441
0.012658 0.013430
0.011364 0.011578
0.011094 0.011750
0.012865 0.010763
0.011508 0.011553
0.019025 0.016535
0.014158 0.013529
0.012609 0.012321
0.011059 0.011027
0.011370 0.011327
0.014372 0.014355
0.012286 0.012688
0.011190 0.010917
0.011317 0.010539
0.013922 0.013651
0.011836 0.012124
0.011136 0.009906
0.011119 0.009806
0.013542 0.014155
0.011806 0.012533
0.011081 0.009759
0.011227 0.010642
0.012375 0.011475
0.011872 0.012385
0.010950 0.010533
0.011021 0.010236
0.017698 0.015611
0.013223 0.011711
0.011123 0.010265
0.010634 0.008547
0.010307 0.008702
0.013310 0.013292
0.010958 0.010798
0.008647 0.008630
0.008386 0.008728
0.011991 0.012866
0.010649 0.011034
0.008475 0.008656
0.008743 0.008459
0.012673 0.013573
0.011110 0.011723
0.009164 0.008845
0.009807 0.009806
0.011858 0.012236
0.010639 0.010587
0.009070 0.008973
0.008837 0.009126
0.011501 0.012065
0.011246 0.011478
0.009010 0.008833
0.009444 0.009267
0.012481 0.012238
0.009608 0.009135
0.009128 0.008684
0.013839 0.012889
0.014590 0.014466
0.013295 0.013305
0.013778 0.014169
0.014984 0.015347
0.015381 0.016036
0.013231 0.013319
0.013134 0.013303
0.016177 0.016451
0.015806 0.016647
0.013304 0.013599
0.013185 0.013297
0.015955 0.016062
0.017751 0.018475
0.014793 0.015372
0.015186 0.015777
0.013869 0.013913
0.013056 0.013160
0.013126 0.012267
0.011608 0.011026
0.008515 0.007674
0.009910 0.009747
0.013222 0.013492
0.012393 0.012755
0.010783 0.010816
0.010534 0.010507
0.012514 0.012741
0.013479 0.014065
0.011191 0.011184
0.012430 0.012428
0.011879 0.011276
0.013867 0.013721
0.012199 0.012056
0.012680 0.012560
0.010750 0.010377
0.012395 0.012362
0.012505 0.012603
0.010862 0.010328
0.012127 0.012273
0.011403 0.011196
0.012965 0.012855
0.013456 0.013623
0.012657 0.012670
0.013130 0.013539
0.013001 0.013091
0.012579 0.012719
0.013341 0.013289
0.012009 0.012176
0.013100 0.013087
0.013909 0.014531
0.012510 0.012557
0.012847 0.012830
0.010881 0.010427
0.010570 0.010055
0.011878 0.012253
0.010571 0.010285
0.010598 0.009996
0.010293 0.010003
0.011034 0.010482
0.012531 0.012510
0.011054 0.010797
0.010895 0.010574
0.011504 0.011935
0.010664 0.010569
0.011424 0.011705
0.010305 0.009921
0.009387 0.008968
0.009776 0.009709
0.009844 0.009468
0.009741 0.009389
0.010378 0.010086
0.009245 0.008767
0.009465 0.008936
0.003277 0.005135
0.003801 0.003973
0.003824 0.003900
0.003826 0.003905
0.004726 0.005769
0.004712 0.005759
0.005674 0.005939
0.005281 0.004759
0.008902 0.008490
0.007415 0.008094
0.010350 0.010279
0.008475 0.009376
0.012005 0.012579
0.010877 0.011752
0.015323 0.014606
0.015940 0.015900
0.012216 0.012654
0.012393 0.012008
0.016510 0.014740
0.012116 0.011582
0.010014 0.009231
0.011302 0.010743
0.015748 0.015535
0.012999 0.012832
0.011654 0.010762
0.011319 0.010457
0.015794 0.015176
0.013137 0.012781
0.011633 0.010791
0.011514 0.010527
0.014000 0.013008
0.010696 0.009868
0.013409 0.011902
0.013422 0.012518
0.010843 0.010197
0.010970 0.010812
0.014299 0.014302
0.012563 0.012966
0.011188 0.011304
0.008925 0.009132
0.008985 0.009024
0.012669 0.013926
0.011069 0.011522
0.008896 0.009033
0.008782 0.008848
0.013110 0.014318
0.011290 0.011653
0.009022 0.008953
0.009035 0.009161
0.013477 0.014464
0.010929 0.011749
0.008932 0.009175
0.009188 0.009460
0.014149 0.014997
0.010717 0.011573
0.009086 0.009346
0.008710 0.008881
0.012649 0.013723
0.010086 0.010704
0.008340 0.008351
0.009308 0.009621
0.013660 0.014560
0.011077 0.011835
0.009191 0.009374
0.009118 0.009143
0.012807 0.013144
0.008965 0.008921
0.013366 0.013715
0.010780 0.011335
0.009004 0.009127
0.008948 0.009104
0.009357 0.008940
0.011135 0.010859
0.009069 0.009051
0.008380 0.007985
0.008982 0.008913
0.010036 0.009169
0.013586 0.012523
0.014383 0.014135
0.012075 0.011547
0.012414 0.012288
0.015346 0.014807
0.012404 0.012444
0.015274 0.014689
0.013961 0.014297
0.013333 0.013251
0.013015 0.012924
0.013953 0.013152
0.012010 0.012275
0.013704 0.013386
0.012311 0.012346
0.009312 0.008908
0.013568 0.013191
0.012226 0.012011
0.011277 0.010557
0.008894 0.008805
0.009769 0.009586
0.012039 0.011548
0.010535 0.009627
0.013536 0.013180
0.012573 0.012665
0.010666 0.010421
0.011418 0.011137
0.013901 0.014033
0.012763 0.013242
0.011497 0.011141
0.011258 0.010985
0.013269 0.013420
0.012047 0.012544
0.011307 0.011505
0.010466 0.010430
0.012542 0.012614
0.010973 0.011058
0.009261 0.008888
0.010439 0.009821
0.008868 0.008851
0.012276 0.012612
0.014148 0.013764
0.012611 0.012919
0.011750 0.012242
0.012018 0.011991
0.014313 0.014232
0.013144 0.013558
0.011599 0.011626
0.012370 0.012420
0.013249 0.013347
0.011949 0.012001
0.012893 0.012555
0.013345 0.013013
0.012054 0.012322
0.011687 0.012302
0.011468 0.011126
0.014870 0.014181
0.011820 0.011424
0.011387 0.010946
0.012066 0.011518
0.010965 0.010858
0.011008 0.010870
0.009731 0.009913
0.012235 0.013338
0.012125 0.012958
0.011744 0.011651
0.011932 0.011731
0.011738 0.012189
0.011391 0.011222
0.012039 0.011176
0.011409 0.011473
0.011221 0.011401
0.011284 0.011425
0.010334 0.010359
0.012344 0.013486
0.011871 0.012119
0.011978 0.013302
0.010155 0.010355
0.009592 0.009363
0.011767 0.013045
0.009810 0.009486
0.011999 0.012845
0.009816 0.009593
0.012201 0.012885
0.010689 0.010298
0.010469 0.010797
0.010961 0.011171
0.010254 0.010235
0.011653 0.013023
0.011774 0.012128
0.011285 0.011593
0.012403 0.012581
0.010912 0.010995
0.011805 0.011868
0.010520 0.010464
0.010879 0.010575
0.010718 0.010582
0.011360 0.011081
0.009474 0.009036
0.011797 0.011519
0.010218 0.010417
0.011389 0.011761
0.011279 0.011847
0.010304 0.010446
0.010434 0.010445
0.011482 0.011443
0.011084 0.011663
0.009883 0.009998
0.010214 0.010089
0.021303 0.018116
0.017330 0.015673
0.014297 0.014263
0.012446 0.012619
0.011980 0.011972
0.014802 0.013411
0.010906 0.010869
0.016336 0.015510
0.013341 0.013360
0.012080 0.011517
0.012185 0.011390
0.014861 0.014370
0.013979 0.014535
0.011492 0.011323
0.011569 0.011373
0.015275 0.015891
0.013864 0.014575
0.011755 0.011534
0.011812 0.011407
0.015174 0.015147
0.013367 0.013773
0.011409 0.011192
0.011705 0.011373
0.013389 0.013234
0.011959 0.011687
0.014847 0.014723
0.013051 0.013252
0.011686 0.011695
0.012098 0.011918
0.010617 0.010534
0.013294 0.013451
0.012073 0.011870
0.011878 0.011330
0.012206 0.012062
0.012739 0.012963
0.011205 0.011703
0.011581 0.011808
0.012806 0.012733
0.012972 0.013359
0.011841 0.012098
0.011174 0.011572
0.013227 0.012048
0.011102 0.011255
0.013426 0.013256
0.012661 0.012989
0.010847 0.011109
0.011402 0.011629
0.013193 0.013296
0.012653 0.012696
0.011521 0.011859
0.010901 0.010832
0.013060 0.013667
0.012973 0.013467
0.011393 0.011426
0.011517 0.011517
0.012516 0.012398
0.011344 0.011436
0.012648 0.012953
0.012398 0.012700
0.011673 0.011862
0.010366 0.010486
0.012089 0.012276
0.012686 0.013152
0.010322 0.010487
0.011455 0.011809
0.028293 0.027862
0.012887 0.012405
0.009431 0.009038
0.010448 0.010046
0.010270 0.010375
0.013682 0.014557
0.011199 0.010438
0.010265 0.010204
0.009908 0.009561
0.013645 0.013543
0.010798 0.010409
0.010656 0.010339
0.009721 0.009438
0.013976 0.013249
0.011055 0.010213
0.010687 0.010372
0.008934 0.008392
0.011505 0.010388
0.010711 0.010136
0.010087 0.009520
0.009984 0.009555
0.008544 0.007913
0.011762 0.011000
0.010318 0.009766
0.010690 0.010147
0.013679 0.013629
0.013017 0.012476
0.011696 0.011852
0.010505 0.010749
0.010681 0.010892
0.012862 0.013296
0.012320 0.012948
0.011090 0.011412
0.010948 0.011310
0.013793 0.013613
0.012599 0.012891
0.010800 0.010968
0.010557 0.010962
0.014064 0.014221
0.012413 0.012770
0.010698 0.011047
0.010165 0.010287
0.013815 0.014379
0.012539 0.013238
0.010645 0.010779
0.010986 0.011183
0.012506 0.012534
0.009865 0.010237
0.012336 0.011987
0.010496 0.010506
0.012243 0.012120
0.010710 0.010703
0.011240 0.010581
0.010910 0.010660
0.020151 0.020149
0.014263 0.013459
0.012126 0.012242
0.017149 0.017438
0.015968 0.016507
0.012132 0.012256
0.013370 0.013337
0.015921 0.015770
0.012583 0.012668
0.016045 0.015926
0.011053 0.011077
0.014694 0.013836
0.011502 0.011478
0.015724 0.015328
0.011771 0.011710
0.014292 0.013732
0.014407 0.014283
0.011753 0.011839
0.015252 0.014945
0.013727 0.013739
0.013023 0.013746
0.011525 0.012027
0.011750 0.012274
0.013187 0.013219
0.011786 0.012364
0.013488 0.013885
0.013515 0.014105
0.012444 0.012734
0.012365 0.012727
0.013924 0.014236
0.013761 0.014257
0.011986 0.012186
0.012196 0.012319
0.013118 0.013436
0.012110 0.012525
0.012731 0.013157
0.013367 0.014024
0.011830 0.012174
0.012108 0.012368
0.011496 0.011379
0.012907 0.013184
0.011218 0.011884
0.012226 0.012429
0.012209 0.012612
0.012926 0.013221
0.012048 0.012708
0.013026 0.013207
0.013834 0.014736
0.012972 0.012979
0.011786 0.012245
0.012489 0.012745
0.012100 0.012516
0.013013 0.013224
0.013394 0.013367
0.012022 0.012451
0.013902 0.013414
0.015791 0.016220
0.014777 0.015049
0.015185 0.015457
0.015416 0.015938
0.015188 0.016016
0.013928 0.014238
0.013790 0.013940
0.015476 0.015779
0.015263 0.016265
0.013713 0.013678
0.013590 0.013425
0.013488 0.013695
0.014009 0.013812
0.013685 0.013444
0.014122 0.014608
0.015286 0.015904
0.013690 0.014436
0.013555 0.014040
0.013989 0.014721
0.013242 0.013761
0.014172 0.014616
0.014626 0.015334
0.013261 0.013523
0.013080 0.013538
0.014724 0.014886
0.014994 0.015465
0.012617 0.012949
0.013319 0.013405
0.014681 0.014774
0.015518 0.015874
0.013288 0.013590
0.013658 0.013756
0.014601 0.014731
0.013463 0.013773
0.015406 0.015274
0.015125 0.015573
0.013644 0.013719
0.013172 0.013150
0.015102 0.015151
0.013422 0.013594
0.014896 0.014818
0.014946 0.015194
0.013643 0.013474
0.014264 0.014138
0.015647 0.015653
0.015723 0.015715
0.014033 0.013986
0.013735 0.013493
0.016043 0.015478
0.015259 0.015476
0.012919 0.013017
0.012404 0.012638
0.012832 0.012954
0.033556 0.032005
0.019529 0.019910
0.013862 0.015114
0.012979 0.013736
0.013175 0.012461
0.019350 0.020654
0.015279 0.015986
0.013192 0.013027
0.012558 0.012591
0.019307 0.020078
0.015305 0.015294
0.013015 0.012528
0.012805 0.012725
0.019440 0.020718
0.014711 0.015237
0.012594 0.012299
0.013051 0.012812
0.018867 0.018581
0.014973 0.015326
0.012571 0.012229
0.013078 0.013231
0.017446 0.018388
0.015116 0.015787
0.013051 0.013024
0.012720 0.012522
0.013594 0.013939
0.015867 0.015660
0.012430 0.012552
0.014644 0.014770
0.016156 0.015437
0.015458 0.015143
0.013990 0.013490
0.013734 0.013318
0.016172 0.015918
0.015645 0.015329
0.013780 0.013127
0.013583 0.012797
0.016556 0.015233
0.013096 0.012460
0.017185 0.016381
0.015215 0.014549
0.012969 0.012438
0.012737 0.012203
0.017371 0.016632
0.014112 0.013825
0.013155 0.012650
0.012027 0.011399
0.016822 0.015962
0.014287 0.013932
0.012454 0.012038
0.012289 0.011762
0.017366 0.017383
0.013652 0.013127
0.012563 0.012260
0.012091 0.011341
0.016722 0.016417
0.013435 0.013035
0.012061 0.011362
0.012097 0.011310
0.016477 0.015772
0.013290 0.012829
0.011651 0.011040
0.011960 0.011459
0.016353 0.015963
0.013694 0.013427
0.011803 0.011224
0.011995 0.011487
0.016021 0.015526
0.013027 0.012654
0.011688 0.011322
0.011563 0.011597
0.014955 0.013802
0.011322 0.010749
0.015770 0.015054
0.013524 0.013809
0.011714 0.011185
0.011763 0.011346
0.014312 0.009094
0.013567 0.011939
0.011959 0.011464
0.011847 0.009423
0.010860 0.009356
0.012995 0.009213
0.010636 0.008778
0.011361 0.009997
0.011907 0.011791
0.012196 0.012130
0.011739 0.012771
0.012495 0.012517
0.011983 0.012738
0.012228 0.013299
0.011402 0.011614
0.013223 0.014097
0.012659 0.013375
0.012116 0.012065
0.012323 0.012214
0.011699 0.012006
0.012725 0.012736
0.012201 0.012404
0.012749 0.013231
0.012734 0.013023
0.008900 0.008848
0.012064 0.011351
0.008850 0.008925
0.009155 0.009327
0.014984 0.014928
0.015070 0.015659
0.015077 0.015785
0.012888 0.013172
0.013750 0.014711
0.016811 0.017249
0.013014 0.014096
0.016067 0.016181
0.014733 0.015229
0.013457 0.014186
0.013515 0.014142
0.013380 0.013890
0.009092 0.009133
0.013397 0.012617
0.013209 0.014149
0.009166 0.009356
0.011426 0.010600
0.012314 0.011500
0.011375 0.011178
0.012065 0.011730
0.012095 0.012627
0.012409 0.011874
0.012429 0.012332
0.012218 0.012396
0.010567 0.010870
0.012704 0.013352
0.012597 0.013575
0.010612 0.010789
0.011742 0.012323
0.010445 0.010530
0.011832 0.011964
0.011834 0.012299
0.011850 0.011784
0.011650 0.011963
0.012804 0.012941
0.011998 0.011405
0.012128 0.011298
0.010856 0.010202
0.012234 0.012073
0.011347 0.011033
0.013036 0.012963
0.011297 0.010576
0.013865 0.013530
0.013280 0.012822
0.010938 0.011103
0.010321 0.010251
0.012948 0.012481
0.012365 0.012308
0.010582 0.010313
0.010974 0.010699
0.014726 0.013809
0.014545 0.013411
0.012856 0.012175
0.012967 0.012456
0.016625 0.015998
0.012577 0.012682
0.013177 0.013950
0.016572 0.016728
0.014855 0.015396
0.012213 0.012248
0.012651 0.012408
0.014664 0.014279
0.014868 0.015082
0.012732 0.013083
0.018941 0.018398
0.013694 0.012635
0.011195 0.010954
0.015500 0.014366
0.012650 0.012648
0.010501 0.010699
0.011398 0.011260
0.013899 0.013695
0.013042 0.012990
0.010866 0.010893
0.011193 0.010991
0.010484 0.010515
0.011011 0.011114
0.011534 0.011276
0.009757 0.009166
0.012803 0.012530
0.013198 0.012831
0.011022 0.011006
0.013349 0.012928
0.011108 0.011139
0.012901 0.012827
0.010881 0.010794
0.012707 0.012407
0.010090 0.010107
0.010344 0.009825
0.013579 0.013344
0.014298 0.014379
0.014317 0.014505
0.011826 0.011752
0.012426 0.012495
0.014511 0.014736
0.014102 0.014713
0.012034 0.012387
0.011907 0.012032
0.011390 0.011570
0.014173 0.014021
0.012002 0.011851
0.010677 0.010356
0.013636 0.013787
0.012458 0.012505
0.009832 0.010073
0.010046 0.010229
0.014065 0.014356
0.011787 0.012191
0.008598 0.009248
0.009123 0.009605
0.009902 0.010209
0.010380 0.010576
0.009712 0.009759
0.008732 0.009022
0.011795 0.012527
0.008768 0.009799
0.009623 0.010525
0.012716 0.013764
0.010237 0.011175
0.008601 0.009024
0.008532 0.008983
0.012485 0.013200
0.010624 0.011384
0.008612 0.008839
0.008475 0.008696
0.012933 0.013367
0.010894 0.011506
0.008893 0.009131
0.008194 0.008288
0.012656 0.012739
0.010119 0.010690
0.008370 0.008531
0.008761 0.008758
0.012219 0.012619
0.010277 0.010709
0.008534 0.008556
0.008491 0.008551
0.010136 0.010289
0.010286 0.010657
0.008586 0.008316
0.008890 0.008648
0.021046 0.019572
0.014135 0.013545
0.012204 0.012155
0.010128 0.010217
0.009865 0.009855
0.013852 0.014051
0.012219 0.012414
0.009915 0.009498
0.009394 0.009593
0.013969 0.014572
0.012225 0.012409
0.009795 0.009683
0.010081 0.009897
0.013907 0.014187
0.011858 0.011969
0.009661 0.009560
0.009519 0.009401
0.013735 0.013970
0.011783 0.011961
0.009195 0.009137
0.009341 0.009401
0.013517 0.013875
0.012008 0.012092
0.009253 0.009313
0.009588 0.009821
0.013439 0.013762
0.012045 0.011881
0.009397 0.009521
0.009538 0.009508
0.013407 0.013318
0.012256 0.012450
0.009789 0.009902
0.009991 0.010058
0.010617 0.010783
0.011738 0.011803
0.009545 0.009835
0.006916 0.005772
0.004427 0.004015
0.004419 0.003932
0.004415 0.003942
0.005185 0.005166
0.007823 0.006961
0.005519 0.005940
0.008483 0.008143
0.010353 0.010684
0.011743 0.011658
0.007740 0.008541
0.014540 0.014751
0.011654 0.011306
0.015281 0.015214
0.012004 0.011630
0.009931 0.009924
0.010425 0.010205
0.015007 0.015040
0.011904 0.011888
0.010684 0.010741
0.009880 0.009845
0.014729 0.014757
0.011500 0.011634
0.008917 0.009129
0.008901 0.009009
0.013060 0.013329
0.008664 0.008783
0.014113 0.014419
0.012009 0.012110
0.009506 0.009642
0.009922 0.010017
0.014282 0.013896
0.012277 0.011883
0.010184 0.010255
0.010442 0.010227
0.011779 0.011480
0.011669 0.011759
0.009234 0.009450
0.011106 0.011527
0.008728 0.007771
0.009039 0.008971
0.013682 0.013574
0.011823 0.011440
0.009720 0.009756
0.010227 0.009666
0.013405 0.013305
0.011757 0.011250
0.009127 0.009052
0.009862 0.009781
0.014016 0.014061
0.011659 0.011380
0.009495 0.009487
0.009661 0.009338
0.013680 0.014005
0.011658 0.011359
0.009359 0.009309
0.009306 0.008985
0.013250 0.013153
0.011042 0.010866
0.008513 0.008571
0.009073 0.009035
0.013556 0.013726
0.011947 0.011599
0.009591 0.009401
0.009939 0.009618
0.014320 0.014101
0.012143 0.011958
0.010120 0.009951
0.010752 0.010341
0.013154 0.012978
0.011476 0.010941
0.009188 0.008994
0.009965 0.009846
0.012824 0.012583
0.010283 0.010051
0.013761 0.013650
0.012173 0.011901
0.009946 0.009922
0.009716 0.009518
0.013708 0.013638
0.010783 0.010892
0.008807 0.009156
0.008591 0.008622
0.013465 0.013942
0.011759 0.011675
0.008915 0.009066
0.008926 0.008996
0.013662 0.014145
0.012232 0.012387
0.009622 0.009492
0.010532 0.010435
0.013967 0.014031
0.011944 0.012003
0.010063 0.009997
0.009922 0.009898
0.014802 0.015032
0.012526 0.012443
0.009895 0.009780
0.010326 0.010143
0.013433 0.012555
0.010743 0.010367
0.009602 0.010131
0.008925 0.008828
0.013210 0.013559
0.011559 0.011610
0.009243 0.009082
0.009407 0.009409
0.006955 0.007085
0.010213 0.009428
0.009518 0.009265
0.008687 0.007985
0.009891 0.009422
0.008511 0.009240
0.007801 0.008581
0.008235 0.008484
0.006725 0.007782
0.007220 0.007337
0.006181 0.006917
0.006516 0.007721
0.006306 0.007585
0.006112 0.006338
0.006669 0.007295
0.006242 0.006659
0.006185 0.006746
0.006221 0.006581
0.006927 0.006769
0.006578 0.006611
0.007609 0.007375
0.006859 0.006637
0.006828 0.006730
0.006517 0.006686
0.006718 0.006607
0.006498 0.006557
0.007386 0.006999
0.006774 0.006496
0.006591 0.005891
0.006685 0.005943
0.007030 0.006800
0.006807 0.007141
0.006756 0.006709
0.006542 0.006597
0.006608 0.006068
0.020633 0.015065
0.018349 0.015895
0.014623 0.013000
0.013704 0.012307
0.016088 0.014132
0.017704 0.015511
0.016347 0.014561
0.017736 0.016923
0.011595 0.011682
0.016668 0.015097
0.015387 0.014193
0.016094 0.014814
0.015542 0.014809
0.016154 0.015062
0.016155 0.015095
0.016525 0.015418
0.015666 0.014954
0.016339 0.015536
0.015113 0.015147
0.016542 0.015728
0.015565 0.015679
0.016283 0.015782
0.015368 0.015545
0.016109 0.015627
0.015426 0.015940
0.016205 0.015735
0.015427 0.015617
0.016047 0.015753
0.015404 0.015527
0.015832 0.015382
0.015033 0.014811
0.008508 0.006755
0.014756 0.014075
0.012712 0.012321
0.008508 0.007021
0.005430 0.004673
0.005881 0.005185
0.005179 0.004252
0.007165 0.006507
0.008527 0.008197
0.008746 0.008666
0.010797 0.011043
0.008721 0.011179
0.013077 0.014868
0.013812 0.015451
0.011747 0.011693
0.013820 0.015119
0.008356 0.013746
0.011659 0.011759
0.011836 0.011638
0.013729 0.015582
0.006684 0.013631
0.011325 0.011351
0.011215 0.011053
0.013483 0.015423
0.012714 0.013681
0.010733 0.010670
0.011499 0.011108
0.013421 0.015015
0.012454 0.013690
0.010908 0.011206
0.011233 0.011546
0.013225 0.011660
0.012516 0.012441
0.011240 0.011174
0.010643 0.009922
0.015404 0.013940
0.014444 0.015520
0.011588 0.012931
0.012585 0.013654
0.013657 0.014645
0.023489 0.017645
0.016023 0.015211
0.012912 0.013539
0.017682 0.017018
0.015688 0.016817
0.012462 0.013261
0.013155 0.014044
0.017379 0.016985
0.014391 0.015781
0.012736 0.013961
0.017507 0.017277
0.013384 0.014053
0.013806 0.015233
0.018401 0.017809
0.013904 0.015161
0.012350 0.012968
0.012179 0.012216
0.016346 0.016532
0.013815 0.015012
0.011602 0.011256
0.011733 0.011397
0.012701 0.013270
0.011994 0.011669
0.026883 0.020922
0.014844 0.014002
0.012404 0.012412
0.010794 0.010164
0.010877 0.010245
0.014663 0.015513
0.012741 0.013136
0.010223 0.009841
0.011132 0.010475
0.014209 0.014609
0.012506 0.012748
0.010663 0.010310
0.010758 0.010268
0.013775 0.014547
0.011848 0.012104
0.010499 0.010192
0.010437 0.010130
0.012344 0.012270
0.010818 0.010445
0.006501 0.005680
0.005440 0.003973
0.011320 0.010258
0.011708 0.010674
0.006230 0.005136
0.007238 0.006882
0.005445 0.003829
0.010008 0.009500
0.011455 0.011914
0.013739 0.013342
0.019854 0.019871
0.009410 0.010627
0.009571 0.010094
0.017461 0.017537
0.009347 0.009933
0.007893 0.008689
0.007804 0.007906
0.013595 0.014072
0.008445 0.009421
0.006962 0.007144
0.007511 0.007703
0.013241 0.014588
0.009763 0.010545
0.007155 0.007261
0.007681 0.007610
0.012154 0.013545
0.009795 0.010634
0.007443 0.007663
0.007533 0.007461
0.017066 0.013462
0.009574 0.009623
0.007586 0.007514
0.008220 0.007717
0.014439 0.012908
0.014260 0.013948
0.011442 0.011305
0.012009 0.012040
0.012899 0.012907
0.011897 0.011912
0.012106 0.012362
0.010953 0.010971
0.013290 0.013127
0.012653 0.012920
0.011091 0.011118
0.011598 0.011643
0.013666 0.013700
0.013465 0.014023
0.011676 0.011673
0.012379 0.012446
0.013529 0.013561
0.012964 0.013073
0.011589 0.011507
0.011571 0.011384
0.014652 0.014295
0.013841 0.014040
0.011410 0.011459
0.012326 0.012297
0.012131 0.012292
0.006542 0.005883
0.004880 0.004017
0.004876 0.003910
0.004867 0.003939
0.005876 0.005141
0.006959 0.006365
0.005643 0.005265
0.005783 0.004589
0.006370 0.006533
0.008057 0.007624
0.007491 0.007986
0.009943 0.009404
0.007983 0.009733
0.013373 0.013025
0.011448 0.012452
0.008833 0.009600
0.009333 0.009208
0.014399 0.014397
0.011352 0.011530
0.009447 0.009590
0.009906 0.009547
0.013135 0.013985
0.011432 0.011700
0.009212 0.009197
0.009043 0.008844
0.013271 0.012077
0.010841 0.010458
0.009689 0.009100
0.013284 0.012149
0.014871 0.014157
0.013430 0.013083
0.013813 0.013862
0.015058 0.015290
0.014771 0.015074
0.013329 0.012957
0.013118 0.013007
0.013486 0.012062
0.011903 0.011312
0.012484 0.012558
0.013725 0.014409
0.010826 0.011120
0.010803 0.010745
0.013104 0.013200
0.013979 0.015268
0.011207 0.011596
0.011030 0.011278
0.014796 0.015310
0.012939 0.013496
0.009134 0.012166
0.011332 0.010929
0.013930 0.014380
0.012038 0.011923
0.010738 0.010433
0.010751 0.010191
0.013168 0.013884
0.011966 0.011886
0.010360 0.009601
0.010098 0.009332
0.015055 0.012370
0.010715 0.010393
0.010717 0.010511
0.010874 0.010708
0.009567 0.008046
0.013981 0.012989
0.010022 0.010208
0.009332 0.010238
0.009590 0.009832
0.009114 0.009014
0.013061 0.014002
0.010413 0.011014
0.009658 0.010019
0.009165 0.009736
0.009763 0.009864
0.012568 0.013463
0.012116 0.012434
0.009821 0.010015
0.010100 0.010417
0.010229 0.010459
0.010096 0.010462
0.010970 0.009750
0.011880 0.010633
0.009718 0.009868
0.009151 0.008320
0.010890 0.010484
0.011080 0.011327
0.010897 0.010959
0.010106 0.011305
0.011478 0.011592
0.011622 0.012494
0.011534 0.011370
0.011843 0.012703
0.011609 0.010730
0.010803 0.011728
0.012462 0.013140
0.010002 0.011071
0.012236 0.013248
0.009893 0.010791
0.011723 0.012434
0.009868 0.010830
0.011732 0.012512
0.010973 0.011817
0.011646 0.012157
0.010887 0.010873
0.051828 0.032708
0.014504 0.012874
0.021762 0.017760
0.015905 0.014038
0.014835 0.013897
0.022709 0.020567
0.014612 0.014183
0.022093 0.023059
0.017810 0.018372
0.014709 0.014192
0.015038 0.014712
0.020213 0.022018
0.014072 0.014290
0.013522 0.012122
0.017148 0.017313
0.015791 0.016061
0.015179 0.015469
0.012195 0.011645
0.013015 0.013738
0.011867 0.011769
0.012709 0.012976
0.013150 0.013509
0.012470 0.012114
0.013436 0.014511
0.013711 0.014607
0.012452 0.012078
0.012123 0.012224
0.013788 0.014832
0.013668 0.014894
0.012243 0.012415
0.012024 0.011991
0.014317 0.014730
0.013293 0.013993
0.011648 0.011617
0.012324 0.012501
0.013902 0.013879
0.011901 0.012069
0.014488 0.014495
0.013507 0.013846
0.011787 0.011731
0.012285 0.012152
0.014922 0.015243
0.013941 0.014221
0.012750 0.012763
0.012995 0.012807
0.012690 0.012091
0.019357 0.019471
0.014983 0.013463
0.011995 0.011861
0.011392 0.011194
0.011312 0.011067
0.015577 0.015290
0.013027 0.012960
0.011482 0.011129
0.011452 0.010933
0.014805 0.014308
0.010768 0.010346
0.015699 0.014961
0.012959 0.012714
0.011466 0.010973
0.011181 0.010656
0.015266 0.014701
0.012583 0.012345
0.011143 0.010598
0.011262 0.010727
0.013377 0.012685
0.012070 0.011754
0.010572 0.010212
0.010573 0.009858
0.009803 0.009018
0.009855 0.009097
0.009085 0.009243
0.010201 0.010026
0.010272 0.009865
0.010651 0.010489
0.010577 0.010324
0.010920 0.010566
0.010262 0.010134
0.010492 0.010278
0.011126 0.011036
0.011038 0.011007
0.011511 0.011535
0.011465 0.011446
0.011085 0.010990
0.012093 0.011743
0.011104 0.011099
0.012476 0.012358
0.012476 0.012705
0.010714 0.010797
0.010820 0.010535
0.012628 0.012831
0.012246 0.012505
0.011128 0.010830
0.011327 0.011254
0.012071 0.012111
0.012582 0.012551
0.011099 0.010810
0.011169 0.011073
0.011990 0.011756
0.012187 0.012414
0.010986 0.010992
0.011201 0.011162
0.017320 0.017403
0.013817 0.012439
0.011542 0.011436
0.010946 0.010282
0.010932 0.010110
0.014052 0.013943
0.012138 0.012098
0.010826 0.010278
0.010993 0.010315
0.014032 0.014034
0.012227 0.012245
0.010939 0.010528
0.011039 0.010581
0.014540 0.014366
0.011707 0.011776
0.010182 0.010019
0.010420 0.009900
0.013978 0.013839
0.011315 0.011182
0.009738 0.009585
0.009772 0.009553
0.013129 0.012883
0.011405 0.011161
0.009279 0.009171
0.009441 0.009219
0.011133 0.011076
0.010969 0.011276
0.008363 0.008825
0.005311 0.005699
0.004757 0.004064
0.004682 0.003915
0.008597 0.009326
0.004958 0.004540
0.005452 0.005090
0.007105 0.007410
0.012042 0.013557
0.007533 0.008300
0.015398 0.016728
0.008077 0.008471
0.018075 0.019509
0.008627 0.008424
0.019436 0.019551
0.010369 0.010454
0.010190 0.010481
0.009491 0.009452
0.016739 0.017270
0.010685 0.011013
0.008791 0.009038
0.009405 0.009538
0.016377 0.016703
0.010777 0.010955
0.008864 0.009108
0.009428 0.009467
0.015853 0.016055
0.010786 0.011052
0.008960 0.008899
0.009356 0.009373
0.015612 0.015803
0.010464 0.010895
0.008593 0.008756
0.009457 0.009516
0.014443 0.014627
0.010731 0.011006
0.008627 0.008818
0.008822 0.009028
0.012273 0.012332
0.010657 0.010848
0.008649 0.008608
0.009089 0.009002
0.009490 0.009407
0.009147 0.009293
0.017778 0.017408
0.012675 0.012179
0.010524 0.010826
0.008747 0.008961
0.009162 0.009427
0.012008 0.011838
0.009487 0.009739
0.013153 0.013684
0.011897 0.012648
0.009715 0.010036
0.009797 0.010082
0.012710 0.012638
0.012592 0.013688
0.010432 0.010685
0.010627 0.011245
0.012860 0.012836
0.011500 0.012229
0.011273 0.011972
0.009814 0.009981
0.012666 0.012963
0.011731 0.012526
0.009765 0.009903
0.010095 0.010221
0.009802 0.009756
0.018159 0.018208
0.014764 0.013203
0.012001 0.012185
0.010635 0.010398
0.010840 0.010134
0.014409 0.014543
0.011882 0.012143
0.010996 0.010373
0.011466 0.010752
0.014730 0.014908
0.011856 0.012040
0.011121 0.010634
0.010519 0.010194
0.014514 0.014412
0.011220 0.011436
0.009208 0.009142
0.009085 0.009002
0.014355 0.014782
0.010574 0.011098
0.008843 0.008942
0.008734 0.008715
0.013484 0.013372
0.010545 0.011309
0.008896 0.008903
0.008931 0.008966
0.010769 0.010958
0.011312 0.012003
0.009109 0.009352
0.027492 0.026938
0.020192 0.018593
0.015297 0.015637
0.011722 0.012098
0.011353 0.011715
0.019199 0.019538
0.014149 0.015076
0.010549 0.011666
0.011472 0.011823
0.017896 0.018345
0.013873 0.014639
0.011288 0.011498
0.011956 0.012205
0.018028 0.018402
0.014445 0.014778
0.012255 0.011998
0.011910 0.011920
0.015152 0.015525
0.012115 0.012199
0.011909 0.012040
0.011920 0.012568
0.011100 0.010983
0.012449 0.012305
0.020572 0.020617
0.016602 0.015292
0.013438 0.013631
0.011542 0.011073
0.011953 0.011280
0.016070 0.015732
0.012687 0.012664
0.011511 0.010900
0.011555 0.010926
0.015252 0.015196
0.012590 0.012451
0.011398 0.010517
0.011208 0.010673
0.012807 0.012886
0.011664 0.010788
0.012140 0.011831
0.013071 0.013234
0.011093 0.010998
0.010933 0.010485
0.013963 0.011737
0.011154 0.010769
0.009184 0.009420
0.011584 0.011910
0.008883 0.009319
0.011348 0.011742
0.007906 0.008158
0.011825 0.012884
0.010828 0.010445
0.008718 0.008009
0.008150 0.008135
0.011915 0.012292
0.008286 0.008312
0.009779 0.011259
0.008433 0.008434
0.014679 0.013567
0.014705 0.013940
0.014801 0.014521
0.014728 0.015423
0.015203 0.015335
0.013972 0.013898
0.014480 0.014634
0.013915 0.014396
0.013907 0.013886
0.014690 0.015031
0.012118 0.012428
0.015165 0.015264
0.012991 0.013272
0.014840 0.014635
0.012141 0.012522
0.015287 0.015195
0.012081 0.012501
0.014857 0.014770
0.012511 0.012928
0.015740 0.015294
0.012280 0.012425
0.015500 0.015053
0.012302 0.012485
0.016334 0.016278
0.015957 0.016203
0.012968 0.013129
0.012831 0.013024
0.018047 0.018055
0.015369 0.015158
0.012726 0.012781
0.011888 0.011078
0.017528 0.017692
0.016637 0.016333
0.012759 0.012812
0.016891 0.016187
0.012411 0.012365
0.017821 0.017313
0.012346 0.012381
0.016092 0.015662
0.012715 0.011971
0.015218 0.015231
0.015719 0.015651
0.013530 0.014414
0.014372 0.014488
0.011956 0.012567
0.013881 0.014291
0.013691 0.014612
0.012430 0.012937
0.012510 0.013056
0.016674 0.016240
0.011139 0.010837
0.015496 0.015175
0.012575 0.013015
0.014160 0.014755
0.017628 0.018097
0.007998 0.013904
0.015130 0.015419
0.012065 0.011756
0.011955 0.011719
0.010495 0.010026
0.013579 0.013477
0.013290 0.013221
0.016781 0.016961
0.013703 0.014286
0.012351 0.012877
0.016048 0.016630
0.013323 0.013825
0.013632 0.013982
0.011950 0.012485
0.013428 0.012998
0.011454 0.009712
0.012158 0.012042
0.014703 0.014761
0.011199 0.011417
0.010712 0.010934
0.014920 0.015730
0.012578 0.012825
0.010960 0.010845
0.010643 0.010403
0.013345 0.013951
0.011838 0.011967
0.009617 0.009504
0.010393 0.009625
0.012657 0.012378
0.010423 0.008976
0.010510 0.008911
0.010301 0.009366
0.013499 0.013319
0.010668 0.011108
0.009857 0.009638
0.009661 0.008942
0.013799 0.013919
0.010910 0.011985
0.009351 0.009347
0.010013 0.009862
0.013684 0.014024
0.011054 0.012166
0.010025 0.010105
0.010198 0.010164
0.013148 0.013199
0.010855 0.011529
0.009964 0.009922
0.009437 0.009190
0.011899 0.011834
0.011403 0.011853
0.009582 0.009557
0.009553 0.009219
0.014163 0.014027
0.012543 0.013041
0.012121 0.012704
0.013365 0.014111
0.012453 0.012839
0.013957 0.014827
0.013512 0.013734
0.013910 0.014310
0.012358 0.012687
0.013175 0.013582
0.012494 0.012895
0.011977 0.012326
0.010211 0.011066
0.013432 0.013934
0.010843 0.011529
0.014460 0.014723
0.014718 0.015176
0.012527 0.013117
0.015465 0.015824
0.014103 0.014688
0.013035 0.013648
0.014135 0.014752
0.013159 0.013792
0.014115 0.014524
0.013599 0.014312
0.017089 0.016325
0.015465 0.015124
0.014895 0.015269
0.013353 0.013295
0.017434 0.017944
0.014501 0.015031
0.015529 0.015041
0.010934 0.010491
0.011604 0.011106
0.009748 0.009253
0.011714 0.011515
0.011056 0.010622
0.011567 0.011570
0.011487 0.012091
0.012032 0.013099
0.011103 0.011682
0.014100 0.013434
0.013031 0.012608
0.011149 0.011530
0.009501 0.009413
0.010077 0.009857
0.013211 0.013740
0.011513 0.012074
0.010036 0.009604
0.010007 0.009567
0.013465 0.013728
0.011563 0.011669
0.009387 0.009167
0.010092 0.009713
0.013285 0.013273
0.011322 0.011402
0.010082 0.009918
0.009967 0.009795
0.013060 0.013290
0.011643 0.012214
0.010530 0.010945
0.010680 0.010974
0.012506 0.012316
0.011214 0.011343
0.009890 0.009912
0.009778 0.009435
0.011820 0.011830
0.009250 0.009189
0.005445 0.005168
0.009821 0.009778
0.008973 0.008704
0.005098 0.003961
0.006406 0.005973
0.005414 0.004177
0.005983 0.005151
0.005182 0.004003
0.008326 0.007889
0.009455 0.009251
0.011188 0.010606
0.013937 0.013642
0.009719 0.010211
0.016832 0.016005
0.013759 0.013206
0.013446 0.013574
0.011403 0.011052
0.012788 0.011981
0.018001 0.016498
0.013993 0.012361
0.013033 0.013140
0.010883 0.010767
0.017209 0.016120
0.014174 0.013706
0.013658 0.013737
0.011173 0.011236
0.011343 0.010834
0.013873 0.014200
0.013578 0.013508
0.011023 0.011160
0.011730 0.011434
0.013545 0.013272
0.013067 0.013099
0.011274 0.011220
0.011445 0.011096
0.012479 0.012682
0.012392 0.012800
0.011080 0.010813
0.011327 0.011250
0.012245 0.012874
0.012028 0.012728
0.010629 0.011086
0.011202 0.011182
0.012143 0.012370
0.011243 0.011284
0.012322 0.011936
0.011316 0.011503
0.013004 0.012618
0.009977 0.009779
0.012743 0.013229
0.011046 0.011495
0.012646 0.013243
0.011303 0.011532
0.012656 0.013657
0.010431 0.010846
0.013079 0.014073
0.009998 0.010575
0.013740 0.014758
0.012476 0.013093
0.009598 0.009969
0.010028 0.010411
0.013499 0.014697
0.011842 0.012750
0.009485 0.010039
0.009860 0.010039
0.012616 0.012248
0.011771 0.011686
0.010117 0.009905
0.012046 0.010541
0.014949 0.014351
0.013001 0.012307
0.012198 0.012199
0.012094 0.011753
0.012349 0.011539
0.013591 0.012988
0.012364 0.012099
0.011622 0.012148
0.011987 0.012307
0.011832 0.011815
0.012830 0.012589
0.010469 0.010048
0.013272 0.012403
0.012372 0.012594
0.010684 0.010578
0.011053 0.011127
0.012802 0.012669
0.011873 0.012482
0.011057 0.011068
0.010911 0.010717
0.011982 0.012196
0.011731 0.012167
0.010805 0.010655
0.011262 0.011208
0.011285 0.011355
0.011378 0.011647
0.010253 0.010256
0.014343 0.014362
0.012155 0.012176
0.013432 0.013456
0.011752 0.011695
0.013027 0.013062
0.012072 0.012055
0.013778 0.014056
0.012578 0.012667
0.015629 0.015849
0.012018 0.012069
0.015621 0.016134
0.019239 0.018039
0.022644 0.020652
0.020881 0.019199
0.016000 0.015695
0.016143 0.016138
0.020339 0.020415
0.018517 0.017979
0.015515 0.015514
0.014892 0.014646
0.017013 0.017731
0.017950 0.018017
0.015057 0.014967
0.015027 0.014812
0.012138 0.011995
0.011314 0.010878
0.012934 0.012812
0.011112 0.010742
0.011396 0.010786
0.014276 0.014765
0.014067 0.014324
0.013905 0.014318
0.012802 0.012609
0.015275 0.015239
0.014252 0.014798
0.012495 0.012693
0.011951 0.012085
0.015027 0.015105
0.013117 0.013283
0.013118 0.013394
0.013109 0.013351
0.012702 0.012704
0.011410 0.014658
0.012050 0.012108
0.012107 0.012428
0.015584 0.015730
0.013744 0.013994
0.011670 0.011696
0.010929 0.010682
0.013850 0.013461
0.013657 0.013958
0.011423 0.011632
0.014396 0.015044
0.013443 0.012288
0.011965 0.011883
0.010432 0.010594
0.010834 0.010931
0.014169 0.013978
0.012002 0.011853
0.010732 0.010689
0.010415 0.010083
0.013764 0.013749
0.011595 0.011412
0.009545 0.009206
0.010085 0.009825
0.013291 0.013417
0.011849 0.011736
0.009787 0.009354
0.010361 0.010278
0.013460 0.013379
0.011921 0.011638
0.010112 0.010142
0.009888 0.009627
0.012617 0.012386
0.009722 0.009487
0.005399 0.005280
0.004749 0.003768
0.010196 0.008930
0.011012 0.009710
0.005767 0.005092
0.005722 0.005965
0.005560 0.005257
0.009210 0.009055
0.006797 0.007316
0.013537 0.014040
0.006526 0.007212
0.015017 0.015180
0.006740 0.007156
0.017968 0.017268
0.010711 0.010442
0.007720 0.008195
0.007747 0.007930
0.016723 0.016236
0.008452 0.008956
0.007070 0.007528
0.007617 0.007911
0.016094 0.016404
0.009181 0.010042
0.006964 0.007409
0.007764 0.008138
0.016090 0.016218
0.010256 0.010489
0.006962 0.007229
0.008093 0.008190
0.015664 0.015979
0.009895 0.010460
0.007187 0.007447
0.007721 0.007821
0.015424 0.015316
0.010164 0.010572
0.007524 0.007707
0.007433 0.007529
0.014642 0.014861
0.009775 0.010382
0.007253 0.007440
0.007359 0.007482
0.010447 0.011144
0.009222 0.009696
0.007141 0.007334
0.008124 0.008234
0.015455 0.015181
0.008210 0.006901
0.007142 0.006979
0.013748 0.013959
0.010038 0.010648
0.007961 0.008076
0.007998 0.007957
0.013734 0.014496
0.010104 0.011053
0.008623 0.008957
0.008785 0.008956
0.013640 0.014150
0.009838 0.010204
0.007730 0.007870
0.007831 0.007848
0.013166 0.013803
0.009881 0.010402
0.008109 0.008146
0.008026 0.007990
0.012141 0.011147
0.009840 0.009458
0.009326 0.009334
0.008419 0.008745
0.008578 0.007895
0.013011 0.012941
0.009911 0.009936
0.009556 0.009858
0.013457 0.014523
0.011642 0.012444
0.009464 0.009324
0.009587 0.009285
0.013992 0.015081
0.011390 0.011982
0.009372 0.009310
0.009219 0.008998
0.014483 0.014826
0.010581 0.010866
0.009105 0.009058
0.008672 0.008573
0.014100 0.014294
0.011067 0.011217
0.008529 0.008444
0.008695 0.008582
0.013942 0.013515
0.010613 0.010820
0.008388 0.008398
0.008690 0.008605
0.013797 0.013899
0.010848 0.011064
0.008114 0.008069
0.008365 0.008404
0.013358 0.013545
0.010926 0.011166
0.008403 0.008270
0.008722 0.008743
0.010762 0.011170
0.009560 0.010111
0.008748 0.009108
0.008829 0.009166
0.009007 0.009021
0.022237 0.022196
0.015276 0.013849
0.010615 0.010794
0.007108 0.007631
0.007561 0.007723
0.015636 0.015912
0.010369 0.011124
0.007941 0.008111
0.007955 0.008106
0.014196 0.014467
0.007725 0.008008
0.014599 0.014986
0.010331 0.010416
0.007802 0.007944
0.007831 0.007843
0.013869 0.014162
0.007868 0.008074
0.014736 0.015247
0.009960 0.010074
0.007906 0.007958
0.007802 0.007802
0.013951 0.014230
0.009895 0.010103
0.007801 0.007770
0.007756 0.007911
0.013436 0.013436
0.008177 0.008276
0.012640 0.013008
0.009687 0.009700
0.007717 0.007731
0.007592 0.007620
0.009825 0.010450
0.007902 0.008049
0.021209 0.020265
0.014991 0.013455
0.012087 0.012039
0.008764 0.008905
0.008759 0.008624
0.014612 0.014589
0.011318 0.011540
0.008310 0.008252
0.008359 0.008257
0.014035 0.014195
0.011079 0.011503
0.008400 0.008391
0.008246 0.008118
0.013862 0.014041
0.010744 0.011057
0.008264 0.008097
0.008384 0.008283
0.013870 0.014106
0.011219 0.011351
0.008490 0.008345
0.008649 0.008498
0.013775 0.013795
0.011229 0.011363
0.008300 0.008185
0.008475 0.008346
0.013747 0.013894
0.011002 0.011159
0.008682 0.008532
0.008644 0.008524
0.013947 0.013942
0.010775 0.010750
0.008164 0.008121
0.007999 0.007826
0.013868 0.013870
0.011098 0.011281
0.008084 0.007905
0.008252 0.008147
0.013783 0.013784
0.011105 0.011361
0.008507 0.008517
0.008030 0.007907
0.013772 0.013755
0.011135 0.011323
0.008329 0.008151
0.008705 0.008514
0.013615 0.013688
0.011279 0.011263
0.008399 0.008361
0.008741 0.008609
0.013250 0.013170
0.011028 0.011017
0.007927 0.007859
0.008605 0.008430
0.009053 0.006742
0.010056 0.010044
0.008491 0.008025
0.008242 0.008133
0.008189 0.008265
0.007304 0.007927
0.008392 0.007600
0.007512 0.007640
0.006640 0.006752
0.006890 0.007498
0.006249 0.007537
0.006473 0.007787
0.006192 0.006884
0.006095 0.006618
0.006164 0.006706
0.006415 0.006680
0.006181 0.006630
0.006328 0.006183
0.006201 0.006476
0.006279 0.006432
0.006397 0.006022
0.006300 0.006544
0.006873 0.006602
0.006841 0.006524
0.006083 0.005666
0.006151 0.005749
0.006376 0.006242
0.006464 0.006126
0.006034 0.005524
0.006070 0.005739
0.006816 0.006260
0.025616 0.023415
0.011050 0.009844
0.007332 0.007523
0.012676 0.011866
0.009627 0.009926
0.006541 0.006661
0.007008 0.007375
0.011392 0.011098
0.010281 0.010999
0.009262 0.009785
0.009524 0.009426
0.010030 0.009871
0.008691 0.008055
0.018258 0.017750
0.013893 0.013180
0.011032 0.011578
0.009132 0.009721
0.009283 0.009407
0.014484 0.015354
0.011458 0.012376
0.008501 0.008756
0.009287 0.009292
0.014131 0.014897
0.011503 0.011971
0.009612 0.009575
0.009932 0.009537
0.014633 0.015048
0.011727 0.011887
0.010162 0.009992
0.010418 0.010368
0.014442 0.014529
0.011650 0.011887
0.008604 0.008679
0.009923 0.009815
0.014788 0.014727
0.012688 0.013013
0.010648 0.010295
0.010593 0.010352
0.014126 0.014263
0.012704 0.012693
0.010517 0.010180
0.010770 0.010501
0.008305 0.006892
0.011636 0.011239
0.009728 0.009548
0.009057 0.008433
0.008048 0.008191
0.008337 0.007979
0.007547 0.007613
0.007422 0.007623
0.006828 0.006697
0.006916 0.007420
0.006574 0.007079
0.006970 0.007102
0.006168 0.006535
0.006480 0.006583
0.006132 0.006642
0.006032 0.006512
0.006090 0.006504
0.006199 0.006629
0.006663 0.006962
0.006967 0.006674
0.006190 0.006600
0.006056 0.006287
0.006287 0.006679
0.007065 0.006952
0.006494 0.006422
0.006908 0.007052
0.006335 0.006658
0.006281 0.006410
0.006333 0.006005
0.011544 0.010056
0.011674 0.010834
0.011489 0.011068
0.013346 0.012171
0.013354 0.012804
0.011400 0.011342
0.010701 0.010237
0.012732 0.012320
0.012862 0.012590
0.010707 0.010335
0.010830 0.010536
0.011962 0.011874
0.012928 0.012990
0.010738 0.010428
0.010978 0.010718
0.011887 0.011930
0.012740 0.012738
0.010536 0.010417
0.010583 0.010354
0.011418 0.011499
0.012651 0.012834
0.010349 0.010086
0.010917 0.010769
0.015232 0.014843
0.009316 0.008503
0.010154 0.009743
0.015340 0.015253
0.013015 0.013003
0.010625 0.010462
0.011139 0.011174
0.014222 0.013943
0.011586 0.011743
0.015331 0.015381
0.014285 0.014418
0.011664 0.011902
0.012129 0.012182
0.014365 0.014310
0.014250 0.014535
0.011959 0.012101
0.012103 0.012185
0.013573 0.013230
0.011748 0.011654
0.007875 0.007235
0.012312 0.011515
0.011554 0.011337
0.008426 0.008249
0.007646 0.008053
0.007192 0.007542
0.007668 0.007771
0.006328 0.006909
0.006804 0.007084
0.006858 0.007590
0.007023 0.007778
0.006532 0.006729
0.006447 0.006547
0.006831 0.006618
0.006582 0.006354
0.006186 0.005691
0.006222 0.005701
0.007064 0.006783
0.006892 0.006686
0.006533 0.006454
0.006413 0.005936
0.006296 0.006292
0.006597 0.006576
0.006340 0.005904
0.006675 0.006569
0.006618 0.006532
0.006567 0.006449
0.006084 0.005554
0.006500 0.006052
0.028698 0.030634
0.020639 0.018338
0.013936 0.013638
0.011640 0.010985
0.011870 0.011390
0.019849 0.019380
0.013469 0.013223
0.011121 0.010505
0.011982 0.011497
0.017501 0.018541
0.013536 0.013312
0.012211 0.011811
0.011585 0.011349
0.017502 0.016438
0.013766 0.013481
0.011987 0.011301
0.011610 0.011477
0.013215 0.011565
0.013602 0.012813
0.011828 0.011472
0.012132 0.011737
0.018257 0.017822
0.015038 0.013672
0.011710 0.011557
0.011182 0.010999
0.010834 0.010807
0.014768 0.014213
0.011823 0.011801
0.010889 0.010772
0.010734 0.010505
0.014323 0.013924
0.011764 0.011487
0.010913 0.010581
0.010398 0.010354
0.013155 0.012842
0.011361 0.011312
0.010380 0.010166
0.010427 0.010503
0.011344 0.011305
0.012451 0.012647
0.010924 0.010565
0.011228 0.010842
0.014795 0.013997
0.013980 0.013501
0.012735 0.013052
0.011188 0.011590
0.011261 0.011599
0.013983 0.014526
0.012901 0.013454
0.010281 0.010720
0.010941 0.011266
0.012185 0.012471
0.012768 0.013371
0.011090 0.011417
0.011498 0.011937
0.010833 0.011179
0.010124 0.010092
0.009508 0.009643
0.010369 0.010597
0.010236 0.010625
0.010927 0.010528
0.011395 0.012456
0.011173 0.011085
0.011415 0.011776
0.011552 0.012474
0.012380 0.012671
0.012265 0.013385
0.011102 0.011757
0.010902 0.011341
0.012992 0.013291
0.011979 0.012887
0.010824 0.011163
0.010812 0.011108
0.013412 0.013494
0.011929 0.012532
0.010436 0.010755
0.010086 0.009934
0.012976 0.013261
0.012198 0.013011
0.010283 0.010318
0.010756 0.010814
0.010584 0.010414
0.011916 0.011719
0.010630 0.010526
0.008516 0.007719
0.011982 0.011933
0.009228 0.009211
0.010239 0.009558
0.012401 0.013707
0.011447 0.011295
0.009255 0.008776
0.009116 0.008715
0.012393 0.013229
0.011259 0.011086
0.008809 0.008400
0.009461 0.009092
0.011541 0.012414
0.011035 0.011765
0.008959 0.008682
0.009082 0.008739
0.012508 0.012791
0.011565 0.011696
0.008786 0.009012
0.012587 0.013205
0.011340 0.011716
0.008902 0.008993
0.009460 0.009489
0.012072 0.013152
0.011613 0.012494
0.009796 0.009849
0.010384 0.010731
0.011948 0.012595
0.010985 0.011266
0.011958 0.012448
0.010750 0.011021
0.012132 0.012373
0.012444 0.013311
0.010700 0.011165
0.010703 0.010887
0.011016 0.011374
0.010320 0.010590
0.010845 0.011246
0.009971 0.010311
0.011266 0.012058
0.010947 0.011631
0.011564 0.012323
0.010773 0.011566
0.011936 0.012864
0.010890 0.011339
0.013208 0.014101
0.012006 0.013052
0.010354 0.010713
0.009624 0.009670
0.012898 0.013722
0.011188 0.011858
0.008979 0.008800
0.009222 0.009033
0.012163 0.012740
0.009452 0.009488
0.012810 0.013210
0.012157 0.012787
0.009663 0.009418
0.010113 0.010108
0.015901 0.012672
0.011304 0.010910
0.010069 0.009907
0.011486 0.009717
0.016357 0.014104
0.011085 0.010347
0.012110 0.011556
0.015112 0.014284
0.013491 0.013231
0.011077 0.010534
0.011721 0.011315
0.014302 0.013681
0.012713 0.011809
0.011421 0.010908
0.011017 0.010129
0.014628 0.014339
0.013999 0.014613
0.012283 0.012679
0.011942 0.012225
0.014777 0.014769
0.013964 0.014946
0.012180 0.012421
0.011990 0.012416
0.014399 0.014571
0.013990 0.014739
0.012115 0.012402
0.012046 0.012250
0.014876 0.014626
0.010812 0.010072
0.012633 0.012131
0.013049 0.014130
0.012955 0.013766
0.012862 0.013874
0.012056 0.012182
0.013626 0.013894
0.013550 0.014145
0.012603 0.013353
0.012051 0.012347
0.013495 0.013440
0.014941 0.015879
0.012334 0.013179
0.012906 0.013751
0.012403 0.013177
0.013623 0.014302
0.017902 0.017274
0.010496 0.009053
0.010911 0.010760
0.016493 0.016394
0.013490 0.013614
0.012210 0.011787
0.012455 0.012492
0.016716 0.016537
0.014477 0.014491
0.012515 0.012542
0.012592 0.012660
0.016938 0.016567
0.014505 0.014554
0.012456 0.012254
0.012630 0.012512
0.017064 0.016393
0.013359 0.013257
0.012054 0.012259
0.011844 0.011611
0.015930 0.016154
0.013907 0.014001
0.012331 0.012146
0.012315 0.011777
0.014348 0.014558
0.014046 0.014070
0.011866 0.011670
0.012050 0.012056
0.011766 0.011380
0.032446 0.028970
0.018374 0.016546
0.010808 0.011675
0.021872 0.019691
0.009583 0.010155
0.019912 0.018487
0.014358 0.014489
0.011862 0.012107
0.010619 0.011186
0.016310 0.015518
0.012233 0.011431
0.014667 0.015751
0.013198 0.014346
0.010912 0.011764
0.011857 0.011077
0.011991 0.011306
0.012014 0.011866
0.016607 0.012673
0.012609 0.011993
0.011577 0.010957
0.011594 0.009641
0.010892 0.009198
0.012621 0.012692
0.011568 0.010976
0.009714 0.009229
0.010333 0.009106
0.012794 0.012858
0.010097 0.009921
0.008939 0.009067
0.008925 0.008531
0.012546 0.012927
0.010464 0.010304
0.009065 0.009244
0.009216 0.009288
0.012547 0.012143
0.010260 0.010012
0.008944 0.008907
0.008818 0.008619
0.012103 0.012637
0.010615 0.010515
0.008758 0.008500
0.008732 0.008416
0.008950 0.008857
0.037862 0.037931
0.016549 0.016673
0.008272 0.007711
0.020191 0.021393
0.013667 0.014332
0.010314 0.010681
0.010251 0.011245
0.020746 0.022726
0.014030 0.014783
0.010285 0.011059
0.008499 0.008750
0.020380 0.022004
0.014238 0.014698
0.009708 0.010147
0.009140 0.009583
0.019622 0.020730
0.014139 0.014441
0.010817 0.010236
0.010567 0.010461
0.019147 0.019258
0.014462 0.015009
0.009574 0.009159
0.010012 0.010001
0.015751 0.015100
0.010842 0.010639
0.012103 0.012046
0.013782 0.012984
0.011447 0.010921
0.014253 0.012892
0.015795 0.015628
0.015120 0.014884
0.014358 0.014125
0.014675 0.014616
0.014242 0.013648
0.016308 0.016060
0.014953 0.014582
0.013935 0.013606
0.014228 0.014255
0.015583 0.015408
0.014587 0.014768
0.014896 0.014931
0.014727 0.014916
0.014207 0.013872
0.015525 0.015128
0.015887 0.016187
0.014539 0.014288
0.014628 0.014277
0.015437 0.015306
0.014971 0.014698
0.013549 0.013074
0.014190 0.013978
0.014293 0.014240
0.015125 0.014819
0.013870 0.013934
0.014197 0.014109
0.012899 0.013030
0.013560 0.012960
0.014048 0.013911
0.013021 0.013199
0.012456 0.012701
0.016847 0.017413
0.012685 0.012788
0.016142 0.016529
0.013092 0.013377
0.017043 0.017295
0.012196 0.012192
0.016111 0.016390
0.013155 0.013626
0.013250 0.013854
0.015821 0.015833
0.009780 0.009558
0.012145 0.012153
0.010984 0.011392
0.012398 0.012645
0.010942 0.011346
0.008051 0.011527
0.011042 0.011246
0.012719 0.012845
0.010299 0.010547
0.011914 0.011960
0.010643 0.010774
0.011976 0.011830
0.010264 0.010618
0.012103 0.012383
0.010385 0.010594
0.012963 0.012853
0.011902 0.012120
0.011702 0.011936
0.015320 0.015804
0.011992 0.011942
0.014309 0.014752
0.011677 0.011867
0.014944 0.015085
0.013422 0.012888
0.012460 0.012472
0.013058 0.013328
0.012593 0.012744
0.014810 0.014873
0.011424 0.011393
0.010925 0.011320
0.012530 0.012671
0.011527 0.012017
0.011013 0.011410
0.012542 0.013271
0.011569 0.011726
0.011291 0.011652
0.011766 0.012091
0.010835 0.011256
0.011313 0.011386
0.010757 0.010937
0.011030 0.011189
0.015590 0.014699
0.018352 0.016256
0.018961 0.018971
0.017924 0.018260
0.012016 0.011493
0.025665 0.025188
0.020333 0.020637
0.019181 0.019303
0.013173 0.013074
0.011212 0.011374
0.013439 0.013704
0.012623 0.012774
0.014337 0.014282
0.012613 0.012779
0.012086 0.012309
0.015612 0.015540
0.012686 0.013053
0.012744 0.013072
0.012507 0.012553
0.012245 0.012733
0.011260 0.011543
0.013289 0.013482
0.012125 0.011978
0.013678 0.012867
0.016031 0.015874
0.014458 0.014064
0.012467 0.012171
0.012715 0.012427
0.016230 0.016552
0.012566 0.013065
0.012227 0.012454
0.013111 0.011548
0.012540 0.011873
0.012787 0.011656
0.014160 0.014824
0.012853 0.013308
0.011232 0.010148
0.011936 0.011119
0.014456 0.015086
0.013269 0.014138
0.011349 0.011626
0.012655 0.012183
0.014920 0.015990
0.013764 0.014973
0.012476 0.012172
0.012728 0.012582
0.015224 0.016281
0.014335 0.015705
0.012383 0.012137
0.012851 0.012713
0.015544 0.016717
0.014469 0.015844
0.012976 0.012914
0.013226 0.012879
0.015627 0.016833
0.014725 0.015813
0.013132 0.013434
0.013436 0.013240
0.015512 0.016843
0.014793 0.015960
0.012428 0.012206
0.013370 0.013437
0.015609 0.016821
0.014874 0.015957
0.013133 0.013099
0.013372 0.013144
0.015854 0.016502
0.014572 0.015706
0.013030 0.012786
0.012586 0.012281
0.015729 0.016461
0.014216 0.015248
0.012718 0.012332
0.012827 0.012580
0.015821 0.016579
0.014474 0.015410
0.012660 0.012179
0.012842 0.012422
0.015857 0.016760
0.014378 0.015203
0.012739 0.012108
0.012152 0.011073
0.015867 0.016642
0.014219 0.015284
0.012573 0.011898
0.012653 0.012059
0.015635 0.016180
0.014232 0.014975
0.012549 0.011961
0.012454 0.012023
0.015408 0.015754
0.014212 0.015134
0.012844 0.012868
0.012309 0.011911
0.015761 0.016178
0.014363 0.015317
0.012690 0.011919
0.012680 0.012069
0.016241 0.016487
0.014142 0.015099
0.012582 0.011903
0.012503 0.011971
0.015763 0.016456
0.014268 0.014969
0.012396 0.011460
0.012515 0.011905
0.015720 0.015723
0.014264 0.014822
0.012555 0.011877
0.012446 0.011802
0.014885 0.015086
0.014189 0.014850
0.012344 0.011613
0.012204 0.011481
0.007738 0.005692
0.007408 0.003921
0.012408 0.010231
0.007349 0.003972
0.007603 0.005789
0.007751 0.005731
0.008232 0.005224
0.007578 0.005401
0.006627 0.006335
0.005756 0.004521
0.006820 0.006318
0.005677 0.005329
0.008911 0.007869
0.009624 0.007078
0.005640 0.005325
0.005778 0.005505
0.009082 0.007953
0.006659 0.006114
0.005781 0.005530
0.007183 0.006280
0.008386 0.008212
0.006336 0.006480
0.005497 0.005301
0.005556 0.005585
0.006411 0.005952
0.009068 0.009730
0.005665 0.005956
0.007582 0.007696
0.006398 0.007167
0.005848 0.006429
0.005786 0.006342
0.005955 0.006219
0.007646 0.007084
0.007370 0.006834
0.005935 0.006376
0.005924 0.005911
0.006051 0.006536
0.006190 0.006482
0.006021 0.006017
0.005980 0.006441
0.007737 0.007552
0.006465 0.006353
0.005965 0.006438
0.005982 0.006069
0.006049 0.006476
0.007074 0.007252
0.006144 0.006273
0.006010 0.006397
0.006727 0.006523
0.007290 0.006816
0.006013 0.006398
0.006027 0.006418
0.006650 0.006960
0.007173 0.007223
0.007387 0.006577
0.007555 0.006779
0.005894 0.006348
0.006006 0.006435
0.006086 0.006513
0.006046 0.006486
0.006837 0.006425
0.007012 0.007316
0.006164 0.006428
0.007143 0.006528
0.006164 0.006511
0.005948 0.006398
0.007130 0.007257
0.008612 0.008166
0.008183 0.007581
0.010254 0.009848
0.006990 0.006644
0.004584 0.006199
0.005682 0.005361
0.006012 0.005886
0.007456 0.007137
0.006253 0.006141
0.005678 0.005544
0.005614 0.005350
0.007548 0.007201
0.007154 0.006708
0.005802 0.005526
0.005690 0.005481
0.007431 0.007152
0.007324 0.007007
0.005694 0.005605
0.005595 0.005491
0.008081 0.007319
0.007991 0.007093
0.005764 0.005956
0.005870 0.005914
0.007961 0.007562
0.007363 0.006911
0.005608 0.005520
0.005583 0.005452
0.007272 0.007032
0.006566 0.006492
0.005697 0.005434
0.005623 0.005448
0.007762 0.007131
0.007067 0.006861
0.005591 0.005417
0.006420 0.006085
0.006883 0.006482
0.006218 0.007087
0.006779 0.006947
0.005990 0.006489
0.006420 0.006703
0.005073 0.005042
0.005310 0.005068
0.005244 0.005345
0.005299 0.005420
0.005431 0.005725
0.005455 0.005759
