0.018522 0.018522
0.042057 0.023535
0.062039 0.019982
0.082061 0.020021
0.102072 0.020011
0.122032 0.019960
0.142038 0.020007
0.162125 0.020086
0.182038 0.019914
0.202076 0.020038
0.222038 0.019962
0.242030 0.019992
0.262113 0.020083
0.282031 0.019918
0.302029 0.019998
0.322077 0.020048
0.342034 0.019956
0.362036 0.020002
0.382011 0.019976
0.402073 0.020062
0.422036 0.019963
0.442005 0.019969
0.462048 0.020043
0.482043 0.019995
0.502071 0.020028
0.522075 0.020004
0.542014 0.019939
0.562011 0.019997
0.582008 0.019997
0.602049 0.020041
0.622054 0.020006
0.642049 0.019994
0.661999 0.019950
0.681999 0.020000
0.702051 0.020052
0.721997 0.019946
0.742045 0.020048
0.761998 0.019954
0.782046 0.020048
0.801996 0.019950
0.821998 0.020002
0.841999 0.020001
0.869274 0.027275
0.882046 0.012773
0.901996 0.019950
0.922006 0.020010
0.942055 0.020049
0.962058 0.020003
0.982049 0.019991
1.002047 0.019998
1.022050 0.020003
1.042048 0.019998
1.061995 0.019947
1.082046 0.020051
1.101997 0.019951
1.122054 0.020057
1.142002 0.019948
1.162045 0.020043
1.181997 0.019952
1.201997 0.020000
1.221997 0.020000
1.242048 0.020051
1.262045 0.019997
1.282000 0.019955
1.301996 0.019996
1.321998 0.020002
1.347625 0.025627
1.362052 0.014428
1.382047 0.019995
1.402047 0.020000
1.422002 0.019955
1.442047 0.020046
1.462050 0.020002
1.486949 0.024899
1.502912 0.015963
1.522010 0.019098
1.542056 0.020046
1.562058 0.020003
1.582002 0.019944
1.601999 0.019996
1.622046 0.020048
1.642046 0.020000
1.662045 0.019999
1.681996 0.019951
1.701999 0.020004
1.722006 0.020006
1.785138 0.063132
1.803224 0.018086
1.825694 0.022470
1.841995 0.016301
1.861995 0.020000
1.882047 0.020052
1.902046 0.019999
1.923680 0.021633
1.942058 0.018378
1.962050 0.019992
1.981996 0.019947
2.001999 0.020002
2.022000 0.020002
2.042047 0.020046
2.062048 0.020001
2.081998 0.019950
2.101996 0.019998
2.122051 0.020055
2.141995 0.019945
2.162048 0.020053
2.182048 0.020000
2.202046 0.019997
2.222050 0.020004
2.246273 0.024222
2.263154 0.016881
2.284382 0.021229
2.304446 0.020064
2.322052 0.017606
2.341997 0.019945
2.362054 0.020056
2.381997 0.019943
2.403515 0.021519
2.426087 0.022572
2.442954 0.016867
2.463280 0.020326
2.481999 0.018719
2.502046 0.020047
2.524511 0.022465
2.542005 0.017494
2.563909 0.021904
2.582057 0.018148
2.601998 0.019941
2.621999 0.020000
2.645680 0.023681
2.661999 0.016319
2.682046 0.020047
2.701999 0.019953
2.722051 0.020052
2.742054 0.020002
2.762046 0.019992
2.781996 0.019950
2.802047 0.020051
2.822001 0.019953
2.841996 0.019995
2.862051 0.020055
2.882047 0.019996
2.909237 0.027190
2.925913 0.016676
2.942051 0.016138
2.962047 0.019996
2.982001 0.019954
3.001996 0.019996
3.022259 0.020262
3.042052 0.019793
3.062000 0.019948
3.081996 0.019996
3.102000 0.020004
3.121997 0.019997
3.143251 0.021254
3.162045 0.018794
3.182009 0.019964
3.202001 0.019992
3.222295 0.020294
3.245791 0.023496
3.265522 0.019731
3.282002 0.016480
3.301996 0.019994
3.321997 0.020001
3.342046 0.020049
3.362003 0.019957
3.382052 0.020050
3.402045 0.019993
3.422048 0.020003
3.443560 0.021512
3.462004 0.018444
3.481997 0.019993
3.502005 0.020008
3.522048 0.020043
3.542046 0.019998
3.562001 0.019954
3.581997 0.019997
3.601996 0.019999
3.622367 0.020371
3.642051 0.019683
3.662047 0.019996
3.682003 0.019956
3.702046 0.020043
3.721996 0.019950
3.742000 0.020004
3.764136 0.022136
3.782108 0.017972
3.802046 0.019938
3.821999 0.019953
3.841998 0.019999
3.862047 0.020049
3.881997 0.019949
3.902045 0.020049
3.922050 0.020005
3.941996 0.019946
3.962045 0.020049
3.982023 0.019978
4.002002 0.019978
4.021998 0.019997
4.042045 0.020047
4.062055 0.020010
4.084735 0.022680
4.102969 0.018234
4.122046 0.019077
4.141997 0.019951
4.162050 0.020053
4.181998 0.019948
4.201997 0.020000
4.221996 0.019998
4.242002 0.020006
4.261997 0.019995
4.282045 0.020049
4.302048 0.020003
4.323162 0.021114
4.342010 0.018848
4.361997 0.019987
4.381996 0.019999
4.402047 0.020052
4.422048 0.020000
4.442046 0.019998
4.462173 0.020127
4.481997 0.019825
4.502003 0.020006
4.521996 0.019993
4.541996 0.019999
4.564603 0.022607
4.589921 0.025318
4.609427 0.019507
4.621998 0.012571
4.642046 0.020048
4.662000 0.019953
4.681997 0.019997
4.702005 0.020008
4.725628 0.023623
4.742499 0.016871
4.762053 0.019554
4.781998 0.019945
4.802422 0.020423
4.821996 0.019575
4.844253 0.022257
4.862012 0.017759
4.882010 0.019998
4.901998 0.019988
4.922045 0.020047
4.942046 0.020001
4.970440 0.028394
4.982199 0.011759
5.001999 0.019799
5.021996 0.019997
5.042046 0.020050
5.062047 0.020001
5.082048 0.020001
5.101996 0.019949
5.122324 0.020328
5.141997 0.019673
5.162002 0.020005
5.182948 0.020946
5.203224 0.020275
5.222053 0.018830
5.242046 0.019993
5.261996 0.019950
5.282048 0.020052
5.302050 0.020002
5.322046 0.019997
5.342002 0.019956
5.362044 0.020042
5.382045 0.020001
5.402005 0.019959
5.431697 0.029693
5.446253 0.014556
5.462001 0.015748
5.482054 0.020053
5.501998 0.019945
5.522046 0.020047
5.542047 0.020001
5.561998 0.019951
5.582051 0.020053
5.602001 0.019951
5.622049 0.020047
5.643530 0.021482
5.662006 0.018475
5.682049 0.020043
5.702048 0.019999
5.722001 0.019953
5.741995 0.019995
5.762001 0.020006
5.783930 0.021929
5.804621 0.020692
5.821998 0.017377
5.843434 0.021435
5.862046 0.018612
5.881999 0.019953
5.902045 0.020046
5.922000 0.019954
5.941995 0.019996
5.962051 0.020056
5.987447 0.025396
6.002048 0.014601
6.022047 0.019999
6.041996 0.019950
6.062051 0.020054
6.082046 0.019995
6.102002 0.019956
6.122477 0.020475
6.142057 0.019580
6.162008 0.019951
6.182050 0.020042
6.202400 0.020350
6.222053 0.019653
6.242045 0.019992
6.262047 0.020002
6.281996 0.019949
6.302044 0.020048
6.322044 0.020000
6.342049 0.020005
6.362046 0.019997
6.382044 0.019998
6.402044 0.020000
6.422046 0.020002
6.448261 0.026214
6.464448 0.016187
6.482279 0.017832
6.502003 0.019724
6.521999 0.019996
6.541995 0.019996
6.561995 0.020000
6.582048 0.020053
6.603662 0.021614
6.622056 0.018394
6.642003 0.019947
6.661998 0.019995
6.682052 0.020054
6.701995 0.019943
6.725994 0.024000
6.745711 0.019717
6.762049 0.016338
6.783856 0.021807
6.802050 0.018195
6.822051 0.020001
6.842048 0.019997
6.862045 0.019997
6.885106 0.023061
6.902049 0.016942
6.923693 0.021645
6.942053 0.018360
6.962051 0.019998
6.981999 0.019948
7.002053 0.020053
7.022044 0.019991
7.042048 0.020004
7.062049 0.020001
7.082045 0.019996
7.102052 0.020007
7.125076 0.023024
7.142044 0.016968
7.162052 0.020008
7.182047 0.019995
7.202003 0.019955
7.222046 0.020043
7.242523 0.020477
7.261995 0.019472
7.282057 0.020062
7.302046 0.019989
7.322043 0.019998
7.342044 0.020001
7.362843 0.020798
7.384114 0.021272
7.404986 0.020871
7.421995 0.017009
7.442044 0.020050
7.469874 0.027829
7.486468 0.016594
7.501997 0.015529
7.522047 0.020050
7.542049 0.020002
7.562052 0.020003
7.582045 0.019993
7.601996 0.019952
7.621995 0.019998
7.641994 0.019999
7.662046 0.020052
7.681994 0.019948
7.702044 0.020050
7.722047 0.020002
7.741995 0.019949
7.762045 0.020050
7.782000 0.019955
7.805838 0.023838
7.822056 0.016218
7.842047 0.019991
7.862048 0.020001
7.882044 0.019996
7.902053 0.020009
7.922052 0.019999
7.942043 0.019991
7.962002 0.019959
7.982044 0.020042
8.002045 0.020001
8.022001 0.019956
8.042048 0.020047
8.062000 0.019951
8.082048 0.020048
8.103131 0.021083
8.122001 0.018870
8.142047 0.020047
8.162058 0.020011
8.182044 0.019986
8.202045 0.020001
8.222060 0.020015
8.242009 0.019949
8.262000 0.019991
8.282045 0.020044
8.302044 0.019999
8.323194 0.021151
8.342043 0.018849
8.362045 0.020001
8.382049 0.020004
8.402051 0.020002
8.458981 0.056930
8.482042 0.023061
8.502043 0.020001
8.523804 0.021761
8.546938 0.023133
8.562055 0.015117
8.582048 0.019993
8.602056 0.020008
8.622049 0.019993
8.677030 0.054980
8.702044 0.025014
8.722044 0.020001
8.741995 0.019951
8.761997 0.020002
8.781994 0.019997
8.801997 0.020003
8.822005 0.020008
8.855583 0.033578
8.866088 0.010505
8.890231 0.024144
8.902011 0.011780
8.925039 0.023028
8.942047 0.017008
8.962005 0.019958
8.982007 0.020002
9.006860 0.024853
9.023036 0.016177
9.042048 0.019012
9.062044 0.019996
9.081997 0.019953
9.102053 0.020055
9.124077 0.022025
9.142044 0.017967
9.162003 0.019959
9.182001 0.019998
9.202004 0.020003
9.222051 0.020047
9.242000 0.019949
9.261997 0.019997
9.282050 0.020053
9.302050 0.020000
9.323954 0.021904
9.357018 0.033064
9.382043 0.025025
9.402047 0.020004
9.424821 0.022774
9.442049 0.017228
9.462003 0.019954
9.481998 0.019995
9.502046 0.020049
9.522000 0.019953
9.548589 0.026589
9.564533 0.015945
9.582003 0.017470
9.602046 0.020043
9.622003 0.019956
9.642044 0.020042
9.662044 0.020000
9.682045 0.020001
9.701995 0.019950
9.721997 0.020002
9.742046 0.020049
9.761996 0.019949
9.781997 0.020001
9.801999 0.020002
9.821997 0.019998
9.842049 0.020052
9.862047 0.019998
9.881998 0.019950
9.902004 0.020007
9.921995 0.019991
9.942007 0.020012
9.961997 0.019990
9.981996 0.020000
10.001994 0.019998
10.022050 0.020056
10.042051 0.020001
10.062008 0.019956
10.082001 0.019994
10.102001 0.020000
10.122044 0.020043
10.142047 0.020002
10.161998 0.019951
10.182049 0.020051
10.224191 0.042142
