0.010786 0.010786
0.027287 0.016501
0.068972 0.041685
0.110595 0.041622
0.152347 0.041752
0.193976 0.041629
0.235658 0.041682
0.277309 0.041651
0.318989 0.041681
0.360613 0.041624
0.402327 0.041714
0.443958 0.041631
0.485605 0.041647
0.543837 0.058232
0.568965 0.025129
0.610631 0.041665
0.652294 0.041663
0.693960 0.041666
0.735627 0.041667
0.777293 0.041666
0.818960 0.041667
0.860630 0.041670
0.902295 0.041664
0.943961 0.041667
0.985626 0.041665
1.027298 0.041673
1.068962 0.041663
1.110579 0.041617
1.152296 0.041717
1.193962 0.041665
1.235629 0.041668
1.277295 0.041666
1.318961 0.041666
1.360629 0.041668
1.402296 0.041667
1.443963 0.041667
1.485579 0.041616
1.527297 0.041719
1.568962 0.041664
1.610628 0.041667
1.652297 0.041669
1.693963 0.041666
1.735630 0.041667
1.777298 0.041668
1.818961 0.041663
1.860630 0.041669
1.902297 0.041668
1.943960 0.041663
1.985626 0.041666
2.027293 0.041668
2.068962 0.041669
2.110628 0.041666
2.152294 0.041666
2.193959 0.041665
2.235629 0.041670
2.277293 0.041664
2.318959 0.041666
2.360579 0.041620
2.402293 0.041713
2.443960 0.041667
2.485627 0.041667
2.527295 0.041668
2.568960 0.041665
2.610630 0.041670
2.652293 0.041663
2.693961 0.041669
2.735627 0.041666
2.777296 0.041668
2.818916 0.041620
2.860630 0.041714
2.902295 0.041665
2.943963 0.041668
2.985631 0.041669
3.027300 0.041668
3.068965 0.041665
3.110630 0.041665
3.152297 0.041668
3.193966 0.041668
3.235631 0.041665
3.277297 0.041667
3.318963 0.041665
3.360631 0.041669
3.402293 0.041662
3.443963 0.041670
3.485627 0.041664
3.527295 0.041668
3.568960 0.041665
3.610627 0.041667
3.652293 0.041666
3.693962 0.041669
3.735628 0.041665
3.777294 0.041667
3.818960 0.041665
3.860630 0.041670
3.902294 0.041664
3.943961 0.041667
3.985627 0.041666
4.027297 0.041670
4.068962 0.041666
4.110627 0.041665
4.152294 0.041667
4.193962 0.041668
4.235628 0.041666
4.277295 0.041667
4.318962 0.041667
4.360630 0.041668
4.402296 0.041666
4.443912 0.041616
4.485629 0.041717
4.527298 0.041669
4.568964 0.041666
4.610629 0.041665
4.652298 0.041669
4.693964 0.041666
4.735630 0.041666
4.777294 0.041664
4.818963 0.041668
4.860630 0.041667
4.902295 0.041665
4.943976 0.041681
4.985630 0.041654
5.027304 0.041674
5.068963 0.041659
5.110629 0.041666
5.152296 0.041666
5.193962 0.041666
5.235632 0.041670
5.277295 0.041663
5.318962 0.041667
5.360581 0.041619
5.402295 0.041713
5.443962 0.041668
5.485628 0.041666
5.527297 0.041668
5.568962 0.041666
5.610629 0.041667
5.652296 0.041667
5.693960 0.041664
5.735579 0.041619
5.777296 0.041717
5.818961 0.041666
5.860629 0.041667
5.902295 0.041666
5.943962 0.041667
5.985627 0.041665
6.027295 0.041668
6.068961 0.041666
6.110629 0.041668
6.152296 0.041667
6.193962 0.041666
6.235627 0.041666
6.277295 0.041668
6.318962 0.041667
6.360629 0.041667
6.402294 0.041665
6.443964 0.041670
6.485579 0.041615
6.527296 0.041717
6.568961 0.041665
6.610580 0.041618
6.652296 0.041716
6.693962 0.041666
6.735630 0.041667
6.777297 0.041667
6.818964 0.041667
6.860631 0.041667
6.902296 0.041665
6.943963 0.041667
6.985629 0.041666
7.027300 0.041671
7.068963 0.041663
7.110630 0.041667
7.152297 0.041667
7.193964 0.041668
7.235581 0.041616
7.277297 0.041716
7.318962 0.041666
7.360580 0.041618
7.402296 0.041716
7.443963 0.041666
7.485630 0.041668
7.527298 0.041668
7.568963 0.041665
7.610630 0.041667
7.652302 0.041672
7.693964 0.041661
7.735579 0.041615
7.777296 0.041717
7.818963 0.041667
7.860628 0.041665
7.902295 0.041666
7.943913 0.041618
7.985630 0.041717
8.027298 0.041668
8.068912 0.041614
8.110629 0.041716
8.152295 0.041667
8.193962 0.041667
8.235630 0.041668
8.277295 0.041664
8.318961 0.041666
8.360629 0.041668
8.402294 0.041665
8.443911 0.041617
8.485577 0.041666
8.527296 0.041719
8.568960 0.041664
8.610628 0.041668
8.652294 0.041665
8.693961 0.041667
8.735628 0.041667
8.777294 0.041666
8.818960 0.041665
8.860628 0.041669
8.902294 0.041666
8.943962 0.041668
8.985628 0.041666
9.027295 0.041667
9.068961 0.041666
9.110631 0.041670
9.152296 0.041665
9.193963 0.041667
9.235629 0.041666
9.277295 0.041666
9.318962 0.041666
9.360629 0.041667
9.402295 0.041666
9.443961 0.041666
9.485578 0.041617
9.527295 0.041717
9.568962 0.041667
9.610629 0.041666
9.652295 0.041667
9.693962 0.041666
9.735629 0.041667
9.777294 0.041666
9.818962 0.041668
9.860629 0.041667
9.902295 0.041666
9.943962 0.041667
9.985630 0.041669
10.027295 0.041665
10.068963 0.041668
10.110629 0.041665
10.152295 0.041666
10.193963 0.041668
10.235578 0.041616
10.277296 0.041718
10.318961 0.041666
10.360629 0.041668
10.402296 0.041667
10.443962 0.041666
10.485581 0.041619
10.527295 0.041714
10.568963 0.041668
10.610629 0.041665
10.652295 0.041666
10.693963 0.041668
10.735630 0.041667
10.777297 0.041667
10.818963 0.041666
10.860630 0.041667
10.902295 0.041666
10.943963 0.041668
10.985580 0.041617
11.027296 0.041716
11.068962 0.041666
11.110630 0.041668
11.152296 0.041666
11.193963 0.041668
11.235629 0.041666
11.277296 0.041667
11.318963 0.041667
11.360630 0.041667
11.402296 0.041666
11.443962 0.041666
11.485628 0.041666
11.527296 0.041668
11.568962 0.041666
11.610630 0.041668
11.652297 0.041667
11.693962 0.041666
11.735629 0.041667
11.777296 0.041667
11.818962 0.041666
11.860579 0.041617
11.902296 0.041717
11.943963 0.041667
11.985629 0.041666
12.027297 0.041668
12.068962 0.041664
12.110630 0.041668
12.152295 0.041665
12.193962 0.041667
12.235576 0.041614
12.277294 0.041718
12.318960 0.041666
12.360579 0.041619
12.402294 0.041715
12.443963 0.041670
12.485576 0.041613
12.527296 0.041719
12.568963 0.041667
12.610628 0.041665
12.652295 0.041668
12.693962 0.041666
12.735629 0.041667
12.777293 0.041665
12.818961 0.041667
12.860628 0.041667
12.902293 0.041665
12.943963 0.041669
12.985627 0.041665
13.027294 0.041666
13.068962 0.041668
13.110628 0.041666
13.152295 0.041667
13.193961 0.041666
13.235627 0.041666
13.277294 0.041667
13.318960 0.041666
13.360628 0.041668
13.402294 0.041666
13.443962 0.041668
13.485577 0.041615
13.527294 0.041717
13.568960 0.041666
13.610578 0.041617
13.652295 0.041718
13.693962 0.041666
13.735628 0.041666
13.777294 0.041667
13.818961 0.041666
13.860628 0.041667
13.902295 0.041667
13.943987 0.041692
13.985627 0.041639
14.027294 0.041667
14.068962 0.041668
14.110629 0.041668
14.152296 0.041667
14.193961 0.041665
14.235633 0.041672
14.277295 0.041662
14.318962 0.041667
14.360629 0.041667
14.402294 0.041665
14.443962 0.041668
14.485629 0.041667
14.527295 0.041666
14.568962 0.041667
14.610627 0.041665
14.652294 0.041667
14.693960 0.041666
14.735629 0.041668
14.777295 0.041666
14.818961 0.041666
14.860629 0.041667
14.902296 0.041667
14.943963 0.041667
14.985580 0.041617
15.027296 0.041716
15.068962 0.041666
15.110629 0.041667
15.152296 0.041666
15.193963 0.041668
15.235630 0.041666
15.277295 0.041665
15.318962 0.041667
15.360581 0.041619
15.402296 0.041715
15.443963 0.041666
15.485629 0.041666
15.527296 0.041667
15.568962 0.041666
15.610629 0.041667
15.652294 0.041665
15.693962 0.041668
15.735580 0.041618
15.777295 0.041716
15.818963 0.041668
15.860630 0.041667
15.902296 0.041665
15.943962 0.041666
15.985630 0.041668
16.027298 0.041667
16.068961 0.041663
16.110628 0.041666
16.152297 0.041669
16.193964 0.041667
16.235629 0.041665
16.277295 0.041666
16.318963 0.041668
16.360630 0.041666
16.402296 0.041666
16.443961 0.041665
16.485628 0.041667
16.527297 0.041669
16.568962 0.041665
16.610629 0.041666
16.652296 0.041667
16.693967 0.041671
16.735630 0.041664
16.777296 0.041666
16.818963 0.041667
16.860629 0.041666
16.902295 0.041666
16.943963 0.041668
16.985631 0.041668
17.027296 0.041665
17.068963 0.041666
17.110631 0.041669
17.152296 0.041665
17.193962 0.041666
17.235629 0.041667
17.277296 0.041666
17.318963 0.041667
17.360579 0.041616
17.402296 0.041716
17.443962 0.041666
17.485630 0.041668
17.527295 0.041666
17.568962 0.041667
17.610579 0.041617
17.652296 0.041717
17.693962 0.041665
17.735629 0.041667
17.777295 0.041666
17.818961 0.041666
17.860579 0.041618
17.902295 0.041716
17.943962 0.041667
17.985628 0.041666
18.027296 0.041667
18.068962 0.041666
18.110629 0.041667
18.152296 0.041668
18.193962 0.041665
18.235579 0.041617
18.277297 0.041718
18.318962 0.041665
18.360629 0.041667
18.402294 0.041665
18.443963 0.041669
18.485629 0.041666
18.527296 0.041667
18.568962 0.041665
18.610629 0.041668
18.652296 0.041666
18.693963 0.041668
18.735578 0.041615
18.777296 0.041718
18.818962 0.041666
18.860580 0.041618
18.902295 0.041715
18.943963 0.041667
18.985579 0.041616
19.027296 0.041717
19.068963 0.041667
19.110629 0.041666
19.152296 0.041666
19.193915 0.041619
19.235628 0.041713
19.277295 0.041667
19.318962 0.041667
19.360630 0.041667
19.402295 0.041665
19.443962 0.041667
19.485579 0.041617
19.527295 0.041716
19.568961 0.041666
19.610630 0.041668
19.652296 0.041666
19.693962 0.041666
19.735629 0.041667
19.777295 0.041667
19.818962 0.041666
19.860581 0.041619
19.902295 0.041715
19.943962 0.041666
19.985629 0.041668
20.027295 0.041666
20.068963 0.041668
20.110631 0.041668
20.152295 0.041664
20.193963 0.041668
20.235629 0.041667
20.277295 0.041666
20.318963 0.041668
20.360630 0.041667
20.402295 0.041665
20.443963 0.041667
20.485629 0.041666
20.527295 0.041666
20.568961 0.041666
20.610629 0.041668
20.652294 0.041665
20.693961 0.041666
20.735627 0.041666
20.777294 0.041667
20.818961 0.041668
20.860628 0.041667
20.902293 0.041666
20.943961 0.041668
20.985626 0.041665
21.027295 0.041668
21.068960 0.041665
21.110630 0.041670
21.152295 0.041665
21.193960 0.041665
21.235627 0.041667
21.277294 0.041667
21.318960 0.041666
21.360629 0.041668
21.402294 0.041666
21.443962 0.041667
21.485629 0.041667
21.527295 0.041666
21.568962 0.041667
21.610628 0.041666
21.652295 0.041667
21.693961 0.041666
21.735627 0.041666
21.777294 0.041667
21.818961 0.041667
21.860628 0.041667
21.902297 0.041668
21.943962 0.041665
21.985627 0.041666
22.027295 0.041668
22.068961 0.041666
22.110628 0.041667
22.152295 0.041667
22.193961 0.041666
22.235628 0.041666
22.277293 0.041665
22.318962 0.041669
22.360629 0.041667
22.402294 0.041664
22.443963 0.041669
22.485628 0.041664
22.527293 0.041666
22.568961 0.041667
22.610627 0.041667
22.652294 0.041667
22.693962 0.041668
22.735628 0.041666
22.777294 0.041666
22.818960 0.041666
22.860629 0.041668
22.902295 0.041666
22.943967 0.041672
22.985627 0.041660
23.027295 0.041668
23.068961 0.041666
23.110628 0.041667
23.152294 0.041666
23.193963 0.041669
23.235629 0.041666
23.277297 0.041668
23.318961 0.041664
23.360630 0.041669
23.402295 0.041665
23.443962 0.041667
23.485627 0.041665
23.527295 0.041668
23.568962 0.041666
23.610629 0.041667
23.652295 0.041666
23.693963 0.041668
23.735626 0.041663
23.777295 0.041669
23.818960 0.041665
23.860628 0.041667
23.902295 0.041667
23.943963 0.041668
23.985627 0.041664
24.027294 0.041668
24.068960 0.041666
24.110627 0.041667
24.152295 0.041667
24.193962 0.041667
24.235627 0.041665
24.277294 0.041667
24.318961 0.041666
24.360629 0.041669
24.402295 0.041666
24.443961 0.041666
24.485629 0.041668
24.527293 0.041665
24.568961 0.041668
24.610627 0.041666
24.652295 0.041668
24.693961 0.041666
24.735630 0.041669
24.777293 0.041663
24.818960 0.041667
24.860628 0.041668
24.902294 0.041666
24.943962 0.041668
24.985628 0.041666
25.027295 0.041667
25.068961 0.041666
25.110629 0.041669
25.152296 0.041666
25.193960 0.041664
25.235628 0.041668
25.277295 0.041667
25.318961 0.041666
25.360629 0.041668
25.402295 0.041666
25.443962 0.041667
25.485628 0.041666
25.527296 0.041668
25.568962 0.041666
25.610577 0.041616
25.652294 0.041717
25.693961 0.041667
25.735629 0.041668
25.777299 0.041670
25.818961 0.041662
25.860628 0.041667
25.902295 0.041667
25.943964 0.041670
25.985629 0.041665
26.027295 0.041666
26.068910 0.041615
26.110627 0.041716
26.152295 0.041668
26.193961 0.041666
26.235628 0.041667
26.277295 0.041667
26.318963 0.041668
26.360629 0.041666
26.402298 0.041669
26.443963 0.041665
26.485629 0.041666
26.527295 0.041666
26.568961 0.041666
26.610628 0.041667
26.652296 0.041668
26.693963 0.041667
26.735627 0.041664
26.777295 0.041668
26.818961 0.041666
26.860629 0.041668
26.902299 0.041670
26.943963 0.041665
26.985627 0.041664
27.027296 0.041669
27.068962 0.041666
27.110627 0.041665
27.152294 0.041667
27.193960 0.041666
27.235627 0.041667
27.277295 0.041668
27.318961 0.041667
27.360630 0.041668
27.402294 0.041665
27.443963 0.041669
27.485578 0.041615
27.527294 0.041716
27.568961 0.041667
27.610630 0.041669
27.652297 0.041667
27.693962 0.041665
27.735629 0.041667
27.777297 0.041668
27.818962 0.041665
27.860631 0.041668
27.902296 0.041665
27.943963 0.041667
27.985578 0.041615
28.027296 0.041718
28.068962 0.041666
28.110627 0.041665
28.152296 0.041669
28.193963 0.041667
28.235630 0.041667
28.277295 0.041665
28.318963 0.041668
28.360629 0.041666
28.402296 0.041667
28.443962 0.041666
28.485629 0.041668
28.527295 0.041666
28.568962 0.041667
28.610631 0.041669
28.652295 0.041664
28.693962 0.041668
28.735629 0.041666
28.777294 0.041665
28.818964 0.041670
28.860579 0.041615
28.902295 0.041716
28.943962 0.041668
28.985629 0.041667
29.027294 0.041665
29.068961 0.041667
29.110627 0.041666
29.152294 0.041667
29.193961 0.041666
29.235627 0.041667
29.277294 0.041667
29.318960 0.041666
29.360629 0.041669
29.402294 0.041665
29.443961 0.041667
29.485627 0.041666
29.527294 0.041667
29.568961 0.041667
29.610627 0.041666
29.652295 0.041668
29.693962 0.041667
29.735627 0.041666
29.777295 0.041668
29.818962 0.041667
29.860630 0.041668
29.902295 0.041666
29.943963 0.041667
29.985629 0.041666
30.027296 0.041667
30.068962 0.041666
30.110629 0.041667
30.152295 0.041666
30.193962 0.041667
30.235630 0.041668
30.277296 0.041666
30.318965 0.041669
30.360629 0.041664
30.402295 0.041666
30.443962 0.041667
30.485628 0.041666
30.527295 0.041667
30.568963 0.041668
30.610630 0.041667
30.652296 0.041666
30.693963 0.041668
30.735628 0.041665
30.777296 0.041668
30.818962 0.041666
30.860628 0.041667
30.902296 0.041668
30.943962 0.041667
30.985628 0.041666
31.027297 0.041668
31.068962 0.041666
31.110629 0.041667
31.152295 0.041665
31.193961 0.041666
31.235577 0.041616
31.277294 0.041717
31.318962 0.041668
31.360629 0.041667
31.402297 0.041668
31.443962 0.041665
31.485628 0.041666
31.527296 0.041668
31.568962 0.041666
31.610629 0.041667
31.652295 0.041666
31.693962 0.041667
31.735579 0.041616
31.777295 0.041717
31.818960 0.041665
31.860628 0.041668
31.902293 0.041665
31.943962 0.041669
31.985628 0.041666
32.027295 0.041668
32.068960 0.041665
32.110628 0.041667
32.152295 0.041667
32.193960 0.041665
32.235577 0.041617
32.277296 0.041719
32.318960 0.041664
32.360579 0.041619
32.402295 0.041717
32.443962 0.041667
32.485627 0.041665
32.527294 0.041667
32.568962 0.041669
32.610627 0.041664
32.652295 0.041668
32.693961 0.041666
32.735628 0.041667
32.777295 0.041667
32.818963 0.041669
32.860629 0.041666
32.902294 0.041665
32.943962 0.041668
32.985631 0.041669
33.027295 0.041665
33.068923 0.041628
33.110630 0.041707
33.152295 0.041665
33.193960 0.041665
33.235629 0.041668
33.277293 0.041664
33.318960 0.041667
33.360628 0.041668
33.402294 0.041666
33.443963 0.041669
33.485627 0.041664
33.527293 0.041667
33.568962 0.041668
33.610628 0.041666
33.652294 0.041666
33.693961 0.041667
33.735628 0.041668
33.777294 0.041665
33.818962 0.041668
33.860578 0.041615
33.902295 0.041718
33.943961 0.041666
33.985627 0.041666
34.027294 0.041667
34.068959 0.041665
34.110626 0.041667
34.152294 0.041668
34.193961 0.041667
34.235627 0.041666
34.277294 0.041667
34.318962 0.041668
34.360628 0.041666
34.402294 0.041666
34.443961 0.041668
34.485627 0.041666
34.527293 0.041666
34.568962 0.041668
34.610627 0.041665
34.652294 0.041666
34.693961 0.041667
34.735627 0.041666
34.777294 0.041667
34.818959 0.041665
34.860628 0.041668
34.902294 0.041666
34.943962 0.041668
34.985629 0.041667
35.027294 0.041665
35.068960 0.041666
35.110627 0.041667
35.152296 0.041669
35.193961 0.041665
35.235627 0.041666
35.277296 0.041669
35.318960 0.041664
35.360628 0.041668
35.402294 0.041666
35.443962 0.041668
35.485628 0.041666
35.527294 0.041667
35.568962 0.041667
35.610627 0.041666
35.652295 0.041668
35.693960 0.041666
35.735627 0.041667
35.777295 0.041668
35.818960 0.041665
35.860578 0.041618
35.902294 0.041716
35.943961 0.041667
35.985627 0.041666
36.027295 0.041668
36.068961 0.041666
36.110628 0.041667
36.152295 0.041666
36.193961 0.041666
36.235627 0.041666
36.277294 0.041667
36.318961 0.041667
36.360628 0.041668
36.402294 0.041665
36.443961 0.041667
36.485628 0.041667
36.527295 0.041667
36.568963 0.041668
36.610629 0.041666
36.652295 0.041666
36.693962 0.041667
36.735629 0.041667
36.777295 0.041666
36.818962 0.041667
36.860629 0.041667
36.902295 0.041666
36.943962 0.041667
36.985629 0.041667
37.027296 0.041667
37.068962 0.041666
37.110629 0.041667
37.152297 0.041668
37.193962 0.041665
37.235578 0.041616
37.277295 0.041717
37.318962 0.041667
37.360630 0.041668
37.402294 0.041664
37.443962 0.041668
37.485629 0.041667
37.527296 0.041667
37.568963 0.041667
37.610629 0.041666
37.652296 0.041667
37.693962 0.041666
37.735628 0.041666
37.777296 0.041668
37.818961 0.041666
37.860629 0.041668
37.902295 0.041666
37.943962 0.041667
37.985578 0.041616
38.027295 0.041717
38.068910 0.041616
38.110627 0.041716
38.152295 0.041668
38.193960 0.041665
38.235627 0.041666
38.277294 0.041668
38.318961 0.041667
38.360632 0.041671
38.402294 0.041662
38.443961 0.041667
38.485627 0.041666
38.527295 0.041668
38.568961 0.041667
38.610628 0.041666
38.652293 0.041666
38.693964 0.041671
38.735627 0.041663
38.777295 0.041667
38.818962 0.041667
38.860629 0.041668
38.902294 0.041664
38.943960 0.041667
38.985628 0.041668
39.027295 0.041667
39.068961 0.041666
39.110627 0.041666
39.152295 0.041668
39.193962 0.041667
39.235626 0.041665
39.277294 0.041667
39.318961 0.041667
39.360628 0.041667
39.402295 0.041666
39.443961 0.041666
39.485627 0.041666
39.527294 0.041667
39.568961 0.041667
39.610627 0.041666
39.652294 0.041667
39.693961 0.041667
39.735628 0.041667
39.777295 0.041667
39.818962 0.041667
39.860628 0.041665
39.902295 0.041667
39.943962 0.041667
39.985577 0.041615
40.027295 0.041718
40.068961 0.041666
40.110629 0.041668
40.152296 0.041667
40.193963 0.041666
40.235627 0.041664
40.277293 0.041667
40.318959 0.041666
40.360578 0.041618
40.402293 0.041715
40.443959 0.041667
40.485626 0.041667
40.527293 0.041667
40.568963 0.041670
40.610627 0.041665
40.652294 0.041667
40.693961 0.041667
40.735627 0.041666
40.777293 0.041667
40.818960 0.041666
40.860627 0.041668
40.902293 0.041666
40.943961 0.041668
40.985577 0.041616
41.027294 0.041717
41.068961 0.041667
41.110628 0.041667
41.152296 0.041668
41.193961 0.041665
41.235627 0.041667
41.277294 0.041667
41.318963 0.041668
41.360579 0.041616
41.402294 0.041715
41.443961 0.041667
41.485627 0.041666
41.527295 0.041669
41.568961 0.041666
41.610628 0.041666
41.652297 0.041669
41.693962 0.041665
41.735628 0.041666
41.777294 0.041667
41.818962 0.041667
41.860629 0.041667
41.902296 0.041666
41.943961 0.041665
41.985627 0.041667
42.027295 0.041667
42.068960 0.041665
42.110628 0.041668
42.152296 0.041667
42.193961 0.041665
42.235628 0.041668
42.277295 0.041667
42.318962 0.041667
42.360630 0.041668
42.402294 0.041664
42.443961 0.041667
42.485628 0.041668
42.527295 0.041667
42.568961 0.041666
42.610629 0.041667
42.652295 0.041667
42.693961 0.041666
42.735633 0.041672
42.777296 0.041663
42.818962 0.041666
42.860579 0.041618
42.902296 0.041717
42.943962 0.041665
42.985579 0.041617
43.027296 0.041716
43.068962 0.041666
43.110628 0.041666
43.152294 0.041666
43.193964 0.041669
43.235630 0.041666
43.277295 0.041665
43.318961 0.041666
43.360628 0.041668
43.402295 0.041666
43.443961 0.041666
43.485628 0.041667
43.527296 0.041668
43.568962 0.041666
43.610629 0.041667
43.652296 0.041666
43.693962 0.041666
43.735632 0.041671
43.777295 0.041663
43.818961 0.041666
43.860628 0.041667
43.902295 0.041666
43.943962 0.041668
43.985629 0.041666
44.027296 0.041667
44.068912 0.041616
44.110628 0.041717
44.152294 0.041666
44.193960 0.041666
44.235577 0.041616
44.277298 0.041721
44.318961 0.041664
44.360630 0.041669
44.402295 0.041665
44.443961 0.041666
44.485628 0.041667
44.527295 0.041666
44.568961 0.041666
44.610628 0.041666
44.652294 0.041666
44.693962 0.041668
44.735628 0.041666
44.777295 0.041668
44.818960 0.041664
44.860627 0.041667
44.902297 0.041670
44.943961 0.041664
44.985627 0.041666
45.027295 0.041668
45.068960 0.041666
45.110627 0.041667
45.152297 0.041670
45.193962 0.041666
45.235627 0.041665
45.277295 0.041668
45.318962 0.041667
45.360628 0.041666
45.402295 0.041667
45.443962 0.041667
45.485628 0.041666
45.527295 0.041666
45.568963 0.041668
45.610628 0.041665
45.652294 0.041666
45.693962 0.041668
45.735628 0.041666
45.777296 0.041668
45.818964 0.041669
45.860629 0.041664
45.902296 0.041668
45.943961 0.041665
45.985628 0.041667
46.027296 0.041668
46.068961 0.041665
46.110628 0.041667
46.152296 0.041668
46.193962 0.041666
46.235634 0.041672
46.277295 0.041661
46.318963 0.041668
46.360629 0.041666
46.402294 0.041666
46.443962 0.041668
46.485629 0.041667
46.527295 0.041666
46.568963 0.041668
46.610629 0.041666
46.652296 0.041667
46.693961 0.041666
46.735578 0.041616
46.777294 0.041717
46.818961 0.041667
46.860579 0.041618
46.902295 0.041716
46.943962 0.041666
46.985629 0.041667
47.027295 0.041666
47.068962 0.041667
47.110628 0.041666
47.152293 0.041665
47.193964 0.041671
47.235629 0.041665
47.277294 0.041665
47.318961 0.041667
47.360629 0.041668
47.402297 0.041668
47.443962 0.041665
47.485628 0.041666
47.527295 0.041667
47.568964 0.041669
47.610629 0.041665
47.652293 0.041665
47.693962 0.041669
47.735629 0.041667
47.777296 0.041668
47.818962 0.041666
47.860629 0.041667
47.902295 0.041666
47.943962 0.041667
47.985629 0.041667
48.027295 0.041666
48.068961 0.041666
48.110627 0.041667
48.152295 0.041668
48.193961 0.041665
48.235629 0.041668
48.277296 0.041667
48.318961 0.041665
48.360630 0.041669
48.402295 0.041665
48.443961 0.041666
48.485578 0.041617
48.527296 0.041719
48.568962 0.041666
48.610630 0.041668
48.652295 0.041665
48.693964 0.041669
48.735581 0.041617
48.777297 0.041716
48.818961 0.041665
48.860629 0.041668
48.902295 0.041666
48.943962 0.041668
48.985629 0.041667
49.027297 0.041668
49.068962 0.041665
49.110630 0.041669
49.152295 0.041665
49.193961 0.041666
49.235627 0.041666
49.277295 0.041668
49.318961 0.041666
49.360631 0.041670
49.402295 0.041664
49.443963 0.041668
49.485629 0.041666
49.527298 0.041669
49.568964 0.041666
49.610629 0.041665
49.652293 0.041663
49.693960 0.041668
49.735577 0.041616
49.777295 0.041718
49.818963 0.041668
49.860579 0.041616
49.902294 0.041715
49.943961 0.041666
49.985578 0.041617
50.027295 0.041717
50.068962 0.041667
50.110629 0.041667
50.152297 0.041668
50.193962 0.041665
50.235631 0.041669
50.277295 0.041664
50.318962 0.041666
50.360630 0.041668
50.402294 0.041665
50.443962 0.041667
50.485628 0.041666
50.527295 0.041667
50.568963 0.041668
50.610628 0.041665
50.652300 0.041672
50.693962 0.041663
50.735628 0.041666
50.777296 0.041668
50.818962 0.041666
50.860630 0.041668
50.902296 0.041666
50.943961 0.041665
50.985630 0.041669
51.027295 0.041665
51.068960 0.041665
51.110628 0.041668
51.152295 0.041666
51.193962 0.041667
51.235627 0.041665
51.277297 0.041670
51.318962 0.041665
51.360630 0.041667
51.402294 0.041664
51.443964 0.041670
51.485627 0.041663
51.527295 0.041668
51.568962 0.041666
51.610628 0.041667
51.652294 0.041666
51.693961 0.041667
51.735627 0.041665
51.777295 0.041669
51.818961 0.041666
51.860628 0.041667
51.902295 0.041667
51.943963 0.041668
51.985628 0.041665
52.027295 0.041667
52.068961 0.041666
52.110628 0.041667
52.152295 0.041667
52.193961 0.041666
52.235629 0.041667
52.277296 0.041667
52.318962 0.041666
52.360630 0.041668
52.402296 0.041666
52.443962 0.041667
52.485629 0.041666
52.527294 0.041666
52.568962 0.041667
52.610627 0.041666
52.652296 0.041669
52.693962 0.041666
52.735628 0.041666
52.777296 0.041667
52.818962 0.041667
52.860629 0.041667
52.902295 0.041666
52.943962 0.041666
52.985629 0.041667
53.027296 0.041667
53.068963 0.041667
53.110629 0.041666
53.152296 0.041667
53.193964 0.041668
53.235629 0.041665
53.277295 0.041666
53.318963 0.041668
53.360579 0.041616
53.402293 0.041715
53.443963 0.041670
53.485628 0.041665
53.527295 0.041666
53.568962 0.041668
53.610628 0.041666
53.652296 0.041668
53.693961 0.041665
53.735627 0.041666
53.777296 0.041669
53.818961 0.041665
53.860629 0.041668
53.902294 0.041664
53.943961 0.041667
53.985628 0.041667
54.027296 0.041668
54.068961 0.041665
54.110628 0.041667
54.152294 0.041665
54.193963 0.041669
54.235628 0.041665
54.277295 0.041667
54.318961 0.041666
54.360629 0.041669
54.402296 0.041667
54.443961 0.041665
54.485627 0.041666
54.527295 0.041668
54.568962 0.041667
54.610629 0.041666
54.652295 0.041666
54.693960 0.041665
54.735628 0.041668
54.777296 0.041668
54.818961 0.041665
54.860629 0.041668
54.902297 0.041668
54.943962 0.041665
54.985630 0.041667
55.027296 0.041667
55.068962 0.041666
55.110629 0.041667
55.152295 0.041666
55.193963 0.041668
55.235629 0.041666
55.277295 0.041666
55.318962 0.041667
55.360578 0.041616
55.402295 0.041716
55.443961 0.041667
55.485629 0.041668
55.527296 0.041667
55.568961 0.041665
55.610578 0.041617
55.652295 0.041717
55.693962 0.041667
55.735627 0.041665
55.777295 0.041668
55.818961 0.041666
55.860629 0.041668
55.902295 0.041666
55.943962 0.041668
55.985630 0.041667
56.027296 0.041666
56.068962 0.041667
56.110578 0.041616
56.152294 0.041716
56.193961 0.041666
56.235632 0.041671
56.277295 0.041663
56.318962 0.041667
56.360630 0.041668
56.402295 0.041665
56.443963 0.041668
56.485629 0.041665
56.527295 0.041667
56.568963 0.041668
56.610628 0.041665
56.652294 0.041665
56.693962 0.041669
56.735577 0.041614
56.777295 0.041718
56.818962 0.041667
56.860629 0.041667
56.902296 0.041667
56.943963 0.041667
56.985628 0.041665
57.027295 0.041666
57.068965 0.041670
57.110628 0.041664
57.152294 0.041666
57.193961 0.041667
57.235631 0.041670
57.277296 0.041665
57.318962 0.041666
57.360629 0.041667
57.402293 0.041665
57.443962 0.041668
57.485628 0.041667
57.527295 0.041667
57.568962 0.041667
57.610628 0.041667
57.652296 0.041668
57.693961 0.041665
57.735627 0.041666
57.777296 0.041669
57.818962 0.041667
57.860629 0.041666
57.902295 0.041666
57.943912 0.041617
57.985629 0.041717
58.027295 0.041666
58.068962 0.041667
58.110628 0.041666
58.152294 0.041666
58.193962 0.041669
58.235629 0.041667
58.277295 0.041665
58.318962 0.041667
58.360629 0.041668
58.402294 0.041665
58.443961 0.041668
58.485629 0.041668
58.527296 0.041667
58.568963 0.041667
58.610628 0.041666
58.652298 0.041670
58.693962 0.041664
58.735629 0.041667
58.777295 0.041667
58.818961 0.041666
58.860628 0.041667
58.902295 0.041667
58.943962 0.041666
58.985629 0.041667
59.027296 0.041667
59.068962 0.041667
59.110578 0.041616
59.152296 0.041718
59.193961 0.041665
59.235627 0.041666
59.277294 0.041667
59.318962 0.041668
59.360579 0.041617
59.402295 0.041717
59.443962 0.041667
59.485629 0.041666
59.527295 0.041667
59.568962 0.041667
59.610628 0.041666
59.652296 0.041667
59.693962 0.041666
59.735629 0.041668
59.777296 0.041666
59.818962 0.041666
59.860629 0.041667
59.902296 0.041667
59.943963 0.041667
59.985579 0.041616
60.027295 0.041715
60.068963 0.041669
60.110629 0.041665
60.152296 0.041667
60.193962 0.041666
60.235629 0.041668
60.277296 0.041667
60.318964 0.041667
60.360629 0.041665
60.402296 0.041668
60.443962 0.041666
60.485629 0.041667
60.527295 0.041666
60.568963 0.041667
60.610627 0.041665
60.652296 0.041669
60.693962 0.041666
60.735629 0.041667
60.777295 0.041666
60.818964 0.041669
60.860629 0.041665
60.902295 0.041666
60.943962 0.041667
60.985629 0.041667
61.027296 0.041666
61.068964 0.041668
61.110629 0.041666
61.152295 0.041666
61.193962 0.041666
61.235629 0.041667
61.277294 0.041666
61.318961 0.041667
61.360577 0.041616
61.402295 0.041718
61.443963 0.041668
61.485627 0.041665
61.527294 0.041666
61.568962 0.041668
61.610628 0.041666
61.652295 0.041667
61.693961 0.041666
61.735628 0.041667
61.777298 0.041670
61.818960 0.041662
61.860628 0.041668
61.902294 0.041666
61.943961 0.041668
61.985629 0.041667
62.027294 0.041665
62.068963 0.041669
62.110628 0.041666
62.152295 0.041666
62.193961 0.041667
62.235629 0.041667
62.277295 0.041666
62.318961 0.041666
62.360628 0.041667
62.402295 0.041667
62.443962 0.041667
62.485628 0.041667
62.527295 0.041667
62.568962 0.041668
62.610627 0.041665
62.652296 0.041668
62.693961 0.041665
62.735627 0.041666
62.777295 0.041668
62.818960 0.041665
62.860628 0.041668
62.902294 0.041666
62.943962 0.041668
62.985578 0.041616
63.027295 0.041717
63.068962 0.041667
63.110629 0.041667
63.152293 0.041664
63.193962 0.041669
63.235628 0.041666
63.277295 0.041667
63.318961 0.041666
63.360629 0.041668
63.402294 0.041665
63.443961 0.041667
63.485628 0.041667
63.527296 0.041668
63.568964 0.041668
63.610628 0.041665
63.652297 0.041669
63.693962 0.041664
63.735630 0.041669
63.777296 0.041666
63.818962 0.041666
63.860628 0.041666
63.902295 0.041667
63.943962 0.041667
63.985631 0.041669
64.027296 0.041665
64.068960 0.041664
64.110629 0.041668
64.152295 0.041667
64.193962 0.041667
64.235628 0.041666
64.277294 0.041667
64.318962 0.041667
64.360629 0.041667
64.402294 0.041666
64.443963 0.041669
64.485628 0.041665
64.527297 0.041669
64.568962 0.041665
64.610627 0.041666
64.652294 0.041667
64.693962 0.041668
64.735628 0.041666
64.777296 0.041667
64.818962 0.041666
64.860629 0.041667
64.902296 0.041668
64.943962 0.041665
64.985629 0.041668
65.027295 0.041665
65.068962 0.041667
65.110629 0.041667
65.152296 0.041667
65.193963 0.041667
65.235629 0.041666
65.277294 0.041665
65.318960 0.041666
65.360628 0.041667
65.402294 0.041666
65.443963 0.041669
65.485628 0.041665
65.527293 0.041665
65.568960 0.041667
65.610627 0.041667
65.652294 0.041667
65.693963 0.041669
65.735627 0.041664
65.777295 0.041668
65.818961 0.041666
65.860630 0.041669
65.902297 0.041666
65.943960 0.041664
65.985627 0.041667
66.027295 0.041667
66.068962 0.041668
66.110629 0.041666
66.152296 0.041667
66.193963 0.041667
66.235628 0.041665
66.277296 0.041668
66.318962 0.041666
66.360629 0.041667
66.402295 0.041666
66.443912 0.041617
66.485628 0.041716
66.527296 0.041668
66.568962 0.041666
66.610579 0.041617
66.652297 0.041718
66.693963 0.041666
66.735628 0.041665
66.777296 0.041668
66.818962 0.041666
66.860629 0.041667
66.902296 0.041667
66.943963 0.041667
66.985628 0.041666
67.027296 0.041668
67.068961 0.041665
67.110629 0.041667
67.152295 0.041666
67.193964 0.041669
67.235630 0.041667
67.277294 0.041663
67.318960 0.041666
67.360629 0.041669
67.402294 0.041666
67.443963 0.041668
67.485630 0.041667
67.527294 0.041665
67.568963 0.041669
67.610628 0.041665
67.652296 0.041667
67.693962 0.041666
67.735629 0.041667
67.777296 0.041667
67.818961 0.041665
67.860628 0.041668
67.902295 0.041667
67.943913 0.041617
67.985629 0.041716
68.027294 0.041666
68.068962 0.041668
68.110579 0.041617
68.152298 0.041719
68.193963 0.041666
68.235627 0.041663
68.277294 0.041667
68.318961 0.041667
68.360628 0.041667
68.402295 0.041666
68.443962 0.041668
68.485629 0.041667
68.527295 0.041666
68.568961 0.041666
68.610628 0.041667
68.652295 0.041667
68.693962 0.041667
68.735628 0.041666
68.777296 0.041667
68.818912 0.041616
68.860631 0.041719
68.902295 0.041664
68.943961 0.041666
68.985579 0.041618
69.027296 0.041717
69.068961 0.041666
69.110628 0.041667
69.152295 0.041667
69.193962 0.041667
69.235628 0.041667
69.277295 0.041667
69.318962 0.041667
69.360628 0.041666
69.402296 0.041668
69.443962 0.041667
69.485629 0.041667
69.527296 0.041667
69.568962 0.041666
69.610629 0.041667
69.652297 0.041669
69.693963 0.041666
69.735626 0.041663
69.777295 0.041669
69.818960 0.041665
69.860628 0.041668
69.902295 0.041667
69.943962 0.041667
69.985628 0.041666
70.027295 0.041667
70.068962 0.041667
70.110629 0.041667
70.152295 0.041666
70.193964 0.041669
70.235632 0.041669
70.277297 0.041664
70.318962 0.041665
70.360629 0.041667
70.402295 0.041667
70.443962 0.041667
70.485579 0.041616
70.527294 0.041716
70.568962 0.041668
70.610577 0.041615
70.652293 0.041716
70.693960 0.041667
70.735627 0.041667
70.777296 0.041669
70.818963 0.041667
70.860627 0.041664
70.902293 0.041666
70.943961 0.041667
70.985628 0.041667
71.027295 0.041668
71.068961 0.041665
71.110577 0.041617
71.152295 0.041717
71.193961 0.041667
71.235628 0.041666
71.277297 0.041669
71.318960 0.041663
71.360627 0.041667
71.402294 0.041666
71.443961 0.041668
71.485627 0.041666
71.527294 0.041667
71.568961 0.041667
71.610628 0.041667
71.652413 0.041785
71.693960 0.041547
71.735627 0.041667
71.777295 0.041668
71.818960 0.041665
71.860627 0.041668
71.902294 0.041666
71.943960 0.041667
71.985628 0.041668
72.027294 0.041666
72.068961 0.041667
72.110627 0.041665
72.152293 0.041666
72.193962 0.041669
72.235577 0.041615
72.277295 0.041718
72.318961 0.041666
72.360629 0.041668
72.402294 0.041665
72.443961 0.041667
72.485627 0.041666
72.527293 0.041666
72.568960 0.041667
72.610627 0.041666
72.652294 0.041667
72.693961 0.041667
72.735629 0.041668
72.777296 0.041667
72.818960 0.041664
72.860628 0.041668
72.902294 0.041666
72.943961 0.041668
72.985627 0.041666
73.027294 0.041667
73.068910 0.041616
73.110629 0.041719
73.152293 0.041663
73.193961 0.041669
73.235627 0.041665
73.277294 0.041667
73.318961 0.041668
73.360629 0.041668
73.402295 0.041666
73.443962 0.041667
73.485579 0.041618
73.527295 0.041716
73.568961 0.041666
73.610629 0.041668
73.652297 0.041668
73.693964 0.041666
73.735628 0.041665
73.777297 0.041668
73.818961 0.041664
73.860628 0.041667
73.902295 0.041666
73.943961 0.041666
73.985628 0.041667
74.027295 0.041668
74.068963 0.041667
74.110630 0.041667
74.152295 0.041665
74.193961 0.041666
74.235627 0.041666
74.277295 0.041668
74.318960 0.041665
74.360627 0.041668
74.402295 0.041668
74.443963 0.041667
74.485629 0.041667
74.527294 0.041665
74.568961 0.041667
74.610628 0.041667
74.652295 0.041667
74.693960 0.041665
74.735629 0.041669
74.777296 0.041666
74.818960 0.041664
74.860628 0.041667
74.902294 0.041667
74.943960 0.041666
74.985579 0.041619
75.027295 0.041716
75.068963 0.041668
75.110628 0.041665
75.152294 0.041665
75.193962 0.041668
75.235630 0.041669
75.277297 0.041666
75.318961 0.041664
75.360629 0.041668
75.402296 0.041667
75.443962 0.041667
75.485626 0.041664
75.527293 0.041667
75.568960 0.041666
75.610627 0.041668
75.652294 0.041666
75.693961 0.041667
75.735627 0.041667
75.777296 0.041669
75.818962 0.041666
75.860628 0.041667
75.902294 0.041665
75.943962 0.041668
75.985631 0.041668
76.027294 0.041663
76.068962 0.041668
76.110628 0.041666
76.152295 0.041668
76.193962 0.041667
76.235628 0.041666
76.277295 0.041667
76.318963 0.041667
76.360629 0.041667
76.402296 0.041667
76.443963 0.041667
76.485578 0.041615
76.527295 0.041717
76.568961 0.041666
76.610629 0.041668
76.652296 0.041667
76.693962 0.041667
76.735629 0.041667
76.777295 0.041666
76.818963 0.041668
76.860628 0.041665
76.902293 0.041665
76.943961 0.041668
76.985630 0.041669
77.027295 0.041665
77.068961 0.041665
77.110581 0.041621
77.152295 0.041714
77.193962 0.041666
77.235630 0.041668
77.277295 0.041665
77.318962 0.041668
77.360627 0.041665
77.402296 0.041668
77.443982 0.041686
77.485627 0.041645
77.527295 0.041668
77.568961 0.041666
77.610628 0.041667
77.652294 0.041666
77.693961 0.041667
77.735628 0.041667
77.777294 0.041666
77.818961 0.041667
77.860632 0.041671
77.902295 0.041662
77.943962 0.041668
77.985628 0.041665
78.027294 0.041666
78.068961 0.041666
78.110628 0.041668
78.152295 0.041667
78.193962 0.041667
78.235629 0.041667
78.277296 0.041667
78.318961 0.041665
78.360629 0.041668
78.402295 0.041666
78.443962 0.041667
78.485629 0.041668
78.527295 0.041666
78.568962 0.041666
78.610628 0.041667
78.652296 0.041667
78.693961 0.041665
78.735627 0.041667
78.777294 0.041667
78.818961 0.041667
78.860579 0.041618
78.902295 0.041716
78.943960 0.041665
78.985628 0.041668
79.027295 0.041667
79.068962 0.041667
79.110629 0.041667
79.152295 0.041666
79.193963 0.041667
79.235578 0.041616
79.277295 0.041717
79.318961 0.041665
79.360629 0.041668
79.402295 0.041667
79.443963 0.041667
79.485630 0.041667
79.527296 0.041666
79.568961 0.041665
79.610628 0.041667
79.652295 0.041666
79.693962 0.041667
79.735628 0.041666
79.777295 0.041667
79.818961 0.041667
79.860629 0.041668
79.902296 0.041667
79.943961 0.041665
79.985628 0.041667
80.027295 0.041667
80.068963 0.041668
80.110631 0.041668
80.152296 0.041665
80.193962 0.041666
80.235630 0.041668
80.277296 0.041666
80.318961 0.041666
80.360628 0.041667
80.402295 0.041666
80.443962 0.041667
80.485578 0.041617
80.527294 0.041716
80.568960 0.041666
80.610581 0.041620
80.652293 0.041713
80.696406 0.044113
80.735627 0.039222
80.777295 0.041668
80.818964 0.041668
80.860628 0.041665
80.902295 0.041666
80.943961 0.041666
80.985629 0.041668
81.027295 0.041667
81.068963 0.041667
81.110629 0.041666
81.152296 0.041667
81.193962 0.041667
81.235579 0.041616
81.277295 0.041716
81.318962 0.041667
81.360629 0.041666
81.402296 0.041668
81.443962 0.041666
81.485629 0.041667
81.527296 0.041666
81.568962 0.041666
81.610629 0.041667
81.652294 0.041665
81.693962 0.041667
81.735628 0.041666
81.777295 0.041668
81.818963 0.041667
81.860629 0.041666
81.902294 0.041665
81.943962 0.041668
81.985629 0.041667
82.027295 0.041666
82.068962 0.041667
82.110628 0.041666
82.152296 0.041667
82.193963 0.041667
82.235629 0.041666
82.277297 0.041668
82.318962 0.041665
82.360579 0.041617
82.402295 0.041716
82.443962 0.041667
82.485630 0.041668
82.527296 0.041666
82.568962 0.041666
82.610629 0.041667
82.652295 0.041666
82.693962 0.041667
82.735629 0.041667
82.777296 0.041666
82.818965 0.041669
82.860628 0.041663
82.902294 0.041666
82.943962 0.041668
82.985630 0.041668
83.027294 0.041664
83.068960 0.041666
83.110628 0.041668
83.152293 0.041665
83.193962 0.041669
83.235628 0.041666
83.277295 0.041667
83.318960 0.041665
83.360579 0.041619
83.402295 0.041715
83.443960 0.041666
83.485576 0.041615
83.527293 0.041717
83.568962 0.041669
83.610630 0.041668
83.652293 0.041663
83.693963 0.041670
83.735576 0.041613
83.777295 0.041718
83.818960 0.041665
83.860578 0.041617
83.902294 0.041716
83.943961 0.041667
83.985630 0.041669
84.027295 0.041666
84.068961 0.041665
84.110578 0.041617
84.152294 0.041717
84.193914 0.041620
84.235629 0.041715
84.277294 0.041664
84.318962 0.041669
84.360628 0.041666
84.402296 0.041668
84.443960 0.041664
84.485628 0.041668
84.527294 0.041666
84.568961 0.041668
84.610631 0.041669
84.652293 0.041662
84.693962 0.041669
84.735629 0.041667
84.777294 0.041665
84.818960 0.041666
84.860628 0.041668
84.902297 0.041669
84.943961 0.041664
84.985630 0.041669
85.027294 0.041664
85.068962 0.041668
85.110629 0.041667
85.152295 0.041666
85.193962 0.041668
85.235629 0.041667
85.277294 0.041665
85.318961 0.041667
85.360628 0.041667
85.402295 0.041667
85.443963 0.041669
85.485576 0.041613
85.527294 0.041718
85.568961 0.041667
85.610629 0.041668
85.652295 0.041667
85.693962 0.041667
85.735628 0.041666
85.777295 0.041667
85.818960 0.041665
85.860578 0.041618
85.902296 0.041718
85.943964 0.041668
85.985629 0.041665
86.027295 0.041666
86.068962 0.041667
86.110629 0.041667
86.152297 0.041668
86.193962 0.041665
86.235630 0.041668
86.277294 0.041663
86.318959 0.041666
86.360628 0.041669
86.402297 0.041668
86.443961 0.041665
86.485628 0.041667
86.527293 0.041665
86.568960 0.041667
86.610628 0.041667
86.652294 0.041666
86.693961 0.041667
86.735627 0.041666
86.777294 0.041667
86.818960 0.041665
86.860577 0.041617
86.902294 0.041717
86.943961 0.041667
86.985631 0.041669
87.027295 0.041665
87.068963 0.041667
87.110579 0.041616
87.152296 0.041718
87.193963 0.041667
87.235629 0.041665
87.277296 0.041667
87.318962 0.041666
87.360629 0.041667
87.402295 0.041666
87.443963 0.041668
87.485628 0.041665
87.527298 0.041669
87.568962 0.041665
87.610579 0.041617
87.652295 0.041716
87.693962 0.041667
87.735628 0.041666
87.777295 0.041667
87.818961 0.041666
87.860630 0.041668
87.902296 0.041667
87.943962 0.041666
87.985628 0.041666
88.027297 0.041669
88.068913 0.041616
88.110578 0.041665
88.152295 0.041716
88.193962 0.041667
88.235630 0.041668
88.277296 0.041665
88.318963 0.041667
88.360629 0.041666
88.402297 0.041668
88.443963 0.041666
88.485628 0.041665
88.527295 0.041667
88.568961 0.041666
88.610629 0.041668
88.652295 0.041666
88.693963 0.041668
88.735628 0.041665
88.777294 0.041666
88.818959 0.041665
88.860578 0.041619
88.902296 0.041718
88.943961 0.041665
88.985627 0.041666
89.027296 0.041669
89.068961 0.041665
89.110629 0.041668
89.152294 0.041665
89.193963 0.041670
89.235627 0.041664
89.277295 0.041668
89.318961 0.041666
89.360628 0.041667
89.402295 0.041667
89.443961 0.041665
89.485630 0.041669
89.527295 0.041665
89.568962 0.041667
89.610629 0.041667
89.652294 0.041665
89.693961 0.041667
89.735628 0.041668
89.777296 0.041668
89.818963 0.041667
89.860629 0.041666
89.902294 0.041666
89.943963 0.041668
89.985628 0.041666
90.027295 0.041667
90.068962 0.041666
90.110629 0.041668
90.152294 0.041664
90.193962 0.041668
90.235629 0.041667
90.277295 0.041666
90.318964 0.041669
90.360579 0.041615
90.402295 0.041716
90.443962 0.041667
90.485579 0.041617
90.527293 0.041714
90.568961 0.041667
90.610628 0.041668
90.652293 0.041665
90.693960 0.041667
90.735627 0.041667
90.777298 0.041671
90.818961 0.041663
90.860627 0.041666
90.902295 0.041668
90.943964 0.041669
90.985629 0.041665
91.027295 0.041666
91.068960 0.041665
91.110627 0.041667
91.152295 0.041668
91.193962 0.041667
91.235629 0.041667
91.277296 0.041667
91.318962 0.041666
91.360578 0.041616
91.402295 0.041717
91.443961 0.041666
91.485578 0.041617
91.527295 0.041717
91.568962 0.041667
91.610628 0.041666
91.652293 0.041665
91.693959 0.041666
91.735577 0.041618
91.777295 0.041718
91.818960 0.041665
91.860627 0.041667
91.902294 0.041667
91.943964 0.041671
91.985628 0.041663
92.027295 0.041667
92.068962 0.041667
92.110629 0.041667
92.152295 0.041666
92.193961 0.041666
92.235626 0.041665
92.277296 0.041670
92.318961 0.041665
92.360629 0.041668
92.402294 0.041666
92.443961 0.041667
92.485629 0.041668
92.527296 0.041667
92.568962 0.041666
92.610628 0.041666
92.652295 0.041666
92.693962 0.041667
92.735629 0.041667
92.777295 0.041666
92.818962 0.041667
92.860629 0.041667
92.902296 0.041667
92.943961 0.041665
92.985628 0.041667
93.027295 0.041667
93.068960 0.041665
93.110631 0.041671
93.152297 0.041665
93.193962 0.041666
93.235628 0.041666
93.277297 0.041668
93.318911 0.041615
93.360579 0.041668
93.402294 0.041714
93.443962 0.041668
93.485628 0.041666
93.527293 0.041666
93.568961 0.041668
93.610629 0.041668
93.652295 0.041666
93.693960 0.041666
93.735629 0.041668
93.777293 0.041665
93.818962 0.041669
93.860578 0.041615
93.902294 0.041716
93.943961 0.041667
93.985629 0.041668
94.027295 0.041666
94.068962 0.041667
94.110627 0.041666
94.152295 0.041667
94.193962 0.041667
94.235628 0.041666
94.277294 0.041666
94.318961 0.041667
94.360629 0.041669
94.402295 0.041666
94.443960 0.041665
94.485627 0.041666
94.527294 0.041667
94.568963 0.041669
94.610630 0.041667
94.652293 0.041663
94.693961 0.041668
94.735979 0.042018
94.777293 0.041314
94.818961 0.041668
94.860628 0.041666
94.902296 0.041668
94.943961 0.041665
94.985627 0.041666
95.027295 0.041668
95.068963 0.041668
95.110629 0.041665
95.152293 0.041665
95.193964 0.041671
95.235627 0.041663
95.277294 0.041667
95.318960 0.041666
95.360628 0.041668
95.402297 0.041669
95.443963 0.041666
95.485628 0.041665
95.527293 0.041666
95.568962 0.041669
95.610628 0.041666
95.652294 0.041665
95.693961 0.041667
95.735628 0.041667
95.777296 0.041667
95.818963 0.041667
95.860629 0.041666
95.902295 0.041666
95.943963 0.041668
95.985628 0.041666
96.027296 0.041667
96.068962 0.041667
96.110629 0.041666
96.152298 0.041669
96.193963 0.041665
96.235628 0.041666
96.277295 0.041667
96.318962 0.041667
96.360628 0.041666
96.402295 0.041667
96.443962 0.041666
96.485578 0.041616
96.527296 0.041718
96.568962 0.041666
96.610578 0.041616
96.652296 0.041718
96.693961 0.041665
96.735627 0.041666
96.777295 0.041667
96.818961 0.041667
96.860627 0.041666
96.902293 0.041666
96.943961 0.041668
96.985627 0.041666
97.027293 0.041666
97.068911 0.041618
97.110627 0.041716
97.152243 0.041616
97.193962 0.041719
97.235627 0.041665
97.277294 0.041667
97.318962 0.041668
97.360628 0.041666
97.402295 0.041668
97.443960 0.041665
97.485629 0.041669
97.527295 0.041666
97.568960 0.041665
97.610578 0.041617
97.652295 0.041718
97.693961 0.041666
97.735627 0.041666
97.777296 0.041669
97.818961 0.041665
97.860627 0.041666
97.902295 0.041668
97.943961 0.041665
97.985628 0.041667
98.027295 0.041667
98.068961 0.041666
98.110628 0.041668
98.152295 0.041667
98.193962 0.041667
98.235628 0.041665
98.277295 0.041667
98.318959 0.041665
98.360628 0.041668
98.402296 0.041668
98.443963 0.041667
98.485632 0.041670
98.527296 0.041664
98.568962 0.041666
98.610630 0.041667
98.652293 0.041664
98.693962 0.041669
98.735629 0.041666
98.777296 0.041668
98.818962 0.041666
98.860629 0.041667
98.902295 0.041666
98.943962 0.041667
98.985629 0.041667
99.027295 0.041667
99.068963 0.041668
99.110627 0.041663
99.152294 0.041667
99.193962 0.041668
99.235629 0.041667
99.277295 0.041666
99.318962 0.041667
99.360628 0.041666
99.402296 0.041668
99.443961 0.041666
99.485579 0.041617
99.527298 0.041719
99.568964 0.041666
99.610631 0.041666
99.652294 0.041663
99.693960 0.041666
99.735627 0.041667
99.777294 0.041667
99.818961 0.041667
99.860627 0.041666
99.902294 0.041667
99.943911 0.041617
99.985628 0.041718
100.027296 0.041668
100.068962 0.041665
100.110627 0.041666
100.152293 0.041666
100.193960 0.041667
100.235627 0.041666
100.277295 0.041668
100.318960 0.041665
100.360628 0.041668
100.402295 0.041667
100.443963 0.041668
100.485629 0.041666
100.527298 0.041669
100.568962 0.041664
100.610579 0.041617
100.652297 0.041717
100.693964 0.041668
100.735627 0.041663
100.777295 0.041668
100.818962 0.041666
100.860630 0.041668
100.902296 0.041666
100.943962 0.041666
100.985627 0.041665
101.027295 0.041668
101.068961 0.041666
101.110626 0.041665
101.152297 0.041670
101.193962 0.041665
101.235627 0.041665
101.277295 0.041667
101.318963 0.041668
101.360628 0.041665
101.402295 0.041667
101.443963 0.041668
101.485628 0.041665
101.527295 0.041666
101.568961 0.041666
101.610629 0.041668
101.652295 0.041666
101.693965 0.041670
101.735628 0.041663
101.777294 0.041666
101.818963 0.041669
101.860628 0.041665
101.902294 0.041666
101.943961 0.041667
101.985628 0.041666
102.027296 0.041669
102.068962 0.041666
102.110628 0.041666
102.152295 0.041667
102.193960 0.041665
102.235628 0.041667
102.277297 0.041670
102.318960 0.041662
102.360628 0.041668
102.402296 0.041669
102.443963 0.041666
102.485630 0.041667
102.527295 0.041665
102.568961 0.041666
102.610628 0.041667
102.652298 0.041670
102.693961 0.041663
102.735628 0.041667
102.777296 0.041669
102.818962 0.041666
102.860578 0.041616
102.902297 0.041719
102.943962 0.041665
102.985630 0.041668
103.027295 0.041664
103.068910 0.041615
103.110628 0.041718
103.152294 0.041666
103.193961 0.041667
103.235630 0.041669
103.277294 0.041663
103.318960 0.041666
103.360628 0.041668
103.402296 0.041668
103.443960 0.041664
103.485578 0.041618
103.527294 0.041716
103.568964 0.041669
103.610628 0.041664
103.652295 0.041667
103.693961 0.041667
103.735629 0.041667
103.777294 0.041666
103.818962 0.041668
103.860629 0.041667
103.902294 0.041665
103.943960 0.041666
103.985629 0.041669
104.027295 0.041666
104.068962 0.041667
104.110627 0.041665
104.152295 0.041668
104.193962 0.041667
104.235628 0.041666
104.277296 0.041668
104.318962 0.041666
104.360633 0.041671
104.402296 0.041663
104.443964 0.041668
104.485628 0.041664
104.527296 0.041668
104.568961 0.041665
104.610629 0.041668
104.652294 0.041665
104.693962 0.041668
104.735627 0.041665
104.777295 0.041668
104.818963 0.041669
104.860628 0.041665
104.902294 0.041665
104.943962 0.041668
104.985629 0.041667
105.027297 0.041668
105.068962 0.041665
105.110630 0.041668
105.152293 0.041663
105.193962 0.041668
105.235577 0.041616
105.277295 0.041718
105.318960 0.041666
105.360629 0.041669
105.402296 0.041667
105.443965 0.041669
105.485629 0.041664
105.527297 0.041668
105.568962 0.041665
105.610630 0.041668
105.652293 0.041664
105.693962 0.041669
105.735627 0.041665
105.777296 0.041669
105.818961 0.041665
105.860630 0.041668
105.902294 0.041664
105.943963 0.041669
105.985631 0.041668
106.027294 0.041663
106.068962 0.041668
106.110630 0.041667
106.152295 0.041665
106.193961 0.041666
106.235629 0.041667
106.277295 0.041666
106.318965 0.041670
106.360628 0.041663
106.402295 0.041667
106.443963 0.041668
106.485630 0.041666
106.527296 0.041667
106.568963 0.041667
106.610629 0.041666
106.652295 0.041666
106.693962 0.041667
106.735628 0.041666
106.777296 0.041668
106.818960 0.041665
106.860629 0.041668
106.902294 0.041666
106.943963 0.041668
106.985627 0.041665
107.027296 0.041669
107.068964 0.041668
107.110629 0.041665
107.152295 0.041666
107.193962 0.041667
107.235628 0.041666
107.277294 0.041666
107.318962 0.041669
107.360629 0.041666
107.402297 0.041668
107.443960 0.041664
107.485629 0.041669
107.527297 0.041668
107.568963 0.041666
107.610629 0.041666
107.652296 0.041667
107.693962 0.041667
107.735629 0.041666
107.777295 0.041667
107.818961 0.041666
107.860578 0.041617
107.902295 0.041717
107.943961 0.041665
107.985628 0.041667
108.027295 0.041667
108.068962 0.041667
108.110629 0.041668
108.152295 0.041666
108.193960 0.041665
108.235627 0.041667
108.277294 0.041667
108.318961 0.041666
108.360629 0.041669
108.402296 0.041667
108.443962 0.041666
108.485627 0.041665
108.527294 0.041667
108.568961 0.041668
108.610629 0.041668
108.652294 0.041665
108.693962 0.041668
108.735629 0.041667
108.777296 0.041667
108.818964 0.041668
108.860632 0.041668
108.902297 0.041665
108.943962 0.041665
108.985631 0.041669
109.027297 0.041666
109.068963 0.041666
109.110629 0.041667
109.152297 0.041668
109.193963 0.041666
109.235631 0.041667
109.277294 0.041663
109.318960 0.041666
109.360627 0.041667
109.402295 0.041667
109.443960 0.041665
109.485579 0.041619
109.527294 0.041715
109.568960 0.041666
109.610631 0.041671
109.652294 0.041663
109.693961 0.041668
109.735627 0.041665
109.777294 0.041667
109.818961 0.041668
109.860628 0.041666
109.902294 0.041667
109.943960 0.041666
109.985628 0.041667
110.027295 0.041667
110.068962 0.041667
110.110629 0.041667
110.152296 0.041666
110.193963 0.041667
110.235628 0.041665
110.277296 0.041668
110.318963 0.041667
110.360630 0.041666
110.402295 0.041666
110.443962 0.041667
110.485631 0.041669
110.527294 0.041663
110.568961 0.041667
110.610630 0.041669
110.652294 0.041664
110.693962 0.041668
110.735627 0.041665
110.777297 0.041670
110.818961 0.041665
110.860627 0.041666
110.902293 0.041666
110.943960 0.041667
110.985627 0.041667
111.027295 0.041668
111.068960 0.041664
111.110629 0.041669
111.152294 0.041665
111.193911 0.041617
111.235578 0.041667
111.277293 0.041716
111.318960 0.041667
111.360578 0.041617
111.402296 0.041719
111.443961 0.041665
111.485627 0.041666
111.527294 0.041667
111.568960 0.041667
111.610628 0.041668
111.652294 0.041665
111.693960 0.041667
111.735628 0.041668
111.777294 0.041666
111.818961 0.041667
111.860627 0.041666
111.902296 0.041669
111.943962 0.041665
111.985628 0.041666
112.027295 0.041667
112.068961 0.041665
112.110627 0.041666
112.152294 0.041666
112.193961 0.041667
112.235628 0.041667
112.277296 0.041668
112.318962 0.041666
112.360628 0.041666
112.402296 0.041668
112.443961 0.041665
112.485629 0.041668
112.527295 0.041666
112.568961 0.041666
112.610629 0.041668
112.652294 0.041665
112.693962 0.041668
112.735628 0.041666
112.777297 0.041669
112.818961 0.041664
112.860628 0.041667
112.902293 0.041665
112.943962 0.041669
112.985627 0.041665
113.027297 0.041670
113.068962 0.041665
113.110629 0.041667
113.152295 0.041666
113.193966 0.041671
113.235627 0.041662
113.277296 0.041669
113.318912 0.041615
113.360629 0.041717
113.402295 0.041666
113.443962 0.041667
113.485627 0.041666
113.527295 0.041667
113.568961 0.041666
113.610632 0.041671
113.652295 0.041663
113.693962 0.041667
113.735627 0.041665
113.777299 0.041671
113.818961 0.041663
113.860629 0.041667
113.902295 0.041666
113.943963 0.041669
113.985628 0.041665
114.027295 0.041667
114.068962 0.041667
114.110579 0.041617
114.152293 0.041714
114.193961 0.041668
114.235631 0.041671
114.277294 0.041663
114.318961 0.041666
114.360628 0.041668
114.402295 0.041666
114.443962 0.041667
114.485578 0.041616
114.527295 0.041718
114.568961 0.041666
114.610629 0.041668
114.652294 0.041665
114.693961 0.041666
114.735630 0.041670
114.777295 0.041665
114.818962 0.041667
114.860629 0.041668
114.902294 0.041665
114.943962 0.041668
114.985630 0.041668
115.027296 0.041666
115.068962 0.041665
115.110630 0.041669
115.152296 0.041665
115.193963 0.041668
115.235628 0.041665
115.277295 0.041667
115.318962 0.041666
115.360630 0.041668
115.402295 0.041666
115.443963 0.041667
115.485579 0.041617
115.527296 0.041716
115.568963 0.041667
115.610629 0.041667
115.652295 0.041666
115.693963 0.041668
115.735579 0.041616
115.777295 0.041716
115.818962 0.041667
115.860629 0.041667
115.902296 0.041667
115.943963 0.041667
115.985630 0.041667
116.027297 0.041667
116.068963 0.041667
116.110629 0.041666
116.152296 0.041667
116.193963 0.041667
116.235580 0.041617
116.277295 0.041715
116.318962 0.041667
116.360580 0.041617
116.402296 0.041717
116.443963 0.041666
116.485629 0.041666
116.527296 0.041667
116.568963 0.041668
116.610629 0.041666
116.652296 0.041667
116.693962 0.041666
116.735629 0.041667
116.777295 0.041666
116.818962 0.041667
116.860629 0.041667
116.902296 0.041667
116.943962 0.041666
116.985580 0.041618
117.027295 0.041716
117.068962 0.041667
117.110629 0.041666
117.152295 0.041666
117.193962 0.041667
117.235628 0.041666
117.277296 0.041667
117.318962 0.041666
117.360629 0.041668
117.402295 0.041665
117.443962 0.041667
117.485629 0.041667
117.527295 0.041667
117.568961 0.041666
117.610628 0.041667
117.652295 0.041667
117.693962 0.041667
117.735628 0.041666
117.777294 0.041667
117.818962 0.041668
117.860630 0.041667
117.902296 0.041666
117.943962 0.041666
117.985629 0.041667
118.027295 0.041665
118.071854 0.044559
118.110629 0.038775
118.152295 0.041666
118.193961 0.041666
118.235631 0.041670
118.277295 0.041664
118.318963 0.041668
118.360629 0.041666
118.402295 0.041666
118.443961 0.041666
118.485631 0.041670
118.527294 0.041663
118.568962 0.041667
118.610580 0.041618
118.652294 0.041714
118.693962 0.041668
118.735628 0.041666
118.777296 0.041668
118.818963 0.041667
118.860630 0.041667
118.902294 0.041664
118.943962 0.041668
118.985630 0.041668
119.027296 0.041666
119.068962 0.041666
119.110629 0.041668
119.152295 0.041665
119.193963 0.041668
119.235628 0.041665
119.277295 0.041668
119.318962 0.041666
119.360630 0.041668
119.402296 0.041666
119.443961 0.041665
119.485628 0.041667
119.527296 0.041668
119.568962 0.041666
119.610630 0.041668
119.652296 0.041666
119.693963 0.041667
119.735628 0.041665
119.777295 0.041667
119.818963 0.041668
119.860630 0.041667
119.902296 0.041666
119.943962 0.041666
119.985628 0.041666
120.027297 0.041669
120.068962 0.041666
120.110629 0.041667
120.152296 0.041667
120.193962 0.041666
120.235629 0.041667
120.277297 0.041668
120.318961 0.041664
120.360630 0.041669
120.402296 0.041666
120.443964 0.041668
120.485629 0.041665
120.527297 0.041667
120.568964 0.041667
120.610631 0.041667
120.652297 0.041665
120.693963 0.041666
120.735630 0.041667
120.777297 0.041666
120.818964 0.041667
120.860631 0.041667
120.902296 0.041665
120.943964 0.041668
120.985631 0.041668
121.027297 0.041666
121.068962 0.041665
121.110629 0.041668
121.152298 0.041669
121.193964 0.041666
121.235629 0.041665
121.277296 0.041667
121.318963 0.041666
121.360581 0.041618
121.402297 0.041716
121.443963 0.041666
121.485629 0.041666
121.527297 0.041668
121.568962 0.041664
121.610630 0.041669
121.652297 0.041667
121.693963 0.041667
121.735630 0.041667
121.777297 0.041667
121.818963 0.041666
121.860631 0.041668
121.902296 0.041665
121.943962 0.041667
121.985631 0.041668
122.027296 0.041666
122.068962 0.041665
122.110578 0.041617
122.152294 0.041716
122.193962 0.041668
122.235629 0.041668
122.277296 0.041666
122.318963 0.041667
122.360629 0.041666
122.402295 0.041666
122.443962 0.041667
122.485580 0.041618
122.527294 0.041713
122.568963 0.041669
122.610629 0.041666
122.652295 0.041667
122.693964 0.041669
122.735629 0.041665
122.777296 0.041667
122.818962 0.041666
122.860628 0.041666
122.902295 0.041667
122.943962 0.041667
122.985629 0.041667
123.027297 0.041668
123.068963 0.041667
123.110629 0.041665
123.152296 0.041667
123.193962 0.041666
123.235629 0.041667
123.277295 0.041667
123.318962 0.041667
123.360580 0.041618
123.402295 0.041715
123.443962 0.041667
123.485628 0.041666
123.527296 0.041668
123.568962 0.041667
123.610629 0.041667
123.652295 0.041666
123.693962 0.041666
123.735628 0.041666
123.777295 0.041667
123.818961 0.041667
123.860630 0.041669
123.902294 0.041663
123.943961 0.041668
123.985630 0.041669
124.027298 0.041668
124.068961 0.041663
124.110628 0.041667
124.152294 0.041666
124.193962 0.041668
124.235629 0.041667
124.277294 0.041665
124.318964 0.041670
124.360628 0.041664
124.402295 0.041666
124.443967 0.041672
124.485577 0.041610
124.527297 0.041720
124.568963 0.041666
124.610629 0.041666
124.652294 0.041665
124.693962 0.041668
124.735629 0.041668
124.777297 0.041668
124.818963 0.041665
124.860629 0.041666
124.902296 0.041667
124.943960 0.041664
124.985578 0.041618
125.027295 0.041717
125.068959 0.041665
125.110627 0.041668
125.152294 0.041667
125.193960 0.041666
125.235628 0.041668
125.277294 0.041666
125.318960 0.041666
125.360628 0.041667
125.402293 0.041665
125.443961 0.041668
125.485577 0.041616
125.527294 0.041717
125.568960 0.041666
125.610627 0.041667
125.652296 0.041669
125.693963 0.041667
125.735626 0.041663
125.777297 0.041671
125.818963 0.041666
125.860629 0.041666
125.902294 0.041665
125.943959 0.041665
