0.053378 0.053378
0.089453 0.036074
0.121256 0.031804
0.152789 0.031533
0.186185 0.033396
0.273681 0.087495
0.306659 0.032978
0.346081 0.039422
0.386084 0.040003
0.428036 0.041952
0.466364 0.038329
0.506971 0.040607
0.549163 0.042192
0.586188 0.037025
0.626159 0.039971
0.666161 0.040003
0.706695 0.040534
0.746179 0.039484
0.786182 0.040003
0.828268 0.042086
0.877469 0.049201
0.912347 0.034878
0.952493 0.040147
0.986299 0.033806
1.034411 0.048111
1.066373 0.031962
1.108523 0.042150
1.148807 0.040284
1.186152 0.037345
1.262474 0.076323
1.314333 0.051859
1.354021 0.039688
1.394760 0.040739
1.426124 0.031364
1.480739 0.054615
1.569935 0.089196
1.608624 0.038689
1.647984 0.039360
1.687849 0.039865
1.706197 0.018348
1.749959 0.043762
1.805271 0.055312
1.867220 0.061948
1.951859 0.084640
2.000679 0.048820
2.026257 0.025578
2.066176 0.039919
2.131095 0.064920
2.186178 0.055082
2.237336 0.051158
2.306155 0.068819
2.368226 0.062071
2.386181 0.017956
2.447214 0.061033
2.517488 0.070273
2.566851 0.049363
2.604892 0.038041
2.626658 0.021766
2.667072 0.040414
2.706182 0.039110
2.781983 0.075802
2.866167 0.084184
2.906175 0.040008
2.946169 0.039993
2.991624 0.045456
3.030989 0.039365
3.073860 0.042871
3.116914 0.043054
3.157595 0.040680
3.197507 0.039912
3.226158 0.028650
3.289951 0.063794
3.347630 0.057679
3.423565 0.075935
3.466166 0.042601
3.506174 0.040008
3.546175 0.040000
3.586170 0.039996
3.626146 0.039976
3.666175 0.040029
3.706174 0.040000
3.748628 0.042454
3.787082 0.038454
3.826269 0.039187
3.874490 0.048221
3.906179 0.031689
3.946176 0.039997
3.986179 0.040003
4.026176 0.039997
4.066151 0.039975
4.106183 0.040032
4.146190 0.040007
4.186186 0.039996
4.226911 0.040725
4.282843 0.055932
4.316679 0.033836
4.346169 0.029489
4.417616 0.071447
4.466172 0.048556
4.506149 0.039977
4.546172 0.040024
4.586178 0.040006
4.626174 0.039996
4.666178 0.040003
4.706179 0.040001
4.746175 0.039996
4.786182 0.040007
4.826183 0.040000
4.866178 0.039996
4.906154 0.039976
4.946148 0.039994
4.986174 0.040026
5.026184 0.040009
5.066180 0.039996
5.106153 0.039973
5.148577 0.042423
5.186190 0.037614
5.226173 0.039983
5.266181 0.040008
5.306179 0.039998
5.346177 0.039998
5.386171 0.039994
5.426153 0.039982
5.466176 0.040023
5.506175 0.039999
5.546183 0.040008
5.586173 0.039990
5.626154 0.039981
5.666174 0.040021
5.706153 0.039979
5.746177 0.040024
5.786187 0.040009
5.826179 0.039992
5.866183 0.040004
5.916515 0.050333
5.951945 0.035430
5.986182 0.034237
6.026178 0.039997
6.066190 0.040012
6.106180 0.039990
6.146187 0.040007
6.191692 0.045505
6.226181 0.034489
6.266175 0.039994
6.306156 0.039981
6.346175 0.040018
6.386186 0.040011
6.426180 0.039995
6.466180 0.040000
6.506152 0.039972
6.546180 0.040028
6.586180 0.040000
6.626174 0.039995
6.666180 0.040006
6.706149 0.039969
6.746232 0.040083
6.786141 0.039909
6.826182 0.040041
6.866178 0.039996
6.906178 0.040000
6.946152 0.039973
6.986176 0.040024
7.026179 0.040004
7.066183 0.040003
7.106234 0.040051
7.146145 0.039911
7.186149 0.040003
7.226174 0.040026
7.272153 0.045979
7.311066 0.038913
7.354538 0.043472
7.386183 0.031644
7.426179 0.039996
7.472069 0.045890
7.506151 0.034082
7.546158 0.040006
7.588614 0.042457
7.626278 0.037663
7.666178 0.039901
7.714306 0.048128
7.754769 0.040463
7.786189 0.031420
7.826176 0.039987
7.879204 0.053028
7.919305 0.040101
7.968083 0.048777
8.007777 0.039694
8.026154 0.018377
8.072054 0.045900
8.110348 0.038293
8.147488 0.037140
8.187276 0.039789
8.226631 0.039354
8.269304 0.042673
8.306182 0.036879
8.346158 0.039976
8.388052 0.041894
8.426185 0.038133
8.466151 0.039966
8.511910 0.045759
8.546140 0.034230
8.586513 0.040372
8.634509 0.047996
8.672705 0.038196
8.706167 0.033462
8.752578 0.046411
8.790889 0.038310
8.836159 0.045270
8.866175 0.030016
8.906152 0.039977
8.946176 0.040024
8.987075 0.040899
9.026182 0.039107
9.073086 0.046904
9.106184 0.033098
9.168757 0.062574
9.207758 0.039001
9.251146 0.043388
9.291028 0.039882
9.307781 0.016753
9.368172 0.060391
9.402806 0.034633
9.441008 0.038202
9.474902 0.033894
9.506121 0.031219
9.546119 0.039998
9.586132 0.040014
9.626179 0.040047
9.706142 0.079962
9.780149 0.074007
9.826169 0.046020
9.869486 0.043318
9.911724 0.042237
9.946183 0.034459
9.999657 0.053474
10.035653 0.035996
10.066156 0.030502
10.106148 0.039993
10.146181 0.040033
10.186152 0.039970
10.226174 0.040022
10.266152 0.039979
10.306182 0.040030
10.346176 0.039994
10.386149 0.039974
10.426182 0.040033
10.475581 0.049399
10.515008 0.039427
10.546185 0.031176
10.594596 0.048411
10.626182 0.031586
10.666231 0.040049
10.706146 0.039915
10.746183 0.040037
10.786157 0.039974
