0.031650 0.031650
0.059514 0.027863
0.099553 0.040039
0.139584 0.040032
0.179552 0.039967
0.219548 0.039997
0.259503 0.039955
0.299574 0.040071
0.339572 0.039998
0.379585 0.040012
0.419533 0.039948
0.459541 0.040009
0.499579 0.040038
0.539578 0.039999
0.579575 0.039997
0.619576 0.040001
0.659576 0.040001
0.699575 0.039999
0.739578 0.040003
0.779541 0.039963
0.819582 0.040041
0.859576 0.039994
0.899573 0.039997
0.939559 0.039986
0.979552 0.039993
1.019547 0.039995
1.059545 0.039998
1.099546 0.040001
1.139546 0.040000
1.179544 0.039998
1.219543 0.039999
1.259544 0.040001
1.299544 0.040000
1.339494 0.039950
1.379544 0.040050
1.419545 0.040001
1.459543 0.039998
1.499544 0.040001
1.539544 0.040000
1.579550 0.040006
1.619544 0.039994
1.659545 0.040001
1.699496 0.039951
1.739544 0.040048
1.779548 0.040004
1.819497 0.039949
1.859546 0.040049
1.899547 0.040001
1.939545 0.039998
1.979549 0.040003
2.019545 0.039996
2.059544 0.039999
2.099548 0.040004
2.139547 0.039999
2.179548 0.040002
2.219548 0.039999
2.259547 0.039999
2.299497 0.039951
2.339546 0.040048
2.379562 0.040016
2.419545 0.039984
2.459494 0.039948
2.499545 0.040051
2.539545 0.040000
2.579545 0.040000
2.619544 0.040000
2.659544 0.040000
2.699545 0.040001
2.739545 0.040000
2.779548 0.040003
2.819544 0.039996
2.859545 0.040000
2.899545 0.040001
2.939544 0.039998
2.979548 0.040005
3.019499 0.039950
3.059547 0.040048
3.099550 0.040003
3.139548 0.039998
3.179549 0.040001
3.219501 0.039952
3.259499 0.039997
3.299548 0.040050
3.339547 0.039998
3.379548 0.040001
3.419546 0.039998
3.459546 0.039999
3.499546 0.040000
3.539545 0.039999
3.579548 0.040003
3.619546 0.039999
3.659495 0.039949
3.699547 0.040051
3.739546 0.039999
3.779545 0.039999
3.819545 0.040000
3.859495 0.039950
3.899548 0.040052
3.939545 0.039998
3.979548 0.040003
4.019496 0.039948
4.059496 0.040000
4.099548 0.040051
4.139547 0.039999
4.179545 0.039999
4.219549 0.040003
4.259547 0.039998
4.299547 0.040000
4.339495 0.039948
4.379545 0.040050
4.419546 0.040000
4.459546 0.040001
4.499547 0.040001
4.539548 0.040001
4.579550 0.040001
4.619549 0.039999
4.659548 0.039999
4.699546 0.039998
4.739545 0.039999
4.779546 0.040001
4.819545 0.039999
4.859495 0.039949
4.899546 0.040051
4.939546 0.040001
4.979557 0.040010
5.019547 0.039990
5.059553 0.040006
5.099498 0.039945
5.139546 0.040048
5.179548 0.040002
5.219547 0.039999
5.259546 0.039999
5.299496 0.039950
5.339495 0.039999
5.379546 0.040051
5.419545 0.039999
5.459495 0.039950
5.499547 0.040052
5.539546 0.039999
5.579547 0.040001
5.619545 0.039998
5.659546 0.040001
5.699547 0.040002
5.739545 0.039998
5.779548 0.040003
5.819546 0.039998
5.859546 0.040001
5.899546 0.039999
5.939546 0.040000
5.979545 0.039999
6.019548 0.040002
6.059544 0.039997
6.099546 0.040002
6.139547 0.040001
6.179546 0.039998
6.219547 0.040001
6.259545 0.039999
6.299548 0.040003
6.339546 0.039998
6.379548 0.040002
6.419545 0.039996
6.459547 0.040002
6.499547 0.040000
6.539547 0.040000
6.579549 0.040003
6.619547 0.039997
6.659550 0.040003
6.699545 0.039996
6.739546 0.040001
6.779547 0.040001
6.819546 0.039999
6.859545 0.039999
6.899546 0.040000
6.939545 0.040000
6.979551 0.040005
7.019546 0.039995
7.059545 0.039999
7.099546 0.040002
7.139545 0.039999
7.179545 0.040000
7.219547 0.040002
7.259546 0.039999
7.299546 0.040000
7.339546 0.040001
7.379546 0.040000
7.419545 0.039999
7.459546 0.040000
7.499546 0.040001
7.539545 0.039999
7.579550 0.040005
7.619495 0.039946
7.659545 0.040050
7.699547 0.040001
7.739546 0.040000
7.779546 0.040000
7.819546 0.040000
7.859496 0.039949
7.899547 0.040052
7.939545 0.039998
7.979548 0.040002
8.019545 0.039998
8.059546 0.040001
8.099545 0.039999
8.139495 0.039950
8.179550 0.040055
8.219547 0.039998
8.259545 0.039998
8.299546 0.040002
8.339547 0.040000
8.379496 0.039949
8.419545 0.040049
8.459548 0.040003
8.499548 0.040000
8.539546 0.039999
8.579545 0.039999
8.619547 0.040002
8.659546 0.040000
8.699545 0.039999
8.739546 0.040001
8.779549 0.040003
8.819547 0.039998
8.859547 0.040000
8.899547 0.040000
8.939546 0.039999
8.979546 0.040000
9.019547 0.040001
9.059547 0.040000
9.099547 0.040000
9.139545 0.039998
9.179545 0.040000
9.219546 0.040001
9.259547 0.040001
9.299546 0.039999
9.339545 0.040000
9.379550 0.040004
9.419545 0.039996
9.459546 0.040000
9.499546 0.040000
9.539545 0.039999
9.579546 0.040002
9.619547 0.040000
9.659545 0.039998
9.699545 0.040000
9.739546 0.040001
9.779545 0.039999
9.819546 0.040002
9.859546 0.039999
9.899545 0.040000
9.939545 0.040000
9.979549 0.040004
10.019546 0.039997
10.059545 0.039999
10.099545 0.040000
10.139545 0.040000
10.179545 0.040000
10.219545 0.040001
10.259495 0.039950
10.299546 0.040051
10.339546 0.040000
10.379545 0.039999
10.419547 0.040002
10.459545 0.039998
10.499495 0.039950
10.539550 0.040054
10.579501 0.039952
10.619546 0.040044
10.659546 0.040000
10.699545 0.039999
10.739546 0.040001
10.779546 0.040001
10.819545 0.039998
10.859543 0.039999
10.899545 0.040002
10.939495 0.039950
10.979546 0.040051
11.019546 0.040000
11.059544 0.039998
11.099496 0.039951
11.139545 0.040049
11.179543 0.039999
11.219547 0.040004
11.259494 0.039947
11.299546 0.040052
11.339494 0.039948
11.379545 0.040051
11.419545 0.040000
11.459494 0.039950
11.499545 0.040051
11.539494 0.039949
11.579545 0.040051
11.619545 0.040000
11.659545 0.040001
11.699549 0.040003
11.739546 0.039997
11.779545 0.039999
11.819546 0.040001
11.859546 0.040000
11.899546 0.040000
11.939545 0.039998
11.979545 0.040001
12.019496 0.039951
12.059545 0.040049
12.099546 0.040001
12.139544 0.039999
12.179545 0.040001
12.219544 0.039999
12.259545 0.040001
12.299545 0.040000
12.339543 0.039998
12.379545 0.040001
12.419547 0.040002
12.459496 0.039949
12.499545 0.040050
12.539545 0.040000
12.579545 0.040000
12.619545 0.040000
12.659546 0.040002
12.699547 0.040000
12.739545 0.039999
12.779545 0.039999
12.819545 0.040001
12.859494 0.039949
12.899545 0.040050
12.939546 0.040001
12.979546 0.040000
13.019546 0.040000
13.059545 0.039999
13.099547 0.040002
13.139546 0.039999
13.179546 0.040000
13.219545 0.039999
13.259545 0.040001
13.299545 0.040000
13.339545 0.039999
13.379545 0.040000
13.419545 0.040000
13.459545 0.040000
13.499545 0.040000
13.539545 0.039999
13.579546 0.040002
13.619545 0.039999
13.659546 0.040000
13.699545 0.039999
13.739545 0.040000
13.779545 0.040000
13.819544 0.039999
13.859545 0.040000
13.899496 0.039951
13.939546 0.040050
13.979546 0.040000
14.019546 0.040000
14.059496 0.039950
14.099547 0.040051
14.139545 0.039998
14.179546 0.040000
14.222715 0.043169
14.259546 0.036831
14.299546 0.040000
14.339546 0.040001
14.379545 0.039999
14.419545 0.040000
14.459546 0.040002
14.499550 0.040004
14.539546 0.039995
14.579544 0.039999
14.619545 0.040000
14.659546 0.040001
14.699547 0.040002
14.739494 0.039947
14.779546 0.040052
14.819546 0.040000
14.859545 0.039999
14.899497 0.039952
14.939547 0.040049
14.979547 0.040000
15.019545 0.039998
15.059496 0.039950
15.099547 0.040051
15.139545 0.039998
15.179544 0.039999
15.219544 0.040000
15.259546 0.040002
15.299545 0.039998
15.339546 0.040001
15.379546 0.040000
15.419496 0.039950
15.459545 0.040049
15.499546 0.040001
15.539544 0.039998
15.579546 0.040002
15.619543 0.039997
15.659495 0.039952
15.699546 0.040052
15.739545 0.039998
15.779549 0.040005
15.819544 0.039995
15.859545 0.040001
15.899498 0.039953
15.939545 0.040047
15.979496 0.039952
16.019546 0.040049
16.059548 0.040002
16.099545 0.039997
16.139544 0.039999
16.179494 0.039950
16.219494 0.040000
16.259544 0.040050
16.299546 0.040001
16.339495 0.039949
16.379544 0.040050
16.419496 0.039952
16.459495 0.039999
16.499495 0.040000
16.539550 0.040055
16.579495 0.039945
16.619494 0.040000
16.659546 0.040051
16.699545 0.040000
16.739495 0.039950
16.779544 0.040049
16.819547 0.040002
16.859545 0.039998
16.899498 0.039953
16.939547 0.040050
16.979544 0.039996
17.019544 0.040000
17.059544 0.040000
17.099545 0.040001
17.139545 0.040000
17.179496 0.039951
17.219544 0.040048
17.259544 0.040000
17.299546 0.040002
17.339546 0.040001
17.379494 0.039948
17.419494 0.040000
17.459494 0.039999
17.499496 0.040002
17.539544 0.040048
17.579495 0.039951
17.619547 0.040051
17.659546 0.040000
17.699547 0.040001
17.739546 0.039999
17.779544 0.039999
17.819544 0.040000
17.859494 0.039950
17.899548 0.040054
17.939544 0.039995
17.979544 0.040000
18.019496 0.039952
18.059543 0.040047
18.099545 0.040002
18.139545 0.040000
18.179546 0.040001
18.219544 0.039998
18.259543 0.039999
18.299496 0.039953
18.339494 0.039998
18.379494 0.040000
18.419495 0.040001
18.459494 0.039999
18.499496 0.040001
18.539496 0.040000
18.579546 0.040050
18.619545 0.039999
18.659546 0.040001
18.699547 0.040000
18.739544 0.039998
18.779544 0.040000
18.819545 0.040001
18.859546 0.040001
18.899547 0.040001
18.939495 0.039948
18.979546 0.040051
19.019495 0.039949
19.059496 0.040001
19.099547 0.040051
19.139544 0.039996
19.179545 0.040002
19.219495 0.039949
19.259547 0.040052
19.299546 0.039999
19.339546 0.040000
19.379545 0.039998
19.419495 0.039950
19.459544 0.040049
19.499497 0.039953
19.539545 0.040048
19.579544 0.039999
19.619544 0.040000
19.659548 0.040003
19.699547 0.039999
19.739546 0.039999
19.779545 0.039999
19.819548 0.040003
19.859546 0.039999
19.899546 0.040000
19.939545 0.039999
19.979497 0.039952
20.019545 0.040048
20.059545 0.040000
20.099545 0.040000
20.139495 0.039950
20.179544 0.040049
20.219545 0.040001
20.259497 0.039952
20.299547 0.040050
20.339544 0.039997
20.379494 0.039950
20.419494 0.039999
20.459545 0.040051
20.499546 0.040001
20.539547 0.040001
20.579544 0.039997
20.619544 0.040000
20.659494 0.039949
20.699546 0.040053
20.739546 0.039999
20.779495 0.039949
20.819546 0.040051
20.859544 0.039998
20.899544 0.040000
20.939545 0.040000
20.979545 0.040000
21.019545 0.040000
21.059544 0.040000
21.099547 0.040003
21.139494 0.039947
21.179543 0.040050
21.219546 0.040002
21.259496 0.039950
21.299497 0.040001
21.339547 0.040050
21.379494 0.039947
21.419544 0.040050
21.459545 0.040001
21.499546 0.040001
21.539546 0.039999
21.579544 0.039999
21.619544 0.040000
21.659544 0.039999
21.699546 0.040002
21.739495 0.039949
21.779544 0.040048
21.819545 0.040001
21.859494 0.039949
21.899517 0.040023
21.939544 0.040027
21.979494 0.039951
22.019545 0.040050
22.059544 0.039999
22.099545 0.040001
22.139495 0.039950
22.179544 0.040049
22.219494 0.039950
22.259544 0.040050
22.299494 0.039950
22.339544 0.040050
22.379545 0.040001
22.419494 0.039949
22.459544 0.040050
22.499494 0.039950
22.539546 0.040052
22.579544 0.039998
22.619545 0.040001
22.659544 0.039999
22.699495 0.039951
22.739544 0.040049
22.779544 0.040001
22.819544 0.040000
22.859545 0.040001
22.899546 0.040001
22.939545 0.039999
22.979544 0.039999
23.019494 0.039950
23.059546 0.040051
23.099494 0.039948
23.139494 0.040000
23.179544 0.040050
23.219544 0.040000
23.259544 0.040000
23.299544 0.040000
23.339543 0.039999
23.379544 0.040001
23.419545 0.040001
23.459545 0.039999
23.499494 0.039950
23.539494 0.040000
23.579545 0.040051
23.619544 0.039999
23.659544 0.040000
23.699544 0.039999
23.739545 0.040001
23.779543 0.039999
23.819544 0.040001
23.859543 0.039999
23.899544 0.040001
23.939544 0.040000
23.979545 0.040000
24.019544 0.039999
24.059495 0.039951
24.099544 0.040049
24.139545 0.040001
24.179544 0.039999
24.219545 0.040001
24.259543 0.039999
24.299543 0.040000
24.339493 0.039950
24.379544 0.040051
24.419543 0.039999
24.459494 0.039951
24.499493 0.039999
24.539544 0.040052
24.579548 0.040004
24.619546 0.039998
24.659545 0.039999
24.699545 0.039999
24.739544 0.039999
24.779544 0.040000
24.819494 0.039950
24.859544 0.040050
24.899544 0.040000
24.939544 0.040000
24.979545 0.040001
25.019547 0.040002
25.059544 0.039996
25.099499 0.039955
25.139494 0.039995
25.179544 0.040050
25.219544 0.040000
25.259545 0.040001
25.299544 0.039998
25.339544 0.040000
25.379544 0.040000
25.419545 0.040001
25.459544 0.039999
25.499545 0.040001
25.539494 0.039949
25.579545 0.040051
25.619493 0.039948
25.659545 0.040052
25.699544 0.039999
25.739544 0.040000
25.779493 0.039949
25.819544 0.040051
25.859544 0.040000
25.899545 0.040001
25.939494 0.039949
25.979495 0.040002
26.019544 0.040049
26.059495 0.039951
26.099543 0.040048
26.139545 0.040001
26.179545 0.040001
26.219545 0.040000
26.259544 0.039999
26.299545 0.040001
26.339546 0.040001
26.379494 0.039948
26.419545 0.040051
26.459544 0.039999
26.499495 0.039951
26.539545 0.040050
26.579495 0.039950
26.619544 0.040049
26.659545 0.040001
26.699544 0.039999
26.739545 0.040001
26.779544 0.039999
26.819545 0.040000
26.859493 0.039949
26.899544 0.040050
26.939498 0.039954
26.979547 0.040049
27.019546 0.039999
27.059547 0.040001
27.099547 0.040000
27.139544 0.039996
27.179545 0.040001
27.219496 0.039952
