0.000000 0
0.260118 1
0.510227 2
0.759932 3
1.009568 4
1.260565 5
1.509490 6
1.759608 7
2.008381 8
2.258203 9
2.509278 10
2.758628 11
3.010218 12
3.258255 13
3.507975 14
3.757659 15
4.007571 16
4.258267 17
4.505318 18
4.754645 19
5.003517 20
5.253734 21
5.503711 22
5.752881 23
6.004870 24
6.254999 25
6.506617 26
6.756879 27
7.008379 28
7.258762 29
7.508516 30
7.758739 31
8.008675 32
8.258300 33
8.509981 34
8.759170 35
9.009995 36
9.259134 37
9.509060 38
9.759073 39
10.008596 40
10.258715 41
10.508429 42
10.758248 43
11.007570 44
11.257867 45
11.508528 46
11.758299 47
12.033451 48
12.258742 49
12.508209 50
12.758543 51
13.007530 52
13.257146 53
13.506826 54
13.757148 55
14.007393 56
14.256121 57
14.506423 58
14.836694 59
15.086913 60
15.335561 61
15.581682 62
15.834642 63
16.085660 64
16.334465 65
16.584366 66
16.836555 67
17.088599 68
17.341672 69
17.593087 70
17.843203 71
18.094035 72
18.344283 73
18.593031 74
18.840513 75
19.095001 76
19.344658 77
19.594771 78
19.843439 79
20.093261 80
20.340228 81
20.594041 82
20.843959 83
21.094311 84
21.344042 85
21.593834 86
21.839632 87
22.093859 88
22.343879 89
22.593426 90
22.841707 91
23.089613 92
23.428335 93
23.591868 94
23.835317 95
24.083987 96
24.332250 97
24.581936 98
24.834889 99
25.081509 100
25.334233 101
25.587395 102
25.838050 103
26.090546 104
26.341587 105
26.588015 106
26.842415 107
27.092254 108
27.341253 109
27.588498 110
27.844140 111
28.094758 112
28.344900 113
28.595791 114
28.843716 115
29.094034 116
29.344922 117
29.590252 118
29.844330 119
30.094059 120
30.344651 121
30.594705 122
30.843803 123
31.093993 124
31.342681 125
31.592312 126
31.836424 127
32.087793 128
32.335360 129
32.583586 130
32.832016 131
33.082770 132
33.333156 133
33.582956 134
33.837019 135
34.088343 136
34.339664 137
34.590700 138
34.840231 139
35.094181 140
35.344867 141
35.594584 142
35.843428 143
36.095763 144
36.345577 145
36.595701 146
36.846147 147
37.093813 148
37.345447 149
37.595193 150
37.840903 151
38.093558 152
38.343282 153
38.592676 154
38.842255 155
39.092846 156
39.344466 157
39.590650 158
39.843964 159
40.093230 160
40.343323 161
40.592010 162
40.840829 163
41.084013 164
41.334711 165
41.584395 166
41.830272 167
42.081482 168
42.331965 169
42.585765 170
42.837277 171
43.088666 172
43.337454 173
43.591133 174
43.840563 175
44.095032 176
44.345681 177
44.595954 178
44.759828 179
45.009866 180
45.259432 181
45.508221 182
45.757018 183
46.008438 184
46.257788 185
46.507414 186
46.757437 187
47.008690 188
47.257873 189
47.507898 190
47.758433 191
48.006135 192
48.255199 193
48.505566 194
48.757821 195
49.005592 196
49.253811 197
49.502879 198
49.753052 199
50.001708 200
50.251280 201
50.500466 202
50.749044 203
50.999287 204
51.250226 205
51.501182 206
51.752564 207
52.003322 208
52.253408 209
52.505302 210
52.756527 211
53.009005 212
53.259665 213
53.509248 214
53.760660 215
54.010456 216
54.260173 217
54.510779 218
54.759989 219
55.009395 220
55.259867 221
55.510187 222
55.760697 223
56.011079 224
56.260442 225
56.510144 226
56.759982 227
57.010921 228
57.259905 229
57.510300 230
57.759945 231
58.010463 232
58.259461 233
58.509020 234
58.758602 235
59.007495 236
59.255236 237
59.504949 238
59.754504 239
60.004590 240
60.252439 241
60.500960 242
60.751491 243
60.999276 244
61.250327 245
61.504930 246
61.755676 247
62.003689 248
62.253113 249
62.503745 250
62.753662 251
63.002896 252
63.254329 253
63.503810 254
63.753339 255
64.004699 256
64.255378 257
64.503827 258
64.753463 259
65.004880 260
65.254603 261
