0.016750 0.016750
0.027478 0.010728
0.042270 0.014792
0.062298 0.020028
0.082270 0.019973
0.102292 0.020022
0.122290 0.019998
0.142293 0.020002
0.162275 0.019983
0.182295 0.020019
0.202293 0.019998
0.222335 0.020043
0.242295 0.019960
0.262272 0.019977
0.282295 0.020024
0.302273 0.019978
0.323046 0.020773
0.342327 0.019282
0.362336 0.020009
0.382335 0.019999
0.402301 0.019966
0.422336 0.020034
0.442330 0.019994
0.462325 0.019995
0.482273 0.019948
0.502337 0.020063
0.522268 0.019932
0.542346 0.020078
0.562271 0.019924
0.582326 0.020055
0.602292 0.019966
0.622338 0.020045
0.642332 0.019994
0.662327 0.019996
0.682328 0.020000
0.702336 0.020008
0.722290 0.019954
0.742325 0.020035
0.762324 0.020000
0.782297 0.019972
0.802267 0.019970
0.822267 0.020001
0.842268 0.020000
0.862291 0.020023
0.882269 0.019979
0.902279 0.020009
0.922267 0.019988
0.942291 0.020024
0.962326 0.020035
0.982289 0.019963
1.002321 0.020032
1.022332 0.020010
1.042290 0.019959
1.062313 0.020023
1.082322 0.020009
1.102328 0.020006
1.122335 0.020007
1.142336 0.020001
1.162334 0.019999
1.182327 0.019993
1.202325 0.019998
1.222293 0.019968
1.242270 0.019977
1.263032 0.020763
1.282280 0.019247
1.302278 0.019999
1.322300 0.020022
1.342338 0.020038
1.362334 0.019996
1.382292 0.019958
1.402865 0.020572
1.422333 0.019468
1.442326 0.019994
1.462328 0.020002
1.482327 0.019999
1.502335 0.020009
1.522339 0.020003
1.542293 0.019954
1.562323 0.020030
1.582273 0.019950
1.602334 0.020062
1.622333 0.019999
1.642341 0.020008
1.662326 0.019985
1.682332 0.020006
1.702322 0.019990
1.722283 0.019960
1.742261 0.019979
1.764010 0.021749
1.782262 0.018252
1.802262 0.020000
1.822262 0.020000
1.842261 0.019999
1.862263 0.020002
1.882267 0.020003
1.902274 0.020008
1.922275 0.020001
1.942275 0.019999
1.962280 0.020006
1.982279 0.019998
2.002273 0.019994
2.022280 0.020006
2.042275 0.019995
2.062281 0.020006
2.082278 0.019997
2.102277 0.019999
2.122272 0.019995
2.142262 0.019990
2.162263 0.020002
2.182262 0.019999
2.202263 0.020001
2.222264 0.020000
2.242262 0.019998
2.262261 0.020000
2.282261 0.020000
2.302262 0.020000
2.322262 0.020000
2.343780 0.021518
2.362262 0.018482
2.382262 0.020000
2.402263 0.020001
2.422263 0.020000
2.442262 0.019999
2.462261 0.019999
2.482262 0.020000
2.503746 0.021484
2.522277 0.018531
2.542272 0.019995
2.562280 0.020008
2.582279 0.019999
2.602265 0.019986
2.622273 0.020008
2.642264 0.019991
2.662263 0.019999
2.682267 0.020004
2.702272 0.020005
2.722274 0.020002
2.742263 0.019989
2.762263 0.020000
2.782262 0.019999
2.802266 0.020004
2.822264 0.019999
2.842263 0.019999
2.862262 0.019999
2.882262 0.020000
2.902268 0.020006
2.922263 0.019995
2.942262 0.019999
2.962265 0.020002
2.982262 0.019997
3.002264 0.020002
3.022261 0.019998
3.042262 0.020000
3.062265 0.020003
3.082263 0.019998
3.102262 0.019999
3.122262 0.020000
3.142262 0.020000
3.162262 0.020000
3.182262 0.019999
3.202262 0.020001
3.224135 0.021873
3.242262 0.018128
3.262262 0.020000
3.282264 0.020002
3.302262 0.019998
3.322262 0.020000
3.342262 0.019999
3.362263 0.020001
3.382281 0.020018
3.402264 0.019984
3.422275 0.020011
3.442279 0.020004
3.462273 0.019993
3.482272 0.019999
3.502262 0.019991
3.524302 0.022039
3.542262 0.017960
3.562262 0.020000
3.582263 0.020001
3.602262 0.019999
3.622263 0.020001
3.642262 0.019999
3.662263 0.020001
3.682262 0.019999
3.702264 0.020002
3.722262 0.019998
3.742262 0.020000
3.762261 0.020000
3.782262 0.020001
3.802262 0.019999
3.822263 0.020001
3.842262 0.020000
3.862264 0.020001
3.882262 0.019998
3.902261 0.019999
3.922262 0.020001
3.943224 0.020962
3.962262 0.019038
3.982265 0.020003
4.002263 0.019998
4.022265 0.020002
4.042262 0.019997
4.062262 0.019999
4.082261 0.019999
4.104033 0.021772
4.122263 0.018230
4.142277 0.020014
4.162272 0.019995
4.182263 0.019991
4.202276 0.020013
4.222272 0.019996
4.242278 0.020006
4.262263 0.019985
4.282267 0.020004
4.302278 0.020011
4.322278 0.019999
4.342264 0.019986
4.362261 0.019998
4.382262 0.020001
4.402263 0.020001
4.422262 0.019999
4.442263 0.020001
4.462263 0.019999
4.482262 0.019999
4.502261 0.019999
4.523218 0.020956
4.542263 0.019045
4.562262 0.020000
4.582267 0.020005
4.602262 0.019995
4.622264 0.020002
4.642262 0.019998
4.662261 0.019999
4.682262 0.020001
4.705079 0.022817
4.722263 0.017185
4.742262 0.019998
4.762262 0.020000
4.782264 0.020002
4.802267 0.020003
4.822264 0.019997
4.842264 0.020000
4.862261 0.019997
4.882262 0.020001
4.908049 0.025787
4.922262 0.014213
4.942262 0.019999
4.962274 0.020013
4.982280 0.020006
5.002263 0.019983
5.022266 0.020003
5.042278 0.020012
5.062273 0.019995
5.082268 0.019995
5.102267 0.019998
5.122274 0.020007
5.142274 0.020000
5.162273 0.019999
5.182280 0.020007
5.202274 0.019993
5.222266 0.019992
5.242261 0.019996
5.262261 0.020000
5.283096 0.020835
5.302263 0.019167
5.322262 0.019999
5.342263 0.020001
5.362264 0.020002
5.382263 0.019998
5.402261 0.019999
5.422262 0.020000
5.442265 0.020003
5.462263 0.019999
5.482262 0.019999
5.502263 0.020001
5.522262 0.019999
5.542261 0.019999
5.562262 0.020001
5.582263 0.020001
5.602262 0.019998
5.622263 0.020002
5.642262 0.019999
5.662263 0.020001
5.682262 0.019998
5.702261 0.020000
5.722262 0.020000
5.742261 0.019999
5.762558 0.020297
5.782266 0.019708
5.802261 0.019995
5.822262 0.020001
5.842262 0.020000
5.862263 0.020001
5.882262 0.019999
5.902262 0.020000
5.922689 0.020427
5.942263 0.019574
5.962280 0.020017
5.982279 0.020000
6.002263 0.019984
6.022265 0.020002
6.042272 0.020007
6.062267 0.019995
6.082269 0.020002
6.102276 0.020006
6.122274 0.019998
6.142265 0.019991
6.162265 0.020000
6.182264 0.019999
6.202261 0.019996
6.222261 0.020001
6.242261 0.020000
6.262264 0.020003
6.282263 0.019999
6.302262 0.019999
6.322262 0.020000
6.342262 0.020001
6.362262 0.019999
6.382973 0.020711
6.402262 0.019290
6.422263 0.020000
6.442262 0.019999
6.462264 0.020002
6.482262 0.019998
6.502262 0.020001
6.522263 0.020000
6.542266 0.020003
6.562263 0.019997
6.582262 0.019999
6.602261 0.019999
6.622579 0.020318
6.642263 0.019683
6.662262 0.020000
6.682262 0.020000
6.702263 0.020000
6.722263 0.020001
6.742262 0.019999
6.762261 0.020000
6.785504 0.023243
6.802278 0.016773
6.822272 0.019994
6.842278 0.020006
6.862736 0.020458
6.882278 0.019541
6.902279 0.020002
6.922279 0.020000
6.942271 0.019992
6.962261 0.019990
6.982261 0.020000
7.002262 0.020000
7.022263 0.020001
7.042263 0.020000
7.062262 0.019999
7.082261 0.019999
7.102262 0.020000
7.122266 0.020004
7.142263 0.019997
7.162263 0.020000
7.182261 0.019998
7.202262 0.020001
7.222262 0.020000
7.242891 0.020630
7.262262 0.019371
7.282263 0.020001
7.302263 0.020000
7.322263 0.020000
7.342262 0.019999
7.362262 0.019999
7.382261 0.020000
7.402263 0.020002
7.422262 0.019999
7.442264 0.020001
7.462262 0.019999
7.482263 0.020001
7.502262 0.019999
7.522262 0.020000
7.542262 0.020000
7.562613 0.020351
7.582262 0.019649
7.602263 0.020001
7.622262 0.019999
7.642262 0.020000
7.662262 0.020000
7.682263 0.020001
7.702261 0.019998
7.722262 0.020001
7.742263 0.020001
7.762262 0.019999
7.782263 0.020001
7.802262 0.019999
7.822262 0.020000
7.842261 0.019999
7.862261 0.020000
7.882262 0.020001
7.902261 0.020000
7.922263 0.020002
7.942264 0.020000
7.962264 0.020000
7.982262 0.019998
8.002261 0.020000
8.022262 0.020001
8.042263 0.020001
8.062266 0.020004
8.082266 0.020000
8.102274 0.020008
8.122275 0.020001
8.142272 0.019998
8.162269 0.019996
8.182261 0.019993
8.202262 0.020000
8.222265 0.020003
8.242263 0.019998
8.262262 0.019999
8.282263 0.020001
8.302264 0.020001
8.322263 0.019999
8.342262 0.019999
8.362261 0.019999
8.382262 0.020001
8.402261 0.019999
8.422261 0.020000
8.442264 0.020003
8.462263 0.019999
8.482262 0.019999
8.502264 0.020002
8.522262 0.019998
8.542262 0.020000
8.562261 0.019999
8.582261 0.020000
8.602262 0.020001
8.622262 0.020000
8.642262 0.020000
8.662262 0.020000
8.682263 0.020001
8.702262 0.019999
8.722262 0.020000
8.742262 0.020000
8.762262 0.020000
8.782262 0.020000
8.802262 0.020000
8.822262 0.020000
8.842265 0.020004
8.862264 0.019999
8.882263 0.019999
8.902262 0.019999
8.922262 0.020000
8.942262 0.019999
8.962262 0.020000
8.982273 0.020011
9.002273 0.020000
9.022263 0.019991
9.042272 0.020008
9.062274 0.020002
9.082279 0.020005
9.102272 0.019993
9.122273 0.020001
9.142276 0.020003
9.162267 0.019991
9.182271 0.020004
9.202263 0.019992
9.222262 0.019999
9.242261 0.020000
9.262262 0.020000
9.282261 0.019999
9.302261 0.020000
9.322262 0.020001
9.342261 0.020000
9.362262 0.020000
9.382262 0.020000
9.402264 0.020002
9.422264 0.019999
9.442262 0.019999
9.462262 0.020000
9.482261 0.019999
9.502261 0.020000
9.522263 0.020001
9.542261 0.019998
9.562262 0.020001
9.582262 0.020001
9.602263 0.020001
9.622263 0.020000
9.642264 0.020001
9.662263 0.019999
9.682261 0.019998
9.702262 0.020001
9.722261 0.019999
9.742269 0.020007
9.762266 0.019998
9.782278 0.020012
9.802273 0.019995
9.822272 0.019999
9.842273 0.020001
9.862272 0.019999
9.882268 0.019996
9.902267 0.019999
9.922268 0.020001
9.942268 0.020000
9.962263 0.019995
9.982263 0.020000
10.002267 0.020004
10.022269 0.020003
10.062430 0.040161
