0.018556 0.018556
0.048366 0.029809
0.088357 0.039991
0.128381 0.040024
0.168419 0.040038
0.208378 0.039959
0.248418 0.040041
0.288347 0.039928
0.328383 0.040036
0.368381 0.039998
0.408384 0.040003
0.448373 0.039989
0.488376 0.040003
0.528352 0.039976
0.568416 0.040064
0.608382 0.039966
0.648418 0.040036
0.688415 0.039998
0.728414 0.039998
0.768352 0.039938
0.808348 0.039996
0.848365 0.040017
0.888347 0.039982
0.928375 0.040028
0.968384 0.040010
1.008372 0.039987
1.048378 0.040006
1.088380 0.040003
1.128380 0.040000
1.168412 0.040032
1.208413 0.040000
1.248358 0.039945
1.288416 0.040058
1.328415 0.039998
1.368416 0.040001
1.408360 0.039944
1.448388 0.040028
1.488382 0.039994
1.528380 0.039998
1.568380 0.040001
1.608371 0.039991
1.648380 0.040009
1.688351 0.039971
1.728412 0.040062
1.768419 0.040007
1.808413 0.039994
1.848412 0.039999
1.888345 0.039933
1.928340 0.039996
1.968340 0.040000
2.008340 0.040000
2.048352 0.040012
2.088359 0.040007
2.128356 0.039997
2.168351 0.039996
2.208348 0.039997
2.248339 0.039991
2.288340 0.040001
2.328341 0.040001
2.368340 0.040000
2.408341 0.040000
2.448340 0.040000
2.488341 0.040000
2.528340 0.040000
2.568340 0.040000
2.608340 0.040000
2.648341 0.040001
2.688357 0.040016
2.728358 0.040001
2.768352 0.039994
2.808358 0.040006
2.848342 0.039984
2.888343 0.040001
2.928342 0.039999
2.968343 0.040001
3.008342 0.039999
3.048340 0.039998
3.088342 0.040002
3.128344 0.040001
3.168343 0.040000
3.208341 0.039998
3.248340 0.039999
3.288341 0.040001
3.328340 0.039999
3.368340 0.040000
3.408340 0.040000
3.448340 0.040000
3.488341 0.040000
3.528340 0.040000
3.568351 0.040011
3.608359 0.040008
3.648341 0.039982
3.688341 0.040000
3.728340 0.039999
3.768340 0.040001
3.808340 0.039999
3.848340 0.040001
3.888339 0.039999
3.928340 0.040001
3.968340 0.040000
4.008341 0.040001
4.048340 0.039999
4.088341 0.040001
4.128341 0.040000
4.168342 0.040001
4.208341 0.039999
4.248340 0.039999
4.288341 0.040002
4.328352 0.040011
4.368352 0.040000
4.408352 0.040000
4.448347 0.039995
4.488341 0.039993
4.528341 0.040000
4.568340 0.040000
4.608340 0.040000
4.648340 0.039999
4.688340 0.040000
4.728339 0.039999
4.768340 0.040001
4.808341 0.040001
4.848340 0.040000
4.888340 0.040000
4.928340 0.040000
4.968348 0.040008
5.008341 0.039992
5.048342 0.040001
5.088341 0.039999
5.128351 0.040010
5.168352 0.040000
5.208352 0.040001
5.248358 0.040005
5.288349 0.039992
5.328340 0.039991
5.368343 0.040003
5.408342 0.039999
5.448340 0.039998
5.488340 0.039999
5.528346 0.040006
5.568340 0.039994
5.608340 0.040000
5.648342 0.040002
5.688340 0.039998
5.728340 0.040000
5.768340 0.039999
5.808341 0.040001
5.848341 0.040000
5.888341 0.040000
5.928341 0.040000
5.968340 0.039999
6.008341 0.040000
6.048340 0.040000
6.088340 0.040000
6.128358 0.040018
6.168352 0.039994
6.208358 0.040006
6.248352 0.039994
6.288345 0.039994
6.328340 0.039995
6.368340 0.040000
6.408340 0.039999
6.448340 0.040001
6.488341 0.040001
6.528340 0.039999
6.568340 0.040000
6.608341 0.040000
6.648341 0.040001
6.688341 0.040000
6.728341 0.040000
6.768341 0.039999
6.808340 0.040000
6.848341 0.040000
6.888341 0.040000
6.928341 0.040000
6.968358 0.040017
7.008357 0.039999
7.048349 0.039992
7.088340 0.039992
7.128341 0.040000
7.168340 0.040000
7.208341 0.040000
7.248340 0.039999
7.288340 0.040000
7.328341 0.040000
7.368340 0.040000
7.408341 0.040001
7.448341 0.040000
7.488340 0.039999
7.528341 0.040001
7.568341 0.040000
7.608341 0.039999
7.648341 0.040000
7.688341 0.040000
7.728341 0.040000
7.768343 0.040002
7.808341 0.039998
7.848341 0.040000
7.888341 0.040000
7.928340 0.039999
7.968340 0.040000
8.008340 0.040000
8.048341 0.040000
8.088340 0.040000
8.128340 0.040000
8.168341 0.040000
8.208357 0.040017
8.248355 0.039998
8.288353 0.039998
8.328341 0.039988
8.368341 0.040000
8.408340 0.039999
8.448341 0.040001
8.488341 0.040000
8.528340 0.039999
8.568341 0.040000
8.608341 0.040000
8.648341 0.040000
8.688340 0.039999
8.728341 0.040000
8.768341 0.040000
8.808341 0.040000
8.848340 0.040000
8.888341 0.040001
8.928340 0.039999
8.968340 0.040000
9.008340 0.040000
9.048341 0.040001
9.088341 0.040000
9.128341 0.040000
9.168362 0.040021
9.208359 0.039997
9.248358 0.039999
9.288358 0.040000
9.328348 0.039990
9.368341 0.039993
9.408340 0.039999
9.448342 0.040001
9.488341 0.039999
9.528341 0.040000
9.568346 0.040005
9.608340 0.039994
9.648341 0.040001
9.688341 0.040000
9.728340 0.039999
9.768341 0.040001
9.808341 0.039999
9.848343 0.040002
9.888357 0.040015
9.928352 0.039995
9.968354 0.040001
10.008349 0.039995
10.048340 0.039992
10.088341 0.040001
10.128340 0.040000
10.168341 0.040000
10.208340 0.040000
10.248340 0.040000
10.288340 0.040000
10.328341 0.040000
10.368341 0.040000
10.408341 0.040000
10.448341 0.040000
10.488341 0.040000
10.528340 0.039999
10.568340 0.040000
10.608340 0.040000
10.648353 0.040012
10.688356 0.040003
10.728353 0.039998
10.768349 0.039996
10.808340 0.039991
10.848341 0.040000
10.888340 0.039999
10.928342 0.040002
10.968340 0.039999
11.008340 0.040000
11.048341 0.040001
11.088341 0.040000
11.128341 0.040000
11.168340 0.039999
11.208341 0.040001
11.248340 0.040000
11.288340 0.040000
11.328340 0.040000
11.368340 0.039999
11.408340 0.040000
11.448340 0.040000
11.488341 0.040000
11.528341 0.040000
11.568341 0.040000
11.608340 0.040000
11.648341 0.040001
11.688351 0.040010
11.728352 0.040001
11.768341 0.039989
11.808341 0.040000
11.848341 0.040000
11.888341 0.040000
11.928342 0.040001
11.968341 0.039999
12.008341 0.040000
12.048341 0.040000
12.088340 0.039999
12.128340 0.040000
12.168341 0.040001
12.208341 0.040000
12.248340 0.039999
12.288340 0.039999
12.328342 0.040002
12.368342 0.039999
12.408341 0.039999
12.448341 0.040000
12.488341 0.040000
12.528340 0.039999
12.568341 0.040001
12.608340 0.039999
12.648341 0.040001
12.688341 0.039999
12.728341 0.040001
12.768340 0.039999
12.808340 0.040000
12.848341 0.040001
12.888341 0.040000
12.928340 0.040000
12.968340 0.040000
13.008341 0.040001
13.048340 0.039999
13.088341 0.040000
13.128352 0.040011
13.168354 0.040002
13.208344 0.039990
13.248341 0.039997
13.288341 0.040001
13.328340 0.039998
13.368340 0.040001
13.408341 0.040000
13.448340 0.040000
13.488341 0.040001
13.528340 0.039999
13.568340 0.040000
13.608343 0.040003
13.648357 0.040014
13.688352 0.039995
13.728348 0.039996
13.768341 0.039993
13.808340 0.039999
13.848340 0.040000
13.888341 0.040001
13.928341 0.040000
13.968340 0.039999
14.008340 0.040001
14.048340 0.040000
14.088341 0.040000
14.128339 0.039999
14.168340 0.040001
14.208340 0.040000
14.248340 0.040000
14.288340 0.040000
14.328340 0.040000
14.368341 0.040001
14.408340 0.039999
14.448340 0.040000
14.488359 0.040018
14.528352 0.039993
14.568351 0.039999
14.608348 0.039997
14.648340 0.039992
14.688340 0.040000
14.728340 0.040000
14.768340 0.040000
14.808340 0.040000
14.848340 0.040000
14.888341 0.040001
14.928340 0.039999
14.968340 0.040000
15.008340 0.040000
15.048340 0.040000
15.088341 0.040001
15.128341 0.040000
15.168341 0.040000
15.208340 0.040000
15.248340 0.040000
15.288351 0.040011
15.328359 0.040008
15.368358 0.039998
15.408348 0.039990
15.448340 0.039992
15.488340 0.040000
15.528341 0.040001
15.568341 0.040000
15.608340 0.039999
15.648340 0.040000
15.688340 0.040001
15.728340 0.040000
15.768341 0.040001
15.808340 0.039999
15.848341 0.040000
15.888341 0.040000
15.928341 0.040000
15.968341 0.040000
16.008340 0.040000
16.048341 0.040001
16.088340 0.039999
16.128340 0.040000
16.168340 0.040000
16.208341 0.040000
16.248341 0.040001
16.288340 0.039999
16.328340 0.040000
16.368340 0.040000
16.408340 0.040000
16.448340 0.040000
16.488352 0.040012
16.528360 0.040008
16.568355 0.039995
16.608349 0.039994
16.648341 0.039991
16.688340 0.039999
16.728341 0.040001
16.768341 0.040000
16.808341 0.040000
16.848340 0.039999
16.888340 0.040000
16.928341 0.040000
16.968341 0.040000
17.008341 0.040001
17.048340 0.039999
17.088340 0.040000
17.128340 0.040000
17.168341 0.040001
17.208341 0.040000
17.248351 0.040011
17.288354 0.040002
17.328358 0.040004
17.368348 0.039990
17.408340 0.039992
17.448341 0.040001
17.488341 0.040000
17.528340 0.040000
17.568340 0.040000
17.608340 0.040000
17.648341 0.040001
17.688340 0.039999
17.728341 0.040001
17.768340 0.039999
17.808340 0.040001
17.848341 0.040000
17.888341 0.040000
17.928340 0.040000
17.968342 0.040002
18.008340 0.039998
18.048340 0.040000
18.088341 0.040001
18.128340 0.039999
18.168339 0.039999
18.208341 0.040001
18.248341 0.040000
18.288341 0.040000
18.328341 0.040000
18.368340 0.040000
18.408341 0.040001
18.448359 0.040018
18.488358 0.039999
18.528351 0.039993
18.568350 0.039999
18.608344 0.039994
18.648342 0.039998
18.688341 0.039999
18.728341 0.040000
18.768341 0.040000
18.808341 0.040000
18.848341 0.040000
18.888340 0.040000
18.928340 0.039999
18.968341 0.040001
19.008340 0.040000
19.048340 0.040000
19.088340 0.040000
19.128341 0.040000
19.168341 0.040000
19.208340 0.039999
19.248340 0.040000
19.288340 0.040000
19.328340 0.040000
19.368340 0.040000
19.408341 0.040001
19.448340 0.039999
19.488341 0.040001
19.528341 0.040000
19.568341 0.040000
19.608341 0.040000
19.648340 0.039999
19.688354 0.040014
19.728352 0.039998
19.768350 0.039998
19.808351 0.040001
19.848348 0.039997
19.888341 0.039992
19.928341 0.040000
19.968341 0.040000
20.008340 0.040000
20.048341 0.040001
20.088340 0.039999
20.128341 0.040001
20.168341 0.040000
20.208341 0.040000
20.248340 0.040000
20.288340 0.040000
20.328341 0.040001
20.368341 0.040000
20.408340 0.039999
20.448340 0.040000
20.488340 0.040000
20.528341 0.040000
20.568340 0.040000
20.608340 0.040000
20.648341 0.040001
20.688354 0.040013
20.728360 0.040006
20.768354 0.039994
20.808356 0.040002
20.848354 0.039998
20.888342 0.039988
20.928340 0.039998
20.968340 0.040000
21.008341 0.040001
21.048341 0.039999
21.088340 0.040000
21.128341 0.040001
21.168340 0.039999
21.208341 0.040001
21.248340 0.039999
21.288340 0.040000
21.328341 0.040001
21.368341 0.040000
21.408340 0.039999
21.448340 0.040000
21.488340 0.040000
21.528343 0.040003
21.568353 0.040010
21.608355 0.040003
21.648353 0.039998
21.688353 0.039999
21.728340 0.039987
21.768341 0.040001
21.808341 0.040000
21.848340 0.039999
21.888340 0.040000
21.928340 0.040000
21.968340 0.040000
22.008341 0.040000
22.048341 0.040001
22.088341 0.040000
22.128341 0.040000
22.168341 0.040000
22.208341 0.040000
22.248354 0.040013
22.288351 0.039997
22.328353 0.040001
22.368352 0.040000
22.408348 0.039995
22.448342 0.039995
22.488341 0.039999
22.528340 0.039999
22.568340 0.040000
22.608341 0.040000
22.648341 0.040000
22.688341 0.040000
22.728340 0.039999
22.768341 0.040001
22.808340 0.039999
22.848341 0.040001
22.888340 0.040000
22.928341 0.040001
22.968341 0.039999
23.008339 0.039999
23.048341 0.040002
23.088340 0.039999
23.128341 0.040001
23.168340 0.039999
23.208341 0.040001
23.248340 0.040000
23.288341 0.040000
23.328341 0.040000
23.368341 0.040001
23.408340 0.039999
23.448340 0.040000
23.488353 0.040013
23.528352 0.039998
23.568350 0.039999
23.608341 0.039991
23.648341 0.040000
23.688340 0.039999
23.728341 0.040001
23.768341 0.040000
23.808341 0.040000
23.848340 0.040000
23.888340 0.040000
23.928340 0.040000
23.968340 0.040000
24.008341 0.040001
24.048341 0.040000
24.088341 0.040000
24.128341 0.040000
24.168341 0.040000
24.208340 0.040000
24.248340 0.039999
24.288341 0.040001
24.328340 0.040000
24.368341 0.040001
24.408341 0.040000
24.448340 0.040000
24.488341 0.040000
24.528341 0.040000
24.568340 0.040000
24.608341 0.040000
24.648353 0.040012
24.688351 0.039999
24.728355 0.040003
24.768340 0.039985
24.808340 0.039999
24.848341 0.040001
24.888341 0.040000
24.928342 0.040001
24.968341 0.039999
25.008341 0.040000
25.048340 0.039999
25.088340 0.040000
25.128341 0.040001
25.168341 0.039999
25.208340 0.039999
25.248341 0.040001
25.288341 0.040000
25.328341 0.040000
25.368340 0.039999
25.408341 0.040001
25.448341 0.040000
25.488341 0.040000
25.528340 0.039999
25.568340 0.040000
25.608341 0.040000
25.648340 0.039999
25.688340 0.040000
25.728340 0.040000
25.768341 0.040001
25.808341 0.040000
25.848353 0.040012
25.888354 0.040001
25.928347 0.039994
25.968340 0.039993
26.008341 0.040000
26.048340 0.040000
26.088341 0.040000
26.128341 0.040000
26.168341 0.040000
26.208340 0.039999
26.248341 0.040001
26.288341 0.040000
26.328341 0.040000
26.368342 0.040001
26.408341 0.039999
26.448340 0.039999
26.488339 0.039999
26.528340 0.040001
26.568341 0.040001
26.608341 0.040000
26.648340 0.039999
26.688341 0.040001
26.728339 0.039998
26.768341 0.040001
26.808341 0.040000
26.848340 0.039999
26.888340 0.040000
26.928342 0.040002
26.968359 0.040016
27.008351 0.039992
27.048359 0.040008
27.088353 0.039994
27.128341 0.039988
27.168341 0.040000
27.208342 0.040000
