0.022759 0.022759
0.042682 0.019923
0.062674 0.019992
0.082628 0.019954
0.102639 0.020011
0.122673 0.020034
0.142613 0.019940
0.162630 0.020017
0.182673 0.020043
0.202673 0.020000
0.222627 0.019954
0.242665 0.020038
0.262641 0.019976
0.282637 0.019996
0.302637 0.020000
0.322641 0.020004
0.342638 0.019997
0.362607 0.019969
0.382669 0.020062
0.402671 0.020002
0.422637 0.019966
0.442637 0.020000
0.462640 0.020003
0.482681 0.020041
0.502672 0.019991
0.522670 0.019998
0.542672 0.020002
0.562672 0.020000
0.582670 0.019998
0.602626 0.019956
0.622674 0.020048
0.642635 0.019961
0.662637 0.020002
0.682680 0.020043
0.702669 0.019989
0.722672 0.020003
0.742671 0.019999
0.762639 0.019968
0.782642 0.020003
0.802643 0.020001
0.828547 0.025904
0.842745 0.014198
0.862641 0.019896
0.882643 0.020002
0.902643 0.020000
0.922643 0.020000
0.942642 0.019999
0.962641 0.019999
0.983002 0.020361
1.002643 0.019641
1.022643 0.020000
1.043576 0.020933
1.062595 0.019019
1.082642 0.020047
1.102642 0.020000
1.122643 0.020001
1.142640 0.019997
1.168555 0.025915
1.209513 0.040958
1.225331 0.015818
1.242640 0.017309
1.262640 0.020000
1.282642 0.020002
1.302642 0.020000
1.322613 0.019971
1.342783 0.020170
1.362642 0.019859
1.382641 0.019999
1.402647 0.020006
1.422644 0.019997
1.442643 0.019999
1.462607 0.019964
1.482642 0.020035
1.502642 0.020000
1.522643 0.020001
1.542595 0.019952
1.562643 0.020048
1.582795 0.020152
1.603246 0.020451
1.622644 0.019398
1.642595 0.019951
1.662642 0.020047
1.682639 0.019997
1.702643 0.020004
1.722770 0.020127
1.743495 0.020725
1.762643 0.019148
1.782644 0.020001
1.802643 0.019999
1.822639 0.019996
1.882983 0.060344
1.902640 0.019657
1.922640 0.020000
1.942590 0.019950
1.962641 0.020051
2.013403 0.050762
2.029068 0.015665
2.042641 0.013573
2.062649 0.020008
2.087526 0.024877
2.102644 0.015118
2.122642 0.019998
2.142642 0.020000
2.162643 0.020001
2.182604 0.019961
2.220578 0.037974
2.242639 0.022061
2.262639 0.020000
2.286560 0.023921
2.302640 0.016080
2.350143 0.047503
2.366781 0.016638
2.382639 0.015858
2.440518 0.057879
2.480554 0.040036
2.494757 0.014203
2.522646 0.027889
2.550758 0.028112
2.566648 0.015890
2.628548 0.061900
2.644886 0.016338
2.662590 0.017704
2.682635 0.020045
2.720143 0.037508
2.731731 0.011588
2.746231 0.014500
2.762713 0.016482
2.809295 0.046582
2.825099 0.015804
2.842646 0.017547
2.862639 0.019993
2.882648 0.020009
2.902644 0.019996
2.922784 0.020140
2.942645 0.019861
2.962649 0.020004
2.982644 0.019995
3.002642 0.019998
3.022642 0.020000
3.042595 0.019953
3.062643 0.020048
3.082596 0.019953
3.102650 0.020054
3.122600 0.019950
3.144122 0.021522
3.162642 0.018520
3.182592 0.019950
3.202591 0.019999
3.268767 0.066176
3.284612 0.015845
3.302652 0.018040
3.322643 0.019991
3.380556 0.057913
3.394754 0.014198
3.404891 0.010137
3.435122 0.030231
3.495529 0.060407
3.510936 0.015407
3.527542 0.016606
3.542640 0.015098
3.588535 0.045895
3.602755 0.014220
3.622640 0.019885
3.680517 0.057877
3.694753 0.014236
3.704890 0.010137
3.735123 0.030233
3.795535 0.060412
3.825829 0.030294
3.848381 0.022552
3.862640 0.014259
3.916406 0.053766
3.933551 0.017145
3.942644 0.009093
3.979140 0.036496
3.995301 0.016161
4.005439 0.010138
4.023593 0.018154
4.081641 0.058048
4.102639 0.020998
4.122640 0.020001
4.142639 0.019999
4.162639 0.020000
4.216517 0.053878
4.233334 0.016817
4.246246 0.012912
4.262640 0.016394
4.311974 0.049334
4.328226 0.016252
4.342592 0.014366
4.362642 0.020050
4.396840 0.034198
4.422638 0.025798
4.442639 0.020001
4.462596 0.019957
4.516195 0.053599
4.531174 0.014979
4.544704 0.013530
4.562645 0.017941
4.588522 0.025877
4.607429 0.018907
4.622648 0.015219
4.642599 0.019951
4.672534 0.029935
4.685545 0.013011
4.702643 0.017098
4.722642 0.019999
4.742646 0.020004
4.762642 0.019996
4.782643 0.020001
4.802659 0.020016
4.842957 0.040298
4.862642 0.019685
4.882640 0.019998
4.905924 0.023284
4.952555 0.046631
4.968258 0.015703
4.982641 0.014383
5.002641 0.020000
5.048550 0.045909
5.062816 0.014266
5.085785 0.022969
5.102640 0.016855
5.122591 0.019951
5.176328 0.053737
5.202640 0.026312
5.222639 0.019999
5.242644 0.020005
5.300555 0.057911
5.334817 0.034262
5.362635 0.027818
5.382595 0.019960
5.403707 0.021112
5.422642 0.018935
5.442639 0.019997
5.462649 0.020010
5.482645 0.019996
5.532546 0.049901
5.543868 0.011322
5.562641 0.018773
5.582640 0.019999
5.604876 0.022236
5.636516 0.031640
5.647431 0.010915
5.662591 0.015160
5.699211 0.036620
5.710626 0.011415
5.836553 0.125927
5.885169 0.048616
5.904775 0.019606
5.922643 0.017868
5.942642 0.019999
5.962639 0.019997
5.982650 0.020011
6.002648 0.019998
6.022635 0.019987
6.080938 0.058303
6.128357 0.047419
6.142917 0.014560
6.162600 0.019683
6.182640 0.020040
6.202643 0.020003
6.232708 0.030065
6.243800 0.011092
6.262774 0.018974
6.282651 0.019877
6.302604 0.019953
6.322651 0.020047
6.342648 0.019997
6.362600 0.019952
6.384231 0.021631
6.402656 0.018425
6.422649 0.019993
6.442651 0.020002
6.462652 0.020001
6.482650 0.019998
6.502591 0.019941
6.532562 0.029971
6.544139 0.011577
6.562644 0.018505
6.586565 0.023921
6.602942 0.016377
6.622604 0.019662
6.642650 0.020046
6.663396 0.020746
6.682597 0.019201
6.702651 0.020054
6.722652 0.020001
6.742650 0.019998
6.762647 0.019997
6.784271 0.021624
6.802601 0.018330
6.822646 0.020045
6.842650 0.020004
6.862645 0.019995
6.883837 0.021192
6.902644 0.018807
6.922656 0.020012
6.964554 0.041898
6.982640 0.018086
7.005317 0.022677
7.022642 0.017325
7.068552 0.045910
7.082797 0.014245
7.102639 0.019842
7.146616 0.043977
7.162779 0.016163
7.182646 0.019867
7.202644 0.019998
7.252572 0.049928
7.268054 0.015482
7.282652 0.014598
7.302646 0.019994
7.326703 0.024057
7.342784 0.016081
7.362645 0.019861
7.388535 0.025890
7.403844 0.015309
7.422650 0.018806
7.442650 0.020000
7.462640 0.019990
7.483797 0.021157
7.502645 0.018848
7.522648 0.020003
7.542641 0.019993
7.612516 0.069875
7.627489 0.014973
7.642702 0.015213
7.662638 0.019936
7.702563 0.039925
7.722645 0.020082
7.742639 0.019994
7.762639 0.020000
7.820515 0.057876
7.834775 0.014260
7.845023 0.010248
7.876546 0.031523
7.889034 0.012488
7.932552 0.043518
7.948851 0.016299
7.962642 0.013791
8.016352 0.053710
8.031815 0.015463
8.044925 0.013110
8.062641 0.017716
8.116495 0.053854
8.142639 0.026144
8.162639 0.020000
8.182641 0.020002
8.238626 0.055985
8.253915 0.015289
8.265468 0.011553
8.282641 0.017173
8.302595 0.019954
8.356549 0.053954
8.370794 0.014245
8.382642 0.011848
8.416553 0.033911
8.429001 0.012448
8.496525 0.067524
8.510801 0.014276
8.542644 0.031843
8.542662 0.000018
8.562645 0.019983
8.614625 0.051980
8.627785 0.013160
8.643045 0.015260
8.662651 0.019606
8.685905 0.023254
8.702649 0.016744
8.722648 0.019999
8.742645 0.019997
8.767379 0.024734
8.782640 0.015261
8.804197 0.021557
8.822641 0.018444
8.876370 0.053729
8.889905 0.013535
8.904500 0.014595
8.922643 0.018143
8.972560 0.049917
8.983637 0.011077
9.002652 0.019015
9.022641 0.019989
9.042642 0.020001
9.062641 0.019999
9.096533 0.033892
9.107033 0.010500
9.122643 0.015610
9.146051 0.023408
9.162652 0.016601
9.182652 0.020000
9.202593 0.019941
9.222653 0.020060
9.242648 0.019995
9.262650 0.020002
9.282650 0.020000
9.302642 0.019992
9.322650 0.020008
9.342650 0.020000
9.362650 0.020000
9.382642 0.019992
9.402602 0.019960
9.422639 0.020037
9.454241 0.031602
9.463257 0.009016
9.482645 0.019388
9.502643 0.019998
9.522649 0.020006
9.542641 0.019992
9.564397 0.021756
9.582654 0.018257
9.602651 0.019997
9.622651 0.020000
9.642650 0.019999
9.662643 0.019993
9.682651 0.020008
9.702644 0.019993
9.722647 0.020003
9.742650 0.020003
9.762643 0.019993
9.782650 0.020007
9.802650 0.020000
9.822650 0.020000
9.842652 0.020002
9.862653 0.020001
9.882643 0.019990
9.904334 0.021691
9.922650 0.018316
9.942641 0.019991
9.962651 0.020010
9.982643 0.019992
10.002653 0.020010
10.022652 0.019999
10.042653 0.020001
10.062656 0.020003
10.082647 0.019991
10.102650 0.020003
10.122645 0.019995
10.142650 0.020005
10.162594 0.019944
10.182650 0.020056
10.202651 0.020001
10.222645 0.019994
10.242641 0.019996
10.262646 0.020005
10.282648 0.020002
10.302649 0.020001
10.322651 0.020002
10.342653 0.020002
10.362660 0.020007
10.382644 0.019984
10.402644 0.020000
10.422645 0.020001
10.442652 0.020007
10.462650 0.019998
10.482643 0.019993
10.502644 0.020001
10.522647 0.020003
10.542645 0.019998
10.562650 0.020005
10.582648 0.019998
10.602646 0.019998
10.622648 0.020002
10.642644 0.019996
10.662650 0.020006
10.682642 0.019992
10.702600 0.019958
10.722642 0.020042
10.742646 0.020004
10.762653 0.020007
10.782651 0.019998
10.802643 0.019992
10.822649 0.020006
10.842645 0.019996
10.862646 0.020001
10.882646 0.020000
10.902647 0.020001
10.922651 0.020004
10.942644 0.019993
10.962645 0.020001
10.982646 0.020001
11.002644 0.019998
11.022646 0.020002
11.042647 0.020001
11.062645 0.019998
11.082647 0.020002
11.102647 0.020000
11.122646 0.019999
11.142647 0.020001
11.162642 0.019995
11.182642 0.020000
11.202645 0.020003
11.222647 0.020002
11.242651 0.020004
11.262649 0.019998
11.282647 0.019998
11.302647 0.020000
11.322645 0.019998
11.342643 0.019998
11.362640 0.019997
11.382642 0.020002
