0.009415 0.009415
0.023600 0.014185
0.065323 0.041723
0.107015 0.041692
0.148664 0.041649
0.190290 0.041626
0.231982 0.041692
0.273621 0.041639
0.315262 0.041641
0.356961 0.041699
0.398624 0.041663
0.440325 0.041701
0.481958 0.041633
0.523658 0.041700
0.565288 0.041630
0.606974 0.041686
0.648657 0.041683
0.690324 0.041667
0.731992 0.041668
0.773656 0.041664
0.815295 0.041639
0.856965 0.041670
0.898634 0.041669
0.940295 0.041661
0.981961 0.041666
1.023627 0.041666
1.065295 0.041668
1.107000 0.041705
1.148629 0.041629
1.190294 0.041665
1.231962 0.041668
1.273628 0.041666
1.315294 0.041666
1.356961 0.041667
1.398628 0.041667
1.440294 0.041666
1.481963 0.041669
1.523632 0.041669
1.565247 0.041615
1.606983 0.041736
1.648630 0.041647
1.690249 0.041619
1.731963 0.041714
1.773578 0.041615
1.815295 0.041717
1.856965 0.041670
1.898627 0.041662
1.940245 0.041618
1.981961 0.041716
2.023628 0.041667
2.065293 0.041665
2.107001 0.041708
2.148628 0.041627
2.190293 0.041665
2.231960 0.041667
2.273627 0.041667
2.315294 0.041667
2.356960 0.041666
2.398627 0.041667
2.440293 0.041666
2.481961 0.041668
2.523629 0.041668
2.565293 0.041664
2.607000 0.041707
2.648628 0.041628
2.690294 0.041666
2.731963 0.041669
2.773629 0.041666
2.815296 0.041667
2.856962 0.041666
2.898629 0.041667
2.940296 0.041667
2.981961 0.041665
3.023630 0.041669
3.065294 0.041664
3.107000 0.041706
3.148579 0.041579
3.190295 0.041716
3.231962 0.041667
3.273628 0.041666
3.315295 0.041667
3.356960 0.041665
3.398579 0.041619
3.440294 0.041715
3.481961 0.041667
3.523627 0.041666
3.565295 0.041668
3.606997 0.041702
3.648628 0.041631
3.690294 0.041666
3.731961 0.041667
3.773628 0.041667
3.815294 0.041666
3.856961 0.041667
3.898627 0.041666
3.940295 0.041668
3.981960 0.041665
4.023628 0.041668
4.065294 0.041666
4.106996 0.041702
4.148628 0.041632
4.190292 0.041664
4.231960 0.041668
4.273628 0.041668
4.315245 0.041617
4.356964 0.041719
4.398626 0.041662
4.440293 0.041667
4.481962 0.041669
4.523629 0.041667
4.565292 0.041663
4.606998 0.041706
4.648628 0.041630
4.690295 0.041667
4.731960 0.041665
4.773626 0.041666
4.815294 0.041668
4.856914 0.041620
4.898631 0.041717
4.940293 0.041662
4.981963 0.041670
5.023628 0.041665
5.065295 0.041667
5.107001 0.041706
5.148628 0.041627
5.190297 0.041669
5.231961 0.041664
5.273628 0.041667
5.315244 0.041616
5.356961 0.041717
5.398628 0.041667
5.440295 0.041667
5.481960 0.041665
5.523628 0.041668
5.565295 0.041667
5.606999 0.041704
5.648629 0.041630
5.690297 0.041668
5.731914 0.041617
5.773634 0.041720
5.815298 0.041664
5.856964 0.041666
5.898628 0.041664
5.940249 0.041621
5.981965 0.041716
6.023632 0.041667
6.065293 0.041661
6.107027 0.041734
6.148631 0.041604
6.190297 0.041666
6.231965 0.041668
6.273580 0.041615
6.315247 0.041667
6.356964 0.041717
6.398631 0.041667
6.440294 0.041663
6.481964 0.041670
6.523629 0.041665
6.565293 0.041664
6.606998 0.041705
6.648628 0.041630
6.690297 0.041669
6.731961 0.041664
6.773628 0.041667
6.815244 0.041616
6.856914 0.041670
6.898630 0.041716
6.940294 0.041664
6.981960 0.041666
7.023579 0.041619
7.065296 0.041717
7.106994 0.041698
7.148627 0.041633
7.190294 0.041667
7.231913 0.041619
7.273628 0.041715
7.315244 0.041616
7.356962 0.041718
7.398628 0.041666
7.440295 0.041667
7.481962 0.041667
7.523629 0.041667
7.565294 0.041665
7.607000 0.041706
7.648628 0.041628
7.690293 0.041665
7.731964 0.041671
7.773631 0.041667
7.815293 0.041662
7.856962 0.041669
7.898627 0.041665
7.940294 0.041667
7.981961 0.041667
8.023627 0.041666
8.065296 0.041669
8.107202 0.041906
8.148585 0.041383
8.190293 0.041708
8.231960 0.041667
8.273628 0.041668
8.315294 0.041666
8.356960 0.041666
8.398628 0.041668
8.440298 0.041670
8.481912 0.041614
8.523579 0.041667
8.565298 0.041719
8.606996 0.041698
8.648631 0.041635
8.690298 0.041667
8.731963 0.041665
8.773633 0.041670
8.815295 0.041662
8.856961 0.041666
8.898633 0.041672
8.940294 0.041661
8.981916 0.041622
9.023579 0.041663
9.065295 0.041716
9.107003 0.041708
9.148628 0.041625
9.190296 0.041668
9.231962 0.041666
9.273632 0.041670
9.315297 0.041665
9.356962 0.041665
9.398629 0.041667
9.440300 0.041671
9.481965 0.041665
9.523629 0.041664
9.565294 0.041665
9.607001 0.041707
9.648629 0.041628
9.690297 0.041668
9.731962 0.041665
9.773580 0.041618
9.815249 0.041669
9.856961 0.041712
9.898628 0.041667
9.940298 0.041670
9.981962 0.041664
10.023630 0.041668
10.065247 0.041617
10.107001 0.041754
10.148630 0.041629
10.190295 0.041665
10.231962 0.041667
10.273579 0.041617
10.315245 0.041666
10.356961 0.041716
10.398632 0.041671
10.440294 0.041662
10.481962 0.041668
10.523632 0.041670
10.565295 0.041663
10.607001 0.041706
10.648629 0.041628
10.690295 0.041666
10.731962 0.041667
10.773629 0.041667
10.815294 0.041665
10.856961 0.041667
10.898628 0.041667
10.940294 0.041666
10.981961 0.041667
11.023627 0.041666
11.065245 0.041618
11.107001 0.041756
11.148633 0.041632
11.190297 0.041664
11.231962 0.041665
11.273580 0.041618
11.315295 0.041715
11.356961 0.041666
11.398630 0.041669
11.440246 0.041616
11.481962 0.041716
11.523628 0.041666
11.565294 0.041666
11.606997 0.041703
11.648628 0.041631
11.690295 0.041667
11.731962 0.041667
11.773631 0.041669
11.815294 0.041663
11.856964 0.041670
11.898628 0.041664
11.940294 0.041666
11.981965 0.041671
12.023629 0.041664
12.065295 0.041666
12.107001 0.041706
12.148628 0.041627
12.190245 0.041617
12.231965 0.041720
12.273631 0.041666
12.315294 0.041663
12.356917 0.041623
12.398631 0.041714
12.440246 0.041615
12.481962 0.041716
12.523628 0.041666
12.565246 0.041618
12.607002 0.041756
12.648635 0.041633
12.690248 0.041613
12.731962 0.041714
12.773583 0.041621
12.815247 0.041664
12.856962 0.041715
12.898629 0.041667
12.940302 0.041673
12.981961 0.041659
13.023629 0.041668
13.065300 0.041671
13.107000 0.041700
13.148629 0.041629
13.190295 0.041666
13.231964 0.041669
13.273631 0.041667
13.315296 0.041665
13.356966 0.041670
13.398581 0.041615
13.440295 0.041714
13.481962 0.041667
13.523629 0.041667
13.565295 0.041666
13.607003 0.041708
13.648633 0.041630
13.690296 0.041663
13.731963 0.041667
13.773629 0.041666
13.815296 0.041667
13.856961 0.041665
13.898628 0.041667
13.940295 0.041667
13.981916 0.041621
14.023629 0.041713
14.065253 0.041624
14.106999 0.041746
14.148630 0.041631
14.190296 0.041666
14.231962 0.041666
14.273631 0.041669
14.315248 0.041617
14.356918 0.041670
14.398633 0.041715
14.440294 0.041661
14.481965 0.041671
14.523631 0.041666
14.565294 0.041663
14.606998 0.041704
14.648634 0.041636
14.690296 0.041662
14.731964 0.041668
14.773631 0.041667
14.815297 0.041666
14.856962 0.041665
14.898632 0.041670
14.940294 0.041662
14.981914 0.041620
15.023629 0.041715
15.065296 0.041667
15.106998 0.041702
15.148627 0.041629
15.190298 0.041671
15.231912 0.041614
15.273632 0.041720
15.315294 0.041662
15.356960 0.041666
15.398628 0.041668
15.440297 0.041669
15.481961 0.041664
15.523627 0.041666
15.565293 0.041666
15.606997 0.041704
15.648628 0.041631
15.690296 0.041668
15.731967 0.041671
15.773630 0.041663
15.815295 0.041665
15.856961 0.041666
15.898627 0.041666
15.940295 0.041668
15.981961 0.041666
16.023628 0.041667
16.065297 0.041669
16.107002 0.041705
16.148631 0.041629
16.190297 0.041666
16.231960 0.041663
16.273627 0.041667
16.315294 0.041667
16.356963 0.041669
16.398629 0.041666
16.440294 0.041665
16.481961 0.041667
16.523580 0.041619
16.565297 0.041717
16.606997 0.041700
16.648626 0.041629
16.690297 0.041671
16.731912 0.041615
16.773630 0.041718
16.815293 0.041663
16.856965 0.041672
16.898631 0.041666
16.940293 0.041662
16.981959 0.041666
17.023629 0.041670
17.065320 0.041691
17.107003 0.041683
17.148628 0.041625
17.190296 0.041668
17.231964 0.041668
17.273629 0.041665
17.315294 0.041665
17.356961 0.041667
17.398632 0.041671
17.440295 0.041663
17.481965 0.041670
17.523628 0.041663
17.565295 0.041667
17.607001 0.041706
17.648629 0.041628
17.690297 0.041668
17.731961 0.041664
17.773629 0.041668
17.815295 0.041666
17.856961 0.041666
17.898630 0.041669
17.940295 0.041665
17.981961 0.041666
18.023580 0.041619
18.065297 0.041717
18.107002 0.041705
18.148629 0.041627
18.190297 0.041668
18.231961 0.041664
18.273628 0.041667
18.315245 0.041617
18.356964 0.041719
18.398630 0.041666
18.440294 0.041664
18.481961 0.041667
18.523630 0.041669
18.565295 0.041665
18.606999 0.041704
18.648629 0.041630
18.690294 0.041665
18.731964 0.041670
18.773631 0.041667
18.815302 0.041671
18.856962 0.041660
18.898629 0.041667
18.940297 0.041668
18.981961 0.041664
19.023630 0.041669
19.065246 0.041616
19.106970 0.041724
19.148629 0.041659
19.190249 0.041620
19.231914 0.041665
19.273583 0.041669
19.315245 0.041662
19.356961 0.041716
19.398630 0.041669
19.440295 0.041665
19.481965 0.041670
19.523629 0.041664
19.565293 0.041664
19.606998 0.041705
19.648629 0.041631
19.690297 0.041668
19.731960 0.041663
19.773628 0.041668
19.815246 0.041618
19.856963 0.041717
19.898628 0.041665
19.940294 0.041666
19.981962 0.041668
20.023632 0.041670
20.065295 0.041663
20.106996 0.041701
20.148629 0.041633
20.190297 0.041668
20.231961 0.041664
20.273629 0.041668
20.315297 0.041668
20.356962 0.041665
20.398629 0.041667
20.440294 0.041665
20.481961 0.041667
20.523631 0.041670
20.565295 0.041664
20.606998 0.041703
20.648629 0.041631
20.690248 0.041619
20.731962 0.041714
20.773629 0.041667
20.815295 0.041666
20.856966 0.041671
20.898633 0.041667
20.940247 0.041614
20.981962 0.041715
21.023633 0.041671
21.065295 0.041662
21.107011 0.041716
21.148628 0.041617
21.190294 0.041666
21.231962 0.041668
21.273584 0.041622
21.315294 0.041710
21.356962 0.041668
21.398634 0.041672
21.440293 0.041659
21.481912 0.041619
21.523633 0.041721
21.565298 0.041665
21.606997 0.041699
21.648629 0.041632
21.690296 0.041667
21.731967 0.041671
21.773628 0.041661
21.815293 0.041665
21.856913 0.041620
21.898629 0.041716
21.940300 0.041671
21.981964 0.041664
22.023629 0.041665
22.065296 0.041667
22.107000 0.041704
22.148585 0.041585
22.190294 0.041709
22.231963 0.041669
22.273633 0.041670
22.315294 0.041661
22.356962 0.041668
22.398631 0.041669
22.440246 0.041615
22.481961 0.041715
22.523631 0.041670
22.565297 0.041666
22.607036 0.041739
22.648634 0.041598
22.690297 0.041663
22.731963 0.041666
22.773632 0.041669
22.815300 0.041668
22.856963 0.041663
22.898583 0.041620
22.940294 0.041711
22.981966 0.041672
23.023581 0.041615
23.065297 0.041716
23.107007 0.041710
23.148628 0.041621
23.190298 0.041670
23.231965 0.041667
23.273629 0.041664
23.315297 0.041668
23.356913 0.041616
23.398629 0.041716
23.440294 0.041665
23.481962 0.041668
23.523581 0.041619
23.565297 0.041716
23.607001 0.041704
23.648634 0.041633
23.690251 0.041617
23.731962 0.041711
23.773631 0.041669
23.815294 0.041663
23.856966 0.041672
23.898629 0.041663
23.940295 0.041666
23.981916 0.041621
24.023634 0.041718
24.065298 0.041664
24.107008 0.041710
24.148629 0.041621
24.190297 0.041668
24.231962 0.041665
24.273630 0.041668
24.315294 0.041664
24.356963 0.041669
24.398634 0.041671
24.440295 0.041661
24.481912 0.041617
24.523633 0.041721
24.565296 0.041663
24.606971 0.041675
24.648580 0.041609
24.690252 0.041672
24.731963 0.041711
24.773628 0.041665
24.815295 0.041667
24.856960 0.041665
24.898633 0.041673
24.940295 0.041662
24.981964 0.041669
25.023579 0.041615
25.065295 0.041716
25.107000 0.041705
25.148629 0.041629
25.190295 0.041666
25.231961 0.041666
25.273629 0.041668
25.315299 0.041670
25.356962 0.041663
25.398628 0.041666
25.440248 0.041620
25.481962 0.041714
25.523629 0.041667
25.565298 0.041669
25.607002 0.041704
25.648629 0.041627
25.690297 0.041668
25.731962 0.041665
25.773628 0.041666
25.815246 0.041618
25.856963 0.041717
25.898583 0.041620
25.940299 0.041716
25.981962 0.041663
26.023633 0.041671
26.065294 0.041661
26.107019 0.041725
26.148628 0.041609
26.190295 0.041667
26.231965 0.041670
26.273629 0.041664
26.315294 0.041665
26.356961 0.041667
26.398629 0.041668
26.440300 0.041671
26.481962 0.041662
26.523631 0.041669
26.565300 0.041669
26.607003 0.041703
26.648629 0.041626
26.690295 0.041666
26.731962 0.041667
26.773629 0.041667
26.815245 0.041616
26.856917 0.041672
26.898633 0.041716
26.940294 0.041661
26.981962 0.041668
27.023628 0.041666
27.065296 0.041668
27.106977 0.041681
27.148585 0.041608
27.190296 0.041711
27.231957 0.041661
27.273629 0.041672
27.315295 0.041666
27.356964 0.041669
27.398631 0.041667
27.440294 0.041663
27.481913 0.041619
27.523629 0.041716
27.565294 0.041665
27.606998 0.041704
27.648628 0.041630
27.690295 0.041667
27.731962 0.041667
27.773629 0.041667
27.815246 0.041617
27.856965 0.041719
27.898628 0.041663
27.940294 0.041666
27.981961 0.041667
28.023631 0.041670
28.065297 0.041666
28.106966 0.041669
28.148628 0.041662
28.190293 0.041665
28.231914 0.041621
28.273629 0.041715
28.315294 0.041665
28.356962 0.041668
28.398628 0.041666
28.440246 0.041618
28.481965 0.041719
28.523630 0.041665
28.565294 0.041664
28.607000 0.041706
28.648585 0.041585
28.690294 0.041709
28.731912 0.041618
28.773585 0.041673
28.815294 0.041709
28.856962 0.041668
28.898629 0.041667
28.940293 0.041664
28.981961 0.041668
29.023629 0.041668
29.065300 0.041671
29.107003 0.041703
29.148627 0.041624
29.190246 0.041619
29.231965 0.041719
29.273628 0.041663
29.315294 0.041666
29.356912 0.041618
29.398629 0.041717
29.440295 0.041666
29.481961 0.041666
29.523631 0.041670
29.565295 0.041664
29.606997 0.041702
29.648631 0.041634
29.690294 0.041663
29.731913 0.041619
29.773629 0.041716
29.815294 0.041665
29.856961 0.041667
29.898631 0.041670
29.940295 0.041664
29.981961 0.041666
30.023629 0.041668
30.065296 0.041667
30.106999 0.041703
30.148634 0.041635
30.190295 0.041661
30.231961 0.041666
30.273632 0.041671
30.315295 0.041663
30.356962 0.041667
30.398632 0.041670
30.440245 0.041613
30.481965 0.041720
30.523628 0.041663
30.565295 0.041667
30.606981 0.041686
30.648629 0.041648
30.690297 0.041668
30.731962 0.041665
30.773628 0.041666
30.815296 0.041668
30.856962 0.041666
30.898629 0.041667
30.940294 0.041665
30.981963 0.041669
31.023581 0.041618
31.065297 0.041716
31.107006 0.041709
31.148628 0.041622
31.190295 0.041667
31.231965 0.041670
31.273632 0.041667
31.315300 0.041668
31.356961 0.041661
31.398585 0.041624
31.440297 0.041712
31.481966 0.041669
31.523628 0.041662
31.565295 0.041667
31.607002 0.041707
31.648629 0.041627
31.690298 0.041669
31.731964 0.041666
31.773630 0.041666
31.815297 0.041667
31.856962 0.041665
31.898631 0.041669
31.940296 0.041665
31.981962 0.041666
32.023629 0.041667
32.065294 0.041665
32.107005 0.041711
32.148630 0.041625
32.190249 0.041619
32.231967 0.041718
32.273631 0.041664
32.315296 0.041665
32.356967 0.041671
32.398584 0.041617
32.440295 0.041711
32.481962 0.041667
32.523634 0.041672
32.565296 0.041662
32.607002 0.041706
32.648629 0.041627
32.690300 0.041671
32.731916 0.041616
32.773629 0.041713
32.815246 0.041617
32.856963 0.041717
32.898630 0.041667
32.940295 0.041665
32.981918 0.041623
33.023631 0.041713
33.065298 0.041667
33.106968 0.041670
33.148582 0.041614
33.190299 0.041717
33.231912 0.041613
33.273581 0.041669
33.315295 0.041714
33.356912 0.041617
33.398629 0.041717
33.440250 0.041621
33.481966 0.041716
33.523628 0.041662
33.565246 0.041618
33.607000 0.041754
33.648581 0.041581
33.690295 0.041714
33.731967 0.041672
33.773634 0.041667
33.815295 0.041661
33.856913 0.041618
33.898629 0.041716
33.940300 0.041671
33.981964 0.041664
34.023634 0.041670
34.065296 0.041662
34.106966 0.041670
34.148631 0.041665
34.190251 0.041620
34.231913 0.041662
34.273631 0.041718
34.315296 0.041665
34.356960 0.041664
34.398628 0.041668
34.440244 0.041616
34.481961 0.041717
34.523628 0.041667
34.565294 0.041666
34.607000 0.041706
34.648579 0.041579
34.690248 0.041669
34.731916 0.041668
34.773632 0.041716
34.815296 0.041664
34.856961 0.041665
34.898628 0.041667
34.940295 0.041667
34.981967 0.041672
35.023628 0.041661
35.065247 0.041619
35.107002 0.041755
35.148629 0.041627
35.190297 0.041668
35.231964 0.041667
35.273628 0.041664
35.315246 0.041618
35.356962 0.041716
35.398630 0.041668
35.440295 0.041665
35.481963 0.041668
35.523629 0.041666
35.565294 0.041665
35.607000 0.041706
35.648628 0.041628
35.690298 0.041670
35.731965 0.041667
35.773628 0.041663
35.815294 0.041666
35.856963 0.041669
35.898629 0.041666
35.940298 0.041669
35.981962 0.041664
36.023629 0.041667
36.065294 0.041665
36.107002 0.041708
36.148629 0.041627
36.190295 0.041666
36.231962 0.041667
36.273629 0.041667
36.315295 0.041666
36.356961 0.041666
36.398630 0.041669
36.440246 0.041616
36.481964 0.041718
36.523580 0.041616
36.565296 0.041716
36.606998 0.041702
36.648632 0.041634
36.690299 0.041667
36.731961 0.041662
36.773629 0.041668
36.815249 0.041620
36.856963 0.041714
36.898629 0.041666
36.940294 0.041665
36.981913 0.041619
37.023629 0.041716
37.065295 0.041666
37.107001 0.041706
37.148627 0.041626
37.190298 0.041671
37.231965 0.041667
37.273632 0.041667
37.315294 0.041662
37.356962 0.041668
37.398629 0.041667
37.440295 0.041666
37.481964 0.041669
37.523628 0.041664
37.565294 0.041666
37.606995 0.041701
37.648628 0.041633
37.690297 0.041669
37.731962 0.041665
37.773631 0.041669
37.815297 0.041666
37.856913 0.041616
37.898628 0.041715
37.940251 0.041623
37.981963 0.041712
38.023629 0.041666
38.065295 0.041666
38.106999 0.041704
38.148632 0.041633
38.190300 0.041668
38.231962 0.041662
38.273635 0.041673
38.315296 0.041661
38.356962 0.041666
38.398630 0.041668
38.440294 0.041664
38.481916 0.041622
38.523629 0.041713
38.565296 0.041667
38.607003 0.041707
38.648631 0.041628
38.690251 0.041620
38.731962 0.041711
38.773632 0.041670
38.815299 0.041667
38.856914 0.041615
38.898628 0.041714
38.940294 0.041666
38.981961 0.041667
39.023628 0.041667
39.065301 0.041673
39.107002 0.041701
39.148579 0.041577
39.190251 0.041672
39.231916 0.041665
39.273628 0.041712
39.315247 0.041619
39.356963 0.041716
39.398579 0.041616
39.440300 0.041721
39.481963 0.041663
39.523580 0.041617
39.565294 0.041714
39.606983 0.041689
39.648630 0.041647
39.690298 0.041668
39.731962 0.041664
39.773631 0.041669
39.815298 0.041667
39.856919 0.041621
39.898628 0.041709
39.940295 0.041667
39.981964 0.041669
40.023630 0.041666
40.065297 0.041667
40.106998 0.041701
40.148633 0.041635
40.190293 0.041660
40.231961 0.041668
40.273628 0.041667
40.315249 0.041621
40.356962 0.041713
40.398628 0.041666
40.440294 0.041666
40.481962 0.041668
40.523580 0.041618
40.565296 0.041716
40.607000 0.041704
40.648628 0.041628
40.690294 0.041666
40.731962 0.041668
40.773579 0.041617
40.815246 0.041667
40.856912 0.041666
40.898582 0.041670
40.940294 0.041712
40.981915 0.041621
41.023628 0.041713
41.065295 0.041667
41.107003 0.041708
41.148628 0.041625
41.190294 0.041666
41.231962 0.041668
41.273628 0.041666
41.315294 0.041666
41.356967 0.041673
41.398632 0.041665
41.440247 0.041615
41.481962 0.041715
41.523629 0.041667
41.565294 0.041665
41.607001 0.041707
41.648630 0.041629
41.690301 0.041671
41.731966 0.041665
41.773630 0.041664
41.815246 0.041616
41.856963 0.041717
41.898629 0.041666
41.940247 0.041618
41.981964 0.041717
42.023581 0.041617
42.065294 0.041713
42.106983 0.041689
42.148632 0.041649
42.190295 0.041663
42.231962 0.041667
42.273629 0.041667
42.315297 0.041668
42.356962 0.041665
42.398632 0.041670
42.440294 0.041662
42.481961 0.041667
42.523629 0.041668
42.565295 0.041666
42.606981 0.041686
42.648633 0.041652
42.690294 0.041661
42.731962 0.041668
42.773629 0.041667
42.815296 0.041667
42.856961 0.041665
42.898582 0.041621
42.940299 0.041717
42.981961 0.041662
43.023631 0.041670
43.065295 0.041664
43.107003 0.041708
43.148629 0.041626
43.190294 0.041665
43.231967 0.041673
43.273628 0.041661
43.315245 0.041617
43.356961 0.041716
43.398632 0.041671
43.440295 0.041663
43.481922 0.041627
43.523579 0.041657
43.565250 0.041671
43.607003 0.041753
43.648630 0.041627
43.690296 0.041666
43.731962 0.041666
43.773627 0.041665
43.815299 0.041672
43.856961 0.041662
43.898628 0.041667
43.940251 0.041623
43.981962 0.041711
44.023628 0.041666
44.065295 0.041667
44.106998 0.041703
44.148581 0.041583
44.190248 0.041667
44.231964 0.041716
44.273631 0.041667
44.315246 0.041615
44.356967 0.041721
44.398629 0.041662
44.440251 0.041622
44.481962 0.041711
44.523625 0.041663
44.565256 0.041631
44.606998 0.041742
44.648628 0.041630
44.690300 0.041672
44.731961 0.041661
44.773633 0.041672
44.815246 0.041613
44.856962 0.041716
44.898630 0.041668
44.940294 0.041664
44.981965 0.041671
45.023629 0.041664
45.065296 0.041667
45.107007 0.041711
45.148627 0.041620
45.190299 0.041672
45.231914 0.041615
45.273629 0.041715
45.315294 0.041665
45.356912 0.041618
45.398583 0.041671
45.440300 0.041717
45.481962 0.041662
45.523633 0.041671
45.565250 0.041617
45.607001 0.041751
45.648630 0.041629
45.690296 0.041666
45.731964 0.041668
45.773584 0.041620
45.815247 0.041663
45.856962 0.041715
45.898628 0.041666
45.940250 0.041622
45.981962 0.041712
46.023628 0.041666
46.065297 0.041669
46.106998 0.041701
46.148629 0.041631
46.190299 0.041670
46.231961 0.041662
46.273634 0.041673
46.315295 0.041661
46.356962 0.041667
46.398581 0.041619
46.440299 0.041718
46.481962 0.041663
46.523580 0.041618
46.565296 0.041716
46.607006 0.041710
46.648628 0.041622
46.690295 0.041667
46.731961 0.041666
46.773628 0.041667
46.815246 0.041618
46.856961 0.041715
46.898580 0.041619
46.940298 0.041718
46.981961 0.041663
47.023629 0.041668
47.065296 0.041667
47.107004 0.041708
47.148634 0.041630
47.190296 0.041662
47.231962 0.041666
47.273632 0.041670
47.315297 0.041665
47.356962 0.041665
47.398630 0.041668
47.440295 0.041665
47.481962 0.041667
47.523628 0.041666
47.565296 0.041668
47.606982 0.041686
47.648633 0.041651
47.690298 0.041665
47.731961 0.041663
47.773630 0.041669
47.815297 0.041667
47.856918 0.041621
47.898631 0.041713
47.940294 0.041663
47.981966 0.041672
48.023634 0.041668
48.065250 0.041616
48.106983 0.041733
48.148581 0.041598
48.190295 0.041714
48.231962 0.041667
48.273630 0.041668
48.315244 0.041614
48.356911 0.041667
48.398628 0.041717
48.440248 0.041620
48.481961 0.041713
48.523580 0.041619
48.565297 0.041717
48.606981 0.041684
48.648627 0.041646
48.690247 0.041620
48.731967 0.041720
48.773628 0.041661
48.815297 0.041669
48.856962 0.041665
48.898636 0.041674
48.940297 0.041661
48.981963 0.041666
49.023627 0.041664
49.065246 0.041619
49.107001 0.041755
49.148628 0.041627
49.190295 0.041667
49.231963 0.041668
49.273631 0.041668
49.315297 0.041666
49.356962 0.041665
49.398627 0.041665
49.440294 0.041667
49.481965 0.041671
49.523580 0.041615
49.565298 0.041718
49.607004 0.041706
49.648631 0.041627
49.690298 0.041667
49.731962 0.041664
49.773630 0.041668
49.815296 0.041666
49.856968 0.041672
49.898632 0.041664
49.940299 0.041667
49.981961 0.041662
50.023580 0.041619
50.065246 0.041666
50.106998 0.041752
50.148629 0.041631
50.190295 0.041666
50.231912 0.041617
50.273633 0.041721
50.315294 0.041661
50.356962 0.041668
50.398629 0.041667
50.440297 0.041668
50.481962 0.041665
50.523628 0.041666
50.565295 0.041667
50.606998 0.041703
50.648630 0.041632
50.690296 0.041666
50.731963 0.041667
50.773630 0.041667
50.815295 0.041665
50.856963 0.041668
50.898627 0.041664
50.940300 0.041673
50.981963 0.041663
51.023629 0.041666
51.065246 0.041617
51.107002 0.041756
51.148630 0.041628
51.190293 0.041663
51.231961 0.041668
51.273585 0.041624
51.315245 0.041660
51.356962 0.041717
51.398631 0.041669
51.440299 0.041668
51.481912 0.041613
51.523628 0.041716
51.565294 0.041666
51.606999 0.041705
51.648628 0.041629
51.690251 0.041623
51.731965 0.041714
51.773629 0.041664
51.815294 0.041665
51.856913 0.041619
51.898632 0.041719
51.940294 0.041662
51.981960 0.041666
52.023630 0.041670
52.065250 0.041620
52.106996 0.041746
52.148579 0.041583
52.190293 0.041714
52.231965 0.041672
52.273628 0.041663
52.315295 0.041667
52.356960 0.041665
52.398581 0.041621
52.440296 0.041715
52.481966 0.041670
52.523579 0.041613
52.565294 0.041715
52.606998 0.041704
52.648629 0.041631
52.690297 0.041668
52.731961 0.041664
52.773579 0.041618
52.815298 0.041719
52.856961 0.041663
52.898629 0.041668
52.940294 0.041665
52.981962 0.041668
53.023632 0.041670
53.065296 0.041664
53.106978 0.041682
53.148628 0.041650
53.190295 0.041667
53.231962 0.041667
53.273631 0.041669
53.315295 0.041664
53.356961 0.041666
53.398628 0.041667
53.440295 0.041667
53.481960 0.041665
53.523629 0.041669
53.565296 0.041667
53.607003 0.041707
53.648629 0.041626
53.690297 0.041668
53.731918 0.041621
53.773628 0.041710
53.815245 0.041617
53.856964 0.041719
53.898633 0.041669
53.940294 0.041661
53.981918 0.041624
54.023627 0.041709
54.065296 0.041669
54.106999 0.041703
54.148630 0.041631
54.190295 0.041665
54.231961 0.041666
54.273629 0.041668
54.315294 0.041665
54.356966 0.041672
54.398630 0.041664
54.440246 0.041616
54.481914 0.041668
54.523630 0.041716
54.565297 0.041667
54.606999 0.041702
54.648583 0.041584
54.690299 0.041716
54.731962 0.041663
54.773628 0.041666
54.815247 0.041619
54.856962 0.041715
54.898633 0.041671
54.940294 0.041661
54.981915 0.041621
55.023629 0.041714
55.065297 0.041668
55.107003 0.041706
55.148628 0.041625
55.190295 0.041667
55.231964 0.041669
55.273628 0.041664
55.315294 0.041666
55.356964 0.041670
55.398629 0.041665
55.440295 0.041666
55.481965 0.041670
55.523628 0.041663
55.565298 0.041670
55.606999 0.041701
55.648579 0.041580
55.690294 0.041715
55.731965 0.041671
55.773631 0.041666
55.815294 0.041663
55.856962 0.041668
55.898629 0.041667
55.940295 0.041666
55.981961 0.041666
56.023630 0.041669
56.065295 0.041665
56.107005 0.041710
56.148631 0.041626
56.190299 0.041668
56.231961 0.041662
56.273632 0.041671
56.315247 0.041615
56.356913 0.041666
56.398631 0.041718
56.440296 0.041665
56.481962 0.041666
56.523638 0.041676
56.565295 0.041657
56.606998 0.041703
56.648634 0.041636
56.690294 0.041660
56.731961 0.041667
56.773633 0.041672
56.815245 0.041612
56.856967 0.041722
56.898629 0.041662
56.940294 0.041665
56.981912 0.041618
57.023632 0.041720
57.065294 0.041662
57.107001 0.041707
57.148629 0.041628
57.190248 0.041619
57.231965 0.041717
57.273631 0.041666
57.315295 0.041664
57.356962 0.041667
57.398579 0.041617
57.440294 0.041715
57.481962 0.041668
57.523628 0.041666
57.565295 0.041667
57.606963 0.041668
57.648629 0.041666
57.690298 0.041669
57.731961 0.041663
57.773630 0.041669
57.815294 0.041664
57.856961 0.041667
57.898631 0.041670
57.940295 0.041664
57.981965 0.041670
58.023628 0.041663
58.065297 0.041669
58.107001 0.041704
58.148633 0.041632
58.190295 0.041662
58.231967 0.041672
58.273629 0.041662
58.315296 0.041667
58.356963 0.041667
58.398634 0.041671
58.440294 0.041660
58.481914 0.041620
58.523580 0.041666
58.565297 0.041717
58.607008 0.041711
58.648631 0.041623
58.690246 0.041615
58.731963 0.041717
58.773630 0.041667
58.815297 0.041667
58.856963 0.041666
58.898631 0.041668
58.940295 0.041664
58.981967 0.041672
59.023580 0.041613
59.065253 0.041673
59.107003 0.041750
59.148633 0.041630
59.190296 0.041663
59.231914 0.041618
59.273583 0.041669
59.315295 0.041712
59.356913 0.041618
59.398628 0.041715
59.440296 0.041668
59.481965 0.041669
59.523628 0.041663
59.565251 0.041623
59.607001 0.041750
59.648630 0.041629
59.690297 0.041667
59.731962 0.041665
59.773632 0.041670
59.815294 0.041662
59.856912 0.041618
59.898584 0.041672
59.940295 0.041711
59.981962 0.041667
60.023580 0.041618
60.065295 0.041715
60.107003 0.041708
60.148629 0.041626
60.190294 0.041665
60.231913 0.041619
60.273629 0.041716
60.315295 0.041666
60.356961 0.041666
60.398629 0.041668
60.440294 0.041665
60.481961 0.041667
60.523631 0.041670
60.565293 0.041662
60.607001 0.041708
60.648632 0.041631
60.690294 0.041662
60.731915 0.041621
60.773628 0.041713
60.815246 0.041618
60.856914 0.041668
60.898581 0.041667
60.940296 0.041715
60.981913 0.041617
61.023628 0.041715
61.065294 0.041666
61.106981 0.041687
61.148629 0.041648
61.190246 0.041617
61.231962 0.041716
61.273630 0.041668
61.315295 0.041665
61.356967 0.041672
61.398628 0.041661
61.440295 0.041667
61.481961 0.041666
61.523585 0.041624
61.565295 0.041710
61.606999 0.041704
61.648630 0.041631
61.690247 0.041617
61.731962 0.041715
61.773628 0.041666
61.815305 0.041677
61.856961 0.041656
61.898582 0.041621
61.940297 0.041715
61.981962 0.041665
62.023628 0.041666
62.065295 0.041667
62.107002 0.041707
62.148629 0.041627
62.190294 0.041665
62.231914 0.041620
62.273587 0.041673
62.315301 0.041714
62.356963 0.041662
62.398628 0.041665
62.440301 0.041673
62.481962 0.041661
62.523580 0.041618
62.565300 0.041720
62.606977 0.041677
62.648629 0.041652
62.690298 0.041669
62.731963 0.041665
62.773630 0.041667
62.815295 0.041665
62.856918 0.041623
62.898629 0.041711
62.940295 0.041666
62.981965 0.041670
63.023628 0.041663
63.065295 0.041667
63.106989 0.041694
63.148629 0.041640
63.190294 0.041665
63.231963 0.041669
63.273629 0.041666
63.315294 0.041665
63.356917 0.041623
63.398632 0.041715
63.440296 0.041664
63.481963 0.041667
63.523628 0.041665
63.565297 0.041669
63.607015 0.041718
63.648628 0.041613
63.690247 0.041619
63.731962 0.041715
63.773632 0.041670
63.815297 0.041665
63.856967 0.041670
63.898630 0.041663
63.940298 0.041668
63.981913 0.041615
64.023629 0.041716
64.065295 0.041666
64.106999 0.041704
64.148629 0.041630
64.190296 0.041667
64.231961 0.041665
64.273633 0.041672
64.315294 0.041661
64.356913 0.041619
64.398631 0.041718
64.440294 0.041663
64.481964 0.041670
64.523629 0.041665
64.565295 0.041666
64.607003 0.041708
64.648633 0.041630
64.690295 0.041662
64.731967 0.041672
64.773628 0.041661
64.815294 0.041666
64.856962 0.041668
64.898583 0.041621
64.940304 0.041721
64.981965 0.041661
65.023630 0.041665
65.065295 0.041665
65.107003 0.041708
65.148628 0.041625
65.190295 0.041667
65.231964 0.041669
65.273628 0.041664
65.315245 0.041617
65.356913 0.041668
65.398630 0.041717
65.440296 0.041666
65.481921 0.041625
65.523629 0.041708
65.565297 0.041668
65.606997 0.041700
65.648629 0.041632
65.690301 0.041672
65.731966 0.041665
65.773631 0.041665
65.815294 0.041663
65.856966 0.041672
65.898632 0.041666
65.940301 0.041669
65.981962 0.041661
66.023635 0.041673
66.065296 0.041661
66.107003 0.041707
66.148628 0.041625
66.190301 0.041673
66.231962 0.041661
66.273630 0.041668
66.315295 0.041665
66.356962 0.041667
66.398628 0.041666
66.440296 0.041668
66.481965 0.041669
66.523631 0.041666
66.565297 0.041666
66.607004 0.041707
66.648629 0.041625
66.690296 0.041667
66.731966 0.041670
66.773629 0.041663
66.815297 0.041668
66.856965 0.041668
66.898631 0.041666
66.940245 0.041614
66.981963 0.041718
67.023633 0.041670
67.065294 0.041661
67.106978 0.041684
67.148583 0.041605
67.190298 0.041715
67.231964 0.041666
67.273633 0.041669
67.315295 0.041662
67.356962 0.041667
67.398580 0.041618
67.440303 0.041723
67.481964 0.041661
67.523629 0.041665
67.565247 0.041618
67.607004 0.041757
67.648629 0.041625
67.690295 0.041666
67.731968 0.041673
67.773633 0.041665
67.815294 0.041661
67.856963 0.041669
67.898632 0.041669
67.940251 0.041619
67.981962 0.041711
68.023629 0.041667
68.065296 0.041667
68.107008 0.041712
68.148629 0.041621
68.190299 0.041670
68.231961 0.041662
68.273629 0.041668
68.315295 0.041666
68.356963 0.041668
68.398633 0.041670
68.440254 0.041621
68.481961 0.041707
68.523582 0.041621
68.565250 0.041668
68.607007 0.041757
68.648627 0.041620
68.690302 0.041675
68.731962 0.041660
68.773582 0.041620
68.815294 0.041712
68.856913 0.041619
68.898584 0.041671
68.940295 0.041711
68.981961 0.041666
69.023581 0.041620
69.065296 0.041715
69.106999 0.041703
69.148631 0.041632
69.190293 0.041662
69.231918 0.041625
69.273629 0.041711
69.315295 0.041666
69.356962 0.041667
69.398628 0.041666
69.440295 0.041667
69.481963 0.041668
69.523629 0.041666
69.565245 0.041616
69.607000 0.041755
69.648630 0.041630
69.690298 0.041668
69.731962 0.041664
69.773628 0.041666
69.815295 0.041667
69.856961 0.041666
69.898631 0.041670
69.940296 0.041665
69.981916 0.041620
70.023632 0.041716
70.065295 0.041663
70.107003 0.041708
70.148631 0.041628
70.190294 0.041663
70.231962 0.041668
70.273628 0.041666
70.315294 0.041666
70.356963 0.041669
70.398628 0.041665
70.440295 0.041667
70.481964 0.041669
70.523580 0.041616
70.565246 0.041666
70.606979 0.041733
70.648580 0.041601
70.690294 0.041714
70.731967 0.041673
70.773632 0.041665
70.815294 0.041662
70.856916 0.041622
70.898579 0.041663
70.940247 0.041668
70.981962 0.041715
71.023581 0.041619
71.065296 0.041715
71.107175 0.041879
71.148633 0.041458
71.190299 0.041666
71.231960 0.041661
71.273629 0.041669
71.315261 0.041632
71.356965 0.041704
71.398628 0.041663
71.440301 0.041673
71.482035 0.041734
71.523629 0.041594
71.565295 0.041666
71.606989 0.041694
71.648580 0.041591
71.690295 0.041715
71.731914 0.041619
71.773628 0.041714
71.815294 0.041666
71.856961 0.041667
71.898629 0.041668
71.940295 0.041666
71.981963 0.041668
72.023629 0.041666
72.065298 0.041669
72.107002 0.041704
72.148632 0.041630
72.190294 0.041662
72.231962 0.041668
72.273629 0.041667
72.315300 0.041671
72.356961 0.041661
72.398629 0.041668
72.440294 0.041665
72.481963 0.041669
72.523633 0.041670
72.565298 0.041665
72.606998 0.041700
72.648633 0.041635
72.690291 0.041658
72.731961 0.041670
72.773582 0.041621
72.815298 0.041716
72.856961 0.041663
72.898627 0.041666
72.940248 0.041621
72.981911 0.041663
73.023628 0.041717
73.065293 0.041665
73.106981 0.041688
73.148579 0.041598
73.190293 0.041714
73.231962 0.041669
73.273630 0.041668
73.315297 0.041667
73.356961 0.041664
73.398628 0.041667
73.440293 0.041665
73.481961 0.041668
73.523628 0.041667
73.565247 0.041619
73.606997 0.041750
73.648630 0.041633
73.690296 0.041666
73.731961 0.041665
73.773629 0.041668
73.815294 0.041665
73.856964 0.041670
73.898628 0.041664
73.940293 0.041665
73.981960 0.041667
74.023628 0.041668
74.065295 0.041667
74.107001 0.041706
74.148632 0.041631
74.190297 0.041665
74.231963 0.041666
74.273629 0.041666
74.315295 0.041666
74.356961 0.041666
74.398580 0.041619
74.440299 0.041719
74.481962 0.041663
74.523634 0.041672
74.565294 0.041660
74.606980 0.041686
74.648580 0.041600
74.690295 0.041715
74.731914 0.041619
74.773581 0.041667
74.815247 0.041666
74.856962 0.041715
74.898630 0.041668
74.940247 0.041617
74.981965 0.041718
75.023629 0.041664
75.065295 0.041666
75.107000 0.041705
75.148635 0.041635
75.190295 0.041660
75.231913 0.041618
75.273634 0.041721
75.315296 0.041662
75.356915 0.041619
75.398630 0.041715
75.440294 0.041664
75.481915 0.041621
75.523583 0.041668
75.565298 0.041715
75.606979 0.041681
75.648629 0.041650
75.690249 0.041620
75.731963 0.041714
75.773632 0.041669
75.815246 0.041614
75.856914 0.041668
75.898587 0.041673
75.940246 0.041659
75.981966 0.041720
76.023580 0.041614
76.065247 0.041667
76.107006 0.041759
76.148584 0.041578
76.190294 0.041710
76.231962 0.041668
76.273629 0.041667
76.315246 0.041617
76.356966 0.041720
76.398630 0.041664
76.440247 0.041617
76.481914 0.041667
76.523628 0.041714
76.565248 0.041620
76.606979 0.041731
76.648630 0.041651
76.690295 0.041665
76.731914 0.041619
76.773581 0.041667
76.815296 0.041715
76.856913 0.041617
76.898629 0.041716
76.940294 0.041665
76.981963 0.041669
77.023581 0.041618
77.065298 0.041717
77.106996 0.041698
77.148581 0.041585
77.190296 0.041715
77.231961 0.041665
77.273627 0.041666
77.315295 0.041668
77.356963 0.041668
77.398632 0.041669
77.440246 0.041614
77.481961 0.041715
77.523630 0.041669
77.565297 0.041667
77.607002 0.041705
77.648629 0.041627
77.690249 0.041620
77.731963 0.041714
77.773628 0.041665
77.815295 0.041667
77.856962 0.041667
77.898629 0.041667
77.940245 0.041616
77.981964 0.041719
78.023627 0.041663
78.065252 0.041625
78.107002 0.041750
78.148629 0.041627
78.190297 0.041668
78.231962 0.041665
78.273581 0.041619
78.315250 0.041669
78.356964 0.041714
78.398583 0.041619
78.440297 0.041714
78.481963 0.041666
78.523580 0.041617
78.565296 0.041716
78.607001 0.041705
78.648629 0.041628
78.690299 0.041670
78.731963 0.041664
78.773580 0.041617
78.815295 0.041715
78.856963 0.041668
78.898632 0.041669
78.940247 0.041615
78.981965 0.041718
79.023629 0.041664
79.065247 0.041618
79.106999 0.041752
79.148582 0.041583
79.190299 0.041717
79.231962 0.041663
79.273629 0.041667
79.315295 0.041666
79.356913 0.041618
79.398629 0.041716
79.440247 0.041618
79.481962 0.041715
79.523580 0.041618
79.565298 0.041718
79.606999 0.041701
79.648631 0.041632
79.690250 0.041619
79.731966 0.041716
79.773633 0.041667
79.815295 0.041662
79.856962 0.041667
79.898629 0.041667
79.940250 0.041621
79.981966 0.041716
80.023632 0.041666
80.065295 0.041663
80.106998 0.041703
80.148632 0.041634
80.190298 0.041666
80.231965 0.041667
80.273632 0.041667
80.315295 0.041663
80.356916 0.041621
80.398638 0.041722
80.440295 0.041657
80.481913 0.041618
80.523584 0.041671
80.565246 0.041662
80.606997 0.041751
80.648629 0.041632
80.690298 0.041669
80.731962 0.041664
80.773582 0.041620
80.815295 0.041713
80.856962 0.041667
80.898630 0.041668
80.940296 0.041666
80.981965 0.041669
81.023628 0.041663
81.065247 0.041619
81.106964 0.041717
81.148633 0.041669
81.190295 0.041662
81.231965 0.041670
81.273629 0.041664
81.315299 0.041670
81.356914 0.041615
81.398582 0.041668
81.440295 0.041713
81.481962 0.041667
81.523630 0.041668
81.565295 0.041665
81.606982 0.041687
81.648635 0.041653
81.690248 0.041613
81.731913 0.041665
81.773630 0.041717
81.815296 0.041666
81.856966 0.041670
81.898629 0.041663
81.940295 0.041666
81.981915 0.041620
82.023629 0.041714
82.065298 0.041669
82.106996 0.041698
82.148628 0.041632
82.190295 0.041667
82.231963 0.041668
82.273628 0.041665
82.315296 0.041668
82.356963 0.041667
82.398630 0.041667
82.440298 0.041668
82.481962 0.041664
82.523580 0.041618
82.565248 0.041668
82.606998 0.041750
82.648581 0.041583
82.690298 0.041717
82.731967 0.041669
82.773632 0.041665
82.815294 0.041662
82.856965 0.041671
82.898585 0.041620
82.940296 0.041711
82.981962 0.041666
83.023628 0.041666
83.065296 0.041668
83.107003 0.041707
83.148582 0.041579
83.190294 0.041712
83.231962 0.041668
83.273632 0.041670
83.315247 0.041615
83.356963 0.041716
83.398630 0.041667
83.440298 0.041668
83.481962 0.041664
83.523629 0.041667
83.565296 0.041667
83.606999 0.041703
83.648633 0.041634
83.690246 0.041613
83.731919 0.041673
83.773632 0.041713
83.815297 0.041665
83.856966 0.041669
83.898628 0.041662
83.940246 0.041618
83.981916 0.041670
84.023630 0.041714
84.065249 0.041619
84.107000 0.041751
84.148633 0.041633
84.190297 0.041664
84.231917 0.041620
84.273629 0.041712
84.315297 0.041668
84.356962 0.041665
84.398631 0.041669
84.440251 0.041620
84.481967 0.041716
84.523629 0.041662
84.565248 0.041619
84.607007 0.041759
84.648630 0.041623
84.690294 0.041664
84.731917 0.041623
84.773630 0.041713
84.815250 0.041620
84.856963 0.041713
84.898633 0.041670
84.940300 0.041667
84.981913 0.041613
85.023583 0.041670
85.065297 0.041714
85.107001 0.041704
85.148586 0.041585
85.190250 0.041664
85.231914 0.041664
85.273632 0.041718
85.315246 0.041614
85.356965 0.041719
85.398581 0.041616
85.440299 0.041718
85.481913 0.041614
85.523628 0.041715
85.565296 0.041668
85.606971 0.041675
85.648626 0.041655
85.690299 0.041673
85.731914 0.041615
85.773630 0.041716
85.815250 0.041620
85.856963 0.041713
85.898628 0.041665
85.940247 0.041619
85.981914 0.041667
86.023580 0.041666
86.065300 0.041720
86.107000 0.041700
86.148583 0.041583
86.190247 0.041664
86.231962 0.041715
86.273628 0.041666
86.315246 0.041618
86.356919 0.041673
86.398628 0.041709
86.440246 0.041618
86.481963 0.041717
86.523581 0.041618
86.565296 0.041715
86.606980 0.041684
86.648583 0.041603
86.690295 0.041712
86.731914 0.041619
86.773630 0.041716
86.815297 0.041667
86.856962 0.041665
86.898629 0.041667
86.940295 0.041666
86.981961 0.041666
87.023629 0.041668
87.065295 0.041666
87.107002 0.041707
87.148580 0.041578
87.190294 0.041714
87.231965 0.041671
87.273629 0.041664
87.315245 0.041616
87.356964 0.041719
87.398581 0.041617
87.440249 0.041668
87.481967 0.041718
87.523629 0.041662
87.565248 0.041619
87.606978 0.041730
87.648629 0.041651
87.690294 0.041665
87.731961 0.041667
87.773629 0.041668
87.815247 0.041618
87.856962 0.041715
87.898628 0.041666
87.940247 0.041619
87.981914 0.041667
88.023581 0.041667
88.065294 0.041713
88.106998 0.041704
88.148629 0.041631
88.190295 0.041666
88.231962 0.041667
88.273628 0.041666
88.315247 0.041619
88.356914 0.041667
88.398628 0.041714
88.440254 0.041626
88.481963 0.041709
88.523632 0.041669
88.565296 0.041664
88.607002 0.041706
88.648628 0.041626
88.690296 0.041668
88.731962 0.041666
88.773633 0.041671
88.815294 0.041661
88.856962 0.041668
88.898587 0.041625
88.940296 0.041709
88.981966 0.041670
89.023580 0.041614
89.065298 0.041718
89.106978 0.041680
89.148629 0.041651
89.190295 0.041666
89.231963 0.041668
89.273587 0.041624
89.315294 0.041707
89.356963 0.041669
89.398632 0.041669
89.440302 0.041670
89.481962 0.041660
89.523630 0.041668
89.565246 0.041616
89.606999 0.041753
89.648634 0.041635
89.690250 0.041616
89.731914 0.041664
89.773582 0.041668
89.815250 0.041668
89.856916 0.041666
89.898630 0.041714
89.940295 0.041665
89.981962 0.041667
90.023581 0.041619
90.065295 0.041714
90.107000 0.041705
90.148630 0.041630
90.190252 0.041622
90.231913 0.041661
90.273632 0.041719
90.315249 0.041617
90.356962 0.041713
90.398628 0.041666
90.440246 0.041618
90.481962 0.041716
90.523629 0.041667
90.565246 0.041617
90.607006 0.041760
90.648629 0.041623
90.690247 0.041618
90.731962 0.041715
90.773629 0.041667
90.815295 0.041666
90.856918 0.041623
90.898629 0.041711
90.940251 0.041622
90.981966 0.041715
91.023625 0.041659
91.065252 0.041627
91.106998 0.041746
91.148580 0.041582
91.190247 0.041667
91.231961 0.041714
91.273628 0.041667
91.315294 0.041666
91.356913 0.041619
91.398628 0.041715
91.440296 0.041668
91.481962 0.041666
91.523630 0.041668
91.565252 0.041622
91.606997 0.041745
91.648629 0.041632
91.690295 0.041666
91.731963 0.041668
91.773631 0.041668
91.815295 0.041664
91.856961 0.041666
91.898630 0.041669
91.940294 0.041664
91.981912 0.041618
92.023579 0.041667
92.065294 0.041715
92.106997 0.041703
92.148578 0.041581
92.190245 0.041667
92.231915 0.041670
92.273628 0.041713
92.315295 0.041667
92.356966 0.041671
92.398632 0.041666
92.440295 0.041663
92.481962 0.041667
92.523628 0.041666
92.565247 0.041619
92.607016 0.041769
92.648581 0.041565
92.690295 0.041714
92.731962 0.041667
92.773632 0.041670
92.815246 0.041614
92.856962 0.041716
92.898628 0.041666
92.940300 0.041672
92.981964 0.041664
93.023628 0.041664
93.065296 0.041668
93.107000 0.041704
93.148580 0.041580
93.190296 0.041716
93.231962 0.041666
93.273631 0.041669
93.315246 0.041615
93.356917 0.041671
93.398634 0.041717
93.440296 0.041662
93.481965 0.041669
93.523630 0.041665
93.565295 0.041665
93.606999 0.041704
93.648631 0.041632
93.690246 0.041615
93.731914 0.041668
93.773633 0.041719
93.815247 0.041614
93.856915 0.041668
93.898629 0.041714
93.940301 0.041672
93.981963 0.041662
94.023584 0.041621
94.065298 0.041714
94.106998 0.041700
94.148632 0.041634
94.190295 0.041663
94.231913 0.041618
94.273634 0.041721
94.315298 0.041664
94.356961 0.041663
94.398628 0.041667
94.440300 0.041672
94.481965 0.041665
94.523634 0.041669
94.565299 0.041665
94.606980 0.041681
94.648633 0.041653
94.690298 0.041665
94.731963 0.041665
94.773629 0.041666
94.815294 0.041665
94.856962 0.041668
94.898582 0.041620
94.940295 0.041713
94.981919 0.041624
95.023629 0.041710
95.065298 0.041669
95.107001 0.041703
95.148581 0.041580
95.190295 0.041714
95.231964 0.041669
95.273584 0.041620
95.315295 0.041711
95.356962 0.041667
95.398581 0.041619
95.440247 0.041666
95.481915 0.041668
95.523629 0.041714
95.565297 0.041668
95.606970 0.041673
95.648629 0.041659
95.690297 0.041668
95.731965 0.041668
95.773628 0.041663
95.815295 0.041667
95.856964 0.041669
95.898579 0.041615
95.940295 0.041716
95.981915 0.041620
96.023580 0.041665
96.065297 0.041717
96.106996 0.041699
96.148629 0.041633
96.190297 0.041668
96.231965 0.041668
96.273580 0.041615
96.315296 0.041716
96.356962 0.041666
96.398632 0.041670
96.440295 0.041663
96.481962 0.041667
96.523629 0.041667
96.565245 0.041616
96.606997 0.041752
96.648630 0.041633
96.690300 0.041670
96.731914 0.041614
96.773585 0.041671
96.815297 0.041712
96.856913 0.041616
96.898630 0.041717
96.940250 0.041620
96.981966 0.041716
97.023629 0.041663
97.065296 0.041667
97.107002 0.041706
97.148629 0.041627
97.190300 0.041671
97.231962 0.041662
97.273630 0.041668
97.315247 0.041617
97.356961 0.041714
97.398631 0.041670
97.440295 0.041664
97.481965 0.041670
97.523579 0.041614
97.565303 0.041724
97.607006 0.041703
97.648634 0.041628
97.690296 0.041662
97.731961 0.041665
97.773633 0.041672
97.815296 0.041663
97.856966 0.041670
97.898631 0.041665
97.940294 0.041663
97.981913 0.041619
98.023629 0.041716
98.065247 0.041618
98.106997 0.041750
98.148634 0.041637
98.190295 0.041661
98.231963 0.041668
98.273628 0.041665
98.315295 0.041667
98.356961 0.041666
98.398632 0.041671
98.440246 0.041614
98.481964 0.041718
98.523627 0.041663
98.565296 0.041669
98.606966 0.041670
98.648628 0.041662
98.690295 0.041667
98.731966 0.041671
98.773583 0.041617
98.815294 0.041711
98.856913 0.041619
98.898628 0.041715
98.940295 0.041667
98.981917 0.041622
99.023629 0.041712
99.065295 0.041666
99.107000 0.041705
99.148584 0.041584
99.190295 0.041711
99.231913 0.041618
99.273580 0.041667
99.315246 0.041666
99.356961 0.041715
99.398630 0.041669
99.440296 0.041666
99.481916 0.041620
99.523629 0.041713
99.565247 0.041618
99.606996 0.041749
99.648629 0.041633
99.690298 0.041669
99.731962 0.041664
99.773629 0.041667
99.815246 0.041617
99.856928 0.041682
99.898631 0.041703
99.940302 0.041671
99.981961 0.041659
100.023579 0.041618
100.065247 0.041668
100.106997 0.041750
100.148628 0.041631
100.190295 0.041667
100.231913 0.041618
100.273631 0.041718
100.315294 0.041663
100.356912 0.041618
100.398629 0.041717
100.440297 0.041668
100.481961 0.041664
100.523627 0.041666
100.565248 0.041621
100.606962 0.041714
100.648579 0.041617
100.690249 0.041670
100.731963 0.041714
100.773580 0.041617
100.815294 0.041714
100.856960 0.041666
100.898630 0.041670
100.940248 0.041618
100.981962 0.041714
101.023628 0.041666
101.065293 0.041665
101.106962 0.041669
101.148580 0.041618
101.190298 0.041718
101.231916 0.041618
101.273629 0.041713
101.315297 0.041668
101.356963 0.041666
101.398583 0.041620
101.440296 0.041713
101.481962 0.041666
101.523580 0.041618
101.565297 0.041717
101.606963 0.041666
101.648629 0.041666
101.690296 0.041667
101.731962 0.041666
101.773627 0.041665
101.815295 0.041668
101.856962 0.041667
101.898628 0.041666
101.940300 0.041672
101.981964 0.041664
102.023628 0.041664
102.065294 0.041666
102.106961 0.041667
102.148630 0.041669
102.190245 0.041615
102.231961 0.041716
102.273631 0.041670
102.315294 0.041663
102.356961 0.041667
102.398629 0.041668
102.440295 0.041666
102.481962 0.041667
102.523630 0.041668
102.565294 0.041664
102.607000 0.041706
102.648629 0.041629
102.690294 0.041665
102.731961 0.041667
102.773629 0.041668
102.815295 0.041666
102.856961 0.041666
102.898630 0.041669
102.940300 0.041670
102.981962 0.041662
103.023628 0.041666
103.065295 0.041667
103.107002 0.041707
103.148632 0.041630
103.190295 0.041663
103.231964 0.041669
103.273579 0.041615
103.315246 0.041667
103.356962 0.041716
103.398628 0.041666
103.440298 0.041670
103.481962 0.041664
103.523629 0.041667
103.565294 0.041665
103.606979 0.041685
103.648628 0.041649
103.690297 0.041669
103.731963 0.041666
103.773632 0.041669
103.815297 0.041665
103.856918 0.041621
103.898631 0.041713
103.940296 0.041665
103.981958 0.041662
104.023580 0.041622
104.065295 0.041715
104.106973 0.041678
104.148628 0.041655
104.190295 0.041667
104.231913 0.041618
104.273631 0.041718
104.315294 0.041663
104.356963 0.041669
104.398631 0.041668
104.440295 0.041664
104.481962 0.041667
104.523629 0.041667
104.565295 0.041666
104.606991 0.041696
104.648629 0.041638
104.690297 0.041668
104.731919 0.041622
104.773631 0.041712
104.815295 0.041664
104.856961 0.041666
104.898630 0.041669
104.940295 0.041665
104.981914 0.041619
105.023633 0.041719
105.065297 0.041664
105.106995 0.041698
105.148629 0.041634
105.190295 0.041666
105.231961 0.041666
105.273628 0.041667
105.315247 0.041619
105.356914 0.041667
105.398629 0.041715
105.440298 0.041669
105.481963 0.041665
105.523630 0.041667
105.565295 0.041665
105.607001 0.041706
105.648628 0.041627
105.690295 0.041667
105.731962 0.041667
105.773579 0.041617
105.815295 0.041716
105.856913 0.041618
105.898629 0.041716
105.940295 0.041666
105.981961 0.041666
106.023631 0.041670
106.065295 0.041664
106.106998 0.041703
106.148629 0.041631
106.190294 0.041665
106.231963 0.041669
106.273580 0.041617
106.315246 0.041666
106.356962 0.041716
106.398631 0.041669
106.440299 0.041668
106.481962 0.041663
106.523630 0.041668
106.565294 0.041664
106.606998 0.041704
106.648630 0.041632
106.690248 0.041618
106.731964 0.041716
106.773631 0.041667
106.815246 0.041615
106.856962 0.041716
106.898632 0.041670
106.940249 0.041617
106.981963 0.041714
107.023632 0.041669
107.065294 0.041662
107.107000 0.041706
107.148586 0.041586
107.190294 0.041708
107.231962 0.041668
107.273629 0.041667
107.315294 0.041665
107.356967 0.041673
107.398629 0.041662
107.440296 0.041667
107.481965 0.041669
107.523586 0.041621
107.565295 0.041709
107.607000 0.041705
107.648630 0.041630
107.690246 0.041616
107.731918 0.041672
107.773628 0.041710
107.815295 0.041667
107.856962 0.041667
107.898629 0.041667
107.940247 0.041618
107.981913 0.041666
108.023581 0.041668
108.065294 0.041713
108.106963 0.041669
108.148633 0.041670
108.190295 0.041662
108.231914 0.041619
108.273581 0.041667
108.315248 0.041667
108.356963 0.041715
108.398584 0.041621
108.440296 0.041712
108.481965 0.041669
108.523628 0.041663
108.565247 0.041619
108.607000 0.041753
108.648579 0.041579
108.690294 0.041715
108.731961 0.041667
108.773627 0.041666
108.815294 0.041667
108.856962 0.041668
108.898580 0.041618
108.940297 0.041717
108.981961 0.041664
109.023580 0.041619
109.065294 0.041714
109.106999 0.041705
109.148629 0.041630
109.190295 0.041666
109.231961 0.041666
109.273631 0.041670
109.315243 0.041612
109.356966 0.041723
109.398629 0.041663
109.440297 0.041668
109.481963 0.041666
109.523628 0.041665
109.565245 0.041617
109.606998 0.041753
109.648579 0.041581
109.690294 0.041715
109.731915 0.041621
109.773631 0.041716
109.815294 0.041663
109.856963 0.041669
109.898629 0.041666
109.940298 0.041669
109.981961 0.041663
110.023578 0.041617
110.065294 0.041716
110.107001 0.041707
110.148580 0.041579
110.190294 0.041714
110.231961 0.041667
110.273580 0.041619
110.315245 0.041665
110.356961 0.041716
110.398631 0.041670
110.440298 0.041667
110.481965 0.041667
110.523579 0.041614
110.565294 0.041715
110.607000 0.041706
110.648629 0.041629
110.690298 0.041669
110.731965 0.041667
110.773629 0.041664
110.815252 0.041623
110.856914 0.041662
110.898581 0.041667
110.940296 0.041715
110.981914 0.041618
111.023630 0.041716
111.065300 0.041670
111.107001 0.041701
111.148634 0.041633
111.190295 0.041661
111.231916 0.041621
111.273629 0.041713
111.315297 0.041668
111.356963 0.041666
111.398582 0.041619
111.440295 0.041713
111.481918 0.041623
111.523628 0.041710
111.565247 0.041619
111.606968 0.041721
111.648633 0.041665
111.690295 0.041662
111.731967 0.041672
111.773631 0.041664
111.815296 0.041665
111.856963 0.041667
111.898635 0.041672
111.940248 0.041613
111.981916 0.041668
112.023631 0.041715
112.065294 0.041663
112.107001 0.041707
112.148583 0.041582
112.190297 0.041714
112.231915 0.041618
112.273631 0.041716
112.315245 0.041614
112.356962 0.041717
112.398627 0.041665
112.440245 0.041618
112.481915 0.041670
112.523632 0.041717
112.565294 0.041662
112.606997 0.041703
112.648628 0.041631
112.690296 0.041668
112.731962 0.041666
112.773629 0.041667
112.815295 0.041666
112.856920 0.041625
112.898629 0.041709
112.940299 0.041670
112.981916 0.041617
113.023627 0.041711
113.065298 0.041671
113.106982 0.041684
113.148628 0.041646
113.190250 0.041622
113.231962 0.041712
113.273637 0.041675
113.315294 0.041657
113.356963 0.041669
113.398633 0.041670
113.440247 0.041614
113.481965 0.041718
113.523632 0.041667
113.565248 0.041616
113.606962 0.041714
113.648633 0.041671
113.690297 0.041664
113.731963 0.041666
113.773630 0.041667
113.815246 0.041616
113.856962 0.041716
113.898628 0.041666
113.940296 0.041668
113.981961 0.041665
114.023627 0.041666
114.065294 0.041667
114.106965 0.041671
114.148629 0.041664
114.190297 0.041668
114.231911 0.041614
114.273578 0.041667
114.315298 0.041720
114.356961 0.041663
114.398628 0.041667
114.440293 0.041665
114.481965 0.041672
114.523628 0.041663
114.565295 0.041667
114.606998 0.041703
114.648580 0.041582
114.690297 0.041717
114.731962 0.041665
114.773579 0.041617
114.815299 0.041720
114.856916 0.041617
114.898629 0.041713
114.940295 0.041666
114.981961 0.041666
115.023584 0.041623
115.065247 0.041663
115.107004 0.041757
115.148585 0.041581
115.190248 0.041663
115.231962 0.041714
115.273580 0.041618
115.315294 0.041714
115.356964 0.041670
115.398584 0.041620
115.440295 0.041711
115.481962 0.041667
115.523628 0.041666
115.565295 0.041667
115.606979 0.041684
115.648631 0.041652
115.690297 0.041666
115.731914 0.041617
115.773630 0.041716
115.815295 0.041665
115.856963 0.041668
115.898632 0.041669
115.940247 0.041615
115.981963 0.041716
116.023631 0.041668
116.065296 0.041665
116.107000 0.041704
116.148630 0.041630
116.190295 0.041665
116.231962 0.041667
116.273631 0.041669
116.315248 0.041617
116.356914 0.041666
116.398630 0.041716
116.440297 0.041667
116.481917 0.041620
116.523629 0.041712
116.565295 0.041666
116.606962 0.041667
116.648582 0.041620
116.690298 0.041716
116.731914 0.041616
116.773629 0.041715
116.815297 0.041668
116.856920 0.041623
116.898629 0.041709
116.940295 0.041666
116.981962 0.041667
117.023629 0.041667
117.065295 0.041666
117.107001 0.041706
117.148581 0.041580
117.190294 0.041713
117.231962 0.041668
117.273581 0.041619
117.315300 0.041719
117.356962 0.041662
117.398630 0.041668
117.440296 0.041666
117.481962 0.041666
117.523630 0.041668
117.565299 0.041669
117.606978 0.041679
117.648634 0.041656
117.690249 0.041615
117.731962 0.041713
117.773582 0.041620
117.815300 0.041718
117.856965 0.041665
117.898629 0.041664
117.940297 0.041668
117.981966 0.041669
118.023630 0.041664
118.065295 0.041665
118.106998 0.041703
118.148632 0.041634
118.190247 0.041615
118.231958 0.041711
118.273580 0.041622
118.315294 0.041714
118.356913 0.041619
118.398632 0.041719
118.440295 0.041663
118.481913 0.041618
118.523629 0.041716
118.565247 0.041618
118.606981 0.041734
118.648629 0.041648
118.690295 0.041666
118.731965 0.041670
118.773629 0.041664
118.815295 0.041666
118.856961 0.041666
118.898629 0.041668
118.940294 0.041665
118.981962 0.041668
119.023630 0.041668
119.065246 0.041616
119.107003 0.041757
119.148632 0.041629
119.190297 0.041665
119.231964 0.041667
119.273632 0.041668
119.315297 0.041665
119.356962 0.041665
119.398584 0.041622
119.440247 0.041663
119.481965 0.041718
119.523628 0.041663
119.565246 0.041618
119.606999 0.041753
119.648581 0.041582
119.690245 0.041664
119.731962 0.041717
119.773629 0.041667
119.815250 0.041621
119.856913 0.041663
119.898631 0.041718
119.940246 0.041615
119.981969 0.041723
120.023629 0.041660
120.065408 0.041779
120.106997 0.041589
120.148581 0.041584
120.190295 0.041714
120.231913 0.041618
120.273629 0.041716
120.315297 0.041668
120.356963 0.041666
120.398630 0.041667
120.440297 0.041667
120.481961 0.041664
120.523629 0.041668
120.565247 0.041618
120.606978 0.041731
120.648629 0.041651
120.690295 0.041666
120.731963 0.041668
120.773633 0.041670
120.815298 0.041665
120.856962 0.041664
120.898629 0.041667
120.940295 0.041666
120.981961 0.041666
121.023628 0.041667
121.065297 0.041669
121.107000 0.041703
121.148632 0.041632
121.190295 0.041663
121.231964 0.041669
121.273628 0.041664
121.315246 0.041618
121.356964 0.041718
121.398628 0.041664
121.440246 0.041618
121.481913 0.041667
121.523629 0.041716
121.565300 0.041671
121.606997 0.041697
121.648629 0.041632
121.690297 0.041668
121.731913 0.041616
121.773579 0.041666
121.815246 0.041667
121.856913 0.041667
121.898632 0.041719
121.940294 0.041662
121.981961 0.041667
122.023580 0.041619
122.065294 0.041714
122.106994 0.041700
122.148628 0.041634
122.190294 0.041666
122.231966 0.041672
122.273629 0.041663
122.315294 0.041665
122.356961 0.041667
122.398630 0.041669
122.440295 0.041665
122.481916 0.041621
122.523630 0.041714
122.565247 0.041617
122.606999 0.041752
122.648628 0.041629
122.690297 0.041669
122.731964 0.041667
122.773629 0.041665
122.815295 0.041666
122.856966 0.041671
122.898631 0.041665
122.940295 0.041664
122.981965 0.041670
123.023632 0.041667
123.065293 0.041661
123.106998 0.041705
123.148630 0.041632
123.190295 0.041665
123.231962 0.041667
123.273628 0.041666
123.315295 0.041667
123.356914 0.041619
123.398631 0.041717
123.440295 0.041664
123.481962 0.041667
123.523581 0.041619
123.565296 0.041715
123.606982 0.041686
123.648626 0.041644
123.690296 0.041670
123.731962 0.041666
123.773632 0.041670
123.815294 0.041662
123.856915 0.041621
123.898581 0.041666
123.940295 0.041714
123.981964 0.041669
124.023628 0.041664
124.065248 0.041620
124.106998 0.041750
124.148629 0.041631
124.190293 0.041664
124.231962 0.041669
124.273631 0.041669
124.315246 0.041615
124.356966 0.041720
124.398631 0.041665
124.440297 0.041666
124.481966 0.041669
124.523628 0.041662
124.565294 0.041666
124.606997 0.041703
124.648629 0.041632
124.690294 0.041665
124.731960 0.041666
124.773627 0.041667
124.815247 0.041620
124.856961 0.041714
124.898628 0.041667
124.940295 0.041667
124.981963 0.041668
125.023629 0.041666
125.065296 0.041667
125.106999 0.041703
125.148629 0.041630
125.190297 0.041668
125.231912 0.041615
125.273627 0.041715
125.315295 0.041668
125.356913 0.041618
125.398630 0.041717
125.440294 0.041664
125.481960 0.041666
125.523631 0.041671
125.565294 0.041663
125.607000 0.041706
125.648627 0.041627
125.690297 0.041670
125.731961 0.041664
125.773631 0.041670
125.815295 0.041664
125.856960 0.041665
125.898579 0.041619
125.940294 0.041715
