0.009544 0.009544
0.039852 0.030308
0.075025 0.035173
0.115008 0.039983
0.155000 0.039992
0.195000 0.040000
0.235003 0.040003
0.275035 0.040032
0.315035 0.040000
0.355023 0.039988
0.394974 0.039951
0.435040 0.040066
0.474993 0.039953
0.515039 0.040046
0.555038 0.039999
0.595038 0.040000
0.635034 0.039996
0.674992 0.039958
0.715035 0.040043
0.754998 0.039963
0.795034 0.040036
0.834998 0.039964
0.875008 0.040010
0.915009 0.040001
0.955005 0.039996
0.995005 0.040000
1.035005 0.040000
1.075005 0.040000
1.115005 0.040000
1.155005 0.040000
1.195004 0.039999
1.235005 0.040001
1.275004 0.039999
1.315005 0.040001
1.355005 0.040000
1.395004 0.039999
1.434956 0.039952
1.475005 0.040049
1.515006 0.040001
1.555006 0.040000
1.595005 0.039999
1.635005 0.040000
1.675005 0.040000
1.715005 0.040000
1.755004 0.039999
1.795005 0.040001
1.835004 0.039999
1.875004 0.040000
1.915005 0.040001
1.955006 0.040001
1.995005 0.039999
2.035004 0.039999
2.075005 0.040001
2.115004 0.039999
2.155006 0.040002
2.195006 0.040000
2.235004 0.039998
2.275005 0.040001
2.315006 0.040001
2.355011 0.040005
2.395006 0.039995
2.435007 0.040001
2.475007 0.040000
2.515004 0.039997
2.555008 0.040004
2.595006 0.039998
2.635008 0.040002
2.675006 0.039998
2.715006 0.040000
2.755007 0.040001
2.795006 0.039999
2.835007 0.040001
2.875006 0.039999
2.915005 0.039999
2.955006 0.040001
2.995005 0.039999
3.035006 0.040001
3.075006 0.040000
3.115005 0.039999
3.155005 0.040000
3.195005 0.040000
3.235006 0.040001
3.275005 0.039999
3.315005 0.040000
3.355005 0.040000
3.395005 0.040000
3.435007 0.040002
3.475006 0.039999
3.515009 0.040003
3.555005 0.039996
3.595005 0.040000
3.635007 0.040002
3.675006 0.039999
3.715005 0.039999
3.755006 0.040001
3.795010 0.040004
3.835006 0.039996
3.875006 0.040000
3.915005 0.039999
3.955006 0.040001
3.995005 0.039999
4.035007 0.040002
4.075006 0.039999
4.115006 0.040000
4.155007 0.040001
4.195007 0.040000
4.235005 0.039998
4.275005 0.040000
4.315005 0.040000
4.355006 0.040001
4.395005 0.039999
4.435006 0.040001
4.475004 0.039998
4.515004 0.040000
4.555006 0.040002
4.595005 0.039999
4.635005 0.040000
4.675005 0.040000
4.714957 0.039952
4.755006 0.040049
4.795005 0.039999
4.835007 0.040002
4.875006 0.039999
4.914966 0.039960
4.955008 0.040042
4.995007 0.039999
5.035006 0.039999
5.075005 0.039999
5.115004 0.039999
5.155009 0.040005
5.195005 0.039996
5.235009 0.040004
5.275005 0.039996
5.315005 0.040000
5.355006 0.040001
5.395007 0.040001
5.435006 0.039999
5.475005 0.039999
5.515005 0.040000
5.555006 0.040001
5.595006 0.040000
5.635005 0.039999
5.675005 0.040000
5.715006 0.040001
5.755006 0.040000
5.795005 0.039999
5.835006 0.040001
5.874957 0.039951
5.914956 0.039999
5.955005 0.040049
5.995008 0.040003
6.035007 0.039999
6.075006 0.039999
6.115005 0.039999
6.155005 0.040000
6.195004 0.039999
6.235007 0.040003
6.275006 0.039999
6.315006 0.040000
6.355007 0.040001
6.395006 0.039999
6.435006 0.040000
6.475006 0.040000
6.515005 0.039999
6.555006 0.040001
6.595008 0.040002
6.635005 0.039997
6.675008 0.040003
6.715006 0.039998
6.755006 0.040000
6.795005 0.039999
6.835006 0.040001
6.875006 0.040000
6.915009 0.040003
6.955008 0.039999
6.995005 0.039997
7.035006 0.040001
7.075005 0.039999
7.115007 0.040002
7.155009 0.040002
7.195005 0.039996
7.235006 0.040001
7.275009 0.040003
7.315007 0.039998
7.355009 0.040002
7.395016 0.040007
7.435006 0.039990
7.475006 0.040000
7.515009 0.040003
7.555010 0.040001
7.595004 0.039994
7.635005 0.040001
7.675006 0.040001
7.715005 0.039999
7.755007 0.040002
7.795010 0.040003
7.835005 0.039995
7.875005 0.040000
7.915005 0.040000
7.955007 0.040002
7.995005 0.039998
8.035007 0.040002
8.075009 0.040002
8.115006 0.039997
8.155011 0.040005
8.195006 0.039995
8.235006 0.040000
8.275005 0.039999
8.315005 0.040000
8.355011 0.040006
8.395006 0.039995
8.435005 0.039999
8.475006 0.040001
8.515005 0.039999
8.555007 0.040002
8.595007 0.040000
8.635005 0.039998
8.675006 0.040001
8.715008 0.040002
8.755009 0.040001
8.795006 0.039997
8.835008 0.040002
8.875006 0.039998
8.915005 0.039999
8.955006 0.040001
8.995005 0.039999
9.035007 0.040002
9.075005 0.039998
9.115008 0.040003
9.155006 0.039998
9.195006 0.040000
9.235008 0.040002
9.275005 0.039997
9.315015 0.040010
9.355010 0.039995
9.395010 0.040000
9.435002 0.039992
9.474956 0.039954
9.515004 0.040048
9.554956 0.039952
9.595005 0.040049
9.634957 0.039952
9.675004 0.040047
9.715005 0.040001
9.755007 0.040002
9.795009 0.040002
9.835005 0.039996
9.875007 0.040002
9.914956 0.039949
9.955016 0.040060
9.995006 0.039990
10.035006 0.040000
10.075014 0.040008
10.115007 0.039993
10.155007 0.040000
10.194957 0.039950
10.235006 0.040049
10.275011 0.040005
10.315005 0.039994
10.355008 0.040003
10.395010 0.040002
10.435005 0.039995
10.475006 0.040001
10.515006 0.040000
10.555007 0.040001
10.595006 0.039999
10.635007 0.040001
10.675005 0.039998
10.714956 0.039951
10.754955 0.039999
10.795005 0.040050
10.834959 0.039954
10.875013 0.040054
10.915006 0.039993
10.955006 0.040000
10.995011 0.040005
11.035006 0.039995
11.075005 0.039999
11.115011 0.040006
11.155003 0.039992
11.195006 0.040003
11.235006 0.040000
11.275011 0.040005
11.315009 0.039998
11.355006 0.039997
11.395010 0.040004
11.435007 0.039997
11.474957 0.039950
11.515006 0.040049
11.554957 0.039951
11.595007 0.040050
11.634958 0.039951
11.675005 0.040047
11.715009 0.040004
11.755010 0.040001
11.795004 0.039994
11.834957 0.039953
11.875010 0.040053
11.914959 0.039949
11.955006 0.040047
11.995006 0.040000
12.035006 0.040000
12.075005 0.039999
12.115005 0.040000
12.154957 0.039952
12.194957 0.040000
12.235006 0.040049
12.274957 0.039951
12.315008 0.040051
12.355005 0.039997
12.395004 0.039999
12.435009 0.040005
12.474956 0.039947
12.514957 0.040001
12.555005 0.040048
12.594962 0.039957
12.635010 0.040048
12.675006 0.039996
12.715009 0.040003
12.755006 0.039997
12.794957 0.039951
12.835009 0.040052
12.875006 0.039997
12.914957 0.039951
12.955007 0.040050
12.995006 0.039999
13.035008 0.040002
13.075006 0.039998
13.115006 0.040000
13.154956 0.039950
13.195009 0.040053
13.235011 0.040002
13.275006 0.039995
13.315009 0.040003
13.355006 0.039997
13.395006 0.040000
13.434963 0.039957
13.475005 0.040042
13.515012 0.040007
13.555006 0.039994
13.595005 0.039999
13.635007 0.040002
13.675009 0.040002
13.715005 0.039996
13.755006 0.040001
13.795006 0.040000
13.835009 0.040003
13.874960 0.039951
13.915005 0.040045
13.955007 0.040002
13.994957 0.039950
14.035005 0.040048
14.075006 0.040001
14.114957 0.039951
14.155008 0.040051
14.195006 0.039998
14.235006 0.040000
14.275005 0.039999
14.315005 0.040000
14.355008 0.040003
14.395004 0.039996
14.434957 0.039953
14.474961 0.040004
14.514958 0.039997
14.554956 0.039998
14.595008 0.040052
14.635005 0.039997
14.675006 0.040001
14.715006 0.040000
14.754957 0.039951
14.795006 0.040049
14.834957 0.039951
14.875008 0.040051
14.915011 0.040003
14.955008 0.039997
14.995005 0.039997
15.035010 0.040005
15.074958 0.039948
15.114957 0.039999
15.155009 0.040052
15.195005 0.039996
15.234956 0.039951
15.275005 0.040049
15.315008 0.040003
15.355006 0.039998
15.394957 0.039951
15.435003 0.040046
15.475009 0.040006
15.515005 0.039996
15.555005 0.040000
15.595005 0.040000
15.635010 0.040005
15.675002 0.039992
15.715005 0.040003
15.755011 0.040006
15.795007 0.039996
15.835005 0.039998
15.875006 0.040001
15.914957 0.039951
15.954960 0.040003
15.995006 0.040046
16.035005 0.039999
16.075004 0.039999
16.115006 0.040002
16.155010 0.040004
16.195005 0.039995
16.235006 0.040001
16.275006 0.040000
16.315015 0.040009
16.355011 0.039996
16.395010 0.039999
16.435006 0.039996
16.475008 0.040002
16.515008 0.040000
16.555010 0.040002
16.595010 0.040000
16.635006 0.039996
16.675007 0.040001
16.715011 0.040004
16.755006 0.039995
16.795010 0.040004
16.835005 0.039995
16.874956 0.039951
16.915007 0.040051
16.954961 0.039954
16.994959 0.039998
17.035005 0.040046
17.074961 0.039956
17.115007 0.040046
17.154957 0.039950
17.195007 0.040050
17.234957 0.039950
17.274957 0.040000
17.314957 0.040000
17.355005 0.040048
17.394956 0.039951
17.435008 0.040052
17.475006 0.039998
17.515005 0.039999
17.555012 0.040007
17.595009 0.039997
17.635005 0.039996
17.675008 0.040003
17.715012 0.040004
17.755007 0.039995
17.795005 0.039998
17.834958 0.039953
17.875006 0.040048
17.915006 0.040000
17.955009 0.040003
17.995008 0.039999
18.035005 0.039997
18.075005 0.040000
18.115005 0.040000
18.155012 0.040007
18.195001 0.039989
18.235008 0.040007
18.274957 0.039949
18.315011 0.040054
18.355006 0.039995
18.395006 0.040000
18.434957 0.039951
18.474957 0.040000
18.514957 0.040000
18.555010 0.040053
18.595004 0.039994
18.635008 0.040004
18.675005 0.039997
18.715004 0.039999
18.755008 0.040004
18.794962 0.039954
18.834958 0.039996
18.875010 0.040052
18.915009 0.039999
18.955005 0.039996
18.995010 0.040005
19.035008 0.039998
19.074957 0.039949
19.114958 0.040001
19.154958 0.040000
19.195010 0.040052
19.235005 0.039995
19.275005 0.040000
19.315010 0.040005
19.355008 0.039998
19.395006 0.039998
19.434962 0.039956
19.475012 0.040050
19.515009 0.039997
19.555010 0.040001
19.595011 0.040001
19.635009 0.039998
19.674963 0.039954
19.715009 0.040046
19.755006 0.039997
19.795008 0.040002
19.835010 0.040002
19.875009 0.039999
19.915011 0.040002
19.955009 0.039998
19.995008 0.039999
20.034960 0.039952
20.075010 0.040050
20.114957 0.039947
20.155006 0.040049
20.195009 0.040003
20.235005 0.039996
20.274959 0.039954
20.314958 0.039999
20.354959 0.040001
20.395007 0.040048
20.434959 0.039952
20.475013 0.040054
20.515006 0.039993
20.555013 0.040007
20.595017 0.040004
20.635009 0.039992
20.674962 0.039953
20.715006 0.040044
20.755008 0.040002
20.794961 0.039953
20.835002 0.040041
20.875006 0.040004
20.914957 0.039951
20.955012 0.040055
20.995006 0.039994
21.035008 0.040002
21.075005 0.039997
21.115010 0.040005
21.155004 0.039994
21.195005 0.040001
21.235010 0.040005
21.275011 0.040001
21.315005 0.039994
21.355005 0.040000
21.395010 0.040005
21.435011 0.040001
21.475009 0.039998
21.514958 0.039949
21.555010 0.040052
21.595006 0.039996
21.635005 0.039999
21.675005 0.040000
21.715005 0.040000
21.755005 0.040000
21.795009 0.040004
21.835011 0.040002
21.875008 0.039997
21.914957 0.039949
21.955005 0.040048
21.995005 0.040000
22.034962 0.039957
22.075006 0.040044
22.114957 0.039951
22.154962 0.040005
22.195011 0.040049
22.235004 0.039993
22.275007 0.040003
22.315005 0.039998
22.355010 0.040005
22.395010 0.040000
22.435011 0.040001
22.475009 0.039998
22.515012 0.040003
22.555004 0.039992
22.595005 0.040001
22.635011 0.040006
22.675006 0.039995
22.714957 0.039951
22.755010 0.040053
22.795005 0.039995
22.835007 0.040002
22.874961 0.039954
22.915005 0.040044
22.955011 0.040006
22.995006 0.039995
23.034961 0.039955
23.075006 0.040045
23.114958 0.039952
23.155006 0.040048
23.194957 0.039951
23.235011 0.040054
23.275007 0.039996
23.315011 0.040004
23.355009 0.039998
23.395006 0.039997
23.435009 0.040003
23.475012 0.040003
23.515007 0.039995
23.555006 0.039999
23.595005 0.039999
23.634961 0.039956
23.675011 0.040050
23.715012 0.040001
23.755010 0.039998
23.794958 0.039948
23.835009 0.040051
23.875007 0.039998
23.914958 0.039951
23.955010 0.040052
23.995010 0.040000
24.035008 0.039998
24.075010 0.040002
24.115008 0.039998
24.154961 0.039953
24.195006 0.040045
24.235006 0.040000
24.274966 0.039960
24.314958 0.039992
24.355008 0.040050
24.394957 0.039949
24.435010 0.040053
24.475006 0.039996
24.515011 0.040005
24.555010 0.039999
24.595011 0.040001
24.635006 0.039995
24.675006 0.040000
24.715009 0.040003
24.755008 0.039999
24.795008 0.040000
24.834958 0.039950
24.875011 0.040053
24.915010 0.039999
24.954957 0.039947
24.995010 0.040053
25.035010 0.040000
25.074958 0.039948
25.115011 0.040053
25.155009 0.039998
25.194958 0.039949
25.235011 0.040053
25.274957 0.039946
25.314962 0.040005
25.355005 0.040043
25.395012 0.040007
25.435009 0.039997
25.475006 0.039997
25.514962 0.039956
25.554959 0.039997
25.594957 0.039998
25.635011 0.040054
25.675003 0.039992
25.715008 0.040005
25.755012 0.040004
25.794958 0.039946
25.834963 0.040005
25.875011 0.040048
25.915009 0.039998
25.955006 0.039997
25.995004 0.039998
26.035005 0.040001
26.075009 0.040004
26.115007 0.039998
26.155011 0.040004
26.195009 0.039998
26.235004 0.039995
26.274956 0.039952
26.315008 0.040052
26.355005 0.039997
26.395010 0.040005
26.435011 0.040001
26.475008 0.039997
26.515011 0.040003
26.555006 0.039995
26.595008 0.040002
26.635005 0.039997
26.675009 0.040004
26.715008 0.039999
26.754956 0.039948
26.795005 0.040049
26.835010 0.040005
26.875006 0.039996
26.914957 0.039951
26.955009 0.040052
26.994960 0.039951
27.035005 0.040045
27.075008 0.040003
27.115007 0.039999
27.155003 0.039996
27.195004 0.040001
