0.011551 0.011551
0.035093 0.023542
0.076758 0.041665
0.118421 0.041663
0.160117 0.041696
0.201753 0.041636
0.243394 0.041641
0.285112 0.041718
0.326781 0.041669
0.368418 0.041637
0.410122 0.041704
0.451785 0.041663
0.493453 0.041668
0.535119 0.041666
0.576776 0.041657
0.618446 0.041670
0.660120 0.041674
0.701791 0.041671
0.743448 0.041657
0.785091 0.041643
0.826759 0.041668
0.868378 0.041619
0.910081 0.041703
0.951759 0.041678
0.993430 0.041671
1.035091 0.041661
1.076757 0.041666
1.118425 0.041668
1.160091 0.041666
1.201766 0.041675
1.243424 0.041658
1.285091 0.041667
1.329240 0.044149
1.368428 0.039188
1.410066 0.041638
1.451758 0.041692
1.493424 0.041666
1.535090 0.041666
1.576758 0.041668
1.618425 0.041667
1.660090 0.041665
1.701758 0.041668
1.743425 0.041667
1.785090 0.041665
1.826758 0.041668
1.868378 0.041620
1.910054 0.041676
1.951757 0.041703
1.993377 0.041620
2.035091 0.041714
2.076757 0.041666
2.118425 0.041668
2.160091 0.041666
2.201757 0.041666
2.243424 0.041667
2.285090 0.041666
2.326758 0.041668
2.368427 0.041669
2.410075 0.041648
2.451759 0.041684
2.493425 0.041666
2.535092 0.041667
2.576758 0.041666
2.618430 0.041672
2.660092 0.041662
2.701759 0.041667
2.743425 0.041666
2.785044 0.041619
2.826759 0.041715
2.868425 0.041666
2.910094 0.041669
2.951758 0.041664
2.993378 0.041620
3.035091 0.041713
3.076759 0.041668
3.118424 0.041665
3.160091 0.041667
3.201758 0.041667
3.243429 0.041671
3.285091 0.041662
3.326759 0.041668
3.368426 0.041667
3.410086 0.041660
3.451710 0.041624
3.493427 0.041717
3.535091 0.041664
3.576712 0.041621
3.618426 0.041714
3.660091 0.041665
3.701711 0.041620
3.743377 0.041666
3.785043 0.041666
3.826759 0.041716
3.868426 0.041667
3.910093 0.041667
3.951758 0.041665
3.993426 0.041668
4.035092 0.041666
4.076759 0.041667
4.118426 0.041667
4.160092 0.041666
4.201711 0.041619
4.243378 0.041667
4.285092 0.041714
4.326759 0.041667
4.368380 0.041621
4.410084 0.041704
4.451759 0.041675
4.522079 0.070320
4.568972 0.046893
4.600409 0.031437
4.758078 0.157669
4.804941 0.046863
4.936884 0.131943
5.122080 0.185196
5.163287 0.041207
5.385024 0.221737
5.418065 0.033041
5.474045 0.055980
5.626063 0.152018
5.828331 0.202268
5.974080 0.145749
6.178077 0.203997
6.218077 0.040000
6.430079 0.212002
6.457626 0.027547
6.513458 0.055832
6.730044 0.216586
6.808279 0.078235
6.826764 0.018485
6.873372 0.046608
7.010054 0.136682
7.035093 0.025039
7.118093 0.083000
7.274078 0.155985
7.318090 0.044012
7.362303 0.044213
7.410984 0.048681
7.613341 0.202357
7.714078 0.100737
7.748953 0.034875
7.802076 0.053123
7.958079 0.156003
7.999502 0.041423
8.062060 0.062558
8.182323 0.120263
8.201755 0.019432
8.352345 0.150590
8.402077 0.049732
8.423401 0.021324
8.451757 0.028356
8.616379 0.164622
8.702085 0.085706
8.743424 0.041339
8.785088 0.041664
8.846080 0.060992
8.926078 0.079998
8.957634 0.031556
8.993423 0.035789
9.035090 0.041667
9.111781 0.076691
9.169390 0.057609
9.361688 0.192298
9.478078 0.116390
9.570026 0.091948
9.652136 0.082110
9.746078 0.093942
9.868146 0.122068
9.989974 0.121828
10.044143 0.054169
10.124143 0.080000
10.240406 0.116263
10.314076 0.073670
10.366080 0.052004
10.462517 0.096437
10.542086 0.079569
10.579039 0.036953
10.618424 0.039385
10.686065 0.067641
10.728141 0.042076
10.846059 0.117918
10.898113 0.052054
10.978090 0.079977
11.038086 0.059996
11.076766 0.038680
11.166846 0.090080
11.232114 0.065268
11.293640 0.061526
11.342052 0.048412
11.373982 0.031930
11.414059 0.040077
11.451758 0.037699
11.493424 0.041666
11.535094 0.041670
11.576767 0.041673
11.618428 0.041661
11.661453 0.043025
11.701755 0.040302
11.764270 0.062515
11.785588 0.021318
11.862059 0.076471
11.890465 0.028406
11.934087 0.043622
11.970075 0.035988
12.006079 0.036004
12.035099 0.029020
12.094082 0.058983
12.122082 0.028000
12.160095 0.038013
12.214070 0.053975
12.244111 0.030041
12.285096 0.040985
12.326774 0.041678
12.368428 0.041654
12.410078 0.041650
12.451767 0.041689
12.493429 0.041662
12.552108 0.058679
12.608138 0.056030
12.684144 0.076006
12.768143 0.083999
12.822085 0.053942
12.948311 0.126226
13.042069 0.093758
13.106061 0.063992
13.216277 0.110216
13.310074 0.093797
13.382089 0.072015
13.434085 0.051996
13.494046 0.059961
13.594077 0.100031
13.676145 0.082068
13.766079 0.089934
13.876147 0.110068
13.946077 0.069930
14.066080 0.120003
14.158079 0.091999
14.242082 0.084003
14.350058 0.107976
14.440132 0.090074
14.498084 0.057952
14.559642 0.061558
14.671485 0.111843
14.750061 0.078576
14.874078 0.124017
14.958078 0.084000
15.034078 0.076000
15.148373 0.114295
15.262080 0.113707
15.343725 0.081645
15.418186 0.074461
15.451751 0.033565
15.493427 0.041676
15.566080 0.072653
15.626343 0.060263
15.660089 0.033746
15.701755 0.041666
15.743422 0.041667
15.785090 0.041668
15.826758 0.041668
15.868433 0.041675
15.910084 0.041651
15.960838 0.050754
16.054078 0.093240
16.118080 0.064002
16.168138 0.050058
16.201753 0.033615
16.243424 0.041671
16.285092 0.041668
16.326766 0.041674
16.368433 0.041667
16.410053 0.041620
16.451767 0.041714
16.493437 0.041670
16.535088 0.041651
16.576761 0.041673
16.623795 0.047034
16.661025 0.037230
16.701755 0.040730
16.747831 0.046076
16.802079 0.054248
16.826899 0.024820
16.868427 0.041528
16.910097 0.041670
16.958080 0.047983
16.999479 0.041399
17.040969 0.041490
17.076755 0.035786
17.123051 0.046296
17.160097 0.037046
17.201763 0.041666
17.243425 0.041662
17.615650 0.372225
17.826076 0.210426
17.902061 0.075985
17.942065 0.040004
17.963536 0.021471
17.994832 0.031296
18.035088 0.040256
18.230078 0.194990
18.290183 0.060105
18.326755 0.036572
18.368431 0.041676
18.514072 0.145641
18.590056 0.075984
18.618423 0.028367
18.660088 0.041665
18.865280 0.205192
18.922077 0.056797
18.951755 0.029678
18.993423 0.041668
19.171910 0.178487
19.234075 0.062165
19.260441 0.026366
19.285088 0.024647
19.478740 0.193652
19.566096 0.087356
19.596507 0.030411
19.618421 0.021914
19.769776 0.151355
19.848118 0.078342
19.868865 0.020747
19.910065 0.041200
20.010083 0.100018
20.054044 0.043961
20.080641 0.026597
20.118423 0.037782
20.160091 0.041668
20.220146 0.060055
20.251678 0.031532
20.285100 0.033422
20.326760 0.041660
20.368425 0.041665
20.410092 0.041667
20.461789 0.051697
20.493384 0.031595
20.535099 0.041715
20.576766 0.041667
20.618432 0.041666
20.660091 0.041659
20.701765 0.041674
20.743429 0.041664
20.785101 0.041672
20.826765 0.041664
20.868428 0.041663
20.910102 0.041674
20.951754 0.041652
20.993385 0.041631
21.035090 0.041705
21.076764 0.041674
21.118433 0.041669
21.160043 0.041610
21.201759 0.041716
21.243433 0.041674
21.285050 0.041617
21.326762 0.041712
21.368432 0.041670
21.410089 0.041657
21.451723 0.041634
21.493425 0.041702
21.535100 0.041675
21.576755 0.041655
21.618432 0.041677
21.664155 0.045723
21.701758 0.037603
21.743432 0.041674
21.785094 0.041662
21.826710 0.041616
21.868432 0.041722
21.910066 0.041634
21.951765 0.041699
21.993426 0.041661
22.035095 0.041669
22.076759 0.041664
22.118433 0.041674
22.160092 0.041659
22.201758 0.041666
22.243385 0.041627
22.285051 0.041666
22.326767 0.041716
22.368428 0.041661
22.410108 0.041680
22.451761 0.041653
22.493386 0.041625
22.535043 0.041657
22.576767 0.041724
22.618428 0.041661
22.660098 0.041670
22.701757 0.041659
22.743379 0.041622
22.785097 0.041718
22.826759 0.041662
22.868432 0.041673
22.910065 0.041633
22.951766 0.041701
22.993422 0.041656
23.044124 0.050702
23.076758 0.032634
23.118426 0.041668
23.160101 0.041675
23.201765 0.041664
23.243426 0.041661
23.285051 0.041625
23.326761 0.041710
23.368429 0.041668
23.410063 0.041634
23.456148 0.046085
23.550083 0.093935
23.680155 0.130072
23.816399 0.136244
23.974058 0.157659
24.154077 0.180019
24.175929 0.021852
24.337975 0.162046
24.368922 0.030947
24.410070 0.041148
24.451757 0.041687
24.514092 0.062335
24.558077 0.043985
24.581281 0.023204
24.618432 0.037151
24.660049 0.041617
24.701766 0.041717
24.743428 0.041662
24.785090 0.041662
24.826759 0.041669
24.868432 0.041673
24.910086 0.041654
24.951716 0.041630
24.993432 0.041716
25.035093 0.041661
25.076766 0.041673
25.118431 0.041665
25.160091 0.041660
25.201765 0.041674
25.243432 0.041667
25.285097 0.041665
25.326764 0.041667
25.368424 0.041660
25.410094 0.041670
25.451760 0.041666
25.493427 0.041667
25.535099 0.041672
25.576766 0.041667
25.618434 0.041668
25.660092 0.041658
25.701767 0.041675
25.743425 0.041658
25.785098 0.041673
25.826765 0.041667
25.868900 0.042135
25.910070 0.041170
25.951766 0.041696
25.993431 0.041665
26.035100 0.041669
26.076769 0.041669
26.118429 0.041660
26.160100 0.041671
26.201759 0.041659
26.243429 0.041670
26.285099 0.041670
26.326759 0.041660
26.368433 0.041674
26.410090 0.041657
26.451765 0.041675
26.493425 0.041660
26.535092 0.041667
26.576759 0.041667
26.618434 0.041675
26.660092 0.041658
26.701767 0.041675
26.743426 0.041659
26.785096 0.041670
26.826766 0.041670
26.868425 0.041659
26.910095 0.041670
26.951716 0.041621
26.993434 0.041718
27.035098 0.041664
27.076720 0.041622
27.118434 0.041714
27.160099 0.041665
27.204753 0.044654
27.243422 0.038669
27.314088 0.070666
27.334086 0.019998
27.430095 0.096009
27.510086 0.079991
27.538094 0.028008
27.608156 0.070062
27.637104 0.028948
27.660095 0.022991
27.718079 0.057984
27.743429 0.025350
27.785092 0.041663
27.826758 0.041666
27.868384 0.041626
27.910096 0.041712
27.951765 0.041669
27.993433 0.041668
28.035044 0.041611
28.076758 0.041714
28.118432 0.041674
28.160091 0.041659
28.201760 0.041669
28.243433 0.041673
28.285099 0.041666
28.326758 0.041659
28.368433 0.041675
28.410090 0.041657
28.451762 0.041672
28.493434 0.041672
28.535099 0.041665
28.576761 0.041662
28.618425 0.041664
28.660098 0.041673
28.701764 0.041666
28.743433 0.041669
28.788274 0.044841
28.826716 0.038442
28.868433 0.041717
28.910094 0.041661
28.951766 0.041672
28.993386 0.041620
29.035099 0.041713
29.077779 0.042680
29.118424 0.040645
29.165206 0.046782
29.250078 0.084872
29.285091 0.035013
29.326759 0.041668
29.402827 0.076068
29.475982 0.073155
29.508503 0.032521
29.551278 0.042775
29.618088 0.066810
29.682080 0.063992
29.712117 0.030037
29.750081 0.037964
29.789431 0.039350
29.826761 0.037330
29.868424 0.041663
29.928745 0.060321
30.031701 0.102956
30.126079 0.094378
30.202079 0.076000
30.282078 0.079999
30.364149 0.082071
30.467365 0.103216
30.550397 0.083032
30.630079 0.079682
30.710088 0.080009
30.810059 0.099971
30.890078 0.080019
30.998080 0.108002
31.110081 0.112001
31.186077 0.075996
31.266089 0.080012
31.386081 0.119992
31.499519 0.113438
31.578060 0.078541
31.618430 0.040370
31.686906 0.068476
31.754073 0.067167
31.834082 0.080009
31.868423 0.034341
31.910082 0.041659
31.982064 0.071982
32.024135 0.042071
32.048317 0.024182
32.090079 0.041762
32.128109 0.038030
32.160105 0.031996
32.238078 0.077973
32.302079 0.064001
32.360136 0.058057
32.422086 0.061950
32.458080 0.035994
32.498078 0.039998
32.574043 0.075965
32.597234 0.023191
32.664998 0.067764
32.728188 0.063190
32.782080 0.053892
32.805584 0.023504
32.838079 0.032495
32.868424 0.030345
32.910086 0.041662
32.951766 0.041680
32.993425 0.041659
33.035097 0.041672
33.076758 0.041661
33.118432 0.041674
33.160044 0.041612
33.201710 0.041666
33.243432 0.041722
33.285098 0.041666
33.326763 0.041665
33.368383 0.041620
33.410431 0.042048
33.451714 0.041283
33.493433 0.041719
33.535098 0.041665
33.576760 0.041662
33.618433 0.041673
33.660092 0.041659
33.701766 0.041674
33.743435 0.041669
33.785094 0.041659
33.826765 0.041671
33.868425 0.041660
33.910089 0.041664
33.951758 0.041669
33.993425 0.041667
34.035098 0.041673
34.076758 0.041660
34.118428 0.041670
34.160092 0.041664
34.201765 0.041673
34.243425 0.041660
34.285100 0.041675
34.326767 0.041667
34.368425 0.041658
34.410094 0.041669
34.451767 0.041673
34.493434 0.041667
34.535094 0.041660
34.576762 0.041668
34.618385 0.041623
34.660100 0.041715
34.701759 0.041659
34.743434 0.041675
34.785051 0.041617
34.826763 0.041712
34.868378 0.041615
34.910103 0.041725
34.951759 0.041656
34.993434 0.041675
35.035092 0.041658
35.076766 0.041674
35.118433 0.041667
35.160092 0.041659
35.201759 0.041667
35.243433 0.041674
35.285091 0.041658
35.326758 0.041667
35.368378 0.041620
35.410084 0.041706
35.451758 0.041674
35.493434 0.041676
35.535091 0.041657
35.576760 0.041669
35.618427 0.041667
35.660093 0.041666
35.701762 0.041669
35.743378 0.041616
35.785098 0.041720
35.826758 0.041660
35.868432 0.041674
35.910063 0.041631
35.951766 0.041703
35.993426 0.041660
36.035101 0.041675
36.080157 0.045056
36.118435 0.038278
36.163210 0.044775
36.204153 0.040943
36.243425 0.039272
36.285094 0.041669
36.326767 0.041673
36.377381 0.050614
36.414103 0.036722
36.482042 0.067939
36.510059 0.028017
36.535098 0.025039
36.577920 0.042822
36.628199 0.050279
36.660096 0.031897
36.701768 0.041672
36.743430 0.041662
36.785099 0.041669
36.826760 0.041661
36.868429 0.041669
36.910088 0.041659
36.951760 0.041672
36.997249 0.045489
37.035095 0.037846
37.076758 0.041663
37.118428 0.041670
37.160095 0.041667
37.201757 0.041662
37.283615 0.081858
37.362041 0.078426
37.397682 0.035641
37.436107 0.038425
37.542462 0.106355
37.594042 0.051580
37.632109 0.038067
37.782042 0.149933
37.858042 0.076000
37.906042 0.048000
37.928979 0.022937
38.058042 0.129063
38.122847 0.064805
38.161581 0.038734
38.209691 0.048110
38.320144 0.110453
38.402081 0.081937
38.431376 0.029295
38.486080 0.054704
38.599127 0.113047
38.674066 0.074939
38.701769 0.027703
38.774080 0.072311
38.882080 0.108000
38.958077 0.075997
38.998078 0.040001
39.042926 0.044848
39.118080 0.075154
39.178084 0.060004
39.214080 0.035996
39.258092 0.044012
39.374077 0.115985
39.410093 0.036016
39.451759 0.041666
39.493425 0.041666
39.535089 0.041664
39.576728 0.041639
39.618435 0.041707
39.660094 0.041659
39.701766 0.041672
39.743425 0.041659
39.785094 0.041669
39.826758 0.041664
39.868431 0.041673
39.910063 0.041632
39.956148 0.046085
39.993427 0.037279
40.035091 0.041664
40.076710 0.041619
40.118433 0.041723
40.164120 0.045687
40.201761 0.037641
40.248142 0.046381
40.285099 0.036957
40.328150 0.043051
40.368434 0.040284
40.417013 0.048579
40.451762 0.034749
40.493425 0.041663
40.535100 0.041675
40.576766 0.041666
40.618429 0.041663
40.660092 0.041663
40.701759 0.041667
40.743433 0.041674
40.785101 0.041668
40.826758 0.041657
40.868434 0.041676
40.910090 0.041656
40.951767 0.041677
40.993425 0.041658
41.035099 0.041674
41.076766 0.041667
41.118422 0.041656
41.160092 0.041670
41.201718 0.041626
41.243426 0.041708
41.285093 0.041667
41.326760 0.041667
41.368434 0.041674
41.410066 0.041632
41.451767 0.041701
41.493434 0.041667
41.535092 0.041658
41.576770 0.041678
41.618378 0.041608
41.660100 0.041722
41.701762 0.041662
41.743426 0.041664
41.785092 0.041666
41.826759 0.041667
41.868425 0.041666
41.910063 0.041638
41.951767 0.041704
41.997072 0.045305
42.035094 0.038022
42.076767 0.041673
42.118378 0.041611
42.160100 0.041722
42.201756 0.041656
42.243435 0.041679
42.285089 0.041654
42.326763 0.041674
42.371796 0.045033
42.410089 0.038293
42.451766 0.041677
42.498399 0.046633
42.535100 0.036701
42.576760 0.041660
42.618433 0.041673
42.660101 0.041668
42.701763 0.041662
42.743427 0.041664
42.785101 0.041674
42.826720 0.041619
42.868434 0.041714
42.910092 0.041658
42.951721 0.041629
42.993433 0.041712
43.035100 0.041667
43.076766 0.041666
43.118435 0.041669
43.160100 0.041665
43.201769 0.041669
43.243425 0.041656
43.285099 0.041674
43.326767 0.041668
43.368426 0.041659
43.410090 0.041664
43.451766 0.041676
43.493434 0.041668
43.535100 0.041666
43.576766 0.041666
43.618432 0.041666
43.660054 0.041622
43.701767 0.041713
43.743385 0.041618
43.786181 0.042796
43.826760 0.040579
43.868434 0.041674
43.910093 0.041659
43.951762 0.041669
43.993426 0.041664
44.035100 0.041674
44.076767 0.041667
44.118434 0.041667
44.160092 0.041658
44.201714 0.041622
44.243378 0.041664
44.285099 0.041721
44.326766 0.041667
44.368438 0.041672
44.410082 0.041644
44.451767 0.041685
44.493373 0.041606
44.545126 0.051753
44.576765 0.031639
44.618434 0.041669
44.660095 0.041661
44.701759 0.041664
44.743434 0.041675
44.785047 0.041613
44.826769 0.041722
44.868384 0.041615
44.910089 0.041705
44.951763 0.041674
44.993434 0.041671
45.035103 0.041669
45.076767 0.041664
45.120152 0.043385
45.160094 0.039942
45.201767 0.041673
45.243433 0.041666
45.285053 0.041620
45.326759 0.041706
45.368387 0.041628
45.410098 0.041711
45.451765 0.041667
45.502785 0.051020
45.535100 0.032315
45.576769 0.041669
45.618378 0.041609
45.660092 0.041714
45.701767 0.041675
45.743440 0.041673
45.785092 0.041652
45.826768 0.041676
45.868433 0.041665
45.910096 0.041663
45.951711 0.041615
45.993433 0.041722
46.035044 0.041611
46.076766 0.041722
46.118378 0.041612
46.160094 0.041716
46.201766 0.041672
46.243435 0.041669
46.285043 0.041608
46.326767 0.041724
46.368434 0.041667
46.411672 0.043238
46.451759 0.040087
46.493433 0.041674
46.535092 0.041659
46.576764 0.041672
46.618433 0.041669
46.660092 0.041659
46.701768 0.041676
46.743422 0.041654
46.785100 0.041678
46.826766 0.041666
46.868425 0.041659
46.910094 0.041669
46.951766 0.041672
46.993426 0.041660
47.035092 0.041666
47.076767 0.041675
47.118432 0.041665
47.160092 0.041660
47.201718 0.041626
47.243433 0.041715
47.285096 0.041663
47.326759 0.041663
47.368433 0.041674
47.410085 0.041652
47.451765 0.041680
47.493433 0.041668
47.535099 0.041666
47.576762 0.041663
47.618426 0.041664
47.660051 0.041625
47.701768 0.041717
47.743428 0.041660
47.785095 0.041667
47.826719 0.041624
47.868433 0.041714
47.910047 0.041614
47.951761 0.041714
47.993433 0.041672
48.035099 0.041666
48.076759 0.041660
48.118426 0.041667
48.160091 0.041665
48.201767 0.041676
48.243430 0.041663
48.285091 0.041661
48.326767 0.041676
48.368426 0.041659
48.410084 0.041658
48.451758 0.041674
48.493425 0.041667
48.535100 0.041675
48.576759 0.041659
48.618433 0.041674
48.660044 0.041611
48.701766 0.041722
48.743434 0.041668
48.785052 0.041618
48.826767 0.041715
48.868433 0.041666
48.910092 0.041659
48.951767 0.041675
48.995225 0.043458
49.035092 0.039867
49.076756 0.041664
49.118426 0.041670
49.160092 0.041666
49.209529 0.049437
49.296118 0.086589
49.354077 0.057959
49.402089 0.048012
49.438078 0.035989
49.461309 0.023231
49.493435 0.032126
49.535095 0.041660
49.576762 0.041667
49.618435 0.041673
49.660095 0.041660
49.701767 0.041672
49.743425 0.041658
49.785095 0.041670
49.826764 0.041669
49.868430 0.041666
49.910092 0.041662
49.951766 0.041674
49.993431 0.041665
50.035095 0.041664
50.076764 0.041669
50.118433 0.041669
50.160100 0.041667
50.201758 0.041658
50.243433 0.041675
50.285046 0.041613
50.326767 0.041721
50.368426 0.041659
50.410093 0.041667
50.451711 0.041618
50.493434 0.041723
50.535093 0.041659
50.576765 0.041672
50.618381 0.041616
50.660098 0.041717
50.701767 0.041669
50.743426 0.041659
50.785100 0.041674
50.826763 0.041663
50.868425 0.041662
50.910094 0.041669
50.951759 0.041665
50.993433 0.041674
51.035095 0.041662
51.076762 0.041667
51.118378 0.041616
51.160099 0.041721
51.201759 0.041660
51.243434 0.041675
51.285092 0.041658
51.326759 0.041667
51.368426 0.041667
51.410087 0.041661
51.451758 0.041671
51.493425 0.041667
51.535092 0.041667
51.576758 0.041666
51.618425 0.041667
51.660091 0.041666
51.701759 0.041668
51.743425 0.041666
51.785091 0.041666
51.826758 0.041667
51.868425 0.041667
51.910070 0.041645
51.951711 0.041641
51.993427 0.041716
52.035091 0.041664
52.076767 0.041676
52.118426 0.041659
52.160100 0.041674
52.201758 0.041658
52.243434 0.041676
52.285095 0.041661
52.326720 0.041625
52.368423 0.041703
52.410740 0.042317
52.451765 0.041025
52.493433 0.041668
52.535091 0.041658
52.576758 0.041667
52.618394 0.041636
52.660212 0.041818
52.701760 0.041548
52.743425 0.041665
52.785100 0.041675
52.826760 0.041660
52.868430 0.041670
52.910093 0.041663
52.951718 0.041625
52.993426 0.041708
53.035101 0.041675
53.076711 0.041610
53.118431 0.041720
53.160092 0.041661
53.201765 0.041673
53.243425 0.041660
53.285095 0.041670
53.326759 0.041664
53.368425 0.041666
53.410103 0.041678
53.451763 0.041660
53.493433 0.041670
53.535092 0.041659
53.576768 0.041676
53.618426 0.041658
53.660092 0.041666
53.701711 0.041619
53.743426 0.041715
53.785099 0.041673
53.826767 0.041668
53.868426 0.041659
53.910084 0.041658
53.951769 0.041685
53.993426 0.041657
54.035095 0.041669
54.076766 0.041671
54.118425 0.041659
54.160092 0.041667
54.201760 0.041668
54.243426 0.041666
54.285099 0.041673
54.326773 0.041674
54.368434 0.041661
54.410051 0.041617
54.451766 0.041715
54.493429 0.041663
54.535099 0.041670
54.576762 0.041663
54.618426 0.041664
54.660091 0.041665
54.701711 0.041620
54.743426 0.041715
54.785091 0.041665
54.826765 0.041674
54.868426 0.041661
54.910056 0.041630
54.951758 0.041702
54.993429 0.041671
55.035100 0.041671
55.076766 0.041666
55.118434 0.041668
55.160099 0.041665
55.201767 0.041668
55.243432 0.041665
55.285103 0.041671
55.326760 0.041657
55.368387 0.041627
55.410052 0.041665
55.451770 0.041718
55.493430 0.041660
55.535093 0.041663
55.576760 0.041667
55.618427 0.041667
55.660092 0.041665
55.701759 0.041667
55.743432 0.041673
55.785092 0.041660
55.826759 0.041667
55.868434 0.041675
55.910053 0.041619
55.951770 0.041717
55.993433 0.041663
56.035100 0.041667
56.076720 0.041620
56.118427 0.041707
56.160092 0.041665
56.201773 0.041681
56.243434 0.041661
56.285091 0.041657
56.326720 0.041629
56.368378 0.041658
56.410088 0.041710
56.451767 0.041679
56.493378 0.041611
56.535099 0.041721
56.576758 0.041659
56.618431 0.041673
56.660047 0.041616
56.701763 0.041716
56.743429 0.041666
56.785101 0.041672
56.826711 0.041610
56.868432 0.041721
56.910093 0.041661
56.951719 0.041626
57.002878 0.051159
57.035091 0.032213
57.076762 0.041671
57.118434 0.041672
57.160100 0.041666
57.201759 0.041659
57.243425 0.041666
57.285091 0.041666
57.326765 0.041674
57.368426 0.041661
57.410088 0.041662
57.451760 0.041672
57.493434 0.041674
57.535100 0.041666
57.576767 0.041667
57.618434 0.041667
57.660095 0.041661
57.701767 0.041672
57.743428 0.041661
57.785044 0.041616
57.826762 0.041718
57.868434 0.041672
57.910084 0.041650
57.951767 0.041683
57.993425 0.041658
58.037009 0.043584
58.076757 0.039748
58.118434 0.041677
58.160099 0.041665
58.201764 0.041665
58.243378 0.041614
58.285099 0.041721
58.326766 0.041667
58.368430 0.041664
58.410083 0.041653
58.451758 0.041675
58.493386 0.041628
58.535100 0.041714
58.576758 0.041658
58.618432 0.041674
58.660051 0.041619
58.701759 0.041708
58.743433 0.041674
58.785087 0.041654
58.826758 0.041671
58.868426 0.041668
58.910086 0.041660
58.951761 0.041675
58.993433 0.041672
59.035092 0.041659
59.076760 0.041668
59.118434 0.041674
59.160091 0.041657
59.201759 0.041668
59.243433 0.041674
59.285095 0.041662
59.326768 0.041673
59.368426 0.041658
59.410060 0.041634
59.451758 0.041698
59.496324 0.044566
59.535089 0.038765
59.576774 0.041685
59.618433 0.041659
59.660100 0.041667
59.701767 0.041667
59.743386 0.041619
59.785100 0.041714
59.826759 0.041659
59.868433 0.041674
59.910103 0.041670
59.951714 0.041611
59.993434 0.041720
60.035089 0.041655
60.076767 0.041678
60.118385 0.041618
60.160092 0.041707
60.201767 0.041675
60.243434 0.041667
60.285092 0.041658
60.326767 0.041675
60.368434 0.041667
60.410097 0.041663
60.451766 0.041669
60.493434 0.041668
60.535044 0.041610
60.576766 0.041722
60.618428 0.041662
60.660101 0.041673
60.701766 0.041665
60.743434 0.041668
60.785091 0.041657
60.826728 0.041637
60.868428 0.041700
60.910097 0.041669
60.951756 0.041659
60.993436 0.041680
61.035099 0.041663
61.076711 0.041612
61.118427 0.041716
61.160100 0.041673
61.201714 0.041614
61.243435 0.041721
61.285101 0.041666
61.326759 0.041658
61.368434 0.041675
61.410079 0.041645
61.451759 0.041680
61.493426 0.041667
61.535092 0.041666
61.576768 0.041676
61.618426 0.041658
61.660101 0.041675
61.704134 0.044033
61.743424 0.039290
61.785054 0.041630
61.826717 0.041663
61.868435 0.041718
61.910089 0.041654
61.951767 0.041678
61.993426 0.041659
62.035047 0.041621
62.076766 0.041719
62.118430 0.041664
62.160089 0.041659
62.270044 0.109955
62.298134 0.028090
62.326756 0.028622
62.368429 0.041673
62.410083 0.041654
62.451758 0.041675
62.493426 0.041668
62.535095 0.041669
62.576762 0.041667
62.618427 0.041665
62.660092 0.041665
62.701767 0.041675
62.743378 0.041611
62.785099 0.041721
62.826759 0.041660
62.868385 0.041626
62.910090 0.041705
62.951763 0.041673
62.993426 0.041663
63.035091 0.041665
63.076718 0.041627
63.118426 0.041708
63.160092 0.041666
63.201761 0.041669
63.243435 0.041674
63.285100 0.041665
63.326759 0.041659
63.368427 0.041668
63.410085 0.041658
63.451766 0.041681
63.493433 0.041667
63.535093 0.041660
63.576767 0.041674
63.618385 0.041618
63.660091 0.041706
63.701768 0.041677
63.743433 0.041665
63.788159 0.044726
63.826757 0.038598
63.868426 0.041669
63.910102 0.041676
63.951761 0.041659
63.993377 0.041616
64.035091 0.041714
64.076773 0.041682
64.118426 0.041653
64.160100 0.041674
64.201759 0.041659
64.243435 0.041676
64.285089 0.041654
64.326759 0.041670
64.368427 0.041668
64.410099 0.041672
64.451756 0.041657
64.493635 0.041879
64.535093 0.041458
64.576759 0.041666
64.618429 0.041670
64.692138 0.073709
64.722209 0.030071
64.770091 0.047882
64.818080 0.047989
64.838077 0.019997
64.918079 0.080002
64.956242 0.038163
64.993434 0.037192
65.035098 0.041664
65.086098 0.051000
65.118435 0.032337
65.160099 0.041664
65.201763 0.041664
65.243432 0.041669
65.285099 0.041667
65.326758 0.041659
65.368427 0.041669
65.410102 0.041675
65.451710 0.041608
65.493433 0.041723
65.535095 0.041662
65.576770 0.041675
65.618384 0.041614
65.660100 0.041716
65.701766 0.041666
65.743433 0.041667
65.785092 0.041659
65.826767 0.041675
65.868433 0.041666
65.910085 0.041652
65.951767 0.041682
65.997052 0.045285
66.035090 0.038038
66.076759 0.041669
66.118426 0.041667
66.160091 0.041665
66.201758 0.041667
66.243386 0.041628
66.285098 0.041712
66.326758 0.041660
66.368431 0.041673
66.410089 0.041658
66.451718 0.041629
66.493432 0.041714
66.535099 0.041667
66.576765 0.041666
66.618432 0.041667
66.660099 0.041667
66.701761 0.041662
66.743384 0.041623
66.785051 0.041667
66.826767 0.041716
66.868435 0.041668
66.912156 0.043721
66.951758 0.039602
66.993879 0.042121
67.042079 0.048200
67.102080 0.060001
67.134077 0.031997
67.182089 0.048012
67.229505 0.047416
67.276145 0.046640
67.314091 0.037946
67.342089 0.027998
67.374731 0.032642
67.412139 0.037408
67.456145 0.044006
67.503266 0.047121
67.538082 0.034816
67.592146 0.054064
67.638072 0.045926
67.666079 0.028007
67.708150 0.042071
67.758079 0.049929
67.785101 0.027022
67.837576 0.052475
67.874090 0.036514
67.916796 0.042706
67.954061 0.037265
68.010293 0.056232
68.052148 0.041855
68.108143 0.055995
68.150077 0.041934
68.178093 0.028016
68.206094 0.028001
68.248525 0.042431
68.302081 0.053556
68.338078 0.035997
68.402080 0.064002
68.430091 0.028011
68.472133 0.042042
68.500231 0.028098
68.550160 0.049929
68.622087 0.071927
68.663228 0.041141
68.703234 0.040006
68.748139 0.044905
68.802060 0.053921
68.832138 0.030078
68.874620 0.042482
68.932140 0.057520
68.994087 0.061947
69.035092 0.041005
69.076764 0.041672
69.118423 0.041659
69.254078 0.135655
69.338078 0.084000
69.374080 0.036002
69.410098 0.036018
69.451713 0.041615
69.562043 0.110330
69.606087 0.044044
69.628865 0.022778
69.660105 0.031240
69.762083 0.101978
69.810090 0.048007
69.833894 0.023804
69.868423 0.034529
69.962080 0.093657
70.000146 0.038066
70.035099 0.034953
70.076763 0.041664
70.127314 0.050551
70.160098 0.032784
70.201766 0.041668
70.243374 0.041608
70.290078 0.046704
70.362085 0.072007
70.385144 0.023059
70.410060 0.024916
70.451714 0.041654
70.493440 0.041726
70.535095 0.041655
70.576762 0.041667
70.618568 0.041806
70.663419 0.044851
70.701834 0.038415
70.743390 0.041556
70.785097 0.041707
70.828781 0.043684
70.868435 0.039654
70.910094 0.041659
70.951767 0.041673
70.993436 0.041669
71.035094 0.041658
71.076759 0.041665
71.118436 0.041677
71.160088 0.041652
71.202639 0.042551
71.243427 0.040788
71.285100 0.041673
71.326719 0.041619
71.368634 0.041915
71.410095 0.041461
71.451767 0.041672
71.495781 0.044014
71.535091 0.039310
71.576769 0.041678
71.618427 0.041658
71.660100 0.041673
71.701759 0.041659
71.743377 0.041618
71.785100 0.041723
71.826766 0.041666
71.868434 0.041668
71.910083 0.041649
71.951767 0.041684
71.993434 0.041667
72.039631 0.046197
72.076759 0.037128
72.118439 0.041680
72.160100 0.041661
72.201768 0.041668
72.243429 0.041661
72.285093 0.041664
72.326759 0.041666
72.368426 0.041667
72.410105 0.041679
72.451714 0.041609
72.493435 0.041721
72.535092 0.041657
72.576766 0.041674
72.618429 0.041663
72.660092 0.041663
72.701758 0.041666
72.743429 0.041671
72.785091 0.041662
72.826758 0.041667
72.868433 0.041675
72.910089 0.041656
72.951767 0.041678
72.993426 0.041659
73.035098 0.041672
73.076762 0.041664
73.118433 0.041671
73.160052 0.041619
73.201759 0.041707
73.243430 0.041671
73.285052 0.041622
73.326710 0.041658
73.368434 0.041724
73.410085 0.041651
73.451767 0.041682
73.493434 0.041667
73.535099 0.041665
73.576769 0.041670
73.618424 0.041655
73.660091 0.041667
73.701765 0.041674
73.743433 0.041668
73.785100 0.041667
73.826761 0.041661
73.868434 0.041673
73.910100 0.041666
73.958100 0.048000
73.993434 0.035334
74.037872 0.044438
74.076755 0.038883
74.118426 0.041671
74.168148 0.049722
74.206093 0.037945
74.244156 0.038063
74.285087 0.040931
74.337592 0.052505
74.373975 0.036383
74.410096 0.036121
74.451761 0.041665
74.493432 0.041671
74.535092 0.041660
74.576764 0.041672
74.618433 0.041669
74.660095 0.041662
74.701762 0.041667
74.743430 0.041668
74.785100 0.041670
74.826759 0.041659
74.868425 0.041666
74.910090 0.041665
74.951766 0.041676
74.993425 0.041659
75.035091 0.041666
75.076766 0.041675
75.118433 0.041667
75.160091 0.041658
75.201718 0.041627
75.243425 0.041707
75.285091 0.041666
75.326766 0.041675
75.368431 0.041665
75.410055 0.041624
75.451764 0.041709
75.493434 0.041670
75.535091 0.041657
75.576758 0.041667
75.618431 0.041673
75.660099 0.041668
75.701710 0.041611
75.743425 0.041715
75.785097 0.041672
75.832131 0.047034
75.868433 0.036302
75.910084 0.041651
75.951766 0.041682
75.993433 0.041667
76.035099 0.041666
76.076765 0.041666
76.118433 0.041668
76.160099 0.041666
76.201758 0.041659
76.243432 0.041674
76.285098 0.041666
76.326768 0.041670
76.368431 0.041663
76.410082 0.041651
76.451712 0.041630
76.493435 0.041723
76.535099 0.041664
76.576759 0.041660
76.618429 0.041670
76.660093 0.041664
76.701711 0.041618
76.743438 0.041727
76.785092 0.041654
76.826762 0.041670
76.868426 0.041664
76.910088 0.041662
76.951758 0.041670
76.993385 0.041627
77.035090 0.041705
77.076768 0.041678
77.118425 0.041657
77.160100 0.041675
77.201765 0.041665
77.243425 0.041660
77.285099 0.041674
77.326761 0.041662
77.368428 0.041667
77.410089 0.041661
77.451766 0.041677
77.493433 0.041667
77.535095 0.041662
77.576765 0.041670
77.618426 0.041661
77.660052 0.041626
77.701720 0.041668
77.743435 0.041715
77.785097 0.041662
77.826767 0.041670
77.868434 0.041667
77.910087 0.041653
77.951771 0.041684
77.993433 0.041662
78.035091 0.041658
78.076758 0.041667
78.118429 0.041671
78.160099 0.041670
78.201760 0.041661
78.243427 0.041667
78.285095 0.041668
78.326765 0.041670
78.368430 0.041665
78.410085 0.041655
78.451765 0.041680
78.493426 0.041661
78.535100 0.041674
78.576760 0.041660
78.618433 0.041673
78.660093 0.041660
78.701761 0.041668
78.743433 0.041672
78.785092 0.041659
78.826762 0.041670
78.868434 0.041672
78.910074 0.041640
78.951767 0.041693
78.993426 0.041659
79.035093 0.041667
79.076760 0.041667
79.118434 0.041674
79.160093 0.041659
79.201760 0.041667
79.243430 0.041670
79.285099 0.041669
79.326759 0.041660
79.368378 0.041619
79.410088 0.041710
79.451766 0.041678
79.493380 0.041614
79.535092 0.041712
79.576766 0.041674
79.618375 0.041609
79.660093 0.041718
79.704252 0.044159
79.743381 0.039129
79.785100 0.041719
79.826765 0.041665
79.868426 0.041661
79.910094 0.041668
79.951759 0.041665
79.993433 0.041674
80.035094 0.041661
80.076760 0.041666
80.118430 0.041670
80.160091 0.041661
80.201762 0.041671
80.243429 0.041667
80.285044 0.041615
80.326765 0.041721
80.368378 0.041613
80.410086 0.041708
80.451759 0.041673
80.493434 0.041675
80.535092 0.041658
80.576760 0.041668
80.618429 0.041669
80.660099 0.041670
80.701761 0.041662
80.743426 0.041665
80.785092 0.041666
80.826766 0.041674
80.868425 0.041659
80.910086 0.041661
80.951758 0.041672
80.993425 0.041667
81.035099 0.041674
81.076759 0.041660
81.118425 0.041666
81.160091 0.041666
81.201758 0.041667
81.243424 0.041666
81.285094 0.041670
81.326758 0.041664
81.368428 0.041670
81.410062 0.041634
81.451765 0.041703
81.493426 0.041661
81.535101 0.041675
81.576759 0.041658
81.620967 0.044208
81.660094 0.039127
81.706375 0.046281
81.743427 0.037052
81.785100 0.041673
81.826711 0.041611
81.868378 0.041667
81.910085 0.041707
81.951768 0.041683
81.995861 0.044093
82.035091 0.039230
82.076759 0.041668
82.118427 0.041668
82.160092 0.041665
82.201759 0.041667
82.243433 0.041674
82.285099 0.041666
82.326711 0.041612
82.368386 0.041675
82.410097 0.041711
82.451760 0.041663
82.493429 0.041669
82.535092 0.041663
82.576718 0.041626
82.618430 0.041712
82.660092 0.041662
82.701760 0.041668
82.743426 0.041666
82.785099 0.041673
82.826760 0.041661
82.868426 0.041666
82.910065 0.041639
82.951766 0.041701
82.993385 0.041619
83.035092 0.041707
83.076759 0.041667
83.118435 0.041676
83.160100 0.041665
83.201711 0.041611
83.243426 0.041715
83.285104 0.041678
83.326723 0.041619
83.368433 0.041710
83.410065 0.041632
83.451727 0.041662
83.493434 0.041707
83.535095 0.041661
83.576759 0.041664
83.618426 0.041667
83.660100 0.041674
83.701756 0.041656
83.743425 0.041669
83.785102 0.041677
83.828478 0.043376
83.868435 0.039957
83.910086 0.041651
83.951767 0.041681
83.993426 0.041659
84.035093 0.041667
84.076766 0.041673
84.118392 0.041626
84.160092 0.041700
84.201720 0.041628
84.243435 0.041715
84.285100 0.041665
84.326762 0.041662
84.368433 0.041671
84.410088 0.041655
84.451758 0.041670
84.493426 0.041668
84.535101 0.041675
84.581223 0.046122
84.618379 0.037156
84.660093 0.041714
84.701768 0.041675
84.743434 0.041666
84.785093 0.041659
84.826769 0.041676
84.868435 0.041666
84.912171 0.043736
84.951760 0.039589
84.993386 0.041626
85.035053 0.041667
85.076767 0.041714
85.118433 0.041666
85.160099 0.041666
85.201711 0.041612
85.243433 0.041722
85.285091 0.041658
85.326759 0.041668
85.368425 0.041666
85.410103 0.041678
85.451758 0.041655
85.493429 0.041671
85.535092 0.041663
85.576759 0.041667
85.618425 0.041666
85.660091 0.041666
85.701759 0.041668
85.743426 0.041667
85.785091 0.041665
85.826762 0.041671
85.868425 0.041663
85.910065 0.041640
85.951758 0.041693
85.993425 0.041667
86.035091 0.041666
86.076758 0.041667
86.118425 0.041667
86.160091 0.041666
86.201758 0.041667
86.243429 0.041671
86.285091 0.041662
86.326758 0.041667
86.368434 0.041676
86.410085 0.041651
86.451758 0.041673
86.493429 0.041671
86.535092 0.041663
86.576766 0.041674
86.618426 0.041660
86.660092 0.041666
86.701758 0.041666
86.743427 0.041669
86.785092 0.041665
86.826761 0.041669
86.868425 0.041664
86.910085 0.041660
86.951758 0.041673
86.993432 0.041674
87.035100 0.041668
87.076766 0.041666
87.118391 0.041625
87.167161 0.048770
87.201770 0.034609
87.252144 0.050374
87.285099 0.032955
87.326758 0.041659
87.368434 0.041676
87.410342 0.041908
87.451765 0.041423
87.493427 0.041662
87.535044 0.041617
87.576767 0.041723
87.618422 0.041655
87.662952 0.044530
87.710087 0.047135
87.743795 0.033708
87.792569 0.048774
87.850061 0.057492
87.902088 0.052027
87.974063 0.071975
88.030066 0.056003
88.082081 0.052015
88.134085 0.052004
88.178081 0.043996
88.224123 0.046042
88.282086 0.057963
88.334059 0.051973
88.382069 0.048010
88.438084 0.056015
88.474078 0.035994
88.493438 0.019360
88.535095 0.041657
88.576760 0.041665
88.618431 0.041671
88.660091 0.041660
88.701764 0.041673
88.743424 0.041660
88.785102 0.041678
88.826765 0.041663
88.868425 0.041660
88.910101 0.041676
88.951765 0.041664
88.993432 0.041667
89.035097 0.041665
89.076766 0.041669
89.118425 0.041659
89.160044 0.041619
89.201767 0.041723
89.243433 0.041666
89.285097 0.041664
89.326758 0.041661
89.368434 0.041676
89.412155 0.043721
89.451765 0.039610
89.493376 0.041611
89.535099 0.041723
89.576766 0.041667
89.618433 0.041667
89.660094 0.041661
89.701764 0.041670
89.743383 0.041619
89.785091 0.041708
89.826758 0.041667
89.868383 0.041625
89.910080 0.041697
89.951766 0.041686
89.993433 0.041667
90.035099 0.041666
90.076764 0.041665
90.118423 0.041659
90.160048 0.041625
90.202157 0.042109
90.243425 0.041268
90.318056 0.074631
90.390084 0.072028
90.416676 0.026592
90.456165 0.039489
90.534079 0.077914
90.576129 0.042050
90.630089 0.053960
90.686087 0.055998
90.718080 0.031993
90.760128 0.042048
90.836130 0.076002
90.898084 0.061954
90.918085 0.020001
90.951757 0.033672
91.018145 0.066388
91.086083 0.067938
91.118434 0.032351
91.160090 0.041656
91.201756 0.041666
91.243433 0.041677
91.285091 0.041658
91.327090 0.041999
91.368425 0.041335
91.410084 0.041659
91.451766 0.041682
91.493428 0.041662
91.535091 0.041663
91.576712 0.041621
91.618430 0.041718
91.660092 0.041662
91.701766 0.041674
91.743383 0.041617
91.785050 0.041667
91.826757 0.041707
91.868425 0.041668
91.910097 0.041672
91.951757 0.041660
91.993427 0.041670
92.035090 0.041663
92.076758 0.041668
92.118429 0.041671
92.160090 0.041661
92.201758 0.041668
92.243425 0.041667
92.285043 0.041618
92.326758 0.041715
92.368433 0.041675
92.410099 0.041666
92.451708 0.041609
92.495324 0.043616
92.535052 0.039728
92.576756 0.041704
92.618378 0.041622
92.660092 0.041714
92.701764 0.041672
92.743427 0.041663
92.785091 0.041664
92.826765 0.041674
92.868435 0.041670
92.910095 0.041660
92.951761 0.041666
92.993432 0.041671
93.035100 0.041668
93.076758 0.041658
93.118426 0.041668
93.160091 0.041665
93.201765 0.041674
93.243425 0.041660
93.285091 0.041666
93.326758 0.041667
93.368434 0.041676
93.410096 0.041662
93.451767 0.041671
93.493385 0.041618
93.535088 0.041703
93.576719 0.041631
93.620159 0.043440
93.660102 0.039943
93.701765 0.041663
93.743377 0.041612
93.785091 0.041714
93.826759 0.041668
93.868387 0.041628
93.910086 0.041699
93.951767 0.041681
93.993385 0.041618
94.035096 0.041711
94.076767 0.041671
94.118433 0.041666
94.160091 0.041658
94.201767 0.041676
94.243435 0.041668
94.285091 0.041656
94.326767 0.041676
94.368432 0.041665
94.410087 0.041655
94.451758 0.041671
94.493427 0.041669
94.535092 0.041665
94.576758 0.041666
94.618425 0.041667
94.660115 0.041690
94.701758 0.041643
94.743426 0.041668
94.785098 0.041672
94.826761 0.041663
94.868425 0.041664
94.910089 0.041664
94.951765 0.041676
94.993433 0.041668
95.035094 0.041661
95.076757 0.041663
95.118434 0.041677
95.160091 0.041657
95.201770 0.041679
95.243426 0.041656
95.285101 0.041675
95.326718 0.041617
95.368434 0.041716
95.410086 0.041652
95.451759 0.041673
95.493433 0.041674
95.535092 0.041659
95.576767 0.041675
95.618432 0.041665
95.660100 0.041668
95.701766 0.041666
95.743425 0.041659
95.785100 0.041675
95.826757 0.041657
95.870362 0.043605
95.910086 0.039724
95.951766 0.041680
95.993384 0.041618
96.035101 0.041717
96.084155 0.049054
96.118428 0.034273
96.160100 0.041672
96.201767 0.041667
96.243385 0.041618
96.285093 0.041708
96.326766 0.041673
96.369194 0.042428
96.410077 0.040883
96.451760 0.041683
96.493433 0.041673
96.535088 0.041655
96.576766 0.041678
96.618425 0.041659
96.660052 0.041627
96.701765 0.041713
96.743426 0.041661
96.785092 0.041666
96.826765 0.041673
96.868376 0.041611
96.910096 0.041720
96.951761 0.041665
96.993377 0.041616
97.035098 0.041721
97.076758 0.041660
97.118426 0.041668
97.160095 0.041669
97.201758 0.041663
97.243435 0.041677
97.285098 0.041663
97.326758 0.041660
97.368428 0.041670
97.410084 0.041656
97.451767 0.041683
97.493432 0.041665
97.535092 0.041660
97.576758 0.041666
97.618426 0.041668
97.660091 0.041665
97.701758 0.041667
97.743433 0.041675
97.785099 0.041666
97.826767 0.041668
97.868424 0.041657
97.910048 0.041624
97.951764 0.041716
97.993425 0.041661
98.035099 0.041674
98.076758 0.041659
98.118432 0.041674
98.160098 0.041666
98.201758 0.041660
98.243426 0.041668
98.285094 0.041668
98.326766 0.041672
98.368425 0.041659
98.410092 0.041667
98.451761 0.041669
98.493431 0.041670
98.535100 0.041669
98.576765 0.041665
98.618429 0.041664
98.660091 0.041662
98.701762 0.041671
98.743422 0.041660
98.904398 0.160976
98.930080 0.025682
99.006060 0.075980
99.038023 0.031963
99.086085 0.048062
99.182059 0.095974
99.230119 0.048060
99.376616 0.146497
99.448819 0.072203
99.494086 0.045267
99.542368 0.048282
99.656127 0.113759
99.694078 0.037951
99.716273 0.022195
99.787920 0.071647
99.850360 0.062440
99.902130 0.051770
99.951758 0.049628
99.993424 0.041666
100.035095 0.041671
100.076767 0.041672
100.118423 0.041656
100.160706 0.042283
100.201755 0.041049
100.243428 0.041673
100.285099 0.041671
100.326769 0.041670
100.368426 0.041657
100.412253 0.043827
100.451760 0.039507
100.493434 0.041674
100.535093 0.041659
100.576718 0.041625
100.618434 0.041716
100.660099 0.041665
100.701759 0.041660
100.743386 0.041627
100.792586 0.049200
100.826757 0.034171
100.868396 0.041639
100.912154 0.043758
100.951765 0.039611
100.993384 0.041619
101.035099 0.041715
101.076764 0.041665
101.118422 0.041658
101.160094 0.041672
101.204670 0.044576
101.243433 0.038763
101.285100 0.041667
101.326718 0.041618
101.368433 0.041715
101.410084 0.041651
101.451765 0.041681
101.493433 0.041668
101.535052 0.041619
101.576711 0.041659
101.618434 0.041723
101.660051 0.041617
101.701767 0.041716
101.743385 0.041618
101.785092 0.041707
101.826759 0.041667
101.868394 0.041635
101.910092 0.041698
101.951766 0.041674
101.993426 0.041660
102.035091 0.041665
102.076760 0.041669
102.118378 0.041618
102.160099 0.041721
102.201762 0.041663
102.243428 0.041666
102.285099 0.041671
102.326759 0.041660
102.368378 0.041619
102.410095 0.041717
102.451762 0.041667
102.493426 0.041664
102.535051 0.041625
102.576759 0.041708
102.618434 0.041675
102.660099 0.041665
102.701759 0.041660
102.743433 0.041674
102.785088 0.041655
102.826758 0.041670
102.868430 0.041672
102.910090 0.041660
102.951767 0.041677
102.993434 0.041667
103.035092 0.041658
103.076758 0.041666
103.118385 0.041627
103.160092 0.041707
103.201719 0.041627
103.243426 0.041707
103.285095 0.041669
103.326767 0.041672
103.368434 0.041667
103.412151 0.043717
103.451756 0.039605
103.496177 0.044421
103.535047 0.038870
103.576767 0.041720
103.618426 0.041659
103.660101 0.041675
103.701757 0.041656
103.743428 0.041671
103.785099 0.041671
103.826767 0.041668
103.868433 0.041666
103.910084 0.041651
103.951721 0.041637
103.995420 0.043699
104.035093 0.039673
104.076758 0.041665
104.118435 0.041677
104.160089 0.041654
104.201720 0.041631
104.243426 0.041706
104.285100 0.041674
104.326763 0.041663
104.368426 0.041663
104.410085 0.041659
104.451765 0.041680
104.501592 0.049827
104.535091 0.033499
104.576759 0.041668
104.618426 0.041667
104.660092 0.041666
104.701761 0.041669
104.743425 0.041664
104.785044 0.041619
104.826758 0.041714
104.868435 0.041677
104.910098 0.041663
104.951767 0.041669
104.993434 0.041667
105.035100 0.041666
105.076766 0.041666
105.118386 0.041620
105.160088 0.041702
105.206078 0.045990
105.243427 0.037349
105.285102 0.041675
105.326758 0.041656
105.382077 0.055319
105.410066 0.027989
105.451717 0.041651
105.493424 0.041707
105.535045 0.041621
105.576766 0.041721
105.618433 0.041667
105.660099 0.041666
105.704161 0.044062
105.743425 0.039264
105.785101 0.041676
105.832157 0.047056
105.868425 0.036268
105.910086 0.041661
105.951768 0.041682
105.993434 0.041666
106.035092 0.041658
106.076760 0.041668
106.118433 0.041673
106.160092 0.041659
106.201766 0.041674
106.243425 0.041659
106.285100 0.041675
106.326758 0.041658
106.368431 0.041673
106.410078 0.041647
106.466198 0.056120
106.495103 0.028905
106.535091 0.039988
106.576765 0.041674
106.618426 0.041661
106.660103 0.041677
106.701766 0.041663
106.743433 0.041667
106.785091 0.041658
106.826768 0.041677
106.868433 0.041665
106.910083 0.041650
106.951718 0.041635
106.993434 0.041716
107.035098 0.041664
107.076718 0.041620
107.118433 0.041715
107.160092 0.041659
107.201766 0.041674
107.243425 0.041659
107.285092 0.041667
107.326759 0.041667
107.368432 0.041673
107.412157 0.043725
107.451755 0.039598
107.493424 0.041669
107.535096 0.041672
107.576767 0.041671
107.618388 0.041621
107.660104 0.041716
107.701758 0.041654
107.743433 0.041675
107.785099 0.041666
107.826756 0.041657
107.868426 0.041670
107.910103 0.041677
107.951760 0.041657
107.993434 0.041674
108.035092 0.041658
108.076759 0.041667
108.118433 0.041674
108.160092 0.041659
108.201759 0.041667
108.243434 0.041675
108.285052 0.041618
108.326760 0.041708
108.368426 0.041666
108.410094 0.041668
108.451758 0.041664
108.493426 0.041668
108.535098 0.041672
108.576755 0.041657
108.666075 0.089320
108.750079 0.084004
108.802078 0.051999
108.838713 0.036635
108.868423 0.029710
108.918077 0.049654
108.966903 0.048826
108.993429 0.026526
109.035092 0.041663
109.082075 0.046983
109.154080 0.072005
109.165940 0.011860
109.201759 0.035819
109.246083 0.044324
109.326078 0.079995
109.338414 0.012336
109.368423 0.030009
109.416620 0.048197
109.451765 0.035145
109.493429 0.041664
109.535099 0.041670
109.576763 0.041664
109.618422 0.041659
109.664620 0.046198
109.718078 0.053458
109.750077 0.031999
109.785100 0.035023
109.826759 0.041659
109.868624 0.041865
109.910093 0.041469
109.951766 0.041673
109.993433 0.041667
110.035096 0.041663
110.076760 0.041664
110.118426 0.041666
110.160099 0.041673
110.201759 0.041660
110.243434 0.041675
110.285099 0.041665
110.326759 0.041660
110.368424 0.041665
110.410092 0.041668
110.451762 0.041670
110.493433 0.041671
110.535092 0.041659
110.576761 0.041669
110.618432 0.041671
110.660095 0.041663
110.701768 0.041673
110.743427 0.041659
110.785092 0.041665
110.826767 0.041675
110.868377 0.041610
110.910098 0.041721
110.951713 0.041615
110.993426 0.041713
111.035101 0.041675
111.076765 0.041664
111.120313 0.043548
111.167437 0.047124
111.201756 0.034319
111.253419 0.051663
111.285092 0.031673
111.326764 0.041672
111.368427 0.041663
111.410088 0.041661
111.451773 0.041685
111.493425 0.041652
111.538577 0.045152
111.579527 0.040950
111.621008 0.041481
111.661937 0.040929
111.701768 0.039831
111.743434 0.041666
111.785100 0.041666
111.827470 0.042370
111.868996 0.041526
111.910076 0.041080
111.951767 0.041691
111.993435 0.041668
112.035101 0.041666
112.076760 0.041659
112.118433 0.041673
112.160088 0.041655
112.211826 0.051738
112.258124 0.046298
112.316145 0.058021
112.337999 0.021854
112.398080 0.060081
112.450089 0.052009
112.462664 0.012575
112.512143 0.049479
112.544823 0.032680
112.620156 0.075333
112.660089 0.039933
112.784145 0.124056
112.806568 0.022423
112.834090 0.027522
112.878931 0.044841
112.922068 0.043137
112.960149 0.038081
112.997319 0.037170
113.054079 0.056760
113.090079 0.036000
113.120768 0.030689
113.164154 0.043386
113.201767 0.037613
113.243429 0.041662
113.285095 0.041666
113.326760 0.041665
113.368429 0.041669
113.454078 0.085649
113.493426 0.039348
113.544013 0.050587
113.576755 0.032742
113.618426 0.041671
113.660098 0.041672
113.701766 0.041668
113.743386 0.041620
113.785098 0.041712
113.826769 0.041671
113.868433 0.041664
113.910053 0.041620
113.951766 0.041713
113.993431 0.041665
114.035092 0.041661
114.076765 0.041673
114.118431 0.041666
114.160091 0.041660
114.201758 0.041667
114.243435 0.041677
114.285065 0.041630
114.326758 0.041693
114.368424 0.041666
114.410102 0.041678
114.451712 0.041610
114.493433 0.041721
114.535099 0.041666
114.576764 0.041665
114.618426 0.041662
114.660101 0.041675
114.701759 0.041658
114.743434 0.041675
114.785099 0.041665
114.826766 0.041667
114.868426 0.041660
114.910095 0.041669
114.951759 0.041664
114.993426 0.041667
115.035091 0.041665
115.076766 0.041675
115.118433 0.041667
115.160095 0.041662
115.201710 0.041615
115.243434 0.041724
115.285939 0.042505
115.326758 0.040819
115.368425 0.041667
115.410084 0.041659
115.451769 0.041685
115.493434 0.041665
115.535092 0.041658
115.576766 0.041674
115.618426 0.041660
115.660102 0.041676
115.701771 0.041669
115.743431 0.041660
115.785091 0.041660
115.826766 0.041675
115.868433 0.041667
115.910107 0.041674
115.951765 0.041658
115.993386 0.041621
116.035097 0.041711
116.076760 0.041663
116.118432 0.041672
116.160098 0.041666
116.201758 0.041660
116.243433 0.041675
116.285097 0.041664
116.332154 0.047057
116.368430 0.036276
116.410081 0.041651
116.451763 0.041682
116.493426 0.041663
116.538084 0.044658
116.598081 0.059997
116.638081 0.040000
116.682066 0.043985
116.730077 0.048011
116.766058 0.035981
116.802081 0.036023
116.826769 0.024688
116.906068 0.079299
116.962087 0.056019
117.002079 0.039992
117.035096 0.033017
117.076757 0.041661
117.118429 0.041672
117.160094 0.041665
117.201765 0.041671
117.243434 0.041669
117.293461 0.050027
117.326760 0.033299
117.368431 0.041671
117.410097 0.041666
117.451710 0.041613
117.493378 0.041668
117.535097 0.041719
117.576710 0.041613
117.618425 0.041715
117.660094 0.041669
117.701717 0.041623
117.743386 0.041669
117.785101 0.041715
117.826758 0.041657
117.868435 0.041677
117.910071 0.041636
117.951758 0.041687
117.993425 0.041667
118.035104 0.041679
118.076758 0.041654
118.118434 0.041676
118.160091 0.041657
118.201764 0.041673
118.243377 0.041613
118.285044 0.041667
118.326758 0.041714
118.368384 0.041626
118.410061 0.041677
118.451763 0.041702
118.493431 0.041668
118.535091 0.041660
118.576761 0.041670
118.618425 0.041664
118.660092 0.041667
118.701763 0.041671
118.743426 0.041663
118.785091 0.041665
118.826758 0.041667
118.868385 0.041627
118.910084 0.041699
118.951767 0.041683
118.993434 0.041667
119.035052 0.041618
119.076767 0.041715
119.118432 0.041665
119.160050 0.041618
119.202537 0.042487
119.243428 0.040891
119.286507 0.043079
119.326767 0.040260
119.368433 0.041666
119.410093 0.041660
119.451762 0.041669
119.493432 0.041670
119.535093 0.041661
119.576761 0.041668
119.618434 0.041673
119.660100 0.041666
119.701767 0.041667
119.743434 0.041667
119.785092 0.041658
119.826765 0.041673
119.868423 0.041658
119.910087 0.041664
119.951767 0.041680
119.993433 0.041666
120.035104 0.041671
120.076758 0.041654
120.118387 0.041629
120.160052 0.041665
120.201760 0.041708
120.243434 0.041674
120.285092 0.041658
120.326758 0.041666
120.368435 0.041677
120.410092 0.041657
120.451762 0.041670
120.493425 0.041663
120.535103 0.041678
120.576759 0.041656
120.618425 0.041666
120.660099 0.041674
120.701768 0.041669
120.743426 0.041658
120.785103 0.041677
120.826767 0.041664
120.872159 0.045392
120.910089 0.037930
120.951762 0.041673
120.993386 0.041624
121.035093 0.041707
121.076766 0.041673
121.118434 0.041668
121.166057 0.047623
121.201718 0.035661
121.243434 0.041716
121.285093 0.041659
121.326758 0.041665
121.368433 0.041675
121.412155 0.043722
121.451768 0.039613
121.493426 0.041658
121.535092 0.041666
121.576765 0.041673
121.618434 0.041669
121.660092 0.041658
121.701720 0.041628
121.743427 0.041707
121.785092 0.041665
121.826761 0.041669
121.868433 0.041672
121.910086 0.041653
121.951770 0.041684
121.996154 0.044384
122.035100 0.038946
122.076759 0.041659
122.118433 0.041674
122.160045 0.041612
122.201717 0.041672
122.243428 0.041711
122.285092 0.041664
122.326766 0.041674
122.368432 0.041666
122.410094 0.041662
122.451765 0.041671
122.493428 0.041663
122.535100 0.041672
122.576767 0.041667
122.618429 0.041662
122.660043 0.041614
122.701767 0.041724
122.743432 0.041665
122.785094 0.041662
122.826718 0.041624
122.868433 0.041715
122.910054 0.041621
122.951765 0.041711
122.993422 0.041657
123.066077 0.072655
123.146078 0.080001
123.190086 0.044008
123.244142 0.054056
123.346080 0.101938
123.418078 0.071998
123.460410 0.042332
123.514090 0.053680
123.586092 0.072002
123.650089 0.063997
123.694080 0.043991
123.746080 0.052000
123.785089 0.039009
123.826759 0.041670
123.868431 0.041672
123.910074 0.041643
123.951765 0.041691
123.993433 0.041668
124.035047 0.041614
124.076718 0.041671
124.118433 0.041715
124.160043 0.041610
124.201766 0.041723
124.243428 0.041662
124.285100 0.041672
124.326766 0.041666
124.368432 0.041666
124.410084 0.041652
124.451764 0.041680
124.493431 0.041667
124.535042 0.041611
124.576767 0.041725
124.618433 0.041666
124.660099 0.041666
124.701759 0.041660
124.743386 0.041627
124.785098 0.041712
124.826718 0.041620
124.868462 0.041744
124.910072 0.041610
124.951759 0.041687
124.993432 0.041673
125.035092 0.041660
125.076759 0.041667
125.118434 0.041675
125.160091 0.041657
125.201710 0.041619
125.243377 0.041667
125.285098 0.041721
125.326761 0.041663
125.368425 0.041664
125.410102 0.041677
125.451714 0.041612
125.493428 0.041714
125.535091 0.041663
125.576718 0.041627
125.618425 0.041707
125.660099 0.041674
125.701710 0.041611
125.743433 0.041723
125.785092 0.041659
125.826759 0.041667
125.868426 0.041667
125.910085 0.041659
125.951767 0.041682
125.993424 0.041657
126.035091 0.041667
126.076759 0.041668
126.118426 0.041667
126.160092 0.041666
126.201762 0.041670
126.243427 0.041665
126.285099 0.041672
126.326759 0.041660
126.368435 0.041676
126.410094 0.041659
126.451758 0.041664
126.493428 0.041670
126.535100 0.041672
126.580044 0.044944
126.618427 0.038383
126.660093 0.041666
126.701768 0.041675
126.743426 0.041658
126.785092 0.041666
126.826767 0.041675
126.868434 0.041667
126.912122 0.043688
126.951759 0.039637
126.993433 0.041674
127.035100 0.041667
127.076720 0.041620
127.118426 0.041706
127.160092 0.041666
127.201767 0.041675
127.243433 0.041666
127.285098 0.041665
127.326711 0.041613
127.368433 0.041722
127.410057 0.041624
127.451759 0.041702
127.493426 0.041667
127.535098 0.041672
127.576759 0.041661
127.618426 0.041667
127.660092 0.041666
127.701716 0.041624
127.743429 0.041713
127.785093 0.041664
127.826766 0.041673
127.868425 0.041659
127.910086 0.041661
127.951759 0.041673
127.993433 0.041674
128.035100 0.041667
128.076760 0.041660
128.118426 0.041666
128.160051 0.041625
128.201766 0.041715
128.243425 0.041659
128.285092 0.041667
128.326767 0.041675
128.368426 0.041659
128.410094 0.041668
128.451759 0.041665
128.493432 0.041673
128.535092 0.041660
128.576762 0.041670
128.618378 0.041616
128.660095 0.041717
128.701766 0.041671
128.743378 0.041612
128.785091 0.041713
128.826768 0.041677
128.868385 0.041617
128.910095 0.041710
128.951758 0.041663
128.993426 0.041668
129.035099 0.041673
129.076761 0.041662
129.118425 0.041664
129.160100 0.041675
129.201719 0.041619
129.243426 0.041707
129.285091 0.041665
129.326720 0.041629
129.368433 0.041713
129.410085 0.041652
129.451758 0.041673
129.493441 0.041683
129.535100 0.041659
129.576759 0.041659
129.618425 0.041666
129.660099 0.041674
129.701719 0.041620
129.743427 0.041708
129.785099 0.041672
129.826765 0.041666
129.868435 0.041670
129.910089 0.041654
129.951759 0.041670
129.993433 0.041674
130.035092 0.041659
130.076767 0.041675
130.118426 0.041659
130.160099 0.041673
130.201765 0.041666
130.243425 0.041660
130.294486 0.051061
130.335937 0.041451
130.368426 0.032489
130.410101 0.041675
130.452394 0.042293
130.493441 0.041047
130.535091 0.041650
130.576768 0.041677
130.618425 0.041657
130.660053 0.041628
130.701758 0.041705
130.743436 0.041678
130.785092 0.041656
130.826768 0.041676
130.868377 0.041609
130.910066 0.041689
130.951759 0.041693
130.993425 0.041666
131.035091 0.041666
131.076767 0.041676
131.118378 0.041611
131.160092 0.041714
131.201758 0.041666
131.243425 0.041667
131.285092 0.041667
131.326764 0.041672
131.368425 0.041661
131.410067 0.041642
131.451758 0.041691
131.493426 0.041668
131.535091 0.041665
131.576764 0.041673
131.618422 0.041658
131.682087 0.063665
131.702105 0.020018
131.754122 0.052017
131.785099 0.030977
131.826765 0.041666
131.868440 0.041675
131.910106 0.041666
131.951767 0.041661
131.993433 0.041666
132.035093 0.041660
132.076713 0.041620
132.118428 0.041715
132.160092 0.041664
132.201761 0.041669
132.243430 0.041669
132.285052 0.041622
132.326713 0.041661
132.368425 0.041712
132.410068 0.041643
132.451766 0.041698
132.493433 0.041667
132.535093 0.041660
132.576758 0.041665
132.618426 0.041668
132.660098 0.041672
132.701712 0.041614
132.743433 0.041721
132.785098 0.041665
132.826765 0.041667
132.868424 0.041659
132.910086 0.041662
132.951758 0.041672
132.993386 0.041628
133.035091 0.041705
133.076764 0.041673
133.118434 0.041670
133.160091 0.041657
133.201758 0.041667
133.243425 0.041667
133.285100 0.041675
133.326766 0.041666
133.368424 0.041658
133.410091 0.041667
133.451758 0.041667
133.493386 0.041628
133.537052 0.043666
133.576761 0.039709
133.618437 0.041676
133.660098 0.041661
133.701759 0.041661
133.743429 0.041670
133.785090 0.041661
133.826766 0.041676
133.868425 0.041659
133.910085 0.041660
133.951758 0.041673
133.993425 0.041667
134.035091 0.041666
134.076758 0.041667
134.118426 0.041668
134.160092 0.041666
134.201758 0.041666
134.243425 0.041667
134.285093 0.041668
134.326762 0.041669
134.368425 0.041663
134.410087 0.041662
134.451757 0.041670
134.493432 0.041675
134.535091 0.041659
134.576758 0.041667
134.618426 0.041668
134.660043 0.041617
134.701767 0.041724
134.743425 0.041658
134.785091 0.041666
134.826758 0.041667
134.868378 0.041620
134.910083 0.041705
134.951759 0.041676
134.993432 0.041673
135.035092 0.041660
135.076764 0.041672
135.118423 0.041659
135.182075 0.063652
135.208109 0.026034
135.243428 0.035319
135.285090 0.041662
135.326758 0.041668
135.368429 0.041671
135.410087 0.041658
135.451767 0.041680
135.493425 0.041658
135.535101 0.041676
135.576760 0.041659
135.618433 0.041673
135.669394 0.050961
135.701755 0.032361
135.748110 0.046355
135.790208 0.042098
135.826765 0.036557
135.868433 0.041668
135.910084 0.041651
135.951757 0.041673
135.993434 0.041677
136.035089 0.041655
136.076758 0.041669
136.118428 0.041670
136.160099 0.041671
136.201758 0.041659
136.243424 0.041666
136.285050 0.041626
136.326764 0.041714
136.368437 0.041673
136.410068 0.041631
136.451758 0.041690
136.493432 0.041674
136.535400 0.041968
136.576760 0.041360
136.618428 0.041668
136.666043 0.047615
136.701770 0.035727
136.743427 0.041657
136.785094 0.041667
136.826758 0.041664
136.868429 0.041671
136.910094 0.041665
136.951757 0.041663
136.993425 0.041668
137.035094 0.041669
137.076757 0.041663
137.118432 0.041675
137.160090 0.041658
137.201760 0.041670
137.243425 0.041665
137.285091 0.041666
137.326761 0.041670
137.368425 0.041664
137.410084 0.041659
137.451757 0.041673
137.493425 0.041668
137.535095 0.041670
137.576759 0.041664
137.618425 0.041666
137.660091 0.041666
137.701766 0.041675
137.743425 0.041659
137.785091 0.041666
137.826711 0.041620
137.868428 0.041717
137.910083 0.041655
137.951713 0.041630
137.993425 0.041712
138.035098 0.041673
138.076758 0.041660
138.118433 0.041675
138.160091 0.041658
138.201766 0.041675
138.243425 0.041659
138.285094 0.041669
138.326767 0.041673
138.368438 0.041671
138.410086 0.041648
138.451760 0.041674
138.493431 0.041671
138.535043 0.041612
138.576759 0.041716
138.618425 0.041666
138.660043 0.041618
138.701767 0.041724
138.743425 0.041658
138.785043 0.041618
138.826762 0.041719
138.868434 0.041672
138.910091 0.041657
138.951757 0.041666
138.993432 0.041675
139.035045 0.041613
139.076757 0.041712
139.118434 0.041677
139.160098 0.041664
139.201773 0.041675
139.250008 0.048235
139.285088 0.035080
139.326761 0.041673
139.369890 0.043129
139.410064 0.040174
139.454001 0.043937
139.507025 0.053024
139.538193 0.031168
139.576758 0.038565
139.638077 0.061319
139.682077 0.044000
139.706090 0.024013
139.743429 0.037339
139.785094 0.041665
139.826769 0.041675
139.868450 0.041681
139.910068 0.041618
139.951759 0.041691
139.993425 0.041666
140.035091 0.041666
140.076756 0.041665
140.118429 0.041673
140.160099 0.041670
140.201766 0.041667
140.243427 0.041661
140.285099 0.041672
140.326765 0.041666
140.368427 0.041662
140.410064 0.041637
140.451758 0.041694
140.493424 0.041666
140.535090 0.041666
140.576761 0.041671
140.618425 0.041664
140.660090 0.041665
140.701765 0.041675
140.743424 0.041659
140.785106 0.041682
140.826759 0.041653
140.868425 0.041666
140.910064 0.041639
140.951758 0.041694
140.993432 0.041674
141.035091 0.041659
141.198057 0.162966
141.289992 0.091935
141.350085 0.060093
141.371093 0.021008
141.410047 0.038954
141.494085 0.084038
141.535094 0.041009
141.576767 0.041673
141.618422 0.041655
141.663826 0.045404
141.711366 0.047540
141.749893 0.038527
141.785091 0.035198
141.826761 0.041670
141.871837 0.045076
141.910089 0.038252
141.953305 0.043216
141.993432 0.040127
142.035097 0.041665
142.076761 0.041664
142.118570 0.041809
142.160090 0.041520
142.201759 0.041669
142.243425 0.041666
142.285100 0.041675
142.326766 0.041666
142.368433 0.041667
142.410084 0.041651
142.451759 0.041675
142.493434 0.041675
142.535093 0.041659
142.576762 0.041669
142.618434 0.041672
142.660045 0.041611
142.701760 0.041715
142.743426 0.041666
142.785097 0.041671
142.826759 0.041662
142.868385 0.041626
142.910089 0.041704
142.951717 0.041628
142.993434 0.041717
143.035101 0.041667
143.076714 0.041613
143.118425 0.041711
143.160100 0.041675
143.201767 0.041667
143.243433 0.041666
143.285094 0.041661
143.326767 0.041673
143.368425 0.041658
143.410087 0.041662
143.451758 0.041671
143.493432 0.041674
143.535091 0.041659
143.576758 0.041667
143.618432 0.041674
143.660055 0.041623
143.701755 0.041700
143.743434 0.041679
143.785094 0.041660
143.826767 0.041673
143.868428 0.041661
143.910088 0.041660
143.951767 0.041679
143.993377 0.041610
144.035101 0.041724
144.076760 0.041659
144.118435 0.041675
144.160092 0.041657
144.201759 0.041667
144.243425 0.041666
144.285102 0.041677
144.326718 0.041616
144.374172 0.047454
144.410069 0.035897
144.451758 0.041689
144.493429 0.041671
144.535094 0.041665
144.576758 0.041664
144.618434 0.041676
144.660091 0.041657
144.701758 0.041667
144.743434 0.041676
144.785099 0.041665
144.826758 0.041659
144.868425 0.041667
144.910107 0.041682
144.951758 0.041651
144.993425 0.041667
145.035091 0.041666
145.076771 0.041680
145.118425 0.041654
145.160094 0.041669
145.201709 0.041615
145.243435 0.041726
145.285093 0.041658
145.326771 0.041678
145.368433 0.041662
145.410073 0.041640
145.451759 0.041686
145.493434 0.041675
145.535098 0.041664
145.576760 0.041662
145.618429 0.041669
145.660092 0.041663
145.701768 0.041676
145.743428 0.041660
145.785043 0.041615
145.826766 0.041723
145.868432 0.041666
145.910089 0.041657
145.951759 0.041670
145.993434 0.041675
146.035102 0.041668
146.076758 0.041656
146.118426 0.041668
146.160099 0.041673
146.201761 0.041662
146.243426 0.041665
146.285093 0.041667
146.326767 0.041674
146.368425 0.041658
146.410102 0.041677
146.451758 0.041656
146.493429 0.041671
146.535100 0.041671
146.576759 0.041659
146.618434 0.041675
146.660787 0.042353
146.701758 0.040971
146.743425 0.041667
146.785102 0.041677
146.826757 0.041655
146.868424 0.041667
146.910084 0.041660
146.951759 0.041675
146.993425 0.041666
147.035094 0.041669
147.076758 0.041664
147.118427 0.041669
147.160097 0.041670
147.201765 0.041668
147.243425 0.041660
147.285092 0.041667
147.326772 0.041680
147.368432 0.041660
147.410093 0.041661
147.451719 0.041626
147.493433 0.041714
147.535046 0.041613
147.576758 0.041712
147.618432 0.041674
147.660092 0.041660
147.701758 0.041666
147.743424 0.041666
147.785099 0.041675
147.826767 0.041668
147.868433 0.041666
147.910071 0.041638
147.951766 0.041695
147.995293 0.043527
148.035090 0.039797
148.082100 0.047010
148.136153 0.054053
148.160099 0.023946
148.234226 0.074127
148.300138 0.065912
148.330095 0.029957
148.371412 0.041317
148.418062 0.046650
148.451755 0.033693
148.493429 0.041674
148.535100 0.041671
148.576770 0.041670
148.618436 0.041666
148.660099 0.041663
148.701764 0.041665
148.743433 0.041669
148.785096 0.041663
148.826767 0.041671
148.873830 0.047063
148.910058 0.036228
148.951765 0.041707
148.998190 0.046425
149.037461 0.039271
149.076755 0.039294
149.154084 0.077329
149.172796 0.018712
149.201759 0.028963
149.262083 0.060324
149.300142 0.038059
149.326759 0.026617
149.368425 0.041666
149.422083 0.053658
149.474077 0.051994
149.493435 0.019358
149.554074 0.060639
149.615856 0.061782
149.666077 0.050221
149.707502 0.041425
149.748140 0.040638
149.794968 0.046828
149.836126 0.041158
149.876161 0.040035
149.910096 0.033935
149.951766 0.041670
149.998216 0.046450
150.035093 0.036877
150.076766 0.041673
150.122210 0.045444
150.160147 0.037937
150.201761 0.041614
150.243424 0.041663
150.285096 0.041672
150.434083 0.148987
150.496136 0.062053
150.535092 0.038956
150.626077 0.090985
150.660090 0.034013
150.718080 0.057990
150.756126 0.038046
150.785099 0.028973
150.826755 0.041656
150.877817 0.051062
150.910087 0.032270
150.951770 0.041683
150.993425 0.041655
151.035043 0.041618
151.076765 0.041722
151.118429 0.041664
151.160091 0.041662
151.201759 0.041668
151.243381 0.041622
151.285044 0.041663
151.326768 0.041724
151.368426 0.041658
151.410090 0.041664
151.451714 0.041624
151.493439 0.041725
151.535092 0.041653
151.576758 0.041666
151.618426 0.041668
151.660100 0.041674
151.701758 0.041658
151.743425 0.041667
151.785094 0.041669
151.826768 0.041674
151.868426 0.041658
151.910067 0.041641
151.951714 0.041647
151.993434 0.041720
152.035091 0.041657
152.076759 0.041668
152.118426 0.041667
152.166054 0.047628
152.201763 0.035709
152.243425 0.041662
152.454079 0.210654
152.516008 0.061929
152.535093 0.019085
152.642081 0.106988
152.682084 0.040003
152.702933 0.020849
152.743431 0.040498
152.856141 0.112710
152.908020 0.051879
152.936243 0.028223
152.952519 0.016276
153.070051 0.117532
153.118091 0.048040
153.144284 0.026193
153.160090 0.015806
153.290078 0.129988
153.350065 0.059987
153.378670 0.028605
153.410070 0.031400
153.478089 0.068019
153.530069 0.051980
153.548433 0.018364
153.576759 0.028326
153.646067 0.069308
153.667228 0.021161
153.701758 0.034530
153.743428 0.041670
153.785051 0.041623
153.826757 0.041706
153.868435 0.041678
153.914400 0.045965
153.951755 0.037355
154.006067 0.054312
154.042075 0.036008
154.098077 0.056002
154.140002 0.041925
154.178077 0.038075
154.220283 0.042206
154.290078 0.069795
154.326765 0.036687
154.370463 0.043698
154.414057 0.043594
154.474081 0.060024
154.522077 0.047996
154.586087 0.064010
154.626083 0.039996
154.684140 0.058057
154.742076 0.057936
154.786061 0.043985
154.828333 0.042272
154.868426 0.040093
154.914082 0.045656
154.962087 0.048005
155.008124 0.046037
155.056138 0.048014
155.082812 0.026674
155.133899 0.051087
155.180108 0.046209
155.212060 0.031952
155.244022 0.031962
155.330058 0.086036
155.368514 0.038456
155.410087 0.041573
155.451762 0.041675
155.522088 0.070326
155.538157 0.016069
155.622060 0.083903
155.660105 0.038045
155.701759 0.041654
155.760123 0.058364
155.789108 0.028985
155.826761 0.037653
155.868429 0.041668
155.910075 0.041646
155.951758 0.041683
155.993380 0.041622
156.035097 0.041717
156.076710 0.041613
156.118428 0.041718
156.160094 0.041666
156.201765 0.041671
156.243425 0.041660
156.285092 0.041667
156.326757 0.041665
156.368434 0.041677
156.410087 0.041653
156.451768 0.041681
156.493384 0.041616
156.535095 0.041711
156.576765 0.041670
156.618428 0.041663
156.660097 0.041669
156.701717 0.041620
156.743428 0.041711
156.785099 0.041671
156.826717 0.041618
156.868432 0.041715
156.910085 0.041653
156.951760 0.041675
156.993426 0.041666
157.035046 0.041620
157.076761 0.041715
157.118425 0.041664
157.160097 0.041672
157.201757 0.041660
157.243428 0.041671
157.285043 0.041615
157.326758 0.041715
157.368425 0.041667
157.410099 0.041674
157.451770 0.041671
157.496013 0.044243
157.535088 0.039075
157.614060 0.078972
157.694079 0.080019
157.715830 0.021751
157.850078 0.134248
157.950060 0.099982
158.032597 0.082537
158.076762 0.044165
158.118438 0.041676
158.160087 0.041649
158.201769 0.041682
158.243428 0.041659
158.285051 0.041623
158.326761 0.041710
158.368382 0.041621
158.410071 0.041689
158.451758 0.041687
158.493430 0.041672
158.535097 0.041667
158.576761 0.041664
158.618429 0.041668
158.660103 0.041674
158.701764 0.041661
158.743435 0.041671
158.785091 0.041656
158.826767 0.041676
158.868424 0.041657
158.910070 0.041646
158.951763 0.041693
158.993639 0.041876
159.035090 0.041451
159.076767 0.041677
159.118434 0.041667
159.160098 0.041664
159.201762 0.041664
159.243432 0.041670
159.285088 0.041656
159.326755 0.041667
159.368386 0.041631
159.410103 0.041717
159.451766 0.041663
159.493432 0.041666
159.535094 0.041662
159.576765 0.041671
159.624135 0.047370
159.660090 0.035955
159.701763 0.041673
159.743435 0.041672
159.791412 0.047977
159.826708 0.035296
159.872706 0.045998
159.910071 0.037365
159.951767 0.041696
159.996732 0.044965
160.065039 0.068307
160.110080 0.045041
160.127202 0.017122
160.192138 0.064936
160.256138 0.064000
160.288921 0.032783
160.328144 0.039223
160.398070 0.069926
160.474058 0.075988
160.502087 0.028029
160.535092 0.033005
160.598076 0.062984
160.652137 0.054061
160.680255 0.028118
160.706701 0.026446
160.750068 0.043367
160.790092 0.040024
160.826763 0.036671
160.868429 0.041666
160.910090 0.041661
160.974078 0.063988
160.996366 0.022288
161.037802 0.041436
161.098077 0.060275
161.138080 0.040003
161.160313 0.022233
161.201757 0.041444
161.270077 0.068320
161.314067 0.043990
161.331721 0.017654
161.368708 0.036987
161.410082 0.041374
161.460461 0.050379
161.493433 0.032972
161.535088 0.041655
161.576838 0.041750
161.624857 0.048019
161.670280 0.045423
161.704344 0.034064
161.743423 0.039079
161.794082 0.050659
161.826762 0.032680
161.868425 0.041663
161.910089 0.041664
161.970096 0.060007
162.000854 0.030758
162.035094 0.034240
162.102086 0.066992
162.146089 0.044003
162.168123 0.022034
162.201756 0.033633
162.270085 0.068329
162.314086 0.044001
162.332646 0.018560
162.368573 0.035927
162.410064 0.041491
162.451776 0.041712
162.493426 0.041650
162.535092 0.041666
162.576758 0.041666
162.618425 0.041667
162.660090 0.041665
162.701758 0.041668
162.743426 0.041668
162.785091 0.041665
162.826758 0.041667
162.868426 0.041668
162.910066 0.041640
162.951758 0.041692
162.993427 0.041669
163.035091 0.041664
163.076758 0.041667
163.118425 0.041667
163.160094 0.041669
163.201764 0.041670
163.243425 0.041661
163.285090 0.041665
163.326710 0.041620
163.368424 0.041714
163.410084 0.041660
163.451758 0.041674
163.493424 0.041666
163.535042 0.041618
163.576757 0.041715
163.618425 0.041668
163.660090 0.041665
163.701762 0.041672
163.743425 0.041663
163.785098 0.041673
163.826759 0.041661
163.868425 0.041666
163.910086 0.041661
163.951762 0.041676
163.993425 0.041663
164.035091 0.041666
164.076758 0.041667
164.118425 0.041667
164.160099 0.041674
164.201759 0.041660
164.243425 0.041666
164.285092 0.041667
164.326710 0.041618
164.368433 0.041723
164.410082 0.041649
164.451758 0.041676
164.493436 0.041678
164.535091 0.041655
164.576759 0.041668
164.618425 0.041666
164.660091 0.041666
164.701758 0.041667
164.743424 0.041666
164.785099 0.041675
164.826759 0.041660
164.868425 0.041666
164.910086 0.041661
164.951762 0.041676
164.993432 0.041670
165.035091 0.041659
165.076761 0.041670
165.118428 0.041667
165.160091 0.041663
165.201759 0.041668
165.243377 0.041618
165.285091 0.041714
165.326757 0.041666
165.368430 0.041673
165.410087 0.041657
165.451758 0.041671
165.493425 0.041667
165.535092 0.041667
165.576759 0.041667
165.618426 0.041667
165.660091 0.041665
165.701758 0.041667
165.743425 0.041667
165.785099 0.041674
165.826758 0.041659
165.868425 0.041667
165.910086 0.041661
165.951759 0.041673
165.993379 0.041620
166.035091 0.041712
166.076765 0.041674
166.118424 0.041659
166.160094 0.041670
166.201758 0.041664
166.243432 0.041674
166.285092 0.041660
166.326758 0.041666
166.368425 0.041667
166.410065 0.041640
166.451759 0.041694
166.493428 0.041669
166.535092 0.041664
166.576761 0.041669
166.618425 0.041664
166.660091 0.041666
166.701766 0.041675
166.743425 0.041659
166.785092 0.041667
166.826758 0.041666
166.868432 0.041674
166.910062 0.041630
166.951758 0.041696
166.993430 0.041672
167.035049 0.041619
167.076764 0.041715
167.118425 0.041661
167.160097 0.041672
167.201753 0.041656
167.243423 0.041670
167.285088 0.041665
167.326758 0.041670
