0.028505 0.028505
0.082471 0.053966
0.115799 0.033328
0.155788 0.039989
0.195819 0.040031
0.235818 0.039999
0.275852 0.040034
0.315794 0.039942
0.355844 0.040050
0.395840 0.039996
0.435859 0.040019
0.475853 0.039994
0.515817 0.039964
0.555853 0.040036
0.595850 0.039997
0.635854 0.040004
0.675825 0.039971
0.715825 0.040000
0.755824 0.039999
0.795825 0.040001
0.835823 0.039998
0.875777 0.039954
0.917093 0.041316
0.955776 0.038683
0.995824 0.040048
1.039784 0.043960
1.075824 0.036040
1.115824 0.040000
1.155827 0.040003
1.195824 0.039997
1.235825 0.040001
1.275825 0.040000
1.315824 0.039999
1.355821 0.039997
1.395825 0.040004
1.435776 0.039951
1.475824 0.040048
1.515825 0.040001
1.555824 0.039999
1.595824 0.040000
1.635824 0.040000
1.675824 0.040000
1.715824 0.040000
1.755824 0.040000
1.795824 0.040000
1.835824 0.040000
1.875825 0.040001
1.915826 0.040001
1.955824 0.039998
1.995776 0.039952
2.035824 0.040048
2.075825 0.040001
2.115825 0.040000
2.155824 0.039999
2.195824 0.040000
2.238341 0.042517
2.275820 0.037479
2.315824 0.040004
2.355823 0.039999
2.395823 0.040000
2.435823 0.040000
2.475939 0.040116
2.516704 0.040765
2.555823 0.039119
2.595823 0.040000
2.635823 0.040000
2.675824 0.040001
2.715940 0.040116
2.755823 0.039883
2.795823 0.040000
2.835827 0.040004
2.875823 0.039996
2.915824 0.040001
2.956567 0.040743
2.995823 0.039256
3.035824 0.040001
3.075823 0.039999
3.115776 0.039953
3.161433 0.045657
3.195823 0.034390
3.235824 0.040001
3.275827 0.040003
3.315823 0.039996
3.355826 0.040003
3.395824 0.039998
3.435823 0.039999
3.475823 0.040000
3.515823 0.040000
3.555824 0.040001
3.595824 0.040000
3.635825 0.040001
3.683158 0.047333
3.715828 0.032670
3.762735 0.046907
3.795827 0.033092
3.835824 0.039997
3.875825 0.040001
3.915827 0.040002
3.955825 0.039998
3.995825 0.040000
4.035823 0.039998
4.075835 0.040012
4.115820 0.039985
4.155825 0.040005
4.196064 0.040239
4.235824 0.039760
4.275824 0.040000
4.315824 0.040000
4.355833 0.040009
4.401093 0.045260
4.444006 0.042913
4.475827 0.031821
4.515825 0.039998
4.555825 0.040000
4.595820 0.039995
4.638596 0.042776
4.675824 0.037228
4.715825 0.040001
4.755824 0.039999
4.797482 0.041658
4.837474 0.039992
4.875826 0.038352
4.915777 0.039951
4.955825 0.040048
4.995824 0.039999
5.035824 0.040000
5.075777 0.039953
5.115777 0.040000
5.155824 0.040047
5.195777 0.039953
5.235796 0.040019
5.284395 0.048599
5.315825 0.031430
5.355825 0.040000
5.395825 0.040000
5.435824 0.039999
5.475825 0.040001
5.515825 0.040000
5.555777 0.039952
5.595824 0.040047
5.635825 0.040001
5.675825 0.040000
5.715824 0.039999
5.755825 0.040001
5.795825 0.040000
5.835825 0.040000
5.875777 0.039952
5.915824 0.040047
5.955824 0.040000
5.995824 0.040000
6.035936 0.040112
6.078839 0.042903
6.115780 0.036941
6.155832 0.040052
6.195833 0.040001
6.236224 0.040391
6.275831 0.039607
6.315831 0.040000
6.355784 0.039953
6.395834 0.040050
6.435833 0.039999
6.475835 0.040002
6.515824 0.039989
6.555832 0.040008
6.595784 0.039952
6.635833 0.040049
6.677326 0.041493
6.718473 0.041147
6.755835 0.037362
6.795831 0.039996
6.835831 0.040000
6.875833 0.040002
6.915831 0.039998
6.955832 0.040001
6.995832 0.040000
7.035784 0.039952
7.075831 0.040047
7.116963 0.041132
7.157483 0.040520
7.195784 0.038301
7.235831 0.040047
7.275785 0.039954
7.315831 0.040046
7.356419 0.040588
7.395832 0.039413
7.435823 0.039991
7.475831 0.040008
7.515833 0.040002
7.555786 0.039953
7.601738 0.045952
7.637485 0.035747
7.675833 0.038348
7.715838 0.040005
7.755824 0.039986
7.795832 0.040008
7.837346 0.041514
7.879494 0.042148
7.915784 0.036290
7.955837 0.040053
7.995828 0.039991
8.035823 0.039995
8.075832 0.040009
8.115820 0.039988
8.159027 0.043207
8.195837 0.036810
8.235828 0.039991
8.275832 0.040004
8.315823 0.039991
8.355836 0.040013
8.396894 0.041058
8.435824 0.038930
8.475823 0.039999
8.519490 0.043667
8.562311 0.042821
8.595823 0.033512
8.639263 0.043440
8.675827 0.036564
8.715831 0.040004
8.755833 0.040002
8.796035 0.040202
8.835824 0.039789
8.875831 0.040007
8.915835 0.040004
8.955833 0.039998
8.995832 0.039999
9.037741 0.041909
9.075831 0.038090
9.115832 0.040001
9.155825 0.039993
9.195832 0.040007
9.235825 0.039993
9.277335 0.041510
9.315821 0.038486
9.363242 0.047421
9.395827 0.032585
9.440039 0.044212
9.475784 0.035745
9.515837 0.040053
9.555783 0.039946
9.595832 0.040049
9.635832 0.040000
9.675834 0.040002
9.715835 0.040001
9.755824 0.039989
9.795830 0.040006
9.835825 0.039995
9.888462 0.052637
9.915840 0.027378
9.955827 0.039987
9.995833 0.040006
10.035784 0.039951
10.075835 0.040051
10.115832 0.039997
10.155826 0.039994
10.195834 0.040008
10.235832 0.039998
10.275776 0.039944
10.315832 0.040056
10.355796 0.039964
10.404777 0.048981
10.441139 0.036362
10.475832 0.034693
10.515831 0.039999
10.555834 0.040003
10.595830 0.039996
10.635824 0.039994
10.675824 0.040000
10.715832 0.040008
10.755832 0.040000
10.795833 0.040001
10.835831 0.039998
10.875784 0.039953
10.915832 0.040048
10.955834 0.040002
10.995835 0.040001
11.037691 0.041856
11.079419 0.041728
11.115832 0.036413
11.155833 0.040001
11.195824 0.039991
11.235831 0.040007
11.275821 0.039990
11.319564 0.043743
11.355831 0.036267
11.395832 0.040001
11.435823 0.039991
11.475833 0.040010
11.515832 0.039999
11.555967 0.040135
11.595833 0.039866
11.635832 0.039999
11.675827 0.039995
11.715833 0.040006
11.759487 0.043654
11.795821 0.036334
11.846429 0.050608
11.878235 0.031806
11.915832 0.037597
11.955832 0.040000
11.995832 0.040000
12.035820 0.039988
12.075832 0.040012
12.115824 0.039992
12.155832 0.040008
12.195831 0.039999
12.237391 0.041560
12.275821 0.038430
12.320393 0.044572
12.365866 0.045473
12.395829 0.029963
12.435827 0.039998
12.481683 0.045856
12.517527 0.035844
12.555832 0.038305
12.595832 0.040000
12.635834 0.040002
12.681659 0.045825
12.720553 0.038894
12.755832 0.035279
12.795832 0.040000
12.835784 0.039952
12.880965 0.045181
12.915832 0.034867
12.955822 0.039990
12.996683 0.040861
13.035784 0.039101
13.075832 0.040048
13.115832 0.040000
13.155832 0.040000
13.197405 0.041573
13.235821 0.038416
13.290660 0.054839
13.315822 0.025162
13.363572 0.047750
13.395827 0.032255
13.435826 0.039999
13.475824 0.039998
13.529577 0.053753
13.560269 0.030692
13.595824 0.035555
13.635833 0.040009
13.679757 0.043924
13.715820 0.036063
13.759096 0.043276
13.804684 0.045588
13.835829 0.031145
13.875784 0.039955
13.915831 0.040047
13.955783 0.039952
13.995823 0.040040
14.035831 0.040008
14.075785 0.039954
14.123150 0.047365
14.155823 0.032673
14.200674 0.044851
14.237503 0.036829
14.275781 0.038278
14.315783 0.040002
14.355823 0.040040
14.395831 0.040008
14.435831 0.040000
14.475831 0.040000
14.515831 0.040000
14.555831 0.040000
14.597282 0.041451
14.635785 0.038503
14.675837 0.040052
14.715831 0.039994
14.755785 0.039954
14.798949 0.043164
14.838521 0.039572
14.875824 0.037303
14.915831 0.040007
14.955823 0.039992
15.002499 0.046676
15.039229 0.036730
15.075783 0.036554
15.115826 0.040043
15.155831 0.040005
15.195831 0.040000
15.235833 0.040002
15.277405 0.041572
15.315832 0.038427
15.355783 0.039951
15.395832 0.040049
15.435819 0.039987
15.475832 0.040013
15.515792 0.039960
15.555832 0.040040
15.595832 0.040000
15.635832 0.040000
15.675832 0.040000
15.715827 0.039995
15.755783 0.039956
15.795827 0.040044
15.835784 0.039957
15.875784 0.040000
15.915831 0.040047
15.955832 0.040001
15.997341 0.041509
16.035833 0.038492
16.075832 0.039999
16.115827 0.039995
16.155996 0.040169
16.195821 0.039825
16.236506 0.040685
16.275822 0.039316
16.315832 0.040010
16.355832 0.040000
16.395833 0.040001
16.443029 0.047196
16.475832 0.032803
16.515776 0.039944
16.555832 0.040056
16.595821 0.039989
16.635823 0.040002
16.675837 0.040014
16.715832 0.039995
16.762321 0.046489
16.795825 0.033504
16.835833 0.040008
16.875821 0.039988
16.928682 0.052861
16.965937 0.037255
16.998516 0.032579
17.035827 0.037311
17.075834 0.040007
17.115821 0.039987
17.159062 0.043241
17.195835 0.036773
17.240630 0.044795
17.275823 0.035193
17.315831 0.040008
17.355827 0.039996
17.395832 0.040005
17.435831 0.039999
17.475831 0.040000
17.515831 0.040000
17.555783 0.039952
17.595832 0.040049
17.635831 0.039999
17.675823 0.039992
17.715831 0.040008
17.755832 0.040001
17.795831 0.039999
17.835782 0.039951
17.876485 0.040703
17.915825 0.039340
17.955783 0.039958
17.995824 0.040041
18.040144 0.044320
18.075830 0.035686
18.115821 0.039991
18.155831 0.040010
18.195831 0.040000
18.235832 0.040001
18.275823 0.039991
18.318464 0.042641
18.355825 0.037361
18.395831 0.040006
18.435831 0.040000
18.475831 0.040000
18.515830 0.039999
18.555783 0.039953
18.595783 0.040000
18.635784 0.040001
18.675823 0.040039
18.715832 0.040009
18.755823 0.039991
18.795832 0.040009
18.835831 0.039999
18.875824 0.039993
18.915830 0.040006
18.955827 0.039997
18.995831 0.040004
19.035831 0.040000
19.075831 0.040000
19.115824 0.039993
19.155832 0.040008
19.197362 0.041530
19.235831 0.038469
19.275832 0.040001
19.315776 0.039944
19.355832 0.040056
19.395836 0.040004
19.435822 0.039986
19.475832 0.040010
19.515832 0.040000
19.555824 0.039992
19.595832 0.040008
19.635781 0.039949
19.675824 0.040043
19.715824 0.040000
19.755828 0.040004
19.795826 0.039998
19.835822 0.039996
19.875820 0.039998
19.915821 0.040001
19.955820 0.039999
