0.052111
0.158803
0.146160
0.085179
0.127065
0.161566
0.179505
0.096298
0.091421
0.165113
0.118807
0.133241
0.079510
0.090154
0.091093
0.141889
0.140474
0.116682
0.129270
0.138797
0.145950
0.175847
0.159948
0.149281
0.116585
0.100615
0.107836
0.131885
0.130851
0.136148
0.137500
0.125937
0.111644
0.139285
0.109220
0.110288
0.155751
0.175282
0.145211
0.150484
0.145219
0.117354
0.095155
0.109184
0.134531
0.112531
0.173356
0.124602
0.134611
0.093581
0.179541
0.111424
0.102253
0.121521
0.129776
0.133748
0.121423
0.153752
0.138923
0.112037
0.172251
0.166987
0.132791
0.094702
0.095559
0.168716
0.121853
0.147123
0.102237
0.157362
0.132594
0.139149
0.100954
0.109871
0.127824
0.150788
0.123171
0.155045
0.143663
0.155808
0.086501
0.104370
0.171110
0.153044
0.144516
0.114890
0.164978
0.091522
0.146572
0.158700
0.163060
0.177507
0.129954
0.171756
0.103258
0.090673
0.105198
0.166597
0.107083
0.154866
0.126241
0.123613
0.089543
0.136507
0.106592
0.119679
0.132130
0.157735
0.120409
0.146142
0.114875
0.150029
0.149556
0.098076
0.103855
0.128613
0.154221
0.115246
0.145338
0.172568
0.098970
0.149060
0.096418
0.096301
0.086754
0.115994
0.155160
0.155358
0.136310
0.151969
