0.030718 0.030718
0.055035 0.024317
0.096703 0.041669
0.138367 0.041664
0.180060 0.041692
0.221774 0.041714
0.263389 0.041615
0.305099 0.041710
0.346724 0.041625
0.388433 0.041709
0.430067 0.041634
0.471734 0.041668
0.513398 0.041663
0.555101 0.041703
0.596762 0.041661
0.638436 0.041673
0.680101 0.041665
0.721763 0.041663
0.763361 0.041598
0.805099 0.041738
0.846764 0.041665
0.888433 0.041669
0.930100 0.041666
0.971727 0.041627
1.013394 0.041668
1.055060 0.041666
1.096731 0.041671
1.138398 0.041667
1.180095 0.041697
1.221762 0.041667
1.263433 0.041671
1.305099 0.041666
1.346728 0.041629
1.388396 0.041668
1.430067 0.041671
1.471705 0.041638
1.513397 0.041692
1.555063 0.041666
1.596764 0.041701
1.638432 0.041669
1.680079 0.041647
1.721727 0.041647
1.763396 0.041670
1.805094 0.041698
1.846760 0.041666
1.888429 0.041669
1.930027 0.041598
1.971689 0.041662
2.013362 0.041672
2.055023 0.041661
2.096703 0.041680
2.138366 0.041663
2.180037 0.041671
2.221700 0.041662
2.263362 0.041662
2.305022 0.041660
2.346688 0.041666
2.388356 0.041668
2.430023 0.041666
2.471691 0.041669
2.513357 0.041666
2.555025 0.041668
2.596689 0.041665
2.638357 0.041667
2.680022 0.041666
2.721700 0.041677
2.763366 0.041666
2.805039 0.041673
2.846700 0.041660
2.888356 0.041656
2.930022 0.041666
2.971690 0.041668
3.013358 0.041668
3.055028 0.041670
3.096691 0.041663
3.138358 0.041667
3.180025 0.041667
3.221692 0.041667
3.263356 0.041665
3.305023 0.041667
3.346690 0.041667
3.388356 0.041666
3.430021 0.041665
3.471689 0.041668
3.513356 0.041667
3.555021 0.041665
3.596706 0.041684
3.638366 0.041660
3.680026 0.041660
3.721690 0.041664
3.763356 0.041666
3.805022 0.041666
3.846689 0.041667
3.888357 0.041667
3.930022 0.041666
3.971690 0.041667
4.013354 0.041665
4.055023 0.041669
4.096689 0.041666
4.138356 0.041667
4.180023 0.041667
4.221690 0.041666
4.263357 0.041667
4.305023 0.041666
4.346705 0.041682
4.388366 0.041661
4.430032 0.041666
4.471698 0.041666
4.513357 0.041660
4.555024 0.041666
4.596690 0.041667
4.638357 0.041667
4.680023 0.041666
4.721689 0.041666
4.763356 0.041667
4.805023 0.041667
4.846690 0.041667
4.888358 0.041668
4.930023 0.041666
4.971698 0.041675
5.013359 0.041662
5.055024 0.041664
5.096690 0.041666
5.138357 0.041666
5.180039 0.041683
5.221699 0.041659
5.263371 0.041672
5.305038 0.041667
5.346689 0.041651
5.388355 0.041666
5.430023 0.041667
5.471692 0.041669
5.513355 0.041663
5.555023 0.041669
5.596689 0.041666
5.638356 0.041667
5.680022 0.041665
5.721689 0.041667
5.763357 0.041668
5.805023 0.041666
5.846690 0.041667
5.888356 0.041666
5.930022 0.041666
5.971689 0.041667
6.013356 0.041666
6.055025 0.041670
6.096691 0.041666
6.140784 0.044093
6.180040 0.039256
6.221702 0.041661
6.263371 0.041670
6.305038 0.041667
6.346692 0.041653
6.388356 0.041664
6.430022 0.041666
6.471689 0.041667
6.513355 0.041666
6.555022 0.041667
6.596690 0.041668
6.638359 0.041670
6.680023 0.041664
6.721691 0.041668
6.763355 0.041664
6.805021 0.041666
6.846688 0.041667
6.888355 0.041667
6.930021 0.041666
6.971690 0.041669
7.013373 0.041682
7.055036 0.041664
7.096695 0.041659
7.138356 0.041661
7.180022 0.041666
7.221689 0.041667
7.263358 0.041669
7.305023 0.041665
7.346688 0.041665
7.388355 0.041667
7.430023 0.041667
7.471688 0.041666
7.513355 0.041666
7.555023 0.041668
7.596689 0.041666
7.638355 0.041666
7.680022 0.041667
7.721689 0.041667
7.763355 0.041666
7.805023 0.041668
7.846688 0.041665
7.888355 0.041667
7.930022 0.041667
7.971690 0.041668
8.013356 0.041666
8.055022 0.041667
8.096689 0.041667
8.138355 0.041666
8.180022 0.041667
8.221689 0.041667
8.263366 0.041677
8.305039 0.041673
8.346696 0.041657
8.388355 0.041659
8.430022 0.041667
8.471691 0.041669
8.513355 0.041664
8.555021 0.041667
8.596688 0.041667
8.638355 0.041667
8.680022 0.041667
8.721688 0.041666
8.763355 0.041668
8.805021 0.041666
8.846689 0.041668
8.888356 0.041666
8.930022 0.041666
8.971691 0.041669
9.013355 0.041664
9.055023 0.041668
9.096690 0.041667
9.138356 0.041666
9.180038 0.041683
9.221699 0.041661
9.263370 0.041670
9.305037 0.041668
9.346697 0.041659
9.388356 0.041659
9.430022 0.041666
9.471688 0.041666
9.513355 0.041666
9.555022 0.041667
9.596689 0.041667
9.638355 0.041666
9.680024 0.041669
9.721687 0.041664
9.763354 0.041667
9.805021 0.041667
9.846688 0.041667
9.888354 0.041666
9.930034 0.041680
9.971704 0.041670
10.013366 0.041662
10.055026 0.041660
10.096688 0.041662
10.138356 0.041667
10.180023 0.041667
10.221688 0.041666
10.263357 0.041669
10.305021 0.041664
10.346688 0.041667
10.388355 0.041667
10.430021 0.041666
10.471690 0.041669
10.513355 0.041665
10.555021 0.041667
10.596689 0.041667
10.638356 0.041667
10.680037 0.041681
10.721703 0.041666
10.763369 0.041665
10.805032 0.041663
10.846687 0.041656
10.888354 0.041666
10.930021 0.041667
10.971689 0.041668
11.013354 0.041665
11.055021 0.041667
11.096689 0.041668
11.138355 0.041667
11.180022 0.041667
11.221660 0.041638
11.263355 0.041695
11.305022 0.041667
11.346688 0.041667
11.388355 0.041667
11.430022 0.041667
11.471688 0.041666
11.513355 0.041666
11.555021 0.041667
11.596690 0.041668
11.638355 0.041665
11.680022 0.041667
11.721700 0.041679
11.763368 0.041668
11.805021 0.041653
11.846688 0.041667
11.888355 0.041667
11.930022 0.041667
11.971689 0.041666
12.013356 0.041667
12.055022 0.041666
12.096688 0.041666
12.138357 0.041668
12.180022 0.041666
12.221688 0.041665
12.263355 0.041667
12.305022 0.041667
12.346689 0.041667
12.388356 0.041666
12.430024 0.041668
12.471688 0.041665
12.513355 0.041667
12.555022 0.041667
12.596689 0.041667
12.638356 0.041667
12.680022 0.041666
12.721690 0.041668
12.763357 0.041667
12.805023 0.041665
12.846689 0.041667
12.888355 0.041666
12.930022 0.041667
12.971689 0.041667
13.013355 0.041666
13.055022 0.041667
13.096689 0.041667
13.138370 0.041682
13.180032 0.041662
13.221704 0.041672
13.263356 0.041652
13.305022 0.041666
13.346689 0.041667
13.388356 0.041667
13.430023 0.041667
13.471689 0.041666
13.513355 0.041666
13.555021 0.041666
13.596688 0.041667
13.638356 0.041668
13.680033 0.041677
13.721703 0.041670
13.763359 0.041656
13.805022 0.041663
13.846688 0.041666
13.888355 0.041667
13.930022 0.041667
13.971688 0.041666
14.013355 0.041666
14.055020 0.041666
14.096688 0.041667
14.138354 0.041667
14.180022 0.041668
14.221688 0.041665
14.263354 0.041667
14.305022 0.041667
14.346688 0.041666
14.388355 0.041667
14.430022 0.041667
14.471688 0.041666
14.513372 0.041685
14.555035 0.041662
14.596700 0.041665
14.638363 0.041663
14.680021 0.041659
14.721689 0.041667
14.763355 0.041666
14.805022 0.041668
14.846690 0.041667
14.888355 0.041666
14.930021 0.041666
14.971689 0.041667
15.013356 0.041668
15.055023 0.041667
15.096688 0.041665
15.138350 0.041662
15.180021 0.041672
15.221689 0.041667
15.263356 0.041667
15.305033 0.041677
15.346703 0.041670
15.388366 0.041664
15.430031 0.041665
15.471688 0.041657
15.513355 0.041667
15.555022 0.041667
15.596688 0.041667
15.638355 0.041666
15.680021 0.041666
15.721688 0.041667
15.763355 0.041667
15.805021 0.041666
15.846689 0.041667
15.888354 0.041666
15.930021 0.041666
15.971689 0.041668
16.013355 0.041666
16.055021 0.041666
16.096687 0.041667
16.138355 0.041667
16.180022 0.041667
16.221688 0.041666
16.263354 0.041667
16.305021 0.041666
16.346688 0.041668
16.388355 0.041666
16.430021 0.041667
16.471689 0.041667
16.518016 0.046327
16.555036 0.037020
16.596704 0.041668
16.638362 0.041658
16.680023 0.041660
16.721688 0.041666
16.763355 0.041666
16.805021 0.041666
16.846688 0.041667
16.888358 0.041669
16.930022 0.041665
16.971689 0.041667
17.013355 0.041666
17.055023 0.041668
17.096689 0.041667
17.138356 0.041667
17.180022 0.041666
17.221689 0.041667
17.263370 0.041681
17.305039 0.041669
17.346704 0.041665
17.388363 0.041660
17.430023 0.041660
17.471689 0.041666
17.513357 0.041667
17.554977 0.041620
17.596691 0.041714
17.638357 0.041666
17.680023 0.041666
17.721690 0.041667
17.763357 0.041667
17.805023 0.041666
17.846691 0.041667
17.888355 0.041665
17.930021 0.041665
17.971689 0.041668
18.013356 0.041667
18.055022 0.041667
18.096690 0.041668
18.138357 0.041667
18.180024 0.041667
18.221689 0.041666
18.263355 0.041666
18.305023 0.041667
18.346690 0.041667
18.388357 0.041667
18.430023 0.041666
18.475053 0.045031
18.513366 0.038313
18.555038 0.041672
18.596704 0.041666
18.638363 0.041658
18.680023 0.041660
18.721690 0.041667
18.763355 0.041665
18.805022 0.041667
18.846690 0.041667
18.888356 0.041667
18.930023 0.041667
18.971689 0.041666
19.013358 0.041669
19.055023 0.041665
19.096690 0.041667
19.138356 0.041666
19.180023 0.041666
19.221691 0.041668
19.263357 0.041666
19.305023 0.041666
19.346689 0.041666
19.388356 0.041668
19.430023 0.041666
19.471690 0.041667
19.513356 0.041666
19.555023 0.041667
19.596693 0.041670
19.638357 0.041663
19.680022 0.041666
19.721690 0.041667
19.763368 0.041678
19.805035 0.041667
19.846704 0.041669
19.888362 0.041658
19.930022 0.041660
19.971690 0.041668
20.013356 0.041666
20.055023 0.041667
20.096688 0.041664
20.138356 0.041668
20.180022 0.041666
20.221689 0.041667
20.263356 0.041667
20.305023 0.041667
20.346689 0.041666
20.388356 0.041667
20.430023 0.041666
20.471689 0.041666
20.513357 0.041668
20.555023 0.041666
20.596689 0.041666
20.638356 0.041667
20.680023 0.041667
20.721708 0.041685
20.763366 0.041659
20.805034 0.041667
20.846700 0.041666
20.888367 0.041667
20.930024 0.041657
20.971690 0.041666
21.013355 0.041665
21.055022 0.041667
21.096688 0.041667
21.138355 0.041667
21.180022 0.041667
21.221687 0.041665
21.263355 0.041668
21.305021 0.041666
21.346688 0.041667
21.388354 0.041666
21.430023 0.041668
21.471689 0.041667
21.513356 0.041667
21.555022 0.041666
21.596707 0.041685
21.638369 0.041662
21.680038 0.041669
21.721701 0.041664
21.763355 0.041654
21.805022 0.041667
21.846689 0.041666
21.888355 0.041667
21.930023 0.041668
21.971689 0.041666
22.013355 0.041666
22.055021 0.041666
22.096688 0.041667
22.138355 0.041667
22.180021 0.041666
22.221688 0.041667
22.263355 0.041666
22.305039 0.041684
22.346702 0.041664
22.388367 0.041664
22.430029 0.041663
22.471687 0.041658
22.513355 0.041667
22.555022 0.041668
22.596689 0.041666
22.638356 0.041667
22.680022 0.041666
22.721688 0.041666
22.763355 0.041667
22.805022 0.041667
22.846688 0.041667
22.888355 0.041667
22.930021 0.041666
22.971689 0.041667
23.013355 0.041667
23.055022 0.041666
23.096689 0.041667
23.138355 0.041666
23.180022 0.041667
23.221688 0.041666
23.263355 0.041667
23.305021 0.041666
23.346688 0.041667
23.388356 0.041667
23.430022 0.041666
23.471689 0.041667
23.513366 0.041677
23.555033 0.041667
23.596698 0.041665
23.638362 0.041664
23.680022 0.041659
23.721687 0.041666
23.763354 0.041667
23.805022 0.041667
23.846688 0.041667
23.888355 0.041667
23.930021 0.041666
23.971688 0.041667
24.013355 0.041667
24.055022 0.041666
24.096688 0.041666
24.138355 0.041667
24.180022 0.041668
24.221688 0.041666
24.263355 0.041667
24.305022 0.041667
24.346688 0.041666
24.388355 0.041667
24.430022 0.041667
24.471689 0.041667
24.513355 0.041666
24.555022 0.041667
24.596689 0.041667
24.638356 0.041667
24.680040 0.041684
24.721699 0.041659
24.763366 0.041667
24.805023 0.041657
24.846688 0.041665
24.888355 0.041667
24.930022 0.041667
24.971689 0.041667
25.013355 0.041666
25.055023 0.041668
25.096688 0.041665
25.138356 0.041668
25.180021 0.041666
25.221688 0.041667
25.263356 0.041667
25.305021 0.041666
25.346689 0.041667
25.388356 0.041667
25.430022 0.041666
25.471689 0.041667
25.513354 0.041665
25.555021 0.041667
25.596688 0.041666
25.638356 0.041668
25.680022 0.041666
25.721687 0.041666
25.763355 0.041667
25.805022 0.041667
25.848659 0.043637
25.888366 0.039707
25.930035 0.041669
25.971695 0.041660
26.013355 0.041660
26.055022 0.041667
26.096688 0.041665
26.138355 0.041668
26.180022 0.041667
26.221689 0.041666
26.263355 0.041666
26.305021 0.041667
26.346690 0.041668
26.388356 0.041666
26.430022 0.041667
26.471688 0.041666
26.513355 0.041666
26.555023 0.041668
26.596690 0.041667
26.638356 0.041666
26.680022 0.041666
26.721689 0.041667
26.763355 0.041666
26.805021 0.041667
26.846688 0.041667
26.888355 0.041667
26.930021 0.041666
26.971690 0.041668
27.013375 0.041685
27.055033 0.041659
27.096704 0.041671
27.138361 0.041657
27.180022 0.041661
27.221688 0.041666
27.263355 0.041667
27.305022 0.041667
27.346688 0.041666
27.388356 0.041668
27.430022 0.041667
27.471689 0.041667
27.513355 0.041666
27.555021 0.041666
27.596689 0.041668
27.638356 0.041667
27.680023 0.041666
27.721689 0.041666
27.763326 0.041637
27.805022 0.041696
27.846689 0.041667
27.888356 0.041667
27.930023 0.041667
27.971689 0.041666
28.013356 0.041666
28.055022 0.041666
28.096689 0.041667
28.138355 0.041666
28.180022 0.041667
28.221689 0.041667
28.263356 0.041667
28.305021 0.041665
28.346700 0.041678
28.388474 0.041774
28.430035 0.041561
28.471696 0.041662
28.513355 0.041659
28.555022 0.041667
28.596689 0.041667
28.638355 0.041666
28.680021 0.041666
28.721688 0.041667
28.763354 0.041666
28.805023 0.041668
28.846689 0.041666
28.888355 0.041667
28.930021 0.041666
28.971688 0.041667
29.013355 0.041667
29.055022 0.041667
29.096706 0.041684
29.138367 0.041662
29.180033 0.041665
29.221699 0.041666
29.263355 0.041657
29.305021 0.041666
29.346688 0.041666
29.388355 0.041667
29.430022 0.041667
29.471689 0.041667
29.513355 0.041666
29.555022 0.041667
29.596689 0.041667
29.638370 0.041681
29.680033 0.041663
29.721700 0.041667
29.763362 0.041662
29.805022 0.041660
29.846689 0.041667
29.888356 0.041667
29.930023 0.041667
29.971690 0.041667
30.013356 0.041666
30.055022 0.041666
30.096688 0.041666
30.138356 0.041667
30.180022 0.041666
30.221688 0.041665
30.263356 0.041669
30.305023 0.041667
30.346690 0.041667
30.388358 0.041668
30.430022 0.041664
30.471689 0.041667
30.513355 0.041666
30.555022 0.041667
30.596689 0.041667
30.638355 0.041666
30.680023 0.041668
30.721689 0.041666
30.763355 0.041666
30.805022 0.041667
30.846689 0.041667
30.888355 0.041666
30.930022 0.041667
30.971689 0.041667
31.013356 0.041667
31.055023 0.041667
31.096690 0.041667
31.138366 0.041676
31.180035 0.041668
31.221707 0.041672
31.263356 0.041649
31.305022 0.041667
31.346690 0.041668
31.388356 0.041666
31.430023 0.041667
31.471689 0.041666
31.513357 0.041668
31.555022 0.041665
31.596690 0.041669
31.638357 0.041667
31.680023 0.041666
31.721688 0.041665
31.763356 0.041668
31.805023 0.041667
31.846690 0.041667
31.888357 0.041667
31.930022 0.041666
31.971690 0.041668
32.013357 0.041667
32.055022 0.041665
32.096706 0.041684
32.138368 0.041662
32.180039 0.041671
32.221696 0.041657
32.263356 0.041660
32.305021 0.041665
32.346690 0.041668
32.388355 0.041666
32.430022 0.041667
32.471689 0.041667
32.513356 0.041667
32.555022 0.041666
32.596690 0.041667
32.638354 0.041665
32.680022 0.041668
32.721689 0.041667
32.763355 0.041666
32.805022 0.041667
32.846689 0.041667
32.888355 0.041666
32.930022 0.041667
32.971690 0.041668
33.013355 0.041665
33.055023 0.041667
33.096689 0.041666
33.138356 0.041667
33.180022 0.041666
33.221689 0.041667
33.263356 0.041668
33.305039 0.041682
33.346703 0.041665
33.388367 0.041664
33.430033 0.041666
33.471689 0.041656
33.513468 0.041779
33.555022 0.041554
33.596689 0.041667
33.638356 0.041667
33.680023 0.041666
33.721689 0.041666
33.763356 0.041667
33.805021 0.041666
33.846689 0.041667
33.888355 0.041666
33.930022 0.041667
33.971688 0.041666
34.013355 0.041667
34.055023 0.041667
34.096689 0.041666
34.138356 0.041667
34.180022 0.041666
34.221688 0.041666
34.263355 0.041667
34.305022 0.041667
34.346700 0.041678
34.388367 0.041666
34.430032 0.041666
34.471690 0.041658
34.513355 0.041665
34.555023 0.041668
34.596689 0.041666
34.638354 0.041665
34.680022 0.041668
34.721687 0.041665
34.763355 0.041668
34.805021 0.041667
34.846688 0.041666
34.888355 0.041667
34.930021 0.041666
34.971689 0.041668
35.013355 0.041666
35.055022 0.041667
35.096689 0.041667
35.138369 0.041681
35.180034 0.041664
35.221696 0.041662
35.263355 0.041659
35.305022 0.041667
35.346689 0.041667
35.388356 0.041667
35.430023 0.041667
35.471689 0.041666
35.513355 0.041666
35.555022 0.041667
35.596689 0.041668
35.638355 0.041665
35.680022 0.041667
35.721689 0.041668
35.763356 0.041667
35.805023 0.041666
35.846689 0.041666
35.888355 0.041666
35.930032 0.041677
35.971699 0.041667
36.013367 0.041667
36.055034 0.041667
36.096692 0.041658
36.138355 0.041664
36.180021 0.041666
36.221688 0.041667
36.263355 0.041667
36.305022 0.041667
36.346688 0.041666
36.388355 0.041667
36.430022 0.041667
36.471688 0.041666
36.513355 0.041667
36.555021 0.041666
36.596778 0.041757
36.638369 0.041591
36.680033 0.041664
36.721704 0.041671
36.763363 0.041658
36.805022 0.041660
36.846688 0.041666
36.888354 0.041666
36.930021 0.041667
36.971688 0.041667
37.013355 0.041667
37.055021 0.041666
37.096689 0.041668
37.138356 0.041667
37.180022 0.041666
37.221689 0.041667
37.263356 0.041667
37.305023 0.041666
37.346689 0.041666
37.388355 0.041667
37.430021 0.041666
37.471705 0.041684
37.513366 0.041661
37.555036 0.041669
37.596698 0.041663
37.638363 0.041665
37.680025 0.041661
37.721688 0.041664
37.763355 0.041666
37.805022 0.041668
37.846689 0.041667
37.888356 0.041667
37.930022 0.041666
37.971688 0.041666
38.013355 0.041667
38.055021 0.041666
38.096689 0.041667
38.138356 0.041667
38.180023 0.041667
38.221689 0.041667
38.263356 0.041667
38.305039 0.041682
38.346701 0.041663
38.388368 0.041667
38.430030 0.041662
38.471689 0.041659
38.513355 0.041665
38.555023 0.041668
38.596689 0.041666
38.638355 0.041666
38.680022 0.041667
38.721689 0.041667
38.763356 0.041667
38.805022 0.041666
38.846689 0.041667
38.888355 0.041667
38.930022 0.041667
38.971690 0.041668
39.013355 0.041666
39.055022 0.041667
39.096688 0.041666
39.138356 0.041668
39.180022 0.041666
39.221688 0.041666
39.263355 0.041667
39.305022 0.041667
39.346689 0.041667
39.388357 0.041668
39.430023 0.041666
39.471688 0.041665
39.513370 0.041682
39.555035 0.041665
39.596704 0.041669
39.638369 0.041665
39.680029 0.041660
39.721689 0.041660
39.763356 0.041667
39.804987 0.041631
39.846689 0.041703
39.888355 0.041666
39.930023 0.041668
39.971688 0.041665
40.013356 0.041667
40.055023 0.041667
40.096688 0.041665
40.138355 0.041667
40.180022 0.041667
40.221689 0.041667
40.263356 0.041667
40.305022 0.041667
40.346689 0.041666
40.388355 0.041667
40.430022 0.041667
40.471690 0.041667
40.513355 0.041665
40.555022 0.041667
40.596689 0.041667
40.638356 0.041667
40.680021 0.041665
40.721688 0.041666
40.763355 0.041667
40.805023 0.041667
40.846689 0.041667
40.888355 0.041666
40.930022 0.041667
40.971700 0.041678
41.013367 0.041667
41.055030 0.041663
41.096688 0.041658
41.138357 0.041668
41.180023 0.041666
41.221689 0.041667
41.263356 0.041667
41.305021 0.041665
41.346689 0.041667
41.388355 0.041666
41.430026 0.041671
41.471689 0.041663
41.513355 0.041667
41.555142 0.041787
41.596688 0.041546
41.638356 0.041668
41.680022 0.041666
41.721690 0.041668
41.763356 0.041667
41.805023 0.041666
41.846690 0.041668
41.888356 0.041666
41.930023 0.041667
41.971690 0.041667
42.013356 0.041666
42.055023 0.041668
42.096690 0.041667
42.138356 0.041666
42.180023 0.041667
42.225716 0.045693
42.263370 0.037654
42.305033 0.041662
42.346696 0.041663
42.388355 0.041659
42.430022 0.041667
42.471690 0.041669
42.513356 0.041666
42.555023 0.041667
42.596689 0.041666
42.638356 0.041668
42.680022 0.041666
42.721689 0.041667
42.763356 0.041667
42.805022 0.041666
42.846688 0.041667
42.888355 0.041667
42.930022 0.041667
42.971703 0.041681
43.013366 0.041663
43.055031 0.041665
43.096692 0.041661
43.138354 0.041663
43.180022 0.041667
43.221689 0.041667
43.263355 0.041666
43.305021 0.041666
43.346688 0.041667
43.388355 0.041667
43.430022 0.041667
43.471688 0.041667
43.513355 0.041666
43.555021 0.041666
43.596688 0.041667
43.638355 0.041667
43.680021 0.041666
43.721687 0.041666
43.763354 0.041667
43.805023 0.041668
43.846688 0.041665
43.888356 0.041668
43.930022 0.041667
43.971689 0.041667
44.013355 0.041666
44.055022 0.041667
44.096702 0.041680
44.138369 0.041667
44.180033 0.041665
44.221696 0.041663
44.263356 0.041660
44.305023 0.041666
44.346689 0.041667
44.388356 0.041667
44.430023 0.041667
44.471690 0.041667
44.513357 0.041666
44.555023 0.041666
44.596690 0.041667
44.638357 0.041668
44.680023 0.041666
44.721689 0.041666
44.763356 0.041667
44.805022 0.041666
44.846690 0.041668
44.888356 0.041666
44.930023 0.041666
44.971689 0.041666
45.013356 0.041667
45.055034 0.041677
45.096706 0.041673
45.138363 0.041657
45.180023 0.041660
45.221689 0.041666
45.263357 0.041668
45.305022 0.041665
45.346690 0.041668
45.388356 0.041667
45.430023 0.041666
45.471690 0.041667
45.513357 0.041667
45.555024 0.041667
45.596688 0.041665
45.638356 0.041668
45.680022 0.041666
45.721690 0.041667
45.763357 0.041667
45.805023 0.041666
45.846691 0.041668
45.888356 0.041665
45.930023 0.041667
45.971689 0.041666
46.013357 0.041667
46.055023 0.041666
46.096690 0.041668
46.138355 0.041665
46.180023 0.041668
46.221690 0.041667
46.263356 0.041667
46.305022 0.041666
46.346689 0.041667
46.388357 0.041668
46.430023 0.041666
46.471689 0.041666
46.513356 0.041666
46.555033 0.041678
46.596701 0.041668
46.638367 0.041666
46.680039 0.041671
46.721695 0.041656
46.763356 0.041662
46.805023 0.041667
46.846690 0.041667
46.888356 0.041666
46.930023 0.041667
46.971690 0.041667
47.013356 0.041666
47.055022 0.041666
47.096689 0.041667
47.138357 0.041667
47.180023 0.041666
47.221690 0.041667
47.267954 0.046264
47.305040 0.037087
47.346706 0.041666
47.388367 0.041661
47.430023 0.041656
47.471689 0.041666
47.513356 0.041667
47.555023 0.041667
47.596690 0.041667
47.638356 0.041666
47.680024 0.041668
47.721689 0.041666
47.763357 0.041667
47.805023 0.041666
47.846689 0.041666
47.888357 0.041668
47.930023 0.041666
47.971690 0.041667
48.013356 0.041666
48.055023 0.041667
48.096690 0.041667
48.138356 0.041666
48.180022 0.041667
48.221689 0.041667
48.263355 0.041666
48.305022 0.041667
48.346689 0.041667
48.388355 0.041666
48.430022 0.041667
48.471690 0.041668
48.513367 0.041677
48.555034 0.041667
48.596700 0.041666
48.638363 0.041663
48.680023 0.041660
48.721689 0.041666
48.763356 0.041667
48.805023 0.041666
48.846688 0.041666
48.888356 0.041667
48.930021 0.041666
48.971689 0.041668
49.013356 0.041667
49.055023 0.041667
49.096689 0.041666
49.138356 0.041667
49.180022 0.041666
49.221690 0.041668
49.263356 0.041666
49.305022 0.041666
49.346689 0.041667
49.388356 0.041667
49.430024 0.041667
49.471689 0.041665
49.513355 0.041666
49.555023 0.041668
49.596689 0.041665
49.638356 0.041668
49.680039 0.041682
49.721700 0.041661
49.763363 0.041663
49.805023 0.041660
49.846689 0.041667
49.888356 0.041666
49.930023 0.041667
49.971690 0.041667
50.013356 0.041666
50.055022 0.041667
50.096689 0.041667
50.138356 0.041667
50.180022 0.041666
50.221689 0.041666
50.263356 0.041667
50.305023 0.041667
50.346689 0.041666
50.388355 0.041666
50.430022 0.041667
50.471690 0.041668
50.513356 0.041667
50.555034 0.041678
50.596708 0.041674
50.638372 0.041663
50.680033 0.041662
50.721696 0.041663
50.763356 0.041660
50.805023 0.041667
50.846690 0.041667
50.888356 0.041666
50.930022 0.041667
50.971689 0.041667
51.013356 0.041667
51.055023 0.041667
51.096690 0.041667
51.138357 0.041666
51.180024 0.041667
51.221690 0.041666
51.263356 0.041667
51.305023 0.041667
51.346689 0.041666
51.388357 0.041668
51.430023 0.041666
51.471690 0.041667
51.513351 0.041661
51.555023 0.041671
51.596689 0.041666
51.638357 0.041668
51.680022 0.041665
51.721689 0.041667
51.763356 0.041667
51.805023 0.041666
51.846689 0.041667
51.888369 0.041680
51.930035 0.041666
51.971701 0.041667
52.013363 0.041662
52.055023 0.041660
52.096689 0.041666
52.138357 0.041668
52.180022 0.041666
52.221689 0.041666
52.263355 0.041666
52.305022 0.041667
52.346689 0.041667
52.388356 0.041667
52.430022 0.041666
52.475826 0.045804
52.513372 0.037546
52.555033 0.041662
52.596696 0.041663
52.638357 0.041661
52.680021 0.041664
52.721688 0.041667
52.763355 0.041667
52.805022 0.041667
52.846689 0.041668
52.888356 0.041666
52.930023 0.041667
52.971689 0.041666
53.013355 0.041666
53.055023 0.041667
53.096689 0.041666
53.138356 0.041667
53.180022 0.041666
53.221689 0.041667
53.263356 0.041667
53.305039 0.041683
53.346703 0.041664
53.388368 0.041665
53.430029 0.041661
53.471689 0.041661
53.513355 0.041665
53.555023 0.041668
53.596688 0.041666
53.638356 0.041667
53.680022 0.041667
53.721689 0.041667
53.763355 0.041666
53.805022 0.041667
53.846702 0.041679
53.888368 0.041667
53.930033 0.041665
53.971689 0.041656
54.013356 0.041667
54.055022 0.041666
54.096689 0.041667
54.138355 0.041666
54.180021 0.041666
54.221689 0.041668
54.263354 0.041666
54.305021 0.041667
54.346689 0.041667
54.388355 0.041667
54.430022 0.041667
54.471688 0.041665
54.513354 0.041667
54.555022 0.041668
54.596688 0.041666
54.638356 0.041668
54.680021 0.041665
54.721687 0.041667
54.763354 0.041666
54.805020 0.041666
54.846687 0.041667
54.888354 0.041667
54.930021 0.041666
54.971689 0.041668
55.013356 0.041667
55.055033 0.041677
55.096703 0.041670
55.138366 0.041663
55.180029 0.041663
55.221690 0.041661
55.263356 0.041667
55.305022 0.041666
55.346688 0.041666
55.388355 0.041667
55.430023 0.041668
55.471688 0.041666
55.513356 0.041667
55.555022 0.041666
55.596689 0.041667
55.638356 0.041667
55.680038 0.041682
55.721699 0.041661
55.763367 0.041668
55.805023 0.041656
55.846689 0.041665
55.888355 0.041666
55.930023 0.041668
55.971687 0.041665
56.013357 0.041669
56.054986 0.041630
56.096689 0.041702
56.138355 0.041666
56.180021 0.041666
56.221688 0.041667
56.263355 0.041667
56.305021 0.041667
56.346689 0.041667
56.388356 0.041667
56.430023 0.041667
56.471689 0.041666
56.513355 0.041666
56.555022 0.041667
56.596689 0.041667
56.638356 0.041667
56.680023 0.041667
56.721689 0.041666
56.763367 0.041678
56.805034 0.041667
56.846705 0.041671
56.888366 0.041661
56.930023 0.041657
56.971688 0.041665
57.013357 0.041668
57.055023 0.041666
57.096690 0.041667
57.138356 0.041667
57.180024 0.041667
57.221690 0.041666
57.263356 0.041666
57.305024 0.041668
57.346696 0.041672
57.388356 0.041660
57.430024 0.041668
57.471689 0.041665
57.513356 0.041667
57.555023 0.041667
57.596705 0.041682
57.638367 0.041662
57.680034 0.041667
57.721651 0.041617
57.763356 0.041705
57.805022 0.041666
57.846689 0.041667
57.888357 0.041668
57.930023 0.041666
57.971689 0.041665
58.013356 0.041667
58.055023 0.041667
58.096702 0.041679
58.138367 0.041665
58.180040 0.041673
58.221696 0.041656
58.263356 0.041661
58.305023 0.041667
58.346690 0.041667
58.388356 0.041666
58.430023 0.041667
58.471690 0.041667
58.513356 0.041666
58.555023 0.041667
58.596689 0.041666
58.638356 0.041668
58.680023 0.041667
58.721690 0.041667
58.763355 0.041665
58.805023 0.041668
58.846689 0.041666
58.888356 0.041667
58.930023 0.041667
58.971690 0.041667
59.013356 0.041667
59.055037 0.041681
59.096700 0.041663
59.138368 0.041667
59.180033 0.041665
59.221696 0.041663
59.263356 0.041660
59.305022 0.041667
59.346689 0.041667
59.388355 0.041666
59.430023 0.041668
59.471689 0.041665
59.513356 0.041667
59.555023 0.041667
59.596689 0.041666
59.638356 0.041667
59.680023 0.041667
59.721688 0.041665
59.763356 0.041668
59.805022 0.041666
59.846690 0.041668
59.888356 0.041666
59.930023 0.041667
59.971689 0.041667
60.013356 0.041667
60.055023 0.041667
60.096689 0.041667
60.138357 0.041667
60.180023 0.041666
60.221683 0.041660
60.263356 0.041673
60.305022 0.041666
60.346689 0.041668
60.388357 0.041667
60.430024 0.041667
60.471690 0.041667
60.513356 0.041666
60.555039 0.041683
60.596701 0.041662
60.638370 0.041670
60.680033 0.041663
60.721697 0.041664
60.763356 0.041660
60.805022 0.041666
60.846690 0.041668
60.888356 0.041666
60.930023 0.041666
60.971689 0.041667
61.013356 0.041667
61.055022 0.041666
61.096690 0.041668
61.138356 0.041666
61.180022 0.041666
61.221689 0.041667
61.263355 0.041666
61.305023 0.041667
61.346688 0.041665
61.388358 0.041670
61.430023 0.041665
61.471689 0.041666
61.513366 0.041677
61.555033 0.041667
61.596701 0.041668
61.638363 0.041663
61.680023 0.041659
61.721689 0.041666
61.763356 0.041667
61.805022 0.041666
61.846690 0.041668
61.888355 0.041664
61.930024 0.041669
61.971689 0.041665
62.013356 0.041667
62.055023 0.041666
62.096688 0.041666
62.138356 0.041668
62.180023 0.041667
62.221689 0.041666
62.263355 0.041666
62.305021 0.041667
62.346689 0.041667
62.388372 0.041683
62.430033 0.041661
62.471696 0.041663
62.513355 0.041659
62.555022 0.041668
62.596688 0.041666
62.638355 0.041667
62.680021 0.041666
62.721687 0.041666
62.763355 0.041667
62.804981 0.041626
62.846688 0.041708
62.888354 0.041665
62.930021 0.041667
62.971688 0.041668
63.013354 0.041665
63.055022 0.041668
63.096699 0.041678
63.138368 0.041668
63.180029 0.041661
63.221690 0.041662
63.263355 0.041665
63.305022 0.041667
63.346689 0.041667
63.388355 0.041666
63.430022 0.041667
63.471689 0.041667
63.513355 0.041666
63.555022 0.041667
63.596689 0.041667
63.638356 0.041668
63.680022 0.041666
63.721689 0.041666
63.763355 0.041667
63.805022 0.041667
63.846689 0.041667
63.888354 0.041666
63.930022 0.041668
63.971689 0.041666
64.013354 0.041666
64.055036 0.041682
64.096700 0.041664
64.138369 0.041669
64.180039 0.041670
64.221649 0.041611
64.263354 0.041705
64.305024 0.041669
64.346689 0.041665
64.388356 0.041667
64.430022 0.041667
64.471690 0.041667
64.513356 0.041666
64.555022 0.041665
64.596689 0.041667
64.638356 0.041667
64.680022 0.041667
64.721689 0.041667
64.763356 0.041667
64.805021 0.041665
64.846689 0.041668
64.888356 0.041666
64.930023 0.041667
64.971689 0.041666
65.013355 0.041666
65.055035 0.041680
65.096704 0.041669
65.138370 0.041666
65.180025 0.041656
65.221689 0.041664
65.263355 0.041666
65.305022 0.041666
65.346688 0.041666
65.388355 0.041668
65.430022 0.041667
65.471689 0.041667
65.513355 0.041666
65.555022 0.041667
65.596689 0.041667
65.638356 0.041667
65.680022 0.041666
65.721688 0.041667
65.763356 0.041667
65.805022 0.041666
65.846688 0.041667
65.888355 0.041667
65.930022 0.041667
65.971689 0.041667
66.013356 0.041667
66.054976 0.041619
66.096688 0.041713
66.138356 0.041668
66.180035 0.041679
66.221763 0.041728
66.263370 0.041607
66.305031 0.041661
66.346689 0.041658
66.388355 0.041667
66.430022 0.041667
66.471689 0.041666
66.513355 0.041666
66.555021 0.041666
66.596687 0.041666
66.638356 0.041669
66.680021 0.041665
66.721687 0.041666
66.763355 0.041669
66.805021 0.041666
66.846689 0.041668
66.888355 0.041666
66.930022 0.041667
66.971689 0.041667
67.013355 0.041666
67.055021 0.041666
67.096687 0.041667
67.138356 0.041669
67.180022 0.041666
67.221688 0.041666
67.263367 0.041679
67.305034 0.041667
67.346696 0.041661
67.388355 0.041659
67.430022 0.041667
67.471688 0.041666
67.513356 0.041668
67.555023 0.041667
67.596689 0.041666
67.638355 0.041667
67.680022 0.041666
67.721689 0.041667
67.763356 0.041667
67.805023 0.041667
67.846690 0.041667
67.888356 0.041667
67.930023 0.041666
67.971689 0.041666
68.013354 0.041666
68.055006 0.041652
68.096688 0.041682
68.138354 0.041666
68.180022 0.041668
68.221688 0.041666
68.263356 0.041668
68.305022 0.041666
68.346688 0.041666
68.388355 0.041667
68.430023 0.041668
68.471689 0.041666
68.513355 0.041666
68.555023 0.041667
68.596699 0.041677
68.638370 0.041670
68.680034 0.041664
68.721704 0.041671
68.763359 0.041655
68.805023 0.041664
68.846690 0.041667
68.888355 0.041666
68.930022 0.041667
68.971689 0.041667
69.013356 0.041667
69.055022 0.041666
69.096689 0.041666
69.138356 0.041667
69.180021 0.041665
69.221688 0.041667
69.263355 0.041666
69.305022 0.041667
69.346688 0.041667
69.388356 0.041667
69.430032 0.041676
69.471700 0.041668
69.513368 0.041668
69.555030 0.041662
69.596688 0.041659
69.638355 0.041667
69.680022 0.041667
69.721690 0.041667
69.763356 0.041666
69.805022 0.041666
69.846641 0.041619
69.888355 0.041714
69.930023 0.041668
69.971689 0.041666
70.013355 0.041666
70.055023 0.041668
70.096689 0.041667
70.138356 0.041667
70.180022 0.041666
70.221689 0.041667
70.263370 0.041682
70.305035 0.041665
70.346702 0.041667
70.388362 0.041660
70.430022 0.041660
70.471688 0.041666
70.513354 0.041666
70.555023 0.041668
70.596688 0.041666
70.638355 0.041667
70.680022 0.041667
70.721688 0.041666
70.763371 0.041682
70.805037 0.041666
70.846703 0.041666
70.888355 0.041653
70.930022 0.041666
70.971688 0.041666
71.013355 0.041667
71.055023 0.041668
71.096688 0.041665
71.138355 0.041667
71.180022 0.041667
71.221688 0.041666
71.263355 0.041667
71.305038 0.041684
71.346703 0.041664
71.388365 0.041663
71.430028 0.041662
71.471689 0.041661
71.513354 0.041665
71.555021 0.041667
71.596688 0.041667
71.638356 0.041667
71.680021 0.041666
71.721689 0.041667
71.763355 0.041667
71.805021 0.041666
71.846689 0.041668
71.888355 0.041666
71.930022 0.041667
71.971689 0.041667
72.013354 0.041665
72.055022 0.041668
72.096688 0.041666
72.138355 0.041667
72.180023 0.041667
72.221689 0.041667
72.263355 0.041666
72.305022 0.041668
72.346689 0.041667
72.388354 0.041665
72.430023 0.041669
72.471688 0.041666
72.513355 0.041667
72.555022 0.041667
72.596689 0.041667
72.638356 0.041667
72.680022 0.041666
72.721689 0.041667
72.763355 0.041666
72.805033 0.041677
72.846700 0.041667
72.888366 0.041667
72.930021 0.041655
72.971689 0.041668
73.013354 0.041665
73.055022 0.041668
73.096687 0.041665
73.138354 0.041667
73.180020 0.041667
73.221687 0.041667
73.263355 0.041668
73.305021 0.041666
73.346689 0.041668
73.388354 0.041665
73.430023 0.041668
73.471687 0.041665
73.513353 0.041666
73.555021 0.041668
73.596688 0.041666
73.638355 0.041668
73.680021 0.041665
73.721688 0.041668
73.763354 0.041666
73.805021 0.041667
73.846689 0.041668
73.888355 0.041667
73.930022 0.041667
73.971688 0.041666
74.013356 0.041667
74.055023 0.041667
74.096689 0.041666
74.138367 0.041678
74.180032 0.041665
74.221701 0.041668
74.263370 0.041669
74.305021 0.041652
74.346687 0.041666
74.388355 0.041668
74.430023 0.041668
74.471688 0.041666
74.513354 0.041666
74.555021 0.041667
74.596688 0.041667
74.638356 0.041668
74.680022 0.041666
74.721688 0.041666
74.763355 0.041667
74.805021 0.041666
74.846689 0.041668
74.888356 0.041667
74.930022 0.041666
74.971690 0.041668
75.013354 0.041665
75.055023 0.041669
75.096688 0.041665
75.138355 0.041667
75.180022 0.041667
75.221706 0.041684
75.263366 0.041660
75.305033 0.041667
75.346689 0.041655
75.388354 0.041666
75.430023 0.041669
75.471689 0.041666
75.513355 0.041666
75.555022 0.041667
75.596689 0.041667
75.638356 0.041667
75.680023 0.041667
75.721688 0.041665
75.763355 0.041667
75.805022 0.041667
75.846689 0.041667
75.888355 0.041666
75.930023 0.041668
75.971688 0.041666
76.013356 0.041668
76.055022 0.041665
76.096689 0.041667
76.138355 0.041666
76.180022 0.041667
76.221689 0.041667
76.263356 0.041667
76.305022 0.041666
76.346704 0.041682
76.388368 0.041664
76.430032 0.041664
76.471700 0.041668
76.513363 0.041663
76.555021 0.041658
76.596688 0.041667
76.638356 0.041668
76.680022 0.041666
76.721688 0.041667
76.763355 0.041667
76.805021 0.041666
76.846688 0.041667
76.888354 0.041666
76.930022 0.041668
76.971689 0.041666
77.013355 0.041666
77.055022 0.041667
77.096689 0.041667
77.138371 0.041682
77.180036 0.041665
77.221701 0.041666
77.263368 0.041666
77.305022 0.041655
77.346688 0.041666
77.388355 0.041667
77.430022 0.041667
77.471688 0.041666
77.513354 0.041666
77.555021 0.041667
77.596669 0.041648
77.638355 0.041685
77.680022 0.041668
77.721688 0.041665
77.763355 0.041667
77.805021 0.041666
77.846689 0.041667
77.888355 0.041666
77.930022 0.041667
77.971688 0.041666
78.013370 0.041682
78.055033 0.041663
78.096706 0.041673
78.138366 0.041661
78.180029 0.041663
78.221688 0.041659
78.263355 0.041668
78.305022 0.041667
78.346689 0.041666
78.388354 0.041665
78.430021 0.041667
78.471688 0.041667
78.513317 0.041629
78.555033 0.041716
78.596705 0.041672
78.638363 0.041657
78.680025 0.041662
78.721688 0.041663
78.763354 0.041666
78.805021 0.041667
78.846689 0.041668
78.888356 0.041667
78.930022 0.041666
78.971690 0.041668
79.013358 0.041668
79.055023 0.041666
79.096689 0.041665
79.138356 0.041667
79.180022 0.041666
79.221688 0.041666
79.263355 0.041667
79.305022 0.041666
79.346689 0.041667
79.388356 0.041666
79.430022 0.041666
79.471688 0.041666
79.513356 0.041667
79.555022 0.041666
79.596688 0.041666
79.638357 0.041669
79.680022 0.041665
79.721689 0.041667
79.763356 0.041668
79.805023 0.041666
79.846689 0.041667
79.888368 0.041678
79.930034 0.041667
79.971704 0.041669
80.013355 0.041651
80.055023 0.041668
80.096690 0.041667
80.138356 0.041667
80.180020 0.041664
80.221688 0.041668
80.263355 0.041667
80.305022 0.041667
80.346689 0.041667
80.388373 0.041684
80.430034 0.041661
80.471701 0.041667
80.513367 0.041666
80.555033 0.041666
80.596687 0.041655
80.638356 0.041668
80.680021 0.041666
80.721687 0.041666
80.763355 0.041667
80.805022 0.041667
80.846689 0.041668
80.888355 0.041666
80.930022 0.041667
80.971688 0.041667
81.013354 0.041666
81.055022 0.041668
81.096689 0.041667
81.138356 0.041667
81.180022 0.041666
81.221687 0.041666
81.263355 0.041668
81.305022 0.041666
81.346688 0.041666
81.388354 0.041666
81.430032 0.041678
81.471701 0.041669
81.513367 0.041666
81.555035 0.041668
81.596695 0.041660
81.638355 0.041660
81.680022 0.041667
81.721690 0.041667
81.763356 0.041667
81.805022 0.041666
81.846689 0.041667
81.888316 0.041627
81.930022 0.041706
81.971689 0.041667
82.013358 0.041669
82.055023 0.041665
82.096690 0.041667
82.138355 0.041665
82.180021 0.041665
82.221688 0.041667
82.263355 0.041667
82.305022 0.041667
82.346688 0.041666
82.388355 0.041666
82.430022 0.041668
82.471690 0.041667
82.513355 0.041666
82.555022 0.041667
82.596688 0.041666
82.638356 0.041668
82.680022 0.041665
82.721699 0.041677
82.763369 0.041671
82.805033 0.041663
82.846812 0.041779
82.888355 0.041543
82.930022 0.041667
82.971689 0.041668
83.013355 0.041665
83.055022 0.041668
83.096689 0.041666
83.138355 0.041667
83.180022 0.041667
83.221689 0.041667
83.263356 0.041667
83.305039 0.041683
83.346700 0.041661
83.388366 0.041666
83.430029 0.041663
83.471689 0.041661
83.513354 0.041665
83.555021 0.041667
83.596688 0.041667
83.638356 0.041668
83.680022 0.041666
83.721688 0.041667
83.763355 0.041667
83.805021 0.041666
83.846689 0.041667
83.888354 0.041665
83.930023 0.041669
83.971688 0.041665
84.013355 0.041667
84.055022 0.041667
84.096688 0.041666
84.138355 0.041666
84.180021 0.041667
84.221688 0.041666
84.263356 0.041668
84.305012 0.041656
84.346687 0.041676
84.388354 0.041667
84.430022 0.041668
84.471689 0.041667
84.513354 0.041665
84.555022 0.041669
84.596689 0.041667
84.638356 0.041667
84.680022 0.041666
84.721705 0.041682
84.763358 0.041653
84.805034 0.041676
84.846700 0.041666
84.888364 0.041664
84.930023 0.041659
84.971690 0.041667
85.013355 0.041665
85.055021 0.041666
85.096688 0.041666
85.138356 0.041668
85.180024 0.041668
85.221690 0.041666
85.263357 0.041667
85.305022 0.041666
85.346690 0.041668
85.388357 0.041667
85.430023 0.041667
85.471690 0.041666
85.513356 0.041666
85.555024 0.041668
85.596690 0.041666
85.638357 0.041667
85.680023 0.041666
85.721690 0.041667
85.763356 0.041666
85.805022 0.041666
85.846689 0.041668
85.890029 0.043340
85.930036 0.040007
85.971700 0.041664
86.013356 0.041657
86.055022 0.041666
86.096689 0.041667
86.138356 0.041667
86.180023 0.041667
86.221689 0.041666
86.263356 0.041667
86.305023 0.041667
86.346689 0.041666
86.388356 0.041667
86.430022 0.041666
86.471689 0.041667
86.513356 0.041667
86.555023 0.041667
86.596689 0.041666
86.638357 0.041668
86.680023 0.041666
86.721689 0.041667
86.763375 0.041685
86.805035 0.041661
86.846702 0.041666
86.888363 0.041661
86.930022 0.041660
86.971690 0.041668
87.013356 0.041666
87.055023 0.041667
87.096689 0.041666
87.138356 0.041667
87.180022 0.041665
87.221690 0.041668
87.263355 0.041666
87.305023 0.041668
87.346690 0.041666
87.388357 0.041667
87.430023 0.041667
87.471690 0.041666
87.513355 0.041666
87.555023 0.041668
87.596689 0.041666
87.638356 0.041667
87.680024 0.041668
87.721690 0.041666
87.763356 0.041667
87.805022 0.041666
87.846689 0.041667
87.888355 0.041666
87.930022 0.041667
87.971706 0.041684
88.013367 0.041661
88.055038 0.041671
88.096700 0.041662
88.138363 0.041663
88.180023 0.041660
88.221689 0.041666
88.263355 0.041666
88.305023 0.041668
88.346689 0.041666
88.388356 0.041666
88.430023 0.041667
88.471690 0.041667
88.513373 0.041683
88.555034 0.041660
88.596662 0.041629
88.638366 0.041704
88.680030 0.041664
88.721690 0.041660
88.763356 0.041666
88.805022 0.041667
88.846689 0.041667
88.888356 0.041667
88.930022 0.041666
88.971690 0.041668
89.013356 0.041666
89.055023 0.041667
89.096689 0.041666
89.138371 0.041681
89.180040 0.041670
89.221705 0.041664
89.263372 0.041668
89.305031 0.041659
89.346689 0.041658
89.388355 0.041666
89.430022 0.041667
89.471690 0.041668
89.513355 0.041666
89.555023 0.041667
89.596689 0.041666
89.638356 0.041667
89.680023 0.041667
89.721689 0.041666
89.763355 0.041666
89.805023 0.041668
89.846689 0.041667
89.888356 0.041667
89.930022 0.041666
89.971690 0.041668
90.013356 0.041667
90.055022 0.041666
90.096690 0.041668
90.138355 0.041665
90.180023 0.041668
90.221690 0.041666
90.263356 0.041667
90.305022 0.041666
90.346690 0.041668
90.388357 0.041667
90.430023 0.041666
90.471690 0.041667
90.513356 0.041665
90.555023 0.041668
90.596689 0.041666
90.638371 0.041682
90.680031 0.041660
90.721700 0.041669
90.763359 0.041658
90.805023 0.041664
90.846690 0.041667
90.888355 0.041665
90.930023 0.041668
90.971690 0.041667
91.013356 0.041666
91.055024 0.041667
91.096690 0.041666
91.138356 0.041666
91.180022 0.041666
91.221688 0.041665
91.263356 0.041668
91.305023 0.041667
91.346689 0.041666
91.388356 0.041667
91.430023 0.041666
91.471691 0.041668
91.513356 0.041665
91.555023 0.041667
91.596688 0.041665
91.638356 0.041668
91.680023 0.041667
91.721689 0.041666
91.763356 0.041667
91.805022 0.041666
91.846705 0.041682
91.888366 0.041661
91.930033 0.041667
91.971704 0.041672
92.013361 0.041657
92.055022 0.041661
92.096661 0.041639
92.138357 0.041696
92.180023 0.041666
92.221689 0.041666
92.263356 0.041667
92.305023 0.041667
92.346689 0.041666
92.388357 0.041668
92.430023 0.041666
92.471700 0.041678
92.513373 0.041672
92.555031 0.041659
92.596688 0.041657
92.638356 0.041668
92.680021 0.041665
92.721688 0.041667
92.763354 0.041666
92.805021 0.041667
92.846689 0.041668
92.888355 0.041666
92.930021 0.041666
92.971688 0.041667
93.013354 0.041665
93.055022 0.041668
93.096688 0.041666
93.138355 0.041667
93.180020 0.041665
93.221688 0.041667
93.263324 0.041637
93.305033 0.041709
93.346699 0.041666
93.388365 0.041666
93.430023 0.041658
93.471689 0.041666
93.513355 0.041666
93.555023 0.041668
93.596689 0.041666
93.638355 0.041666
93.680022 0.041666
93.721688 0.041667
93.763355 0.041667
93.805022 0.041667
93.846690 0.041668
93.888354 0.041664
93.930022 0.041668
93.971688 0.041666
94.013355 0.041666
94.055022 0.041668
94.096688 0.041666
94.138356 0.041668
94.180022 0.041666
94.221688 0.041666
94.263355 0.041666
94.305021 0.041667
94.346689 0.041667
94.388355 0.041666
94.430022 0.041668
94.471689 0.041667
94.513373 0.041683
94.555037 0.041664
94.596696 0.041659
94.638355 0.041660
94.680023 0.041668
94.721688 0.041665
94.763354 0.041666
94.805021 0.041667
94.846690 0.041669
94.888355 0.041665
94.930022 0.041667
94.971688 0.041666
95.013355 0.041667
95.055022 0.041666
95.096689 0.041667
95.138356 0.041667
95.180022 0.041666
95.221690 0.041668
95.263355 0.041665
95.305021 0.041666
95.346689 0.041667
95.388355 0.041666
95.430023 0.041668
95.471689 0.041667
95.513355 0.041666
95.555022 0.041667
95.596689 0.041667
95.638356 0.041667
95.680032 0.041676
95.721700 0.041668
95.763366 0.041666
95.805038 0.041672
95.846696 0.041658
95.888354 0.041658
95.930022 0.041668
95.971689 0.041666
96.013356 0.041668
96.055023 0.041667
96.096689 0.041666
96.138355 0.041667
96.180022 0.041666
96.221690 0.041668
96.263357 0.041667
96.305023 0.041666
96.346690 0.041667
96.388356 0.041666
96.430022 0.041666
96.471690 0.041668
96.513356 0.041666
96.555022 0.041666
96.596688 0.041666
96.638371 0.041683
96.680033 0.041661
96.721699 0.041666
96.763356 0.041658
96.805022 0.041665
96.846689 0.041668
96.888356 0.041667
96.930022 0.041666
96.971689 0.041667
97.013356 0.041667
97.055024 0.041667
97.096689 0.041666
97.138356 0.041667
97.180023 0.041667
97.221689 0.041666
97.263356 0.041666
97.305039 0.041683
97.346702 0.041663
97.388374 0.041672
97.430034 0.041659
97.471697 0.041663
97.513356 0.041660
97.555022 0.041666
97.596690 0.041667
97.638356 0.041666
97.680023 0.041667
97.721689 0.041665
97.763357 0.041668
97.805023 0.041666
97.846689 0.041667
97.888355 0.041666
97.930022 0.041667
97.971690 0.041668
98.013356 0.041666
98.055023 0.041667
98.096690 0.041667
98.138356 0.041666
98.180022 0.041666
98.221689 0.041666
98.263368 0.041680
98.305040 0.041672
98.346699 0.041659
98.388364 0.041664
98.430022 0.041658
98.471690 0.041668
98.513356 0.041667
98.555023 0.041667
98.596689 0.041666
98.638356 0.041667
98.680022 0.041666
98.721689 0.041667
98.763356 0.041667
98.805022 0.041667
98.846700 0.041678
98.888366 0.041666
98.930036 0.041670
98.971696 0.041660
99.013355 0.041659
99.055024 0.041669
99.096689 0.041666
99.138356 0.041667
99.180020 0.041663
99.221689 0.041669
99.263356 0.041667
99.305022 0.041666
99.346688 0.041666
99.388355 0.041667
99.430021 0.041666
99.471689 0.041668
99.513356 0.041666
99.555022 0.041666
99.596688 0.041667
99.638355 0.041667
99.680022 0.041667
99.721689 0.041666
99.763371 0.041682
99.805033 0.041662
99.846696 0.041663
99.888355 0.041659
99.930022 0.041667
99.971689 0.041667
100.013356 0.041667
100.055023 0.041667
100.096689 0.041666
100.138356 0.041667
100.180023 0.041667
100.221690 0.041667
100.263357 0.041667
100.305022 0.041665
100.346691 0.041669
100.388356 0.041665
100.430023 0.041667
100.471690 0.041667
100.513356 0.041666
100.555023 0.041666
100.596689 0.041667
100.638357 0.041667
100.686020 0.047663
100.721710 0.035690
100.763366 0.041656
100.805033 0.041667
100.846691 0.041658
100.888356 0.041665
100.930022 0.041666
100.971689 0.041667
101.013356 0.041667
101.055023 0.041667
101.096689 0.041665
101.138356 0.041667
101.180023 0.041667
101.221688 0.041666
101.263356 0.041668
101.305023 0.041667
101.346690 0.041666
101.388356 0.041666
101.430023 0.041667
101.471689 0.041666
101.513356 0.041667
101.555023 0.041667
101.596689 0.041667
101.638357 0.041667
101.680023 0.041666
101.721690 0.041667
101.763356 0.041667
101.805023 0.041667
101.846690 0.041667
101.888357 0.041667
101.930022 0.041666
101.971690 0.041667
102.013368 0.041679
102.055032 0.041663
102.096701 0.041669
102.138356 0.041655
102.180022 0.041666
102.221690 0.041667
102.263357 0.041667
102.305021 0.041664
102.346688 0.041667
102.388354 0.041667
102.430022 0.041668
102.471690 0.041668
102.518016 0.046327
102.555033 0.037016
102.596706 0.041673
102.638365 0.041660
102.680022 0.041657
102.721668 0.041647
102.763355 0.041686
102.805021 0.041667
102.846688 0.041667
102.888356 0.041667
102.930022 0.041667
102.971688 0.041666
103.013355 0.041666
103.055023 0.041669
103.096688 0.041664
103.138355 0.041667
103.180021 0.041666
103.221689 0.041667
103.263365 0.041677
103.305033 0.041667
103.346702 0.041670
103.388361 0.041659
103.430022 0.041661
103.471688 0.041666
103.513355 0.041666
103.555022 0.041667
103.596688 0.041666
103.638356 0.041668
103.680022 0.041667
103.721689 0.041667
103.763355 0.041666
103.805039 0.041684
103.846699 0.041661
103.888367 0.041668
103.930034 0.041667
103.971688 0.041654
104.013355 0.041667
104.055022 0.041667
104.096688 0.041666
104.138355 0.041667
104.180022 0.041667
104.221688 0.041666
104.263355 0.041667
104.305021 0.041666
104.346689 0.041667
104.388356 0.041667
104.430022 0.041666
104.471689 0.041668
104.513355 0.041665
104.555022 0.041667
104.596689 0.041667
104.638355 0.041667
104.680022 0.041666
104.721688 0.041666
104.763355 0.041667
104.805021 0.041666
104.846688 0.041667
104.888355 0.041667
104.930035 0.041680
104.971701 0.041665
105.013372 0.041671
105.055029 0.041657
105.096695 0.041666
105.138356 0.041661
105.180021 0.041665
105.221688 0.041667
105.263355 0.041667
105.305021 0.041666
105.346689 0.041668
105.388355 0.041666
105.430022 0.041667
105.471689 0.041668
105.513355 0.041666
105.555021 0.041666
105.596688 0.041666
105.638366 0.041678
105.680033 0.041667
105.721699 0.041666
105.763363 0.041664
105.805022 0.041659
105.846689 0.041667
105.888355 0.041666
105.930023 0.041668
105.971689 0.041666
106.013356 0.041666
106.055023 0.041668
106.096690 0.041666
106.138356 0.041666
106.180022 0.041666
106.221688 0.041667
106.263356 0.041667
106.305022 0.041666
106.346689 0.041667
106.388355 0.041666
106.430023 0.041668
106.471693 0.041670
106.513372 0.041680
106.555033 0.041661
106.596697 0.041664
106.638356 0.041659
106.680022 0.041666
106.721688 0.041665
106.763354 0.041667
106.805020 0.041666
106.846688 0.041668
106.888354 0.041666
106.930021 0.041666
106.971689 0.041668
107.013355 0.041666
107.055022 0.041667
107.096689 0.041667
107.138356 0.041667
107.180021 0.041665
107.221688 0.041667
107.263356 0.041668
107.305022 0.041666
107.346688 0.041666
107.388354 0.041666
107.430022 0.041668
107.471688 0.041666
107.513354 0.041666
107.555021 0.041667
107.596689 0.041668
107.642701 0.046012
107.680038 0.037337
107.721700 0.041662
107.763366 0.041667
107.805029 0.041663
107.846688 0.041659
107.888355 0.041667
107.930022 0.041667
107.971689 0.041667
108.013355 0.041666
108.055022 0.041667
108.096688 0.041666
108.138355 0.041668
108.180021 0.041666
108.221688 0.041667
108.263355 0.041667
108.305022 0.041666
108.346688 0.041666
108.388354 0.041666
108.430022 0.041668
108.471689 0.041667
108.513373 0.041684
108.555035 0.041661
108.596703 0.041668
108.638364 0.041661
108.680022 0.041658
108.721691 0.041668
108.763356 0.041665
108.805022 0.041667
108.846690 0.041667
108.888357 0.041667
108.930023 0.041666
108.971689 0.041666
109.013356 0.041667
109.055023 0.041668
109.096690 0.041666
109.138356 0.041666
109.180023 0.041667
109.221689 0.041666
109.263358 0.041669
109.304988 0.041630
109.346690 0.041702
109.388356 0.041666
109.430024 0.041667
109.471690 0.041666
109.513356 0.041667
109.555023 0.041666
109.596693 0.041670
109.638356 0.041663
109.680022 0.041666
109.721689 0.041667
109.763357 0.041668
109.805023 0.041666
109.846690 0.041667
109.888356 0.041667
109.930023 0.041667
109.971689 0.041666
110.013367 0.041678
110.055033 0.041666
110.096696 0.041663
110.138356 0.041660
110.180023 0.041667
110.221691 0.041667
110.263357 0.041667
110.305024 0.041667
110.346689 0.041665
110.388355 0.041666
110.430024 0.041669
110.471690 0.041666
110.513356 0.041666
110.555023 0.041667
110.596689 0.041666
110.638356 0.041667
110.680022 0.041666
110.721690 0.041667
110.763355 0.041666
110.805023 0.041668
110.846689 0.041666
110.888356 0.041667
110.930033 0.041677
110.971708 0.041675
111.013364 0.041656
111.055022 0.041658
111.096689 0.041667
111.138356 0.041666
111.180022 0.041667
111.221689 0.041667
111.263356 0.041667
111.305023 0.041667
111.346689 0.041666
111.388356 0.041667
111.430022 0.041667
111.471690 0.041668
111.513355 0.041665
111.555022 0.041667
111.596689 0.041666
111.638356 0.041667
111.680023 0.041667
111.721689 0.041667
111.763356 0.041666
111.805033 0.041677
111.846700 0.041667
111.888367 0.041667
111.930025 0.041658
111.971689 0.041664
112.013354 0.041665
112.055022 0.041667
112.096689 0.041667
112.138355 0.041666
112.180021 0.041666
112.221687 0.041666
112.263355 0.041668
112.305033 0.041678
112.346699 0.041666
112.388366 0.041667
112.430033 0.041666
112.471691 0.041658
112.513355 0.041664
112.555022 0.041667
112.596687 0.041665
112.638355 0.041668
112.680021 0.041666
112.721689 0.041667
112.763355 0.041666
112.805021 0.041666
112.846687 0.041666
112.888357 0.041670
112.930022 0.041665
112.971689 0.041667
113.013372 0.041682
113.055036 0.041665
113.096699 0.041662
113.138356 0.041657
113.180022 0.041666
113.221689 0.041668
113.263356 0.041667
113.305022 0.041667
113.346689 0.041666
113.388356 0.041668
113.430022 0.041666
113.471689 0.041667
113.513354 0.041665
113.555023 0.041668
113.596689 0.041666
113.638356 0.041667
113.680022 0.041666
113.721688 0.041666
113.763373 0.041685
113.805034 0.041661
113.846703 0.041670
113.888368 0.041664
113.930024 0.041657
113.971688 0.041664
114.013356 0.041667
114.055021 0.041665
114.096687 0.041667
114.138355 0.041667
114.180022 0.041667
114.221687 0.041665
114.263355 0.041668
114.305021 0.041666
114.346688 0.041667
114.388356 0.041668
114.430022 0.041666
114.471689 0.041667
114.513355 0.041666
114.555023 0.041668
114.596688 0.041665
114.638355 0.041667
114.680023 0.041667
114.721690 0.041667
114.763355 0.041665
114.805022 0.041667
114.846690 0.041668
114.888356 0.041666
114.930023 0.041667
114.971704 0.041681
115.013373 0.041669
115.055036 0.041664
115.096699 0.041663
115.138355 0.041657
115.180022 0.041667
115.221688 0.041665
115.263355 0.041667
115.305022 0.041667
115.346688 0.041666
115.388355 0.041666
115.430021 0.041667
115.471688 0.041667
115.513366 0.041677
115.555036 0.041670
115.596695 0.041659
115.638355 0.041660
115.680022 0.041666
115.721689 0.041667
115.763355 0.041667
115.805022 0.041666
115.846651 0.041630
115.888355 0.041704
115.930023 0.041668
115.971689 0.041666
116.013356 0.041667
116.055022 0.041666
116.096690 0.041668
116.138355 0.041665
116.180023 0.041668
116.221688 0.041665
116.263356 0.041668
116.305024 0.041668
116.346689 0.041665
116.388354 0.041665
116.430022 0.041668
116.471969 0.041947
116.513356 0.041387
116.555021 0.041665
116.596688 0.041667
116.638356 0.041668
116.680023 0.041668
116.721689 0.041666
116.763356 0.041666
116.808851 0.045496
116.846699 0.037848
116.888366 0.041667
116.930033 0.041666
116.971697 0.041664
117.013355 0.041658
117.055021 0.041666
117.096689 0.041668
117.138356 0.041667
117.180022 0.041666
117.221690 0.041668
117.263356 0.041666
117.305022 0.041667
117.346688 0.041665
117.388356 0.041669
117.430022 0.041666
117.471689 0.041667
117.513355 0.041666
117.555021 0.041666
117.596689 0.041667
117.638356 0.041667
117.680022 0.041667
117.721689 0.041666
117.763355 0.041667
117.805022 0.041666
117.846688 0.041667
117.888355 0.041667
117.930021 0.041666
117.971689 0.041668
118.013356 0.041667
118.055022 0.041666
118.096689 0.041667
118.138355 0.041667
118.180022 0.041667
118.221688 0.041666
118.263366 0.041678
118.305039 0.041673
118.346691 0.041652
118.388355 0.041664
118.430022 0.041667
118.471690 0.041668
118.513356 0.041666
118.555021 0.041665
118.596688 0.041667
118.638356 0.041668
118.680023 0.041667
118.721688 0.041666
118.763356 0.041668
118.805023 0.041667
118.846689 0.041666
118.888355 0.041666
118.930022 0.041667
118.971704 0.041682
119.013370 0.041667
119.055029 0.041658
119.096688 0.041659
119.138355 0.041667
119.180022 0.041667
119.221689 0.041666
119.263355 0.041666
119.305022 0.041667
119.346688 0.041666
119.388354 0.041666
119.430022 0.041668
119.471690 0.041667
119.513355 0.041665
119.555021 0.041667
119.596688 0.041667
119.638355 0.041667
119.680022 0.041667
119.721689 0.041667
119.763356 0.041667
119.805021 0.041666
119.846688 0.041667
119.888355 0.041667
119.930022 0.041667
119.971688 0.041666
120.013356 0.041668
120.055020 0.041665
120.096689 0.041668
120.138354 0.041666
120.180022 0.041667
120.221688 0.041667
120.263356 0.041667
120.305023 0.041668
120.346689 0.041666
120.388355 0.041666
120.430034 0.041679
120.471700 0.041666
120.513362 0.041662
120.555023 0.041662
120.596689 0.041666
120.638356 0.041667
120.680024 0.041668
120.721690 0.041666
120.763355 0.041665
120.805022 0.041666
120.846689 0.041668
120.888355 0.041666
120.930022 0.041667
120.971689 0.041667
121.013357 0.041668
121.055022 0.041665
121.096689 0.041667
121.138355 0.041666
121.180022 0.041666
121.221689 0.041667
121.263357 0.041668
121.305023 0.041666
121.346689 0.041666
121.388356 0.041668
121.430023 0.041666
121.471690 0.041668
121.513355 0.041665
121.555023 0.041668
121.596689 0.041666
121.638356 0.041667
121.680022 0.041666
121.721689 0.041667
121.763367 0.041678
121.805038 0.041672
121.846700 0.041661
121.888361 0.041661
121.930022 0.041662
121.971687 0.041665
122.013355 0.041667
122.055022 0.041667
122.096689 0.041667
122.138355 0.041666
122.180021 0.041666
122.221688 0.041667
122.263355 0.041667
122.305022 0.041667
122.346688 0.041665
122.388355 0.041667
122.430021 0.041666
122.471690 0.041669
122.513356 0.041665
122.555021 0.041666
122.596689 0.041668
122.638356 0.041667
122.680033 0.041677
122.721701 0.041668
122.763369 0.041668
122.804996 0.041627
122.846683 0.041686
122.888356 0.041673
122.930022 0.041666
122.971689 0.041667
123.013356 0.041666
123.055023 0.041667
123.096690 0.041667
123.138356 0.041665
123.180022 0.041666
123.221688 0.041666
123.263356 0.041668
123.305022 0.041667
123.346688 0.041666
123.388355 0.041667
123.430022 0.041667
123.471691 0.041669
123.513355 0.041665
123.555021 0.041666
123.596687 0.041666
123.638355 0.041668
123.680031 0.041676
123.721700 0.041669
123.763369 0.041669
123.805038 0.041669
123.846688 0.041650
123.888355 0.041667
123.930022 0.041666
123.971689 0.041667
124.013354 0.041665
124.055022 0.041668
124.096689 0.041667
124.138356 0.041667
124.180021 0.041666
124.221689 0.041667
124.263355 0.041666
124.305021 0.041666
124.346689 0.041668
124.388355 0.041666
124.430022 0.041667
124.471689 0.041667
124.513356 0.041667
124.555021 0.041666
124.596688 0.041666
124.638368 0.041680
124.680037 0.041670
124.721700 0.041663
124.763367 0.041667
124.805022 0.041654
124.846688 0.041666
124.888356 0.041668
124.930022 0.041666
124.971689 0.041667
125.013356 0.041666
125.055022 0.041666
125.096690 0.041668
125.138356 0.041667
125.180023 0.041667
125.221689 0.041666
125.263356 0.041666
125.305025 0.041669
125.346689 0.041664
125.388356 0.041667
125.430024 0.041668
125.471690 0.041666
125.513356 0.041666
125.555022 0.041666
125.596689 0.041668
125.638369 0.041679
125.680035 0.041667
125.721701 0.041665
125.763369 0.041669
125.805030 0.041660
125.846691 0.041662
125.888356 0.041664
125.930022 0.041666
125.971687 0.041666
