0.000000 0.011068
0.000000 0.005520
0.000000 0.008448
0.000000 0.009152
0.000000 0.007993
0.000000 0.006722
0.000000 0.004866
0.008003 0.005652
0.008003 0.005638
0.008184 0.005673
0.008507 0.005749
0.007924 0.005748
0.007924 0.005747
0.007170 0.005032
0.006816 0.005804
0.006553 0.005970
0.006363 0.005702
0.006233 0.005728
0.006133 0.005664
0.006055 0.005645
0.005850 0.005685
0.005841 0.005675
0.005866 0.005139
0.005834 0.005686
0.005813 0.004338
0.005784 0.005764
0.005758 0.005703
0.005744 0.005662
0.005730 0.005788
0.005617 0.005686
0.005630 0.005673
0.005383 0.004995
0.005456 0.005748
0.005503 0.004444
0.005533 0.005690
0.005582 0.006509
0.005602 0.006483
0.005615 0.006669
0.005497 0.006495
0.005545 0.006532
0.005336 0.005832
0.005403 0.006460
0.005613 0.005138
0.005779 0.006508
0.005948 0.006504
0.006052 0.006457
0.006143 0.006552
0.006084 0.006433
0.006156 0.006547
0.005962 0.005242
0.006066 0.006484
0.006149 0.005131
0.006208 0.006510
0.006273 0.006463
0.006303 0.006404
0.006350 0.006551
0.006139 0.006479
0.006205 0.006551
0.006001 0.005822
0.006097 0.006474
0.006167 0.005182
0.006212 0.006505
0.006276 0.006418
0.006315 0.006404
0.006360 0.006484
0.006258 0.006413
0.006299 0.006482
0.006087 0.005792
0.006166 0.006547
0.006214 0.005084
0.006250 0.006481
0.006294 0.006441
0.006317 0.006467
0.006348 0.006674
0.006243 0.006478
0.006300 0.006559
0.006069 0.005014
0.006148 0.006445
0.006203 0.004871
0.006253 0.003859
0.006333 0.004112
0.006361 0.004459
0.006398 0.004179
0.006135 0.004538
0.006194 0.006507
0.005943 0.005798
0.005547 0.006447
0.005274 0.005062
0.005120 0.006384
0.004941 0.006553
0.004864 0.006461
0.005176 0.006507
0.005294 0.006444
0.005513 0.006462
0.005428 0.005852
0.005609 0.006373
0.005789 0.005043
0.005916 0.006456
0.006029 0.006630
0.006108 0.006448
0.006175 0.007032
0.006114 0.005712
0.006163 0.005607
0.005950 0.004970
0.006046 0.005646
0.006157 0.004480
0.006212 0.004824
0.006368 0.004990
0.006244 0.004894
0.006123 0.006826
0.005904 0.013890
0.005855 0.010571
0.005594 0.007866
0.005447 0.006739
0.005361 0.017638
0.005272 0.007740
0.005567 0.017497
0.007148 0.021695
0.007799 0.008022
0.007811 0.027248
0.007608 0.008749
0.009514 0.009135
0.009176 0.019991
0.010757 0.025480
0.012836 0.020172
0.011921 0.025317
0.014833 0.008939
0.013677 0.024379
0.012814 0.009389
0.014178 0.010364
0.016325 0.025600
0.017056 0.012870
0.018626 0.008741
0.016785 0.008390
0.018228 0.020417
0.016549 0.008411
0.015374 0.015963
0.017317 0.023123
0.016472 0.013531
0.015003 0.010566
0.013746 0.010948
0.015014 0.027310
0.013759 0.014233
0.014178 0.009990
0.015878 0.010700
0.015432 0.023476
0.014507 0.011625
0.013831 0.011382
0.016392 0.020002
0.015982 0.008445
0.014843 0.023627
0.014056 0.012260
0.015846 0.009900
0.015044 0.008827
0.014348 0.022887
0.015422 0.014386
0.014097 0.008844
0.015907 0.010878
0.015214 0.018054
0.014205 0.014724
0.013183 0.009876
0.015027 0.008974
0.014905 0.012420
0.013753 0.015888
0.013207 0.010834
0.014128 0.028656
0.014241 0.019274
0.013412 0.017147
0.012569 0.013167
0.012540 0.013552
0.013176 0.020995
0.012731 0.017521
0.015757 0.013859
0.016425 0.013462
0.016562 0.017695
0.015917 0.013913
0.015468 0.013085
0.016518 0.017745
0.016709 0.013664
0.016167 0.011491
0.015653 0.011477
0.016041 0.015235
0.015637 0.013567
0.015152 0.016310
0.015645 0.013816
0.015268 0.016048
0.014551 0.013655
0.013967 0.011323
0.014208 0.015746
0.014086 0.012564
0.014509 0.011220
0.014377 0.012404
0.014694 0.011076
0.014497 0.012075
0.013894 0.011048
0.014246 0.012154
0.013926 0.010919
0.013412 0.011183
0.013220 0.014413
0.012813 0.011574
0.012673 0.013557
0.012364 0.013881
0.012324 0.011619
0.012057 0.013216
0.011891 0.011060
0.012370 0.012268
0.012219 0.012538
0.012473 0.011821
0.012741 0.011977
0.012528 0.013060
0.012658 0.012271
0.012355 0.013576
0.012338 0.011651
0.012376 0.012003
0.012271 0.011841
0.012215 0.012988
0.012376 0.010996
0.012356 0.011809
0.012588 0.010561
0.012410 0.014427
0.012332 0.017942
0.012239 0.015327
0.012381 0.017174
0.012118 0.017896
0.012059 0.014351
0.011775 0.020034
0.012279 0.017033
0.013355 0.015019
0.013729 0.019046
0.014384 0.018528
0.015051 0.014388
0.014918 0.015208
0.015890 0.016388
0.016107 0.017928
0.015901 0.014097
0.016498 0.018199
0.016884 0.018318
0.016410 0.016593
0.016181 0.019438
0.016220 0.016923
0.016545 0.015985
0.016080 0.019029
0.016482 0.016800
0.016831 0.014614
0.016786 0.017255
0.017290 0.020844
0.017220 0.018425
0.016986 0.018693
0.017374 0.016529
0.017265 0.015494
0.016761 0.019587
0.016855 0.021017
0.017613 0.016386
0.017767 0.017797
0.017943 0.006665
0.017674 0.004742
0.017260 0.018723
0.017702 0.017639
0.018332 0.005876
0.017962 0.007080
0.017931 0.005347
0.015790 0.008560
0.013691 0.011359
0.014647 0.013087
0.015216 0.015769
0.013441 0.016094
0.012232 0.018321
0.010924 0.013748
0.010475 0.012703
0.010643 0.010672
0.011107 0.011151
0.011993 0.011885
0.012772 0.010863
0.013826 0.010914
0.013812 0.011380
0.013601 0.014851
0.013044 0.012331
0.012685 0.012486
0.012533 0.016830
0.012215 0.014656
0.011968 0.011617
0.011856 0.011585
0.012425 0.016761
0.012407 0.014554
0.012422 0.011385
0.013260 0.011794
0.013525 0.016304
0.013162 0.014644
0.012863 0.012207
0.013603 0.011952
0.013784 0.015006
0.013328 0.014463
0.013037 0.011389
0.013658 0.011895
0.013845 0.011725
0.013534 0.053792
0.013233 0.033502
0.013570 0.019445
0.013740 0.014245
0.013293 0.012942
0.013028 0.012600
0.012780 0.012601
0.020572 0.030768
0.023029 0.016936
0.022348 0.010086
0.020808 0.011806
0.019314 0.031149
0.018038 0.017194
0.017005 0.009920
0.019620 0.012084
0.019110 0.031442
0.017395 0.016733
0.016333 0.010226
0.019148 0.012096
0.018777 0.028834
0.017094 0.016751
0.016142 0.009505
0.019049 0.012533
0.018609 0.028575
0.017016 0.016887
0.016081 0.010341
0.018504 0.012008
0.018171 0.028401
0.016525 0.017851
0.015766 0.010623
0.018200 0.012916
0.017951 0.024162
0.016505 0.016796
0.015650 0.009729
0.018073 0.011373
0.018031 0.013556
0.016623 0.018785
0.015919 0.010694
0.017485 0.012994
0.017354 0.014881
0.015905 0.014014
0.015044 0.012081
0.014762 0.012557
0.015526 0.015969
0.014608 0.014738
0.014301 0.012513
0.014412 0.012511
0.014336 0.016322
0.013908 0.014558
0.013651 0.012551
0.014091 0.011797
0.014214 0.016044
0.013891 0.014113
0.013629 0.011748
0.014141 0.012396
0.014220 0.015413
0.013903 0.014219
0.013503 0.012174
0.013986 0.012477
0.014010 0.015146
0.013580 0.014844
0.013355 0.012667
0.013746 0.012871
0.013836 0.013890
0.013520 0.012978
0.013322 0.015493
0.013668 0.010541
0.013892 0.013072
0.013659 0.016416
0.013509 0.012342
0.013582 0.016107
0.013467 0.011994
0.013852 0.015528
0.013223 0.012487
0.013194 0.014875
0.013806 0.012850
0.013528 0.012558
0.014018 0.012994
0.013633 0.010462
0.013993 0.012269
0.013707 0.011330
0.013929 0.011908
0.013724 0.011635
0.013502 0.011135
0.013406 0.012011
0.012847 0.012716
0.012737 0.011669
0.012470 0.013452
0.012363 0.011975
0.012225 0.013506
0.012018 0.012228
0.012016 0.013719
0.012149 0.012129
0.012058 0.012886
0.012323 0.012289
0.012257 0.013240
0.012494 0.012407
0.012443 0.012139
0.012686 0.011905
0.012580 0.012808
0.012638 0.012165
0.012572 0.012855
0.012699 0.012170
0.012643 0.013906
0.012547 0.013120
0.012425 0.013310
0.012498 0.012972
0.012435 0.014495
0.012514 0.013235
0.012449 0.013213
0.012726 0.011521
0.012801 0.014204
0.012897 0.012647
0.012912 0.013561
0.013212 0.020291
0.013217 0.020155
0.013216 0.026156
0.012894 0.025013
0.013143 0.027368
0.013049 0.030815
0.013146 0.011687
0.014504 0.028265
0.015577 0.012948
0.017587 0.012548
0.018998 0.011450
0.020588 0.022731
0.022531 0.015566
0.020471 0.012894
0.021952 0.013420
0.020241 0.011105
0.018779 0.011686
0.017387 0.013228
0.018402 0.013033
0.017863 0.008824
0.016919 0.009248
0.016254 0.013328
0.015276 0.012194
0.014594 0.014782
0.014335 0.014736
0.014087 0.012506
0.013087 0.012892
0.012358 0.015194
0.012542 0.015389
0.012476 0.012529
0.012914 0.012788
0.013260 0.015182
0.013117 0.015356
0.013074 0.012592
0.013477 0.013366
0.013840 0.015415
0.013591 0.015644
0.013439 0.012876
0.013770 0.013105
0.014071 0.014935
0.013790 0.015636
0.013710 0.013255
0.014034 0.013286
0.014339 0.014009
0.014061 0.015707
0.013880 0.013629
0.014080 0.014097
0.014376 0.013530
0.014163 0.014077
0.013996 0.013298
0.013999 0.013417
0.014323 0.013422
0.014192 0.014360
0.014174 0.013348
0.014051 0.013073
0.014056 0.011311
0.013912 0.013305
0.013818 0.012688
0.013743 0.011473
0.013860 0.012215
0.013763 0.011137
0.013632 0.012969
0.013191 0.011399
0.013213 0.011761
0.013113 0.011374
0.012801 0.011062
0.012690 0.011268
0.012395 0.011459
0.012504 0.010926
0.012294 0.011197
0.012193 0.011322
0.012037 0.011826
0.011852 0.014519
0.011741 0.016277
0.011687 0.015297
0.011543 0.018154
0.011477 0.017111
0.011447 0.016471
0.011519 0.018254
0.012089 0.014771
0.012885 0.018335
0.013343 0.018811
0.014257 0.015261
0.014799 0.018427
0.015117 0.011680
0.015713 0.012163
0.015534 0.015641
0.016066 0.011649
0.016588 0.014083
0.016336 0.013849
0.016733 0.012013
0.015773 0.011826
0.015087 0.013852
0.015192 0.011831
0.014519 0.013912
0.014436 0.014613
0.014325 0.012258
0.013885 0.012068
0.013494 0.014150
0.013562 0.012228
0.013233 0.014303
0.013362 0.014297
0.013600 0.011997
0.013345 0.012204
0.013102 0.014805
0.013301 0.014740
0.013097 0.012534
0.013326 0.011758
0.013511 0.013664
0.013223 0.012153
0.013030 0.012820
0.013367 0.011881
0.013628 0.017346
0.013420 0.014459
0.013104 0.015815
0.013211 0.013318
0.013010 0.013665
0.012974 0.018679
0.012766 0.016843
0.013636 0.012928
0.013793 0.013199
0.014177 0.018691
0.014014 0.017823
0.013948 0.013285
0.014846 0.014441
0.015226 0.018432
0.014789 0.018340
0.014487 0.014578
0.015286 0.014457
0.015768 0.017275
0.015296 0.018493
0.015134 0.014479
0.015760 0.014131
0.016251 0.016015
0.015933 0.013759
0.015652 0.013070
0.015961 0.022101
0.016442 0.019174
0.016069 0.020985
0.015701 0.019553
0.015760 0.019445
0.015380 0.020515
0.014941 0.021516
0.016302 0.019447
0.016847 0.019546
0.017634 0.020109
0.017998 0.019510
0.018273 0.021084
0.018699 0.021772
0.019234 0.019628
0.019275 0.019538
0.019326 0.020621
0.019475 0.021108
0.019482 0.019110
0.019786 0.018865
0.020163 0.015750
0.020062 0.020250
0.019962 0.018506
0.020087 0.017132
0.020281 0.013885
0.020059 0.012968
0.019832 0.017914
0.019056 0.015665
0.019283 0.013406
0.019135 0.016265
0.018755 0.016376
0.017830 0.013925
0.016906 0.017736
0.017097 0.017478
0.016825 0.017456
0.016176 0.016917
0.016193 0.016639
0.016227 0.015316
0.015790 0.017043
0.016160 0.014294
0.016410 0.018885
0.016609 0.016193
0.016667 0.016402
0.016662 0.012549
0.016406 0.015372
0.016527 0.013155
0.016103 0.016326
0.016632 0.013634
0.016548 0.014323
0.016521 0.012871
0.015766 0.011551
0.015691 0.011993
0.015209 0.013443
0.015421 0.012635
0.015082 0.013386
0.014938 0.012736
0.014545 0.012846
0.013976 0.014108
0.013599 0.014465
0.013570 0.013776
0.013392 0.013609
0.013391 0.012515
0.013266 0.013042
0.013187 0.013139
0.013362 0.015145
0.013571 0.012880
0.013610 0.012962
0.013610 0.013705
0.013402 0.011688
0.013333 0.012927
0.013297 0.012485
0.013648 0.012932
0.013502 0.012425
0.013399 0.011352
0.013457 0.012627
0.013121 0.012118
0.013084 0.012855
0.012970 0.012403
0.012963 0.011984
0.012861 0.012254
0.012574 0.013925
0.012584 0.013714
0.012496 0.013224
0.012564 0.012373
0.012533 0.013374
0.012429 0.014621
0.012396 0.011715
0.012686 0.011154
0.012882 0.014465
0.012947 0.013760
0.012838 0.010596
0.012939 0.010109
0.013259 0.015363
0.012966 0.013129
0.012621 0.009958
0.012972 0.009694
0.013121 0.015350
0.012642 0.011415
0.012161 0.009402
0.012769 0.009433
0.012837 0.015441
0.012290 0.011265
0.011797 0.009029
0.012472 0.009499
0.012271 0.014484
0.011726 0.011181
0.011290 0.008458
0.012079 0.008896
0.011924 0.007208
0.011374 0.004690
0.011018 0.008830
0.011677 0.004609
0.011582 0.006447
0.010989 0.006486
0.010591 0.007878
0.009948 0.006047
0.008949 0.005300
0.008926 0.008731
0.008106 0.009258
0.007791 0.010182
0.007543 0.011159
0.007607 0.012656
0.007310 0.013329
0.006928 0.015417
0.007271 0.016739
0.007648 0.016051
0.008130 0.015916
0.008705 0.015292
0.009456 0.015477
0.010192 0.016135
0.011184 0.013751
0.012240 0.015172
0.012964 0.015583
0.013525 0.013794
0.013861 0.015233
0.014168 0.017165
0.014542 0.013538
0.014391 0.013354
0.014540 0.014379
0.014738 0.013134
0.014558 0.015320
0.014687 0.013580
0.015158 0.015738
0.014850 0.013643
0.014566 0.014787
0.014530 0.015607
0.014265 0.012551
0.014465 0.012765
0.014297 0.014057
0.014571 0.012743
0.014395 0.025495
0.014469 0.019105
0.014685 0.015482
0.014280 0.015550
0.013992 0.021645
0.014004 0.016181
0.013765 0.015732
0.015993 0.026799
0.016585 0.018094
0.016375 0.015514
0.016218 0.014176
0.017249 0.023259
0.017046 0.017574
0.016797 0.014767
0.018697 0.014624
0.018583 0.022557
0.018000 0.017624
0.017273 0.014385
0.018411 0.015005
0.018252 0.022947
0.017590 0.017451
0.017026 0.014912
0.018077 0.014858
0.017991 0.022426
0.017306 0.017397
0.016869 0.015372
0.018024 0.014638
0.017915 0.019278
0.017344 0.017384
0.016872 0.014320
0.017927 0.015193
0.017826 0.022388
0.017360 0.014068
0.016843 0.013643
0.017306 0.010543
0.017321 0.010588
0.016750 0.010440
0.016455 0.016923
0.017582 0.009693
0.016914 0.016811
0.016293 0.009482
0.015200 0.018118
0.014324 0.009130
0.013586 0.016206
0.014220 0.009368
0.013360 0.020083
0.014016 0.013140
0.013154 0.010755
0.014097 0.010490
0.013153 0.018130
0.013734 0.009321
0.012904 0.017101
0.014268 0.009124
0.014054 0.016399
0.013427 0.010478
0.012869 0.018157
0.013868 0.010456
0.013004 0.018501
0.013783 0.012573
0.012898 0.010826
0.013563 0.010828
0.012977 0.014066
0.013961 0.013035
0.013295 0.010848
0.014284 0.011145
0.013959 0.011190
0.013364 0.011163
0.012882 0.010510
0.013107 0.009992
0.013093 0.013446
0.012667 0.011823
0.012378 0.012442
0.012152 0.014390
0.011964 0.013899
0.011688 0.011416
0.011366 0.011379
0.011761 0.014285
0.011773 0.013320
0.011900 0.010959
0.012373 0.010494
0.012663 0.014115
0.012426 0.010249
0.012227 0.013811
0.012618 0.013346
0.012751 0.010585
0.012411 0.011787
0.012047 0.014081
0.012440 0.014432
0.012023 0.011733
0.012363 0.010996
0.012550 0.011677
0.012176 0.014316
0.012102 0.009845
0.012478 0.012554
0.012850 0.013368
0.012637 0.015308
0.012326 0.013027
0.012202 0.013109
0.012604 0.013708
0.012080 0.011926
0.012170 0.011849
0.012398 0.013606
0.012951 0.013978
0.012965 0.013896
0.012992 0.011810
0.013129 0.012601
0.012900 0.014904
0.012700 0.013983
0.012872 0.011610
0.013082 0.011449
0.013237 0.013931
0.012966 0.014421
0.012896 0.013076
0.013278 0.012515
0.013412 0.013939
0.013069 0.016558
0.012762 0.012748
0.012984 0.013297
0.013257 0.014950
0.013223 0.012808
0.013088 0.013711
0.013250 0.011223
0.013878 0.014442
0.013664 0.014284
0.013594 0.012077
0.013852 0.012175
0.013653 0.013278
0.013664 0.013967
0.013201 0.013250
0.013436 0.012613
0.013598 0.014592
0.013309 0.015031
0.013093 0.014529
0.013128 0.015565
0.013288 0.014168
0.013280 0.016770
0.013154 0.013836
0.013427 0.013851
0.013732 0.012903
0.013883 0.015246
0.014203 0.013116
0.014196 0.014006
0.014685 0.012697
0.014524 0.012877
0.014396 0.012486
0.014112 0.014347
0.014328 0.012646
0.014098 0.012289
0.014080 0.012883
0.013817 0.013314
0.013639 0.011796
0.013420 0.015628
0.013596 0.013207
0.013415 0.013926
0.013202 0.012068
0.013141 0.014867
0.013174 0.011646
0.012912 0.013030
0.013428 0.014446
0.013386 0.014531
0.013489 0.011800
0.013219 0.011819
0.013532 0.013683
0.013174 0.012196
0.013146 0.013774
0.013393 0.013981
0.013609 0.012841
0.013266 0.013822
0.012991 0.014691
0.013122 0.014555
0.012946 0.013452
0.013104 0.012908
0.013270 0.014984
0.013189 0.015115
0.013309 0.011657
0.013572 0.012707
0.013758 0.013920
0.013700 0.014233
0.013550 0.012609
0.013822 0.023427
0.014068 0.012616
0.013610 0.010486
0.013438 0.013847
0.013530 0.010556
0.013663 0.013793
0.013463 0.010907
0.015356 0.014222
0.014836 0.010234
0.014009 0.014940
0.013978 0.011118
0.013328 0.015067
0.013417 0.010440
0.012940 0.014096
0.013183 0.010669
0.012623 0.013863
0.013063 0.010842
0.012694 0.015703
0.013144 0.012904
0.012631 0.011268
0.012909 0.011154
0.012483 0.015285
0.012746 0.013284
0.012384 0.011499
0.013015 0.011666
0.012994 0.010677
0.012666 0.011424
0.012379 0.016423
0.012931 0.013322
0.012998 0.012418
0.012713 0.010706
0.012514 0.011331
0.012165 0.014307
0.012024 0.012638
0.012860 0.010938
0.012948 0.010355
0.012847 0.013542
0.012440 0.011813
0.012230 0.009845
0.012624 0.009711
0.012627 0.014011
0.012306 0.012610
0.011935 0.009723
0.012241 0.010688
0.012159 0.011270
0.011720 0.012291
0.011338 0.010436
0.011846 0.010092
0.011991 0.015516
0.011560 0.011513
0.011394 0.010164
0.011371 0.008616
0.011546 0.008564
0.011335 0.013129
0.011099 0.010718
0.011938 0.008621
0.011857 0.008675
0.011536 0.012853
0.010981 0.010974
0.010522 0.008520
0.011017 0.008387
0.010960 0.013527
0.010516 0.011596
0.010166 0.008776
0.010676 0.009762
0.010733 0.012219
0.010313 0.010619
0.009947 0.008917
0.010627 0.008919
0.010811 0.011932
0.010424 0.011414
0.010299 0.008796
0.010664 0.009168
0.010655 0.012160
0.010325 0.009033
0.010058 0.008732
0.010414 0.012716
0.010604 0.014344
0.010260 0.013274
0.010053 0.014017
0.010453 0.015230
0.010183 0.015902
0.009908 0.013194
0.010441 0.013117
0.011183 0.016420
0.011580 0.016617
0.012043 0.013608
0.012649 0.013351
0.013267 0.016016
0.013253 0.018369
0.013227 0.015183
0.013834 0.015741
0.014362 0.013742
0.014219 0.013089
0.014054 0.012045
0.014427 0.010881
0.015176 0.007782
0.015177 0.009816
0.015284 0.013363
0.014991 0.012621
0.014630 0.010871
0.014139 0.010587
0.013520 0.012581
0.012430 0.013871
0.011933 0.011140
0.012205 0.012432
0.012284 0.011351
0.012015 0.013707
0.011744 0.011907
0.011903 0.012593
0.012277 0.010216
0.012061 0.012289
0.012131 0.012574
0.011983 0.010212
0.012311 0.012109
0.012234 0.011080
0.012302 0.012779
0.011906 0.013711
0.011979 0.012487
0.012092 0.013489
0.011735 0.012845
0.011806 0.012617
0.011668 0.013030
0.011879 0.012104
0.012227 0.013007
0.012277 0.014383
0.012507 0.012454
0.012571 0.012667
0.012580 0.010289
0.012665 0.009849
0.012559 0.012066
0.012644 0.010092
0.012974 0.009928
0.012876 0.009999
0.012836 0.010337
0.012352 0.012357
0.011877 0.010702
0.011913 0.010463
0.011567 0.011941
0.011255 0.010433
0.011017 0.011597
0.010888 0.009743
0.011167 0.008862
0.011078 0.009531
0.010962 0.009290
0.011148 0.009287
0.011012 0.009902
0.011123 0.008682
0.010861 0.008793
0.010481 0.005072
0.010300 0.003884
0.010108 0.003855
0.009952 0.003803
0.009943 0.005701
0.009703 0.005615
0.009530 0.005875
0.008683 0.004580
0.007772 0.008387
0.007027 0.008041
0.006415 0.010234
0.006279 0.009247
0.006153 0.012511
0.006100 0.011594
0.005811 0.014494
0.006301 0.015819
0.006631 0.012609
0.007316 0.011967
0.007683 0.014623
0.008600 0.011554
0.009169 0.009293
0.010181 0.010531
0.011252 0.015424
0.011510 0.012627
0.011597 0.010741
0.012172 0.010516
0.012054 0.014956
0.011530 0.012783
0.011340 0.010807
0.012116 0.010542
0.012213 0.012732
0.011933 0.009799
0.011664 0.011675
0.012289 0.012492
0.012383 0.010228
0.012084 0.010726
0.011791 0.014179
0.011970 0.012870
0.011557 0.011184
0.011580 0.009060
0.011753 0.008970
0.011463 0.013845
0.011323 0.011541
0.011866 0.008924
0.012057 0.008877
0.011891 0.014150
0.011353 0.011638
0.010900 0.008887
0.011460 0.009047
0.011475 0.014279
0.010990 0.011653
0.010589 0.009217
0.011265 0.009299
0.011336 0.014999
0.010871 0.011510
0.010524 0.009292
0.011238 0.008782
0.011317 0.013660
0.010918 0.010537
0.010610 0.008300
0.011444 0.009541
0.011457 0.014367
0.011045 0.012117
0.010615 0.009234
0.011194 0.009078
0.011069 0.013080
0.010543 0.008926
0.010352 0.013615
0.011115 0.011331
0.011305 0.009048
0.010912 0.008937
0.010563 0.008759
0.011042 0.010722
0.010640 0.008873
0.011205 0.007830
0.011229 0.008842
0.010814 0.009076
0.010458 0.012315
0.010135 0.013996
0.010247 0.011491
0.009986 0.012156
0.009576 0.014677
0.009437 0.012399
0.009368 0.014650
0.009928 0.014388
0.010701 0.013372
0.010851 0.012885
0.011099 0.013127
0.011779 0.012132
0.011897 0.013030
0.012420 0.012409
0.012794 0.008791
0.012903 0.013156
0.012900 0.012010
0.012943 0.010503
0.012789 0.008689
0.012835 0.009360
0.012754 0.011472
0.012001 0.009565
0.012220 0.013094
0.012180 0.012662
0.011862 0.010401
0.011259 0.011116
0.010898 0.013777
0.011007 0.013126
0.010733 0.011035
0.011182 0.010919
0.011463 0.013293
0.011261 0.012479
0.011233 0.011254
0.011717 0.010467
0.011985 0.012715
0.011804 0.011004
0.011636 0.008741
0.011951 0.009900
0.012051 0.008700
0.011900 0.012541
0.011627 0.013683
0.011834 0.012899
0.011676 0.012262
0.011119 0.011944
0.010887 0.014305
0.010472 0.013451
0.010865 0.011572
0.011400 0.012304
0.011685 0.013048
0.011795 0.011971
0.011823 0.012391
0.012295 0.012832
0.012514 0.012294
0.012335 0.012129
0.012329 0.011043
0.012466 0.014025
0.012372 0.011330
0.012376 0.010804
0.012462 0.011463
0.012430 0.010775
0.012373 0.010801
0.012120 0.009837
0.012482 0.012792
0.012263 0.013100
0.011986 0.011694
0.011887 0.011797
0.011675 0.012088
0.011509 0.011287
0.011192 0.011038
0.011496 0.011323
0.011800 0.011359
0.011780 0.011323
0.011784 0.010270
0.011841 0.013383
0.011736 0.012077
0.011603 0.013298
0.011550 0.010302
0.011514 0.009297
0.011478 0.013012
0.011248 0.009391
0.011654 0.012681
0.011734 0.009606
0.012031 0.012868
0.011703 0.010293
0.011246 0.010659
0.011581 0.011079
0.011165 0.010126
0.011453 0.012938
0.011102 0.011921
0.011438 0.011545
0.011220 0.012559
0.011114 0.010772
0.011107 0.011720
0.010921 0.010431
0.011304 0.010445
0.011421 0.010382
0.011445 0.011034
0.011656 0.008946
0.011488 0.011319
0.011532 0.010307
0.011323 0.011578
0.011156 0.011840
0.011009 0.010444
0.011014 0.010475
0.010621 0.011365
0.010754 0.011565
0.010669 0.009958
0.010841 0.010045
0.011031 0.018055
0.010920 0.015588
0.010835 0.014239
0.010936 0.012568
0.011055 0.011989
0.010847 0.013262
0.010694 0.010831
0.012093 0.015423
0.012757 0.013315
0.013039 0.011456
0.012949 0.011328
0.012767 0.014403
0.012861 0.014390
0.012475 0.011352
0.013035 0.011479
0.013089 0.015772
0.012778 0.014568
0.012503 0.011459
0.012864 0.011410
0.013154 0.015216
0.012811 0.013705
0.012558 0.011214
0.013169 0.011244
0.013435 0.013081
0.013059 0.011730
0.012746 0.014645
0.013215 0.013157
0.013308 0.011687
0.012910 0.011933
0.012594 0.010424
0.012686 0.013415
0.012505 0.011854
0.012911 0.011179
0.012958 0.012027
0.012716 0.012988
0.012568 0.011637
0.012160 0.011779
0.012399 0.012763
0.012295 0.013309
0.012083 0.012101
0.012073 0.011444
0.012247 0.012058
0.012131 0.011181
0.012064 0.013203
0.012197 0.013003
0.012408 0.010959
0.012350 0.011618
0.012178 0.013268
0.012155 0.012698
0.011970 0.011834
0.012204 0.010805
0.012356 0.013563
0.012091 0.013549
0.012001 0.011413
0.012242 0.011491
0.012328 0.012283
0.012235 0.011473
0.011963 0.012906
0.012267 0.012597
0.012511 0.011913
0.012302 0.010341
0.012148 0.012309
0.012174 0.013211
0.012040 0.010428
0.012205 0.011629
0.012279 0.027675
0.012210 0.012392
0.011855 0.008969
0.011941 0.010105
0.012182 0.010155
0.011849 0.014494
0.011807 0.010424
0.014822 0.010043
0.014360 0.009661
0.013336 0.013419
0.012722 0.010337
0.012234 0.010234
0.012664 0.009449
0.012238 0.013173
0.011821 0.010035
0.011411 0.010399
0.011792 0.008329
0.011516 0.010313
0.011272 0.010059
0.010926 0.009536
0.011353 0.009671
0.011102 0.007868
0.010969 0.010923
0.010467 0.009743
0.010438 0.010120
0.010366 0.013489
0.010208 0.012401
0.010106 0.011871
0.009681 0.010756
0.009917 0.010934
0.009884 0.013240
0.009929 0.012927
0.010605 0.011386
0.010946 0.011307
0.011122 0.013542
0.011053 0.012878
0.011030 0.010973
0.011450 0.010940
0.011731 0.014063
0.011665 0.012725
0.011597 0.011024
0.011967 0.010181
0.012140 0.014298
0.011918 0.013173
0.011732 0.010965
0.012175 0.011022
0.012280 0.012376
0.012041 0.010165
0.011688 0.011838
0.012184 0.010461
0.012372 0.012054
0.012105 0.010716
0.011899 0.010463
0.011990 0.010608
0.011643 0.019933
0.011680 0.013188
0.011448 0.012199
0.011563 0.017241
0.011402 0.016479
0.011224 0.012261
0.011107 0.013234
0.012784 0.015682
0.012861 0.012562
0.012735 0.015773
0.013591 0.011150
0.014140 0.013785
0.013783 0.011537
0.013679 0.015097
0.014059 0.011741
0.013775 0.013481
0.014154 0.014082
0.013583 0.011795
0.013622 0.014717
0.013226 0.013566
0.013581 0.013631
0.013232 0.012109
0.013279 0.012242
0.013432 0.013006
0.013121 0.012312
0.013424 0.013653
0.013451 0.014205
0.013485 0.012635
0.013224 0.012644
0.013037 0.014185
0.013031 0.014373
0.012895 0.012145
0.013039 0.012343
0.013260 0.013513
0.013141 0.012345
0.013047 0.012810
0.013263 0.013941
0.013474 0.012081
0.013222 0.012398
0.013055 0.011282
0.013142 0.013110
0.012990 0.011956
0.012956 0.012182
0.013143 0.012537
0.012941 0.013017
0.012838 0.012634
0.012542 0.013069
0.012650 0.014682
0.012518 0.012921
0.012454 0.012310
0.012470 0.012703
0.012574 0.012468
0.012585 0.013142
0.012677 0.013185
0.013058 0.012266
0.013032 0.013178
0.012895 0.015964
0.012858 0.014857
0.012784 0.015285
0.012852 0.015680
0.012915 0.015868
0.012792 0.013993
0.012865 0.013815
0.013454 0.015563
0.013721 0.015824
0.014018 0.013524
0.014334 0.013320
0.014625 0.013722
0.014505 0.013696
0.014374 0.013352
0.014600 0.014500
0.014832 0.015784
0.014584 0.014414
0.014344 0.013950
0.014226 0.014708
0.014125 0.013676
0.013978 0.014633
0.014077 0.015232
0.014402 0.013409
0.014404 0.013459
0.014318 0.014757
0.014392 0.015492
0.014256 0.012988
0.014328 0.013366
0.014499 0.014607
0.014292 0.015854
0.014134 0.013467
0.014252 0.013577
0.014488 0.014639
0.014203 0.013693
0.014044 0.015196
0.014151 0.015492
0.014474 0.013750
0.014283 0.013194
0.014149 0.015008
0.014242 0.013638
0.014138 0.014607
0.014339 0.015231
0.014558 0.013309
0.014404 0.014298
0.014174 0.015590
0.014333 0.015638
0.014201 0.013947
0.014278 0.013325
0.014459 0.015501
0.014240 0.015266
0.014251 0.012963
0.014506 0.012583
0.014721 0.012923
0.014574 0.031954
0.014337 0.019737
0.014558 0.014915
0.014692 0.012845
0.014364 0.012446
0.014026 0.020375
0.013816 0.015972
0.017262 0.012917
0.017733 0.012554
0.017197 0.020044
0.016370 0.015194
0.015625 0.012623
0.016527 0.012631
0.016422 0.020533
0.015756 0.015047
0.015147 0.012255
0.016078 0.012780
0.015910 0.018505
0.015285 0.015245
0.014781 0.012180
0.015874 0.013098
0.015717 0.017783
0.015059 0.015642
0.014626 0.012783
0.015363 0.012555
0.015341 0.013812
0.014740 0.015614
0.014428 0.012420
0.015066 0.014614
0.015175 0.015386
0.014721 0.014994
0.014309 0.013618
0.014215 0.013288
0.014481 0.015664
0.014089 0.015190
0.014189 0.012971
0.014416 0.012787
0.014526 0.015109
0.014354 0.012569
0.014151 0.016301
0.014439 0.014403
0.014581 0.012292
0.014275 0.012457
0.013992 0.016332
0.014205 0.013686
0.013894 0.012357
0.014351 0.011303
0.014361 0.015735
0.013968 0.013815
0.013681 0.012019
0.014184 0.011741
0.014090 0.017094
0.013761 0.013092
0.013294 0.012272
0.013758 0.011310
0.013768 0.016157
0.013436 0.012861
0.013114 0.011343
0.013870 0.011298
0.013722 0.015649
0.013447 0.012918
0.013041 0.011032
0.013633 0.011346
0.013486 0.015847
0.013079 0.013331
0.012741 0.011157
0.013293 0.011368
0.013222 0.015446
0.012806 0.012626
0.012528 0.011206
0.013159 0.011225
0.013192 0.013761
0.012805 0.010738
0.012532 0.014901
0.013086 0.013606
0.012998 0.011349
0.012658 0.011210
0.012386 0.008952
0.012647 0.011744
0.012284 0.011346
0.012781 0.009260
0.012938 0.009308
0.012636 0.009083
0.012365 0.008653
0.011717 0.009770
0.011722 0.011656
0.011650 0.012027
0.011196 0.012805
0.010837 0.012392
0.010504 0.012648
0.010152 0.013342
0.010080 0.011700
0.010379 0.014086
0.010692 0.013224
0.011094 0.012081
0.011340 0.012224
0.011589 0.011900
0.011922 0.012772
0.011880 0.012315
0.012299 0.013070
0.012475 0.012825
0.012400 0.008720
0.012366 0.011215
0.012278 0.008766
0.012372 0.009186
0.012361 0.014781
0.012496 0.015459
0.012558 0.015487
0.011829 0.013051
0.011712 0.014603
0.011153 0.017094
0.010779 0.014032
0.011539 0.016115
0.012284 0.015169
0.012893 0.014057
0.012923 0.014258
0.013242 0.013728
0.013974 0.008915
0.013985 0.012508
0.014389 0.013867
0.014538 0.009223
0.014446 0.010479
0.014411 0.011280
0.014281 0.011015
0.013261 0.011689
0.013118 0.012587
0.013260 0.011743
0.012493 0.012248
0.012111 0.012449
0.011953 0.010801
0.011774 0.013188
0.011758 0.013527
0.011916 0.010586
0.011883 0.012224
0.011952 0.010371
0.012047 0.011958
0.011810 0.012128
0.012072 0.011708
0.012348 0.011819
0.012014 0.012923
0.012054 0.011251
0.011734 0.011175
0.011776 0.010143
0.011843 0.011916
0.011817 0.010868
0.011818 0.012854
0.012028 0.010475
0.011880 0.013374
0.011746 0.012849
0.011442 0.011100
0.011532 0.010325
0.011406 0.012460
0.011681 0.012286
0.011452 0.010332
0.011817 0.010514
0.012013 0.013815
0.011839 0.013268
0.011552 0.012166
0.011724 0.012433
0.011831 0.015984
0.011546 0.012794
0.011350 0.013694
0.011818 0.016708
0.012094 0.015375
0.012108 0.012153
0.012169 0.012205
0.012894 0.014139
0.012875 0.015021
0.013031 0.013012
0.013729 0.018372
0.014042 0.012479
0.013683 0.011093
0.013402 0.014217
0.013542 0.012507
0.013823 0.010459
0.013669 0.011298
0.014563 0.013578
0.014167 0.012942
0.013583 0.010791
0.013703 0.010982
0.013476 0.010458
0.012903 0.010902
0.012598 0.011209
0.012784 0.009184
0.012814 0.012416
0.012430 0.012768
0.012155 0.010948
0.011832 0.012831
0.011655 0.011198
0.011571 0.012681
0.011117 0.010729
0.011364 0.012331
0.011631 0.010171
0.011501 0.009772
0.011754 0.013182
0.011648 0.014253
0.011844 0.014433
0.011632 0.011725
0.011765 0.012471
0.011462 0.014583
0.011141 0.014672
0.011529 0.012359
0.012046 0.011987
0.012500 0.011380
0.012353 0.013791
0.012375 0.011967
0.012795 0.010156
0.013151 0.013778
0.013001 0.012479
0.012808 0.010131
0.012537 0.010242
0.012775 0.014324
0.012622 0.012072
0.012153 0.009220
0.012462 0.009533
0.012465 0.010068
0.012022 0.010492
0.011684 0.009705
0.012185 0.008993
0.012164 0.012535
0.011604 0.009721
0.011211 0.010598
0.010994 0.013681
0.010898 0.011167
0.010671 0.009153
0.010353 0.009090
0.010767 0.013220
0.010568 0.011194
0.010574 0.008594
0.011164 0.008557
0.011165 0.013352
0.010783 0.011421
0.010461 0.008874
0.010985 0.008215
0.011025 0.012540
0.010563 0.010470
0.010182 0.008457
0.010784 0.008596
0.010905 0.012316
0.010519 0.010625
0.010081 0.008358
0.010549 0.008522
0.010534 0.010133
0.010139 0.010630
0.009846 0.008288
0.010315 0.008534
0.010374 0.019548
0.009991 0.013353
0.009712 0.012310
0.009792 0.010116
0.009951 0.009878
0.009635 0.013926
0.009426 0.012232
0.011349 0.009498
0.011730 0.009435
0.011840 0.014441
0.011513 0.012371
0.011202 0.009715
0.011720 0.009930
0.011817 0.014113
0.011376 0.011758
0.011007 0.009552
0.011660 0.009323
0.011795 0.013773
0.011400 0.011848
0.011120 0.009105
0.011689 0.009366
0.011702 0.013730
0.011294 0.011879
0.010919 0.009234
0.011461 0.009670
0.011535 0.013603
0.011073 0.011857
0.010749 0.009495
0.011315 0.009467
0.011422 0.013276
0.011007 0.012331
0.010753 0.009795
0.011294 0.009963
0.011401 0.010585
0.011039 0.011621
0.010740 0.009874
0.011222 0.005647
0.011433 0.003852
0.011122 0.003813
0.010902 0.003846
0.010841 0.004987
0.010989 0.006926
0.010777 0.005853
0.009803 0.007988
0.008672 0.010624
0.007749 0.011624
0.007007 0.008513
0.006624 0.014664
0.006681 0.011265
0.006524 0.015027
0.006802 0.011680
0.007528 0.010062
0.008306 0.010163
0.008346 0.014957
0.009546 0.011842
0.009873 0.010712
0.010852 0.009823
0.011009 0.014604
0.010829 0.011411
0.010703 0.009113
0.011511 0.008843
0.011574 0.013118
0.011410 0.008706
0.011109 0.014219
0.011773 0.011998
0.011704 0.009627
0.011212 0.009881
0.010762 0.013979
0.011209 0.011907
0.010734 0.010268
0.011396 0.010169
0.011510 0.011379
0.011152 0.011556
0.010911 0.009355
0.011494 0.011467
0.011572 0.007774
0.011324 0.008993
0.011105 0.013498
0.011157 0.011476
0.011233 0.009747
0.010876 0.009607
0.010988 0.013287
0.010378 0.011079
0.010115 0.009067
0.010757 0.009663
0.010894 0.014056
0.010676 0.011422
0.010473 0.009346
0.011007 0.009272
0.011021 0.013770
0.010650 0.011426
0.010462 0.009636
0.011145 0.008937
0.011198 0.013249
0.010846 0.010594
0.010547 0.008505
0.011159 0.008872
0.011210 0.013709
0.010911 0.011593
0.010536 0.009448
0.011051 0.009682
0.010965 0.014139
0.010497 0.011910
0.010188 0.009832
0.010857 0.010360
0.010997 0.012861
0.010703 0.010938
0.010509 0.009021
0.011199 0.009637
0.011334 0.012520
0.011048 0.009937
0.010918 0.013584
0.011287 0.011841
0.011221 0.009902
0.010803 0.009482
0.010581 0.013510
0.010950 0.010816
0.010757 0.008992
0.011294 0.008566
0.011398 0.013516
0.011114 0.011661
0.010804 0.009027
0.011318 0.008926
0.011223 0.014013
0.010799 0.012313
0.010375 0.009522
0.010971 0.010247
0.011102 0.013822
0.010708 0.011832
0.010370 0.009935
0.011062 0.009604
0.011300 0.014890
0.010962 0.012341
0.010826 0.009667
0.011395 0.010211
0.011478 0.012374
0.011185 0.010239
0.010885 0.010032
0.011646 0.008752
0.011778 0.013492
0.011377 0.011432
0.011155 0.008958
0.011387 0.009410
0.011169 0.006903
0.010953 0.009342
0.010535 0.009266
0.011096 0.007984
0.011160 0.009194
0.010742 0.009203
0.010489 0.008477
0.009808 0.008359
0.009719 0.007707
0.009633 0.007245
0.009320 0.006793
0.009296 0.007637
0.009278 0.007537
0.009126 0.006127
0.008980 0.007278
0.008738 0.006544
0.008455 0.006730
0.008139 0.006487
0.008044 0.006591
0.007947 0.006543
0.007601 0.007272
0.007540 0.006604
0.007351 0.006622
0.007233 0.006603
0.007091 0.006467
0.006996 0.006432
0.006910 0.006872
0.006979 0.006441
0.006908 0.005696
0.006853 0.005935
0.006806 0.006620
0.006741 0.007022
0.006683 0.006560
0.006719 0.006438
0.006666 0.006061
0.006481 0.014869
0.006378 0.015766
0.006424 0.013006
0.006537 0.012300
0.006541 0.013860
0.006522 0.015387
0.006434 0.014482
0.008037 0.016563
0.009505 0.011691
0.010170 0.014968
0.010575 0.014147
0.011199 0.015042
0.011995 0.014580
0.012467 0.014896
0.013246 0.015007
0.012950 0.015415
0.013334 0.014996
0.013488 0.015217
0.013783 0.014856
0.013935 0.015606
0.014117 0.015635
0.014286 0.015666
0.014501 0.015424
0.014595 0.015481
0.014713 0.015669
0.014740 0.015667
0.014905 0.015503
0.015044 0.015557
0.015162 0.015470
0.015212 0.015375
0.015263 0.014780
0.015340 0.006658
0.015402 0.013842
0.015421 0.012335
0.015447 0.006786
0.015452 0.004562
0.015437 0.005077
0.015312 0.004119
0.013668 0.006418
0.013701 0.008083
0.013442 0.008571
0.012177 0.010842
0.010730 0.011150
0.009656 0.014512
0.008604 0.015215
0.008189 0.011689
0.008169 0.014996
0.008245 0.013624
0.008738 0.011678
0.009197 0.011665
0.010207 0.015337
0.011158 0.013513
0.011259 0.011263
0.011969 0.010936
0.012283 0.015328
0.012168 0.013615
0.012073 0.010536
0.012693 0.011062
0.012849 0.014834
0.012547 0.013726
0.012241 0.010982
0.012828 0.011573
0.012977 0.011465
0.012514 0.012302
0.012238 0.011080
0.012731 0.009841
0.012920 0.013845
0.012552 0.015498
0.012366 0.012779
0.012195 0.013673
0.012215 0.014526
0.011999 0.017540
0.011589 0.014980
0.012018 0.013534
0.012679 0.016882
0.012698 0.016843
0.012883 0.013126
0.013196 0.013959
0.014021 0.016929
0.014203 0.015658
0.014076 0.013995
0.014609 0.017271
0.015034 0.014045
0.014671 0.015146
0.014536 0.017614
0.014991 0.015202
0.015117 0.012828
0.014904 0.012095
0.015354 0.016406
0.015105 0.014954
0.015113 0.011287
0.015588 0.011340
0.015515 0.013148
0.015004 0.011682
0.014452 0.020774
0.014823 0.013880
0.014848 0.012258
0.014171 0.010094
0.013633 0.010120
0.013541 0.015354
0.013188 0.013067
0.014629 0.009888
0.014487 0.010330
0.014063 0.014401
0.013309 0.012650
0.012703 0.010257
0.013207 0.010182
0.013180 0.014311
0.012555 0.012081
0.012132 0.010174
0.012563 0.010164
0.012580 0.012100
0.012138 0.010438
0.011767 0.005537
0.012250 0.003823
0.012218 0.010199
0.011830 0.010529
0.011513 0.005101
0.011625 0.006713
0.011399 0.003743
0.010285 0.009388
0.009057 0.011835
0.009274 0.013176
0.009513 0.019741
0.008675 0.010487
0.008302 0.009966
0.007436 0.017290
0.007807 0.009744
0.008572 0.008590
0.009447 0.007828
0.011403 0.014036
0.011229 0.009310
0.010989 0.007108
0.012186 0.007664
0.011722 0.014298
0.011127 0.010468
0.010500 0.007192
0.011172 0.007711
0.010818 0.013331
0.010113 0.010654
0.009648 0.007673
0.010531 0.007406
0.010519 0.013399
0.009887 0.009407
0.009474 0.007457
0.010206 0.007578
0.010291 0.012755
0.009794 0.013814
0.009340 0.011260
0.010112 0.011916
0.009978 0.012662
0.009499 0.011753
0.009134 0.012280
0.009822 0.010984
0.010580 0.012947
0.010709 0.012815
0.010939 0.010975
0.011266 0.011589
0.011359 0.013611
0.011534 0.013835
0.011429 0.011596
0.011717 0.012443
0.011926 0.013369
0.011745 0.013060
0.011716 0.011460
0.012076 0.011346
0.012410 0.014126
0.012255 0.014053
0.012291 0.011334
0.012496 0.012261
0.012603 0.012169
0.012386 0.005801
0.012188 0.003804
0.012556 0.003856
0.012841 0.003817
0.012554 0.005039
0.012499 0.006239
0.012436 0.005205
0.011175 0.004472
0.009775 0.006520
0.008650 0.007328
0.007732 0.007908
0.007220 0.009372
0.007034 0.009542
0.006686 0.012965
0.006266 0.012400
0.006314 0.009422
0.006507 0.009124
0.006773 0.014301
0.007267 0.011505
0.007699 0.009437
0.008699 0.009527
0.009403 0.013765
0.009406 0.011670
0.009353 0.009077
0.010293 0.008804
0.010523 0.011960
0.010317 0.010457
0.010167 0.009009
0.010850 0.012129
0.011006 0.014113
0.010639 0.013032
0.010291 0.013773
0.010608 0.015231
0.010579 0.015023
0.010281 0.012931
0.010632 0.013045
0.011293 0.012238
0.011624 0.011142
0.012032 0.012434
0.012640 0.014299
0.013093 0.010973
0.013062 0.010607
0.013059 0.013182
0.012903 0.015120
0.012568 0.011565
0.012543 0.011387
0.012877 0.015215
0.012515 0.013436
0.012152 0.012116
0.012348 0.010885
0.012875 0.014177
0.012626 0.011831
0.012391 0.010258
0.012927 0.010086
0.013024 0.013926
0.012851 0.011762
0.012478 0.009668
0.012801 0.009265
0.012616 0.012297
0.012168 0.010226
0.011773 0.010473
0.012182 0.010697
0.012102 0.008024
0.011639 0.012988
0.011188 0.010095
0.011399 0.009877
0.011176 0.009777
0.011043 0.008930
0.010977 0.013970
0.010416 0.010891
0.010905 0.010001
0.010751 0.009502
0.010585 0.009840
0.010431 0.013367
0.010146 0.012388
0.010872 0.009984
0.010876 0.010323
0.010710 0.010488
0.010480 0.010317
0.010359 0.009632
0.010930 0.010475
0.011207 0.009781
0.010975 0.008203
0.010851 0.010513
0.010782 0.011274
0.010694 0.010889
0.010492 0.011346
0.010489 0.011562
0.010354 0.012370
0.009946 0.011237
0.010053 0.012705
0.010285 0.010602
0.010400 0.011567
0.010580 0.012938
0.010766 0.010970
0.011071 0.013115
0.011103 0.010805
0.011407 0.012329
0.011254 0.010735
0.011314 0.012446
0.011622 0.011653
0.011498 0.012177
0.011806 0.010703
0.011615 0.032690
0.011751 0.012965
0.011558 0.017656
0.011727 0.014009
0.011713 0.013887
0.011801 0.020612
0.011592 0.014036
0.015601 0.023017
0.015100 0.018303
0.015586 0.013999
0.015286 0.014681
0.015020 0.021549
0.016083 0.014372
0.015694 0.012006
0.017085 0.017233
0.017317 0.015845
0.016686 0.015234
0.016305 0.011519
0.017301 0.013519
0.016745 0.011556
0.015844 0.012891
0.016108 0.013313
0.016058 0.011894
0.015902 0.014349
0.015069 0.014678
0.014774 0.012105
0.014163 0.012018
0.013921 0.014733
0.013806 0.014972
0.013443 0.012335
0.013615 0.011958
0.013817 0.014698
0.013492 0.013877
0.013212 0.011505
0.013501 0.012465
0.013780 0.013858
0.013506 0.012000
0.013211 0.014404
0.013494 0.013900
0.013567 0.011725
0.013175 0.012137
0.013040 0.015112
0.013196 0.014142
0.012968 0.012646
0.013241 0.012632
0.013366 0.011999
0.013054 0.019391
0.012880 0.013337
0.013304 0.011728
0.013463 0.011155
0.013308 0.010954
0.013180 0.015198
0.012955 0.012868
0.014178 0.011137
0.014018 0.010854
0.013583 0.014048
0.013122 0.010383
0.012710 0.014787
0.013183 0.012803
0.013123 0.010869
0.012745 0.010630
0.012386 0.014724
0.012702 0.012297
0.012261 0.010640
0.012741 0.010606
0.012753 0.012601
0.012395 0.011697
0.012060 0.010124
0.012566 0.009819
0.012515 0.009050
0.012159 0.008997
0.011864 0.009201
0.012004 0.009971
0.011945 0.009739
0.011599 0.010428
0.011261 0.010141
0.010841 0.010532
0.010491 0.010014
0.010246 0.010256
0.010193 0.010965
0.010107 0.011000
0.010168 0.011390
0.010163 0.011293
0.010233 0.010971
0.010191 0.011679
0.010204 0.011069
0.010348 0.012260
0.010472 0.012643
0.010647 0.010695
0.010770 0.010547
0.010808 0.012871
0.010973 0.012396
0.010991 0.010656
0.011232 0.011188
0.011500 0.012169
0.011347 0.012581
0.011195 0.010856
0.011514 0.010998
0.011681 0.011628
0.011486 0.012290
0.011430 0.010775
0.011570 0.011106
0.011762 0.017382
0.011590 0.012311
0.011478 0.011259
0.011506 0.010233
0.011655 0.010171
0.011488 0.013794
0.011415 0.012070
0.012549 0.010248
0.012504 0.010279
0.012267 0.013845
0.011881 0.012056
0.011556 0.010462
0.011981 0.010503
0.011998 0.014125
0.011666 0.011638
0.011402 0.009909
0.011866 0.009972
0.011902 0.013659
0.011628 0.011223
0.011415 0.009554
0.011930 0.009567
0.011874 0.012761
0.011501 0.011208
0.011210 0.009262
0.011676 0.009205
0.011590 0.011089
0.011203 0.011322
0.010892 0.008686
0.011247 0.005535
0.011240 0.003987
0.010864 0.003856
0.010549 0.009161
0.010651 0.004426
0.010779 0.005058
0.010381 0.007363
0.009461 0.013471
0.008421 0.008165
0.007553 0.016460
0.007859 0.008364
0.007207 0.019244
0.006798 0.008299
0.006906 0.019406
0.008153 0.010338
0.008155 0.010409
0.009733 0.009373
0.009473 0.017204
0.011329 0.010922
0.010754 0.009023
0.012398 0.009448
0.012006 0.016644
0.011703 0.010834
0.011260 0.009183
0.012390 0.009335
0.012111 0.016001
0.011524 0.010998
0.011130 0.008865
0.012177 0.009410
0.011922 0.015777
0.011402 0.010733
0.011009 0.008629
0.011957 0.009501
0.011775 0.014450
0.011222 0.011041
0.010878 0.008779
0.011809 0.008978
0.011604 0.012430
0.011039 0.010743
0.010747 0.008614
0.011450 0.008963
0.011372 0.009308
0.010880 0.009167
0.010518 0.017141
0.010881 0.011879
0.010855 0.010786
0.010429 0.008955
0.010151 0.009255
0.009991 0.011790
0.009834 0.009612
0.011222 0.013634
0.011347 0.012482
0.011241 0.010096
0.010806 0.010087
0.010512 0.012511
0.010754 0.013649
0.010537 0.010538
0.011126 0.011117
0.011383 0.012602
0.011139 0.012124
0.010939 0.011832
0.011238 0.010056
0.011696 0.012846
0.011476 0.012327
0.011408 0.009808
0.011635 0.010178
0.011728 0.009709
0.011748 0.017984
0.011426 0.013000
0.011696 0.012156
0.011816 0.010355
0.011434 0.010237
0.011196 0.014358
0.010913 0.012130
0.012257 0.010188
0.012398 0.010704
0.012352 0.014742
0.011973 0.012102
0.011643 0.010624
0.012159 0.010129
0.012153 0.014475
0.011780 0.011366
0.011575 0.009031
0.012177 0.008900
0.012163 0.014574
0.011870 0.011128
0.011539 0.008812
0.012097 0.008686
0.011958 0.013232
0.011402 0.011313
0.010927 0.008878
0.011620 0.008946
0.011526 0.010921
0.011010 0.011933
0.010569 0.009256
0.011075 0.026761
0.011120 0.018434
0.010694 0.015500
0.010362 0.011988
0.010468 0.011712
0.010747 0.019616
0.010463 0.015067
0.013560 0.011673
0.014486 0.011681
0.014679 0.018402
0.014168 0.014615
0.013701 0.011458
0.014825 0.012062
0.014871 0.018473
0.014263 0.014681
0.013773 0.011993
0.014652 0.011790
0.014645 0.015402
0.014040 0.012230
0.013664 0.011971
0.014578 0.012522
0.014597 0.010993
0.014102 0.012222
0.013663 0.020492
0.013993 0.015248
0.013658 0.013546
0.013338 0.011058
0.013183 0.011201
0.012767 0.015647
0.012663 0.012571
0.014151 0.010842
0.014359 0.010894
0.014205 0.014999
0.013607 0.012310
0.013150 0.010412
0.013624 0.010625
0.013424 0.012722
0.012934 0.010737
0.012546 0.011710
0.013012 0.013017
0.012879 0.010929
0.012410 0.010286
0.012071 0.011620
0.012195 0.010565
0.011918 0.009369
0.011878 0.011762
0.012095 0.009250
0.011873 0.011649
0.011571 0.008116
0.011581 0.012666
0.011388 0.010432
0.011004 0.007968
0.011148 0.008107
0.010787 0.012445
0.010951 0.008179
0.010412 0.011199
0.010841 0.008254
0.010763 0.013476
0.010232 0.013828
0.009828 0.014400
0.010326 0.015191
0.009918 0.015294
0.010161 0.013952
0.009799 0.014369
0.010497 0.014371
0.011130 0.013671
0.011752 0.014963
0.012405 0.012297
0.012954 0.015087
0.013144 0.013272
0.013376 0.014663
0.013565 0.012523
0.013585 0.015113
0.013847 0.012497
0.013553 0.014495
0.013844 0.012819
0.013735 0.015199
0.013912 0.012318
0.013648 0.015037
0.013926 0.012531
0.013655 0.016120
0.013814 0.015837
0.013625 0.013191
0.013924 0.012891
0.013619 0.017925
0.013888 0.015190
0.013630 0.012864
0.014104 0.010993
0.014433 0.017569
0.014197 0.016336
0.013949 0.012622
0.014704 0.016166
0.014797 0.012301
0.014429 0.017302
0.013776 0.012260
0.014497 0.015539
0.014846 0.011868
0.014424 0.015177
0.014755 0.015590
0.014289 0.014357
0.014861 0.014338
0.014367 0.012542
0.014590 0.014489
0.014073 0.014464
0.014282 0.012812
0.014531 0.012938
0.014498 0.016136
0.014467 0.010635
0.014101 0.015173
0.014175 0.012822
0.014230 0.014657
0.013961 0.017991
0.013766 0.013591
0.014217 0.015404
0.013536 0.011608
0.013847 0.011651
0.013652 0.009940
0.013843 0.013323
0.014631 0.013199
0.014433 0.016963
0.014618 0.014170
0.014046 0.012817
0.013591 0.016564
0.012897 0.013709
0.012978 0.013889
0.013020 0.012423
0.013769 0.012947
0.013846 0.009709
0.013650 0.011967
0.014204 0.014702
0.014110 0.011106
0.014068 0.010837
0.013755 0.015648
0.013602 0.012751
0.012862 0.010820
0.012692 0.010239
0.013074 0.013781
0.012700 0.011922
0.012346 0.009393
0.012973 0.009621
0.012931 0.012143
0.012530 0.008905
0.012095 0.008796
0.012415 0.009305
0.012321 0.013113
0.011765 0.011210
0.011358 0.009597
0.011507 0.008987
0.011012 0.013960
0.010591 0.011923
0.010347 0.009283
0.010873 0.010182
0.010937 0.013762
0.010682 0.012041
0.010360 0.010097
0.011044 0.010131
0.011211 0.013092
0.010845 0.011483
0.010719 0.009941
0.011297 0.009101
0.011438 0.011804
0.011184 0.011804
0.010984 0.009458
0.011384 0.009280
0.011403 0.013895
0.011125 0.012816
0.010741 0.012595
0.010943 0.013993
0.011106 0.012813
0.010793 0.014691
0.010506 0.013753
0.011150 0.014193
0.011466 0.012677
0.011681 0.013389
0.012120 0.012724
0.012252 0.012163
0.012715 0.010918
0.012912 0.013629
0.013156 0.011372
0.013065 0.014565
0.013126 0.015194
0.013050 0.012920
0.012881 0.015634
0.012508 0.014590
0.012721 0.013691
0.012465 0.014563
0.012864 0.013885
0.013307 0.014423
0.013233 0.014473
0.013689 0.016308
0.013860 0.015236
0.013828 0.015177
0.013968 0.013238
0.013952 0.017820
0.014041 0.014894
0.014123 0.014979
0.014538 0.010376
0.014671 0.011048
0.014767 0.009126
0.014477 0.011407
0.015112 0.010594
0.015070 0.011435
0.015053 0.012117
0.014165 0.012998
0.013572 0.011636
0.012728 0.012977
0.012477 0.012550
0.012119 0.011455
0.011989 0.009391
0.012013 0.009764
0.012200 0.013620
0.012093 0.011917
0.012261 0.009497
0.012316 0.009522
0.012152 0.013441
0.011628 0.011659
0.011274 0.009046
0.011719 0.009700
0.011757 0.013278
0.011327 0.011335
0.010984 0.009993
0.011451 0.009634
0.011491 0.013221
0.011026 0.012099
0.010774 0.010902
0.011250 0.010940
0.011266 0.012214
0.011024 0.011291
0.010760 0.009798
0.011228 0.009276
0.011393 0.011610
0.011300 0.009123
0.011232 0.005098
0.011418 0.009617
0.011394 0.008754
0.011091 0.003799
0.010746 0.005867
0.010910 0.004015
0.010571 0.005100
0.009531 0.003841
0.009547 0.007897
0.009396 0.009108
0.008333 0.010533
0.007864 0.013580
0.007133 0.010118
0.006747 0.015847
0.006195 0.013222
0.006518 0.013491
0.007010 0.010972
0.007680 0.011866
0.008801 0.016370
0.009051 0.012298
0.010342 0.013078
0.010889 0.010609
0.011384 0.016055
0.011305 0.013600
0.011412 0.013532
0.012354 0.011154
0.012343 0.010791
0.012483 0.014012
0.012127 0.013393
0.012873 0.010975
0.013011 0.011393
0.013110 0.013256
0.012738 0.013031
0.012368 0.011279
0.012681 0.011030
0.012816 0.012513
0.012466 0.012606
0.012262 0.010775
0.012451 0.011160
0.012561 0.012728
0.012318 0.012723
0.012073 0.010966
0.012157 0.011193
0.012242 0.012293
0.011963 0.011279
0.011811 0.011808
0.011985 0.011363
0.012125 0.012501
0.011905 0.009656
0.011770 0.013181
0.011869 0.011364
0.011757 0.013251
0.011767 0.011363
0.011690 0.013522
0.011844 0.010785
0.011428 0.013873
0.011761 0.010541
0.011686 0.014633
0.011983 0.013014
0.011865 0.009854
0.012180 0.010319
0.011915 0.014601
0.012287 0.012709
0.011955 0.009862
0.012464 0.009939
0.012569 0.012197
0.012053 0.011516
0.011723 0.009858
0.012270 0.010405
0.012353 0.014354
0.011880 0.012346
0.011511 0.012106
0.011642 0.011787
0.011618 0.011472
0.011284 0.012938
0.011117 0.012020
0.011732 0.012090
0.011848 0.012334
0.011897 0.011896
0.011876 0.012470
0.011800 0.009868
0.012016 0.012311
0.012017 0.012561
0.012031 0.010662
0.012088 0.011055
0.012052 0.012585
0.012131 0.012498
0.011701 0.011008
0.011817 0.010724
0.011959 0.012036
0.011712 0.012046
0.011587 0.010550
0.011777 0.011136
0.011914 0.011205
0.011742 0.011641
0.011548 0.010179
0.011641 0.014234
0.011718 0.012093
0.011496 0.013367
0.011428 0.011623
0.011385 0.013053
0.011434 0.011925
0.011196 0.013924
0.011773 0.012494
0.011834 0.015755
0.012125 0.011891
0.012030 0.016006
0.012224 0.017942
0.012167 0.020669
0.012501 0.019159
0.012500 0.015490
0.013118 0.016174
0.012885 0.020431
0.013478 0.017962
0.014326 0.015427
0.015531 0.014680
0.016221 0.017671
0.016082 0.018053
0.016099 0.014919
0.016922 0.014751
0.017120 0.011813
0.016798 0.010740
0.016396 0.012713
0.016638 0.010575
0.016907 0.010729
0.016529 0.014613
0.016191 0.014300
0.015359 0.014027
0.014482 0.012532
0.014146 0.015055
0.013467 0.014698
0.012947 0.012600
0.013264 0.012008
0.013461 0.015114
0.013568 0.013297
0.013372 0.013333
0.013691 0.013293
0.013883 0.012502
0.013639 0.014639
0.013329 0.011933
0.013668 0.012349
0.013598 0.015624
0.013547 0.013984
0.013499 0.011595
0.013309 0.010643
0.013562 0.013473
0.013253 0.013771
0.013081 0.011560
0.013564 0.015102
0.013644 0.012063
0.013255 0.011818
0.012758 0.010476
0.012894 0.010859
0.013061 0.013702
0.012776 0.011740
0.013218 0.010575
0.012998 0.010071
0.012774 0.013696
0.012337 0.011421
0.012057 0.009162
0.012369 0.009630
0.012250 0.013341
0.011932 0.011678
0.011578 0.009373
0.011980 0.010237
0.011874 0.013183
0.011359 0.011595
0.011030 0.009927
0.011469 0.009631
0.011509 0.012200
0.011103 0.009286
0.010939 0.005070
0.011365 0.003709
0.011409 0.008814
0.011127 0.009559
0.010843 0.005078
0.011101 0.005892
0.010756 0.005086
0.009675 0.008914
0.008542 0.007125
0.008594 0.014054
0.008777 0.007128
0.008074 0.015195
0.007660 0.007072
0.007170 0.017187
0.007502 0.010483
0.007430 0.008142
0.008689 0.007739
0.008392 0.016137
0.009685 0.008862
0.009188 0.007381
0.010708 0.007847
0.010665 0.016439
0.010186 0.009575
0.009721 0.007382
0.010940 0.007968
0.010545 0.016253
0.009944 0.010475
0.009546 0.007117
0.010855 0.008161
0.010612 0.015952
0.009998 0.010449
0.009613 0.007374
0.010874 0.007754
0.010798 0.015176
0.010099 0.010546
0.009731 0.007596
0.010913 0.007517
0.010825 0.014892
0.010169 0.010293
0.009710 0.007337
0.010749 0.007327
0.010710 0.011091
0.010119 0.009599
0.009624 0.007227
0.010625 0.008130
0.010562 0.015153
0.009949 0.006821
0.009451 0.007013
0.009763 0.013989
0.009731 0.010534
0.009256 0.008007
0.009042 0.007787
0.010203 0.014375
0.009560 0.010875
0.009076 0.008808
0.010010 0.008951
0.010109 0.013968
0.009710 0.010197
0.009345 0.007714
0.010300 0.007705
0.010410 0.013832
0.010105 0.010290
0.009886 0.008164
0.010661 0.007943
0.010573 0.010984
0.010030 0.009347
0.009588 0.009267
0.010394 0.008651
0.010375 0.007826
0.009955 0.012877
0.009572 0.009800
0.009841 0.009775
0.009747 0.014453
0.009656 0.012422
0.009465 0.009240
0.009154 0.009313
0.009861 0.014815
0.009849 0.011981
0.009835 0.009211
0.010712 0.009032
0.011037 0.014675
0.010696 0.010803
0.010433 0.009085
0.011266 0.008456
0.011402 0.014070
0.010985 0.011099
0.010614 0.008386
0.011386 0.008545
0.011275 0.013448
0.010859 0.010734
0.010402 0.008242
0.011099 0.008632
0.011099 0.014128
0.010584 0.010918
0.010196 0.007985
0.010814 0.008284
0.010799 0.013437
0.010313 0.011106
0.009994 0.008191
0.010779 0.008732
0.010806 0.011091
0.010270 0.009988
0.009892 0.009082
0.010566 0.009122
0.010668 0.008861
0.010198 0.022078
0.009919 0.013769
0.010142 0.010676
0.010113 0.007455
0.009917 0.007683
0.009766 0.015896
0.009594 0.011009
0.011966 0.008088
0.012309 0.008010
0.011998 0.014191
0.011135 0.007926
0.010479 0.014817
0.011508 0.010420
0.011414 0.007844
0.010782 0.007892
0.010255 0.014018
0.011003 0.007959
0.010418 0.015096
0.011254 0.010011
0.011096 0.007811
0.010478 0.007707
0.009986 0.014225
0.010752 0.010027
0.010222 0.007790
0.011148 0.007748
0.010932 0.013322
0.010339 0.008250
0.009839 0.012809
0.010672 0.009750
0.010550 0.007639
0.010025 0.007565
0.009593 0.010180
0.010301 0.008017
0.009911 0.020167
0.010462 0.013214
0.010327 0.011998
0.009816 0.008769
0.009388 0.008520
0.009539 0.014464
0.009250 0.011530
0.011324 0.008266
0.011683 0.008243
0.011743 0.014187
0.011178 0.011354
0.010673 0.008307
0.011393 0.007962
0.011419 0.013880
0.010820 0.010881
0.010330 0.008082
0.011063 0.008186
0.011119 0.013958
0.010584 0.011263
0.010086 0.008281
0.010807 0.008409
0.010821 0.013775
0.010301 0.011248
0.009899 0.008073
0.010670 0.008263
0.010783 0.013813
0.010307 0.011034
0.009947 0.008487
0.010674 0.008437
0.010783 0.013823
0.010268 0.010762
0.009887 0.008060
0.010633 0.007764
0.010709 0.013708
0.010287 0.011241
0.009936 0.007902
0.010674 0.008032
0.010691 0.013710
0.010191 0.011216
0.009730 0.008423
0.010486 0.007764
0.010629 0.013642
0.010111 0.011242
0.009716 0.008102
0.010475 0.008467
0.010616 0.013514
0.010199 0.011179
0.009736 0.008264
0.010478 0.008518
0.010624 0.012914
0.010144 0.010970
0.009826 0.007775
0.010526 0.008365
0.010650 0.006646
0.010197 0.009960
0.009878 0.008008
0.010455 0.008013
0.010553 0.008152
0.010025 0.007809
0.009709 0.007489
0.009127 0.007596
0.009286 0.006607
0.009043 0.007428
0.008847 0.007402
0.008715 0.007666
0.008543 0.006806
0.008343 0.006563
0.008201 0.006628
0.007898 0.006571
0.007809 0.006491
0.007732 0.006045
0.007719 0.006297
0.007546 0.006368
0.007359 0.005873
0.007220 0.006503
0.007097 0.006521
0.006982 0.006498
0.006804 0.005477
0.006708 0.005646
0.006643 0.006181
0.006497 0.006041
0.006498 0.005420
0.006502 0.005657
0.006501 0.006213
0.006307 0.023200
0.006181 0.009838
0.006181 0.007404
0.006155 0.011868
0.006015 0.009897
0.005947 0.006518
0.005998 0.007291
0.009266 0.011103
0.009375 0.010985
0.009000 0.009731
0.009545 0.009341
0.009612 0.009921
0.009024 0.007882
0.008695 0.017686
0.009152 0.013031
0.009501 0.011506
0.009545 0.009649
0.009506 0.009355
0.009585 0.015368
0.009261 0.012155
0.010862 0.008651
0.011274 0.009320
0.011318 0.014700
0.011001 0.011945
0.010688 0.009433
0.011578 0.009518
0.011687 0.014858
0.011110 0.011942
0.010770 0.009964
0.011517 0.010293
0.011598 0.014435
0.011187 0.011933
0.010870 0.008671
0.011627 0.009683
0.011687 0.014561
0.011360 0.012981
0.011157 0.010240
0.011780 0.010332
0.011809 0.014167
0.011213 0.012695
0.010922 0.010061
0.011614 0.010599
0.011873 0.006739
0.011563 0.011175
0.011329 0.009478
0.011868 0.008316
0.012025 0.008100
0.011652 0.007887
0.011452 0.007605
0.010557 0.007568
0.010674 0.006544
0.010447 0.007299
0.010042 0.006937
0.009673 0.007071
0.009334 0.006424
0.009005 0.006448
0.008732 0.006494
0.008316 0.006469
0.008123 0.006357
0.007898 0.006478
0.007741 0.006873
0.007490 0.006635
0.007292 0.006465
0.007141 0.006188
0.007013 0.006546
0.006888 0.006891
0.006810 0.006275
0.006822 0.006948
0.006787 0.006444
0.006726 0.006301
0.006623 0.005931
0.006609 0.009934
0.006662 0.010784
0.006589 0.011007
0.006657 0.011990
0.006616 0.012779
0.006556 0.011272
0.006438 0.010253
0.007102 0.012303
0.007801 0.012512
0.008410 0.010387
0.009091 0.010386
0.009791 0.011812
0.010073 0.012793
0.010107 0.010418
0.010524 0.010631
0.010902 0.011856
0.010804 0.012783
0.010724 0.010432
0.010931 0.010344
0.011285 0.011431
0.011120 0.012759
0.011027 0.010075
0.011185 0.010688
0.011488 0.014603
0.011288 0.008112
0.011108 0.009807
0.011170 0.015128
0.011472 0.012964
0.011206 0.010447
0.011108 0.011003
0.011772 0.013873
0.011077 0.011785
0.010835 0.015342
0.011651 0.014326
0.011900 0.011790
0.011624 0.012230
0.011506 0.014250
0.011956 0.014461
0.011923 0.012086
0.012573 0.012192
0.012906 0.013043
0.012694 0.011645
0.012606 0.007134
0.012918 0.011445
0.013211 0.011316
0.012997 0.008349
0.012844 0.007953
0.012882 0.007356
0.012647 0.007732
0.011600 0.006767
0.011570 0.007079
0.011522 0.007394
0.010919 0.007791
0.010355 0.006635
0.009786 0.006315
0.009395 0.006579
0.008896 0.006188
0.008551 0.005582
0.008331 0.005573
0.008228 0.006638
0.007926 0.006529
0.007620 0.006491
0.007422 0.005907
0.007187 0.006261
0.006882 0.006541
0.006634 0.005733
0.006634 0.006557
0.006614 0.006349
0.006591 0.006351
0.006461 0.005444
0.006423 0.005942
0.006445 0.030332
0.006310 0.018306
0.006357 0.013352
0.006355 0.010937
0.006355 0.011388
0.006182 0.019064
0.006136 0.013063
0.010733 0.010511
0.012172 0.011452
0.012396 0.018380
0.012119 0.013179
0.011980 0.011824
0.013326 0.011377
0.013276 0.016385
0.012751 0.013385
0.012504 0.011225
0.013620 0.011411
0.013536 0.011545
0.013211 0.012782
0.012863 0.011434
0.013532 0.011764
0.013504 0.017646
0.013071 0.013579
0.012756 0.011874
0.012525 0.011068
0.012574 0.010737
0.012358 0.014032
0.012245 0.011743
0.013271 0.010653
0.013330 0.010569
0.013053 0.013786
0.012676 0.011550
0.012308 0.010520
0.012635 0.010336
0.012466 0.012655
0.012121 0.011337
0.011826 0.010150
0.012199 0.010390
0.012075 0.011085
0.011780 0.012458
0.011506 0.010523
0.011724 0.010954
0.011650 0.013820
0.011365 0.013397
0.011180 0.013083
0.011162 0.011488
0.011408 0.011515
0.011240 0.014440
0.011186 0.013481
0.011686 0.010638
0.012011 0.011329
0.012215 0.012367
0.012077 0.013204
0.011970 0.011241
0.012439 0.011789
0.012637 0.011088
0.012258 0.009973
0.012081 0.009550
0.012135 0.010475
0.012339 0.010536
0.012130 0.010547
0.012065 0.012405
0.011880 0.011016
0.011517 0.011713
0.011143 0.012390
0.011016 0.012608
0.010925 0.013325
0.010853 0.011683
0.011148 0.011257
0.011123 0.013343
0.011235 0.012790
0.011454 0.011172
0.011674 0.011001
0.011987 0.013536
0.011930 0.012492
0.011802 0.010692
0.012095 0.009994
0.012227 0.013204
0.012026 0.012846
0.011831 0.010287
0.012155 0.010775
0.012219 0.010400
0.011929 0.011579
0.011561 0.010600
0.011874 0.007614
0.012058 0.011910
0.011722 0.009083
0.011542 0.009464
0.011325 0.013647
0.011373 0.011274
0.011226 0.008755
0.010540 0.008678
0.010800 0.013208
0.010474 0.011079
0.010282 0.008300
0.010922 0.009067
0.010988 0.012299
0.010564 0.011673
0.010206 0.008671
0.010776 0.008701
0.010834 0.012629
0.010352 0.011607
0.010108 0.008831
0.010524 0.013106
0.010743 0.011777
0.010349 0.008968
0.010036 0.009366
0.010528 0.013179
0.010733 0.012441
0.010372 0.009804
0.010891 0.010656
0.011060 0.012615
0.010662 0.011256
0.010416 0.012395
0.010941 0.010952
0.011226 0.012370
0.010956 0.013149
0.010899 0.011164
0.011225 0.010784
0.011231 0.011251
0.011452 0.010490
0.011357 0.011212
0.011550 0.010289
0.011853 0.011997
0.011722 0.011585
0.011544 0.012176
0.011488 0.011510
0.011299 0.012807
0.011282 0.011337
0.011093 0.014000
0.011265 0.012855
0.011326 0.010633
0.011487 0.009611
0.011492 0.013691
0.011742 0.011788
0.011665 0.008690
0.012108 0.008969
0.012250 0.012581
0.011943 0.009435
0.011500 0.013177
0.011916 0.012813
0.011892 0.009390
0.011283 0.010086
0.010844 0.012532
0.011174 0.010952
0.010843 0.009881
0.011287 0.009708
0.011577 0.013951
0.011161 0.010276
0.010957 0.011733
0.011256 0.014092
0.011198 0.013109
0.010948 0.010436
0.010713 0.011217
0.011328 0.013603
0.011128 0.011668
0.011243 0.010992
0.011784 0.010136
0.012036 0.014151
0.011732 0.014502
0.011634 0.012623
0.012008 0.012212
0.011944 0.014574
0.011763 0.014934
0.011454 0.012496
0.011966 0.012355
0.012448 0.014416
0.012481 0.014595
0.012430 0.012365
0.012838 0.012242
0.013236 0.014566
0.013095 0.010126
0.012955 0.012020
0.013232 0.014030
0.013491 0.013631
0.013277 0.013801
0.013081 0.012034
0.013363 0.013674
0.012748 0.014207
0.012609 0.013262
0.012879 0.012218
0.013022 0.013276
0.013170 0.015894
0.012954 0.013141
0.013091 0.013745
0.013303 0.012905
0.013295 0.014302
0.013091 0.017005
0.013126 0.009171
0.013652 0.010610
0.013555 0.016313
0.013591 0.013647
0.013461 0.011752
0.013620 0.012450
0.014263 0.016461
0.013296 0.014547
0.012786 0.012490
0.013456 0.012508
0.013492 0.016470
0.013162 0.014474
0.013026 0.012198
0.013679 0.012451
0.013844 0.016457
0.013587 0.013250
0.013382 0.012186
0.013968 0.011536
0.014064 0.016018
0.013710 0.013924
0.013471 0.012044
0.014038 0.011786
0.013888 0.014283
0.013565 0.013955
0.013179 0.011506
0.013719 0.012021
0.013758 0.011390
0.013432 0.029001
0.013119 0.016599
0.013340 0.011561
0.013457 0.019549
0.013086 0.010206
0.012884 0.018275
0.012600 0.014530
0.015716 0.012128
0.015884 0.011201
0.015063 0.015432
0.015915 0.011420
0.014830 0.015569
0.015485 0.014218
0.015303 0.011862
0.014700 0.011055
0.014035 0.011213
0.014301 0.011885
0.013753 0.012577
0.014098 0.011746
0.014121 0.010857
0.013692 0.009543
0.013191 0.009131
0.012815 0.012640
0.012638 0.010917
0.012627 0.009152
0.012459 0.009049
0.012155 0.012826
0.011659 0.009785
0.011178 0.009026
0.011456 0.008601
0.011354 0.012782
0.010935 0.010176
0.010577 0.009127
0.011004 0.008951
0.010773 0.012034
0.010441 0.009958
0.010091 0.008719
0.010603 0.008547
0.010522 0.012606
0.010257 0.010430
0.010009 0.008489
0.010393 0.008344
0.010311 0.008716
0.010008 0.037712
0.009731 0.016529
0.010277 0.007584
0.010306 0.021307
0.009961 0.014337
0.009654 0.010624
0.009476 0.011210
0.014841 0.022538
0.015161 0.014641
0.013722 0.010998
0.015163 0.008704
0.015006 0.022302
0.014174 0.014518
0.013611 0.010037
0.015307 0.009400
0.015180 0.020394
0.014386 0.014280
0.013306 0.009971
0.015015 0.010362
0.014921 0.019056
0.013993 0.014981
0.013120 0.009125
0.014502 0.009876
0.014460 0.015136
0.013607 0.010572
0.012991 0.011880
0.014143 0.012899
0.014302 0.010906
0.013319 0.012911
0.012665 0.015541
0.013134 0.014913
0.012647 0.014184
0.012502 0.014713
0.012577 0.013700
0.012260 0.015999
0.012383 0.014576
0.012983 0.013447
0.013350 0.014278
0.013508 0.015281
0.013737 0.014398
0.013730 0.014927
0.014161 0.014737
0.014240 0.013822
0.014089 0.015036
0.014125 0.016033
0.014345 0.014270
0.014355 0.014198
0.014464 0.015131
0.014515 0.014628
0.014384 0.012958
0.014508 0.013923
0.014798 0.014141
0.014697 0.014779
0.014603 0.013798
0.014703 0.014009
0.014689 0.012919
0.014360 0.012849
0.014277 0.013992
0.014251 0.013112
0.014351 0.012550
0.014246 0.017646
0.014201 0.012720
0.013958 0.016459
0.013747 0.013202
0.013794 0.017185
0.013664 0.012128
0.013452 0.016378
0.014249 0.013620
0.013959 0.013696
0.014434 0.015819
0.014200 0.009356
0.014767 0.012005
0.014265 0.011153
0.014667 0.012483
0.014468 0.011174
0.014321 0.011430
0.014606 0.011075
0.013608 0.012775
0.013304 0.010641
0.012895 0.011767
0.012817 0.010745
0.012505 0.011687
0.012300 0.010487
0.012068 0.012364
0.012202 0.010467
0.011905 0.012755
0.011879 0.011981
0.011664 0.011822
0.011668 0.015544
0.011444 0.011832
0.011618 0.014578
0.011399 0.011664
0.011657 0.014966
0.011719 0.012793
0.011738 0.012249
0.012461 0.013200
0.012342 0.012632
0.012767 0.014741
0.012557 0.011222
0.013015 0.011081
0.012973 0.012551
0.012835 0.012036
0.012905 0.011205
0.012853 0.013184
0.013212 0.011653
0.012834 0.011455
0.012501 0.011955
0.012510 0.011186
0.012420 0.011079
0.012189 0.010983
0.012378 0.011084
0.012240 0.014578
0.012091 0.016230
0.012065 0.018841
0.011898 0.018101
0.011742 0.011348
0.011598 0.025141
0.011500 0.020301
0.012085 0.019255
0.012873 0.013032
0.014007 0.011205
0.014785 0.013521
0.014132 0.012635
0.016223 0.014128
0.016998 0.012756
0.017427 0.012158
0.016592 0.015512
0.015568 0.013001
0.015179 0.012936
0.014696 0.012468
0.014588 0.012514
0.014240 0.011349
0.013845 0.013332
0.014161 0.011816
0.013941 0.012787
0.013750 0.015731
0.013506 0.013954
0.013318 0.011991
0.012944 0.012304
0.013018 0.016380
0.012789 0.012930
0.012789 0.012296
0.013348 0.011426
0.013463 0.011765
0.013183 0.011566
0.013016 0.014707
0.013655 0.013176
0.013518 0.010066
0.013286 0.010936
0.012932 0.014918
0.012711 0.014091
0.012493 0.011558
0.012914 0.012215
0.012964 0.015926
0.012413 0.014974
0.012132 0.012038
0.012662 0.012438
0.012933 0.016191
0.012672 0.015526
0.012585 0.012211
0.013220 0.012767
0.013553 0.016605
0.013265 0.015711
0.013108 0.012851
0.013694 0.012787
0.014042 0.016682
0.013694 0.015821
0.013518 0.013208
0.014105 0.013204
0.014410 0.016607
0.014114 0.015892
0.013861 0.012051
0.014397 0.013278
0.014668 0.016521
0.014390 0.015859
0.014165 0.012860
0.014629 0.013157
0.014869 0.016363
0.014333 0.015685
0.014133 0.012685
0.014587 0.012099
0.014828 0.016378
0.014454 0.015121
0.014208 0.012213
0.014617 0.012615
0.014820 0.016477
0.014414 0.015311
0.013974 0.012067
0.014431 0.012363
0.014562 0.016665
0.014116 0.015101
0.013831 0.012096
0.014333 0.011102
0.014519 0.016511
0.014053 0.015047
0.013732 0.011775
0.014289 0.011998
0.014444 0.016178
0.013998 0.014738
0.013447 0.011859
0.014029 0.012093
0.014223 0.015664
0.013758 0.014928
0.013423 0.012684
0.013947 0.011768
0.014097 0.015876
0.013672 0.015079
0.013372 0.011805
0.013807 0.012015
0.014020 0.016452
0.013766 0.015011
0.013387 0.011815
0.013860 0.011919
0.014091 0.016272
0.013657 0.014810
0.013345 0.011416
0.013935 0.011820
0.014140 0.015653
0.013698 0.014772
0.013360 0.011635
0.013913 0.011758
0.014084 0.014922
0.013577 0.014841
0.013243 0.011591
0.013701 0.011486
0.013904 0.005644
0.013473 0.003820
0.013147 0.010152
0.013484 0.003797
0.013742 0.005701
0.013334 0.005621
0.012983 0.005122
0.011588 0.005334
0.010112 0.006197
0.010120 0.004401
0.008919 0.006153
0.008307 0.005221
0.007797 0.007748
0.007289 0.006982
0.006917 0.005248
0.006780 0.005362
0.006328 0.007836
0.006295 0.006075
0.006091 0.005449
0.006406 0.006148
0.006515 0.008113
0.006275 0.006498
0.006101 0.005207
0.006431 0.005528
0.006363 0.005775
0.006190 0.009656
0.006182 0.005909
0.006549 0.007548
0.006539 0.007156
0.006286 0.006235
0.006142 0.006334
0.006072 0.006093
0.006753 0.007009
0.006593 0.006798
0.006774 0.006315
0.006847 0.005806
0.006731 0.006446
0.006655 0.006389
0.006548 0.005893
0.006636 0.006380
0.006667 0.007464
0.006600 0.006306
0.006449 0.006294
0.006449 0.005931
0.006437 0.006398
0.006334 0.007098
0.006343 0.006197
0.006556 0.006406
0.006508 0.006376
0.006468 0.006766
0.006366 0.006319
0.006372 0.006321
0.006510 0.006878
0.006450 0.007108
0.006442 0.006519
0.006429 0.006637
0.006493 0.006313
0.006460 0.006234
0.006434 0.006466
0.006518 0.006363
0.006630 0.006226
0.006609 0.007269
0.006614 0.006332
0.006557 0.006493
0.006496 0.006420
0.006490 0.006323
0.006466 0.007110
0.006420 0.008135
0.006582 0.007382
0.006534 0.009757
0.006526 0.006614
0.006506 0.006010
0.006471 0.005290
0.006593 0.005806
0.006886 0.007119
0.006980 0.006066
0.007508 0.005459
0.007338 0.005267
0.007086 0.007082
0.006744 0.006675
0.006566 0.005472
0.006671 0.005447
0.006556 0.006996
0.006348 0.006899
0.006142 0.005546
0.006321 0.005388
0.006388 0.007342
0.006214 0.007064
0.006068 0.005902
0.006245 0.005885
0.006369 0.007525
0.006213 0.006918
0.006056 0.005331
0.006300 0.005398
0.006445 0.006896
0.006342 0.006505
0.006255 0.005309
0.006497 0.005365
0.006577 0.006990
0.006340 0.006863
0.006161 0.005399
0.006301 0.005951
0.006339 0.006379
0.006144 0.007012
0.005996 0.006834
0.006185 0.006362
0.006313 0.006591
0.006140 0.004923
0.006104 0.004972
0.006156 0.005236
0.006319 0.005270
0.006417 0.005669
0.006406 0.005635
