0.026750 0.026750
0.042028 0.015279
0.081573 0.039545
0.123249 0.041676
0.164934 0.041685
0.206581 0.041647
0.248264 0.041683
0.289896 0.041631
0.331627 0.041732
0.373231 0.041603
0.414964 0.041733
0.456628 0.041664
0.498294 0.041666
0.539941 0.041647
0.581593 0.041652
0.623260 0.041667
0.664928 0.041668
0.706632 0.041704
0.748293 0.041661
0.789942 0.041649
0.831617 0.041675
0.873270 0.041653
0.914935 0.041666
0.956600 0.041665
0.998267 0.041667
1.039934 0.041667
1.081616 0.041682
1.123276 0.041660
1.164940 0.041664
1.206597 0.041658
1.248263 0.041666
1.289934 0.041671
1.331604 0.041670
1.373265 0.041661
1.414932 0.041667
1.456596 0.041664
1.498265 0.041669
1.539934 0.041669
1.581616 0.041682
1.623273 0.041656
1.664948 0.041675
1.706600 0.041653
1.777612 0.071011
1.792400 0.014788
1.831596 0.039197
1.873263 0.041667
1.914948 0.041685
1.977656 0.062709
1.998264 0.020607
2.039930 0.041666
2.081618 0.041689
2.123273 0.041655
2.164939 0.041666
2.206566 0.041627
2.248264 0.041698
2.289932 0.041668
2.331603 0.041670
2.373267 0.041664
2.414944 0.041677
2.456597 0.041653
2.498267 0.041670
2.539937 0.041670
2.581620 0.041683
2.623263 0.041643
2.664930 0.041667
2.706599 0.041669
2.748263 0.041665
2.789935 0.041672
2.831601 0.041666
2.873267 0.041666
2.914940 0.041673
2.956608 0.041669
2.998266 0.041658
3.049637 0.051371
3.081585 0.031948
3.123275 0.041691
3.164948 0.041672
3.206597 0.041649
3.248263 0.041666
3.289929 0.041667
3.331597 0.041668
3.373264 0.041667
3.414931 0.041666
3.456597 0.041667
3.498266 0.041669
3.539931 0.041665
3.581614 0.041683
3.623263 0.041649
3.664930 0.041667
3.706596 0.041666
3.748265 0.041668
3.789930 0.041665
3.831598 0.041668
3.873263 0.041665
3.914927 0.041664
3.956609 0.041682
3.998268 0.041659
4.039933 0.041666
4.081586 0.041653
4.123222 0.041636
4.164935 0.041713
4.206606 0.041671
4.248281 0.041675
4.289941 0.041660
4.331600 0.041659
4.373227 0.041627
4.414931 0.041704
4.521584 0.106653
4.578644 0.057059
4.623265 0.044621
4.664932 0.041667
4.821608 0.156676
4.873265 0.051657
4.929900 0.056635
4.956601 0.026701
4.998260 0.041659
5.245640 0.247380
5.301643 0.056003
5.357606 0.055964
5.414930 0.057324
5.484427 0.069497
5.554340 0.069913
5.581607 0.027267
5.623220 0.041612
5.789531 0.166312
5.836114 0.046583
5.897630 0.061516
6.097646 0.200016
6.123263 0.025617
6.166559 0.043296
6.206594 0.040035
6.248265 0.041671
6.290598 0.042333
6.331603 0.041006
6.373265 0.041662
6.486130 0.112866
6.525624 0.039494
6.593990 0.068366
6.630823 0.036833
6.697605 0.066781
6.745637 0.048032
6.813641 0.068004
6.873264 0.059623
6.945638 0.072374
6.989632 0.043995
7.039931 0.050299
7.099297 0.059366
7.164933 0.065636
7.206597 0.041664
7.248266 0.041669
7.289935 0.041669
7.418249 0.128314
7.456596 0.038347
7.498262 0.041666
7.550774 0.052512
7.581604 0.030830
7.645631 0.064027
7.664932 0.019302
7.706598 0.041666
7.748265 0.041667
7.789932 0.041667
7.832955 0.043023
7.873271 0.040316
7.933637 0.060366
7.958629 0.024992
8.028422 0.069794
8.080026 0.051603
8.123266 0.043240
8.201637 0.078371
8.248220 0.046583
8.352353 0.104134
8.408104 0.055750
8.461634 0.053531
8.498272 0.036638
8.552143 0.053871
8.601636 0.049493
8.632797 0.031161
8.664936 0.032140
8.706600 0.041664
8.748264 0.041664
8.789931 0.041667
8.831600 0.041669
8.873267 0.041667
8.914935 0.041668
8.956597 0.041662
8.998264 0.041667
9.039931 0.041667
9.081622 0.041691
9.145430 0.063808
9.167674 0.022244
9.206596 0.038922
9.248265 0.041669
9.289932 0.041667
9.355744 0.065812
9.373264 0.017519
9.433607 0.060344
9.456597 0.022989
9.498216 0.041619
9.539935 0.041718
9.581627 0.041693
9.623268 0.041640
9.664939 0.041671
9.706597 0.041658
9.748265 0.041667
9.803261 0.054997
9.865634 0.062373
9.914928 0.049294
9.956602 0.041673
9.998278 0.041676
10.039933 0.041655
10.081565 0.041632
10.123273 0.041708
10.164931 0.041658
10.206600 0.041669
10.248265 0.041665
10.289931 0.041667
10.331598 0.041667
10.373264 0.041666
10.414932 0.041667
10.456598 0.041666
10.533634 0.077036
10.615697 0.082063
10.669831 0.054134
10.721637 0.051805
10.765632 0.043995
10.803848 0.038217
10.869637 0.065789
10.941608 0.071971
10.981784 0.040176
11.010611 0.028827
11.081690 0.071079
11.123259 0.041568
11.179057 0.055798
11.209731 0.030674
11.248262 0.038531
11.305634 0.057373
11.373269 0.067634
11.414949 0.041680
11.456608 0.041660
11.498277 0.041669
11.539946 0.041669
11.581615 0.041669
11.623269 0.041654
11.664936 0.041667
11.706603 0.041667
11.748268 0.041665
11.789936 0.041667
11.831611 0.041675
11.873275 0.041664
11.914931 0.041656
11.956598 0.041667
11.998269 0.041671
12.039932 0.041663
12.081625 0.041693
12.123275 0.041650
12.164930 0.041655
12.206599 0.041669
12.248264 0.041665
12.289932 0.041668
12.331597 0.041665
12.373264 0.041667
12.421582 0.048318
12.456597 0.035015
12.517642 0.061045
12.556090 0.038448
12.587581 0.031490
12.623275 0.035694
12.677634 0.054359
12.706556 0.028922
12.748272 0.041716
12.789936 0.041665
12.831610 0.041674
12.873265 0.041655
12.914948 0.041683
12.956609 0.041661
13.028065 0.071456
13.081622 0.053557
13.123263 0.041641
13.164932 0.041668
13.243688 0.078757
13.289934 0.046245
13.331614 0.041680
13.379054 0.047440
13.416824 0.037770
13.456614 0.039790
13.498221 0.041607
13.539943 0.041722
13.581618 0.041675
13.632689 0.051071
13.669644 0.036955
13.734425 0.064781
13.781153 0.046728
13.831593 0.050440
13.873278 0.041685
13.914941 0.041663
13.956561 0.041619
13.998274 0.041714
14.039944 0.041670
14.081625 0.041681
14.123269 0.041643
14.164937 0.041668
14.206601 0.041664
14.248274 0.041673
14.289938 0.041664
14.331562 0.041624
14.373282 0.041720
14.425707 0.052425
14.613351 0.187644
14.664928 0.051577
14.706597 0.041669
14.748265 0.041668
14.789938 0.041672
14.836988 0.047050
14.876981 0.039993
14.914942 0.037961
14.956602 0.041660
14.998268 0.041666
15.039933 0.041666
15.081636 0.041703
15.123270 0.041634
15.164933 0.041663
15.206614 0.041681
15.248269 0.041655
15.289931 0.041662
15.331597 0.041665
15.373266 0.041670
15.414930 0.041664
15.456602 0.041672
15.537596 0.080994
15.581608 0.044012
15.623262 0.041654
15.664931 0.041669
15.706699 0.041767
15.748278 0.041579
15.789934 0.041657
15.831612 0.041678
15.873220 0.041608
15.914935 0.041714
15.956827 0.041893
15.998219 0.041392
16.039933 0.041714
16.081563 0.041631
16.123265 0.041702
16.164930 0.041665
16.206598 0.041668
16.248267 0.041669
16.289931 0.041664
16.331598 0.041667
16.373217 0.041619
16.414931 0.041715
16.466651 0.051719
16.498265 0.031614
16.553637 0.055372
16.581641 0.028004
16.623266 0.041625
16.667072 0.043806
16.708599 0.041528
16.748269 0.039670
16.789935 0.041666
16.831602 0.041667
16.873267 0.041665
16.914933 0.041666
16.956599 0.041666
16.998264 0.041665
17.039931 0.041668
17.085954 0.046023
17.123265 0.037311
17.164930 0.041666
17.206600 0.041670
17.248268 0.041667
17.289935 0.041667
17.331613 0.041678
17.373264 0.041652
17.414936 0.041671
17.456597 0.041662
17.498264 0.041667
17.539932 0.041668
17.581614 0.041682
17.623264 0.041650
17.664931 0.041667
17.706599 0.041668
17.748266 0.041667
17.789935 0.041669
17.831599 0.041664
17.873265 0.041666
17.914932 0.041667
17.956598 0.041666
17.998264 0.041666
18.039931 0.041667
18.081621 0.041690
18.123264 0.041643
18.164935 0.041671
18.206600 0.041665
18.248279 0.041679
18.289980 0.041701
18.331597 0.041617
18.373264 0.041667
18.417824 0.044559
18.456602 0.038779
18.498223 0.041621
18.539946 0.041723
18.581580 0.041634
18.623270 0.041690
18.664938 0.041667
18.706601 0.041664
18.748268 0.041667
18.789937 0.041669
18.831601 0.041664
18.873264 0.041662
18.914932 0.041668
19.005636 0.090704
19.071693 0.066057
19.123265 0.051573
19.293636 0.170370
19.336107 0.042472
19.373267 0.037159
19.420413 0.047146
19.456608 0.036195
19.509635 0.053027
19.561640 0.052005
19.581633 0.019993
19.623276 0.041643
19.664935 0.041660
19.706602 0.041667
19.748268 0.041665
19.789938 0.041671
19.831601 0.041663
19.873264 0.041663
19.914931 0.041667
19.956597 0.041666
20.005634 0.049037
20.039931 0.034297
20.081635 0.041704
20.123263 0.041628
20.164930 0.041667
20.206598 0.041668
20.248277 0.041679
20.325636 0.077358
20.381859 0.056224
20.416228 0.034369
20.456611 0.040383
20.498279 0.041668
20.539947 0.041669
20.581628 0.041681
20.623277 0.041648
20.674964 0.051687
20.706607 0.031643
20.748269 0.041662
20.789935 0.041666
20.831611 0.041676
20.873231 0.041620
20.914934 0.041703
20.956605 0.041671
20.998269 0.041664
21.039940 0.041671
21.081611 0.041671
21.123264 0.041653
21.164931 0.041666
21.211753 0.046822
21.248272 0.036519
21.289937 0.041665
21.331600 0.041663
21.373220 0.041621
21.414934 0.041713
21.456609 0.041675
21.498264 0.041656
21.539944 0.041679
21.581624 0.041680
21.623265 0.041641
21.664930 0.041666
21.706611 0.041680
21.748264 0.041653
21.789931 0.041667
21.831596 0.041665
21.873268 0.041672
21.914932 0.041663
21.956602 0.041670
21.998264 0.041662
22.039931 0.041667
22.081626 0.041695
22.123269 0.041643
22.164934 0.041665
22.206598 0.041663
22.248265 0.041667
22.299975 0.051710
22.331598 0.031623
22.373266 0.041668
22.414934 0.041668
22.456603 0.041669
22.498265 0.041662
22.539933 0.041668
22.581636 0.041703
22.623265 0.041629
22.664933 0.041668
22.706612 0.041679
22.749078 0.042466
22.789936 0.040858
22.831555 0.041619
22.873269 0.041715
22.914934 0.041665
22.956614 0.041680
22.998279 0.041665
23.039932 0.041654
23.081618 0.041686
23.123222 0.041604
23.164935 0.041713
23.206558 0.041623
23.248269 0.041711
23.289931 0.041662
23.331599 0.041669
23.393377 0.061778
23.416664 0.023287
23.456581 0.039916
23.527690 0.071109
23.539948 0.012258
23.581582 0.041634
23.623270 0.041688
23.664941 0.041671
23.706599 0.041657
23.748271 0.041672
23.789936 0.041666
23.831601 0.041664
23.873282 0.041681
23.914937 0.041655
23.956608 0.041671
23.998270 0.041662
24.039945 0.041676
24.081638 0.041692
24.127683 0.046046
24.164941 0.037258
24.206611 0.041670
24.248265 0.041654
24.325635 0.077370
24.373266 0.047631
24.417954 0.044688
24.460021 0.042067
24.498274 0.038254
24.539941 0.041666
24.581616 0.041675
24.623269 0.041653
24.664933 0.041665
24.706600 0.041667
24.748269 0.041669
24.789936 0.041667
24.831606 0.041670
24.873264 0.041658
24.914931 0.041667
24.977235 0.062303
25.039933 0.062698
25.091884 0.051951
25.123217 0.031333
25.165644 0.042427
25.206602 0.040958
25.248273 0.041671
25.289931 0.041658
25.369635 0.079704
25.414902 0.045266
25.456613 0.041711
25.503978 0.047365
25.539928 0.035951
25.581629 0.041701
25.623267 0.041638
25.664935 0.041668
25.706602 0.041668
25.748267 0.041665
25.789933 0.041666
25.831599 0.041666
25.873266 0.041666
25.914932 0.041666
25.956598 0.041666
25.998270 0.041672
26.039931 0.041662
26.081618 0.041687
26.123265 0.041647
26.164931 0.041665
26.206598 0.041667
26.248264 0.041666
26.289931 0.041667
26.331602 0.041671
26.373225 0.041623
26.414936 0.041711
26.456598 0.041662
26.498266 0.041668
26.539932 0.041665
26.581635 0.041703
26.628291 0.046656
26.664936 0.036645
26.706606 0.041670
26.748269 0.041663
26.789935 0.041666
26.831602 0.041667
26.873265 0.041664
26.914932 0.041666
26.956598 0.041666
27.015840 0.059242
27.039931 0.024091
27.084621 0.044690
27.123267 0.038646
27.164936 0.041668
27.206614 0.041679
27.248272 0.041657
27.289938 0.041666
27.331600 0.041662
27.373266 0.041666
27.414945 0.041679
27.456607 0.041663
27.498267 0.041660
27.539936 0.041669
27.581620 0.041684
27.623271 0.041651
27.664936 0.041665
27.706610 0.041674
27.748278 0.041668
27.789933 0.041655
27.831598 0.041666
27.873265 0.041667
27.914932 0.041667
27.956602 0.041670
27.998268 0.041665
28.039938 0.041671
28.081615 0.041677
28.123264 0.041649
28.164931 0.041667
28.206598 0.041666
28.248265 0.041667
28.289931 0.041665
28.331598 0.041668
28.373270 0.041672
28.414937 0.041667
28.456597 0.041660
28.498264 0.041667
28.539932 0.041668
28.581585 0.041653
28.623263 0.041679
28.664932 0.041668
28.706598 0.041666
28.748265 0.041667
28.806007 0.057743
28.831602 0.025595
28.873276 0.041674
28.914937 0.041661
28.956554 0.041618
28.998267 0.041712
29.039949 0.041682
29.081615 0.041667
29.137007 0.055392
29.164931 0.027924
29.206598 0.041666
29.248267 0.041670
29.289934 0.041667
29.331599 0.041665
29.373265 0.041665
29.414931 0.041667
29.456598 0.041667
29.498265 0.041667
29.539932 0.041667
29.581615 0.041683
29.623265 0.041650
29.664937 0.041672
29.706612 0.041675
29.748270 0.041658
29.789938 0.041668
29.831598 0.041660
29.873216 0.041618
29.914930 0.041714
29.956598 0.041668
29.998264 0.041666
30.087693 0.089429
30.127680 0.039987
30.164931 0.037251
30.261639 0.096707
30.289926 0.028288
30.338462 0.048535
30.391163 0.052701
30.437639 0.046477
30.485746 0.048107
30.539933 0.054187
30.581587 0.041655
30.623268 0.041681
30.664949 0.041681
30.708455 0.043506
30.748274 0.039819
30.829637 0.081363
30.873219 0.043582
30.926901 0.053682
30.981287 0.054386
31.019700 0.038413
31.044447 0.024747
31.081615 0.037169
31.161635 0.080019
31.214030 0.052395
31.271847 0.057817
31.298933 0.027086
31.331595 0.032662
31.373265 0.041670
31.414935 0.041669
31.456603 0.041668
31.498230 0.041627
31.539942 0.041712
31.587685 0.047744
31.623278 0.035592
31.664935 0.041657
31.775691 0.110756
31.831604 0.055913
31.875830 0.044226
31.914932 0.039102
32.013635 0.098703
32.081618 0.067983
32.123262 0.041644
32.178697 0.055435
32.206602 0.027905
32.281634 0.075032
32.340472 0.058838
32.385637 0.045165
32.439428 0.053791
32.486963 0.047536
32.539931 0.052968
32.581612 0.041681
32.636347 0.054735
32.704518 0.068171
32.748264 0.043746
32.798903 0.050639
32.831606 0.032704
32.873219 0.041613
32.914932 0.041713
32.956604 0.041672
32.998267 0.041663
33.039942 0.041674
33.081618 0.041676
33.123278 0.041660
33.164941 0.041663
33.206609 0.041668
33.278138 0.071529
33.331595 0.053456
33.373265 0.041671
33.414927 0.041662
33.501062 0.086135
33.554191 0.053129
33.581637 0.027446
33.623264 0.041627
33.664941 0.041676
33.706599 0.041659
33.748274 0.041675
33.789942 0.041668
33.831599 0.041656
33.877716 0.046117
33.951702 0.073986
33.998262 0.046560
34.046080 0.047818
34.085723 0.039644
34.123267 0.037543
34.164937 0.041671
34.206553 0.041616
34.248269 0.041715
34.289934 0.041665
34.331608 0.041674
34.373269 0.041662
34.414934 0.041665
34.456613 0.041680
34.498264 0.041651
34.539932 0.041667
34.581616 0.041685
34.629699 0.048082
34.664932 0.035233
34.713651 0.048719
34.748269 0.034618
34.789937 0.041667
34.831604 0.041667
34.873267 0.041663
34.914936 0.041669
34.956604 0.041668
34.998264 0.041660
35.039931 0.041667
35.081623 0.041692
35.123270 0.041647
35.164932 0.041662
35.206598 0.041666
35.248265 0.041667
35.289932 0.041667
35.331598 0.041666
35.373265 0.041668
35.414936 0.041670
35.456616 0.041680
35.498264 0.041648
35.539932 0.041668
35.581594 0.041662
35.623265 0.041671
35.681636 0.058372
35.706598 0.024962
35.754307 0.047709
35.789936 0.035629
35.831555 0.041619
35.873222 0.041667
35.914936 0.041715
35.956600 0.041664
35.998222 0.041622
36.039931 0.041709
36.081587 0.041656
36.137642 0.056056
36.164932 0.027289
36.206598 0.041667
36.248263 0.041665
36.289928 0.041665
36.335967 0.046039
36.373270 0.037303
36.414936 0.041667
36.456613 0.041677
36.498265 0.041652
36.539932 0.041667
36.581624 0.041692
36.623264 0.041640
36.664931 0.041667
36.706598 0.041667
36.748224 0.041626
36.789931 0.041707
36.831603 0.041672
36.873261 0.041658
36.914941 0.041680
36.956603 0.041662
36.998267 0.041664
37.039934 0.041667
37.081577 0.041643
37.123278 0.041701
37.164931 0.041653
37.206598 0.041667
37.248265 0.041666
37.289931 0.041667
37.331605 0.041674
37.373264 0.041658
37.414932 0.041668
37.456598 0.041666
37.498265 0.041667
37.549982 0.051717
37.581587 0.031605
37.623269 0.041683
37.664937 0.041667
37.706603 0.041666
37.748268 0.041665
37.789932 0.041664
37.831597 0.041666
37.873263 0.041666
37.914932 0.041668
37.956598 0.041667
37.998265 0.041667
38.039931 0.041666
38.081584 0.041653
38.127783 0.046198
38.164936 0.037153
38.206610 0.041675
38.248268 0.041658
38.301386 0.053118
38.331606 0.030220
38.375648 0.044042
38.414936 0.039288
38.456603 0.041667
38.498275 0.041672
38.539937 0.041662
38.581615 0.041678
38.623269 0.041654
38.664938 0.041669
38.706597 0.041659
38.748264 0.041667
38.789931 0.041667
38.831603 0.041672
38.873270 0.041667
38.914943 0.041672
38.956613 0.041670
38.998271 0.041658
39.039936 0.041665
39.081586 0.041650
39.123274 0.041689
39.164932 0.041658
39.206598 0.041666
39.248264 0.041666
39.289931 0.041667
39.331598 0.041667
39.373278 0.041680
39.414901 0.041623
39.456604 0.041702
39.498265 0.041662
39.539932 0.041666
39.597871 0.057939
39.623267 0.025396
39.664932 0.041666
39.706611 0.041678
39.756562 0.049951
39.789936 0.033374
39.831608 0.041672
39.873266 0.041658
39.914932 0.041667
39.956599 0.041666
40.017590 0.060992
40.081620 0.064029
40.123280 0.041660
40.164936 0.041657
40.206597 0.041661
40.248264 0.041667
40.289937 0.041672
40.331556 0.041619
40.373270 0.041714
40.414937 0.041666
40.456609 0.041672
40.498267 0.041658
40.539939 0.041671
40.581614 0.041676
40.623265 0.041651
40.675105 0.051840
40.706598 0.031493
40.748267 0.041669
40.789945 0.041679
40.831598 0.041653
40.873272 0.041674
40.914937 0.041665
40.956604 0.041667
40.998220 0.041616
41.039937 0.041717
41.081587 0.041650
41.123266 0.041679
41.164932 0.041666
41.206599 0.041667
41.248265 0.041666
41.289934 0.041669
41.331613 0.041679
41.373265 0.041652
41.414932 0.041667
41.456599 0.041667
41.498265 0.041667
41.539931 0.041666
41.581616 0.041685
41.623265 0.041649
41.664932 0.041667
41.716651 0.051719
41.748265 0.031614
41.789937 0.041672
41.831603 0.041666
41.873220 0.041617
41.914934 0.041714
41.956614 0.041680
41.998267 0.041653
42.039937 0.041670
42.081596 0.041659
42.123266 0.041670
42.164931 0.041665
42.206599 0.041668
42.248266 0.041668
42.289932 0.041666
42.331598 0.041666
42.373266 0.041668
42.429569 0.056303
42.456600 0.027031
42.498266 0.041666
42.580152 0.081886
42.623271 0.043119
42.664933 0.041661
42.706613 0.041680
42.748276 0.041663
42.789935 0.041659
42.831604 0.041670
42.873468 0.041863
42.914937 0.041469
42.956612 0.041675
43.004851 0.048239
43.049642 0.044791
43.083639 0.033997
43.123221 0.039583
43.164937 0.041716
43.206602 0.041665
43.248271 0.041669
43.289937 0.041666
43.331616 0.041679
43.373264 0.041648
43.414932 0.041668
43.456599 0.041666
43.498264 0.041666
43.539937 0.041673
43.581618 0.041681
43.623277 0.041659
43.664937 0.041660
43.706604 0.041667
43.748220 0.041616
43.789934 0.041714
43.831609 0.041675
43.873271 0.041663
43.914942 0.041670
43.956600 0.041658
43.998264 0.041664
44.039930 0.041666
44.081619 0.041689
44.123265 0.041645
44.164936 0.041672
44.206556 0.041620
44.248216 0.041660
44.289933 0.041717
44.331599 0.041666
44.373264 0.041666
44.414937 0.041672
44.456610 0.041673
44.498269 0.041660
44.539938 0.041668
44.581588 0.041651
44.623221 0.041632
44.664936 0.041715
44.706601 0.041665
44.748272 0.041671
44.789932 0.041660
44.831603 0.041671
44.873266 0.041663
44.914950 0.041684
44.956603 0.041653
44.998274 0.041670
45.039937 0.041663
45.081622 0.041686
45.123268 0.041645
45.164935 0.041667
45.206605 0.041670
45.248265 0.041660
45.289930 0.041665
45.331598 0.041668
45.373268 0.041670
45.414906 0.041638
45.456600 0.041693
45.498275 0.041675
45.539935 0.041661
45.581630 0.041695
45.623267 0.041637
45.664934 0.041667
45.706607 0.041672
45.748265 0.041658
45.789931 0.041666
45.831598 0.041667
45.873277 0.041679
45.914934 0.041657
45.956601 0.041668
45.998268 0.041667
46.039945 0.041677
46.081626 0.041682
46.123273 0.041646
46.164930 0.041657
46.206598 0.041669
46.248264 0.041665
46.289931 0.041667
46.369603 0.079672
46.414936 0.045333
46.456600 0.041664
46.507953 0.051353
46.573200 0.065246
46.623525 0.050325
46.665145 0.041620
46.706597 0.041453
46.748276 0.041678
46.789934 0.041658
46.831603 0.041669
46.873274 0.041671
46.914944 0.041670
46.961644 0.046700
46.998262 0.036618
47.043657 0.045395
47.081584 0.037927
47.123267 0.041684
47.164935 0.041668
47.206597 0.041662
47.248269 0.041672
47.289934 0.041665
47.331598 0.041664
47.373264 0.041666
47.428010 0.054746
47.456597 0.028587
47.498278 0.041681
47.565671 0.067393
47.617643 0.051972
47.664935 0.047291
47.706597 0.041663
47.748274 0.041677
47.789927 0.041653
47.831605 0.041677
47.873267 0.041662
47.914936 0.041669
47.956601 0.041665
47.998268 0.041668
48.039935 0.041667
48.081624 0.041689
48.123265 0.041641
48.164932 0.041667
48.206597 0.041666
48.248218 0.041621
48.289931 0.041713
48.331597 0.041666
48.373263 0.041666
48.414930 0.041667
48.456602 0.041672
48.498227 0.041625
48.539932 0.041705
48.581622 0.041691
48.623266 0.041643
48.664934 0.041669
48.706603 0.041669
48.748265 0.041662
48.789931 0.041666
48.831599 0.041668
48.874412 0.042813
48.914943 0.040531
48.956611 0.041668
49.039928 0.083317
49.081628 0.041700
49.123267 0.041639
49.175082 0.051815
49.206608 0.031527
49.248270 0.041662
49.289935 0.041664
49.331601 0.041666
49.373269 0.041668
49.414932 0.041663
49.456597 0.041665
49.498266 0.041668
49.539933 0.041667
49.581560 0.041627
49.623265 0.041704
49.664933 0.041668
49.706614 0.041681
49.758404 0.051790
49.789940 0.031536
49.831611 0.041671
49.873265 0.041654
49.964775 0.091510
49.998262 0.033487
50.039932 0.041670
50.081611 0.041678
50.123271 0.041661
50.164930 0.041659
50.206605 0.041674
50.248278 0.041673
50.289936 0.041658
50.331602 0.041666
50.373268 0.041666
50.414934 0.041666
50.456603 0.041668
50.498269 0.041666
50.539947 0.041678
50.581627 0.041680
50.623266 0.041640
50.664930 0.041664
50.714675 0.049744
50.748264 0.033589
50.798753 0.050489
50.831599 0.032846
50.901611 0.070012
50.926090 0.024479
50.956611 0.030520
50.998221 0.041611
51.039933 0.041712
51.081626 0.041693
51.123221 0.041595
51.164935 0.041714
51.206608 0.041674
51.248265 0.041657
51.289932 0.041667
51.331599 0.041667
51.373264 0.041665
51.414932 0.041668
51.469648 0.054715
51.498265 0.028617
51.539945 0.041680
51.581596 0.041651
51.623270 0.041674
51.664934 0.041665
51.706605 0.041670
51.748266 0.041661
51.789931 0.041666
51.831598 0.041667
51.883308 0.051709
51.914932 0.031624
51.974236 0.059305
51.998221 0.023984
52.039934 0.041713
52.081567 0.041633
52.123276 0.041709
52.164937 0.041661
52.206612 0.041675
52.248262 0.041650
52.293428 0.045166
52.331601 0.038174
52.373270 0.041668
52.414936 0.041667
52.456601 0.041665
52.498272 0.041671
52.539933 0.041661
52.601637 0.061704
52.623266 0.021629
52.664931 0.041665
52.706603 0.041672
52.748269 0.041666
52.789947 0.041678
52.831603 0.041657
52.873266 0.041663
52.914931 0.041665
52.956610 0.041679
52.998270 0.041660
53.039935 0.041665
53.081574 0.041639
53.123230 0.041656
53.164930 0.041700
53.206603 0.041673
53.248228 0.041625
53.289939 0.041711
53.377644 0.087706
53.437640 0.059996
53.456598 0.018959
53.545648 0.089049
53.597639 0.051991
53.623268 0.025629
53.666540 0.043272
53.706598 0.040058
53.761635 0.055037
53.789945 0.028310
53.841295 0.051350
53.892970 0.051675
53.914932 0.021962
53.960656 0.045724
54.007636 0.046981
54.061582 0.053945
54.104275 0.042693
54.164935 0.060660
54.206598 0.041663
54.248275 0.041678
54.289906 0.041631
54.331604 0.041697
54.373268 0.041665
54.414934 0.041666
54.456610 0.041676
54.498220 0.041610
54.539939 0.041719
54.581629 0.041690
54.623224 0.041594
54.664932 0.041708
54.706599 0.041667
54.758555 0.051957
54.789931 0.031375
54.831598 0.041667
54.875970 0.044372
54.914929 0.038959
54.960679 0.045750
54.998269 0.037590
55.039934 0.041665
55.081623 0.041688
55.123226 0.041604
55.164932 0.041706
55.206599 0.041666
55.248265 0.041666
55.289932 0.041668
55.331598 0.041665
55.383396 0.051798
55.414931 0.031536
55.456599 0.041668
55.498270 0.041671
55.539936 0.041666
55.581583 0.041647
55.623221 0.041638
55.664935 0.041715
55.706601 0.041666
55.748268 0.041667
55.789936 0.041668
55.831601 0.041665
55.873281 0.041680
55.914932 0.041652
55.956599 0.041667
55.998264 0.041665
56.039932 0.041667
56.081621 0.041690
56.123263 0.041642
56.164932 0.041669
56.206598 0.041666
56.248269 0.041671
56.289942 0.041673
56.331598 0.041656
56.373266 0.041668
56.414931 0.041665
56.456599 0.041668
56.498269 0.041670
56.539932 0.041663
56.581596 0.041664
56.623264 0.041668
56.664932 0.041668
56.706607 0.041675
56.748275 0.041668
56.789932 0.041656
56.831598 0.041667
56.873265 0.041666
56.914933 0.041668
56.956604 0.041671
56.998281 0.041677
57.039932 0.041652
57.081560 0.041628
57.123265 0.041705
57.164931 0.041666
57.206600 0.041669
57.248265 0.041666
57.289933 0.041668
57.331604 0.041672
57.373278 0.041674
57.414893 0.041615
57.456555 0.041662
57.498269 0.041713
57.539936 0.041668
57.581576 0.041640
57.623223 0.041647
57.664933 0.041710
57.706612 0.041679
57.788195 0.081583
57.835319 0.047124
57.873276 0.037957
57.914946 0.041670
57.956599 0.041653
57.998267 0.041668
58.039945 0.041678
58.081635 0.041690
58.127700 0.046065
58.164936 0.037236
58.206602 0.041666
58.248268 0.041666
58.289937 0.041668
58.331601 0.041664
58.373234 0.041633
58.414931 0.041698
58.456599 0.041668
58.498265 0.041666
58.546545 0.048281
58.581591 0.035046
58.623264 0.041673
58.664945 0.041681
58.706604 0.041658
58.748280 0.041676
58.789937 0.041657
58.831556 0.041619
58.873272 0.041716
58.914937 0.041666
58.956604 0.041666
58.998277 0.041674
59.039933 0.041656
59.081640 0.041707
59.141858 0.060217
59.164931 0.023074
59.206606 0.041675
59.248228 0.041621
59.289936 0.041708
59.331602 0.041666
59.373273 0.041672
59.414938 0.041664
59.456604 0.041666
59.498268 0.041664
59.539932 0.041664
59.581586 0.041654
59.633320 0.051734
59.664931 0.031611
59.706596 0.041665
59.767149 0.060554
59.794697 0.027548
59.831604 0.036907
59.873221 0.041617
59.914941 0.041719
59.956604 0.041663
59.998221 0.041618
60.039936 0.041715
60.081570 0.041633
60.123266 0.041696
60.164930 0.041664
60.206597 0.041667
60.248273 0.041676
60.289950 0.041677
60.331598 0.041649
60.373265 0.041667
60.414935 0.041670
60.456602 0.041667
60.498268 0.041666
60.539935 0.041667
60.581621 0.041686
60.623267 0.041646
60.664947 0.041680
60.706599 0.041652
60.748264 0.041665
60.789932 0.041668
60.831598 0.041666
60.873264 0.041666
60.927930 0.054666
60.956598 0.028668
61.019691 0.063093
61.069611 0.049921
61.123264 0.053653
61.198969 0.075705
61.248266 0.049297
61.298570 0.050304
61.331595 0.033026
61.373265 0.041670
61.435695 0.062430
61.498262 0.062567
61.539928 0.041666
61.581574 0.041646
61.630613 0.049038
61.664936 0.034323
61.706594 0.041658
61.749455 0.042861
61.789936 0.040481
61.831602 0.041666
61.873269 0.041667
61.914944 0.041676
61.956611 0.041667
61.998264 0.041653
62.039932 0.041668
62.081671 0.041738
62.138608 0.056938
62.183623 0.045015
62.238534 0.054911
62.289931 0.051397
62.331593 0.041662
62.373264 0.041670
62.423475 0.050211
62.456603 0.033128
62.498268 0.041666
62.539935 0.041667
62.581614 0.041679
62.623267 0.041652
62.664935 0.041668
62.706604 0.041669
62.748279 0.041675
62.817635 0.069356
62.871689 0.054054
62.914944 0.043255
62.960727 0.045783
62.998276 0.037549
63.039946 0.041670
63.081619 0.041673
63.123268 0.041649
63.164931 0.041663
63.206601 0.041670
63.248218 0.041617
63.289944 0.041726
63.331599 0.041656
63.376771 0.045171
63.423172 0.046401
63.456604 0.033432
63.505047 0.048443
63.539943 0.034896
63.581617 0.041674
63.627689 0.046072
63.664936 0.037246
63.706602 0.041666
63.748229 0.041627
63.789934 0.041705
63.831614 0.041680
63.873275 0.041661
63.914934 0.041659
63.956598 0.041664
63.998268 0.041671
64.039938 0.041670
64.081633 0.041694
64.123271 0.041638
64.164936 0.041666
64.206600 0.041664
64.248280 0.041680
64.289934 0.041654
64.331599 0.041664
64.373265 0.041666
64.414937 0.041672
64.456554 0.041618
64.498219 0.041665
64.539946 0.041727
64.581588 0.041641
64.623265 0.041677
64.664931 0.041666
64.706598 0.041667
64.748265 0.041667
64.789932 0.041667
64.849639 0.059707
64.873264 0.023625
64.914931 0.041667
64.956612 0.041681
65.023657 0.067045
65.081616 0.057959
65.123281 0.041666
65.164931 0.041650
65.206608 0.041677
65.248259 0.041651
65.289935 0.041676
65.331600 0.041665
65.373269 0.041670
65.414900 0.041630
65.456599 0.041699
65.498219 0.041620
65.539939 0.041720
65.581616 0.041677
65.623264 0.041647
65.664931 0.041668
65.716650 0.051719
65.748265 0.031615
65.789936 0.041671
65.831602 0.041666
65.873269 0.041667
65.914935 0.041666
65.956610 0.041676
65.998264 0.041654
66.039931 0.041667
66.081623 0.041693
66.123268 0.041645
66.164940 0.041672
66.206597 0.041657
66.248264 0.041667
66.289930 0.041666
66.331597 0.041667
66.373265 0.041668
66.414931 0.041666
66.456598 0.041667
66.498264 0.041667
66.539931 0.041666
66.581623 0.041693
66.623271 0.041648
66.664930 0.041659
66.706597 0.041667
66.748264 0.041668
66.789931 0.041666
66.831601 0.041670
66.873272 0.041671
66.914931 0.041658
66.956597 0.041666
66.998264 0.041668
67.039931 0.041667
67.081613 0.041682
67.125853 0.044240
67.164934 0.039082
67.206599 0.041664
67.248268 0.041670
67.289934 0.041666
67.331603 0.041669
67.373264 0.041661
67.414931 0.041667
67.456597 0.041666
67.498264 0.041668
67.539932 0.041668
67.581614 0.041682
67.623266 0.041652
67.664931 0.041665
67.706597 0.041666
67.748276 0.041679
67.789942 0.041666
67.831594 0.041653
67.873266 0.041672
67.914932 0.041665
67.956596 0.041664
67.998279 0.041684
68.039941 0.041661
68.081591 0.041650
68.123278 0.041687
68.164937 0.041659
68.206598 0.041661
68.248271 0.041673
68.289934 0.041663
68.331604 0.041670
68.373270 0.041666
68.414940 0.041670
68.456600 0.041660
68.498266 0.041666
68.539930 0.041665
68.581586 0.041656
68.623264 0.041678
68.664932 0.041668
68.717841 0.052909
68.748270 0.030429
68.789940 0.041670
68.831603 0.041663
68.873270 0.041667
68.914937 0.041667
68.956608 0.041671
68.998265 0.041658
69.039931 0.041666
69.081616 0.041685
69.123265 0.041649
69.164932 0.041667
69.206598 0.041667
69.248265 0.041667
69.289932 0.041667
69.331598 0.041666
69.375846 0.044248
69.414941 0.039095
69.456603 0.041661
69.498300 0.041698
69.539936 0.041636
69.581591 0.041655
69.623269 0.041678
69.664936 0.041667
69.706609 0.041672
69.748268 0.041659
69.789933 0.041665
69.831599 0.041666
69.873272 0.041673
69.914945 0.041673
69.956598 0.041653
70.037494 0.080897
70.081613 0.044118
70.123277 0.041665
70.164945 0.041668
70.206610 0.041665
70.248266 0.041656
70.289934 0.041669
70.331601 0.041667
70.373268 0.041666
70.414941 0.041674
70.456602 0.041661
70.498268 0.041666
70.539939 0.041671
70.581612 0.041673
70.623222 0.041609
70.664935 0.041713
70.706615 0.041680
70.748265 0.041651
70.789931 0.041665
70.831596 0.041665
70.873263 0.041667
70.914932 0.041668
70.956602 0.041670
70.998269 0.041667
71.039933 0.041664
71.081624 0.041691
71.123265 0.041640
71.164931 0.041667
71.206597 0.041666
71.248265 0.041668
71.289930 0.041665
71.331609 0.041678
71.373267 0.041658
71.414945 0.041678
71.456602 0.041657
71.498269 0.041668
71.539936 0.041667
71.581636 0.041700
71.623272 0.041637
71.664931 0.041659
71.706598 0.041667
71.748269 0.041671
71.789933 0.041664
71.831600 0.041667
71.873269 0.041669
71.914940 0.041671
71.956597 0.041656
71.998264 0.041667
72.039932 0.041668
72.081587 0.041655
72.139697 0.058111
72.164937 0.025239
72.206602 0.041666
72.248267 0.041665
72.289933 0.041666
72.331601 0.041668
72.373225 0.041623
72.414936 0.041711
72.456596 0.041661
72.498264 0.041668
72.539931 0.041667
72.581626 0.041695
72.623237 0.041610
72.664932 0.041695
72.713907 0.048975
72.748264 0.034357
72.789929 0.041665
72.831613 0.041684
72.877019 0.045406
72.914935 0.037916
72.956551 0.041616
72.998221 0.041670
73.039936 0.041715
73.081597 0.041661
73.123285 0.041688
73.164931 0.041646
73.206597 0.041667
73.248265 0.041668
73.289938 0.041673
73.331610 0.041671
73.373265 0.041655
73.414931 0.041666
73.456599 0.041668
73.498273 0.041674
73.603762 0.105488
73.637188 0.033426
73.664937 0.027749
73.710345 0.045408
73.753491 0.043146
73.789931 0.036440
73.831603 0.041672
73.873270 0.041668
73.914936 0.041666
73.956612 0.041676
73.998267 0.041655
74.039936 0.041669
74.081599 0.041663
74.123266 0.041667
74.164930 0.041664
74.206597 0.041668
74.248278 0.041680
74.309636 0.061358
74.331850 0.022214
74.373219 0.041370
74.414934 0.041715
74.456608 0.041674
74.498219 0.041611
74.539937 0.041718
74.581614 0.041677
74.623264 0.041650
74.664931 0.041667
74.706602 0.041671
74.748221 0.041619
74.789943 0.041722
74.831598 0.041656
74.873264 0.041666
74.914931 0.041667
74.956598 0.041666
74.998265 0.041667
75.039931 0.041666
75.081585 0.041654
75.123265 0.041681
75.164933 0.041667
75.206609 0.041676
75.248281 0.041672
75.289941 0.041660
75.331604 0.041663
75.373265 0.041661
75.414932 0.041666
75.473646 0.058715
75.498270 0.024623
75.553640 0.055371
75.581594 0.027954
75.627679 0.046085
75.664932 0.037253
75.715092 0.050160
75.765633 0.050541
75.809113 0.043480
75.831614 0.022501
75.873637 0.042024
75.914944 0.041307
75.956599 0.041654
76.018495 0.061896
76.039935 0.021440
76.081638 0.041703
76.123220 0.041581
76.164936 0.041716
76.206600 0.041665
76.248218 0.041618
76.289943 0.041724
76.331602 0.041659
76.373274 0.041672
76.414931 0.041657
76.456610 0.041679
76.517610 0.061000
76.560466 0.042856
76.581640 0.021175
76.623273 0.041633
76.664938 0.041664
76.706601 0.041663
76.748267 0.041666
76.789929 0.041662
76.831601 0.041672
76.873221 0.041620
76.914939 0.041718
76.956597 0.041658
76.998264 0.041667
77.039931 0.041667
77.081585 0.041655
77.143190 0.061604
77.179635 0.036445
77.206603 0.026968
77.248277 0.041674
77.289936 0.041659
77.331600 0.041664
77.373267 0.041667
77.414934 0.041667
77.456599 0.041665
77.498219 0.041619
77.539948 0.041730
77.581620 0.041671
77.623264 0.041644
77.682562 0.059298
77.706600 0.024039
77.748264 0.041664
77.801645 0.053381
77.831604 0.029959
77.873269 0.041664
77.914934 0.041666
77.956600 0.041665
77.998268 0.041669
78.039948 0.041679
78.081588 0.041640
78.123265 0.041677
78.164931 0.041666
78.253635 0.088704
78.289937 0.036302
78.331613 0.041676
78.382471 0.050859
78.414933 0.032461
78.456605 0.041673
78.498220 0.041614
78.539944 0.041725
78.581620 0.041676
78.627688 0.046068
78.664934 0.037246
78.706603 0.041669
78.748269 0.041666
78.789934 0.041664
78.831603 0.041669
78.873267 0.041664
78.914932 0.041664
78.976713 0.061781
79.001963 0.025251
79.039935 0.037972
79.081621 0.041686
79.123269 0.041648
79.164933 0.041664
79.206598 0.041665
79.248264 0.041666
79.289932 0.041668
79.341723 0.051791
79.373264 0.031541
79.414932 0.041667
79.473648 0.058716
79.498270 0.024623
79.539936 0.041665
79.581608 0.041672
79.623267 0.041659
79.664937 0.041670
79.706603 0.041666
79.748265 0.041662
79.789931 0.041666
79.831601 0.041670
79.873269 0.041668
79.914943 0.041675
79.956598 0.041655
79.998265 0.041667
80.039931 0.041666
80.081612 0.041681
80.123281 0.041670
80.164950 0.041668
80.206617 0.041667
80.248267 0.041651
80.289932 0.041665
80.331600 0.041668
80.373282 0.041682
80.414954 0.041672
80.456617 0.041663
80.498275 0.041657
80.539930 0.041656
80.581614 0.041684
80.623269 0.041655
80.664933 0.041665
80.706616 0.041683
80.748265 0.041648
80.789932 0.041667
80.831597 0.041666
80.873264 0.041667
80.914932 0.041668
80.956598 0.041666
80.998272 0.041674
81.069637 0.071365
81.123276 0.053640
81.164947 0.041671
81.206599 0.041651
81.248229 0.041630
81.289936 0.041707
81.331604 0.041668
81.373271 0.041667
81.414936 0.041665
81.456604 0.041667
81.498227 0.041624
81.539936 0.041709
81.581616 0.041679
81.623265 0.041649
81.664920 0.041654
81.706599 0.041679
81.748265 0.041666
81.789932 0.041667
81.831605 0.041673
81.873265 0.041660
81.914931 0.041666
81.956598 0.041667
81.998264 0.041666
82.039931 0.041667
82.081624 0.041693
82.123264 0.041641
82.164937 0.041673
82.206601 0.041663
82.248221 0.041621
82.289936 0.041715
82.331609 0.041673
82.373270 0.041661
82.414932 0.041661
82.456600 0.041668
82.498265 0.041665
82.539938 0.041673
82.581619 0.041681
82.623222 0.041603
82.664934 0.041712
82.706606 0.041672
82.748266 0.041660
82.789931 0.041665
82.849644 0.059712
82.873266 0.023622
82.914933 0.041667
82.956610 0.041677
82.998264 0.041655
83.081640 0.083376
83.123265 0.041625
83.202723 0.079458
83.277583 0.074859
83.305579 0.027997
83.355641 0.050061
83.419641 0.064000
83.466247 0.046606
83.500203 0.033957
83.539931 0.039728
83.596540 0.056609
83.642022 0.045482
83.664931 0.022910
83.706597 0.041666
83.771695 0.065097
83.794024 0.022330
83.841108 0.047084
83.895703 0.054595
83.956593 0.060890
83.998230 0.041637
84.039945 0.041715
84.081601 0.041657
84.123268 0.041667
84.164936 0.041668
84.206603 0.041667
84.248222 0.041619
84.289936 0.041714
84.331603 0.041667
84.373271 0.041669
84.414938 0.041667
84.456598 0.041660
84.498264 0.041666
84.539932 0.041669
84.595917 0.055985
84.670372 0.074455
84.706573 0.036202
84.748262 0.041688
84.793191 0.044929
84.867700 0.074509
84.914935 0.047236
84.956587 0.041652
84.998230 0.041643
85.039946 0.041716
85.081594 0.041647
85.123271 0.041678
85.164936 0.041665
85.206557 0.041621
85.248269 0.041712
85.289936 0.041667
85.331552 0.041616
85.373224 0.041672
85.414932 0.041708
85.456597 0.041666
85.517615 0.061018
85.539932 0.022317
85.581618 0.041685
85.649903 0.068285
85.706603 0.056700
85.748231 0.041627
85.791667 0.043436
85.831561 0.039894
85.873275 0.041714
85.914936 0.041661
85.956602 0.041666
85.998220 0.041618
86.039934 0.041714
86.081572 0.041638
86.123268 0.041696
86.164934 0.041666
86.206598 0.041664
86.248264 0.041666
86.289935 0.041671
86.331605 0.041670
86.373266 0.041661
86.414932 0.041666
86.467264 0.052332
86.597636 0.130373
86.633693 0.036057
86.664937 0.031244
86.706552 0.041615
86.748264 0.041712
86.789947 0.041683
86.831603 0.041656
86.873222 0.041619
86.914937 0.041715
86.956603 0.041666
86.998233 0.041630
87.039938 0.041705
87.081624 0.041686
87.123265 0.041641
87.164944 0.041679
87.206603 0.041659
87.263987 0.057384
87.289937 0.025950
87.331602 0.041665
87.373223 0.041621
87.414935 0.041712
87.456602 0.041667
87.498224 0.041622
87.539936 0.041711
87.581617 0.041681
87.623268 0.041650
87.664932 0.041664
87.706597 0.041665
87.748265 0.041668
87.789932 0.041667
87.831609 0.041676
87.873279 0.041671
87.914933 0.041653
87.956599 0.041667
88.008321 0.051722
88.039932 0.031611
88.086246 0.046314
88.123266 0.037020
88.164945 0.041679
88.206598 0.041653
88.261643 0.055045
88.309641 0.047998
88.358317 0.048677
88.382065 0.023748
88.453632 0.071566
88.507341 0.053709
88.540975 0.033634
88.581606 0.040630
88.623264 0.041658
88.664930 0.041666
88.706603 0.041672
88.748268 0.041666
88.789935 0.041666
88.831551 0.041617
88.873268 0.041717
88.914935 0.041667
88.956601 0.041666
88.998217 0.041616
89.039932 0.041715
89.081614 0.041683
89.123217 0.041602
89.164934 0.041717
89.206595 0.041662
89.248270 0.041674
89.289943 0.041674
89.351508 0.061565
89.373266 0.021758
89.414943 0.041677
89.456610 0.041668
89.498269 0.041659
89.539935 0.041666
89.581622 0.041687
89.623269 0.041647
89.664934 0.041665
89.706616 0.041682
89.748270 0.041654
89.789931 0.041661
89.831598 0.041667
89.882322 0.050724
89.914932 0.032609
90.002015 0.087083
90.043730 0.041715
90.081615 0.037885
90.123265 0.041650
90.164931 0.041666
90.206601 0.041670
90.248280 0.041678
90.289935 0.041656
90.331608 0.041673
90.373264 0.041656
90.414938 0.041674
90.456597 0.041659
90.498280 0.041683
90.539943 0.041662
90.625583 0.085641
90.673185 0.047602
90.706554 0.033370
90.752392 0.045837
90.789933 0.037542
90.831597 0.041664
90.873269 0.041672
90.914936 0.041667
90.956601 0.041665
90.998229 0.041628
91.039933 0.041704
91.081621 0.041688
91.123274 0.041653
91.164932 0.041657
91.206598 0.041666
91.248264 0.041667
91.289931 0.041667
91.373632 0.083701
91.414936 0.041303
91.456600 0.041664
91.498277 0.041677
91.539945 0.041668
91.581578 0.041632
91.623222 0.041644
91.664937 0.041714
91.706602 0.041666
91.748271 0.041669
91.789943 0.041672
91.831602 0.041659
91.873266 0.041664
91.914931 0.041666
91.973578 0.058647
91.998266 0.024688
92.039933 0.041667
92.081595 0.041662
92.123268 0.041673
92.164937 0.041669
92.206613 0.041676
92.248266 0.041652
92.289933 0.041667
92.331598 0.041665
92.373270 0.041672
92.414934 0.041665
92.456560 0.041626
92.498266 0.041706
92.539931 0.041665
92.581560 0.041628
92.623264 0.041705
92.664933 0.041668
92.706598 0.041665
92.748265 0.041667
92.808660 0.060395
92.831598 0.022938
92.911713 0.080115
92.956599 0.044886
93.007165 0.050567
93.039935 0.032770
93.081622 0.041687
93.123266 0.041643
93.164942 0.041677
93.206604 0.041662
93.248223 0.041619
93.289936 0.041714
93.331611 0.041674
93.373231 0.041620
93.443638 0.070408
93.500046 0.056408
93.539932 0.039886
93.613642 0.073710
93.688199 0.074557
93.706616 0.018417
93.754272 0.047656
93.811642 0.057370
93.845603 0.033961
93.873280 0.027677
93.924721 0.051441
93.956612 0.031891
93.998222 0.041610
94.039935 0.041713
94.081596 0.041661
94.123222 0.041626
94.164944 0.041723
94.206609 0.041664
94.248267 0.041659
94.289934 0.041667
94.331600 0.041666
94.373228 0.041629
94.414937 0.041709
94.456604 0.041666
94.498276 0.041673
94.539946 0.041669
94.585454 0.045508
94.623271 0.037816
94.664938 0.041668
94.706604 0.041666
94.748223 0.041619
94.789935 0.041712
94.831612 0.041677
94.873266 0.041654
94.914932 0.041666
94.985585 0.070653
95.003573 0.017988
95.044158 0.040584
95.137642 0.093484
95.164931 0.027289
95.206611 0.041680
95.248278 0.041667
95.289948 0.041670
95.331595 0.041647
95.373270 0.041674
95.414936 0.041667
95.456602 0.041666
95.498223 0.041620
95.539936 0.041713
95.581593 0.041657
95.623280 0.041687
95.664933 0.041652
95.706599 0.041667
95.748266 0.041666
95.799991 0.051726
95.831599 0.031607
95.873278 0.041680
95.916263 0.042985
95.956603 0.040339
95.998269 0.041666
96.039935 0.041666
96.081612 0.041677
96.123220 0.041608
96.164939 0.041719
96.206600 0.041661
96.248271 0.041671
96.289935 0.041664
96.331601 0.041666
96.373274 0.041673
96.414942 0.041668
96.456598 0.041656
96.498264 0.041666
96.539933 0.041669
96.581596 0.041663
96.623221 0.041625
96.664931 0.041710
96.706599 0.041668
96.748265 0.041666
96.789933 0.041668
96.831600 0.041667
96.873267 0.041667
96.914943 0.041676
96.956603 0.041660
96.998269 0.041666
97.039941 0.041672
97.081627 0.041685
97.123269 0.041643
97.164935 0.041666
97.206604 0.041669
97.248265 0.041661
97.289932 0.041667
97.347842 0.057910
97.373265 0.025422
97.414931 0.041666
97.496050 0.081119
97.517739 0.021689
97.540311 0.022572
97.581621 0.041310
97.623269 0.041647
97.664886 0.041617
97.706615 0.041729
97.748267 0.041652
97.789936 0.041669
97.831597 0.041662
97.883954 0.052356
97.914935 0.030981
97.956606 0.041671
97.998271 0.041664
98.039937 0.041666
98.081590 0.041654
98.123274 0.041684
98.164933 0.041659
98.206598 0.041665
98.248264 0.041666
98.289932 0.041667
98.331602 0.041670
98.373230 0.041628
98.414931 0.041701
98.456599 0.041668
98.498264 0.041665
98.542613 0.044349
98.581625 0.039011
98.623234 0.041610
98.664930 0.041696
98.706601 0.041671
98.748269 0.041667
98.789933 0.041664
98.831616 0.041684
98.873268 0.041651
98.914935 0.041668
98.956599 0.041663
99.069631 0.113032
99.095557 0.025926
99.131559 0.036002
99.164930 0.033371
99.265301 0.100370
99.289926 0.024625
99.331595 0.041669
99.373268 0.041673
99.429684 0.056416
99.456609 0.026924
99.498267 0.041658
99.539940 0.041673
99.581619 0.041679
99.623268 0.041650
99.664935 0.041667
99.706610 0.041675
99.821637 0.115027
99.873222 0.051585
99.914932 0.041710
99.956602 0.041670
100.039927 0.083325
100.081594 0.041667
100.123278 0.041684
100.164933 0.041655
100.206598 0.041666
100.248280 0.041681
100.289936 0.041656
100.331601 0.041665
100.373267 0.041666
100.414934 0.041667
100.456602 0.041668
100.498265 0.041663
100.539931 0.041666
100.581587 0.041656
100.623272 0.041686
100.664935 0.041663
100.706613 0.041678
100.748264 0.041651
100.789930 0.041666
100.831598 0.041668
100.873276 0.041679
100.914934 0.041658
100.956597 0.041663
100.998265 0.041667
101.039931 0.041667
101.081617 0.041686
101.123265 0.041648
101.164931 0.041666
101.206598 0.041668
101.248264 0.041665
101.289933 0.041669
101.331602 0.041669
101.373269 0.041667
101.414935 0.041667
101.456613 0.041678
101.498275 0.041661
101.539931 0.041656
101.581615 0.041684
101.637625 0.056010
101.664931 0.027306
101.731162 0.066231
101.752634 0.021472
101.789935 0.037301
101.831600 0.041664
101.873274 0.041674
101.914935 0.041661
101.956553 0.041619
101.998268 0.041714
102.039940 0.041672
102.081587 0.041647
102.123264 0.041677
102.164930 0.041667
102.206599 0.041668
102.248264 0.041665
102.289931 0.041667
102.331597 0.041666
102.378025 0.046428
102.425448 0.047423
102.456577 0.031129
102.514072 0.057495
102.539931 0.025859
102.581593 0.041662
102.623277 0.041684
102.664946 0.041669
102.706598 0.041652
102.757520 0.050922
102.829518 0.071998
102.873262 0.043744
102.914941 0.041679
102.956601 0.041660
102.998274 0.041673
103.039946 0.041672
103.081625 0.041679
103.123219 0.041594
103.173613 0.050394
103.206602 0.032989
103.248220 0.041618
103.289934 0.041715
103.331599 0.041664
103.373264 0.041666
103.441603 0.068339
103.458687 0.017084
103.505665 0.046977
103.539935 0.034271
103.581584 0.041649
103.623259 0.041675
103.685582 0.062322
103.718666 0.033084
103.748225 0.029559
103.853608 0.105383
103.880403 0.026795
103.921968 0.041565
103.956608 0.034640
104.011820 0.055212
104.043624 0.031804
104.081624 0.038001
104.123229 0.041604
104.164937 0.041708
104.206601 0.041664
104.248221 0.041620
104.289942 0.041721
104.331598 0.041656
104.373266 0.041667
104.417920 0.044654
104.456598 0.038679
104.498264 0.041666
104.549263 0.050999
104.581587 0.032324
104.623265 0.041677
104.664936 0.041671
104.706601 0.041665
104.748268 0.041667
104.789946 0.041678
104.831597 0.041651
104.873275 0.041678
104.914930 0.041655
104.956597 0.041667
104.998270 0.041673
105.039931 0.041661
105.081611 0.041680
105.123264 0.041653
105.164931 0.041667
105.206608 0.041677
105.257640 0.051032
105.289936 0.032296
105.331602 0.041666
105.373220 0.041618
105.414933 0.041713
105.456600 0.041667
105.498273 0.041672
105.539930 0.041658
105.581594 0.041664
105.623264 0.041670
105.664930 0.041666
105.706598 0.041667
105.765642 0.059044
105.789942 0.024300
105.842286 0.052344
105.897826 0.055540
105.956605 0.058780
105.998219 0.041613
106.039942 0.041723
106.081624 0.041682
106.123218 0.041594
106.164936 0.041718
106.206602 0.041667
106.248221 0.041619
106.289935 0.041714
106.331602 0.041668
106.373268 0.041666
106.414942 0.041674
106.456598 0.041656
106.505805 0.049207
106.539931 0.034126
106.581612 0.041681
106.641633 0.060021
106.706594 0.064961
106.748226 0.041632
106.789931 0.041705
106.831610 0.041679
106.873269 0.041660
106.914934 0.041664
106.956600 0.041667
106.998270 0.041669
107.039936 0.041667
107.081595 0.041659
107.123271 0.041676
107.164931 0.041660
107.206597 0.041666
107.248263 0.041666
107.289931 0.041667
107.331597 0.041666
107.373265 0.041668
107.414930 0.041666
107.456597 0.041667
107.498276 0.041678
107.540841 0.042565
107.581619 0.040778
107.623266 0.041647
107.664931 0.041665
107.706598 0.041667
107.748264 0.041666
107.789943 0.041679
107.831606 0.041663
107.873278 0.041672
107.914935 0.041657
107.956602 0.041667
107.998277 0.041675
108.040124 0.041847
108.081588 0.041465
108.123220 0.041632
108.164933 0.041713
108.206601 0.041667
108.248220 0.041619
108.289938 0.041718
108.331601 0.041662
108.373264 0.041663
108.414931 0.041667
108.469621 0.054690
108.498265 0.028644
108.539931 0.041666
108.581612 0.041681
108.623265 0.041653
108.664931 0.041667
108.706597 0.041666
108.748264 0.041666
108.789932 0.041668
108.831599 0.041667
108.873221 0.041622
108.914935 0.041715
108.956607 0.041671
108.998265 0.041658
109.039931 0.041666
109.081578 0.041648
109.123264 0.041686
109.179874 0.056610
109.206597 0.026723
109.248278 0.041681
109.289931 0.041653
109.331598 0.041667
109.373269 0.041671
109.414935 0.041666
109.456602 0.041667
109.498268 0.041666
109.539933 0.041665
109.581597 0.041664
109.623266 0.041669
109.664930 0.041664
109.706598 0.041668
109.748264 0.041666
109.789932 0.041668
109.831598 0.041666
109.873265 0.041667
109.914933 0.041668
109.956613 0.041680
109.998265 0.041652
110.039931 0.041666
110.081616 0.041685
110.123264 0.041648
110.177720 0.054456
110.206597 0.028877
110.248265 0.041668
110.289934 0.041669
110.331601 0.041667
110.373269 0.041668
110.414936 0.041668
110.456603 0.041667
110.498264 0.041661
110.539930 0.041666
110.581624 0.041693
110.623276 0.041652
110.674796 0.051521
110.706612 0.031815
110.748265 0.041653
110.789931 0.041666
110.833611 0.043680
110.873213 0.039602
110.914936 0.041723
110.956554 0.041618
110.998230 0.041677
111.039936 0.041705
111.081620 0.041684
111.123264 0.041645
111.164932 0.041667
111.206603 0.041672
111.248265 0.041662
111.289934 0.041669
111.331597 0.041663
111.373265 0.041668
111.421647 0.048383
111.456598 0.034951
111.498262 0.041664
111.539936 0.041674
111.581599 0.041663
111.623267 0.041668
111.664935 0.041669
111.706600 0.041664
111.748265 0.041665
111.789932 0.041667
111.831598 0.041666
111.891731 0.060133
111.914931 0.023200
111.956602 0.041671
111.998227 0.041625
112.039936 0.041709
112.081626 0.041690
112.123274 0.041648
112.164931 0.041656
112.216655 0.051724
112.248263 0.031608
112.289931 0.041668
112.331598 0.041667
112.373222 0.041624
112.414934 0.041712
112.456608 0.041674
112.498276 0.041668
112.539932 0.041656
112.581594 0.041662
112.623264 0.041670
112.664932 0.041667
112.706602 0.041670
112.748268 0.041666
112.789934 0.041666
112.831602 0.041668
112.873250 0.041647
112.914934 0.041685
112.956603 0.041668
112.998272 0.041669
113.039932 0.041660
113.081614 0.041681
113.123266 0.041652
113.175049 0.051784
113.211287 0.036237
113.248271 0.036984
113.289944 0.041673
113.331606 0.041662
113.373273 0.041667
113.414944 0.041671
113.456600 0.041656
113.498269 0.041669
113.539931 0.041662
113.581619 0.041689
113.623266 0.041646
113.685042 0.061777
113.706598 0.021556
113.789637 0.083039
113.831619 0.041982
113.873262 0.041643
113.914945 0.041683
113.956593 0.041649
113.998274 0.041681
114.039936 0.041661
114.081621 0.041685
114.123221 0.041601
114.164943 0.041722
114.206603 0.041660
114.248271 0.041668
114.289931 0.041660
114.331599 0.041668
114.373271 0.041672
114.414933 0.041662
114.456598 0.041665
114.498265 0.041666
114.539932 0.041667
114.581587 0.041655
114.623266 0.041679
114.664936 0.041670
114.706604 0.041668
114.748270 0.041667
114.789945 0.041675
114.831600 0.041656
114.873264 0.041664
114.914931 0.041667
114.997637 0.082706
115.039927 0.042290
115.081616 0.041689
115.124408 0.042792
115.164946 0.040538
115.206597 0.041651
115.248270 0.041672
115.289950 0.041681
115.331601 0.041651
115.373269 0.041668
115.414936 0.041667
115.456601 0.041665
115.498226 0.041625
115.539935 0.041709
115.581621 0.041686
115.623264 0.041643
115.664932 0.041668
115.713634 0.048702
115.748264 0.034630
115.789936 0.041672
115.831605 0.041669
115.873263 0.041658
115.914930 0.041667
115.956599 0.041668
115.998264 0.041666
116.039931 0.041667
116.081583 0.041652
116.123264 0.041681
116.164936 0.041672
116.214379 0.049443
116.248272 0.033893
116.289937 0.041665
116.331555 0.041618
116.373269 0.041714
116.414934 0.041665
116.456611 0.041677
116.498269 0.041658
116.539945 0.041676
116.581600 0.041655
116.627421 0.045821
116.669652 0.042231
116.706603 0.036951
116.748270 0.041667
116.789934 0.041665
116.831603 0.041669
116.873270 0.041667
116.914934 0.041664
116.956603 0.041669
116.998264 0.041661
117.039932 0.041668
117.081609 0.041678
117.123265 0.041656
117.164931 0.041665
117.206598 0.041667
117.311835 0.105237
117.338924 0.027088
117.399697 0.060773
117.483701 0.084004
117.545638 0.061937
117.605634 0.059997
117.650412 0.044778
117.729605 0.079193
117.813630 0.084025
117.853637 0.040007
117.886840 0.033203
117.930539 0.043699
117.960638 0.030099
117.998226 0.037587
118.039935 0.041709
118.081577 0.041642
118.123213 0.041636
118.164935 0.041722
118.206602 0.041667
118.248268 0.041666
118.289938 0.041671
118.331598 0.041659
118.385627 0.054029
118.414931 0.029304
118.456597 0.041666
118.508305 0.051708
118.539931 0.031626
118.581622 0.041692
118.623269 0.041647
118.664937 0.041667
118.706598 0.041662
118.748276 0.041678
118.789935 0.041658
118.849638 0.059703
118.873243 0.023605
118.914935 0.041692
118.956609 0.041674
118.998269 0.041660
119.039935 0.041666
119.081618 0.041683
119.123266 0.041648
119.164936 0.041670
119.206601 0.041665
119.248264 0.041663
119.289931 0.041667
119.331597 0.041666
119.373265 0.041668
119.414930 0.041666
119.456598 0.041667
119.498216 0.041619
119.539932 0.041715
119.581610 0.041679
119.623268 0.041658
119.664942 0.041674
119.706598 0.041656
119.748265 0.041667
119.789931 0.041666
119.831598 0.041667
119.873216 0.041618
119.914930 0.041714
119.956597 0.041666
119.998266 0.041670
120.039934 0.041667
120.081603 0.041669
120.123264 0.041662
120.164931 0.041667
120.206596 0.041665
120.248265 0.041669
120.289934 0.041669
120.331598 0.041663
120.373274 0.041677
120.414931 0.041657
120.456602 0.041671
120.553616 0.097014
120.581616 0.028000
120.623268 0.041652
120.664932 0.041664
120.706610 0.041678
120.748268 0.041657
120.789934 0.041667
120.831599 0.041665
120.873268 0.041669
120.914937 0.041668
120.956554 0.041617
120.998267 0.041713
121.039940 0.041673
121.081586 0.041645
121.123264 0.041678
121.164931 0.041667
121.206597 0.041666
121.248263 0.041666
121.329641 0.081378
121.373267 0.043626
121.414944 0.041677
121.456609 0.041665
121.498276 0.041667
121.539950 0.041674
121.581617 0.041667
121.623269 0.041652
121.664936 0.041666
121.706603 0.041667
121.748266 0.041663
121.789941 0.041674
121.831609 0.041668
121.873264 0.041655
121.914931 0.041666
121.956604 0.041673
122.028163 0.071559
122.081616 0.053453
122.123279 0.041663
122.164941 0.041662
122.208813 0.043871
122.248268 0.039455
122.289939 0.041671
122.331604 0.041664
122.373269 0.041666
122.414934 0.041665
122.456603 0.041669
122.498219 0.041616
122.539932 0.041712
122.581611 0.041680
122.623265 0.041654
122.664930 0.041665
122.716651 0.051722
122.748265 0.031614
122.789941 0.041676
122.861429 0.071488
122.882994 0.021565
122.917839 0.034845
122.956602 0.038763
122.998220 0.041618
123.039938 0.041718
123.081625 0.041687
123.123269 0.041644
123.164948 0.041679
123.206597 0.041649
123.248221 0.041624
123.289936 0.041715
123.331597 0.041662
123.373263 0.041666
123.414931 0.041668
123.456597 0.041666
123.498264 0.041667
123.539931 0.041667
123.581627 0.041695
123.623273 0.041646
123.664930 0.041657
123.706598 0.041668
123.748264 0.041667
123.789931 0.041667
123.881635 0.091704
123.914933 0.033298
123.956611 0.041679
123.998279 0.041667
124.039940 0.041661
124.081597 0.041657
124.123217 0.041620
124.164943 0.041726
124.206602 0.041659
124.248267 0.041666
124.289936 0.041668
124.331598 0.041662
124.373264 0.041667
124.414931 0.041666
124.456596 0.041666
124.498268 0.041671
124.539935 0.041668
124.581591 0.041656
124.623263 0.041673
124.673628 0.050364
124.706597 0.032969
124.748263 0.041667
124.833634 0.085371
124.873260 0.039625
124.914944 0.041684
124.956607 0.041664
124.998265 0.041657
125.039930 0.041665
125.081596 0.041666
125.123267 0.041671
125.164935 0.041668
125.206602 0.041667
125.248266 0.041664
125.289936 0.041670
125.331615 0.041679
125.373265 0.041650
125.414932 0.041666
125.456597 0.041665
125.517612 0.061015
125.539933 0.022321
125.581626 0.041693
125.623274 0.041649
125.664936 0.041662
125.706600 0.041664
125.748276 0.041676
125.789931 0.041655
125.831598 0.041667
125.873265 0.041667
125.914931 0.041666
125.956597 0.041666
125.998266 0.041669
126.039932 0.041666
126.081621 0.041689
126.123283 0.041662
126.164932 0.041650
126.216648 0.051716
126.248264 0.031616
126.289939 0.041675
126.331611 0.041672
126.389635 0.058024
126.441967 0.052332
126.498213 0.056246
126.539946 0.041732
126.581589 0.041643
126.623217 0.041628
126.664932 0.041716
126.706603 0.041671
126.748220 0.041616
126.789938 0.041718
126.831603 0.041665
126.873269 0.041665
126.914936 0.041667
126.956614 0.041679
126.998265 0.041651
127.039932 0.041667
127.097599 0.057666
127.123264 0.025666
127.164930 0.041666
127.206611 0.041681
127.248264 0.041653
127.296532 0.048267
127.331603 0.035071
127.373268 0.041665
127.414935 0.041667
127.456555 0.041620
127.498283 0.041728
127.539934 0.041651
127.581615 0.041682
127.623265 0.041650
127.664931 0.041666
127.706599 0.041668
127.748217 0.041618
127.789932 0.041716
127.831599 0.041666
127.873265 0.041667
127.914932 0.041667
127.956598 0.041666
127.998268 0.041670
128.039951 0.041683
128.081561 0.041610
128.123265 0.041704
128.164932 0.041667
128.206598 0.041666
128.248268 0.041670
128.289940 0.041672
128.331554 0.041614
128.373273 0.041719
128.414932 0.041659
128.456599 0.041668
128.498265 0.041666
128.539935 0.041670
128.581628 0.041693
128.623271 0.041643
128.664933 0.041662
128.706599 0.041666
128.748266 0.041667
128.789931 0.041665
128.831599 0.041668
128.873266 0.041667
128.914932 0.041666
128.956600 0.041668
129.019076 0.062476
129.042181 0.023105
129.081634 0.039454
129.123222 0.041588
129.164932 0.041709
129.206597 0.041665
129.248270 0.041673
129.289945 0.041675
129.331599 0.041653
129.373265 0.041666
129.414934 0.041669
129.456599 0.041665
129.498266 0.041668
129.539932 0.041665
129.581592 0.041660
129.623266 0.041674
129.664930 0.041664
129.706553 0.041622
129.748266 0.041714
129.789931 0.041665
129.831599 0.041667
129.873264 0.041666
129.957639 0.084375
129.999181 0.041541
130.047102 0.047921
130.081614 0.034512
130.174218 0.092605
130.206614 0.032395
130.248265 0.041651
130.289929 0.041664
130.340907 0.050978
130.373227 0.032320
130.414935 0.041708
130.456602 0.041667
130.498268 0.041666
130.539946 0.041677
130.581566 0.041621
130.623279 0.041713
130.664939 0.041660
130.706598 0.041659
130.748266 0.041668
130.789931 0.041665
130.831611 0.041680
130.923215 0.091604
130.974855 0.051640
130.998263 0.023408
131.039932 0.041669
131.081623 0.041691
131.123265 0.041642
131.164931 0.041666
131.206600 0.041669
131.251694 0.045094
131.289932 0.038239
131.339687 0.049755
131.373221 0.033533
131.414935 0.041714
131.456553 0.041618
131.498227 0.041674
131.539935 0.041708
131.581627 0.041692
131.623274 0.041647
131.664936 0.041662
131.706601 0.041664
131.748234 0.041633
131.789935 0.041701
131.831601 0.041667
131.873287 0.041685
131.914936 0.041650
131.956615 0.041679
131.998266 0.041650
132.039932 0.041667
132.081625 0.041693
132.123265 0.041640
132.164933 0.041668
132.206599 0.041667
132.248265 0.041665
132.289932 0.041668
132.331598 0.041666
132.373264 0.041666
132.414932 0.041668
132.456597 0.041665
132.498266 0.041669
132.539931 0.041665
132.581592 0.041661
132.623265 0.041673
132.668896 0.045631
132.706602 0.037706
132.748269 0.041667
132.789936 0.041667
132.831602 0.041666
132.873270 0.041668
132.914942 0.041672
132.956599 0.041657
132.998265 0.041666
133.039932 0.041666
133.081621 0.041689
133.123264 0.041644
133.164933 0.041668
133.206611 0.041678
133.268161 0.061551
133.289930 0.021769
133.331597 0.041667
133.377063 0.045465
133.414937 0.037874
133.456556 0.041619
133.498268 0.041713
133.539932 0.041664
133.581585 0.041654
133.623266 0.041681
133.664932 0.041666
133.706603 0.041671
133.748275 0.041672
133.789945 0.041670
133.831602 0.041657
133.873277 0.041675
133.914944 0.041666
133.956555 0.041611
133.998221 0.041666
134.039945 0.041724
134.081633 0.041688
134.123270 0.041637
134.164936 0.041666
134.206603 0.041667
134.248223 0.041619
134.289937 0.041714
134.331606 0.041669
134.373278 0.041672
134.414937 0.041659
134.456604 0.041667
134.498222 0.041618
134.539937 0.041714
134.581618 0.041681
134.623271 0.041653
134.664951 0.041680
134.706611 0.041660
134.748265 0.041653
134.789932 0.041668
134.831602 0.041670
134.873269 0.041667
134.914943 0.041674
134.956607 0.041664
134.998264 0.041657
135.039933 0.041669
135.081574 0.041642
135.123266 0.041692
135.164931 0.041665
135.206598 0.041667
135.248270 0.041672
135.289933 0.041663
135.331598 0.041665
135.373264 0.041666
135.414932 0.041668
135.456598 0.041667
135.498227 0.041629
135.557295 0.059068
135.581616 0.024320
135.623265 0.041649
135.664930 0.041665
135.706600 0.041670
135.748277 0.041677
135.877639 0.129362
135.914937 0.037298
135.999807 0.084870
136.051424 0.051618
136.117641 0.066217
136.186295 0.068654
136.241589 0.055294
136.289930 0.048341
136.339370 0.049440
136.379670 0.040300
136.453636 0.073966
136.507093 0.053457
136.539951 0.032858
136.591025 0.051075
136.632615 0.041590
136.674197 0.041582
136.836402 0.162204
136.873266 0.036864
136.914929 0.041663
136.956602 0.041673
136.998217 0.041615
137.058752 0.060534
137.090852 0.032100
137.123266 0.032414
137.188912 0.065646
137.206599 0.017687
137.267706 0.061107
137.289908 0.022202
137.331603 0.041695
137.373270 0.041667
137.414934 0.041664
137.456554 0.041620
137.498278 0.041724
137.539936 0.041658
137.581624 0.041688
137.623265 0.041641
137.664932 0.041667
137.706598 0.041666
137.748264 0.041667
137.820097 0.071832
137.837267 0.017171
137.873277 0.036010
137.914931 0.041654
137.959864 0.044933
137.998221 0.038357
138.039941 0.041721
138.081633 0.041692
138.123272 0.041638
138.164945 0.041673
138.206606 0.041661
138.248265 0.041659
138.289934 0.041669
138.331599 0.041665
138.373270 0.041671
138.414936 0.041666
138.456602 0.041666
138.498266 0.041664
138.539932 0.041666
138.581569 0.041637
138.623276 0.041708
138.664938 0.041662
138.706598 0.041660
138.748267 0.041668
138.789933 0.041667
138.837960 0.048027
138.873264 0.035304
138.914932 0.041668
138.956599 0.041668
138.998218 0.041619
139.039932 0.041714
139.081614 0.041682
139.123265 0.041651
139.189629 0.066364
139.208954 0.019325
139.248270 0.039316
139.289936 0.041666
139.331555 0.041619
139.373270 0.041715
139.414935 0.041665
139.456601 0.041666
139.498220 0.041619
139.539941 0.041721
139.581616 0.041675
139.623265 0.041649
139.664933 0.041668
139.706599 0.041666
139.748279 0.041680
139.805639 0.057361
139.831604 0.025965
139.873223 0.041619
139.914938 0.041716
139.956603 0.041665
139.998220 0.041617
140.039948 0.041728
140.081614 0.041666
140.123266 0.041651
140.164932 0.041667
140.206598 0.041665
140.248263 0.041666
140.289942 0.041679
140.331603 0.041661
140.373276 0.041673
140.414935 0.041659
140.456599 0.041664
140.498277 0.041678
140.539938 0.041661
140.581619 0.041680
140.623271 0.041653
140.664937 0.041666
140.706602 0.041665
140.748222 0.041619
140.789942 0.041720
140.831598 0.041657
140.873264 0.041665
140.914932 0.041669
140.956598 0.041666
140.998270 0.041672
141.039932 0.041661
141.081610 0.041678
141.123278 0.041668
141.164930 0.041652
141.206611 0.041681
141.248266 0.041655
141.293320 0.045055
141.331601 0.038280
141.373228 0.041627
141.414937 0.041709
141.456604 0.041668
141.498227 0.041623
141.539935 0.041708
141.581626 0.041690
141.623265 0.041639
141.664932 0.041666
141.706599 0.041668
141.748279 0.041679
141.789934 0.041655
141.831603 0.041669
141.873269 0.041666
141.914934 0.041665
141.956603 0.041669
141.998268 0.041665
142.039942 0.041674
142.081613 0.041671
142.123267 0.041654
142.164932 0.041666
142.233640 0.068708
142.252030 0.018390
142.289935 0.037905
142.331604 0.041669
142.373222 0.041619
142.414935 0.041712
142.456601 0.041667
142.498272 0.041671
142.539932 0.041660
142.581594 0.041661
142.623264 0.041671
142.664932 0.041667
142.726705 0.061773
142.753066 0.026361
142.798727 0.045661
142.831599 0.032872
142.873270 0.041671
142.938224 0.064954
142.956602 0.018378
143.025609 0.069007
143.081611 0.056001
143.123279 0.041669
143.171351 0.048071
143.206598 0.035247
143.248267 0.041669
143.289938 0.041671
143.331604 0.041666
143.373278 0.041674
143.414938 0.041660
143.456611 0.041673
143.498220 0.041610
143.539944 0.041724
143.581585 0.041640
143.623270 0.041686
143.664937 0.041667
143.706599 0.041662
143.748266 0.041667
143.789932 0.041666
143.831599 0.041667
143.873266 0.041667
143.914933 0.041667
143.956599 0.041666
143.998266 0.041667
144.039932 0.041666
144.109638 0.069705
144.153633 0.043995
144.206599 0.052966
144.248264 0.041665
144.292760 0.044496
144.337643 0.044883
144.381774 0.044132
144.414942 0.033168
144.456602 0.041660
144.498231 0.041629
144.539935 0.041704
144.581623 0.041688
144.623221 0.041598
144.664936 0.041715
144.706601 0.041665
144.748275 0.041675
144.789941 0.041665
144.831600 0.041659
144.873223 0.041623
144.914935 0.041712
144.956598 0.041663
144.998272 0.041674
145.039947 0.041675
145.081605 0.041658
145.197823 0.116218
145.248262 0.050439
145.302876 0.054615
145.337782 0.034905
145.373271 0.035490
145.414935 0.041663
145.456603 0.041668
145.498219 0.041616
145.539944 0.041726
145.581592 0.041648
145.623268 0.041676
145.664936 0.041668
145.706553 0.041617
145.748264 0.041712
145.789932 0.041667
145.831597 0.041665
145.873271 0.041674
145.914940 0.041670
145.956599 0.041658
145.998264 0.041665
146.039932 0.041668
146.081615 0.041683
146.123269 0.041653
146.164933 0.041664
146.206598 0.041665
146.248265 0.041667
146.289934 0.041669
146.331599 0.041665
146.373269 0.041671
146.414936 0.041666
146.456602 0.041666
146.498274 0.041671
146.539931 0.041657
146.581593 0.041662
146.623266 0.041673
146.664932 0.041666
146.706598 0.041666
146.748220 0.041622
146.789947 0.041727
146.866377 0.076430
146.914928 0.048551
146.956545 0.041617
146.998229 0.041685
147.039949 0.041720
147.081595 0.041646
147.123276 0.041681
147.164943 0.041667
147.301637 0.136694
147.331599 0.029962
147.397215 0.065616
147.414940 0.017725
147.469641 0.054701
147.507997 0.038356
147.539943 0.031946
147.581602 0.041659
147.697645 0.116044
147.751538 0.053893
147.789935 0.038397
147.831602 0.041667
147.895351 0.063749
147.914944 0.019594
147.956602 0.041657
147.998222 0.041620
148.039946 0.041725
148.081611 0.041665
148.123269 0.041658
148.164937 0.041668
148.206600 0.041663
148.248264 0.041664
148.289935 0.041671
148.331600 0.041665
148.393639 0.062039
148.437247 0.043609
148.477606 0.040359
148.499093 0.021487
148.539934 0.040841
148.581626 0.041692
148.623268 0.041642
148.664944 0.041676
148.706613 0.041669
148.748264 0.041651
148.789933 0.041668
148.831612 0.041679
148.881631 0.050019
148.914945 0.033314
148.956605 0.041660
148.998277 0.041673
149.043679 0.045401
149.081624 0.037946
149.123231 0.041607
149.164935 0.041704
149.206611 0.041676
149.248221 0.041610
149.289936 0.041715
149.331602 0.041666
149.373271 0.041669
149.414936 0.041665
149.456606 0.041670
149.498265 0.041659
149.539932 0.041667
149.581617 0.041685
149.623265 0.041648
149.664931 0.041666
149.706611 0.041680
149.748264 0.041653
149.789933 0.041669
149.831599 0.041666
149.873269 0.041671
149.914936 0.041666
149.956601 0.041665
149.998278 0.041677
150.039934 0.041656
150.081614 0.041680
150.123264 0.041650
150.164936 0.041671
150.206602 0.041667
150.248219 0.041617
150.289937 0.041718
150.331599 0.041662
150.373265 0.041666
150.414933 0.041668
150.456598 0.041666
150.498265 0.041667
150.539932 0.041667
150.581579 0.041647
150.623270 0.041692
150.664938 0.041668
150.706599 0.041661
150.748264 0.041665
150.789932 0.041668
150.831600 0.041668
150.873264 0.041664
150.914933 0.041669
150.956599 0.041666
150.998265 0.041666
151.039931 0.041666
151.081613 0.041682
151.123266 0.041652
151.164932 0.041667
151.206598 0.041665
151.248265 0.041668
151.297661 0.049396
151.331599 0.033938
151.378705 0.047106
151.414937 0.036233
151.456556 0.041619
151.498268 0.041712
151.539935 0.041667
151.581573 0.041638
151.623270 0.041697
151.664933 0.041663
151.706598 0.041665
151.748264 0.041666
151.789931 0.041667
151.831601 0.041670
151.897302 0.065701
151.934675 0.037373
151.960660 0.025985
151.998583 0.037923
152.039937 0.041353
152.081625 0.041689
152.123269 0.041644
152.164936 0.041667
152.206603 0.041667
152.248273 0.041671
152.289934 0.041660
152.331598 0.041664
152.373265 0.041667
152.414932 0.041667
152.456601 0.041669
152.498264 0.041663
152.539931 0.041667
152.581614 0.041683
152.623264 0.041650
152.664932 0.041667
152.709395 0.044463
152.748270 0.038875
152.789939 0.041670
152.831598 0.041659
152.873264 0.041666
152.914931 0.041667
152.956598 0.041667
152.998265 0.041667
153.039934 0.041668
153.081566 0.041633
153.123264 0.041698
153.164931 0.041667
153.206598 0.041666
153.248265 0.041668
153.289932 0.041667
153.331597 0.041665
153.373265 0.041667
153.414943 0.041679
153.493632 0.078689
153.540257 0.046624
153.581583 0.041326
153.623270 0.041687
153.664931 0.041662
153.707910 0.042979
153.748220 0.040310
153.789935 0.041714
153.831554 0.041619
153.873261 0.041707
153.914936 0.041675
153.956601 0.041664
153.998265 0.041664
154.049572 0.051308
154.081566 0.031994
154.123277 0.041711
154.164931 0.041654
154.206599 0.041668
154.248268 0.041670
154.289945 0.041676
154.331602 0.041657
154.373221 0.041619
154.414937 0.041716
154.456611 0.041674
154.508295 0.051684
154.549639 0.041344
154.611078 0.061440
154.623223 0.012144
154.664932 0.041709
154.706598 0.041666
154.748264 0.041666
154.789944 0.041680
154.831606 0.041662
154.873267 0.041661
154.914931 0.041665
154.956598 0.041667
154.998265 0.041667
155.039932 0.041667
155.081593 0.041661
155.123265 0.041673
155.189635 0.066369
155.210219 0.020584
155.248265 0.038046
155.289936 0.041671
155.331602 0.041666
155.373271 0.041669
155.414946 0.041675
155.456598 0.041652
155.505668 0.049070
155.539932 0.034264
155.581621 0.041689
155.623271 0.041650
155.664943 0.041672
155.706606 0.041663
155.748264 0.041659
155.789945 0.041681
155.861587 0.071642
155.916190 0.054603
155.956611 0.040421
155.998229 0.041618
156.039947 0.041718
156.081624 0.041677
156.123269 0.041645
156.164941 0.041673
156.206604 0.041662
156.248222 0.041619
156.289934 0.041712
156.331600 0.041666
156.373279 0.041679
156.419687 0.046409
156.456605 0.036917
156.498276 0.041672
156.539943 0.041666
156.581636 0.041693
156.623285 0.041649
156.664936 0.041652
156.706609 0.041672
156.748267 0.041659
156.789936 0.041669
156.831563 0.041627
156.873268 0.041704
156.914948 0.041680
156.956599 0.041651
156.998265 0.041666
157.039931 0.041666
157.081584 0.041654
157.123264 0.041679
157.164943 0.041679
157.206602 0.041659
157.248269 0.041667
157.289932 0.041663
157.331602 0.041670
157.373269 0.041667
157.414936 0.041667
157.456599 0.041663
157.498266 0.041667
157.539931 0.041665
157.581560 0.041629
157.623278 0.041717
157.681583 0.058306
157.706605 0.025022
157.748224 0.041618
157.789936 0.041713
157.831601 0.041664
157.873267 0.041667
157.914941 0.041674
157.956599 0.041657
157.998265 0.041666
158.039933 0.041668
158.081582 0.041650
158.123220 0.041638
158.164946 0.041726
158.206614 0.041668
158.248269 0.041656
158.289932 0.041663
158.331603 0.041671
158.373269 0.041666
158.414935 0.041666
158.456603 0.041668
158.498265 0.041662
158.539933 0.041668
158.581594 0.041660
158.623264 0.041670
158.664932 0.041668
158.706599 0.041667
158.748266 0.041667
158.799970 0.051704
158.831598 0.031628
158.873266 0.041669
158.914938 0.041672
158.956597 0.041659
158.998265 0.041667
159.039931 0.041666
159.081593 0.041662
159.123276 0.041682
159.164936 0.041660
159.206604 0.041668
159.248277 0.041673
159.289931 0.041655
159.331600 0.041668
159.379252 0.047652
159.414935 0.035683
159.456603 0.041668
159.498268 0.041666
159.539942 0.041673
159.581635 0.041693
159.623221 0.041586
159.664935 0.041715
159.706605 0.041669
159.748263 0.041658
159.789935 0.041672
159.831599 0.041664
159.873265 0.041666
159.914931 0.041665
159.956601 0.041670
159.998266 0.041665
160.039932 0.041665
160.081620 0.041689
160.123265 0.041644
160.173631 0.050366
160.206597 0.032966
160.248278 0.041681
160.289946 0.041668
160.331599 0.041653
160.373265 0.041666
160.414943 0.041679
160.456555 0.041611
160.498267 0.041712
160.539942 0.041676
160.581595 0.041652
160.623235 0.041640
160.664932 0.041697
160.706599 0.041667
160.748265 0.041666
160.789934 0.041669
160.831598 0.041664
160.877060 0.045462
160.914939 0.037879
160.956598 0.041659
160.998269 0.041671
161.039935 0.041666
161.081624 0.041689
161.123269 0.041645
161.164931 0.041662
161.206602 0.041671
161.248217 0.041615
