1, 3600, 96696, 0, 3168, 10900, 677, 0, 0, 0, 0, 34308, 2048, 128200, 2488.655518, 409.999786, 0.000000, 442.016327, 1763.263672, 5932.233398
2, 3600, 408, 0, 0, 0, 0, 0, 0, 10872, 0, 2432, 0, 0, 330.012756, 0.000000, 465.361694, 8.198359, 485.818329, 1927.745361
1, 3600, 1824280, 0, 17200, 9992, 27, 0, 0, 0, 0, 41219, 9950, 131800, 26452.960938, 821.752197, 0.000000, 1021.229492, 1806.109985, 31239.072266
2, 3600, 355688, 0, 160, 64, 7, 0, 80127, 31122, 0, 29400, 5065, 94392, 6832.873535, 15.803602, 2398.886230, 374.506439, 1618.895996, 12105.670898
3, 3600, 24152, 0, 16, 0, 0, 0, 6178, 50588, 0, 8877, 644, 25776, 1532.282715, 1.373355, 2001.969971, 60.424259, 980.937683, 4895.494629
2, 3600, 76408, 0, 128, 168, 9, 0, 40302, 37669, 0, 13859, 2112, 41400, 1985.289307, 20.819187, 2274.544189, 141.884903, 978.354736, 6151.844727
3, 3600, 31864, 0, 0, 0, 0, 0, 9670, 61537, 0, 6544, 1048, 33748, 1735.263550, 0.000000, 2761.953125, 65.862541, 1081.855835, 6019.969238
3, 3600, 31288, 0, 0, 4, 0, 0, 8537, 54097, 0, 8736, 794, 24348, 1544.990479, 1.109376, 2215.411377, 70.453758, 857.506226, 5027.017578
3, 3600, 31608, 0, 0, 0, 1, 0, 10728, 60175, 0, 7480, 1032, 26736, 1656.036743, 0.783581, 2166.052490, 69.449638, 895.458923, 5113.806152
3, 3600, 13288, 0, 0, 0, 0, 0, 1652, 60995, 0, 2816, 772, 25440, 1323.895386, 0.000000, 2518.666992, 32.272163, 907.621948, 5117.633789
2, 3600, 104360, 0, 112, 152, 4, 0, 44270, 37259, 0, 16164, 2841, 54900, 2538.017822, 21.940258, 2774.729248, 182.407211, 1126.169067, 7344.367676
3, 3600, 14296, 0, 0, 0, 1, 0, 1792, 46775, 0, 3568, 540, 22540, 1377.688477, 0.462797, 2091.273193, 32.235405, 865.886658, 4694.129395
3, 3600, 7688, 0, 0, 0, 0, 0, 577, 42995, 0, 1880, 256, 11616, 1081.093994, 0.000000, 1871.339233, 15.457757, 686.825989, 3947.533936
3, 3600, 14104, 0, 0, 0, 0, 0, 1467, 46152, 0, 3024, 752, 27456, 1380.059326, 0.000000, 1973.264893, 32.933777, 932.980591, 4618.427734
3, 3600, 9672, 0, 0, 0, 0, 0, 146, 46145, 0, 1952, 340, 23176, 1245.265015, 0.000000, 1956.201538, 17.831890, 882.562439, 4473.632324
2, 3600, 168040, 0, 352, 296, 5, 0, 57359, 34941, 0, 20418, 3891, 74148, 3589.427490, 38.199974, 3112.275391, 256.052094, 1361.281738, 9096.278320
3, 3600, 45624, 0, 0, 0, 0, 0, 15416, 55349, 0, 8048, 1556, 40396, 1947.293091, 0.000000, 2657.492920, 157.573227, 1105.877930, 6262.951172
3, 3600, 11464, 0, 0, 0, 0, 0, 855, 61792, 0, 3792, 508, 24300, 1335.199707, 0.000000, 2538.985107, 28.830421, 897.124634, 5105.066406
3, 3600, 11256, 0, 0, 0, 0, 0, 1497, 52286, 0, 2592, 348, 21220, 1331.834839, 0.000000, 2131.048584, 21.210142, 854.156372, 4631.429199
3, 3600, 11192, 0, 0, 0, 0, 0, 950, 53732, 0, 2256, 376, 26312, 1298.700562, 0.000000, 2153.607178, 19.816738, 931.806030, 4698.765625
3, 3600, 9224, 0, 0, 0, 0, 0, 1063, 52715, 0, 2552, 276, 16892, 1195.944580, 0.000000, 2203.507324, 18.551981, 781.159729, 4486.284668
2, 3600, 208840, 0, 304, 472, 7, 0, 57993, 33342, 0, 22091, 4956, 82500, 4250.099609, 46.752533, 2888.816162, 302.251617, 1513.346558, 9757.174805
3, 3600, 64872, 0, 16, 0, 1, 0, 20291, 56602, 0, 9604, 1964, 45224, 2285.069824, 1.366672, 2720.359863, 113.325142, 1153.464111, 6739.811035
3, 3600, 13448, 0, 0, 0, 0, 0, 1117, 49149, 0, 3728, 640, 25360, 1379.437744, 0.000000, 2240.389160, 34.462513, 902.222107, 4861.621582
3, 3600, 15384, 0, 0, 0, 0, 0, 1983, 59153, 0, 4160, 708, 27944, 1384.490112, 0.000000, 2597.207275, 36.946915, 1027.653442, 5358.192871
3, 3600, 12616, 0, 0, 0, 0, 0, 1023, 53152, 0, 3824, 488, 24084, 1447.056274, 0.000000, 2222.791016, 30.912172, 887.215454, 4897.355469
3, 3600, 12648, 0, 0, 0, 0, 0, 1678, 54093, 0, 4400, 564, 18352, 1331.945068, 0.000000, 2077.457764, 35.616997, 798.226440, 4547.847168
2, 3600, 193928, 0, 240, 188, 0, 0, 58311, 30918, 0, 26173, 4587, 78792, 3953.981445, 27.224833, 2725.966797, 294.419159, 1403.493164, 9167.026367
3, 3600, 38808, 0, 0, 0, 0, 0, 11028, 50640, 0, 7384, 1452, 39316, 1852.037109, 0.000000, 2454.378418, 81.664474, 1168.838379, 5934.777832
3, 3600, 14520, 0, 0, 0, 0, 0, 1157, 44142, 0, 5832, 768, 26080, 1327.888550, 0.000000, 1888.581421, 45.185371, 976.978027, 4559.702637
3, 3600, 12248, 0, 0, 0, 0, 0, 1590, 48303, 0, 4776, 660, 21760, 1451.766113, 0.000000, 2003.896362, 36.435665, 1103.672485, 4913.234375
2, 3600, 192360, 0, 192, 224, 2, 0, 69823, 34131, 0, 25316, 4920, 82192, 4004.825439, 29.816162, 2895.861816, 307.522827, 1488.181763, 9488.782227
3, 3600, 44872, 0, 16, 0, 0, 0, 12139, 62282, 0, 8483, 1604, 43768, 1997.923462, 1.288146, 2757.993408, 91.555298, 1163.042480, 6402.548828
3, 3600, 14024, 0, 0, 0, 0, 0, 1808, 53000, 0, 4328, 768, 25480, 1358.157471, 0.000000, 2138.368164, 38.517418, 902.120178, 4765.786133
3, 3600, 13848, 0, 0, 0, 0, 0, 2273, 61076, 0, 3688, 612, 24588, 1339.513550, 0.000000, 2517.836670, 32.491028, 937.752197, 5202.544434
2, 3600, 202792, 0, 304, 176, 4, 0, 67492, 32419, 0, 27027, 5313, 84904, 4156.820312, 29.821175, 2770.764648, 322.868652, 1509.293335, 9563.625000
3, 3600, 37384, 0, 0, 0, 0, 0, 11301, 62270, 0, 8352, 1232, 36884, 1808.838257, 0.000000, 2565.722168, 79.454079, 1108.621216, 5950.785645
3, 3600, 16584, 0, 0, 0, 0, 0, 2376, 63594, 0, 4736, 912, 28596, 1431.144043, 0.000000, 2496.965820, 45.003258, 952.666992, 5266.428711
3, 3600, 14072, 0, 0, 0, 0, 0, 2056, 61573, 0, 4648, 624, 24348, 1345.354492, 0.000000, 2350.688477, 38.099728, 899.801208, 4963.757812
2, 3600, 234808, 0, 256, 420, 5, 0, 62003, 29608, 0, 25473, 5776, 90672, 4738.768066, 42.325050, 2662.065674, 340.907715, 1577.595093, 10137.647461
3, 3600, 38888, 0, 16, 0, 1, 0, 11885, 63519, 0, 8692, 1236, 35308, 1806.637939, 1.816103, 2645.911133, 85.796234, 1041.271729, 5960.001465
3, 3600, 15688, 0, 0, 0, 0, 0, 1718, 62711, 0, 3960, 672, 32668, 1431.352905, 0.000000, 2464.996094, 35.252777, 1087.018433, 5333.288574
3, 3600, 15000, 0, 0, 0, 0, 0, 2597, 58058, 0, 5408, 636, 19832, 1362.514771, 0.000000, 2282.979736, 40.380299, 825.603271, 4839.820312
2, 3600, 255656, 0, 336, 404, 0, 0, 69346, 32547, 0, 26124, 5766, 91028, 5034.712891, 40.383640, 2680.241699, 345.981750, 1542.272217, 10421.595703
3, 3600, 48712, 0, 0, 0, 0, 0, 14029, 56291, 0, 10280, 1684, 38792, 1998.017090, 0.000000, 2375.562500, 100.590706, 1115.167236, 5975.811523
3, 3600, 19192, 0, 0, 4, 0, 0, 1772, 57048, 0, 5488, 814, 31712, 1472.386475, 1.725882, 2346.554932, 46.851105, 1049.633789, 5250.057129
3, 3600, 15976, 0, 0, 0, 0, 0, 1597, 62218, 0, 6624, 720, 28820, 1449.026123, 0.000000, 2506.687744, 46.082561, 961.607178, 5303.559570
2, 3600, 236088, 0, 144, 236, 1, 0, 75118, 32222, 0, 26370, 5550, 89824, 4710.805176, 26.696877, 2974.640869, 330.223267, 1532.052246, 10346.425781
3, 3600, 49832, 0, 0, 0, 0, 0, 14440, 57388, 0, 9264, 1604, 38652, 2020.964722, 0.000000, 2571.723389, 98.681038, 1115.853882, 6194.645996
3, 3600, 18616, 0, 0, 0, 0, 0, 3283, 62049, 0, 4728, 1084, 31760, 1478.534790, 0.000000, 2568.094482, 48.187702, 1003.746765, 5437.167480
3, 3600, 14536, 0, 0, 0, 0, 0, 1943, 56448, 0, 4024, 740, 26552, 1426.516113, 0.000000, 2303.952637, 38.437222, 927.577393, 5014.769043
2, 3600, 212104, 0, 272, 192, 3, 0, 71812, 33131, 0, 26922, 4679, 82856, 4298.903809, 29.395134, 2800.555664, 312.743896, 1494.198120, 9699.630859
3, 3600, 39128, 0, 0, 0, 0, 0, 12408, 63200, 0, 9072, 1404, 39780, 1892.011475, 0.000000, 2442.972168, 87.724274, 1115.534790, 5928.064941
3, 3600, 15928, 0, 0, 0, 0, 0, 1905, 59565, 0, 4736, 744, 27648, 1432.896729, 0.000000, 2561.722168, 41.797092, 944.498718, 5317.770996
3, 3600, 13224, 0, 0, 0, 0, 0, 2491, 60689, 0, 3392, 628, 19308, 1306.925659, 0.000000, 2316.127441, 32.168575, 821.362915, 4808.961426
2, 3600, 241896, 0, 480, 380, 3, 0, 69139, 30781, 0, 28990, 5343, 93028, 4868.257812, 43.641598, 3032.147949, 419.442871, 1574.071533, 10725.408203
3, 3600, 25752, 0, 0, 0, 0, 0, 9555, 59875, 0, 5856, 836, 24900, 1540.800293, 0.000000, 2454.321533, 54.516495, 899.533875, 5295.777344
3, 3600, 15768, 0, 0, 0, 0, 0, 2380, 58047, 0, 6000, 680, 18060, 1339.119263, 0.000000, 2155.282959, 45.128563, 777.824890, 4641.884766
3, 3600, 20744, 0, 0, 0, 0, 0, 4362, 69537, 0, 6416, 764, 30036, 1488.726318, 0.000000, 2701.535400, 121.922806, 979.911865, 5616.570801
3, 3600, 14088, 0, 0, 0, 0, 0, 1728, 66342, 0, 4896, 600, 25012, 1361.754517, 0.000000, 2575.697998, 36.651192, 909.730469, 5211.143555
2, 3600, 268808, 0, 896, 896, 1, 0, 62338, 31602, 0, 25367, 5810, 93868, 5257.871094, 78.640419, 2967.951172, 366.137665, 1588.598633, 11053.261719
3, 3600, 110168, 0, 0, 16, 0, 0, 34516, 61307, 0, 15560, 2866, 62164, 3093.536377, 2.285583, 3338.245605, 178.292160, 1384.030640, 8436.475586
3, 3600, 15400, 0, 0, 0, 3, 0, 2901, 57666, 0, 5768, 632, 18984, 1360.342773, 1.062595, 2168.013916, 46.301430, 797.648315, 4696.229492
3, 3600, 22152, 0, 0, 4, 0, 0, 5409, 79740, 0, 6160, 845, 32048, 1632.422363, 2.026617, 2823.805664, 52.008705, 1026.696167, 5882.605469
3, 3600, 16392, 0, 0, 0, 0, 0, 4050, 59857, 0, 6232, 576, 21640, 1361.696045, 0.000000, 2404.199219, 44.049263, 847.886047, 4975.690430
3, 3600, 16024, 0, 32, 0, 0, 0, 2428, 62360, 0, 6425, 636, 23348, 1359.910034, 2.927150, 2469.725830, 48.561951, 874.484375, 5081.969727
3, 3600, 22968, 0, 0, 0, 0, 0, 5771, 63488, 0, 6352, 836, 25304, 1476.090454, 0.000000, 2160.938232, 54.698608, 975.507751, 5018.321289
3, 3600, 13880, 0, 0, 0, 0, 0, 2483, 53663, 0, 7568, 528, 11872, 1305.076172, 0.000000, 1806.972046, 47.245403, 686.476807, 4241.390137
2, 3600, 205944, 0, 176, 148, 1, 0, 62179, 34946, 0, 28892, 5002, 82808, 4194.964844, 23.514103, 2287.216797, 325.742340, 1443.940308, 9048.781250
3, 3600, 15000, 0, 0, 0, 0, 0, 3953, 58282, 0, 6488, 444, 17684, 1359.530762, 0.000000, 2118.932373, 40.567425, 783.176331, 4636.000488
3, 3600, 18872, 0, 0, 0, 0, 0, 2888, 62646, 0, 4792, 776, 29848, 1506.625122, 0.000000, 2567.666748, 44.323265, 970.717773, 5427.734375
2, 3600, 237160, 0, 416, 252, 2, 0, 71781, 32593, 0, 29412, 5378, 94972, 4757.594238, 36.089821, 3203.608398, 357.316101, 1816.238037, 10959.681641
3, 3600, 43512, 0, 0, 0, 3, 0, 12991, 61824, 0, 9432, 1548, 43124, 2003.323364, 0.720092, 2505.319580, 93.249435, 1157.375366, 6149.376953
3, 3600, 15528, 0, 0, 0, 0, 0, 2684, 51489, 0, 4768, 736, 31300, 1472.359741, 0.000000, 2101.262451, 39.775490, 998.734497, 4935.737793
3, 3600, 14984, 0, 0, 0, 0, 0, 2405, 64934, 0, 5032, 748, 26316, 1377.980835, 0.000000, 2333.067139, 39.887428, 993.633728, 5079.543945
2, 3600, 228648, 0, 400, 444, 3, 0, 66859, 34044, 0, 29587, 5277, 91584, 4688.973145, 45.653179, 2766.657959, 353.884399, 1555.957275, 10194.270508
3, 3600, 28168, 0, 0, 0, 0, 0, 9518, 61784, 0, 6216, 916, 31144, 1627.304810, 0.000000, 2532.651367, 59.592228, 1056.243286, 5616.699219
3, 3600, 19816, 0, 0, 0, 0, 0, 3011, 60072, 0, 7576, 824, 23676, 1449.054443, 0.000000, 2392.590820, 58.581425, 931.819397, 5155.711914
3, 3600, 23768, 0, 0, 0, 0, 0, 5577, 63305, 0, 6456, 936, 33748, 1550.524048, 0.000000, 2640.452881, 58.195480, 1096.540039, 5667.331543
3, 3600, 14168, 0, 0, 0, 0, 0, 1644, 56521, 0, 5592, 748, 26696, 1417.159912, 0.000000, 2172.239258, 43.258999, 928.090271, 4883.181152
2, 3600, 247592, 0, 592, 576, 4, 0, 71353, 32358, 0, 29976, 5529, 96064, 5013.536133, 58.028408, 2954.125732, 385.321198, 1680.984375, 10576.225586
3, 3600, 69144, 0, 16, 0, 0, 0, 19919, 64409, 0, 12576, 2132, 52400, 2444.846680, 1.500331, 2900.190674, 133.863647, 1263.765259, 7225.014648
3, 3600, 15544, 0, 0, 0, 0, 0, 1534, 60385, 0, 6392, 708, 21564, 1314.609375, 0.000000, 2486.500244, 46.403347, 841.893066, 5016.936035
3, 3600, 18920, 0, 0, 0, 0, 0, 3218, 63005, 0, 5296, 844, 30324, 1456.958740, 0.000000, 2628.560547, 47.796749, 1057.138794, 5508.713867
3, 3600, 16328, 0, 0, 0, 0, 0, 2183, 59337, 0, 4528, 664, 27204, 1410.099365, 0.000000, 2414.447510, 40.849781, 944.856262, 5118.770020
3, 3600, 15880, 0, 0, 0, 0, 0, 2174, 57489, 0, 4432, 708, 28016, 1399.104126, 0.000000, 2569.257324, 40.144726, 947.955505, 5261.155762
2, 3600, 184792, 0, 112, 128, 0, 0, 58587, 33202, 0, 30893, 5082, 83344, 3937.892090, 19.596199, 2472.175293, 332.921539, 1460.200073, 9000.352539
3, 3600, 13576, 0, 0, 0, 0, 0, 1998, 44532, 0, 5656, 472, 16796, 1309.670654, 0.000000, 1748.606201, 37.484894, 770.224670, 4193.304199
3, 3600, 15672, 0, 0, 0, 0, 0, 2206, 54612, 0, 4704, 560, 30436, 1465.118652, 0.000000, 2169.180176, 39.519863, 991.476807, 4970.008301
2, 3600, 257416, 0, 352, 312, 3, 0, 63732, 30792, 0, 28664, 6081, 98924, 5049.064453, 39.057068, 2840.583496, 440.355621, 1632.450806, 10792.772461
3, 3600, 39592, 0, 0, 0, 0, 0, 10068, 60869, 0, 9992, 1200, 32916, 1932.376709, 0.000000, 2383.187744, 88.947266, 1006.740723, 5797.180176
3, 3600, 16232, 0, 0, 0, 0, 0, 1808, 61142, 0, 5424, 664, 31092, 1479.719360, 0.000000, 2350.964111, 39.727039, 1001.843750, 5202.554688
3, 3600, 14616, 0, 0, 0, 0, 0, 1748, 60229, 0, 4416, 608, 24596, 1348.543945, 0.000000, 2303.854004, 34.876858, 894.655273, 4985.355469
2, 3600, 351192, 0, 704, 836, 8, 0, 64986, 28725, 0, 27463, 7016, 108512, 6479.411621, 72.181313, 2794.407227, 426.967926, 1730.483521, 12310.784180
3, 3600, 35144, 0, 0, 0, 0, 0, 11246, 54390, 0, 7792, 1192, 26316, 1680.882446, 0.000000, 2338.622314, 78.007210, 894.286072, 5351.936035
3, 3600, 22136, 0, 0, 0, 0, 0, 3712, 49331, 0, 6072, 960, 27612, 1456.359009, 0.000000, 2108.478516, 55.475506, 1000.674255, 4955.456055
3, 3600, 27128, 0, 0, 0, 0, 0, 5297, 58336, 0, 8168, 1052, 31032, 1582.430298, 0.000000, 2600.111084, 69.902412, 1058.393555, 5643.177246
3, 3600, 14952, 0, 0, 0, 0, 0, 1978, 46047, 0, 8728, 664, 20448, 1307.727539, 0.000000, 1872.527222, 52.872478, 826.293335, 4388.888672
2, 3600, 336056, 0, 608, 680, 3, 0, 65777, 32972, 0, 26458, 7104, 105844, 6405.198730, 64.465797, 2726.200684, 425.138458, 1729.912109, 12169.792969
3, 3600, 42312, 0, 0, 0, 0, 0, 10733, 51851, 0, 8000, 1156, 25792, 1781.230835, 0.000000, 2047.802002, 80.810722, 878.148315, 5184.993164
3, 3600, 26360, 0, 0, 0, 0, 0, 4397, 54630, 0, 7944, 1232, 29400, 1569.465210, 0.000000, 2467.959961, 69.870667, 937.299438, 5384.699219
3, 3600, 30520, 0, 0, 0, 0, 0, 6359, 53220, 0, 7472, 1048, 29436, 1619.636108, 0.000000, 2233.256592, 71.594879, 984.426208, 5238.528809
3, 3600, 15320, 0, 0, 0, 0, 0, 3113, 47862, 0, 7552, 748, 22452, 1330.777222, 0.000000, 1932.361694, 54.324360, 852.746277, 4498.920898
2, 3600, 258456, 0, 368, 292, 8, 0, 78000, 32718, 0, 30183, 5043, 89144, 4964.666504, 37.999485, 2955.337158, 349.017517, 1559.180176, 10645.975586
3, 3600, 41304, 0, 0, 0, 0, 0, 12162, 59190, 0, 8112, 1232, 37336, 1901.581543, 0.000000, 2698.944092, 82.548302, 1066.632080, 6103.152832
3, 3600, 20088, 0, 0, 0, 0, 0, 2365, 36111, 0, 14808, 764, 19680, 1380.690796, 0.000000, 1619.905151, 78.749016, 794.336914, 4218.819824
3, 3600, 29912, 0, 0, 0, 0, 0, 6242, 45808, 0, 8112, 1112, 28768, 1639.740234, 0.000000, 2052.687256, 77.297142, 934.905273, 5036.172852
3, 3600, 15720, 0, 0, 0, 0, 0, 2221, 61168, 0, 4672, 764, 24600, 1414.795776, 0.000000, 2393.990967, 41.402798, 897.797974, 5081.769531
2, 3600, 277688, 0, 576, 388, 5, 0, 74655, 31739, 0, 29105, 5372, 94612, 5392.525391, 46.896217, 2956.015381, 396.333099, 1594.478027, 11179.311523
3, 3600, 35672, 0, 0, 4, 2, 0, 9490, 55902, 0, 8936, 1238, 33872, 1799.325073, 1.918018, 2441.505371, 81.430573, 1020.442566, 5703.691895
3, 3600, 20808, 0, 0, 0, 1, 0, 2425, 52085, 0, 7168, 888, 30148, 1451.117798, 0.695031, 2165.835205, 57.946541, 978.209351, 5009.743652
3, 3600, 24376, 0, 16, 0, 0, 0, 4518, 57881, 0, 7417, 1004, 36136, 1578.687744, 1.976494, 2597.183838, 64.840042, 1076.372437, 5646.784668
3, 3600, 18616, 0, 0, 0, 0, 0, 2641, 62460, 0, 5552, 900, 30264, 1474.017090, 0.000000, 2532.034668, 51.041340, 985.253235, 5391.427246
2, 3600, 209464, 0, 80, 88, 3, 0, 69406, 31041, 0, 29529, 4895, 86160, 4294.048828, 16.349936, 2661.774902, 323.149323, 1485.628784, 9580.616211
3, 3600, 16968, 0, 0, 0, 1, 0, 5133, 60318, 0, 6320, 672, 21748, 1377.122070, 0.360881, 2421.468018, 48.189373, 855.142090, 5049.649414
3, 3600, 16696, 0, 0, 4, 0, 0, 3074, 57699, 0, 4720, 730, 30436, 1447.108032, 1.488636, 2340.000732, 41.356018, 993.154236, 5145.403320
2, 3600, 263176, 0, 672, 392, 4, 0, 78540, 31292, 0, 30107, 5060, 92768, 5280.643555, 50.461590, 3057.556641, 358.569183, 1575.852539, 11116.787109
3, 3600, 85080, 0, 0, 4, 0, 0, 27176, 62260, 0, 13456, 2483, 56232, 2674.693115, 0.509578, 3049.194580, 151.648758, 1305.134644, 7610.836914
3, 3600, 17800, 0, 0, 0, 0, 0, 1854, 68780, 0, 5640, 844, 27048, 1421.472046, 0.000000, 2645.284668, 48.605389, 1002.453613, 5439.286133
3, 3600, 18824, 0, 0, 0, 0, 0, 2581, 67208, 0, 5504, 896, 30064, 1540.212158, 0.000000, 2886.119629, 49.447449, 986.720154, 5781.688965
3, 3600, 17368, 0, 0, 0, 0, 0, 1760, 59443, 0, 5032, 796, 32676, 1526.774292, 0.000000, 2292.488037, 42.612419, 1023.070618, 5195.375488
3, 3600, 16120, 0, 0, 0, 0, 0, 3272, 51048, 0, 6232, 740, 24680, 1435.820435, 0.000000, 2032.033447, 48.089130, 896.158936, 4720.901367
2, 3600, 242232, 0, 304, 212, 3, 0, 73963, 32845, 0, 28983, 5408, 95036, 4896.012207, 33.847675, 2946.896484, 355.844177, 1661.665405, 10675.181641
3, 3600, 41960, 0, 0, 0, 0, 0, 11962, 68812, 0, 9696, 1596, 43980, 1925.710449, 0.000000, 2817.313232, 92.176819, 1238.440063, 6463.693359
3, 3600, 15176, 0, 0, 0, 0, 0, 1781, 67483, 0, 5416, 744, 27832, 1461.489868, 0.000000, 2664.767334, 39.087143, 956.810425, 5467.097168
3, 3600, 13464, 0, 0, 0, 0, 0, 2467, 53609, 0, 4584, 672, 20144, 1369.607056, 0.000000, 1996.760620, 37.423077, 830.465149, 4548.246094
2, 3600, 226600, 0, 352, 232, 4, 0, 68418, 31728, 0, 29481, 5023, 91028, 4762.925781, 34.260353, 2756.767090, 350.613068, 1544.023071, 10229.178711
3, 3600, 40152, 0, 0, 4, 1, 0, 12769, 65052, 0, 8968, 1398, 42072, 1911.980225, 1.000778, 2567.130371, 87.326637, 1169.199219, 6117.347168
3, 3600, 13016, 0, 0, 0, 0, 0, 1083, 63752, 0, 3312, 440, 27508, 1353.544556, 0.000000, 2274.081299, 26.947489, 1024.604370, 4981.586426
3, 3600, 14344, 0, 0, 0, 0, 0, 2357, 53909, 0, 4856, 688, 30552, 1405.521484, 0.000000, 2149.924805, 37.528332, 1070.474731, 4986.936035
2, 3600, 241560, 0, 512, 268, 1, 0, 67201, 31875, 0, 28787, 5533, 92504, 4894.117676, 39.974308, 2855.092285, 358.504028, 1632.564331, 10568.366211
3, 3600, 42952, 0, 0, 4, 0, 0, 13631, 59011, 0, 10312, 1450, 38080, 1956.585815, 0.514590, 2374.555176, 93.336319, 1080.739868, 5879.691895
3, 3600, 15032, 0, 0, 0, 0, 0, 1896, 64707, 0, 4272, 556, 28276, 1377.858887, 0.000000, 2469.316650, 33.615444, 969.189026, 5167.138184
3, 3600, 13768, 0, 0, 0, 0, 0, 2675, 47535, 0, 5104, 628, 25252, 1353.402466, 0.000000, 2000.539917, 38.557514, 986.796997, 4689.666504
2, 3600, 233512, 0, 304, 244, 0, 0, 67039, 30932, 0, 29555, 5372, 91460, 4743.763672, 34.136715, 2933.248047, 354.298737, 1557.753296, 10403.431641
3, 3600, 45800, 0, 16, 0, 0, 0, 11397, 52690, 0, 9295, 1504, 41536, 2015.541504, 0.875472, 2236.432617, 96.504051, 1128.855713, 5844.966797
3, 3600, 14312, 0, 0, 0, 0, 0, 1500, 53257, 0, 5168, 752, 27320, 1415.709717, 0.000000, 2051.019775, 40.281727, 929.538818, 4753.308594
3, 3600, 14248, 0, 0, 0, 0, 0, 1698, 50949, 0, 4064, 736, 24608, 1333.764526, 0.000000, 2001.704346, 36.484116, 904.272095, 4579.372070
2, 3600, 243304, 0, 432, 368, 4, 0, 66962, 30530, 0, 28791, 5523, 92420, 4890.012695, 45.300652, 2889.554688, 355.657074, 1632.808350, 10602.208984
3, 3600, 34904, 0, 0, 0, 0, 0, 10893, 51017, 0, 8256, 1072, 34452, 1735.525879, 0.000000, 2234.315918, 73.847046, 1023.408142, 5414.281738
3, 3600, 19496, 0, 0, 0, 0, 0, 2604, 53633, 0, 6984, 676, 28916, 1414.007202, 0.000000, 2053.744873, 51.220112, 1017.867920, 4849.700684
3, 3600, 26456, 0, 0, 0, 0, 0, 6198, 56480, 0, 7344, 1096, 38064, 1639.718506, 0.000000, 2541.427734, 68.961777, 1172.166504, 5734.828125
3, 3600, 14792, 0, 0, 0, 0, 0, 2038, 51704, 0, 5392, 656, 28716, 1373.414673, 0.000000, 2025.977051, 39.311020, 1037.699707, 4784.660156
2, 3600, 228776, 0, 480, 224, 1, 0, 68096, 31408, 0, 28731, 5561, 93612, 4776.218262, 36.433994, 2843.477051, 360.794617, 1642.710815, 10446.137695
3, 3600, 40200, 0, 0, 0, 0, 0, 11439, 55906, 0, 9952, 1500, 37156, 1842.283325, 0.000000, 2327.247803, 93.180939, 1065.114990, 5707.890625
3, 3600, 14952, 0, 0, 4, 0, 0, 2064, 55030, 0, 4456, 686, 31284, 1396.880371, 1.147804, 2134.839600, 36.118221, 1015.650818, 4895.994141
3, 3600, 13800, 0, 0, 0, 0, 0, 2089, 50179, 0, 3136, 608, 27596, 1450.526367, 0.000000, 2131.291016, 30.786867, 961.219543, 4880.177246
2, 3600, 253752, 0, 448, 352, 3, 0, 64450, 31214, 0, 28573, 5794, 95660, 5138.359375, 42.492126, 2654.181396, 367.145111, 1595.624146, 10584.741211
3, 3600, 43112, 0, 0, 0, 0, 0, 10903, 56513, 0, 11720, 1656, 41060, 2009.638794, 0.000000, 2258.615234, 104.229591, 1128.239136, 5885.357422
3, 3600, 13848, 0, 0, 0, 0, 0, 1633, 51548, 0, 5288, 628, 28176, 1416.175781, 0.000000, 2018.660767, 38.248425, 951.958618, 4739.441406
3, 3600, 13384, 0, 16, 0, 0, 0, 2492, 48082, 0, 4678, 636, 19996, 1290.936523, 1.846176, 1940.518311, 35.451595, 828.012512, 4403.150391
2, 3600, 292472, 0, 480, 412, 3, 0, 62922, 29064, 0, 28820, 6561, 101680, 5756.151855, 47.806774, 2540.328369, 400.857483, 1657.672363, 11201.594727
3, 3600, 48936, 0, 0, 0, 0, 0, 12159, 49676, 0, 11664, 1456, 35352, 2003.583984, 0.000000, 1989.766846, 104.612190, 1015.326721, 5497.491699
3, 3600, 15528, 0, 0, 0, 0, 0, 1686, 55244, 0, 4392, 588, 27844, 1378.622437, 0.000000, 2229.220215, 34.524330, 1105.909668, 5062.850098
3, 3600, 15592, 0, 0, 0, 0, 0, 1808, 55951, 0, 5408, 796, 28972, 1393.505493, 0.000000, 2138.598877, 44.430191, 1037.398926, 4940.282227
2, 3600, 373160, 0, 608, 604, 0, 0, 68083, 30508, 0, 26689, 7018, 107272, 6818.361328, 58.106934, 2790.088379, 423.295624, 1777.449951, 12666.637695
3, 3600, 58584, 0, 16, 0, 1, 0, 14906, 57621, 0, 11315, 1692, 38460, 2265.664062, 1.087657, 2403.022949, 113.229912, 1062.538696, 6236.403320
3, 3600, 16200, 0, 0, 0, 0, 0, 2083, 49784, 0, 4952, 744, 29284, 1392.444580, 0.000000, 1977.099243, 41.815472, 967.282715, 4684.891602
3, 3600, 16520, 0, 16, 0, 0, 0, 2791, 47925, 0, 5956, 892, 20576, 1355.753296, 1.428489, 2028.230835, 49.751522, 845.189453, 4600.864746
2, 3600, 263608, 0, 304, 280, 3, 0, 64754, 29778, 0, 29397, 5021, 87868, 5061.317871, 34.779953, 2747.713135, 337.135162, 1504.651978, 10530.316406
3, 3600, 59256, 0, 0, 8, 0, 0, 16403, 48498, 0, 11168, 1854, 43356, 2177.692627, 2.440962, 2256.754150, 120.064941, 1138.260376, 6068.872070
3, 3600, 16392, 0, 0, 0, 0, 0, 1965, 45599, 0, 6496, 824, 32732, 1435.584961, 0.000000, 1956.607544, 48.872711, 1090.996582, 4847.169922
3, 3600, 17176, 0, 0, 0, 0, 0, 2363, 46415, 0, 6376, 864, 31476, 1435.381104, 0.000000, 1962.368286, 50.520069, 1072.716919, 4841.916992
2, 3600, 250344, 0, 144, 88, 1, 0, 74745, 32091, 0, 29791, 5387, 94300, 5086.367188, 18.739105, 2877.259766, 352.098358, 1639.746948, 10754.682617
3, 3600, 18104, 0, 0, 0, 0, 0, 4781, 49818, 0, 5168, 552, 18808, 1378.635742, 0.000000, 2147.196533, 41.457932, 809.218262, 4708.322266
3, 3600, 21416, 0, 0, 0, 0, 0, 3003, 56932, 0, 5752, 960, 33968, 1574.614502, 0.000000, 2460.725586, 52.448109, 1034.400024, 5453.794922
2, 3600, 269736, 0, 368, 272, 3, 0, 67651, 28683, 0, 28546, 5339, 95220, 5258.340820, 35.205994, 2994.070068, 354.963715, 1591.362061, 11016.628906
3, 3600, 55864, 0, 0, 0, 1, 0, 14373, 53972, 0, 10608, 1776, 46688, 2159.157227, 0.537981, 2537.596680, 173.652496, 1263.735107, 6521.706543
3, 3600, 14536, 0, 0, 0, 1, 0, 1852, 49291, 0, 4440, 508, 31060, 1404.990112, 0.813654, 1919.273071, 31.974768, 1003.943909, 4735.864746
3, 3600, 16328, 0, 0, 4, 0, 0, 2926, 50032, 0, 5272, 774, 26768, 1469.527832, 1.189572, 1970.197388, 44.903015, 933.181091, 4729.502441
2, 3600, 243096, 0, 512, 192, 4, 0, 74221, 33186, 0, 29741, 4806, 86712, 4854.539551, 33.458393, 2780.137451, 338.867706, 1494.000977, 10280.200195
3, 3600, 54936, 0, 0, 0, 0, 0, 15951, 61114, 0, 9616, 1488, 42472, 2132.899902, 0.000000, 2679.626953, 100.732719, 1130.447876, 6428.572266
3, 3600, 17448, 0, 0, 0, 0, 0, 1977, 71299, 0, 5360, 736, 30100, 1510.623169, 0.000000, 2798.128174, 42.224804, 991.181091, 5679.033203
3, 3600, 23992, 0, 0, 0, 0, 0, 3819, 60550, 0, 6928, 1200, 32180, 1576.054688, 0.000000, 2500.009766, 65.112381, 1070.252563, 5554.856445
2, 3600, 245144, 0, 336, 144, 3, 0, 69888, 31352, 0, 28473, 5427, 88388, 4959.355469, 29.197987, 2637.803223, 344.924194, 1575.501709, 10328.443359
3, 3600, 18712, 0, 0, 0, 0, 0, 4829, 55297, 0, 7336, 716, 22288, 1408.580566, 0.000000, 2277.887207, 53.178226, 867.777954, 4953.242188
3, 3600, 16936, 0, 0, 0, 0, 0, 2406, 65588, 0, 5328, 680, 28532, 1406.587402, 0.000000, 2393.795410, 41.023537, 1043.171387, 5210.209961
2, 3600, 244408, 0, 464, 240, 1, 0, 76352, 31618, 0, 30195, 4948, 88808, 4871.796387, 37.760567, 3167.983154, 349.827820, 1529.806763, 10741.828125
3, 3600, 45416, 0, 0, 0, 0, 0, 14949, 62702, 0, 10448, 1356, 39172, 1947.831177, 0.000000, 2733.964600, 95.924309, 1176.557251, 6331.435059
3, 3600, 18504, 0, 0, 0, 0, 0, 2371, 65349, 0, 7688, 920, 27984, 1488.854980, 0.000000, 2581.789551, 56.447880, 943.766907, 5419.887207
3, 3600, 15848, 0, 0, 0, 0, 0, 2752, 47143, 0, 5448, 656, 21676, 1348.722778, 0.000000, 1798.168945, 39.720356, 919.247009, 4417.713867
2, 3600, 258584, 0, 800, 344, 1, 0, 74215, 30192, 0, 29102, 5547, 93324, 5147.690430, 51.793179, 3108.537842, 428.068939, 1594.588257, 11133.533203
3, 3600, 34472, 0, 16, 0, 2, 0, 11896, 73099, 0, 9503, 1176, 36916, 1791.081543, 1.787700, 3291.944336, 83.931679, 1080.475830, 6612.602051
3, 3600, 21832, 0, 0, 0, 0, 0, 3872, 43795, 0, 9624, 748, 19524, 1443.773193, 0.000000, 1802.494507, 66.841599, 793.501526, 4429.103516
3, 3600, 26648, 0, 0, 4, 0, 0, 5971, 71484, 0, 8160, 1042, 35212, 1683.697632, 1.425148, 2896.364746, 65.870895, 1056.894897, 6030.331543
3, 3600, 23992, 0, 16, 0, 0, 0, 3779, 54240, 0, 8005, 860, 23300, 1557.405762, 1.832810, 2127.809082, 62.654709, 928.476257, 5016.145996
2, 3600, 259416, 0, 640, 264, 3, 0, 75507, 30382, 0, 29135, 5617, 101816, 5328.455078, 46.886192, 3366.427979, 385.665375, 1715.724121, 11663.583008
3, 3600, 50040, 0, 0, 4, 1, 0, 15841, 63707, 0, 10680, 1530, 44232, 2103.115479, 1.791041, 2872.472900, 107.815018, 1255.613647, 6747.204102
3, 3600, 15784, 0, 0, 0, 0, 0, 2641, 75065, 0, 6576, 564, 22836, 1391.953369, 0.000000, 2801.524658, 42.457039, 933.996399, 5545.859863
3, 3600, 16792, 0, 0, 0, 0, 0, 2533, 60382, 0, 5024, 816, 26952, 1439.402588, 0.000000, 2400.119141, 42.343430, 933.079163, 5152.239746
2, 3600, 241736, 0, 432, 288, 2, 0, 73859, 30932, 0, 29213, 5726, 97164, 4949.825684, 39.563305, 2902.090332, 370.491638, 1654.698486, 10706.715820
3, 3600, 42040, 0, 0, 0, 0, 0, 10717, 63213, 0, 11248, 1768, 40856, 1957.543213, 0.000000, 2590.684570, 109.063065, 1124.595337, 6180.982910
3, 3600, 17192, 0, 0, 0, 0, 0, 1508, 63386, 0, 4096, 844, 30628, 1481.298218, 0.000000, 2549.631104, 40.727814, 993.966187, 5400.142090
3, 3600, 15160, 0, 0, 0, 0, 0, 1979, 56089, 0, 4976, 688, 24812, 1369.309692, 0.000000, 2186.099854, 38.480659, 910.567505, 4823.288086
2, 3600, 274568, 0, 512, 400, 1, 0, 67891, 31329, 0, 28201, 6248, 98636, 5387.683105, 46.949680, 2771.466309, 389.382782, 1625.983276, 11018.628906
3, 3600, 41608, 0, 16, 0, 0, 0, 12477, 54385, 0, 9787, 1480, 34164, 1819.643066, 1.759297, 2106.064209, 95.725487, 1013.774597, 5400.945801
3, 3600, 17864, 0, 0, 0, 1, 0, 2277, 69388, 0, 4680, 756, 31792, 1457.986328, 0.816996, 2794.661377, 41.357689, 1016.018372, 5649.709961
3, 3600, 13336, 0, 0, 0, 0, 0, 2818, 43617, 0, 5848, 688, 21204, 1295.942139, 0.000000, 1761.606201, 42.690945, 885.061829, 4297.916504
2, 3600, 305480, 0, 448, 468, 8, 0, 67045, 31717, 0, 28777, 6663, 105072, 5892.825684, 49.489216, 2793.580322, 407.831177, 1694.260132, 11666.832031
3, 3600, 45560, 0, 0, 0, 0, 0, 13211, 58052, 0, 10264, 1612, 34836, 1890.374146, 0.000000, 2411.824463, 101.947350, 1056.973389, 5841.779297
3, 3600, 15592, 0, 0, 0, 0, 0, 2655, 51121, 0, 4336, 616, 25624, 1400.982056, 0.000000, 2000.117188, 32.245430, 908.196716, 4644.560059
3, 3600, 14600, 0, 0, 0, 0, 0, 3018, 45602, 0, 6096, 700, 21788, 1324.020752, 0.000000, 1881.569214, 43.452805, 895.878296, 4464.677246
2, 3600, 265320, 0, 320, 400, 4, 0, 63098, 28385, 0, 29439, 5477, 96620, 5135.844727, 42.149620, 2696.874023, 362.918121, 1608.303467, 10630.239258
3, 3600, 53688, 0, 0, 0, 0, 0, 15351, 58675, 0, 10112, 1696, 38220, 2073.434570, 0.000000, 2428.192871, 104.408363, 1064.682251, 6056.005859
3, 3600, 18456, 0, 0, 0, 0, 0, 2094, 50753, 0, 5240, 956, 33320, 1502.647095, 0.000000, 2146.711914, 48.720673, 1070.997681, 5093.730469
3, 3600, 14824, 0, 0, 0, 0, 0, 2068, 49880, 0, 5792, 748, 23976, 1341.959595, 0.000000, 2103.274170, 44.378399, 887.285645, 4705.757812
2, 3600, 278792, 0, 432, 332, 1, 0, 73830, 31866, 0, 28108, 5878, 97876, 5430.920410, 40.823048, 2878.838623, 401.656097, 1620.162476, 11162.799805
3, 3600, 58728, 0, 0, 0, 0, 0, 14989, 60103, 0, 11744, 2000, 43812, 2187.588379, 0.000000, 2550.636963, 120.703163, 1181.873535, 6442.491699
3, 3600, 18808, 0, 0, 0, 0, 0, 2231, 60492, 0, 5264, 952, 33820, 1572.203613, 0.000000, 2542.346680, 46.705750, 1039.911743, 5541.066406
3, 3600, 15432, 0, 0, 0, 0, 0, 2290, 46310, 0, 4840, 812, 20668, 1369.334717, 0.000000, 1928.617554, 42.198074, 828.136169, 4485.329102
2, 3600, 249896, 0, 352, 248, 2, 0, 72781, 27003, 0, 28463, 5357, 91192, 4897.248535, 33.983006, 2719.402344, 348.113647, 1622.681885, 10401.024414
3, 3600, 54856, 0, 0, 0, 0, 0, 14124, 57788, 0, 11064, 1740, 44188, 2158.342041, 0.000000, 2539.725098, 111.731247, 1155.266846, 6352.134277
3, 3600, 15688, 0, 0, 0, 0, 0, 2024, 54554, 0, 4624, 676, 31084, 1433.287598, 0.000000, 2317.761475, 38.387096, 1006.226135, 5197.116211
3, 3600, 14264, 0, 0, 0, 0, 0, 1780, 54695, 0, 4648, 660, 28540, 1430.165039, 0.000000, 2183.635498, 38.011181, 969.011902, 4938.833496
2, 3600, 238632, 0, 384, 320, 1, 0, 67381, 29853, 0, 29854, 4891, 90440, 4738.100098, 40.498924, 2897.046387, 343.467285, 1540.902100, 10340.648438
3, 3600, 45736, 0, 16, 0, 0, 0, 13972, 66087, 0, 8381, 1464, 43248, 2017.187256, 1.304854, 2660.605469, 90.262138, 1163.832764, 6314.990234
3, 3600, 16984, 0, 0, 0, 0, 0, 1681, 54921, 0, 5864, 840, 27644, 1414.715576, 0.000000, 2306.532227, 47.698174, 994.806580, 5095.900391
3, 3600, 15416, 0, 0, 0, 0, 0, 2137, 64826, 0, 4280, 636, 28612, 1449.557373, 0.000000, 2647.246094, 36.681263, 1015.408569, 5480.872559
2, 3600, 258296, 0, 336, 332, 1, 0, 68151, 32356, 0, 28390, 5382, 90072, 4944.948730, 38.781395, 2689.225342, 348.172119, 1571.769165, 10372.462891
3, 3600, 43272, 0, 0, 0, 0, 0, 14408, 58547, 0, 9744, 1500, 35864, 1886.815430, 0.000000, 2360.953613, 94.515862, 1117.279053, 5835.004395
3, 3600, 15688, 0, 0, 0, 0, 0, 2019, 72180, 0, 5152, 644, 30540, 1455.690674, 0.000000, 2795.673828, 39.013630, 995.393005, 5623.643066
3, 3600, 13752, 0, 0, 0, 0, 0, 2425, 44346, 0, 6648, 760, 17776, 1280.106812, 0.000000, 1740.715210, 47.278816, 784.467834, 4162.231934
2, 3600, 259976, 0, 432, 448, 13, 0, 72141, 27723, 0, 28386, 4937, 88804, 5110.163574, 48.722343, 2860.401855, 367.225311, 1525.778564, 10692.955078
3, 3600, 44744, 0, 0, 0, 0, 0, 15816, 56158, 0, 7776, 1316, 34832, 2009.717285, 0.000000, 2616.207031, 87.767715, 1022.308777, 6104.280273
3, 3600, 18632, 0, 0, 0, 0, 0, 2783, 47450, 0, 6960, 752, 23964, 1363.939941, 0.000000, 2076.052734, 52.653610, 870.653320, 4676.258789
3, 3600, 27784, 0, 0, 0, 0, 0, 6697, 56405, 0, 7368, 1144, 38104, 1660.853516, 0.000000, 2682.059570, 70.229874, 1092.229614, 5833.062988
3, 3600, 15416, 0, 0, 0, 0, 0, 2501, 43634, 0, 6488, 800, 19544, 1355.983765, 0.000000, 1731.890381, 48.349766, 805.081482, 4258.967773
2, 3600, 257144, 0, 320, 248, 18, 0, 72696, 30547, 0, 30579, 5130, 95780, 5116.104980, 35.583584, 3051.816162, 364.079315, 1659.371582, 11015.761719
3, 3600, 58728, 0, 16, 0, 0, 0, 15221, 57357, 0, 11318, 2072, 45636, 2201.059570, 0.735129, 2548.568604, 120.681442, 1162.583008, 6452.363770
3, 3600, 16248, 0, 0, 0, 0, 0, 2040, 57918, 0, 3936, 660, 31008, 1474.645264, 0.000000, 2256.946045, 34.841770, 1006.772461, 5093.286133
3, 3600, 16920, 0, 0, 0, 0, 0, 1649, 58683, 0, 5304, 948, 28412, 1416.073853, 0.000000, 2497.047607, 48.109177, 1029.594849, 5340.402832
2, 3600, 269624, 0, 656, 524, 7, 0, 78720, 29077, 0, 28550, 5716, 97580, 5419.945312, 58.598133, 2992.822021, 377.246460, 1629.237915, 11272.937500
3, 3600, 84440, 0, 32, 8, 3, 0, 26651, 65202, 0, 13304, 2360, 58224, 2669.096191, 4.781680, 3140.973877, 149.827637, 1353.609619, 7741.696777
3, 3600, 20616, 0, 0, 0, 0, 0, 3240, 63083, 0, 4656, 852, 30068, 1480.208862, 0.000000, 2572.234619, 46.744179, 1046.198730, 5470.803223
3, 3600, 23336, 0, 0, 0, 0, 0, 4689, 58807, 0, 7184, 1072, 33856, 1564.244141, 0.000000, 2587.196289, 62.701488, 1032.505371, 5576.927246
3, 3600, 17832, 0, 0, 0, 0, 0, 2749, 61872, 0, 5832, 744, 27928, 1505.928345, 0.000000, 2382.948975, 48.526867, 949.542664, 5200.176758
3, 3600, 16392, 0, 16, 0, 0, 0, 3294, 55704, 0, 5807, 796, 19660, 1409.958984, 2.036641, 2200.662109, 48.673893, 817.411621, 4790.516113
2, 3600, 219592, 0, 176, 160, 0, 0, 62232, 32095, 0, 28210, 5546, 89452, 4495.472168, 24.115572, 2505.404785, 343.731262, 1520.776367, 9665.644531
3, 3600, 14744, 0, 0, 0, 0, 0, 3405, 50533, 0, 5408, 504, 17160, 1271.016235, 0.000000, 1882.563354, 41.631691, 843.276489, 4359.129395
3, 3600, 16424, 0, 0, 4, 0, 0, 2293, 59114, 0, 4488, 590, 32776, 1422.295776, 1.762639, 2292.559814, 36.582691, 1022.972046, 5088.886719
2, 3600, 312152, 0, 672, 532, 2, 0, 65638, 28717, 0, 28572, 6391, 105588, 6017.765625, 56.666748, 2978.612305, 403.761230, 1701.714966, 11960.100586
3, 3600, 51512, 0, 16, 0, 0, 0, 17003, 50129, 0, 9174, 1536, 34840, 2138.495117, 1.216304, 2204.982666, 100.518860, 1014.411133, 5828.693848
3, 3600, 18088, 0, 0, 0, 0, 0, 1682, 52211, 0, 7728, 912, 29448, 1406.562378, 0.000000, 2090.855469, 54.995998, 959.578857, 4849.325195
3, 3600, 14792, 0, 0, 0, 0, 0, 1957, 45990, 0, 6816, 824, 19696, 1579.275879, 0.000000, 1943.468750, 52.951004, 899.562256, 4806.722656
2, 3600, 294968, 0, 896, 648, 2, 0, 70819, 28240, 0, 27325, 5824, 97512, 5879.411133, 69.743690, 3143.165771, 392.376770, 1707.748047, 12003.382812
3, 3600, 106280, 0, 32, 0, 1, 0, 33688, 53496, 0, 14879, 2584, 59432, 3445.750000, 1.747602, 3260.612793, 176.704956, 1621.051270, 9012.766602
3, 3600, 21320, 0, 0, 0, 1, 0, 3217, 45086, 0, 6944, 888, 29516, 1838.604370, 0.920582, 2290.521484, 80.033821, 1159.998413, 5713.652832
3, 3600, 22264, 0, 0, 0, 0, 0, 4993, 52443, 0, 6440, 988, 33372, 1555.456055, 0.000000, 2301.139160, 57.071068, 1032.904663, 5324.656250
3, 3600, 22536, 0, 0, 0, 0, 0, 3603, 50623, 0, 5552, 1072, 33480, 1536.917358, 0.000000, 2285.221924, 55.507248, 1019.176086, 5274.025879
3, 3600, 17288, 0, 0, 0, 0, 0, 4339, 38940, 0, 6792, 844, 17012, 1360.057129, 0.000000, 1567.126221, 53.495670, 769.001709, 4063.913330
1, 3600, 1050872, 0, 17072, 10052, 20, 0, 0, 0, 0, 32413, 9757, 131592, 15517.875977, 784.867126, 0.000000, 935.100769, 1775.638794, 20182.982422
2, 3600, 193672, 0, 288, 92, 1, 0, 68514, 34167, 0, 29238, 4067, 71920, 3934.760986, 17.810169, 1903.335815, 298.651154, 1309.725830, 8250.631836
3, 3600, 36872, 0, 16, 4, 0, 0, 11744, 54054, 0, 8941, 1182, 31136, 1721.314453, 1.022498, 2163.020020, 78.157578, 970.622498, 5298.036133
3, 3600, 10280, 0, 0, 0, 0, 0, 731, 46932, 0, 3288, 344, 19896, 1204.174683, 0.000000, 1868.630981, 25.021116, 909.560059, 4312.224609
3, 3600, 14120, 0, 0, 0, 0, 0, 1981, 55542, 0, 4320, 612, 21184, 1320.483765, 0.000000, 2254.166016, 34.378975, 890.912842, 4827.937988
2, 3600, 234824, 0, 384, 200, 5, 0, 72331, 29767, 0, 26707, 4805, 86684, 4705.141113, 33.790871, 2928.580078, 322.091736, 1497.733398, 10255.065430
3, 3600, 46312, 0, 0, 0, 0, 0, 12589, 49426, 0, 8816, 1508, 43160, 2041.474854, 0.000000, 2236.025146, 92.704773, 1191.699219, 5932.844727
3, 3600, 14776, 0, 0, 0, 0, 0, 1512, 49799, 0, 4368, 756, 26460, 1347.036987, 0.000000, 2082.872559, 36.557629, 922.479919, 4706.384277
3, 3600, 14024, 0, 0, 0, 0, 0, 1631, 46578, 0, 4240, 656, 22588, 1320.973267, 0.000000, 1943.789551, 37.005390, 956.330933, 4570.004395
2, 3600, 277928, 0, 736, 492, 1, 0, 72468, 31329, 0, 26146, 5678, 96484, 5425.642578, 56.076973, 3117.778809, 364.968140, 1682.077026, 11433.118164
3, 3600, 102664, 0, 0, 0, 0, 0, 28607, 49436, 0, 13736, 2576, 57812, 2999.765625, 0.000000, 2616.108398, 163.933762, 1310.460938, 7510.314941
3, 3600, 21912, 0, 0, 0, 0, 0, 4144, 57995, 0, 7160, 992, 30692, 1513.655640, 0.000000, 2456.645508, 58.852085, 1012.362793, 5372.512695
3, 3600, 21128, 0, 0, 0, 0, 0, 2998, 53599, 0, 7176, 996, 31988, 1514.584595, 0.000000, 2297.338135, 61.314770, 1006.777466, 5200.968750
3, 3600, 19160, 0, 0, 0, 0, 0, 3452, 44714, 0, 6584, 1072, 30260, 1468.710815, 0.000000, 2138.503418, 56.925713, 970.523926, 4958.458008
3, 3600, 19192, 0, 0, 0, 0, 0, 3896, 44169, 0, 5848, 724, 28092, 1453.079346, 0.000000, 2090.467773, 48.149277, 943.414368, 4835.992188
2, 3600, 235928, 0, 368, 172, 0, 0, 64122, 30107, 0, 27401, 5075, 86088, 4669.271973, 28.746883, 2653.909180, 326.153320, 1556.366577, 10006.749023
3, 3600, 40248, 0, 32, 4, 0, 0, 12811, 50887, 0, 9755, 1350, 39852, 1914.203979, 2.325681, 2230.576660, 92.536026, 1108.843506, 5723.361816
3, 3600, 13688, 0, 0, 0, 0, 0, 1420, 51470, 0, 4728, 616, 27584, 1338.188721, 0.000000, 2083.198486, 38.146511, 938.382080, 4705.650879
3, 3600, 13256, 0, 0, 0, 0, 0, 1895, 50056, 0, 5024, 680, 23244, 1361.273438, 0.000000, 2106.827881, 38.047935, 870.297485, 4695.587891
2, 3600, 228392, 0, 320, 208, 0, 0, 70702, 29071, 0, 27293, 4850, 86000, 4565.526855, 30.357485, 2867.464111, 323.585388, 1524.127808, 10079.476562
3, 3600, 41448, 0, 0, 0, 0, 0, 10631, 56836, 0, 9512, 1520, 43204, 1911.629395, 0.000000, 2385.266357, 94.089821, 1156.536621, 5966.004395
3, 3600, 14344, 0, 0, 0, 0, 0, 1675, 47897, 0, 4608, 852, 27784, 1342.320435, 0.000000, 2000.013550, 39.717014, 973.083557, 4670.720215
3, 3600, 13880, 0, 0, 0, 0, 0, 2171, 49039, 0, 4472, 672, 24360, 1380.149536, 0.000000, 1994.217773, 38.811466, 893.816589, 4630.692871
2, 3600, 234888, 0, 304, 216, 4, 0, 71251, 29874, 0, 26629, 5143, 89700, 4765.481934, 30.481119, 2903.236572, 364.876251, 1530.204346, 10366.594727
3, 3600, 41640, 0, 0, 0, 0, 0, 12466, 50636, 0, 9984, 1448, 39516, 2045.852173, 0.000000, 2512.276611, 97.712006, 1165.005615, 6219.598633
3, 3600, 16936, 0, 0, 0, 0, 0, 2034, 60034, 0, 4336, 880, 33196, 1472.361450, 0.000000, 2685.818848, 40.794643, 1033.262207, 5566.749023
3, 3600, 13096, 0, 0, 0, 0, 0, 1761, 49108, 0, 3800, 732, 23716, 1327.609497, 0.000000, 2052.877686, 36.958611, 885.053528, 4608.648926
2, 3600, 201400, 0, 64, 80, 1, 0, 66956, 30435, 0, 26583, 4626, 79436, 4173.712891, 14.879679, 2619.179199, 300.315216, 1397.690674, 9260.401367
3, 3600, 14568, 0, 0, 0, 0, 0, 2627, 40703, 0, 6264, 560, 19600, 1305.647461, 0.000000, 1782.228271, 44.597267, 828.259766, 4288.060547
3, 3600, 15144, 0, 0, 0, 0, 0, 1679, 49420, 0, 3664, 564, 29212, 1449.340210, 0.000000, 2082.817383, 31.139395, 1043.071167, 4916.657715
2, 3600, 240504, 0, 304, 260, 7, 0, 73983, 31340, 0, 27291, 5259, 90240, 4861.001953, 33.389893, 3104.056885, 337.445923, 1541.916260, 10654.911133
3, 3600, 44440, 0, 0, 0, 1, 0, 12860, 63642, 0, 9896, 1792, 41400, 1944.456177, 0.568054, 2758.613281, 101.451141, 1184.809082, 6373.681641
3, 3600, 13464, 0, 0, 0, 0, 0, 1284, 55917, 0, 3696, 572, 26644, 1338.994019, 0.000000, 2195.676514, 30.845343, 935.003845, 4811.826660
3, 3600, 16440, 0, 0, 0, 0, 0, 2627, 57924, 0, 4680, 892, 30172, 1436.570679, 0.000000, 2682.285156, 44.411816, 984.188965, 5487.149414
2, 3600, 224040, 0, 240, 176, 8, 0, 77865, 32073, 0, 27017, 4821, 86372, 4570.253418, 27.664240, 2875.787842, 323.844360, 1560.538452, 10126.410156
3, 3600, 41224, 0, 0, 0, 1, 0, 11755, 60676, 0, 9264, 1660, 39280, 1887.014282, 0.392626, 2644.076660, 96.776390, 1163.792725, 6179.519043
3, 3600, 15224, 0, 0, 0, 0, 0, 1430, 63710, 0, 3752, 848, 29904, 1390.960938, 0.000000, 2625.105469, 38.889992, 979.083191, 5371.358398
3, 3600, 14184, 0, 0, 0, 1, 0, 1388, 49874, 0, 4232, 616, 26348, 1439.258911, 0.736800, 2056.008789, 35.474983, 925.627625, 4780.351562
2, 3600, 234072, 0, 304, 320, 3, 0, 73334, 29149, 0, 28450, 5218, 88552, 4704.683594, 38.761345, 3032.660889, 346.935760, 1579.987671, 10482.397461
3, 3600, 26920, 0, 32, 0, 0, 0, 9800, 58001, 0, 6117, 944, 25088, 1565.361938, 2.043324, 2395.808594, 60.743374, 890.929504, 5267.778809
3, 3600, 16504, 0, 0, 0, 0, 0, 2289, 60048, 0, 7728, 716, 22044, 1383.666382, 0.000000, 2213.859375, 51.318684, 916.067566, 4894.089355
3, 3600, 22296, 0, 0, 0, 0, 0, 4475, 71380, 0, 7072, 1000, 32644, 1525.912231, 0.000000, 2797.807373, 61.969700, 1020.430847, 5731.745605
3, 3600, 14408, 0, 0, 0, 0, 0, 2042, 68239, 0, 3632, 628, 23600, 1363.438721, 0.000000, 2709.108887, 32.639725, 891.794983, 5328.129395
2, 3600, 228424, 0, 528, 368, 1, 0, 73032, 31240, 0, 28802, 4895, 88788, 4670.646973, 45.402569, 3099.525879, 344.593384, 1524.258179, 10469.176758
3, 3600, 27352, 0, 0, 0, 0, 0, 10883, 64532, 0, 5880, 988, 30292, 1619.574341, 0.000000, 2642.422852, 60.838604, 977.718201, 5651.634766
3, 3600, 13432, 0, 0, 0, 0, 0, 3213, 51976, 0, 9264, 728, 10936, 1162.098511, 0.000000, 1781.700317, 56.952446, 659.539307, 4002.392822
3, 3600, 23896, 0, 0, 0, 0, 0, 5143, 65742, 0, 7496, 1032, 28872, 1490.579224, 0.000000, 2403.903564, 64.509239, 1015.266541, 5305.320312
3, 3600, 13288, 0, 0, 0, 0, 0, 2140, 66866, 0, 4176, 624, 24828, 1345.296021, 0.000000, 2520.000488, 33.981335, 979.876770, 5211.771973
2, 3600, 216632, 0, 112, 84, 0, 0, 64706, 34152, 0, 28368, 5537, 89616, 4590.812012, 17.415873, 2581.139648, 338.867706, 1512.989014, 9816.773438
3, 3600, 19896, 0, 0, 0, 0, 0, 2791, 45210, 0, 9096, 836, 19988, 1419.064575, 0.000000, 1697.678467, 67.361206, 802.623840, 4330.115234
3, 3600, 24648, 0, 0, 0, 0, 0, 4368, 61736, 0, 6280, 948, 34164, 1540.093506, 0.000000, 2600.253174, 57.883053, 1035.584473, 5579.605469
2, 3600, 268808, 0, 224, 340, 6, 0, 70957, 32858, 0, 26291, 6346, 97788, 5427.494141, 38.614319, 3002.383545, 381.495178, 1618.608643, 10934.015625
3, 3600, 37416, 0, 0, 0, 0, 0, 11925, 63078, 0, 10720, 1400, 33952, 1860.243896, 0.000000, 2619.060547, 92.810028, 1017.734253, 5975.818359
3, 3600, 15192, 0, 0, 0, 0, 0, 1152, 74392, 0, 4576, 776, 31840, 1403.281006, 0.000000, 2676.783447, 34.714794, 1016.065186, 5465.916016
3, 3600, 13912, 0, 0, 4, 0, 0, 2735, 35947, 0, 6984, 561, 16896, 1289.015259, 1.212963, 1608.420410, 47.825150, 768.684265, 4033.782959
2, 3600, 203512, 0, 224, 96, 1, 0, 65039, 30504, 0, 28682, 5266, 84944, 4342.217773, 22.800694, 2537.772217, 330.908264, 1491.949219, 9499.198242
3, 3600, 11096, 0, 0, 0, 0, 0, 2706, 46263, 0, 5120, 512, 12320, 1253.259521, 0.000000, 1647.041382, 34.220253, 699.017395, 3948.481201
3, 3600, 12888, 0, 0, 0, 1, 0, 1622, 52596, 0, 3216, 352, 28252, 1338.624756, 0.671641, 2186.854980, 24.544954, 961.483521, 4809.985352
2, 3600, 225160, 0, 272, 236, 1, 0, 71505, 33331, 0, 28286, 4989, 88096, 4564.841797, 31.323177, 2957.732910, 335.484467, 1505.149780, 10168.345703
3, 3600, 37384, 0, 0, 12, 0, 0, 11446, 62997, 0, 10232, 1518, 37864, 1813.643311, 1.094340, 2739.234131, 93.324623, 1085.239136, 6122.618652
3, 3600, 17288, 0, 0, 0, 0, 0, 2396, 61204, 0, 5832, 984, 30296, 1422.314209, 0.000000, 2513.532959, 50.794071, 979.749817, 5308.852539
3, 3600, 12344, 0, 0, 0, 0, 0, 1561, 57228, 0, 2664, 524, 23660, 1320.525513, 0.000000, 2388.878418, 25.620914, 890.996338, 4935.809570
2, 3600, 230552, 0, 192, 184, 3, 0, 74383, 31612, 0, 26821, 5826, 92832, 4911.162598, 26.995941, 2872.389404, 352.634674, 1559.213501, 10494.724609
3, 3600, 42024, 0, 16, 0, 0, 0, 9750, 52350, 0, 10085, 1984, 42224, 1896.753052, 1.094340, 2388.861816, 106.331390, 1126.245972, 5915.060059
3, 3600, 13832, 0, 0, 0, 1, 0, 1875, 43204, 0, 4224, 656, 29924, 1429.496704, 0.735129, 1836.711304, 37.030453, 978.713928, 4592.262207
3, 3600, 15416, 0, 0, 0, 0, 0, 2307, 52788, 0, 3952, 688, 29632, 1479.685913, 0.000000, 2246.255127, 35.197639, 970.804626, 5061.991211
2, 3600, 193288, 0, 176, 116, 4, 0, 66619, 30685, 0, 30778, 5036, 87592, 4202.541992, 21.988710, 2503.543457, 340.134155, 1504.535034, 9350.138672
3, 3600, 11112, 0, 0, 0, 0, 0, 2024, 51829, 0, 4296, 404, 15132, 1210.040649, 0.000000, 2035.685669, 31.214579, 750.857361, 4346.481934
3, 3600, 12840, 0, 0, 4, 0, 0, 1487, 57913, 0, 3360, 438, 27528, 1323.731689, 1.284805, 2297.635498, 25.849808, 947.636353, 4895.496094
2, 3600, 260136, 0, 384, 320, 4, 0, 75321, 31021, 0, 27527, 5947, 97848, 5239.152344, 39.626793, 3000.716309, 375.901520, 1757.970703, 11200.050781
3, 3600, 29064, 0, 0, 0, 0, 0, 8449, 47884, 0, 7040, 940, 26084, 1588.179321, 0.000000, 2090.454590, 62.200264, 898.528076, 4979.462891
3, 3600, 19208, 0, 0, 0, 0, 0, 2244, 53123, 0, 6464, 868, 30344, 1500.092529, 0.000000, 2184.876709, 51.707970, 970.482178, 5025.498535
3, 3600, 24584, 0, 0, 4, 0, 0, 4731, 48333, 0, 6944, 1162, 28888, 1524.455322, 1.309866, 2233.864746, 67.521599, 955.478882, 5102.690430
3, 3600, 11000, 0, 0, 0, 1, 0, 607, 48571, 0, 4296, 548, 22884, 1353.897095, 0.641567, 1909.739746, 31.102638, 876.910278, 4473.224609
2, 3600, 267912, 0, 272, 280, 2, 0, 63753, 29317, 0, 27167, 6492, 100852, 5259.323242, 34.460842, 2769.401123, 380.870331, 1643.761719, 10876.426758
3, 3600, 49656, 0, 16, 0, 0, 0, 11979, 40755, 0, 11963, 2000, 36436, 2048.445312, 0.885496, 1950.576172, 117.867905, 1023.648682, 5527.580078
3, 3600, 12280, 0, 0, 0, 0, 0, 1307, 40017, 0, 5520, 688, 20216, 1265.308960, 0.000000, 1672.919678, 39.817257, 825.329285, 4110.893066
3, 3600, 13048, 0, 0, 0, 0, 0, 882, 45897, 0, 4984, 924, 28984, 1340.262085, 0.000000, 1924.983643, 42.991680, 1028.874756, 4656.761230
2, 3600, 325192, 0, 352, 272, 1, 0, 74817, 30839, 0, 28030, 6760, 108040, 6344.223145, 35.027225, 2810.860840, 412.444092, 1713.101074, 12109.256836
3, 3600, 39688, 0, 32, 4, 0, 0, 11002, 54874, 0, 8894, 1521, 28752, 1841.005127, 2.151923, 2234.010254, 92.016426, 932.597961, 5544.854004
3, 3600, 14024, 0, 0, 0, 0, 0, 825, 53681, 0, 4784, 660, 26144, 1333.066162, 0.000000, 2274.649414, 36.089821, 914.266541, 4880.836914
3, 3600, 13768, 0, 0, 0, 0, 0, 2384, 52985, 0, 4928, 660, 23428, 1358.976074, 0.000000, 2144.000244, 37.752213, 883.289185, 4746.752930
2, 3600, 342136, 0, 160, 248, 1, 0, 78437, 30568, 0, 26407, 7230, 107588, 6613.821777, 27.772839, 2925.106445, 415.636902, 1706.869263, 12480.005859
3, 3600, 31160, 0, 0, 0, 0, 0, 7793, 63081, 0, 9448, 1052, 29660, 1668.447021, 0.000000, 2509.416260, 75.965553, 1025.558350, 5651.196777
3, 3600, 13608, 0, 0, 0, 0, 0, 1168, 43487, 0, 3432, 632, 27176, 1336.999146, 0.000000, 1802.634766, 30.250557, 1006.566956, 4480.087891
3, 3600, 11848, 0, 0, 0, 0, 0, 1447, 62135, 0, 3488, 612, 25648, 1355.642944, 0.000000, 2375.037842, 29.634050, 936.440674, 5025.814453
2, 3600, 325192, 0, 432, 292, 2, 0, 76723, 29591, 0, 28751, 6525, 104948, 6359.726074, 39.635147, 2727.896484, 409.089233, 1760.237915, 12091.631836
3, 3600, 28952, 0, 0, 0, 0, 0, 9212, 53700, 0, 6936, 1048, 21032, 1573.464966, 0.000000, 1945.009277, 66.215073, 851.937622, 4782.415039
3, 3600, 18072, 0, 0, 0, 0, 0, 2621, 57705, 0, 6984, 800, 26224, 1415.464111, 0.000000, 2525.777832, 50.777363, 908.372131, 5226.711914
3, 3600, 24104, 0, 0, 0, 0, 0, 6414, 56913, 0, 7504, 960, 29776, 1606.597656, 0.000000, 2477.526611, 62.086655, 970.497192, 5450.373047
3, 3600, 13624, 0, 0, 0, 0, 0, 1564, 62094, 0, 3408, 700, 30420, 1431.576782, 0.000000, 2593.138916, 32.100075, 991.670593, 5371.973145
2, 3600, 282760, 0, 16, 44, 0, 0, 80676, 31729, 0, 28400, 5953, 98448, 5650.846191, 10.403746, 2710.129883, 374.067047, 1596.282471, 11116.284180
3, 3600, 12792, 0, 0, 0, 0, 0, 5269, 43810, 0, 4608, 468, 22112, 1315.661987, 0.000000, 1844.299927, 30.750111, 872.922180, 4421.651855
3, 3600, 18984, 0, 0, 0, 0, 0, 2136, 42507, 0, 2560, 1104, 37408, 1517.025513, 0.000000, 2281.511230, 39.414608, 1082.223389, 5249.577637
2, 3600, 304088, 0, 160, 132, 0, 0, 89134, 28891, 0, 28441, 6237, 103640, 5964.370117, 22.682070, 3257.013916, 381.729095, 1670.934814, 12084.244141
3, 3600, 36264, 0, 0, 0, 0, 0, 10271, 56797, 0, 7608, 1432, 36032, 1828.197266, 0.000000, 2468.003418, 80.276085, 1055.339478, 5803.434082
3, 3600, 15736, 0, 0, 0, 0, 0, 4076, 44650, 0, 2512, 868, 33148, 1470.887817, 0.000000, 2082.297852, 32.181942, 1084.635986, 4981.579590
3, 3600, 11512, 0, 0, 0, 0, 0, 2078, 56666, 0, 2848, 396, 25224, 1360.715332, 0.000000, 2359.341309, 23.154892, 909.782227, 4964.729980
2, 3600, 315480, 0, 48, 68, 0, 0, 82177, 30649, 0, 29400, 5994, 103652, 6110.634277, 14.144549, 3147.675293, 380.033264, 1675.487549, 12108.505859
3, 3600, 28008, 0, 0, 0, 0, 0, 7991, 58826, 0, 6528, 1092, 32104, 1669.586426, 0.000000, 2428.784180, 62.601242, 1010.072205, 5562.974609
3, 3600, 11928, 0, 0, 0, 0, 0, 1605, 40173, 0, 2184, 420, 29124, 1311.844360, 0.000000, 1847.355713, 21.509205, 1012.621765, 4492.972656
3, 3600, 9368, 0, 0, 0, 0, 0, 2189, 58247, 0, 1936, 240, 20320, 1266.807617, 0.000000, 2602.087646, 14.545529, 838.585022, 5070.312988
2, 3600, 330808, 0, 208, 100, 0, 0, 80862, 31425, 0, 30561, 5900, 101596, 6251.456543, 21.350485, 2761.248047, 388.199890, 1709.462158, 11978.871094
3, 3600, 14680, 0, 0, 0, 0, 0, 3228, 54171, 0, 4992, 744, 23264, 1367.625610, 0.000000, 2201.074707, 39.591705, 872.242188, 4882.666504
3, 3600, 13624, 0, 0, 0, 0, 0, 1336, 56920, 0, 2880, 596, 30036, 1437.721802, 0.000000, 2566.654297, 26.366068, 971.685120, 5303.562988
3, 3600, 12440, 0, 0, 0, 0, 0, 604, 55570, 0, 3456, 404, 28584, 1337.418457, 0.000000, 2474.743164, 23.741323, 962.781677, 5082.729980
3, 3600, 9496, 0, 0, 0, 0, 0, 1379, 61790, 0, 2016, 312, 21768, 1294.867798, 0.000000, 2378.135498, 16.121044, 861.113342, 4865.815430
2, 3600, 326536, 0, 32, 84, 0, 0, 84834, 30036, 0, 29071, 6049, 102432, 6291.063477, 15.048424, 3247.632568, 376.416107, 1655.781128, 12431.901367
3, 3600, 18664, 0, 0, 0, 0, 0, 7812, 59283, 0, 3040, 1008, 28556, 1581.115356, 0.000000, 2391.214111, 39.712002, 959.458557, 5308.175781
3, 3600, 11976, 0, 0, 0, 0, 0, 1797, 53242, 0, 2464, 368, 26584, 1324.020752, 0.000000, 2342.304688, 20.020569, 926.257507, 4907.497070
3, 3600, 14680, 0, 0, 0, 0, 0, 2671, 60550, 0, 2736, 556, 30000, 1411.217041, 0.000000, 2396.435303, 26.178946, 1051.351318, 5189.995605
3, 3600, 11016, 0, 0, 0, 0, 0, 5176, 56597, 0, 1328, 344, 22808, 1338.663208, 0.000000, 2656.169678, 14.500419, 894.017090, 5199.015625
2, 3600, 318056, 0, 16, 36, 1, 0, 81116, 28714, 0, 28344, 6077, 99676, 6215.702637, 11.188997, 2914.305176, 373.726196, 1624.904053, 11983.416992
3, 3600, 13032, 0, 0, 0, 0, 0, 6266, 51390, 0, 2672, 516, 19268, 1348.741089, 0.000000, 2295.202881, 24.501514, 901.228027, 4900.994629
3, 3600, 13432, 0, 0, 0, 0, 0, 3311, 46758, 0, 1184, 652, 29504, 1450.531372, 0.000000, 2458.734131, 21.584389, 1079.530151, 5327.197266
3, 3600, 17752, 0, 0, 0, 0, 0, 4719, 58496, 0, 1648, 824, 32732, 1603.333008, 0.000000, 2679.586914, 30.349131, 1133.588867, 5759.818848
3, 3600, 7048, 0, 0, 0, 0, 0, 4922, 39019, 0, 112, 44, 19200, 1165.546997, 0.000000, 1875.744995, 3.339824, 825.456238, 4167.018555
2, 3600, 285736, 0, 0, 8, 0, 0, 82714, 29504, 0, 28480, 5788, 99916, 5790.875000, 4.282126, 3123.634766, 460.290985, 1617.985474, 11773.001953
3, 3600, 14088, 0, 0, 0, 0, 0, 6148, 55626, 0, 3440, 460, 31388, 1436.029297, 0.000000, 2400.234375, 28.658335, 1015.099487, 5217.861816
3, 3600, 10200, 0, 0, 0, 0, 0, 1507, 44983, 0, 544, 88, 26904, 1274.890747, 0.000000, 2348.620117, 7.028835, 942.109558, 4883.110840
3, 3600, 4824, 0, 0, 0, 0, 0, 775, 22591, 0, 224, 52, 10792, 960.088440, 0.000000, 1005.434204, 3.301397, 676.829895, 2951.556152
2, 3600, 244312, 0, 0, 24, 0, 0, 55535, 23897, 0, 28408, 4896, 82156, 4945.518066, 6.210169, 2260.437988, 321.597198, 1415.863403, 9709.293945
3, 3600, 11032, 0, 0, 0, 0, 0, 3902, 28048, 0, 2488, 332, 19956, 1190.542969, 0.000000, 1346.565796, 21.955296, 830.125977, 3709.358887
3, 3600, 10904, 0, 0, 0, 0, 0, 1062, 32597, 0, 544, 144, 28944, 1232.913208, 0.000000, 1866.784790, 8.395507, 1043.288330, 4468.685059
3, 3600, 3592, 0, 0, 0, 0, 0, 264, 18587, 0, 32, 20, 13248, 869.082825, 0.000000, 864.802368, 1.846176, 725.054382, 2744.089355
2, 3600, 248120, 0, 16, 0, 0, 0, 60530, 27676, 0, 28570, 5200, 90040, 5103.183594, 1.739248, 2608.845703, 333.673370, 1514.454224, 10329.294922
3, 3600, 11624, 0, 0, 0, 0, 0, 8470, 49626, 0, 1952, 384, 26284, 1338.978882, 0.000000, 2389.640381, 20.259485, 956.873962, 5021.888184
3, 3600, 7304, 0, 0, 0, 0, 0, 148, 32671, 0, 208, 60, 24208, 1123.088257, 0.000000, 1833.772461, 3.288031, 893.953552, 4151.151367
3, 3600, 6360, 0, 0, 0, 0, 0, 616, 36038, 0, 80, 12, 25144, 1106.644775, 0.000000, 1685.767700, 2.078410, 980.249390, 4062.539795
2, 3600, 271064, 0, 0, 12, 0, 0, 67308, 37789, 0, 28768, 6208, 97268, 5584.622559, 4.883595, 2967.600342, 374.848938, 1653.183105, 11365.260742
3, 3600, 9288, 0, 0, 0, 0, 0, 2248, 48397, 0, 3704, 332, 19096, 1220.471191, 0.000000, 2116.636719, 24.717041, 814.683289, 4481.569824
3, 3600, 8424, 0, 0, 0, 0, 0, 287, 42115, 0, 272, 40, 26296, 1201.960938, 0.000000, 2035.983154, 3.662279, 924.915894, 4452.537598
3, 3600, 5960, 0, 0, 0, 0, 0, 324, 38797, 0, 64, 16, 22104, 1128.576660, 0.000000, 1410.687378, 2.806856, 856.114502, 3678.160889
2, 3600, 245592, 0, 0, 12, 0, 0, 47282, 32041, 0, 30712, 5951, 90280, 5043.268555, 3.359874, 2337.265625, 362.959900, 1504.949341, 10028.042969
3, 3600, 8424, 0, 0, 0, 0, 0, 4392, 36510, 0, 1432, 232, 19700, 1123.871826, 0.000000, 1483.834473, 14.174623, 831.656433, 3746.810303
3, 3600, 6056, 0, 0, 0, 0, 0, 160, 22534, 0, 368, 36, 24704, 1071.605835, 0.000000, 1216.346069, 4.240357, 949.427429, 3526.512207
3, 3600, 4984, 0, 0, 0, 0, 0, 212, 17913, 0, 128, 16, 21432, 1065.998779, 0.000000, 1009.764771, 2.551232, 852.998535, 3219.479004
2, 3600, 115880, 0, 0, 4, 0, 0, 16602, 13540, 0, 33048, 4658, 68732, 2885.419678, 2.131874, 1351.710083, 307.830231, 1273.251709, 6585.940430
3, 3600, 3176, 0, 0, 0, 0, 0, 392, 14216, 0, 16, 0, 12096, 859.422546, 0.000000, 687.342224, 0.185453, 766.528992, 2623.703613
2, 3600, 235256, 0, 0, 44, 0, 0, 59740, 32520, 0, 28920, 5888, 93000, 4985.658203, 7.969466, 2479.770508, 359.290955, 1616.692261, 10227.053711
3, 3600, 17672, 0, 0, 0, 0, 0, 3071, 59478, 0, 4288, 644, 32392, 1524.324951, 0.000000, 2369.933838, 38.846554, 1008.705566, 5264.454102
3, 3600, 8760, 0, 0, 0, 0, 0, 765, 38227, 0, 320, 64, 27128, 1222.798462, 0.000000, 2122.407471, 4.619617, 932.085022, 4554.807129
3, 3600, 9720, 0, 0, 0, 0, 0, 759, 45962, 0, 800, 188, 29388, 1295.031616, 0.000000, 2458.677246, 8.831573, 971.264099, 5003.703613
3, 3600, 5592, 0, 0, 0, 0, 0, 105, 25822, 0, 208, 56, 23800, 1068.897583, 0.000000, 1367.125977, 3.947977, 894.524963, 3598.347656
3, 3600, 5352, 0, 0, 0, 0, 0, 68, 19092, 0, 80, 36, 24168, 1014.457947, 0.000000, 1220.643188, 2.766758, 896.377808, 3466.219971
2, 3600, 159528, 0, 0, 28, 0, 0, 34423, 20430, 0, 30544, 5052, 79280, 3728.296875, 7.214288, 1940.551636, 318.030151, 1405.999268, 8167.377930
3, 3600, 8424, 0, 0, 0, 0, 0, 1196, 60282, 0, 864, 136, 27580, 1261.513062, 0.000000, 2551.921631, 9.595103, 1082.549194, 5215.848633
3, 3600, 7000, 0, 0, 0, 0, 0, 242, 40452, 0, 224, 52, 19040, 1112.547485, 0.000000, 2272.565918, 3.836037, 792.634399, 4461.060059
3, 3600, 6296, 0, 0, 0, 0, 0, 157, 44782, 0, 776, 104, 19900, 1123.788330, 0.000000, 2248.924805, 7.869221, 815.862854, 4487.440918
3, 3600, 4984, 0, 0, 0, 0, 0, 165, 18859, 0, 160, 16, 20368, 1022.086548, 0.000000, 1140.276855, 2.387498, 842.818665, 3291.240967
2, 3600, 138392, 0, 16, 32, 0, 0, 27002, 14936, 0, 33064, 4311, 70256, 3246.641846, 8.078065, 1790.877686, 312.484955, 1309.902954, 7442.523926
3, 3600, 9816, 0, 0, 0, 0, 0, 2109, 27620, 0, 1136, 268, 21420, 1140.535889, 0.000000, 1567.578979, 14.396832, 867.759583, 3887.510742
3, 3600, 5656, 0, 0, 0, 0, 0, 68, 18469, 0, 648, 36, 23900, 1003.892090, 0.000000, 1421.092896, 6.534294, 965.665405, 3705.916992
3, 3600, 6360, 0, 0, 0, 0, 0, 44, 19773, 0, 688, 156, 23480, 990.980591, 0.000000, 1216.705322, 8.722974, 959.034180, 3515.917969
3, 3600, 5528, 0, 0, 0, 0, 0, 191, 20471, 0, 864, 112, 18700, 954.148926, 0.000000, 1410.770996, 8.634424, 816.674805, 3513.600586
3, 3600, 4728, 0, 0, 0, 0, 0, 80, 18666, 0, 1072, 72, 18912, 949.430725, 0.000000, 1180.411621, 8.315311, 819.207642, 3232.472412
3, 3600, 4168, 0, 0, 0, 0, 0, 48, 16801, 0, 80, 56, 17688, 936.824951, 0.000000, 1106.694946, 3.276336, 792.738037, 3195.702393
2, 3600, 259112, 0, 32, 72, 0, 0, 57671, 30816, 0, 30895, 5334, 94264, 5293.508301, 9.675300, 3191.238281, 351.618866, 1627.024170, 11249.897461
3, 3600, 16696, 0, 0, 0, 0, 0, 5427, 43820, 0, 3328, 564, 20200, 1276.177246, 0.000000, 1812.807983, 33.334759, 824.395325, 4256.853027
3, 3600, 5832, 0, 0, 0, 0, 0, 352, 31367, 0, 112, 68, 18800, 1161.640747, 0.000000, 1632.103271, 3.770877, 796.839722, 3861.343506
3, 3600, 6312, 0, 0, 0, 0, 0, 185, 18868, 0, 176, 40, 26212, 1041.544067, 0.000000, 1292.881348, 3.662279, 924.768860, 3534.237793
3, 3600, 3032, 0, 0, 0, 0, 0, 70, 13423, 0, 48, 44, 8112, 899.172974, 0.000000, 654.142822, 2.557915, 625.041748, 2501.625488
3, 3600, 2808, 0, 0, 0, 0, 0, 1109, 17038, 0, 144, 20, 8360, 858.425110, 0.000000, 890.722351, 2.265534, 637.234863, 2698.852295
2, 3600, 184216, 0, 16, 72, 0, 0, 50032, 21640, 0, 28771, 5513, 88936, 4270.135254, 9.974363, 2599.928955, 327.947723, 1518.667847, 9497.304688
3, 3600, 30344, 0, 0, 0, 0, 0, 7127, 53534, 0, 9640, 1084, 39352, 1720.009644, 0.000000, 2581.114746, 74.266403, 1107.189453, 5834.097168
3, 3600, 5352, 0, 0, 0, 0, 0, 319, 34394, 0, 456, 64, 20088, 1096.992798, 0.000000, 1800.402710, 5.470028, 823.479797, 3989.733643
3, 3600, 7928, 0, 0, 0, 0, 0, 234, 47386, 0, 864, 144, 25560, 1260.024414, 0.000000, 1795.721191, 8.370445, 914.004211, 4255.484375
3, 3600, 5784, 0, 0, 0, 0, 0, 678, 29828, 0, 496, 48, 16956, 1133.411865, 0.000000, 1784.381836, 4.561141, 779.990234, 3995.933838
3, 3600, 4904, 0, 0, 0, 0, 0, 0, 15725, 0, 64, 48, 13584, 884.660889, 0.000000, 1168.114868, 2.912113, 705.730469, 3045.824707
3, 3600, 6712, 0, 0, 0, 0, 0, 282, 37647, 0, 432, 112, 19632, 1108.856812, 0.000000, 1322.359985, 5.737348, 836.682007, 3553.503174
3, 3600, 6472, 0, 0, 0, 0, 0, 126, 32725, 0, 464, 100, 25344, 1166.241943, 0.000000, 1418.078857, 5.814202, 909.986084, 3777.907959
2, 3600, 236904, 0, 16, 28, 0, 0, 35357, 28107, 0, 32524, 5730, 91656, 4850.963867, 6.686332, 2511.187256, 362.204712, 1525.738403, 10045.449219
3, 3600, 19864, 0, 0, 0, 0, 0, 5518, 49241, 0, 3640, 620, 29676, 1463.396118, 0.000000, 2131.584961, 38.701199, 996.355347, 4941.994629
3, 3600, 6568, 0, 0, 0, 0, 0, 194, 28404, 0, 256, 56, 21768, 1090.256348, 0.000000, 1709.184814, 3.846061, 842.335815, 3945.519043
3, 3600, 6056, 0, 0, 0, 0, 0, 46, 17095, 0, 464, 40, 23992, 1028.445435, 0.000000, 1105.084229, 3.533631, 890.130920, 3309.447021
3, 3600, 5352, 0, 0, 0, 0, 0, 195, 22194, 0, 176, 64, 22736, 1097.829956, 0.000000, 1310.495972, 4.303846, 940.934998, 3630.783691
3, 3600, 3912, 0, 0, 0, 0, 0, 213, 16380, 0, 224, 36, 12424, 902.892090, 0.000000, 901.152832, 3.074176, 700.447571, 2823.104004
2, 3600, 179192, 0, 0, 16, 0, 0, 24558, 14551, 0, 30448, 5983, 86444, 4016.958496, 4.335590, 1617.982056, 350.611420, 1487.840820, 8252.820312
3, 3600, 4696, 0, 0, 0, 0, 0, 263, 16583, 0, 256, 8, 20928, 971.260742, 0.000000, 1027.235840, 3.702377, 841.146240, 3144.325439
3, 3600, 4568, 0, 0, 0, 0, 0, 21, 15105, 0, 440, 44, 19528, 910.173218, 0.000000, 1003.046692, 4.181881, 801.592957, 3067.068359
2, 3600, 237288, 0, 48, 132, 0, 0, 38113, 29661, 0, 32707, 4849, 84420, 4673.796387, 13.197236, 2690.944580, 334.353363, 1454.045044, 9938.364258
3, 3600, 30712, 0, 0, 0, 0, 0, 5099, 53781, 0, 6488, 988, 28588, 1565.587402, 0.000000, 1993.636353, 62.083313, 929.082703, 4878.604980
3, 3600, 6504, 0, 0, 0, 0, 0, 373, 24141, 0, 976, 112, 24668, 1068.773926, 0.000000, 1791.544312, 10.784676, 902.693237, 4053.536133
3, 3600, 6488, 0, 0, 0, 0, 0, 326, 19043, 0, 1072, 128, 23448, 1045.071045, 0.000000, 981.136536, 8.285237, 878.153320, 3202.041260
3, 3600, 4008, 0, 0, 0, 0, 0, 202, 14074, 0, 400, 48, 11656, 881.864075, 0.000000, 727.017456, 4.290480, 679.944153, 2591.880859
3, 3600, 4456, 0, 0, 0, 0, 0, 881, 32189, 0, 584, 72, 15868, 1026.679443, 0.000000, 1503.433960, 5.754055, 782.267456, 3580.205078
3, 3600, 6408, 0, 0, 0, 0, 0, 907, 27102, 0, 336, 112, 18456, 1055.018677, 0.000000, 1448.511475, 5.266197, 824.751221, 3633.007324
3, 3600, 3848, 0, 0, 0, 0, 0, 692, 26491, 0, 80, 44, 12452, 955.671021, 0.000000, 1332.696899, 2.890393, 710.898132, 3303.831543
2, 3600, 156088, 0, 32, 8, 0, 0, 20331, 12966, 0, 32896, 4942, 76864, 3559.546143, 5.403198, 1481.296509, 334.582245, 1364.563110, 7511.836914
3, 3600, 6856, 0, 0, 0, 0, 0, 984, 16403, 0, 1600, 240, 20328, 986.661682, 0.000000, 870.982483, 14.296588, 843.760986, 3041.778320
3, 3600, 5032, 0, 0, 0, 0, 0, 81, 17391, 0, 288, 60, 23408, 964.815002, 0.000000, 1085.635132, 4.063258, 896.361145, 3269.875244
3, 3600, 2760, 0, 0, 0, 0, 0, 149, 20162, 0, 1552, 16, 11648, 862.236084, 0.000000, 922.296143, 7.139105, 718.977844, 2793.090820
2, 3600, 154808, 0, 48, 76, 0, 0, 15475, 13036, 0, 35568, 4258, 71732, 3337.560791, 10.532393, 1422.678345, 322.405853, 1308.566284, 7167.561035
3, 3600, 16872, 0, 0, 0, 0, 0, 2036, 20254, 0, 2432, 384, 26256, 1220.212158, 0.000000, 1087.123779, 28.431112, 941.462952, 3602.795166
3, 3600, 4984, 0, 0, 0, 0, 0, 198, 19034, 0, 336, 56, 22008, 973.115295, 0.000000, 1395.613892, 4.589544, 886.249756, 3554.666016
3, 3600, 4600, 0, 0, 0, 0, 0, 0, 19235, 0, 288, 68, 19992, 947.606323, 0.000000, 1419.956787, 3.673974, 859.890381, 3528.127930
3, 3600, 3672, 0, 0, 0, 0, 0, 60, 19647, 0, 1680, 48, 15400, 916.039185, 0.000000, 1207.187012, 8.368775, 772.269714, 3192.324219
3, 3600, 2440, 0, 0, 0, 0, 0, 57, 21300, 0, 288, 68, 8800, 845.110962, 0.000000, 1291.399414, 4.118393, 678.529053, 3082.375732
2, 3600, 157480, 0, 16, 76, 0, 0, 17624, 12841, 0, 34260, 4720, 77516, 3458.100098, 9.915887, 1473.535889, 321.435150, 1370.938721, 7404.187012
3, 3600, 17832, 0, 0, 0, 0, 0, 1950, 20386, 0, 2912, 452, 27852, 1225.941162, 0.000000, 1069.218384, 32.514420, 938.864929, 3588.196289
3, 3600, 5416, 0, 0, 0, 0, 0, 56, 18391, 0, 328, 56, 24680, 995.361267, 0.000000, 1392.753662, 4.836814, 904.058289, 3600.741943
3, 3600, 4616, 0, 0, 0, 0, 0, 21, 19532, 0, 576, 76, 20424, 951.990356, 0.000000, 1419.771240, 4.761631, 852.318542, 3523.489746
3, 3600, 3464, 0, 0, 0, 0, 0, 12, 20255, 0, 512, 52, 14352, 904.771667, 0.000000, 1236.376709, 4.297163, 765.092163, 3175.783936
3, 3600, 3064, 0, 0, 0, 0, 0, 175, 21682, 0, 744, 60, 9392, 869.906494, 0.000000, 1325.760010, 6.119949, 687.512634, 3155.957031
2, 3600, 140408, 0, 16, 80, 0, 0, 18900, 12421, 0, 35093, 4249, 72592, 3142.126709, 10.290134, 1505.331909, 319.553864, 1319.449585, 7062.596191
3, 3600, 19304, 0, 0, 0, 0, 0, 2294, 20316, 0, 3120, 496, 26692, 1226.340454, 0.000000, 1062.861206, 35.271152, 920.916077, 3572.158691
3, 3600, 4760, 0, 0, 0, 0, 0, 237, 18343, 0, 560, 60, 20624, 957.396851, 0.000000, 1282.242065, 6.200144, 840.446228, 3387.415771
3, 3600, 4120, 0, 0, 0, 0, 0, 175, 19978, 0, 288, 72, 17420, 926.975891, 0.000000, 1380.112793, 4.298834, 801.131836, 3395.529053
3, 3600, 3496, 0, 0, 0, 0, 0, 87, 20724, 0, 472, 100, 13536, 912.009338, 0.000000, 1227.521729, 6.497538, 745.171814, 3156.062256
3, 3600, 2696, 0, 0, 0, 0, 0, 79, 21225, 0, 584, 68, 9632, 852.477295, 0.000000, 1274.063721, 5.774104, 709.566528, 3106.787109
2, 3600, 106872, 0, 16, 68, 0, 0, 16524, 12835, 0, 29789, 2988, 55476, 2433.308594, 9.910875, 1554.369995, 237.426605, 1117.198853, 6084.577148
3, 3600, 19384, 0, 0, 0, 0, 0, 3469, 21251, 0, 3848, 500, 24528, 1224.901978, 0.000000, 1079.363159, 37.175804, 887.146973, 3555.170654
3, 3600, 4472, 0, 0, 0, 0, 0, 148, 20051, 0, 608, 104, 18208, 944.548828, 0.000000, 1381.790161, 6.221864, 810.449585, 3429.648926
3, 3600, 3688, 0, 0, 0, 0, 0, 148, 20331, 0, 512, 96, 14488, 898.588257, 0.000000, 1338.978882, 5.232781, 779.564148, 3302.254395
3, 3600, 3304, 0, 0, 0, 0, 0, 38, 20866, 0, 496, 76, 12792, 896.773804, 0.000000, 1237.487671, 5.099122, 735.513245, 3139.229492
3, 3600, 2952, 0, 0, 0, 0, 0, 103, 21073, 0, 240, 56, 10992, 872.494507, 0.000000, 1305.089478, 3.647242, 710.951599, 3159.893311
2, 3600, 105992, 0, 16, 72, 1, 0, 16133, 12966, 0, 34022, 2946, 50784, 2358.794922, 10.761286, 1449.405273, 253.196793, 1051.322998, 5869.483398
3, 3600, 19336, 0, 0, 0, 0, 0, 2576, 21441, 0, 3280, 488, 22072, 1209.031494, 0.000000, 1081.976196, 34.958725, 853.899048, 3496.540771
3, 3600, 3704, 0, 0, 0, 0, 0, 195, 20444, 0, 704, 80, 14120, 902.374146, 0.000000, 1362.372681, 5.847617, 755.316589, 3306.227539
3, 3600, 3768, 0, 0, 0, 0, 0, 263, 20899, 0, 544, 124, 12848, 888.998169, 0.000000, 1346.238281, 6.128303, 734.616028, 3257.023926
3, 3600, 3176, 0, 0, 0, 0, 0, 273, 21113, 0, 528, 88, 11376, 907.463257, 0.000000, 1237.352417, 5.523492, 717.201843, 3135.049316
3, 3600, 2488, 0, 0, 0, 0, 0, 166, 21926, 0, 288, 72, 7636, 843.366699, 0.000000, 1296.866089, 4.596227, 660.901001, 3068.755859
2, 3600, 88264, 0, 32, 44, 0, 0, 16605, 12702, 0, 33424, 2371, 41672, 2019.250610, 8.915110, 1384.670532, 226.992783, 939.491455, 5334.144043
3, 3600, 21128, 0, 0, 0, 0, 0, 2958, 22578, 0, 3584, 488, 19496, 1215.326904, 0.000000, 1120.998169, 37.073891, 841.416931, 3542.611572
3, 3600, 3560, 0, 0, 0, 0, 0, 243, 20563, 0, 864, 100, 12620, 899.527222, 0.000000, 1343.772339, 29.891346, 728.435974, 3280.062012
3, 3600, 3480, 0, 0, 0, 0, 0, 32, 21160, 0, 672, 84, 11764, 888.754211, 0.000000, 1359.286865, 6.444074, 719.290283, 3250.675049
3, 3600, 3112, 0, 0, 0, 0, 0, 57, 21010, 0, 464, 96, 11936, 900.825378, 0.000000, 1241.696289, 5.127524, 720.287720, 3134.257324
3, 3600, 3096, 0, 0, 0, 0, 0, 148, 21046, 0, 496, 92, 11080, 879.740540, 0.000000, 1285.018799, 5.383149, 707.740417, 3147.660156
2, 3600, 101336, 0, 32, 80, 0, 0, 31279, 13768, 0, 26442, 3365, 49768, 2424.863037, 11.319315, 1570.811890, 227.111404, 1067.300293, 6029.578125
3, 3600, 28008, 0, 0, 0, 0, 0, 5309, 27241, 0, 9320, 1128, 31928, 1472.292847, 0.000000, 1333.574097, 75.175293, 1025.040405, 4253.320801
3, 3600, 4840, 0, 0, 0, 0, 0, 75, 19045, 0, 688, 64, 21848, 975.781799, 0.000000, 1226.863403, 5.780787, 866.022034, 3342.561279
3, 3600, 5064, 0, 0, 0, 0, 0, 130, 19589, 0, 1104, 116, 20392, 977.693115, 0.000000, 1267.290527, 8.769754, 847.398193, 3374.455811
3, 3600, 4232, 0, 0, 0, 0, 0, 452, 23529, 0, 816, 116, 13880, 911.872375, 0.000000, 1312.464111, 6.714735, 759.249573, 3252.380859
3, 3600, 3864, 0, 0, 0, 0, 0, 52, 20763, 0, 368, 68, 16448, 937.548401, 0.000000, 1232.540649, 4.328907, 783.797852, 3224.108643
2, 3600, 43560, 0, 0, 8, 0, 0, 9966, 12667, 0, 11192, 916, 20960, 1160.402710, 3.643901, 1220.187134, 79.398941, 679.148865, 3787.898926
3, 3600, 11032, 0, 0, 0, 0, 0, 1211, 23183, 0, 2688, 324, 21312, 1049.662231, 0.000000, 1422.573120, 23.333662, 874.736633, 3701.603271
3, 3600, 3128, 0, 0, 0, 0, 0, 0, 20770, 0, 640, 112, 11104, 848.124939, 0.000000, 947.029907, 6.048107, 707.927551, 2792.504395
3, 3600, 2904, 0, 0, 0, 0, 0, 238, 21342, 0, 624, 88, 10224, 845.125977, 0.000000, 915.713379, 6.370561, 696.952393, 2745.696777
2, 3600, 16728, 0, 16, 48, 23, 0, 4636, 12090, 0, 4419, 503, 8800, 648.084656, 11.369438, 960.541199, 42.445343, 518.884094, 2799.469727
3, 3600, 4392, 0, 0, 4, 0, 0, 214, 21743, 0, 2632, 99, 9144, 900.439392, 1.887945, 1428.185181, 17.522800, 691.186646, 3345.996338
3, 3600, 2920, 0, 0, 0, 0, 0, 51, 21351, 0, 3248, 124, 8624, 831.061646, 0.000000, 1123.126709, 22.535044, 672.716492, 2954.043945
1, 3600, 263864, 0, 2640, 13148, 148, 0, 0, 0, 0, 31215, 7913, 119208, 5429.941406, 545.689575, 0.000000, 720.551697, 1630.855225, 9179.481445
2, 3600, 216, 0, 0, 0, 0, 0, 0, 10828, 0, 1920, 0, 0, 326.283661, 0.000000, 374.175629, 6.383927, 399.465729, 1418.179077
3, 3600, 168, 0, 0, 0, 0, 0, 0, 21597, 0, 0, 0, 32, 746.727295, 0.000000, 1245.863159, 0.000000, 543.076538, 2820.611328
3, 3600, 168, 0, 0, 0, 0, 0, 0, 21597, 0, 0, 0, 32, 757.537048, 0.000000, 1314.621094, 0.000000, 543.285339, 2877.101074
3, 3600, 168, 0, 0, 0, 0, 0, 0, 21597, 0, 0, 0, 32, 758.696533, 0.000000, 1281.966309, 0.000000, 543.256958, 2844.148682
3, 3600, 152, 0, 0, 0, 0, 0, 0, 21600, 0, 0, 0, 0, 837.417175, 0.000000, 1445.136597, 0.000000, 580.583130, 3143.448242
3, 3600, 152, 0, 0, 0, 0, 0, 0, 21600, 0, 0, 0, 0, 811.316711, 0.000000, 1378.350098, 0.000000, 576.215820, 3037.704834
3, 3600, 152, 0, 0, 0, 0, 0, 0, 21600, 0, 0, 0, 0, 783.331726, 0.000000, 1275.909912, 0.000000, 543.657959, 2865.810059
3, 3600, 152, 0, 0, 0, 0, 0, 0, 21600, 0, 0, 0, 0, 746.122498, 0.000000, 1014.137146, 0.000000, 539.953918, 2581.104736
3, 3600, 152, 0, 0, 0, 0, 0, 0, 21600, 0, 0, 0, 0, 757.821045, 0.000000, 1305.064453, 0.000000, 540.298096, 2864.949707
2, 3600, 152, 0, 0, 0, 0, 0, 0, 10800, 0, 0, 0, 0, 301.882385, 0.000000, 831.907043, 0.000000, 398.130798, 2132.569092
3, 3600, 152, 0, 0, 0, 0, 0, 0, 21600, 0, 0, 0, 0, 758.105103, 0.000000, 1344.380493, 0.000000, 541.526062, 2931.690918
3, 3600, 152, 0, 0, 0, 0, 0, 0, 21600, 0, 0, 0, 0, 748.650330, 0.000000, 927.149658, 0.000000, 541.018188, 2485.265625
