1, 1584, 77736, 0, 960, 2852, 811, 0, 0, 0, 0, 17402, 2062, 63984, 1474.553101, 184.544266, 0.000000, 190.443680, 814.669006, 2989.576660
2, 1584, 3048, 0, 0, 0, 0, 150, 2253, 11475, 0, 2032, 48, 1544, 242.901871, 0.000000, 418.078247, 11.020262, 213.241058, 1169.003174
2, 1584, 4120, 0, 0, 0, 1, 56, 2723, 12174, 0, 1128, 112, 4004, 270.208588, 0.830362, 519.165222, 6.719753, 244.831589, 1319.403931
2, 1584, 7224, 0, 0, 12, 6, 174, 3896, 11117, 0, 3232, 240, 7312, 334.911682, 5.262860, 412.225616, 20.643776, 287.748108, 1349.066406
2, 1584, 5352, 0, 0, 8, 2, 0, 3188, 10386, 0, 2384, 176, 4888, 274.382111, 2.212072, 368.904755, 14.166282, 250.538864, 1193.482910
2, 1584, 5464, 0, 0, 8, 3, 238, 2748, 12124, 0, 2744, 212, 4380, 283.195312, 2.120181, 463.113281, 16.366659, 245.929260, 1295.338501
2, 1584, 9176, 0, 0, 76, 162, 142, 5321, 11365, 0, 5544, 365, 17292, 383.771088, 18.536963, 414.850372, 36.006313, 398.737640, 1543.065552
2, 1584, 9816, 0, 0, 44, 5, 0, 5129, 11968, 0, 3352, 486, 10148, 393.108887, 5.204384, 427.872162, 27.206480, 323.724365, 1470.952637
2, 1584, 9000, 0, 0, 52, 6, 166, 4781, 12030, 0, 2648, 358, 8200, 426.792877, 4.967137, 441.283295, 24.591757, 298.105103, 1482.039673
2, 1584, 5688, 0, 0, 8, 0, 136, 3814, 9252, 0, 4008, 273, 5260, 281.491150, 0.790264, 342.478516, 21.808289, 255.733215, 1191.628418
2, 1584, 8408, 0, 0, 92, 36, 112, 4304, 9573, 0, 4576, 351, 10684, 357.912903, 11.399522, 421.322845, 31.675734, 330.263672, 1447.665771
2, 1584, 11224, 0, 0, 148, 204, 42, 5560, 8368, 0, 6768, 551, 22240, 435.497467, 23.611027, 363.972717, 48.115906, 461.016510, 1629.274536
2, 1584, 7848, 0, 0, 36, 3, 56, 3704, 9219, 0, 5504, 378, 7468, 327.431763, 4.130092, 333.984436, 33.590412, 285.803375, 1282.066040
2, 1584, 7752, 0, 0, 24, 7, 356, 4627, 10202, 0, 2424, 309, 6848, 391.578491, 4.627975, 377.026276, 19.089979, 280.978241, 1360.499390
2, 1584, 7800, 0, 0, 28, 8, 96, 3829, 9397, 0, 3656, 385, 7400, 329.404907, 3.792601, 354.923920, 26.387812, 286.229401, 1290.835815
2, 1584, 7064, 0, 0, 48, 20, 58, 3093, 9512, 0, 3592, 322, 7820, 319.704529, 5.762414, 353.286591, 23.988617, 292.442932, 1285.023315
2, 1584, 13304, 0, 0, 164, 188, 172, 8236, 8858, 0, 7032, 704, 23340, 537.119141, 24.849052, 401.260498, 50.416527, 474.562927, 1791.041382
2, 1584, 14600, 0, 0, 92, 122, 238, 8469, 11554, 0, 6416, 670, 19672, 500.736877, 15.823666, 442.845428, 51.784870, 436.093933, 1745.926147
2, 1584, 5112, 0, 0, 4, 2, 0, 3548, 9172, 0, 4760, 229, 4540, 273.361298, 0.852082, 395.605011, 23.602673, 247.648468, 1231.627808
2, 1584, 7320, 0, 0, 12, 137, 260, 2428, 10169, 0, 4728, 280, 13076, 325.309906, 12.565704, 365.524841, 25.672731, 345.044800, 1360.704956
2, 1584, 7576, 0, 0, 24, 4, 0, 5487, 11964, 0, 3096, 370, 7696, 345.938629, 3.643904, 443.181244, 22.104012, 291.091278, 1394.071411
2, 1584, 14648, 0, 0, 124, 192, 48, 6381, 13402, 0, 8424, 773, 23716, 577.574646, 24.277657, 495.365417, 58.108654, 478.041443, 1938.967896
2, 1584, 12536, 0, 16, 160, 115, 210, 6006, 7572, 0, 8104, 639, 17900, 438.275940, 19.358971, 322.688507, 57.328415, 414.143616, 1561.044434
2, 1584, 6712, 0, 0, 32, 1, 172, 3843, 8405, 0, 4352, 320, 6272, 303.608551, 2.065046, 314.660553, 25.951746, 268.928802, 1204.326172
2, 1584, 6664, 0, 0, 4, 4, 463, 4543, 10969, 0, 2096, 253, 5852, 314.956268, 2.192023, 466.692047, 16.047546, 267.851166, 1352.815674
2, 1584, 9448, 0, 0, 32, 55, 56, 5526, 10976, 0, 3848, 403, 12332, 386.034943, 9.053790, 424.899902, 29.425234, 351.380280, 1492.856201
2, 1584, 13128, 0, 0, 200, 197, 433, 5902, 8803, 0, 9832, 573, 23908, 476.810089, 28.147112, 378.144012, 61.572121, 542.468872, 1793.477417
2, 1584, 9816, 0, 0, 8, 2, 202, 4558, 11406, 0, 3968, 472, 8568, 377.788116, 1.483625, 433.288757, 29.784445, 298.883667, 1433.456055
2, 1584, 9160, 0, 0, 44, 3, 228, 6228, 10439, 0, 4224, 324, 7996, 366.313416, 4.900307, 409.604218, 27.812962, 294.182159, 1393.956177
2, 1584, 8440, 0, 0, 40, 7, 380, 6747, 11083, 0, 3680, 312, 7520, 354.546326, 4.437510, 432.648834, 26.462996, 357.540314, 1465.835083
2, 1584, 8472, 0, 0, 28, 8, 0, 4944, 10961, 0, 4520, 451, 8168, 348.733795, 4.811758, 404.692200, 30.063461, 294.071899, 1378.494995
2, 1584, 11528, 0, 0, 80, 37, 206, 7110, 10053, 0, 4200, 577, 13300, 432.702301, 9.935946, 419.227722, 35.752361, 423.008636, 1616.606812
2, 1584, 15192, 0, 0, 56, 112, 156, 6474, 10869, 0, 6640, 805, 18148, 497.674408, 12.625852, 431.155212, 52.765598, 410.970886, 1706.996094
2, 1584, 6936, 0, 0, 16, 3, 196, 5609, 8421, 0, 4864, 312, 6216, 311.380859, 2.531185, 339.213867, 26.001869, 271.164246, 1243.531860
2, 1584, 8344, 0, 0, 40, 16, 334, 4100, 8999, 0, 4152, 375, 7448, 342.473511, 5.239470, 401.502747, 29.754372, 287.004639, 1358.917236
2, 1584, 10360, 0, 0, 56, 19, 624, 6274, 10906, 0, 5280, 478, 10648, 394.909973, 7.045549, 433.131683, 37.316181, 331.037231, 1500.685303
2, 1584, 12888, 0, 0, 128, 192, 188, 6160, 10680, 0, 8016, 543, 21832, 468.889069, 21.828339, 403.509308, 53.410511, 453.284271, 1700.867798
2, 1584, 12360, 0, 0, 20, 7, 312, 6502, 9186, 0, 5352, 556, 10016, 416.561218, 3.622184, 377.479034, 38.834892, 315.507599, 1449.600464
2, 1584, 10088, 0, 0, 20, 137, 564, 5274, 10434, 0, 6928, 318, 14928, 391.174164, 14.061025, 397.342590, 34.357285, 369.422699, 1499.131470
2, 1584, 8632, 0, 0, 40, 9, 370, 4947, 8944, 0, 2920, 458, 7828, 348.568390, 4.972149, 423.576691, 26.033613, 290.374542, 1381.998535
2, 1584, 12696, 0, 0, 108, 65, 661, 5495, 7733, 0, 6304, 647, 15668, 442.073547, 12.518924, 351.993439, 48.580372, 387.094208, 1547.623291
2, 1584, 8296, 0, 0, 24, 4, 416, 5225, 9383, 0, 5152, 477, 7564, 338.350098, 2.636442, 366.579071, 34.913647, 287.190094, 1324.112183
2, 1584, 14488, 0, 0, 28, 9, 261, 6797, 9081, 0, 5976, 768, 10228, 513.688538, 3.951322, 384.248901, 48.294674, 317.362152, 1569.909424
2, 1584, 7992, 0, 0, 16, 14, 354, 4477, 11137, 0, 4352, 297, 7128, 333.372925, 4.870234, 404.977905, 26.212383, 282.816071, 1342.565552
2, 1584, 14104, 0, 16, 112, 198, 633, 6978, 9520, 0, 8412, 669, 23256, 495.159943, 22.877567, 411.383545, 57.878094, 475.343170, 1829.817871
2, 1584, 11352, 0, 0, 88, 49, 361, 5085, 8946, 0, 7520, 606, 13588, 408.862396, 9.919238, 355.354980, 51.535927, 360.830017, 1491.442749
2, 1584, 7576, 0, 0, 8, 3, 166, 4244, 9084, 0, 4224, 384, 6600, 318.471527, 2.051680, 333.257660, 26.842257, 272.063110, 1246.049683
2, 1584, 20024, 0, 0, 92, 107, 310, 7053, 11353, 0, 7624, 1085, 20736, 662.450378, 15.195463, 464.800751, 67.379646, 446.522736, 1966.379883
2, 1584, 8328, 0, 0, 84, 13, 538, 5672, 8167, 0, 3784, 393, 7164, 340.385071, 6.619508, 339.456146, 28.257381, 285.293793, 1288.840942
2, 1584, 12040, 0, 0, 36, 7, 566, 7327, 12310, 0, 4312, 548, 9044, 430.047485, 4.462571, 455.815460, 90.541237, 311.312347, 1587.357056
2, 1584, 8056, 0, 0, 48, 10, 312, 4617, 8207, 0, 3072, 429, 6568, 321.258331, 5.339715, 321.833069, 27.726082, 273.610229, 1236.805420
2, 1584, 19016, 0, 0, 112, 131, 209, 9256, 8698, 0, 6912, 970, 23820, 582.947754, 16.498648, 419.710571, 62.785084, 482.497314, 1869.082153
2, 1584, 9560, 0, 0, 12, 3, 230, 6031, 8496, 0, 5064, 445, 7192, 360.474152, 2.621405, 348.438080, 31.964773, 342.597137, 1383.771240
2, 1584, 13848, 0, 0, 16, 51, 311, 5051, 13739, 0, 5208, 600, 12808, 465.726349, 6.861767, 464.204285, 42.452065, 349.196594, 1623.256470
2, 1584, 8312, 0, 0, 32, 23, 748, 4882, 10367, 0, 4280, 354, 6928, 335.416260, 6.053124, 402.077484, 30.347488, 280.809509, 1345.881958
2, 1584, 11544, 0, 0, 40, 13, 356, 6354, 9222, 0, 4840, 550, 11124, 406.915985, 5.961233, 409.348572, 38.094753, 332.355438, 1490.391846
2, 1584, 14680, 0, 0, 68, 67, 194, 8865, 8548, 0, 5408, 831, 16560, 482.286804, 10.265083, 401.145203, 49.307148, 398.787781, 1643.365601
2, 1584, 12568, 0, 0, 32, 33, 338, 6374, 12006, 0, 4376, 508, 10220, 434.635376, 6.235236, 421.389679, 36.049755, 383.313293, 1575.100464
2, 1584, 12920, 0, 0, 40, 5, 840, 7234, 10646, 0, 3616, 613, 10368, 437.083008, 4.634658, 419.944458, 34.998852, 321.569092, 1510.627930
2, 1584, 12120, 0, 0, 88, 29, 176, 7607, 9616, 0, 5296, 750, 12100, 419.204315, 9.361208, 405.624481, 45.659904, 406.969421, 1588.227539
2, 1584, 12904, 0, 0, 84, 39, 342, 8257, 10554, 0, 5712, 640, 13388, 451.199188, 8.813202, 433.201874, 45.327423, 361.289490, 1602.510742
2, 1584, 10248, 0, 0, 32, 5, 575, 6271, 13544, 0, 4544, 414, 8640, 404.271179, 4.243703, 465.809875, 33.640533, 304.427216, 1504.800293
2, 1584, 17016, 0, 0, 60, 30, 270, 6847, 7672, 0, 5216, 808, 14424, 569.433105, 7.611933, 356.252167, 51.520893, 367.818756, 1654.905396
2, 1584, 11608, 0, 0, 24, 78, 209, 7391, 12838, 0, 5440, 623, 13212, 424.931671, 8.453991, 466.269348, 38.402168, 356.171967, 1587.064697
2, 1584, 11880, 0, 0, 16, 116, 200, 5408, 15265, 0, 8272, 493, 16528, 500.509674, 10.946749, 457.957367, 45.431011, 394.772980, 1709.864746
2, 1584, 9496, 0, 0, 44, 13, 382, 4830, 10118, 0, 4240, 538, 8472, 361.339600, 6.043100, 385.615601, 37.566795, 298.009857, 1383.615845
2, 1584, 16632, 0, 0, 172, 163, 322, 9661, 7252, 0, 6272, 947, 23688, 523.794922, 21.378906, 401.514435, 59.425205, 475.348175, 1784.856323
2, 1584, 15752, 0, 0, 84, 4, 94, 9379, 10373, 0, 6856, 940, 13460, 499.238220, 6.850071, 431.922058, 57.806252, 418.415741, 1725.456177
2, 1584, 15960, 0, 0, 36, 54, 404, 6403, 16053, 0, 5000, 722, 13768, 509.053864, 8.738018, 497.844818, 43.935692, 365.735352, 1721.346069
2, 1584, 11080, 0, 0, 12, 6, 673, 6133, 11121, 0, 5984, 539, 8124, 401.183624, 2.225438, 429.108521, 40.275078, 355.121063, 1528.279419
2, 1584, 12968, 0, 0, 112, 42, 572, 7250, 9284, 0, 6344, 686, 14388, 451.255981, 12.288360, 410.588287, 46.463535, 375.754822, 1602.423828
2, 1584, 13320, 0, 16, 68, 61, 441, 6445, 10432, 0, 7250, 682, 14792, 455.640015, 11.070384, 463.338837, 55.687740, 376.433167, 1664.944946
2, 1584, 15544, 0, 0, 40, 7, 370, 7559, 12587, 0, 5240, 760, 11712, 496.895844, 4.764977, 464.461578, 45.686634, 336.522308, 1646.892578
2, 1584, 11880, 0, 0, 36, 112, 202, 6498, 11713, 0, 6416, 505, 15100, 426.774506, 13.090320, 440.080353, 38.489048, 376.483276, 1591.049438
2, 1584, 12808, 0, 0, 60, 23, 464, 7286, 9340, 0, 5264, 709, 13280, 443.520416, 7.916009, 469.144684, 44.288219, 360.866791, 1626.076660
2, 1584, 10936, 0, 0, 40, 44, 108, 6456, 11350, 0, 4752, 485, 11104, 405.402283, 7.284466, 408.768829, 36.701347, 332.565948, 1484.204956
2, 1584, 12888, 0, 0, 24, 16, 671, 7225, 10929, 0, 4648, 699, 11392, 448.449127, 5.025613, 424.432098, 39.787220, 398.345032, 1615.230225
2, 1584, 18584, 0, 0, 48, 58, 172, 7393, 7376, 0, 6776, 963, 16828, 541.676941, 9.506563, 358.193573, 59.177937, 397.096985, 1673.672974
2, 1584, 11688, 0, 0, 40, 26, 36, 7334, 9343, 0, 5664, 639, 10432, 410.705231, 6.534300, 384.938934, 40.280090, 326.469391, 1469.283569
2, 1584, 10984, 0, 0, 20, 19, 226, 6298, 14805, 0, 5344, 398, 9144, 410.818848, 4.091665, 546.891357, 35.433247, 311.093506, 1602.848267
2, 1584, 12264, 0, 0, 28, 14, 226, 6577, 8421, 0, 4544, 678, 10256, 414.885437, 5.311312, 368.244812, 38.684525, 318.281067, 1441.203247
2, 1584, 17480, 0, 0, 176, 266, 785, 7476, 6531, 0, 9192, 1077, 29644, 614.501526, 29.523808, 348.991089, 71.564873, 540.037903, 1912.981079
2, 1584, 13256, 0, 0, 4, 3, 224, 7677, 8820, 0, 8160, 704, 10904, 429.379181, 1.052572, 364.198242, 54.227505, 323.520538, 1479.348145
2, 1584, 12472, 0, 0, 80, 96, 576, 6258, 14003, 0, 5720, 598, 14504, 440.439545, 15.075170, 466.377930, 41.163918, 373.158478, 1632.644409
2, 1584, 9512, 0, 0, 20, 3, 850, 5095, 7701, 0, 4832, 458, 6528, 355.000793, 2.676540, 326.317352, 35.194332, 271.702240, 1288.807495
2, 1584, 13000, 0, 0, 24, 19, 736, 6285, 9093, 0, 5952, 881, 11956, 430.351562, 4.803404, 378.722076, 54.665241, 336.839752, 1506.862061
2, 1584, 12936, 0, 0, 36, 22, 288, 6757, 8045, 0, 5712, 740, 12088, 434.738953, 6.515922, 424.549042, 48.067451, 347.148254, 1563.552246
2, 1584, 14296, 0, 0, 28, 8, 338, 7128, 8667, 0, 5528, 719, 11712, 454.259979, 4.577853, 369.967346, 48.866070, 332.759766, 1510.586182
2, 1584, 13336, 0, 0, 72, 13, 657, 8447, 7549, 0, 7032, 628, 11152, 436.484894, 6.799949, 351.597473, 50.824188, 333.184143, 1484.562500
2, 1584, 11976, 0, 0, 72, 171, 641, 6665, 8229, 0, 7512, 739, 19280, 435.607758, 18.565365, 379.390381, 50.211025, 427.168793, 1673.424072
2, 1584, 10248, 0, 0, 20, 6, 306, 7520, 11168, 0, 5200, 494, 9120, 386.051666, 3.129313, 435.226807, 34.397385, 308.442017, 1464.677246
2, 1584, 12760, 0, 0, 8, 3, 174, 6117, 7874, 0, 7624, 811, 10364, 418.389008, 1.618956, 339.695038, 57.395245, 315.373962, 1501.602539
2, 1584, 14552, 0, 0, 60, 29, 196, 9245, 8032, 0, 5032, 801, 13476, 472.010040, 8.031291, 377.148224, 48.013988, 361.750610, 1565.794312
2, 1584, 16312, 0, 0, 96, 194, 118, 6687, 7088, 0, 9400, 916, 23656, 508.930237, 21.778215, 329.683929, 66.961952, 468.406219, 1704.885864
2, 1584, 10232, 0, 0, 28, 3, 550, 7252, 9686, 0, 6344, 634, 8604, 386.008209, 3.035751, 397.036835, 41.957523, 360.878479, 1492.199585
2, 1584, 11080, 0, 0, 24, 17, 204, 5819, 8465, 0, 5320, 688, 10264, 391.073914, 4.875246, 344.453339, 41.583275, 319.388763, 1399.133789
2, 1584, 14520, 0, 0, 84, 140, 58, 7294, 7612, 0, 7376, 825, 20636, 483.016937, 21.368881, 360.763184, 56.912399, 507.259491, 1733.469116
2, 1584, 14168, 0, 0, 16, 3, 58, 7045, 8336, 0, 5224, 878, 11356, 446.818481, 3.226217, 359.191010, 47.805145, 327.410034, 1485.717041
2, 1584, 11112, 0, 0, 44, 22, 590, 5127, 11546, 0, 3496, 469, 9316, 439.440430, 7.227661, 454.522308, 34.094978, 334.572540, 1567.986450
2, 1584, 8408, 0, 0, 16, 3, 288, 6789, 7367, 0, 4992, 444, 6904, 394.759613, 4.499328, 464.282806, 39.509876, 324.539673, 1546.116333
2, 1584, 19512, 0, 0, 92, 218, 264, 8796, 8950, 0, 8344, 1202, 28880, 673.858276, 29.363417, 545.691711, 81.581009, 616.571594, 2286.530518
2, 1584, 11896, 0, 0, 36, 36, 576, 6423, 8040, 0, 7392, 822, 13524, 424.851471, 6.809974, 373.370667, 55.699436, 360.074860, 1556.822388
2, 1584, 13432, 0, 0, 4, 2, 256, 7956, 10457, 0, 6088, 806, 10152, 448.636261, 1.239696, 424.061188, 46.147762, 316.321259, 1539.722290
2, 1584, 12456, 0, 0, 36, 146, 270, 6914, 10451, 0, 6232, 577, 16968, 507.869324, 14.878021, 397.972443, 40.129723, 395.995941, 1650.688477
2, 1584, 9176, 0, 0, 16, 9, 308, 6865, 8272, 0, 4752, 625, 9668, 367.086975, 2.714967, 358.728210, 36.634518, 315.524323, 1378.073975
2, 1584, 11240, 0, 0, 52, 80, 172, 7719, 7904, 0, 5992, 642, 14592, 409.483917, 11.479717, 353.772766, 43.962421, 371.364105, 1487.762085
2, 1584, 13864, 0, 0, 4, 6, 732, 7592, 7998, 0, 7192, 765, 11032, 449.807434, 1.441857, 369.147003, 50.777409, 326.753418, 1566.646484
2, 1584, 15416, 0, 0, 36, 59, 324, 6602, 7786, 0, 7192, 945, 16448, 492.817535, 8.918459, 350.770447, 59.323292, 395.060333, 1613.733154
2, 1584, 11224, 0, 0, 144, 24, 680, 8668, 7509, 0, 5480, 585, 12000, 411.313385, 11.351069, 359.513489, 43.158791, 405.161682, 1530.148926
2, 1584, 9208, 0, 0, 32, 8, 76, 8243, 9318, 0, 7144, 462, 7944, 370.107697, 3.968029, 385.826111, 41.980915, 294.058533, 1399.015137
2, 1584, 12856, 0, 0, 28, 16, 386, 6638, 8047, 0, 5624, 724, 11340, 431.068329, 5.316324, 350.539886, 44.451954, 333.254303, 1464.523560
2, 1584, 14536, 0, 0, 20, 82, 204, 5911, 11550, 0, 6984, 789, 18160, 495.515808, 9.464794, 498.157257, 52.830761, 417.612091, 1777.022217
2, 1584, 14872, 0, 0, 84, 95, 242, 7498, 7213, 0, 8232, 901, 18352, 478.901855, 14.261515, 343.257080, 62.036587, 413.543823, 1621.587402
2, 1584, 10056, 0, 0, 16, 8, 212, 8579, 8486, 0, 4192, 544, 8280, 443.431854, 2.262194, 385.804382, 31.879564, 297.929657, 1455.334473
2, 1584, 10120, 0, 0, 20, 7, 188, 5971, 8392, 0, 4224, 622, 9528, 375.353851, 3.667295, 349.724548, 34.248688, 309.656647, 1366.657715
2, 1584, 14296, 0, 0, 48, 149, 636, 6469, 10250, 0, 7640, 834, 22188, 499.665924, 16.349951, 431.512726, 58.531357, 461.307220, 1770.417725
2, 1584, 22616, 0, 0, 148, 189, 400, 9396, 9155, 0, 7760, 1337, 28660, 655.276184, 23.819870, 436.314484, 77.947128, 589.819580, 2092.511475
2, 1584, 8216, 0, 0, 4, 5, 484, 5702, 9007, 0, 3520, 452, 7872, 350.656830, 2.068388, 385.867859, 25.121384, 293.026001, 1351.505737
2, 1584, 10472, 0, 0, 4, 3, 732, 7397, 9548, 0, 4056, 585, 9392, 393.960968, 1.139451, 474.295624, 33.182751, 309.833740, 1506.943848
2, 1584, 15976, 0, 0, 96, 76, 82, 8201, 11942, 0, 5792, 932, 20644, 536.507629, 13.992524, 471.527191, 53.918415, 448.694733, 1826.080322
2, 1584, 15320, 0, 0, 68, 126, 494, 8351, 9673, 0, 7152, 906, 20808, 577.945557, 14.901412, 428.102753, 57.799568, 448.796631, 1831.672363
2, 1584, 13656, 0, 0, 16, 3, 284, 6477, 10277, 0, 5776, 668, 10784, 451.005371, 2.537868, 417.598755, 44.126156, 324.474518, 1541.246094
2, 1584, 9016, 0, 0, 16, 5, 297, 5658, 11035, 0, 3104, 451, 7560, 364.288483, 3.425036, 424.054504, 23.978592, 287.669586, 1392.736450
2, 1584, 16152, 0, 0, 24, 117, 430, 6581, 12560, 0, 6136, 882, 20588, 531.568909, 12.288360, 538.535889, 52.399708, 438.939209, 1878.620483
2, 1584, 17144, 0, 0, 136, 269, 234, 8194, 8498, 0, 10456, 997, 29612, 561.754333, 29.299929, 398.174622, 74.201309, 540.340332, 1914.461304
2, 1584, 13144, 0, 0, 24, 6, 0, 8541, 7762, 0, 6400, 867, 12024, 441.543915, 2.572954, 356.018280, 50.439919, 403.480896, 1558.255981
2, 1584, 13688, 0, 0, 20, 15, 58, 8040, 12071, 0, 3496, 940, 12604, 474.213745, 4.350631, 447.160980, 40.532375, 351.410339, 1613.196899
2, 1584, 15800, 0, 0, 36, 140, 519, 7321, 10867, 0, 7400, 844, 21248, 568.626099, 15.369222, 445.470184, 57.186401, 451.673676, 1845.073486
2, 1584, 9144, 0, 0, 24, 7, 366, 6444, 8048, 0, 3920, 532, 9020, 360.863434, 3.682331, 358.656372, 32.659805, 306.351898, 1355.869751
2, 1584, 15400, 0, 0, 44, 7, 208, 7749, 8296, 0, 5520, 939, 14052, 492.446625, 4.773330, 390.121613, 52.616901, 365.122192, 1610.440186
2, 1584, 23128, 0, 0, 256, 252, 482, 10657, 11961, 0, 9280, 1398, 33496, 691.190613, 32.833561, 526.456421, 85.077888, 587.754517, 2296.768799
2, 1584, 11816, 0, 0, 8, 3, 980, 7660, 7397, 0, 5864, 785, 9936, 416.930450, 1.722542, 342.836060, 46.371643, 313.930420, 1421.161011
2, 1584, 8792, 0, 0, 16, 12, 528, 7185, 10470, 0, 4920, 439, 7924, 364.871582, 4.327240, 419.164246, 31.468561, 295.752686, 1473.142944
2, 1584, 10520, 0, 0, 16, 5, 550, 6334, 9287, 0, 3608, 608, 9532, 390.360504, 2.202047, 390.652893, 31.506989, 311.935547, 1419.704102
2, 1584, 13352, 0, 0, 24, 19, 643, 6662, 8428, 0, 5192, 899, 14108, 454.973389, 5.969587, 376.889252, 46.645645, 418.698090, 1603.554932
2, 1584, 17544, 0, 0, 44, 138, 196, 10271, 7645, 0, 7072, 934, 22560, 548.207886, 15.115268, 395.067017, 62.166904, 463.014709, 1787.651489
2, 1584, 13304, 0, 0, 16, 19, 342, 9876, 9908, 0, 4952, 625, 11944, 459.654846, 4.452547, 437.975189, 38.377110, 345.920258, 1583.221924
2, 1584, 10728, 0, 0, 8, 1, 336, 8413, 8105, 0, 4712, 656, 8848, 454.550690, 1.946423, 359.774109, 37.456524, 301.379761, 1451.129150
2, 1584, 17768, 0, 0, 76, 176, 102, 9477, 8605, 0, 8336, 1102, 26244, 571.352783, 21.175076, 417.707336, 67.453156, 506.395721, 1892.661377
2, 1584, 13608, 0, 0, 20, 82, 0, 7627, 10110, 0, 7512, 920, 18360, 480.275238, 9.818993, 423.907501, 55.866512, 482.893280, 1760.027344
2, 1584, 16280, 0, 0, 0, 0, 72, 10249, 7957, 0, 4056, 944, 13288, 499.495514, 0.000000, 386.267181, 45.823639, 349.726227, 1577.947388
2, 1584, 9896, 0, 0, 28, 5, 278, 5725, 8631, 0, 3328, 543, 8424, 380.036957, 4.457559, 355.734253, 29.572260, 350.123871, 1410.194214
2, 1584, 13944, 0, 0, 24, 26, 122, 9464, 9824, 0, 4752, 867, 15124, 480.104797, 5.261189, 432.521881, 46.246338, 385.217957, 1648.645142
2, 1584, 11416, 0, 0, 16, 17, 104, 8097, 8347, 0, 5752, 729, 12096, 415.413391, 3.789259, 380.267517, 44.999958, 344.570282, 1487.813843
2, 1584, 15240, 0, 0, 40, 8, 188, 10261, 7720, 0, 5064, 988, 13920, 491.079956, 4.653037, 387.057434, 48.613789, 362.920135, 1658.348877
2, 1584, 20872, 0, 0, 84, 256, 564, 12389, 10585, 0, 9464, 1102, 30688, 642.904297, 25.291801, 488.089325, 72.343437, 551.068237, 2088.463135
2, 1584, 12616, 0, 0, 8, 1, 0, 8983, 8010, 0, 4864, 740, 10980, 494.827454, 1.507016, 363.426361, 39.982697, 326.740051, 1523.648071
2, 1584, 10904, 0, 0, 8, 2, 224, 7953, 8995, 0, 4704, 756, 9988, 399.437683, 2.166962, 386.576263, 38.991943, 313.841888, 1439.601074
2, 1584, 13224, 0, 0, 12, 9, 120, 9041, 7631, 0, 6936, 793, 11348, 437.584229, 3.446755, 353.538879, 52.697098, 332.771454, 1484.888306
2, 1584, 16792, 0, 0, 88, 182, 256, 10230, 13085, 0, 7360, 897, 25732, 560.253967, 21.078171, 545.153748, 62.616337, 505.311401, 2057.048096
2, 1584, 15208, 0, 0, 8, 1, 0, 8651, 7932, 0, 5064, 1054, 12628, 479.518372, 1.189573, 376.159149, 53.666134, 342.388306, 1554.805908
2, 1584, 10472, 0, 0, 16, 126, 632, 6401, 10824, 0, 5896, 509, 15196, 412.187195, 13.117052, 478.786591, 35.139194, 376.548431, 1608.588989
2, 1584, 12008, 0, 0, 20, 1, 198, 8085, 7613, 0, 4744, 756, 11744, 421.098969, 1.891288, 349.853210, 38.925114, 336.154724, 1444.157104
2, 1584, 21368, 0, 0, 244, 233, 352, 9504, 12081, 0, 8224, 1375, 32348, 662.271606, 32.853611, 569.389648, 80.222694, 574.542236, 2229.479492
2, 1584, 13016, 0, 0, 20, 1, 56, 7568, 7318, 0, 5952, 868, 11996, 437.452240, 3.059142, 328.318909, 51.926884, 336.814667, 1459.521362
2, 1584, 11176, 0, 0, 16, 87, 626, 6506, 8116, 0, 5416, 600, 13212, 403.554413, 8.606029, 346.727234, 38.306938, 409.651001, 1501.253296
2, 1584, 14568, 0, 0, 16, 5, 354, 7167, 8808, 0, 5024, 721, 11852, 466.436401, 1.797726, 386.287231, 44.072693, 334.921722, 1534.070190
2, 1584, 11528, 0, 0, 20, 5, 58, 8292, 8907, 0, 4864, 901, 11300, 413.617340, 3.141008, 380.992615, 45.922211, 335.170654, 1478.950439
2, 1584, 16920, 0, 0, 60, 157, 178, 10327, 9570, 0, 8784, 1013, 25352, 550.105835, 17.158594, 446.270477, 68.953491, 554.912598, 1944.907349
2, 1584, 15144, 0, 0, 4, 0, 92, 8880, 7935, 0, 4904, 1020, 12560, 480.335358, 0.962352, 364.869904, 48.207798, 341.156952, 1535.032593
2, 1584, 12984, 0, 0, 24, 9, 356, 8543, 8104, 0, 4264, 810, 12080, 440.949127, 4.597902, 423.812256, 42.361843, 343.188599, 1551.479370
2, 1584, 12888, 0, 0, 12, 2, 56, 8698, 9219, 0, 4992, 812, 11148, 439.495575, 2.902091, 388.267059, 42.585724, 328.678131, 1498.992798
2, 1584, 15720, 0, 0, 76, 139, 248, 8634, 8088, 0, 8640, 885, 22648, 513.907410, 16.361647, 386.716614, 66.916847, 466.636902, 1758.446777
2, 1584, 12184, 0, 0, 12, 7, 517, 9451, 7567, 0, 5120, 752, 12020, 427.670013, 2.494428, 430.577118, 42.483810, 341.151947, 1543.120605
2, 1584, 23992, 0, 0, 52, 171, 192, 9965, 10950, 0, 7512, 1406, 28324, 687.167419, 18.871111, 462.254517, 77.404137, 526.053772, 2079.679932
2, 1584, 12696, 0, 0, 16, 7, 218, 8541, 7654, 0, 4560, 908, 10156, 430.837769, 2.940519, 401.751678, 43.862179, 316.573547, 1493.148560
2, 1584, 8104, 0, 0, 12, 6, 0, 8229, 7785, 0, 2928, 418, 7104, 340.306549, 3.222875, 332.452362, 24.787235, 282.460205, 1269.538818
2, 1584, 15528, 0, 0, 44, 22, 298, 9334, 10087, 0, 5768, 876, 15980, 504.858612, 6.621179, 509.309509, 51.457405, 393.544952, 1769.582275
2, 1584, 19432, 0, 0, 128, 136, 342, 12034, 11196, 0, 7456, 1233, 26088, 631.310974, 20.593655, 525.046265, 72.988350, 522.892700, 2085.845215
2, 1584, 14744, 0, 0, 36, 7, 668, 9008, 7748, 0, 4968, 842, 12840, 476.524384, 3.645575, 452.784729, 46.872868, 347.848297, 1625.525269
2, 1584, 13208, 0, 0, 12, 5, 186, 7264, 10366, 0, 2944, 704, 10276, 449.543457, 2.907104, 391.824097, 33.349823, 318.650299, 1487.046997
2, 1584, 10200, 0, 0, 8, 3, 322, 6978, 9171, 0, 5448, 655, 9848, 395.900726, 2.009911, 384.741791, 38.933468, 315.845093, 1436.481689
2, 1584, 19064, 0, 0, 68, 131, 224, 9774, 13234, 0, 7504, 1169, 25376, 600.011108, 15.868775, 542.039490, 70.057854, 551.870178, 2090.302734
2, 1584, 16184, 0, 0, 32, 4, 114, 8864, 8087, 0, 6424, 1094, 14516, 505.266296, 2.856981, 368.749390, 58.643295, 368.811188, 1609.723389
2, 1584, 13784, 0, 0, 0, 3, 564, 8791, 9400, 0, 4488, 828, 10488, 451.705414, 0.446090, 411.627472, 43.020119, 319.236725, 1584.865967
2, 1584, 12424, 0, 0, 12, 10, 550, 8568, 11187, 0, 4264, 644, 11128, 444.557953, 3.958005, 443.525421, 36.026363, 334.346985, 1558.494873
2, 1584, 17784, 0, 0, 32, 118, 210, 10466, 12399, 0, 6080, 1097, 22816, 638.172729, 13.294151, 505.149323, 58.763588, 468.431274, 1987.070435
2, 1584, 17320, 0, 0, 52, 162, 250, 10968, 8519, 0, 9248, 1072, 25548, 566.183472, 17.088423, 434.304565, 71.914055, 502.337463, 1902.622437
2, 1584, 16440, 0, 0, 0, 4, 442, 10575, 8489, 0, 5008, 1052, 13748, 576.359985, 1.005791, 406.127380, 50.683846, 362.016266, 1697.780151
2, 1584, 14424, 0, 0, 16, 7, 134, 6884, 11240, 0, 3552, 849, 11780, 471.278229, 3.164399, 429.516205, 40.774632, 336.194824, 1575.972534
2, 1584, 16072, 0, 0, 16, 47, 290, 10144, 10026, 0, 4400, 949, 16608, 522.461670, 5.837597, 453.016937, 46.892918, 397.758606, 1724.274902
2, 1584, 12520, 0, 0, 32, 15, 102, 9161, 9013, 0, 4952, 829, 13544, 448.145050, 6.024722, 452.717896, 44.827869, 365.733673, 1617.059692
2, 1584, 19384, 0, 0, 20, 74, 969, 11070, 7907, 0, 6632, 1223, 20332, 588.507996, 9.235901, 424.764587, 66.601074, 440.538116, 1836.223511
2, 1584, 19160, 0, 0, 72, 148, 464, 9590, 11330, 0, 7472, 1054, 24484, 606.597229, 17.282228, 523.317078, 64.479225, 488.782684, 2005.684204
2, 1584, 18936, 0, 0, 32, 18, 412, 9288, 10264, 0, 6232, 1146, 17108, 575.426086, 5.498435, 438.152283, 63.847679, 404.881012, 1796.118774
2, 1584, 9672, 0, 0, 28, 2, 610, 7568, 8140, 0, 3848, 651, 8292, 375.950317, 2.663174, 363.294373, 34.191883, 295.620697, 1422.398926
2, 1584, 17688, 0, 0, 72, 118, 428, 9092, 11496, 0, 6384, 1100, 21576, 564.733276, 16.613930, 464.919373, 60.491142, 452.559174, 1862.758301
2, 1584, 22120, 0, 0, 44, 183, 525, 10822, 11395, 0, 8728, 1245, 29732, 677.674255, 17.693233, 495.143219, 76.941338, 602.448730, 2182.907227
2, 1584, 16072, 0, 0, 24, 6, 71, 10615, 10249, 0, 6328, 986, 15276, 519.078369, 3.114276, 445.685699, 55.423763, 381.448730, 1711.433594
2, 1584, 13448, 0, 0, 12, 2, 46, 9719, 7825, 0, 3776, 736, 10136, 446.724915, 2.562929, 345.826691, 37.509991, 315.170135, 1441.779663
2, 1584, 13736, 0, 0, 40, 35, 402, 8730, 12671, 0, 4368, 877, 14604, 477.663849, 7.038866, 462.655518, 45.165363, 374.144226, 1665.643311
2, 1584, 21064, 0, 0, 104, 158, 58, 12690, 10957, 0, 8192, 1432, 28224, 654.671387, 20.165943, 486.911438, 77.165222, 530.178833, 2082.912842
2, 1584, 20072, 0, 0, 128, 134, 114, 8808, 9831, 0, 7992, 1172, 26740, 697.120117, 18.991405, 443.568878, 69.676926, 514.814636, 2055.953857
2, 1584, 17352, 0, 0, 4, 1, 206, 9872, 11166, 0, 3656, 1058, 12852, 533.468506, 0.659946, 461.644714, 48.294674, 347.585999, 1693.041992
2, 1584, 16584, 0, 0, 12, 4, 124, 10846, 10424, 0, 3504, 928, 14616, 534.572876, 2.915457, 519.982239, 42.440369, 371.302277, 1768.681763
2, 1584, 16904, 0, 0, 32, 22, 358, 12923, 11206, 0, 5784, 1102, 18152, 552.927734, 5.951209, 494.675415, 56.997608, 419.063995, 1834.223633
2, 1584, 17576, 0, 0, 56, 41, 140, 10491, 10174, 0, 5456, 1118, 18504, 555.346985, 8.900081, 447.040680, 57.812935, 479.864227, 1853.988525
2, 1584, 14632, 0, 0, 24, 21, 178, 8280, 12393, 0, 4896, 857, 14368, 493.266968, 4.694805, 477.269531, 46.431789, 372.398285, 1694.015991
2, 1584, 21992, 0, 0, 44, 104, 322, 12863, 12457, 0, 6912, 1317, 24168, 651.470215, 12.562363, 590.419373, 68.754669, 483.952545, 2117.629395
2, 1584, 17432, 0, 0, 28, 72, 226, 10861, 10103, 0, 5992, 1150, 18924, 551.200195, 8.707945, 442.785278, 57.863056, 424.909943, 1790.311279
2, 1584, 19160, 0, 0, 100, 151, 250, 11154, 8971, 0, 8008, 1290, 25904, 600.873230, 19.332239, 479.384705, 72.520538, 504.402527, 1989.267456
2, 1584, 18472, 0, 0, 36, 135, 272, 11369, 12189, 0, 6544, 1291, 24488, 593.814331, 14.294930, 506.709808, 64.084923, 490.578735, 1974.519775
2, 1584, 25032, 0, 0, 88, 176, 604, 11933, 11222, 0, 8136, 1582, 30740, 736.307495, 20.964560, 511.707031, 85.381966, 623.383240, 2293.983643
2, 1584, 14360, 0, 0, 12, 10, 562, 11561, 9563, 0, 4144, 845, 13296, 497.853180, 2.801846, 437.579224, 40.742889, 362.846619, 1641.589600
2, 1584, 16888, 0, 16, 44, 66, 288, 10420, 11677, 0, 4600, 933, 16324, 535.643860, 10.821443, 550.620422, 46.134396, 392.903412, 1835.418213
2, 1584, 16888, 0, 0, 40, 21, 462, 11617, 12324, 0, 5232, 1239, 17548, 549.739990, 6.445750, 486.886383, 59.614002, 411.168030, 1822.048828
2, 1584, 25944, 0, 0, 132, 260, 410, 15626, 9827, 0, 9856, 1627, 36212, 818.976196, 27.567362, 516.789429, 96.636131, 616.498108, 2387.696045
2, 1584, 22824, 0, 0, 24, 3, 318, 14256, 10809, 0, 5232, 1470, 18904, 659.412964, 3.057471, 479.023834, 66.131592, 420.477448, 1937.678101
2, 1584, 14424, 0, 0, 36, 12, 186, 9298, 11164, 0, 3648, 885, 11940, 482.752960, 4.923698, 502.240570, 40.976795, 341.654846, 1668.640625
2, 1584, 18344, 0, 0, 36, 36, 494, 12267, 11849, 0, 5472, 1102, 18704, 587.995117, 6.320444, 504.877014, 54.974331, 426.076111, 1882.543335
2, 1584, 18952, 0, 0, 36, 91, 384, 10275, 13202, 0, 7672, 1291, 23988, 673.843201, 11.300947, 541.342773, 69.673584, 489.163605, 2098.716553
2, 1584, 23464, 0, 0, 72, 55, 251, 14185, 11453, 0, 6328, 1634, 24332, 694.914673, 10.087983, 534.542847, 77.729935, 489.746704, 2123.390137
2, 1584, 24152, 0, 0, 32, 8, 232, 13133, 10925, 0, 5768, 1268, 19556, 686.958618, 4.582865, 581.617859, 67.249321, 429.285645, 2076.966797
2, 1584, 15768, 0, 0, 20, 4, 339, 9933, 10968, 0, 3096, 973, 13448, 518.481934, 2.257182, 464.992889, 41.668484, 359.329681, 1681.973267
2, 1584, 17912, 0, 0, 12, 2, 1056, 11404, 11866, 0, 4136, 1094, 16852, 632.652588, 1.127756, 518.881226, 48.546959, 401.958862, 1904.102661
2, 1584, 19256, 0, 0, 36, 64, 216, 12720, 8740, 0, 5696, 1268, 21364, 598.281921, 10.570830, 432.553619, 62.679825, 455.472961, 1864.626221
2, 1584, 22536, 0, 0, 48, 128, 422, 11349, 11554, 0, 7816, 1405, 26312, 668.414917, 14.460334, 553.007935, 75.708328, 504.808502, 2128.100098
2, 1584, 21288, 0, 0, 48, 85, 474, 12984, 11207, 0, 7856, 1178, 22628, 647.286682, 12.295043, 517.753479, 71.743637, 472.026733, 2035.831299
2, 1584, 16424, 0, 0, 28, 5, 618, 11640, 8545, 0, 4576, 1100, 14516, 523.819946, 2.561259, 470.691803, 51.801579, 370.826111, 1720.049683
2, 1584, 17160, 0, 0, 28, 4, 573, 13408, 9541, 0, 5392, 1097, 16532, 554.799011, 4.638000, 459.070068, 54.444702, 397.646667, 1773.600464
2, 1584, 19480, 0, 0, 20, 7, 634, 12045, 9621, 0, 4520, 1393, 17796, 587.582458, 4.125080, 464.032196, 60.060089, 468.030304, 1888.882202
2, 1584, 29016, 0, 0, 120, 148, 552, 15944, 10407, 0, 8520, 1795, 32724, 816.762451, 19.226982, 515.651672, 95.663757, 582.941101, 2348.622314
2, 1584, 16632, 0, 16, 40, 11, 364, 9254, 9671, 0, 5234, 1102, 16032, 528.772034, 5.301287, 410.275848, 56.132160, 450.103180, 1753.222290
2, 1584, 23928, 0, 0, 20, 6, 198, 12048, 9923, 0, 4576, 1396, 18692, 668.648865, 3.212851, 446.143494, 62.633045, 414.302338, 1900.911621
2, 1584, 19144, 0, 0, 12, 5, 875, 13173, 10254, 0, 4208, 1316, 17940, 658.911743, 2.113498, 479.875916, 55.019440, 412.828766, 1911.748047
2, 1584, 20696, 0, 0, 20, 33, 194, 12041, 9890, 0, 7032, 1447, 21072, 629.347839, 5.899415, 472.796936, 72.990021, 453.628448, 1951.876099
2, 1584, 23544, 0, 0, 84, 65, 640, 15443, 9771, 0, 6960, 1517, 24960, 688.915039, 10.983505, 577.055054, 78.645508, 498.008545, 2168.386719
2, 1584, 23512, 0, 0, 16, 3, 466, 13113, 9031, 0, 6528, 1502, 18364, 717.232544, 3.199485, 503.822754, 79.497589, 447.812561, 2084.224609
2, 1584, 17832, 0, 0, 32, 6, 1246, 11985, 9725, 0, 4792, 1202, 16220, 563.263000, 4.467583, 464.984528, 57.137951, 451.688721, 1845.838623
2, 1584, 24344, 0, 0, 56, 164, 344, 15902, 10793, 0, 9096, 1606, 31372, 723.857056, 17.953871, 524.653687, 87.465385, 565.642151, 2301.223145
2, 1584, 19048, 0, 0, 12, 3, 573, 13554, 9002, 0, 6608, 1323, 17580, 580.060730, 2.126864, 443.993225, 66.694633, 407.779755, 1808.910034
2, 1584, 28824, 0, 0, 16, 6, 190, 13496, 10301, 0, 5096, 1609, 21216, 827.714172, 2.577966, 474.108490, 74.455269, 444.730042, 2134.022949
2, 1584, 19464, 0, 0, 8, 9, 772, 12344, 9762, 0, 4776, 1330, 16612, 586.980957, 2.519490, 459.801849, 57.490479, 394.931671, 1806.940308
2, 1584, 24024, 0, 0, 44, 106, 108, 15976, 9500, 0, 8912, 1457, 29404, 786.627136, 13.887267, 484.438721, 82.730484, 549.222046, 2235.109863
2, 1584, 17672, 0, 0, 12, 5, 408, 13862, 8682, 0, 5280, 1284, 16772, 555.477295, 2.653150, 423.758789, 57.697651, 394.767944, 1739.744385
2, 1584, 25160, 0, 0, 40, 7, 194, 13390, 9488, 0, 4976, 1754, 20568, 755.729980, 4.659719, 462.962921, 76.176140, 436.341217, 2045.967651
2, 1584, 24232, 0, 0, 80, 87, 160, 15807, 11472, 0, 6464, 1778, 25052, 705.209839, 12.828012, 512.838135, 79.942009, 494.618591, 2121.126221
2, 1584, 22552, 0, 0, 4, 1, 657, 13824, 9431, 0, 4528, 1432, 17508, 714.721436, 0.765203, 468.848969, 62.618008, 404.697205, 1961.454468
2, 1584, 19640, 0, 16, 4, 2, 402, 12274, 10072, 0, 5258, 1178, 16560, 591.742615, 2.252170, 453.404572, 58.006741, 392.996948, 1803.515259
2, 1584, 23112, 0, 0, 12, 4, 1037, 14455, 9696, 0, 5200, 1465, 19316, 672.498230, 2.512807, 492.366425, 65.391449, 430.451813, 2034.340942
2, 1584, 26040, 0, 16, 60, 103, 831, 14769, 13518, 0, 8023, 1625, 29480, 755.648071, 15.527943, 564.409119, 87.236496, 547.138611, 2285.342529
2, 1584, 26840, 0, 0, 24, 4, 488, 13817, 8634, 0, 7024, 1657, 22392, 715.038879, 3.388279, 483.838928, 84.606735, 454.226562, 2055.676514
2, 1584, 23032, 0, 16, 16, 2, 462, 14358, 9127, 0, 4812, 1501, 17376, 643.903381, 4.063262, 453.994354, 65.558525, 401.679840, 1874.612305
2, 1584, 18344, 0, 16, 16, 3, 234, 12688, 10084, 0, 5320, 1254, 16448, 573.456238, 3.141008, 465.985321, 60.489471, 446.427521, 1856.613281
2, 1584, 24472, 0, 0, 40, 29, 332, 13196, 13778, 0, 6016, 1664, 25196, 713.546875, 7.164172, 572.761230, 77.796761, 501.279877, 2188.425781
2, 1584, 22344, 0, 0, 8, 2, 318, 15132, 8863, 0, 5416, 1447, 19460, 705.194824, 1.836153, 468.279236, 67.962738, 426.002594, 1975.639160
2, 1584, 31336, 0, 0, 8, 5, 414, 14006, 9620, 0, 5296, 1656, 21992, 803.526733, 2.973933, 477.075745, 79.469185, 450.251862, 2124.342529
2, 1584, 26728, 0, 0, 40, 66, 315, 14390, 10917, 0, 5888, 1586, 24264, 745.802368, 11.391168, 504.161926, 75.021652, 550.244507, 2196.328369
2, 1584, 27112, 0, 0, 60, 118, 660, 17184, 11122, 0, 7544, 1740, 31660, 794.723572, 14.939839, 555.666138, 86.270805, 577.450989, 2344.857910
2, 1584, 23464, 0, 0, 8, 1, 534, 13150, 9125, 0, 5856, 1603, 21072, 726.009033, 1.630651, 441.652527, 75.773483, 442.013397, 1996.600342
2, 1584, 26888, 0, 16, 12, 0, 458, 16046, 10131, 0, 4641, 1583, 20084, 795.986694, 1.899642, 500.870544, 68.689507, 431.995575, 2104.109863
2, 1584, 23528, 0, 0, 12, 2, 444, 16812, 10984, 0, 5072, 1410, 18920, 681.371582, 2.887054, 521.547729, 64.190186, 423.580017, 2003.711060
2, 1584, 21912, 0, 0, 12, 3, 984, 13412, 9372, 0, 4848, 1527, 18860, 692.716003, 2.188681, 470.215637, 63.762470, 421.551727, 1959.818848
2, 1584, 21528, 0, 16, 28, 36, 378, 14102, 8599, 0, 6241, 1596, 20176, 630.478943, 7.558469, 440.083679, 69.705322, 440.005157, 1901.589844
2, 1584, 33048, 0, 16, 52, 108, 440, 18688, 11806, 0, 7594, 2048, 32884, 946.713318, 14.725983, 579.514404, 99.498123, 582.685486, 2540.187012
2, 1584, 26584, 0, 0, 16, 2, 312, 15772, 10340, 0, 5904, 1712, 22424, 735.816284, 2.213743, 500.611572, 78.556953, 464.854218, 2094.892334
2, 1584, 20280, 0, 0, 4, 1, 326, 13430, 9097, 0, 4680, 1246, 17436, 653.102539, 1.000779, 442.812012, 57.570675, 400.565460, 1857.289917
2, 1584, 25016, 0, 0, 20, 1, 598, 15320, 9265, 0, 4576, 1689, 18840, 684.756531, 3.399975, 470.887299, 69.835648, 418.808350, 1956.066284
2, 1584, 23896, 0, 0, 24, 2, 1851, 15044, 9627, 0, 5520, 1544, 19684, 681.764221, 3.812649, 491.591217, 68.417175, 497.455536, 2053.228760
2, 1584, 33560, 0, 32, 96, 63, 629, 18059, 14075, 0, 6947, 2014, 33344, 901.435974, 14.325004, 644.651855, 101.132118, 586.965942, 2566.698486
2, 1584, 28280, 0, 0, 0, 1, 274, 13303, 11401, 0, 6536, 1744, 23988, 763.934998, 0.554689, 491.340607, 82.072212, 535.227844, 2188.918701
2, 1584, 22552, 0, 16, 12, 46, 1118, 13604, 10203, 0, 5410, 1168, 18060, 648.307495, 6.906877, 479.979492, 60.352470, 412.763580, 1913.923340
2, 1584, 26952, 0, 0, 28, 1, 569, 16707, 11002, 0, 4448, 1735, 20952, 787.270386, 3.869455, 529.926575, 72.259903, 444.484436, 2146.598633
2, 1584, 25416, 0, 0, 32, 81, 860, 16407, 11030, 0, 7176, 1733, 27268, 799.214539, 9.463123, 520.388245, 82.648621, 524.610229, 2251.264404
2, 1584, 27176, 0, 0, 28, 10, 558, 14271, 10403, 0, 7040, 1772, 23164, 745.860840, 4.638000, 506.394043, 83.878288, 471.281586, 2129.247803
2, 1584, 28952, 0, 0, 28, 56, 246, 16060, 11541, 0, 6992, 1707, 25304, 783.425964, 7.837484, 587.985107, 83.682816, 494.195892, 2272.035156
2, 1584, 29336, 0, 16, 16, 6, 434, 17139, 10172, 0, 5113, 1724, 23296, 793.562439, 2.865335, 533.978088, 76.418396, 475.428375, 2193.902588
2, 1584, 27816, 0, 0, 48, 11, 741, 16704, 15787, 0, 5920, 1730, 24844, 786.047363, 5.847622, 652.922058, 81.056396, 551.096619, 2390.905518
2, 1584, 23304, 0, 16, 4, 1, 402, 16852, 8668, 0, 4974, 1652, 19252, 663.626587, 1.157829, 471.655823, 71.823837, 425.115448, 1941.590942
2, 1584, 28696, 0, 16, 28, 28, 222, 16296, 10430, 0, 7059, 1789, 24084, 780.308350, 6.743144, 497.219971, 87.861359, 535.732422, 2225.504639
2, 1584, 33080, 0, 16, 20, 61, 690, 17856, 12746, 0, 6855, 1979, 28676, 873.788452, 8.477382, 568.295288, 91.346542, 595.707275, 2454.522705
2, 1584, 28424, 0, 0, 20, 3, 348, 16886, 8445, 0, 5568, 1873, 22592, 758.954529, 3.099240, 464.894318, 82.459824, 460.351532, 2080.495361
2, 1584, 24936, 0, 32, 32, 33, 1469, 14922, 9519, 0, 6343, 1553, 22636, 707.228149, 7.633653, 498.728638, 74.824501, 520.934570, 2123.562256
2, 1584, 31448, 0, 0, 20, 10, 1542, 17548, 13297, 0, 6064, 1842, 25988, 839.755310, 4.480949, 585.686157, 89.152847, 506.686432, 2340.413818
2, 1584, 32776, 0, 0, 44, 80, 1336, 16578, 12771, 0, 7608, 2044, 30468, 939.622620, 10.612598, 574.223145, 99.852325, 554.687073, 2501.477295
2, 1584, 23464, 0, 16, 8, 3, 714, 14472, 11653, 0, 5055, 1540, 18676, 674.610107, 2.546222, 525.357056, 70.485565, 420.437347, 2000.890869
2, 1584, 30920, 0, 16, 12, 1, 390, 15329, 9140, 0, 5402, 1755, 21092, 793.762878, 2.325683, 547.013306, 80.650406, 442.481201, 2181.016113
2, 1584, 25448, 0, 16, 20, 20, 536, 16845, 11932, 0, 6483, 1505, 22120, 725.980591, 5.284580, 546.306580, 73.962395, 522.247803, 2187.556885
2, 1584, 31448, 0, 0, 16, 7, 442, 16673, 14724, 0, 5728, 2048, 27792, 855.042664, 4.150141, 643.261841, 90.962265, 525.425537, 2438.264648
2, 1584, 33880, 0, 0, 104, 98, 588, 17144, 12499, 0, 7512, 2232, 35524, 977.471802, 15.798604, 612.426453, 105.307320, 614.394592, 2647.925293
2, 1584, 35240, 0, 16, 8, 1, 776, 15859, 9141, 0, 7418, 2038, 24252, 884.157104, 2.320671, 485.533081, 96.323700, 474.549561, 2265.101562
2, 1584, 38936, 0, 0, 136, 136, 430, 20265, 11636, 0, 8264, 2404, 37984, 1011.770630, 18.660597, 672.239319, 117.595680, 639.465881, 2784.410400
2, 1584, 47320, 0, 0, 480, 226, 475, 20610, 9621, 0, 9552, 2903, 49680, 1260.941162, 40.371983, 584.715454, 151.959656, 752.341675, 3121.004639
2, 1584, 41432, 0, 48, 272, 172, 500, 21137, 10709, 0, 9509, 2653, 45384, 1133.100464, 28.367649, 570.699524, 142.446396, 709.951416, 2917.229980
2, 1584, 40504, 0, 0, 116, 88, 354, 20706, 11706, 0, 7112, 2711, 37908, 1044.946655, 14.119501, 590.905579, 124.614494, 635.950623, 2736.576904
2, 1584, 39896, 0, 16, 276, 195, 92, 19636, 9488, 0, 10655, 2459, 44484, 1113.637817, 30.917213, 557.604187, 135.427582, 702.491516, 2869.234375
2, 1584, 35432, 0, 16, 164, 129, 492, 18816, 8444, 0, 9791, 2285, 38664, 998.792236, 20.568592, 496.140656, 125.393066, 644.260925, 2613.446045
2, 1584, 31176, 0, 64, 52, 90, 538, 19849, 9715, 0, 7699, 2155, 33820, 854.546448, 12.569046, 527.704468, 101.013496, 591.814453, 2408.769287
2, 1584, 30312, 0, 48, 100, 105, 804, 18604, 8704, 0, 9845, 2074, 34192, 896.069580, 16.269754, 497.614258, 109.888512, 598.320312, 2445.958496
2, 1584, 39416, 0, 0, 272, 138, 401, 20756, 10786, 0, 8560, 2492, 41864, 1031.548950, 24.516573, 649.343323, 125.491638, 677.714355, 2836.275391
2, 1584, 36376, 0, 16, 120, 103, 154, 18146, 8415, 0, 8400, 2479, 36780, 942.790405, 15.964008, 477.204376, 123.912781, 618.713501, 2504.665283
2, 1584, 37464, 0, 0, 156, 167, 102, 20801, 9462, 0, 9008, 2536, 39840, 1041.149048, 21.809959, 556.473083, 120.649811, 654.557739, 2719.747314
2, 1584, 22952, 0, 0, 28, 2, 718, 13735, 8992, 0, 8240, 1534, 20584, 711.420044, 3.732454, 444.601379, 80.924408, 443.306549, 2000.406372
2, 1584, 30360, 0, 0, 148, 144, 420, 16595, 10386, 0, 9624, 2085, 36156, 846.505127, 20.513458, 535.673950, 108.897758, 620.494507, 2458.340332
2, 1584, 32392, 0, 0, 48, 26, 196, 15249, 11507, 0, 7544, 2089, 30744, 935.906921, 5.857646, 546.478638, 99.596703, 560.506287, 2470.854248
2, 1584, 29032, 0, 16, 16, 0, 214, 16035, 8397, 0, 5985, 2108, 24292, 770.511108, 2.039985, 447.199402, 90.327385, 476.666412, 2104.352051
2, 1584, 25144, 0, 0, 48, 30, 590, 18763, 8328, 0, 6840, 1676, 23448, 706.270752, 7.381370, 470.317566, 82.287735, 537.155884, 2116.867676
2, 1584, 33800, 0, 0, 300, 151, 456, 15581, 10457, 0, 9440, 2182, 39240, 981.951050, 27.350164, 525.816528, 115.988419, 653.981323, 2630.140137
2, 1584, 27416, 0, 0, 52, 35, 242, 19023, 9055, 0, 7192, 1809, 27588, 772.616211, 7.626970, 504.953857, 87.291634, 528.982544, 2219.959473
2, 1584, 25336, 0, 16, 8, 0, 398, 15604, 8963, 0, 5569, 1631, 19080, 747.748779, 1.012474, 462.526855, 75.250542, 420.131592, 2018.218262
2, 1584, 31624, 0, 32, 12, 1, 894, 17008, 9215, 0, 6164, 2012, 23956, 827.369995, 3.595452, 503.941376, 94.616196, 475.572052, 2223.185791
2, 1584, 23336, 0, 0, 32, 83, 730, 14146, 9303, 0, 8288, 1628, 26328, 694.308228, 10.975151, 475.232910, 81.033005, 521.626282, 2100.185059
2, 1584, 27736, 0, 32, 44, 23, 168, 18967, 8929, 0, 7633, 1940, 27296, 770.220398, 7.905985, 499.081177, 94.634575, 524.135742, 2217.855957
2, 1584, 31048, 0, 16, 112, 135, 482, 17325, 8633, 0, 8386, 2074, 34760, 845.305542, 18.894503, 553.606079, 103.205521, 604.827881, 2447.766113
2, 1584, 30760, 0, 16, 40, 36, 846, 15222, 9796, 0, 7510, 2077, 28208, 882.957520, 7.134099, 497.086304, 98.138138, 528.264160, 2338.098145
2, 1584, 27032, 0, 0, 12, 2, 556, 17123, 9321, 0, 5736, 1967, 21408, 736.710144, 2.232121, 483.367767, 86.432869, 449.018860, 2071.769043
2, 1584, 23672, 0, 16, 24, 4, 244, 15635, 8981, 0, 6246, 1790, 21264, 735.360168, 4.694805, 458.583893, 77.305565, 451.354553, 2042.634521
2, 1584, 26392, 0, 16, 48, 4, 962, 15584, 8712, 0, 7422, 1842, 23232, 729.978699, 6.151699, 466.209198, 92.372383, 472.917236, 2085.387451
2, 1584, 35544, 0, 32, 176, 188, 206, 18184, 10228, 0, 9459, 2313, 41104, 994.336365, 26.471350, 544.408630, 119.097687, 673.908386, 2683.218018
2, 1584, 25352, 0, 32, 24, 2, 566, 15232, 8838, 0, 5976, 1812, 22228, 706.678467, 3.301400, 453.160645, 79.908592, 458.849548, 2015.428101
2, 1584, 32376, 0, 32, 28, 3, 296, 14247, 9848, 0, 5338, 2005, 23316, 884.452820, 4.910332, 458.695831, 90.360794, 463.853424, 2216.688232
2, 1584, 23928, 0, 16, 4, 4, 923, 16462, 8319, 0, 6999, 1598, 20588, 682.303894, 2.016594, 467.711182, 79.190170, 506.250366, 2051.785156
2, 1584, 28824, 0, 16, 116, 97, 548, 18730, 8684, 0, 7891, 2130, 31476, 804.388855, 17.539524, 513.481384, 99.561615, 571.845642, 2328.143799
2, 1584, 25816, 0, 0, 76, 41, 662, 17514, 8779, 0, 6432, 1890, 25596, 726.684021, 9.050448, 481.962677, 87.129570, 503.886261, 2185.857910
2, 1584, 33576, 0, 0, 36, 4, 268, 16443, 9289, 0, 6344, 2270, 26216, 854.967468, 3.460121, 483.021942, 100.859787, 499.076172, 2261.108398
2, 1584, 27864, 0, 16, 16, 110, 706, 14250, 9771, 0, 8657, 1723, 28852, 780.390198, 10.851516, 478.599457, 87.836296, 588.090332, 2261.536133
2, 1584, 20072, 0, 0, 12, 6, 500, 14599, 9233, 0, 4912, 1551, 18664, 608.887817, 2.539539, 465.200043, 62.083366, 421.957733, 1869.442993
2, 1584, 24680, 0, 0, 24, 3, 539, 16481, 9057, 0, 7200, 1733, 21500, 754.221252, 2.958897, 491.140106, 86.193947, 452.351990, 2106.250000
2, 1584, 30968, 0, 16, 48, 3, 148, 15834, 9557, 0, 6535, 2063, 24912, 821.211609, 6.723094, 480.507446, 91.951347, 492.682220, 2211.757812
2, 1584, 28488, 0, 16, 52, 27, 26, 16704, 9281, 0, 6417, 1993, 25620, 772.424072, 8.156597, 489.504456, 90.496132, 502.798584, 2181.986816
2, 1584, 23400, 0, 32, 24, 9, 814, 15874, 8958, 0, 5788, 1642, 19360, 672.829041, 4.163507, 531.834534, 75.390884, 432.167664, 2028.498291
2, 1584, 26872, 0, 32, 48, 87, 270, 16884, 10573, 0, 7428, 1930, 28588, 763.470520, 11.867332, 528.108765, 90.517845, 537.633728, 2251.227539
2, 1584, 22952, 0, 0, 16, 4, 497, 15908, 8833, 0, 6160, 1595, 19836, 660.303467, 2.633101, 470.307526, 74.216347, 492.991302, 2013.650391
2, 1584, 36440, 0, 0, 64, 12, 208, 17533, 11584, 0, 6008, 2539, 29788, 930.879639, 7.122404, 539.807373, 106.316452, 548.971436, 2459.304443
2, 1584, 26312, 0, 0, 28, 1, 718, 17250, 8532, 0, 8224, 1852, 21816, 724.797729, 3.177765, 468.827240, 88.850441, 513.730286, 2120.005371
2, 1584, 27368, 0, 16, 16, 1, 622, 15739, 8835, 0, 5646, 1939, 21452, 734.392822, 2.872018, 455.282501, 83.554169, 446.021515, 2035.839600
2, 1584, 23112, 0, 0, 24, 1, 338, 15877, 9574, 0, 4992, 1656, 19364, 665.766785, 3.112606, 486.077728, 68.940125, 430.669006, 2025.510986
2, 1584, 25688, 0, 0, 64, 87, 342, 17010, 10813, 0, 7288, 1758, 28628, 754.475220, 11.797160, 527.016113, 85.106293, 544.117920, 2240.359375
2, 1584, 27000, 0, 16, 28, 2, 34, 18630, 8500, 0, 6411, 2004, 24060, 741.267944, 4.143458, 483.257507, 88.979088, 478.901855, 2115.510986
2, 1584, 31816, 0, 16, 28, 1, 188, 16529, 9774, 0, 5751, 2219, 23088, 878.110657, 3.603806, 484.470490, 98.220001, 462.864349, 2243.189697
2, 1584, 24648, 0, 0, 36, 3, 506, 16251, 10905, 0, 6528, 1514, 20712, 703.463928, 3.809308, 523.759827, 78.338089, 445.304779, 2064.546387
2, 1584, 24376, 0, 0, 40, 10, 320, 16699, 9541, 0, 7320, 1721, 23256, 765.731079, 6.104918, 508.093201, 84.820595, 479.028839, 2164.116455
2, 1584, 24136, 0, 16, 44, 4, 294, 17587, 8932, 0, 6284, 1646, 21920, 689.939209, 5.939513, 483.140564, 78.871056, 461.932068, 2031.072998
2, 1584, 36552, 0, 16, 40, 1, 722, 18036, 9299, 0, 6267, 2428, 27292, 913.453674, 4.330582, 497.492279, 104.552139, 572.791260, 2413.791504
2, 1584, 30424, 0, 32, 40, 61, 146, 16267, 10206, 0, 6660, 1932, 26636, 812.998230, 9.085534, 500.461212, 91.157745, 513.110474, 2243.839600
2, 1584, 23192, 0, 0, 20, 1, 746, 15378, 9813, 0, 5936, 1593, 20756, 750.241577, 2.009911, 502.116913, 71.193962, 449.789062, 2087.850098
2, 1584, 23576, 0, 32, 32, 2, 484, 16572, 9114, 0, 5457, 1823, 20880, 675.672668, 5.150919, 485.265747, 80.896004, 447.030670, 2008.781860
2, 1584, 25976, 0, 16, 36, 7, 424, 17668, 10366, 0, 5143, 1861, 21728, 728.618713, 5.675535, 525.290222, 83.136475, 458.774353, 2114.947998
2, 1584, 29496, 0, 16, 24, 53, 912, 16870, 10974, 0, 6957, 1875, 27484, 810.517151, 7.591884, 544.751099, 91.334846, 585.991882, 2358.763672
2, 1584, 25368, 0, 16, 16, 3, 766, 13812, 9643, 0, 5253, 1969, 20276, 697.982178, 3.309754, 465.464020, 82.362923, 432.889435, 1993.076782
2, 1584, 28872, 0, 0, 24, 2, 0, 17128, 9544, 0, 6392, 2007, 24272, 835.882507, 3.689014, 495.741364, 89.355003, 481.229218, 2223.670166
2, 1584, 26152, 0, 16, 24, 3, 248, 19272, 8564, 0, 6280, 1809, 21928, 721.735229, 3.404987, 479.790710, 81.300323, 458.492004, 2060.414551
2, 1584, 27336, 0, 0, 20, 1, 580, 17592, 10645, 0, 5696, 1937, 23860, 822.182373, 1.904654, 532.693298, 84.295975, 481.419678, 2237.624268
2, 1584, 29256, 0, 0, 44, 19, 214, 17729, 8526, 0, 5864, 2112, 24432, 776.447266, 7.640336, 470.855530, 90.743401, 484.014374, 2148.546631
2, 1584, 28440, 0, 16, 12, 1, 236, 17636, 9368, 0, 5729, 1911, 22048, 756.207825, 2.347403, 485.995880, 145.939941, 455.489655, 2160.577637
2, 1584, 22440, 0, 32, 24, 3, 454, 14518, 9937, 0, 5820, 1669, 19700, 652.357361, 3.156045, 475.680664, 76.283066, 432.585358, 1951.660522
2, 1584, 26792, 0, 32, 60, 4, 764, 16759, 8874, 0, 7851, 1948, 24092, 736.897278, 7.663726, 482.440521, 94.936981, 534.377441, 2180.878906
2, 1584, 27400, 0, 0, 4, 1, 374, 16829, 10565, 0, 6184, 1902, 23352, 757.173523, 1.112719, 570.440552, 86.743622, 471.622406, 2204.329590
2, 1584, 31160, 0, 16, 16, 2, 361, 17957, 9130, 0, 4727, 2274, 23724, 806.674438, 3.037422, 488.867889, 88.895554, 471.335052, 2173.549316
2, 1584, 29112, 0, 0, 12, 1, 292, 15713, 9781, 0, 4848, 1852, 20728, 764.548157, 1.503674, 469.975067, 82.847435, 495.530823, 2124.001709
2, 1584, 21544, 0, 32, 36, 3, 408, 13207, 10387, 0, 6549, 1570, 18848, 635.619812, 5.744036, 483.441284, 72.589035, 426.370178, 1938.403198
2, 1584, 28968, 0, 0, 20, 2, 234, 18623, 9449, 0, 6520, 2071, 24184, 773.765686, 3.760856, 517.683289, 94.026421, 539.088928, 2247.603760
2, 1584, 28472, 0, 0, 40, 9, 496, 17789, 10793, 0, 6048, 1961, 24000, 781.629944, 5.214408, 537.249451, 89.480316, 484.381927, 2217.246094
2, 1584, 26200, 0, 16, 32, 1, 938, 15920, 8941, 0, 4875, 1886, 21012, 771.739075, 3.795942, 473.735901, 81.841644, 443.543793, 2085.831787
2, 1584, 26904, 0, 16, 28, 3, 492, 16944, 10054, 0, 6786, 1908, 23552, 767.961548, 4.201934, 531.318298, 89.618988, 494.045532, 2212.643311
2, 1584, 23976, 0, 16, 12, 4, 718, 15847, 10176, 0, 6051, 1754, 20804, 678.583130, 3.520268, 501.321655, 78.314697, 446.669769, 2078.913086
2, 1584, 29240, 0, 0, 28, 2, 204, 16744, 9171, 0, 7096, 1968, 24528, 777.421326, 3.775893, 527.908264, 89.313240, 486.794495, 2204.939453
2, 1584, 36920, 0, 0, 56, 44, 484, 17711, 10994, 0, 6952, 2407, 30428, 931.506165, 8.208390, 554.670349, 108.261208, 551.098267, 2477.035889
2, 1584, 30504, 0, 16, 28, 1, 276, 17152, 9127, 0, 5417, 2081, 23224, 861.328003, 3.837711, 484.062805, 92.211990, 467.397095, 2225.828857
2, 1584, 24600, 0, 32, 8, 5, 870, 17533, 8889, 0, 6342, 1799, 20480, 690.174805, 3.533634, 476.761627, 83.204979, 443.202972, 2011.471680
2, 1584, 32296, 0, 16, 24, 3, 378, 17331, 11023, 0, 5984, 2073, 26156, 850.118958, 3.857760, 557.766235, 157.835678, 504.330658, 2393.602051
2, 1584, 26696, 0, 0, 32, 22, 460, 19143, 10458, 0, 6080, 1878, 24564, 760.192566, 5.573619, 546.007507, 84.337746, 494.042206, 2207.575928
2, 1584, 32024, 0, 0, 36, 6, 290, 18330, 8641, 0, 5248, 2337, 25224, 835.327820, 4.437510, 558.830505, 97.210869, 491.509338, 2307.125732
2, 1584, 27192, 0, 0, 16, 2, 692, 15209, 10530, 0, 6048, 1753, 22272, 802.121643, 2.364110, 501.998291, 80.286179, 458.877930, 2157.610596
2, 1584, 23800, 0, 0, 20, 2, 746, 15758, 9358, 0, 6864, 1837, 20732, 679.891296, 2.332366, 473.851196, 83.884972, 440.962494, 1997.452515
2, 1584, 31016, 0, 16, 36, 9, 496, 20674, 10649, 0, 5752, 2142, 26788, 846.389832, 5.329690, 557.433777, 90.786842, 568.646179, 2387.274902
2, 1584, 27592, 0, 0, 64, 40, 284, 18065, 10380, 0, 7032, 1893, 25852, 767.597290, 9.702041, 536.995483, 90.136917, 504.763397, 2227.496338
2, 1584, 39080, 0, 0, 12, 0, 366, 17962, 9631, 0, 6056, 2451, 27612, 1021.270508, 1.481954, 512.622620, 103.365906, 512.186523, 2472.142334
2, 1584, 32744, 0, 0, 20, 12, 725, 20277, 8570, 0, 5168, 2109, 23964, 906.692200, 4.312203, 502.227203, 89.699181, 481.162384, 2300.649902
2, 1584, 24584, 0, 16, 12, 5, 532, 19481, 11460, 0, 5396, 1688, 20712, 718.731201, 3.583757, 568.565979, 71.342659, 452.447235, 2128.405762
2, 1584, 31384, 0, 0, 32, 5, 218, 18764, 8695, 0, 7144, 2300, 26076, 877.976990, 3.841052, 498.940826, 105.486092, 503.765961, 2314.031006
2, 1584, 35848, 0, 16, 28, 76, 880, 16961, 12372, 0, 8645, 2300, 31788, 923.177490, 9.526611, 550.712341, 109.086555, 568.007935, 2488.878174
2, 1584, 26264, 0, 0, 16, 13, 852, 16885, 10048, 0, 5800, 1867, 23016, 741.394958, 2.766761, 573.788696, 79.530998, 471.301636, 2182.593262
2, 1584, 27496, 0, 32, 16, 1, 358, 18469, 9305, 0, 6304, 1924, 23108, 752.378418, 2.716638, 510.315308, 87.283279, 469.285034, 2138.953125
2, 1584, 26888, 0, 0, 16, 2, 394, 19073, 9291, 0, 6472, 1996, 23236, 744.564331, 1.884605, 507.914429, 86.568199, 472.300751, 2188.251953
2, 1584, 30680, 0, 16, 40, 9, 712, 18194, 9947, 0, 6608, 2130, 26220, 819.649475, 5.809195, 587.650940, 94.913589, 508.328766, 2334.263916
2, 1584, 36296, 0, 0, 16, 40, 728, 19633, 11019, 0, 6360, 2418, 31112, 931.212097, 5.540204, 564.663086, 104.435188, 561.443542, 2488.629395
2, 1584, 27800, 0, 0, 40, 3, 112, 18209, 9117, 0, 5184, 2025, 21316, 746.064697, 4.118397, 484.874786, 85.811348, 507.929474, 2143.430908
2, 1584, 35832, 0, 0, 24, 1, 310, 17925, 9442, 0, 6736, 2301, 25536, 894.895020, 2.726663, 494.576843, 105.066734, 488.817780, 2308.383789
2, 1584, 29928, 0, 0, 48, 4, 1996, 19695, 9256, 0, 6744, 2046, 24624, 867.070374, 4.492644, 532.484436, 90.228806, 493.049774, 2307.391357
2, 1584, 27048, 0, 0, 44, 3, 574, 17646, 10134, 0, 5904, 1988, 22432, 745.184204, 5.079077, 519.803467, 84.506493, 523.485840, 2194.499023
2, 1584, 32440, 0, 16, 52, 4, 180, 20543, 10093, 0, 6253, 2261, 27916, 862.024719, 5.302958, 570.494019, 97.456467, 529.174683, 2388.381104
2, 1584, 30904, 0, 16, 8, 2, 148, 19033, 9328, 0, 6257, 2138, 24400, 806.756348, 2.791822, 569.306091, 94.552704, 478.168396, 2270.240723
2, 1584, 33368, 0, 0, 12, 41, 212, 17923, 11000, 0, 6640, 2339, 27676, 862.460754, 5.301287, 529.042725, 102.555595, 519.703247, 2341.198975
2, 1584, 26408, 0, 0, 32, 3, 338, 19888, 9275, 0, 6200, 1973, 21784, 734.132202, 4.449205, 523.636169, 83.123116, 521.130066, 2183.782715
2, 1584, 29208, 0, 0, 24, 2, 684, 20037, 9168, 0, 8008, 2086, 26144, 784.406677, 3.582086, 512.884888, 98.861572, 503.212952, 2227.277344
2, 1584, 42840, 0, 0, 20, 2, 100, 18044, 9837, 0, 6184, 2650, 29400, 1031.196411, 2.120181, 556.317688, 117.567276, 532.771851, 2565.131348
2, 1584, 34232, 0, 16, 60, 39, 140, 19222, 11026, 0, 6167, 2417, 28104, 891.550171, 9.122291, 561.144470, 102.487099, 588.352661, 2474.122314
2, 1584, 28168, 0, 0, 24, 3, 90, 19359, 9033, 0, 6640, 1873, 23456, 765.709351, 3.324791, 498.713623, 85.475525, 474.242157, 2144.552002
2, 1584, 27384, 0, 0, 32, 4, 220, 18222, 9767, 0, 5896, 1972, 22324, 771.192749, 4.188568, 551.338867, 88.020081, 479.618622, 2222.151611
2, 1584, 33016, 0, 0, 32, 5, 432, 19177, 9385, 0, 6616, 2367, 27068, 1034.741699, 5.558582, 711.159363, 115.463806, 624.871887, 2868.586182
2, 1584, 33864, 0, 0, 32, 8, 280, 18329, 11292, 0, 5784, 2365, 27368, 886.060120, 4.611268, 583.915161, 101.357666, 518.263062, 2418.673340
2, 1584, 28376, 0, 0, 28, 1, 628, 20663, 9429, 0, 8024, 1944, 24488, 778.767944, 3.560366, 605.726746, 91.817688, 488.852844, 2291.128418
2, 1584, 28648, 0, 0, 20, 3, 504, 19476, 9637, 0, 5600, 1992, 23044, 769.958069, 3.099240, 523.831665, 88.444450, 466.601807, 2165.337646
2, 1584, 29128, 0, 16, 20, 0, 480, 20814, 8674, 0, 6933, 2052, 24676, 842.366638, 3.622184, 504.424225, 91.984764, 486.172974, 2249.068848
2, 1584, 28232, 0, 16, 52, 16, 330, 18329, 10426, 0, 6648, 2127, 25036, 840.380127, 6.390615, 539.448120, 93.857674, 500.342590, 2302.285645
2, 1584, 42664, 0, 32, 100, 86, 358, 17567, 10637, 0, 8627, 2679, 35400, 1046.913086, 13.949084, 543.798767, 129.087097, 604.729309, 2671.293945
2, 1584, 34040, 0, 0, 20, 2, 426, 18175, 10096, 0, 5520, 2371, 25520, 929.927307, 2.584649, 522.164246, 97.284386, 493.036407, 2367.571777
2, 1584, 24552, 0, 0, 8, 2, 484, 18226, 9753, 0, 5768, 1678, 20608, 702.651917, 2.106815, 494.276093, 73.893890, 446.079987, 2030.996094
2, 1584, 28840, 0, 32, 20, 1, 782, 19528, 9454, 0, 6599, 2093, 24036, 776.007874, 4.043213, 591.839478, 90.486107, 482.540771, 2265.261963
2, 1584, 27304, 0, 16, 12, 1, 380, 19144, 9401, 0, 5165, 2166, 22784, 732.588440, 2.783468, 503.348267, 84.369492, 461.972168, 2101.065674
2, 1584, 38760, 0, 0, 12, 2, 70, 17891, 10219, 0, 8304, 2504, 28284, 951.548462, 2.362439, 509.984497, 113.059593, 518.568787, 2427.112305
2, 1584, 33272, 0, 0, 12, 5, 733, 19435, 9206, 0, 6224, 2380, 26628, 854.817078, 3.115947, 580.884399, 101.499680, 504.252136, 2367.005371
2, 1584, 27144, 0, 64, 12, 2, 246, 20193, 10741, 0, 5040, 1931, 22924, 751.837097, 3.861101, 542.236633, 80.570206, 472.113617, 2161.792480
2, 1584, 30552, 0, 0, 24, 1, 180, 21530, 9767, 0, 5032, 2327, 25488, 812.893005, 3.505232, 533.643982, 88.524643, 556.710327, 2315.797119
2, 1584, 33752, 0, 16, 24, 6, 356, 19838, 9670, 0, 5224, 2393, 25768, 862.395630, 4.763306, 529.767822, 96.936867, 499.537292, 2312.221680
2, 1584, 37416, 0, 0, 28, 11, 226, 21813, 9130, 0, 7352, 2674, 29392, 945.134460, 4.771659, 528.230713, 117.229782, 538.327087, 2461.927490
2, 1584, 26392, 0, 16, 0, 2, 282, 17615, 10074, 0, 5094, 1924, 20304, 783.504517, 0.989084, 508.602783, 78.862701, 436.282715, 2123.035889
2, 1584, 32536, 0, 32, 40, 3, 1332, 20209, 9623, 0, 6191, 2272, 27548, 846.244446, 5.632095, 548.702454, 98.555824, 520.637207, 2342.022705
2, 1584, 28008, 0, 16, 28, 4, 84, 19696, 11333, 0, 7170, 2020, 23684, 765.914856, 4.320557, 548.973083, 94.746513, 478.676331, 2271.981689
2, 1584, 30536, 0, 0, 48, 3, 192, 19674, 9316, 0, 6024, 2324, 25288, 803.561829, 4.183556, 510.828217, 98.499016, 491.975494, 2228.311523
2, 1584, 32968, 0, 0, 40, 9, 314, 20163, 9467, 0, 5768, 2284, 26056, 912.138794, 4.920356, 522.064026, 102.652496, 502.283997, 2362.250488
2, 1584, 43048, 0, 0, 32, 11, 492, 19355, 11111, 0, 6832, 2749, 29172, 1041.205811, 4.156824, 560.840393, 117.901428, 531.799438, 2641.434326
2, 1584, 29880, 0, 32, 12, 2, 922, 20318, 9610, 0, 6172, 2081, 24172, 808.437073, 3.426707, 538.863403, 90.773476, 486.353424, 2249.804199
2, 1584, 29832, 0, 0, 60, 4, 482, 20239, 9356, 0, 5608, 2197, 22720, 785.825195, 6.926926, 524.489929, 93.879395, 466.730469, 2257.063477
2, 1584, 29480, 0, 16, 64, 5, 296, 18357, 10393, 0, 6294, 2135, 25544, 787.928650, 8.076402, 526.145630, 93.239502, 498.461334, 2235.256836
2, 1584, 43416, 0, 0, 64, 0, 294, 21376, 10264, 0, 6160, 2637, 29928, 1108.881226, 4.592889, 566.173462, 114.748726, 541.867371, 2660.806641
2, 1584, 35464, 0, 32, 12, 1, 152, 19392, 10043, 0, 6203, 2305, 25276, 958.236450, 3.179436, 523.799927, 99.843971, 490.764191, 2397.154053
2, 1584, 28952, 0, 0, 56, 12, 418, 20512, 9629, 0, 5144, 2086, 24068, 785.636353, 5.757401, 528.863953, 82.326164, 486.039307, 2206.301025
2, 1584, 32440, 0, 0, 48, 3, 330, 22945, 9413, 0, 6648, 2194, 25704, 903.838562, 4.497657, 551.223572, 97.605164, 502.150330, 2381.673096
2, 1584, 30568, 0, 0, 60, 13, 122, 20661, 11120, 0, 5936, 2205, 25792, 877.651245, 7.553457, 566.439087, 93.531883, 506.088287, 2371.850586
2, 1584, 39464, 0, 16, 80, 2, 450, 18112, 9253, 0, 5363, 2587, 28308, 960.171204, 6.365554, 506.622925, 109.313774, 523.315369, 2429.347900
2, 1584, 35448, 0, 16, 12, 9, 410, 19587, 11273, 0, 6672, 2259, 28032, 915.298218, 3.344840, 623.790894, 99.996010, 527.046204, 2493.324219
2, 1584, 28920, 0, 16, 20, 7, 779, 19453, 10002, 0, 5223, 2284, 23552, 782.318298, 4.392399, 536.056519, 90.559616, 478.688019, 2211.720947
2, 1584, 28392, 0, 16, 12, 1, 56, 19335, 9442, 0, 5299, 2034, 23580, 762.182373, 1.486967, 563.859436, 86.743622, 470.559814, 2199.230469
2, 1584, 35384, 0, 0, 68, 2, 475, 22079, 8957, 0, 6584, 2516, 28780, 903.666443, 6.333810, 535.212769, 111.185013, 593.804321, 2477.152832
2, 1584, 36072, 0, 0, 12, 8, 324, 20723, 10222, 0, 6368, 2465, 27164, 910.058716, 2.771773, 539.199219, 103.212196, 512.291809, 2391.174561
2, 1584, 31080, 0, 16, 24, 2, 396, 18885, 11345, 0, 5112, 2071, 24420, 821.088013, 4.008127, 560.160400, 85.998474, 549.876953, 2335.560303
2, 1584, 29912, 0, 32, 32, 0, 378, 19967, 9114, 0, 5431, 2145, 24964, 794.476318, 3.876138, 521.810059, 88.279045, 490.480164, 2217.140869
2, 1584, 30408, 0, 0, 20, 3, 360, 20164, 10228, 0, 4816, 2195, 23832, 805.655273, 3.458451, 535.328064, 85.719460, 539.560059, 2285.411133
2, 1584, 34232, 0, 0, 40, 5, 192, 19638, 9402, 0, 6992, 2444, 27520, 918.293884, 4.532743, 517.825317, 105.940536, 516.774414, 2386.823975
2, 1584, 41784, 0, 0, 20, 3, 380, 20248, 10404, 0, 5080, 2629, 27852, 1013.037048, 3.015702, 548.354919, 107.673103, 516.196350, 2510.426025
2, 1584, 36536, 0, 0, 52, 6, 349, 18869, 9471, 0, 5608, 2487, 27364, 968.187439, 6.113271, 508.997070, 108.882721, 513.579956, 2426.918457
2, 1584, 29784, 0, 0, 8, 4, 523, 20029, 9532, 0, 6624, 2083, 24560, 790.583435, 1.660725, 523.652893, 93.057388, 483.797150, 2213.391846
2, 1584, 34376, 0, 0, 76, 4, 348, 20595, 9979, 0, 6600, 2242, 27760, 877.920227, 6.876803, 618.589844, 105.322357, 524.272705, 2457.596924
2, 1584, 26616, 0, 0, 20, 2, 242, 22814, 10995, 0, 5184, 1844, 22356, 814.707397, 3.318108, 572.622559, 76.176140, 467.154846, 2244.982422
2, 1584, 43512, 0, 0, 72, 4, 438, 19164, 9600, 0, 5952, 2945, 30980, 1038.011353, 6.410665, 524.656982, 121.249611, 550.829285, 2568.432617
2, 1584, 31672, 0, 0, 8, 4, 184, 20055, 11380, 0, 5296, 2134, 24216, 894.096375, 1.789372, 556.060425, 88.766899, 481.795593, 2337.063965
2, 1584, 32408, 0, 16, 20, 1, 378, 20913, 9553, 0, 5446, 2285, 26628, 849.129883, 3.852748, 531.981567, 92.937096, 508.430695, 2305.794189
2, 1584, 29304, 0, 0, 52, 5, 150, 20369, 10781, 0, 6008, 2194, 23820, 789.816589, 5.911110, 557.669312, 89.035896, 539.723816, 2303.182861
2, 1584, 29880, 0, 0, 48, 3, 190, 20053, 9267, 0, 7864, 2064, 26916, 807.143921, 4.449205, 583.271912, 96.362129, 513.332642, 2327.533936
2, 1584, 41560, 0, 0, 68, 4, 678, 19409, 9475, 0, 8768, 2630, 29944, 999.861511, 6.360542, 516.346680, 127.423027, 540.766357, 2523.146973
2, 1584, 36168, 0, 16, 16, 4, 733, 20954, 8998, 0, 5678, 2484, 26712, 907.534241, 2.755065, 516.086060, 105.833603, 503.939728, 2418.745117
2, 1584, 28840, 0, 16, 24, 6, 323, 19941, 10087, 0, 6407, 1956, 23728, 780.716003, 3.416682, 536.243652, 87.914818, 481.939301, 2211.510498
2, 1584, 32888, 0, 0, 28, 1, 470, 20048, 10031, 0, 5536, 2494, 26160, 849.372131, 3.832699, 556.823914, 95.394768, 560.269043, 2388.817139
2, 1584, 31880, 0, 0, 44, 4, 230, 19996, 9416, 0, 5920, 2345, 25916, 829.410034, 4.161836, 509.399719, 157.982697, 499.702698, 2318.984863
2, 1584, 40520, 0, 0, 32, 5, 240, 20432, 11987, 0, 5576, 2677, 29620, 1002.586487, 4.330582, 591.911316, 112.693703, 541.879089, 2574.913574
2, 1584, 42312, 0, 0, 48, 24, 266, 18904, 9711, 0, 7128, 2720, 30828, 1086.621826, 6.442409, 518.528687, 124.313759, 551.241943, 2615.455811
2, 1584, 30472, 0, 0, 12, 2, 854, 22482, 9206, 0, 5360, 2089, 25848, 820.795593, 2.051680, 556.690308, 83.746300, 554.486572, 2334.835205
2, 1584, 31416, 0, 0, 44, 1, 780, 23932, 9260, 0, 4072, 2206, 24744, 831.615417, 5.067382, 551.758240, 84.110527, 488.842834, 2274.997314
2, 1584, 33336, 0, 16, 28, 0, 358, 21437, 9128, 0, 5790, 2287, 26212, 857.319885, 3.565379, 574.817932, 94.180130, 502.958984, 2353.171631
2, 1584, 39496, 0, 0, 28, 4, 658, 19566, 9963, 0, 7304, 2730, 29708, 971.737793, 3.695697, 529.552307, 118.253952, 536.520996, 2490.929932
2, 1584, 34568, 0, 0, 40, 17, 332, 21580, 9125, 0, 5440, 2439, 28300, 945.558838, 6.215187, 528.569885, 99.168983, 528.379456, 2428.644531
2, 1584, 32968, 0, 0, 20, 6, 356, 21439, 9431, 0, 6360, 2308, 27132, 918.619629, 2.733346, 544.443665, 100.463821, 516.421875, 2403.389404
2, 1584, 30264, 0, 0, 20, 4, 232, 20447, 10342, 0, 5984, 2163, 24568, 802.968750, 3.201155, 547.813599, 90.046700, 486.117828, 2248.141602
2, 1584, 37192, 0, 16, 56, 3, 634, 21559, 9149, 0, 5820, 2696, 28724, 976.430908, 6.213516, 545.419434, 108.578644, 532.905518, 2497.026611
2, 1584, 31368, 0, 0, 24, 10, 554, 20483, 10383, 0, 5912, 2286, 25808, 826.497864, 3.508573, 544.682617, 94.651283, 498.006897, 2286.451904
2, 1584, 38376, 0, 64, 40, 3, 421, 21227, 13046, 0, 6235, 2514, 29556, 1025.734741, 6.460787, 614.797241, 108.782478, 540.408813, 2621.316895
2, 1584, 31768, 0, 0, 0, 7, 510, 22444, 9004, 0, 4752, 2272, 25252, 827.079285, 1.060926, 582.104065, 87.032661, 496.003662, 2308.916748
2, 1584, 30744, 0, 0, 24, 5, 68, 21503, 10103, 0, 4648, 2400, 25184, 813.111877, 4.577853, 553.131592, 91.610519, 494.314514, 2272.725098
2, 1584, 28696, 0, 0, 36, 3, 498, 18680, 12146, 0, 6064, 2118, 25288, 790.732178, 5.022272, 627.804016, 87.597382, 499.869781, 2329.294922
2, 1584, 43912, 0, 0, 36, 126, 92, 19839, 12452, 0, 6432, 2923, 36672, 1129.979492, 13.320883, 590.955688, 120.995651, 616.409546, 2795.788086
2, 1584, 42536, 0, 0, 28, 2, 363, 23188, 9867, 0, 4808, 2838, 29444, 1030.300903, 2.624747, 553.773132, 110.989540, 535.528564, 2557.394043
2, 1584, 28360, 0, 0, 20, 2, 558, 23741, 11366, 0, 5264, 1929, 23320, 789.021301, 3.035751, 653.777527, 79.811684, 478.250275, 2317.036621
2, 1584, 35960, 0, 0, 120, 12, 192, 19101, 13399, 0, 4552, 2332, 27508, 982.200012, 10.323559, 598.193359, 96.637802, 525.298584, 2531.116455
2, 1584, 38248, 0, 16, 36, 6, 330, 22714, 10055, 0, 5535, 2545, 29176, 950.171753, 4.906990, 565.628784, 103.992439, 537.732300, 2485.230957
2, 1584, 39112, 0, 64, 16, 16, 150, 19790, 10077, 0, 6263, 2540, 30008, 966.040527, 6.191796, 526.334412, 168.302917, 544.595703, 2536.693359
2, 1584, 34824, 0, 0, 52, 6, 0, 21578, 12189, 0, 5800, 2379, 28008, 909.288513, 5.264531, 578.543701, 99.040337, 530.487915, 2445.711182
2, 1584, 30728, 0, 0, 12, 73, 770, 20389, 14250, 0, 6768, 2027, 28776, 832.995422, 7.463236, 636.358276, 89.637360, 597.718872, 2480.816895
2, 1584, 31448, 0, 16, 68, 0, 462, 20368, 10565, 0, 4549, 2304, 25512, 825.111145, 6.709729, 605.212158, 88.482872, 497.293488, 2340.721191
2, 1584, 41288, 0, 0, 64, 2, 708, 20670, 9053, 0, 6672, 2801, 29576, 995.806580, 5.795829, 518.697449, 123.612045, 537.259460, 2510.474365
2, 1584, 34584, 0, 0, 12, 6, 756, 19730, 11221, 0, 7136, 2342, 27744, 903.669800, 2.143571, 629.927551, 103.865463, 525.863281, 2491.197266
2, 1584, 39672, 0, 0, 28, 7, 536, 19524, 14503, 0, 5952, 2810, 29948, 1047.197144, 4.165178, 623.926208, 111.836609, 544.657532, 2661.371338
2, 1584, 30456, 0, 0, 36, 4, 646, 22513, 10033, 0, 4528, 2474, 23900, 814.309753, 4.128421, 564.392456, 91.054161, 485.529724, 2279.296143
2, 1584, 30504, 0, 0, 76, 49, 296, 21463, 9862, 0, 6112, 2144, 27708, 812.495361, 9.905871, 552.197632, 92.460930, 526.713684, 2374.196289
2, 1584, 37896, 0, 0, 36, 1, 382, 20930, 10056, 0, 6552, 2656, 29660, 941.574097, 3.421694, 546.463623, 110.094017, 536.313843, 2464.879639
2, 1584, 44280, 0, 0, 52, 5, 212, 21191, 9950, 0, 5616, 3065, 29156, 1058.167358, 5.356422, 544.462036, 121.909554, 529.998413, 2591.661133
2, 1584, 32632, 0, 0, 12, 1, 734, 20963, 10046, 0, 6008, 2353, 26256, 919.996338, 1.383380, 550.186035, 95.725571, 505.384918, 2393.603760
2, 1584, 33464, 0, 0, 4, 4, 850, 21763, 11281, 0, 5304, 2318, 27148, 876.480042, 1.480284, 592.394165, 91.837738, 515.778625, 2395.844238
2, 1584, 34296, 0, 0, 52, 4, 402, 22821, 10065, 0, 6376, 2411, 28172, 936.820801, 6.664618, 580.685608, 103.994110, 530.812073, 2483.998047
2, 1584, 41160, 0, 0, 12, 1, 146, 22261, 9380, 0, 5480, 2629, 28704, 1066.638062, 2.350744, 536.009766, 107.492661, 525.083069, 2560.459961
2, 1584, 34776, 0, 0, 44, 9, 818, 20595, 9484, 0, 6240, 2774, 27360, 891.754028, 5.486740, 537.272827, 111.612724, 514.360168, 2387.582520
2, 1584, 29864, 0, 0, 20, 47, 240, 22382, 10057, 0, 6248, 2088, 27392, 812.263123, 6.038087, 615.149780, 90.948898, 521.952087, 2360.989014
2, 1584, 38264, 0, 0, 32, 14, 320, 22994, 9627, 0, 5552, 2570, 30484, 1013.565002, 5.749048, 570.547485, 105.066734, 554.481567, 2573.515137
2, 1584, 32456, 0, 16, 12, 0, 1139, 19439, 10175, 0, 5846, 2106, 26248, 847.905212, 1.906325, 545.200562, 92.318916, 502.426025, 2307.186035
2, 1584, 45592, 0, 32, 44, 55, 500, 20465, 10554, 0, 6767, 2789, 35548, 1096.893555, 10.510683, 624.579529, 122.853531, 608.271301, 2792.176025
2, 1584, 37016, 0, 0, 8, 2, 992, 21696, 9605, 0, 6704, 2431, 27852, 929.673340, 1.446869, 538.923523, 105.068405, 517.410950, 2416.327637
2, 1584, 34744, 0, 32, 20, 3, 598, 20911, 10097, 0, 6395, 2293, 27136, 886.405945, 3.692356, 545.863831, 101.772011, 512.724487, 2372.398682
2, 1584, 36664, 0, 0, 32, 12, 248, 21873, 11648, 0, 5192, 2496, 28980, 989.979004, 4.504340, 605.910522, 99.633453, 540.540833, 2561.078125
2, 1584, 39960, 0, 0, 32, 89, 844, 24755, 11964, 0, 7200, 2486, 35952, 1011.284424, 10.341937, 644.650208, 109.963699, 618.710144, 2716.412598
2, 1584, 41544, 0, 16, 20, 0, 568, 21421, 12233, 0, 5434, 2576, 30800, 1030.917358, 2.868676, 625.072388, 109.350533, 555.448914, 2708.317871
2, 1584, 31608, 0, 0, 8, 2, 1094, 22661, 9362, 0, 6640, 2148, 24344, 829.861084, 1.416795, 554.563416, 94.928627, 547.018311, 2349.354004
2, 1584, 36328, 0, 0, 40, 10, 919, 20322, 13311, 0, 4360, 2572, 28240, 925.716980, 6.108259, 656.176697, 97.870811, 530.011780, 2535.254883
2, 1584, 44008, 0, 16, 64, 16, 566, 23881, 13626, 0, 6093, 2655, 34580, 1077.842041, 7.859204, 699.427368, 116.524727, 666.931335, 2896.790039
2, 1584, 38008, 0, 0, 20, 6, 456, 22752, 11971, 0, 7248, 2493, 30152, 1023.038147, 2.793493, 621.659058, 108.013931, 548.897888, 2632.779785
2, 1584, 41640, 0, 16, 20, 1, 226, 21063, 12160, 0, 4939, 2793, 31056, 1083.367188, 3.585428, 621.996521, 111.014595, 556.381165, 2701.108398
2, 1584, 42040, 0, 16, 28, 45, 1068, 24055, 12850, 0, 6040, 2455, 32580, 1045.255737, 7.374687, 656.729736, 109.771561, 577.887085, 2719.845947
2, 1584, 40984, 0, 0, 44, 16, 1320, 23072, 11390, 0, 6408, 2500, 31204, 1080.197754, 6.253614, 625.518433, 111.228455, 565.692261, 2714.870361
2, 1584, 36488, 0, 0, 60, 4, 278, 24068, 14034, 0, 5104, 2519, 29360, 937.654480, 5.491753, 694.904663, 99.747063, 607.330688, 2667.743652
2, 1584, 43592, 0, 0, 20, 1, 854, 23132, 11048, 0, 6112, 2696, 31200, 1061.378540, 3.237912, 584.082214, 119.099358, 556.184021, 2651.416992
2, 1584, 36872, 0, 32, 24, 89, 1705, 23036, 12032, 0, 6778, 2597, 33864, 959.078491, 10.702819, 624.155151, 107.086670, 642.667053, 2669.848877
2, 1584, 37896, 0, 0, 20, 4, 718, 23778, 10132, 0, 6784, 2434, 29816, 957.218994, 4.089994, 591.993225, 106.814339, 606.537109, 2593.477295
2, 1584, 42664, 0, 16, 56, 28, 527, 21852, 12960, 0, 5828, 2686, 33508, 1043.444702, 7.992864, 640.294556, 113.328583, 590.867126, 2722.522461
2, 1584, 42776, 0, 0, 60, 9, 1110, 24381, 10636, 0, 5624, 2672, 31856, 1115.241821, 6.358871, 617.512207, 115.026070, 574.161316, 2755.100342
2, 1584, 45368, 0, 0, 32, 50, 230, 22719, 14531, 0, 6456, 2711, 33804, 1105.172119, 7.249381, 692.792847, 116.900650, 588.748596, 2895.673828
2, 1584, 32360, 0, 0, 12, 2, 816, 23526, 10057, 0, 6000, 2201, 25492, 855.213074, 2.212072, 579.760010, 96.141586, 499.084503, 2351.843506
2, 1584, 41032, 0, 32, 28, 9, 150, 24763, 11111, 0, 4815, 2762, 31908, 1009.586914, 5.906098, 616.008545, 168.287872, 570.141479, 2694.071289
2, 1584, 46472, 0, 48, 52, 59, 274, 22705, 12159, 0, 8136, 2803, 37252, 1173.915161, 10.475597, 643.980225, 130.933273, 628.607666, 2921.988281
2, 1584, 34552, 0, 32, 60, 73, 1048, 22086, 13066, 0, 6989, 2354, 31312, 908.964417, 11.090433, 633.591492, 102.458694, 568.231812, 2543.779053
2, 1584, 45272, 0, 0, 28, 1, 176, 21749, 10364, 0, 5736, 2884, 32528, 1084.214233, 2.320671, 629.005310, 118.337494, 571.912476, 2733.221924
2, 1584, 45880, 0, 0, 40, 5, 136, 23690, 9585, 0, 5968, 2878, 30624, 1082.510132, 4.933722, 622.352417, 121.237915, 548.004028, 2708.884277
2, 1584, 40232, 0, 16, 4, 31, 454, 26196, 11419, 0, 6942, 2559, 32220, 1016.258240, 4.888612, 675.191528, 111.258530, 577.075073, 2716.349121
2, 1584, 46760, 0, 16, 132, 21, 508, 23209, 11591, 0, 5280, 3037, 34344, 1121.066040, 12.081187, 631.173950, 122.305519, 602.978394, 2820.391602
2, 1584, 34248, 0, 0, 36, 8, 792, 23292, 10603, 0, 5688, 2450, 29484, 895.115540, 3.994761, 594.649719, 97.212540, 611.609497, 2525.187012
2, 1584, 44200, 0, 0, 72, 15, 324, 23214, 9661, 0, 6480, 2808, 31372, 1103.588257, 7.073952, 566.375610, 122.121742, 560.324158, 2686.131836
2, 1584, 44872, 0, 32, 28, 65, 230, 23187, 13321, 0, 6028, 2955, 35840, 1130.169922, 9.392952, 664.378418, 126.437286, 626.118286, 2891.034180
2, 1584, 42104, 0, 0, 72, 0, 426, 24771, 10684, 0, 5968, 2823, 31928, 1098.694702, 5.650474, 624.764954, 113.128098, 570.412170, 2740.808838
2, 1584, 42504, 0, 0, 60, 9, 1168, 22892, 11463, 0, 6048, 2816, 32748, 1098.987061, 5.713962, 619.933167, 117.655823, 581.672974, 2754.963379
2, 1584, 45016, 0, 0, 48, 10, 1038, 26345, 10233, 0, 7104, 2829, 33040, 1084.864258, 5.140895, 621.822754, 124.808304, 584.937622, 2752.991943
2, 1584, 43784, 0, 0, 60, 25, 712, 23579, 12790, 0, 5240, 3019, 34004, 1078.560425, 7.232673, 668.140930, 118.148697, 657.346252, 2856.967773
2, 1584, 39112, 0, 48, 28, 0, 290, 25323, 9825, 0, 5991, 2663, 29132, 967.885010, 3.841052, 654.078247, 113.226669, 535.944580, 2601.314697
2, 1584, 41800, 0, 48, 68, 3, 174, 23899, 11114, 0, 5282, 2827, 31872, 1026.845825, 6.627862, 675.079590, 113.148148, 572.022766, 2722.571045
2, 1584, 41768, 0, 0, 108, 45, 704, 21969, 10506, 0, 6632, 2827, 34668, 1026.137329, 11.658487, 593.024048, 120.232124, 602.709412, 2684.770264
2, 1584, 50776, 0, 0, 80, 41, 304, 22008, 13223, 0, 6608, 3106, 37268, 1201.865112, 9.867445, 641.641174, 191.553055, 629.865723, 3009.097656
2, 1584, 37864, 0, 0, 36, 3, 800, 24062, 9328, 0, 5552, 2556, 28944, 950.571045, 3.608818, 552.145813, 160.199783, 534.487671, 2524.937988
2, 1584, 43944, 0, 16, 64, 3, 85, 25320, 9632, 0, 4651, 3018, 31048, 1053.130005, 5.204384, 587.400330, 115.727783, 555.626038, 2643.763428
2, 1584, 43192, 0, 16, 52, 7, 942, 22380, 11777, 0, 4876, 2917, 32108, 1113.114868, 5.680547, 629.785583, 114.564941, 573.591553, 2763.733154
2, 1584, 41928, 0, 0, 116, 25, 694, 24126, 11959, 0, 5088, 2781, 32932, 1031.911499, 9.707052, 638.117554, 112.616844, 586.635132, 2765.455811
2, 1584, 45752, 0, 0, 28, 7, 408, 23187, 11375, 0, 5152, 3049, 33340, 1095.132690, 4.232008, 620.295715, 121.029068, 581.908569, 2747.989746
2, 1584, 41736, 0, 0, 48, 6, 322, 23083, 9641, 0, 7672, 2680, 30096, 1006.863586, 4.768318, 553.646179, 122.247047, 601.514832, 2617.804932
2, 1584, 41720, 0, 0, 44, 43, 146, 23339, 11969, 0, 6368, 2755, 33800, 1028.364502, 7.174197, 622.597961, 117.971596, 591.070984, 2759.208740
2, 1584, 45464, 0, 32, 88, 68, 639, 24644, 10415, 0, 6871, 2888, 37396, 1095.518555, 12.310080, 628.367065, 126.696251, 694.590576, 2887.306885
2, 1584, 44712, 0, 0, 48, 4, 256, 26542, 9980, 0, 5552, 2889, 32708, 1070.034668, 4.564487, 608.663940, 116.992538, 576.236389, 2704.877686
2, 1584, 52120, 0, 16, 88, 81, 0, 24825, 11913, 0, 7218, 3114, 40020, 1228.572021, 14.084415, 633.731873, 137.918671, 717.551697, 3066.272461
2, 1584, 42056, 0, 0, 20, 2, 402, 28377, 10082, 0, 5312, 2677, 30520, 1083.307129, 2.651479, 618.820435, 111.410568, 552.371399, 2690.347168
2, 1584, 42056, 0, 0, 92, 0, 804, 25121, 10504, 0, 4080, 2984, 30512, 1022.605408, 6.462458, 619.754395, 113.791382, 553.073120, 2638.826416
2, 1584, 45448, 0, 32, 124, 4, 894, 25991, 9068, 0, 5857, 3013, 32828, 1078.177856, 9.767200, 589.375122, 128.089661, 638.194458, 2774.200439
2, 1584, 50136, 0, 0, 68, 6, 518, 25681, 11544, 0, 5040, 3211, 35080, 1179.418579, 5.712291, 637.755005, 125.939400, 663.178833, 2940.819336
2, 1584, 42280, 0, 32, 88, 33, 572, 24902, 10833, 0, 5300, 3009, 33344, 1104.836304, 9.479831, 618.942383, 118.666634, 590.192139, 2769.821533
2, 1584, 39816, 0, 0, 52, 2, 546, 27195, 8738, 0, 5328, 2713, 30744, 975.518677, 4.534413, 574.286621, 110.478287, 553.629456, 2541.749023
2, 1584, 43960, 0, 0, 108, 2, 242, 26066, 9394, 0, 6504, 3081, 30860, 1041.296143, 7.448200, 591.587219, 128.871567, 614.220825, 2714.098633
2, 1584, 48328, 0, 16, 96, 9, 462, 23118, 10193, 0, 5031, 3137, 33784, 1125.702393, 8.697920, 578.805969, 126.126526, 645.941711, 2816.249756
2, 1584, 41720, 0, 0, 52, 6, 1032, 25338, 14159, 0, 5368, 2947, 32496, 1041.538330, 5.062370, 690.508911, 114.857323, 580.271240, 2760.081055
2, 1584, 44984, 0, 0, 72, 6, 264, 23941, 9738, 0, 6576, 2993, 32984, 1070.671143, 5.585314, 573.944092, 126.539200, 577.937195, 2740.671875
2, 1584, 44488, 0, 0, 80, 4, 714, 23858, 9542, 0, 6112, 3063, 32540, 1113.784912, 6.258626, 569.473206, 125.342941, 569.531677, 2713.991699
2, 1584, 40504, 0, 48, 56, 1, 576, 25374, 9716, 0, 5495, 2848, 30716, 992.167725, 5.712291, 585.878296, 115.361885, 554.536682, 2581.786865
2, 1584, 48024, 0, 48, 148, 8, 716, 24989, 10739, 0, 5691, 3175, 35368, 1125.959595, 11.407875, 636.598877, 131.115387, 612.125732, 2910.217773
2, 1584, 44552, 0, 0, 152, 5, 670, 27085, 11585, 0, 4528, 3110, 34512, 1088.838867, 10.303510, 660.821411, 180.115112, 609.041504, 2879.517822
2, 1584, 49832, 0, 0, 88, 0, 913, 26950, 9819, 0, 5952, 3132, 33116, 1223.259033, 5.939513, 607.968933, 133.016693, 576.784363, 2877.188721
2, 1584, 41224, 0, 0, 84, 13, 626, 24005, 11353, 0, 5856, 2753, 32324, 1014.604187, 7.682105, 612.078979, 115.467148, 577.095154, 2654.068604
2, 1584, 43544, 0, 0, 128, 2, 1123, 24564, 9555, 0, 6496, 2925, 32292, 1102.502319, 8.253501, 580.787476, 121.789261, 570.766357, 2714.180420
2, 1584, 45256, 0, 0, 212, 13, 910, 24187, 9896, 0, 4936, 3153, 34308, 1132.351929, 13.290810, 594.713196, 125.007126, 600.216614, 2795.708008
2, 1584, 46520, 0, 0, 76, 4, 112, 26352, 11780, 0, 4384, 3237, 32404, 1105.564819, 5.720645, 646.391113, 121.593781, 576.582214, 2782.253418
2, 1584, 47688, 0, 16, 144, 42, 924, 23355, 10821, 0, 6640, 3054, 37572, 1135.081909, 12.141335, 617.176392, 130.607468, 697.474304, 2925.196045
2, 1584, 43656, 0, 16, 60, 1, 426, 22784, 9685, 0, 5869, 3037, 32252, 1046.756104, 4.442522, 623.922913, 122.427483, 567.493347, 2694.096436
2, 1584, 44808, 0, 16, 84, 9, 146, 26655, 11141, 0, 5022, 3053, 34332, 1082.454956, 8.119841, 704.892395, 120.123520, 601.367798, 2843.812256
2, 1584, 45016, 0, 32, 200, 10, 938, 27591, 10399, 0, 5944, 3019, 33688, 1077.564697, 12.752829, 639.942017, 124.798279, 591.971497, 2779.085693
2, 1584, 47992, 0, 16, 92, 58, 770, 25989, 11983, 0, 6061, 3241, 38596, 1151.822876, 11.320996, 723.524597, 128.993530, 648.173828, 2995.713379
2, 1584, 44888, 0, 16, 80, 6, 676, 22640, 10154, 0, 6213, 2943, 32000, 1066.612915, 6.617837, 571.985962, 126.066376, 616.640076, 2717.331543
2, 1584, 48152, 0, 0, 96, 3, 342, 25087, 9498, 0, 5824, 3243, 34120, 1131.498169, 6.393957, 593.356567, 130.811310, 587.097900, 2780.736328
2, 1584, 44504, 0, 32, 128, 5, 282, 23975, 12397, 0, 5243, 2955, 33964, 1079.624756, 9.595113, 655.854248, 120.688240, 596.216858, 2790.578857
2, 1584, 46312, 0, 0, 200, 6, 114, 24525, 11364, 0, 5128, 3069, 34308, 1099.085571, 11.716964, 622.958862, 125.668739, 596.455750, 2833.645752
2, 1584, 46472, 0, 0, 160, 2, 650, 24855, 10963, 0, 5600, 3119, 35464, 1120.892212, 9.357866, 680.805237, 127.615166, 612.327881, 2884.817383
2, 1584, 47560, 0, 0, 100, 5, 512, 26430, 9036, 0, 6256, 3078, 34524, 1124.761719, 7.479944, 580.620422, 132.015915, 595.172668, 2770.437988
2, 1584, 48760, 0, 0, 104, 44, 426, 24916, 11537, 0, 4832, 3303, 34652, 1150.442749, 10.041203, 678.611511, 128.955109, 595.556946, 2890.287354
2, 1584, 48936, 0, 0, 136, 49, 52, 27680, 10884, 0, 5440, 3286, 37264, 1155.167725, 12.605803, 708.633240, 131.422806, 632.295044, 2971.846680
2, 1584, 44392, 0, 16, 172, 7, 820, 25072, 9189, 0, 5254, 2924, 33084, 1062.619873, 12.011016, 580.740723, 123.777451, 642.078918, 2747.690674
2, 1584, 54824, 0, 0, 140, 4, 130, 25596, 13336, 0, 5560, 3504, 35540, 1251.874023, 8.801507, 689.277588, 141.173294, 605.593079, 3018.826416
2, 1584, 47048, 0, 0, 140, 6, 292, 24871, 10435, 0, 5960, 3020, 34756, 1182.412598, 9.060472, 595.879395, 126.634430, 603.908997, 2848.913086
2, 1584, 44040, 0, 16, 156, 2, 842, 25780, 9621, 0, 5118, 3023, 33100, 1229.703125, 9.341159, 606.458557, 120.046669, 585.819763, 2882.922852
2, 1584, 50632, 0, 16, 244, 15, 294, 23281, 10568, 0, 5313, 3396, 36012, 1226.515381, 15.449417, 603.985840, 138.206039, 614.999451, 2934.173096
2, 1584, 45288, 0, 0, 232, 16, 148, 26277, 11869, 0, 4568, 3322, 33488, 1081.953735, 13.795376, 638.984680, 125.605247, 589.620728, 2780.153320
2, 1584, 53944, 0, 0, 260, 8, 298, 23872, 12906, 0, 4400, 3515, 36452, 1246.462402, 15.227208, 736.446167, 137.619614, 621.817749, 3090.424805
2, 1584, 46216, 0, 0, 160, 5, 368, 26921, 10255, 0, 5336, 3158, 33520, 1162.109619, 9.671967, 623.608765, 126.911774, 587.968384, 2840.328613
2, 1584, 46520, 0, 0, 160, 3, 902, 26232, 9409, 0, 5344, 3158, 33308, 1162.938354, 9.707052, 602.532288, 126.195023, 582.598572, 2813.935791
2, 1584, 50264, 0, 0, 224, 7, 564, 26632, 10373, 0, 4720, 3432, 35244, 1172.129150, 13.300834, 635.325745, 132.675858, 609.460876, 2895.608887
2, 1584, 48232, 0, 16, 172, 3, 266, 25800, 12255, 0, 5769, 3057, 36148, 1209.142944, 11.518145, 670.660461, 127.471481, 620.920532, 2971.728027
2, 1584, 49912, 0, 0, 212, 13, 494, 25700, 10882, 0, 6256, 3090, 36772, 1173.527466, 13.198918, 621.613892, 133.795258, 625.272888, 2950.262451
2, 1584, 45944, 0, 16, 184, 4, 778, 27846, 8581, 0, 4805, 3073, 31888, 1084.326172, 11.945856, 581.531006, 123.717308, 567.361328, 2694.983643
2, 1584, 49416, 0, 0, 164, 8, 638, 25818, 10911, 0, 6000, 3103, 35636, 1221.493042, 9.996092, 629.660278, 133.020035, 610.259521, 2934.340088
2, 1584, 51656, 0, 16, 256, 33, 314, 24598, 11166, 0, 6115, 3317, 39132, 1203.067993, 16.946409, 678.509583, 140.919342, 652.566223, 3028.578613
2, 1584, 43912, 0, 16, 280, 6, 399, 22635, 10047, 0, 6076, 2944, 33824, 1050.142700, 15.958996, 631.944153, 124.490860, 594.337280, 2747.891113
2, 1584, 55288, 0, 0, 212, 10, 252, 24538, 10606, 0, 6528, 3455, 36944, 1246.420654, 13.033514, 613.063049, 147.610687, 620.526245, 2979.482178
2, 1584, 51784, 0, 16, 216, 34, 132, 26759, 11328, 0, 6142, 3265, 38224, 1213.440063, 15.031731, 698.807556, 137.711502, 640.982910, 3037.876465
2, 1584, 47112, 0, 0, 152, 5, 648, 26912, 11414, 0, 4968, 3266, 35560, 1129.685425, 9.929262, 719.700256, 126.636101, 612.713867, 2920.253906
2, 1584, 49208, 0, 0, 296, 6, 504, 26071, 9163, 0, 4344, 3263, 34064, 1139.118408, 15.907203, 585.799744, 129.536530, 654.136719, 2852.827637
2, 1584, 47960, 0, 0, 352, 7, 814, 25666, 9260, 0, 5000, 3253, 35312, 1130.711182, 19.183542, 597.177551, 132.657486, 607.947205, 2812.139893
2, 1584, 57960, 0, 0, 252, 71, 422, 25364, 11609, 0, 6040, 3681, 40792, 1313.280640, 19.110029, 640.991272, 150.511108, 727.176880, 3188.958984
2, 1584, 46568, 0, 16, 212, 3, 645, 28286, 9192, 0, 4438, 3268, 33820, 1104.194824, 12.370227, 671.353821, 126.611046, 590.932312, 2833.381836
2, 1584, 52264, 0, 16, 212, 3, 994, 27994, 10782, 0, 5899, 3151, 36860, 1265.032837, 12.816317, 653.929565, 136.745804, 624.733215, 3026.029053
2, 1584, 51992, 0, 0, 216, 4, 676, 26951, 13255, 0, 5024, 3446, 37120, 1211.765991, 12.316763, 719.688538, 190.518875, 627.909302, 3097.310059
2, 1584, 47416, 0, 0, 292, 15, 1076, 24042, 12111, 0, 5408, 3227, 35616, 1124.688232, 16.993189, 659.113892, 131.021820, 617.565674, 2881.667969
2, 1584, 51384, 0, 0, 220, 7, 606, 25825, 9486, 0, 5512, 3247, 36788, 1193.773682, 13.508007, 654.357239, 136.541977, 622.689880, 2953.635498
2, 1584, 55112, 0, 0, 268, 5, 586, 26242, 9938, 0, 6152, 3457, 35624, 1250.756226, 14.921461, 670.550171, 144.668503, 609.611267, 3027.414062
2, 1584, 49576, 0, 0, 312, 36, 1022, 26526, 10583, 0, 6264, 3221, 37248, 1166.299927, 19.571156, 704.224121, 138.356415, 637.048279, 2997.973877
2, 1584, 56872, 0, 0, 356, 12, 950, 24617, 10029, 0, 4800, 3458, 37604, 1271.109253, 19.678083, 610.854309, 142.142319, 633.837097, 3010.862061
2, 1584, 45976, 0, 0, 228, 8, 1076, 26280, 12722, 0, 5184, 3244, 34876, 1112.479980, 12.821329, 676.586609, 127.825676, 670.398132, 2933.526367
2, 1584, 52760, 0, 16, 312, 4, 402, 26013, 9638, 0, 5443, 3524, 36132, 1200.314697, 16.869555, 652.648071, 143.250031, 613.524170, 2961.725342
2, 1584, 54920, 0, 16, 212, 10, 677, 25556, 11780, 0, 6212, 3350, 36588, 1255.025024, 14.477041, 653.428345, 145.268295, 676.929077, 3083.180420
2, 1584, 54664, 0, 0, 352, 13, 1068, 27107, 12543, 0, 4608, 3521, 37888, 1264.199097, 19.932037, 706.970825, 142.981049, 637.322327, 3106.286865
2, 1584, 52728, 0, 0, 432, 16, 164, 25884, 9026, 0, 5544, 3374, 36396, 1195.875488, 23.243462, 653.986328, 143.276764, 617.218201, 2962.553955
2, 1584, 51976, 0, 0, 336, 11, 566, 27431, 10327, 0, 4704, 3408, 37080, 1263.088013, 17.821880, 626.266968, 135.783463, 627.249329, 3003.759766
2, 1584, 54296, 0, 0, 292, 18, 694, 27355, 11317, 0, 6368, 3222, 39240, 1328.240601, 17.482719, 665.451050, 141.522476, 659.860718, 3150.272705
2, 1584, 49144, 0, 0, 260, 13, 588, 27427, 10327, 0, 4968, 3324, 36196, 1219.631836, 15.253940, 637.532837, 132.294937, 618.401062, 2953.615479
2, 1584, 51448, 0, 0, 420, 3, 114, 27933, 8848, 0, 5992, 3345, 35484, 1176.195679, 21.427359, 590.551331, 141.816528, 607.995667, 2873.561523
2, 1584, 54504, 0, 0, 420, 12, 228, 27879, 10928, 0, 5136, 3541, 37164, 1240.843628, 23.515795, 711.047424, 144.451309, 633.877197, 3089.850098
2, 1584, 56648, 0, 0, 340, 10, 232, 27871, 12623, 0, 4768, 3594, 38352, 1295.081177, 18.749147, 716.900085, 143.338577, 701.681213, 3209.829834
2, 1584, 47000, 0, 0, 280, 7, 624, 26221, 9273, 0, 5320, 3315, 34612, 1105.668335, 16.029167, 590.202148, 133.890503, 658.722900, 2837.072510
2, 1584, 48536, 0, 0, 344, 7, 360, 26194, 8847, 0, 6368, 3277, 35476, 1126.622925, 18.448412, 578.759216, 135.866989, 607.058350, 2801.453613
2, 1584, 52760, 0, 0, 508, 14, 1318, 23827, 9510, 0, 5568, 3560, 36012, 1260.986206, 26.835573, 592.927185, 148.539627, 618.576477, 2984.467529
2, 1584, 54744, 0, 16, 428, 16, 302, 26511, 10787, 0, 5779, 3481, 38688, 1248.574219, 23.233438, 723.374268, 147.480377, 650.888794, 3130.689941
2, 1584, 52888, 0, 16, 376, 23, 252, 24806, 12378, 0, 6077, 3288, 38692, 1230.262817, 22.499979, 750.918213, 141.579285, 648.701782, 3131.201172
2, 1584, 49784, 0, 48, 444, 10, 1114, 25413, 9005, 0, 5158, 3374, 34520, 1333.939453, 34.833450, 748.221619, 166.184402, 719.665161, 3380.807617
2, 1584, 51848, 0, 16, 492, 16, 390, 25566, 9140, 0, 4081, 3720, 35576, 1187.050537, 26.748693, 624.061584, 140.748917, 607.044983, 2925.772461
2, 1584, 55560, 0, 16, 444, 13, 512, 28059, 9559, 0, 5839, 3615, 38448, 1327.453613, 23.809847, 635.873779, 151.668945, 645.808044, 3125.697754
2, 1584, 48088, 0, 16, 540, 17, 892, 25373, 9290, 0, 5257, 3383, 36428, 1137.644897, 28.787008, 611.525940, 137.898621, 682.567871, 2922.511230
2, 1584, 54024, 0, 0, 528, 12, 756, 24652, 11177, 0, 4928, 3517, 38612, 1236.429565, 27.542299, 637.248779, 143.986832, 707.503784, 3089.923584
2, 1584, 48664, 0, 0, 380, 6, 816, 25172, 9836, 0, 4736, 3312, 35920, 1142.444946, 19.532728, 611.028076, 132.697586, 613.343689, 2850.856201
2, 1584, 54040, 0, 0, 580, 32, 484, 22828, 9629, 0, 5456, 3606, 38328, 1213.072510, 30.008326, 631.152222, 148.190445, 637.469299, 2996.109375
2, 1584, 50808, 0, 0, 584, 7, 60, 24977, 8633, 0, 5096, 3367, 36076, 1213.740845, 29.395161, 564.243713, 140.715500, 616.456299, 2898.088135
2, 1584, 49016, 0, 0, 596, 15, 496, 24271, 9279, 0, 5344, 3380, 36524, 1200.648804, 30.081839, 587.791260, 139.512573, 622.718262, 2914.541748
2, 1584, 58968, 0, 0, 544, 57, 700, 25011, 10632, 0, 6216, 3674, 41536, 1330.198730, 31.520353, 623.832703, 159.790451, 677.099487, 3160.663086
2, 1584, 50488, 0, 0, 400, 21, 374, 25751, 8828, 0, 5032, 3372, 36084, 1164.413574, 22.130743, 635.501160, 135.534515, 611.241882, 2901.212402
2, 1584, 50952, 0, 0, 588, 12, 1128, 26473, 8452, 0, 4832, 3475, 36428, 1235.129761, 29.730982, 594.318909, 141.143219, 623.124268, 2959.427979
2, 1584, 51208, 0, 16, 536, 12, 498, 26924, 8774, 0, 5980, 3361, 37336, 1229.900269, 28.345930, 589.415222, 143.346939, 632.502197, 2959.956055
2, 1584, 55640, 0, 0, 588, 36, 364, 24370, 9576, 0, 6168, 3580, 39580, 1259.140015, 31.095984, 587.701050, 153.984604, 656.669556, 3028.416748
2, 1584, 50488, 0, 0, 544, 7, 460, 26253, 8343, 0, 4272, 3534, 34908, 1211.385010, 26.865646, 576.981506, 139.990402, 599.760498, 2885.517578
2, 1584, 55000, 0, 0, 580, 14, 874, 26711, 8452, 0, 5816, 3582, 37524, 1233.206665, 28.974133, 582.645386, 151.090866, 688.019531, 3019.391357
2, 1584, 52792, 0, 0, 560, 10, 392, 26263, 8697, 0, 5896, 3454, 36408, 1252.124634, 27.579056, 576.259766, 147.370102, 615.990173, 2956.094971
2, 1584, 53704, 0, 0, 680, 23, 544, 25801, 8553, 0, 5696, 3463, 38636, 1220.893311, 34.385689, 586.581665, 149.533722, 647.492126, 2973.724609
2, 1584, 53208, 0, 0, 536, 22, 546, 24126, 10459, 0, 5248, 3671, 37508, 1204.805664, 27.959988, 608.184448, 149.294800, 631.788757, 2958.235107
2, 1584, 54664, 0, 0, 632, 20, 344, 25734, 8590, 0, 6224, 3481, 38032, 1233.113159, 32.434254, 621.677429, 152.955414, 649.092712, 3029.068115
2, 1584, 51608, 0, 0, 612, 10, 726, 24099, 8924, 0, 5096, 3623, 35804, 1169.845215, 30.273975, 577.780151, 207.395111, 610.389832, 2931.720459
2, 1584, 58200, 0, 16, 840, 7, 340, 23005, 9220, 0, 4720, 3767, 37432, 1270.272217, 40.191544, 637.987244, 156.066345, 626.118286, 3066.952393
2, 1584, 45112, 0, 0, 568, 17, 840, 24496, 8847, 0, 6096, 3054, 35100, 1065.842773, 29.187988, 572.734497, 129.626740, 605.197144, 2734.845947
2, 1584, 65112, 0, 0, 660, 17, 360, 21969, 9204, 0, 5384, 3744, 38088, 1397.566650, 32.736660, 558.808777, 163.347473, 702.750488, 3193.857666
2, 1584, 51800, 0, 0, 372, 12, 808, 26305, 9542, 0, 5672, 3343, 37168, 1194.425293, 20.287907, 661.055298, 139.901855, 628.866638, 2976.434570
2, 1584, 55624, 0, 0, 764, 14, 1168, 26840, 8485, 0, 5072, 3666, 37652, 1307.212524, 36.510880, 584.078857, 152.205246, 631.192322, 3048.306885
2, 1584, 55160, 0, 16, 628, 17, 562, 22721, 9229, 0, 6012, 3709, 37136, 1229.225342, 32.770073, 572.707764, 158.113022, 623.476807, 2957.944336
2, 1584, 56328, 0, 0, 788, 38, 600, 23913, 9802, 0, 5848, 3541, 40044, 1264.910767, 40.737877, 596.556030, 155.200897, 661.008545, 3115.942139
2, 1584, 56616, 0, 0, 516, 10, 278, 26631, 9469, 0, 6192, 3651, 38844, 1269.592285, 26.379459, 600.844849, 154.669601, 702.693726, 3093.465576
2, 1584, 56600, 0, 0, 628, 16, 174, 25160, 8555, 0, 5832, 3551, 37952, 1256.946411, 30.382574, 572.891541, 152.853500, 630.729553, 3041.861084
2, 1584, 51480, 0, 0, 644, 15, 524, 24877, 8679, 0, 5160, 3578, 36120, 1173.993652, 31.435146, 566.616211, 146.307510, 612.728882, 2865.249512
2, 1584, 58088, 0, 0, 796, 38, 176, 23613, 8889, 0, 5912, 3750, 39244, 1341.395996, 41.272518, 562.497803, 164.171158, 649.492065, 3097.573975
2, 1584, 56600, 0, 16, 788, 23, 776, 25107, 11494, 0, 5104, 3464, 38328, 1273.102539, 39.402946, 654.432434, 150.118484, 702.050476, 3154.349365
2, 1584, 54600, 0, 16, 620, 14, 374, 25598, 8391, 0, 7841, 3485, 38204, 1235.091309, 31.894602, 637.044983, 160.458755, 637.900391, 3031.226807
2, 1584, 53304, 0, 0, 652, 17, 304, 24981, 8685, 0, 6776, 3536, 37136, 1208.193848, 31.901285, 618.746887, 152.089966, 619.009216, 2968.904541
2, 1584, 54184, 0, 0, 900, 19, 422, 23420, 7871, 0, 5408, 3623, 37200, 1210.003296, 43.330879, 535.531921, 152.639648, 623.140991, 2903.314209
2, 1584, 54472, 0, 0, 904, 30, 573, 23932, 8101, 0, 5936, 3604, 38284, 1218.233398, 44.066010, 550.150940, 157.643539, 637.115112, 3004.819092
2, 1584, 54728, 0, 0, 780, 28, 152, 23379, 8878, 0, 4896, 3648, 37880, 1280.871460, 38.475681, 561.505371, 149.119370, 629.585083, 2995.922119
2, 1584, 51096, 0, 0, 700, 14, 590, 24831, 8928, 0, 5592, 3297, 37172, 1251.386108, 34.571140, 591.238037, 147.821198, 638.862732, 3003.591064
2, 1584, 52216, 0, 0, 852, 23, 440, 21339, 8584, 0, 6464, 3446, 37000, 1169.536133, 41.645092, 526.920898, 155.560120, 617.931580, 2847.655029
2, 1584, 55976, 0, 16, 808, 24, 608, 24625, 8225, 0, 6154, 3584, 39080, 1248.794800, 40.408741, 562.255554, 157.730423, 696.266357, 3045.829102
2, 1584, 51864, 0, 0, 688, 25, 342, 24442, 8476, 0, 7504, 3385, 37972, 1237.049438, 34.885242, 549.952148, 152.920334, 635.100220, 2950.327393
2, 1584, 56888, 0, 0, 744, 28, 229, 23097, 9188, 0, 5888, 3657, 38232, 1259.190186, 36.758152, 568.926819, 160.346802, 695.908813, 3058.969727
2, 1584, 56680, 0, 0, 624, 28, 341, 25159, 8520, 0, 5744, 3713, 37868, 1257.454224, 32.233765, 567.732239, 158.559113, 629.162354, 2984.546143
2, 1584, 54360, 0, 0, 916, 19, 508, 24840, 7951, 0, 5192, 3581, 37460, 1276.545898, 43.675053, 554.496582, 151.755814, 627.124023, 2990.111328
2, 1584, 57064, 0, 0, 1008, 19, 178, 22904, 8125, 0, 5560, 3616, 37320, 1310.333496, 47.521118, 537.822510, 155.576813, 625.627075, 3013.974609
2, 1584, 52712, 0, 0, 964, 26, 322, 24829, 7815, 0, 5488, 3548, 37212, 1247.112305, 46.421764, 547.736755, 153.735657, 626.193420, 2959.713867
2, 1584, 61928, 0, 0, 928, 26, 280, 23050, 8027, 0, 6448, 3749, 39744, 1400.839600, 45.258923, 529.395264, 170.682068, 649.062683, 3139.063721
2, 1584, 53816, 0, 0, 860, 22, 808, 24245, 8337, 0, 4720, 3546, 37308, 1215.192627, 41.476349, 561.070984, 147.976578, 626.305359, 2923.674072
2, 1584, 50696, 0, 0, 992, 16, 658, 22307, 8001, 0, 4776, 3594, 36160, 1207.694336, 46.107666, 522.586975, 147.019241, 610.932800, 2869.343018
2, 1584, 55720, 0, 0, 904, 26, 708, 22833, 8447, 0, 5440, 3609, 38412, 1246.990356, 43.940704, 619.328308, 155.964432, 640.114136, 3045.665527
2, 1584, 56664, 0, 0, 736, 34, 507, 21227, 10123, 0, 5384, 3523, 38980, 1270.427612, 37.252693, 649.042603, 151.348160, 645.375305, 3088.864258
2, 1584, 52984, 0, 0, 824, 17, 624, 21917, 8874, 0, 6104, 3583, 37012, 1184.559448, 39.842354, 549.186951, 156.415543, 621.648987, 2888.907471
2, 1584, 55416, 0, 0, 960, 16, 506, 23303, 8572, 0, 5616, 3624, 38044, 1237.677612, 44.629051, 608.186096, 154.631180, 630.418762, 3014.399170
2, 1584, 54664, 0, 0, 876, 21, 765, 26123, 7620, 0, 4552, 3704, 37904, 1220.669434, 42.381893, 556.838989, 152.576157, 682.716553, 2988.589355
2, 1584, 57528, 0, 0, 948, 29, 334, 22994, 8352, 0, 4336, 3855, 38276, 1260.398071, 46.321522, 605.658264, 157.937592, 634.699219, 3041.256348
2, 1584, 52120, 0, 16, 812, 58, 424, 24450, 9760, 0, 5957, 3335, 40148, 1194.036011, 43.274075, 596.492554, 146.578171, 663.907288, 2981.077637
2, 1584, 52216, 0, 0, 688, 23, 98, 24863, 9200, 0, 6840, 3403, 39152, 1203.370483, 33.752476, 582.551819, 149.256378, 698.296265, 3005.388672
2, 1584, 53752, 0, 0, 744, 33, 440, 24306, 8836, 0, 5704, 3633, 37420, 1208.558105, 37.623600, 563.526978, 155.087296, 685.632019, 2987.605225
2, 1584, 51784, 0, 0, 728, 44, 356, 25172, 8051, 0, 6440, 3352, 37408, 1177.909912, 38.562561, 567.590271, 210.582901, 630.129700, 2962.111328
2, 1584, 50104, 0, 0, 896, 29, 396, 21655, 8307, 0, 5528, 3533, 37208, 1139.571167, 43.843800, 538.845032, 150.021576, 624.125061, 2831.336670
2, 1584, 58328, 0, 0, 772, 29, 767, 24389, 8232, 0, 6736, 3658, 38732, 1285.324097, 38.462315, 557.981750, 162.019226, 698.169312, 3081.143799
2, 1584, 56184, 0, 16, 776, 21, 638, 23142, 8782, 0, 6758, 3533, 38392, 1247.680420, 38.415535, 620.434387, 161.137070, 636.090942, 3043.734131
2, 1584, 53960, 0, 0, 808, 17, 506, 23572, 8491, 0, 6840, 3448, 37892, 1209.629028, 39.414642, 550.406616, 152.138412, 692.047668, 2981.846191
2, 1584, 57896, 0, 0, 992, 26, 240, 22746, 8342, 0, 5464, 3644, 37340, 1314.612305, 47.552864, 552.434875, 158.958420, 623.014038, 3034.574951
2, 1584, 51896, 0, 0, 1008, 25, 352, 23659, 8388, 0, 6016, 3328, 37508, 1175.069580, 49.038158, 564.544495, 147.112808, 632.692688, 2907.957275
2, 1584, 62440, 0, 0, 788, 15, 114, 23603, 8725, 0, 5520, 3837, 38664, 1408.037231, 37.982811, 563.580444, 165.709915, 638.839355, 3154.954102
2, 1584, 54104, 0, 0, 752, 25, 206, 24308, 8481, 0, 5760, 3520, 37048, 1274.191895, 37.489941, 555.405457, 149.949738, 621.443481, 2975.113037
2, 1584, 54200, 0, 0, 816, 21, 698, 22627, 8946, 0, 6392, 3389, 37208, 1213.605469, 40.572472, 552.337952, 156.114807, 626.435730, 2989.478271
2, 1584, 59592, 0, 0, 1048, 23, 160, 23131, 8172, 0, 5544, 3722, 38660, 1290.058960, 49.881886, 540.001160, 162.961533, 637.933777, 3021.601562
