0.000000 0.011255
0.000000 0.005463
0.000000 0.008704
0.000000 0.008755
0.000000 0.007376
0.000000 0.006618
0.000000 0.004917
0.005365 0.005924
0.005365 0.005793
0.007061 0.005663
0.009046 0.005594
0.008521 0.005636
0.008083 0.005692
0.007430 0.005089
0.008373 0.005657
0.027870 0.006142
0.005628 0.005758
0.005635 0.005600
0.008231 0.005718
0.004512 0.005675
0.005422 0.005620
0.000396 0.005776
0.005186 0.005022
0.005785 0.005702
0.006142 0.004434
0.005767 0.005684
0.005778 0.005709
0.005782 0.005679
0.005549 0.005716
0.005566 0.005664
0.005563 0.005745
0.005621 0.005040
0.005703 0.005670
0.005448 0.004335
0.005708 0.005687
0.005715 0.005699
0.005720 0.005646
0.005488 0.005720
0.005503 0.005639
0.005501 0.005744
0.005580 0.005017
0.005665 0.005604
0.005402 0.004414
0.005666 0.005648
0.005675 0.005783
0.005680 0.005668
0.005443 0.005658
0.005465 0.005724
0.005463 0.005671
0.005558 0.004972
0.005685 0.005739
0.004916 0.004458
0.005687 0.005712
0.005692 0.005630
0.005698 0.005738
0.005475 0.005648
0.005443 0.005656
0.005445 0.005657
0.005608 0.005057
0.005685 0.005687
0.005042 0.004368
0.005685 0.005782
0.005689 0.005639
0.005693 0.005745
0.005471 0.005577
0.005499 0.005712
0.005499 0.005682
0.005602 0.005041
0.005680 0.005681
0.005452 0.004388
0.005680 0.005720
0.005682 0.005606
0.005686 0.005647
0.005466 0.005743
0.005496 0.005612
0.005496 0.005698
0.005584 0.005009
0.005662 0.005679
0.044613 0.004886
0.005354 0.003828
0.005588 0.004144
0.004813 0.004066
0.004813 0.004116
0.004579 0.003898
0.005386 0.005678
0.005642 0.005005
0.005576 0.005604
0.005559 0.004368
0.005714 0.005575
0.005705 0.005684
0.005720 0.005660
0.005716 0.005677
0.005693 0.005624
0.005700 0.005643
0.005692 0.004982
0.005705 0.005604
0.004465 0.004420
0.005689 0.005706
0.005703 0.005638
0.005696 0.005734
0.005688 0.005627
0.005691 0.005718
0.005684 0.005641
0.005677 0.005087
0.005690 0.005662
0.005274 0.004538
0.005437 0.004965
0.005689 0.004959
0.005431 0.004859
0.005641 0.006715
0.017984 0.014020
0.020979 0.010750
0.007379 0.007987
0.006221 0.006954
0.018995 0.017840
0.010265 0.007823
0.019497 0.017661
0.019810 0.022140
0.007432 0.008163
0.030877 0.029335
0.019621 0.008817
0.008833 0.008658
0.018156 0.019285
0.025064 0.024501
0.019116 0.019335
0.025171 0.024605
0.007363 0.008001
0.024446 0.023724
0.008803 0.008535
0.009232 0.009733
0.024323 0.024918
0.010452 0.012141
0.007574 0.007867
0.007457 0.007539
0.018668 0.019682
0.007067 0.007520
0.014243 0.015174
0.021635 0.022583
0.012595 0.012626
0.009983 0.009783
0.010226 0.010037
0.025173 0.026752
0.012393 0.013376
0.008760 0.009203
0.009800 0.009762
0.021606 0.022652
0.010512 0.010701
0.010070 0.010628
0.017942 0.019355
0.007390 0.007594
0.022131 0.022608
0.010455 0.011576
0.009124 0.008944
0.007892 0.007981
0.020658 0.022017
0.013227 0.013569
0.008130 0.008087
0.010810 0.010059
0.016917 0.017345
0.012922 0.013871
0.009049 0.009067
0.008021 0.008097
0.011215 0.011608
0.014203 0.015165
0.010221 0.010097
0.034149 0.027978
0.018398 0.018540
0.017424 0.016360
0.015121 0.012248
0.015346 0.012668
0.019498 0.020336
0.017147 0.016678
0.014658 0.013105
0.013991 0.012628
0.017425 0.017044
0.013701 0.012948
0.013177 0.012331
0.017182 0.016842
0.013392 0.012811
0.011645 0.010667
0.011413 0.010771
0.015115 0.014337
0.013653 0.012706
0.015518 0.015638
0.013624 0.012952
0.015225 0.015333
0.013248 0.012785
0.011774 0.010563
0.014692 0.014870
0.011863 0.011767
0.010647 0.010457
0.011525 0.011766
0.010414 0.010276
0.011515 0.011211
0.010771 0.010370
0.011455 0.011391
0.010397 0.010207
0.010269 0.010349
0.012317 0.013474
0.011269 0.010744
0.011682 0.012749
0.012016 0.013252
0.011122 0.010810
0.011406 0.012483
0.010164 0.010261
0.010694 0.011514
0.010865 0.011662
0.011113 0.011156
0.010302 0.011376
0.011040 0.012178
0.011554 0.011533
0.011693 0.012707
0.010139 0.010924
0.010385 0.011154
0.011509 0.011039
0.011265 0.012307
0.009616 0.010298
0.009945 0.010791
0.009390 0.009756
0.011708 0.013743
0.014317 0.017157
0.014503 0.014391
0.015120 0.016300
0.016066 0.017072
0.013369 0.013502
0.017926 0.019156
0.015643 0.015999
0.014175 0.014188
0.016903 0.018192
0.017166 0.017805
0.014014 0.013491
0.015024 0.014400
0.013715 0.015721
0.015284 0.017200
0.013436 0.013210
0.016259 0.017544
0.016209 0.017375
0.014284 0.015883
0.016961 0.018553
0.015843 0.016294
0.014028 0.015082
0.016531 0.018380
0.015356 0.016170
0.013565 0.013719
0.015120 0.016493
0.018832 0.020105
0.016720 0.017551
0.016461 0.017888
0.016301 0.015588
0.015237 0.014730
0.018393 0.018853
0.019447 0.020164
0.015948 0.015492
0.016852 0.016923
0.007307 0.005797
0.004896 0.003871
0.020254 0.017881
0.019082 0.016995
0.005659 0.005033
0.007515 0.006288
0.005112 0.004532
0.008842 0.007740
0.011599 0.010646
0.013058 0.012369
0.015303 0.015494
0.015523 0.015291
0.017867 0.017675
0.014271 0.013012
0.012503 0.011895
0.010372 0.009752
0.010909 0.010287
0.011458 0.011140
0.011113 0.010083
0.011091 0.010075
0.011452 0.010504
0.014298 0.014062
0.011241 0.011503
0.011127 0.011784
0.015372 0.016152
0.013396 0.013805
0.010632 0.010741
0.011008 0.010853
0.015488 0.015840
0.013657 0.013816
0.010566 0.010489
0.011223 0.010964
0.015096 0.015496
0.013437 0.013870
0.011450 0.011312
0.011507 0.011426
0.014648 0.014270
0.013142 0.013608
0.010761 0.010563
0.011191 0.011029
0.011425 0.010856
0.057012 0.052440
0.035005 0.032932
0.019193 0.019019
0.013113 0.013460
0.011033 0.012130
0.010989 0.011752
0.011729 0.011857
0.029259 0.030027
0.015645 0.016236
0.008989 0.009288
0.011113 0.010846
0.029431 0.030565
0.015822 0.016396
0.008884 0.009124
0.011647 0.011274
0.029721 0.030633
0.015095 0.015976
0.008980 0.009287
0.011179 0.011495
0.027902 0.028235
0.015665 0.015950
0.008584 0.008838
0.011997 0.011687
0.027741 0.027794
0.015445 0.016170
0.009177 0.009458
0.011497 0.011189
0.027140 0.027895
0.016718 0.017078
0.009383 0.009768
0.012748 0.012118
0.023001 0.023492
0.015180 0.016045
0.008764 0.009079
0.010363 0.010520
0.013296 0.012786
0.018082 0.018028
0.009665 0.009851
0.012882 0.012292
0.015406 0.014074
0.013509 0.013320
0.011510 0.011213
0.011873 0.011780
0.015274 0.015259
0.013978 0.013972
0.011939 0.011752
0.012067 0.011761
0.015856 0.015632
0.013688 0.013657
0.012031 0.011753
0.011336 0.010991
0.015367 0.015354
0.013321 0.013373
0.010933 0.010814
0.011781 0.011540
0.015111 0.014546
0.013630 0.013539
0.011765 0.011378
0.012139 0.011638
0.014569 0.014308
0.014004 0.013988
0.011995 0.011787
0.012218 0.011931
0.013570 0.013171
0.012385 0.012179
0.014653 0.014710
0.010752 0.009619
0.012724 0.012615
0.016600 0.015614
0.011639 0.011341
0.016894 0.015330
0.011467 0.011183
0.016429 0.014810
0.011621 0.011568
0.015755 0.014121
0.012214 0.012057
0.012221 0.011815
0.012953 0.012156
0.009818 0.009533
0.011752 0.011529
0.010502 0.010535
0.011565 0.011160
0.010601 0.010740
0.010799 0.010296
0.011261 0.011268
0.011332 0.012010
0.011243 0.011062
0.011815 0.012625
0.011454 0.011259
0.011902 0.012655
0.011523 0.011541
0.012229 0.013118
0.011540 0.011448
0.011683 0.012055
0.011695 0.011506
0.011995 0.012502
0.012160 0.011662
0.011616 0.011344
0.011304 0.011171
0.011596 0.011896
0.011293 0.011415
0.011609 0.012085
0.011486 0.011456
0.012358 0.013262
0.011705 0.012457
0.011871 0.012566
0.012017 0.012144
0.012770 0.013761
0.011718 0.012334
0.012036 0.012614
0.011296 0.011079
0.012831 0.013756
0.011561 0.012141
0.011982 0.012942
0.019676 0.019945
0.019811 0.019694
0.025469 0.026265
0.026334 0.024407
0.027947 0.026948
0.031054 0.030436
0.010856 0.010733
0.029156 0.027727
0.012222 0.012017
0.012070 0.011725
0.010978 0.010550
0.022755 0.022091
0.015549 0.014854
0.012309 0.011915
0.012814 0.012615
0.011167 0.010132
0.011291 0.010836
0.013139 0.012424
0.013395 0.012245
0.008344 0.007981
0.009625 0.008529
0.012999 0.012630
0.011563 0.011372
0.013772 0.013900
0.013148 0.013669
0.011510 0.011536
0.011901 0.011918
0.014329 0.014572
0.013651 0.014645
0.011437 0.011605
0.011945 0.012079
0.014297 0.014422
0.013875 0.014717
0.011583 0.011738
0.012309 0.012503
0.014267 0.014670
0.014045 0.014877
0.011973 0.011964
0.012053 0.012331
0.013631 0.014285
0.013772 0.014765
0.012134 0.012440
0.012248 0.012529
0.012909 0.013397
0.014068 0.014999
0.012490 0.012876
0.012844 0.013403
0.012452 0.012763
0.012760 0.013343
0.012335 0.012432
0.012118 0.012738
0.012601 0.012692
0.012862 0.013758
0.011819 0.012608
0.012041 0.012279
0.011263 0.010593
0.012659 0.012591
0.011918 0.011862
0.010826 0.010701
0.006133 0.011459
0.010801 0.010415
0.011367 0.012342
0.010791 0.010654
0.011118 0.010994
0.010541 0.010638
0.010587 0.010195
0.010535 0.010528
0.011022 0.010721
0.010570 0.010149
0.010840 0.010346
0.010755 0.010570
0.011460 0.011010
0.014135 0.013855
0.016027 0.015614
0.014486 0.014403
0.017204 0.017461
0.016359 0.016630
0.015481 0.015675
0.016919 0.017582
0.014099 0.014041
0.017536 0.017685
0.017041 0.018089
0.014482 0.014545
0.017464 0.017714
0.011653 0.010953
0.011564 0.011018
0.015629 0.015026
0.010808 0.010753
0.013017 0.013393
0.012338 0.013022
0.011246 0.011188
0.011230 0.010972
0.012736 0.013034
0.011117 0.011108
0.012729 0.013149
0.013306 0.013862
0.011540 0.011504
0.011358 0.011086
0.013098 0.013288
0.011311 0.011330
0.013123 0.013515
0.012696 0.013504
0.011214 0.011204
0.011654 0.011382
0.013545 0.014163
0.013365 0.014050
0.011688 0.011681
0.011142 0.010762
0.012763 0.012899
0.011480 0.011287
0.012183 0.012091
0.011385 0.011134
0.016994 0.016644
0.014331 0.013589
0.014720 0.015072
0.012724 0.012521
0.012931 0.012762
0.017172 0.017724
0.015125 0.016007
0.011775 0.012000
0.012216 0.012536
0.016892 0.017844
0.015733 0.017019
0.012232 0.012421
0.013545 0.013689
0.016705 0.017790
0.016296 0.017523
0.013407 0.013664
0.013775 0.013646
0.015830 0.016440
0.016707 0.017779
0.013520 0.013548
0.013497 0.013312
0.015268 0.015288
0.012821 0.012628
0.013021 0.012369
0.021513 0.021260
0.019033 0.018400
0.019609 0.020072
0.017946 0.018704
0.017987 0.018629
0.019364 0.019734
0.019423 0.020833
0.017960 0.018675
0.018127 0.018858
0.019558 0.019398
0.018128 0.018649
0.020219 0.020403
0.019905 0.020901
0.018359 0.018845
0.018356 0.018785
0.020019 0.019836
0.019639 0.020468
0.017986 0.018285
0.017912 0.018157
0.014735 0.014942
0.019479 0.019430
0.017703 0.017911
0.017241 0.016428
0.013038 0.013274
0.012279 0.012262
0.016766 0.017192
0.014606 0.014902
0.012556 0.012702
0.014888 0.015515
0.015207 0.015562
0.013065 0.013272
0.016580 0.017022
0.015454 0.016805
0.015812 0.016787
0.015454 0.016230
0.014979 0.015853
0.014395 0.014599
0.016312 0.016399
0.013457 0.013475
0.017717 0.018126
0.015368 0.015496
0.015313 0.015838
0.011714 0.011778
0.014449 0.014734
0.012475 0.012519
0.015195 0.015590
0.012952 0.013014
0.012794 0.013163
0.011929 0.012118
0.011229 0.010709
0.011667 0.011288
0.012615 0.012538
0.012036 0.011909
0.011955 0.012491
0.012179 0.011956
0.012179 0.012014
0.012669 0.013181
0.013221 0.013659
0.013149 0.013110
0.012442 0.012988
0.012148 0.011789
0.012029 0.012345
0.012359 0.012789
0.013724 0.014630
0.011908 0.012280
0.012109 0.012401
0.013330 0.013266
0.011092 0.010909
0.012343 0.012316
0.011608 0.011820
0.012199 0.012229
0.011372 0.011711
0.011209 0.010711
0.012024 0.012041
0.011160 0.011292
0.011979 0.012162
0.011432 0.011620
0.012130 0.011288
0.011419 0.011611
0.012246 0.013188
0.011796 0.013154
0.011921 0.012538
0.011266 0.011671
0.012544 0.012719
0.012708 0.014054
0.010751 0.011035
0.010245 0.010527
0.013827 0.013917
0.012354 0.013218
0.009649 0.009954
0.009346 0.009380
0.014723 0.014836
0.011778 0.012545
0.009263 0.009319
0.009046 0.009060
0.014989 0.014859
0.010311 0.010916
0.008800 0.008747
0.008715 0.008749
0.014964 0.015004
0.010367 0.010665
0.008285 0.008299
0.008985 0.008770
0.014649 0.014127
0.010237 0.010510
0.007785 0.007784
0.008391 0.008318
0.008511 0.006563
0.004946 0.003905
0.009252 0.008091
0.004935 0.003823
0.005726 0.005632
0.005731 0.005709
0.007930 0.007063
0.005452 0.005309
0.005639 0.004535
0.008373 0.008024
0.009295 0.008452
0.010051 0.009403
0.010736 0.010495
0.012165 0.011980
0.012812 0.012605
0.014935 0.014653
0.015781 0.016174
0.014913 0.015389
0.015773 0.015274
0.014939 0.014708
0.015395 0.014770
0.015850 0.015487
0.013366 0.012890
0.014522 0.014341
0.015350 0.014657
0.013191 0.012877
0.015017 0.014556
0.016154 0.016366
0.012963 0.012599
0.012790 0.012487
0.014355 0.013557
0.012399 0.012294
0.014899 0.014408
0.012921 0.012803
0.015526 0.014876
0.012877 0.012785
0.015176 0.014141
0.014793 0.014716
0.011794 0.011615
0.012312 0.012012
0.013991 0.013308
0.012133 0.011926
0.025838 0.024532
0.019341 0.018367
0.014772 0.014611
0.014760 0.014933
0.021044 0.021084
0.015006 0.015378
0.014325 0.015074
0.025471 0.025505
0.016856 0.018186
0.015319 0.015605
0.013726 0.014231
0.023008 0.023357
0.016356 0.017871
0.014533 0.014854
0.014462 0.014657
0.022256 0.022916
0.016851 0.017663
0.014040 0.014518
0.014976 0.015061
0.022796 0.023102
0.016534 0.017487
0.014602 0.014906
0.014432 0.014785
0.022230 0.022509
0.016461 0.017275
0.014903 0.015218
0.014342 0.014486
0.018975 0.019264
0.016124 0.017244
0.014642 0.014398
0.014755 0.014987
0.022781 0.022536
0.015712 0.013976
0.014022 0.013622
0.011646 0.010386
0.011730 0.010632
0.011635 0.010361
0.019303 0.016934
0.010652 0.009565
0.019225 0.016881
0.010402 0.009395
0.019939 0.018039
0.010141 0.008929
0.018387 0.016246
0.010368 0.009129
0.022051 0.020185
0.013921 0.013195
0.011739 0.010759
0.011077 0.010390
0.019881 0.018068
0.010068 0.009123
0.018666 0.017049
0.009794 0.008971
0.018119 0.016442
0.011060 0.010470
0.019424 0.018176
0.010870 0.010639
0.020901 0.018623
0.013004 0.012476
0.011567 0.010813
0.011209 0.010656
0.016099 0.014136
0.013668 0.013077
0.011604 0.010838
0.011695 0.010878
0.011471 0.011139
0.012492 0.011257
0.011671 0.010466
0.010800 0.010008
0.013470 0.013525
0.011673 0.011642
0.012021 0.012438
0.013795 0.014225
0.013363 0.013925
0.011220 0.011324
0.011331 0.011416
0.014308 0.014313
0.013026 0.013222
0.010945 0.010819
0.010719 0.010480
0.014730 0.014117
0.010531 0.010197
0.013573 0.013747
0.013238 0.013336
0.007830 0.010495
0.011677 0.011871
0.013578 0.014115
0.013964 0.014416
0.011567 0.011625
0.011165 0.011008
0.012386 0.011673
0.014950 0.014193
0.010764 0.009867
0.012800 0.012478
0.013628 0.013331
0.014686 0.015166
0.012778 0.012979
0.012917 0.013107
0.013925 0.013688
0.011921 0.011866
0.012977 0.011678
0.014256 0.013713
0.014861 0.013925
0.013901 0.013937
0.011825 0.011790
0.012560 0.012595
0.015133 0.014870
0.013934 0.014049
0.011699 0.011539
0.011724 0.011480
0.013698 0.013922
0.013889 0.014476
0.013280 0.013071
0.012438 0.012379
0.014123 0.013958
0.015802 0.016520
0.012667 0.012689
0.013355 0.013308
0.014647 0.014978
0.012940 0.012902
0.014428 0.013670
0.011320 0.011190
0.014447 0.014319
0.014051 0.014350
0.012060 0.011967
0.012203 0.012171
0.013417 0.012761
0.013551 0.013741
0.012817 0.012805
0.012221 0.012355
0.014715 0.014125
0.014471 0.014624
0.014814 0.014117
0.014512 0.015231
0.013573 0.013865
0.015395 0.016215
0.013123 0.013651
0.013128 0.013813
0.012548 0.012839
0.014277 0.015178
0.012524 0.013078
0.013321 0.013987
0.012509 0.012712
0.012436 0.012860
0.012356 0.012163
0.013647 0.014334
0.012265 0.012590
0.011935 0.012324
0.012773 0.012831
0.012964 0.013300
0.011945 0.011856
0.014953 0.015659
0.013443 0.013150
0.013481 0.013925
0.012143 0.011998
0.014379 0.014814
0.011764 0.011539
0.013016 0.012882
0.014832 0.014517
0.014665 0.014425
0.011936 0.011694
0.012188 0.011812
0.014354 0.013720
0.012212 0.012077
0.013580 0.013701
0.013704 0.013998
0.012822 0.012597
0.013440 0.013899
0.014330 0.014613
0.014063 0.014645
0.013201 0.013328
0.012694 0.012871
0.014843 0.014957
0.014886 0.015002
0.011949 0.011631
0.012758 0.012612
0.013607 0.013942
0.013751 0.014254
0.012565 0.012485
0.023582 0.023329
0.014959 0.012604
0.010696 0.010321
0.015812 0.013871
0.010997 0.010604
0.015896 0.013833
0.011374 0.010952
0.016179 0.014340
0.010391 0.010098
0.016362 0.014980
0.011668 0.011077
0.016473 0.015105
0.010887 0.010380
0.015948 0.014064
0.010893 0.010654
0.015648 0.013844
0.011255 0.010642
0.017468 0.015680
0.013124 0.012853
0.011506 0.011104
0.011477 0.011120
0.016294 0.015238
0.013597 0.013335
0.011774 0.011427
0.012075 0.011613
0.012196 0.010698
0.012179 0.011434
0.016921 0.016379
0.014826 0.013366
0.012520 0.012472
0.011334 0.010721
0.011650 0.011236
0.014868 0.014308
0.012668 0.012620
0.011284 0.010827
0.010983 0.010279
0.014024 0.013658
0.012006 0.011625
0.009992 0.009774
0.010043 0.009653
0.013876 0.013943
0.012103 0.012506
0.010346 0.009666
0.011074 0.010517
0.011861 0.011274
0.012556 0.012280
0.010853 0.010472
0.010618 0.010004
0.015996 0.015559
0.012547 0.011503
0.010075 0.010205
0.008787 0.008502
0.008785 0.008587
0.012783 0.013165
0.010459 0.010687
0.008807 0.008492
0.008904 0.008639
0.012732 0.012918
0.010779 0.010844
0.008771 0.008450
0.008937 0.008398
0.013197 0.013524
0.011202 0.011610
0.009364 0.008732
0.009949 0.009762
0.012307 0.012027
0.010619 0.010563
0.009187 0.008814
0.008942 0.008988
0.011808 0.011944
0.011308 0.011482
0.009132 0.008774
0.009521 0.009097
0.012537 0.012129
0.009828 0.009081
0.009160 0.008569
0.013604 0.012715
0.014572 0.014397
0.013218 0.013209
0.013657 0.014242
0.015095 0.015200
0.015474 0.015856
0.013154 0.013251
0.013131 0.013072
0.016387 0.016398
0.016041 0.016621
0.013356 0.013524
0.013264 0.013237
0.015987 0.016157
0.017898 0.018313
0.014908 0.015156
0.015166 0.015723
0.013880 0.013775
0.013068 0.013026
0.013294 0.012056
0.011520 0.010859
0.008752 0.007605
0.009947 0.009747
0.013155 0.013297
0.012232 0.012566
0.010740 0.010622
0.010521 0.010368
0.012380 0.012672
0.013265 0.014314
0.011125 0.011175
0.012213 0.012348
0.011518 0.011377
0.013364 0.013559
0.011876 0.011972
0.012331 0.012511
0.010430 0.010210
0.011972 0.012195
0.012085 0.012561
0.010696 0.010182
0.011826 0.012049
0.011626 0.011119
0.012927 0.012728
0.013278 0.013497
0.012671 0.012581
0.012989 0.013336
0.012980 0.012976
0.012462 0.012560
0.013336 0.013136
0.012025 0.012079
0.013074 0.013048
0.014016 0.014415
0.012326 0.012479
0.012706 0.012732
0.011108 0.010440
0.010672 0.009831
0.011756 0.012064
0.010667 0.010194
0.010598 0.009913
0.010385 0.009920
0.011118 0.010330
0.012237 0.012437
0.011261 0.010763
0.011153 0.010408
0.011493 0.011827
0.010977 0.010365
0.011426 0.011626
0.010656 0.009796
0.009838 0.008822
0.010240 0.009565
0.010240 0.009267
0.010168 0.009311
0.010656 0.009855
0.009651 0.008657
0.009877 0.008829
0.004717 0.005019
0.004715 0.003812
0.004715 0.003817
0.004717 0.003848
0.005512 0.005642
0.005515 0.005637
0.006334 0.005781
0.005061 0.004635
0.009240 0.008341
0.007696 0.008007
0.010490 0.010156
0.008669 0.009295
0.012276 0.012503
0.010783 0.011662
0.014967 0.014501
0.015463 0.015756
0.011964 0.012585
0.012197 0.011954
0.016407 0.014576
0.011886 0.011394
0.009814 0.009220
0.011017 0.010490
0.015648 0.015352
0.012736 0.012704
0.011449 0.010608
0.011016 0.010445
0.015778 0.015001
0.012953 0.012727
0.011391 0.010697
0.011316 0.010402
0.014112 0.012913
0.010636 0.009762
0.013177 0.011677
0.013160 0.012445
0.010812 0.010234
0.011148 0.010722
0.014739 0.014230
0.013013 0.012945
0.010704 0.011124
0.008907 0.009167
0.008958 0.008910
0.012989 0.013801
0.010654 0.011438
0.008787 0.008895
0.008762 0.008801
0.013373 0.014204
0.010840 0.011497
0.008911 0.008822
0.009015 0.009206
0.013649 0.014268
0.011091 0.011663
0.009018 0.009088
0.009347 0.009244
0.014158 0.014929
0.010860 0.011407
0.009230 0.009215
0.008764 0.008809
0.012729 0.013496
0.010294 0.010606
0.008365 0.008220
0.009383 0.009535
0.013387 0.014378
0.011141 0.011694
0.009199 0.009305
0.009167 0.008953
0.012792 0.013084
0.008944 0.008780
0.013259 0.013675
0.010807 0.011220
0.008961 0.009089
0.009011 0.008937
0.009724 0.008819
0.011094 0.010767
0.009083 0.008836
0.008358 0.007817
0.009384 0.008824
0.009767 0.009010
0.012572 0.012433
0.014594 0.014048
0.012089 0.011401
0.012362 0.012123
0.014973 0.014680
0.012311 0.012281
0.014977 0.014683
0.014061 0.014234
0.013150 0.013260
0.012881 0.012880
0.013683 0.013129
0.011923 0.012067
0.013570 0.013050
0.012118 0.012267
0.009685 0.008795
0.013593 0.013069
0.012064 0.011944
0.011157 0.010471
0.009342 0.008781
0.009906 0.009381
0.011640 0.011476
0.010426 0.009428
0.013504 0.013206
0.012819 0.012584
0.010516 0.010401
0.011216 0.011155
0.013878 0.013928
0.013007 0.013158
0.011333 0.011083
0.011188 0.010808
0.013481 0.013307
0.012442 0.012412
0.011250 0.011250
0.010473 0.010330
0.012705 0.012487
0.010924 0.010986
0.009587 0.008807
0.010368 0.009737
0.009320 0.008842
0.012209 0.012494
0.014112 0.013750
0.013207 0.012861
0.012100 0.012134
0.012388 0.011884
0.014698 0.014299
0.013719 0.013412
0.011946 0.011497
0.012725 0.012296
0.013662 0.013137
0.012217 0.011869
0.012617 0.012514
0.013565 0.012915
0.012227 0.012285
0.011998 0.012051
0.011508 0.011069
0.014319 0.013953
0.011880 0.011341
0.011049 0.010760
0.012282 0.011435
0.010798 0.010692
0.011090 0.010815
0.009732 0.009755
0.012509 0.012789
0.012316 0.012966
0.011596 0.011522
0.011717 0.011690
0.012104 0.012050
0.011232 0.011182
0.012035 0.011000
0.011303 0.011342
0.011036 0.011317
0.011483 0.011279
0.010279 0.010274
0.012944 0.013388
0.011990 0.012245
0.012552 0.013219
0.010401 0.010248
0.009544 0.009294
0.012508 0.012960
0.009818 0.009379
0.012722 0.012656
0.009621 0.009429
0.012605 0.012955
0.010443 0.010006
0.010562 0.010710
0.010934 0.011001
0.010274 0.010216
0.011912 0.012894
0.011671 0.011984
0.011159 0.011519
0.012326 0.012506
0.010820 0.010850
0.011701 0.011746
0.010432 0.010352
0.010973 0.010468
0.010507 0.010510
0.011321 0.011002
0.009375 0.008916
0.012165 0.011608
0.010169 0.010131
0.011872 0.011553
0.011324 0.011827
0.010225 0.010463
0.010276 0.010332
0.011795 0.011361
0.011216 0.011584
0.009787 0.009869
0.010149 0.009956
0.018360 0.018041
0.016749 0.015637
0.014053 0.014305
0.012277 0.012538
0.012086 0.011867
0.014618 0.013296
0.010919 0.010813
0.015773 0.015362
0.013233 0.013319
0.011641 0.011353
0.011587 0.011283
0.015160 0.014345
0.014166 0.014408
0.011479 0.011227
0.011570 0.011312
0.015534 0.015750
0.014046 0.014428
0.011755 0.011411
0.011801 0.011272
0.015398 0.015207
0.013478 0.013634
0.011398 0.011116
0.011683 0.011252
0.013612 0.013045
0.011940 0.011606
0.014897 0.014564
0.013025 0.013055
0.011708 0.011568
0.012085 0.011877
0.010723 0.010401
0.013373 0.013441
0.012103 0.011811
0.011988 0.011169
0.012265 0.011948
0.012577 0.012956
0.011175 0.011581
0.011565 0.011726
0.012764 0.012681
0.012864 0.013332
0.011798 0.011966
0.011157 0.011603
0.013214 0.011986
0.011060 0.011159
0.013417 0.013240
0.012537 0.012953
0.010817 0.010931
0.011353 0.011563
0.013234 0.013338
0.012481 0.012658
0.011446 0.011727
0.010782 0.010745
0.013083 0.013508
0.012864 0.013475
0.011232 0.011330
0.011377 0.011351
0.012503 0.012319
0.011249 0.011495
0.012633 0.012790
0.012220 0.012462
0.011601 0.011851
0.010286 0.010365
0.012089 0.012289
0.012534 0.013045
0.010235 0.010312
0.011326 0.011636
0.028522 0.027635
0.014287 0.012466
0.009482 0.008964
0.010469 0.010001
0.010285 0.010116
0.015293 0.014453
0.011058 0.010337
0.010236 0.010047
0.009786 0.009434
0.014672 0.013480
0.010632 0.010216
0.010587 0.010242
0.009718 0.009353
0.014250 0.013153
0.010606 0.010129
0.010703 0.010274
0.008978 0.008264
0.011886 0.010289
0.010575 0.010014
0.010126 0.009483
0.010012 0.009514
0.008752 0.007902
0.011569 0.010789
0.010376 0.009658
0.010662 0.009974
0.013993 0.013460
0.013333 0.012376
0.011717 0.011678
0.010608 0.010571
0.010765 0.010792
0.013085 0.013162
0.012291 0.012791
0.011132 0.011363
0.011052 0.011305
0.013914 0.013523
0.012520 0.012823
0.010832 0.010905
0.010637 0.010739
0.014198 0.014130
0.012247 0.012662
0.010705 0.010941
0.010206 0.010134
0.013877 0.014286
0.012382 0.013085
0.010638 0.010774
0.010971 0.011038
0.012573 0.012376
0.009955 0.010037
0.012441 0.011919
0.010527 0.010469
0.012244 0.012085
0.010731 0.010684
0.011269 0.010474
0.010881 0.010517
0.020280 0.020082
0.014888 0.013180
0.012129 0.012094
0.017569 0.017198
0.016182 0.016437
0.012194 0.012123
0.013213 0.013179
0.016250 0.015740
0.012533 0.012583
0.016447 0.015830
0.011236 0.011043
0.014960 0.013811
0.011564 0.011417
0.016021 0.015154
0.011833 0.011662
0.014363 0.013480
0.014266 0.014115
0.011780 0.011640
0.015348 0.014833
0.013843 0.013619
0.012977 0.013494
0.011521 0.011855
0.011780 0.012148
0.013365 0.012973
0.011857 0.012203
0.013782 0.013635
0.013473 0.014007
0.012327 0.012585
0.012265 0.012447
0.014262 0.014139
0.013702 0.014106
0.011896 0.012045
0.012073 0.012256
0.013412 0.013302
0.012010 0.012279
0.012859 0.012963
0.013283 0.013972
0.011736 0.011986
0.011981 0.012325
0.011600 0.011225
0.013030 0.013050
0.011424 0.011828
0.012324 0.012200
0.012174 0.012539
0.012920 0.013061
0.012032 0.012570
0.013002 0.013131
0.014070 0.014574
0.012456 0.012908
0.011771 0.012174
0.012505 0.012611
0.012055 0.012341
0.013153 0.013079
0.013339 0.013297
0.011994 0.012375
0.013780 0.013334
0.015921 0.016154
0.014505 0.014949
0.014796 0.015376
0.015514 0.015784
0.014998 0.015811
0.013643 0.014088
0.013492 0.013840
0.015553 0.015642
0.015021 0.015719
0.013362 0.013524
0.013216 0.013348
0.013467 0.013656
0.013960 0.013746
0.013240 0.013280
0.014000 0.014418
0.015015 0.015875
0.013503 0.014362
0.013328 0.013964
0.014080 0.014557
0.013023 0.013674
0.014014 0.014546
0.014422 0.015246
0.013014 0.013399
0.012831 0.013371
0.014492 0.014676
0.014614 0.015420
0.012423 0.012818
0.012987 0.013461
0.014331 0.014512
0.015061 0.015862
0.013019 0.013411
0.013187 0.013720
0.014339 0.014586
0.013129 0.013671
0.015013 0.015183
0.014690 0.015445
0.013242 0.013695
0.012800 0.013198
0.014894 0.014946
0.013090 0.013549
0.014407 0.014676
0.014594 0.015166
0.013206 0.013376
0.013717 0.014117
0.015235 0.015554
0.015059 0.015661
0.013535 0.013801
0.013294 0.013396
0.015636 0.015491
0.014791 0.015221
0.012637 0.012920
0.012222 0.012560
0.012968 0.012834
0.033418 0.031876
0.020637 0.019729
0.014515 0.014897
0.012726 0.012774
0.012814 0.012360
0.020354 0.020402
0.015483 0.015935
0.012956 0.012831
0.012421 0.012517
0.020252 0.019889
0.015164 0.015199
0.012764 0.012448
0.012577 0.012661
0.020084 0.020490
0.014680 0.015181
0.012458 0.012264
0.012739 0.012663
0.019073 0.018704
0.014961 0.015150
0.012390 0.012184
0.012831 0.012959
0.017841 0.017997
0.015070 0.015622
0.012884 0.012734
0.012518 0.012456
0.014343 0.013736
0.015394 0.015519
0.012302 0.012345
0.014918 0.014661
0.015815 0.015320
0.014844 0.014989
0.013446 0.013451
0.013226 0.013119
0.015794 0.015870
0.014900 0.015095
0.013188 0.012900
0.012984 0.012761
0.016094 0.015216
0.012662 0.012513
0.016824 0.016223
0.014594 0.014494
0.012540 0.012359
0.012340 0.012073
0.017069 0.016490
0.013783 0.013703
0.012760 0.012387
0.011672 0.011388
0.017103 0.016030
0.014007 0.013809
0.012217 0.011894
0.011919 0.011678
0.017675 0.017035
0.013490 0.013006
0.012392 0.012170
0.011875 0.011190
0.017090 0.016347
0.013209 0.012877
0.011928 0.011210
0.011817 0.011229
0.016924 0.015625
0.013246 0.012840
0.011619 0.010893
0.011883 0.011310
0.016414 0.015834
0.013606 0.013317
0.011828 0.011098
0.011983 0.011380
0.016380 0.015360
0.013109 0.012597
0.011610 0.011138
0.011438 0.011081
0.015118 0.013800
0.010953 0.010628
0.016100 0.014851
0.013634 0.013589
0.011617 0.011233
0.011608 0.011151
0.009650 0.008891
0.012978 0.011819
0.011943 0.011372
0.010560 0.009345
0.009804 0.009236
0.009685 0.009092
0.009201 0.008603
0.010484 0.009910
0.011870 0.011651
0.011978 0.011985
0.012013 0.012734
0.012472 0.012429
0.012309 0.012620
0.012491 0.013215
0.011409 0.011524
0.013308 0.013959
0.012760 0.013221
0.012040 0.011960
0.012439 0.012174
0.011634 0.011905
0.012709 0.012575
0.012258 0.012259
0.013013 0.013044
0.012753 0.012950
0.009570 0.008719
0.011865 0.011339
0.009130 0.008719
0.009533 0.009143
0.015216 0.014760
0.015476 0.015896
0.015400 0.015526
0.012986 0.012999
0.014110 0.014571
0.016760 0.017176
0.013640 0.014030
0.016025 0.015981
0.014761 0.015186
0.013740 0.014051
0.013812 0.014135
0.013591 0.013786
0.009575 0.009033
0.013233 0.012589
0.013447 0.013618
0.009622 0.009228
0.010794 0.010440
0.011916 0.011226
0.011143 0.011003
0.011738 0.011554
0.012116 0.012609
0.011682 0.011721
0.012027 0.012235
0.012174 0.012298
0.010786 0.010813
0.012832 0.013149
0.012748 0.013326
0.010670 0.010657
0.011825 0.012191
0.010402 0.010485
0.011887 0.011862
0.011803 0.012162
0.011982 0.011647
0.011673 0.011845
0.012558 0.012812
0.011388 0.011301
0.011808 0.011153
0.010098 0.010123
0.012033 0.011891
0.010740 0.010902
0.012755 0.012814
0.010663 0.010382
0.013489 0.013379
0.012825 0.012763
0.010826 0.010993
0.010224 0.010158
0.012872 0.012291
0.012125 0.011979
0.010437 0.010202
0.010807 0.010553
0.014241 0.013637
0.014325 0.013464
0.012676 0.012008
0.012863 0.012441
0.016472 0.016020
0.012547 0.012660
0.013096 0.013749
0.016598 0.016621
0.014721 0.015309
0.012184 0.012113
0.012511 0.012292
0.014772 0.014176
0.014742 0.014876
0.012589 0.012885
0.018515 0.018503
0.014207 0.012598
0.011189 0.010877
0.015663 0.014224
0.012575 0.012416
0.010545 0.010448
0.011289 0.011219
0.014087 0.013612
0.012854 0.012824
0.010911 0.010860
0.011114 0.010836
0.010554 0.010408
0.011394 0.010916
0.011409 0.011179
0.010025 0.009085
0.012682 0.012462
0.012737 0.012654
0.011020 0.010875
0.013248 0.012742
0.011057 0.010895
0.012873 0.012701
0.010911 0.010691
0.012703 0.012321
0.010284 0.010044
0.010607 0.009554
0.013483 0.013303
0.014415 0.014193
0.014251 0.014350
0.011746 0.011667
0.012302 0.012417
0.014567 0.014581
0.014053 0.014665
0.011991 0.012289
0.011884 0.011980
0.011555 0.011429
0.014286 0.013882
0.011909 0.011761
0.011052 0.010244
0.013845 0.013763
0.012392 0.012349
0.010041 0.009989
0.010244 0.010168
0.014182 0.014191
0.011903 0.012053
0.009207 0.009118
0.009570 0.009541
0.010244 0.010069
0.010788 0.010530
0.009935 0.009672
0.009291 0.008908
0.012124 0.012435
0.009164 0.009658
0.009834 0.010437
0.013023 0.013614
0.010403 0.011066
0.008939 0.008995
0.008849 0.008770
0.012583 0.013121
0.010571 0.011259
0.008726 0.008670
0.008599 0.008570
0.012948 0.013328
0.010721 0.011304
0.008903 0.008953
0.008303 0.008210
0.012551 0.012536
0.009956 0.010542
0.008394 0.008425
0.008774 0.008597
0.012050 0.012430
0.010033 0.010528
0.008488 0.008529
0.008448 0.008440
0.009883 0.010154
0.009984 0.010390
0.008505 0.008214
0.008769 0.008521
0.019689 0.019600
0.014212 0.013320
0.012009 0.012339
0.010108 0.010130
0.009797 0.009727
0.013895 0.013948
0.011857 0.012174
0.009492 0.009442
0.009389 0.009436
0.013996 0.014471
0.011894 0.012353
0.009682 0.009623
0.009960 0.009798
0.013798 0.013976
0.011474 0.011797
0.009550 0.009374
0.009441 0.009334
0.013524 0.013776
0.011368 0.011818
0.009065 0.009025
0.009242 0.009278
0.013311 0.013834
0.011570 0.011837
0.009139 0.009145
0.009494 0.009738
0.013304 0.013652
0.011654 0.011767
0.009318 0.009401
0.009470 0.009448
0.013121 0.013192
0.011877 0.012332
0.009683 0.009561
0.009887 0.009951
0.010467 0.010589
0.011384 0.011741
0.009470 0.009737
0.006284 0.005661
0.004530 0.003791
0.004525 0.003804
0.004525 0.003834
0.005341 0.004999
0.007334 0.006912
0.005531 0.005831
0.008456 0.008057
0.010288 0.010653
0.011598 0.011574
0.007773 0.008457
0.014330 0.014663
0.011088 0.011262
0.015153 0.015102
0.011611 0.011530
0.009816 0.009872
0.010264 0.010100
0.014867 0.014893
0.011567 0.011814
0.010514 0.010570
0.009751 0.009757
0.014567 0.014654
0.011192 0.011333
0.008827 0.009042
0.008830 0.008885
0.012954 0.013106
0.008632 0.008632
0.013960 0.014282
0.011666 0.012020
0.009426 0.009581
0.009816 0.009869
0.013956 0.014019
0.011827 0.011754
0.010014 0.010063
0.010285 0.010166
0.011593 0.011352
0.011291 0.011585
0.009110 0.009265
0.011234 0.011425
0.008674 0.007670
0.008900 0.008962
0.013514 0.013518
0.011457 0.011423
0.009583 0.009537
0.010033 0.009512
0.013271 0.013371
0.011390 0.011136
0.008957 0.008886
0.009689 0.009613
0.013839 0.014179
0.011316 0.011192
0.009353 0.009307
0.009542 0.009291
0.013594 0.013687
0.011344 0.011307
0.009251 0.009176
0.009206 0.008928
0.013113 0.013073
0.010694 0.010608
0.008424 0.008471
0.008960 0.008839
0.013421 0.013746
0.011631 0.011593
0.009510 0.009338
0.009846 0.009612
0.014157 0.014118
0.011843 0.011841
0.010012 0.009785
0.010652 0.010258
0.012991 0.012770
0.011139 0.010898
0.009072 0.008819
0.009879 0.009715
0.012662 0.012473
0.010247 0.009895
0.013596 0.013681
0.011899 0.011738
0.009895 0.009824
0.009651 0.009354
0.013537 0.013582
0.010537 0.010717
0.008786 0.008890
0.008532 0.008568
0.013369 0.013478
0.011487 0.011618
0.008865 0.008920
0.008878 0.008842
0.013537 0.014032
0.012018 0.012409
0.009530 0.009389
0.010651 0.010183
0.013702 0.013858
0.011862 0.011857
0.009980 0.009904
0.009912 0.009582
0.014642 0.015072
0.012308 0.012357
0.009787 0.009653
0.010223 0.010075
0.013451 0.012440
0.010448 0.010308
0.009576 0.009941
0.008808 0.008653
0.013263 0.013448
0.011410 0.011409
0.009204 0.008957
0.009354 0.009292
0.008235 0.006963
0.009868 0.009318
0.009442 0.009243
0.008340 0.007902
0.009658 0.009199
0.009329 0.009203
0.007632 0.008472
0.008566 0.008360
0.007089 0.007605
0.007564 0.007459
0.006218 0.006746
0.006543 0.007592
0.006321 0.007789
0.006063 0.006073
0.006750 0.007203
0.006315 0.006514
0.005935 0.006608
0.005858 0.006430
0.005947 0.006526
0.006020 0.006461
0.006768 0.007274
0.006384 0.006503
0.006057 0.006627
0.006024 0.006568
0.005954 0.006426
0.006001 0.006415
0.006737 0.006853
0.006291 0.006427
0.005883 0.005645
0.006215 0.005890
0.006668 0.006596
0.006411 0.007024
0.006148 0.006485
0.006084 0.006429
0.006060 0.005969
0.015583 0.014854
0.017242 0.015789
0.014035 0.012878
0.013280 0.012331
0.015418 0.014016
0.017096 0.015403
0.015771 0.014581
0.017901 0.016613
0.011914 0.011572
0.017220 0.015035
0.016055 0.014332
0.016862 0.014693
0.016527 0.014677
0.017062 0.015011
0.016875 0.015015
0.017422 0.015387
0.016682 0.014751
0.017485 0.015445
0.016766 0.015051
0.017732 0.015661
0.017359 0.015633
0.017626 0.015731
0.017158 0.015597
0.017465 0.015518
0.017354 0.015695
0.017550 0.015617
0.017215 0.015893
0.017469 0.015694
0.017172 0.015644
0.017191 0.015306
0.016423 0.014754
0.009278 0.006561
0.014746 0.014020
0.012374 0.012207
0.009379 0.006785
0.004839 0.004507
0.005504 0.005079
0.004508 0.004102
0.007994 0.006400
0.009585 0.008109
0.009588 0.008586
0.011363 0.010863
0.009421 0.011187
0.014265 0.014606
0.015077 0.015319
0.011814 0.011527
0.014751 0.015248
0.008759 0.013602
0.011649 0.011575
0.011719 0.011542
0.014408 0.015358
0.006187 0.013467
0.011059 0.011228
0.010948 0.010862
0.014258 0.015314
0.012538 0.013554
0.010518 0.010533
0.011182 0.010941
0.014175 0.014923
0.012675 0.013583
0.011062 0.010875
0.011688 0.011320
0.012185 0.011490
0.012359 0.012253
0.011343 0.010973
0.010487 0.009733
0.013741 0.013932
0.014143 0.015365
0.011695 0.012777
0.012756 0.013509
0.013868 0.014506
0.018194 0.017502
0.015143 0.015163
0.013237 0.013482
0.016182 0.016850
0.015490 0.016797
0.012527 0.013374
0.013385 0.014006
0.016274 0.016882
0.014610 0.015592
0.012999 0.013860
0.016983 0.017233
0.013555 0.014225
0.013994 0.015076
0.017632 0.017774
0.014509 0.015062
0.012529 0.012839
0.012425 0.012010
0.016670 0.016445
0.014496 0.014748
0.011637 0.011221
0.011847 0.011260
0.013429 0.013083
0.012025 0.011602
0.021818 0.020753
0.014466 0.013998
0.011782 0.012311
0.010153 0.010115
0.010363 0.010049
0.014327 0.015266
0.012294 0.013166
0.009789 0.009735
0.010814 0.010442
0.013995 0.014432
0.012064 0.012588
0.010363 0.010124
0.010482 0.010284
0.013584 0.014404
0.011376 0.011896
0.010239 0.010061
0.010173 0.009947
0.012222 0.011985
0.010617 0.010270
0.006253 0.005508
0.004836 0.003772
0.010648 0.010274
0.011063 0.010606
0.005772 0.004988
0.006901 0.006800
0.004862 0.003750
0.010031 0.009418
0.011917 0.011677
0.013096 0.013157
0.019966 0.019698
0.009056 0.010421
0.008903 0.009983
0.017449 0.017470
0.009576 0.009742
0.008002 0.008515
0.008014 0.007801
0.013895 0.014051
0.008553 0.009201
0.007033 0.007011
0.007650 0.007628
0.013509 0.014478
0.009828 0.010396
0.007164 0.007100
0.007697 0.007553
0.012414 0.013382
0.009834 0.010499
0.007385 0.007613
0.007465 0.007373
0.013799 0.013357
0.009252 0.009535
0.007481 0.007435
0.008089 0.007459
0.012620 0.012723
0.012489 0.013793
0.010565 0.011192
0.011138 0.011880
0.012194 0.012815
0.011189 0.011760
0.011706 0.012341
0.010433 0.010890
0.012581 0.012951
0.011812 0.012826
0.010543 0.010980
0.010929 0.011488
0.012879 0.013467
0.012462 0.013893
0.011102 0.011651
0.011638 0.012354
0.012779 0.013446
0.012101 0.013030
0.010980 0.011475
0.010950 0.011274
0.013633 0.014205
0.012881 0.013958
0.010806 0.011327
0.011645 0.012165
0.011934 0.012132
0.006785 0.005777
0.004817 0.003858
0.004811 0.003764
0.004806 0.003808
0.005752 0.004991
0.006888 0.006291
0.005535 0.005198
0.005664 0.004480
0.006319 0.006447
0.007942 0.007332
0.007409 0.007840
0.009793 0.009349
0.007546 0.009506
0.012583 0.012922
0.010917 0.012340
0.008578 0.009417
0.009052 0.009081
0.013753 0.014320
0.010762 0.011409
0.009111 0.009375
0.009482 0.009542
0.012910 0.013843
0.010798 0.011633
0.008882 0.009072
0.008710 0.008769
0.012338 0.012068
0.010279 0.010378
0.009289 0.008983
0.012153 0.012074
0.013953 0.014157
0.012610 0.012926
0.012913 0.013716
0.014542 0.015167
0.013863 0.014962
0.012537 0.012882
0.012480 0.012930
0.012419 0.012009
0.011362 0.011105
0.012173 0.012440
0.013185 0.014381
0.010510 0.010908
0.010457 0.010606
0.012455 0.013106
0.013201 0.015178
0.010854 0.011496
0.010604 0.011259
0.014286 0.015188
0.012431 0.013336
0.008770 0.012124
0.010790 0.010841
0.013853 0.014210
0.011379 0.011766
0.010239 0.010265
0.010225 0.010045
0.013281 0.013972
0.011482 0.011739
0.009885 0.009438
0.009635 0.009161
0.012673 0.012171
0.010254 0.010306
0.010468 0.010360
0.010583 0.010611
0.008553 0.007939
0.012697 0.012875
0.009419 0.010014
0.008830 0.009721
0.009078 0.009741
0.008689 0.008884
0.012609 0.013900
0.009928 0.010795
0.009203 0.009955
0.008717 0.009520
0.009238 0.009805
0.012256 0.013416
0.011333 0.012342
0.009374 0.010047
0.009702 0.010166
0.009885 0.010494
0.009709 0.010354
0.010564 0.009648
0.010593 0.010532
0.009312 0.009637
0.008180 0.008260
0.010762 0.010397
0.010598 0.011211
0.010662 0.010702
0.010785 0.011097
0.011251 0.011541
0.010333 0.012369
0.011215 0.011244
0.011666 0.012618
0.011376 0.010618
0.011564 0.011468
0.011998 0.012963
0.011017 0.010888
0.011923 0.012985
0.010890 0.010768
0.011520 0.012389
0.010956 0.010734
0.011573 0.012455
0.011530 0.011628
0.011462 0.012037
0.010799 0.010718
0.035118 0.032815
0.013548 0.012826
0.018240 0.017637
0.014369 0.013947
0.014421 0.013716
0.021618 0.020464
0.014384 0.013985
0.023783 0.023188
0.018256 0.018347
0.014376 0.014081
0.015175 0.014573
0.022609 0.021494
0.014564 0.014365
0.012333 0.012012
0.017484 0.017199
0.015994 0.015985
0.014968 0.015422
0.011903 0.011593
0.013355 0.013660
0.011423 0.011502
0.012277 0.012894
0.013122 0.013483
0.012056 0.011947
0.013410 0.014356
0.013563 0.014622
0.012050 0.012028
0.011744 0.011951
0.013837 0.014640
0.013498 0.014904
0.011876 0.012330
0.011635 0.011948
0.013949 0.014616
0.012778 0.013922
0.011402 0.011487
0.011985 0.012434
0.013302 0.013714
0.011518 0.011969
0.013860 0.014410
0.012873 0.013759
0.011472 0.011577
0.012030 0.012131
0.014158 0.015134
0.013224 0.014183
0.012398 0.012657
0.012503 0.012740
0.012019 0.012058
0.019646 0.019246
0.014425 0.013341
0.011706 0.011747
0.011516 0.011032
0.011331 0.010980
0.014773 0.015191
0.012744 0.012935
0.011456 0.011063
0.011407 0.010861
0.014225 0.014173
0.010752 0.010217
0.015044 0.014925
0.012670 0.012604
0.011362 0.010751
0.011155 0.010588
0.014471 0.014627
0.012306 0.012283
0.011133 0.010470
0.011254 0.010573
0.012762 0.012609
0.011800 0.011777
0.010619 0.010028
0.010626 0.009746
0.010092 0.008980
0.009638 0.008940
0.008740 0.009161
0.010037 0.009834
0.010348 0.009773
0.010319 0.010342
0.010547 0.010226
0.010516 0.010434
0.010569 0.009954
0.010314 0.010221
0.010805 0.010833
0.011060 0.010957
0.011279 0.011359
0.011251 0.011340
0.010953 0.010882
0.011785 0.011662
0.011004 0.010870
0.012051 0.012253
0.012118 0.012646
0.010670 0.010595
0.010834 0.010410
0.012205 0.012811
0.011949 0.012439
0.011022 0.010613
0.011205 0.011114
0.011620 0.012039
0.012299 0.012457
0.010969 0.011064
0.011079 0.010750
0.011615 0.011708
0.011750 0.012320
0.010868 0.010846
0.011111 0.011027
0.017580 0.017357
0.013603 0.012361
0.011646 0.011294
0.011251 0.010121
0.011272 0.010152
0.013642 0.013835
0.012078 0.012002
0.011076 0.010121
0.011253 0.010153
0.013663 0.013946
0.012290 0.012096
0.011314 0.010444
0.011428 0.010516
0.013969 0.014248
0.011738 0.011616
0.010580 0.009829
0.010823 0.009913
0.013462 0.013596
0.011309 0.011167
0.010095 0.009513
0.010119 0.009389
0.012648 0.012688
0.011354 0.011035
0.009598 0.009084
0.009747 0.009016
0.011054 0.010926
0.010878 0.011148
0.008665 0.008699
0.006228 0.005507
0.004907 0.004043
0.004836 0.003785
0.008948 0.009158
0.005166 0.004451
0.005725 0.004907
0.007112 0.007425
0.013093 0.013436
0.007611 0.008100
0.015991 0.016620
0.008418 0.008382
0.018866 0.019331
0.009143 0.008336
0.019637 0.019502
0.010320 0.010229
0.010353 0.010373
0.010003 0.009315
0.016717 0.017157
0.010983 0.010944
0.009422 0.008970
0.010065 0.009413
0.016059 0.016667
0.011144 0.010879
0.009484 0.008935
0.010017 0.009332
0.015520 0.016053
0.011065 0.010995
0.009492 0.008825
0.009971 0.009342
0.015234 0.015697
0.010709 0.010730
0.009148 0.008574
0.010050 0.009375
0.014075 0.014456
0.010943 0.010901
0.009092 0.008721
0.009353 0.008932
0.012092 0.012301
0.010751 0.010778
0.009061 0.008474
0.009505 0.008900
0.009742 0.009247
0.009441 0.009203
0.018064 0.017336
0.012713 0.012026
0.010736 0.010833
0.009112 0.008872
0.009556 0.009285
0.012022 0.011723
0.009830 0.009573
0.012955 0.013599
0.012002 0.012468
0.009978 0.009937
0.010077 0.010034
0.012448 0.012571
0.012486 0.013660
0.010586 0.010520
0.010776 0.011115
0.012592 0.012726
0.011384 0.012145
0.011213 0.011855
0.009886 0.009925
0.012450 0.012786
0.011629 0.012367
0.009844 0.009795
0.010192 0.010139
0.009820 0.009701
0.018409 0.018005
0.014391 0.013143
0.011976 0.012059
0.010768 0.010252
0.010927 0.010051
0.014070 0.014446
0.011814 0.012017
0.011043 0.010188
0.011447 0.010592
0.014439 0.014774
0.011857 0.012029
0.011291 0.010643
0.010691 0.010023
0.014220 0.014328
0.011227 0.011396
0.009349 0.008932
0.009219 0.008855
0.014052 0.014592
0.010576 0.010987
0.008963 0.008851
0.008842 0.008647
0.013225 0.013174
0.010561 0.011098
0.009002 0.008868
0.009056 0.008759
0.010713 0.010883
0.011354 0.011877
0.009201 0.009235
0.028198 0.026979
0.019971 0.018487
0.015109 0.015534
0.011794 0.011961
0.011368 0.011621
0.018906 0.019592
0.014063 0.014947
0.011302 0.011649
0.011568 0.011723
0.018282 0.018280
0.013843 0.014636
0.011321 0.011447
0.011979 0.012099
0.017828 0.018406
0.014020 0.014716
0.011910 0.011930
0.011514 0.011765
0.014734 0.015417
0.011664 0.012104
0.011502 0.011971
0.011493 0.012420
0.010707 0.011005
0.012218 0.012097
0.020989 0.020455
0.016170 0.015280
0.013145 0.013489
0.011478 0.011033
0.011939 0.011133
0.015648 0.015679
0.012347 0.012559
0.011464 0.010799
0.011563 0.010838
0.014947 0.015068
0.012321 0.012382
0.011427 0.010351
0.011269 0.010637
0.013085 0.012696
0.011682 0.010724
0.011901 0.011665
0.012868 0.012996
0.011280 0.010927
0.011097 0.010202
0.012302 0.011648
0.010692 0.010479
0.009101 0.009462
0.011260 0.011797
0.008862 0.009205
0.011033 0.011624
0.007982 0.007976
0.011830 0.012788
0.009790 0.010288
0.007733 0.007913
0.007944 0.007933
0.011506 0.012252
0.008004 0.008191
0.009844 0.011286
0.008066 0.008243
0.013526 0.013443
0.013741 0.013957
0.014176 0.014395
0.014294 0.015242
0.015070 0.015132
0.013569 0.013918
0.014102 0.014391
0.013781 0.014300
0.013754 0.013829
0.014575 0.014931
0.011892 0.012255
0.014876 0.015089
0.013022 0.013176
0.014512 0.014535
0.012357 0.012497
0.014868 0.015153
0.012257 0.012384
0.014546 0.014594
0.012789 0.012744
0.015357 0.015231
0.012173 0.012222
0.015067 0.015020
0.012399 0.012298
0.015804 0.016064
0.016007 0.015886
0.012981 0.013044
0.012833 0.012919
0.018198 0.017707
0.015073 0.015240
0.012680 0.012689
0.011560 0.011024
0.017620 0.017496
0.016481 0.016159
0.013147 0.012731
0.016497 0.016157
0.012892 0.012282
0.017558 0.017371
0.012910 0.012213
0.015965 0.015485
0.012389 0.011930
0.015134 0.015149
0.015742 0.015495
0.013355 0.014406
0.014194 0.014386
0.011738 0.012519
0.013781 0.014105
0.013549 0.014522
0.012283 0.012790
0.012473 0.012879
0.016375 0.016131
0.010937 0.010703
0.015283 0.015232
0.012436 0.012905
0.014022 0.014488
0.017558 0.018173
0.009320 0.013426
0.015092 0.015384
0.012078 0.011711
0.011971 0.011631
0.010532 0.009944
0.013569 0.013246
0.013320 0.013255
0.016668 0.016761
0.013787 0.014223
0.012701 0.012809
0.015222 0.016459
0.013348 0.013592
0.013720 0.013996
0.011662 0.012396
0.013721 0.012997
0.010381 0.009667
0.011728 0.011962
0.014417 0.014698
0.010370 0.011054
0.009606 0.010910
0.014710 0.015580
0.011840 0.012770
0.010166 0.010796
0.009879 0.010200
0.013212 0.013842
0.010979 0.011935
0.008982 0.009453
0.009408 0.009507
0.012805 0.012175
0.009748 0.008907
0.009187 0.008847
0.010063 0.009324
0.012970 0.013131
0.010618 0.011050
0.009491 0.009433
0.009233 0.008923
0.013163 0.013789
0.011242 0.011927
0.009225 0.009201
0.009999 0.009714
0.013119 0.013856
0.011395 0.012013
0.010084 0.010127
0.010340 0.010071
0.012707 0.013065
0.011208 0.011473
0.009927 0.009816
0.009214 0.009018
0.011442 0.011743
0.011164 0.011706
0.009346 0.009368
0.009314 0.009156
0.014597 0.013833
0.012871 0.012836
0.012913 0.012495
0.013140 0.014024
0.012843 0.012807
0.013581 0.014693
0.013330 0.013701
0.013627 0.014135
0.012111 0.012616
0.012906 0.013415
0.012258 0.012760
0.013067 0.012283
0.011314 0.010943
0.013669 0.013769
0.011761 0.011454
0.014733 0.014704
0.015182 0.015099
0.013147 0.013085
0.015325 0.015536
0.014106 0.014553
0.012642 0.013529
0.013919 0.014527
0.012882 0.013684
0.013862 0.014376
0.013272 0.014379
0.016701 0.016291
0.015142 0.015174
0.014250 0.015235
0.013657 0.013200
0.016540 0.017721
0.013850 0.014879
0.015328 0.014966
0.011176 0.010581
0.011647 0.011013
0.010026 0.009193
0.012051 0.011387
0.011189 0.010590
0.011885 0.011463
0.011198 0.012093
0.011706 0.013018
0.010754 0.011692
0.013574 0.012985
0.012574 0.012387
0.010878 0.011443
0.009347 0.009348
0.009903 0.009705
0.012764 0.013667
0.011093 0.011957
0.009671 0.009557
0.009678 0.009511
0.012700 0.013606
0.011069 0.011606
0.009140 0.009314
0.009896 0.009630
0.012489 0.013138
0.010851 0.011280
0.009743 0.009929
0.009726 0.009701
0.012280 0.013136
0.011348 0.012096
0.010586 0.010777
0.010788 0.010881
0.011825 0.012192
0.010808 0.011305
0.009623 0.009785
0.009558 0.009272
0.011272 0.011600
0.009109 0.008976
0.005612 0.005263
0.009322 0.009627
0.008743 0.008657
0.004951 0.003840
0.006835 0.005900
0.005291 0.004033
0.005858 0.004994
0.005189 0.003814
0.008872 0.007838
0.009677 0.009140
0.010655 0.010410
0.013451 0.013550
0.009408 0.010038
0.015176 0.015850
0.013108 0.013146
0.012451 0.013528
0.011104 0.010852
0.011931 0.011822
0.016518 0.016339
0.013380 0.012287
0.012586 0.012977
0.010701 0.010690
0.016628 0.015993
0.013597 0.013586
0.012947 0.013525
0.010900 0.011074
0.010996 0.010775
0.013415 0.014012
0.012703 0.013437
0.010807 0.010991
0.011324 0.011291
0.012977 0.013207
0.012310 0.013022
0.011017 0.011579
0.011161 0.010952
0.012111 0.012537
0.011743 0.012721
0.010899 0.010818
0.011005 0.011176
0.012156 0.012771
0.011527 0.012628
0.010447 0.010902
0.010892 0.011136
0.012044 0.012350
0.011013 0.011185
0.011980 0.011844
0.011143 0.011334
0.013232 0.012494
0.009847 0.009673
0.012736 0.013098
0.010850 0.011291
0.012814 0.013038
0.010950 0.011346
0.012892 0.013475
0.010304 0.010777
0.013056 0.013967
0.009913 0.010591
0.013588 0.014728
0.011922 0.012942
0.009435 0.009942
0.009930 0.010228
0.013373 0.014545
0.011513 0.012629
0.009400 0.009888
0.009770 0.010020
0.012441 0.012181
0.011376 0.011623
0.009656 0.009814
0.010392 0.010346
0.013810 0.014230
0.011474 0.012223
0.010868 0.012152
0.010787 0.011779
0.011285 0.011482
0.012680 0.013004
0.011489 0.011979
0.011399 0.012050
0.011265 0.012233
0.011080 0.011807
0.013156 0.012532
0.009835 0.009881
0.012855 0.012317
0.011834 0.012544
0.010432 0.010561
0.010853 0.010920
0.012467 0.012508
0.011437 0.012497
0.010673 0.010981
0.010518 0.010623
0.011622 0.012033
0.011158 0.012042
0.010451 0.010548
0.010764 0.011060
0.011280 0.011192
0.010924 0.011530
0.010091 0.010237
0.014927 0.014253
0.012466 0.012010
0.013766 0.013315
0.012019 0.011595
0.013347 0.012921
0.012406 0.011986
0.014233 0.013895
0.012950 0.012476
0.016365 0.015807
0.012576 0.012006
0.016408 0.015861
0.018417 0.018003
0.021600 0.020834
0.020070 0.019352
0.015196 0.015474
0.015064 0.016110
0.019465 0.020299
0.017244 0.017953
0.015016 0.015435
0.014492 0.014614
0.017120 0.017658
0.017160 0.017999
0.014634 0.014738
0.014556 0.014714
0.012653 0.011905
0.011492 0.010819
0.012865 0.012679
0.011228 0.010689
0.011314 0.010642
0.013935 0.014509
0.013950 0.014234
0.013585 0.014045
0.012178 0.012514
0.014659 0.015066
0.013577 0.014724
0.011849 0.012596
0.011399 0.011917
0.014210 0.015110
0.012263 0.013125
0.012348 0.013278
0.012226 0.013256
0.011832 0.012517
0.011910 0.014576
0.011443 0.012001
0.011360 0.012373
0.014754 0.015595
0.012917 0.013936
0.011195 0.011583
0.010582 0.010766
0.012984 0.013351
0.013033 0.013738
0.011008 0.011497
0.015067 0.015069
0.012788 0.012137
0.011434 0.011842
0.010085 0.010518
0.010442 0.010764
0.013402 0.013814
0.011446 0.011693
0.010295 0.010560
0.009973 0.010015
0.013101 0.013732
0.011103 0.011330
0.009113 0.009065
0.009643 0.009685
0.012676 0.013271
0.011350 0.011632
0.009381 0.009318
0.009940 0.010187
0.012814 0.013196
0.011404 0.011495
0.009818 0.009963
0.009602 0.009480
0.012067 0.012283
0.009465 0.009204
0.005393 0.005123
0.004919 0.003703
0.009788 0.008836
0.010553 0.009590
0.005792 0.005106
0.005814 0.005769
0.005719 0.005090
0.009202 0.008924
0.007006 0.007260
0.013492 0.014056
0.006809 0.007142
0.014459 0.015178
0.006837 0.007093
0.016891 0.017116
0.010128 0.010280
0.007813 0.008159
0.007817 0.007767
0.015776 0.016174
0.008386 0.008760
0.007139 0.007421
0.007717 0.007815
0.015410 0.016334
0.009229 0.009696
0.007139 0.007332
0.007810 0.007949
0.015467 0.016186
0.010071 0.010466
0.006963 0.007057
0.007952 0.008100
0.015040 0.015858
0.009715 0.010312
0.007130 0.007307
0.007611 0.007749
0.014836 0.015158
0.009972 0.010523
0.007433 0.007603
0.007332 0.007417
0.014050 0.014722
0.009594 0.010247
0.007155 0.007346
0.007253 0.007281
0.010113 0.010939
0.009076 0.009547
0.007044 0.007124
0.007945 0.008128
0.015591 0.015100
0.008015 0.006792
0.007038 0.006927
0.013224 0.013859
0.009712 0.010533
0.007744 0.007961
0.007775 0.007874
0.013311 0.014337
0.009829 0.010850
0.008409 0.008812
0.008544 0.008864
0.013090 0.014127
0.009521 0.010061
0.007559 0.007700
0.007659 0.007735
0.012590 0.013773
0.009505 0.010180
0.007889 0.008111
0.007810 0.007846
0.011734 0.011028
0.009532 0.009446
0.009010 0.009138
0.008159 0.008597
0.008339 0.007820
0.012464 0.012789
0.009507 0.009779
0.009224 0.009740
0.012992 0.014454
0.011200 0.012266
0.009128 0.009303
0.009242 0.009185
0.013539 0.014864
0.010950 0.011918
0.009052 0.009179
0.008878 0.008905
0.013549 0.014627
0.009897 0.010750
0.008791 0.008941
0.008431 0.008393
0.012995 0.014057
0.010321 0.011104
0.008246 0.008390
0.008436 0.008540
0.012826 0.013421
0.009868 0.010665
0.008093 0.008332
0.008467 0.008528
0.012678 0.013784
0.010115 0.010854
0.007862 0.007997
0.008138 0.008296
0.012304 0.013389
0.010195 0.011023
0.008163 0.008117
0.008515 0.008579
0.010299 0.011099
0.009260 0.009828
0.008473 0.008999
0.008497 0.009079
0.008594 0.008854
0.021046 0.022231
0.014658 0.013748
0.010172 0.010725
0.007097 0.007746
0.007524 0.007648
0.014829 0.015848
0.009867 0.010974
0.007848 0.008023
0.007950 0.008040
0.013717 0.014303
0.007692 0.007842
0.014095 0.014949
0.009763 0.010326
0.007706 0.007812
0.007738 0.007729
0.013272 0.014038
0.007761 0.007922
0.014091 0.015144
0.009361 0.009941
0.007744 0.007835
0.007680 0.007694
0.013224 0.014090
0.009260 0.010024
0.007598 0.007695
0.007633 0.007771
0.012731 0.013403
0.008000 0.008195
0.011921 0.012862
0.009079 0.009580
0.007543 0.007655
0.007459 0.007498
0.009539 0.010183
0.007666 0.007954
0.019441 0.020186
0.013760 0.013341
0.011140 0.011981
0.008429 0.008804
0.008433 0.008515
0.013353 0.014487
0.010362 0.011427
0.007958 0.008122
0.008037 0.008161
0.013094 0.014163
0.010328 0.011347
0.008064 0.008250
0.007880 0.007981
0.012814 0.013761
0.009911 0.010929
0.007920 0.007998
0.007949 0.008219
0.012842 0.013907
0.010148 0.011380
0.008129 0.008198
0.008222 0.008385
0.012706 0.013794
0.010160 0.011197
0.007830 0.007964
0.008099 0.008183
0.012703 0.013705
0.009985 0.011008
0.008301 0.008479
0.008269 0.008502
0.012741 0.013665
0.009756 0.010761
0.007762 0.007960
0.007650 0.007812
0.012705 0.013741
0.009972 0.011196
0.007640 0.007797
0.007816 0.008044
0.012679 0.013771
0.010080 0.011142
0.008125 0.008357
0.007660 0.007756
0.012675 0.013686
0.010153 0.011105
0.007944 0.008073
0.008370 0.008477
0.012581 0.013552
0.010188 0.011168
0.007980 0.008149
0.008397 0.008413
0.012062 0.012954
0.009915 0.010851
0.007679 0.007725
0.008294 0.008362
0.008633 0.006640
0.009574 0.009947
0.008217 0.007831
0.008224 0.008025
0.008819 0.008155
0.008240 0.007820
0.008651 0.007437
0.007941 0.007623
0.007186 0.006827
0.007192 0.007474
0.006838 0.007326
0.007024 0.007669
0.006660 0.006742
0.006640 0.006514
0.006762 0.006658
0.006909 0.006500
0.006529 0.006517
0.006537 0.005997
0.006386 0.006426
0.006449 0.006349
0.006549 0.005858
0.006429 0.006436
0.006898 0.006480
0.006987 0.006473
0.006228 0.005476
0.006269 0.005640
0.006393 0.006122
0.006606 0.006028
0.006152 0.005380
0.006194 0.005609
0.007020 0.006148
0.023706 0.023402
0.011001 0.009778
0.007676 0.007334
0.012178 0.011851
0.009514 0.009794
0.006774 0.006514
0.007346 0.007246
0.010999 0.011003
0.010654 0.010887
0.009555 0.009639
0.009565 0.009280
0.009727 0.009837
0.008848 0.007837
0.018124 0.017642
0.014180 0.013245
0.011123 0.011424
0.009327 0.009615
0.009444 0.009243
0.014591 0.015282
0.011430 0.012269
0.008684 0.008631
0.009517 0.009260
0.014401 0.014708
0.011386 0.011806
0.009654 0.009389
0.009941 0.009413
0.014489 0.014837
0.011446 0.011837
0.010112 0.009821
0.010369 0.010159
0.014161 0.014556
0.011402 0.011793
0.008699 0.008552
0.009928 0.009599
0.014376 0.014565
0.012307 0.012938
0.010651 0.010281
0.010505 0.010176
0.013773 0.014876
0.012280 0.012566
0.010413 0.009973
0.010656 0.010465
0.007826 0.006660
0.011507 0.011214
0.009699 0.009261
0.009141 0.008362
0.008873 0.008103
0.008302 0.007834
0.007755 0.007481
0.007778 0.007518
0.007122 0.006578
0.006976 0.007244
0.006745 0.006868
0.006997 0.006912
0.006514 0.006456
0.006636 0.006474
0.006291 0.006538
0.006244 0.006457
0.006253 0.006403
0.006336 0.006376
0.006738 0.006919
0.007026 0.006498
0.006303 0.006420
0.006164 0.006181
0.006357 0.006542
0.007096 0.006939
0.006546 0.006459
0.006898 0.007026
0.006363 0.006450
0.006296 0.006418
0.006330 0.005910
0.010972 0.010019
0.011074 0.010992
0.010950 0.011163
0.012261 0.012232
0.012441 0.012840
0.010867 0.011328
0.010290 0.010228
0.012398 0.012424
0.012161 0.012704
0.010478 0.010322
0.010527 0.010493
0.011909 0.011973
0.012335 0.012920
0.010422 0.010563
0.010653 0.010758
0.011870 0.011972
0.012257 0.012809
0.010340 0.010530
0.010406 0.010380
0.011342 0.011532
0.012199 0.012992
0.010092 0.010210
0.010722 0.010788
0.015876 0.014801
0.009650 0.008122
0.010031 0.009811
0.014943 0.015387
0.012703 0.013174
0.010710 0.010555
0.011191 0.011156
0.013874 0.013920
0.011767 0.011816
0.015098 0.015591
0.013960 0.014616
0.011741 0.011868
0.012215 0.012498
0.014294 0.014678
0.013977 0.014533
0.011994 0.012132
0.012249 0.012302
0.013218 0.013238
0.011767 0.011717
0.007979 0.007208
0.012004 0.011682
0.011689 0.011345
0.008936 0.008261
0.008012 0.008051
0.007465 0.007638
0.007589 0.007754
0.007090 0.006878
0.006891 0.007132
0.006774 0.007488
0.007020 0.007829
0.006440 0.006630
0.006374 0.006520
0.006787 0.006605
0.006538 0.006210
0.006073 0.005676
0.006109 0.005606
0.006924 0.006766
0.006741 0.006553
0.006331 0.006552
0.006279 0.005938
0.006145 0.006218
0.006605 0.006678
0.006266 0.005729
0.006642 0.006600
0.006588 0.006403
0.006509 0.006333
0.006036 0.005552
0.006465 0.005999
0.030572 0.030782
0.020028 0.018522
0.013757 0.013498
0.011724 0.010995
0.011977 0.011524
0.019305 0.019406
0.013405 0.013224
0.011315 0.010597
0.012187 0.011591
0.018246 0.018737
0.013508 0.013310
0.012535 0.011966
0.011791 0.011452
0.017542 0.016585
0.013803 0.013608
0.012362 0.011319
0.012022 0.011432
0.012936 0.011729
0.013388 0.012970
0.012228 0.011481
0.012504 0.011831
0.018177 0.017916
0.015014 0.013683
0.011772 0.011583
0.011548 0.011128
0.011475 0.010903
0.015153 0.014352
0.011990 0.011769
0.011204 0.010808
0.011281 0.010582
0.014894 0.014046
0.011963 0.011572
0.011224 0.010662
0.010843 0.010428
0.013723 0.012813
0.011572 0.011436
0.010569 0.010341
0.010803 0.010495
0.011647 0.011616
0.012672 0.012610
0.011204 0.010553
0.011674 0.010929
0.014615 0.014075
0.014321 0.013470
0.013113 0.012956
0.011424 0.011541
0.011503 0.011348
0.014236 0.014483
0.013198 0.013535
0.010432 0.010600
0.011219 0.011189
0.012464 0.012358
0.013067 0.013340
0.011288 0.011162
0.011613 0.011826
0.011094 0.011026
0.010345 0.010105
0.009733 0.009487
0.010250 0.010416
0.010500 0.010517
0.010620 0.010423
0.011446 0.012294
0.011029 0.011007
0.011619 0.011711
0.011586 0.012286
0.012596 0.012465
0.012296 0.013334
0.011128 0.011620
0.010968 0.011264
0.013030 0.013183
0.012003 0.012796
0.010926 0.011041
0.010874 0.011004
0.013333 0.013441
0.011830 0.012419
0.010475 0.010580
0.010057 0.009813
0.012884 0.013189
0.012066 0.012947
0.010276 0.010207
0.010807 0.010678
0.010900 0.010387
0.011452 0.011601
0.010458 0.010465
0.008440 0.007625
0.012034 0.011822
0.008934 0.009137
0.009175 0.009376
0.012477 0.013896
0.010771 0.011119
0.008744 0.008758
0.008851 0.008687
0.012249 0.013062
0.010629 0.011006
0.008353 0.008300
0.009130 0.009094
0.011577 0.012316
0.010950 0.011627
0.008656 0.008625
0.008941 0.008650
0.012925 0.012745
0.011628 0.011584
0.009018 0.008826
0.012545 0.013246
0.010979 0.011657
0.008962 0.008806
0.009598 0.009378
0.012185 0.013130
0.011417 0.012415
0.009934 0.009796
0.010570 0.010577
0.011923 0.012487
0.011065 0.011195
0.011890 0.012362
0.010707 0.010872
0.011785 0.012322
0.012220 0.013217
0.010752 0.011032
0.010492 0.010847
0.010894 0.011311
0.010154 0.010451
0.010726 0.011114
0.009773 0.010179
0.011176 0.011955
0.010782 0.011564
0.011469 0.012209
0.010636 0.011452
0.011831 0.012756
0.010799 0.011253
0.013052 0.013945
0.011813 0.012796
0.010137 0.010538
0.009448 0.009606
0.012672 0.013555
0.010950 0.011771
0.008646 0.008607
0.009030 0.008907
0.011797 0.012514
0.009225 0.009323
0.012425 0.013097
0.011890 0.012810
0.009414 0.009308
0.010014 0.009963
0.014917 0.012582
0.010884 0.010884
0.009980 0.009784
0.011280 0.009626
0.015410 0.013915
0.010962 0.010183
0.011931 0.011615
0.015254 0.014199
0.013544 0.013068
0.011105 0.010430
0.011858 0.011180
0.014297 0.013526
0.012779 0.011709
0.011576 0.010812
0.011050 0.010078
0.014617 0.014336
0.014404 0.014495
0.012613 0.012498
0.012181 0.012042
0.015131 0.014709
0.014443 0.014754
0.012655 0.012393
0.012367 0.012320
0.014649 0.014507
0.014394 0.014658
0.012315 0.012312
0.012348 0.012207
0.014711 0.014562
0.010918 0.010099
0.012290 0.011954
0.013363 0.013995
0.013093 0.013673
0.013258 0.013780
0.012142 0.012050
0.013512 0.013666
0.013761 0.014255
0.013117 0.013221
0.012385 0.012176
0.013428 0.013165
0.014932 0.015909
0.012574 0.013098
0.012991 0.013694
0.012624 0.012805
0.013628 0.014197
0.018960 0.017107
0.010544 0.008959
0.011000 0.010604
0.016398 0.016328
0.013458 0.013556
0.012268 0.011771
0.012652 0.012413
0.016776 0.016448
0.014219 0.014428
0.012758 0.012501
0.012761 0.012459
0.016981 0.016469
0.014168 0.014481
0.012422 0.012154
0.012652 0.012406
0.016904 0.016487
0.013057 0.013165
0.012056 0.012086
0.011680 0.011409
0.015941 0.015968
0.013442 0.013851
0.011957 0.012061
0.012150 0.011667
0.014619 0.014372
0.013669 0.014133
0.011650 0.011481
0.012074 0.011896
0.012018 0.011239
0.028606 0.028945
0.018335 0.016528
0.012254 0.011532
0.021275 0.019541
0.010796 0.009969
0.020433 0.018442
0.014696 0.014368
0.012622 0.012211
0.011554 0.011104
0.016775 0.015560
0.011909 0.011276
0.017051 0.015572
0.014227 0.014191
0.012296 0.011790
0.011451 0.010911
0.012442 0.011112
0.012079 0.011802
0.013390 0.012661
0.011959 0.011799
0.010722 0.010763
0.009576 0.009518
0.009195 0.009212
0.012092 0.012491
0.010684 0.010922
0.009280 0.009018
0.009190 0.009095
0.012441 0.012759
0.009891 0.009791
0.008903 0.008979
0.008818 0.008494
0.012549 0.012811
0.010311 0.010097
0.009050 0.009145
0.009195 0.008951
0.012193 0.012010
0.010087 0.009921
0.008920 0.008736
0.008782 0.008563
0.011930 0.012510
0.010476 0.010447
0.008714 0.008328
0.008649 0.008288
0.008925 0.008722
0.038981 0.038052
0.017301 0.016612
0.008591 0.007681
0.021396 0.021292
0.014096 0.014227
0.010690 0.010566
0.010586 0.011059
0.021831 0.022574
0.014394 0.014658
0.010684 0.010932
0.008889 0.008739
0.021020 0.021779
0.014417 0.014599
0.009921 0.010072
0.009494 0.009475
0.020066 0.020612
0.014151 0.014401
0.010975 0.010061
0.010748 0.010302
0.019208 0.019129
0.014364 0.014902
0.009594 0.009065
0.010004 0.012127
0.015717 0.014993
0.010853 0.010451
0.012127 0.011895
0.013745 0.012964
0.011422 0.010767
0.014111 0.012821
0.015744 0.015590
0.014911 0.014819
0.014195 0.014175
0.014470 0.014518
0.014081 0.013611
0.016037 0.015902
0.014954 0.014634
0.013951 0.013406
0.014217 0.014242
0.015573 0.015313
0.014557 0.014403
0.014913 0.014924
0.014743 0.014776
0.014243 0.013684
0.015638 0.015050
0.015937 0.016110
0.014610 0.014245
0.014666 0.014096
0.015441 0.015150
0.014983 0.014639
0.013599 0.012929
0.014248 0.013868
0.014284 0.014286
0.015137 0.014776
0.013887 0.013845
0.014215 0.013918
0.013478 0.012878
0.013581 0.012927
0.014096 0.013807
0.013419 0.013108
0.012818 0.012515
0.017183 0.017228
0.013064 0.012691
0.016376 0.016371
0.013394 0.013224
0.017367 0.017207
0.012273 0.012116
0.016267 0.016311
0.013281 0.013496
0.013548 0.013755
0.015721 0.015734
0.009956 0.009452
0.012161 0.011956
0.010992 0.011383
0.012438 0.012527
0.010954 0.011217
0.008226 0.011350
0.011069 0.011174
0.012914 0.012751
0.010429 0.010463
0.011988 0.011807
0.010642 0.010605
0.011940 0.011699
0.010437 0.010356
0.012287 0.012257
0.010530 0.010413
0.013007 0.012720
0.012069 0.012052
0.011859 0.011825
0.015357 0.015478
0.012031 0.011807
0.014370 0.014670
0.011774 0.011603
0.014917 0.014980
0.013353 0.012822
0.012561 0.012281
0.013128 0.013235
0.012733 0.012649
0.014742 0.014774
0.011489 0.011206
0.011070 0.011151
0.012544 0.012517
0.011694 0.011917
0.011199 0.011203
0.012600 0.013098
0.011662 0.011551
0.011437 0.011624
0.011856 0.011860
0.010981 0.011184
0.011248 0.011418
0.010720 0.010758
0.010935 0.011074
0.015120 0.014489
0.018018 0.016233
0.018716 0.018760
0.018739 0.018137
0.011760 0.011332
0.025438 0.025058
0.020720 0.020280
0.018865 0.023574
0.013047 0.013040
0.010976 0.011181
0.013252 0.013570
0.012616 0.012736
0.014295 0.014135
0.012604 0.013074
0.012110 0.012055
0.015421 0.015524
0.012804 0.012902
0.012976 0.012944
0.012432 0.012505
0.012469 0.012577
0.011367 0.011307
0.013318 0.013332
0.012257 0.011749
0.013698 0.012733
0.016102 0.015751
0.014445 0.013865
0.012436 0.012012
0.012732 0.012343
0.016348 0.016335
0.012846 0.013033
0.012171 0.012369
0.012153 0.011409
0.011583 0.011740
0.011044 0.011577
0.013504 0.014599
0.011827 0.013158
0.009697 0.010038
0.010556 0.010934
0.013935 0.014986
0.012694 0.014037
0.010734 0.011448
0.011471 0.012209
0.014670 0.015835
0.013323 0.014914
0.011332 0.012119
0.011736 0.012435
0.014947 0.016247
0.013911 0.015485
0.011276 0.012126
0.011896 0.012709
0.015145 0.016549
0.014057 0.015599
0.011881 0.012771
0.012060 0.012774
0.015406 0.016750
0.014006 0.015720
0.012196 0.013088
0.012248 0.013223
0.015206 0.016554
0.014082 0.015865
0.011366 0.012016
0.012317 0.013254
0.015251 0.016601
0.014932 0.016206
0.012085 0.012918
0.012230 0.013116
0.015328 0.016363
0.014044 0.015589
0.011842 0.012665
0.011513 0.012167
0.015203 0.016297
0.013589 0.015114
0.011452 0.012303
0.011784 0.012540
0.015278 0.016481
0.013754 0.015305
0.011290 0.011963
0.011724 0.012295
0.015331 0.016548
0.013771 0.015133
0.011375 0.012028
0.010837 0.011053
0.015319 0.016552
0.013625 0.015136
0.011188 0.011767
0.011465 0.011828
0.015090 0.016056
0.013558 0.014748
0.011281 0.011739
0.011472 0.011870
0.014719 0.015618
0.013420 0.015021
0.011881 0.012637
0.011447 0.011749
0.015006 0.015948
0.013742 0.015297
0.011396 0.011810
0.011640 0.011984
0.015309 0.016659
0.013701 0.015194
0.011396 0.011976
0.011555 0.012000
0.015238 0.016458
0.013613 0.015148
0.011136 0.011498
0.011475 0.011913
0.015038 0.015555
0.013610 0.014805
0.011313 0.011659
0.011429 0.011719
0.014327 0.014911
0.013562 0.014804
0.011198 0.011555
0.011210 0.011376
0.006198 0.005611
0.005398 0.003797
0.010862 0.010129
0.005400 0.003860
0.006201 0.005640
0.006205 0.005617
0.006030 0.005079
0.006376 0.005333
0.006887 0.006143
0.006155 0.004399
0.007173 0.006045
0.006151 0.005194
0.008670 0.007743
0.008726 0.006949
0.006126 0.005214
0.006204 0.005405
0.008763 0.007812
0.006847 0.005981
0.006255 0.005367
0.007348 0.005997
0.008571 0.008122
0.006908 0.006439
0.006171 0.005143
0.006268 0.005593
0.007064 0.005752
0.010368 0.009659
0.006239 0.005856
0.007956 0.007613
0.006949 0.007044
0.006465 0.006238
0.006410 0.006318
0.006590 0.005975
0.007951 0.006954
0.007906 0.006724
0.006565 0.006227
0.006493 0.005786
0.006597 0.006407
0.006705 0.006378
0.006526 0.005859
0.006513 0.006376
0.007946 0.007472
0.006940 0.006307
0.006492 0.006288
0.006488 0.005892
0.006539 0.006326
0.007545 0.007093
0.006606 0.006165
0.006488 0.006358
0.006900 0.006395
0.007717 0.006758
0.006471 0.006253
0.006461 0.006275
0.007071 0.006876
0.007575 0.007136
0.007536 0.006504
0.007910 0.006540
0.006312 0.006264
0.006413 0.006248
0.006471 0.006446
0.006416 0.006357
0.007145 0.006350
0.007377 0.007195
0.006569 0.006264
0.007585 0.006515
0.006524 0.006317
0.006291 0.006268
0.007516 0.007035
0.008589 0.008155
0.008094 0.007419
0.010213 0.009757
0.006971 0.006545
0.004709 0.006080
0.005961 0.005307
0.006311 0.005750
0.007334 0.007071
0.006549 0.006031
0.005930 0.005371
0.005891 0.005192
0.007306 0.007000
0.007602 0.006574
0.005988 0.005449
0.005869 0.005330
0.007162 0.006946
0.007830 0.006849
0.005997 0.005432
0.005913 0.005418
0.008032 0.007286
0.008434 0.007009
0.006065 0.005737
0.006195 0.005824
0.007971 0.007492
0.007789 0.006768
0.005906 0.005379
0.005884 0.005360
0.007058 0.006784
0.006991 0.006437
0.005885 0.005318
0.005795 0.005371
0.007779 0.006901
0.007673 0.006745
0.005755 0.005308
0.006890 0.006008
0.007136 0.006306
0.006529 0.007083
0.007346 0.006762
0.006275 0.006328
0.006834 0.006523
0.005062 0.004883
0.005415 0.004908
0.005328 0.005129
0.005378 0.005219
0.005568 0.005600
0.005578 0.005629
