0.000000 0.011171
0.000000 0.005608
0.000000 0.009350
0.000000 0.011130
0.000000 0.007582
0.000000 0.008052
0.000000 0.005138
0.005513 0.005669
0.005514 0.005715
0.007480 0.006165
0.009649 0.005664
0.009639 0.005705
0.009946 0.005771
0.008053 0.005119
0.008150 0.005832
0.194205 0.006176
0.007187 0.005735
0.007530 0.005611
0.007142 0.005576
0.005690 0.005769
0.005752 0.005679
0.005632 0.005793
0.005927 0.005118
0.006002 0.005788
0.005071 0.004524
0.005937 0.005750
0.005949 0.005819
0.005948 0.005766
0.005641 0.005778
0.005646 0.005791
0.005638 0.005809
0.005765 0.005137
0.005866 0.005802
0.004945 0.004496
0.005858 0.005730
0.005871 0.005719
0.005881 0.005771
0.005569 0.005778
0.005594 0.005764
0.005591 0.005731
0.005730 0.005152
0.005835 0.005762
0.004897 0.004551
0.005828 0.005785
0.005839 0.005767
0.005847 0.005836
0.005527 0.005729
0.005561 0.005973
0.005559 0.005746
0.005856 0.005162
0.005816 0.005819
0.004870 0.004500
0.005815 0.005823
0.005824 0.005728
0.005838 0.005808
0.005517 0.005745
0.005555 0.005789
0.005555 0.005786
0.005705 0.005158
0.005816 0.005744
0.005065 0.004474
0.005813 0.005801
0.005821 0.005635
0.005828 0.005735
0.005506 0.005686
0.005546 0.005715
0.005544 0.005762
0.005690 0.005099
0.005802 0.005840
0.005461 0.004442
0.005795 0.005824
0.005802 0.005764
0.005807 0.005701
0.005480 0.005812
0.005522 0.005756
0.005523 0.005839
0.005672 0.005125
0.005654 0.005779
0.004968 0.004964
0.005635 0.003907
0.005683 0.004232
0.005659 0.004228
0.005689 0.004195
0.005633 0.003978
0.005659 0.005763
0.005671 0.005138
0.005627 0.005736
0.005592 0.004516
0.005531 0.005744
0.005494 0.005768
0.005770 0.005733
0.005770 0.005676
0.005468 0.005715
0.005750 0.005738
0.005452 0.005171
0.005749 0.005703
0.005466 0.004510
0.005750 0.005809
0.005478 0.005759
0.005746 0.005782
0.005489 0.005793
0.005730 0.005743
0.005488 0.005716
0.005728 0.005109
0.005472 0.005826
0.004335 0.004665
0.005467 0.004978
0.005735 0.005148
0.005483 0.004994
0.008202 0.006791
0.014528 0.013962
0.122440 0.010738
0.005477 0.008001
0.005663 0.007011
0.011875 0.017773
0.007061 0.007817
0.005796 0.017513
0.006446 0.021642
0.005676 0.008152
0.006115 0.027724
0.005819 0.008991
0.006094 0.008816
0.005948 0.019452
0.006626 0.024630
0.006189 0.019395
0.006290 0.024775
0.006552 0.008189
0.024381 0.023794
0.009032 0.008766
0.009700 0.009864
0.023526 0.025228
0.010664 0.012350
0.007743 0.008016
0.007626 0.007983
0.018423 0.020248
0.007168 0.007721
0.014185 0.015439
0.021380 0.022595
0.013076 0.012845
0.010392 0.009901
0.010655 0.010282
0.024922 0.026894
0.012753 0.013472
0.009012 0.009383
0.010127 0.009901
0.021550 0.023147
0.010785 0.010863
0.010336 0.010811
0.017991 0.019699
0.007531 0.007779
0.022143 0.022837
0.010633 0.011668
0.009343 0.009127
0.008132 0.008204
0.022389 0.022128
0.014112 0.013774
0.008277 0.008258
0.010761 0.010242
0.018273 0.017455
0.014151 0.014187
0.009104 0.009206
0.008207 0.008263
0.012274 0.011835
0.015040 0.015598
0.009996 0.010247
0.027727 0.028061
0.020327 0.018667
0.017994 0.016428
0.013486 0.012420
0.013819 0.012879
0.020442 0.020512
0.017193 0.017010
0.014155 0.013147
0.014121 0.012791
0.017778 0.017074
0.013513 0.013217
0.014166 0.012511
0.017318 0.016984
0.013298 0.012960
0.011691 0.010792
0.012250 0.010829
0.015385 0.014497
0.014159 0.012868
0.015586 0.015812
0.013751 0.013102
0.015332 0.015476
0.013433 0.012935
0.011621 0.010728
0.013869 0.014968
0.012086 0.011989
0.010811 0.010614
0.011795 0.011790
0.010708 0.010430
0.011533 0.011456
0.010755 0.010406
0.011646 0.011525
0.010685 0.010313
0.010799 0.010553
0.012113 0.013603
0.011118 0.010919
0.011486 0.012842
0.011721 0.013399
0.010896 0.010988
0.011183 0.012645
0.010365 0.010445
0.010391 0.011704
0.010650 0.011836
0.010969 0.011245
0.010014 0.011360
0.010720 0.012390
0.011170 0.011738
0.011233 0.012979
0.009972 0.011132
0.010633 0.011362
0.011810 0.011150
0.011562 0.012369
0.009893 0.010359
0.010216 0.011046
0.009609 0.009955
0.011227 0.013737
0.013906 0.017361
0.014684 0.014604
0.015307 0.016407
0.016273 0.017302
0.013646 0.013587
0.017912 0.019430
0.015913 0.016176
0.014516 0.014429
0.018124 0.018516
0.017432 0.017942
0.014481 0.013736
0.015469 0.014487
0.015286 0.015883
0.015629 0.017380
0.013937 0.013382
0.016583 0.017638
0.016930 0.017529
0.014628 0.016056
0.017675 0.018794
0.016116 0.016295
0.015341 0.015262
0.016833 0.018592
0.015942 0.016326
0.013852 0.013935
0.016881 0.016667
0.020082 0.020235
0.017301 0.017909
0.016963 0.018068
0.016554 0.015863
0.015480 0.014821
0.018702 0.019097
0.019664 0.020497
0.016133 0.015592
0.016911 0.017020
0.007555 0.005890
0.005139 0.004102
0.020595 0.018168
0.019465 0.016960
0.005837 0.005227
0.007914 0.006366
0.005297 0.004657
0.009001 0.007839
0.011570 0.010769
0.013080 0.012451
0.015330 0.015197
0.014955 0.015461
0.017116 0.017756
0.013285 0.013153
0.013386 0.012024
0.011864 0.009942
0.012561 0.010390
0.012049 0.011268
0.011659 0.010224
0.012589 0.010195
0.011371 0.010610
0.013582 0.014245
0.011407 0.011736
0.010829 0.011885
0.014508 0.016609
0.013148 0.013994
0.010833 0.010909
0.011607 0.010973
0.014129 0.016088
0.013587 0.014009
0.011194 0.010638
0.012006 0.011089
0.014111 0.015637
0.013333 0.013997
0.012130 0.011411
0.012311 0.011555
0.013860 0.014470
0.013242 0.013740
0.011285 0.010718
0.011530 0.011139
0.011432 0.011027
0.060897 0.052855
0.033165 0.033456
0.017676 0.019095
0.012882 0.013623
0.010022 0.012330
0.010375 0.011908
0.011359 0.011912
0.025034 0.030158
0.015517 0.016387
0.008811 0.009389
0.011074 0.011104
0.029158 0.030783
0.015836 0.016561
0.008875 0.009288
0.012129 0.011492
0.029946 0.030657
0.015397 0.016122
0.008971 0.009458
0.011326 0.011359
0.028292 0.028160
0.016040 0.016108
0.008649 0.008970
0.012264 0.011939
0.028113 0.027920
0.015743 0.016248
0.009310 0.009678
0.011700 0.011357
0.027489 0.028008
0.017077 0.017187
0.009522 0.009971
0.012991 0.012291
0.023311 0.023590
0.015385 0.016190
0.008853 0.009143
0.010513 0.010702
0.014248 0.012958
0.018237 0.018269
0.009781 0.009932
0.013182 0.012383
0.015614 0.014300
0.013512 0.013441
0.011587 0.011367
0.012163 0.011836
0.014571 0.015373
0.013686 0.014038
0.012228 0.011812
0.012339 0.011886
0.015126 0.015896
0.013405 0.013861
0.012303 0.011850
0.011516 0.011129
0.014524 0.015443
0.013036 0.013575
0.011129 0.010938
0.012029 0.011770
0.015125 0.014785
0.013521 0.013639
0.011807 0.011563
0.012221 0.011768
0.014716 0.014614
0.013917 0.014161
0.012084 0.011962
0.012283 0.012098
0.013627 0.013332
0.012410 0.012371
0.015624 0.014816
0.010971 0.009802
0.012716 0.012308
0.016661 0.015756
0.011824 0.011538
0.016913 0.015483
0.011680 0.011332
0.016404 0.014955
0.011818 0.011796
0.015736 0.014288
0.012469 0.012225
0.013027 0.011955
0.013008 0.012299
0.010114 0.009688
0.011918 0.011579
0.010819 0.010681
0.011817 0.011335
0.010913 0.010869
0.011703 0.010454
0.011800 0.011414
0.011465 0.012159
0.011729 0.011214
0.011857 0.012848
0.011870 0.011313
0.011883 0.012812
0.011910 0.011713
0.012196 0.013174
0.011903 0.011538
0.011684 0.012228
0.012030 0.011691
0.011903 0.012706
0.012386 0.012071
0.011334 0.011465
0.011674 0.011294
0.011802 0.012110
0.011630 0.011494
0.011790 0.012225
0.011874 0.011676
0.012289 0.013389
0.011842 0.012656
0.012076 0.012773
0.012308 0.012373
0.012669 0.013947
0.012002 0.012513
0.012267 0.012619
0.011665 0.011010
0.012733 0.013532
0.011915 0.012199
0.012253 0.012937
0.019307 0.019840
0.018925 0.019519
0.025002 0.025696
0.025451 0.024429
0.027984 0.027003
0.031745 0.030465
0.011462 0.010933
0.029051 0.027675
0.012376 0.012227
0.012967 0.011846
0.011682 0.010692
0.022171 0.022221
0.015697 0.014978
0.012585 0.012070
0.013395 0.012765
0.011666 0.010389
0.011847 0.011013
0.013702 0.012603
0.013185 0.012376
0.008687 0.008102
0.009938 0.008528
0.013097 0.012731
0.012002 0.011631
0.013791 0.014185
0.013135 0.014029
0.011940 0.011819
0.012307 0.012225
0.014228 0.014600
0.013522 0.014849
0.011720 0.011828
0.012289 0.012244
0.014079 0.015040
0.013718 0.014810
0.011898 0.011919
0.012635 0.012672
0.014103 0.014876
0.013908 0.015006
0.012239 0.012210
0.012376 0.012543
0.013717 0.014425
0.013678 0.015048
0.012443 0.012657
0.012558 0.012700
0.013276 0.013490
0.013946 0.015112
0.012800 0.012998
0.013093 0.013630
0.012871 0.012968
0.013056 0.013462
0.012723 0.012707
0.012420 0.012828
0.012966 0.012820
0.012941 0.013796
0.012102 0.012807
0.012457 0.012569
0.012292 0.010672
0.012495 0.012850
0.012300 0.012032
0.011569 0.010775
0.006241 0.011568
0.011610 0.010543
0.011513 0.012449
0.011309 0.010818
0.010918 0.011136
0.010738 0.010735
0.010346 0.010306
0.011017 0.010689
0.011276 0.010831
0.010815 0.010267
0.010954 0.010603
0.010971 0.010662
0.011441 0.011203
0.014583 0.013955
0.015380 0.015756
0.014837 0.014574
0.016186 0.017685
0.015953 0.016646
0.015528 0.015798
0.016163 0.017809
0.014228 0.014215
0.016529 0.018163
0.016212 0.018201
0.014398 0.014702
0.016421 0.017756
0.011836 0.011058
0.011899 0.011068
0.015038 0.015162
0.011502 0.010943
0.013014 0.013568
0.012504 0.013170
0.011740 0.011358
0.011744 0.011184
0.012940 0.013242
0.011663 0.011278
0.012677 0.013338
0.013023 0.014014
0.011887 0.011660
0.011816 0.011344
0.013399 0.013543
0.011782 0.011598
0.013303 0.013760
0.012794 0.013606
0.011690 0.011401
0.011959 0.011543
0.013549 0.014253
0.013076 0.014240
0.011831 0.011903
0.011695 0.011081
0.013230 0.012960
0.011790 0.011473
0.012652 0.012219
0.011734 0.011248
0.017477 0.016783
0.015319 0.013631
0.015716 0.015362
0.014153 0.012689
0.014174 0.013149
0.017956 0.017986
0.016317 0.016337
0.013729 0.012216
0.013787 0.012615
0.017480 0.018192
0.016547 0.017128
0.013548 0.012659
0.014193 0.013783
0.017024 0.017970
0.016443 0.017765
0.013999 0.013751
0.014195 0.013989
0.016271 0.016611
0.016643 0.018101
0.014128 0.013677
0.013967 0.013506
0.015767 0.015417
0.013379 0.012746
0.014092 0.012500
0.021615 0.021288
0.019274 0.018651
0.020887 0.020284
0.019052 0.019038
0.018492 0.018909
0.019308 0.019931
0.019661 0.021058
0.018139 0.018822
0.018271 0.018910
0.019752 0.019668
0.018451 0.018904
0.020237 0.020646
0.020326 0.021121
0.018947 0.019012
0.018741 0.018965
0.019985 0.020044
0.020104 0.020974
0.018161 0.018421
0.018084 0.018417
0.015483 0.014991
0.019582 0.019612
0.017859 0.017937
0.017702 0.016699
0.013830 0.013408
0.013034 0.012335
0.014986 0.017324
0.014554 0.014968
0.012959 0.012772
0.014888 0.015519
0.015479 0.015807
0.013683 0.013425
0.015412 0.017150
0.014444 0.016904
0.015809 0.016929
0.015641 0.016372
0.014652 0.016154
0.015461 0.014714
0.016830 0.016536
0.014287 0.013642
0.017748 0.018342
0.015997 0.015684
0.015807 0.015851
0.013134 0.011918
0.014817 0.014848
0.013675 0.012655
0.015450 0.015801
0.013860 0.013051
0.013754 0.013319
0.013291 0.012291
0.012588 0.010883
0.012450 0.011435
0.013122 0.012726
0.012631 0.011997
0.012138 0.012649
0.012608 0.012030
0.012651 0.012179
0.012201 0.013272
0.012418 0.013895
0.012882 0.013278
0.012171 0.013050
0.012180 0.011839
0.011966 0.012423
0.012249 0.012478
0.013126 0.014604
0.012037 0.012411
0.012146 0.012549
0.013244 0.013285
0.011778 0.011092
0.012695 0.012322
0.012060 0.011796
0.012394 0.012231
0.012048 0.011722
0.012145 0.010790
0.013005 0.012002
0.012176 0.011474
0.012618 0.012268
0.012278 0.011742
0.012600 0.011332
0.012259 0.011725
0.012924 0.013304
0.012538 0.013112
0.012497 0.012516
0.012326 0.011735
0.012814 0.012792
0.012769 0.013950
0.010847 0.011055
0.010386 0.010575
0.014081 0.013854
0.012976 0.013228
0.009673 0.009892
0.009425 0.009446
0.014874 0.014790
0.012538 0.012577
0.009305 0.009338
0.009177 0.009010
0.014926 0.014847
0.010399 0.010832
0.008801 0.008775
0.008833 0.008952
0.014933 0.015112
0.010469 0.010727
0.008235 0.008343
0.009233 0.008816
0.014311 0.014011
0.010317 0.010569
0.007724 0.007881
0.008496 0.008284
0.008770 0.006559
0.004430 0.003999
0.010230 0.008164
0.007565 0.003921
0.008830 0.005812
0.007936 0.005779
0.009743 0.007283
0.007484 0.005478
0.005272 0.004636
0.008700 0.008105
0.009345 0.008679
0.010127 0.009617
0.010691 0.010614
0.011766 0.012118
0.012538 0.012706
0.014610 0.014873
0.015690 0.016303
0.014870 0.015633
0.015582 0.015440
0.015296 0.014773
0.015029 0.014933
0.015938 0.015666
0.013796 0.013074
0.014931 0.014393
0.015032 0.014846
0.013546 0.013092
0.014543 0.014751
0.015912 0.016469
0.013023 0.012841
0.013034 0.012685
0.014029 0.013646
0.012669 0.012578
0.014587 0.014531
0.013167 0.013063
0.015254 0.015098
0.013223 0.012955
0.014793 0.014204
0.014689 0.014895
0.011984 0.011898
0.012583 0.012075
0.013743 0.013520
0.012328 0.012120
0.028112 0.024823
0.020489 0.018356
0.015490 0.014887
0.015495 0.014953
0.023134 0.021138
0.016158 0.015562
0.015111 0.015229
0.026612 0.025836
0.017921 0.018285
0.016504 0.015660
0.014603 0.014225
0.023811 0.023644
0.017071 0.017591
0.015608 0.015068
0.015506 0.014804
0.023152 0.023257
0.017849 0.017848
0.014882 0.015517
0.016029 0.015201
0.023559 0.023249
0.017388 0.017555
0.015553 0.015035
0.015313 0.014980
0.022898 0.022618
0.017229 0.017584
0.015786 0.015359
0.015042 0.014729
0.019344 0.019348
0.016713 0.017365
0.015469 0.014567
0.015550 0.015236
0.022242 0.022582
0.015855 0.013996
0.014438 0.013830
0.011605 0.010509
0.011957 0.010926
0.012028 0.010463
0.020144 0.017112
0.010965 0.009742
0.019729 0.017033
0.010651 0.009569
0.020536 0.018432
0.009536 0.009095
0.019502 0.016377
0.010628 0.009350
0.022298 0.020377
0.014222 0.013248
0.012167 0.010947
0.011472 0.010469
0.020469 0.018243
0.011026 0.009394
0.018907 0.017160
0.010756 0.009220
0.018444 0.016545
0.011379 0.010579
0.019856 0.018203
0.011357 0.010569
0.020385 0.018796
0.012662 0.012711
0.010262 0.010955
0.011178 0.010897
0.015986 0.014347
0.012788 0.013159
0.010131 0.010969
0.011272 0.011124
0.013255 0.011279
0.012494 0.011278
0.010448 0.010681
0.010629 0.010081
0.013779 0.013672
0.010950 0.011767
0.011307 0.012598
0.012831 0.014362
0.012755 0.014004
0.010776 0.011550
0.010804 0.011544
0.013927 0.014546
0.011897 0.013385
0.010628 0.011093
0.010615 0.010489
0.014355 0.014198
0.010654 0.010338
0.013647 0.013909
0.012464 0.013535
0.010742 0.010670
0.011434 0.011995
0.013761 0.014101
0.012784 0.014574
0.011303 0.011883
0.011018 0.011123
0.013815 0.011834
0.013934 0.014359
0.011182 0.009913
0.012011 0.012715
0.014261 0.013552
0.013591 0.015343
0.012162 0.012982
0.012149 0.013188
0.013846 0.013894
0.011356 0.011910
0.012712 0.011861
0.015264 0.013849
0.014791 0.014031
0.013529 0.014200
0.011576 0.011911
0.011721 0.012712
0.014587 0.014994
0.013102 0.014247
0.011126 0.011733
0.011367 0.011602
0.013704 0.014169
0.013249 0.014530
0.012224 0.013308
0.011715 0.012629
0.013333 0.014103
0.014713 0.016735
0.012329 0.012833
0.012258 0.013483
0.014015 0.015011
0.012109 0.012949
0.013755 0.013825
0.011401 0.011436
0.013780 0.014594
0.013420 0.014365
0.011990 0.012157
0.011740 0.012337
0.014130 0.012900
0.013399 0.013905
0.012265 0.012990
0.011834 0.012487
0.014346 0.014246
0.014958 0.014828
0.013413 0.014278
0.013973 0.015493
0.013456 0.014026
0.014720 0.016365
0.012973 0.013881
0.013100 0.013991
0.012537 0.013272
0.013983 0.015822
0.012548 0.013621
0.013161 0.014552
0.012866 0.013278
0.012581 0.013263
0.012670 0.012671
0.013674 0.014814
0.012214 0.013358
0.011921 0.012392
0.013145 0.013005
0.012799 0.013410
0.013060 0.011956
0.014639 0.015814
0.013293 0.013384
0.013025 0.014141
0.013332 0.012066
0.014211 0.015043
0.012092 0.011828
0.012498 0.013025
0.014743 0.014616
0.014094 0.014659
0.012322 0.011933
0.011670 0.011878
0.014706 0.013872
0.012069 0.012219
0.013863 0.013936
0.013607 0.014225
0.012587 0.012840
0.013164 0.014070
0.014295 0.014807
0.013719 0.014834
0.013112 0.013507
0.012573 0.012966
0.014661 0.015009
0.014209 0.015190
0.012144 0.011823
0.012426 0.012803
0.014004 0.014113
0.013593 0.014285
0.012308 0.012740
0.021338 0.023428
0.017507 0.012792
0.011192 0.010490
0.017734 0.014025
0.011363 0.010714
0.017613 0.014033
0.011515 0.010988
0.017575 0.014374
0.012001 0.010391
0.014247 0.015057
0.011952 0.011257
0.014351 0.015248
0.011828 0.010470
0.014029 0.014259
0.011741 0.010834
0.014787 0.014067
0.011595 0.010878
0.015683 0.015850
0.012508 0.012971
0.011480 0.011273
0.011633 0.011279
0.014927 0.015412
0.012495 0.013489
0.011265 0.011611
0.011601 0.011793
0.012996 0.010867
0.011680 0.011558
0.019598 0.016523
0.013788 0.013602
0.012799 0.012511
0.011591 0.010868
0.011407 0.011355
0.013775 0.014575
0.012586 0.012715
0.011632 0.011017
0.011708 0.010459
0.013269 0.013694
0.012438 0.011896
0.011495 0.009847
0.011895 0.009923
0.013190 0.014168
0.012285 0.012623
0.011422 0.009819
0.011505 0.010660
0.012342 0.011457
0.012436 0.012422
0.011330 0.010679
0.011599 0.010205
0.018175 0.015678
0.013424 0.011600
0.011440 0.010306
0.011445 0.008605
0.010732 0.008718
0.013419 0.013374
0.011358 0.010818
0.011437 0.008645
0.010609 0.008877
0.013006 0.012911
0.011215 0.011166
0.011024 0.008651
0.010335 0.008511
0.012893 0.013617
0.011208 0.011782
0.010894 0.008913
0.010331 0.009837
0.012365 0.012188
0.010980 0.010675
0.009215 0.009068
0.008912 0.009133
0.011450 0.012152
0.011350 0.011525
0.009047 0.008929
0.009505 0.009304
0.011841 0.012179
0.009431 0.009231
0.009190 0.008740
0.013686 0.012810
0.014443 0.014514
0.013305 0.013388
0.013732 0.014123
0.013926 0.015454
0.013906 0.016015
0.011910 0.013376
0.011964 0.013292
0.015290 0.016535
0.013882 0.016765
0.012041 0.013580
0.011674 0.013393
0.014896 0.016206
0.015283 0.018425
0.013100 0.015468
0.013338 0.015837
0.012973 0.014086
0.012173 0.013233
0.012678 0.012308
0.016105 0.011033
0.010293 0.007785
0.011297 0.009971
0.012983 0.013472
0.012191 0.012766
0.011369 0.010855
0.011086 0.010625
0.011464 0.012813
0.013368 0.014062
0.011400 0.011292
0.012660 0.012461
0.013197 0.011467
0.014146 0.013793
0.012444 0.012100
0.012474 0.012655
0.009717 0.010275
0.012637 0.012476
0.011734 0.012668
0.013546 0.010371
0.011492 0.012243
0.015237 0.011211
0.012439 0.012989
0.012594 0.013672
0.012583 0.012757
0.012629 0.013514
0.012648 0.013004
0.012079 0.012801
0.013025 0.013277
0.011905 0.012360
0.013071 0.013253
0.014135 0.014690
0.012466 0.012583
0.012870 0.012911
0.011358 0.010402
0.010956 0.009944
0.012024 0.012277
0.010748 0.010275
0.010672 0.010073
0.010324 0.010032
0.011104 0.010487
0.012385 0.012592
0.010611 0.010813
0.013044 0.010698
0.011789 0.012004
0.012242 0.010492
0.011907 0.011820
0.010956 0.009824
0.009314 0.008930
0.009931 0.009704
0.009772 0.009514
0.010462 0.009480
0.010218 0.009987
0.010563 0.008823
0.009253 0.008958
0.006284 0.005155
0.007928 0.003961
0.009375 0.004023
0.015902 0.003961
0.008541 0.005766
0.008068 0.005802
0.011931 0.005904
0.006437 0.004733
0.008676 0.008763
0.007264 0.008185
0.009970 0.010383
0.008383 0.009400
0.011443 0.012591
0.011005 0.011747
0.014443 0.014673
0.015275 0.015871
0.012146 0.012686
0.012850 0.012083
0.015024 0.014789
0.011910 0.011590
0.010449 0.009282
0.011923 0.010772
0.014449 0.015498
0.013101 0.012794
0.012483 0.010716
0.011767 0.010605
0.014664 0.015121
0.013098 0.012859
0.012058 0.010867
0.011882 0.010626
0.013757 0.012969
0.010489 0.009918
0.012922 0.011839
0.013563 0.012583
0.010744 0.010345
0.010951 0.010886
0.014490 0.014254
0.012833 0.013046
0.011268 0.011282
0.008978 0.009202
0.009053 0.009089
0.012842 0.014038
0.011156 0.011653
0.008954 0.009068
0.008837 0.008971
0.013222 0.014268
0.011339 0.011688
0.009056 0.009039
0.009080 0.009280
0.013127 0.014535
0.010823 0.011787
0.009375 0.009379
0.009351 0.009353
0.013719 0.015218
0.010446 0.011564
0.009514 0.009395
0.008957 0.008924
0.012163 0.014160
0.010136 0.010852
0.008923 0.008369
0.009582 0.009690
0.013109 0.014526
0.010937 0.011888
0.009512 0.009433
0.009351 0.009150
0.012676 0.013315
0.009111 0.009004
0.012784 0.013811
0.010574 0.011349
0.009405 0.009269
0.009194 0.009081
0.008617 0.008855
0.011174 0.010926
0.009442 0.009008
0.008584 0.008029
0.008436 0.009033
0.009703 0.009178
0.013766 0.012486
0.014395 0.014059
0.011812 0.011584
0.012540 0.012296
0.014723 0.014823
0.012374 0.012524
0.014778 0.014921
0.013760 0.014454
0.012753 0.013405
0.013043 0.013061
0.013263 0.013283
0.012025 0.012248
0.013129 0.013282
0.012361 0.012380
0.008443 0.008934
0.013769 0.013323
0.012074 0.012091
0.011088 0.010651
0.008245 0.008896
0.009020 0.009520
0.012368 0.011629
0.010617 0.009686
0.012640 0.013274
0.012891 0.012813
0.010755 0.010515
0.011813 0.011305
0.012722 0.014072
0.013140 0.013261
0.011320 0.011251
0.011749 0.011050
0.012313 0.013443
0.012516 0.012612
0.011319 0.011513
0.010951 0.010469
0.011708 0.012665
0.011338 0.011157
0.008483 0.008886
0.010545 0.009980
0.008349 0.008861
0.013982 0.012597
0.013469 0.013757
0.013212 0.013013
0.011900 0.012259
0.012671 0.012000
0.013560 0.014383
0.013789 0.013518
0.011777 0.011672
0.013048 0.012554
0.012950 0.013414
0.012478 0.011996
0.014084 0.012517
0.013161 0.013039
0.012104 0.012413
0.012069 0.012294
0.011338 0.011197
0.014831 0.014136
0.011543 0.011467
0.011893 0.010970
0.011715 0.011636
0.011165 0.010793
0.010907 0.010962
0.010155 0.009919
0.011358 0.013077
0.012342 0.013192
0.011814 0.011798
0.012502 0.011913
0.011199 0.012216
0.011969 0.011300
0.010754 0.011199
0.011914 0.011471
0.010301 0.011473
0.011035 0.011392
0.009817 0.010414
0.012452 0.013550
0.011906 0.012222
0.012374 0.013470
0.010028 0.010358
0.009985 0.009578
0.012451 0.013045
0.010201 0.009522
0.012273 0.012922
0.010187 0.009667
0.012249 0.013033
0.011216 0.010220
0.010274 0.010898
0.011390 0.011187
0.011550 0.010314
0.011408 0.013085
0.011092 0.012175
0.011138 0.011649
0.010969 0.012619
0.011106 0.011055
0.011249 0.012591
0.011038 0.010532
0.010677 0.010615
0.011654 0.010576
0.012087 0.011117
0.011306 0.009031
0.010837 0.011502
0.011207 0.010318
0.010834 0.011799
0.011549 0.012088
0.011773 0.010590
0.011232 0.010532
0.011043 0.011526
0.011416 0.011713
0.011683 0.010025
0.010985 0.010191
0.011846 0.018203
0.015180 0.015771
0.011721 0.014337
0.011498 0.012709
0.011642 0.012043
0.012868 0.013440
0.011564 0.010953
0.013217 0.015596
0.012444 0.013510
0.010823 0.011500
0.011438 0.011452
0.014821 0.014448
0.014072 0.014495
0.011480 0.011328
0.011673 0.011535
0.015207 0.016016
0.014005 0.014653
0.011744 0.011573
0.011772 0.011435
0.014976 0.015315
0.013601 0.013882
0.011432 0.011271
0.011692 0.011381
0.013437 0.013224
0.012006 0.011841
0.014682 0.014766
0.013226 0.013326
0.011893 0.011795
0.012196 0.011992
0.010669 0.010579
0.013543 0.013515
0.012099 0.011986
0.012159 0.011328
0.012182 0.012099
0.012695 0.013021
0.011398 0.011708
0.011765 0.011918
0.012616 0.012874
0.012974 0.013369
0.012018 0.012143
0.011453 0.011607
0.014580 0.012132
0.011331 0.011296
0.013235 0.013452
0.012728 0.013131
0.011120 0.011102
0.011637 0.011728
0.013045 0.013422
0.012289 0.012775
0.011628 0.011979
0.011438 0.010934
0.013027 0.013779
0.013036 0.013609
0.011510 0.011468
0.011771 0.011527
0.012872 0.012511
0.011774 0.011500
0.013252 0.012972
0.012413 0.012741
0.011749 0.012006
0.010321 0.010514
0.012326 0.012394
0.012653 0.013277
0.010231 0.010510
0.011480 0.011795
0.026441 0.027886
0.012848 0.012456
0.010008 0.009085
0.010907 0.010222
0.010670 0.010496
0.013607 0.014632
0.011544 0.010427
0.010670 0.010262
0.010349 0.009616
0.013698 0.013664
0.011410 0.010423
0.010182 0.010439
0.011253 0.009548
0.013098 0.013320
0.011319 0.010266
0.010142 0.010427
0.010933 0.008440
0.011957 0.010433
0.011185 0.010145
0.010110 0.009569
0.011039 0.009679
0.010357 0.007961
0.011365 0.010982
0.010080 0.009942
0.011030 0.010230
0.016686 0.013567
0.012657 0.012643
0.011771 0.011969
0.011002 0.010877
0.010599 0.011071
0.013258 0.013355
0.012132 0.013071
0.010792 0.011504
0.011191 0.011390
0.013818 0.013651
0.011662 0.013111
0.010745 0.011051
0.011010 0.010982
0.013816 0.014388
0.011680 0.012905
0.010837 0.011099
0.010860 0.010262
0.013735 0.014391
0.011755 0.013302
0.010886 0.010871
0.011112 0.011184
0.012772 0.012562
0.010926 0.010250
0.012586 0.012064
0.010999 0.010610
0.012545 0.012224
0.011075 0.010714
0.011992 0.010599
0.011081 0.010923
0.019887 0.020112
0.013315 0.013469
0.011239 0.012280
0.015740 0.017543
0.014373 0.016655
0.011612 0.012387
0.011862 0.013210
0.013837 0.015912
0.011681 0.012832
0.013966 0.015961
0.011474 0.011246
0.014877 0.013919
0.011651 0.011554
0.013814 0.015225
0.011220 0.011758
0.014788 0.013703
0.014181 0.014306
0.011873 0.011805
0.015493 0.014874
0.014190 0.013811
0.013041 0.013729
0.011635 0.012129
0.011832 0.012354
0.013349 0.013256
0.011902 0.012447
0.014299 0.013839
0.013343 0.014264
0.012325 0.012833
0.012262 0.012766
0.014830 0.014357
0.013731 0.014296
0.011976 0.012239
0.012130 0.012457
0.013416 0.013532
0.012146 0.012509
0.013007 0.013073
0.013051 0.014136
0.011975 0.012079
0.011693 0.012430
0.013645 0.011349
0.014404 0.013175
0.012227 0.011943
0.013811 0.012334
0.012512 0.012697
0.014243 0.013239
0.012378 0.012750
0.014302 0.013167
0.013589 0.014894
0.012678 0.013381
0.012210 0.012410
0.012826 0.012796
0.012268 0.012581
0.014996 0.013321
0.013739 0.013467
0.012137 0.012489
0.014381 0.013410
0.016009 0.016255
0.014594 0.015134
0.014038 0.015471
0.015599 0.015958
0.015207 0.016032
0.013444 0.014269
0.013835 0.014034
0.015528 0.015720
0.015333 0.016006
0.013782 0.013792
0.013660 0.013420
0.013478 0.013730
0.014077 0.013870
0.013752 0.013540
0.014134 0.014548
0.015319 0.016026
0.013743 0.014470
0.013607 0.014068
0.014192 0.014788
0.013340 0.013755
0.014194 0.014854
0.014666 0.015285
0.013319 0.013574
0.013134 0.013548
0.014741 0.014859
0.015034 0.015616
0.012681 0.013040
0.013375 0.013495
0.014714 0.014716
0.015551 0.016080
0.013343 0.013691
0.013706 0.013785
0.014633 0.014850
0.013515 0.013832
0.015433 0.015312
0.015160 0.015662
0.013703 0.013787
0.013235 0.013309
0.015148 0.015144
0.013484 0.013826
0.014928 0.014838
0.015004 0.015674
0.013706 0.013439
0.014323 0.014344
0.015679 0.015798
0.015775 0.015768
0.014100 0.014079
0.013807 0.013457
0.016119 0.015641
0.015349 0.015576
0.013003 0.013123
0.012486 0.012794
0.012926 0.012982
0.033452 0.032164
0.019549 0.019778
0.013947 0.015039
0.013023 0.012999
0.013222 0.012584
0.019395 0.020680
0.015352 0.016023
0.013680 0.013088
0.012417 0.012650
0.017977 0.020099
0.014105 0.015376
0.012416 0.012662
0.012387 0.012777
0.017843 0.020642
0.014829 0.015321
0.012394 0.012441
0.012008 0.012956
0.018124 0.018805
0.014116 0.015317
0.012737 0.012287
0.012423 0.013166
0.017433 0.018153
0.014611 0.015903
0.013010 0.012894
0.012367 0.012657
0.015323 0.013974
0.014370 0.015732
0.013129 0.012448
0.014072 0.014660
0.017645 0.015379
0.015133 0.015167
0.013861 0.013688
0.013656 0.013296
0.016834 0.015870
0.015194 0.015301
0.013127 0.013082
0.013220 0.012918
0.017197 0.015169
0.013185 0.012587
0.017386 0.016615
0.015123 0.014637
0.013205 0.012578
0.012492 0.012214
0.017893 0.016745
0.014227 0.013815
0.013202 0.012545
0.012344 0.011469
0.017500 0.016132
0.014494 0.013998
0.012644 0.012101
0.012374 0.011843
0.017908 0.017292
0.014135 0.013199
0.012958 0.012292
0.012120 0.011346
0.016718 0.016459
0.013161 0.012989
0.012678 0.011380
0.012439 0.011335
0.015472 0.015837
0.013223 0.012997
0.012597 0.011081
0.012411 0.011485
0.015244 0.016064
0.013307 0.013490
0.012492 0.011280
0.012326 0.011574
0.015107 0.015528
0.013036 0.012650
0.012446 0.011282
0.012119 0.011244
0.014496 0.013923
0.011993 0.010820
0.014836 0.014987
0.013271 0.013726
0.012351 0.011371
0.012161 0.011309
0.011759 0.009098
0.013334 0.012000
0.011854 0.011461
0.011796 0.009459
0.012083 0.009353
0.011138 0.009235
0.011938 0.008837
0.013024 0.009965
0.011973 0.011844
0.012040 0.012167
0.011754 0.012912
0.012428 0.012541
0.012244 0.012834
0.012258 0.013424
0.011661 0.011599
0.013087 0.014168
0.012557 0.013351
0.012080 0.012144
0.012465 0.012249
0.011747 0.012121
0.012759 0.012786
0.012232 0.012351
0.013116 0.013263
0.012745 0.013050
0.008929 0.008879
0.012093 0.011373
0.008857 0.008950
0.009063 0.009351
0.016135 0.014906
0.015727 0.015601
0.015359 0.015649
0.013060 0.013094
0.014001 0.014793
0.016675 0.017369
0.013617 0.014183
0.016101 0.016144
0.014716 0.015366
0.013651 0.014240
0.013670 0.014295
0.013563 0.014014
0.009254 0.009123
0.013431 0.012692
0.013292 0.013926
0.009205 0.009308
0.011664 0.010648
0.012130 0.011351
0.011728 0.011092
0.012000 0.011675
0.012210 0.012655
0.012272 0.011799
0.012286 0.012338
0.012378 0.012475
0.010887 0.010864
0.012787 0.013356
0.012861 0.013630
0.010814 0.010912
0.012195 0.012322
0.010747 0.010545
0.012019 0.011958
0.012173 0.012470
0.012097 0.011757
0.011668 0.011992
0.012720 0.012990
0.011796 0.011451
0.011900 0.011423
0.011078 0.010323
0.012036 0.012028
0.011345 0.011004
0.012544 0.012964
0.011360 0.010553
0.013191 0.013542
0.012561 0.012917
0.011404 0.011174
0.011039 0.010390
0.012413 0.012574
0.011842 0.012276
0.011035 0.010327
0.011306 0.010689
0.014307 0.013850
0.014147 0.013225
0.012653 0.012320
0.012423 0.012527
0.016328 0.016171
0.012782 0.012873
0.012926 0.013983
0.016400 0.016895
0.014221 0.015381
0.012376 0.012332
0.012407 0.012432
0.014465 0.014292
0.014175 0.015161
0.012572 0.013023
0.019157 0.018551
0.015144 0.012675
0.012002 0.011169
0.015759 0.014361
0.012695 0.012693
0.011353 0.010665
0.011886 0.011290
0.014332 0.013846
0.012739 0.013017
0.011569 0.011032
0.011634 0.011052
0.010816 0.010534
0.012178 0.011097
0.011825 0.011310
0.010788 0.009259
0.012053 0.012625
0.012342 0.012840
0.011262 0.011056
0.012525 0.013051
0.011314 0.011169
0.012369 0.012756
0.011011 0.010936
0.012196 0.012393
0.010441 0.010268
0.010370 0.009827
0.013637 0.013341
0.014254 0.014369
0.014089 0.014506
0.011928 0.011859
0.012459 0.012554
0.014285 0.014873
0.014000 0.014653
0.012070 0.012417
0.012110 0.012094
0.011876 0.011499
0.013894 0.014056
0.012166 0.011843
0.010671 0.010455
0.013437 0.013882
0.012113 0.012578
0.010123 0.010164
0.010504 0.010292
0.013676 0.014428
0.011737 0.012179
0.009069 0.009321
0.009420 0.009638
0.010476 0.010274
0.010319 0.010585
0.009798 0.009830
0.008627 0.009062
0.011921 0.012595
0.008569 0.009893
0.009129 0.010579
0.012868 0.013876
0.010048 0.011255
0.008578 0.009106
0.008668 0.008967
0.012554 0.013304
0.010355 0.011339
0.008831 0.008817
0.008684 0.008767
0.013302 0.013376
0.010750 0.011590
0.009099 0.009041
0.008653 0.008331
0.012741 0.013235
0.010001 0.010682
0.008698 0.008611
0.009145 0.008725
0.012063 0.012625
0.010023 0.010578
0.008684 0.008622
0.008697 0.008634
0.010021 0.010391
0.009884 0.010640
0.008700 0.008283
0.008953 0.008701
0.020192 0.019538
0.014783 0.013501
0.012183 0.012402
0.010732 0.010294
0.010269 0.009938
0.014351 0.014022
0.011682 0.012394
0.009861 0.009571
0.009745 0.009589
0.014036 0.014666
0.011928 0.012405
0.009964 0.009909
0.010284 0.009962
0.013721 0.014256
0.011437 0.011854
0.009838 0.009584
0.009743 0.009509
0.013451 0.013945
0.011376 0.012054
0.009259 0.009188
0.009507 0.009426
0.013319 0.013934
0.011540 0.012047
0.009336 0.009328
0.009763 0.009859
0.013413 0.013889
0.011676 0.011926
0.009578 0.009535
0.009781 0.009593
0.013175 0.013405
0.012081 0.012538
0.009990 0.009857
0.010219 0.010156
0.010705 0.010684
0.011610 0.011776
0.009771 0.009927
0.007689 0.005728
0.004175 0.003992
0.004102 0.003949
0.004179 0.003922
0.005008 0.005147
0.007364 0.007076
0.005645 0.005985
0.008543 0.008099
0.011079 0.010685
0.012234 0.011768
0.007757 0.008657
0.014578 0.014788
0.011296 0.011432
0.015324 0.015305
0.012051 0.011623
0.009973 0.009999
0.010473 0.010306
0.015054 0.015160
0.011953 0.011941
0.010738 0.010835
0.009927 0.009802
0.014774 0.014920
0.011547 0.011453
0.008958 0.009156
0.008940 0.009032
0.013109 0.013223
0.008705 0.008825
0.014166 0.014347
0.012067 0.012233
0.009543 0.009646
0.009961 0.010078
0.014344 0.014091
0.012323 0.011980
0.010225 0.010231
0.010488 0.010280
0.011815 0.011570
0.011711 0.011710
0.009272 0.009496
0.011186 0.011576
0.008764 0.007795
0.009070 0.009187
0.013734 0.013632
0.011873 0.011583
0.009757 0.009755
0.010269 0.009761
0.013455 0.013432
0.011803 0.011215
0.009164 0.009207
0.009904 0.009737
0.014076 0.014372
0.011710 0.011321
0.009537 0.009457
0.009704 0.009430
0.013743 0.013789
0.011713 0.011476
0.009399 0.009451
0.009345 0.009094
0.013330 0.013263
0.011098 0.010736
0.008549 0.008651
0.009109 0.009054
0.013613 0.013948
0.011999 0.011778
0.009636 0.009494
0.009986 0.009753
0.014377 0.014314
0.012194 0.012007
0.010165 0.009906
0.010799 0.010534
0.013224 0.012964
0.011535 0.010953
0.009234 0.009069
0.010017 0.009857
0.012899 0.012551
0.010331 0.010071
0.013840 0.013726
0.012242 0.011936
0.010000 0.009952
0.009768 0.009611
0.013780 0.013796
0.010836 0.010963
0.008848 0.009155
0.008630 0.008656
0.013531 0.013685
0.011817 0.011859
0.008956 0.009176
0.008968 0.008986
0.013735 0.014318
0.012296 0.012446
0.009668 0.009508
0.010679 0.010417
0.014017 0.013982
0.012128 0.012017
0.010095 0.010030
0.010023 0.009893
0.015029 0.015140
0.012702 0.012454
0.009901 0.009748
0.010371 0.010331
0.013596 0.012521
0.010706 0.010354
0.009590 0.010222
0.008912 0.008925
0.013386 0.013699
0.011698 0.011593
0.009273 0.009111
0.009390 0.009482
0.008447 0.007100
0.010009 0.009552
0.009499 0.009311
0.008307 0.008084
0.009856 0.009339
0.009530 0.009247
0.007533 0.008617
0.007789 0.008507
0.007254 0.007784
0.006950 0.007383
0.006897 0.006941
0.007063 0.007719
0.006982 0.007633
0.006807 0.006265
0.007600 0.007442
0.007187 0.006706
0.006806 0.006691
0.006745 0.006662
0.006849 0.006581
0.006870 0.006655
0.007512 0.007321
0.007154 0.006649
0.006796 0.006758
0.006778 0.006760
0.006698 0.006636
0.006700 0.006567
0.007344 0.007079
0.006951 0.006527
0.006567 0.005808
0.006858 0.005940
0.007019 0.006856
0.006933 0.007156
0.006749 0.006608
0.006678 0.006642
0.006627 0.006071
0.020711 0.014937
0.018427 0.015891
0.014685 0.013024
0.013766 0.012457
0.016155 0.014132
0.017778 0.015513
0.016418 0.014644
0.017801 0.016812
0.011957 0.011759
0.016767 0.015123
0.015592 0.014204
0.015609 0.014915
0.015079 0.014737
0.015801 0.015116
0.015417 0.015247
0.016166 0.015545
0.015347 0.014987
0.016064 0.015514
0.015249 0.015219
0.016265 0.015737
0.015749 0.015767
0.016042 0.015808
0.015482 0.015623
0.015959 0.015587
0.015501 0.015775
0.016065 0.015758
0.015544 0.015754
0.015920 0.015690
0.015430 0.015697
0.015747 0.015469
0.015136 0.014943
0.008248 0.006650
0.014496 0.014102
0.012946 0.012433
0.008505 0.007000
0.005362 0.004698
0.005953 0.005219
0.005121 0.004253
0.006954 0.006497
0.008512 0.008181
0.008718 0.008662
0.011111 0.011022
0.010054 0.011213
0.014634 0.014810
0.015175 0.015501
0.012202 0.011711
0.014056 0.015212
0.009715 0.013709
0.012040 0.011791
0.012226 0.011673
0.013727 0.015640
0.006714 0.013676
0.011418 0.011377
0.011309 0.010997
0.013430 0.015561
0.012340 0.013695
0.010504 0.010763
0.011112 0.011077
0.013451 0.015143
0.012507 0.013751
0.010959 0.011120
0.011485 0.011549
0.013224 0.011574
0.012556 0.012500
0.011291 0.011152
0.010682 0.010022
0.015421 0.013959
0.014478 0.015593
0.011617 0.012950
0.012592 0.013809
0.013681 0.014689
0.023522 0.017539
0.016049 0.015192
0.012957 0.013681
0.017713 0.017049
0.015730 0.016971
0.012507 0.013168
0.013203 0.014189
0.017409 0.017046
0.014441 0.015775
0.012783 0.014057
0.017511 0.017306
0.013437 0.014183
0.013855 0.015203
0.018433 0.017660
0.013951 0.015284
0.012393 0.013020
0.012226 0.012237
0.016396 0.016618
0.013871 0.014991
0.011645 0.011385
0.011783 0.011551
0.012740 0.013287
0.011991 0.011692
0.026817 0.020881
0.014894 0.014170
0.012448 0.012573
0.010839 0.010120
0.010930 0.010264
0.014707 0.015483
0.012799 0.013268
0.010609 0.009922
0.011377 0.010622
0.014333 0.014638
0.012543 0.012688
0.010924 0.010593
0.010993 0.010304
0.013812 0.014547
0.011952 0.012225
0.010751 0.010253
0.010713 0.010165
0.012443 0.012315
0.011055 0.010576
0.006538 0.005712
0.006722 0.003942
0.011471 0.010352
0.011796 0.010602
0.007391 0.005122
0.007513 0.006897
0.006730 0.003928
0.008993 0.009485
0.010553 0.011855
0.013271 0.013260
0.020118 0.019806
0.009710 0.010624
0.009706 0.010153
0.018124 0.017572
0.009385 0.009991
0.007927 0.008667
0.007842 0.007933
0.013629 0.014205
0.008471 0.009372
0.006990 0.007222
0.007545 0.007684
0.013282 0.014719
0.009802 0.010484
0.007181 0.007294
0.007716 0.007746
0.012195 0.013425
0.009835 0.010791
0.007468 0.007796
0.007562 0.007551
0.017084 0.013432
0.009614 0.009653
0.007618 0.007556
0.008261 0.007707
0.014359 0.012843
0.014612 0.013959
0.011748 0.011361
0.012215 0.012027
0.012619 0.013077
0.012098 0.011913
0.011860 0.012363
0.011081 0.010970
0.012909 0.013356
0.012715 0.012972
0.011217 0.011144
0.011668 0.011756
0.013390 0.013650
0.013538 0.014070
0.011702 0.011869
0.012356 0.012527
0.013195 0.013566
0.012942 0.013165
0.011584 0.011594
0.011585 0.011369
0.014484 0.014419
0.013752 0.014167
0.011410 0.011451
0.012244 0.012367
0.012024 0.012277
0.005427 0.005939
0.005800 0.003999
0.005797 0.003973
0.005784 0.003913
0.006719 0.005124
0.006436 0.006398
0.006292 0.005273
0.006719 0.004601
0.006394 0.006512
0.008079 0.007536
0.007520 0.007982
0.009961 0.009380
0.008013 0.009744
0.013396 0.013110
0.011490 0.012441
0.008868 0.009542
0.009382 0.009286
0.014438 0.014441
0.011401 0.011683
0.009493 0.009699
0.009957 0.009594
0.013178 0.014068
0.011480 0.011787
0.009254 0.009284
0.009084 0.008928
0.013277 0.012104
0.010891 0.010496
0.009744 0.009136
0.013337 0.012159
0.014905 0.014292
0.013490 0.013090
0.013878 0.013838
0.015102 0.015713
0.014842 0.015078
0.013407 0.013007
0.013247 0.013080
0.013508 0.012188
0.011962 0.011318
0.012516 0.012673
0.013798 0.014466
0.010878 0.011156
0.010854 0.010737
0.013152 0.013238
0.013669 0.015235
0.011144 0.011714
0.010962 0.011418
0.015729 0.015315
0.012740 0.013624
0.009818 0.012172
0.011379 0.011028
0.014206 0.014346
0.012091 0.012011
0.010786 0.010449
0.010801 0.010209
0.013232 0.014077
0.012025 0.011886
0.010411 0.009732
0.010148 0.009396
0.015290 0.012317
0.010780 0.010402
0.010920 0.010484
0.010927 0.010860
0.009607 0.008066
0.014047 0.013046
0.010070 0.010330
0.009591 0.009949
0.009979 0.009891
0.009512 0.009003
0.012200 0.014209
0.010669 0.011084
0.009932 0.010081
0.009366 0.009679
0.009902 0.009908
0.011998 0.013604
0.011970 0.012464
0.010115 0.010139
0.010547 0.010417
0.010754 0.010553
0.010401 0.010448
0.010195 0.009735
0.011560 0.010622
0.009849 0.009792
0.008895 0.008333
0.010677 0.010491
0.011072 0.011357
0.010580 0.010925
0.010919 0.011332
0.011065 0.011659
0.011939 0.012549
0.011022 0.011511
0.012049 0.012725
0.011070 0.010744
0.010856 0.011726
0.012306 0.013084
0.010390 0.011083
0.011885 0.013138
0.010172 0.010860
0.011654 0.012564
0.010162 0.010865
0.011771 0.012540
0.011201 0.011807
0.011735 0.012264
0.010788 0.010848
0.054248 0.032718
0.014236 0.012874
0.020473 0.017835
0.015344 0.014002
0.014702 0.013993
0.022740 0.020779
0.014526 0.014198
0.019533 0.023071
0.017137 0.018503
0.014915 0.014081
0.015251 0.014841
0.018557 0.021832
0.014619 0.014445
0.012789 0.012100
0.017220 0.017377
0.015874 0.016109
0.015234 0.015436
0.012233 0.011732
0.013050 0.014276
0.011913 0.011768
0.012765 0.013046
0.012805 0.013547
0.012658 0.012146
0.013278 0.014506
0.013580 0.014790
0.012621 0.012205
0.012212 0.012081
0.013502 0.014922
0.013537 0.015057
0.012345 0.012541
0.012137 0.012039
0.013918 0.014787
0.013137 0.013986
0.012006 0.011623
0.012529 0.012608
0.013179 0.013920
0.012126 0.012131
0.013643 0.014592
0.013139 0.013989
0.012106 0.011766
0.012701 0.012301
0.013703 0.015318
0.013586 0.014248
0.012988 0.012794
0.013193 0.012803
0.011906 0.012180
0.009975 0.019391
0.013064 0.013522
0.011646 0.011791
0.011889 0.011219
0.011695 0.011010
0.014881 0.015293
0.012924 0.013051
0.011532 0.011184
0.011473 0.011044
0.014646 0.014189
0.010380 0.010423
0.015811 0.014826
0.013036 0.012762
0.011382 0.010855
0.011038 0.010755
0.015365 0.014891
0.012907 0.012371
0.011304 0.010704
0.011444 0.010633
0.013396 0.012694
0.012343 0.011768
0.010631 0.010168
0.010639 0.009988
0.009494 0.009035
0.009795 0.009060
0.011555 0.009296
0.010172 0.010015
0.010681 0.009866
0.011358 0.010480
0.010929 0.010306
0.011397 0.010576
0.009684 0.010210
0.010684 0.010335
0.011471 0.011161
0.010788 0.011058
0.011750 0.011561
0.011473 0.011423
0.011295 0.011050
0.012224 0.011852
0.011266 0.011138
0.012743 0.012393
0.012829 0.012822
0.010876 0.010747
0.010919 0.010630
0.012872 0.012926
0.012496 0.012618
0.011319 0.010773
0.011502 0.011254
0.012373 0.012232
0.012814 0.012664
0.011292 0.010928
0.011306 0.010993
0.012285 0.011834
0.012612 0.012428
0.011128 0.010889
0.011324 0.011268
0.017870 0.017524
0.013470 0.012332
0.011301 0.011437
0.010740 0.010288
0.010712 0.010282
0.013898 0.013892
0.012084 0.012194
0.010675 0.010310
0.010803 0.010341
0.014044 0.014143
0.012109 0.012242
0.010819 0.010598
0.010888 0.010661
0.014627 0.014479
0.011695 0.011767
0.010111 0.010042
0.010063 0.010055
0.012429 0.013865
0.011148 0.011286
0.010803 0.009616
0.010110 0.009539
0.012008 0.012938
0.011180 0.011353
0.010542 0.009555
0.010057 0.009227
0.011218 0.011218
0.011133 0.011362
0.010037 0.008816
0.009142 0.005715
0.008483 0.004124
0.009065 0.003950
0.010879 0.009297
0.009129 0.004541
0.008787 0.005194
0.010173 0.007514
0.011814 0.013658
0.007892 0.008331
0.014628 0.016758
0.008418 0.008552
0.017127 0.019318
0.008842 0.008425
0.019040 0.019532
0.010399 0.010516
0.010178 0.010480
0.009333 0.009449
0.016406 0.017451
0.010846 0.011143
0.008796 0.009081
0.009400 0.009596
0.015906 0.016694
0.010841 0.010944
0.008950 0.009167
0.009295 0.009499
0.015342 0.016231
0.010805 0.011190
0.008979 0.008910
0.009214 0.009434
0.015143 0.015690
0.010582 0.010939
0.008583 0.008867
0.009320 0.009523
0.014215 0.014827
0.010857 0.011050
0.008636 0.008767
0.008783 0.009080
0.012056 0.012403
0.010787 0.010844
0.008563 0.008664
0.009004 0.009113
0.009416 0.009353
0.009182 0.009287
0.018701 0.017434
0.012456 0.012157
0.010282 0.011110
0.008796 0.008971
0.008984 0.009434
0.011978 0.011972
0.009323 0.009710
0.013365 0.013688
0.011771 0.012684
0.009734 0.010090
0.009630 0.010144
0.012743 0.012689
0.012716 0.013827
0.010497 0.010707
0.010604 0.011243
0.012946 0.012847
0.011739 0.012240
0.011160 0.011905
0.009984 0.010094
0.012601 0.013004
0.011934 0.012455
0.009868 0.009897
0.010012 0.010201
0.009979 0.009771
0.019191 0.018053
0.014869 0.013173
0.012264 0.012220
0.010526 0.010432
0.010913 0.010293
0.015088 0.014509
0.012620 0.012222
0.010909 0.010340
0.011469 0.010790
0.015515 0.014770
0.012606 0.012160
0.011225 0.010723
0.010828 0.010117
0.015398 0.014647
0.012146 0.011495
0.009605 0.009139
0.009434 0.009042
0.014870 0.014806
0.011618 0.011192
0.009268 0.008991
0.009107 0.008802
0.013952 0.013387
0.011289 0.011391
0.009260 0.009005
0.009267 0.008962
0.011181 0.011029
0.011957 0.012019
0.009456 0.009322
0.026852 0.027036
0.018027 0.018518
0.013833 0.015573
0.011305 0.012034
0.011379 0.011769
0.017039 0.019710
0.013817 0.015143
0.011110 0.011719
0.011500 0.011851
0.016962 0.018555
0.013836 0.014664
0.011322 0.011580
0.011993 0.012195
0.017136 0.018539
0.014208 0.014830
0.011936 0.012124
0.011585 0.011888
0.015023 0.015629
0.011813 0.012236
0.011867 0.012035
0.011625 0.012616
0.011504 0.011073
0.012631 0.012268
0.022249 0.020672
0.016780 0.015314
0.013452 0.013649
0.011451 0.011190
0.011860 0.011335
0.016433 0.015721
0.012859 0.012627
0.011404 0.010925
0.011552 0.010965
0.015824 0.015295
0.012829 0.012651
0.011359 0.010586
0.011207 0.010752
0.013773 0.012902
0.011431 0.010850
0.012758 0.011794
0.013611 0.013246
0.011138 0.011034
0.011051 0.010381
0.012047 0.011776
0.011097 0.010685
0.009393 0.009440
0.011972 0.012027
0.009185 0.009378
0.011745 0.011819
0.008128 0.008166
0.012522 0.012879
0.010103 0.010434
0.007899 0.007988
0.007925 0.008205
0.012019 0.012415
0.008117 0.008243
0.011126 0.011304
0.008251 0.008458
0.015068 0.013557
0.015276 0.014012
0.015316 0.014485
0.015208 0.015354
0.015609 0.015427
0.014467 0.013971
0.015264 0.014583
0.013978 0.014472
0.013842 0.013938
0.014735 0.015061
0.012123 0.012352
0.015043 0.015249
0.012918 0.013388
0.014716 0.014679
0.012340 0.012671
0.015351 0.015200
0.012288 0.012608
0.014913 0.014636
0.012772 0.012890
0.015704 0.015327
0.012401 0.012501
0.015564 0.015224
0.012497 0.012576
0.016769 0.016290
0.015370 0.015934
0.012645 0.013193
0.011847 0.013046
0.020381 0.017868
0.015293 0.015395
0.012424 0.012795
0.012224 0.011165
0.017355 0.017698
0.015810 0.016346
0.013735 0.012897
0.016272 0.016199
0.011827 0.012409
0.016579 0.017394
0.011217 0.012339
0.014777 0.015636
0.011382 0.011982
0.015059 0.015336
0.016052 0.015602
0.013736 0.014597
0.014539 0.014504
0.012095 0.012677
0.013886 0.014264
0.014108 0.014560
0.012453 0.012866
0.012669 0.012942
0.016760 0.016279
0.011263 0.010795
0.015566 0.015215
0.013063 0.013117
0.014150 0.014678
0.017892 0.018349
0.010370 0.013650
0.014647 0.015528
0.011113 0.011734
0.010940 0.011638
0.009513 0.010153
0.013204 0.013404
0.012568 0.013216
0.016903 0.016985
0.014395 0.014238
0.013067 0.012926
0.016875 0.016614
0.013713 0.013847
0.014148 0.014087
0.012558 0.012515
0.014002 0.013038
0.011465 0.009695
0.012637 0.012141
0.014675 0.014723
0.011194 0.011293
0.010711 0.010933
0.014732 0.015789
0.012730 0.012937
0.011021 0.010839
0.010695 0.010439
0.013033 0.013832
0.012020 0.012110
0.010000 0.009581
0.010190 0.009667
0.013828 0.012333
0.010684 0.009008
0.010218 0.008884
0.010574 0.009466
0.013462 0.013194
0.011512 0.011204
0.010029 0.009598
0.009861 0.009090
0.013493 0.013980
0.011939 0.012088
0.009681 0.009405
0.010292 0.009835
0.013583 0.014080
0.012023 0.012122
0.010328 0.010185
0.010610 0.010311
0.013398 0.013196
0.012005 0.011665
0.010130 0.009875
0.009603 0.009136
0.011746 0.011825
0.012028 0.011901
0.009715 0.009579
0.009721 0.009295
0.014344 0.014027
0.012520 0.013015
0.012129 0.012635
0.013762 0.014154
0.012704 0.012864
0.014242 0.014862
0.013489 0.013756
0.013875 0.014397
0.012531 0.012832
0.013034 0.013571
0.012594 0.012866
0.011938 0.012366
0.010063 0.011190
0.013283 0.013829
0.010825 0.011487
0.014349 0.014846
0.014731 0.015276
0.012651 0.013168
0.015346 0.015715
0.014195 0.014721
0.013099 0.013710
0.013981 0.014805
0.013150 0.013887
0.014049 0.014567
0.013630 0.014556
0.017719 0.016427
0.015781 0.015341
0.015105 0.015281
0.013171 0.013243
0.017893 0.017894
0.014942 0.014977
0.015511 0.015081
0.010346 0.010543
0.010940 0.011215
0.008874 0.009279
0.010871 0.011491
0.010384 0.010691
0.011285 0.011438
0.011703 0.012208
0.012182 0.013197
0.011467 0.011720
0.014350 0.013203
0.012790 0.012597
0.011313 0.011555
0.009737 0.009531
0.010131 0.009858
0.013039 0.013842
0.011596 0.012038
0.010045 0.009769
0.010028 0.009577
0.013338 0.013638
0.011648 0.011744
0.009580 0.009141
0.010138 0.009903
0.013195 0.013325
0.011568 0.011475
0.010191 0.009996
0.010031 0.009823
0.013073 0.013363
0.011917 0.012223
0.010612 0.011014
0.010750 0.010980
0.012564 0.012362
0.011452 0.011387
0.009955 0.009895
0.009812 0.009479
0.011799 0.011751
0.009455 0.009162
0.006153 0.005177
0.010537 0.009760
0.009372 0.008801
0.006210 0.003914
0.006816 0.006051
0.006412 0.004156
0.006739 0.005149
0.006091 0.004004
0.008051 0.007952
0.009267 0.009326
0.010972 0.010613
0.014452 0.013680
0.010447 0.010238
0.017055 0.015989
0.013549 0.013304
0.013413 0.013519
0.011253 0.011019
0.012452 0.011942
0.019014 0.016413
0.013354 0.012483
0.012819 0.013074
0.010879 0.010836
0.016936 0.016089
0.013785 0.013705
0.013499 0.013638
0.011181 0.011280
0.011302 0.010914
0.013687 0.014125
0.013558 0.013517
0.011076 0.011134
0.011756 0.011557
0.013206 0.013343
0.013051 0.013107
0.011245 0.011358
0.011441 0.011081
0.012350 0.012739
0.012384 0.012711
0.011050 0.010874
0.011353 0.011237
0.012568 0.012929
0.012136 0.012825
0.010727 0.011232
0.011280 0.011278
0.012083 0.012580
0.011201 0.011338
0.012208 0.011893
0.011306 0.011430
0.012769 0.012610
0.010022 0.009802
0.012798 0.013180
0.011126 0.011355
0.012870 0.013302
0.011294 0.011528
0.012815 0.013636
0.010484 0.010876
0.013054 0.014120
0.010036 0.010643
0.013711 0.014839
0.012555 0.013094
0.009643 0.010088
0.010073 0.010352
0.013312 0.014757
0.012042 0.013125
0.009626 0.010007
0.009944 0.010157
0.013094 0.012227
0.011875 0.011725
0.009935 0.009872
0.011536 0.010606
0.014930 0.014392
0.012890 0.012367
0.011917 0.012272
0.011913 0.011820
0.012351 0.011640
0.013604 0.013093
0.012611 0.012161
0.012666 0.012208
0.012492 0.012367
0.012378 0.011904
0.013241 0.012590
0.010709 0.010031
0.013076 0.012539
0.012627 0.012596
0.010897 0.010777
0.011277 0.011097
0.012873 0.012609
0.012200 0.012612
0.011082 0.011178
0.010891 0.010785
0.012144 0.012192
0.011762 0.012178
0.010795 0.010711
0.011280 0.011202
0.011501 0.011347
0.011428 0.011766
0.010124 0.010365
0.013883 0.014204
0.011743 0.012210
0.013240 0.013446
0.011660 0.011741
0.012808 0.013084
0.012028 0.012064
0.013572 0.014075
0.012494 0.012627
0.015434 0.015821
0.012107 0.012061
0.015346 0.016047
0.018920 0.018099
0.022655 0.020688
0.019858 0.019445
0.016393 0.015577
0.016600 0.016420
0.019304 0.020495
0.019115 0.017952
0.015711 0.015476
0.012845 0.014659
0.016104 0.017923
0.018591 0.017991
0.015178 0.014990
0.015146 0.014797
0.012017 0.011940
0.011305 0.010833
0.012842 0.012811
0.011142 0.010785
0.011367 0.010755
0.014335 0.014754
0.014094 0.014334
0.013807 0.014257
0.012805 0.012617
0.015293 0.015339
0.014263 0.014793
0.012482 0.012738
0.011970 0.012055
0.015056 0.015189
0.013135 0.013326
0.013127 0.013490
0.013110 0.013412
0.012695 0.012728
0.012690 0.014696
0.012079 0.012082
0.012093 0.012511
0.015638 0.015805
0.013713 0.013957
0.011695 0.011715
0.010959 0.010670
0.013750 0.013638
0.013741 0.013937
0.011524 0.011693
0.014102 0.015058
0.013421 0.012201
0.012034 0.011933
0.010626 0.010592
0.010812 0.010939
0.014170 0.013968
0.012217 0.011874
0.010846 0.010625
0.010494 0.010175
0.013821 0.013885
0.011853 0.011452
0.009969 0.009326
0.010076 0.009758
0.013349 0.013434
0.012083 0.011693
0.010128 0.009471
0.010389 0.010316
0.013546 0.013283
0.012156 0.011741
0.010380 0.010067
0.009918 0.009668
0.012806 0.012453
0.009708 0.009434
0.006753 0.005269
0.005051 0.003853
0.010850 0.008945
0.011701 0.009602
0.007387 0.005148
0.006028 0.005943
0.007252 0.005269
0.009604 0.009061
0.006922 0.007399
0.013532 0.014170
0.006556 0.007217
0.015042 0.015264
0.006769 0.007186
0.018067 0.017389
0.010725 0.010533
0.007745 0.008254
0.007773 0.007914
0.016823 0.016286
0.008471 0.008926
0.007094 0.007475
0.007778 0.007927
0.016119 0.016592
0.009275 0.009709
0.007139 0.007495
0.007890 0.008069
0.016184 0.016261
0.010275 0.010613
0.006979 0.007259
0.008108 0.008244
0.015780 0.016025
0.009896 0.010593
0.007192 0.007495
0.007730 0.007866
0.015516 0.015329
0.010171 0.010603
0.007535 0.007725
0.007447 0.007604
0.014717 0.014955
0.009788 0.010294
0.007271 0.007495
0.007378 0.007399
0.010482 0.011222
0.009235 0.009770
0.007163 0.007309
0.008234 0.008234
0.016586 0.015123
0.008502 0.006870
0.007281 0.007077
0.013597 0.014132
0.010110 0.010643
0.008059 0.008121
0.007876 0.008015
0.013615 0.014564
0.010336 0.010928
0.008755 0.008878
0.008681 0.008947
0.013664 0.014233
0.010019 0.010266
0.007899 0.007870
0.007861 0.007814
0.013115 0.013900
0.010076 0.010414
0.008242 0.008223
0.008067 0.008045
0.011509 0.011189
0.009826 0.009466
0.009291 0.009406
0.008470 0.008782
0.008838 0.007943
0.012927 0.012932
0.009918 0.010015
0.009979 0.009879
0.013185 0.014602
0.011679 0.012460
0.009580 0.009418
0.009797 0.009388
0.013785 0.015100
0.011416 0.012060
0.009389 0.009401
0.009411 0.009019
0.013904 0.014758
0.010551 0.010906
0.009135 0.009143
0.008831 0.008556
0.013358 0.014234
0.011131 0.011257
0.008573 0.008464
0.008886 0.008632
0.013323 0.013712
0.010647 0.010813
0.008466 0.008437
0.008843 0.008693
0.013192 0.013910
0.010909 0.011087
0.008207 0.008203
0.008453 0.008414
0.012820 0.013603
0.011023 0.011214
0.008496 0.008303
0.008815 0.008744
0.010758 0.011111
0.009832 0.010100
0.008800 0.009232
0.008938 0.009143
0.009263 0.008926
0.017836 0.022265
0.015197 0.013857
0.010455 0.010768
0.007251 0.007664
0.007406 0.007740
0.015321 0.016046
0.010242 0.011148
0.007902 0.008235
0.008075 0.008132
0.014317 0.014467
0.007791 0.008014
0.014599 0.015111
0.010361 0.010470
0.007776 0.007940
0.007878 0.007966
0.013924 0.014195
0.007896 0.008044
0.014732 0.015281
0.009917 0.010142
0.007954 0.007998
0.007818 0.007811
0.014159 0.014312
0.009881 0.010106
0.007852 0.007787
0.007719 0.007910
0.013592 0.013546
0.008191 0.008242
0.012630 0.012941
0.009688 0.009752
0.007780 0.007871
0.007527 0.007611
0.009656 0.010394
0.007815 0.008036
0.019670 0.020199
0.014358 0.013470
0.011350 0.012041
0.008753 0.008901
0.008842 0.008571
0.013982 0.014503
0.010903 0.011519
0.008285 0.008370
0.008459 0.008284
0.013376 0.014297
0.010791 0.011485
0.008449 0.008456
0.008225 0.008074
0.013591 0.014116
0.010662 0.011004
0.008449 0.008126
0.008367 0.008318
0.013501 0.014062
0.011219 0.011431
0.008570 0.008406
0.008703 0.008457
0.013599 0.013870
0.011219 0.011404
0.008524 0.008207
0.008500 0.008413
0.013570 0.013946
0.011021 0.011100
0.008760 0.008609
0.008688 0.008632
0.013750 0.013934
0.010760 0.010927
0.008371 0.008119
0.007940 0.007927
0.013692 0.013844
0.011077 0.011319
0.008358 0.007992
0.008225 0.008172
0.013594 0.013838
0.011151 0.011377
0.008562 0.008530
0.008102 0.007908
0.013770 0.013806
0.011224 0.011265
0.008392 0.008295
0.008742 0.008533
0.013604 0.013686
0.011398 0.011363
0.008466 0.008309
0.008772 0.008905
0.013308 0.013150
0.011157 0.011025
0.007969 0.007944
0.008634 0.008487
0.008529 0.006755
0.010065 0.010033
0.008543 0.008052
0.008237 0.008135
0.007855 0.008321
0.006940 0.007921
0.008151 0.007573
0.007515 0.007705
0.006747 0.006721
0.006983 0.007611
0.006548 0.007463
0.006833 0.007847
0.006268 0.006848
0.006266 0.006664
0.006230 0.006781
0.006601 0.006641
0.006588 0.006708
0.006605 0.006093
0.006438 0.006523
0.006463 0.006492
0.006557 0.005931
0.006489 0.006667
0.007091 0.006640
0.006930 0.006587
0.006278 0.005646
0.006335 0.005806
0.006543 0.006305
0.006592 0.006141
0.006220 0.005595
0.006250 0.005716
0.006836 0.006336
0.027903 0.023452
0.011102 0.009907
0.007070 0.007476
0.012983 0.011920
0.009441 0.010030
0.006456 0.006593
0.006832 0.007450
0.010598 0.011134
0.009321 0.011070
0.007041 0.009776
0.008864 0.009470
0.008521 0.010023
0.008551 0.008118
0.020157 0.018178
0.014416 0.013239
0.011174 0.011589
0.009240 0.009843
0.009411 0.009381
0.014630 0.015370
0.011560 0.012445
0.008582 0.008862
0.009506 0.009358
0.014351 0.014907
0.011617 0.012011
0.009767 0.009568
0.010084 0.009625
0.014664 0.014997
0.011781 0.012036
0.010315 0.009996
0.010571 0.010363
0.014468 0.014698
0.011676 0.011903
0.008594 0.008847
0.010035 0.009731
0.014787 0.014859
0.012780 0.013062
0.010782 0.010372
0.010721 0.010328
0.014263 0.014297
0.012789 0.012844
0.010638 0.010181
0.010908 0.010501
0.007731 0.006839
0.011694 0.011301
0.009779 0.009550
0.009118 0.008425
0.009161 0.008203
0.008402 0.007999
0.007646 0.007670
0.007375 0.007733
0.006784 0.006680
0.006955 0.007433
0.006636 0.007013
0.006942 0.007106
0.006286 0.006631
0.006491 0.006533
0.006144 0.006666
0.006054 0.006550
0.006110 0.006437
0.006210 0.006599
0.006673 0.006951
0.006994 0.006769
0.006200 0.006566
0.006063 0.006410
0.006298 0.006633
0.007083 0.007048
0.006496 0.006444
0.006924 0.007108
0.006342 0.006627
0.006283 0.006419
0.006346 0.006061
0.011765 0.010057
0.011834 0.010947
0.011646 0.011082
0.013634 0.012184
0.013567 0.012851
0.011537 0.011373
0.010814 0.010314
0.013482 0.012441
0.013054 0.012655
0.010725 0.010369
0.011013 0.010478
0.012410 0.011995
0.013059 0.013004
0.010834 0.010544
0.011184 0.010708
0.012046 0.011982
0.012912 0.012876
0.010654 0.010464
0.010811 0.010528
0.011227 0.011449
0.012819 0.012911
0.010507 0.010186
0.011108 0.010870
0.016364 0.014738
0.010026 0.008076
0.010599 0.009904
0.014848 0.015350
0.012907 0.013118
0.011073 0.010585
0.011164 0.011237
0.013625 0.013989
0.011400 0.011813
0.014833 0.015445
0.014226 0.014481
0.012042 0.011900
0.012070 0.012347
0.014293 0.014486
0.014210 0.014570
0.012298 0.012190
0.012139 0.012242
0.013115 0.013130
0.011823 0.011749
0.007128 0.007213
0.012332 0.011678
0.012069 0.011351
0.007367 0.008253
0.007562 0.008091
0.006815 0.007555
0.007077 0.007766
0.006359 0.006995
0.006912 0.007082
0.007338 0.007541
0.007112 0.007850
0.006714 0.006715
0.006477 0.006497
0.007496 0.006658
0.006635 0.006372
0.006734 0.005676
0.006256 0.005764
0.007449 0.006792
0.006927 0.006569
0.006877 0.006547
0.006435 0.005977
0.006636 0.006370
0.006688 0.006623
0.006669 0.005828
0.006693 0.006670
0.006585 0.006492
0.006517 0.006403
0.006032 0.005644
0.006431 0.006079
0.030762 0.030633
0.018658 0.018347
0.013682 0.013400
0.011574 0.011003
0.011813 0.011501
0.018367 0.019323
0.013517 0.013115
0.011216 0.010563
0.012025 0.011513
0.017460 0.018686
0.013379 0.013299
0.012544 0.011921
0.011399 0.011477
0.016875 0.016589
0.013688 0.013511
0.012255 0.011267
0.011489 0.011571
0.013202 0.011626
0.013774 0.012841
0.012104 0.011613
0.012211 0.011902
0.019305 0.017753
0.015625 0.013749
0.011624 0.011692
0.010503 0.011114
0.010873 0.010845
0.015747 0.014373
0.011961 0.011787
0.010304 0.010872
0.011021 0.010568
0.015319 0.013998
0.011967 0.011551
0.010449 0.010613
0.010564 0.010460
0.014126 0.012791
0.011665 0.011477
0.010061 0.010339
0.010677 0.010458
0.011681 0.011330
0.012652 0.012619
0.010676 0.010672
0.011334 0.010913
0.014107 0.013896
0.014233 0.013553
0.013179 0.013194
0.011445 0.011652
0.011364 0.011622
0.014144 0.014632
0.013376 0.013569
0.010483 0.010755
0.011026 0.011318
0.012678 0.012584
0.013340 0.013416
0.011302 0.011394
0.011766 0.011947
0.011418 0.011230
0.008851 0.010157
0.010040 0.009630
0.009318 0.010547
0.010934 0.010632
0.009735 0.010569
0.011808 0.012479
0.010563 0.011048
0.011955 0.011784
0.011552 0.012457
0.012845 0.012572
0.012526 0.013317
0.011249 0.011762
0.010821 0.011342
0.013019 0.013358
0.012091 0.013028
0.010968 0.011224
0.010770 0.011095
0.013591 0.013662
0.012031 0.012723
0.010561 0.010702
0.010154 0.010051
0.013012 0.013373
0.012201 0.013041
0.010444 0.010347
0.010717 0.010809
0.010828 0.010639
0.011693 0.011761
0.010578 0.010639
0.008993 0.007791
0.011995 0.012001
0.009361 0.009186
0.009848 0.009591
0.012627 0.013741
0.011181 0.011358
0.009327 0.008862
0.009087 0.008829
0.012266 0.013308
0.011024 0.011163
0.008859 0.008411
0.009336 0.009160
0.011509 0.012521
0.011183 0.011762
0.009058 0.008795
0.009267 0.008791
0.012441 0.012789
0.011423 0.011860
0.008904 0.008991
0.012399 0.013261
0.010920 0.011753
0.008947 0.009077
0.009482 0.009522
0.012454 0.013280
0.011411 0.012549
0.009767 0.009934
0.010389 0.010741
0.012151 0.012755
0.010936 0.011329
0.011938 0.012538
0.010595 0.011015
0.012202 0.012425
0.012324 0.013380
0.010640 0.011255
0.010664 0.011004
0.011341 0.011487
0.010467 0.010627
0.011138 0.011307
0.010128 0.010449
0.011346 0.012052
0.011005 0.011718
0.011590 0.012396
0.010705 0.011635
0.011888 0.012970
0.010742 0.011366
0.013134 0.014181
0.011838 0.013022
0.010280 0.010779
0.009634 0.009784
0.012599 0.013711
0.011162 0.011995
0.009066 0.008832
0.009319 0.009042
0.011819 0.012750
0.009506 0.009587
0.012522 0.013265
0.011981 0.012909
0.009670 0.009487
0.010104 0.010105
0.017849 0.012705
0.011254 0.011031
0.010116 0.009918
0.012271 0.009802
0.016649 0.014095
0.011264 0.010322
0.012486 0.011667
0.013354 0.014347
0.013500 0.013313
0.011241 0.010475
0.012278 0.011389
0.015403 0.013759
0.012567 0.011801
0.011379 0.011034
0.011387 0.010068
0.013684 0.014498
0.014361 0.014610
0.012059 0.012612
0.012339 0.012265
0.013847 0.014897
0.014159 0.015089
0.011952 0.012569
0.011201 0.012384
0.013165 0.014835
0.014174 0.014776
0.011933 0.012489
0.012495 0.012332
0.014955 0.014727
0.011184 0.010177
0.011949 0.012225
0.013621 0.014153
0.013452 0.013872
0.013523 0.013874
0.012789 0.012126
0.013696 0.013948
0.014133 0.014389
0.013412 0.013360
0.013006 0.012425
0.013762 0.013326
0.015583 0.016007
0.012871 0.013265
0.013427 0.013796
0.012952 0.012981
0.014191 0.014354
0.019462 0.017127
0.010898 0.009160
0.011133 0.010754
0.016624 0.016589
0.013334 0.013683
0.011946 0.011868
0.012748 0.012598
0.016640 0.016614
0.013975 0.014658
0.012227 0.012639
0.012946 0.012682
0.017252 0.016622
0.013976 0.014652
0.012297 0.012306
0.012793 0.012516
0.017207 0.016655
0.013051 0.013307
0.011986 0.012306
0.011898 0.011706
0.016042 0.016240
0.013507 0.013979
0.011969 0.012221
0.012287 0.011901
0.014739 0.014602
0.013804 0.014130
0.011736 0.011715
0.012156 0.012045
0.012280 0.011444
0.024830 0.029330
0.016387 0.016621
0.011810 0.011725
0.019284 0.019751
0.010448 0.010162
0.018892 0.018525
0.013910 0.014545
0.011506 0.012279
0.010182 0.011252
0.015280 0.015618
0.010339 0.011437
0.015500 0.015844
0.013292 0.014291
0.010408 0.011874
0.011906 0.011096
0.012575 0.011379
0.012028 0.011929
0.016172 0.012692
0.012681 0.011868
0.011529 0.010980
0.011662 0.009661
0.010753 0.009287
0.012666 0.012822
0.011576 0.011009
0.011375 0.009236
0.010548 0.009206
0.012739 0.012972
0.011236 0.009975
0.011032 0.009074
0.010426 0.008680
0.012595 0.012925
0.011154 0.010355
0.010951 0.009227
0.010325 0.009143
0.011941 0.012172
0.011062 0.010078
0.010594 0.008988
0.010141 0.008845
0.011895 0.012714
0.011136 0.010598
0.010338 0.008531
0.009914 0.008440
0.010216 0.008912
0.035397 0.037845
0.015150 0.016666
0.008568 0.007743
0.018563 0.021404
0.012390 0.014357
0.012095 0.010758
0.008541 0.011326
0.020345 0.022645
0.014089 0.014908
0.010323 0.011160
0.008540 0.008808
0.020439 0.022001
0.014296 0.014775
0.009759 0.010251
0.009195 0.009578
0.019657 0.020928
0.014201 0.014416
0.010891 0.010199
0.010642 0.010520
0.018758 0.019253
0.014507 0.015110
0.009434 0.009289
0.009876 0.010028
0.015410 0.015196
0.010757 0.010643
0.011647 0.012081
0.013771 0.012945
0.011479 0.011039
0.014875 0.012938
0.015921 0.015645
0.015717 0.014995
0.014892 0.014266
0.015184 0.014731
0.013446 0.013830
0.016353 0.016167
0.015650 0.014677
0.014667 0.013641
0.014732 0.014428
0.016835 0.015475
0.015422 0.014433
0.015750 0.015010
0.015364 0.014941
0.014792 0.013915
0.016453 0.015349
0.016009 0.016232
0.014617 0.014424
0.014702 0.014361
0.015540 0.015373
0.015050 0.014876
0.013637 0.013094
0.014115 0.014092
0.014174 0.014264
0.015003 0.014975
0.013628 0.013952
0.013963 0.014200
0.015831 0.012962
0.013340 0.013111
0.013899 0.013990
0.015082 0.013218
0.014456 0.012737
0.018315 0.017473
0.014700 0.012890
0.016927 0.016616
0.014556 0.013481
0.018298 0.017292
0.012678 0.012147
0.016700 0.016461
0.013411 0.013662
0.015710 0.013887
0.014238 0.015952
0.009659 0.009514
0.013138 0.012177
0.010869 0.011367
0.013443 0.012719
0.010742 0.011315
0.012697 0.011587
0.010629 0.011174
0.014131 0.012883
0.010559 0.010541
0.013504 0.011923
0.010834 0.010824
0.012963 0.011858
0.010481 0.010675
0.012518 0.012394
0.010610 0.010583
0.012996 0.012851
0.011964 0.012232
0.011761 0.011894
0.015400 0.015827
0.012040 0.011936
0.014392 0.014807
0.011692 0.011767
0.015014 0.015118
0.013447 0.012922
0.012482 0.012482
0.013081 0.013301
0.012615 0.012753
0.014843 0.014825
0.011413 0.011309
0.010930 0.011272
0.012543 0.012711
0.011543 0.012154
0.011018 0.011391
0.012586 0.013296
0.011582 0.011845
0.011304 0.011694
0.011780 0.012046
0.010844 0.011255
0.011234 0.011419
0.010656 0.010887
0.010915 0.011174
0.015216 0.014669
0.018227 0.016286
0.018469 0.018964
0.018890 0.018330
0.011741 0.011537
0.025616 0.025174
0.020626 0.020534
0.019518 0.019294
0.013439 0.013165
0.011643 0.011330
0.013704 0.013766
0.012962 0.012786
0.014436 0.014334
0.012866 0.012792
0.012150 0.012199
0.015404 0.015617
0.012841 0.013021
0.013300 0.013039
0.012490 0.012665
0.012752 0.012704
0.011524 0.011430
0.013466 0.013488
0.012358 0.011918
0.013680 0.012895
0.016185 0.015775
0.014383 0.014081
0.012191 0.012148
0.012612 0.012386
0.016287 0.016520
0.012687 0.013165
0.011975 0.012409
0.012831 0.011542
0.011838 0.011977
0.011385 0.011713
0.013715 0.014770
0.012035 0.013381
0.009344 0.010148
0.010325 0.011154
0.013947 0.015095
0.012641 0.014280
0.011776 0.011583
0.012451 0.012217
0.015161 0.016136
0.013938 0.015007
0.012313 0.012220
0.012706 0.012645
0.015498 0.016363
0.014531 0.015813
0.012231 0.012221
0.012908 0.012821
0.015716 0.016660
0.014751 0.015969
0.012889 0.012969
0.013061 0.012946
0.015876 0.017044
0.014699 0.015908
0.013249 0.013284
0.013318 0.013326
0.015889 0.016859
0.014856 0.016017
0.012388 0.012157
0.013399 0.013460
0.016204 0.016760
0.014863 0.016021
0.013246 0.013139
0.013480 0.013267
0.016191 0.016589
0.014888 0.015802
0.013127 0.012836
0.012817 0.012220
0.016000 0.016620
0.014490 0.015356
0.012841 0.012396
0.013067 0.012680
0.016039 0.016683
0.014560 0.015554
0.012675 0.012236
0.012974 0.012451
0.016109 0.016696
0.014570 0.015322
0.012703 0.012165
0.012037 0.011300
0.016066 0.016680
0.014411 0.015299
0.012462 0.011924
0.012693 0.012106
0.015727 0.016220
0.014217 0.014969
0.012424 0.011941
0.012680 0.012049
0.015355 0.015780
0.014309 0.015177
0.012796 0.012946
0.012613 0.011956
0.015907 0.016250
0.014698 0.015380
0.012572 0.011995
0.012801 0.012246
0.015936 0.016678
0.014493 0.015152
0.012532 0.011919
0.012611 0.012008
0.016043 0.016497
0.014341 0.014982
0.012203 0.011396
0.012531 0.011975
0.015726 0.015874
0.014373 0.014870
0.012377 0.011843
0.012413 0.011812
0.014765 0.015233
0.014208 0.014962
0.012140 0.011664
0.012048 0.011539
0.006682 0.005694
0.006915 0.004022
0.011607 0.010285
0.006874 0.003965
0.007642 0.005825
0.007614 0.005706
0.007683 0.005126
0.007435 0.005438
0.008294 0.006494
0.006972 0.004577
0.008153 0.006270
0.006597 0.005354
0.008960 0.007884
0.009395 0.007118
0.005636 0.005331
0.005773 0.005479
0.009051 0.008039
0.006604 0.006145
0.005772 0.005549
0.007220 0.006188
0.008276 0.008246
0.006388 0.006582
0.005665 0.005296
0.005741 0.005633
0.006501 0.005908
0.009660 0.009689
0.005895 0.006094
0.007649 0.007779
0.006373 0.007189
0.005903 0.006407
0.005851 0.006454
0.006007 0.006197
0.007648 0.007148
0.007258 0.006893
0.006004 0.006339
0.005948 0.005981
0.006073 0.006489
0.006242 0.006643
0.006075 0.005976
0.006043 0.006534
0.007720 0.007607
0.006521 0.006346
0.006021 0.006475
0.006033 0.006049
0.006108 0.006668
0.006976 0.007179
0.006190 0.006295
0.006076 0.006496
0.006865 0.006503
0.007204 0.006899
0.006077 0.006373
0.006099 0.006489
0.006643 0.006985
0.007079 0.007282
0.007400 0.006678
0.007447 0.006724
0.005969 0.006386
0.006081 0.006436
0.006145 0.006570
0.006100 0.006461
0.006790 0.006440
0.006949 0.007335
0.006216 0.006452
0.007087 0.006658
0.006210 0.006542
0.006040 0.006450
0.007055 0.007224
0.006606 0.008249
0.005801 0.007502
0.008192 0.009807
0.007133 0.006761
0.004843 0.006138
0.005826 0.005459
0.006104 0.005913
0.007618 0.007259
0.006282 0.006181
0.005707 0.005502
0.005647 0.005388
0.007583 0.007210
0.007190 0.006791
0.005831 0.005530
0.005721 0.005486
0.007473 0.007070
0.007360 0.007137
0.005823 0.005588
0.005726 0.005476
0.008136 0.007449
0.007831 0.007171
0.005868 0.005983
0.005953 0.006016
0.008007 0.007720
0.007311 0.006979
0.005709 0.005470
0.005687 0.005490
0.007298 0.006989
0.006607 0.006582
0.005720 0.005501
0.005646 0.005519
0.007758 0.007136
0.007127 0.006859
0.005611 0.005493
0.006465 0.006103
0.006926 0.006509
0.006253 0.007113
0.006837 0.006959
0.006083 0.006504
0.006418 0.006613
0.005059 0.005092
0.005497 0.005059
0.005365 0.005284
0.005413 0.005420
0.005558 0.005801
0.005573 0.005734
