0.022013 0.022013
0.049908 0.027895
0.091621 0.041713
0.133290 0.041669
0.174991 0.041701
0.216648 0.041657
0.258318 0.041670
0.299923 0.041606
0.341616 0.041693
0.383319 0.041703
0.424949 0.041630
0.466647 0.041698
0.508323 0.041676
0.549986 0.041663
0.591645 0.041659
0.633312 0.041667
0.674909 0.041598
0.716617 0.041708
0.758288 0.041671
0.799954 0.041666
0.841616 0.041662
0.883282 0.041667
0.924949 0.041667
0.966617 0.041668
1.008288 0.041671
1.049949 0.041661
1.091618 0.041669
1.133285 0.041668
1.174951 0.041666
1.216614 0.041662
1.258284 0.041670
1.299949 0.041665
1.341624 0.041675
1.383284 0.041660
1.424956 0.041672
1.466615 0.041659
1.508283 0.041668
1.549951 0.041668
1.591621 0.041669
1.633281 0.041661
1.674952 0.041670
1.716614 0.041662
1.758288 0.041675
1.799948 0.041660
1.841623 0.041675
1.883283 0.041660
1.924952 0.041669
1.966622 0.041671
2.008282 0.041660
2.049949 0.041666
2.091618 0.041669
2.133288 0.041670
2.174951 0.041663
2.216613 0.041662
2.258282 0.041669
2.299950 0.041668
2.341618 0.041668
2.383287 0.041669
2.424951 0.041664
2.466569 0.041618
2.508285 0.041716
2.549958 0.041673
2.591620 0.041662
2.633289 0.041669
2.674956 0.041666
2.716620 0.041665
2.758285 0.041665
2.799951 0.041666
2.841568 0.041617
2.883281 0.041713
2.924950 0.041669
2.966620 0.041669
3.008288 0.041669
3.049948 0.041660
3.091616 0.041668
3.133290 0.041673
3.174954 0.041665
3.216615 0.041661
3.258282 0.041667
3.299950 0.041668
3.341566 0.041616
3.383284 0.041718
3.424951 0.041668
3.466616 0.041664
3.508286 0.041670
3.549954 0.041669
3.591617 0.041663
3.633287 0.041670
3.674950 0.041663
3.716615 0.041665
3.758287 0.041673
3.799948 0.041660
3.841614 0.041667
3.883288 0.041674
3.924951 0.041662
3.966567 0.041616
4.008234 0.041667
4.049950 0.041715
4.091616 0.041666
4.133285 0.041669
4.174950 0.041665
4.216615 0.041665
4.258285 0.041670
4.299952 0.041667
4.341626 0.041674
4.383285 0.041660
4.424954 0.041669
4.476764 0.051810
4.508286 0.031522
4.565592 0.057306
4.612755 0.047163
4.764757 0.152002
4.799953 0.035196
4.952760 0.152807
5.133525 0.180765
5.174953 0.041428
5.442826 0.267873
5.530582 0.087756
5.591612 0.061031
5.720729 0.129116
5.944754 0.224026
6.114004 0.169249
6.279863 0.165859
6.337834 0.057971
6.526842 0.189009
6.560729 0.033887
6.598805 0.038076
6.820122 0.221317
6.910845 0.090724
6.966614 0.055768
7.008288 0.041674
7.049951 0.041663
7.091617 0.041666
7.180926 0.089309
7.356727 0.175801
7.413000 0.056273
7.448716 0.035717
7.476763 0.028047
7.698003 0.221240
7.748137 0.050134
7.799945 0.051808
7.841575 0.041630
7.944732 0.103156
7.986561 0.041829
8.015369 0.028809
8.140730 0.125360
8.174950 0.034220
8.294365 0.119415
8.361735 0.067370
8.390371 0.028636
8.424955 0.034584
8.548758 0.123803
8.620215 0.071457
8.674945 0.054730
8.716622 0.041677
8.768020 0.051397
8.828642 0.060623
8.883280 0.054638
8.924953 0.041672
8.966618 0.041665
9.008283 0.041665
9.049953 0.041670
9.196193 0.146240
9.293043 0.096850
9.400755 0.107712
9.456759 0.056004
9.518654 0.061895
9.642206 0.123552
9.728753 0.086546
9.760724 0.031972
9.813463 0.052739
9.896772 0.083309
9.924953 0.028181
9.966618 0.041665
10.016759 0.050140
10.050089 0.033330
10.091627 0.041538
10.133284 0.041657
10.174953 0.041669
10.223384 0.048431
10.261539 0.038155
10.302495 0.040956
10.346940 0.044445
10.383289 0.036350
10.424951 0.041662
10.466615 0.041664
10.508284 0.041669
10.549949 0.041666
10.591617 0.041668
10.633286 0.041669
10.674949 0.041663
10.716616 0.041666
10.758283 0.041667
10.799954 0.041671
10.846648 0.046694
10.883289 0.036641
10.924953 0.041664
10.966616 0.041663
11.008286 0.041670
11.049949 0.041663
11.091618 0.041669
11.133286 0.041667
11.174950 0.041664
11.216618 0.041669
11.258283 0.041665
11.299949 0.041666
11.341620 0.041671
11.383284 0.041664
11.424949 0.041665
11.466567 0.041617
11.508282 0.041715
11.549949 0.041667
11.591565 0.041616
11.633282 0.041717
11.674951 0.041669
11.716619 0.041668
11.758284 0.041665
11.806150 0.047866
11.841622 0.035472
11.889179 0.047557
11.940843 0.051664
11.966619 0.025776
12.072758 0.106139
12.091619 0.018861
12.178432 0.086813
12.283033 0.104601
12.377669 0.094636
12.433532 0.055864
12.473844 0.040311
12.515383 0.041539
12.604759 0.089376
12.633284 0.028525
12.712753 0.079469
12.786508 0.073755
12.861485 0.074977
12.964756 0.103272
13.019865 0.055108
13.049951 0.030086
13.130852 0.080901
13.195073 0.064221
13.256758 0.061685
13.312191 0.055433
13.417809 0.105618
13.503422 0.085613
13.568984 0.065562
13.624614 0.055630
13.682985 0.058371
13.764763 0.081778
13.864757 0.099994
13.919411 0.054654
13.975340 0.055928
14.008282 0.032943
14.049951 0.041669
14.091621 0.041669
14.133285 0.041664
14.174949 0.041664
14.216615 0.041666
14.258284 0.041669
14.299948 0.041665
14.341617 0.041669
14.383292 0.041675
14.431950 0.048658
14.466572 0.034622
14.512419 0.045847
14.549952 0.037533
14.591618 0.041666
14.633282 0.041664
14.674948 0.041666
14.716624 0.041676
14.758284 0.041660
14.799952 0.041668
14.841618 0.041666
14.883283 0.041666
14.924954 0.041670
14.966623 0.041669
15.008284 0.041662
15.049949 0.041665
15.091620 0.041671
15.133289 0.041670
15.174956 0.041666
15.216616 0.041660
15.258286 0.041671
15.299956 0.041670
15.341623 0.041667
15.383283 0.041660
15.424950 0.041667
15.466620 0.041670
15.508285 0.041665
15.549952 0.041666
15.591616 0.041665
15.633283 0.041667
15.674954 0.041671
16.070713 0.395760
16.323638 0.252925
16.439943 0.116304
16.487559 0.047616
16.513089 0.025530
16.549952 0.036863
16.591622 0.041670
16.731255 0.139633
16.784731 0.053476
16.819623 0.034892
16.841620 0.021997
17.036763 0.195143
17.108780 0.072017
17.145334 0.036554
17.174955 0.029620
17.356545 0.181590
17.408755 0.052210
17.466565 0.057810
17.508242 0.041677
17.617214 0.108972
17.683997 0.066783
17.721034 0.037037
17.758289 0.037255
17.887168 0.128880
17.945061 0.057893
17.972122 0.027060
18.008288 0.036167
18.132756 0.124468
18.199851 0.067094
18.258281 0.058431
18.299957 0.041676
18.361501 0.061544
18.383286 0.021784
18.424949 0.041663
18.466622 0.041674
18.508290 0.041667
18.549952 0.041662
18.591619 0.041667
18.633286 0.041667
18.674951 0.041665
18.716619 0.041668
18.758286 0.041667
18.799955 0.041669
18.841570 0.041615
18.883285 0.041715
18.924952 0.041668
18.966574 0.041621
19.008285 0.041711
19.049951 0.041666
19.091622 0.041671
19.134610 0.042989
19.174950 0.040339
19.216619 0.041669
19.258286 0.041667
19.310724 0.052438
19.341621 0.030897
19.383285 0.041664
19.424949 0.041664
19.466623 0.041674
19.508285 0.041663
19.549948 0.041663
19.591623 0.041675
19.633285 0.041662
19.674949 0.041664
19.716615 0.041666
19.758284 0.041669
19.799952 0.041669
19.841575 0.041623
19.883286 0.041711
19.924960 0.041675
19.966619 0.041659
20.008285 0.041666
20.049952 0.041667
20.091569 0.041617
20.133282 0.041713
20.174949 0.041667
20.216566 0.041617
20.258283 0.041718
20.299949 0.041666
20.341615 0.041666
20.383283 0.041667
20.424949 0.041667
20.466616 0.041667
20.508284 0.041669
20.549949 0.041665
20.591618 0.041669
20.633282 0.041664
20.674952 0.041670
20.716616 0.041664
20.758287 0.041671
20.799957 0.041669
20.841618 0.041662
20.883282 0.041664
20.924952 0.041670
20.966616 0.041664
21.008282 0.041666
21.049952 0.041670
21.091619 0.041667
21.133281 0.041662
21.174957 0.041675
21.216616 0.041660
21.258287 0.041671
21.299957 0.041670
21.341615 0.041659
21.383291 0.041676
21.424953 0.041662
21.466618 0.041665
21.508287 0.041669
21.550027 0.041740
21.591621 0.041594
21.633285 0.041665
21.674949 0.041664
21.716620 0.041670
21.758290 0.041670
21.813898 0.055608
21.932762 0.118864
22.052659 0.119897
22.260759 0.208100
22.433010 0.172251
22.659038 0.226028
22.706243 0.047205
22.888583 0.182339
22.924946 0.036363
22.966617 0.041671
23.008290 0.041673
23.076705 0.068416
23.121696 0.044991
23.174945 0.053249
23.216566 0.041621
23.258282 0.041716
23.299952 0.041670
23.341616 0.041664
23.383295 0.041679
23.424950 0.041655
23.466572 0.041623
23.508286 0.041714
23.549954 0.041668
23.591620 0.041667
23.633283 0.041663
23.674954 0.041671
23.716624 0.041670
23.758291 0.041666
23.799950 0.041659
23.841620 0.041671
23.883290 0.041670
23.924957 0.041667
23.966616 0.041659
24.008287 0.041671
24.049955 0.041668
24.091618 0.041663
24.133287 0.041670
24.174954 0.041666
24.216620 0.041667
24.258286 0.041665
24.299949 0.041663
24.341617 0.041669
24.383287 0.041670
24.424952 0.041665
24.466615 0.041663
24.508284 0.041669
24.549952 0.041668
24.591568 0.041616
24.633283 0.041715
24.674949 0.041666
24.716616 0.041667
24.758284 0.041668
24.799950 0.041665
24.841616 0.041666
24.883286 0.041670
24.924952 0.041666
24.966616 0.041664
25.008284 0.041668
25.049948 0.041664
25.091620 0.041672
25.133282 0.041662
25.174949 0.041667
25.216616 0.041667
25.258281 0.041665
25.299949 0.041668
25.341615 0.041666
25.383282 0.041666
25.424949 0.041667
25.466617 0.041668
25.508283 0.041666
25.549950 0.041667
25.591618 0.041669
25.633290 0.041671
25.674953 0.041663
25.716617 0.041664
25.774858 0.058241
25.820301 0.045443
25.875228 0.054927
25.968762 0.093534
26.008286 0.039524
26.049954 0.041667
26.162884 0.112930
26.226815 0.063931
26.322250 0.095435
26.383279 0.061029
26.424951 0.041673
26.466565 0.041614
26.508284 0.041719
26.549949 0.041665
26.591615 0.041666
26.633285 0.041671
26.674957 0.041671
26.716617 0.041661
26.758284 0.041667
26.799952 0.041667
26.841566 0.041614
26.883284 0.041718
26.924956 0.041672
26.966620 0.041664
27.008285 0.041666
27.049951 0.041666
27.091567 0.041616
27.133287 0.041720
27.174956 0.041670
27.216617 0.041661
27.258283 0.041666
27.299948 0.041665
27.341619 0.041671
27.383282 0.041664
27.424949 0.041667
27.466617 0.041668
27.508290 0.041673
27.562396 0.054107
27.594287 0.031891
27.633287 0.038999
27.674957 0.041670
27.716621 0.041664
27.758286 0.041665
27.837655 0.079370
27.883280 0.045624
27.924958 0.041678
27.966619 0.041662
28.060762 0.094142
28.091616 0.030855
28.133284 0.041668
28.196723 0.063440
28.272394 0.075670
28.304726 0.032332
28.341620 0.036894
28.396767 0.055148
28.480757 0.083990
28.512848 0.032091
28.549951 0.037103
28.597693 0.047741
28.633283 0.035590
28.674954 0.041671
28.727772 0.052818
28.816755 0.088983
28.921577 0.104822
29.024757 0.103180
29.119565 0.094808
29.205709 0.086143
29.330692 0.124983
29.405527 0.074835
29.504759 0.099232
29.608759 0.104000
29.695231 0.086472
29.796759 0.101528
29.912496 0.115737
30.007992 0.095496
30.094858 0.086866
30.176758 0.081900
30.288759 0.112001
30.376083 0.087324
30.456764 0.080681
30.508283 0.051520
30.564762 0.056478
30.645923 0.081161
30.682251 0.036329
30.725123 0.042871
30.767234 0.042111
30.799900 0.032666
30.841620 0.041720
30.883283 0.041663
30.924956 0.041672
30.966617 0.041661
31.008290 0.041673
31.049950 0.041660
31.091624 0.041674
31.133285 0.041662
31.174955 0.041670
31.216567 0.041612
31.258289 0.041722
31.299950 0.041661
31.341574 0.041624
31.383283 0.041709
31.424954 0.041671
31.466621 0.041667
31.508284 0.041663
31.549953 0.041669
31.591617 0.041665
31.633282 0.041665
31.674955 0.041673
31.716617 0.041662
31.758284 0.041667
31.799952 0.041668
31.841568 0.041616
31.883286 0.041717
31.924950 0.041665
31.966617 0.041667
32.008287 0.041670
32.049954 0.041666
32.091619 0.041666
32.133286 0.041667
32.174950 0.041664
32.216620 0.041671
32.258283 0.041663
32.299954 0.041670
32.341570 0.041616
32.383286 0.041716
32.424953 0.041667
32.466616 0.041663
32.508287 0.041671
32.549951 0.041665
32.591568 0.041617
32.633285 0.041717
32.674950 0.041665
32.716616 0.041666
32.758287 0.041671
32.799950 0.041663
32.841620 0.041670
32.883282 0.041662
32.924954 0.041672
32.966620 0.041667
33.008286 0.041666
33.049949 0.041663
33.091570 0.041621
33.133284 0.041714
33.174905 0.041621
33.216623 0.041718
33.258294 0.041671
33.299952 0.041658
33.341575 0.041623
33.383283 0.041708
33.424951 0.041668
33.466571 0.041620
33.508287 0.041716
33.549950 0.041663
33.591616 0.041666
33.633237 0.041621
33.674903 0.041666
33.716567 0.041664
33.758284 0.041717
33.799954 0.041670
33.841624 0.041670
33.883282 0.041659
33.924954 0.041671
33.966620 0.041666
34.008287 0.041667
34.049950 0.041662
34.091569 0.041619
34.133287 0.041719
34.174949 0.041662
34.216623 0.041674
34.258283 0.041660
34.299950 0.041667
34.341616 0.041666
34.383285 0.041669
34.424948 0.041663
34.466622 0.041674
34.508282 0.041660
34.549948 0.041667
34.591615 0.041666
34.633282 0.041667
34.674948 0.041666
34.716622 0.041673
34.758285 0.041664
34.799959 0.041673
34.843252 0.043293
34.883293 0.040041
34.935578 0.052285
34.987164 0.051586
35.060712 0.073548
35.120764 0.060052
35.214548 0.093784
35.270118 0.055570
35.299951 0.029833
35.360745 0.060794
35.384800 0.024055
35.424952 0.040151
35.508759 0.083808
35.549953 0.041194
35.596037 0.046083
35.643656 0.047620
35.683008 0.039352
35.725657 0.042649
35.758285 0.032628
35.799953 0.041669
35.848059 0.048106
35.883285 0.035226
35.924952 0.041667
35.976412 0.051459
36.008286 0.031874
36.049951 0.041666
36.091621 0.041670
36.180364 0.088742
36.265102 0.084738
36.313072 0.047970
36.341620 0.028548
36.476758 0.135138
36.508284 0.031527
36.579010 0.070726
36.754514 0.175504
36.859565 0.105051
36.893239 0.033674
36.938470 0.045231
37.094119 0.155649
37.183576 0.089457
37.243553 0.059977
37.277695 0.034142
37.420761 0.143066
37.495208 0.074447
37.549952 0.054744
37.591624 0.041672
37.692238 0.100613
37.760761 0.068523
37.812754 0.051993
37.857626 0.044872
37.988758 0.131131
38.065019 0.076261
38.115045 0.050027
38.174949 0.059904
38.235380 0.060431
38.290594 0.055214
38.345101 0.054507
38.383286 0.038186
38.444762 0.061476
38.508280 0.063519
38.549948 0.041667
38.591614 0.041666
38.633283 0.041669
38.674952 0.041669
38.716565 0.041613
38.758289 0.041724
38.799952 0.041663
38.841622 0.041670
38.885863 0.044241
38.924951 0.039087
38.966618 0.041667
39.008288 0.041670
39.074626 0.066339
39.133279 0.058653
39.174950 0.041670
39.216618 0.041668
39.258283 0.041665
39.299952 0.041669
39.341621 0.041669
39.383286 0.041665
39.424952 0.041666
39.466623 0.041671
39.519444 0.052821
39.549955 0.030511
39.591620 0.041665
39.633289 0.041669
39.674950 0.041661
39.716619 0.041669
39.758283 0.041664
39.805222 0.046938
39.841567 0.036346
39.883283 0.041716
39.924950 0.041667
39.966567 0.041617
40.008285 0.041719
40.049956 0.041671
40.091616 0.041660
40.133289 0.041673
40.174954 0.041665
40.216617 0.041663
40.258290 0.041673
40.299953 0.041663
40.341616 0.041663
40.383291 0.041675
40.424957 0.041666
40.466616 0.041659
40.508291 0.041675
40.549956 0.041666
40.591620 0.041664
40.633283 0.041663
40.674952 0.041669
40.716616 0.041664
40.758290 0.041674
40.799951 0.041661
40.841571 0.041620
40.883282 0.041710
40.924955 0.041673
40.966616 0.041662
41.008281 0.041665
41.049953 0.041672
41.091618 0.041665
41.133290 0.041672
41.174948 0.041658
41.216623 0.041675
41.258283 0.041660
41.299948 0.041665
41.341619 0.041671
41.383285 0.041666
41.424955 0.041670
41.466615 0.041660
41.508287 0.041672
41.549951 0.041664
41.591624 0.041673
41.633283 0.041659
41.674955 0.041672
41.716617 0.041662
41.758289 0.041672
41.799948 0.041660
41.841620 0.041672
41.883283 0.041663
41.924959 0.041676
41.971839 0.046880
42.008287 0.036448
42.055171 0.046884
42.099051 0.043880
42.133284 0.034233
42.174956 0.041673
42.216617 0.041660
42.258290 0.041674
42.299951 0.041661
42.341621 0.041670
42.383282 0.041661
42.424954 0.041672
42.466618 0.041664
42.508285 0.041667
42.549950 0.041665
42.591621 0.041671
42.636448 0.044828
42.675173 0.038724
42.716617 0.041444
42.758294 0.041677
42.799963 0.041668
42.854107 0.054145
42.883284 0.029177
42.924954 0.041669
42.966628 0.041674
43.008289 0.041661
43.049902 0.041613
43.091623 0.041722
43.133288 0.041665
43.174950 0.041662
43.216623 0.041672
43.258282 0.041660
43.299949 0.041667
43.341624 0.041675
43.383283 0.041659
43.424954 0.041671
43.466565 0.041612
43.508286 0.041720
43.549953 0.041667
43.591622 0.041669
43.633282 0.041660
43.674957 0.041675
43.716619 0.041663
43.758285 0.041665
43.799956 0.041671
43.841619 0.041663
43.883282 0.041663
43.926188 0.042906
43.966617 0.040429
44.008289 0.041672
44.049950 0.041661
44.091620 0.041670
44.133284 0.041663
44.174956 0.041673
44.216619 0.041663
44.258290 0.041671
44.299953 0.041663
44.341616 0.041663
44.383290 0.041674
44.424953 0.041663
44.466618 0.041665
44.508286 0.041669
44.549951 0.041665
44.591617 0.041665
44.633285 0.041669
44.704709 0.071423
44.758278 0.053569
44.799948 0.041670
44.841615 0.041668
44.883285 0.041670
44.924953 0.041668
44.966618 0.041665
45.008285 0.041667
45.051688 0.043403
45.091616 0.039928
45.136340 0.044724
45.174954 0.038614
45.216618 0.041664
45.258284 0.041666
45.299956 0.041672
45.341618 0.041662
45.383289 0.041670
45.424901 0.041612
45.466615 0.041714
45.508288 0.041673
45.549951 0.041664
45.591618 0.041667
45.633285 0.041666
45.674949 0.041664
45.716614 0.041665
45.758284 0.041670
45.799956 0.041672
45.841568 0.041612
45.883283 0.041715
45.924949 0.041666
45.966569 0.041619
46.008286 0.041717
46.049948 0.041663
46.091616 0.041668
46.133288 0.041672
46.174952 0.041664
46.216614 0.041662
46.258282 0.041668
46.299955 0.041673
46.341620 0.041665
46.383282 0.041662
46.425034 0.041752
46.466615 0.041581
46.508286 0.041670
46.549950 0.041664
46.591616 0.041666
46.633283 0.041667
46.674956 0.041673
46.716615 0.041659
46.758282 0.041667
46.799952 0.041669
46.841620 0.041668
46.883286 0.041666
46.924949 0.041662
46.966617 0.041668
47.008288 0.041671
47.049955 0.041668
47.091615 0.041660
47.133285 0.041669
47.174955 0.041670
47.216621 0.041666
47.258282 0.041661
47.299952 0.041671
47.341569 0.041616
47.383289 0.041720
47.424949 0.041660
47.466617 0.041668
47.508287 0.041670
47.549952 0.041664
47.591616 0.041664
47.633282 0.041667
47.674949 0.041667
47.716616 0.041667
47.758283 0.041667
47.799951 0.041668
47.841619 0.041668
47.883285 0.041666
47.924963 0.041677
47.966619 0.041657
48.008285 0.041666
48.049951 0.041666
48.106435 0.056484
48.150083 0.043648
48.196708 0.046625
48.264756 0.068049
48.332760 0.068003
48.383291 0.050531
48.425184 0.041893
48.466864 0.041680
48.569894 0.103030
48.636753 0.066859
48.699616 0.062862
48.743905 0.044289
48.788049 0.044145
48.841612 0.053562
48.883283 0.041671
48.924955 0.041672
48.966622 0.041666
49.008281 0.041659
49.049948 0.041667
49.091618 0.041670
49.133291 0.041673
49.174906 0.041616
49.216621 0.041715
49.258286 0.041665
49.299954 0.041668
49.341568 0.041614
49.383287 0.041719
49.424949 0.041662
49.466569 0.041621
49.508285 0.041716
49.549949 0.041664
49.591568 0.041619
49.633282 0.041714
49.674950 0.041668
49.716620 0.041670
49.758282 0.041663
49.799957 0.041675
49.841617 0.041659
49.883285 0.041668
49.924950 0.041665
49.966623 0.041673
50.013496 0.046873
50.049959 0.036463
50.098612 0.048653
50.133287 0.034675
50.174948 0.041661
50.216620 0.041672
50.258289 0.041669
50.299952 0.041662
50.341621 0.041669
50.383289 0.041669
50.424949 0.041660
50.466572 0.041622
50.508283 0.041712
50.549906 0.041623
50.591624 0.041717
50.633284 0.041660
50.674953 0.041669
50.716620 0.041666
50.758287 0.041667
50.799954 0.041667
50.841616 0.041661
50.883283 0.041667
50.924949 0.041666
50.966615 0.041666
51.008282 0.041667
51.049949 0.041667
51.091615 0.041667
51.133285 0.041670
51.174951 0.041666
51.216618 0.041667
51.258282 0.041663
51.299949 0.041668
51.341565 0.041616
51.383283 0.041717
51.424949 0.041666
51.466616 0.041666
51.508285 0.041669
51.549954 0.041670
51.591616 0.041662
51.633287 0.041671
51.674958 0.041671
51.716619 0.041661
51.764374 0.047754
51.799952 0.035578
51.852427 0.052476
51.887938 0.035511
51.924951 0.037013
51.966622 0.041671
52.008287 0.041665
52.059065 0.050778
52.091619 0.032554
52.133293 0.041674
52.174953 0.041660
52.216617 0.041665
52.258282 0.041665
52.299964 0.041682
52.341619 0.041654
52.383282 0.041663
52.424957 0.041675
52.466618 0.041661
52.508286 0.041668
52.549952 0.041666
52.591619 0.041667
52.633289 0.041671
52.674948 0.041659
52.716622 0.041673
52.758292 0.041670
52.799957 0.041665
52.841615 0.041658
52.883283 0.041667
52.924951 0.041669
52.966616 0.041664
53.008282 0.041666
53.049953 0.041671
53.091619 0.041666
53.137715 0.046096
53.174951 0.037237
53.216616 0.041665
53.258286 0.041670
53.299958 0.041671
53.341619 0.041661
53.383282 0.041663
53.424957 0.041675
53.466624 0.041667
53.508282 0.041658
53.549949 0.041667
53.591616 0.041667
53.633289 0.041673
53.674948 0.041660
53.716566 0.041618
53.758284 0.041717
53.799955 0.041671
53.841619 0.041665
53.883284 0.041665
53.924953 0.041668
53.966615 0.041662
54.008281 0.041666
54.049949 0.041667
54.091616 0.041667
54.133282 0.041666
54.174948 0.041667
54.216619 0.041671
54.258282 0.041663
54.299957 0.041675
54.351718 0.051761
54.383289 0.031571
54.424952 0.041663
54.466625 0.041673
54.508292 0.041666
54.552744 0.044452
54.600298 0.047554
54.661939 0.061641
54.704727 0.042788
54.767980 0.063253
54.811058 0.043078
54.844199 0.033140
54.883287 0.039089
54.939637 0.056349
54.966622 0.026986
55.008287 0.041665
55.054123 0.045836
55.091624 0.037502
55.133286 0.041661
55.174957 0.041671
55.216618 0.041662
55.258284 0.041666
55.301610 0.043326
55.341622 0.040012
55.383285 0.041663
55.428735 0.045450
55.466618 0.037883
55.508288 0.041670
55.549957 0.041668
55.591618 0.041662
55.633289 0.041671
55.674949 0.041659
55.716623 0.041675
55.758283 0.041659
55.799949 0.041667
55.841618 0.041669
55.883282 0.041664
55.924951 0.041669
55.966616 0.041665
56.008294 0.041677
56.049948 0.041655
56.091622 0.041674
56.133286 0.041664
56.174959 0.041673
56.216618 0.041660
56.258290 0.041672
56.299958 0.041668
56.341616 0.041658
56.383289 0.041673
56.424953 0.041664
56.466618 0.041665
56.508291 0.041673
56.549951 0.041660
56.591618 0.041667
56.633286 0.041667
56.674951 0.041665
56.716617 0.041666
56.758292 0.041674
56.799951 0.041659
56.841622 0.041671
56.883287 0.041665
56.924955 0.041668
56.972706 0.047751
57.008287 0.035581
57.076290 0.068003
57.140134 0.063844
57.213425 0.073291
57.240805 0.027381
57.258289 0.017484
57.299949 0.041660
57.341631 0.041682
57.383289 0.041658
57.426900 0.043611
57.466618 0.039718
57.508282 0.041664
57.549948 0.041666
57.591619 0.041670
57.642157 0.050538
57.674953 0.032796
57.716618 0.041665
57.758283 0.041665
57.799949 0.041666
57.841614 0.041665
57.883285 0.041670
57.924949 0.041664
57.966620 0.041671
58.008283 0.041664
58.049959 0.041676
58.091622 0.041663
58.133286 0.041664
58.174950 0.041664
58.216618 0.041668
58.258282 0.041665
58.299948 0.041666
58.341617 0.041669
58.383283 0.041666
58.424948 0.041665
58.466618 0.041669
58.508282 0.041664
58.549954 0.041672
58.591615 0.041661
58.633283 0.041668
58.674948 0.041665
58.716619 0.041671
58.758282 0.041663
58.799949 0.041666
58.841619 0.041670
58.883289 0.041670
58.927125 0.043836
58.966619 0.039494
59.036760 0.070141
59.050476 0.013716
59.120997 0.070521
59.142030 0.021033
59.174959 0.032929
59.217063 0.042104
59.267155 0.050092
59.300978 0.033823
59.341573 0.040595
59.383291 0.041718
59.424952 0.041660
59.472733 0.047782
59.508287 0.035554
59.559933 0.051646
59.591620 0.031686
59.633294 0.041674
59.676509 0.043216
59.716743 0.040233
59.758287 0.041544
59.799949 0.041663
59.841574 0.041625
59.883285 0.041711
59.924956 0.041671
59.966619 0.041663
60.008286 0.041667
60.049954 0.041668
60.091619 0.041666
60.133286 0.041666
60.174954 0.041668
60.216617 0.041663
60.258287 0.041670
60.299951 0.041664
60.341620 0.041669
60.383285 0.041665
60.424955 0.041670
60.466624 0.041669
60.508286 0.041663
60.549952 0.041666
60.591624 0.041672
60.633286 0.041662
60.674956 0.041670
60.716619 0.041664
60.758288 0.041668
60.799952 0.041664
60.841623 0.041671
60.883286 0.041663
60.924954 0.041668
60.966618 0.041664
61.008289 0.041670
61.049949 0.041661
61.091621 0.041672
61.133285 0.041663
61.174951 0.041666
61.216623 0.041673
61.258286 0.041663
61.299949 0.041663
61.341620 0.041671
61.383285 0.041665
61.424953 0.041668
61.466624 0.041671
61.508287 0.041663
61.549949 0.041662
61.591624 0.041675
61.716764 0.125140
61.758279 0.041514
61.799949 0.041670
61.841616 0.041668
61.883284 0.041668
61.924949 0.041665
61.966619 0.041670
62.008284 0.041665
62.049956 0.041671
62.091617 0.041661
62.133283 0.041666
62.174953 0.041671
62.216619 0.041666
62.258283 0.041664
62.299949 0.041666
62.341619 0.041669
62.383284 0.041665
62.424948 0.041665
62.466617 0.041668
62.508282 0.041665
62.549954 0.041672
62.591566 0.041612
62.633282 0.041716
62.674950 0.041668
62.716624 0.041674
62.758285 0.041662
62.799948 0.041663
62.841619 0.041670
62.883283 0.041664
62.924955 0.041672
62.966618 0.041663
63.008287 0.041669
63.049949 0.041663
63.091626 0.041677
63.133286 0.041659
63.174952 0.041666
63.216616 0.041664
63.269765 0.053149
63.299961 0.030196
63.341616 0.041655
63.383285 0.041669
63.424955 0.041670
63.466624 0.041669
63.508286 0.041662
63.549949 0.041663
63.591624 0.041675
63.633285 0.041660
63.674957 0.041672
63.716615 0.041658
63.758285 0.041670
63.799948 0.041663
63.841616 0.041668
63.883284 0.041667
63.924956 0.041673
63.966617 0.041660
64.022986 0.056369
64.050345 0.027359
64.136760 0.086415
64.204758 0.067998
64.258288 0.053530
64.302818 0.044530
64.341572 0.038755
64.392700 0.051127
64.424953 0.032253
64.468990 0.044038
64.508284 0.039294
64.549956 0.041672
64.591619 0.041663
64.633283 0.041663
64.674954 0.041671
64.744732 0.069778
64.758287 0.013554
64.799950 0.041664
64.845489 0.045538
64.896698 0.051209
64.924958 0.028260
64.966568 0.041610
65.008292 0.041724
65.049952 0.041660
65.091619 0.041667
65.133287 0.041668
65.174949 0.041663
65.216621 0.041672
65.258286 0.041665
65.299953 0.041667
65.341617 0.041665
65.383290 0.041672
65.424949 0.041659
65.466624 0.041675
65.508283 0.041659
65.549953 0.041670
65.591625 0.041671
65.633287 0.041663
65.674950 0.041662
65.716618 0.041668
65.758283 0.041665
65.799955 0.041672
65.841616 0.041661
65.883289 0.041673
65.924954 0.041666
65.966620 0.041666
66.008284 0.041663
66.049949 0.041665
66.091617 0.041669
66.133283 0.041665
66.174951 0.041668
66.216624 0.041673
66.258282 0.041658
66.299956 0.041674
66.341618 0.041662
66.383291 0.041673
66.424955 0.041663
66.466631 0.041676
66.520639 0.054009
66.591068 0.070428
66.648704 0.057637
66.674951 0.026246
66.765109 0.090159
66.824760 0.059651
66.864728 0.039968
66.889542 0.024814
66.932759 0.043216
66.987665 0.054907
67.008287 0.020622
67.056385 0.048098
67.091569 0.035184
67.146459 0.054890
67.174956 0.028497
67.229549 0.054593
67.258283 0.028734
67.308714 0.050430
67.341620 0.032906
67.386371 0.044751
67.424955 0.038584
67.467210 0.042255
67.508286 0.041076
67.549953 0.041667
67.596282 0.046329
67.633286 0.037004
67.680290 0.047004
67.716623 0.036333
67.758284 0.041661
67.799949 0.041665
67.841622 0.041673
67.883284 0.041662
67.924952 0.041668
67.966616 0.041664
68.008290 0.041674
68.049953 0.041663
68.091625 0.041673
68.142754 0.051128
68.174954 0.032200
68.219288 0.044335
68.263725 0.044437
68.299954 0.036229
68.362760 0.062805
68.383290 0.020530
68.424948 0.041658
68.466623 0.041675
68.508753 0.042130
68.553117 0.044363
68.591567 0.038450
68.633287 0.041721
68.792706 0.159419
68.850290 0.057584
68.912760 0.062469
68.966616 0.053857
69.012946 0.046330
69.049952 0.037006
69.107555 0.057603
69.136964 0.029409
69.174952 0.037988
69.216619 0.041667
69.269480 0.052861
69.300648 0.031169
69.341580 0.040932
69.383291 0.041711
69.438054 0.054763
69.466619 0.028564
69.508291 0.041672
69.552757 0.044466
69.599598 0.046841
69.633287 0.033689
69.674952 0.041666
69.748760 0.073808
69.799953 0.051193
69.841620 0.041667
69.883283 0.041663
69.924951 0.041668
69.966569 0.041618
70.008284 0.041715
70.049953 0.041669
70.091624 0.041671
70.133286 0.041662
70.174951 0.041665
70.216618 0.041667
70.258284 0.041667
70.299951 0.041667
70.341570 0.041619
70.383281 0.041711
70.424953 0.041671
70.466618 0.041665
70.508290 0.041673
70.549948 0.041658
70.591620 0.041671
70.633286 0.041666
70.674951 0.041665
70.716620 0.041669
70.758287 0.041667
70.799956 0.041669
70.841616 0.041660
70.883285 0.041668
70.924952 0.041668
70.966627 0.041674
71.008283 0.041657
71.049949 0.041666
71.091620 0.041671
71.133290 0.041670
71.174948 0.041659
71.216617 0.041669
71.258285 0.041669
71.299953 0.041667
71.341615 0.041662
71.383284 0.041670
71.424954 0.041669
71.466571 0.041617
71.508283 0.041713
71.549949 0.041665
71.591619 0.041671
71.633285 0.041666
71.674952 0.041666
71.716617 0.041666
71.758284 0.041666
71.799949 0.041665
71.841621 0.041672
71.883289 0.041669
71.924952 0.041663
71.966616 0.041663
72.008282 0.041666
72.049952 0.041670
72.091565 0.041613
72.133282 0.041717
72.174948 0.041666
72.216565 0.041617
72.258282 0.041717
72.299949 0.041667
72.341615 0.041666
72.383283 0.041668
72.424948 0.041665
72.466615 0.041667
72.508281 0.041666
72.549952 0.041671
72.591617 0.041665
72.633288 0.041671
72.674951 0.041663
72.716618 0.041667
72.758282 0.041664
72.799952 0.041669
72.841565 0.041614
72.886883 0.045318
72.924948 0.038065
72.966623 0.041675
73.008281 0.041659
73.049919 0.041637
73.091565 0.041646
73.133282 0.041717
73.174949 0.041667
73.216624 0.041675
73.259796 0.043172
73.299955 0.040159
73.341619 0.041664
73.383295 0.041677
73.430990 0.047695
73.500756 0.069766
73.553901 0.053146
73.595498 0.041596
73.670644 0.075146
73.724259 0.053616
73.758285 0.034026
73.808758 0.050472
73.849988 0.041231
73.883283 0.033295
73.924953 0.041670
73.966626 0.041672
74.008287 0.041662
74.049951 0.041664
74.091622 0.041672
74.133287 0.041665
74.174947 0.041660
74.216621 0.041673
74.258284 0.041664
74.299955 0.041670
74.341566 0.041611
74.383286 0.041720
74.424953 0.041668
74.466615 0.041662
74.508283 0.041668
74.549949 0.041666
74.591623 0.041675
74.633290 0.041666
74.674952 0.041663
74.716619 0.041666
74.758283 0.041665
74.799948 0.041665
74.841616 0.041668
74.883283 0.041667
74.924901 0.041618
74.966623 0.041722
75.008286 0.041662
75.049952 0.041667
75.091618 0.041666
75.133287 0.041669
75.174950 0.041663
75.216622 0.041672
75.258283 0.041660
75.299950 0.041667
75.341568 0.041618
75.383285 0.041716
75.424949 0.041665
75.466566 0.041617
75.508291 0.041725
75.549957 0.041665
75.591626 0.041669
75.633288 0.041662
75.674951 0.041663
75.716617 0.041666
75.792759 0.076142
75.841617 0.048858
75.883286 0.041668
75.924957 0.041671
75.970039 0.045082
76.008287 0.038248
76.049953 0.041666
76.091621 0.041668
76.133283 0.041662
76.174950 0.041666
76.216615 0.041666
76.258289 0.041673
76.299949 0.041660
76.341622 0.041673
76.383283 0.041660
76.424952 0.041669
76.466618 0.041666
76.508283 0.041665
76.549956 0.041673
76.591623 0.041667
76.633294 0.041671
76.674952 0.041659
76.716619 0.041667
76.758285 0.041666
76.799954 0.041669
76.841619 0.041665
76.883287 0.041668
76.924952 0.041665
76.966567 0.041614
77.008284 0.041717
77.049951 0.041667
77.091625 0.041674
77.133284 0.041659
77.174958 0.041675
77.216616 0.041658
77.258288 0.041672
77.301236 0.042948
77.341572 0.040335
77.383283 0.041711
77.424954 0.041671
77.466616 0.041662
77.508283 0.041667
77.549952 0.041669
77.592430 0.042478
77.633282 0.040852
77.674952 0.041669
77.716618 0.041666
77.758285 0.041668
77.799949 0.041664
77.841565 0.041616
77.883282 0.041717
77.924948 0.041666
77.966616 0.041668
78.008283 0.041667
78.049953 0.041670
78.091624 0.041671
78.133282 0.041658
78.174953 0.041671
78.216616 0.041662
78.258283 0.041667
78.299949 0.041666
78.341620 0.041671
78.383285 0.041665
78.424952 0.041667
78.466567 0.041616
78.508289 0.041722
78.549952 0.041663
78.591565 0.041614
78.633282 0.041717
78.674953 0.041671
78.716617 0.041664
78.758282 0.041665
78.799951 0.041668
78.841621 0.041670
78.883284 0.041663
78.924949 0.041665
78.966569 0.041620
79.008282 0.041714
79.049951 0.041669
79.091616 0.041664
79.133285 0.041670
79.174951 0.041666
79.216574 0.041623
79.259260 0.042686
79.299957 0.040696
79.356169 0.056213
79.383286 0.027116
79.424958 0.041672
79.466619 0.041661
79.508292 0.041673
79.549952 0.041661
79.591623 0.041670
79.633286 0.041663
79.674950 0.041664
79.716620 0.041671
79.758291 0.041671
79.803178 0.044887
79.841618 0.038440
79.883287 0.041670
79.924952 0.041664
79.966566 0.041615
80.008282 0.041715
80.049956 0.041675
80.091624 0.041668
80.133291 0.041667
80.174955 0.041664
80.216623 0.041668
80.258287 0.041664
80.299953 0.041665
80.341616 0.041663
80.383287 0.041671
80.424959 0.041672
80.466618 0.041659
80.508282 0.041664
80.549953 0.041671
80.591624 0.041671
80.633286 0.041661
80.674949 0.041663
80.716615 0.041667
80.758283 0.041668
80.799953 0.041670
80.841616 0.041662
80.883285 0.041670
80.924951 0.041665
80.966618 0.041667
81.008282 0.041664
81.049951 0.041669
81.091620 0.041669
81.133288 0.041669
81.174960 0.041671
81.216621 0.041661
81.260893 0.044273
81.299952 0.039059
81.341622 0.041669
81.383290 0.041668
81.424955 0.041665
81.466619 0.041665
81.508286 0.041666
81.549957 0.041671
81.600054 0.050097
81.633436 0.033382
81.674949 0.041513
81.716618 0.041669
81.758287 0.041669
81.799957 0.041670
81.841625 0.041668
81.883286 0.041661
81.924953 0.041667
81.966622 0.041669
82.013335 0.046713
82.049952 0.036616
82.091618 0.041666
82.133286 0.041668
82.174955 0.041669
82.216625 0.041669
82.258284 0.041659
82.299948 0.041664
82.341618 0.041670
82.383285 0.041667
82.424957 0.041672
82.473599 0.048642
82.508283 0.034683
82.549954 0.041672
82.591622 0.041668
82.633288 0.041666
82.674948 0.041660
82.716576 0.041628
82.760531 0.043955
82.799949 0.039418
82.841618 0.041668
82.883289 0.041671
82.924959 0.041670
82.966619 0.041660
83.008286 0.041667
83.049954 0.041669
83.091618 0.041664
83.133281 0.041663
83.174952 0.041671
83.216617 0.041665
83.258291 0.041674
83.299958 0.041667
83.341618 0.041660
83.383285 0.041667
83.424955 0.041670
83.466618 0.041663
83.508286 0.041668
83.549951 0.041665
83.591623 0.041672
83.633291 0.041668
83.674949 0.041658
83.716621 0.041672
83.758282 0.041661
83.799957 0.041675
83.841618 0.041661
83.883290 0.041672
83.924957 0.041666
83.966620 0.041663
84.008291 0.041671
84.049948 0.041658
84.091615 0.041667
84.133292 0.041676
84.174957 0.041665
84.216618 0.041661
84.258283 0.041665
84.299953 0.041669
84.349188 0.049236
84.383291 0.034103
84.424948 0.041658
84.466621 0.041673
84.508288 0.041667
84.549950 0.041662
84.591617 0.041667
84.633286 0.041669
84.674957 0.041671
84.722499 0.047542
84.758283 0.035785
84.799951 0.041668
84.841621 0.041670
84.883285 0.041664
84.924952 0.041667
84.966621 0.041669
85.008284 0.041663
85.049949 0.041665
85.091567 0.041618
85.133282 0.041715
85.174955 0.041673
85.216616 0.041661
85.258283 0.041667
85.299950 0.041668
85.341618 0.041668
85.383284 0.041665
85.424950 0.041666
85.466616 0.041667
85.508284 0.041667
85.549951 0.041667
85.591621 0.041670
85.633286 0.041664
85.674950 0.041664
85.716620 0.041670
85.758285 0.041665
85.799952 0.041667
85.841620 0.041668
85.883286 0.041666
85.924952 0.041667
85.966571 0.041619
86.008283 0.041712
86.049954 0.041672
86.091620 0.041666
86.133288 0.041668
86.174954 0.041665
86.216619 0.041665
86.258286 0.041667
86.299950 0.041664
86.341616 0.041666
86.383286 0.041670
86.424949 0.041663
86.466618 0.041669
86.508281 0.041663
86.549952 0.041671
86.591618 0.041666
86.633290 0.041671
86.674955 0.041665
86.716617 0.041662
86.792733 0.076115
86.841621 0.048888
86.883285 0.041664
87.016776 0.133491
87.100772 0.083995
87.208730 0.107959
87.260829 0.052099
87.321226 0.060397
87.380757 0.059531
87.463713 0.082956
87.540820 0.077107
87.628760 0.087941
87.711510 0.082750
87.788756 0.077245
87.870208 0.081452
87.936757 0.066549
88.028355 0.091598
88.100085 0.071730
88.173113 0.073027
88.216617 0.043505
88.344610 0.127993
88.383289 0.038679
88.484758 0.101470
88.576730 0.091971
88.668706 0.091976
88.764757 0.096052
88.818448 0.053690
88.890813 0.072366
88.974725 0.083912
89.012586 0.037861
89.049955 0.037369
89.091615 0.041660
89.133286 0.041671
89.174949 0.041663
89.216619 0.041670
89.258283 0.041664
89.299950 0.041667
89.341618 0.041669
89.383284 0.041666
89.428910 0.045626
89.472161 0.043251
89.508289 0.036129
89.572513 0.064224
89.591623 0.019110
89.636731 0.045108
89.678712 0.041981
89.744689 0.065977
89.758286 0.013597
89.838434 0.080147
89.883284 0.044851
89.933120 0.049835
89.966619 0.033499
90.008287 0.041668
90.058090 0.049803
90.091573 0.033483
90.133566 0.041993
90.174900 0.041334
90.216618 0.041719
90.258285 0.041667
90.299951 0.041666
90.341618 0.041666
90.383282 0.041664
90.424952 0.041669
90.466617 0.041666
90.508290 0.041673
90.549952 0.041662
90.591617 0.041665
90.644752 0.053135
90.681059 0.036307
90.751487 0.070427
90.799954 0.048467
90.866820 0.066866
90.950931 0.084111
91.040734 0.089803
91.091619 0.050885
91.133286 0.041667
91.174953 0.041667
91.264758 0.089805
91.310574 0.045816
91.382214 0.071640
91.444705 0.062491
91.484708 0.040002
91.569427 0.084720
91.624151 0.054724
91.674952 0.050801
91.716620 0.041668
91.758284 0.041664
91.801487 0.043202
91.841619 0.040132
91.883285 0.041666
91.924949 0.041664
91.966621 0.041672
92.015700 0.049078
92.062511 0.046811
92.091616 0.029106
92.133290 0.041673
92.174954 0.041664
92.216579 0.041625
92.258286 0.041707
92.299954 0.041668
92.341621 0.041667
92.383284 0.041663
92.424950 0.041667
92.466572 0.041622
92.508287 0.041715
92.549950 0.041663
92.591617 0.041667
92.633286 0.041669
92.674951 0.041665
92.716616 0.041665
92.758282 0.041667
92.799949 0.041667
92.841617 0.041668
92.883283 0.041666
92.924950 0.041667
92.966617 0.041667
93.008283 0.041666
93.049952 0.041669
93.091619 0.041667
93.133285 0.041666
93.174957 0.041672
93.216617 0.041660
93.258285 0.041668
93.299956 0.041671
93.341619 0.041663
93.383291 0.041673
93.424958 0.041666
93.466567 0.041609
93.508283 0.041716
93.549956 0.041673
93.591620 0.041664
93.633290 0.041670
93.674950 0.041660
93.716568 0.041618
93.758286 0.041718
93.799952 0.041666
93.841616 0.041664
93.883282 0.041667
93.924950 0.041667
93.966619 0.041669
94.008283 0.041664
94.049950 0.041667
94.091568 0.041618
94.133290 0.041722
94.174950 0.041659
94.216619 0.041669
94.258284 0.041666
94.299953 0.041669
94.341567 0.041614
94.383285 0.041718
94.424950 0.041665
94.466622 0.041671
94.508287 0.041665
94.549953 0.041666
94.591568 0.041615
94.633291 0.041723
94.674950 0.041659
94.716621 0.041671
94.758286 0.041665
94.799959 0.041673
94.851899 0.051940
94.883287 0.031388
94.924957 0.041671
94.966574 0.041617
95.008289 0.041715
95.049957 0.041668
95.091567 0.041610
95.133283 0.041716
95.174949 0.041666
95.216616 0.041667
95.258286 0.041670
95.299953 0.041667
95.341570 0.041617
95.383283 0.041713
95.424904 0.041621
95.466617 0.041713
95.508285 0.041669
95.549953 0.041668
95.591617 0.041664
95.633284 0.041667
95.674952 0.041668
95.716621 0.041669
95.758283 0.041662
95.799900 0.041617
95.841569 0.041669
95.883285 0.041717
95.924951 0.041666
95.966566 0.041615
96.008289 0.041723
96.049903 0.041613
96.091617 0.041714
96.133286 0.041669
96.174951 0.041666
96.216618 0.041666
96.258283 0.041665
96.299950 0.041667
96.341573 0.041623
96.383285 0.041712
96.424954 0.041669
96.469483 0.044529
96.508289 0.038806
96.549951 0.041662
96.591619 0.041668
96.668184 0.076565
96.722135 0.053951
96.758285 0.036151
96.807951 0.049665
96.841576 0.033626
96.888747 0.047170
96.924955 0.036208
96.966620 0.041665
97.008287 0.041667
97.108759 0.100472
97.156754 0.047996
97.216617 0.059863
97.292756 0.076139
97.359997 0.067241
97.402000 0.042003
97.429498 0.027498
97.466619 0.037120
97.553024 0.086405
97.591566 0.038542
97.633285 0.041720
97.674952 0.041666
97.716625 0.041674
97.758286 0.041660
97.799953 0.041668
97.841567 0.041614
97.883284 0.041717
97.924949 0.041665
97.966620 0.041671
98.008286 0.041666
98.049950 0.041664
98.091619 0.041669
98.133284 0.041664
98.174954 0.041670
98.216616 0.041663
98.258284 0.041667
98.299952 0.041668
98.341618 0.041666
98.383284 0.041666
98.424959 0.041676
98.475029 0.050070
98.508284 0.033255
98.549950 0.041666
98.591570 0.041620
98.633284 0.041714
98.674952 0.041669
98.716616 0.041664
98.758283 0.041667
98.799949 0.041666
98.841569 0.041620
98.883285 0.041716
98.924900 0.041615
98.966619 0.041719
99.008293 0.041674
99.049952 0.041659
99.091574 0.041622
99.133285 0.041711
99.174951 0.041666
99.216618 0.041667
99.258286 0.041668
99.299950 0.041664
99.341629 0.041679
99.383285 0.041656
99.424950 0.041665
99.466616 0.041667
99.508289 0.041673
99.549952 0.041663
99.591569 0.041616
99.633285 0.041716
99.674953 0.041669
99.855223 0.180270
99.915034 0.059811
99.976761 0.061727
100.056705 0.079945
100.124709 0.068004
100.285575 0.160866
100.332759 0.047184
100.472760 0.140001
100.560917 0.088157
100.591619 0.030702
100.633286 0.041666
100.772759 0.139473
100.799954 0.027195
100.841619 0.041664
100.919974 0.078356
100.973344 0.053370
101.028071 0.054726
101.091614 0.063543
101.133283 0.041669
101.174953 0.041670
101.223492 0.048539
101.258283 0.034791
101.300701 0.042418
101.341574 0.040874
101.383283 0.041709
101.424952 0.041669
101.466620 0.041668
101.509377 0.042756
101.549955 0.040578
101.591617 0.041662
101.633293 0.041676
101.674952 0.041659
101.716567 0.041615
101.758284 0.041717
101.799957 0.041673
101.841572 0.041615
101.883286 0.041714
101.924952 0.041666
101.966566 0.041614
102.008288 0.041722
102.049959 0.041671
102.091623 0.041664
102.133287 0.041663
102.174961 0.041674
102.216621 0.041660
102.264339 0.047718
102.299953 0.035614
102.341620 0.041667
102.383283 0.041663
102.424952 0.041669
102.466619 0.041667
102.520119 0.053500
102.549951 0.029833
102.591619 0.041667
102.633290 0.041671
102.674952 0.041662
102.716618 0.041667
102.758283 0.041664
102.799949 0.041666
102.841570 0.041621
102.883290 0.041721
102.924950 0.041660
102.966617 0.041666
103.008286 0.041670
103.057008 0.048722
103.091617 0.034610
103.133283 0.041666
103.174949 0.041666
103.216617 0.041668
103.258284 0.041666
103.299950 0.041667
103.341617 0.041667
103.383282 0.041665
103.424899 0.041618
103.466617 0.041718
103.508284 0.041667
103.549950 0.041666
103.591618 0.041669
103.633282 0.041664
103.674952 0.041670
103.716617 0.041664
103.758284 0.041667
103.799951 0.041667
103.841618 0.041667
103.883286 0.041668
103.924956 0.041670
103.966622 0.041666
104.008282 0.041660
104.049952 0.041670
104.091576 0.041624
104.133282 0.041706
104.174955 0.041673
104.216616 0.041661
104.258285 0.041669
104.305071 0.046786
104.341571 0.036500
104.383282 0.041711
104.424956 0.041675
104.466617 0.041660
104.508285 0.041668
104.549949 0.041664
104.591628 0.041678
104.647991 0.056363
104.674951 0.026960
104.716615 0.041664
104.758286 0.041671
104.799951 0.041665
104.841618 0.041667
104.883283 0.041664
104.924952 0.041669
104.966623 0.041671
105.008283 0.041660
105.049948 0.041665
105.091619 0.041670
105.133289 0.041670
105.174949 0.041660
105.216614 0.041666
105.258287 0.041673
105.299955 0.041668
105.341615 0.041660
105.383284 0.041669
105.424953 0.041669
105.466622 0.041669
105.508282 0.041660
105.549950 0.041668
105.591619 0.041668
105.633284 0.041665
105.674948 0.041664
105.716614 0.041666
105.758282 0.041668
105.799948 0.041666
105.841617 0.041669
105.883281 0.041664
105.924952 0.041671
105.966616 0.041663
106.008285 0.041670
106.049951 0.041666
106.091619 0.041668
106.133289 0.041670
106.174950 0.041661
106.216575 0.041625
106.265503 0.048927
106.299966 0.034464
106.392759 0.092793
106.424945 0.032187
106.466620 0.041674
106.508289 0.041669
106.549950 0.041661
106.591567 0.041617
106.633286 0.041720
106.674962 0.041675
106.732209 0.057247
106.762870 0.030661
106.799953 0.037083
106.841628 0.041674
106.883283 0.041656
106.924959 0.041676
106.966621 0.041662
107.008291 0.041670
107.049950 0.041659
107.091566 0.041616
107.133289 0.041723
107.174956 0.041667
107.216567 0.041611
107.258286 0.041719
107.299950 0.041664
107.341620 0.041670
107.383287 0.041667
107.424950 0.041663
107.466620 0.041670
107.508283 0.041663
107.549952 0.041669
107.591571 0.041619
107.634813 0.043242
107.674954 0.040141
107.716620 0.041666
107.758284 0.041665
107.799950 0.041666
107.841625 0.041675
107.883287 0.041662
107.924954 0.041667
107.966617 0.041664
108.008283 0.041666
108.049958 0.041674
108.091567 0.041610
108.133284 0.041717
108.174955 0.041671
108.216621 0.041666
108.258287 0.041666
108.299952 0.041665
108.341620 0.041668
108.383284 0.041664
108.424950 0.041667
108.466567 0.041617
108.508283 0.041716
108.549951 0.041669
108.591579 0.041627
108.633286 0.041708
108.674954 0.041668
108.728385 0.053431
108.758288 0.029902
108.804503 0.046215
108.864761 0.060258
108.920763 0.056002
108.966618 0.045855
109.008286 0.041668
109.049956 0.041670
109.091616 0.041660
109.133288 0.041673
109.174952 0.041664
109.216616 0.041664
109.258283 0.041667
109.299951 0.041668
109.341575 0.041625
109.383283 0.041708
109.424900 0.041617
109.466621 0.041721
109.515679 0.049058
109.549953 0.034274
109.591616 0.041663
109.633283 0.041667
109.674951 0.041668
109.716619 0.041668
109.758285 0.041667
109.799955 0.041669
109.933671 0.133716
110.027359 0.093688
110.104707 0.077348
110.156819 0.052112
110.216618 0.059798
110.337501 0.120884
110.404753 0.067252
110.466620 0.061867
110.508292 0.041673
110.572760 0.064467
110.615341 0.042581
110.674953 0.059613
110.716624 0.041671
110.758293 0.041669
110.799954 0.041661
110.841618 0.041664
110.883282 0.041664
110.924947 0.041665
110.968716 0.043769
111.008285 0.039569
111.049951 0.041666
111.091617 0.041665
111.133288 0.041671
111.174954 0.041665
111.216619 0.041666
111.258285 0.041666
111.299955 0.041670
111.341628 0.041673
111.384242 0.042614
111.424957 0.040715
111.466621 0.041664
111.508286 0.041665
111.549959 0.041672
111.591570 0.041611
111.633285 0.041715
111.674952 0.041667
111.716574 0.041622
111.758286 0.041712
111.799956 0.041670
111.841568 0.041611
111.883283 0.041715
111.924900 0.041617
111.966617 0.041717
112.008285 0.041668
112.049949 0.041663
112.091619 0.041670
112.133282 0.041663
112.174953 0.041671
112.216618 0.041665
112.258290 0.041671
112.299949 0.041660
112.341618 0.041669
112.383284 0.041665
112.424954 0.041670
112.466616 0.041662
112.508283 0.041667
112.549952 0.041669
112.591619 0.041668
112.633284 0.041665
112.674953 0.041669
112.726571 0.051618
112.778187 0.051616
112.828761 0.050574
112.872556 0.043795
112.924954 0.052398
112.969156 0.044202
113.013254 0.044098
113.049916 0.036661
113.091570 0.041655
113.137404 0.045834
113.181555 0.044151
113.216617 0.035063
113.258283 0.041666
113.299901 0.041618
113.342429 0.042528
113.383287 0.040858
113.424949 0.041662
113.466622 0.041673
113.508282 0.041661
113.555105 0.046823
113.591618 0.036513
113.640759 0.049141
113.677171 0.036412
113.716621 0.039450
113.758284 0.041663
113.799952 0.041668
113.841619 0.041667
113.883288 0.041668
113.925996 0.042709
113.972762 0.046765
114.008289 0.035528
114.049949 0.041660
114.091618 0.041669
114.140211 0.048593
114.174953 0.034742
114.216570 0.041617
114.266187 0.049617
114.344757 0.078570
114.397070 0.052314
114.442145 0.045074
114.497559 0.055414
114.549948 0.052389
114.591618 0.041670
114.633281 0.041664
114.674953 0.041672
114.716628 0.041674
114.758283 0.041656
114.799952 0.041669
114.855372 0.055420
114.895603 0.040230
114.924952 0.029349
114.966618 0.041666
115.010422 0.043804
115.062029 0.051607
115.096218 0.034189
115.133281 0.037063
115.174958 0.041676
115.216624 0.041666
115.258285 0.041661
115.299951 0.041666
115.341616 0.041665
115.395338 0.053722
115.424958 0.029620
115.477610 0.052652
115.508280 0.030670
115.549954 0.041674
115.591617 0.041664
115.633286 0.041669
115.674948 0.041662
115.716619 0.041671
115.758286 0.041667
115.799955 0.041668
115.841614 0.041660
115.883290 0.041675
115.924955 0.041666
115.966619 0.041664
116.008283 0.041663
116.049952 0.041669
116.091616 0.041664
116.133282 0.041666
116.174949 0.041667
116.216619 0.041670
116.258287 0.041667
116.299951 0.041665
116.341616 0.041664
116.383282 0.041666
116.424904 0.041622
116.466619 0.041714
116.508282 0.041664
116.549949 0.041667
116.591620 0.041671
116.633289 0.041669
116.674949 0.041660
116.716617 0.041668
116.758286 0.041670
116.799953 0.041666
116.841616 0.041663
116.883283 0.041668
116.924949 0.041666
116.966623 0.041674
117.008282 0.041659
117.049949 0.041667
117.091617 0.041668
117.133286 0.041669
117.174951 0.041665
117.216620 0.041669
117.258282 0.041662
117.299954 0.041672
117.341621 0.041667
117.383290 0.041669
117.430442 0.047152
117.468212 0.037769
117.508285 0.040073
117.549952 0.041668
117.591615 0.041662
117.633288 0.041673
117.674951 0.041663
117.716623 0.041672
117.758289 0.041666
117.799958 0.041669
117.841631 0.041673
117.883288 0.041657
117.924953 0.041665
117.966619 0.041666
118.008290 0.041671
118.062588 0.054298
118.098482 0.035893
118.133286 0.034804
118.174951 0.041666
118.216617 0.041666
118.290941 0.074324
118.341618 0.050677
118.383298 0.041680
118.432757 0.049459
118.480760 0.048003
118.528755 0.047995
118.554759 0.026004
118.591626 0.036867
118.633288 0.041662
118.674951 0.041663
118.716616 0.041666
118.758285 0.041669
118.799951 0.041665
118.841619 0.041668
118.883284 0.041665
118.924951 0.041667
118.966615 0.041664
119.008283 0.041668
119.049954 0.041671
119.091619 0.041665
119.133282 0.041663
119.174948 0.041666
119.216620 0.041672
119.258286 0.041666
119.299948 0.041662
119.341566 0.041617
119.383288 0.041722
119.424952 0.041664
119.466615 0.041663
119.508284 0.041669
119.549953 0.041670
119.591619 0.041665
119.633281 0.041663
119.674955 0.041674
119.716619 0.041664
119.758285 0.041666
119.799949 0.041664
119.841566 0.041617
119.883286 0.041720
119.924949 0.041663
119.966616 0.041667
120.008286 0.041670
120.049948 0.041662
120.091616 0.041668
120.133282 0.041666
120.174950 0.041668
120.216615 0.041666
120.258281 0.041666
120.299948 0.041667
120.341616 0.041668
120.383282 0.041667
120.424950 0.041668
120.466615 0.041664
120.508287 0.041673
120.549949 0.041662
120.591589 0.041640
120.633281 0.041693
120.674955 0.041674
120.716621 0.041665
120.765618 0.048998
120.799954 0.034335
120.841627 0.041673
120.883285 0.041658
120.931189 0.047904
120.966619 0.035430
121.016427 0.049808
121.078073 0.061646
121.112448 0.034375
121.133287 0.020839
121.174952 0.041665
121.216617 0.041666
121.258284 0.041666
121.299911 0.041627
121.349210 0.049300
121.390884 0.041674
121.424952 0.034068
121.466614 0.041662
121.508290 0.041675
121.549958 0.041668
121.591618 0.041660
121.633285 0.041667
121.675711 0.042426
121.716621 0.040910
121.758283 0.041662
121.799956 0.041672
121.841615 0.041659
121.883282 0.041667
121.924950 0.041669
121.966615 0.041665
122.008282 0.041667
122.049954 0.041671
122.091615 0.041662
122.133286 0.041671
122.174948 0.041662
122.216620 0.041672
122.258282 0.041661
122.299955 0.041673
122.341618 0.041663
122.383287 0.041670
122.424951 0.041663
122.466620 0.041669
122.508290 0.041670
122.549958 0.041668
122.591617 0.041659
122.633286 0.041670
122.674949 0.041663
122.716619 0.041670
122.758281 0.041662
122.799948 0.041667
122.841618 0.041670
122.883295 0.041677
122.924957 0.041662
122.966619 0.041662
123.008283 0.041665
123.049950 0.041666
123.091620 0.041671
123.133284 0.041664
123.174952 0.041668
123.216619 0.041667
123.258281 0.041662
123.299953 0.041672
123.341618 0.041664
123.383287 0.041669
123.424949 0.041662
123.466620 0.041672
123.508288 0.041668
123.549953 0.041666
123.591617 0.041663
123.633287 0.041670
123.674949 0.041662
123.716619 0.041670
123.758282 0.041663
123.799952 0.041670
123.841615 0.041663
123.883291 0.041676
123.924949 0.041658
123.966618 0.041669
124.008282 0.041664
124.049955 0.041673
124.091618 0.041663
124.133289 0.041671
124.174952 0.041663
124.216618 0.041666
124.258288 0.041669
124.299962 0.041675
124.341622 0.041660
124.383283 0.041661
124.424958 0.041675
124.469031 0.044074
124.540769 0.071738
124.652720 0.111950
124.740769 0.088050
124.794569 0.053800
124.876756 0.082187
124.980756 0.104000
125.060730 0.079974
125.091621 0.030891
125.133287 0.041666
125.228728 0.095441
125.313396 0.084668
125.358047 0.044650
125.421503 0.063456
125.466563 0.045060
125.508284 0.041721
125.549957 0.041673
125.591621 0.041664
125.633286 0.041665
125.674951 0.041665
125.716623 0.041672
125.758288 0.041665
125.799957 0.041670
125.841629 0.041672
125.883283 0.041654
125.924949 0.041666
125.966623 0.041674
126.008282 0.041659
126.050378 0.042096
126.091620 0.041242
126.133284 0.041664
126.180032 0.046748
126.216621 0.036589
126.258286 0.041666
126.299954 0.041668
126.341619 0.041666
126.383282 0.041663
126.424955 0.041673
126.466619 0.041664
126.508284 0.041665
126.549949 0.041665
126.591567 0.041617
126.633285 0.041719
126.674950 0.041664
126.716617 0.041668
126.758286 0.041668
126.799952 0.041666
126.841567 0.041615
126.883282 0.041716
126.924953 0.041670
126.966620 0.041667
127.008282 0.041662
127.049949 0.041667
127.091620 0.041671
127.133286 0.041665
127.174949 0.041663
127.216620 0.041671
127.258286 0.041666
127.299952 0.041666
127.341615 0.041663
127.383282 0.041667
127.424954 0.041671
127.466616 0.041662
127.508282 0.041666
127.549948 0.041667
127.591620 0.041672
127.633282 0.041661
127.674949 0.041667
127.716615 0.041667
127.758282 0.041667
127.799949 0.041666
127.841566 0.041617
127.883285 0.041720
127.924948 0.041663
127.966620 0.041672
128.008282 0.041663
128.049955 0.041673
128.091624 0.041669
128.133282 0.041658
128.174949 0.041667
128.216623 0.041674
128.258294 0.041672
128.299951 0.041657
128.341616 0.041665
128.383291 0.041675
128.424957 0.041666
128.466616 0.041659
128.508286 0.041670
128.549956 0.041670
128.591629 0.041673
128.641768 0.050139
128.674950 0.033183
128.716626 0.041675
128.762566 0.045940
128.799950 0.037384
128.841619 0.041669
128.883299 0.041679
128.924955 0.041657
128.966618 0.041663
129.008284 0.041665
129.049955 0.041672
129.091625 0.041669
129.133282 0.041658
129.174952 0.041670
129.216572 0.041620
129.264481 0.047909
129.299950 0.035469
129.341616 0.041666
129.383289 0.041673
129.424953 0.041664
129.466617 0.041664
129.508286 0.041669
129.549957 0.041671
129.591617 0.041661
129.633282 0.041665
129.674912 0.041630
129.716624 0.041712
129.763958 0.047333
129.799951 0.035993
129.841622 0.041671
129.883290 0.041668
129.924950 0.041660
129.966617 0.041667
130.008284 0.041667
130.049958 0.041673
130.091569 0.041612
130.133283 0.041713
130.174951 0.041669
130.216568 0.041616
130.258283 0.041715
130.299950 0.041667
130.341617 0.041667
130.383287 0.041670
130.424953 0.041666
130.466622 0.041669
130.508289 0.041667
130.550793 0.042504
130.598107 0.047314
130.633283 0.035176
130.674959 0.041676
130.716627 0.041668
130.758288 0.041662
130.799953 0.041665
130.841622 0.041669
130.887812 0.046190
130.924957 0.037145
130.966617 0.041660
131.008293 0.041677
131.049953 0.041660
131.098717 0.048764
131.133284 0.034567
131.174956 0.041672
131.216624 0.041668
131.258284 0.041660
131.299953 0.041670
131.341623 0.041669
131.383286 0.041663
131.424957 0.041671
131.466619 0.041662
131.508290 0.041671
131.549953 0.041663
131.591621 0.041668
131.633283 0.041662
131.674952 0.041670
131.716616 0.041664
131.758283 0.041667
131.799952 0.041669
131.841615 0.041663
131.883285 0.041670
131.924957 0.041672
131.978021 0.053064
132.048758 0.070737
132.091613 0.042855
132.133291 0.041678
132.174902 0.041611
132.216620 0.041718
132.258283 0.041663
132.299954 0.041671
132.341624 0.041670
132.383288 0.041664
132.424958 0.041670
132.466616 0.041658
132.508284 0.041667
132.549952 0.041669
132.591618 0.041665
132.633284 0.041667
132.674961 0.041677
132.720697 0.045736
132.758283 0.037586
132.799957 0.041674
132.841618 0.041660
132.883287 0.041670
132.924952 0.041665
132.966620 0.041668
133.008287 0.041667
133.049950 0.041663
133.091620 0.041670
133.133282 0.041661
133.174950 0.041668
133.216620 0.041670
133.258282 0.041662
133.299952 0.041670
133.341624 0.041671
133.391770 0.050147
133.442066 0.050296
133.466620 0.024553
133.508285 0.041666
133.549962 0.041677
133.591619 0.041656
133.636697 0.045078
133.674950 0.038253
133.716626 0.041676
133.758288 0.041662
133.799959 0.041671
133.841619 0.041660
133.883290 0.041671
133.924952 0.041663
133.972457 0.047505
134.008285 0.035828
134.059434 0.051149
134.097631 0.038197
134.133284 0.035652
134.174959 0.041675
134.224002 0.049044
134.258285 0.034283
134.299957 0.041672
134.341619 0.041663
134.383285 0.041666
134.424952 0.041667
134.466565 0.041613
134.508290 0.041725
134.549951 0.041661
134.591617 0.041666
134.633282 0.041664
134.674954 0.041672
134.716624 0.041670
134.758291 0.041667
134.799948 0.041657
134.841621 0.041674
134.883286 0.041665
134.924951 0.041665
134.966619 0.041668
135.008287 0.041668
135.049955 0.041668
135.091618 0.041663
135.133281 0.041663
135.174956 0.041675
135.216623 0.041667
135.258285 0.041662
135.299954 0.041669
135.341621 0.041668
135.383288 0.041667
135.424951 0.041664
135.466619 0.041667
135.508281 0.041662
135.549949 0.041668
135.591623 0.041674
135.633281 0.041659
135.674950 0.041668
135.716616 0.041666
135.758283 0.041667
135.799950 0.041667
135.841627 0.041676
135.883288 0.041662
135.924951 0.041662
135.966619 0.041668
136.008282 0.041663
136.049953 0.041670
136.091619 0.041667
136.133286 0.041667
136.174953 0.041666
136.216619 0.041666
136.258290 0.041671
136.299953 0.041663
136.341619 0.041666
136.383286 0.041667
136.424952 0.041666
136.466619 0.041667
136.508286 0.041667
136.549950 0.041664
136.591620 0.041670
136.633287 0.041666
136.674950 0.041663
136.716617 0.041667
136.758283 0.041666
136.799950 0.041668
136.841622 0.041671
136.962255 0.120633
137.008286 0.046031
137.049960 0.041674
137.091618 0.041657
137.133282 0.041664
137.174954 0.041673
137.216619 0.041664
137.258290 0.041672
137.301751 0.043460
137.341617 0.039867
137.383285 0.041667
137.424951 0.041666
137.466621 0.041670
137.508283 0.041662
137.600731 0.092448
137.648761 0.048030
137.679632 0.030871
137.720622 0.040990
137.770935 0.050313
137.852011 0.081076
137.883280 0.031270
137.924957 0.041677
137.970301 0.045344
138.014609 0.044308
138.052751 0.038142
138.091618 0.038867
138.140751 0.049134
138.178562 0.037811
138.216620 0.038058
138.258292 0.041673
138.299961 0.041669
138.341618 0.041657
138.383285 0.041666
138.424958 0.041673
138.466570 0.041613
138.508286 0.041716
138.549957 0.041671
138.591620 0.041663
138.640760 0.049139
138.701386 0.060626
138.758284 0.056898
138.799949 0.041665
138.841617 0.041668
138.883288 0.041671
138.924952 0.041664
138.966570 0.041618
139.008282 0.041712
139.049949 0.041667
139.091615 0.041667
139.133286 0.041670
139.174951 0.041665
139.216618 0.041667
139.258282 0.041664
139.299951 0.041669
139.341621 0.041670
139.383290 0.041669
139.424955 0.041665
139.466622 0.041668
139.508283 0.041660
139.549948 0.041666
139.591615 0.041667
139.633282 0.041667
139.674952 0.041670
139.716615 0.041663
139.758281 0.041667
139.799948 0.041667
139.841565 0.041617
139.883282 0.041716
139.924949 0.041667
139.966616 0.041668
140.008287 0.041670
140.049957 0.041670
140.091624 0.041667
140.133292 0.041668
140.174952 0.041660
140.216618 0.041666
140.258283 0.041665
140.299956 0.041673
140.341616 0.041660
140.383287 0.041672
140.424952 0.041664
140.466616 0.041664
140.508284 0.041668
140.549948 0.041665
140.591623 0.041675
140.633263 0.041640
140.674949 0.041686
140.716621 0.041672
140.758285 0.041665
140.799954 0.041668
140.841625 0.041671
140.883285 0.041660
140.924903 0.041618
140.966621 0.041718
141.023387 0.056765
141.049954 0.026567
141.113017 0.063063
141.252731 0.139714
141.355920 0.103189
141.413920 0.058001
141.475944 0.062024
141.572759 0.096815
141.660759 0.088000
141.800756 0.139997
141.928760 0.128004
142.020212 0.091452
142.092787 0.072574
142.188759 0.095973
142.276732 0.087972
142.328198 0.051467
142.361360 0.033162
142.392769 0.031409
142.444807 0.052037
142.476326 0.031519
142.508284 0.031958
142.549954 0.041670
142.591617 0.041663
142.633282 0.041665
142.674949 0.041666
142.716619 0.041670
142.758285 0.041666
142.799953 0.041668
142.841615 0.041662
142.883286 0.041670
142.924952 0.041666
142.966619 0.041667
143.008285 0.041665
143.049953 0.041668
143.091569 0.041616
143.133285 0.041716
143.174953 0.041667
143.216620 0.041668
143.258285 0.041665
143.299953 0.041667
143.341615 0.041662
143.383282 0.041667
143.424950 0.041667
143.466616 0.041666
143.508282 0.041666
143.549948 0.041667
143.591619 0.041670
143.633289 0.041670
143.806719 0.173430
143.936522 0.129803
143.975338 0.038816
144.010939 0.035601
144.049952 0.039013
144.169082 0.119130
144.216617 0.047536
144.265724 0.049106
144.308627 0.042903
144.392745 0.084118
144.464049 0.071304
144.511792 0.047743
144.553089 0.041296
144.623490 0.070401
144.677287 0.053797
144.716571 0.039284
144.758285 0.041715
144.806246 0.047961
144.847878 0.041632
144.883286 0.035408
144.924962 0.041676
144.966618 0.041656
145.012992 0.046374
145.049953 0.036962
145.091615 0.041662
145.133288 0.041673
145.174951 0.041663
145.216569 0.041618
145.258284 0.041715
145.299955 0.041671
145.346964 0.047009
145.383282 0.036318
145.424957 0.041675
145.466620 0.041663
145.508284 0.041664
145.549952 0.041667
145.591615 0.041664
145.636969 0.045354
145.674958 0.037988
145.716615 0.041658
145.758287 0.041672
145.799951 0.041664
145.841621 0.041670
145.883290 0.041668
145.924952 0.041662
145.966624 0.041672
146.008286 0.041662
146.049955 0.041669
146.091616 0.041660
146.133292 0.041676
146.174948 0.041657
146.216616 0.041668
146.258285 0.041669
146.299952 0.041667
146.341615 0.041663
146.383283 0.041667
146.424948 0.041665
146.466621 0.041673
146.508282 0.041661
146.549954 0.041672
146.591615 0.041661
146.633286 0.041671
146.674950 0.041663
146.716618 0.041669
146.758286 0.041668
146.799948 0.041661
146.841568 0.041621
146.883284 0.041716
146.924957 0.041672
146.966571 0.041614
147.008282 0.041710
147.049960 0.041678
147.091620 0.041660
147.133285 0.041665
147.174956 0.041671
147.216624 0.041667
147.258287 0.041664
147.299948 0.041661
147.341619 0.041671
147.383286 0.041666
147.424952 0.041667
147.466615 0.041663
147.508286 0.041671
147.549954 0.041669
147.591616 0.041662
147.633282 0.041666
147.674955 0.041673
147.716619 0.041665
147.758282 0.041662
147.799953 0.041672
147.841620 0.041667
147.883286 0.041666
147.924949 0.041663
147.966566 0.041617
148.008287 0.041722
148.049948 0.041661
148.091623 0.041675
148.133283 0.041660
148.174951 0.041667
148.216615 0.041664
148.261297 0.044683
148.299954 0.038657
148.341622 0.041668
148.383282 0.041660
148.424950 0.041668
148.466615 0.041665
148.508289 0.041674
148.549953 0.041665
148.591616 0.041662
148.633302 0.041687
148.674952 0.041649
148.716615 0.041663
148.758287 0.041672
148.799950 0.041663
148.841626 0.041676
148.883289 0.041663
148.924949 0.041660
148.966619 0.041669
149.008285 0.041666
149.049952 0.041667
149.091618 0.041666
149.133283 0.041665
149.174955 0.041672
149.216619 0.041664
149.258289 0.041670
149.299951 0.041662
149.341622 0.041671
149.383285 0.041663
149.424958 0.041673
149.466621 0.041663
149.508282 0.041661
149.549952 0.041670
149.591617 0.041665
149.633286 0.041668
149.674951 0.041666
149.716615 0.041664
149.758286 0.041671
149.799951 0.041665
149.841625 0.041674
149.883284 0.041659
149.924952 0.041668
149.966617 0.041665
150.008282 0.041665
150.049958 0.041676
150.091623 0.041665
150.133291 0.041668
150.174955 0.041664
150.216615 0.041660
150.258286 0.041670
150.299958 0.041672
150.350379 0.050421
150.383293 0.032915
150.424953 0.041660
150.466619 0.041666
150.508281 0.041662
150.549953 0.041672
150.591617 0.041664
150.640280 0.048663
150.679942 0.039662
150.722117 0.042174
150.758292 0.036175
150.799961 0.041669
150.846113 0.046152
150.883287 0.037174
150.924953 0.041665
150.966619 0.041666
151.016265 0.049646
151.049953 0.033688
151.091620 0.041667
151.134592 0.042972
151.174952 0.040361
151.217386 0.042434
151.258287 0.040901
151.299952 0.041664
151.341572 0.041621
151.383284 0.041711
151.424954 0.041670
151.466568 0.041614
151.508290 0.041722
151.549951 0.041661
151.591624 0.041672
151.633290 0.041666
151.674952 0.041662
151.716617 0.041665
151.764764 0.048147
151.799951 0.035186
151.841597 0.041646
151.883285 0.041688
151.924951 0.041666
151.966569 0.041618
152.008285 0.041716
152.049952 0.041668
152.091621 0.041668
152.133292 0.041671
152.174948 0.041656
152.216619 0.041671
152.258285 0.041666
152.299954 0.041669
152.341619 0.041666
152.383281 0.041662
152.424951 0.041670
152.466621 0.041670
152.508284 0.041663
152.559834 0.051550
152.591616 0.031781
152.633291 0.041676
152.674951 0.041659
152.716624 0.041673
152.758285 0.041661
152.801796 0.043511
152.848581 0.046785
152.883282 0.034701
152.924952 0.041671
152.966615 0.041663
153.008286 0.041671
153.157013 0.148727
153.222089 0.065076
153.258283 0.036194
153.347932 0.089649
153.383281 0.035349
153.454558 0.071277
153.516760 0.062202
153.554941 0.038181
153.591619 0.036679
153.633283 0.041664
153.674953 0.041670
153.726658 0.051705
153.771519 0.044860
153.799952 0.028434
153.841620 0.041668
153.883282 0.041661
153.924952 0.041671
153.966618 0.041666
154.008282 0.041664
154.049900 0.041617
154.091619 0.041720
154.133284 0.041665
154.174950 0.041666
154.216567 0.041617
154.258287 0.041720
154.299950 0.041663
154.341616 0.041667
154.383283 0.041666
154.424954 0.041671
154.466620 0.041666
154.508283 0.041663
154.549951 0.041668
154.591570 0.041619
154.633283 0.041713
154.674949 0.041666
154.716615 0.041665
154.758287 0.041672
154.799953 0.041666
154.841620 0.041668
154.883283 0.041663
154.924950 0.041667
154.966617 0.041667
155.008290 0.041673
155.220504 0.212214
155.344755 0.124252
155.383284 0.038529
155.465847 0.082562
155.520108 0.054261
155.556123 0.036015
155.591622 0.035499
155.696908 0.105286
155.744733 0.047825
155.799946 0.055213
155.841620 0.041674
155.916706 0.075086
155.975783 0.059077
156.008286 0.032502
156.049956 0.041670
156.121151 0.071195
156.186442 0.065291
156.216619 0.030176
156.258289 0.041671
156.299954 0.041665
156.362404 0.062450
156.391283 0.028878
156.424950 0.033668
156.466615 0.041665
156.508293 0.041677
156.549952 0.041659
156.591619 0.041667
156.633285 0.041666
156.675078 0.041793
156.716625 0.041548
156.758821 0.042195
156.799951 0.041130
156.842098 0.042147
156.883292 0.041194
156.934115 0.050823
156.966619 0.032503
157.008292 0.041673
157.049957 0.041665
157.091619 0.041662
157.143809 0.052190
157.174953 0.031144
157.232713 0.057761
157.258296 0.025583
157.299950 0.041655
157.341618 0.041668
157.383291 0.041673
157.424952 0.041661
157.466617 0.041665
157.508288 0.041670
157.549950 0.041662
157.591624 0.041675
157.633293 0.041669
157.686560 0.053266
157.718925 0.032366
157.758286 0.039361
157.799949 0.041663
157.841623 0.041673
157.883281 0.041659
157.924958 0.041677
157.966622 0.041663
158.018722 0.052100
158.049954 0.031233
158.094885 0.044931
158.133288 0.038403
158.174953 0.041664
158.223478 0.048525
158.258282 0.034805
158.299952 0.041670
158.341617 0.041665
158.383283 0.041666
158.424948 0.041665
158.466616 0.041668
158.508281 0.041665
158.549952 0.041671
158.591615 0.041663
158.633284 0.041669
158.674948 0.041664
158.716616 0.041668
158.758283 0.041667
158.799953 0.041670
158.841616 0.041663
158.883283 0.041668
158.924898 0.041615
158.966616 0.041718
159.008282 0.041666
159.049954 0.041672
159.091616 0.041662
159.133288 0.041673
159.174949 0.041660
159.216572 0.041623
159.258282 0.041710
159.299907 0.041625
159.341615 0.041708
159.383286 0.041671
159.424957 0.041671
159.466620 0.041663
159.508284 0.041664
159.549950 0.041666
159.591615 0.041665
159.633286 0.041671
159.674948 0.041662
159.716616 0.041667
159.758282 0.041667
159.799949 0.041667
159.841571 0.041621
159.883282 0.041712
159.924954 0.041671
159.966615 0.041662
160.008282 0.041667
160.049956 0.041674
160.091618 0.041662
160.133285 0.041667
160.183343 0.050058
160.216620 0.033277
160.296526 0.079907
160.341622 0.045096
160.468761 0.127139
160.573901 0.105140
160.684759 0.110858
160.723377 0.038619
160.765593 0.042216
160.799949 0.034356
160.841617 0.041667
160.883286 0.041670
160.924953 0.041667
160.966617 0.041664
161.008282 0.041665
161.049955 0.041674
161.091615 0.041660
161.133286 0.041671
161.174948 0.041662
161.216619 0.041671
161.258281 0.041663
161.299955 0.041674
161.341617 0.041662
161.383287 0.041670
161.424949 0.041661
161.466616 0.041667
161.519388 0.052772
161.549952 0.030564
161.591616 0.041665
161.633281 0.041664
161.674956 0.041676
161.716569 0.041613
161.758284 0.041715
161.799954 0.041669
161.841615 0.041661
161.883287 0.041673
161.924955 0.041667
161.966618 0.041664
162.008286 0.041668
162.049958 0.041671
162.091629 0.041672
162.133285 0.041655
162.175920 0.042635
162.216616 0.040696
162.258560 0.041943
162.299948 0.041388
162.341570 0.041621
162.383284 0.041715
162.435320 0.052035
162.466570 0.031250
162.513102 0.046533
162.549951 0.036848
162.591577 0.041626
162.633289 0.041712
162.674956 0.041667
162.716616 0.041660
162.758293 0.041676
162.808749 0.050456
162.841618 0.032868
162.895052 0.053434
162.924960 0.029908
162.966625 0.041665
163.013445 0.046820
163.049959 0.036514
163.091622 0.041663
163.135718 0.044096
163.174959 0.039241
163.216624 0.041665
163.258286 0.041662
163.299950 0.041663
163.341576 0.041626
163.383284 0.041708
163.424965 0.041681
163.477347 0.052382
163.509144 0.031797
163.549906 0.040763
163.591619 0.041712
163.637710 0.046091
163.674952 0.037242
163.716580 0.041627
163.766134 0.049554
163.799955 0.033821
163.844162 0.044207
163.883285 0.039123
163.924955 0.041670
163.966569 0.041615
164.008287 0.041717
164.049950 0.041663
164.091626 0.041676
164.133287 0.041660
164.176994 0.043707
164.216619 0.039625
164.258292 0.041673
164.299952 0.041661
164.341620 0.041668
164.383283 0.041663
164.424959 0.041676
164.466629 0.041670
164.508287 0.041658
164.549954 0.041667
164.591570 0.041616
164.633287 0.041716
164.686529 0.053242
164.716623 0.030094
164.758292 0.041669
164.799957 0.041665
164.841620 0.041663
164.883284 0.041664
164.924954 0.041670
164.966619 0.041666
165.008284 0.041664
165.049949 0.041666
165.091616 0.041667
165.133287 0.041671
165.174950 0.041663
165.216615 0.041665
165.258287 0.041672
165.299952 0.041665
165.341623 0.041671
165.383288 0.041665
165.424950 0.041661
165.466617 0.041667
165.508283 0.041666
165.549955 0.041672
165.591624 0.041669
165.633290 0.041666
165.674956 0.041666
165.716567 0.041611
165.758284 0.041717
165.799949 0.041666
165.841616 0.041667
165.883289 0.041673
165.924957 0.041668
165.966623 0.041666
166.008283 0.041660
166.049950 0.041667
166.091568 0.041618
166.133283 0.041715
166.174952 0.041669
166.216622 0.041670
166.258285 0.041662
166.299954 0.041669
166.341619 0.041665
166.383287 0.041667
166.424953 0.041666
166.466619 0.041666
166.508286 0.041667
166.549953 0.041667
166.591621 0.041667
166.633285 0.041665
166.674953 0.041668
166.716620 0.041667
166.758286 0.041665
166.799954 0.041668
166.841620 0.041666
166.883287 0.041667
166.924954 0.041667
166.966619 0.041665
167.008287 0.041668
167.049953 0.041666
167.091622 0.041669
167.133285 0.041664
167.174954 0.041669
167.216620 0.041666
167.258288 0.041667
167.299952 0.041664
167.341620 0.041668
167.383289 0.041668
167.424953 0.041664
167.466620 0.041667
167.508287 0.041667
167.549953 0.041666
167.591616 0.041664
167.633283 0.041667
167.674950 0.041667
167.716617 0.041666
167.758282 0.041666
167.799953 0.041671
167.841618 0.041665
167.883286 0.041669
167.924951 0.041664
167.966618 0.041667
168.008287 0.041669
168.049952 0.041665
168.091620 0.041668
168.133286 0.041666
168.174953 0.041666
168.216620 0.041668
168.258283 0.041663
168.299949 0.041665
168.341616 0.041668
168.383285 0.041668
168.424950 0.041665
168.466567 0.041617
168.508286 0.041719
168.549950 0.041664
168.591620 0.041670
168.633287 0.041667
168.674954 0.041667
168.716617 0.041662
168.758287 0.041671
168.799954 0.041666
168.841624 0.041670
168.883283 0.041659
168.924950 0.041667
168.966621 0.041670
169.008286 0.041665
169.049955 0.041669
169.091620 0.041665
169.133288 0.041668
169.174953 0.041665
169.216616 0.041663
169.258286 0.041670
169.299954 0.041667
169.341620 0.041666
169.383288 0.041669
169.424951 0.041663
169.466620 0.041669
169.508288 0.041668
169.549957 0.041668
169.591616 0.041659
169.633290 0.041674
169.674955 0.041665
169.716622 0.041667
169.758283 0.041661
169.799949 0.041666
169.841576 0.041627
169.883288 0.041713
