0.039745 0.039745
0.070243 0.030498
0.090254 0.020011
0.110247 0.019993
0.130779 0.020532
0.150297 0.019519
0.170307 0.020010
0.190283 0.019976
0.210341 0.020058
0.230296 0.019955
0.250233 0.019937
0.270261 0.020028
0.290270 0.020010
0.310259 0.019988
0.330294 0.020035
0.350293 0.019999
0.370357 0.020063
0.390277 0.019920
0.410268 0.019991
0.430293 0.020025
0.450297 0.020004
0.470263 0.019966
0.490602 0.020338
0.510259 0.019658
0.530292 0.020032
0.550300 0.020008
0.570266 0.019966
0.590253 0.019988
0.610249 0.019996
0.630263 0.020014
0.650267 0.020004
0.670238 0.019972
0.690296 0.020058
0.710297 0.020001
0.730275 0.019978
0.750307 0.020032
0.770261 0.019954
0.790262 0.020001
0.810265 0.020003
0.830297 0.020032
0.850269 0.019973
0.870261 0.019992
0.891201 0.020940
0.910251 0.019050
0.930293 0.020042
0.950295 0.020002
0.970266 0.019970
0.990294 0.020028
1.010294 0.020000
1.030259 0.019965
1.052149 0.021890
1.070272 0.018123
1.090295 0.020023
1.110300 0.020005
1.130295 0.019996
1.150236 0.019940
1.170335 0.020099
1.190294 0.019959
1.210245 0.019951
1.230244 0.019999
1.250244 0.020000
1.270241 0.019997
1.290258 0.020017
1.310221 0.019963
1.330297 0.020076
1.350293 0.019997
1.370286 0.019992
1.390263 0.019978
1.410259 0.019996
1.430260 0.020001
1.450276 0.020016
1.470293 0.020018
1.490297 0.020004
1.510293 0.019996
1.530294 0.020001
1.550300 0.020005
1.570292 0.019992
1.590252 0.019960
1.610261 0.020009
1.630296 0.020035
1.650257 0.019961
1.670297 0.020041
1.690271 0.019974
1.710266 0.019995
1.731427 0.021161
1.750276 0.018849
1.770265 0.019988
1.790266 0.020001
1.810820 0.020554
1.830275 0.019454
1.926842 0.096568
1.953059 0.026217
1.971818 0.018759
1.990264 0.018446
2.010263 0.019999
2.030266 0.020003
2.050265 0.019999
2.070263 0.019998
2.090268 0.020005
2.110265 0.019997
2.130263 0.019999
2.150264 0.020001
2.170265 0.020001
2.190271 0.020006
2.210264 0.019993
2.230264 0.020000
2.250265 0.020001
2.270268 0.020003
2.290270 0.020003
2.310261 0.019991
2.330266 0.020005
2.350272 0.020007
2.370266 0.019994
2.390266 0.020000
2.410266 0.019999
2.430264 0.019999
2.450266 0.020002
2.533979 0.083713
2.554649 0.020670
2.570267 0.015618
2.590269 0.020002
2.610268 0.019999
2.630264 0.019996
2.650263 0.019999
2.670273 0.020010
2.690222 0.019949
2.710266 0.020045
2.730266 0.019999
2.750265 0.019999
2.770270 0.020005
2.790264 0.019995
2.810264 0.019999
2.830265 0.020002
2.850269 0.020004
2.870266 0.019997
2.890264 0.019998
2.910263 0.019999
2.930267 0.020003
2.951459 0.021193
2.970229 0.018769
2.990265 0.020036
3.010265 0.020000
3.030270 0.020006
3.050265 0.019994
3.070265 0.020000
3.090265 0.020001
3.110270 0.020005
3.130263 0.019993
3.150267 0.020003
3.170267 0.020001
3.191813 0.021546
3.210268 0.018455
3.230265 0.019998
3.250265 0.020000
3.270265 0.020000
3.290264 0.019998
3.310264 0.020000
3.330266 0.020002
3.351937 0.021671
3.410965 0.059029
3.430271 0.019306
3.450266 0.019995
3.470264 0.019997
3.490264 0.020001
3.510263 0.019999
3.530218 0.019954
3.550264 0.020046
3.570263 0.019999
3.590266 0.020003
3.610688 0.020422
3.630276 0.019588
3.650264 0.019987
3.670265 0.020001
3.690263 0.019998
3.710263 0.020000
3.730265 0.020002
3.751175 0.020910
3.770276 0.019102
3.790267 0.019991
3.810266 0.019999
3.830268 0.020002
3.850272 0.020005
3.870265 0.019993
3.890273 0.020008
3.910266 0.019993
3.930271 0.020005
3.950263 0.019992
3.970265 0.020002
3.990266 0.020001
4.010275 0.020009
4.030276 0.020001
4.050272 0.019997
4.070269 0.019997
4.090271 0.020002
4.172271 0.082000
4.190265 0.017994
4.210271 0.020007
4.230263 0.019992
4.250264 0.020000
4.270263 0.020000
4.290212 0.019949
4.311431 0.021219
4.330277 0.018846
4.350264 0.019987
4.370263 0.019999
4.390270 0.020007
4.410264 0.019993
4.430263 0.020000
4.450267 0.020003
4.472010 0.021743
4.490271 0.018261
4.510265 0.019994
4.530266 0.020000
4.550265 0.020000
4.570264 0.019999
4.590264 0.020000
4.610262 0.019999
4.630269 0.020007
4.650264 0.019995
4.670264 0.019999
4.690266 0.020003
4.710266 0.020000
4.730436 0.020170
4.750277 0.019841
4.770275 0.019998
4.790267 0.019992
4.810267 0.020000
4.830215 0.019948
4.850266 0.020051
4.870268 0.020002
4.890261 0.019994
4.910265 0.020004
5.010261 0.099996
5.030264 0.020003
5.050278 0.020014
5.075145 0.024867
5.095137 0.019992
5.110440 0.015303
5.130266 0.019826
5.152346 0.022080
5.170278 0.017932
5.190265 0.019987
5.210264 0.019999
5.230267 0.020003
5.250264 0.019997
5.277641 0.027377
5.290422 0.012781
5.310266 0.019844
5.330264 0.019998
5.350267 0.020003
5.370272 0.020004
5.390264 0.019993
5.410264 0.020000
5.430265 0.020001
5.450265 0.020000
5.470267 0.020001
5.490264 0.019997
5.510263 0.019999
5.530264 0.020001
5.550272 0.020008
5.570270 0.019998
5.590264 0.019994
5.610267 0.020003
5.630266 0.019999
5.650218 0.019951
5.670264 0.020047
5.690264 0.020000
5.710265 0.020001
5.730265 0.020000
5.750264 0.019999
5.770266 0.020002
5.790265 0.019999
5.810267 0.020002
5.830264 0.019996
5.850266 0.020003
5.870265 0.019998
5.890265 0.020000
5.985999 0.095735
6.010261 0.024261
6.030214 0.019954
6.050263 0.020048
6.070263 0.020001
6.090264 0.020000
6.110263 0.020000
6.130263 0.020000
6.150266 0.020002
6.170265 0.019999
6.190214 0.019949
6.210215 0.020002
6.230264 0.020049
6.250265 0.020001
6.270265 0.020000
6.290626 0.020361
6.310222 0.019596
6.330264 0.020042
6.350215 0.019951
6.370265 0.020050
6.390264 0.019999
6.410269 0.020005
6.430265 0.019996
6.450268 0.020003
6.470268 0.020000
6.490265 0.019998
6.510269 0.020003
6.530264 0.019995
6.550267 0.020003
6.570266 0.019999
6.590266 0.020000
6.610267 0.020001
6.630265 0.019999
6.650264 0.019998
6.670217 0.019954
6.690267 0.020050
6.710270 0.020003
6.730219 0.019949
6.750309 0.020090
6.770250 0.019940
6.823063 0.052813
6.850262 0.027199
6.870263 0.020001
6.890264 0.020001
6.910266 0.020002
6.930264 0.019997
6.950263 0.019999
6.970264 0.020001
6.990265 0.020001
7.010266 0.020001
7.033639 0.023373
7.050993 0.017354
7.070267 0.019275
7.090267 0.020000
7.110942 0.020675
7.130275 0.019333
7.150265 0.019989
7.170264 0.019999
7.190266 0.020002
7.210269 0.020003
7.230264 0.019995
7.250267 0.020002
7.270265 0.019998
7.290265 0.020000
7.310264 0.019999
7.330266 0.020002
7.352681 0.022415
7.370273 0.017592
7.390271 0.019998
7.410216 0.019946
7.430270 0.020054
7.450264 0.019994
7.470266 0.020001
7.490267 0.020002
7.510267 0.020000
7.530269 0.020002
7.550264 0.019995
7.570264 0.020000
7.590265 0.020001
7.610217 0.019952
7.633078 0.022861
7.650272 0.017194
7.670266 0.019994
7.690264 0.019998
7.710266 0.020002
7.731265 0.020998
7.750274 0.019009
7.770266 0.019992
7.790264 0.019999
7.810264 0.020000
7.830265 0.020000
7.850264 0.019999
7.870266 0.020003
7.890905 0.020638
7.910226 0.019322
7.930266 0.020040
7.950268 0.020002
7.970272 0.020004
7.990266 0.019994
8.010268 0.020002
8.030221 0.019953
8.052412 0.022190
8.096074 0.043663
8.110265 0.014191
8.130214 0.019949
8.150215 0.020001
8.170264 0.020049
8.190264 0.020000
8.210267 0.020003
8.230264 0.019997
8.250265 0.020000
8.270264 0.019999
8.290267 0.020003
8.310225 0.019958
8.330269 0.020044
8.350266 0.019997
8.370265 0.019999
8.390264 0.019999
8.410270 0.020006
8.430264 0.019994
8.450265 0.020001
8.470265 0.020000
8.490267 0.020002
8.510266 0.019999
8.530268 0.020002
8.550266 0.019998
8.570265 0.019999
8.590264 0.019999
8.610265 0.020001
8.630266 0.020001
8.650265 0.019999
8.670269 0.020004
8.690264 0.019996
8.710264 0.020000
8.730264 0.020000
8.750265 0.020001
8.770265 0.020000
8.790265 0.019999
8.810267 0.020002
8.830265 0.019998
8.850264 0.019999
8.870264 0.020000
8.890264 0.019999
8.910264 0.020001
8.930266 0.020002
9.024241 0.093975
9.050264 0.026023
9.070265 0.020001
9.090264 0.020000
9.110215 0.019950
9.130263 0.020049
9.150265 0.020001
9.170266 0.020002
9.190268 0.020002
9.210264 0.019996
9.230264 0.020001
9.250264 0.020000
9.270264 0.020000
9.290274 0.020010
9.310265 0.019991
9.330269 0.020004
9.350264 0.019995
9.370267 0.020003
9.390263 0.019997
9.410265 0.020002
9.430267 0.020002
9.450224 0.019956
9.470266 0.020043
9.490267 0.020000
9.510265 0.019999
9.530267 0.020001
9.550264 0.019998
9.570270 0.020005
9.590214 0.019944
9.610265 0.020051
9.630269 0.020005
9.650266 0.019997
9.670267 0.020001
9.690227 0.019960
9.710291 0.020064
9.750778 0.040487
9.790261 0.039483
9.810264 0.020003
9.830263 0.019999
9.850697 0.020433
9.870264 0.019568
9.890265 0.020001
9.910265 0.020000
9.930264 0.019998
9.950268 0.020005
9.970265 0.019996
9.990271 0.020007
10.010264 0.019993
10.030268 0.020004
10.050266 0.019998
10.070269 0.020003
10.090215 0.019946
10.110265 0.020050
10.130263 0.019999
10.150215 0.019951
10.170264 0.020049
10.190268 0.020004
10.210265 0.019998
10.230266 0.020001
10.250265 0.019999
10.270267 0.020002
10.290264 0.019997
10.310268 0.020003
10.330271 0.020003
10.350219 0.019948
10.370265 0.020046
10.390268 0.020003
10.410274 0.020005
10.430268 0.019995
10.450281 0.020013
10.507852 0.057572
10.531445 0.023592
10.550222 0.018778
10.570270 0.020048
10.590269 0.019998
10.610269 0.020001
10.630270 0.020001
10.650214 0.019944
10.670268 0.020054
10.690219 0.019951
