0.011797 0.011797
0.053729 0.041932
0.092991 0.039262
0.134700 0.041708
0.176360 0.041660
0.217983 0.041623
0.259679 0.041696
0.301373 0.041694
0.343060 0.041687
0.384721 0.041662
0.426391 0.041669
0.468055 0.041665
0.509729 0.041674
0.551349 0.041620
0.593011 0.041661
0.634723 0.041712
0.676382 0.041660
0.718054 0.041672
0.759726 0.041672
0.801386 0.041660
0.843055 0.041669
0.884717 0.041662
0.926342 0.041626
0.968052 0.041710
1.009720 0.041668
1.051385 0.041665
1.092990 0.041605
1.134672 0.041682
1.176387 0.041715
1.218055 0.041668
1.259721 0.041666
1.301342 0.041621
1.343015 0.041673
1.384671 0.041656
1.426404 0.041733
1.468049 0.041645
1.509674 0.041625
1.551391 0.041717
1.593054 0.041663
1.634672 0.041618
1.676341 0.041669
1.718010 0.041669
1.759718 0.041708
1.801388 0.041670
1.843053 0.041665
1.884692 0.041639
1.926356 0.041665
1.968022 0.041666
2.009645 0.041623
2.102591 0.092946
2.134689 0.032098
2.176355 0.041666
2.217972 0.041617
2.259638 0.041666
2.301355 0.041717
2.343021 0.041666
2.384688 0.041667
2.426355 0.041667
2.468022 0.041667
2.509688 0.041666
2.551355 0.041667
2.593025 0.041670
2.634645 0.041620
2.726045 0.091400
2.759689 0.033644
2.801359 0.041670
2.843025 0.041666
2.884766 0.041741
2.926359 0.041592
2.968024 0.041665
3.009642 0.041618
3.051356 0.041714
3.093021 0.041665
3.134639 0.041617
3.176355 0.041717
3.218021 0.041666
3.259638 0.041617
3.301355 0.041717
3.342976 0.041621
3.384691 0.041715
3.426357 0.041666
3.468023 0.041666
3.509695 0.041672
3.551376 0.041681
3.594032 0.042656
3.634690 0.040658
3.676356 0.041666
3.718026 0.041670
3.759689 0.041663
3.801355 0.041666
3.843021 0.041666
3.884688 0.041667
3.926356 0.041668
3.968024 0.041668
4.009688 0.041664
4.051355 0.041667
4.093022 0.041667
4.134641 0.041619
4.176355 0.041714
4.218021 0.041666
4.259689 0.041668
4.352840 0.093151
4.384686 0.031846
4.426355 0.041669
4.467971 0.041616
4.509688 0.041717
4.551358 0.041670
4.593021 0.041663
4.634638 0.041617
4.676355 0.041717
4.718023 0.041668
4.759688 0.041665
4.801354 0.041667
4.843024 0.041670
4.884640 0.041616
4.926368 0.041728
4.968022 0.041654
5.009688 0.041666
5.051356 0.041668
5.093003 0.041646
5.176356 0.083353
5.218022 0.041666
5.259639 0.041617
5.301355 0.041716
5.343022 0.041667
5.384688 0.041667
5.426355 0.041667
5.468022 0.041667
5.509688 0.041666
5.551355 0.041666
5.593022 0.041667
5.634640 0.041618
5.676356 0.041716
5.718024 0.041668
5.759692 0.041669
5.801356 0.041664
5.843023 0.041667
5.884642 0.041620
5.926357 0.041715
5.968022 0.041665
6.009689 0.041667
6.051356 0.041667
6.093012 0.041656
6.176352 0.083340
6.218023 0.041672
6.259690 0.041667
6.301357 0.041667
6.343025 0.041668
6.384640 0.041615
6.426358 0.041717
6.468023 0.041665
6.509639 0.041617
6.551357 0.041717
6.593022 0.041666
6.634640 0.041617
6.676356 0.041716
6.717974 0.041618
6.759690 0.041716
6.801356 0.041667
6.843022 0.041666
6.884641 0.041619
6.926377 0.041736
6.990113 0.063736
7.009642 0.019529
7.051355 0.041713
7.093023 0.041668
7.134691 0.041667
7.176356 0.041666
7.218023 0.041667
7.259642 0.041619
7.301357 0.041715
7.343023 0.041667
7.384690 0.041666
7.426357 0.041668
7.468023 0.041666
7.509641 0.041618
7.551356 0.041716
7.593023 0.041667
7.634690 0.041666
7.676356 0.041667
7.718027 0.041671
7.759690 0.041663
7.801357 0.041666
7.843024 0.041667
7.884689 0.041666
7.926356 0.041667
7.968024 0.041668
8.009794 0.041770
8.051306 0.041513
8.093023 0.041716
8.134691 0.041668
8.176311 0.041620
8.218044 0.041734
8.259694 0.041650
8.301356 0.041662
8.343024 0.041667
8.384640 0.041616
8.426356 0.041716
8.468023 0.041668
8.509640 0.041616
8.551357 0.041717
8.593023 0.041666
8.634640 0.041617
8.676356 0.041716
8.717974 0.041618
8.759689 0.041715
8.801358 0.041669
8.843022 0.041663
8.884639 0.041617
8.926357 0.041719
8.968022 0.041665
9.009688 0.041666
9.051356 0.041667
9.093021 0.041666
9.134677 0.041655
9.218020 0.083343
9.259690 0.041670
9.301356 0.041666
9.343023 0.041667
9.384689 0.041666
9.426356 0.041667
9.468022 0.041666
9.509639 0.041618
9.551356 0.041717
9.593024 0.041667
9.634641 0.041617
9.676356 0.041715
9.717974 0.041618
9.759641 0.041667
9.801357 0.041716
9.843024 0.041667
9.884669 0.041645
9.926394 0.041726
9.968023 0.041628
10.009689 0.041667
10.051356 0.041667
10.093022 0.041666
10.134690 0.041668
10.176355 0.041665
10.218022 0.041667
10.259639 0.041616
10.301355 0.041717
10.343023 0.041667
10.384689 0.041666
10.426356 0.041667
10.468021 0.041665
10.509689 0.041667
10.551356 0.041668
10.593022 0.041666
10.634672 0.041650
10.718022 0.083350
10.759689 0.041667
10.801356 0.041667
10.843022 0.041666
10.884639 0.041616
10.926356 0.041718
10.967975 0.041619
11.009639 0.041664
11.051356 0.041717
11.093023 0.041666
11.134690 0.041668
11.176355 0.041665
11.218023 0.041668
11.259640 0.041617
11.301356 0.041716
11.343024 0.041668
11.384639 0.041616
11.426355 0.041716
11.468023 0.041667
11.509690 0.041667
11.551357 0.041668
11.593022 0.041665
11.634710 0.041688
11.676383 0.041673
11.718023 0.041640
11.759688 0.041666
11.801356 0.041667
11.843022 0.041666
11.884641 0.041619
11.926356 0.041715
11.968022 0.041666
12.009688 0.041666
12.051356 0.041668
12.093022 0.041666
12.134642 0.041620
12.176356 0.041714
12.218022 0.041666
12.259689 0.041667
12.301356 0.041667
12.343023 0.041668
12.384690 0.041666
12.426356 0.041666
12.468022 0.041666
12.509689 0.041667
12.551355 0.041666
12.593023 0.041668
12.634640 0.041617
12.676356 0.041716
12.718023 0.041668
12.759690 0.041667
12.801357 0.041667
12.843023 0.041665
12.884689 0.041666
12.926356 0.041667
12.968023 0.041667
13.009689 0.041666
13.051356 0.041667
13.093043 0.041687
13.134725 0.041682
13.176318 0.041593
13.218057 0.041739
13.259690 0.041633
13.301356 0.041666
13.343023 0.041667
13.384689 0.041666
13.426356 0.041667
13.468022 0.041667
13.509689 0.041666
13.551355 0.041666
13.592999 0.041644
13.634723 0.041723
13.676361 0.041638
13.718022 0.041661
13.759688 0.041666
13.801355 0.041667
13.843022 0.041667
13.884689 0.041667
13.926356 0.041667
13.968022 0.041666
14.009689 0.041667
14.051356 0.041668
14.093022 0.041666
14.134690 0.041668
14.176355 0.041665
14.217972 0.041617
14.259689 0.041717
14.301356 0.041667
14.343023 0.041667
14.384638 0.041615
14.426331 0.041693
14.468015 0.041684
14.513606 0.045591
14.551356 0.037749
14.593022 0.041666
14.634640 0.041618
14.676356 0.041717
14.718022 0.041666
14.759639 0.041617
14.801356 0.041717
14.843022 0.041666
14.884690 0.041667
14.926356 0.041667
14.968022 0.041666
15.009689 0.041667
15.051355 0.041666
15.093023 0.041668
15.134690 0.041667
15.176356 0.041666
15.218022 0.041667
15.259677 0.041654
15.343018 0.083342
15.384689 0.041670
15.426354 0.041666
15.468021 0.041666
15.509687 0.041667
15.551354 0.041667
15.593021 0.041667
15.634637 0.041617
15.676356 0.041718
15.717973 0.041617
15.759640 0.041668
15.801356 0.041716
15.842972 0.041616
15.884690 0.041718
15.926357 0.041667
15.968023 0.041666
16.009689 0.041666
16.051356 0.041667
16.093024 0.041668
16.134640 0.041616
16.176355 0.041715
16.218021 0.041666
16.259638 0.041617
16.301355 0.041717
16.343023 0.041668
16.384638 0.041615
16.426355 0.041717
16.468002 0.041647
16.527256 0.059255
16.551355 0.024099
16.593022 0.041667
16.634689 0.041667
16.676356 0.041667
16.717971 0.041616
16.759638 0.041667
16.801355 0.041717
16.843022 0.041667
16.884689 0.041667
16.926357 0.041668
16.967971 0.041615
17.009639 0.041667
17.051355 0.041716
17.093022 0.041667
17.134640 0.041619
17.176354 0.041714
17.218045 0.041690
17.301351 0.083307
17.343022 0.041671
17.384688 0.041666
17.426355 0.041667
17.468022 0.041666
17.509689 0.041667
17.551356 0.041667
17.593022 0.041666
17.634639 0.041618
17.676356 0.041716
17.718022 0.041666
17.759640 0.041618
17.801355 0.041715
17.843022 0.041667
17.884639 0.041616
17.926357 0.041718
17.968022 0.041666
18.009690 0.041668
18.051356 0.041666
18.093022 0.041666
18.134640 0.041618
18.176357 0.041717
18.218024 0.041667
18.259690 0.041666
18.301356 0.041666
18.342975 0.041619
18.384691 0.041716
18.426379 0.041688
18.468012 0.041633
18.509695 0.041683
18.551356 0.041661
18.593023 0.041666
18.634689 0.041667
18.676355 0.041665
18.718022 0.041668
18.759689 0.041667
18.801356 0.041666
18.843022 0.041667
18.884689 0.041667
18.926356 0.041667
18.968023 0.041666
19.009640 0.041617
19.051355 0.041715
19.093022 0.041667
19.134690 0.041668
19.176360 0.041670
19.218022 0.041662
19.259688 0.041666
19.301356 0.041668
19.343023 0.041667
19.384639 0.041616
19.426356 0.041717
19.468023 0.041667
19.509641 0.041618
19.551357 0.041717
19.593023 0.041666
19.634690 0.041667
19.676378 0.041688
19.718553 0.042176
19.759691 0.041138
19.801356 0.041665
19.843022 0.041666
19.884639 0.041617
19.926356 0.041717
19.968022 0.041666
20.009691 0.041669
20.051355 0.041665
20.093022 0.041667
20.134690 0.041668
20.176355 0.041665
20.218022 0.041667
20.259689 0.041666
20.301355 0.041667
20.343023 0.041667
20.384689 0.041666
20.426356 0.041667
20.468023 0.041667
20.509639 0.041616
20.551356 0.041718
20.593022 0.041666
20.634690 0.041668
20.676345 0.041654
20.759686 0.083341
20.801356 0.041670
20.843023 0.041667
20.884689 0.041666
20.926357 0.041668
20.968022 0.041665
21.009639 0.041617
21.051355 0.041716
21.093022 0.041667
21.134640 0.041618
21.176356 0.041717
21.218077 0.041721
21.259689 0.041612
21.301355 0.041665
21.343023 0.041669
21.384689 0.041665
21.426355 0.041666
21.468022 0.041667
21.509672 0.041650
21.593021 0.083349
21.634690 0.041669
21.676357 0.041667
21.718023 0.041666
21.759689 0.041666
21.801355 0.041666
21.843022 0.041667
21.884690 0.041668
21.926358 0.041668
21.968023 0.041665
22.009689 0.041666
22.051356 0.041667
22.093023 0.041667
22.134691 0.041669
22.176355 0.041664
22.218000 0.041645
22.301352 0.083352
22.343024 0.041671
22.384690 0.041666
22.426356 0.041666
22.468023 0.041667
22.509689 0.041666
22.551358 0.041669
22.593024 0.041666
22.634689 0.041666
22.676356 0.041667
22.718022 0.041666
22.759690 0.041668
22.801356 0.041665
22.843022 0.041666
22.884638 0.041616
22.926358 0.041720
22.968022 0.041664
23.009640 0.041618
23.051356 0.041716
23.093022 0.041666
23.134641 0.041619
23.176357 0.041716
23.218024 0.041667
23.259641 0.041617
23.301357 0.041716
23.343023 0.041667
23.384690 0.041667
23.426372 0.041682
23.468005 0.041633
23.510353 0.042348
23.551357 0.041004
23.593023 0.041666
23.634690 0.041668
23.676357 0.041667
23.718024 0.041667
23.759690 0.041666
23.801356 0.041666
23.843022 0.041666
23.884767 0.041745
23.926357 0.041590
23.968023 0.041666
24.009690 0.041668
24.051356 0.041666
24.093023 0.041667
24.134690 0.041667
24.176356 0.041667
24.217973 0.041617
24.259690 0.041718
24.301356 0.041665
24.343024 0.041668
24.384690 0.041666
24.426357 0.041667
24.468024 0.041667
24.509690 0.041666
24.551357 0.041667
24.593024 0.041667
24.634668 0.041644
24.676346 0.041678
24.718024 0.041677
24.759690 0.041666
24.801356 0.041666
24.843024 0.041668
24.884689 0.041666
24.926358 0.041669
24.968023 0.041665
25.009640 0.041617
25.051357 0.041717
25.093023 0.041666
25.134691 0.041668
25.176357 0.041665
25.218023 0.041667
25.259690 0.041666
25.301356 0.041666
25.343024 0.041669
25.384690 0.041666
25.426357 0.041666
25.468022 0.041666
25.509640 0.041618
25.551357 0.041717
25.592972 0.041616
25.634690 0.041717
25.676356 0.041666
25.718024 0.041668
25.759691 0.041667
25.801378 0.041687
25.843020 0.041641
25.884691 0.041672
25.926357 0.041665
25.968107 0.041751
26.009691 0.041583
26.051357 0.041666
26.093022 0.041665
26.134641 0.041619
26.176357 0.041715
26.218023 0.041667
26.259640 0.041617
26.301356 0.041716
26.343023 0.041667
26.384640 0.041617
26.426356 0.041717
26.468022 0.041666
26.509640 0.041618
26.551358 0.041718
26.593023 0.041665
26.634689 0.041666
26.676356 0.041667
26.718025 0.041669
26.759691 0.041665
26.801357 0.041666
26.842975 0.041618
26.884690 0.041715
26.926357 0.041667
26.968058 0.041701
27.051354 0.083295
27.093023 0.041669
27.134691 0.041668
27.176356 0.041665
27.218023 0.041667
27.259640 0.041618
27.301356 0.041716
27.343024 0.041668
27.384690 0.041666
27.426358 0.041668
27.468023 0.041665
27.509640 0.041617
27.551360 0.041720
27.593023 0.041664
27.634690 0.041666
27.676356 0.041666
27.718023 0.041667
27.759690 0.041667
27.801357 0.041667
27.842973 0.041617
27.884640 0.041667
27.926356 0.041716
27.968023 0.041667
28.009641 0.041619
28.051357 0.041715
28.093022 0.041666
28.134712 0.041690
28.176356 0.041644
28.218025 0.041668
28.259690 0.041665
28.301346 0.041656
28.384685 0.083339
28.426356 0.041671
28.468023 0.041666
28.509689 0.041667
28.551356 0.041667
28.593023 0.041667
28.634690 0.041667
28.676356 0.041666
28.718022 0.041666
28.759690 0.041668
28.801356 0.041666
28.843023 0.041667
28.884689 0.041666
28.926357 0.041668
28.968024 0.041666
29.009690 0.041666
29.051343 0.041653
29.134688 0.083344
29.176356 0.041668
29.218024 0.041667
29.259690 0.041667
29.301357 0.041666
29.343024 0.041667
29.384690 0.041666
29.426357 0.041667
29.468023 0.041666
29.509691 0.041668
29.551380 0.041689
29.593020 0.041640
29.634692 0.041672
29.676357 0.041665
29.718024 0.041667
29.759641 0.041617
29.801356 0.041716
29.843023 0.041667
29.884691 0.041668
29.926358 0.041667
29.967977 0.041619
30.009691 0.041714
30.051357 0.041666
30.093023 0.041667
30.134642 0.041619
30.176356 0.041714
30.218024 0.041668
30.259690 0.041667
30.301357 0.041667
30.342974 0.041617
30.384648 0.041674
30.426356 0.041709
30.468024 0.041667
30.509691 0.041667
30.551357 0.041666
30.593023 0.041667
30.634641 0.041618
30.676357 0.041716
30.718024 0.041667
30.759641 0.041617
30.801356 0.041715
30.842974 0.041619
30.884690 0.041715
30.926358 0.041668
30.968023 0.041665
31.009690 0.041667
31.051334 0.041644
31.093017 0.041683
31.134640 0.041623
31.176355 0.041715
31.218023 0.041667
31.259689 0.041667
31.301356 0.041667
31.343023 0.041667
31.384689 0.041666
31.426356 0.041667
31.468024 0.041668
31.509689 0.041665
31.551357 0.041669
31.593022 0.041665
31.634689 0.041667
31.676355 0.041666
31.718023 0.041668
31.759690 0.041667
31.801355 0.041665
31.843022 0.041667
31.884690 0.041668
31.926356 0.041666
31.968027 0.041671
32.009639 0.041611
32.051331 0.041692
32.134688 0.083358
32.176356 0.041668
32.218022 0.041666
32.259688 0.041667
32.301356 0.041667
32.342973 0.041617
32.384643 0.041671
32.426357 0.041714
32.468023 0.041666
32.509688 0.041665
32.551356 0.041668
32.593022 0.041666
32.634691 0.041668
32.676357 0.041666
32.718022 0.041666
32.759640 0.041618
32.801355 0.041715
32.843022 0.041667
32.884639 0.041617
32.926358 0.041719
32.968022 0.041664
33.009689 0.041667
33.051356 0.041667
33.093022 0.041666
33.134689 0.041667
33.176356 0.041667
33.218022 0.041666
33.259678 0.041655
33.343019 0.083342
33.384689 0.041670
33.426356 0.041666
33.468023 0.041667
33.509690 0.041668
33.551356 0.041666
33.593024 0.041668
33.634640 0.041616
33.676356 0.041716
33.718023 0.041668
33.759691 0.041668
33.801358 0.041666
33.843029 0.041671
33.884641 0.041613
33.926355 0.041714
33.968022 0.041667
34.009689 0.041666
34.051355 0.041667
34.093022 0.041667
34.134641 0.041618
34.176356 0.041716
34.218024 0.041668
34.259689 0.041665
34.301381 0.041692
34.342976 0.041596
34.384690 0.041714
34.426356 0.041666
34.468022 0.041666
34.509639 0.041617
34.551360 0.041721
34.593022 0.041662
34.634689 0.041667
34.676356 0.041667
34.718022 0.041667
34.759690 0.041668
34.801355 0.041665
34.843022 0.041667
34.884689 0.041667
34.926357 0.041668
34.968022 0.041666
35.009688 0.041666
35.051334 0.041646
35.112125 0.060791
35.134690 0.022565
35.176356 0.041666
35.218022 0.041666
35.259639 0.041617
35.301355 0.041716
35.342974 0.041619
35.384690 0.041715
35.426355 0.041666
35.468022 0.041666
35.509639 0.041617
35.551357 0.041719
35.593022 0.041664
35.634639 0.041618
35.676355 0.041716
35.718022 0.041667
35.759690 0.041667
35.801355 0.041666
35.843028 0.041672
35.932920 0.089892
35.968020 0.035100
36.009639 0.041619
36.051355 0.041716
36.093022 0.041667
36.134688 0.041666
36.176357 0.041668
36.218022 0.041665
36.259689 0.041667
36.301357 0.041667
36.343023 0.041667
36.384690 0.041666
36.426357 0.041668
36.468024 0.041667
36.509694 0.041670
36.551965 0.042271
36.634688 0.082723
36.676356 0.041668
36.718022 0.041667
36.759690 0.041668
36.801355 0.041665
36.843025 0.041670
36.884689 0.041664
36.926356 0.041666
36.968023 0.041667
37.009691 0.041668
37.051357 0.041667
37.093024 0.041667
37.134641 0.041616
37.176357 0.041717
37.217974 0.041617
37.259641 0.041667
37.301356 0.041715
37.343024 0.041668
37.384641 0.041617
37.426338 0.041697
37.509687 0.083349
37.551357 0.041669
37.593023 0.041667
37.634689 0.041665
37.676355 0.041667
37.718022 0.041666
37.759691 0.041669
37.801357 0.041666
37.843023 0.041666
37.884689 0.041666
37.926358 0.041669
37.968024 0.041666
38.009690 0.041666
38.051356 0.041666
38.093023 0.041668
38.134642 0.041619
38.176357 0.041715
38.218046 0.041689
38.259683 0.041637
38.301366 0.041683
38.343024 0.041657
38.384638 0.041615
38.426356 0.041717
38.468022 0.041666
38.509639 0.041617
38.551357 0.041718
38.593022 0.041665
38.634689 0.041668
38.676360 0.041671
38.718023 0.041662
38.759690 0.041667
38.801355 0.041666
38.843023 0.041667
38.884689 0.041666
38.926355 0.041666
38.968022 0.041667
39.009689 0.041667
39.051356 0.041667
39.093022 0.041666
39.134689 0.041667
39.176356 0.041667
39.218024 0.041668
39.259641 0.041618
39.301357 0.041716
39.343023 0.041666
39.384640 0.041616
39.426356 0.041716
39.468011 0.041655
39.551353 0.083342
39.593022 0.041669
39.634690 0.041668
39.676356 0.041666
39.718023 0.041667
39.759691 0.041669
39.801355 0.041664
39.843022 0.041666
39.884639 0.041618
39.926356 0.041717
39.968024 0.041667
40.009689 0.041665
40.051356 0.041667
40.093022 0.041666
40.134690 0.041668
40.176355 0.041665
40.218026 0.041670
40.259689 0.041663
40.301355 0.041667
40.343023 0.041668
40.384639 0.041616
40.426357 0.041718
40.468022 0.041665
40.509639 0.041616
40.551357 0.041718
40.593022 0.041665
40.634690 0.041668
40.676356 0.041666
40.717973 0.041617
40.759640 0.041667
40.801356 0.041716
40.843023 0.041667
40.884711 0.041688
40.926348 0.041637
40.968023 0.041676
41.009689 0.041665
41.051356 0.041667
41.093021 0.041666
41.134689 0.041668
41.176356 0.041667
41.218052 0.041696
41.259689 0.041637
41.301355 0.041666
41.343022 0.041667
41.384689 0.041667
41.426355 0.041666
41.468022 0.041667
41.509638 0.041616
41.551357 0.041718
41.593021 0.041665
41.634640 0.041618
41.676355 0.041715
41.718023 0.041668
41.759640 0.041617
41.801357 0.041717
41.842974 0.041617
41.884690 0.041717
41.926356 0.041666
41.968024 0.041667
42.009641 0.041617
42.051357 0.041716
42.093024 0.041667
42.134691 0.041667
42.176381 0.041690
42.218058 0.041677
42.259690 0.041632
42.301356 0.041666
42.343022 0.041666
42.384689 0.041667
42.426356 0.041666
42.468022 0.041666
42.509689 0.041667
42.551356 0.041667
42.593022 0.041665
42.634639 0.041618
42.676356 0.041716
42.718022 0.041667
42.759690 0.041668
42.801356 0.041665
42.843022 0.041666
42.884661 0.041639
42.926936 0.042274
42.968023 0.041088
43.009689 0.041666
43.051356 0.041667
43.093023 0.041667
43.134689 0.041667
43.176355 0.041666
43.218022 0.041667
43.259689 0.041666
43.301355 0.041666
43.343022 0.041667
43.384689 0.041667
43.426355 0.041666
43.468022 0.041667
43.509688 0.041666
43.551355 0.041667
43.593023 0.041667
43.634689 0.041666
43.676355 0.041667
43.717974 0.041619
43.759642 0.041668
43.801361 0.041719
43.842974 0.041613
43.884642 0.041668
43.926357 0.041715
43.968025 0.041667
44.009669 0.041645
44.051393 0.041724
44.093024 0.041632
44.134690 0.041666
44.176355 0.041665
44.218024 0.041669
44.259640 0.041616
44.301357 0.041716
44.342973 0.041617
44.384690 0.041717
44.426357 0.041667
44.468023 0.041666
44.509689 0.041666
44.551357 0.041668
44.593023 0.041666
44.634690 0.041667
44.676356 0.041666
44.718023 0.041667
44.759690 0.041667
44.801356 0.041666
44.843023 0.041667
44.884640 0.041617
44.926358 0.041717
44.968000 0.041642
45.009688 0.041688
45.051358 0.041670
45.093022 0.041665
45.134690 0.041667
45.176356 0.041667
45.218023 0.041667
45.259640 0.041617
45.301356 0.041715
45.343026 0.041670
45.384690 0.041664
45.426356 0.041667
45.467973 0.041617
45.509689 0.041716
45.551357 0.041668
45.593022 0.041665
45.634690 0.041668
45.676356 0.041666
45.718023 0.041667
45.759640 0.041617
45.801357 0.041718
45.843022 0.041665
45.884689 0.041666
45.926360 0.041671
45.968024 0.041665
46.009690 0.041666
46.051357 0.041667
46.092973 0.041617
46.134640 0.041666
46.176357 0.041718
46.218023 0.041666
46.259640 0.041617
46.301356 0.041716
46.342974 0.041617
46.384691 0.041717
46.426358 0.041667
46.468012 0.041654
46.551354 0.083342
46.593024 0.041669
46.634690 0.041667
46.676357 0.041666
46.718024 0.041667
46.759640 0.041617
46.801356 0.041716
46.843023 0.041667
46.884640 0.041617
46.926356 0.041716
46.968023 0.041667
47.009640 0.041617
47.051355 0.041715
47.093023 0.041668
47.134640 0.041617
47.176358 0.041717
47.218045 0.041687
47.259680 0.041635
47.301358 0.041678
47.343023 0.041666
47.384639 0.041616
47.426356 0.041717
47.468022 0.041665
47.509689 0.041667
47.551356 0.041667
47.593022 0.041666
47.634690 0.041668
47.676357 0.041668
47.718023 0.041665
47.759641 0.041618
47.801357 0.041716
47.843024 0.041667
47.884690 0.041666
47.926356 0.041666
47.968023 0.041667
48.009689 0.041666
48.051355 0.041666
48.093024 0.041668
48.134640 0.041617
48.176358 0.041717
48.218024 0.041666
48.259641 0.041617
48.301357 0.041717
48.343024 0.041666
48.384689 0.041666
48.426333 0.041644
48.504670 0.078337
48.551354 0.046684
48.593022 0.041668
48.634690 0.041667
48.676356 0.041666
48.718022 0.041666
48.759691 0.041668
48.801356 0.041665
48.843023 0.041667
48.884640 0.041618
48.926356 0.041716
48.968025 0.041669
49.009689 0.041664
49.051356 0.041667
49.093023 0.041666
49.134691 0.041668
49.176357 0.041666
49.218023 0.041666
49.259689 0.041666
49.301356 0.041667
49.343023 0.041666
49.384640 0.041617
49.426356 0.041716
49.468023 0.041667
49.509639 0.041616
49.551358 0.041718
49.593045 0.041688
49.634677 0.041632
49.676354 0.041676
49.718024 0.041670
49.759690 0.041667
49.801356 0.041666
49.843023 0.041667
49.884690 0.041667
49.926357 0.041667
49.968023 0.041666
50.009690 0.041667
50.051358 0.041668
50.093023 0.041665
50.134690 0.041667
50.176357 0.041667
50.218023 0.041666
50.259640 0.041617
50.301356 0.041716
50.343022 0.041666
50.384640 0.041618
50.426356 0.041716
50.468008 0.041652
50.551354 0.083345
50.593023 0.041669
50.634690 0.041667
50.676355 0.041666
50.718022 0.041667
50.759690 0.041668
50.801356 0.041666
50.843024 0.041668
50.884689 0.041665
50.926356 0.041667
50.968023 0.041667
51.009689 0.041666
51.051356 0.041666
51.093022 0.041667
51.134639 0.041617
51.176357 0.041718
51.218023 0.041666
51.259689 0.041666
51.301356 0.041667
51.343024 0.041667
51.384689 0.041666
51.426355 0.041666
51.468022 0.041667
51.509689 0.041667
51.551356 0.041667
51.593023 0.041666
51.634690 0.041667
51.676356 0.041666
51.718023 0.041667
51.759690 0.041666
51.801355 0.041666
51.843044 0.041689
51.884683 0.041639
51.926329 0.041646
51.968024 0.041696
52.009689 0.041665
52.051356 0.041667
52.093021 0.041665
52.134639 0.041618
52.176356 0.041717
52.217972 0.041617
52.259690 0.041718
52.301356 0.041666
52.342973 0.041617
52.384689 0.041716
52.426381 0.041692
52.468013 0.041631
52.509691 0.041679
52.551357 0.041665
52.593024 0.041667
52.634690 0.041666
52.676356 0.041666
52.718024 0.041668
52.759640 0.041616
52.801356 0.041716
52.842973 0.041617
52.884690 0.041717
52.926357 0.041667
52.968024 0.041667
53.009689 0.041665
53.051356 0.041666
53.093022 0.041667
53.134640 0.041617
53.176357 0.041717
53.218023 0.041666
53.259661 0.041638
53.343019 0.083358
53.384640 0.041621
53.426356 0.041715
53.468022 0.041666
53.509689 0.041667
53.551356 0.041667
53.593023 0.041667
53.634690 0.041667
53.676356 0.041667
53.718024 0.041667
53.759663 0.041640
53.801347 0.041684
53.843032 0.041685
53.884690 0.041658
53.926356 0.041667
53.968024 0.041667
54.009641 0.041617
54.051357 0.041716
54.093022 0.041665
54.134640 0.041618
54.176357 0.041717
54.218024 0.041666
54.259690 0.041667
54.301359 0.041669
54.343023 0.041664
54.384640 0.041617
54.426356 0.041716
54.468022 0.041667
54.509640 0.041618
54.551356 0.041716
54.593023 0.041667
54.634690 0.041667
54.676357 0.041667
54.718023 0.041666
54.759641 0.041618
54.801357 0.041716
54.843023 0.041666
54.884689 0.041666
54.926357 0.041667
54.968024 0.041667
55.009690 0.041666
55.093019 0.083329
55.134691 0.041672
55.176356 0.041664
55.218022 0.041666
55.259639 0.041616
55.301357 0.041719
55.343022 0.041665
55.384689 0.041667
55.426355 0.041666
55.468022 0.041667
55.509689 0.041667
55.551355 0.041666
55.592999 0.041644
55.635224 0.042225
55.676357 0.041133
55.718022 0.041665
55.759643 0.041621
55.801355 0.041712
55.843023 0.041668
55.884639 0.041616
55.926355 0.041717
55.968023 0.041667
56.009689 0.041667
56.051356 0.041667
56.093022 0.041666
56.134689 0.041667
56.176356 0.041667
56.217972 0.041617
56.259689 0.041717
56.301355 0.041666
56.343022 0.041667
56.384691 0.041669
56.426356 0.041665
56.468023 0.041667
56.509692 0.041670
56.551356 0.041664
56.593025 0.041669
56.634689 0.041664
56.676357 0.041667
56.718058 0.041701
56.801352 0.083294
56.843023 0.041671
56.884689 0.041666
56.926355 0.041666
56.968023 0.041668
57.009689 0.041666
57.051355 0.041666
57.093022 0.041666
57.134690 0.041668
57.176357 0.041666
57.218023 0.041666
57.259690 0.041666
57.301356 0.041667
57.343023 0.041667
57.384640 0.041617
57.426357 0.041717
57.467973 0.041616
57.509640 0.041667
57.551344 0.041704
57.634686 0.083342
57.676357 0.041671
57.718023 0.041665
57.759641 0.041618
57.801357 0.041716
57.843024 0.041666
57.884691 0.041667
57.926358 0.041667
57.968024 0.041666
58.009690 0.041666
58.051377 0.041687
58.094549 0.043172
58.134691 0.040142
58.176357 0.041666
58.217973 0.041616
58.259690 0.041716
58.301356 0.041666
58.343023 0.041667
58.384692 0.041669
58.426357 0.041665
58.468023 0.041666
58.509690 0.041667
58.551356 0.041666
58.593023 0.041667
58.634690 0.041667
58.676357 0.041667
58.718023 0.041666
58.759691 0.041668
58.801357 0.041667
58.843024 0.041667
58.884691 0.041667
58.926356 0.041666
58.968023 0.041667
59.009680 0.041657
59.093019 0.083339
59.134691 0.041672
59.176356 0.041666
59.218023 0.041666
59.259640 0.041617
59.301357 0.041717
59.342974 0.041618
59.384641 0.041667
59.426358 0.041716
59.468022 0.041665
59.509689 0.041667
59.551362 0.041673
59.593024 0.041662
59.634689 0.041666
59.676356 0.041666
59.718024 0.041668
59.759690 0.041666
59.801357 0.041667
59.843023 0.041665
59.884643 0.041620
59.926357 0.041714
59.968024 0.041666
60.009640 0.041616
60.051356 0.041716
60.093023 0.041666
60.134691 0.041668
60.176357 0.041666
60.218024 0.041667
60.259689 0.041665
60.301356 0.041667
60.343024 0.041668
60.384691 0.041667
60.426355 0.041664
60.468023 0.041667
60.509680 0.041657
60.593019 0.083340
60.634641 0.041621
60.676356 0.041715
60.717972 0.041616
60.759689 0.041717
60.801355 0.041666
60.843024 0.041669
60.884690 0.041666
60.926357 0.041667
60.968023 0.041666
61.009641 0.041618
61.051357 0.041716
61.093023 0.041666
61.134640 0.041617
61.176360 0.041720
61.218025 0.041665
61.259642 0.041617
61.301356 0.041714
61.343022 0.041666
61.384692 0.041670
61.426357 0.041665
61.468009 0.041651
61.551352 0.083344
61.593021 0.041669
61.634639 0.041618
61.676357 0.041717
61.718022 0.041666
61.759640 0.041618
61.801355 0.041715
61.843022 0.041667
61.884689 0.041668
61.926355 0.041666
61.968023 0.041668
62.009691 0.041667
62.051357 0.041667
62.093022 0.041665
62.134641 0.041618
62.176357 0.041717
62.218024 0.041667
62.259690 0.041666
62.301335 0.041645
62.343045 0.041710
62.384693 0.041648
62.426356 0.041662
62.468021 0.041666
62.509689 0.041667
62.551356 0.041668
62.593022 0.041666
62.634689 0.041667
62.676356 0.041667
62.718023 0.041666
62.759639 0.041617
62.801355 0.041716
62.843025 0.041670
62.884689 0.041663
62.926356 0.041667
62.967973 0.041617
63.009667 0.041694
63.051391 0.041724
63.093027 0.041636
63.134689 0.041662
63.176356 0.041667
63.218022 0.041667
63.259689 0.041667
63.301356 0.041666
63.342972 0.041616
63.384690 0.041718
63.426355 0.041665
63.468022 0.041668
63.509688 0.041666
63.551355 0.041667
63.593022 0.041667
63.634639 0.041617
63.676356 0.041717
63.718022 0.041666
63.759639 0.041616
63.801355 0.041716
63.843023 0.041667
63.884690 0.041667
63.926355 0.041666
63.968023 0.041668
64.009681 0.041658
64.093020 0.083339
64.134692 0.041672
64.176356 0.041664
64.218024 0.041667
64.259689 0.041666
64.301355 0.041666
64.343024 0.041669
64.384690 0.041666
64.426355 0.041665
64.468023 0.041668
64.509689 0.041666
64.551357 0.041667
64.593023 0.041667
64.634690 0.041666
64.676358 0.041668
64.718025 0.041667
64.759691 0.041666
64.801357 0.041666
64.843023 0.041666
64.884690 0.041667
64.926357 0.041667
64.967997 0.041640
65.009680 0.041683
65.051358 0.041677
65.093023 0.041665
65.134689 0.041666
65.176356 0.041667
65.217972 0.041616
65.259689 0.041717
65.301355 0.041666
65.343022 0.041667
65.384690 0.041668
65.426356 0.041666
65.468021 0.041666
65.509689 0.041668
65.551355 0.041666
65.593023 0.041668
65.634689 0.041667
65.676356 0.041667
65.718022 0.041666
65.759689 0.041666
65.801355 0.041666
65.843022 0.041667
65.884689 0.041667
65.926356 0.041667
65.968023 0.041667
66.009639 0.041617
66.051356 0.041717
66.093039 0.041683
66.134690 0.041650
66.218019 0.083330
66.259639 0.041620
66.301355 0.041716
66.343021 0.041666
66.384690 0.041669
66.426355 0.041665
66.468023 0.041667
66.509639 0.041616
66.551356 0.041717
66.593026 0.041670
66.634639 0.041613
66.676355 0.041716
66.717972 0.041617
66.759689 0.041717
66.801356 0.041668
66.843022 0.041666
66.884690 0.041668
66.926355 0.041665
66.968024 0.041669
67.009689 0.041665
67.051357 0.041668
67.093023 0.041666
67.134641 0.041618
67.176382 0.041741
67.218011 0.041629
67.259694 0.041683
67.301356 0.041662
67.343022 0.041666
67.384690 0.041668
67.426357 0.041666
67.468023 0.041666
67.509638 0.041615
67.551354 0.041716
67.593021 0.041667
67.634689 0.041668
67.676355 0.041667
67.718024 0.041669
67.759690 0.041665
67.801356 0.041666
67.843023 0.041667
67.884639 0.041617
67.926355 0.041716
67.968023 0.041668
68.009639 0.041616
68.051356 0.041717
68.093022 0.041666
68.134639 0.041617
68.176357 0.041718
68.218024 0.041667
68.259641 0.041617
68.301357 0.041716
68.343024 0.041667
68.384640 0.041616
68.426358 0.041717
68.468023 0.041666
68.509690 0.041666
68.551344 0.041654
68.634686 0.083343
68.676357 0.041671
68.718022 0.041665
68.759639 0.041617
68.801356 0.041717
68.843023 0.041666
68.884641 0.041619
68.926357 0.041716
68.968024 0.041666
69.009690 0.041667
69.051355 0.041665
69.093023 0.041668
69.134690 0.041666
69.176357 0.041667
69.218023 0.041666
69.259639 0.041616
69.301358 0.041719
69.343027 0.041669
69.384678 0.041652
69.468019 0.083340
69.509640 0.041621
69.551356 0.041716
69.593023 0.041667
69.634689 0.041666
69.676357 0.041668
69.718022 0.041665
69.759640 0.041619
69.801357 0.041716
69.843023 0.041666
69.884640 0.041617
69.926356 0.041716
69.968026 0.041670
70.009690 0.041664
70.051356 0.041666
70.093024 0.041668
70.134690 0.041666
70.176376 0.041686
70.250949 0.074573
70.259690 0.008741
70.301355 0.041666
70.343022 0.041667
70.384690 0.041667
70.426355 0.041666
70.468023 0.041668
70.509639 0.041616
70.551356 0.041717
70.593023 0.041667
70.634639 0.041616
70.676356 0.041717
70.718044 0.041688
70.759681 0.041637
70.801356 0.041675
70.843022 0.041666
70.884639 0.041617
70.926355 0.041717
70.968022 0.041667
71.009690 0.041668
71.051355 0.041666
71.093022 0.041666
71.134689 0.041668
71.176356 0.041667
71.218023 0.041666
71.259669 0.041646
71.301769 0.042100
71.343023 0.041254
71.384691 0.041667
71.426355 0.041665
71.468022 0.041666
71.509638 0.041616
71.551356 0.041718
71.593023 0.041667
71.634689 0.041666
71.676357 0.041668
71.717972 0.041615
71.759691 0.041718
71.801357 0.041667
71.843024 0.041667
71.884690 0.041666
71.926356 0.041666
71.968024 0.041667
72.009692 0.041668
72.051357 0.041665
72.093024 0.041667
72.134690 0.041666
72.176357 0.041667
72.218024 0.041667
72.259690 0.041666
72.301356 0.041666
72.343023 0.041668
72.384690 0.041667
72.426358 0.041668
72.468023 0.041665
72.509639 0.041616
72.551357 0.041718
72.593023 0.041666
72.634641 0.041617
72.676355 0.041714
72.717995 0.041640
72.759680 0.041685
72.801356 0.041676
72.843023 0.041667
72.884689 0.041666
72.926355 0.041666
72.968022 0.041667
73.009689 0.041667
73.051356 0.041668
73.093022 0.041666
73.134640 0.041617
73.176361 0.041722
73.218022 0.041661
73.259689 0.041667
73.301356 0.041667
73.343022 0.041666
73.384640 0.041618
73.426356 0.041716
73.468023 0.041667
73.509638 0.041616
73.551355 0.041717
73.593023 0.041668
73.634639 0.041616
73.676356 0.041717
73.718026 0.041670
73.759690 0.041664
73.801357 0.041666
73.843024 0.041667
73.884689 0.041666
73.926355 0.041666
73.968023 0.041668
74.009641 0.041618
74.051311 0.041670
74.093012 0.041701
74.176354 0.083342
74.218022 0.041669
74.259688 0.041666
74.301355 0.041666
74.343022 0.041668
74.384689 0.041667
74.426356 0.041666
74.468024 0.041668
74.509689 0.041665
74.551355 0.041666
74.593024 0.041669
74.634640 0.041616
74.676357 0.041717
74.718023 0.041666
74.759641 0.041618
74.801357 0.041716
74.843026 0.041669
74.884641 0.041616
74.926358 0.041716
74.968024 0.041667
75.009690 0.041666
75.051356 0.041665
75.093027 0.041671
75.134664 0.041637
75.197234 0.062570
75.218022 0.020788
75.259690 0.041669
75.301356 0.041666
75.342973 0.041617
75.384641 0.041667
75.426357 0.041716
75.468024 0.041667
75.509640 0.041616
75.551356 0.041716
75.593024 0.041667
75.634688 0.041665
75.676357 0.041668
75.718024 0.041667
75.759640 0.041617
75.801360 0.041719
75.843023 0.041664
75.884689 0.041666
75.926356 0.041667
75.968023 0.041667
76.009690 0.041668
76.051356 0.041665
76.093023 0.041668
76.134690 0.041667
76.176358 0.041667
76.218026 0.041669
76.259641 0.041615
76.301342 0.041701
76.384685 0.083343
76.426357 0.041672
76.468022 0.041665
76.509689 0.041668
76.551355 0.041666
76.593022 0.041667
76.634690 0.041667
76.676355 0.041665
76.718022 0.041667
76.759641 0.041619
76.801357 0.041716
76.843023 0.041666
76.884690 0.041666
76.926356 0.041666
76.968024 0.041668
77.009690 0.041666
77.051356 0.041666
77.093006 0.041650
77.176353 0.083347
77.218023 0.041670
77.259639 0.041616
77.301358 0.041719
77.343022 0.041665
77.384640 0.041618
77.426358 0.041718
77.468022 0.041664
77.509690 0.041667
77.551356 0.041667
77.593025 0.041669
77.634689 0.041665
77.676356 0.041667
77.718024 0.041668
77.759690 0.041666
77.801356 0.041666
77.843023 0.041667
77.884640 0.041617
77.926358 0.041717
77.968011 0.041653
78.051353 0.083342
78.093024 0.041671
78.134689 0.041666
78.176357 0.041668
78.218022 0.041665
78.259639 0.041616
78.301356 0.041717
78.343023 0.041667
78.384640 0.041617
78.426356 0.041716
78.468023 0.041667
78.509713 0.041690
78.551364 0.041651
78.593024 0.041660
78.634642 0.041618
78.676357 0.041714
78.718023 0.041667
78.759689 0.041666
78.801357 0.041669
78.843022 0.041665
78.884689 0.041666
78.926356 0.041667
78.968022 0.041666
79.009689 0.041667
79.051355 0.041667
79.093022 0.041667
79.134690 0.041667
79.176357 0.041667
79.218022 0.041665
79.259639 0.041617
79.301355 0.041716
79.343022 0.041667
79.384690 0.041668
79.426356 0.041666
79.468023 0.041668
79.509690 0.041667
79.551357 0.041666
79.593023 0.041667
79.634689 0.041666
79.676355 0.041667
79.717972 0.041617
79.759689 0.041717
79.801356 0.041667
79.843039 0.041683
79.884696 0.041656
79.926356 0.041660
79.968023 0.041667
80.009689 0.041666
80.051357 0.041667
80.093023 0.041667
80.134641 0.041618
80.176356 0.041715
80.218023 0.041667
80.259640 0.041617
80.301357 0.041717
80.343011 0.041655
80.426353 0.083342
80.468023 0.041670
80.509640 0.041616
80.551307 0.041667
80.593023 0.041716
80.634690 0.041667
80.676359 0.041669
80.718024 0.041665
80.759691 0.041667
80.801357 0.041666
80.843023 0.041666
80.884690 0.041667
80.926357 0.041667
80.968024 0.041667
81.009690 0.041666
81.051357 0.041667
81.093023 0.041666
81.134691 0.041668
81.176357 0.041666
81.218023 0.041666
81.259639 0.041616
81.301356 0.041717
81.343023 0.041667
81.384669 0.041646
81.468019 0.083350
81.509689 0.041670
81.551356 0.041667
81.592974 0.041618
81.634689 0.041715
81.676355 0.041666
81.718023 0.041668
81.759689 0.041666
81.801357 0.041668
81.843022 0.041665
81.884690 0.041668
81.926355 0.041665
81.968023 0.041668
82.009689 0.041666
82.051356 0.041667
82.093022 0.041666
82.134691 0.041670
82.176355 0.041664
82.218022 0.041667
82.259691 0.041669
82.301356 0.041665
82.343022 0.041666
82.384694 0.041672
82.426357 0.041663
82.468023 0.041666
82.509690 0.041667
82.551356 0.041666
82.593023 0.041666
82.634690 0.041667
82.676392 0.041702
82.759685 0.083293
82.801356 0.041671
82.843022 0.041665
82.884689 0.041667
82.926356 0.041667
82.967974 0.041618
83.009689 0.041715
83.051355 0.041666
83.093022 0.041667
83.134639 0.041617
83.176356 0.041717
83.218022 0.041666
83.259669 0.041647
83.343020 0.083351
83.384639 0.041620
83.426356 0.041716
83.468022 0.041666
83.509638 0.041616
83.551355 0.041717
83.593023 0.041668
83.634639 0.041616
83.676356 0.041717
83.717973 0.041617
83.759639 0.041667
83.801356 0.041717
83.843023 0.041666
83.884692 0.041669
83.926355 0.041663
83.968022 0.041667
84.009688 0.041666
84.051356 0.041667
84.093021 0.041666
84.134689 0.041668
84.176356 0.041667
84.218023 0.041667
84.259689 0.041666
84.301355 0.041666
84.342972 0.041617
84.384690 0.041718
84.426356 0.041666
84.468022 0.041666
84.509639 0.041617
84.551356 0.041717
84.593023 0.041667
84.634639 0.041616
84.676343 0.041704
84.759687 0.083344
84.801356 0.041668
84.843023 0.041667
84.884639 0.041616
84.926355 0.041717
84.968022 0.041667
85.009689 0.041667
85.051355 0.041666
85.093023 0.041668
85.134689 0.041666
85.176356 0.041667
85.218023 0.041667
85.259690 0.041667
85.301355 0.041665
85.343022 0.041667
85.384639 0.041617
85.426356 0.041717
85.467972 0.041616
85.509689 0.041717
85.551355 0.041666
85.593023 0.041668
85.634639 0.041616
85.676356 0.041717
85.718022 0.041666
85.759689 0.041667
85.801356 0.041667
85.843043 0.041687
85.884676 0.041633
85.926357 0.041681
85.968022 0.041665
86.009689 0.041667
86.051355 0.041666
86.093023 0.041668
86.134688 0.041666
86.176355 0.041667
86.218022 0.041667
86.259689 0.041667
86.301355 0.041666
86.343022 0.041667
86.384641 0.041619
86.426356 0.041715
86.468022 0.041666
86.509689 0.041667
86.551355 0.041666
86.593023 0.041668
86.634639 0.041616
86.676361 0.041722
86.718092 0.041731
86.801353 0.083261
86.843023 0.041670
86.884689 0.041666
86.926356 0.041666
86.968022 0.041667
87.009689 0.041667
87.051355 0.041666
87.093022 0.041667
87.134690 0.041667
87.176356 0.041666
87.218021 0.041665
87.259688 0.041667
87.301356 0.041668
87.343023 0.041667
87.384691 0.041668
87.426356 0.041665
87.468101 0.041745
87.509689 0.041588
87.551356 0.041667
87.593024 0.041667
87.634689 0.041665
87.676355 0.041666
87.718022 0.041667
87.759639 0.041616
87.801357 0.041718
87.843022 0.041666
87.884639 0.041617
87.926390 0.041751
88.009687 0.083297
88.051356 0.041668
88.093022 0.041666
88.134639 0.041617
88.176355 0.041716
88.218023 0.041668
88.259689 0.041666
88.301355 0.041666
88.343023 0.041668
88.384640 0.041617
88.426356 0.041716
88.468013 0.041657
88.551356 0.083343
88.593023 0.041667
88.634689 0.041666
88.676356 0.041667
88.718023 0.041666
88.759689 0.041666
88.801358 0.041669
88.843023 0.041665
88.884690 0.041667
88.926355 0.041665
88.968026 0.041671
89.009640 0.041613
89.051356 0.041716
89.093053 0.041697
89.176355 0.083302
89.218022 0.041668
89.259689 0.041666
89.301355 0.041666
89.342972 0.041617
89.384641 0.041669
89.426356 0.041715
89.468022 0.041666
89.509688 0.041666
89.551354 0.041666
89.592974 0.041620
89.634639 0.041664
89.676356 0.041718
89.718023 0.041666
89.759689 0.041667
89.801356 0.041667
89.843023 0.041667
89.884688 0.041665
89.926355 0.041667
89.968022 0.041667
90.009689 0.041667
90.051355 0.041666
90.093099 0.041744
90.134639 0.041540
90.176355 0.041717
90.218022 0.041667
90.259689 0.041667
90.301356 0.041667
90.343023 0.041668
90.384691 0.041668
90.426358 0.041667
90.468024 0.041665
90.509689 0.041665
90.551333 0.041644
90.593017 0.041684
90.634686 0.041669
90.676356 0.041670
90.718023 0.041667
90.759689 0.041666
90.801356 0.041668
90.843024 0.041668
90.884688 0.041664
90.926356 0.041668
90.968022 0.041666
91.009690 0.041668
91.051356 0.041666
91.093023 0.041667
91.134689 0.041667
91.176357 0.041667
91.218024 0.041667
91.259689 0.041665
91.301355 0.041666
91.343023 0.041668
91.384689 0.041666
91.426355 0.041666
91.468021 0.041666
91.509688 0.041668
91.551357 0.041668
91.593023 0.041667
91.634689 0.041665
91.676356 0.041667
91.718024 0.041668
91.759676 0.041652
91.843020 0.083345
91.884690 0.041669
91.926357 0.041668
91.968022 0.041665
92.009689 0.041666
92.051355 0.041666
92.093023 0.041669
92.134691 0.041667
92.176358 0.041667
92.218024 0.041666
92.259689 0.041666
92.301357 0.041668
92.343025 0.041668
92.384691 0.041665
92.426379 0.041689
92.509686 0.083307
92.551359 0.041672
92.593024 0.041665
92.634689 0.041665
92.676355 0.041666
92.717973 0.041618
92.759692 0.041719
92.801356 0.041664
92.843023 0.041667
92.884689 0.041666
92.926357 0.041668
92.968022 0.041665
93.009640 0.041618
93.051357 0.041717
93.093021 0.041664
93.134639 0.041618
93.176357 0.041718
93.218023 0.041666
93.259668 0.041645
93.301364 0.041697
93.343023 0.041658
93.384689 0.041666
93.426355 0.041667
93.468022 0.041666
93.509689 0.041667
93.551356 0.041667
93.593023 0.041667
93.634638 0.041615
93.676357 0.041718
93.718022 0.041665
93.759690 0.041668
93.801356 0.041666
93.843028 0.041672
93.884691 0.041663
93.926356 0.041664
93.968022 0.041666
94.009690 0.041668
94.051354 0.041664
94.093021 0.041667
94.134639 0.041618
94.176355 0.041716
94.218023 0.041668
94.259639 0.041616
94.301357 0.041717
94.343023 0.041667
94.384689 0.041666
94.426360 0.041671
94.468048 0.041687
94.509693 0.041646
94.551356 0.041663
94.593023 0.041666
94.634638 0.041616
94.676355 0.041717
94.717972 0.041617
94.759689 0.041717
94.801356 0.041667
94.843022 0.041665
94.884639 0.041617
94.926356 0.041717
94.968023 0.041667
95.009690 0.041667
95.051355 0.041665
95.093022 0.041667
95.134639 0.041617
95.176355 0.041716
95.218023 0.041668
95.259692 0.041669
95.301355 0.041663
95.343022 0.041667
95.384689 0.041667
95.426355 0.041666
95.468021 0.041666
95.509689 0.041668
95.551356 0.041667
95.593023 0.041668
95.634678 0.041654
95.718019 0.083342
95.759689 0.041669
95.801355 0.041667
95.843022 0.041667
95.884688 0.041666
95.926356 0.041668
95.968022 0.041666
96.009640 0.041618
96.051355 0.041716
96.093022 0.041666
96.134695 0.041673
96.176356 0.041661
96.218024 0.041668
96.259689 0.041666
96.301356 0.041667
96.343023 0.041667
96.384689 0.041666
96.426356 0.041667
96.468022 0.041666
96.509690 0.041668
96.551360 0.041670
96.593002 0.041642
96.634691 0.041688
96.676355 0.041665
96.718022 0.041667
96.759689 0.041667
96.801357 0.041667
96.843022 0.041665
96.884639 0.041617
96.926355 0.041716
96.968022 0.041667
97.009640 0.041617
97.051355 0.041716
97.093022 0.041666
97.134690 0.041668
97.176356 0.041665
97.218023 0.041667
97.259673 0.041650
97.307419 0.047746
97.343024 0.035606
97.384638 0.041614
97.426356 0.041718
97.468023 0.041667
97.509689 0.041666
97.551359 0.041670
97.593023 0.041664
97.634691 0.041668
97.676356 0.041665
97.718023 0.041667
97.759639 0.041616
97.801357 0.041718
97.843023 0.041666
97.884641 0.041618
97.926355 0.041714
97.968024 0.041668
98.009640 0.041617
98.051357 0.041717
98.093024 0.041666
98.134690 0.041667
98.176356 0.041666
98.218047 0.041691
98.264976 0.046929
98.301356 0.036380
98.343023 0.041667
98.384641 0.041618
98.426357 0.041716
98.468023 0.041666
98.509691 0.041668
98.551359 0.041668
98.593024 0.041665
98.634690 0.041666
98.676357 0.041667
98.718023 0.041667
98.759690 0.041667
98.801334 0.041644
98.884686 0.083352
98.926432 0.041746
98.968022 0.041590
99.009689 0.041667
99.051356 0.041666
99.093023 0.041668
99.134640 0.041617
99.176355 0.041715
99.218023 0.041668
99.259688 0.041665
99.301356 0.041668
99.343022 0.041666
99.384639 0.041616
99.426355 0.041716
99.468022 0.041666
99.509689 0.041667
99.551358 0.041669
99.593023 0.041665
99.634689 0.041665
99.676377 0.041689
99.718596 0.042219
99.759690 0.041094
99.801357 0.041667
99.843023 0.041666
99.884640 0.041617
99.926356 0.041717
99.968023 0.041666
100.009690 0.041668
100.051355 0.041665
100.093022 0.041667
100.134689 0.041667
100.176356 0.041666
100.218023 0.041668
100.259689 0.041665
100.301355 0.041666
100.343022 0.041667
100.384689 0.041666
100.426356 0.041667
100.468022 0.041666
100.509689 0.041667
100.551356 0.041667
100.593022 0.041666
100.634710 0.041689
100.676349 0.041639
100.718023 0.041674
100.759689 0.041666
100.801357 0.041668
100.843022 0.041665
100.884689 0.041667
100.926355 0.041666
100.968021 0.041666
101.009690 0.041668
101.051356 0.041666
101.093023 0.041667
101.134689 0.041667
101.176355 0.041666
101.218024 0.041669
101.259639 0.041615
101.301355 0.041716
101.343022 0.041666
101.384689 0.041668
101.426356 0.041666
101.468022 0.041666
101.509638 0.041616
101.551356 0.041718
101.593023 0.041667
101.634690 0.041667
101.676357 0.041667
101.718023 0.041666
101.759692 0.041669
101.801358 0.041666
101.843022 0.041664
101.884689 0.041667
101.926355 0.041666
101.968001 0.041646
102.012439 0.044439
102.051356 0.038917
102.093021 0.041665
102.134688 0.041667
102.176355 0.041666
102.217973 0.041618
102.259689 0.041716
102.301354 0.041666
102.343021 0.041667
102.384641 0.041620
102.426356 0.041715
102.468044 0.041687
102.529199 0.061156
102.551356 0.022156
102.593022 0.041666
102.634689 0.041667
102.676355 0.041666
102.717972 0.041617
102.759689 0.041717
102.801355 0.041666
102.843023 0.041667
102.884689 0.041666
102.926355 0.041666
102.968022 0.041667
103.009689 0.041667
103.051355 0.041666
103.092971 0.041617
103.134640 0.041669
103.176334 0.041693
103.218057 0.041723
103.259686 0.041629
103.301355 0.041669
103.343023 0.041668
103.384639 0.041616
103.426355 0.041716
103.468022 0.041667
103.509689 0.041667
103.551356 0.041667
103.593021 0.041666
103.634688 0.041667
103.676356 0.041668
103.717998 0.041642
103.759736 0.041739
103.802207 0.042471
103.843023 0.040815
103.884689 0.041666
103.926356 0.041667
103.968021 0.041666
104.009690 0.041669
104.051356 0.041666
104.093022 0.041666
104.134695 0.041673
104.176355 0.041660
104.218024 0.041668
104.259639 0.041615
104.301356 0.041717
104.343022 0.041666
104.384639 0.041617
104.426356 0.041717
104.468022 0.041666
104.509689 0.041667
104.551355 0.041666
104.593022 0.041667
104.634690 0.041668
104.676355 0.041666
104.718024 0.041669
104.759689 0.041665
104.801358 0.041669
104.843024 0.041666
104.884711 0.041688
104.926394 0.041683
104.968023 0.041629
105.009690 0.041667
105.051355 0.041665
105.093022 0.041667
105.134689 0.041667
105.176358 0.041668
105.218024 0.041666
105.259689 0.041665
105.301356 0.041667
105.343022 0.041666
105.384639 0.041617
105.426357 0.041718
105.468024 0.041667
105.509689 0.041665
105.551378 0.041688
105.593418 0.042040
105.634687 0.041269
105.676357 0.041670
105.718024 0.041667
105.759689 0.041666
105.801359 0.041670
105.843023 0.041663
105.884689 0.041666
105.926356 0.041667
105.968023 0.041667
106.009690 0.041667
106.051356 0.041666
106.093027 0.041671
106.134689 0.041662
106.176355 0.041666
106.218024 0.041669
106.259639 0.041615
106.301356 0.041717
106.343022 0.041666
106.384641 0.041619
106.426375 0.041734
106.468562 0.042187
106.509690 0.041127
106.551355 0.041665
106.593022 0.041667
106.634690 0.041668
106.676356 0.041667
106.718023 0.041667
106.759691 0.041668
106.801357 0.041667
106.843022 0.041665
106.884689 0.041667
106.926356 0.041667
106.968022 0.041666
107.009690 0.041667
107.051356 0.041667
107.093022 0.041666
107.134689 0.041667
107.176355 0.041667
107.218024 0.041668
107.259689 0.041666
107.301355 0.041665
107.343022 0.041667
107.384689 0.041667
107.426357 0.041668
107.468022 0.041666
107.509639 0.041617
107.551357 0.041718
107.593043 0.041686
107.640616 0.047574
107.676356 0.035739
107.718023 0.041667
107.759689 0.041665
107.801356 0.041668
107.843023 0.041666
107.884639 0.041617
107.926356 0.041716
107.968022 0.041667
108.009690 0.041667
108.051356 0.041666
108.093022 0.041666
108.134689 0.041667
108.176355 0.041666
108.217973 0.041618
108.259689 0.041716
108.301356 0.041666
108.343022 0.041667
108.384689 0.041666
108.426363 0.041674
108.513071 0.086708
108.551353 0.038281
108.593023 0.041670
108.634690 0.041667
108.676356 0.041666
108.718023 0.041666
108.759689 0.041667
108.801356 0.041667
108.842976 0.041619
108.884689 0.041713
108.926356 0.041667
108.968022 0.041666
109.009690 0.041668
109.051355 0.041665
109.093022 0.041667
109.134689 0.041667
109.176355 0.041666
109.218023 0.041668
109.259689 0.041666
109.301357 0.041668
109.343023 0.041666
109.384689 0.041666
109.426357 0.041668
109.468021 0.041665
109.509689 0.041668
109.551356 0.041667
109.593023 0.041667
109.634689 0.041666
109.676356 0.041667
109.718024 0.041667
109.759641 0.041617
109.801357 0.041716
109.843023 0.041666
109.884689 0.041666
109.926371 0.041682
109.968013 0.041642
110.009653 0.041639
110.051356 0.041704
110.093021 0.041665
110.134692 0.041671
110.176355 0.041663
110.218023 0.041668
110.259689 0.041666
110.301355 0.041666
110.343022 0.041667
110.384689 0.041667
110.426357 0.041668
110.468022 0.041665
110.509689 0.041667
110.551355 0.041666
110.593022 0.041667
110.634689 0.041667
110.676356 0.041667
110.718024 0.041668
110.759689 0.041665
110.801356 0.041666
110.842978 0.041622
110.884662 0.041685
110.926363 0.041701
110.968021 0.041658
111.009640 0.041619
111.051355 0.041715
111.093022 0.041666
111.134638 0.041616
111.176355 0.041717
111.218022 0.041667
111.259689 0.041667
111.301355 0.041667
111.343023 0.041667
111.384689 0.041666
111.426356 0.041667
111.468022 0.041666
111.509638 0.041616
111.551355 0.041717
111.593021 0.041667
111.634689 0.041667
111.676355 0.041666
111.718044 0.041689
111.798170 0.080126
111.843020 0.044850
111.884688 0.041668
111.926355 0.041667
111.968022 0.041667
112.009641 0.041618
112.051356 0.041715
112.093023 0.041667
112.134689 0.041666
112.176356 0.041668
112.218023 0.041667
112.314301 0.096278
112.343020 0.028719
112.384640 0.041620
112.426355 0.041715
112.468023 0.041668
112.509639 0.041616
112.551357 0.041718
112.592973 0.041616
112.634640 0.041667
112.676356 0.041716
112.717973 0.041616
112.759690 0.041717
112.801356 0.041667
112.843023 0.041667
112.884640 0.041617
112.926377 0.041738
112.968018 0.041641
113.009647 0.041629
113.051356 0.041709
113.093023 0.041667
113.134639 0.041616
113.176356 0.041717
113.217974 0.041618
113.259690 0.041716
113.301356 0.041666
113.342974 0.041618
113.384691 0.041717
113.426357 0.041667
113.468023 0.041666
113.509640 0.041617
113.551356 0.041716
113.593023 0.041666
113.634640 0.041618
113.676358 0.041718
113.718053 0.041695
113.801353 0.083300
113.843023 0.041670
113.884690 0.041667
113.926357 0.041667
113.968023 0.041666
114.009641 0.041617
114.051357 0.041716
114.093024 0.041667
114.134690 0.041666
114.176357 0.041667
114.218024 0.041667
114.259690 0.041666
114.301357 0.041668
114.343023 0.041666
114.384639 0.041617
114.426357 0.041718
114.468024 0.041666
114.509640 0.041617
114.551356 0.041716
114.593023 0.041667
114.634691 0.041668
114.676359 0.041668
114.718024 0.041666
114.759690 0.041666
114.801357 0.041667
114.843024 0.041667
114.884671 0.041646
114.970019 0.085349
115.009643 0.039624
115.051355 0.041712
115.093023 0.041668
115.134640 0.041617
115.176356 0.041716
115.217975 0.041618
115.259689 0.041715
115.301357 0.041668
115.343023 0.041666
115.384640 0.041617
115.426381 0.041741
115.490173 0.063792
115.509696 0.019522
115.551356 0.041660
115.593023 0.041667
115.634690 0.041667
115.676356 0.041666
115.718023 0.041666
115.759640 0.041617
115.801357 0.041717
115.843023 0.041666
115.884690 0.041667
115.926359 0.041669
115.968023 0.041664
116.009690 0.041668
116.051357 0.041666
116.093022 0.041666
116.134641 0.041619
116.176356 0.041715
116.218024 0.041668
116.259640 0.041616
116.301356 0.041716
116.343022 0.041666
116.384690 0.041668
116.426356 0.041666
116.468024 0.041668
116.509689 0.041665
116.551357 0.041667
116.593024 0.041668
116.634690 0.041666
116.676357 0.041666
116.718026 0.041669
116.759663 0.041637
116.843021 0.083358
116.884640 0.041619
116.926356 0.041716
116.968023 0.041666
117.009691 0.041669
117.051356 0.041664
117.093022 0.041666
117.134640 0.041617
117.176356 0.041717
117.218023 0.041667
117.259690 0.041666
117.301355 0.041665
117.343023 0.041667
117.384689 0.041666
117.426357 0.041668
117.468024 0.041667
117.509643 0.041619
117.551357 0.041714
117.593024 0.041667
117.634641 0.041617
117.676357 0.041716
117.717973 0.041616
117.759691 0.041718
117.801357 0.041666
117.843025 0.041668
117.884690 0.041666
117.926357 0.041667
117.968024 0.041666
118.009691 0.041668
118.051358 0.041666
118.092974 0.041616
118.134640 0.041666
118.176337 0.041697
118.218061 0.041724
118.259695 0.041634
118.301357 0.041662
118.343023 0.041666
118.384689 0.041666
118.426357 0.041668
118.467973 0.041616
118.509690 0.041717
118.551356 0.041666
118.593023 0.041668
118.634640 0.041617
118.676357 0.041716
118.718023 0.041666
118.759689 0.041667
118.801356 0.041667
118.842973 0.041617
118.884793 0.041819
118.926392 0.041600
118.968028 0.041635
119.009691 0.041663
119.051356 0.041665
119.093023 0.041667
119.134690 0.041667
119.176356 0.041666
119.218023 0.041667
119.259640 0.041617
119.301356 0.041716
119.343023 0.041667
119.384690 0.041666
119.426356 0.041667
119.468022 0.041666
119.509690 0.041667
119.551356 0.041667
119.593024 0.041667
119.634641 0.041617
119.676356 0.041716
119.718023 0.041667
119.759640 0.041617
119.801356 0.041716
119.842974 0.041618
119.884689 0.041716
119.926356 0.041667
119.968024 0.041668
120.009691 0.041667
120.051357 0.041666
120.093023 0.041667
120.134690 0.041667
120.176358 0.041668
120.218029 0.041672
120.259691 0.041661
120.301356 0.041666
120.343025 0.041669
120.384672 0.041646
120.426367 0.041695
120.468024 0.041657
120.509690 0.041666
120.551357 0.041667
120.593023 0.041666
120.634691 0.041667
120.676360 0.041669
120.718023 0.041664
120.759690 0.041666
120.801354 0.041665
120.842972 0.041618
120.884639 0.041667
120.926356 0.041717
120.968022 0.041666
121.009688 0.041666
121.051355 0.041667
121.093022 0.041666
121.134689 0.041667
121.176355 0.041666
121.218024 0.041669
121.259639 0.041616
121.301356 0.041717
121.343022 0.041666
121.384689 0.041666
121.426358 0.041670
121.468024 0.041665
121.509690 0.041666
121.551356 0.041666
121.593024 0.041668
121.634645 0.041621
121.676357 0.041713
121.718046 0.041688
121.759646 0.041600
121.801356 0.041710
121.843022 0.041666
121.884689 0.041667
121.926355 0.041667
121.968022 0.041667
122.009639 0.041616
122.051356 0.041717
122.093022 0.041666
122.134639 0.041617
122.176355 0.041716
122.218024 0.041669
122.259689 0.041666
122.301355 0.041665
122.343022 0.041668
122.384688 0.041666
122.426356 0.041668
122.468021 0.041665
122.509639 0.041618
122.551355 0.041716
122.593117 0.041762
122.676358 0.083241
122.717972 0.041615
122.759639 0.041666
122.801355 0.041716
122.843022 0.041667
122.884689 0.041667
122.926357 0.041668
122.968023 0.041666
123.009640 0.041617
123.051357 0.041717
123.093025 0.041668
123.134691 0.041666
123.176356 0.041665
123.218024 0.041668
123.259691 0.041667
123.301356 0.041665
123.343023 0.041667
123.384639 0.041616
123.426358 0.041719
123.468024 0.041666
123.509691 0.041666
123.551357 0.041666
123.593030 0.041673
123.718019 0.124990
123.759689 0.041670
123.801355 0.041666
123.842972 0.041617
123.884689 0.041717
123.926356 0.041668
123.968022 0.041666
124.009689 0.041667
124.051356 0.041667
124.093022 0.041666
124.134691 0.041669
124.176358 0.041666
124.218026 0.041668
124.259691 0.041665
124.301356 0.041665
124.343024 0.041668
124.384691 0.041667
124.426357 0.041666
124.468023 0.041666
124.509640 0.041617
124.551357 0.041717
124.593007 0.041650
124.676352 0.083345
124.718024 0.041672
124.759689 0.041666
124.801355 0.041666
124.843023 0.041668
124.884688 0.041665
124.926356 0.041667
124.968023 0.041668
125.009638 0.041615
125.051355 0.041717
125.093023 0.041669
125.134690 0.041667
125.176356 0.041666
125.218024 0.041668
125.259689 0.041665
125.301357 0.041668
125.343024 0.041667
125.384690 0.041666
125.426357 0.041667
125.468023 0.041666
125.509691 0.041667
125.551356 0.041666
125.593012 0.041656
125.676353 0.083341
125.718024 0.041670
125.759690 0.041666
125.801357 0.041667
125.843022 0.041665
125.884689 0.041667
125.926356 0.041667
125.968024 0.041668
126.009689 0.041665
126.051356 0.041666
126.093023 0.041667
126.134689 0.041667
126.176356 0.041667
126.218024 0.041667
126.259689 0.041665
126.301355 0.041666
126.343022 0.041666
126.384690 0.041668
126.426357 0.041667
126.468022 0.041666
126.509689 0.041667
126.551356 0.041667
126.593024 0.041668
126.634665 0.041642
126.718020 0.083355
126.759689 0.041669
126.801355 0.041666
126.843023 0.041669
126.884639 0.041615
126.926356 0.041718
126.968022 0.041666
127.009690 0.041667
127.051356 0.041667
127.093022 0.041665
127.134689 0.041667
127.176356 0.041667
127.218024 0.041668
127.259689 0.041665
127.301354 0.041665
127.342972 0.041618
127.384689 0.041717
127.426356 0.041667
127.468022 0.041665
127.509688 0.041667
127.551378 0.041690
127.634686 0.083308
127.676356 0.041669
127.717976 0.041620
127.759688 0.041712
127.801354 0.041666
127.843023 0.041669
127.884688 0.041665
127.926355 0.041667
127.968022 0.041667
128.009638 0.041616
128.051355 0.041718
128.093020 0.041665
128.134675 0.041655
128.176357 0.041681
128.217975 0.041618
128.259639 0.041664
128.301355 0.041715
128.342996 0.041641
128.410850 0.067854
128.426358 0.015508
128.467972 0.041614
128.509691 0.041719
128.551357 0.041666
128.593021 0.041664
128.634639 0.041618
128.676354 0.041715
