0.050295
0.093504
0.092272
0.084986
0.086322
0.091177
0.088073
0.076337
0.078983
0.092794
0.080830
0.083873
0.073237
0.081110
0.077144
0.088160
0.086514
0.081233
0.080759
0.086428
0.087302
0.096292
0.088894
0.082974
0.083258
0.078172
0.080522
0.083672
0.081940
0.088892
0.086724
0.082085
0.086732
0.085366
0.076460
0.076470
0.087701
0.095659
0.084133
0.087798
0.084957
0.086437
0.076991
0.081544
0.083416
0.082325
0.090835
0.088616
0.087077
0.080189
0.090476
0.085910
0.078898
0.081476
0.088283
0.084013
0.085514
0.093012
0.087921
0.083732
0.095392
0.092787
0.085657
0.075989
0.081217
0.096312
0.083846
0.092128
0.076109
0.097231
0.087023
0.086611
0.082413
0.079489
0.082571
0.092624
0.080617
0.086787
0.084204
0.089476
0.078914
0.078738
0.091129
0.088945
0.083870
0.084713
0.089487
0.080108
0.094434
0.093687
0.090693
0.091222
0.084518
0.092344
0.081046
0.069059
0.082266
0.098204
0.081315
0.090240
0.083459
0.081680
0.077398
0.087281
0.079464
0.079624
0.086367
0.088872
0.087956
0.086561
0.080047
0.088467
0.090927
0.082366
0.080194
0.085455
0.090957
0.088931
0.085264
0.095629
0.082082
0.088014
0.080762
0.077269
0.076068
0.079252
0.090894
0.090347
0.086814
0.085852
0.088063
0.080193
0.084155
