0.014416 0.014416
0.025347 0.010931
0.068073 0.042726
0.105351 0.037278
0.145340 0.039989
0.185327 0.039987
0.225388 0.040061
0.265428 0.040040
0.305334 0.039906
0.345396 0.040061
0.385337 0.039942
0.425329 0.039992
0.465391 0.040061
0.505354 0.039964
0.545380 0.040025
0.585332 0.039952
0.625329 0.039997
0.665434 0.040105
0.705405 0.039970
0.745352 0.039947
0.785363 0.040011
0.825328 0.039965
0.865391 0.040063
0.905363 0.039972
0.945417 0.040054
0.985339 0.039921
1.025418 0.040080
1.065397 0.039978
1.105413 0.040017
1.145303 0.039890
1.185330 0.040027
1.225389 0.040058
1.265427 0.040038
1.305387 0.039961
1.345356 0.039969
1.385388 0.040032
1.425318 0.039930
1.465403 0.040085
1.505331 0.039929
1.545326 0.039995
1.585424 0.040098
1.625362 0.039938
1.665398 0.040036
1.705357 0.039960
1.745418 0.040061
1.785392 0.039974
1.825389 0.039997
1.865339 0.039951
1.905337 0.039998
1.945335 0.039998
1.985336 0.040000
2.025336 0.040000
2.065323 0.039988
2.145337 0.080013
2.185333 0.039996
2.225334 0.040000
2.265333 0.040000
2.305334 0.040001
2.345336 0.040002
2.385335 0.039999
2.425334 0.039998
2.465335 0.040001
2.505335 0.040000
2.545338 0.040004
2.585335 0.039996
2.625336 0.040001
2.665337 0.040001
2.705432 0.040096
2.785334 0.079902
2.825339 0.040005
2.865337 0.039998
2.905337 0.040000
2.945337 0.040000
2.985336 0.039999
3.025334 0.039998
3.065335 0.040001
3.105334 0.039999
3.145335 0.040001
3.185336 0.040001
3.225336 0.040000
3.265338 0.040002
3.305336 0.039998
3.345338 0.040002
3.385336 0.039998
3.425335 0.039999
3.465336 0.040000
3.505336 0.040001
3.545343 0.040006
3.585352 0.040010
3.625343 0.039991
3.665335 0.039992
3.705335 0.040000
3.745334 0.040000
3.785334 0.040000
3.825336 0.040001
3.865335 0.040000
3.905335 0.040000
3.945337 0.040002
3.985336 0.039999
4.025335 0.039999
4.065335 0.040000
4.105334 0.039999
4.145334 0.040000
4.185336 0.040001
4.225335 0.040000
4.265335 0.040000
4.305292 0.039957
4.345326 0.040034
4.425332 0.080007
4.465333 0.040001
4.505333 0.040000
4.545337 0.040003
4.585335 0.039998
4.625336 0.040000
4.665335 0.040000
4.705334 0.039999
4.745337 0.040003
4.785336 0.039999
4.825336 0.040000
4.865338 0.040002
4.905337 0.039999
4.945345 0.040008
4.985336 0.039991
5.025336 0.040000
5.065337 0.040001
5.105336 0.039999
5.145418 0.040082
5.225339 0.079921
5.265335 0.039996
5.305336 0.040001
5.345334 0.039998
5.385337 0.040002
5.425336 0.040000
5.465335 0.039998
5.505334 0.039999
5.545335 0.040001
5.585335 0.040000
5.625336 0.040001
5.665336 0.039999
5.705337 0.040001
5.745336 0.039999
5.785336 0.040001
5.825337 0.040001
5.865336 0.039998
5.905336 0.040001
5.945336 0.040000
5.985337 0.040001
6.025335 0.039998
6.065336 0.040001
6.105336 0.040000
6.145325 0.039989
6.225333 0.080008
6.265335 0.040002
6.305336 0.040001
6.345334 0.039999
6.385337 0.040003
6.425336 0.039999
6.465336 0.040000
6.505338 0.040002
6.545337 0.039999
6.585336 0.039998
6.625339 0.040003
6.665335 0.039997
6.705336 0.040000
6.745336 0.040001
6.785336 0.040000
6.825336 0.040000
6.865336 0.040000
6.905337 0.040001
6.945336 0.039999
6.985350 0.040014
7.025851 0.040501
7.065337 0.039486
7.105336 0.039998
7.145335 0.040000
7.185337 0.040001
7.225335 0.039999
7.265339 0.040004
7.305334 0.039995
7.345339 0.040004
7.385338 0.039999
7.425336 0.039999
7.465336 0.040000
7.505335 0.039999
7.545335 0.040000
7.585337 0.040002
7.625334 0.039997
7.665336 0.040001
7.705337 0.040001
7.745337 0.040000
7.785336 0.039999
7.825338 0.040002
7.865337 0.039999
7.905336 0.039999
7.945335 0.040000
7.985336 0.040001
8.025343 0.040007
8.065339 0.039996
8.105337 0.039998
8.145336 0.039999
8.185337 0.040001
8.225360 0.040022
8.265329 0.039969
8.305332 0.040003
8.345335 0.040003
8.385335 0.040000
8.425335 0.040000
8.465335 0.040000
8.505336 0.040001
8.545336 0.040000
8.585336 0.040000
8.625335 0.039999
8.665335 0.040000
8.705335 0.040000
8.745334 0.039999
8.785338 0.040004
8.825335 0.039997
8.865335 0.040000
8.905336 0.040001
8.945337 0.040001
8.985338 0.040001
9.025336 0.039998
9.065337 0.040001
9.105337 0.039999
9.145340 0.040003
9.185343 0.040004
9.265338 0.079995
9.305335 0.039997
9.345334 0.040000
9.385335 0.040001
9.425334 0.039999
9.465334 0.040000
9.505337 0.040002
9.545339 0.040002
9.585338 0.039999
9.625335 0.039997
9.665336 0.040001
9.705335 0.039999
9.745336 0.040001
9.785336 0.040000
9.825337 0.040001
9.865336 0.039999
9.905358 0.040021
9.945436 0.040079
9.985341 0.039905
10.025336 0.039994
10.065336 0.040001
10.105336 0.039999
10.145335 0.040000
10.185336 0.040001
10.225335 0.039999
10.265334 0.039999
10.305336 0.040002
10.345334 0.039999
10.385335 0.040001
10.425335 0.040000
10.465335 0.040000
10.505335 0.040000
10.545335 0.040000
10.585337 0.040002
10.625337 0.040000
10.665356 0.040019
10.745338 0.079982
10.785336 0.039998
10.825335 0.039999
10.865335 0.040000
10.905336 0.040001
10.945335 0.040000
10.985335 0.040000
11.025336 0.040000
11.065336 0.040000
11.105335 0.039999
11.145336 0.040001
11.185342 0.040006
11.225335 0.039993
11.265337 0.040002
11.305335 0.039997
11.345334 0.040000
11.385336 0.040002
11.425336 0.040000
11.465335 0.040000
11.505335 0.040000
11.545336 0.040001
11.585335 0.039999
11.625335 0.040000
11.665306 0.039971
11.705358 0.040052
11.745340 0.039982
11.785335 0.039996
11.825333 0.039998
11.865335 0.040001
11.905333 0.039999
11.945335 0.040001
11.985335 0.040001
12.025334 0.039998
12.065333 0.040000
12.105335 0.040002
12.145334 0.039999
12.185335 0.040001
12.225334 0.039999
12.265334 0.040000
12.305333 0.039999
12.345334 0.040001
12.385335 0.040001
12.425335 0.040000
12.465335 0.040000
12.505335 0.040001
12.545336 0.040001
12.585336 0.039999
12.625335 0.039999
12.665335 0.040000
12.705336 0.040001
12.745337 0.040001
12.785337 0.040000
12.825335 0.039998
12.865335 0.040000
12.905335 0.040000
12.945336 0.040001
12.985337 0.040001
13.025336 0.039999
13.065337 0.040001
13.105289 0.039953
13.145361 0.040071
13.185457 0.040097
13.225335 0.039878
13.265334 0.039999
13.305334 0.040000
13.345334 0.040000
13.385335 0.040001
13.425334 0.039999
13.465334 0.040000
13.505336 0.040001
13.545335 0.039999
13.585336 0.040001
13.625357 0.040021
13.665353 0.039996
13.705337 0.039984
13.745335 0.039999
13.785336 0.040000
13.825335 0.040000
13.865336 0.040000
13.905335 0.039999
13.945334 0.039999
13.985335 0.040001
14.025335 0.040000
14.065334 0.039999
14.105333 0.040000
14.145334 0.040001
14.185335 0.040001
14.225334 0.039999
14.265335 0.040001
14.305334 0.040000
14.345335 0.040001
14.385336 0.040002
14.425335 0.039998
14.465343 0.040009
14.505438 0.040094
14.585333 0.079896
14.625334 0.040001
14.665334 0.040000
14.705334 0.039999
14.745334 0.040000
14.785335 0.040001
14.825336 0.040001
14.865335 0.040000
14.905336 0.040000
14.945335 0.039999
14.985335 0.040000
15.025334 0.040000
15.065335 0.040000
15.105335 0.040001
15.145335 0.040000
15.185337 0.040002
15.225335 0.039998
15.265340 0.040005
15.305436 0.040096
15.385338 0.079902
15.425333 0.039996
15.465334 0.040000
15.505333 0.039999
15.545335 0.040001
15.585336 0.040001
15.625334 0.039998
15.665334 0.040000
15.705334 0.040000
15.745334 0.040000
15.785336 0.040001
15.825335 0.040000
15.865335 0.040000
15.905336 0.040001
15.945335 0.039999
15.985335 0.040000
16.025337 0.040002
16.065334 0.039997
16.105335 0.040000
16.145335 0.040000
16.185338 0.040003
16.225337 0.039999
16.265336 0.039999
16.305336 0.040000
16.345337 0.040001
16.385335 0.039998
16.425336 0.040001
16.465336 0.040000
16.505357 0.040021
16.548405 0.043047
16.585336 0.036931
16.625335 0.040000
16.665337 0.040001
16.705336 0.040000
16.745335 0.039999
16.785336 0.040001
16.825337 0.040001
16.865336 0.039999
16.905336 0.040000
16.945335 0.039999
16.985336 0.040001
17.025336 0.040000
17.065335 0.039999
17.105335 0.040000
17.145335 0.040000
17.185335 0.040000
17.225335 0.040000
17.265325 0.039990
17.345338 0.080013
17.385335 0.039997
17.425336 0.040001
17.465335 0.040000
17.505335 0.040000
17.545334 0.039999
17.585336 0.040002
17.625335 0.039999
17.665335 0.040000
17.705335 0.040000
17.745334 0.039999
17.785335 0.040000
17.825336 0.040002
17.865336 0.039999
17.905334 0.039998
17.945335 0.040001
17.985336 0.040001
18.025334 0.039998
18.065336 0.040002
18.105336 0.040000
18.145336 0.040000
18.185336 0.040000
18.225337 0.040001
18.265336 0.039999
18.305337 0.040000
18.345335 0.039999
18.385337 0.040002
18.425336 0.039999
18.465357 0.040021
18.545331 0.079974
18.585335 0.040004
18.625334 0.040000
18.665334 0.040000
18.705333 0.039999
18.745335 0.040002
18.785336 0.040001
18.825335 0.039999
18.865333 0.039998
18.905335 0.040002
18.945334 0.039998
18.985334 0.040001
19.025334 0.040000
19.065334 0.039999
19.105333 0.039999
19.145335 0.040001
19.185336 0.040001
19.225335 0.039999
19.265335 0.040000
19.305335 0.040000
19.345335 0.040000
19.385336 0.040000
19.425334 0.039998
19.465334 0.040000
19.505333 0.039999
19.545334 0.040001
19.585335 0.040001
19.625336 0.040001
19.665334 0.039998
19.705357 0.040023
19.745409 0.040051
19.825337 0.079929
19.865334 0.039997
19.905334 0.040000
19.945336 0.040002
19.985337 0.040001
20.025335 0.039998
20.065335 0.040000
20.105335 0.040000
20.145335 0.040000
20.185336 0.040000
20.225335 0.039999
20.265334 0.039999
20.305334 0.039999
20.345333 0.040000
20.385335 0.040001
20.425335 0.040000
20.465336 0.040002
20.505336 0.039999
20.545335 0.040000
20.585334 0.039999
20.625336 0.040001
20.665337 0.040001
20.705435 0.040098
20.785336 0.079901
20.825334 0.039997
20.865333 0.040000
20.905333 0.040000
20.945335 0.040002
20.985337 0.040001
21.025336 0.039999
21.065334 0.039998
21.105334 0.040000
21.145334 0.040000
21.185337 0.040002
21.225335 0.039998
21.265335 0.040001
21.305335 0.040000
21.345333 0.039998
21.385335 0.040002
21.425335 0.040000
21.465335 0.039999
21.505334 0.040000
21.545310 0.039976
21.625615 0.080305
21.665337 0.039722
21.705336 0.039999
21.745337 0.040001
21.785336 0.039999
21.825336 0.040000
21.865336 0.040000
21.905335 0.039999
21.945334 0.039999
21.985336 0.040002
22.025336 0.040000
22.065336 0.040000
22.105336 0.040000
22.145335 0.039999
22.185336 0.040001
22.225336 0.040001
22.265320 0.039983
22.306129 0.040809
22.345287 0.039158
22.385335 0.040049
22.425335 0.040000
22.465335 0.040000
22.505335 0.040000
22.545336 0.040001
22.585336 0.040000
22.625334 0.039998
22.665336 0.040001
22.705336 0.040000
22.745335 0.039999
22.785336 0.040001
22.825335 0.039999
22.865334 0.039999
22.905334 0.039999
22.945335 0.040001
22.985336 0.040001
23.025336 0.040000
23.065335 0.039999
23.105336 0.040001
23.145335 0.040000
23.185337 0.040002
23.225336 0.039999
23.265335 0.040000
23.305336 0.040001
23.345335 0.040000
23.385335 0.040000
23.425335 0.040000
23.465336 0.040000
23.505433 0.040097
23.585335 0.079902
23.625334 0.039999
23.665286 0.039952
23.705335 0.040049
23.745335 0.040000
23.785336 0.040000
23.825335 0.039999
23.865335 0.040000
23.905335 0.040000
23.945335 0.040000
23.985336 0.040001
24.025336 0.039999
24.065334 0.039998
24.105335 0.040001
24.145335 0.040000
24.185335 0.040000
24.225335 0.040000
24.265335 0.040000
24.305335 0.040000
24.345334 0.039999
24.385335 0.040001
24.425335 0.040001
24.465335 0.040000
24.505336 0.040001
24.545335 0.039999
24.585337 0.040002
24.625337 0.040000
24.665313 0.039977
24.705441 0.040127
24.745342 0.039901
24.785337 0.039995
24.825336 0.039999
24.865334 0.039998
24.905334 0.040000
24.945335 0.040001
24.985334 0.039999
25.025334 0.040000
25.065337 0.040003
25.105334 0.039997
25.145335 0.040001
25.185335 0.040000
25.225335 0.040000
25.265334 0.039999
25.305335 0.040000
25.345334 0.039999
25.385334 0.040000
25.425336 0.040002
25.465336 0.040000
25.505336 0.040000
25.545336 0.040000
25.585337 0.040001
25.625336 0.039999
25.665335 0.039999
25.705334 0.039999
25.745336 0.040002
25.785336 0.040000
25.825354 0.040018
25.901176 0.075822
25.905335 0.004158
25.945334 0.039999
25.985335 0.040001
26.025335 0.040000
26.065334 0.039999
26.105334 0.040000
26.145334 0.040000
26.185334 0.040001
26.225335 0.040001
26.265335 0.040000
26.305335 0.039999
26.345334 0.040000
26.385335 0.040001
26.425335 0.040000
26.465333 0.039998
26.505334 0.040000
26.545335 0.040002
26.585336 0.040001
26.625336 0.040000
26.665335 0.039999
26.705334 0.039998
26.745334 0.040000
26.785335 0.040001
26.825336 0.040000
26.865335 0.040000
26.905335 0.040000
26.945336 0.040001
26.985356 0.040020
27.025438 0.040082
27.065985 0.040547
27.105335 0.039350
27.145336 0.040001
27.185335 0.039999
27.225335 0.040000
27.265334 0.039999
27.305334 0.040000
27.345333 0.039999
27.385335 0.040002
27.425335 0.040001
27.465334 0.039999
27.505338 0.040004
27.545339 0.040001
27.585335 0.039996
27.625338 0.040003
27.665338 0.039999
27.705335 0.039997
27.745336 0.040001
27.785335 0.039999
