0.036331 0.036331
0.072448 0.036117
0.114089 0.041640
0.155773 0.041684
0.197423 0.041650
0.239150 0.041727
0.280763 0.041613
0.322470 0.041707
0.364091 0.041620
0.405767 0.041677
0.447481 0.041714
0.489145 0.041664
0.530802 0.041657
0.572474 0.041672
0.614141 0.041667
0.655769 0.041628
0.697465 0.041696
0.739133 0.041668
0.780786 0.041653
0.822443 0.041657
0.864109 0.041667
0.905771 0.041661
0.947438 0.041668
0.989102 0.041664
1.030772 0.041670
1.072439 0.041667
1.114058 0.041619
1.155776 0.041718
1.197437 0.041661
1.239102 0.041665
1.280771 0.041669
1.322444 0.041673
1.364105 0.041660
1.405768 0.041663
1.447438 0.041670
1.489052 0.041614
1.530774 0.041721
1.572438 0.041665
1.614108 0.041669
1.655771 0.041664
1.697443 0.041671
1.739055 0.041612
1.780769 0.041714
1.822443 0.041674
1.864103 0.041660
1.905768 0.041666
1.947438 0.041669
1.989110 0.041673
2.030771 0.041660
2.072435 0.041664
2.114106 0.041671
2.155773 0.041667
2.197443 0.041670
2.239104 0.041661
2.280776 0.041671
2.322388 0.041612
2.364108 0.041721
2.405771 0.041662
2.447436 0.041665
2.489054 0.041619
2.530777 0.041723
2.572438 0.041661
2.614103 0.041665
2.655771 0.041668
2.697438 0.041667
2.739110 0.041672
2.780776 0.041666
2.822442 0.041666
2.864105 0.041663
2.905772 0.041667
2.947444 0.041672
2.989056 0.041612
3.030775 0.041719
3.072440 0.041665
3.114108 0.041668
3.155773 0.041665
3.197444 0.041671
3.239105 0.041661
3.280773 0.041667
3.322440 0.041668
3.364106 0.041666
3.405779 0.041673
3.447443 0.041664
3.489110 0.041666
3.530771 0.041661
3.572435 0.041664
3.614105 0.041670
3.655774 0.041669
3.697438 0.041664
3.739109 0.041671
3.780769 0.041660
3.822435 0.041666
3.864055 0.041620
3.905772 0.041717
3.947437 0.041665
3.989104 0.041666
4.030773 0.041670
4.072435 0.041662
4.114054 0.041619
4.155773 0.041719
4.197442 0.041669
4.239105 0.041663
4.280775 0.041670
4.322442 0.041667
4.364106 0.041663
4.405769 0.041664
4.447446 0.041677
4.505045 0.057599
4.589053 0.084008
4.614106 0.025053
4.675374 0.061268
4.813024 0.137650
4.857239 0.044215
4.937052 0.079813
5.134917 0.197865
5.197438 0.062521
5.239109 0.041671
5.280768 0.041660
5.331034 0.050266
5.364061 0.033027
5.405774 0.041713
5.447443 0.041669
5.609044 0.161601
5.655768 0.046724
5.697437 0.041669
5.739105 0.041667
5.780772 0.041667
5.822438 0.041666
5.864105 0.041667
5.905777 0.041671
5.947405 0.041628
5.989105 0.041701
6.030772 0.041667
6.081703 0.050931
6.115590 0.033887
6.194202 0.078612
6.239105 0.044903
6.288912 0.049807
6.477056 0.188144
6.530770 0.053714
6.576088 0.045317
6.627945 0.051857
6.670754 0.042809
6.729052 0.058298
6.777026 0.047974
6.822438 0.045412
6.874070 0.051632
6.905772 0.031702
6.947444 0.041671
6.989108 0.041664
7.030781 0.041674
7.121733 0.090952
7.155769 0.034036
7.197439 0.041670
7.248847 0.051408
7.286882 0.038035
7.333052 0.046171
7.364101 0.031049
7.413019 0.048918
7.447442 0.034422
7.546686 0.099245
7.588578 0.041892
7.655771 0.067193
7.697445 0.041674
7.740464 0.043019
7.800617 0.060153
7.834328 0.033711
7.864105 0.029777
7.976487 0.112382
8.025028 0.048541
8.081054 0.056026
8.146656 0.065602
8.197440 0.050784
8.261173 0.063733
8.321026 0.059853
8.381863 0.060838
8.423420 0.041557
8.449637 0.026217
8.489107 0.039469
8.530774 0.041667
8.572448 0.041675
8.614105 0.041657
8.655771 0.041666
8.697438 0.041667
8.739106 0.041667
8.780770 0.041664
8.822446 0.041676
8.864107 0.041661
8.905771 0.041664
8.947438 0.041667
8.989055 0.041616
9.030771 0.041717
9.072439 0.041668
9.114110 0.041671
9.155773 0.041663
9.197440 0.041666
9.239109 0.041669
9.280777 0.041668
9.322443 0.041666
9.364105 0.041662
9.405770 0.041665
9.447445 0.041675
9.489055 0.041609
9.530773 0.041718
9.572441 0.041668
9.614104 0.041664
9.655776 0.041671
9.697438 0.041662
9.739105 0.041667
9.780777 0.041672
9.822437 0.041660
9.864106 0.041669
9.905770 0.041665
9.947437 0.041667
9.989103 0.041666
10.030772 0.041669
10.072445 0.041673
10.114111 0.041666
10.155773 0.041662
10.197444 0.041671
10.239111 0.041667
10.305909 0.066799
10.322443 0.016533
10.380243 0.057800
10.443685 0.063442
10.509163 0.065478
10.586869 0.077706
10.639319 0.052450
10.697440 0.058121
10.749508 0.052068
10.780771 0.031263
10.822439 0.041667
10.864063 0.041624
10.915940 0.051877
10.947446 0.031506
11.011954 0.064508
11.042224 0.030270
11.084949 0.042725
11.114108 0.029159
11.179218 0.065110
11.197442 0.018224
11.257059 0.059617
11.322435 0.065376
11.364790 0.042356
11.405772 0.040981
11.447386 0.041615
11.489108 0.041721
11.537544 0.048436
11.572439 0.034895
11.614104 0.041666
11.655773 0.041669
11.697439 0.041666
11.739108 0.041669
11.780775 0.041667
11.827548 0.046774
11.864104 0.036555
11.905771 0.041667
11.947438 0.041667
11.989107 0.041669
12.030770 0.041664
12.072449 0.041679
12.114063 0.041614
12.155773 0.041709
12.197397 0.041624
12.239105 0.041708
12.280772 0.041667
12.322440 0.041668
12.364102 0.041662
12.405771 0.041669
12.447439 0.041668
12.489055 0.041617
12.530773 0.041717
12.572439 0.041667
12.614059 0.041619
12.655775 0.041716
12.697439 0.041664
12.739106 0.041667
12.780770 0.041664
12.822448 0.041678
12.871500 0.049052
12.913178 0.041678
12.947445 0.034267
12.989063 0.041618
13.030773 0.041710
13.072446 0.041672
13.123940 0.051494
13.155778 0.031838
13.197549 0.041770
13.239174 0.041626
13.280772 0.041597
13.322438 0.041667
13.364107 0.041669
13.737064 0.372956
13.828890 0.091826
13.905056 0.076166
13.952435 0.047379
13.989055 0.036621
14.030769 0.041714
14.072438 0.041669
14.114107 0.041669
14.155772 0.041665
14.207186 0.051415
14.248171 0.040985
14.280774 0.032603
14.336669 0.055895
14.374217 0.037548
14.405771 0.031554
14.447446 0.041676
14.489105 0.041659
14.530772 0.041667
14.572441 0.041669
14.614055 0.041614
14.655772 0.041717
14.698398 0.042625
14.739106 0.040709
14.780781 0.041674
14.822439 0.041658
14.878270 0.055832
14.905740 0.027470
14.947447 0.041707
14.989107 0.041661
15.032055 0.042947
15.072445 0.040390
15.114054 0.041610
15.155777 0.041723
15.197439 0.041662
15.239108 0.041669
15.280779 0.041671
15.322436 0.041657
15.364111 0.041675
15.405774 0.041663
15.447439 0.041665
15.489109 0.041671
15.530777 0.041667
15.572444 0.041667
15.614106 0.041662
15.655772 0.041667
15.697394 0.041622
15.739112 0.041718
15.780772 0.041660
15.822439 0.041667
15.864111 0.041672
15.912716 0.048605
15.947443 0.034727
15.989107 0.041664
16.030776 0.041670
16.072444 0.041668
16.114106 0.041662
16.155772 0.041666
16.197439 0.041667
16.239108 0.041669
16.282181 0.043072
16.322443 0.040263
16.364108 0.041665
16.405773 0.041665
16.447437 0.041664
16.489054 0.041617
16.530773 0.041720
16.572439 0.041666
16.614110 0.041670
16.655773 0.041664
16.697440 0.041666
16.739062 0.041622
16.780775 0.041714
16.822440 0.041664
16.864062 0.041622
16.905769 0.041707
16.947436 0.041668
16.989103 0.041667
17.030771 0.041668
17.072437 0.041666
17.114054 0.041617
17.155769 0.041715
17.197437 0.041667
17.239054 0.041617
17.280773 0.041719
17.322442 0.041670
17.364107 0.041664
17.405777 0.041670
17.447391 0.041614
17.489110 0.041719
17.530776 0.041666
17.572443 0.041668
17.614106 0.041663
17.655771 0.041665
17.697444 0.041673
17.739111 0.041667
17.780768 0.041657
17.822442 0.041674
17.864104 0.041661
17.905771 0.041668
17.947440 0.041669
17.989110 0.041670
18.030773 0.041663
18.072443 0.041670
18.114110 0.041667
18.155772 0.041662
18.197442 0.041669
18.239106 0.041664
18.280774 0.041669
18.322438 0.041664
18.364107 0.041669
18.405772 0.041665
18.447440 0.041668
18.489107 0.041667
18.530773 0.041666
18.572445 0.041672
18.614112 0.041667
18.675116 0.061004
18.716406 0.041290
18.739108 0.022703
18.814284 0.075175
18.873610 0.059327
18.905775 0.032165
18.947439 0.041664
18.989053 0.041614
19.030771 0.041718
19.078322 0.047550
19.122862 0.044541
19.163545 0.040683
19.197440 0.033895
19.239108 0.041668
19.280771 0.041663
19.322436 0.041665
19.364054 0.041618
19.405772 0.041718
19.447438 0.041667
19.489062 0.041624
19.530774 0.041712
19.572444 0.041670
19.614105 0.041661
19.655777 0.041672
19.697442 0.041665
19.739110 0.041668
19.780772 0.041662
19.822440 0.041668
19.864109 0.041669
19.905778 0.041669
19.947437 0.041659
19.989108 0.041670
20.030775 0.041667
20.072445 0.041670
20.114055 0.041611
20.155775 0.041720
20.197441 0.041666
20.239063 0.041621
20.280771 0.041708
20.322442 0.041671
20.364060 0.041618
20.405778 0.041718
20.450691 0.044913
20.489109 0.038419
20.530774 0.041664
20.572437 0.041664
20.614058 0.041621
20.655776 0.041718
20.697438 0.041662
20.739104 0.041666
20.780772 0.041668
20.822442 0.041669
20.864106 0.041664
20.905772 0.041666
20.947439 0.041667
20.989052 0.041614
21.030770 0.041717
21.072439 0.041669
21.114053 0.041614
21.155772 0.041719
21.197437 0.041664
21.239053 0.041616
21.280770 0.041717
21.322436 0.041666
21.364103 0.041667
21.405768 0.041665
21.447436 0.041668
21.489105 0.041669
21.530769 0.041664
21.572436 0.041666
21.614103 0.041668
21.655771 0.041667
21.697442 0.041672
21.739104 0.041661
21.780773 0.041670
21.822435 0.041662
21.864106 0.041671
21.905781 0.041675
21.947438 0.041657
21.989108 0.041670
22.030775 0.041666
22.072436 0.041662
22.114106 0.041670
22.155771 0.041665
22.197388 0.041617
22.239106 0.041718
22.280777 0.041672
22.322439 0.041662
22.364105 0.041666
22.405772 0.041666
22.447438 0.041667
22.489106 0.041668
22.530776 0.041670
22.572438 0.041662
22.614108 0.041670
22.655773 0.041665
22.697437 0.041664
22.739059 0.041622
22.780774 0.041715
22.822439 0.041665
22.864062 0.041623
22.905778 0.041715
22.947439 0.041661
22.989056 0.041617
23.030773 0.041717
23.072440 0.041667
23.114103 0.041663
23.155777 0.041674
23.197435 0.041658
23.239056 0.041621
23.280773 0.041717
23.322435 0.041662
23.364108 0.041673
23.405778 0.041670
23.447442 0.041664
23.489056 0.041613
23.530776 0.041721
23.572438 0.041662
23.628739 0.056301
23.655775 0.027036
23.722099 0.066324
23.751260 0.029161
23.780775 0.029515
23.822446 0.041671
23.873078 0.050632
23.905772 0.032693
23.950951 0.045179
23.989065 0.038114
24.030775 0.041710
24.077052 0.046276
24.116653 0.039602
24.164946 0.048293
24.207467 0.042521
24.239103 0.031635
24.280776 0.041674
24.323372 0.042596
24.365712 0.042340
24.405770 0.040058
24.447445 0.041675
24.489106 0.041660
24.530775 0.041670
24.579411 0.048636
24.614103 0.034692
24.671554 0.057451
24.701928 0.030374
24.756915 0.054988
24.813059 0.056143
24.864106 0.051047
24.909027 0.044921
24.970793 0.061765
25.030782 0.059990
25.072439 0.041657
25.115601 0.043162
25.155731 0.040130
25.206152 0.050421
25.241412 0.035260
25.280776 0.039363
25.322438 0.041662
25.364110 0.041672
25.405771 0.041661
25.447436 0.041665
25.489070 0.041634
25.545438 0.056368
25.572902 0.027464
25.614104 0.041203
25.655772 0.041668
25.697446 0.041673
25.739055 0.041609
25.780768 0.041713
25.822441 0.041673
25.864101 0.041661
25.905774 0.041673
25.947436 0.041662
25.989057 0.041621
26.030769 0.041712
26.072440 0.041671
26.114057 0.041617
26.155773 0.041716
26.197437 0.041665
26.239055 0.041618
26.280772 0.041716
26.322436 0.041665
26.364104 0.041668
26.405772 0.041668
26.447439 0.041667
26.489060 0.041622
26.530771 0.041711
26.572437 0.041666
26.614109 0.041673
26.655773 0.041664
26.697439 0.041666
26.739058 0.041619
26.780769 0.041711
26.822391 0.041622
26.864104 0.041713
26.905773 0.041669
26.947441 0.041668
26.989107 0.041666
27.030770 0.041662
27.072441 0.041671
27.114105 0.041665
27.155776 0.041671
27.197439 0.041663
27.239106 0.041667
27.280768 0.041662
27.322438 0.041669
27.364106 0.041669
27.405770 0.041663
27.447443 0.041673
27.489105 0.041663
27.530768 0.041663
27.572440 0.041672
27.614058 0.041618
27.655769 0.041711
27.697392 0.041623
27.739055 0.041664
27.780773 0.041717
27.822435 0.041662
27.864107 0.041673
27.905772 0.041665
27.947445 0.041673
27.989102 0.041657
28.030773 0.041671
28.072440 0.041667
28.114059 0.041619
28.155770 0.041711
28.197387 0.041617
28.239107 0.041720
28.280776 0.041669
28.322436 0.041659
28.364053 0.041618
28.405774 0.041721
28.447439 0.041665
28.489102 0.041663
28.530772 0.041670
28.572441 0.041669
28.614055 0.041615
28.655769 0.041714
28.697389 0.041620
28.739102 0.041713
28.780770 0.041667
28.822440 0.041671
28.864102 0.041662
28.905775 0.041674
28.947445 0.041669
28.989103 0.041658
29.030768 0.041666
29.072436 0.041667
29.114102 0.041666
29.155770 0.041668
29.197436 0.041665
29.239052 0.041617
29.280776 0.041724
29.322439 0.041663
29.364105 0.041666
29.405773 0.041668
29.447444 0.041671
29.489053 0.041609
29.530780 0.041727
29.572438 0.041658
29.628122 0.055684
29.655775 0.027653
29.697440 0.041665
29.749053 0.051612
29.793142 0.044090
29.822439 0.029297
29.905026 0.082587
29.953958 0.048932
29.993916 0.039959
30.030771 0.036855
30.083350 0.052578
30.121056 0.037707
30.155775 0.034719
30.218112 0.062337
30.250205 0.032093
30.313052 0.062847
30.376881 0.063828
30.405771 0.028891
30.493139 0.087367
30.536843 0.043704
30.572440 0.035597
30.620672 0.048232
30.666109 0.045437
30.710065 0.043956
30.739938 0.029873
30.786358 0.046420
30.822446 0.036089
30.864105 0.041659
30.915583 0.051478
30.947744 0.032161
30.989109 0.041365
31.030773 0.041664
31.091295 0.060522
31.114105 0.022809
31.188629 0.074524
31.239105 0.050476
31.307830 0.068725
31.377002 0.069173
31.514296 0.137293
31.578771 0.064476
31.617696 0.038925
31.655778 0.038082
31.734578 0.078800
31.790544 0.055967
31.834775 0.044231
31.864107 0.029332
31.943205 0.079098
31.989104 0.045899
32.030773 0.041668
32.072444 0.041672
32.148165 0.075720
32.197406 0.049241
32.271003 0.073597
32.331065 0.060062
32.364102 0.033037
32.405769 0.041668
32.447438 0.041669
32.489054 0.041615
32.530772 0.041718
32.572442 0.041670
32.621377 0.048935
32.655776 0.034399
32.709102 0.053326
32.739108 0.030006
32.780771 0.041663
32.826953 0.046182
32.864108 0.037155
32.905850 0.041742
32.947749 0.041899
32.989105 0.041356
33.030771 0.041666
33.072445 0.041675
33.117798 0.045353
33.155775 0.037977
33.205242 0.049467
33.239106 0.033864
33.280773 0.041668
33.322446 0.041672
33.364057 0.041612
33.405777 0.041720
33.447437 0.041660
33.489107 0.041670
33.530773 0.041666
33.572438 0.041665
33.614107 0.041669
33.655769 0.041662
33.697439 0.041670
33.739054 0.041614
33.780769 0.041716
33.822440 0.041671
33.864106 0.041665
33.905769 0.041663
33.947444 0.041675
33.989060 0.041616
34.030774 0.041714
34.072436 0.041661
34.114057 0.041621
34.155771 0.041715
34.197442 0.041670
34.239103 0.041662
34.280771 0.041667
34.322445 0.041674
34.364103 0.041659
34.405774 0.041670
34.447438 0.041664
34.489111 0.041673
34.530769 0.041658
34.572443 0.041674
34.614109 0.041665
34.655772 0.041664
34.697439 0.041666
34.744467 0.047028
34.780776 0.036309
34.822438 0.041662
34.864106 0.041668
34.905771 0.041665
34.947436 0.041665
34.989062 0.041626
35.030775 0.041714
35.072435 0.041660
35.125983 0.053549
35.155772 0.029788
35.197386 0.041614
35.239104 0.041718
35.280779 0.041676
35.322439 0.041659
35.364110 0.041671
35.407725 0.043616
35.447439 0.039714
35.489053 0.041613
35.530777 0.041725
35.572435 0.041658
35.614109 0.041673
35.655769 0.041661
35.697390 0.041621
35.739114 0.041724
35.780775 0.041661
35.822444 0.041669
35.864110 0.041667
35.905770 0.041660
35.947441 0.041671
35.989106 0.041665
36.032620 0.043514
36.074982 0.042363
36.114065 0.039083
36.155779 0.041714
36.197438 0.041659
36.239102 0.041664
36.280774 0.041671
36.322437 0.041663
36.364111 0.041674
36.405771 0.041660
36.447440 0.041669
36.489054 0.041614
36.530775 0.041721
36.572438 0.041663
36.614113 0.041675
36.655778 0.041665
36.697438 0.041660
36.739055 0.041617
36.780769 0.041714
36.822442 0.041673
36.875499 0.053057
36.908326 0.032827
36.947437 0.039111
36.989058 0.041621
37.030769 0.041712
37.072441 0.041671
37.116540 0.044099
37.155773 0.039233
37.197436 0.041663
37.239062 0.041626
37.280772 0.041710
37.322437 0.041665
37.364059 0.041622
37.405771 0.041712
37.447439 0.041669
37.489056 0.041616
37.530773 0.041717
37.572438 0.041665
37.614110 0.041672
37.655777 0.041667
37.697439 0.041662
37.739104 0.041665
37.780777 0.041672
37.822436 0.041659
37.864110 0.041674
37.905768 0.041659
37.947441 0.041673
37.989056 0.041614
38.030776 0.041721
38.072437 0.041660
38.114111 0.041674
38.155772 0.041661
38.197435 0.041663
38.239110 0.041674
38.280774 0.041664
38.322386 0.041612
38.364109 0.041724
38.405777 0.041668
38.447438 0.041661
38.489056 0.041618
38.530770 0.041715
38.572389 0.041618
38.614102 0.041713
38.655774 0.041673
38.697439 0.041664
38.739111 0.041672
38.780777 0.041666
38.822440 0.041663
38.864112 0.041672
38.905774 0.041662
38.947435 0.041661
38.989053 0.041619
39.030777 0.041724
39.072438 0.041661
39.114101 0.041663
39.155731 0.041630
39.197443 0.041712
39.239055 0.041612
39.280779 0.041724
39.322436 0.041657
39.364108 0.041672
39.405770 0.041662
39.447439 0.041668
39.489058 0.041619
39.530772 0.041715
39.572437 0.041665
39.614108 0.041670
39.655772 0.041665
39.697441 0.041669
39.739111 0.041670
39.780773 0.041662
39.822445 0.041671
39.864108 0.041663
39.905770 0.041662
39.947440 0.041670
39.989109 0.041670
40.030769 0.041660
40.072439 0.041669
40.114058 0.041620
40.155776 0.041717
40.197438 0.041663
40.239103 0.041665
40.280768 0.041665
40.322444 0.041676
40.364111 0.041667
40.405769 0.041658
40.447436 0.041667
40.489104 0.041668
40.530770 0.041666
40.572436 0.041666
40.614105 0.041669
40.655773 0.041668
40.697442 0.041669
40.739104 0.041662
40.780769 0.041665
40.822390 0.041620
40.864062 0.041673
40.905769 0.041707
40.947435 0.041666
40.989108 0.041673
41.030772 0.041664
41.072443 0.041671
41.114102 0.041659
41.155773 0.041671
41.197388 0.041614
41.239055 0.041667
41.280768 0.041713
41.322439 0.041671
41.364106 0.041667
41.405776 0.041670
41.447436 0.041660
41.489054 0.041618
41.530769 0.041715
41.572436 0.041667
41.614052 0.041616
41.655771 0.041719
41.697436 0.041665
41.739107 0.041671
41.780770 0.041663
41.822441 0.041671
41.864109 0.041668
41.905772 0.041662
41.954680 0.048908
41.989114 0.034434
42.030769 0.041655
42.081253 0.050484
42.114104 0.032851
42.155780 0.041676
42.197439 0.041658
42.239105 0.041666
42.280771 0.041666
42.330079 0.049307
42.364106 0.034027
42.405769 0.041663
42.447436 0.041667
42.489103 0.041666
42.530772 0.041669
42.572440 0.041669
42.614052 0.041612
42.655773 0.041721
42.697438 0.041665
42.739112 0.041674
42.780771 0.041659
42.822443 0.041673
42.864106 0.041663
42.905774 0.041668
42.947435 0.041661
42.989106 0.041671
43.030772 0.041666
43.072440 0.041668
43.114055 0.041615
43.155773 0.041717
43.197435 0.041663
43.239056 0.041621
43.280769 0.041713
43.322394 0.041625
43.364106 0.041712
43.405775 0.041670
43.447443 0.041668
43.489059 0.041615
43.530769 0.041710
43.572440 0.041672
43.614110 0.041670
43.655774 0.041664
43.697438 0.041664
43.740052 0.042615
43.780774 0.040722
43.822443 0.041669
43.864102 0.041660
43.905772 0.041669
43.947435 0.041663
43.989058 0.041623
44.030768 0.041710
44.072439 0.041671
44.114064 0.041625
44.155773 0.041709
44.197436 0.041663
44.239055 0.041619
44.280768 0.041713
44.322436 0.041669
44.364105 0.041668
44.405770 0.041665
44.447437 0.041667
44.489054 0.041617
44.530770 0.041716
44.572436 0.041666
44.614103 0.041667
44.655772 0.041669
44.697435 0.041664
44.739108 0.041673
44.780770 0.041662
44.822436 0.041666
44.864104 0.041669
44.905769 0.041665
44.947438 0.041669
44.989104 0.041666
45.030772 0.041667
45.072436 0.041664
45.114055 0.041619
45.155771 0.041716
45.197441 0.041670
45.239104 0.041663
45.280773 0.041668
45.322386 0.041614
45.364107 0.041721
45.405769 0.041662
45.447440 0.041671
45.489105 0.041665
45.530778 0.041673
45.572441 0.041663
45.622239 0.049798
45.655771 0.033532
45.697441 0.041670
45.739111 0.041670
45.780776 0.041665
45.822447 0.041671
45.864106 0.041659
45.916052 0.051946
45.947438 0.031386
45.989111 0.041673
46.030776 0.041665
46.072440 0.041664
46.114105 0.041665
46.155768 0.041663
46.197438 0.041670
46.239056 0.041618
46.280768 0.041713
46.322435 0.041667
46.364062 0.041627
46.405776 0.041714
46.447437 0.041661
46.489056 0.041618
46.530774 0.041718
46.572437 0.041664
46.614105 0.041668
46.655770 0.041665
46.697440 0.041670
46.739110 0.041670
46.780775 0.041665
46.822435 0.041660
46.864112 0.041677
46.905777 0.041665
46.952465 0.046688
46.989053 0.036588
47.030775 0.041722
47.072438 0.041664
47.114102 0.041664
47.155769 0.041667
47.197388 0.041619
47.239111 0.041723
47.280769 0.041657
47.322436 0.041668
47.364104 0.041668
47.405781 0.041677
47.447440 0.041659
47.489062 0.041623
47.530775 0.041712
47.572435 0.041661
47.614105 0.041669
47.655770 0.041666
47.697438 0.041668
47.739102 0.041663
47.780769 0.041667
47.822436 0.041667
47.864102 0.041666
47.905809 0.041707
47.947442 0.041633
47.989109 0.041667
48.030769 0.041660
48.072441 0.041672
48.114102 0.041661
48.155776 0.041674
48.197443 0.041667
48.239103 0.041660
48.280777 0.041674
48.322441 0.041664
48.364102 0.041661
48.405777 0.041675
48.447436 0.041659
48.489106 0.041671
48.530772 0.041665
48.575873 0.045101
48.614105 0.038232
48.655769 0.041664
48.697437 0.041667
48.739102 0.041666
48.780774 0.041671
48.822439 0.041666
48.864106 0.041667
48.905773 0.041667
48.947446 0.041674
48.989111 0.041665
49.030782 0.041671
49.072444 0.041661
49.114063 0.041620
49.155774 0.041710
49.197437 0.041663
49.239107 0.041670
49.280770 0.041663
49.322442 0.041673
49.364102 0.041660
49.405770 0.041668
49.447435 0.041665
49.489054 0.041619
49.530772 0.041718
49.572438 0.041666
49.614109 0.041671
49.655770 0.041661
49.697442 0.041673
49.739104 0.041662
49.780774 0.041670
49.822441 0.041666
49.864108 0.041667
49.905769 0.041661
49.947440 0.041672
49.989107 0.041667
50.030770 0.041663
50.072441 0.041671
50.114109 0.041668
50.155773 0.041664
50.197436 0.041663
50.239108 0.041672
50.280771 0.041663
50.322439 0.041667
50.364102 0.041663
50.405773 0.041671
50.447436 0.041663
50.489060 0.041624
50.530769 0.041708
50.572444 0.041676
50.614115 0.041670
50.655771 0.041656
50.697445 0.041675
50.739105 0.041660
50.780774 0.041669
50.822435 0.041661
50.864057 0.041622
50.905771 0.041714
50.947441 0.041669
50.989107 0.041666
51.030770 0.041663
51.072436 0.041666
51.114108 0.041672
51.155770 0.041662
51.197442 0.041672
51.239105 0.041663
51.280769 0.041664
51.322441 0.041672
51.364104 0.041662
51.405769 0.041665
51.447440 0.041671
51.489109 0.041670
51.530772 0.041663
51.572443 0.041671
51.614107 0.041665
51.655776 0.041669
51.697442 0.041666
51.739102 0.041660
51.780773 0.041670
51.822435 0.041663
51.864105 0.041669
51.905772 0.041668
51.947438 0.041665
51.989107 0.041669
52.030774 0.041667
52.072440 0.041666
52.114103 0.041663
52.155774 0.041671
52.197436 0.041662
52.239108 0.041672
52.280775 0.041668
52.322435 0.041660
52.364109 0.041673
52.405774 0.041666
52.447452 0.041678
52.489108 0.041656
52.536546 0.047437
52.572440 0.035894
52.641057 0.068617
52.671249 0.030192
52.702205 0.030956
52.739108 0.036903
52.783169 0.044061
52.822440 0.039270
52.864105 0.041666
52.905780 0.041674
52.953023 0.047243
52.989061 0.036038
53.030779 0.041717
53.072440 0.041661
53.114055 0.041615
53.155779 0.041724
53.210111 0.054332
53.239114 0.029003
53.280776 0.041663
53.322436 0.041659
53.364109 0.041673
53.406818 0.042709
53.447440 0.040622
53.489103 0.041663
53.530777 0.041675
53.572435 0.041658
53.614109 0.041673
53.655768 0.041659
53.697443 0.041674
53.739107 0.041664
53.780774 0.041667
53.822436 0.041662
53.864105 0.041670
53.905769 0.041664
53.947443 0.041674
53.989110 0.041667
54.030777 0.041667
54.072435 0.041659
54.114111 0.041676
54.155774 0.041663
54.197444 0.041670
54.239104 0.041660
54.280775 0.041670
54.322438 0.041664
54.364109 0.041670
54.405769 0.041660
54.447443 0.041674
54.489103 0.041660
54.530775 0.041672
54.572436 0.041661
54.614107 0.041671
54.655771 0.041664
54.697441 0.041670
54.739109 0.041668
54.780775 0.041666
54.822435 0.041660
54.864108 0.041673
54.905771 0.041662
54.947441 0.041671
54.989106 0.041665
55.030773 0.041666
55.072440 0.041667
55.114104 0.041664
55.155770 0.041666
55.197440 0.041671
55.239103 0.041663
55.280780 0.041677
55.322444 0.041665
55.364104 0.041660
55.405771 0.041667
55.447443 0.041672
55.489108 0.041666
55.530770 0.041662
55.572440 0.041670
55.614109 0.041668
55.655770 0.041662
55.697436 0.041666
55.739104 0.041668
55.780770 0.041666
55.822437 0.041666
55.864101 0.041665
55.905770 0.041668
55.947436 0.041666
55.989108 0.041672
56.030773 0.041665
56.072436 0.041663
56.114109 0.041673
56.155772 0.041663
56.197438 0.041666
56.239108 0.041670
56.280772 0.041664
56.322437 0.041665
56.364061 0.041624
56.405771 0.041710
56.447442 0.041671
56.489103 0.041661
56.530776 0.041673
56.572438 0.041663
56.614102 0.041664
56.655774 0.041672
56.697444 0.041670
56.739102 0.041658
56.780774 0.041671
56.822447 0.041674
56.864063 0.041615
56.905773 0.041711
56.947440 0.041667
56.989104 0.041664
57.030774 0.041670
57.072436 0.041662
57.114107 0.041671
57.155769 0.041662
57.197441 0.041673
57.239106 0.041664
57.280775 0.041669
57.322441 0.041666
57.364105 0.041664
57.405773 0.041668
57.447436 0.041663
57.489061 0.041625
57.530771 0.041710
57.572444 0.041673
57.614103 0.041659
57.655774 0.041671
57.697440 0.041667
57.739103 0.041662
57.780775 0.041672
57.822438 0.041664
57.864106 0.041668
57.905769 0.041663
57.947445 0.041675
57.989109 0.041664
58.030772 0.041663
58.072440 0.041669
58.114107 0.041666
58.155770 0.041664
58.197442 0.041671
58.239112 0.041670
58.280773 0.041662
58.322436 0.041662
58.364110 0.041674
58.405775 0.041665
58.447440 0.041665
58.489106 0.041666
58.530772 0.041666
58.572444 0.041672
58.614104 0.041661
58.664610 0.050506
58.697668 0.033058
58.739114 0.041447
58.780769 0.041655
58.822443 0.041673
58.864102 0.041660
58.905775 0.041673
58.947436 0.041661
58.989110 0.041674
59.030768 0.041658
59.072441 0.041673
59.114053 0.041613
59.155774 0.041720
59.197436 0.041663
59.239108 0.041671
59.280770 0.041662
59.322443 0.041673
59.364103 0.041659
59.405778 0.041675
59.447436 0.041659
59.489057 0.041621
59.530768 0.041711
59.572445 0.041676
59.614102 0.041658
59.655771 0.041668
59.697444 0.041674
59.739060 0.041615
59.780770 0.041711
59.822443 0.041672
59.864106 0.041663
59.905776 0.041670
59.947440 0.041665
59.990286 0.042846
60.031796 0.041510
60.074834 0.043038
60.119655 0.044821
60.159206 0.039551
60.197440 0.038234
60.239113 0.041673
60.280782 0.041669
60.322438 0.041656
60.364199 0.041761
60.405772 0.041573
60.447436 0.041663
60.489105 0.041669
60.530772 0.041667
60.572441 0.041669
60.614104 0.041663
60.655775 0.041671
60.697443 0.041667
60.739102 0.041660
60.780775 0.041673
60.822436 0.041660
60.864064 0.041628
60.905779 0.041715
61.032664 0.126884
61.072435 0.039771
61.114111 0.041676
61.155769 0.041658
61.197438 0.041669
61.239111 0.041673
61.280772 0.041660
61.322436 0.041664
61.364111 0.041675
61.406950 0.042840
61.447439 0.040489
61.489103 0.041663
61.530776 0.041673
61.572437 0.041661
61.614107 0.041671
61.655782 0.041675
61.698772 0.042990
61.739106 0.040335
61.780771 0.041665
61.822440 0.041669
61.864107 0.041667
61.905771 0.041664
61.956854 0.051083
61.989111 0.032257
62.030778 0.041667
62.072438 0.041660
62.114111 0.041673
62.155777 0.041666
62.197442 0.041665
62.239103 0.041661
62.280774 0.041671
62.322446 0.041671
62.364112 0.041667
62.405774 0.041662
62.447441 0.041667
62.489114 0.041673
62.530780 0.041666
62.576676 0.045897
62.614107 0.037431
62.655778 0.041670
62.710355 0.054577
62.743156 0.032801
62.780774 0.037619
62.822441 0.041666
62.864106 0.041665
62.905778 0.041673
62.947436 0.041658
62.989111 0.041675
63.030774 0.041663
63.072449 0.041675
63.114105 0.041655
63.155772 0.041667
63.197444 0.041673
63.239105 0.041661
63.280774 0.041669
63.322440 0.041666
63.364109 0.041669
63.405779 0.041670
63.447439 0.041660
63.489106 0.041667
63.530773 0.041667
63.572439 0.041667
63.614846 0.042407
63.655783 0.040937
63.697438 0.041655
63.739108 0.041670
63.780776 0.041668
63.822436 0.041660
63.864106 0.041670
63.905774 0.041668
63.947441 0.041667
63.989113 0.041672
64.030772 0.041659
64.072442 0.041670
64.114057 0.041616
64.155769 0.041712
64.197440 0.041671
64.239108 0.041668
64.280778 0.041670
64.322437 0.041659
64.364106 0.041670
64.405773 0.041666
64.447441 0.041669
64.489107 0.041666
64.530772 0.041665
64.572440 0.041667
64.614111 0.041671
64.655772 0.041661
64.697386 0.041613
64.739106 0.041720
64.780771 0.041666
64.822440 0.041668
64.864105 0.041665
64.905772 0.041667
64.947438 0.041666
64.989108 0.041671
65.030775 0.041666
65.072439 0.041664
65.114103 0.041664
65.155772 0.041668
65.197440 0.041669
65.239103 0.041663
65.280773 0.041670
65.322438 0.041665
65.364102 0.041665
65.405770 0.041668
65.447437 0.041667
65.489102 0.041666
65.530773 0.041671
65.572437 0.041665
65.614106 0.041669
65.655769 0.041662
65.697445 0.041677
65.739104 0.041659
65.780769 0.041665
65.822445 0.041675
65.864114 0.041669
65.905774 0.041660
65.947439 0.041665
65.989106 0.041667
66.030774 0.041668
66.072439 0.041665
66.114057 0.041618
66.155769 0.041711
66.197439 0.041671
66.239102 0.041663
66.280769 0.041667
66.322436 0.041667
66.364108 0.041672
66.405768 0.041660
66.447444 0.041676
66.489111 0.041667
66.530771 0.041660
66.572440 0.041669
66.614055 0.041616
66.655776 0.041721
66.697444 0.041668
66.739106 0.041662
66.780776 0.041670
66.822439 0.041664
66.864108 0.041669
66.905774 0.041666
66.947436 0.041661
66.989104 0.041668
67.030772 0.041668
67.072435 0.041663
67.114103 0.041668
67.155771 0.041668
67.197443 0.041672
67.239103 0.041660
67.280774 0.041672
67.322436 0.041662
67.364109 0.041673
67.405773 0.041664
67.447437 0.041664
67.489107 0.041670
67.530769 0.041662
67.572439 0.041670
67.614057 0.041619
67.655771 0.041713
67.697443 0.041673
67.739108 0.041665
67.780768 0.041660
67.822441 0.041672
67.864103 0.041662
67.905775 0.041672
67.947438 0.041663
67.989106 0.041668
68.030769 0.041663
68.072442 0.041673
68.114108 0.041666
68.155769 0.041661
68.197442 0.041673
68.239105 0.041662
68.280774 0.041670
68.322436 0.041662
68.364104 0.041668
68.405771 0.041667
68.447435 0.041664
68.489107 0.041673
68.530774 0.041666
68.572440 0.041667
68.614109 0.041669
68.660791 0.046682
68.708458 0.047667
68.739111 0.030653
68.780772 0.041661
68.822439 0.041667
68.877057 0.054619
68.905770 0.028712
68.956293 0.050523
69.017055 0.060762
69.041378 0.024323
69.081944 0.040566
69.114106 0.032161
69.155779 0.041673
69.197438 0.041660
69.239105 0.041666
69.280772 0.041667
69.322444 0.041672
69.364103 0.041659
69.405776 0.041672
69.447437 0.041661
69.489104 0.041667
69.530768 0.041664
69.572443 0.041675
69.614056 0.041613
69.655770 0.041713
69.697443 0.041673
69.739108 0.041665
69.780771 0.041663
69.822442 0.041671
69.864102 0.041660
69.905776 0.041674
69.947437 0.041662
69.989102 0.041665
70.030771 0.041668
70.072441 0.041670
70.114104 0.041664
70.155777 0.041672
70.197438 0.041662
70.239109 0.041671
70.280774 0.041665
70.322437 0.041663
70.364106 0.041669
70.405772 0.041666
70.447442 0.041670
70.489102 0.041660
70.530776 0.041675
70.572436 0.041660
70.614106 0.041670
70.655773 0.041666
70.697444 0.041671
70.739108 0.041664
70.780775 0.041668
70.822440 0.041665
70.864102 0.041662
70.905769 0.041667
70.947439 0.041669
70.989102 0.041664
71.030770 0.041667
71.072438 0.041669
71.114103 0.041664
71.155771 0.041668
71.197441 0.041670
71.239106 0.041666
71.280768 0.041662
71.322438 0.041669
71.364109 0.041671
71.405777 0.041668
71.447386 0.041609
71.489106 0.041720
71.530775 0.041668
71.572439 0.041665
71.614053 0.041614
71.655772 0.041719
71.697441 0.041668
71.739110 0.041669
71.780769 0.041659
71.822438 0.041669
71.864109 0.041671
71.905777 0.041668
71.947436 0.041659
71.989103 0.041667
72.030769 0.041666
72.072437 0.041668
72.114105 0.041669
72.155773 0.041668
72.197436 0.041663
72.239111 0.041675
72.280774 0.041663
72.322436 0.041662
72.364106 0.041670
72.405776 0.041669
72.447442 0.041666
72.489104 0.041662
72.530774 0.041670
72.572446 0.041672
72.614112 0.041666
72.655773 0.041661
72.697441 0.041668
72.739111 0.041671
72.780779 0.041667
72.822439 0.041661
72.864052 0.041613
72.905774 0.041722
72.947443 0.041669
72.989106 0.041662
73.030769 0.041664
73.072437 0.041668
73.114111 0.041673
73.158327 0.044216
73.197435 0.039108
73.239112 0.041677
73.280773 0.041661
73.322438 0.041665
73.364103 0.041665
73.405778 0.041675
73.447442 0.041664
73.489054 0.041612
73.530771 0.041717
73.572440 0.041669
73.614058 0.041617
73.655771 0.041713
73.697435 0.041665
73.739102 0.041667
73.780772 0.041670
73.822437 0.041664
73.864102 0.041665
73.905770 0.041668
73.947436 0.041666
73.989102 0.041667
74.030769 0.041667
74.072437 0.041667
74.114103 0.041666
74.155769 0.041666
74.197445 0.041676
74.239061 0.041617
74.280770 0.041709
74.322438 0.041667
74.365115 0.042678
74.405774 0.040658
74.447452 0.041678
74.494673 0.047221
74.530773 0.036100
74.572438 0.041665
74.616024 0.043586
74.655779 0.039755
74.697444 0.041665
74.739111 0.041668
74.780768 0.041657
74.822442 0.041674
74.864104 0.041662
74.905774 0.041670
74.947437 0.041663
74.989109 0.041673
75.030770 0.041660
75.072441 0.041671
75.114104 0.041663
75.155772 0.041668
75.197441 0.041668
75.239052 0.041612
75.280770 0.041718
75.322436 0.041665
75.364102 0.041667
75.405775 0.041673
75.447440 0.041664
75.489053 0.041613
75.530769 0.041717
75.572441 0.041671
75.614107 0.041666
75.655772 0.041665
75.697437 0.041665
75.739111 0.041674
75.780778 0.041666
75.822442 0.041664
75.864108 0.041666
75.905774 0.041666
75.947443 0.041669
75.989105 0.041662
76.030770 0.041665
76.072444 0.041674
76.114109 0.041665
76.155773 0.041663
76.197436 0.041663
76.239105 0.041669
76.280779 0.041674
76.322439 0.041660
76.364106 0.041667
76.405779 0.041672
76.447444 0.041665
76.489109 0.041666
76.530771 0.041662
76.572438 0.041667
76.614106 0.041668
76.655777 0.041670
76.697435 0.041658
76.739110 0.041675
76.780772 0.041662
76.822443 0.041671
76.864107 0.041664
76.905768 0.041661
76.947441 0.041673
76.989111 0.041670
77.030778 0.041666
77.072439 0.041661
77.114102 0.041663
77.155773 0.041670
77.197440 0.041667
77.239106 0.041666
77.280770 0.041664
77.322443 0.041673
77.364109 0.041666
77.405771 0.041663
77.447437 0.041666
77.489053 0.041616
77.530779 0.041725
77.572449 0.041670
77.614059 0.041610
77.655782 0.041723
77.697444 0.041662
77.739103 0.041659
77.780769 0.041666
77.822440 0.041671
77.864103 0.041663
77.905772 0.041668
77.947436 0.041664
77.989106 0.041671
78.030774 0.041668
78.072439 0.041665
78.114107 0.041668
78.155771 0.041664
78.197439 0.041667
78.239103 0.041664
78.280771 0.041668
78.322440 0.041669
78.364104 0.041664
78.405770 0.041666
78.447438 0.041668
78.489104 0.041666
78.530771 0.041667
78.572440 0.041669
78.614109 0.041669
78.655772 0.041664
78.697437 0.041665
78.739108 0.041670
78.780773 0.041665
78.822441 0.041668
78.864106 0.041666
78.905774 0.041668
78.947439 0.041665
78.989057 0.041617
79.030770 0.041713
79.072436 0.041666
79.114104 0.041668
79.155773 0.041669
79.197437 0.041664
79.239102 0.041665
79.280775 0.041674
79.322439 0.041664
79.364102 0.041663
79.405770 0.041668
79.447436 0.041666
79.489103 0.041667
79.530771 0.041668
79.572436 0.041665
79.614104 0.041668
79.655775 0.041672
79.697437 0.041662
79.739108 0.041670
79.780769 0.041661
79.822440 0.041672
79.864104 0.041663
79.905774 0.041670
79.947438 0.041664
79.989108 0.041670
80.030772 0.041664
80.072445 0.041673
80.114105 0.041660
80.156446 0.042341
80.197449 0.041003
80.239108 0.041659
80.280771 0.041663
80.322442 0.041671
80.364106 0.041664
80.405776 0.041670
80.447439 0.041663
80.489058 0.041618
80.530771 0.041713
80.572443 0.041672
80.614110 0.041667
80.655775 0.041665
80.697441 0.041666
80.739105 0.041664
80.780774 0.041669
80.822440 0.041666
80.864106 0.041666
80.905769 0.041662
80.947443 0.041674
80.989106 0.041663
81.030770 0.041664
81.072436 0.041666
81.114102 0.041666
81.155769 0.041667
81.197436 0.041666
81.239102 0.041667
81.280768 0.041666
81.322441 0.041672
81.364107 0.041666
81.405769 0.041663
81.447443 0.041673
81.489109 0.041666
81.530773 0.041665
81.572444 0.041671
81.614107 0.041663
81.655775 0.041667
81.697461 0.041686
81.739111 0.041650
81.783943 0.044832
81.822440 0.038497
81.864117 0.041677
81.913874 0.049758
81.949449 0.035575
81.989106 0.039657
82.039129 0.050023
82.072447 0.033319
82.120076 0.047629
82.155773 0.035696
82.197439 0.041666
82.239107 0.041668
82.280775 0.041668
82.322436 0.041661
82.364106 0.041670
82.405771 0.041665
82.447447 0.041676
82.489106 0.041659
82.534953 0.045847
82.572440 0.037487
82.614106 0.041667
82.655776 0.041669
82.697436 0.041661
82.739107 0.041671
82.789874 0.050767
82.822446 0.032572
82.864115 0.041669
82.905774 0.041659
82.947439 0.041666
82.989107 0.041668
83.033380 0.044273
83.072447 0.039066
83.123046 0.050599
83.168408 0.045363
83.248885 0.080477
83.281178 0.032293
83.336016 0.054838
83.364110 0.028094
83.405771 0.041661
83.481032 0.075260
83.541306 0.060274
83.573020 0.031714
83.614055 0.041035
83.655773 0.041718
83.697440 0.041667
83.739052 0.041612
83.780771 0.041719
83.822441 0.041670
83.864107 0.041666
83.905768 0.041661
83.947441 0.041672
83.989107 0.041666
84.030776 0.041669
84.072438 0.041662
84.114053 0.041615
84.155773 0.041720
84.197442 0.041669
84.239105 0.041663
84.280770 0.041664
84.322444 0.041674
84.364111 0.041666
84.405769 0.041658
84.447435 0.041667
84.489102 0.041666
84.530769 0.041667
84.572436 0.041667
84.614101 0.041666
84.655768 0.041667
84.697436 0.041667
84.739105 0.041669
84.780774 0.041669
84.822442 0.041667
84.864102 0.041660
84.905774 0.041673
84.947440 0.041665
84.989102 0.041663
85.030770 0.041668
85.072435 0.041665
85.114108 0.041673
85.155773 0.041665
85.197435 0.041662
85.239055 0.041619
85.280776 0.041721
85.322445 0.041670
85.364102 0.041657
85.405773 0.041671
85.447441 0.041668
85.489111 0.041670
85.530772 0.041661
85.572436 0.041664
85.614103 0.041666
85.655777 0.041674
85.697435 0.041658
85.739102 0.041667
85.780769 0.041667
85.822443 0.041674
85.864052 0.041610
85.905777 0.041724
85.947439 0.041662
85.989107 0.041669
86.030771 0.041664
86.072441 0.041670
86.114102 0.041661
86.155774 0.041672
86.197436 0.041661
86.239058 0.041623
86.280770 0.041712
86.322444 0.041674
86.364103 0.041658
86.405774 0.041671
86.447435 0.041661
86.489109 0.041673
86.530770 0.041661
86.572440 0.041671
86.614108 0.041667
86.655776 0.041668
86.697439 0.041664
86.739113 0.041674
86.780773 0.041660
86.822441 0.041668
86.864102 0.041661
86.905769 0.041667
86.947440 0.041670
86.989107 0.041667
87.030773 0.041667
87.072437 0.041664
87.114103 0.041666
87.155769 0.041666
87.197436 0.041668
87.239106 0.041670
87.280769 0.041662
87.322436 0.041667
87.364105 0.041669
87.405776 0.041672
87.447386 0.041609
87.489057 0.041671
87.530771 0.041714
87.572447 0.041676
87.614114 0.041668
87.655776 0.041662
87.697445 0.041669
87.739105 0.041661
87.780776 0.041671
87.822400 0.041624
87.864105 0.041705
87.905770 0.041665
87.947438 0.041668
87.989720 0.042282
88.030778 0.041058
88.072440 0.041662
88.119120 0.046681
88.155777 0.036657
88.197438 0.041660
88.240228 0.042791
88.283071 0.042843
88.322441 0.039370
88.369054 0.046613
88.413159 0.044105
88.447446 0.034287
88.489113 0.041667
88.530771 0.041657
88.572437 0.041667
88.614112 0.041675
88.655771 0.041660
88.697441 0.041670
88.739105 0.041664
88.780776 0.041671
88.822442 0.041666
88.864109 0.041666
88.905772 0.041664
88.947441 0.041669
88.989103 0.041662
89.030774 0.041671
89.072439 0.041665
89.114107 0.041668
89.155777 0.041670
89.197448 0.041671
89.239108 0.041660
89.280769 0.041661
89.322442 0.041673
89.364107 0.041664
89.405767 0.041661
89.447441 0.041673
89.489105 0.041665
89.530769 0.041664
89.572442 0.041674
89.614102 0.041660
89.655774 0.041672
89.697445 0.041671
89.739110 0.041665
89.780769 0.041659
89.822440 0.041671
89.864104 0.041664
89.905776 0.041672
89.947439 0.041663
89.989054 0.041615
90.030770 0.041717
90.072440 0.041670
90.114102 0.041662
90.155770 0.041668
90.197436 0.041665
90.239110 0.041675
90.280769 0.041659
90.322439 0.041670
90.364105 0.041666
90.405775 0.041669
90.447438 0.041664
90.489110 0.041671
90.530771 0.041661
90.572442 0.041671
90.614103 0.041661
90.655771 0.041668
90.697437 0.041666
90.739107 0.041670
90.780772 0.041665
90.822440 0.041668
90.864103 0.041663
90.905774 0.041670
90.947437 0.041663
90.989109 0.041672
91.030771 0.041662
91.072448 0.041677
91.114062 0.041615
91.155776 0.041714
91.197436 0.041660
91.239107 0.041670
91.280772 0.041666
91.322440 0.041668
91.364105 0.041665
91.405778 0.041673
91.447447 0.041668
91.493543 0.046096
91.553052 0.059509
91.633026 0.079974
91.715433 0.082407
91.739080 0.023647
91.819339 0.080260
91.873145 0.053806
91.905778 0.032633
91.947435 0.041657
91.989104 0.041669
92.030776 0.041672
92.072439 0.041663
92.117022 0.044583
92.155772 0.038750
92.197441 0.041669
92.239111 0.041670
92.280776 0.041665
92.322435 0.041659
92.364112 0.041677
92.405782 0.041669
92.447450 0.041669
92.489105 0.041655
92.530923 0.041818
92.572439 0.041516
92.614111 0.041673
92.657279 0.043168
92.697440 0.040160
92.739113 0.041673
92.780778 0.041666
92.822438 0.041660
92.864105 0.041667
92.905771 0.041666
92.947439 0.041668
92.989107 0.041668
93.030775 0.041667
93.072440 0.041665
93.114111 0.041671
93.155772 0.041661
93.197437 0.041665
93.239105 0.041668
93.280772 0.041666
93.322438 0.041666
93.364109 0.041671
93.405769 0.041661
93.447440 0.041670
93.489104 0.041664
93.530776 0.041672
93.572444 0.041668
93.614108 0.041664
93.655773 0.041665
93.697438 0.041665
93.739104 0.041665
93.780777 0.041674
93.822439 0.041662
93.864105 0.041665
93.905770 0.041665
93.947439 0.041669
93.989055 0.041616
94.030772 0.041718
94.072436 0.041664
94.114102 0.041667
94.155771 0.041669
94.197440 0.041669
94.239106 0.041666
94.280770 0.041664
94.322439 0.041670
94.364102 0.041662
94.405771 0.041669
94.447436 0.041666
94.489106 0.041669
94.530770 0.041664
94.572440 0.041670
94.614103 0.041663
94.655772 0.041669
94.697440 0.041668
94.739103 0.041663
94.780771 0.041668
94.822439 0.041667
94.864111 0.041672
94.905774 0.041663
94.947435 0.041662
94.989106 0.041671
95.030776 0.041670
95.072436 0.041660
95.114107 0.041671
95.155771 0.041664
95.197440 0.041669
95.239054 0.041614
95.280771 0.041717
95.322435 0.041664
95.364106 0.041670
95.405771 0.041666
95.447440 0.041669
95.489104 0.041663
95.530772 0.041669
95.572440 0.041667
95.614104 0.041664
95.655770 0.041666
95.697441 0.041671
95.739108 0.041667
95.780772 0.041664
95.822437 0.041665
95.864107 0.041670
95.905774 0.041667
95.947444 0.041670
95.989107 0.041663
96.030777 0.041670
96.072440 0.041664
96.114106 0.041666
96.155770 0.041664
96.197441 0.041671
96.239106 0.041665
96.280770 0.041664
96.322439 0.041669
96.364108 0.041670
96.405774 0.041665
96.447438 0.041665
96.489105 0.041667
96.530775 0.041670
96.572439 0.041665
96.614103 0.041664
96.655769 0.041666
96.697436 0.041667
96.739103 0.041667
96.780769 0.041666
96.822437 0.041668
96.864103 0.041665
96.905773 0.041671
96.947437 0.041663
96.989102 0.041665
97.030774 0.041672
97.072436 0.041662
97.114053 0.041616
97.155772 0.041719
97.197439 0.041667
97.239109 0.041671
97.285024 0.045915
97.322442 0.037418
97.364107 0.041666
97.405783 0.041675
97.447438 0.041655
97.490867 0.043430
97.543133 0.052266
97.572441 0.029308
97.617054 0.044614
97.655767 0.038713
97.697443 0.041676
97.739115 0.041672
97.780768 0.041653
97.822438 0.041670
97.864105 0.041667
97.905779 0.041675
97.949601 0.043822
97.989301 0.039700
98.030769 0.041468
98.072445 0.041675
98.115109 0.042664
98.155779 0.040670
98.197435 0.041656
98.245213 0.047778
98.280773 0.035560
98.322438 0.041665
98.364105 0.041667
98.405776 0.041671
98.447435 0.041659
98.489104 0.041669
98.530769 0.041665
98.572443 0.041674
98.614102 0.041659
98.655771 0.041668
98.697437 0.041667
98.739105 0.041668
98.780774 0.041669
98.822434 0.041660
98.864104 0.041669
98.905774 0.041670
98.947437 0.041663
98.989062 0.041625
99.030774 0.041712
99.072437 0.041663
99.114106 0.041669
99.155768 0.041662
99.197435 0.041667
99.239057 0.041622
99.280770 0.041713
99.322438 0.041668
99.364103 0.041664
99.405768 0.041666
99.447440 0.041672
99.489057 0.041617
99.530777 0.041721
99.572436 0.041658
99.614105 0.041669
99.655775 0.041670
99.697440 0.041665
99.739103 0.041663
99.780772 0.041670
99.822440 0.041668
99.864106 0.041666
99.905769 0.041663
99.947438 0.041669
99.989108 0.041670
100.030773 0.041665
100.072436 0.041663
100.114104 0.041668
100.155775 0.041671
100.197905 0.042129
100.239106 0.041201
100.280771 0.041665
100.322441 0.041670
100.364105 0.041665
100.405773 0.041668
100.447437 0.041664
100.489108 0.041671
100.530774 0.041666
100.572444 0.041669
100.614105 0.041661
100.655772 0.041667
100.697442 0.041670
100.748358 0.050916
100.780778 0.032420
100.822439 0.041661
100.864108 0.041669
100.905770 0.041662
100.955733 0.049963
100.989110 0.033377
101.030775 0.041666
101.072439 0.041664
101.114110 0.041671
101.155778 0.041667
101.197441 0.041664
101.239061 0.041619
101.280772 0.041712
101.322439 0.041667
101.364111 0.041672
101.405772 0.041661
101.447442 0.041670
101.489111 0.041669
101.530774 0.041663
101.572439 0.041664
101.614108 0.041670
101.655774 0.041666
101.697444 0.041669
101.739105 0.041661
101.780779 0.041674
101.822444 0.041665
101.864110 0.041667
101.905772 0.041662
101.947394 0.041622
101.989111 0.041717
102.030775 0.041664
102.072439 0.041664
102.114103 0.041664
102.155773 0.041670
102.197441 0.041667
102.239109 0.041668
102.280769 0.041660
102.322437 0.041668
102.364104 0.041666
102.405770 0.041667
102.447438 0.041668
102.489107 0.041668
102.530770 0.041663
102.572440 0.041671
102.614103 0.041663
102.655774 0.041671
102.697438 0.041664
102.739102 0.041664
102.780773 0.041671
102.822436 0.041663
102.864107 0.041671
102.905771 0.041664
102.947438 0.041668
102.989103 0.041665
103.030775 0.041672
103.072436 0.041661
103.114109 0.041672
103.155772 0.041664
103.197439 0.041667
103.251076 0.053637
103.280783 0.029707
103.322438 0.041655
103.364106 0.041668
103.405773 0.041666
103.447444 0.041671
103.489053 0.041609
103.530772 0.041719
103.572438 0.041666
103.614106 0.041668
103.655770 0.041665
103.697439 0.041669
103.739104 0.041665
103.780772 0.041668
103.822441 0.041669
103.864102 0.041661
103.905775 0.041673
103.947435 0.041661
103.989108 0.041672
104.030773 0.041665
104.072446 0.041673
104.114102 0.041656
104.155771 0.041668
104.197436 0.041665
104.239105 0.041669
104.280772 0.041666
104.322438 0.041667
104.364103 0.041665
104.405775 0.041672
104.447437 0.041662
104.489108 0.041671
104.530768 0.041661
104.572440 0.041671
104.614103 0.041663
104.655773 0.041671
104.697441 0.041668
104.739107 0.041666
104.780769 0.041662
104.822441 0.041672
104.864056 0.041615
104.905770 0.041714
104.947443 0.041673
104.989104 0.041661
105.030774 0.041670
105.072436 0.041663
105.114109 0.041673
105.155769 0.041660
105.197444 0.041675
105.239103 0.041659
105.280770 0.041667
105.322436 0.041666
105.364109 0.041673
105.405769 0.041660
105.447437 0.041668
105.489053 0.041616
105.530773 0.041721
105.572436 0.041662
105.614110 0.041674
105.655770 0.041661
105.697441 0.041670
105.739109 0.041668
105.780779 0.041670
105.822442 0.041662
105.869527 0.047086
105.905771 0.036244
105.947440 0.041669
105.989108 0.041668
106.030776 0.041668
106.072435 0.041659
106.114109 0.041674
106.155774 0.041665
106.197439 0.041665
106.239055 0.041616
106.280774 0.041719
106.322445 0.041671
106.364104 0.041659
106.405769 0.041665
106.447437 0.041668
106.489103 0.041665
106.530770 0.041667
106.572440 0.041671
106.614108 0.041668
106.655775 0.041667
106.697437 0.041662
106.739055 0.041617
106.780777 0.041722
106.822443 0.041666
106.864058 0.041615
106.905771 0.041713
106.947441 0.041669
106.989113 0.041672
107.030783 0.041670
107.072444 0.041661
107.114107 0.041663
107.155773 0.041666
107.197386 0.041613
107.239054 0.041667
107.280772 0.041718
107.322441 0.041669
107.364102 0.041661
107.405770 0.041668
107.447438 0.041668
107.489104 0.041667
107.530768 0.041664
107.572441 0.041673
107.614103 0.041661
107.655774 0.041671
107.697436 0.041663
107.739060 0.041624
107.780772 0.041712
107.822444 0.041672
107.864106 0.041662
107.905771 0.041665
107.947436 0.041665
107.989105 0.041669
108.030772 0.041667
108.072439 0.041668
108.114103 0.041663
108.157407 0.043304
108.197436 0.040029
108.239108 0.041672
108.280772 0.041663
108.322443 0.041671
108.364106 0.041663
108.405773 0.041668
108.447438 0.041665
108.489534 0.042096
108.530770 0.041236
108.582944 0.052174
108.616568 0.033625
108.655773 0.039205
108.697444 0.041671
108.739105 0.041661
108.780772 0.041667
108.822437 0.041665
108.864107 0.041670
108.905769 0.041662
108.947440 0.041671
108.989104 0.041664
109.030773 0.041669
109.072444 0.041671
109.114110 0.041666
109.155770 0.041660
109.197439 0.041669
109.239109 0.041670
109.280771 0.041662
109.322440 0.041669
109.364108 0.041668
109.405775 0.041667
109.454304 0.048529
109.489102 0.034798
109.530776 0.041674
109.572444 0.041668
109.614106 0.041663
109.655774 0.041668
109.697446 0.041672
109.739108 0.041661
109.780775 0.041668
109.822439 0.041664
109.864107 0.041668
109.905778 0.041670
109.947443 0.041665
109.989107 0.041663
110.030777 0.041670
110.072441 0.041665
110.114105 0.041664
110.155770 0.041665
110.197439 0.041669
110.239104 0.041664
110.280769 0.041665
110.322439 0.041671
110.364103 0.041664
110.405768 0.041665
110.447439 0.041671
110.489102 0.041663
110.530770 0.041668
110.572436 0.041666
110.614054 0.041618
110.655770 0.041716
110.697387 0.041618
110.739105 0.041718
110.780769 0.041664
110.822444 0.041675
110.864113 0.041669
110.905770 0.041657
110.947438 0.041668
110.989106 0.041668
111.030769 0.041663
111.072437 0.041668
111.114109 0.041672
111.155772 0.041664
111.197438 0.041666
111.239106 0.041668
111.280781 0.041674
111.322440 0.041659
111.364113 0.041673
111.405778 0.041665
111.447443 0.041665
111.490437 0.042994
111.530779 0.040342
111.572443 0.041665
111.614107 0.041664
111.655773 0.041666
111.697443 0.041669
111.739109 0.041666
111.780771 0.041662
111.822438 0.041667
111.864107 0.041669
111.905768 0.041661
111.947442 0.041674
111.989104 0.041661
112.030778 0.041674
112.072439 0.041661
112.114108 0.041669
112.155769 0.041661
112.197443 0.041674
112.239103 0.041660
112.280772 0.041669
112.322437 0.041665
112.364109 0.041672
112.405769 0.041660
112.447441 0.041671
112.489102 0.041661
112.530775 0.041673
112.572436 0.041661
112.614108 0.041672
112.655771 0.041663
112.697443 0.041672
112.739103 0.041660
112.780774 0.041671
112.822438 0.041664
112.864109 0.041670
112.905773 0.041664
112.947441 0.041669
112.989102 0.041661
113.030774 0.041672
113.072444 0.041670
113.114102 0.041658
113.155772 0.041670
113.197439 0.041667
113.239110 0.041671
113.280777 0.041668
113.322438 0.041661
113.364062 0.041624
113.405778 0.041716
113.447440 0.041662
113.489115 0.041675
113.530774 0.041659
113.572438 0.041664
113.614062 0.041624
113.655770 0.041708
113.697443 0.041673
113.739058 0.041615
113.780768 0.041711
113.822444 0.041675
113.864107 0.041663
113.905772 0.041665
113.947444 0.041673
113.989109 0.041664
114.030768 0.041660
114.072445 0.041676
114.114103 0.041659
114.155774 0.041671
114.197436 0.041661
114.239107 0.041671
114.280770 0.041662
114.322439 0.041670
114.364103 0.041664
114.405772 0.041669
114.447436 0.041663
114.489104 0.041668
114.530769 0.041666
114.572443 0.041673
114.614103 0.041660
114.655773 0.041670
114.697437 0.041664
114.739108 0.041671
114.780769 0.041661
114.822400 0.041631
114.864105 0.041705
114.912678 0.048573
114.947443 0.034765
115.005299 0.057856
115.030771 0.025473
115.113037 0.082266
115.158551 0.045514
115.217149 0.058598
115.294101 0.076952
115.349482 0.055381
115.401057 0.051574
115.459398 0.058341
115.489055 0.029657
115.530770 0.041715
115.572437 0.041667
115.614112 0.041675
115.655773 0.041661
115.697436 0.041663
115.739107 0.041670
115.780772 0.041666
115.822441 0.041669
115.864109 0.041667
115.905772 0.041663
115.947442 0.041670
115.989107 0.041665
116.030771 0.041664
116.072440 0.041670
116.114103 0.041663
116.155774 0.041671
116.197388 0.041614
116.239101 0.041713
116.280777 0.041676
116.322437 0.041660
116.364110 0.041672
116.405771 0.041661
116.447393 0.041622
116.489110 0.041716
116.530773 0.041663
116.572440 0.041667
116.614104 0.041665
116.655775 0.041670
116.697440 0.041665
116.739106 0.041665
116.780773 0.041667
116.822445 0.041672
116.864107 0.041662
116.905770 0.041663
116.947440 0.041670
116.989106 0.041666
117.030768 0.041662
117.072441 0.041672
117.114108 0.041667
117.155773 0.041665
117.197386 0.041614
117.239106 0.041720
117.280772 0.041667
117.322440 0.041667
117.364102 0.041662
117.405771 0.041669
117.447441 0.041670
117.489054 0.041613
117.530769 0.041715
117.572436 0.041667
117.614057 0.041622
117.655768 0.041711
117.697439 0.041671
117.739105 0.041665
117.780770 0.041665
117.822436 0.041666
117.864103 0.041668
117.905776 0.041672
117.947436 0.041660
117.989108 0.041672
118.030769 0.041661
118.072438 0.041669
118.114106 0.041668
118.155769 0.041663
118.197436 0.041666
118.239110 0.041674
118.280773 0.041663
118.322435 0.041662
118.364102 0.041667
118.405775 0.041673
118.447444 0.041669
118.489104 0.041660
118.530773 0.041669
118.572441 0.041669
118.614110 0.041669
118.655774 0.041664
118.697439 0.041665
118.739105 0.041666
118.780774 0.041669
118.822438 0.041663
118.864111 0.041673
118.905779 0.041669
118.947440 0.041661
118.989105 0.041665
119.030777 0.041672
119.072444 0.041667
119.114105 0.041661
119.155771 0.041666
119.197395 0.041624
119.239112 0.041717
119.280770 0.041659
119.322436 0.041666
119.364107 0.041671
119.405772 0.041665
119.447436 0.041664
119.489103 0.041667
119.530774 0.041671
119.572437 0.041663
119.614105 0.041668
119.655774 0.041669
119.697443 0.041669
119.739110 0.041667
119.780771 0.041661
119.822437 0.041666
119.864111 0.041675
119.905776 0.041664
119.947441 0.041666
119.989053 0.041611
120.030775 0.041722
120.072441 0.041665
120.114105 0.041665
120.155769 0.041664
120.197439 0.041670
120.239104 0.041665
120.280772 0.041669
120.322444 0.041672
120.364104 0.041659
120.405774 0.041671
120.447438 0.041663
120.489111 0.041673
120.530780 0.041669
120.573044 0.042264
120.614105 0.041061
120.655777 0.041672
120.697442 0.041665
120.739107 0.041665
120.780769 0.041662
120.822438 0.041669
120.864108 0.041670
120.905770 0.041662
120.947438 0.041667
120.989107 0.041669
121.030779 0.041672
121.072445 0.041666
121.114105 0.041661
121.155773 0.041668
121.197443 0.041670
121.239106 0.041662
121.280778 0.041672
121.322436 0.041659
121.364110 0.041674
121.405774 0.041664
121.447436 0.041662
121.489107 0.041670
121.530774 0.041668
121.572443 0.041669
121.614105 0.041662
121.655769 0.041664
121.697443 0.041674
121.739105 0.041662
121.780774 0.041669
121.822396 0.041623
121.864107 0.041711
121.905774 0.041667
121.947440 0.041665
121.989111 0.041671
122.030778 0.041667
122.072437 0.041660
122.114109 0.041672
122.155779 0.041670
122.197394 0.041614
122.239102 0.041709
122.280776 0.041673
122.322435 0.041660
122.364107 0.041672
122.405779 0.041672
122.453033 0.047254
122.498150 0.045117
122.530774 0.032624
122.572438 0.041664
122.614107 0.041670
122.655779 0.041672
122.697440 0.041660
122.739053 0.041613
122.780775 0.041722
122.822437 0.041663
122.864107 0.041669
122.905780 0.041673
122.947438 0.041659
122.989118 0.041680
123.044822 0.055703
123.072439 0.027617
123.114102 0.041664
123.155773 0.041671
123.197441 0.041668
123.239111 0.041670
123.280774 0.041663
123.322443 0.041668
123.437058 0.114615
123.489102 0.052044
123.530768 0.041666
123.572438 0.041670
123.614105 0.041667
123.655771 0.041666
123.697438 0.041667
123.739120 0.041682
123.780777 0.041657
123.822438 0.041661
123.864107 0.041669
123.905773 0.041666
123.947447 0.041674
123.989111 0.041664
124.030768 0.041657
124.072442 0.041674
124.114104 0.041661
124.155775 0.041671
124.197436 0.041661
124.239114 0.041679
124.280775 0.041660
124.322440 0.041665
124.364102 0.041662
124.405778 0.041676
124.447441 0.041662
124.489052 0.041612
124.530769 0.041717
124.572441 0.041672
124.614061 0.041621
124.655771 0.041709
124.697440 0.041669
124.739105 0.041665
124.780777 0.041673
124.822444 0.041666
124.864102 0.041659
124.905775 0.041673
124.947444 0.041669
124.989106 0.041661
125.030769 0.041664
125.072441 0.041672
125.114108 0.041667
125.155768 0.041660
125.197434 0.041666
125.239106 0.041672
125.280770 0.041664
125.322444 0.041674
125.364059 0.041616
125.405774 0.041714
125.447440 0.041666
125.489111 0.041672
125.530769 0.041657
125.572440 0.041671
125.614104 0.041664
125.655773 0.041669
125.697439 0.041666
125.739054 0.041616
125.780771 0.041716
125.822438 0.041667
125.864105 0.041667
125.905770 0.041665
125.947440 0.041670
125.989108 0.041668
126.030773 0.041666
126.072443 0.041670
126.114052 0.041609
126.155769 0.041718
126.197440 0.041671
126.239107 0.041667
126.280776 0.041670
126.322441 0.041665
126.364105 0.041664
126.405778 0.041673
126.447438 0.041660
126.489108 0.041670
126.530772 0.041664
126.572437 0.041665
126.614104 0.041667
126.655770 0.041666
126.697436 0.041667
126.739104 0.041667
126.780769 0.041665
126.822440 0.041671
126.864168 0.041728
126.905769 0.041601
126.947438 0.041668
126.989109 0.041672
127.030770 0.041661
127.072442 0.041671
127.114104 0.041662
127.155771 0.041667
127.197441 0.041671
127.239055 0.041614
127.280778 0.041723
127.322442 0.041663
127.364103 0.041661
127.405773 0.041670
127.447450 0.041677
127.499513 0.052064
127.530777 0.031264
127.572435 0.041658
127.614106 0.041671
127.655771 0.041665
127.697438 0.041667
127.739108 0.041670
127.780777 0.041669
127.822442 0.041665
127.864104 0.041662
127.905771 0.041667
127.947441 0.041670
127.989058 0.041617
128.030769 0.041711
128.072444 0.041675
128.114110 0.041666
128.155774 0.041664
128.197436 0.041662
128.239103 0.041667
128.280770 0.041666
128.322396 0.041626
128.364057 0.041662
128.405772 0.041715
128.447440 0.041668
128.489064 0.041624
128.539500 0.050436
128.572443 0.032943
128.614055 0.041612
128.655776 0.041721
128.697438 0.041661
128.739104 0.041667
128.780769 0.041664
128.822438 0.041670
128.864103 0.041665
128.905771 0.041668
128.947439 0.041668
128.989059 0.041619
129.030772 0.041713
129.072441 0.041669
129.114104 0.041663
129.155773 0.041669
129.197440 0.041668
129.239109 0.041669
129.280777 0.041667
129.322436 0.041659
129.364103 0.041667
129.405769 0.041666
129.447438 0.041669
129.489057 0.041619
129.530772 0.041715
129.572435 0.041663
129.614102 0.041667
129.655768 0.041666
129.697436 0.041667
129.739102 0.041667
129.780772 0.041670
129.822435 0.041663
129.864102 0.041667
129.905768 0.041666
129.947439 0.041671
129.989056 0.041618
130.030768 0.041712
130.072444 0.041676
130.114110 0.041666
130.155769 0.041659
130.197441 0.041672
130.239102 0.041661
130.280777 0.041675
130.322440 0.041663
130.364052 0.041612
130.405774 0.041722
130.447435 0.041661
130.489058 0.041623
130.530769 0.041711
130.572444 0.041675
130.614110 0.041665
130.655769 0.041659
130.697390 0.041622
130.739105 0.041714
130.780774 0.041669
130.822436 0.041662
130.864103 0.041667
130.905772 0.041669
130.947437 0.041665
130.989108 0.041671
131.030773 0.041665
131.072436 0.041663
131.114107 0.041671
131.155771 0.041664
131.197442 0.041671
131.239106 0.041664
131.280782 0.041676
131.322446 0.041664
131.374083 0.051637
131.405781 0.031698
131.456316 0.050535
131.489110 0.032794
131.539495 0.050385
131.578010 0.038515
131.614102 0.036092
131.655778 0.041676
131.697436 0.041658
131.739108 0.041672
131.780771 0.041663
131.822435 0.041664
131.864053 0.041618
131.905775 0.041723
131.947444 0.041669
131.989110 0.041666
132.030768 0.041659
132.072435 0.041667
132.114104 0.041669
132.155772 0.041668
132.197438 0.041666
132.239107 0.041668
132.280774 0.041668
132.322443 0.041669
132.364109 0.041666
132.405769 0.041660
132.447436 0.041667
132.489104 0.041668
132.530769 0.041665
132.572435 0.041666
132.614102 0.041667
132.655768 0.041666
132.697436 0.041668
132.739105 0.041668
132.780773 0.041668
132.822440 0.041667
132.874566 0.052125
132.910946 0.036381
132.951617 0.040671
132.997835 0.046218
133.030739 0.032904
133.072439 0.041700
133.119004 0.046564
133.155772 0.036768
133.197439 0.041668
133.250779 0.053340
133.311366 0.060587
133.377048 0.065682
133.405772 0.028724
133.473014 0.067242
133.535495 0.062481
133.577428 0.041933
133.617206 0.039778
133.655780 0.038573
133.725023 0.069244
133.775117 0.050094
133.846720 0.071602
133.938057 0.091338
133.989067 0.051010
134.069031 0.079964
134.120006 0.050976
134.160934 0.040927
134.197441 0.036507
134.239111 0.041670
134.285051 0.045940
134.322438 0.037387
134.367251 0.044814
134.405771 0.038519
134.455403 0.049632
134.489105 0.033702
134.542837 0.053732
134.572436 0.029599
134.615243 0.042807
134.655771 0.040529
134.697439 0.041667
134.743577 0.046138
134.780775 0.037198
134.822438 0.041663
134.864105 0.041667
134.905772 0.041667
134.947440 0.041668
134.989112 0.041672
135.030773 0.041661
135.072439 0.041666
135.114104 0.041665
135.155771 0.041667
135.197437 0.041666
135.239053 0.041615
135.280773 0.041720
135.322444 0.041671
135.364102 0.041658
135.405769 0.041667
135.447436 0.041667
135.489055 0.041619
135.530769 0.041714
135.572440 0.041671
135.614105 0.041665
135.655777 0.041672
135.697437 0.041660
135.739110 0.041673
135.780773 0.041663
135.822438 0.041665
135.864058 0.041620
135.905774 0.041716
135.947442 0.041669
135.989105 0.041663
136.030772 0.041666
136.072438 0.041666
136.114104 0.041666
136.155771 0.041667
136.197439 0.041668
136.239106 0.041667
136.280780 0.041674
136.322385 0.041605
136.364108 0.041722
136.405769 0.041662
136.447435 0.041666
136.489060 0.041625
136.530769 0.041709
136.572438 0.041668
136.614053 0.041616
136.655768 0.041715
136.697440 0.041671
136.739106 0.041667
136.780768 0.041662
136.822436 0.041668
136.864108 0.041672
136.905772 0.041665
136.947437 0.041665
136.989110 0.041673
137.030778 0.041668
137.072437 0.041659
137.114102 0.041665
137.155777 0.041675
137.197441 0.041664
137.239104 0.041663
137.280768 0.041665
137.322441 0.041672
137.364105 0.041665
137.405769 0.041663
137.447436 0.041668
137.489055 0.041619
137.530774 0.041719
137.572435 0.041662
137.614107 0.041672
137.655768 0.041661
137.697437 0.041669
137.739102 0.041665
137.780778 0.041676
137.822395 0.041617
137.864102 0.041707
137.905773 0.041671
137.947439 0.041666
137.989055 0.041616
138.030773 0.041718
138.072437 0.041664
138.114056 0.041618
138.155771 0.041715
138.197435 0.041664
138.239107 0.041672
138.280774 0.041668
138.322435 0.041661
138.364107 0.041672
138.405769 0.041661
138.447441 0.041672
138.489054 0.041613
138.530773 0.041719
138.578032 0.047258
138.614055 0.036024
138.655771 0.041716
138.697437 0.041666
138.739103 0.041666
138.780770 0.041667
138.822437 0.041667
138.864113 0.041676
138.905777 0.041664
138.947435 0.041658
138.989054 0.041619
139.030769 0.041715
139.072443 0.041674
139.114058 0.041615
139.155774 0.041716
139.197439 0.041665
139.239107 0.041669
139.280769 0.041662
139.322441 0.041672
139.364105 0.041664
139.405779 0.041674
139.447438 0.041659
139.489058 0.041620
139.530775 0.041717
139.572438 0.041663
139.614053 0.041616
139.655778 0.041725
139.697439 0.041661
139.741943 0.044503
139.780771 0.038829
139.822446 0.041674
139.873170 0.050724
139.905774 0.032604
139.947439 0.041665
139.989063 0.041624
140.030771 0.041708
140.081413 0.050642
140.114107 0.032694
140.155769 0.041662
140.197388 0.041619
140.239105 0.041718
140.280777 0.041672
140.322436 0.041660
140.364106 0.041670
140.405772 0.041665
140.447441 0.041669
140.489056 0.041616
140.530778 0.041722
140.572438 0.041661
140.614058 0.041619
140.655742 0.041684
140.697443 0.041701
140.739108 0.041665
140.780776 0.041668
140.822440 0.041664
140.864104 0.041664
140.905769 0.041666
140.947442 0.041672
140.989113 0.041671
141.034329 0.045216
141.075315 0.040985
141.114113 0.038798
141.159583 0.045470
141.197441 0.037858
141.241042 0.043600
141.280775 0.039734
141.322445 0.041670
141.369898 0.047453
141.406362 0.036463
141.447395 0.041034
141.489111 0.041716
141.530770 0.041658
141.574226 0.043457
141.614106 0.039880
141.655778 0.041672
141.697436 0.041658
141.739103 0.041667
141.780776 0.041673
141.822445 0.041669
141.864117 0.041672
141.905774 0.041657
141.952099 0.046325
141.989109 0.037010
142.030772 0.041664
142.072441 0.041669
142.115752 0.043310
142.155777 0.040026
142.197440 0.041663
142.239105 0.041665
142.280777 0.041672
142.329447 0.048670
142.364106 0.034659
142.405774 0.041668
142.447436 0.041663
142.489112 0.041675
142.530777 0.041665
142.574898 0.044120
142.614111 0.039213
142.655776 0.041665
142.697437 0.041661
142.739107 0.041669
142.780779 0.041673
142.822438 0.041658
142.864108 0.041670
142.905775 0.041667
142.947443 0.041669
142.993024 0.045580
143.030771 0.037748
143.072441 0.041670
143.114107 0.041666
143.155771 0.041664
143.197440 0.041669
143.239107 0.041667
143.280779 0.041671
143.322436 0.041657
143.364102 0.041666
143.405773 0.041671
143.447444 0.041671
143.489103 0.041659
143.530780 0.041677
143.572437 0.041658
143.614105 0.041668
143.655774 0.041669
143.697438 0.041664
143.739106 0.041668
143.781665 0.042559
143.822435 0.040770
143.864110 0.041674
143.905727 0.041617
143.947450 0.041723
143.989105 0.041655
144.030778 0.041673
144.078507 0.047729
144.114114 0.035606
144.155782 0.041669
144.197441 0.041659
144.248454 0.051013
144.280776 0.032322
144.333259 0.052482
144.364107 0.030848
144.405770 0.041663
144.447446 0.041676
144.529059 0.081613
144.572439 0.043380
144.614112 0.041672
144.655779 0.041668
144.704709 0.048930
144.739857 0.035148
144.780778 0.040920
144.822438 0.041661
144.864102 0.041664
144.905776 0.041674
144.947443 0.041666
144.989102 0.041659
145.030772 0.041670
145.072441 0.041669
145.114103 0.041662
145.155773 0.041671
145.197437 0.041664
145.239105 0.041668
145.280775 0.041669
145.322437 0.041662
145.364109 0.041672
145.405769 0.041660
145.447441 0.041672
145.489108 0.041667
145.530774 0.041666
145.572439 0.041665
145.614106 0.041667
145.655777 0.041671
145.697436 0.041659
145.739106 0.041670
145.780770 0.041664
145.822439 0.041670
145.864102 0.041662
145.905775 0.041673
145.947435 0.041660
145.989111 0.041676
146.030769 0.041658
146.072443 0.041674
146.114105 0.041662
146.155772 0.041667
146.197435 0.041663
146.239106 0.041671
146.280769 0.041662
146.322440 0.041671
146.364105 0.041665
146.405774 0.041669
146.447450 0.041676
146.489108 0.041658
146.530772 0.041664
146.572439 0.041668
146.614113 0.041674
146.655770 0.041657
146.697437 0.041667
146.739107 0.041669
146.780770 0.041663
146.822440 0.041670
146.864106 0.041666
146.905773 0.041666
146.947437 0.041664
146.989053 0.041616
147.030771 0.041719
147.072436 0.041664
147.114109 0.041674
147.155769 0.041660
147.197440 0.041671
147.239102 0.041662
147.280770 0.041667
147.322435 0.041665
147.364104 0.041669
147.405769 0.041664
147.447443 0.041675
147.489102 0.041659
147.530773 0.041670
147.572438 0.041665
147.614112 0.041674
147.655769 0.041657
147.697442 0.041672
147.739053 0.041611
147.780771 0.041719
147.822436 0.041665
147.864107 0.041671
147.905770 0.041663
147.947441 0.041670
147.989105 0.041665
148.030770 0.041665
148.072439 0.041669
148.114058 0.041619
148.155771 0.041713
148.197437 0.041666
148.239110 0.041673
148.280773 0.041664
148.322440 0.041666
148.364113 0.041674
148.405771 0.041658
148.447439 0.041668
148.489103 0.041665
148.530774 0.041670
148.572437 0.041663
148.614110 0.041674
148.655770 0.041660
148.697447 0.041677
148.755724 0.058276
148.780777 0.025053
148.822436 0.041659
148.864108 0.041672
148.905772 0.041664
148.947443 0.041671
148.989103 0.041660
149.030775 0.041672
149.072439 0.041664
149.114105 0.041666
149.155772 0.041668
149.197439 0.041666
149.239105 0.041667
149.280773 0.041667
149.322436 0.041663
149.364103 0.041667
149.405769 0.041666
149.447440 0.041671
149.489103 0.041663
149.530773 0.041670
149.572438 0.041665
149.614103 0.041665
149.658153 0.044050
149.697387 0.039234
149.739106 0.041720
149.780770 0.041664
149.822445 0.041675
149.864107 0.041662
149.905773 0.041666
149.947441 0.041668
149.989103 0.041662
150.030775 0.041672
150.072444 0.041670
150.114105 0.041661
150.155777 0.041672
150.197440 0.041663
150.239112 0.041672
150.290394 0.051282
150.322439 0.032045
150.364105 0.041666
150.405773 0.041668
150.447439 0.041666
150.489107 0.041668
150.530769 0.041663
150.572445 0.041676
150.614105 0.041660
150.655775 0.041670
150.697440 0.041665
150.739111 0.041671
150.780770 0.041660
150.822439 0.041669
150.864108 0.041669
150.906002 0.041893
150.948217 0.042215
150.989058 0.040841
151.030772 0.041714
151.072448 0.041676
151.114106 0.041658
151.155774 0.041669
151.197447 0.041672
151.239108 0.041661
151.280778 0.041671
151.322436 0.041658
151.364108 0.041672
151.405778 0.041670
151.447439 0.041661
151.489108 0.041669
151.530774 0.041666
151.574236 0.043462
151.624833 0.050597
151.655769 0.030937
151.697453 0.041683
151.739108 0.041655
151.780771 0.041663
151.822440 0.041669
151.864102 0.041662
151.905779 0.041677
151.953525 0.047746
151.989113 0.035589
152.030774 0.041660
152.072450 0.041676
152.114064 0.041614
152.155769 0.041705
152.197441 0.041673
152.239107 0.041666
152.280774 0.041666
152.322440 0.041666
152.364113 0.041673
152.405778 0.041665
152.447448 0.041670
152.489108 0.041659
152.530768 0.041661
152.572445 0.041676
152.614107 0.041662
152.655775 0.041668
152.697437 0.041662
152.746563 0.049126
152.780771 0.034208
152.822440 0.041669
152.864108 0.041667
152.905774 0.041666
152.953323 0.047549
152.989107 0.035784
153.030781 0.041674
153.072445 0.041664
153.114111 0.041666
153.155775 0.041664
153.197435 0.041660
153.239102 0.041667
153.280774 0.041672
153.322436 0.041662
153.364102 0.041666
153.405774 0.041672
153.447439 0.041665
153.489060 0.041622
153.530776 0.041716
153.572436 0.041660
153.614053 0.041617
153.655772 0.041719
153.697440 0.041668
153.739106 0.041667
153.780771 0.041665
153.822437 0.041665
153.864104 0.041667
153.905773 0.041669
153.947437 0.041664
153.989102 0.041666
154.030774 0.041671
154.072440 0.041667
154.114108 0.041667
154.155776 0.041668
154.197439 0.041663
154.239109 0.041670
154.280775 0.041666
154.322439 0.041665
154.364105 0.041666
154.405774 0.041669
154.447438 0.041664
154.489111 0.041673
154.530769 0.041659
154.572439 0.041669
154.614109 0.041671
154.655769 0.041660
154.697437 0.041667
154.739060 0.041623
154.780771 0.041712
154.822438 0.041667
154.864106 0.041667
154.905772 0.041666
154.947438 0.041666
154.989105 0.041667
155.030773 0.041668
155.072444 0.041670
155.114106 0.041663
155.155772 0.041666
155.197438 0.041665
155.239105 0.041667
155.280772 0.041667
155.322437 0.041664
155.364110 0.041673
155.405772 0.041662
155.447444 0.041672
155.489111 0.041667
155.530769 0.041658
155.572437 0.041668
155.614059 0.041622
155.655773 0.041714
155.697437 0.041665
155.739104 0.041667
155.780772 0.041668
155.822440 0.041668
155.864105 0.041665
155.905772 0.041666
155.947441 0.041669
155.989103 0.041662
156.030769 0.041665
156.072389 0.041620
156.114104 0.041715
156.155773 0.041669
156.197440 0.041667
156.239108 0.041669
156.280773 0.041665
156.322437 0.041663
156.364105 0.041668
156.405771 0.041666
156.447440 0.041669
156.489105 0.041666
156.530774 0.041668
156.572440 0.041667
156.614108 0.041668
156.655773 0.041665
156.697436 0.041663
156.739106 0.041670
156.780773 0.041667
156.822438 0.041665
156.864110 0.041672
156.905773 0.041663
156.947438 0.041665
156.989111 0.041673
157.030772 0.041660
157.072440 0.041669
157.114109 0.041669
157.155774 0.041664
157.197441 0.041667
157.239108 0.041667
157.280772 0.041664
157.322439 0.041668
157.364105 0.041666
157.405774 0.041669
157.447441 0.041666
157.489106 0.041665
157.530777 0.041671
157.572443 0.041666
157.614106 0.041663
157.655780 0.041674
157.697443 0.041663
157.739102 0.041659
157.780776 0.041674
157.822447 0.041671
157.864103 0.041656
157.905770 0.041666
157.947439 0.041670
157.989103 0.041664
158.030775 0.041672
