0.014976 0.014976
0.063033 0.048057
0.104821 0.041788
0.146373 0.041552
0.188040 0.041667
0.229752 0.041712
0.271384 0.041633
0.313084 0.041700
0.354734 0.041650
0.396383 0.041649
0.438052 0.041669
0.479770 0.041718
0.521416 0.041646
0.563078 0.041662
0.604744 0.041666
0.646366 0.041622
0.688076 0.041709
0.729701 0.041626
0.771349 0.041648
0.813052 0.041703
0.854722 0.041670
0.896390 0.041668
0.938052 0.041662
0.979716 0.041664
1.021382 0.041667
1.063050 0.041667
1.104716 0.041666
1.146382 0.041666
1.188050 0.041668
1.229715 0.041665
1.271389 0.041674
1.313049 0.041660
1.354718 0.041669
1.396385 0.041667
1.438049 0.041664
1.479716 0.041667
1.521385 0.041669
1.563048 0.041664
1.604726 0.041678
1.646391 0.041665
1.688051 0.041660
1.729717 0.041666
1.771384 0.041667
1.813051 0.041667
1.854715 0.041665
1.896384 0.041668
1.938059 0.041675
1.979747 0.041688
2.021385 0.041637
2.063048 0.041664
2.104718 0.041670
2.146386 0.041668
2.188048 0.041662
2.229717 0.041669
2.271382 0.041665
2.313051 0.041668
2.354716 0.041665
2.396385 0.041670
2.438053 0.041668
2.479717 0.041664
2.521387 0.041670
2.563054 0.041667
2.604720 0.041665
2.646387 0.041667
2.688003 0.041616
2.729720 0.041718
2.771383 0.041663
2.813058 0.041674
2.854715 0.041657
2.896389 0.041674
2.938051 0.041663
2.979716 0.041665
3.021386 0.041669
3.063056 0.041670
3.104716 0.041660
3.146382 0.041666
3.188057 0.041675
3.229718 0.041662
3.271384 0.041665
3.313050 0.041666
3.354717 0.041667
3.396383 0.041666
3.438051 0.041668
3.479715 0.041664
3.521384 0.041669
3.563050 0.041666
3.604718 0.041667
3.646383 0.041665
3.688053 0.041670
3.729715 0.041662
3.771389 0.041674
3.813000 0.041611
3.854726 0.041726
3.896387 0.041662
3.938057 0.041669
3.979717 0.041660
4.021389 0.041672
4.063053 0.041665
4.104719 0.041666
4.146384 0.041665
4.188057 0.041673
4.229715 0.041658
4.271385 0.041670
4.313048 0.041663
4.354718 0.041670
4.396384 0.041666
4.438066 0.041682
4.479771 0.041705
4.521385 0.041614
4.563067 0.041682
4.604719 0.041652
4.646385 0.041666
4.711811 0.065426
4.784866 0.073055
4.845755 0.060889
4.879787 0.034032
4.938047 0.058261
4.979716 0.041669
5.021389 0.041672
5.097056 0.075668
5.146384 0.049327
5.188051 0.041668
5.229718 0.041666
5.271397 0.041680
5.411811 0.140413
5.440781 0.028970
5.479780 0.039000
5.521397 0.041617
5.575814 0.054417
5.614272 0.038458
5.646383 0.032111
5.688055 0.041672
5.729678 0.041623
5.771393 0.041715
5.839812 0.068419
5.873332 0.033521
5.897155 0.023823
5.938060 0.040904
6.067807 0.129748
6.104713 0.036905
6.146383 0.041670
6.188062 0.041678
6.299812 0.111750
6.354714 0.054903
6.396387 0.041672
6.438057 0.041671
6.479719 0.041661
6.591910 0.112191
6.644760 0.052850
6.688046 0.043287
6.729716 0.041670
6.771385 0.041669
6.813056 0.041671
6.854717 0.041661
6.896391 0.041675
6.989021 0.092630
7.078940 0.089918
7.111289 0.032349
7.146382 0.035093
7.188051 0.041669
7.237839 0.049789
7.281490 0.043651
7.313053 0.031563
7.354727 0.041674
7.396386 0.041659
7.443632 0.047246
7.479717 0.036085
7.521386 0.041669
7.563052 0.041666
7.604717 0.041665
7.646384 0.041667
7.688049 0.041665
7.729716 0.041666
7.771386 0.041670
7.813050 0.041664
7.854715 0.041665
7.896385 0.041669
7.938000 0.041615
7.979715 0.041716
8.021386 0.041670
8.063053 0.041667
8.104721 0.041669
8.146386 0.041664
8.188057 0.041671
8.229718 0.041661
8.271383 0.041665
8.313051 0.041668
8.354720 0.041668
8.396383 0.041663
8.438051 0.041668
8.479714 0.041663
8.521384 0.041670
8.563049 0.041665
8.604720 0.041671
8.646393 0.041673
8.688001 0.041608
8.729721 0.041720
8.771384 0.041663
8.813057 0.041673
8.854717 0.041661
8.896391 0.041673
8.938050 0.041659
8.979718 0.041668
9.021383 0.041665
9.063054 0.041670
9.104718 0.041664
9.146391 0.041673
9.188049 0.041658
9.229717 0.041668
9.271385 0.041667
9.313051 0.041666
9.354719 0.041668
9.396388 0.041669
9.438053 0.041665
9.479718 0.041665
9.521386 0.041667
9.563055 0.041670
9.604717 0.041662
9.646384 0.041667
9.688057 0.041673
9.729713 0.041655
9.771384 0.041672
9.813054 0.041669
9.854723 0.041670
9.896385 0.041661
9.938051 0.041666
9.979714 0.041663
10.021383 0.041669
10.063058 0.041675
10.113646 0.050589
10.146385 0.032739
10.191810 0.045425
10.237341 0.045532
10.276610 0.039268
10.313052 0.036442
10.354715 0.041663
10.396385 0.041669
10.447758 0.051373
10.480783 0.033026
10.521382 0.040598
10.563055 0.041673
10.610940 0.047885
10.646384 0.035444
10.688051 0.041668
10.745117 0.057066
10.776155 0.031037
10.818063 0.041908
10.854722 0.036659
10.897700 0.042979
10.938052 0.040352
10.979713 0.041661
11.021382 0.041669
11.063053 0.041670
11.104715 0.041662
11.146385 0.041670
11.188049 0.041664
11.229720 0.041671
11.271382 0.041662
11.313050 0.041668
11.354718 0.041668
11.397883 0.043165
11.438052 0.040169
11.479715 0.041663
11.521383 0.041668
11.563049 0.041666
11.604718 0.041669
11.646386 0.041668
11.688050 0.041663
11.729717 0.041668
11.771383 0.041665
11.813057 0.041675
11.854717 0.041659
11.896385 0.041668
11.938050 0.041665
11.979783 0.041733
12.021383 0.041600
12.063057 0.041675
12.104716 0.041659
12.146387 0.041671
12.188051 0.041664
12.229719 0.041668
12.271383 0.041664
12.313014 0.041631
12.354718 0.041704
12.396385 0.041667
12.438053 0.041668
12.479715 0.041662
12.521391 0.041676
12.563050 0.041660
12.604719 0.041669
12.660337 0.055618
12.705206 0.044869
12.729719 0.024513
12.771385 0.041665
12.813052 0.041667
12.854717 0.041665
12.896389 0.041672
12.948290 0.051901
12.979788 0.031498
13.021385 0.041597
13.063057 0.041672
13.104718 0.041661
13.153092 0.048373
13.188007 0.034915
13.229719 0.041713
13.290928 0.061209
13.313053 0.022125
13.363922 0.050868
13.396386 0.032465
13.438053 0.041666
13.491239 0.053187
13.521385 0.030146
13.563059 0.041674
13.604718 0.041659
13.646386 0.041668
13.688061 0.041675
13.731324 0.043262
13.771387 0.040063
13.813007 0.041620
13.977996 0.164988
14.031774 0.053779
14.090909 0.059134
14.111620 0.020712
14.146387 0.034766
14.188052 0.041665
14.234390 0.046338
14.275946 0.041556
14.313035 0.037089
14.354719 0.041684
14.396395 0.041676
14.438014 0.041619
14.479719 0.041705
14.521383 0.041664
14.563056 0.041673
14.604716 0.041660
14.646396 0.041679
14.688049 0.041653
14.729723 0.041675
14.771382 0.041659
14.813055 0.041673
14.854715 0.041660
14.896387 0.041672
14.938051 0.041664
14.979785 0.041734
15.021384 0.041600
15.063002 0.041618
15.104717 0.041714
15.146394 0.041678
15.188048 0.041654
15.229816 0.041767
15.271392 0.041576
15.313052 0.041661
15.354716 0.041664
15.396390 0.041674
15.438049 0.041659
15.479780 0.041731
15.521385 0.041605
15.563050 0.041666
15.604717 0.041667
15.646388 0.041671
15.688049 0.041662
15.729716 0.041667
15.771384 0.041668
15.813055 0.041670
15.854717 0.041662
15.896395 0.041678
15.938053 0.041658
15.979714 0.041661
16.021385 0.041671
16.063048 0.041663
16.104723 0.041675
16.146385 0.041662
16.188050 0.041665
16.229717 0.041667
16.271382 0.041665
16.313052 0.041670
16.354719 0.041668
16.396387 0.041668
16.438052 0.041665
16.479780 0.041728
16.521382 0.041602
16.563059 0.041677
16.604718 0.041659
16.646394 0.041676
16.688003 0.041609
16.729729 0.041726
16.771383 0.041655
16.813059 0.041675
16.854719 0.041660
16.896336 0.041617
16.938052 0.041717
16.981930 0.043878
17.021388 0.039458
17.063005 0.041617
17.104722 0.041717
17.146393 0.041671
17.188052 0.041659
17.229721 0.041669
17.271383 0.041662
17.313003 0.041620
17.354720 0.041717
17.396388 0.041668
17.438050 0.041662
17.479719 0.041669
17.521385 0.041666
17.563054 0.041669
17.604725 0.041670
17.646386 0.041661
17.688057 0.041672
17.729714 0.041657
17.771386 0.041672
17.813052 0.041667
17.854728 0.041676
17.896386 0.041658
17.938001 0.041615
17.979719 0.041719
18.021385 0.041665
18.063056 0.041671
18.104717 0.041662
18.146386 0.041669
18.188051 0.041664
18.229720 0.041669
18.271384 0.041664
18.313051 0.041666
18.354719 0.041668
18.396340 0.041621
18.438052 0.041713
18.479718 0.041666
18.521392 0.041674
18.563066 0.041674
18.604717 0.041652
18.646385 0.041668
18.688051 0.041665
18.729720 0.041670
18.771391 0.041671
18.813053 0.041662
18.854724 0.041670
18.898288 0.043565
18.938057 0.039769
18.979778 0.041721
19.021393 0.041615
19.063055 0.041662
19.104718 0.041663
19.146392 0.041674
19.188050 0.041658
19.229720 0.041670
19.271385 0.041665
19.313053 0.041667
19.354719 0.041667
19.396390 0.041670
19.438051 0.041661
19.480042 0.041991
19.521382 0.041340
19.563002 0.041621
19.604718 0.041716
19.646385 0.041666
19.688050 0.041666
19.729717 0.041667
19.771381 0.041664
19.813053 0.041672
19.854715 0.041662
19.896395 0.041680
19.938049 0.041654
19.979763 0.041713
20.024868 0.045105
20.063050 0.038182
20.104718 0.041668
20.146383 0.041665
20.187999 0.041616
20.229721 0.041722
20.271384 0.041663
20.313048 0.041665
20.354719 0.041670
20.396383 0.041665
20.438051 0.041668
20.479719 0.041668
20.521384 0.041665
20.563062 0.041677
20.604722 0.041661
20.683817 0.079094
20.779817 0.096001
20.863787 0.083970
20.947814 0.084027
21.055567 0.107753
21.147815 0.092248
21.231816 0.084001
21.320484 0.088668
21.427814 0.107330
21.479716 0.051902
21.521381 0.041666
21.563056 0.041674
21.604718 0.041662
21.646384 0.041666
21.688053 0.041669
21.729721 0.041668
21.771386 0.041665
21.813055 0.041669
21.854717 0.041661
21.896384 0.041668
21.938053 0.041668
21.979715 0.041662
22.021384 0.041670
22.063050 0.041666
22.104717 0.041667
22.146388 0.041671
22.188005 0.041617
22.229721 0.041715
22.271388 0.041667
22.313049 0.041661
22.354722 0.041673
22.396384 0.041662
22.438053 0.041669
22.479776 0.041723
22.521383 0.041607
22.563052 0.041669
22.604718 0.041666
22.646384 0.041666
22.688050 0.041665
22.729719 0.041669
22.771382 0.041663
22.813053 0.041670
22.854715 0.041663
22.896387 0.041672
22.938050 0.041662
22.979718 0.041668
23.021384 0.041666
23.063053 0.041669
23.104716 0.041663
23.146383 0.041667
23.188008 0.041626
23.229720 0.041712
23.271388 0.041668
23.313046 0.041658
23.354718 0.041672
23.396385 0.041666
23.438051 0.041667
23.479717 0.041666
23.521391 0.041673
23.563053 0.041662
23.604718 0.041666
23.653320 0.048601
23.688059 0.034739
23.729717 0.041658
23.771381 0.041664
23.813058 0.041677
23.854717 0.041660
23.896392 0.041675
23.938234 0.041842
23.981946 0.043712
24.021384 0.039438
24.063065 0.041681
24.104718 0.041653
24.146396 0.041678
24.188049 0.041653
24.229668 0.041619
24.275199 0.045530
24.313049 0.037851
24.355821 0.042771
24.396394 0.040573
24.438053 0.041659
24.495569 0.057516
24.521388 0.025818
24.563052 0.041664
24.620775 0.057723
24.646385 0.025610
24.688056 0.041671
24.729718 0.041663
24.771385 0.041667
24.813057 0.041671
24.854728 0.041671
24.896383 0.041655
24.938057 0.041674
24.979781 0.041724
25.021385 0.041603
25.072000 0.050615
25.104717 0.032717
25.146388 0.041671
25.188053 0.041665
25.229724 0.041671
25.271384 0.041660
25.313054 0.041670
25.354716 0.041662
25.396383 0.041667
25.438049 0.041666
25.479719 0.041670
25.521382 0.041664
25.563054 0.041672
25.604716 0.041662
25.646385 0.041670
25.688050 0.041665
25.729716 0.041666
25.771388 0.041672
25.813006 0.041618
25.854723 0.041718
25.896387 0.041663
25.938050 0.041663
25.979716 0.041666
26.021390 0.041675
26.063055 0.041665
26.104720 0.041664
26.146384 0.041665
26.188051 0.041667
26.229718 0.041667
26.271394 0.041676
26.313051 0.041657
26.354721 0.041670
26.396382 0.041661
26.438057 0.041675
26.479718 0.041662
26.521383 0.041665
26.563050 0.041667
26.604724 0.041674
26.646382 0.041659
26.688049 0.041667
26.729716 0.041666
26.771389 0.041674
26.813003 0.041614
26.854715 0.041712
26.896382 0.041667
26.938057 0.041675
26.979716 0.041659
27.021389 0.041673
27.063052 0.041662
27.104719 0.041667
27.146383 0.041665
27.188051 0.041668
27.229726 0.041674
27.271384 0.041658
27.313054 0.041670
27.354717 0.041664
27.396384 0.041667
27.438054 0.041670
27.479780 0.041726
27.521384 0.041604
27.563051 0.041666
27.604716 0.041666
27.646382 0.041666
27.688050 0.041668
27.729716 0.041666
27.771387 0.041671
27.813050 0.041663
27.854716 0.041666
27.896387 0.041671
27.937999 0.041612
27.979715 0.041716
28.021385 0.041670
28.063061 0.041676
28.104715 0.041654
28.146382 0.041667
28.188052 0.041670
28.229718 0.041666
28.271382 0.041664
28.313052 0.041670
28.354718 0.041666
28.396384 0.041667
28.438056 0.041671
28.479716 0.041660
28.521384 0.041668
28.562999 0.041615
28.604717 0.041718
28.646394 0.041678
28.688051 0.041657
28.729717 0.041666
28.771384 0.041668
28.813062 0.041677
28.854717 0.041656
28.896386 0.041669
28.938051 0.041665
28.979767 0.041716
29.021387 0.041620
29.063053 0.041666
29.104716 0.041663
29.146386 0.041670
29.188049 0.041663
29.229727 0.041678
29.271385 0.041658
29.313050 0.041666
29.354716 0.041665
29.396386 0.041670
29.438051 0.041666
29.479715 0.041663
29.521383 0.041668
29.563058 0.041675
29.604715 0.041658
29.646383 0.041667
29.688051 0.041668
29.729718 0.041667
29.771384 0.041666
29.813058 0.041674
29.854717 0.041659
29.896382 0.041665
29.938050 0.041667
29.979770 0.041720
30.021384 0.041614
30.063049 0.041665
30.104726 0.041677
30.146386 0.041659
30.188055 0.041670
30.229718 0.041663
30.271383 0.041665
30.313052 0.041669
30.354729 0.041677
30.396385 0.041656
30.438059 0.041673
30.479716 0.041658
30.521390 0.041674
30.563052 0.041662
30.604730 0.041678
30.646386 0.041656
30.688015 0.041629
30.738843 0.050828
30.771380 0.032537
30.813053 0.041673
30.861081 0.048028
30.896358 0.035277
30.938052 0.041694
30.979793 0.041741
31.021389 0.041596
31.063058 0.041668
31.104712 0.041654
31.146390 0.041678
31.188054 0.041665
31.229720 0.041666
31.271383 0.041663
31.313050 0.041667
31.354717 0.041668
31.396384 0.041666
31.438051 0.041667
31.479715 0.041664
31.521382 0.041667
31.563058 0.041676
31.604718 0.041660
31.646385 0.041668
31.688050 0.041665
31.729716 0.041665
31.771386 0.041670
31.813053 0.041668
31.854717 0.041664
31.896382 0.041665
31.938049 0.041667
31.979716 0.041667
32.021383 0.041667
32.063049 0.041666
32.104718 0.041668
32.146385 0.041667
32.188049 0.041664
32.229719 0.041670
32.271385 0.041666
32.313052 0.041667
32.354717 0.041665
32.396382 0.041665
32.438053 0.041671
32.479777 0.041724
32.521383 0.041606
32.563049 0.041666
32.604717 0.041668
32.646384 0.041667
32.688050 0.041666
32.729719 0.041668
32.771389 0.041671
32.813051 0.041662
32.854718 0.041667
32.896403 0.041685
32.938049 0.041646
32.979718 0.041669
33.021386 0.041668
33.063054 0.041667
33.104715 0.041661
33.146385 0.041670
33.188002 0.041616
33.229718 0.041717
33.271384 0.041666
33.313056 0.041672
33.354723 0.041667
33.396389 0.041665
33.438060 0.041672
33.479779 0.041719
33.521394 0.041616
33.563051 0.041656
33.604719 0.041668
33.646382 0.041663
33.688051 0.041669
33.729718 0.041667
33.771388 0.041670
33.813050 0.041662
33.854724 0.041674
33.896383 0.041659
33.938053 0.041670
33.979776 0.041722
34.021391 0.041615
34.062999 0.041608
34.104723 0.041724
34.146382 0.041659
34.188057 0.041675
34.229717 0.041661
34.271389 0.041672
34.313055 0.041666
34.354717 0.041662
34.396336 0.041618
34.438000 0.041665
34.479726 0.041725
34.521385 0.041659
34.563057 0.041673
34.604717 0.041659
34.646394 0.041678
34.688051 0.041656
34.729721 0.041670
34.771384 0.041663
34.813059 0.041675
34.854716 0.041657
34.896390 0.041674
34.938049 0.041659
34.984316 0.046267
35.021386 0.037070
35.063061 0.041675
35.104717 0.041656
35.146383 0.041667
35.188057 0.041674
35.229720 0.041663
35.271391 0.041671
35.313002 0.041611
35.363942 0.050940
35.396386 0.032444
35.438050 0.041664
35.479776 0.041726
35.532832 0.053055
35.565525 0.032693
35.604719 0.039194
35.646393 0.041674
35.692727 0.046334
35.729725 0.036998
35.771386 0.041661
35.813058 0.041672
35.854718 0.041661
35.896384 0.041666
35.938056 0.041672
35.979779 0.041723
36.021386 0.041607
36.063050 0.041664
36.104716 0.041666
36.146383 0.041667
36.198272 0.051889
36.241533 0.043262
36.271384 0.029851
36.313052 0.041668
36.354718 0.041665
36.396389 0.041671
36.438050 0.041661
36.479751 0.041701
36.521382 0.041631
36.563057 0.041675
36.604715 0.041658
36.646385 0.041670
36.688001 0.041616
36.729721 0.041720
36.771384 0.041663
36.813056 0.041671
36.854718 0.041662
36.899674 0.044957
36.938051 0.038377
36.979783 0.041732
37.021384 0.041601
37.063052 0.041667
37.104723 0.041671
37.146384 0.041662
37.188057 0.041672
37.229722 0.041665
37.271390 0.041669
37.313045 0.041654
37.354724 0.041679
37.396380 0.041656
37.438052 0.041672
37.479714 0.041662
37.521386 0.041672
37.563052 0.041666
37.604720 0.041668
37.646387 0.041666
37.688003 0.041617
37.729715 0.041712
37.771382 0.041667
37.813051 0.041669
37.854715 0.041664
37.896383 0.041668
37.937999 0.041616
37.979716 0.041717
38.021382 0.041666
38.063008 0.041626
38.104718 0.041710
38.146383 0.041665
38.188050 0.041667
38.229720 0.041670
38.271382 0.041662
38.313051 0.041668
38.354717 0.041666
38.396382 0.041665
38.438053 0.041671
38.479781 0.041727
38.521385 0.041604
38.563051 0.041666
38.604716 0.041665
38.646390 0.041673
38.688052 0.041662
38.729723 0.041671
38.771385 0.041662
38.813004 0.041619
38.854722 0.041718
38.896383 0.041661
38.938049 0.041667
38.979781 0.041732
39.021385 0.041604
39.063052 0.041667
39.104721 0.041669
39.146385 0.041665
39.188052 0.041667
39.229719 0.041667
39.271384 0.041664
39.313048 0.041665
39.354717 0.041668
39.396382 0.041666
39.438050 0.041668
39.479716 0.041666
39.521388 0.041672
39.563052 0.041664
39.604716 0.041664
39.646383 0.041667
39.688057 0.041675
39.729721 0.041663
39.771382 0.041662
39.813050 0.041668
39.854721 0.041671
39.896385 0.041664
39.938050 0.041665
39.979716 0.041666
40.021385 0.041669
40.063054 0.041668
40.104716 0.041662
40.146383 0.041668
40.188048 0.041665
40.229717 0.041669
40.271382 0.041665
40.313002 0.041619
40.354715 0.041713
40.396386 0.041671
40.438049 0.041664
40.479770 0.041720
40.521382 0.041612
40.563049 0.041668
40.604718 0.041669
40.646394 0.041676
40.688051 0.041657
40.729716 0.041665
40.771384 0.041668
40.813054 0.041670
40.854719 0.041665
40.900767 0.046048
40.938052 0.037286
40.979787 0.041735
41.021386 0.041599
41.071507 0.050121
41.104716 0.033209
41.146394 0.041678
41.188052 0.041658
41.229727 0.041676
41.271382 0.041655
41.313049 0.041667
41.354717 0.041668
41.396388 0.041670
41.438001 0.041613
41.479717 0.041716
41.521383 0.041666
41.563052 0.041669
41.604719 0.041668
41.646386 0.041666
41.688049 0.041663
41.729719 0.041670
41.771385 0.041667
41.813060 0.041675
41.854718 0.041657
41.896386 0.041668
41.938050 0.041664
41.979714 0.041664
42.021385 0.041671
42.063005 0.041620
42.104717 0.041712
42.146382 0.041665
42.188003 0.041621
42.229720 0.041717
42.271390 0.041670
42.313003 0.041613
42.354723 0.041720
42.396384 0.041661
42.438054 0.041670
42.479714 0.041660
42.521389 0.041675
42.563053 0.041664
42.604718 0.041665
42.646383 0.041665
42.688052 0.041669
42.729719 0.041667
42.771385 0.041666
42.813050 0.041665
42.854717 0.041668
42.896382 0.041665
42.938051 0.041669
42.979718 0.041667
43.021381 0.041663
43.063052 0.041671
43.104718 0.041665
43.146387 0.041669
43.188049 0.041662
43.229716 0.041667
43.271382 0.041666
43.313051 0.041669
43.354716 0.041665
43.396386 0.041670
43.438050 0.041665
43.479716 0.041666
43.521385 0.041669
43.563056 0.041671
43.604717 0.041661
43.646384 0.041666
43.688049 0.041666
43.729718 0.041669
43.771382 0.041664
43.813049 0.041667
43.854716 0.041666
43.896383 0.041667
43.938050 0.041668
43.979716 0.041665
44.021383 0.041667
44.063051 0.041668
44.104715 0.041664
44.146387 0.041671
44.188049 0.041662
44.229717 0.041668
44.271381 0.041664
44.313053 0.041672
44.354715 0.041662
44.396386 0.041671
44.438000 0.041614
44.479717 0.041717
44.521382 0.041665
44.563050 0.041667
44.604716 0.041666
44.646390 0.041674
44.688053 0.041663
44.729723 0.041670
44.771385 0.041662
44.813050 0.041665
44.854723 0.041673
44.896382 0.041659
44.938060 0.041677
44.979714 0.041654
45.021386 0.041672
45.063050 0.041664
45.104724 0.041674
45.146386 0.041662
45.188054 0.041668
45.229721 0.041668
45.271388 0.041666
45.313051 0.041664
45.354716 0.041664
45.396387 0.041671
45.438053 0.041666
45.479717 0.041663
45.521388 0.041671
45.567749 0.046361
45.604717 0.036968
45.646383 0.041666
45.688055 0.041672
45.729717 0.041661
45.771384 0.041667
45.813052 0.041668
45.855862 0.042811
45.896385 0.040522
45.940176 0.043791
45.979718 0.039542
46.021383 0.041665
46.063053 0.041670
46.104720 0.041666
46.146386 0.041666
46.188050 0.041664
46.229718 0.041668
46.271382 0.041664
46.313050 0.041668
46.354718 0.041668
46.396382 0.041664
46.438049 0.041667
46.479717 0.041667
46.521382 0.041666
46.563049 0.041667
46.604716 0.041667
46.646383 0.041667
46.691778 0.045395
46.729715 0.037937
46.776248 0.046533
46.813049 0.036801
46.854716 0.041667
46.896385 0.041669
46.957953 0.061567
46.979713 0.021761
47.023755 0.044041
47.063049 0.039294
47.104715 0.041666
47.146389 0.041674
47.188213 0.041823
47.229717 0.041504
47.271383 0.041666
47.313048 0.041666
47.369062 0.056014
47.396383 0.027320
47.438052 0.041669
47.479714 0.041662
47.521382 0.041668
47.563050 0.041668
47.604715 0.041665
47.646385 0.041670
47.688050 0.041665
47.729717 0.041667
47.771382 0.041665
47.813053 0.041671
47.854716 0.041663
47.899754 0.045038
47.938049 0.038295
47.983780 0.045731
48.021385 0.037605
48.067751 0.046366
48.104715 0.036964
48.151753 0.047038
48.188053 0.036300
48.229716 0.041662
48.271387 0.041671
48.313050 0.041663
48.354717 0.041667
48.396383 0.041665
48.438053 0.041670
48.479714 0.041662
48.521391 0.041677
48.563048 0.041657
48.604716 0.041668
48.646388 0.041672
48.688051 0.041663
48.734165 0.046113
48.771382 0.037217
48.813054 0.041672
48.854719 0.041664
48.896389 0.041671
48.938052 0.041663
48.983755 0.045703
49.021383 0.037628
49.067777 0.046394
49.104717 0.036940
49.146385 0.041667
49.188050 0.041666
49.229716 0.041666
49.271391 0.041674
49.315779 0.044389
49.354724 0.038945
49.399750 0.045026
49.438054 0.038304
49.482368 0.044314
49.521386 0.039018
49.563049 0.041663
49.604719 0.041670
49.651998 0.047279
49.688054 0.036056
49.735333 0.047278
49.771391 0.036058
49.815782 0.044392
49.854719 0.038937
49.899776 0.045057
49.938049 0.038273
49.979717 0.041667
50.021383 0.041666
50.065242 0.043859
50.104715 0.039473
50.146386 0.041671
50.188050 0.041663
50.229717 0.041667
50.271385 0.041668
50.313052 0.041667
50.354718 0.041667
50.396381 0.041662
50.438056 0.041675
50.479718 0.041662
50.521391 0.041673
50.567750 0.046360
50.604719 0.036968
50.653057 0.048338
50.688055 0.034998
50.735779 0.047725
50.771389 0.035610
50.815549 0.044160
50.854717 0.039167
50.899777 0.045060
50.938053 0.038276
50.979787 0.041734
51.021385 0.041597
51.063055 0.041670
51.104716 0.041661
51.146386 0.041670
51.188051 0.041665
51.229719 0.041668
51.271384 0.041665
51.315080 0.043697
51.354727 0.039646
51.396382 0.041655
51.438048 0.041666
51.479716 0.041668
51.521382 0.041666
51.563062 0.041680
51.604724 0.041662
51.646385 0.041661
51.688050 0.041664
51.731803 0.043753
51.773160 0.041357
51.813050 0.039891
51.854718 0.041668
51.896391 0.041673
51.938049 0.041658
51.979715 0.041666
52.021383 0.041668
52.063055 0.041672
52.104715 0.041661
52.146386 0.041670
52.188049 0.041663
52.229715 0.041666
52.271389 0.041674
52.315783 0.044394
52.354717 0.038934
52.396382 0.041666
52.438051 0.041668
52.484063 0.046012
52.521391 0.037328
52.569229 0.047838
52.604719 0.035489
52.646385 0.041666
52.688056 0.041671
52.729718 0.041662
52.771389 0.041671
52.813050 0.041661
52.854718 0.041668
52.896394 0.041676
52.938057 0.041662
52.979715 0.041658
53.021389 0.041675
53.067780 0.046391
53.104723 0.036943
53.146479 0.041756
53.188051 0.041572
53.229719 0.041668
53.271390 0.041671
53.316300 0.044910
53.354721 0.038421
53.399752 0.045031
53.438050 0.038299
53.479716 0.041666
53.521383 0.041667
53.569205 0.047821
53.604719 0.035515
53.653026 0.048307
53.688051 0.035025
53.747774 0.059723
53.771382 0.023608
53.813051 0.041669
53.854718 0.041667
53.899752 0.045034
53.938051 0.038299
53.983749 0.045699
54.021382 0.037633
54.063003 0.041621
54.104716 0.041713
54.146387 0.041671
54.188050 0.041663
54.229716 0.041666
54.271382 0.041665
54.316385 0.045003
54.354716 0.038331
54.396383 0.041668
54.438049 0.041665
54.479718 0.041669
54.521382 0.041664
54.567750 0.046369
54.604718 0.036968
54.646383 0.041665
54.687999 0.041616
54.729715 0.041716
54.771384 0.041669
54.813050 0.041665
54.854718 0.041669
54.896382 0.041664
54.938054 0.041671
54.979717 0.041664
55.021384 0.041666
55.063051 0.041668
55.104718 0.041667
55.151623 0.046905
55.188049 0.036426
55.245193 0.057144
55.271383 0.026190
55.313050 0.041668
55.354717 0.041667
55.399785 0.045068
55.438049 0.038263
55.483779 0.045730
55.521385 0.037606
55.563058 0.041673
55.606472 0.043414
55.646385 0.039913
55.688049 0.041665
55.729715 0.041666
55.771385 0.041669
55.813054 0.041669
55.854722 0.041669
55.899754 0.045031
55.938049 0.038295
55.983785 0.045735
56.021383 0.037599
56.063051 0.041667
56.104716 0.041665
56.146385 0.041669
56.188049 0.041665
56.229717 0.041668
56.271385 0.041668
56.313049 0.041664
56.354729 0.041679
56.398685 0.043956
56.438055 0.039370
56.479714 0.041660
56.521384 0.041669
56.567749 0.046366
56.604717 0.036967
56.663457 0.058740
56.688048 0.024591
56.729716 0.041668
56.771387 0.041671
56.813048 0.041661
56.868916 0.055868
56.896381 0.027465
56.938050 0.041668
56.979716 0.041666
57.021390 0.041674
57.067753 0.046363
57.104717 0.036963
57.146383 0.041666
57.188054 0.041671
57.229718 0.041664
57.271388 0.041670
57.313051 0.041663
57.359752 0.046701
57.396384 0.036632
57.443407 0.047023
57.479714 0.036307
57.521390 0.041676
57.567753 0.046363
57.604723 0.036971
57.646595 0.041871
57.688058 0.041463
57.732202 0.044144
57.771382 0.039180
57.813050 0.041668
57.854717 0.041666
57.897217 0.042500
57.938054 0.040837
57.981775 0.043720
58.021391 0.039616
58.064125 0.042734
58.104718 0.040593
58.151780 0.047062
58.188051 0.036272
58.247089 0.059037
58.271382 0.024294
58.313054 0.041672
58.354716 0.041662
58.396383 0.041667
58.438053 0.041670
58.479718 0.041665
58.521382 0.041664
58.563051 0.041669
58.604719 0.041668
58.650647 0.045928
58.688049 0.037402
58.732210 0.044161
58.771389 0.039180
58.813049 0.041659
58.859097 0.046048
58.896382 0.037286
58.938053 0.041671
58.979716 0.041663
59.021382 0.041666
59.067831 0.046449
59.104718 0.036887
59.151783 0.047066
59.188052 0.036268
59.235757 0.047705
59.271384 0.035627
59.313054 0.041670
59.354718 0.041663
59.396388 0.041671
59.438051 0.041663
59.479776 0.041725
59.521385 0.041608
59.563062 0.041677
59.604718 0.041656
59.646395 0.041677
59.688002 0.041607
59.729727 0.041725
59.771385 0.041658
59.813061 0.041677
59.854719 0.041657
59.896392 0.041673
59.938051 0.041659
59.979752 0.041700
60.021386 0.041634
60.072125 0.050740
60.104716 0.032591
60.146394 0.041678
60.188051 0.041658
60.229723 0.041671
60.271384 0.041661
60.313008 0.041624
60.354717 0.041709
60.396396 0.041679
60.438051 0.041655
60.479715 0.041664
60.521384 0.041669
60.563054 0.041670
60.604718 0.041665
60.646386 0.041667
60.688054 0.041669
60.739168 0.051114
60.774746 0.035578
60.813055 0.038309
60.854719 0.041664
60.896391 0.041672
60.937996 0.041605
60.979785 0.041788
61.021382 0.041597
61.068422 0.047040
61.110941 0.042519
61.146389 0.035449
61.188002 0.041612
61.229724 0.041722
61.271389 0.041664
61.314430 0.043041
61.355821 0.041391
61.396384 0.040563
61.438051 0.041667
61.479787 0.041736
61.521382 0.041594
61.563056 0.041674
61.604717 0.041661
61.646382 0.041665
61.688057 0.041675
61.729719 0.041662
61.771390 0.041671
61.813054 0.041664
61.854719 0.041665
61.896385 0.041666
61.938053 0.041668
61.979746 0.041694
62.021390 0.041644
62.063050 0.041660
62.104718 0.041668
62.146391 0.041673
62.188053 0.041662
62.229719 0.041666
62.271385 0.041667
62.313052 0.041667
62.354719 0.041667
62.396340 0.041621
62.438049 0.041709
62.479783 0.041734
62.521387 0.041604
62.563058 0.041671
62.604725 0.041666
62.646387 0.041663
62.735978 0.089590
62.771387 0.035409
62.875799 0.104412
62.951961 0.076161
62.979787 0.027827
63.076189 0.096402
63.211815 0.135626
63.271823 0.060007
63.313055 0.041232
63.354719 0.041665
63.431539 0.076819
63.479711 0.048173
63.521386 0.041674
63.563062 0.041676
63.604715 0.041654
63.646383 0.041667
63.687999 0.041616
63.729721 0.041722
63.771383 0.041662
63.813050 0.041668
63.854716 0.041666
63.896384 0.041668
63.938050 0.041665
63.979715 0.041666
64.021382 0.041667
64.063050 0.041668
64.104716 0.041666
64.146385 0.041669
64.188054 0.041669
64.229719 0.041665
64.271383 0.041664
64.313054 0.041671
64.354716 0.041662
64.396383 0.041668
64.438049 0.041666
64.479715 0.041666
64.521383 0.041667
64.563048 0.041666
64.604717 0.041669
64.646385 0.041668
64.688003 0.041617
64.729722 0.041720
64.771384 0.041662
64.816574 0.045189
64.854721 0.038147
64.896384 0.041663
64.938050 0.041666
64.979716 0.041666
65.021382 0.041666
65.063055 0.041672
65.104718 0.041663
65.146384 0.041667
65.188051 0.041667
65.229719 0.041667
65.271384 0.041666
65.313052 0.041667
65.354716 0.041665
65.396385 0.041669
65.438049 0.041664
65.479714 0.041665
65.521388 0.041674
65.563051 0.041663
65.604721 0.041670
65.646383 0.041661
65.688052 0.041669
65.729727 0.041676
65.771382 0.041655
65.813057 0.041675
65.854718 0.041662
65.896392 0.041673
65.938051 0.041660
65.979784 0.041733
66.021384 0.041600
66.063052 0.041668
66.104718 0.041666
66.146383 0.041665
66.188000 0.041617
66.229717 0.041717
66.271386 0.041669
66.313052 0.041666
66.354716 0.041664
66.396386 0.041670
66.437999 0.041613
66.479754 0.041755
66.521386 0.041632
66.563050 0.041665
66.604718 0.041668
66.646387 0.041668
66.688051 0.041664
66.729720 0.041669
66.771385 0.041666
66.813053 0.041667
66.854719 0.041666
66.896389 0.041670
66.938051 0.041662
66.979783 0.041732
67.021386 0.041602
67.063051 0.041665
67.104716 0.041665
67.146394 0.041678
67.188050 0.041656
67.229720 0.041670
67.271384 0.041664
67.313052 0.041668
67.354717 0.041664
67.396384 0.041667
67.438053 0.041669
67.479779 0.041726
67.521384 0.041605
67.563052 0.041667
67.604718 0.041667
67.646383 0.041665
67.688057 0.041674
67.729715 0.041659
67.771388 0.041672
67.813049 0.041661
67.854718 0.041669
67.896387 0.041670
67.938049 0.041662
67.979780 0.041730
68.021382 0.041602
68.063058 0.041676
68.104716 0.041658
68.146395 0.041679
68.188049 0.041654
68.229719 0.041670
68.271383 0.041664
68.313057 0.041674
68.354719 0.041662
68.396384 0.041665
68.438049 0.041665
68.479716 0.041667
68.521382 0.041666
68.563054 0.041671
68.604717 0.041664
68.646390 0.041673
68.688049 0.041659
68.729718 0.041668
68.771382 0.041664
68.813050 0.041668
68.854719 0.041668
68.896383 0.041664
68.938057 0.041674
68.979719 0.041662
69.021389 0.041670
69.063051 0.041663
69.104715 0.041664
69.146386 0.041671
69.188049 0.041663
69.229724 0.041675
69.271384 0.041660
69.313051 0.041668
69.354721 0.041670
69.396385 0.041664
69.438052 0.041667
69.479783 0.041732
69.521386 0.041602
69.563056 0.041671
69.604714 0.041658
69.646390 0.041676
69.688049 0.041658
69.729720 0.041671
69.771385 0.041665
69.813052 0.041666
69.854718 0.041666
69.896391 0.041673
69.938054 0.041663
69.979788 0.041734
70.021385 0.041597
70.063051 0.041666
70.104718 0.041667
70.146384 0.041666
70.188052 0.041668
70.229720 0.041667
70.271387 0.041667
70.313057 0.041670
70.354720 0.041662
70.396385 0.041665
70.438001 0.041616
70.479780 0.041778
70.521382 0.041603
70.563051 0.041668
70.604719 0.041668
70.646384 0.041665
70.688052 0.041668
70.729718 0.041666
70.771384 0.041667
70.813051 0.041667
70.854716 0.041664
70.896383 0.041667
70.937999 0.041616
70.979717 0.041718
71.021386 0.041669
71.063050 0.041665
71.104718 0.041668
71.146383 0.041664
71.188002 0.041619
71.229715 0.041714
71.271385 0.041669
71.313051 0.041666
71.354717 0.041666
71.396389 0.041671
71.438055 0.041667
71.479776 0.041721
71.521389 0.041613
71.563054 0.041665
71.604718 0.041664
71.646383 0.041665
71.688052 0.041668
71.729729 0.041677
71.771382 0.041653
71.813055 0.041673
71.854717 0.041662
71.896393 0.041676
71.938049 0.041656
71.979719 0.041670
72.021382 0.041663
72.063056 0.041673
72.104716 0.041660
72.146385 0.041669
72.188001 0.041616
72.229728 0.041727
72.271384 0.041655
72.313062 0.041678
72.354718 0.041657
72.396395 0.041677
72.438050 0.041655
72.479719 0.041669
72.521384 0.041665
72.563051 0.041667
72.604718 0.041667
72.646393 0.041675
72.688002 0.041609
72.729719 0.041717
72.771383 0.041665
72.813052 0.041669
72.854715 0.041663
72.896382 0.041667
72.937999 0.041616
72.979779 0.041780
73.021383 0.041604
73.063050 0.041667
73.104716 0.041665
73.146384 0.041668
73.188049 0.041665
73.229715 0.041666
73.271384 0.041669
73.313061 0.041677
73.354719 0.041658
73.396391 0.041672
73.437999 0.041608
73.479715 0.041716
73.521382 0.041667
73.563057 0.041675
73.604716 0.041659
73.646384 0.041669
73.688052 0.041667
73.729716 0.041665
73.771385 0.041669
73.813052 0.041667
73.854718 0.041666
73.896391 0.041673
73.938000 0.041609
73.979782 0.041782
74.021383 0.041601
74.063056 0.041673
74.104718 0.041661
74.146383 0.041665
74.188009 0.041626
74.229723 0.041714
74.271386 0.041663
74.313051 0.041666
74.354716 0.041664
74.396383 0.041668
74.438049 0.041666
74.479715 0.041666
74.521387 0.041672
74.563051 0.041665
74.604716 0.041664
74.646384 0.041668
74.688050 0.041666
74.729716 0.041666
74.771382 0.041666
74.813049 0.041667
74.854717 0.041668
74.896384 0.041667
74.938000 0.041615
74.979777 0.041778
75.021383 0.041606
75.063054 0.041671
75.104716 0.041663
75.146382 0.041666
75.188000 0.041617
75.229717 0.041717
75.271384 0.041667
75.313056 0.041672
75.354717 0.041661
75.396390 0.041673
75.438049 0.041659
75.479718 0.041669
75.521385 0.041667
75.563050 0.041666
75.604718 0.041667
75.646382 0.041665
75.688052 0.041670
75.729715 0.041662
75.771390 0.041675
75.813048 0.041658
75.854724 0.041676
75.896385 0.041661
75.938054 0.041669
75.979772 0.041718
76.021383 0.041610
76.063052 0.041669
76.104719 0.041667
76.146388 0.041669
76.188052 0.041664
76.229718 0.041667
76.271391 0.041672
76.313002 0.041611
76.354716 0.041714
76.396382 0.041666
76.438053 0.041671
76.479717 0.041665
76.521383 0.041666
76.563051 0.041668
76.604716 0.041665
76.646390 0.041674
76.688049 0.041660
76.729717 0.041668
76.771381 0.041664
76.813051 0.041670
76.854715 0.041664
76.898694 0.043979
76.938049 0.039355
76.979715 0.041666
77.021382 0.041667
77.063049 0.041667
77.104717 0.041668
77.151752 0.047035
77.187999 0.036247
77.229716 0.041717
77.271383 0.041667
77.313049 0.041666
77.354719 0.041670
77.396383 0.041664
77.438050 0.041667
77.479715 0.041666
77.521384 0.041669
77.563050 0.041666
77.604716 0.041666
77.646382 0.041666
77.688051 0.041668
77.729716 0.041666
77.771385 0.041668
77.813048 0.041664
77.854722 0.041674
77.896782 0.042060
77.938050 0.041268
77.980541 0.042491
78.021384 0.040843
78.064247 0.042863
78.104719 0.040471
78.148606 0.043887
78.188053 0.039447
78.233140 0.045087
78.271385 0.038244
78.315776 0.044392
78.354719 0.038942
78.399752 0.045033
78.438053 0.038301
78.488107 0.050054
78.521392 0.033286
78.572133 0.050741
78.604715 0.032582
78.646382 0.041668
78.688051 0.041669
78.729716 0.041665
78.771383 0.041666
78.813049 0.041666
78.859750 0.046701
78.896383 0.036634
78.938049 0.041666
78.987013 0.048964
79.021382 0.034369
79.063050 0.041668
79.104716 0.041665
79.151313 0.046597
79.188049 0.036736
79.232191 0.044142
79.271385 0.039194
79.313049 0.041664
79.359202 0.046153
79.396384 0.037181
79.438050 0.041666
79.479716 0.041666
79.521382 0.041666
79.564772 0.043390
79.604716 0.039944
79.663551 0.058834
79.688049 0.024499
79.729716 0.041667
79.771390 0.041674
79.815736 0.044345
79.854715 0.038980
79.896382 0.041667
79.938051 0.041669
79.979717 0.041666
80.021385 0.041668
80.063057 0.041672
80.104716 0.041659
80.146385 0.041669
80.188049 0.041664
80.229717 0.041668
80.271381 0.041664
80.313057 0.041676
80.354716 0.041659
80.396392 0.041676
80.438050 0.041658
80.479775 0.041724
80.521384 0.041609
80.563053 0.041669
80.604720 0.041667
80.646383 0.041663
80.688059 0.041676
80.729724 0.041665
80.771387 0.041663
80.835814 0.064427
80.896385 0.060571
80.938063 0.041677
81.057619 0.119556
81.109229 0.051610
81.146388 0.037159
81.188004 0.041616
81.229718 0.041715
81.271389 0.041670
81.313049 0.041660
81.360791 0.047743
81.396383 0.035592
81.438053 0.041670
81.479715 0.041662
81.521383 0.041668
81.563055 0.041672
81.604715 0.041660
81.646392 0.041677
81.688052 0.041660
81.729724 0.041672
81.771387 0.041662
81.813052 0.041665
81.863369 0.050316
81.898349 0.034980
81.938052 0.039703
81.979789 0.041738
82.021391 0.041602
82.063052 0.041660
82.104716 0.041665
82.146389 0.041673
82.202195 0.055805
82.237764 0.035569
82.283816 0.046052
82.355421 0.071605
82.398140 0.042719
82.438050 0.039910
82.486737 0.048687
82.521384 0.034647
82.563054 0.041670
82.604722 0.041668
82.646386 0.041664
82.688003 0.041617
82.729716 0.041713
82.771385 0.041669
82.818376 0.046991
82.854716 0.036340
82.896393 0.041677
82.938048 0.041655
82.979784 0.041735
83.021384 0.041600
83.063062 0.041679
83.104718 0.041656
83.146383 0.041665
83.188050 0.041667
83.229724 0.041673
83.271385 0.041661
83.313054 0.041669
83.354717 0.041663
83.396388 0.041671
83.438049 0.041662
83.479784 0.041734
83.521382 0.041599
83.563053 0.041671
83.604716 0.041663
83.646384 0.041669
83.688051 0.041667
83.729715 0.041664
83.771383 0.041668
83.813050 0.041668
83.854716 0.041666
83.896384 0.041667
83.938052 0.041668
83.979718 0.041667
84.021388 0.041670
84.063006 0.041618
84.104721 0.041715
84.146389 0.041668
84.188076 0.041686
84.229717 0.041642
84.271385 0.041667
84.313002 0.041617
84.354719 0.041718
84.396385 0.041665
84.438053 0.041668
84.479779 0.041726
84.521390 0.041611
84.563049 0.041659
84.604717 0.041668
84.646384 0.041667
84.688002 0.041619
84.729718 0.041716
84.771388 0.041670
84.813050 0.041661
84.854716 0.041666
84.896385 0.041669
84.938055 0.041670
84.979715 0.041660
85.021386 0.041671
85.063049 0.041663
85.104723 0.041674
85.146383 0.041659
85.188054 0.041671
85.229716 0.041662
85.271384 0.041668
85.313005 0.041621
85.354717 0.041711
85.396382 0.041666
85.438058 0.041676
85.479717 0.041659
85.521389 0.041671
85.563055 0.041666
85.607485 0.044430
85.646385 0.038900
85.688052 0.041667
85.729718 0.041666
85.771383 0.041666
85.813057 0.041674
85.854721 0.041664
85.896389 0.041669
85.938057 0.041668
85.979714 0.041658
86.021382 0.041668
86.063048 0.041666
86.104717 0.041669
86.146383 0.041665
86.188057 0.041674
86.229714 0.041657
86.271388 0.041673
86.313050 0.041663
86.354724 0.041674
86.396385 0.041661
86.438052 0.041667
86.479717 0.041665
86.521389 0.041671
86.563052 0.041663
86.604722 0.041670
86.646381 0.041658
86.688061 0.041680
86.729715 0.041654
86.771389 0.041674
86.813051 0.041662
86.854718 0.041667
86.896385 0.041666
86.938049 0.041664
86.979718 0.041669
87.021383 0.041665
87.063051 0.041668
87.104716 0.041664
87.146393 0.041677
87.187999 0.041606
87.229721 0.041721
87.271390 0.041670
87.313063 0.041673
87.391786 0.078723
87.438047 0.046260
87.479718 0.041671
87.521381 0.041663
87.563051 0.041670
87.604717 0.041666
87.646385 0.041668
87.688008 0.041623
87.729723 0.041715
87.771392 0.041669
87.813000 0.041607
87.854723 0.041723
87.896383 0.041660
87.938056 0.041673
87.979717 0.041661
88.021389 0.041671
88.063054 0.041666
88.104726 0.041672
88.146382 0.041656
88.188058 0.041676
88.229714 0.041656
88.271390 0.041676
88.313050 0.041660
88.354719 0.041669
88.396385 0.041666
88.438051 0.041666
88.479715 0.041664
88.521382 0.041668
88.563057 0.041675
88.604715 0.041658
88.646390 0.041675
88.688000 0.041610
88.729724 0.041724
88.771385 0.041661
88.813051 0.041667
88.854717 0.041666
88.896387 0.041670
88.938051 0.041665
88.979784 0.041732
89.021385 0.041601
89.063052 0.041667
89.104717 0.041665
89.146386 0.041669
89.188057 0.041672
89.229720 0.041663
89.271384 0.041664
89.313054 0.041671
89.354718 0.041663
89.396333 0.041615
89.438051 0.041718
89.479714 0.041664
89.521383 0.041669
89.562999 0.041616
89.604718 0.041719
89.646386 0.041667
89.688050 0.041664
89.729717 0.041667
89.771382 0.041666
89.813050 0.041667
89.854719 0.041669
89.896385 0.041666
89.938052 0.041668
89.979780 0.041727
90.021387 0.041607
90.063055 0.041668
90.104718 0.041663
90.146396 0.041678
90.188049 0.041653
90.229717 0.041668
90.271382 0.041665
90.313051 0.041669
90.354984 0.041933
90.396384 0.041399
90.438049 0.041666
90.479718 0.041668
90.521383 0.041665
90.563049 0.041667
90.604724 0.041675
90.646384 0.041660
90.688053 0.041669
90.729724 0.041671
90.771378 0.041654
90.813057 0.041679
90.854722 0.041664
90.896384 0.041662
90.938049 0.041665
90.979782 0.041733
91.021385 0.041603
91.063056 0.041671
91.104717 0.041661
91.146389 0.041672
91.188050 0.041661
91.229718 0.041668
91.271389 0.041671
91.313050 0.041660
91.354725 0.041675
91.396392 0.041668
91.438053 0.041660
91.479717 0.041664
91.521385 0.041668
91.563059 0.041674
91.606966 0.043906
91.646385 0.039419
91.688051 0.041666
91.729719 0.041667
91.771383 0.041664
91.813051 0.041668
91.854719 0.041668
91.896385 0.041666
91.938057 0.041672
91.979779 0.041722
92.021382 0.041603
92.063053 0.041671
92.104725 0.041672
92.146391 0.041666
92.188052 0.041660
92.229724 0.041672
92.271385 0.041662
92.313048 0.041663
92.354718 0.041670
92.396384 0.041666
92.438050 0.041665
92.479714 0.041665
92.521387 0.041673
92.563049 0.041661
92.604716 0.041668
92.646387 0.041671
92.688051 0.041664
92.729719 0.041668
92.771385 0.041666
92.813051 0.041666
92.854718 0.041667
92.896388 0.041670
92.938049 0.041662
92.979716 0.041666
93.021382 0.041666
93.063058 0.041676
93.104716 0.041659
93.146393 0.041676
93.188049 0.041657
93.229721 0.041672
93.271382 0.041661
93.313053 0.041671
93.354718 0.041665
93.396384 0.041666
93.438048 0.041665
93.479784 0.041736
93.521382 0.041598
93.563050 0.041668
93.604719 0.041669
93.646384 0.041665
93.688001 0.041617
93.729720 0.041719
93.771385 0.041665
93.813054 0.041669
93.854718 0.041664
93.896387 0.041669
93.938051 0.041664
93.979779 0.041728
94.021383 0.041604
94.063000 0.041617
94.104717 0.041717
94.146393 0.041676
94.188052 0.041660
94.229729 0.041677
94.271386 0.041657
94.313061 0.041675
94.354719 0.041657
94.396335 0.041617
94.438051 0.041715
94.479715 0.041665
94.521385 0.041670
94.563052 0.041667
94.604716 0.041664
94.646383 0.041667
94.688052 0.041669
94.729716 0.041664
94.771383 0.041667
94.813000 0.041617
94.854718 0.041718
94.896389 0.041671
94.938050 0.041661
94.979778 0.041728
95.021384 0.041605
95.063052 0.041668
95.104717 0.041666
95.146384 0.041667
95.188009 0.041625
95.229721 0.041712
95.271392 0.041670
95.313055 0.041664
95.354717 0.041662
95.396384 0.041667
95.438050 0.041665
95.479714 0.041664
95.521390 0.041676
95.563048 0.041658
95.604720 0.041672
95.646386 0.041666
95.688050 0.041664
95.729715 0.041665
95.771383 0.041668
95.813053 0.041670
95.854716 0.041662
95.896385 0.041670
95.938002 0.041617
95.979719 0.041717
96.021391 0.041672
96.063055 0.041664
96.104718 0.041663
96.146386 0.041668
96.188194 0.041808
96.234243 0.046049
96.274383 0.040140
96.313007 0.038624
96.354722 0.041714
96.396383 0.041662
96.438050 0.041667
96.479715 0.041665
96.521389 0.041674
96.563054 0.041665
96.604724 0.041670
96.646388 0.041664
96.688007 0.041620
96.729718 0.041711
96.771389 0.041671
96.813052 0.041663
96.854723 0.041671
96.896389 0.041666
96.938053 0.041664
96.979714 0.041662
97.021382 0.041668
97.063052 0.041670
97.104724 0.041672
97.146384 0.041660
97.188054 0.041670
97.229718 0.041665
97.271386 0.041667
97.313052 0.041666
97.354720 0.041668
97.396384 0.041664
97.438050 0.041666
97.479784 0.041734
97.521383 0.041599
97.563050 0.041667
97.604715 0.041665
97.646384 0.041669
97.688049 0.041666
97.729715 0.041666
97.771382 0.041667
97.813051 0.041669
97.854721 0.041670
97.896384 0.041663
97.938051 0.041667
97.979717 0.041666
98.021385 0.041668
98.063054 0.041669
98.104717 0.041663
98.146386 0.041668
98.188002 0.041617
98.229718 0.041716
98.271383 0.041665
98.313051 0.041668
98.354723 0.041671
98.396387 0.041664
98.438053 0.041666
98.479715 0.041661
98.521383 0.041668
98.563053 0.041671
98.604722 0.041669
98.646382 0.041661
98.688056 0.041673
98.729715 0.041659
98.771391 0.041676
98.813051 0.041660
98.854717 0.041667
98.896385 0.041667
98.938052 0.041667
98.979783 0.041732
99.021386 0.041602
99.063049 0.041663
99.104716 0.041668
99.146386 0.041670
99.188051 0.041665
99.229717 0.041665
99.271383 0.041667
99.313054 0.041671
99.354716 0.041662
99.396383 0.041667
99.438048 0.041665
99.479717 0.041669
99.521384 0.041666
99.563049 0.041665
99.604718 0.041669
99.646384 0.041666
99.688049 0.041665
99.729721 0.041672
99.771382 0.041661
99.813058 0.041675
99.854716 0.041658
99.896383 0.041667
99.938056 0.041673
99.979776 0.041720
100.021385 0.041609
100.067993 0.046608
100.106093 0.038100
100.146391 0.040298
100.188052 0.041660
100.229724 0.041672
100.271388 0.041664
100.313057 0.041669
100.354723 0.041665
100.396385 0.041662
100.438002 0.041617
100.479718 0.041716
100.521386 0.041668
100.563053 0.041667
100.604719 0.041666
100.646386 0.041667
100.688054 0.041669
100.729718 0.041664
100.771388 0.041670
100.813052 0.041664
100.854717 0.041665
100.896387 0.041670
100.938053 0.041666
100.979714 0.041662
101.021390 0.041676
101.063052 0.041662
101.104724 0.041672
101.146382 0.041659
101.188051 0.041668
101.229719 0.041668
101.271391 0.041672
101.313057 0.041666
101.354721 0.041664
101.396385 0.041664
101.438050 0.041665
101.479714 0.041664
101.521383 0.041669
101.563054 0.041671
101.604720 0.041666
101.646383 0.041664
101.688004 0.041621
101.729719 0.041715
101.771391 0.041672
101.813002 0.041611
101.854718 0.041716
101.896385 0.041667
101.938051 0.041666
101.979715 0.041664
102.021385 0.041670
102.063051 0.041667
102.104716 0.041665
102.146391 0.041675
102.188000 0.041609
102.229717 0.041717
102.271387 0.041669
102.313002 0.041616
102.354719 0.041717
102.396386 0.041666
102.438008 0.041622
102.479718 0.041710
102.521387 0.041669
102.563051 0.041665
102.604724 0.041673
102.646388 0.041663
102.688052 0.041664
102.729715 0.041663
102.771385 0.041670
102.813052 0.041667
102.854715 0.041663
102.896389 0.041673
102.938048 0.041660
102.979715 0.041667
103.021383 0.041668
103.063052 0.041669
103.104717 0.041665
103.146386 0.041669
103.188049 0.041663
103.229720 0.041671
103.271383 0.041662
103.313061 0.041679
103.354718 0.041657
103.396386 0.041668
103.438051 0.041665
103.479719 0.041668
103.521385 0.041666
103.563075 0.041690
103.604718 0.041643
103.646382 0.041665
103.688057 0.041674
103.735092 0.047035
103.771388 0.036296
103.813049 0.041661
103.854723 0.041674
103.896386 0.041662
103.938058 0.041672
103.983755 0.045697
104.021392 0.037637
104.067754 0.046362
104.104719 0.036965
104.151749 0.047031
104.188052 0.036302
104.229718 0.041667
104.271382 0.041664
104.313058 0.041675
104.354716 0.041659
104.396388 0.041671
104.438058 0.041671
104.479777 0.041718
104.521387 0.041610
104.582365 0.060978
104.646241 0.063876
104.688055 0.041814
104.791788 0.103733
104.859823 0.068035
104.943824 0.084001
105.029391 0.085567
105.112582 0.083191
105.187789 0.075207
105.267818 0.080029
105.351820 0.084002
105.415816 0.063996
105.438053 0.022237
105.479715 0.041662
105.521391 0.041676
105.563055 0.041664
105.604713 0.041657
105.656078 0.051366
105.688052 0.031974
105.729716 0.041664
105.771396 0.041679
105.812999 0.041604
105.854720 0.041720
105.896382 0.041663
105.938049 0.041667
105.979715 0.041666
106.021382 0.041667
106.063053 0.041672
106.104717 0.041664
106.146388 0.041671
106.188056 0.041669
106.229718 0.041661
106.271382 0.041665
106.313050 0.041668
106.354721 0.041671
106.396383 0.041661
106.438061 0.041678
106.479716 0.041655
106.521390 0.041673
106.563055 0.041666
106.604726 0.041671
106.657431 0.052704
106.688056 0.030625
106.729719 0.041663
106.803761 0.074043
106.863999 0.060238
106.938050 0.074051
106.979757 0.041707
107.021388 0.041631
107.070066 0.048679
107.121831 0.051764
107.146869 0.025038
107.198342 0.051473
107.230086 0.031744
107.271386 0.041300
107.313063 0.041677
107.354717 0.041654
107.396389 0.041672
107.438029 0.041640
107.479717 0.041688
107.521383 0.041665
107.563050 0.041667
107.604717 0.041667
107.646383 0.041666
107.688009 0.041626
107.729716 0.041708
107.771385 0.041668
107.813000 0.041615
107.854717 0.041717
107.896393 0.041675
107.938003 0.041610
107.979757 0.041754
108.021384 0.041627
108.063056 0.041672
108.104721 0.041665
108.151440 0.046719
108.188055 0.036616
108.229720 0.041664
108.271391 0.041671
108.313050 0.041659
108.354717 0.041667
108.396383 0.041666
108.438050 0.041667
108.479715 0.041665
108.521388 0.041673
108.563004 0.041616
108.604718 0.041714
108.646388 0.041670
108.688053 0.041665
108.729719 0.041666
108.771385 0.041666
108.813003 0.041618
108.854718 0.041715
108.896384 0.041666
108.938057 0.041673
108.979718 0.041661
109.021384 0.041666
109.063050 0.041666
109.104721 0.041671
109.146387 0.041666
109.188051 0.041664
109.229718 0.041668
109.271386 0.041667
109.313006 0.041621
109.354718 0.041711
109.396384 0.041666
109.438058 0.041674
109.479776 0.041719
109.521389 0.041612
109.563054 0.041665
109.604723 0.041669
109.646387 0.041664
109.688053 0.041666
109.729717 0.041664
109.771388 0.041671
109.813053 0.041665
109.854717 0.041664
109.896387 0.041671
109.938050 0.041662
109.979715 0.041665
110.021384 0.041669
110.063049 0.041665
110.104723 0.041674
110.146384 0.041661
110.188057 0.041673
110.229716 0.041660
110.271387 0.041670
110.313000 0.041614
110.354720 0.041720
110.396390 0.041670
110.438050 0.041660
110.479719 0.041669
110.521383 0.041664
110.563052 0.041668
110.604718 0.041666
110.646384 0.041666
110.688054 0.041670
110.729719 0.041666
110.771388 0.041669
110.813051 0.041662
110.854722 0.041671
110.896383 0.041661
110.938062 0.041680
110.979715 0.041652
111.021342 0.041627
111.063051 0.041709
111.104718 0.041668
111.146384 0.041665
111.188008 0.041625
111.229720 0.041712
111.271384 0.041664
111.313001 0.041617
111.354722 0.041721
111.396389 0.041667
111.438051 0.041663
111.479715 0.041664
111.521387 0.041672
111.563057 0.041670
111.604718 0.041661
111.646387 0.041669
111.688054 0.041667
111.729720 0.041667
111.771383 0.041663
111.813003 0.041620
111.854717 0.041714
111.896384 0.041667
111.938053 0.041669
111.979719 0.041666
112.021386 0.041668
112.063056 0.041670
112.104720 0.041663
112.146386 0.041666
112.188051 0.041665
112.229720 0.041668
112.271390 0.041670
112.313056 0.041667
112.354721 0.041664
112.396387 0.041666
112.438002 0.041615
112.479732 0.041730
112.521386 0.041654
112.563052 0.041666
112.604716 0.041665
112.646385 0.041669
112.688053 0.041668
112.729720 0.041667
112.771398 0.041678
112.813050 0.041652
112.854723 0.041673
112.896387 0.041664
112.938002 0.041615
112.979730 0.041728
113.021385 0.041656
113.063000 0.041615
113.104722 0.041721
113.146384 0.041662
113.188051 0.041668
113.229720 0.041668
113.271391 0.041671
113.313054 0.041663
113.354723 0.041669
113.396386 0.041663
113.438054 0.041667
113.479716 0.041662
113.521389 0.041673
113.563051 0.041663
113.604718 0.041667
113.646386 0.041667
113.688049 0.041664
113.729718 0.041669
113.771385 0.041666
113.813056 0.041671
113.854718 0.041663
113.896388 0.041670
113.938051 0.041663
113.979718 0.041667
114.021385 0.041667
114.063052 0.041667
114.104718 0.041667
114.146385 0.041667
114.188051 0.041666
114.229727 0.041676
114.271385 0.041658
114.313055 0.041670
114.354717 0.041662
114.396390 0.041673
114.438052 0.041662
114.479718 0.041666
114.521388 0.041670
114.563050 0.041662
114.604719 0.041669
114.646392 0.041673
114.688053 0.041660
114.729732 0.041679
114.771383 0.041651
114.822999 0.051616
114.854718 0.031719
114.896383 0.041665
114.938051 0.041668
114.979715 0.041664
115.021383 0.041668
115.063050 0.041667
115.104722 0.041672
115.146385 0.041663
115.188058 0.041672
115.229717 0.041659
115.271389 0.041672
115.313052 0.041664
115.354718 0.041666
115.396386 0.041667
115.438009 0.041624
115.479718 0.041709
115.521389 0.041671
115.563053 0.041664
115.604725 0.041671
115.646389 0.041664
115.688054 0.041665
115.729717 0.041663
115.771383 0.041666
115.813009 0.041626
115.854716 0.041707
115.896385 0.041669
115.938050 0.041665
115.979718 0.041668
116.021385 0.041667
116.063060 0.041675
116.104716 0.041656
116.146385 0.041669
116.188052 0.041667
116.229719 0.041667
116.271383 0.041664
116.313053 0.041670
116.354716 0.041663
116.396386 0.041670
116.438049 0.041663
116.479715 0.041666
116.521383 0.041668
116.563001 0.041618
116.604719 0.041718
116.646383 0.041664
116.688058 0.041674
116.729723 0.041666
116.771387 0.041663
116.813051 0.041664
116.854718 0.041667
116.896384 0.041666
116.938059 0.041675
116.979719 0.041660
117.021387 0.041668
117.063050 0.041663
117.104717 0.041667
117.146333 0.041617
117.188049 0.041716
117.229719 0.041670
117.271383 0.041664
117.313051 0.041668
117.354717 0.041666
117.396390 0.041672
117.438002 0.041613
117.479719 0.041716
117.521386 0.041667
117.563050 0.041664
117.604717 0.041667
117.646384 0.041667
117.688054 0.041669
117.729722 0.041669
117.771944 0.042221
117.813002 0.041059
117.854724 0.041722
117.896389 0.041665
117.938052 0.041663
117.979783 0.041731
118.021390 0.041607
118.063056 0.041666
118.104719 0.041663
118.146389 0.041670
118.188057 0.041668
118.229723 0.041666
118.271385 0.041663
118.313053 0.041667
118.354723 0.041671
118.396384 0.041660
118.438052 0.041669
118.479718 0.041666
118.521390 0.041672
118.563059 0.041669
118.604717 0.041658
118.646384 0.041666
118.688052 0.041669
118.729719 0.041667
118.771385 0.041666
118.813050 0.041666
118.854718 0.041668
118.896384 0.041666
118.938001 0.041617
118.979718 0.041717
119.021386 0.041668
119.063003 0.041617
119.104719 0.041715
119.146401 0.041682
119.188053 0.041652
119.229717 0.041664
119.271384 0.041667
119.313058 0.041674
119.354718 0.041660
119.396383 0.041665
119.438001 0.041617
119.479726 0.041725
119.521385 0.041659
119.563050 0.041665
119.604720 0.041670
119.646384 0.041665
119.688051 0.041667
119.729720 0.041669
119.771385 0.041665
119.813056 0.041671
119.854718 0.041662
119.896385 0.041667
119.938053 0.041668
119.979749 0.041696
120.031000 0.051250
120.063053 0.032053
120.104716 0.041664
120.146390 0.041674
120.188056 0.041666
120.229720 0.041664
120.271385 0.041666
120.313052 0.041667
120.354724 0.041672
120.396387 0.041663
120.438052 0.041665
120.479775 0.041723
120.521391 0.041616
120.563056 0.041665
120.604724 0.041668
120.646387 0.041663
120.688057 0.041670
120.729721 0.041664
120.771386 0.041665
120.813053 0.041666
120.854729 0.041676
120.956565 0.101836
120.981240 0.024674
121.021391 0.040152
121.063054 0.041662
121.104718 0.041664
121.146383 0.041666
121.188001 0.041618
121.229725 0.041724
121.271387 0.041661
121.316527 0.045141
121.354720 0.038193
121.399782 0.045062
121.438050 0.038267
121.487781 0.049731
121.521384 0.033604
121.563054 0.041669
121.604720 0.041666
121.650486 0.045767
121.688050 0.037564
121.729724 0.041673
121.771387 0.041663
121.813063 0.041676
121.854720 0.041657
121.899777 0.045057
121.938053 0.038276
121.985288 0.047235
122.021387 0.036099
122.066939 0.045552
122.104719 0.037780
122.152038 0.047319
122.188004 0.035966
122.229719 0.041715
122.271384 0.041665
122.313058 0.041675
122.354718 0.041659
122.399781 0.045064
122.438004 0.038222
122.479718 0.041715
122.521386 0.041667
122.567775 0.046390
122.604719 0.036944
122.651751 0.047032
122.688001 0.036250
122.735725 0.047724
122.771386 0.035661
122.813051 0.041665
122.858803 0.045752
122.896383 0.037580
122.938054 0.041671
122.979716 0.041661
123.021390 0.041674
123.067023 0.045633
123.104718 0.037695
123.146386 0.041669
123.188058 0.041672
123.235741 0.047683
123.271390 0.035649
123.315780 0.044390
123.354718 0.038938
123.399782 0.045063
123.438005 0.038224
123.483751 0.045745
123.521390 0.037639
123.567728 0.046338
123.604716 0.036989
123.649782 0.045065
123.688057 0.038276
123.734961 0.046903
123.771387 0.036426
123.815727 0.044340
123.854720 0.038993
123.896714 0.041994
123.938057 0.041343
123.983728 0.045670
124.021386 0.037659
124.063053 0.041666
124.104718 0.041665
124.146384 0.041666
124.188059 0.041675
124.235742 0.047683
124.271390 0.035648
124.315780 0.044390
124.354718 0.038937
124.396337 0.041619
124.443782 0.047445
124.479717 0.035935
124.521387 0.041670
124.567782 0.046395
124.604718 0.036936
124.649784 0.045066
124.688058 0.038274
124.734927 0.046869
124.771388 0.036461
124.815780 0.044392
124.854724 0.038945
124.899781 0.045057
124.938053 0.038272
124.979716 0.041663
125.021386 0.041670
125.067779 0.046392
125.104715 0.036937
125.146385 0.041670
125.188054 0.041669
125.229716 0.041663
125.271384 0.041668
125.313054 0.041670
125.354717 0.041663
125.396387 0.041669
125.438051 0.041664
125.479715 0.041665
125.521383 0.041667
125.567749 0.046366
125.604718 0.036969
125.646388 0.041670
125.688050 0.041662
125.729720 0.041670
125.771384 0.041664
125.813050 0.041666
125.854717 0.041666
125.896385 0.041668
125.938050 0.041665
125.979715 0.041664
126.021382 0.041667
126.063051 0.041669
126.104716 0.041665
126.146653 0.041937
126.188053 0.041400
126.231706 0.043653
126.275786 0.044080
126.313049 0.037263
126.354717 0.041668
126.396382 0.041665
126.438051 0.041668
126.479715 0.041665
126.521391 0.041675
126.567781 0.046391
126.604716 0.036935
126.646384 0.041668
126.688049 0.041665
126.729718 0.041669
126.771382 0.041663
126.815754 0.044372
126.854718 0.038964
126.899748 0.045031
126.938051 0.038302
126.983751 0.045700
127.021392 0.037641
127.068262 0.046870
127.107606 0.039345
127.146368 0.038761
127.188061 0.041693
127.243287 0.055227
127.335209 0.091922
127.403812 0.068603
127.438053 0.034241
127.535231 0.097178
127.621401 0.086170
127.685297 0.063897
127.731875 0.046578
127.771389 0.039514
127.846533 0.075144
127.923800 0.077267
127.979712 0.055912
128.021390 0.041678
128.074198 0.052808
128.104714 0.030516
128.146385 0.041672
128.188016 0.041630
128.229719 0.041704
128.271383 0.041664
128.313051 0.041668
128.354717 0.041666
128.396383 0.041665
128.438049 0.041667
128.479776 0.041726
128.521388 0.041613
128.563054 0.041666
128.604719 0.041664
128.646387 0.041668
128.688055 0.041668
128.729716 0.041661
128.771388 0.041671
128.813050 0.041662
128.854719 0.041669
128.896388 0.041669
128.938049 0.041661
128.979715 0.041665
129.021390 0.041675
129.063048 0.041659
129.104718 0.041670
129.146383 0.041665
129.188002 0.041619
129.229724 0.041721
129.271382 0.041658
129.313050 0.041668
129.354715 0.041665
129.396388 0.041673
129.438050 0.041661
129.479787 0.041737
129.521383 0.041596
129.563050 0.041668
129.604715 0.041665
129.646387 0.041672
129.688049 0.041662
129.741662 0.053613
129.771382 0.029720
129.813050 0.041668
129.854718 0.041668
129.896382 0.041664
129.938055 0.041673
129.979714 0.041659
130.021391 0.041677
130.063047 0.041656
130.104718 0.041671
130.146382 0.041664
130.188058 0.041676
130.229715 0.041658
130.271386 0.041670
130.313049 0.041663
130.354721 0.041672
130.396399 0.041677
130.438049 0.041651
130.479714 0.041665
130.521383 0.041668
130.563051 0.041669
130.604718 0.041666
130.646394 0.041677
130.688049 0.041655
130.729722 0.041672
130.771385 0.041663
130.813004 0.041619
130.854718 0.041714
130.896390 0.041672
130.938053 0.041663
130.979781 0.041728
131.021384 0.041602
131.063051 0.041668
131.104720 0.041669
131.146390 0.041669
131.188050 0.041661
131.229718 0.041668
131.271384 0.041665
131.313052 0.041668
131.354716 0.041665
131.396387 0.041671
131.438057 0.041670
131.479719 0.041661
131.521383 0.041664
131.563052 0.041669
131.604718 0.041666
131.646384 0.041666
131.688058 0.041674
131.729718 0.041660
131.771391 0.041672
131.813049 0.041659
131.854718 0.041669
131.896385 0.041667
131.938054 0.041668
131.979715 0.041661
132.021386 0.041671
132.063051 0.041665
132.104724 0.041673
132.146394 0.041669
132.188002 0.041608
132.229715 0.041714
132.271382 0.041666
132.313052 0.041670
132.354716 0.041665
132.396383 0.041666
132.438051 0.041669
132.479784 0.041732
132.521383 0.041599
132.563057 0.041674
132.604714 0.041658
132.646386 0.041672
132.688052 0.041665
132.729719 0.041668
132.771385 0.041665
132.813053 0.041669
132.854718 0.041665
132.896396 0.041677
132.938001 0.041606
132.979716 0.041714
133.021332 0.041616
133.063051 0.041719
133.104718 0.041667
133.146387 0.041668
133.188057 0.041670
133.229719 0.041662
133.271384 0.041665
133.313050 0.041666
133.354720 0.041670
133.396385 0.041665
133.438052 0.041667
133.479717 0.041665
133.521391 0.041674
133.563055 0.041664
133.604721 0.041666
133.646387 0.041666
133.688057 0.041669
133.729719 0.041662
133.771385 0.041666
133.813000 0.041615
133.854723 0.041723
133.896387 0.041665
133.938051 0.041663
133.979717 0.041666
134.021385 0.041668
134.063055 0.041670
134.104716 0.041661
134.146385 0.041669
134.188000 0.041615
134.229720 0.041720
134.271382 0.041661
134.313053 0.041671
134.354718 0.041665
134.396390 0.041673
134.438052 0.041661
134.479719 0.041667
134.521386 0.041667
134.563061 0.041675
134.604716 0.041654
134.646394 0.041678
134.688001 0.041608
134.729728 0.041727
134.771384 0.041656
134.813053 0.041668
134.854717 0.041664
134.896388 0.041671
134.938050 0.041662
134.979784 0.041735
135.021385 0.041601
135.063056 0.041671
135.104719 0.041662
135.148062 0.043344
135.188057 0.039994
135.229719 0.041663
135.271385 0.041666
135.313057 0.041672
135.354716 0.041659
135.396394 0.041678
135.438051 0.041657
135.479786 0.041735
135.521383 0.041597
135.563062 0.041679
135.604717 0.041655
135.646383 0.041666
135.688050 0.041667
135.729718 0.041668
135.771387 0.041669
135.813052 0.041665
135.854720 0.041669
135.896382 0.041661
135.938052 0.041671
135.979716 0.041663
136.021390 0.041674
136.063051 0.041661
136.104724 0.041672
136.146385 0.041661
136.188061 0.041676
136.229717 0.041656
136.271384 0.041667
136.313050 0.041665
136.354721 0.041671
136.396385 0.041664
136.438050 0.041664
136.479716 0.041667
136.521385 0.041669
136.563055 0.041670
136.604715 0.041660
136.646388 0.041673
136.688001 0.041613
136.729715 0.041715
136.771384 0.041669
136.813052 0.041668
136.854718 0.041666
136.896391 0.041673
136.938053 0.041662
136.979784 0.041731
137.021382 0.041598
137.063056 0.041674
137.104718 0.041662
137.146390 0.041672
137.188052 0.041663
137.229722 0.041670
137.271384 0.041662
137.313054 0.041670
137.354716 0.041662
137.396387 0.041671
137.438052 0.041665
137.479728 0.041676
137.521384 0.041657
137.563062 0.041678
137.604718 0.041655
137.646385 0.041668
137.688052 0.041666
137.729720 0.041668
137.771382 0.041662
137.813011 0.041628
137.854718 0.041708
137.896395 0.041677
137.938050 0.041655
137.979719 0.041670
138.021385 0.041666
138.063062 0.041677
138.104715 0.041653
138.146389 0.041673
138.188002 0.041614
138.229717 0.041715
138.271385 0.041667
138.313058 0.041673
138.354717 0.041659
138.396383 0.041666
138.438051 0.041668
138.479714 0.041663
138.521392 0.041678
138.563051 0.041659
138.604719 0.041668
138.646381 0.041662
138.688051 0.041670
138.729716 0.041665
138.774724 0.045008
138.813049 0.038325
138.854717 0.041668
138.896384 0.041667
138.938000 0.041615
138.979715 0.041715
139.021390 0.041674
139.063047 0.041657
139.104724 0.041677
139.146390 0.041666
139.188052 0.041663
139.229718 0.041665
139.271390 0.041672
139.313002 0.041612
139.354719 0.041717
139.396382 0.041663
139.438057 0.041675
139.479776 0.041719
139.521384 0.041608
139.563051 0.041668
139.604715 0.041664
139.646387 0.041671
139.688049 0.041663
139.729727 0.041677
139.773177 0.043450
139.813056 0.039880
139.854719 0.041663
139.896390 0.041670
139.938053 0.041664
139.979784 0.041731
140.021382 0.041598
140.063062 0.041679
140.104718 0.041656
140.146386 0.041668
140.188058 0.041672
140.229720 0.041663
140.271388 0.041667
140.313002 0.041615
140.354720 0.041718
140.396390 0.041669
140.438059 0.041669
140.479780 0.041721
140.521387 0.041607
140.563046 0.041659
140.604725 0.041679
140.646389 0.041664
140.688049 0.041660
140.729720 0.041671
140.771385 0.041665
140.813053 0.041668
140.854720 0.041667
140.896389 0.041669
140.938007 0.041618
140.979778 0.041771
141.021383 0.041605
141.063052 0.041668
141.104716 0.041664
141.146389 0.041674
141.188049 0.041660
141.229716 0.041667
141.271387 0.041671
141.313049 0.041662
141.354720 0.041671
141.396388 0.041668
141.438055 0.041666
141.479716 0.041661
141.521385 0.041669
141.563002 0.041617
141.604725 0.041723
141.646386 0.041661
141.688007 0.041620
141.729716 0.041709
141.771384 0.041668
141.813049 0.041665
141.854720 0.041671
141.896385 0.041665
141.938052 0.041667
141.979714 0.041662
142.021385 0.041671
142.063050 0.041665
142.104718 0.041669
142.146385 0.041667
142.188051 0.041666
142.229717 0.041666
142.271386 0.041668
142.313000 0.041614
142.354721 0.041721
142.396387 0.041666
142.438050 0.041663
142.479716 0.041666
142.521388 0.041671
142.563053 0.041665
142.604723 0.041670
142.646389 0.041666
142.688003 0.041614
142.729717 0.041714
142.771388 0.041671
142.813052 0.041664
142.854718 0.041665
142.896385 0.041667
142.938050 0.041666
142.983780 0.045730
143.021383 0.037603
143.063053 0.041670
143.104716 0.041663
143.146384 0.041668
143.188052 0.041668
143.232489 0.044437
143.271383 0.038894
143.313052 0.041670
143.354721 0.041669
143.396336 0.041615
143.438052 0.041715
143.479718 0.041666
143.521385 0.041667
143.563011 0.041626
143.604719 0.041707
143.646395 0.041676
143.688051 0.041656
143.729728 0.041678
143.771385 0.041656
143.813057 0.041672
143.854720 0.041663
143.896390 0.041670
143.938052 0.041662
143.980252 0.042200
144.021385 0.041134
144.063055 0.041670
144.104719 0.041664
144.146387 0.041668
144.188050 0.041663
144.229718 0.041668
144.271383 0.041665
144.313051 0.041668
144.354717 0.041666
144.396383 0.041666
144.438051 0.041667
144.479716 0.041665
144.521384 0.041668
144.563050 0.041666
144.604719 0.041669
144.651782 0.047062
144.688052 0.036270
144.729716 0.041664
144.776304 0.046588
144.813003 0.036699
144.874797 0.061795
144.896383 0.021585
144.938051 0.041668
144.979716 0.041665
145.021382 0.041666
145.067782 0.046401
145.104716 0.036933
145.148124 0.043408
145.188053 0.039929
145.229716 0.041663
145.271384 0.041668
145.313063 0.041679
145.354668 0.041605
145.396390 0.041722
145.438006 0.041616
145.479747 0.041741
145.521383 0.041636
145.563050 0.041667
145.604719 0.041669
145.646387 0.041668
145.688052 0.041665
145.729720 0.041668
145.771393 0.041673
145.813049 0.041656
145.854717 0.041668
145.896383 0.041666
145.938052 0.041669
145.979716 0.041664
146.021386 0.041670
146.063052 0.041666
146.104726 0.041674
146.146382 0.041656
146.188051 0.041670
146.229718 0.041666
146.271383 0.041666
146.313051 0.041667
146.354718 0.041667
146.396382 0.041665
146.438055 0.041673
146.479717 0.041662
146.521386 0.041669
146.563063 0.041677
146.604719 0.041656
146.646401 0.041682
146.699138 0.052738
146.729722 0.030583
146.835812 0.106091
146.888110 0.052297
146.953051 0.064941
147.019632 0.066581
147.073837 0.054204
147.195819 0.121983
147.229716 0.033897
147.279429 0.049712
147.363795 0.084367
147.459830 0.096035
147.521378 0.061548
147.563050 0.041672
147.604715 0.041665
147.646385 0.041669
147.688049 0.041664
147.729715 0.041667
147.771382 0.041666
147.813000 0.041618
147.854715 0.041715
147.896383 0.041668
147.938048 0.041665
147.979719 0.041671
148.021381 0.041662
148.063003 0.041621
148.104716 0.041713
148.146382 0.041667
148.188050 0.041668
148.229715 0.041665
148.271386 0.041670
148.313051 0.041666
148.354719 0.041668
148.396383 0.041664
148.438058 0.041675
148.479718 0.041660
148.521385 0.041667
148.563057 0.041672
148.604723 0.041665
148.649677 0.044954
148.741714 0.092037
148.827081 0.085367
148.907817 0.080736
148.972999 0.065182
149.037599 0.064600
149.125690 0.088092
149.201323 0.075633
149.240132 0.038809
149.271384 0.031253
149.313050 0.041666
149.354717 0.041666
149.396382 0.041665
149.438058 0.041676
149.479715 0.041657
149.521383 0.041668
149.563050 0.041667
149.604720 0.041671
149.646384 0.041664
149.688054 0.041669
149.729717 0.041664
149.771388 0.041670
149.813049 0.041661
149.854728 0.041679
149.896382 0.041654
149.938051 0.041669
149.979716 0.041665
150.021338 0.041622
150.063051 0.041714
150.104718 0.041666
150.146391 0.041673
150.188002 0.041611
150.229728 0.041727
150.271385 0.041657
150.313062 0.041677
150.354718 0.041656
150.406607 0.051890
150.440093 0.033485
150.479717 0.039624
150.521384 0.041667
150.563061 0.041678
150.604718 0.041657
150.646396 0.041678
150.688051 0.041655
150.729728 0.041677
150.771386 0.041658
150.813057 0.041672
150.854718 0.041660
150.896389 0.041671
150.938056 0.041667
150.980362 0.042306
151.021383 0.041022
151.063056 0.041673
151.104722 0.041665
151.146390 0.041668
151.188050 0.041660
151.232591 0.044542
151.271382 0.038790
151.313058 0.041677
151.354717 0.041658
151.396394 0.041677
151.444219 0.047826
151.479784 0.035564
151.521386 0.041603
151.576389 0.055003
151.604872 0.028482
151.646381 0.041509
151.688049 0.041669
151.729729 0.041680
151.778090 0.048361
151.813053 0.034963
151.854716 0.041663
151.896395 0.041679
151.938054 0.041659
151.996507 0.058453
152.026882 0.030375
152.063055 0.036173
152.104719 0.041665
152.154320 0.049600
152.188053 0.033733
152.229718 0.041665
152.271385 0.041667
152.313064 0.041679
152.354675 0.041611
152.396392 0.041718
152.438051 0.041659
152.479717 0.041665
152.521385 0.041669
152.563056 0.041671
152.604718 0.041661
152.646383 0.041665
152.688000 0.041617
152.729728 0.041728
152.771385 0.041657
152.813054 0.041669
152.854716 0.041663
152.896392 0.041676
152.938051 0.041659
152.979719 0.041668
153.021385 0.041666
153.063055 0.041670
153.104722 0.041667
153.146388 0.041666
153.188050 0.041661
153.229716 0.041666
153.271386 0.041671
153.313048 0.041662
153.354715 0.041666
153.396386 0.041672
153.438049 0.041662
153.479760 0.041711
153.521389 0.041629
153.563012 0.041623
153.604724 0.041712
153.646386 0.041662
153.688049 0.041663
153.729716 0.041667
153.771382 0.041666
153.813053 0.041671
153.858141 0.045088
153.896382 0.038241
153.938051 0.041669
153.979716 0.041664
154.021382 0.041666
154.063050 0.041668
154.104716 0.041666
154.146384 0.041668
154.188008 0.041624
154.229723 0.041716
154.271391 0.041668
154.313050 0.041659
154.354717 0.041667
154.396385 0.041668
154.438051 0.041666
154.479715 0.041665
154.521389 0.041674
154.563056 0.041667
154.604721 0.041665
154.646388 0.041667
154.688057 0.041668
154.729722 0.041665
154.771383 0.041662
154.813002 0.041619
154.854716 0.041714
154.896383 0.041667
154.938049 0.041666
154.979718 0.041669
155.021382 0.041664
155.063050 0.041667
155.104717 0.041667
155.146382 0.041665
155.188003 0.041621
155.229720 0.041717
155.271384 0.041664
155.313051 0.041667
155.354719 0.041668
155.396383 0.041664
155.438051 0.041668
155.479714 0.041663
155.521384 0.041670
155.563050 0.041666
155.604719 0.041669
155.646388 0.041669
155.688054 0.041666
155.729720 0.041667
155.771385 0.041665
155.813049 0.041664
155.854721 0.041672
155.896384 0.041664
155.938053 0.041669
155.979717 0.041664
156.021383 0.041666
156.063049 0.041667
156.104716 0.041666
156.146384 0.041669
156.188048 0.041664
156.229722 0.041673
156.271385 0.041663
156.313052 0.041668
156.354716 0.041663
156.396387 0.041672
156.438056 0.041669
156.479778 0.041722
156.521384 0.041606
156.563050 0.041666
156.604727 0.041677
156.646386 0.041659
156.688052 0.041667
156.729715 0.041662
156.771390 0.041675
156.813060 0.041671
156.854718 0.041658
156.896391 0.041673
156.938050 0.041659
156.979787 0.041737
157.021383 0.041596
157.063051 0.041669
157.104716 0.041664
157.146387 0.041671
157.188050 0.041663
157.229722 0.041672
157.271382 0.041660
157.313013 0.041631
157.354715 0.041702
157.396382 0.041667
157.438052 0.041670
157.479755 0.041703
157.521390 0.041635
157.563054 0.041664
157.604716 0.041662
157.646397 0.041681
157.688056 0.041659
157.729727 0.041672
157.771390 0.041662
157.813065 0.041675
157.854717 0.041653
157.896385 0.041667
157.938057 0.041672
157.979773 0.041716
158.021388 0.041615
