0.018413 0.018413
0.037837 0.019424
0.077363 0.039526
0.119004 0.041641
0.160686 0.041682
0.202367 0.041681
0.244022 0.041655
0.285688 0.041666
0.327353 0.041665
0.369034 0.041681
0.410708 0.041674
0.452355 0.041647
0.494020 0.041665
0.535722 0.041702
0.577346 0.041624
0.619045 0.041699
0.660738 0.041693
0.702356 0.041618
0.744066 0.041710
0.785734 0.041668
0.827355 0.041621
0.869062 0.041707
0.910730 0.041668
0.952399 0.041669
0.994064 0.041665
1.035731 0.041667
1.077407 0.041676
1.119011 0.041604
1.160674 0.041663
1.202408 0.041734
1.244063 0.041655
1.285730 0.041667
1.327397 0.041667
1.369011 0.041614
1.410730 0.041719
1.452397 0.041667
1.494064 0.041667
1.535688 0.041624
1.577397 0.041709
1.619015 0.041618
1.660731 0.041716
1.702398 0.041667
1.744062 0.041664
1.785676 0.041614
1.827447 0.041771
1.869066 0.041619
1.910685 0.041619
1.952398 0.041713
1.994008 0.041610
2.035732 0.041724
2.077397 0.041665
2.119061 0.041664
2.160734 0.041673
2.202396 0.041662
2.244063 0.041667
2.285688 0.041625
2.327400 0.041712
2.369064 0.041664
2.410731 0.041667
2.452398 0.041667
2.494062 0.041664
2.535727 0.041665
2.577396 0.041669
2.619013 0.041617
2.660718 0.041705
2.702346 0.041628
2.744063 0.041717
2.785731 0.041668
2.827385 0.041654
2.869063 0.041678
2.910822 0.041759
2.952354 0.041532
2.994019 0.041665
3.035685 0.041666
3.077461 0.041776
3.119067 0.041606
3.160687 0.041620
3.202351 0.041664
3.244018 0.041667
3.285724 0.041706
3.327405 0.041681
3.369022 0.041617
3.410683 0.041661
3.452390 0.041707
3.494055 0.041665
3.535729 0.041674
3.577386 0.041657
3.619064 0.041678
3.660735 0.041671
3.702399 0.041664
3.744062 0.041663
3.785735 0.041673
3.827397 0.041662
3.869067 0.041670
3.910727 0.041660
3.952398 0.041671
3.994061 0.041663
4.035733 0.041672
4.077401 0.041668
4.119065 0.041664
4.160698 0.041633
4.202448 0.041750
4.244064 0.041616
4.285739 0.041675
4.327398 0.041659
4.369064 0.041666
4.410689 0.041625
4.452400 0.041711
4.494064 0.041664
4.535685 0.041621
4.577359 0.041674
4.619022 0.041663
4.660699 0.041677
4.702355 0.041656
4.744038 0.041683
4.785729 0.041691
4.827349 0.041620
4.869034 0.041685
4.910669 0.041635
4.952388 0.041719
4.994035 0.041647
5.035694 0.041659
5.077370 0.041676
5.119057 0.041687
5.160692 0.041635
5.202352 0.041660
5.244075 0.041723
5.285687 0.041612
5.327357 0.041670
5.369038 0.041681
5.410689 0.041651
5.452373 0.041684
5.494091 0.041718
5.535692 0.041601
5.577357 0.041665
5.619035 0.041678
5.660724 0.041689
5.702388 0.041664
5.744024 0.041636
5.785705 0.041681
5.827390 0.041685
5.869057 0.041667
5.910720 0.041663
5.952376 0.041656
5.994033 0.041657
6.035709 0.041676
6.077354 0.041645
6.119024 0.041670
6.160686 0.041662
6.202368 0.041682
6.244024 0.041656
6.285683 0.041659
6.327358 0.041675
6.369025 0.041667
6.410707 0.041682
6.452354 0.041647
6.494035 0.041681
6.535684 0.041649
6.577356 0.041672
6.619024 0.041668
6.660723 0.041699
6.702401 0.041678
6.744057 0.041656
6.785732 0.041675
6.827387 0.041655
6.869071 0.041684
6.910685 0.041614
6.952394 0.041709
6.994057 0.041663
7.035686 0.041629
7.077390 0.041704
7.119062 0.041672
7.160731 0.041669
7.202394 0.041663
7.244058 0.041664
7.285730 0.041672
7.327407 0.041677
7.369077 0.041670
7.410725 0.041648
7.452407 0.041682
7.494073 0.041666
7.535737 0.041664
7.577409 0.041672
7.619058 0.041649
7.660693 0.041635
7.702394 0.041701
7.744062 0.041668
7.785724 0.041662
7.827371 0.041647
7.869026 0.041655
7.910679 0.041653
7.952352 0.041673
7.994036 0.041684
8.035693 0.041657
8.077368 0.041675
8.119063 0.041695
8.160694 0.041631
8.202361 0.041667
8.244058 0.041697
8.285685 0.041627
8.327366 0.041681
8.369037 0.041671
8.410696 0.041659
8.452366 0.041670
8.494058 0.041692
8.535696 0.041638
8.577390 0.041694
8.619026 0.041636
8.660704 0.041678
8.702361 0.041657
8.744061 0.041700
8.785725 0.041664
8.827359 0.041634
8.869027 0.041668
8.910729 0.041702
8.952355 0.041626
8.994034 0.041679
9.035739 0.041705
9.077365 0.041626
9.119073 0.041708
9.160728 0.041655
9.202407 0.041679
9.244060 0.041653
9.285731 0.041671
9.327401 0.041670
9.369030 0.041629
9.410729 0.041699
9.452389 0.041660
9.494042 0.041653
9.535730 0.041688
9.577392 0.041662
9.619072 0.041680
9.660712 0.041640
9.702393 0.041681
9.744061 0.041668
9.785735 0.041674
9.827406 0.041671
9.869064 0.041658
9.910732 0.041668
9.952359 0.041627
9.994044 0.041685
10.035739 0.041695
10.077383 0.041644
10.119071 0.041688
10.160732 0.041661
10.202390 0.041658
10.244062 0.041672
10.285723 0.041661
10.327377 0.041654
10.369059 0.041682
10.410738 0.041679
10.452399 0.041661
10.494057 0.041658
10.535724 0.041667
10.577389 0.041665
10.619073 0.041684
10.660733 0.041660
10.702377 0.041644
10.744058 0.041681
10.785718 0.041660
10.827389 0.041671
10.869065 0.041676
10.910695 0.041630
10.952357 0.041662
10.994057 0.041700
11.035729 0.041672
11.077392 0.041663
11.119065 0.041673
11.160714 0.041649
11.202359 0.041645
11.243998 0.041639
11.285740 0.041742
11.327393 0.041653
11.369068 0.041675
11.410683 0.041615
11.452393 0.041710
11.494057 0.041664
11.535732 0.041675
11.577389 0.041657
11.619073 0.041684
11.660713 0.041640
11.702389 0.041676
11.744072 0.041683
11.785733 0.041661
11.827390 0.041657
11.869073 0.041683
11.910729 0.041656
11.952389 0.041660
11.994061 0.041672
12.035739 0.041678
12.087395 0.051656
12.126987 0.039592
12.160737 0.033750
12.202393 0.041656
12.244062 0.041669
12.285732 0.041670
12.327401 0.041669
12.369073 0.041672
12.410724 0.041651
12.452399 0.041675
12.494046 0.041647
12.535735 0.041689
12.577389 0.041654
12.619082 0.041693
12.660740 0.041658
12.702358 0.041618
12.744022 0.041664
12.785697 0.041675
12.827341 0.041644
12.869079 0.041738
12.910694 0.041615
12.952329 0.041635
12.994071 0.041742
13.035731 0.041660
13.077393 0.041662
13.119057 0.041664
13.160712 0.041655
13.202399 0.041687
13.244102 0.041703
13.285752 0.041650
13.327394 0.041642
13.369072 0.041678
13.410668 0.041596
13.452400 0.041732
13.494060 0.041660
13.535738 0.041678
13.577394 0.041656
13.619061 0.041667
13.660734 0.041673
13.702405 0.041671
13.744041 0.041636
13.785734 0.041693
13.827392 0.041658
13.869050 0.041658
13.910723 0.041673
13.952392 0.041669
13.994059 0.041667
14.035712 0.041653
14.077392 0.041680
14.119061 0.041669
14.160731 0.041670
14.202357 0.041626
14.244074 0.041717
14.285752 0.041678
14.327405 0.041653
14.369020 0.041615
14.410690 0.041670
14.452392 0.041702
14.494056 0.041664
14.535712 0.041656
14.577353 0.041641
14.619060 0.041707
14.660734 0.041674
14.702365 0.041631
14.744057 0.041692
14.785730 0.041673
14.827392 0.041662
14.869073 0.041681
14.910735 0.041662
14.952405 0.041670
14.994056 0.041651
15.035727 0.041671
15.077388 0.041661
15.119040 0.041652
15.160728 0.041688
15.202342 0.041614
15.244059 0.041717
15.285688 0.041629
15.327406 0.041718
15.369070 0.041664
15.410740 0.041670
15.452407 0.041667
15.494073 0.041666
15.535735 0.041662
15.577359 0.041624
15.619074 0.041715
15.660688 0.041614
15.702406 0.041718
15.744019 0.041613
15.785688 0.041669
15.827355 0.041667
15.869022 0.041667
15.910687 0.041665
15.952364 0.041677
15.994025 0.041661
16.035689 0.041664
16.077358 0.041669
16.119061 0.041703
16.160740 0.041679
16.202399 0.041659
16.244064 0.041665
16.285734 0.041670
16.327392 0.041658
16.369072 0.041680
16.410732 0.041660
16.452392 0.041660
16.494056 0.041664
16.535737 0.041681
16.577406 0.041669
16.619056 0.041650
16.660738 0.041682
16.702405 0.041667
16.744071 0.041666
16.785687 0.041616
16.827404 0.041717
16.869072 0.041668
16.910738 0.041666
16.952392 0.041654
16.994061 0.041669
17.035734 0.041673
17.077405 0.041671
17.119034 0.041629
17.160733 0.041699
17.202367 0.041634
17.244027 0.041660
17.285696 0.041669
17.327388 0.041692
17.369072 0.041684
17.410714 0.041642
17.452338 0.041624
17.494056 0.041718
17.535722 0.041666
17.577387 0.041665
17.619070 0.041683
17.660718 0.041648
17.702387 0.041669
17.744056 0.041669
17.785691 0.041635
17.827405 0.041714
17.869057 0.041652
17.910686 0.041629
17.952378 0.041692
17.994056 0.041678
18.035737 0.041681
18.077387 0.041650
18.119070 0.041683
18.160725 0.041655
18.202404 0.041679
18.244056 0.041652
18.285732 0.041676
18.327388 0.041656
18.369070 0.041682
18.410737 0.041667
18.452390 0.041653
18.494059 0.041669
18.535713 0.041654
18.577391 0.041678
18.619056 0.041665
18.660737 0.041681
18.702387 0.041650
18.744056 0.041669
18.785727 0.041671
18.827377 0.041650
18.869060 0.041683
18.910722 0.041662
18.952388 0.041666
18.994056 0.041668
19.035734 0.041678
19.077405 0.041671
19.119056 0.041651
19.160714 0.041658
19.202357 0.041643
19.244057 0.041700
19.285730 0.041673
19.327387 0.041657
19.369075 0.041688
19.410714 0.041639
19.452392 0.041678
19.494056 0.041664
19.535730 0.041674
19.577405 0.041675
19.619045 0.041640
19.660738 0.041693
19.702354 0.041616
19.744056 0.041702
19.785686 0.041630
19.827388 0.041702
19.869072 0.041684
19.910738 0.041666
19.952357 0.041619
19.994057 0.041700
20.035715 0.041658
20.077360 0.041645
20.119056 0.041696
20.160728 0.041672
20.202367 0.041639
20.244059 0.041692
20.285714 0.041655
20.327369 0.041655
20.369067 0.041698
20.410723 0.041656
20.452392 0.041669
20.494056 0.041664
20.535729 0.041673
20.577388 0.041659
20.619057 0.041669
20.660730 0.041673
20.702394 0.041664
20.744073 0.041679
20.785738 0.041665
20.827388 0.041650
20.869061 0.041673
20.910724 0.041663
20.952402 0.041678
20.994034 0.041632
21.035730 0.041696
21.077388 0.041658
21.119057 0.041669
21.160730 0.041673
21.202388 0.041658
21.244071 0.041683
21.285727 0.041656
21.327388 0.041661
21.369072 0.041684
21.410738 0.041666
21.452405 0.041667
21.494059 0.041654
21.535730 0.041671
21.577387 0.041657
21.619057 0.041670
21.660738 0.041681
21.702368 0.041630
21.744057 0.041689
21.785730 0.041673
21.827408 0.041678
21.869034 0.041626
21.910717 0.041683
21.952405 0.041688
21.994056 0.041651
22.035733 0.041677
22.077388 0.041655
22.119071 0.041683
22.160715 0.041644
22.202388 0.041673
22.244017 0.041629
22.285723 0.041706
22.327405 0.041682
22.369061 0.041656
22.410723 0.041662
22.452392 0.041669
22.494056 0.041664
22.535740 0.041684
22.577404 0.041664
22.619071 0.041667
22.660711 0.041640
22.702404 0.041693
22.744056 0.041652
22.785730 0.041674
22.827387 0.041657
22.869073 0.041686
22.910720 0.041647
22.952388 0.041668
22.994056 0.041668
23.035716 0.041660
23.077404 0.041688
23.119071 0.041667
23.160731 0.041660
23.202407 0.041676
23.244056 0.041649
23.285731 0.041675
23.327392 0.041661
23.369057 0.041665
23.410690 0.041633
23.452406 0.041716
23.494073 0.041667
23.535716 0.041643
23.577405 0.041689
23.619058 0.041653
23.660693 0.041635
23.702407 0.041714
23.744073 0.041666
23.785732 0.041659
23.827368 0.041636
23.869085 0.041717
23.910691 0.041606
23.952363 0.041672
23.994075 0.041712
24.035698 0.041623
24.077390 0.041692
24.119072 0.041682
24.160686 0.041614
24.202350 0.041664
24.244058 0.041708
24.285733 0.041675
24.327389 0.041656
24.369069 0.041680
24.410695 0.041626
24.452386 0.041691
24.494058 0.041672
24.535717 0.041659
24.577406 0.041689
24.619057 0.041651
24.660733 0.041676
24.702375 0.041642
24.744073 0.041698
24.785696 0.041623
24.827406 0.041710
24.869030 0.041624
24.910742 0.041712
24.952398 0.041656
24.994054 0.041656
25.035739 0.041685
25.077389 0.041650
25.119073 0.041684
25.160728 0.041655
25.202388 0.041660
25.244073 0.041685
25.285711 0.041638
25.327375 0.041664
25.369074 0.041699
25.410718 0.041644
25.452410 0.041692
25.494058 0.041648
25.535735 0.041677
25.577391 0.041656
25.619061 0.041670
25.660725 0.041664
25.702407 0.041682
25.744072 0.041665
25.785699 0.041627
25.827359 0.041660
25.869064 0.041705
25.910716 0.041652
25.952410 0.041694
25.994060 0.041650
26.035739 0.041679
26.077391 0.041652
26.119069 0.041678
26.160677 0.041608
26.202380 0.041703
26.244058 0.041678
26.285735 0.041677
26.327361 0.041626
26.369059 0.041698
26.410732 0.041673
26.452389 0.041657
26.494059 0.041670
26.535725 0.041666
26.577408 0.041683
26.619063 0.041655
26.660708 0.041645
26.702397 0.041689
26.744058 0.041661
26.785733 0.041675
26.827357 0.041624
26.869027 0.041670
26.910733 0.041706
26.952389 0.041656
26.994062 0.041673
27.035697 0.041635
27.077360 0.041663
27.119026 0.041666
27.160718 0.041692
27.202369 0.041651
27.244027 0.041658
27.285749 0.041722
27.327355 0.041606
27.369065 0.041710
27.410706 0.041641
27.452344 0.041638
27.494056 0.041712
27.535723 0.041667
27.577398 0.041675
27.619066 0.041668
27.660707 0.041641
27.702351 0.041644
27.744060 0.041709
27.785723 0.041663
27.827387 0.041664
27.869070 0.041683
27.910737 0.041667
27.952388 0.041651
27.994056 0.041668
28.035723 0.041667
28.077385 0.041662
28.119070 0.041685
28.160724 0.041654
28.202387 0.041663
28.244056 0.041669
28.285737 0.041681
28.327387 0.041650
28.369071 0.041684
28.410732 0.041661
28.452388 0.041656
28.494071 0.041683
28.535723 0.041652
28.577409 0.041686
28.619025 0.041616
28.660711 0.041686
28.702398 0.041687
28.744057 0.041659
28.785737 0.041680
28.827388 0.041651
28.869072 0.041684
28.910727 0.041655
28.952378 0.041651
28.994071 0.041693
29.035737 0.041666
29.077388 0.041651
29.119061 0.041673
29.160739 0.041678
29.202404 0.041665
29.244057 0.041653
29.285738 0.041681
29.327381 0.041643
29.369070 0.041689
29.410690 0.041620
29.452368 0.041678
29.494057 0.041689
29.535727 0.041670
29.577389 0.041662
29.619073 0.041684
29.660723 0.041650
29.702356 0.041633
29.744017 0.041661
29.785693 0.041676
29.827370 0.041677
29.869028 0.041658
29.910696 0.041668
29.952351 0.041655
29.994033 0.041682
30.035724 0.041691
30.077388 0.041664
30.119071 0.041683
30.160734 0.041663
30.202367 0.041633
30.244038 0.041671
30.285734 0.041696
30.327369 0.041635
30.369074 0.041705
30.410734 0.041660
30.452407 0.041673
30.494073 0.041666
30.535713 0.041640
30.577408 0.041695
30.619057 0.041649
30.660712 0.041655
30.702406 0.041694
30.744057 0.041651
30.785739 0.041682
30.827388 0.041649
30.869074 0.041686
30.910671 0.041597
30.952380 0.041709
30.994086 0.041706
31.035732 0.041646
31.077405 0.041673
31.119059 0.041654
31.160735 0.041676
31.202407 0.041672
31.244058 0.041651
31.285740 0.041682
31.327383 0.041643
31.369059 0.041676
31.410714 0.041655
31.452407 0.041693
31.494044 0.041637
31.535743 0.041699
31.577408 0.041665
31.619057 0.041649
31.660740 0.041683
31.702405 0.041665
31.744058 0.041653
31.785740 0.041682
31.827377 0.041637
31.869077 0.041700
31.910713 0.041636
31.952400 0.041687
31.994058 0.041658
32.035743 0.041685
32.077408 0.041665
32.119061 0.041653
32.160728 0.041667
32.202407 0.041679
32.244055 0.041648
32.285737 0.041682
32.327400 0.041663
32.369066 0.041666
32.410731 0.041665
32.452391 0.041660
32.494058 0.041667
32.535736 0.041678
32.577406 0.041670
32.619056 0.041650
32.660721 0.041665
32.702418 0.041697
32.744064 0.041646
32.785740 0.041676
32.827388 0.041648
32.869062 0.041674
32.910739 0.041677
32.952398 0.041659
32.994026 0.041628
33.035725 0.041699
33.077390 0.041665
33.119071 0.041681
33.160739 0.041668
33.202407 0.041668
33.244069 0.041662
33.285725 0.041656
33.327412 0.041687
33.369026 0.041614
33.410722 0.041696
33.452388 0.041666
33.494073 0.041685
33.535686 0.041613
33.577393 0.041707
33.619057 0.041664
33.660665 0.041608
33.702397 0.041732
33.744058 0.041661
33.785725 0.041667
33.827388 0.041663
33.869059 0.041671
33.910736 0.041677
33.952406 0.041670
33.994058 0.041652
34.035724 0.041666
34.077357 0.041633
34.119072 0.041715
34.160736 0.041664
34.202406 0.041670
34.244046 0.041640
34.285743 0.041697
34.327398 0.041655
34.369066 0.041668
34.410723 0.041657
34.452388 0.041665
34.494060 0.041672
34.535724 0.041664
34.577403 0.041679
34.619059 0.041656
34.660714 0.041655
34.702409 0.041695
34.744046 0.041637
34.785699 0.041653
34.827368 0.041669
34.869020 0.041652
34.910693 0.041673
34.952360 0.041667
34.994027 0.041667
35.035702 0.041675
35.077356 0.041654
35.119068 0.041712
35.160728 0.041660
35.202388 0.041660
35.244079 0.041691
35.285741 0.041662
35.327388 0.041647
35.369058 0.041670
35.410676 0.041618
35.452395 0.041719
35.494056 0.041661
35.535725 0.041669
35.577387 0.041662
35.619070 0.041683
35.660724 0.041654
35.702395 0.041671
35.744071 0.041676
35.785729 0.041658
35.827391 0.041662
35.869057 0.041666
35.910723 0.041666
35.952374 0.041651
35.994057 0.041683
36.035737 0.041680
36.077400 0.041663
36.119056 0.041656
36.160729 0.041673
36.202405 0.041676
36.244056 0.041651
36.285730 0.041674
36.327402 0.041672
36.369071 0.041669
36.410737 0.041666
36.452374 0.041637
36.494070 0.041696
36.535736 0.041666
36.577384 0.041648
36.619071 0.041687
36.660727 0.041656
36.702388 0.041661
36.744059 0.041671
36.785723 0.041664
36.827391 0.041668
36.869058 0.041667
36.910735 0.041677
36.952398 0.041663
36.994070 0.041672
37.035713 0.041643
37.077389 0.041676
37.119071 0.041682
37.160724 0.041653
37.202387 0.041663
37.244057 0.041670
37.285735 0.041678
37.327402 0.041667
37.369051 0.041649
37.410737 0.041686
37.452390 0.041653
37.494056 0.041666
37.535714 0.041658
37.577369 0.041655
37.619057 0.041688
37.660736 0.041679
37.702402 0.041666
37.744057 0.041655
37.785714 0.041657
37.827388 0.041674
37.869057 0.041669
37.910737 0.041680
37.952390 0.041653
37.994057 0.041667
38.035723 0.041666
38.077387 0.041664
38.119065 0.041678
38.160723 0.041658
38.202391 0.041668
38.244057 0.041666
38.285727 0.041670
38.327391 0.041664
38.369070 0.041679
38.410738 0.041668
38.452388 0.041650
38.494070 0.041682
38.535724 0.041654
38.577404 0.041680
38.619042 0.041638
38.660724 0.041682
38.702405 0.041681
38.744057 0.041652
38.785736 0.041679
38.827388 0.041652
38.869057 0.041669
38.910738 0.041681
38.952380 0.041642
38.994057 0.041677
39.035731 0.041674
39.077398 0.041667
39.119058 0.041660
39.160716 0.041658
39.202389 0.041673
39.244057 0.041668
39.285732 0.041675
39.327389 0.041657
39.369063 0.041674
39.410725 0.041662
39.452389 0.041664
39.494061 0.041672
39.535688 0.041627
39.577400 0.041712
39.619076 0.041676
39.660697 0.041621
39.702389 0.041692
39.744058 0.041669
39.785739 0.041681
39.827367 0.041628
39.869042 0.041675
39.910701 0.041659
39.952364 0.041663
39.994073 0.041709
40.035714 0.041641
40.077407 0.041693
40.119071 0.041664
40.160742 0.041671
40.202389 0.041647
40.244061 0.041672
40.285725 0.041664
40.327404 0.041679
40.369067 0.041663
40.410716 0.041649
40.452386 0.041670
40.494072 0.041686
40.535740 0.041668
40.577389 0.041649
40.619053 0.041664
40.660716 0.041663
40.702379 0.041663
40.744075 0.041696
40.785716 0.041641
40.827379 0.041663
40.869059 0.041680
40.910740 0.041681
40.952399 0.041659
40.994062 0.041663
41.035724 0.041662
41.077390 0.041666
41.119061 0.041671
41.160735 0.041674
41.202389 0.041654
41.244057 0.041668
41.285716 0.041659
41.327404 0.041688
41.369044 0.041640
41.410725 0.041681
41.452389 0.041664
41.494044 0.041655
41.535739 0.041695
41.577400 0.041661
41.619073 0.041673
41.660716 0.041643
41.702389 0.041673
41.744057 0.041668
41.785716 0.041659
41.827388 0.041672
41.869059 0.041671
41.910740 0.041681
41.952403 0.041663
41.994058 0.041655
42.035723 0.041665
42.077389 0.041666
42.119071 0.041682
42.160738 0.041667
42.202387 0.041649
42.244058 0.041671
42.285725 0.041667
42.327402 0.041677
42.369074 0.041672
42.410694 0.041620
42.452403 0.041709
42.494058 0.041655
42.535714 0.041656
42.577405 0.041691
42.619072 0.041667
42.660695 0.041623
42.702359 0.041664
42.744030 0.041671
42.785687 0.041657
42.827358 0.041671
42.869089 0.041731
42.910669 0.041580
42.952365 0.041696
42.994068 0.041703
43.035736 0.041668
43.077403 0.041667
43.119056 0.041653
43.160733 0.041677
43.202361 0.041628
43.244074 0.041713
43.285732 0.041658
43.327402 0.041670
43.369071 0.041669
43.410715 0.041644
43.452409 0.041694
43.494071 0.041662
43.535749 0.041678
43.577379 0.041630
43.619071 0.041692
43.660716 0.041645
43.702402 0.041686
43.744073 0.041671
43.785715 0.041642
43.827387 0.041672
43.869062 0.041675
43.910727 0.041665
43.952398 0.041671
43.994061 0.041663
44.035727 0.041666
44.077404 0.041677
44.119073 0.041669
44.160748 0.041675
44.202411 0.041663
44.244074 0.041663
44.285742 0.041668
44.327412 0.041670
44.369075 0.041663
44.410737 0.041662
44.452393 0.041656
44.494059 0.041666
44.535723 0.041664
44.577395 0.041672
44.619070 0.041675
44.660738 0.041668
44.702364 0.041626
44.744055 0.041691
44.785739 0.041684
44.827392 0.041653
44.869074 0.041682
44.910740 0.041666
44.952403 0.041663
44.994073 0.041670
45.035737 0.041664
45.077396 0.041659
45.119064 0.041668
45.160686 0.041622
45.202397 0.041711
45.244071 0.041674
45.285730 0.041659
45.327402 0.041672
45.369064 0.041662
45.410739 0.041675
45.452402 0.041663
45.494073 0.041671
45.535738 0.041665
45.577404 0.041666
45.619069 0.041665
45.660735 0.041666
45.702390 0.041655
45.744057 0.041667
45.785717 0.041660
45.827532 0.041815
45.869044 0.041512
45.910713 0.041669
45.952389 0.041676
45.994057 0.041668
46.035723 0.041666
46.077404 0.041681
46.119057 0.041653
46.160737 0.041680
46.202391 0.041654
46.244045 0.041654
46.285724 0.041679
46.327405 0.041681
46.369062 0.041657
46.410719 0.041657
46.452390 0.041671
46.494046 0.041656
46.535740 0.041694
46.577410 0.041670
46.619073 0.041663
46.660718 0.041645
46.702392 0.041674
46.744058 0.041666
46.785719 0.041661
46.827391 0.041672
46.869060 0.041669
46.910734 0.041674
46.952403 0.041669
46.994058 0.041655
47.035718 0.041660
47.077392 0.041674
47.119058 0.041666
47.160718 0.041660
47.202392 0.041674
47.244060 0.041668
47.285733 0.041673
47.327404 0.041671
47.369074 0.041670
47.410740 0.041666
47.452367 0.041627
47.494073 0.041706
47.535740 0.041667
47.577405 0.041665
47.619072 0.041667
47.660723 0.041651
47.702381 0.041658
47.744061 0.041680
47.785719 0.041658
47.827393 0.041674
47.869058 0.041665
47.910732 0.041674
47.952399 0.041667
47.994058 0.041659
48.035725 0.041667
48.077375 0.041650
48.119071 0.041696
48.160719 0.041648
48.202397 0.041678
48.244061 0.041664
48.285719 0.041658
48.327405 0.041686
48.369058 0.041653
48.410713 0.041655
48.452392 0.041679
48.494072 0.041680
48.535740 0.041668
48.577393 0.041653
48.619073 0.041680
48.660712 0.041639
48.702391 0.041679
48.744074 0.041683
48.785733 0.041659
48.827403 0.041670
48.869059 0.041656
48.910749 0.041690
48.952400 0.041651
48.994072 0.041672
49.035673 0.041601
49.077393 0.041720
49.119070 0.041677
49.160733 0.041663
49.202392 0.041659
49.244021 0.041629
49.285696 0.041675
49.327412 0.041716
49.369073 0.041661
49.410687 0.041614
49.452399 0.041712
49.494072 0.041673
49.535739 0.041667
49.577404 0.041665
49.619058 0.041654
49.660688 0.041630
49.702392 0.041704
49.744072 0.041680
49.785725 0.041653
49.827359 0.041634
49.869060 0.041701
49.910726 0.041666
49.952399 0.041673
49.994058 0.041659
50.035733 0.041675
50.077381 0.041648
50.119072 0.041691
50.160719 0.041647
50.202357 0.041638
50.244030 0.041673
50.285697 0.041667
50.327376 0.041679
50.369037 0.041661
50.410719 0.041682
50.452352 0.041633
50.494036 0.041684
50.535691 0.041655
50.577351 0.041660
50.619064 0.041713
50.660718 0.041654
50.702396 0.041678
50.744043 0.041647
50.785719 0.041676
50.827401 0.041682
50.869057 0.041656
50.910732 0.041675
50.952388 0.041656
50.994070 0.041682
51.035829 0.041759
51.077389 0.041560
51.119056 0.041667
51.160712 0.041656
51.202387 0.041675
51.244056 0.041669
51.285717 0.041661
51.327400 0.041683
51.369070 0.041670
51.410723 0.041653
51.452390 0.041667
51.494056 0.041666
51.535737 0.041681
51.577402 0.041665
51.619056 0.041654
51.660733 0.041677
51.702379 0.041646
51.744056 0.041677
51.785732 0.041676
51.827388 0.041656
51.869043 0.041655
51.910723 0.041680
51.952388 0.041665
51.994056 0.041668
52.035718 0.041662
52.077378 0.041660
52.119073 0.041695
52.160741 0.041668
52.202397 0.041656
52.244057 0.041660
52.285723 0.041666
52.327401 0.041678
52.369033 0.041632
52.410719 0.041686
52.452390 0.041671
52.494056 0.041666
52.535733 0.041677
52.577390 0.041657
52.619057 0.041667
52.660723 0.041666
52.702388 0.041665
52.744057 0.041669
52.785718 0.041661
52.827402 0.041684
52.869058 0.041656
52.910734 0.041676
52.952403 0.041669
52.994057 0.041654
53.035719 0.041662
53.077379 0.041660
53.119057 0.041678
53.160738 0.041681
53.202403 0.041665
53.244043 0.041640
53.285724 0.041681
53.327390 0.041666
53.369061 0.041671
53.410719 0.041658
53.452389 0.041670
53.494057 0.041668
53.535750 0.041693
53.577400 0.041650
53.619064 0.041664
53.660719 0.041655
53.702389 0.041670
53.744042 0.041653
53.785720 0.041678
53.827402 0.041682
53.869072 0.041670
53.910719 0.041647
53.952402 0.041683
53.994060 0.041658
54.035723 0.041663
54.077390 0.041667
54.119072 0.041682
54.160721 0.041649
54.202366 0.041645
54.244076 0.041710
54.285738 0.041662
54.327399 0.041661
54.369055 0.041656
54.410698 0.041643
54.452388 0.041690
54.494071 0.041683
54.535723 0.041652
54.577357 0.041634
54.619072 0.041715
54.660723 0.041651
54.702388 0.041665
54.744057 0.041669
54.785721 0.041664
54.827393 0.041672
54.869059 0.041666
54.910736 0.041677
54.952381 0.041645
54.994073 0.041692
55.035725 0.041652
55.077398 0.041673
55.119035 0.041637
55.160727 0.041692
55.202390 0.041663
55.244029 0.041639
55.285739 0.041710
55.327400 0.041661
55.369022 0.041622
55.410718 0.041696
55.452389 0.041671
55.494057 0.041668
55.535736 0.041679
55.577379 0.041643
55.619073 0.041694
55.660720 0.041647
55.702390 0.041670
55.744026 0.041636
55.785739 0.041713
55.827389 0.041650
55.869058 0.041669
55.910687 0.041629
55.952382 0.041695
55.994058 0.041676
56.035751 0.041693
56.077408 0.041657
56.119072 0.041664
56.160740 0.041668
56.202403 0.041663
56.244072 0.041669
56.285721 0.041649
56.327403 0.041682
56.369073 0.041670
56.410724 0.041651
56.452369 0.041645
56.494035 0.041666
56.535693 0.041658
56.577362 0.041669
56.619035 0.041673
56.660694 0.041659
56.702363 0.041669
56.744027 0.041664
56.785706 0.041679
56.827404 0.041698
56.869055 0.041651
56.910711 0.041656
56.952395 0.041684
56.994064 0.041669
57.035736 0.041672
57.077390 0.041654
57.119072 0.041682
57.160737 0.041665
57.202394 0.041657
57.244078 0.041684
57.285711 0.041633
57.327409 0.041698
57.369057 0.041648
57.410715 0.041658
57.452395 0.041680
57.494092 0.041697
57.535743 0.041651
57.577415 0.041672
57.619071 0.041656
57.660729 0.041658
57.702352 0.041623
57.744078 0.041726
57.785727 0.041649
57.827409 0.041682
57.869055 0.041646
57.910746 0.041691
57.952379 0.041633
57.993997 0.041618
58.035730 0.041733
58.077391 0.041661
58.119074 0.041683
58.160730 0.041656
58.202404 0.041674
58.244070 0.041666
58.285720 0.041650
58.327399 0.041679
58.369057 0.041658
58.410706 0.041649
58.452394 0.041688
58.494050 0.041656
58.535735 0.041685
58.577402 0.041667
58.619071 0.041669
58.660723 0.041652
58.702379 0.041656
58.744055 0.041676
58.785721 0.041666
58.827388 0.041667
58.869057 0.041669
58.910735 0.041678
58.952410 0.041675
58.994073 0.041663
59.035723 0.041650
59.077385 0.041662
59.119056 0.041671
59.160729 0.041673
59.202383 0.041654
59.244066 0.041683
59.285740 0.041674
59.327357 0.041617
59.369002 0.041645
59.410687 0.041685
59.452379 0.041692
59.494002 0.041623
59.535744 0.041742
59.577388 0.041644
59.619058 0.041670
59.660725 0.041667
59.702391 0.041666
59.744087 0.041696
59.785663 0.041576
59.827377 0.041714
59.869036 0.041659
59.910709 0.041673
59.953496 0.042787
59.994038 0.040542
60.035711 0.041673
60.077365 0.041654
60.119048 0.041683
60.160709 0.041661
60.202332 0.041623
60.244043 0.041711
60.285709 0.041666
60.327370 0.041661
60.369038 0.041668
60.410709 0.041671
60.452375 0.041666
60.494043 0.041668
60.535711 0.041668
60.577370 0.041659
60.619036 0.041666
60.660710 0.041674
60.702471 0.041761
60.744041 0.041570
60.785710 0.041669
60.827370 0.041660
60.869043 0.041673
60.910700 0.041657
60.952376 0.041676
60.994043 0.041667
61.035702 0.041659
61.077378 0.041676
61.119043 0.041665
61.160703 0.041660
61.202376 0.041673
61.244043 0.041667
61.285710 0.041667
61.327378 0.041668
61.369035 0.041657
61.410702 0.041667
61.452379 0.041677
61.494034 0.041655
61.535710 0.041676
61.577369 0.041659
61.619043 0.041674
61.660702 0.041659
61.702377 0.041675
61.744042 0.041665
61.785703 0.041661
61.827377 0.041674
61.869042 0.041665
61.910701 0.041659
61.952377 0.041676
61.994042 0.041665
62.035710 0.041668
62.077372 0.041662
62.119034 0.041662
62.160709 0.041675
62.202375 0.041666
62.244034 0.041659
62.285710 0.041676
62.327376 0.041666
62.369035 0.041659
62.410709 0.041674
62.452368 0.041659
62.494043 0.041675
62.535698 0.041655
62.577379 0.041681
62.619034 0.041655
62.660710 0.041676
62.702376 0.041666
62.744034 0.041658
62.785701 0.041667
62.827377 0.041676
62.869035 0.041658
62.910701 0.041666
62.952375 0.041674
62.994034 0.041659
63.035702 0.041668
63.077368 0.041666
63.119043 0.041675
63.160705 0.041662
63.202368 0.041663
63.244037 0.041669
63.285702 0.041665
63.327378 0.041676
63.369035 0.041657
63.410702 0.041667
63.452376 0.041674
63.494033 0.041657
63.535709 0.041676
63.577372 0.041663
63.619043 0.041671
63.670083 0.051040
63.702377 0.032294
63.744043 0.041666
63.785700 0.041657
63.827650 0.041950
63.869043 0.041393
63.910702 0.041659
63.952375 0.041673
63.994034 0.041659
64.035661 0.041627
64.077377 0.041716
64.119043 0.041666
64.160714 0.041671
64.202378 0.041664
64.244042 0.041664
64.285704 0.041662
64.327377 0.041673
64.370377 0.043000
64.410710 0.040333
64.452375 0.041665
64.494043 0.041668
64.535712 0.041669
64.577370 0.041658
64.619034 0.041664
64.660701 0.041667
64.702367 0.041666
64.744037 0.041670
64.785711 0.041674
64.827376 0.041665
64.869035 0.041659
64.910710 0.041675
64.952366 0.041656
64.994045 0.041679
65.035710 0.041665
65.081459 0.045749
65.119046 0.037587
65.160660 0.041614
65.202369 0.041709
65.244043 0.041674
65.285700 0.041657
65.327371 0.041671
65.369044 0.041673
65.410709 0.041665
65.452373 0.041664
65.494044 0.041671
65.545149 0.051105
65.577368 0.032219
65.619042 0.041674
65.660699 0.041657
65.702378 0.041679
65.744042 0.041664
65.785712 0.041670
65.827372 0.041660
65.869042 0.041670
65.910703 0.041661
65.952377 0.041674
65.993986 0.041609
66.035708 0.041722
66.077369 0.041661
66.119043 0.041674
66.160699 0.041656
66.204890 0.044191
66.244044 0.039154
66.285714 0.041670
66.327377 0.041663
66.368994 0.041617
66.410709 0.041715
66.452381 0.041672
66.494042 0.041661
66.535710 0.041668
66.577368 0.041658
66.619041 0.041673
66.660699 0.041658
66.702370 0.041671
66.744044 0.041674
66.785702 0.041658
66.827368 0.041666
66.869043 0.041675
66.910699 0.041656
66.952369 0.041670
66.994043 0.041674
67.035702 0.041659
67.077368 0.041666
67.119034 0.041666
67.160702 0.041668
67.204153 0.043451
67.244042 0.039889
67.285709 0.041667
67.330889 0.045180
67.369037 0.038148
67.410705 0.041668
67.452370 0.041665
67.494043 0.041673
67.535704 0.041661
67.577377 0.041673
67.619035 0.041658
67.660655 0.041620
67.702369 0.041714
67.744042 0.041673
67.785704 0.041662
67.827328 0.041624
67.869041 0.041713
67.910653 0.041612
67.952378 0.041725
67.998911 0.046533
68.035702 0.036791
68.077377 0.041675
68.128308 0.050931
68.160702 0.032394
68.202376 0.041674
68.244043 0.041667
68.285702 0.041659
68.327377 0.041675
68.370878 0.043501
68.410711 0.039833
68.452376 0.041665
68.494043 0.041667
68.535700 0.041657
68.577377 0.041677
68.619034 0.041657
68.660702 0.041668
68.702368 0.041666
68.748835 0.046467
68.785710 0.036875
68.827377 0.041667
68.869044 0.041667
68.910701 0.041657
68.952373 0.041672
68.994098 0.041725
69.035712 0.041614
69.077388 0.041676
69.119047 0.041659
69.160709 0.041662
69.202369 0.041660
69.244042 0.041673
69.285706 0.041664
69.327384 0.041678
69.369036 0.041652
69.410703 0.041667
69.452376 0.041673
69.494034 0.041658
69.535711 0.041677
69.582889 0.047178
69.619036 0.036147
69.660711 0.041675
69.702369 0.041658
69.744034 0.041665
69.785655 0.041621
69.827370 0.041715
69.869173 0.041803
69.910702 0.041529
69.952376 0.041674
69.994035 0.041659
70.035710 0.041675
70.082888 0.047178
70.119038 0.036150
70.160713 0.041675
70.202377 0.041664
70.244034 0.041657
70.285710 0.041676
70.335490 0.049780
70.369035 0.033545
70.410709 0.041674
70.452377 0.041668
70.494035 0.041658
70.535702 0.041667
70.577378 0.041676
70.619033 0.041655
70.660704 0.041671
70.702370 0.041666
70.756837 0.054467
70.786882 0.030045
70.827369 0.040487
70.869044 0.041675
70.910710 0.041666
70.952377 0.041667
70.994042 0.041665
71.036081 0.042039
71.077377 0.041296
71.119035 0.041658
71.160703 0.041668
71.202329 0.041626
71.244035 0.041706
71.285702 0.041667
71.327376 0.041674
71.369034 0.041658
71.410701 0.041667
71.452370 0.041669
71.494043 0.041673
71.535709 0.041666
71.577369 0.041660
71.619043 0.041674
71.660710 0.041667
71.702376 0.041666
71.744050 0.041674
71.785712 0.041662
71.827365 0.041653
71.870359 0.042994
71.910709 0.040350
71.952369 0.041660
71.994043 0.041674
72.035700 0.041657
72.078001 0.042301
72.119044 0.041043
72.160710 0.041666
72.202370 0.041660
72.244035 0.041665
72.285709 0.041674
72.327370 0.041661
72.369042 0.041672
72.410702 0.041660
72.452377 0.041675
72.494043 0.041666
72.535701 0.041658
72.577370 0.041669
72.619032 0.041662
72.666824 0.047792
72.702369 0.035545
72.744042 0.041673
72.785702 0.041660
72.827376 0.041674
72.870888 0.043512
72.910709 0.039821
72.952371 0.041662
72.994042 0.041671
73.045259 0.051217
73.077369 0.032110
73.119034 0.041665
73.160702 0.041668
73.211825 0.051123
73.244054 0.032229
73.285710 0.041656
73.327378 0.041668
73.369038 0.041660
73.410702 0.041664
73.452376 0.041674
73.494034 0.041658
73.535710 0.041676
73.577378 0.041668
73.619050 0.041672
73.660716 0.041666
73.702377 0.041661
73.744042 0.041665
73.785701 0.041659
73.827370 0.041669
73.869042 0.041672
73.910710 0.041668
73.952369 0.041659
73.994043 0.041674
74.035710 0.041667
74.077376 0.041666
74.119035 0.041659
74.160705 0.041670
74.202372 0.041667
74.244043 0.041671
74.288315 0.044272
74.327378 0.039063
74.369044 0.041666
74.410701 0.041657
74.452376 0.041675
74.494043 0.041667
74.537279 0.043236
74.577368 0.040089
74.619043 0.041675
74.660702 0.041659
74.702371 0.041669
74.744049 0.041678
74.785705 0.041656
74.827380 0.041675
74.869035 0.041655
74.910701 0.041666
74.952378 0.041677
74.994035 0.041657
75.035710 0.041675
75.077376 0.041666
75.119034 0.041658
75.160709 0.041675
75.202376 0.041667
75.243999 0.041623
75.285703 0.041704
75.327377 0.041674
75.369034 0.041657
75.410701 0.041667
75.452377 0.041676
75.494041 0.041664
75.535702 0.041661
75.577377 0.041675
75.619034 0.041657
75.660710 0.041676
75.702371 0.041661
75.743987 0.041616
75.785700 0.041713
75.827330 0.041630
75.869038 0.041708
75.910702 0.041664
75.952376 0.041674
75.994043 0.041667
76.035709 0.041666
76.077380 0.041671
76.119042 0.041662
76.160710 0.041668
76.202368 0.041658
76.244046 0.041678
76.285702 0.041656
76.327383 0.041681
76.369039 0.041656
76.410705 0.041666
76.452381 0.041676
76.494047 0.041666
76.535700 0.041653
76.577378 0.041678
76.619034 0.041656
76.660708 0.041674
76.702377 0.041669
76.744042 0.041665
76.785713 0.041671
76.827370 0.041657
76.869035 0.041665
76.910702 0.041667
76.952330 0.041628
76.994043 0.041713
77.035709 0.041666
77.077380 0.041671
77.119043 0.041663
77.160704 0.041661
77.202377 0.041673
77.244042 0.041665
77.285712 0.041670
77.327328 0.041616
77.369035 0.041707
77.410709 0.041674
77.452377 0.041668
77.493989 0.041612
77.535710 0.041721
77.577377 0.041667
77.619034 0.041657
77.660709 0.041675
77.702377 0.041668
77.744042 0.041665
77.785710 0.041668
77.827375 0.041665
77.869035 0.041660
77.910709 0.041674
77.952370 0.041661
77.994043 0.041673
78.035709 0.041666
78.077370 0.041661
78.119042 0.041672
78.160701 0.041659
78.202373 0.041672
78.244042 0.041669
78.285702 0.041660
78.327377 0.041675
78.369035 0.041658
78.410709 0.041674
78.452376 0.041667
78.494034 0.041658
78.535708 0.041674
78.577380 0.041672
78.619034 0.041654
78.660703 0.041669
78.702370 0.041667
78.744042 0.041672
78.785709 0.041667
78.827367 0.041658
78.869035 0.041668
78.910702 0.041667
78.952368 0.041666
78.994042 0.041674
79.035709 0.041667
79.077377 0.041668
79.119035 0.041658
79.160708 0.041673
79.202377 0.041669
79.244042 0.041665
79.285655 0.041613
79.327376 0.041721
79.369041 0.041665
79.411855 0.042814
79.452375 0.040520
79.494042 0.041667
79.535711 0.041669
79.577368 0.041657
79.619041 0.041673
79.660711 0.041670
79.702377 0.041666
79.744034 0.041657
79.785703 0.041669
79.836234 0.050531
79.869036 0.032802
79.910709 0.041673
79.952369 0.041660
79.994041 0.041672
80.035709 0.041668
80.077376 0.041667
80.119043 0.041667
80.160710 0.041667
80.202376 0.041666
80.244042 0.041666
80.285702 0.041660
80.327378 0.041676
80.373818 0.046440
80.410711 0.036893
80.452377 0.041666
80.494035 0.041658
80.535709 0.041674
80.582885 0.047176
80.619043 0.036158
80.660713 0.041670
80.702377 0.041664
80.744042 0.041665
80.785702 0.041660
80.827377 0.041675
80.869035 0.041658
80.910709 0.041674
80.962399 0.051690
80.994043 0.031644
81.035704 0.041661
81.077384 0.041680
81.119033 0.041649
81.168488 0.049455
81.202369 0.033881
81.244043 0.041674
81.285701 0.041658
81.327368 0.041667
81.369044 0.041676
81.410710 0.041666
81.452376 0.041666
81.494035 0.041659
81.535711 0.041676
81.577376 0.041665
81.619037 0.041661
81.660701 0.041664
81.702379 0.041678
81.744042 0.041663
81.785701 0.041659
81.827371 0.041670
81.869042 0.041671
81.910702 0.041660
81.952375 0.041673
81.994035 0.041660
82.035704 0.041669
82.077377 0.041673
82.119034 0.041657
82.160709 0.041675
82.202375 0.041666
82.244038 0.041663
82.285710 0.041672
82.327657 0.041947
82.369034 0.041377
82.410711 0.041677
82.452321 0.041610
82.494043 0.041722
82.535703 0.041660
82.577368 0.041665
82.619036 0.041668
82.660709 0.041673
82.702368 0.041659
82.744036 0.041668
82.785702 0.041666
82.827377 0.041675
82.869042 0.041665
82.910708 0.041666
82.952371 0.041663
82.994042 0.041671
83.035701 0.041659
83.077378 0.041677
83.119034 0.041656
83.160708 0.041674
83.204625 0.043917
83.244038 0.039413
83.285710 0.041672
83.327376 0.041666
83.369043 0.041667
83.410711 0.041668
83.452377 0.041666
83.494044 0.041667
83.535710 0.041666
83.577376 0.041666
83.619035 0.041659
83.660709 0.041674
83.702377 0.041668
83.744046 0.041669
83.785701 0.041655
83.827330 0.041629
83.869044 0.041714
83.910710 0.041666
83.952369 0.041659
83.994042 0.041673
84.035708 0.041666
84.077377 0.041669
84.119035 0.041658
84.160708 0.041673
84.202369 0.041661
84.244044 0.041675
84.285709 0.041665
84.327376 0.041667
84.369034 0.041658
84.410708 0.041674
84.452370 0.041662
84.494041 0.041671
84.535703 0.041662
84.577368 0.041665
84.619041 0.041673
84.660653 0.041612
84.702368 0.041715
84.744035 0.041667
84.785704 0.041669
84.827368 0.041664
84.869046 0.041678
84.910711 0.041665
84.952369 0.041658
84.994044 0.041675
85.035705 0.041661
85.077378 0.041673
85.119034 0.041656
85.160703 0.041669
85.202387 0.041684
85.244045 0.041658
85.285701 0.041656
85.327369 0.041668
85.368986 0.041617
85.416808 0.047822
85.452376 0.035568
85.494035 0.041659
85.535704 0.041669
85.577329 0.041625
85.619042 0.041713
85.660710 0.041668
85.702379 0.041669
85.749327 0.046948
85.785710 0.036383
85.827378 0.041668
85.869034 0.041656
85.910710 0.041676
85.954898 0.044188
85.994044 0.039146
86.035706 0.041662
86.077377 0.041671
86.119043 0.041666
86.160709 0.041666
86.202368 0.041659
86.244044 0.041676
86.285700 0.041656
86.327368 0.041668
86.369035 0.041667
86.410701 0.041666
86.452377 0.041676
86.494035 0.041658
86.535710 0.041675
86.577371 0.041661
86.619034 0.041663
86.660710 0.041676
86.702367 0.041657
86.752912 0.050545
86.785702 0.032790
86.827377 0.041675
86.869034 0.041657
86.910702 0.041668
86.952376 0.041674
86.994043 0.041667
87.035705 0.041662
87.077368 0.041663
87.119037 0.041669
87.160701 0.041664
87.202379 0.041678
87.244035 0.041656
87.285705 0.041670
87.327372 0.041667
87.369045 0.041673
87.410712 0.041667
87.452378 0.041666
87.494042 0.041664
87.535702 0.041660
87.577377 0.041675
87.626317 0.048940
87.660708 0.034391
87.702372 0.041664
87.744046 0.041674
87.785706 0.041660
87.827377 0.041671
87.869047 0.041670
87.910718 0.041671
87.952377 0.041659
88.002286 0.049909
88.035713 0.033427
88.077373 0.041660
88.119044 0.041671
88.160701 0.041657
88.202377 0.041676
88.244033 0.041656
88.285670 0.041637
88.327372 0.041702
88.369041 0.041669
88.410710 0.041669
88.452369 0.041659
88.494034 0.041665
88.535669 0.041635
88.577377 0.041708
88.619035 0.041658
88.660705 0.041670
88.702368 0.041663
88.744043 0.041675
88.785710 0.041667
88.827367 0.041657
88.869043 0.041676
88.910702 0.041659
88.952377 0.041675
88.994033 0.041656
89.040509 0.046476
89.077369 0.036860
89.119042 0.041673
89.161619 0.042577
89.202370 0.040751
89.244042 0.041672
89.285697 0.041655
89.327379 0.041682
89.369042 0.041663
89.410662 0.041620
89.452368 0.041706
89.494034 0.041666
89.535711 0.041677
89.577378 0.041667
89.619045 0.041667
89.660661 0.041616
89.702378 0.041717
89.744034 0.041656
89.785712 0.041678
89.830890 0.045178
89.869100 0.038210
89.910700 0.041600
89.956832 0.046132
89.994045 0.037213
90.035704 0.041659
90.077378 0.041674
90.119042 0.041664
90.160702 0.041660
90.202368 0.041666
90.243994 0.041626
90.285710 0.041716
90.327372 0.041662
90.369046 0.041674
90.413878 0.044832
90.453527 0.039649
90.494036 0.040509
90.535709 0.041673
90.577367 0.041658
90.620025 0.042658
90.660711 0.040686
90.702380 0.041669
90.744033 0.041653
90.788836 0.044803
90.830917 0.042081
90.869040 0.038123
90.910704 0.041664
90.952369 0.041665
90.994043 0.041674
91.045157 0.051114
91.077378 0.032221
91.119042 0.041664
91.160702 0.041660
91.202376 0.041674
91.244046 0.041670
91.285702 0.041656
91.327369 0.041667
91.369045 0.041676
91.410700 0.041655
91.452369 0.041669
91.494034 0.041665
91.535701 0.041667
91.577368 0.041667
91.619048 0.041680
91.660710 0.041662
91.702376 0.041666
91.744044 0.041668
91.785705 0.041661
91.827370 0.041665
91.869042 0.041672
91.910702 0.041660
91.952373 0.041671
91.994042 0.041669
92.035711 0.041669
92.077373 0.041662
92.119036 0.041663
92.160711 0.041675
92.202371 0.041660
92.244042 0.041671
92.290880 0.046838
92.327376 0.036496
92.369044 0.041668
92.410705 0.041661
92.452383 0.041678
92.494042 0.041659
92.535701 0.041659
92.577378 0.041677
92.619042 0.041664
92.660702 0.041660
92.702377 0.041675
92.744033 0.041656
92.785702 0.041669
92.827377 0.041675
92.869043 0.041666
92.910708 0.041665
92.952376 0.041668
92.994036 0.041660
93.035710 0.041674
93.077370 0.041660
93.119043 0.041673
93.162887 0.043844
93.202369 0.039482
93.244042 0.041673
93.285702 0.041660
93.327376 0.041674
93.369825 0.042449
93.410710 0.040885
93.452371 0.041661
93.494043 0.041672
93.535708 0.041665
93.577368 0.041660
93.619042 0.041674
93.660709 0.041667
93.702368 0.041659
93.744034 0.041666
93.791477 0.047443
93.827380 0.035903
93.869037 0.041657
93.910702 0.041665
93.952376 0.041674
93.998664 0.046288
94.035703 0.037039
94.077376 0.041673
94.119041 0.041665
94.160708 0.041667
94.202376 0.041668
94.244034 0.041658
94.285710 0.041676
94.327369 0.041659
94.369034 0.041665
94.410702 0.041668
94.452373 0.041671
94.494035 0.041662
94.535711 0.041676
94.577372 0.041661
94.619042 0.041670
94.660702 0.041660
94.702369 0.041667
94.744034 0.041665
94.785663 0.041629
94.827377 0.041714
94.869035 0.041658
94.910710 0.041675
94.952376 0.041666
94.994035 0.041659
95.035709 0.041674
95.077377 0.041668
95.119043 0.041666
95.160661 0.041618
95.202368 0.041707
95.244035 0.041667
95.290885 0.046850
95.327376 0.036491
95.369036 0.041660
95.410710 0.041674
95.452376 0.041666
95.493995 0.041619
95.535709 0.041714
95.577369 0.041660
95.619041 0.041672
95.660657 0.041616
95.702368 0.041711
95.744042 0.041674
95.792398 0.048356
95.827384 0.034986
95.869044 0.041660
95.910709 0.041665
95.952368 0.041659
95.994042 0.041674
96.035702 0.041660
96.077377 0.041675
96.119035 0.041658
96.160709 0.041674
96.211652 0.050943
96.244034 0.032382
96.285701 0.041667
96.327375 0.041674
96.369031 0.041656
96.410698 0.041667
96.452986 0.042288
96.494043 0.041057
96.535701 0.041658
96.577384 0.041683
96.619032 0.041648
96.660709 0.041677
96.702378 0.041669
96.744035 0.041657
96.785704 0.041669
96.827377 0.041673
96.869041 0.041664
96.910702 0.041661
96.952375 0.041673
96.994041 0.041666
97.035708 0.041667
97.077372 0.041664
97.119044 0.041672
97.160701 0.041657
97.202372 0.041671
97.244044 0.041672
97.285710 0.041666
97.327369 0.041659
97.369036 0.041667
97.410711 0.041675
97.452377 0.041666
97.494035 0.041658
97.535710 0.041675
97.577368 0.041658
97.619044 0.041676
97.660701 0.041657
97.702335 0.041634
97.744036 0.041701
97.785703 0.041667
97.827377 0.041674
97.869035 0.041658
97.910713 0.041678
97.952377 0.041664
97.994041 0.041664
98.035710 0.041669
98.077376 0.041666
98.119042 0.041666
98.160709 0.041667
98.202377 0.041668
98.254063 0.051686
98.285709 0.031646
98.327378 0.041669
98.369035 0.041657
98.410713 0.041678
98.454907 0.044194
98.494043 0.039136
98.538700 0.044657
98.577373 0.038673
98.619042 0.041669
98.660654 0.041612
98.702371 0.041717
98.744035 0.041664
98.787107 0.043072
98.827377 0.040270
98.869045 0.041668
98.910662 0.041617
98.952376 0.041714
98.993992 0.041616
99.035698 0.041706
99.077368 0.041670
99.119042 0.041674
99.160711 0.041669
99.202375 0.041664
99.244281 0.041906
99.285707 0.041426
99.327377 0.041670
99.369042 0.041665
99.410662 0.041620
99.452368 0.041706
99.494043 0.041675
99.535710 0.041667
99.577369 0.041659
99.619042 0.041673
99.660698 0.041656
99.702479 0.041781
99.744039 0.041560
99.785707 0.041668
99.827347 0.041640
99.869027 0.041680
99.910691 0.041664
99.952382 0.041691
99.994038 0.041656
100.035703 0.041665
100.077373 0.041670
100.119036 0.041663
100.160724 0.041688
100.202363 0.041639
100.244060 0.041697
100.285706 0.041646
100.327363 0.041657
100.369036 0.041673
100.410748 0.041712
100.452401 0.041653
100.494038 0.041637
100.535703 0.041665
100.577366 0.041663
100.619024 0.041658
100.660703 0.041679
100.702363 0.041660
100.744060 0.041697
100.785740 0.041680
100.827376 0.041636
100.869069 0.041693
100.910723 0.041654
100.952391 0.041668
100.994069 0.041678
101.035723 0.041654
101.077367 0.041644
101.119059 0.041692
101.160737 0.041678
101.202377 0.041640
101.244054 0.041677
101.285738 0.041684
101.327378 0.041640
101.369072 0.041694
101.410724 0.041652
101.452399 0.041675
101.494059 0.041660
101.535724 0.041665
101.577398 0.041674
101.619053 0.041655
101.660707 0.041654
101.702399 0.041692
101.744057 0.041658
101.785737 0.041680
101.827378 0.041641
101.869075 0.041697
101.910737 0.041662
101.952378 0.041641
101.994056 0.041678
102.035738 0.041682
102.077397 0.041659
102.119047 0.041650
102.160736 0.041689
102.202373 0.041637
102.244035 0.041662
102.285723 0.041688
102.327374 0.041651
102.369066 0.041692
102.410723 0.041657
102.452399 0.041676
102.494056 0.041657
102.535738 0.041682
102.577397 0.041659
102.619057 0.041660
102.660724 0.041667
102.702397 0.041673
102.744071 0.041674
102.785737 0.041666
102.827379 0.041642
102.869071 0.041692
102.910712 0.041641
102.952397 0.041685
102.994059 0.041662
103.035724 0.041665
103.077399 0.041675
103.119055 0.041656
103.160723 0.041668
103.202399 0.041676
103.244056 0.041657
103.285737 0.041681
103.327397 0.041660
103.369065 0.041668
103.410722 0.041657
103.452377 0.041655
103.494070 0.041693
103.535738 0.041668
103.577397 0.041659
103.619056 0.041659
103.660738 0.041682
103.702411 0.041673
103.744061 0.041650
103.785741 0.041680
103.827397 0.041656
103.869070 0.041673
103.910723 0.041653
103.952379 0.041656
103.994055 0.041676
104.035724 0.041669
104.077398 0.041674
104.119056 0.041658
104.160738 0.041682
104.202379 0.041641
104.244071 0.041692
104.285723 0.041652
104.327395 0.041672
104.369066 0.041671
104.410738 0.041672
104.452398 0.041660
104.494056 0.041658
104.535738 0.041682
104.577398 0.041660
104.619074 0.041676
104.660735 0.041661
104.702396 0.041661
104.744045 0.041649
104.785737 0.041692
104.827378 0.041641
104.869072 0.041694
104.910726 0.041654
104.952378 0.041652
104.994053 0.041675
105.035738 0.041685
105.077400 0.041662
105.119035 0.041635
105.160725 0.041690
105.202387 0.041662
105.244058 0.041671
105.285678 0.041620
105.327376 0.041698
105.369007 0.041631
105.410738 0.041731
105.452397 0.041659
105.494056 0.041659
105.535722 0.041666
105.577365 0.041643
105.619042 0.041677
105.660737 0.041695
105.702378 0.041641
105.744057 0.041679
105.785724 0.041667
105.827399 0.041675
105.869057 0.041658
105.910741 0.041684
105.952377 0.041636
105.994043 0.041666
106.035738 0.041695
106.077393 0.041655
106.119042 0.041649
106.160738 0.041696
106.202381 0.041643
106.244057 0.041676
106.285739 0.041682
106.327379 0.041640
106.369073 0.041694
106.410739 0.041666
106.452365 0.041626
106.494044 0.041679
106.535738 0.041694
106.577398 0.041660
106.619073 0.041675
106.660740 0.041667
106.702405 0.041665
106.744058 0.041653
106.785709 0.041651
106.827391 0.041682
106.869059 0.041668
106.910738 0.041679
106.952381 0.041643
106.994073 0.041692
107.035725 0.041652
107.077382 0.041657
107.119057 0.041675
107.160723 0.041666
107.202400 0.041677
107.244072 0.041672
107.285730 0.041658
107.327378 0.041648
107.369069 0.041691
107.410741 0.041672
107.452381 0.041640
107.494045 0.041664
107.535738 0.041693
107.577379 0.041641
107.619039 0.041660
107.660724 0.041685
107.702360 0.041636
107.744067 0.041707
107.785685 0.041618
107.827400 0.041715
107.869035 0.041635
107.910739 0.041704
107.952362 0.041623
107.994044 0.041682
108.035702 0.041658
108.077391 0.041689
108.119055 0.041664
108.160702 0.041647
108.202401 0.041699
108.244024 0.041623
108.285740 0.041716
108.327380 0.041640
108.369038 0.041658
108.410739 0.041701
108.452365 0.041626
108.494072 0.041707
108.535724 0.041652
108.577371 0.041647
108.619044 0.041673
108.660704 0.041660
108.702400 0.041696
108.744033 0.041633
108.785715 0.041682
108.827407 0.041692
108.869038 0.041631
108.910738 0.041700
108.952400 0.041662
108.994046 0.041646
109.035741 0.041695
109.077401 0.041660
109.119040 0.041639
109.160723 0.041683
109.202373 0.041650
109.244071 0.041698
109.285738 0.041667
109.327402 0.041664
109.369071 0.041669
109.410740 0.041669
109.452400 0.041660
109.494066 0.041666
109.535741 0.041675
109.577401 0.041660
109.619057 0.041656
109.660741 0.041684
109.702373 0.041632
109.744044 0.041671
109.785738 0.041694
109.827374 0.041636
109.869055 0.041681
109.910723 0.041668
109.952374 0.041651
109.994056 0.041682
110.035723 0.041667
110.077375 0.041652
110.119070 0.041695
110.160737 0.041667
110.202376 0.041639
110.244059 0.041683
110.285738 0.041679
110.327376 0.041638
110.369071 0.041695
110.410722 0.041651
110.452378 0.041656
110.494070 0.041692
110.535738 0.041668
110.577397 0.041659
110.619056 0.041659
110.660738 0.041682
110.702399 0.041661
110.744073 0.041674
110.785723 0.041650
110.827399 0.041676
110.869060 0.041661
110.910738 0.041678
110.952399 0.041661
110.994068 0.041669
111.035720 0.041652
111.077393 0.041673
111.119058 0.041665
111.160724 0.041666
111.202377 0.041653
111.244057 0.041680
111.285738 0.041681
111.327387 0.041649
111.369050 0.041663
111.410723 0.041673
111.452397 0.041674
111.494056 0.041659
111.535726 0.041670
111.577396 0.041670
111.619033 0.041637
111.660728 0.041695
111.702364 0.041636
111.744056 0.041692
111.785702 0.041646
111.827377 0.041675
111.869057 0.041680
111.910702 0.041645
111.952359 0.041657
111.994074 0.041715
112.035696 0.041622
112.077377 0.041681
112.119071 0.041694
112.160737 0.041666
112.202402 0.041665
112.244033 0.041631
112.285722 0.041689
112.327377 0.041655
112.369029 0.041652
112.410738 0.041709
112.452360 0.041622
112.494042 0.041682
112.535684 0.041642
112.577408 0.041724
112.619030 0.041622
112.660670 0.041640
112.702356 0.041686
112.744029 0.041673
112.785701 0.041672
112.827348 0.041647
112.869004 0.041656
112.910682 0.041678
112.952377 0.041695
112.994070 0.041693
113.035729 0.041659
113.077415 0.041686
113.119049 0.041634
113.160690 0.041641
113.202364 0.041674
113.244025 0.041661
113.285703 0.041678
113.327363 0.041660
113.369037 0.041674
113.410693 0.041656
113.452382 0.041689
113.494037 0.041655
113.535679 0.041642
113.577357 0.041678
113.619036 0.041679
113.660703 0.041667
113.702365 0.041662
113.744035 0.041670
113.785704 0.041669
113.827365 0.041661
113.869036 0.041671
113.910697 0.041661
113.952363 0.041666
113.994034 0.041671
114.035698 0.041664
114.077367 0.041669
114.119055 0.041688
114.160738 0.041683
114.202434 0.041696
114.244059 0.041625
114.285737 0.041678
114.327375 0.041638
114.369036 0.041661
114.410737 0.041701
114.452378 0.041641
114.494055 0.041677
114.535665 0.041610
114.577379 0.041714
114.619070 0.041691
114.660701 0.041631
114.702379 0.041678
114.744033 0.041654
114.785704 0.041671
114.827372 0.041668
114.869078 0.041706
114.910729 0.041651
114.952405 0.041676
114.994061 0.041656
115.035745 0.041684
115.077409 0.041664
115.119078 0.041669
115.160724 0.041646
115.202398 0.041674
115.244062 0.041664
115.285664 0.041602
115.327397 0.041733
115.369074 0.041677
115.410701 0.041627
115.452360 0.041659
115.494064 0.041704
115.535746 0.041682
115.577407 0.041661
115.619079 0.041672
115.660750 0.041671
115.702385 0.041635
115.744055 0.041670
115.785738 0.041683
115.827396 0.041658
115.869058 0.041662
115.910686 0.041628
115.952376 0.041690
115.994059 0.041683
116.035751 0.041692
116.077388 0.041637
116.119070 0.041682
116.160726 0.041656
116.202363 0.041637
116.244071 0.041708
116.285704 0.041633
116.327377 0.041673
116.369057 0.041680
116.410737 0.041680
116.452354 0.041617
116.494056 0.041702
116.535693 0.041637
116.577388 0.041695
116.619042 0.041654
116.660741 0.041699
116.702376 0.041635
116.744070 0.041694
116.785738 0.041668
116.827379 0.041641
116.869072 0.041693
116.910707 0.041635
116.952379 0.041672
116.994070 0.041691
117.035714 0.041644
117.077400 0.041686
117.119071 0.041671
117.160724 0.041653
117.202377 0.041653
117.244070 0.041693
117.285698 0.041628
117.327417 0.041719
117.369074 0.041657
117.410723 0.041649
117.452366 0.041643
117.494058 0.041692
117.535736 0.041678
117.577399 0.041663
117.619071 0.041672
117.660697 0.041626
117.702398 0.041701
117.744034 0.041636
117.785738 0.041704
117.827350 0.041612
117.869075 0.041725
117.910725 0.041650
117.952380 0.041655
117.994057 0.041677
118.035737 0.041680
118.077398 0.041661
118.119070 0.041672
118.160738 0.041668
118.202378 0.041640
118.244071 0.041693
118.285740 0.041669
118.327380 0.041640
118.369057 0.041677
118.410725 0.041668
118.452399 0.041674
118.494056 0.041657
118.535738 0.041682
118.577397 0.041659
118.619056 0.041659
118.660739 0.041683
118.702382 0.041643
118.744049 0.041667
118.785723 0.041674
118.827398 0.041675
118.869044 0.041646
118.910738 0.041694
118.952400 0.041662
118.994043 0.041643
119.035738 0.041695
119.077374 0.041636
119.119053 0.041679
119.160723 0.041670
119.202373 0.041650
119.244071 0.041698
119.285727 0.041656
119.327398 0.041671
119.369056 0.041658
119.410738 0.041682
119.452400 0.041662
119.494073 0.041673
119.535700 0.041627
119.577373 0.041673
119.619044 0.041671
119.660738 0.041694
119.702360 0.041622
119.744073 0.041713
119.785742 0.041669
119.827379 0.041637
119.869066 0.041687
119.910728 0.041662
119.952373 0.041645
119.994045 0.041672
120.035740 0.041695
120.077377 0.041637
120.119071 0.041694
120.160739 0.041668
120.202399 0.041660
120.244054 0.041655
120.285724 0.041670
120.327400 0.041676
120.369066 0.041666
120.410723 0.041657
120.452399 0.041676
120.494056 0.041657
120.535738 0.041682
120.577374 0.041636
120.619044 0.041670
120.660738 0.041694
120.702374 0.041636
120.744074 0.041700
120.785741 0.041667
120.827400 0.041659
120.869057 0.041657
120.910737 0.041680
120.952404 0.041667
120.994059 0.041655
121.035738 0.041679
121.077376 0.041638
121.119057 0.041681
121.160724 0.041667
121.202400 0.041676
121.244057 0.041657
121.285739 0.041682
121.327399 0.041660
121.369057 0.041658
121.410738 0.041681
121.452402 0.041664
121.494057 0.041655
121.535699 0.041642
121.577401 0.041702
121.619065 0.041664
121.660724 0.041659
121.702374 0.041650
121.744070 0.041696
121.785725 0.041655
121.827400 0.041675
121.869056 0.041656
121.910740 0.041684
121.952374 0.041634
121.994058 0.041684
122.035740 0.041682
122.077382 0.041642
122.119068 0.041686
122.160734 0.041666
122.202401 0.041667
122.244052 0.041651
122.285739 0.041687
122.327401 0.041662
122.369067 0.041666
122.410739 0.041672
122.452380 0.041641
122.494054 0.041674
122.535738 0.041684
122.577379 0.041641
122.619072 0.041693
122.660725 0.041653
122.702410 0.041685
122.744057 0.041647
122.785722 0.041665
122.827398 0.041676
122.869074 0.041676
122.910726 0.041652
122.952379 0.041653
122.994070 0.041691
123.035724 0.041654
123.077397 0.041673
123.119070 0.041673
123.160730 0.041660
123.202358 0.041628
123.244042 0.041684
123.285738 0.041696
123.327404 0.041666
123.369073 0.041669
123.410713 0.041640
123.452402 0.041689
123.494072 0.041670
123.535725 0.041653
123.577379 0.041654
123.619054 0.041675
123.660703 0.041649
123.702378 0.041675
123.744066 0.041688
123.785703 0.041637
123.827395 0.041692
123.869019 0.041624
123.910711 0.041692
123.952400 0.041689
123.994045 0.041645
124.035739 0.041694
124.077399 0.041660
124.119029 0.041630
124.160693 0.041664
124.202365 0.041672
124.244055 0.041690
124.285740 0.041685
124.327364 0.041624
124.369056 0.041692
124.410739 0.041683
124.452379 0.041640
124.494055 0.041676
124.535691 0.041636
124.577402 0.041711
124.619053 0.041651
124.660739 0.041686
124.702398 0.041659
124.744071 0.041673
124.785740 0.041669
124.827375 0.041635
124.869053 0.041678
124.910725 0.041672
124.952397 0.041672
124.994073 0.041676
125.035725 0.041652
125.077401 0.041676
125.119058 0.041657
125.160718 0.041660
125.202399 0.041681
125.244073 0.041674
125.285707 0.041634
125.327379 0.041672
125.369074 0.041695
125.410737 0.041663
125.452382 0.041645
125.494072 0.041690
125.535728 0.041656
125.577399 0.041671
125.619055 0.041656
125.660739 0.041684
125.702381 0.041642
125.744054 0.041673
125.785740 0.041686
125.827380 0.041640
125.869064 0.041684
125.910740 0.041676
125.952377 0.041637
125.994041 0.041664
126.035739 0.041698
126.077379 0.041640
126.119072 0.041693
126.160723 0.041651
126.202353 0.041630
126.244072 0.041719
126.285739 0.041667
126.327380 0.041641
126.369056 0.041676
126.410725 0.041669
126.452406 0.041681
126.494055 0.041649
126.535739 0.041684
126.577400 0.041661
126.619044 0.041644
126.660740 0.041696
126.702380 0.041640
126.744047 0.041667
126.785725 0.041678
126.827402 0.041677
126.869057 0.041655
126.910740 0.041683
126.952381 0.041641
126.994073 0.041692
127.035738 0.041665
127.077382 0.041644
127.119073 0.041691
127.160734 0.041661
127.202366 0.041632
127.244067 0.041701
127.285744 0.041677
127.327399 0.041655
127.369030 0.041631
127.410737 0.041707
127.452380 0.041643
127.494081 0.041701
127.535698 0.041617
127.577402 0.041704
127.619073 0.041671
127.660721 0.041648
127.702366 0.041645
127.744037 0.041671
127.785741 0.041704
127.827400 0.041659
127.869056 0.041656
127.910740 0.041684
127.952380 0.041640
127.993997 0.041617
128.035731 0.041734
128.077381 0.041650
128.119071 0.041690
128.160731 0.041660
128.202402 0.041671
128.244058 0.041656
128.285742 0.041684
128.327364 0.041622
128.369069 0.041705
128.410738 0.041669
128.452395 0.041657
128.494018 0.041623
128.535727 0.041709
128.577399 0.041672
128.619035 0.041636
128.660693 0.041658
128.702392 0.041699
128.744055 0.041663
128.785720 0.041665
128.827399 0.041679
128.869048 0.041649
128.910737 0.041689
128.952383 0.041646
128.994037 0.041654
129.035724 0.041687
129.077381 0.041657
129.119073 0.041692
129.160724 0.041651
129.202399 0.041675
129.244047 0.041648
129.285740 0.041693
129.327383 0.041643
129.369044 0.041661
129.410739 0.041695
129.452399 0.041660
129.494050 0.041651
129.535740 0.041690
129.577365 0.041625
129.619034 0.041669
129.660702 0.041668
129.702363 0.041661
129.744048 0.041685
129.785704 0.041656
129.827355 0.041651
129.869026 0.041671
129.910683 0.041657
129.952354 0.041671
129.994054 0.041700
130.035724 0.041670
130.077402 0.041678
130.119054 0.041652
130.160739 0.041685
130.202401 0.041662
130.244055 0.041654
130.285742 0.041687
130.327381 0.041639
130.369049 0.041668
130.410739 0.041690
130.452380 0.041641
130.494075 0.041695
130.535700 0.041625
130.577399 0.041699
130.619048 0.041649
130.660739 0.041691
130.702400 0.041661
130.744044 0.041644
130.785735 0.041691
130.827399 0.041664
130.869073 0.041674
130.910724 0.041651
130.952400 0.041676
130.994073 0.041673
131.035739 0.041666
131.077399 0.041660
131.119049 0.041650
131.160738 0.041689
131.202381 0.041643
131.244072 0.041691
131.285739 0.041667
131.327381 0.041642
131.369025 0.041644
131.410734 0.041709
131.452402 0.041668
131.494055 0.041653
131.535740 0.041685
131.577394 0.041654
131.619065 0.041671
131.660725 0.041660
131.702400 0.041675
131.744053 0.041653
131.785703 0.041650
131.827404 0.041701
131.869064 0.041660
131.910739 0.041675
131.952398 0.041659
131.994055 0.041657
132.035739 0.041684
132.077382 0.041643
132.119075 0.041693
132.160724 0.041649
132.202400 0.041676
132.244055 0.041655
132.285739 0.041684
132.327403 0.041664
132.369096 0.041693
132.410739 0.041643
132.452400 0.041661
132.494072 0.041672
132.535725 0.041653
132.577401 0.041676
132.619072 0.041671
132.660725 0.041653
132.702400 0.041675
132.744054 0.041654
132.785725 0.041671
132.827380 0.041655
132.869072 0.041692
132.910740 0.041668
132.952407 0.041667
132.994037 0.041630
133.035724 0.041687
133.077399 0.041675
133.119076 0.041677
133.160704 0.041628
133.202405 0.041701
133.244075 0.041670
133.285725 0.041650
133.327400 0.041675
133.369055 0.041655
133.410739 0.041684
133.452398 0.041659
133.494054 0.041656
133.535724 0.041670
133.577384 0.041660
133.619073 0.041689
133.660724 0.041651
133.702405 0.041681
133.744055 0.041650
133.785725 0.041670
133.827402 0.041677
133.869074 0.041672
133.910738 0.041664
133.952402 0.041664
133.994051 0.041649
134.035739 0.041688
134.077400 0.041661
134.119046 0.041646
134.160737 0.041691
134.202382 0.041645
134.244065 0.041683
134.285739 0.041674
134.327398 0.041659
134.369021 0.041623
134.410725 0.041704
134.452397 0.041672
134.494048 0.041651
134.535739 0.041691
134.577364 0.041625
134.619054 0.041690
134.660741 0.041687
134.702360 0.041619
134.744055 0.041695
134.785724 0.041669
134.827382 0.041658
134.869074 0.041692
134.910740 0.041666
134.952381 0.041641
134.994067 0.041686
135.035738 0.041671
135.077400 0.041662
135.119055 0.041655
135.160703 0.041648
135.202374 0.041671
135.244045 0.041671
135.285739 0.041694
135.327378 0.041639
135.369072 0.041694
135.410739 0.041667
135.452382 0.041643
135.494073 0.041691
135.535724 0.041651
135.577380 0.041656
135.619072 0.041692
135.660725 0.041653
135.702381 0.041656
135.744055 0.041674
135.785739 0.041684
135.827381 0.041642
135.869006 0.041625
135.910739 0.041733
135.952401 0.041662
135.994056 0.041655
136.035734 0.041678
136.077385 0.041651
136.119068 0.041683
136.160724 0.041656
136.202353 0.041629
136.244033 0.041680
136.285727 0.041694
136.327362 0.041635
136.369052 0.041690
136.410700 0.041648
136.452364 0.041664
136.494056 0.041692
136.535692 0.041636
136.577365 0.041673
136.619025 0.041660
136.660723 0.041698
136.702365 0.041642
136.744083 0.041718
136.785739 0.041656
136.827357 0.041618
136.869055 0.041698
136.910694 0.041639
136.952384 0.041690
136.993998 0.041614
137.035740 0.041742
137.077378 0.041638
137.119055 0.041677
137.160738 0.041683
137.202400 0.041662
137.244073 0.041673
137.285725 0.041652
137.327399 0.041674
137.369055 0.041656
137.410740 0.041685
137.452384 0.041644
137.494058 0.041674
137.535733 0.041675
137.577361 0.041628
137.619076 0.041715
137.660725 0.041649
137.702384 0.041659
137.744058 0.041674
137.785744 0.041686
137.827404 0.041660
137.869062 0.041658
137.910754 0.041692
137.952363 0.041609
137.994055 0.041692
138.035740 0.041685
138.077405 0.041665
138.119074 0.041669
138.160743 0.041669
138.202400 0.041657
138.244073 0.041673
138.285729 0.041656
138.327404 0.041675
138.369055 0.041651
138.410725 0.041670
138.452400 0.041675
138.494072 0.041672
138.535738 0.041666
138.577400 0.041662
138.619055 0.041655
138.660739 0.041684
138.702383 0.041644
138.744055 0.041672
138.785725 0.041670
138.827400 0.041675
138.869055 0.041655
138.910724 0.041669
138.952401 0.041677
138.994035 0.041634
139.035742 0.041707
139.077411 0.041669
139.119073 0.041662
139.160725 0.041652
139.202398 0.041673
139.244068 0.041670
139.285725 0.041657
139.327399 0.041674
139.369047 0.041648
139.410742 0.041695
139.452384 0.041642
139.494073 0.041689
139.535740 0.041667
139.577404 0.041664
139.619072 0.041668
139.660724 0.041652
139.702364 0.041640
139.744073 0.041709
139.785739 0.041666
139.827400 0.041661
139.869055 0.041655
139.910740 0.041685
139.952382 0.041642
139.994036 0.041654
140.035737 0.041701
140.077401 0.041664
140.119062 0.041661
140.160701 0.041639
140.202356 0.041655
140.244073 0.041717
140.285725 0.041652
140.327404 0.041679
140.369055 0.041651
140.410725 0.041670
140.452399 0.041674
140.494055 0.041656
140.535693 0.041638
140.577401 0.041708
140.619073 0.041672
140.660725 0.041652
140.702393 0.041668
140.744023 0.041630
140.785703 0.041680
140.827400 0.041697
140.869048 0.041648
140.910739 0.041691
140.952374 0.041635
140.994049 0.041675
141.035746 0.041697
141.077374 0.041628
141.119070 0.041696
141.160701 0.041631
141.202361 0.041660
141.244062 0.041701
141.285689 0.041627
141.327399 0.041710
141.369063 0.041664
141.410736 0.041673
141.452372 0.041636
141.493999 0.041627
141.535669 0.041670
141.577353 0.041684
141.619038 0.041685
141.660692 0.041654
141.702377 0.041685
141.744017 0.041640
141.785676 0.041659
141.827383 0.041707
141.869022 0.041639
141.910744 0.041722
141.952385 0.041641
141.994060 0.041675
142.035687 0.041627
142.077400 0.041713
142.119067 0.041667
142.160745 0.041678
142.202383 0.041638
142.244065 0.041682
142.285745 0.041680
142.327383 0.041638
142.369036 0.041653
142.410730 0.041694
142.452400 0.041670
142.494060 0.041660
142.535739 0.041679
142.577393 0.041654
142.619079 0.041686
142.660735 0.041656
142.702383 0.041648
142.744039 0.041656
142.785742 0.041703
142.827373 0.041631
142.869072 0.041699
142.910738 0.041666
142.952398 0.041660
142.994062 0.041664
143.035722 0.041660
143.077399 0.041677
143.119054 0.041655
143.160723 0.041669
143.202400 0.041677
143.244054 0.041654
143.285727 0.041673
143.327385 0.041658
143.369063 0.041678
143.410735 0.041672
143.452410 0.041675
143.494046 0.041636
143.535737 0.041691
143.577373 0.041636
143.619033 0.041660
143.660701 0.041668
143.702400 0.041699
143.744050 0.041650
143.785723 0.041673
143.827363 0.041640
143.869072 0.041709
143.910737 0.041665
143.952399 0.041662
143.994060 0.041661
144.035699 0.041639
144.077389 0.041690
144.119019 0.041630
144.160742 0.041723
144.202378 0.041636
144.244070 0.041692
144.285710 0.041640
144.327401 0.041691
144.369055 0.041654
144.410723 0.041668
144.452400 0.041677
144.494054 0.041654
144.535723 0.041669
144.577399 0.041676
144.619069 0.041670
144.660738 0.041669
144.702377 0.041639
144.744070 0.041693
144.785723 0.041653
144.827399 0.041676
144.869054 0.041655
144.910737 0.041683
144.952375 0.041638
144.994053 0.041678
145.035738 0.041685
145.077379 0.041641
145.119071 0.041692
145.160737 0.041666
145.202399 0.041662
145.244053 0.041654
145.285726 0.041673
145.327380 0.041654
145.369068 0.041688
145.410722 0.041654
145.452400 0.041678
145.494053 0.041653
145.535722 0.041669
145.577405 0.041683
145.619047 0.041642
145.660741 0.041694
145.702377 0.041636
145.744053 0.041676
145.785687 0.041634
145.827379 0.041692
145.869063 0.041684
145.910723 0.041660
145.952401 0.041678
145.994046 0.041645
146.035738 0.041692
146.077359 0.041621
146.119044 0.041685
146.160738 0.041694
146.202377 0.041639
146.244074 0.041697
146.285737 0.041663
146.327379 0.041642
146.369044 0.041665
146.410708 0.041664
146.452403 0.041695
146.494053 0.041650
146.535738 0.041685
146.577399 0.041661
146.619043 0.041644
146.660738 0.041695
146.702377 0.041639
146.744054 0.041677
146.785699 0.041645
146.827400 0.041701
146.869040 0.041640
146.910738 0.041698
146.952379 0.041641
146.994071 0.041692
147.035738 0.041667
147.077378 0.041640
147.119054 0.041676
147.160723 0.041669
147.202378 0.041655
147.244064 0.041686
147.285723 0.041659
147.327402 0.041679
147.369045 0.041643
147.410731 0.041686
147.452397 0.041666
147.494043 0.041646
147.535738 0.041695
147.577398 0.041660
147.619017 0.041619
147.660730 0.041713
147.702355 0.041625
147.744054 0.041699
147.785723 0.041669
147.827402 0.041679
147.869037 0.041635
147.910724 0.041687
147.952401 0.041677
147.994065 0.041664
148.035738 0.041673
148.077371 0.041633
148.119044 0.041673
148.160732 0.041688
148.202365 0.041633
148.244071 0.041706
148.285723 0.041652
148.327380 0.041657
148.369065 0.041685
148.410724 0.041659
148.452400 0.041676
148.494043 0.041643
148.535738 0.041695
148.577403 0.041665
148.619055 0.041652
148.660740 0.041685
148.702378 0.041638
148.744071 0.041693
148.785723 0.041652
148.827380 0.041657
148.869071 0.041691
148.910740 0.041669
148.952405 0.041665
148.994054 0.041649
149.035739 0.041685
149.077401 0.041662
149.119054 0.041653
149.160738 0.041684
149.202378 0.041640
149.244071 0.041693
149.285724 0.041653
149.327403 0.041679
149.369066 0.041663
149.410738 0.041672
149.452402 0.041664
149.494045 0.041643
149.535737 0.041692
149.577358 0.041621
149.619040 0.041682
149.660738 0.041698
149.702401 0.041663
149.744054 0.041653
149.785703 0.041649
149.827380 0.041677
149.869072 0.041692
149.910738 0.041666
149.952401 0.041663
149.994027 0.041626
150.035724 0.041697
150.077403 0.041679
150.119044 0.041641
150.160733 0.041689
150.202383 0.041650
150.244070 0.041687
150.285700 0.041630
150.327403 0.041703
150.369065 0.041662
150.410723 0.041658
150.452401 0.041678
150.494044 0.041643
150.535738 0.041694
150.577380 0.041642
150.619053 0.041673
150.660667 0.041614
150.702402 0.041735
150.744068 0.041666
150.785723 0.041655
150.827351 0.041628
150.869055 0.041704
150.910688 0.041633
150.952412 0.041724
150.994068 0.041656
151.035722 0.041654
151.077403 0.041681
151.119052 0.041649
151.160722 0.041670
151.202383 0.041661
151.244070 0.041687
151.285737 0.041667
151.327380 0.041643
151.369062 0.041682
151.410738 0.041676
151.452407 0.041669
151.494054 0.041647
151.535738 0.041684
151.577366 0.041628
151.619054 0.041688
151.660691 0.041637
151.702378 0.041687
151.744022 0.041644
151.785727 0.041705
151.827358 0.041631
151.869072 0.041714
151.910709 0.041637
151.952351 0.041642
151.994043 0.041692
152.035724 0.041681
152.077350 0.041626
152.119054 0.041704
152.160738 0.041684
152.202380 0.041642
152.244022 0.041642
152.285713 0.041691
152.327351 0.041638
152.369062 0.041711
152.410701 0.041639
152.452403 0.041702
152.494056 0.041653
152.535710 0.041654
152.577358 0.041648
152.619055 0.041697
152.660738 0.041683
152.702360 0.041622
152.744063 0.041703
152.785737 0.041674
152.827358 0.041621
152.869072 0.041714
152.910699 0.041627
152.952398 0.041699
152.994046 0.041648
153.035739 0.041693
153.077383 0.041644
153.119050 0.041667
153.160740 0.041690
153.202400 0.041660
153.244073 0.041673
153.285728 0.041655
153.327406 0.041678
153.369057 0.041651
153.410713 0.041656
153.452405 0.041692
153.494055 0.041650
153.535736 0.041681
153.577401 0.041665
153.619033 0.041632
153.660742 0.041709
153.702381 0.041639
153.744055 0.041674
153.785740 0.041685
153.827400 0.041660
153.869021 0.041621
153.910740 0.041719
153.952382 0.041642
153.994057 0.041675
154.035725 0.041668
154.077402 0.041677
154.119024 0.041622
154.160739 0.041715
154.202380 0.041641
154.244064 0.041684
154.285740 0.041676
154.327368 0.041628
154.369062 0.041694
154.410725 0.041663
154.452408 0.041683
154.494056 0.041648
154.535725 0.041669
154.577402 0.041677
154.619057 0.041655
154.660741 0.041684
154.702362 0.041621
154.744035 0.041673
154.785679 0.041644
154.827382 0.041703
154.869069 0.041687
154.910722 0.041653
154.952382 0.041660
