0.000000 0.005950
0.000000 0.002662
0.000000 0.032398
0.000000 0.018982
0.000000 0.006701
0.000000 0.009095
0.003674 0.007317
0.003656 0.005404
0.003666 0.005543
0.003673 0.005195
0.007491 0.006904
0.006537 0.004832
0.007585 0.003793
0.007555 0.004514
0.007066 0.004466
0.008838 0.008468
0.006841 0.006002
0.006238 0.004824
0.006092 0.004424
0.005888 0.004665
0.005740 0.004624
0.008757 0.008930
0.006532 0.007502
0.005715 0.005111
0.005690 0.005379
0.005575 0.004688
0.005525 0.004405
0.008341 0.008246
0.005908 0.005801
0.005580 0.004381
0.005523 0.004318
0.008359 0.008872
0.005995 0.006111
0.005461 0.004610
0.005456 0.005020
0.008451 0.008474
0.005788 0.005705
0.005418 0.004968
0.005398 0.004809
0.008923 0.008968
0.005775 0.005740
0.005393 0.004993
0.005384 0.004679
0.009229 0.009216
0.005909 0.005626
0.005421 0.004971
0.005372 0.005017
0.008896 0.009189
0.005904 0.005863
0.005387 0.005158
0.005322 0.004863
0.008486 0.008503
0.005700 0.005858
0.005320 0.005077
0.005282 0.004671
0.008959 0.009279
0.005479 0.005137
0.005308 0.004400
0.005389 0.005283
0.005286 0.005036
0.009381 0.009610
0.006816 0.007589
0.005294 0.004515
0.005397 0.005585
0.005285 0.004920
0.005278 0.004856
0.005386 0.004919
0.005243 0.004084
0.008365 0.008067
0.005259 0.004491
0.005326 0.005111
0.008858 0.009553
0.005712 0.005764
0.005250 0.004687
0.005221 0.004904
0.008689 0.008921
0.005420 0.005315
0.005281 0.004864
0.005354 0.005406
0.005199 0.004745
0.008998 0.009151
0.006083 0.006541
0.005211 0.004656
0.005264 0.005274
0.005216 0.004754
0.005209 0.004976
0.007965 0.008027
0.005166 0.004119
0.005207 0.004635
0.009156 0.009580
0.005591 0.005360
0.005202 0.004955
0.005172 0.004804
0.010687 0.011141
0.005496 0.005116
0.005275 0.004700
0.005361 0.005309
0.005158 0.004295
0.010436 0.010378
0.005601 0.004972
0.005341 0.005016
0.005405 0.004986
0.005147 0.004382
0.009161 0.009402
0.005566 0.005746
0.005214 0.004094
0.005370 0.004821
0.005131 0.004898
0.009461 0.009806
0.005449 0.005420
0.005204 0.004706
0.005265 0.005318
0.005157 0.005138
0.008320 0.008499
0.005121 0.004911
0.005119 0.004939
0.009217 0.010059
0.006251 0.007042
0.005133 0.005198
0.005149 0.005570
0.005127 0.004895
0.005104 0.004566
0.008866 0.009367
0.005538 0.005926
0.005098 0.005177
0.005070 0.004401
0.008631 0.009301
0.005518 0.005710
0.005058 0.004650
0.005084 0.004790
0.008886 0.009186
0.005567 0.005567
0.005093 0.004870
0.005076 0.004475
0.008760 0.009118
0.005611 0.005408
0.005079 0.004462
0.005080 0.004434
0.008925 0.009251
0.005425 0.005154
0.005160 0.004555
0.005279 0.005355
0.005081 0.004627
0.008678 0.009083
0.005497 0.005344
0.005074 0.004676
0.005052 0.004676
0.009096 0.009250
0.005542 0.005443
0.005044 0.004540
0.005038 0.004270
0.009754 0.009739
0.005635 0.005138
0.005066 0.004780
0.005068 0.004755
0.011119 0.011023
0.005791 0.005852
0.005066 0.004479
0.005072 0.004525
0.009257 0.009190
0.005790 0.005714
0.005060 0.004501
0.005073 0.004681
0.009028 0.009367
0.005085 0.004556
0.005137 0.005094
0.009352 0.009660
0.005721 0.006005
0.005014 0.004527
0.005042 0.004568
0.008901 0.008970
0.005696 0.006193
0.005058 0.005300
0.005170 0.005362
0.008940 0.009047
0.005078 0.004853
0.005044 0.005144
0.008925 0.009389
0.005534 0.005823
0.005077 0.005108
0.005033 0.004305
0.009172 0.009608
0.005350 0.006116
0.005134 0.004288
0.005219 0.005676
0.005175 0.004882
0.009194 0.009965
0.005615 0.006021
0.005031 0.005192
0.005054 0.004998
0.008896 0.009380
0.005483 0.005801
0.005055 0.005019
0.005023 0.004695
0.009472 0.009667
0.005481 0.005147
0.005073 0.005367
0.004997 0.004211
0.010011 0.010302
0.005552 0.005508
0.005035 0.004400
0.005018 0.004361
0.009323 0.009346
0.005690 0.005724
0.005079 0.004755
0.005017 0.004646
0.009558 0.009740
0.005768 0.006023
0.005076 0.005117
0.005017 0.004312
0.009058 0.009214
0.005695 0.006010
0.005018 0.004890
0.004993 0.004809
0.008866 0.009241
0.005539 0.005972
0.005037 0.004744
0.005011 0.005236
0.009206 0.009155
0.005493 0.005493
0.005015 0.005303
0.004983 0.004112
0.009242 0.009243
0.005520 0.005573
0.005069 0.004402
0.005227 0.005493
0.005014 0.004195
0.009192 0.009564
0.005759 0.006109
0.005024 0.004852
0.005036 0.005050
0.009405 0.009824
0.006202 0.007090
0.005092 0.005072
0.005140 0.005253
0.005047 0.004880
0.005021 0.004602
0.008543 0.008649
0.004993 0.004386
0.005027 0.004877
0.010159 0.010433
0.005636 0.005576
0.005055 0.004573
0.004995 0.004155
0.009862 0.010080
0.006582 0.007327
0.005104 0.004598
0.005121 0.005581
0.005125 0.005002
0.005031 0.003942
0.023033 0.016610
0.008101 0.007553
0.005371 0.005259
0.004904 0.004107
0.004974 0.004731
0.008823 0.009270
0.005529 0.005551
0.004940 0.004408
0.004924 0.004356
0.009748 0.009917
0.006541 0.006796
0.005062 0.005022
0.005048 0.004922
0.005013 0.004759
0.005010 0.004619
0.008982 0.008919
0.005393 0.005409
0.004906 0.004477
0.004898 0.004501
0.008848 0.008859
0.005414 0.005604
0.004913 0.004459
0.004905 0.004548
0.008965 0.009084
0.005413 0.005576
0.004956 0.005042
0.004886 0.004517
0.008349 0.008235
0.004911 0.004207
0.004919 0.004614
0.009069 0.009392
0.005460 0.005965
0.004890 0.004547
0.004943 0.005119
0.008765 0.008865
0.005395 0.005756
0.004914 0.005127
0.004895 0.004541
0.008954 0.009085
0.005131 0.005079
0.004940 0.004554
0.005047 0.005439
0.004903 0.005047
0.008852 0.009066
0.005141 0.005216
0.004884 0.003978
0.005077 0.005120
0.004879 0.005323
0.008635 0.008756
0.005004 0.004224
0.005092 0.005237
0.009601 0.009559
0.005324 0.005581
0.004913 0.005272
0.004892 0.003916
0.008396 0.008389
0.004835 0.003910
0.004870 0.004486
0.008795 0.008996
0.005324 0.005688
0.004954 0.004995
0.004857 0.004692
0.008895 0.009149
0.005402 0.005473
0.004877 0.004391
0.004907 0.004868
0.008206 0.008459
0.004829 0.004262
0.004861 0.004636
0.009448 0.009931
0.005162 0.004727
0.004977 0.004783
0.005076 0.004991
0.004824 0.004455
0.009595 0.009513
0.005539 0.005226
0.004844 0.004001
0.004856 0.004506
0.010669 0.010491
0.005351 0.005193
0.004871 0.004634
0.004866 0.004562
0.010983 0.010931
0.005184 0.005325
0.004855 0.004292
0.004822 0.004856
0.010664 0.010452
0.005139 0.004634
0.004935 0.005008
0.005047 0.005356
0.004852 0.005114
0.009872 0.009737
0.004834 0.004335
0.004950 0.004917
0.010265 0.010706
0.005270 0.005481
0.004889 0.004640
0.004811 0.004747
0.010475 0.010587
0.005117 0.005298
0.004816 0.004214
0.004768 0.004903
0.010771 0.010494
0.004867 0.004686
0.004847 0.005383
0.004825 0.004898
0.004771 0.004622
0.010694 0.010782
0.004940 0.004914
0.004815 0.004669
0.004865 0.004890
0.004799 0.005047
0.010529 0.010295
0.004836 0.004782
0.004844 0.004840
0.004924 0.005364
0.004723 0.004117
0.009928 0.010146
0.004857 0.004934
0.004784 0.004561
0.004683 0.002926
0.009151 0.008613
0.004802 0.003737
0.004796 0.004153
0.004659 0.002964
0.009225 0.008966
0.004809 0.004846
0.004718 0.004023
0.004700 0.003946
0.009647 0.009854
0.004747 0.004372
0.004721 0.004304
0.004675 0.003716
0.009167 0.008777
0.004719 0.003739
0.004670 0.003408
0.004649 0.003154
0.006732 0.005945
0.004611 0.002679
0.008974 0.008997
0.004879 0.005038
0.004706 0.004302
0.004718 0.004796
0.004633 0.003641
0.004626 0.003612
0.007531 0.007354
0.004675 0.005016
0.004648 0.004341
0.004633 0.004328
0.004608 0.003376
0.007130 0.006530
0.004690 0.003831
0.004611 0.004250
0.004626 0.004247
0.004609 0.004512
0.004592 0.004197
0.004575 0.004001
0.009409 0.009923
0.004807 0.004096
0.004599 0.003726
0.004607 0.003468
0.004544 0.002623
0.004538 0.002846
0.007985 0.008386
0.005060 0.005536
0.004580 0.003833
0.004625 0.004141
0.004578 0.003837
0.004551 0.003028
0.004578 0.003605
0.004574 0.003867
0.008995 0.009009
0.004831 0.004807
0.004572 0.003885
0.004559 0.003392
0.004538 0.003446
0.004506 0.002912
0.007881 0.007429
0.004517 0.003115
0.004515 0.002985
0.009001 0.009012
0.005012 0.004835
0.004539 0.003928
0.004531 0.003212
0.004482 0.002671
0.004484 0.003603
0.004515 0.003560
0.004465 0.003600
0.007420 0.006797
0.004520 0.003163
0.004479 0.003222
0.004426 0.002970
0.007386 0.006496
0.004693 0.003536
0.004456 0.003458
0.004448 0.003501
0.004424 0.003223
0.004394 0.003301
0.007425 0.006765
0.004687 0.003533
0.004439 0.003449
0.004419 0.003526
0.004391 0.003169
0.004378 0.003204
0.007075 0.006488
0.004692 0.003568
0.004400 0.003332
0.004383 0.003371
0.004367 0.003289
0.004346 0.003201
0.006399 0.005783
0.004669 0.003570
0.004370 0.003407
0.004349 0.003387
0.004337 0.003235
0.004325 0.003102
0.006365 0.005680
0.004644 0.003505
0.004329 0.003391
0.004326 0.003482
0.004310 0.003202
0.004292 0.003181
0.005996 0.004987
0.004656 0.003503
0.004301 0.003186
0.004295 0.003307
0.004284 0.003160
0.004279 0.003261
0.006240 0.005658
0.004770 0.004159
0.004302 0.003355
0.004302 0.003530
0.004280 0.003358
0.004268 0.003344
0.005062 0.004165
0.004407 0.003675
0.004245 0.002940
0.004237 0.002984
0.004514 0.002824
0.004259 0.003349
0.004226 0.002934
0.003125 0.007899
0.004165 0.001866
0.004159 0.002993
0.004153 0.002893
0.004146 0.002985
0.004142 0.002923
0.004137 0.003118
0.004232 0.002989
0.004222 0.002703
0.004217 0.003026
0.004213 0.002341
0.004207 0.003020
0.004201 0.002605
0.003020 0.000575
0.000575 0.000482
