0.000000 0.003444
0.000000 0.002295
0.000000 0.001793
0.000000 0.001751
0.000000 0.001679
0.000000 0.001451
0.000000 0.001681
0.003444 0.001876
0.002148 0.001517
0.002085 0.001357
0.000249 0.001482
0.001226 0.001708
0.001479 0.001426
0.001635 0.001406
0.001739 0.001401
0.001737 0.001373
0.001472 0.001875
0.001367 0.001890
0.001747 0.001414
0.001663 0.001415
0.001636 0.001414
0.001378 0.001906
0.001437 0.001631
0.001607 0.001366
0.001610 0.001478
0.001672 0.001486
0.001756 0.001746
0.001661 0.001460
0.001649 0.001442
0.001626 0.001390
0.001618 0.001495
0.001693 0.001499
0.001783 0.001630
0.001568 0.001231
0.001598 0.001273
0.001644 0.001499
0.001704 0.001651
0.001687 0.001422
0.001622 0.001486
0.001580 0.001328
0.001677 0.001481
0.001552 0.001315
0.001714 0.001514
0.001540 0.001459
0.001697 0.001830
0.001621 0.001450
0.001514 0.001301
0.001841 0.001897
0.001524 0.001288
0.001619 0.001494
0.001512 0.001228
0.001808 0.001757
0.001552 0.001278
0.001663 0.001568
0.001515 0.001347
0.001597 0.001517
0.001680 0.001672
0.001617 0.001509
0.001626 0.001718
0.001600 0.001577
0.001619 0.001578
0.001544 0.001480
0.001728 0.001527
0.001580 0.001718
0.001586 0.001639
0.001522 0.001450
0.001717 0.001682
0.001693 0.001583
0.001697 0.001677
0.001560 0.001451
0.001614 0.001554
0.001625 0.001614
0.001684 0.001743
0.001584 0.001646
0.001607 0.001620
0.001557 0.001664
0.001607 0.001648
0.001760 0.001773
0.001574 0.001601
0.001556 0.001629
0.001592 0.001493
0.001733 0.001776
0.001620 0.001437
0.001600 0.001576
0.001519 0.001295
0.001615 0.001602
0.001613 0.001532
0.001648 0.001538
0.001623 0.001558
0.001584 0.001567
0.001537 0.001443
0.001602 0.001381
0.001651 0.001504
0.001698 0.001727
0.001531 0.001385
0.001553 0.001368
0.001647 0.001621
0.001637 0.001433
0.001551 0.001423
0.001476 0.001363
0.001776 0.001885
0.001569 0.001500
0.001608 0.001473
0.001582 0.001554
0.001492 0.001445
0.001546 0.001458
0.001615 0.001452
0.001660 0.001670
0.001545 0.001579
0.001488 0.001381
0.001587 0.001441
0.001633 0.001627
0.001641 0.001556
0.001508 0.001378
0.001510 0.001354
0.001624 0.001668
0.001850 0.001886
0.001456 0.001312
0.001518 0.001441
0.001667 0.001865
0.001648 0.001756
0.001600 0.001505
0.001475 0.001386
0.001670 0.001770
0.001696 0.001798
0.001585 0.001470
0.001603 0.001621
0.001663 0.001851
0.001477 0.001494
0.001650 0.001734
0.001866 0.002030
0.001552 0.001380
0.001466 0.001419
0.001515 0.001515
0.001596 0.001565
0.001714 0.001836
0.001596 0.001523
0.001524 0.001350
0.001723 0.001783
0.001604 0.001655
0.001680 0.001572
0.001498 0.001426
0.001615 0.001566
0.001542 0.001447
0.001650 0.001543
0.001813 0.001926
0.001575 0.001420
0.001525 0.001408
0.001591 0.001468
0.001694 0.002165
0.001647 0.001497
0.001510 0.001470
0.001555 0.001422
0.001825 0.002018
0.001582 0.001407
0.001528 0.001382
0.001631 0.001476
0.001540 0.001403
0.001698 0.001755
0.001645 0.001477
0.001583 0.001548
0.001579 0.001518
0.001663 0.001701
0.001556 0.001477
0.001905 0.002028
0.001571 0.001383
0.001434 0.001236
0.001653 0.001629
0.001768 0.002038
0.001630 0.001537
0.001583 0.001467
0.001495 0.001416
0.001759 0.001892
0.001672 0.001534
0.001599 0.001477
0.001560 0.001495
0.001723 0.001921
0.001708 0.001778
0.001680 0.001593
0.001620 0.001613
0.001670 0.001722
0.001560 0.001529
0.001770 0.001777
0.001765 0.001814
0.001759 0.001696
0.001474 0.001330
0.001720 0.001733
0.001856 0.001964
0.001670 0.001649
0.001589 0.001466
0.001599 0.001654
0.001823 0.001942
0.001793 0.001865
0.001709 0.001619
0.001686 0.001729
0.001697 0.001746
0.001717 0.001779
0.001625 0.001602
0.001856 0.001944
0.001715 0.001683
0.001768 0.001773
0.001747 0.001933
0.001952 0.002059
0.001619 0.001682
0.001698 0.001761
0.001699 0.001710
0.001983 0.002116
0.001885 0.001810
0.001623 0.001541
0.001748 0.001995
0.001768 0.001973
0.001912 0.002035
0.001934 0.001906
0.001668 0.001607
0.001736 0.001741
0.001778 0.001735
0.001887 0.001894
0.001849 0.002012
0.001693 0.001591
0.001716 0.001698
0.001791 0.001691
0.002101 0.002294
0.001699 0.001647
0.001934 0.001840
0.001782 0.001909
0.001831 0.001835
0.001924 0.001931
0.001921 0.001759
0.001740 0.001781
0.001954 0.002130
0.001778 0.001744
0.002100 0.001941
0.001793 0.001825
0.001943 0.001987
0.001732 0.001635
0.001977 0.001831
0.001951 0.001976
0.001895 0.001791
0.001797 0.001744
0.001910 0.001938
0.002007 0.002099
0.002031 0.001848
0.001904 0.001807
0.001753 0.001766
0.001951 0.002118
0.001881 0.001809
0.002172 0.001977
0.002026 0.001965
0.002034 0.002153
0.001915 0.001823
0.002024 0.001961
0.001920 0.001933
0.001866 0.001826
0.001851 0.001774
0.002216 0.002338
0.002013 0.001937
0.001811 0.001677
0.001961 0.001816
0.001926 0.001856
0.002232 0.002390
0.002062 0.001966
0.001884 0.001800
0.002023 0.001943
0.001973 0.002077
0.002026 0.002012
0.002081 0.002040
0.002098 0.002113
0.002048 0.002125
0.001904 0.001833
0.002073 0.002064
0.002215 0.002203
0.002066 0.002016
0.001956 0.002080
0.002162 0.002221
0.002205 0.002238
0.001909 0.001887
0.002145 0.001957
0.001971 0.001971
0.002160 0.002254
0.002240 0.002445
0.002284 0.002192
0.002404 0.002467
0.002670 0.002779
0.002476 0.002584
0.002447 0.002578
0.002431 0.002578
0.002295 0.002340
0.002157 0.002193
0.002131 0.002186
0.002428 0.002511
0.002333 0.002316
0.002372 0.002444
0.001901 0.001829
0.002145 0.002294
0.002212 0.002206
0.002102 0.001927
0.001976 0.001917
0.002259 0.002333
0.002050 0.002068
0.001981 0.001884
0.002190 0.002061
0.001917 0.001917
0.002061 0.002068
0.002169 0.002293
0.002161 0.002154
0.002038 0.001960
0.001926 0.001856
0.002015 0.001929
0.002315 0.002414
0.001980 0.001904
0.002213 0.002034
0.001935 0.001909
0.002096 0.002168
0.001996 0.001997
0.002250 0.002097
0.002064 0.002028
0.001806 0.001754
0.001957 0.001932
0.002163 0.002089
0.002082 0.002003
0.001915 0.001839
0.002028 0.002069
0.001899 0.001942
0.002340 0.002280
0.002009 0.001943
0.002043 0.002176
0.001903 0.001977
0.001987 0.002061
0.002030 0.001959
0.002187 0.002017
0.001952 0.001995
0.001944 0.001994
0.001937 0.001940
0.002342 0.002126
0.002143 0.002043
0.001906 0.001881
0.001918 0.001867
0.001996 0.001953
0.002111 0.002169
0.001976 0.001859
0.002087 0.002001
0.001999 0.001905
0.002037 0.002047
0.002098 0.002018
0.002072 0.002040
0.001879 0.001936
0.002019 0.001963
0.002038 0.001991
0.002158 0.002047
0.002092 0.001921
0.001849 0.001904
0.002086 0.002145
0.002071 0.002105
0.001998 0.001867
0.002020 0.001969
0.001926 0.001857
0.002093 0.001985
0.002338 0.002309
0.002133 0.001994
0.001945 0.001874
0.002190 0.002139
0.002011 0.002022
0.002181 0.002112
0.002026 0.001996
0.001918 0.001972
0.002146 0.002163
0.002037 0.002059
0.002401 0.002202
0.002200 0.002052
0.001940 0.002090
0.002156 0.002096
0.002298 0.002309
0.001994 0.001988
0.002034 0.001982
0.002012 0.001982
0.002131 0.002104
0.002308 0.002256
0.002040 0.002148
0.002292 0.002241
0.002107 0.002061
0.002016 0.001974
0.002186 0.002314
0.002137 0.002031
0.002214 0.002160
0.001996 0.002052
0.002084 0.002028
0.002511 0.002266
0.002241 0.002181
0.002051 0.001974
0.002026 0.002099
0.002202 0.002159
0.002229 0.002259
0.002057 0.002168
0.002062 0.001991
0.002077 0.002006
0.002049 0.002064
0.002498 0.002458
0.002229 0.002148
0.001935 0.001916
0.002069 0.002039
0.002021 0.001932
0.002376 0.002259
0.002205 0.002119
0.002015 0.002074
0.002120 0.002197
0.002219 0.002132
0.002333 0.002239
0.001991 0.001911
0.002179 0.002147
0.002039 0.002078
0.002118 0.002094
0.002193 0.002137
0.002503 0.002348
0.002096 0.002057
0.002095 0.002071
0.002084 0.002053
0.002511 0.002403
0.002267 0.002179
0.002067 0.002015
0.002172 0.002123
0.002115 0.002096
0.002386 0.002296
0.002263 0.002310
0.002062 0.002186
0.002047 0.001958
0.002258 0.002193
0.002279 0.002174
0.002128 0.002076
0.002091 0.002051
0.002107 0.002098
0.002224 0.002169
0.002452 0.002332
0.002292 0.002160
0.002087 0.002014
0.002225 0.002267
0.001990 0.002016
0.002501 0.002441
0.002143 0.002130
0.002164 0.002124
0.002070 0.002023
0.002087 0.002077
0.002438 0.002307
0.002276 0.002175
0.002055 0.002115
0.002176 0.002129
0.002146 0.002055
0.002404 0.002337
0.002458 0.002320
0.002102 0.002092
0.002130 0.002208
0.002188 0.002161
0.002371 0.002338
0.002223 0.002156
0.002175 0.002143
0.002094 0.002043
0.002300 0.002222
0.002127 0.002118
0.002335 0.002452
0.002138 0.002058
0.002107 0.002076
0.002046 0.002091
0.002497 0.002527
0.002455 0.002361
0.002036 0.002134
0.002262 0.002254
0.002329 0.002287
0.002355 0.002242
0.002227 0.002247
0.002107 0.002276
0.002127 0.002113
0.002418 0.002383
0.002220 0.002336
0.002370 0.002331
0.002097 0.002085
0.002099 0.002131
0.002318 0.002234
0.002506 0.002397
0.002162 0.002179
0.002187 0.002201
0.002212 0.002249
0.002414 0.002281
0.002226 0.002266
0.002081 0.002247
0.002326 0.002305
0.002156 0.002190
0.002542 0.002472
0.002290 0.002199
0.002222 0.002146
0.002279 0.002288
0.002377 0.002584
0.002424 0.002433
0.002131 0.002221
0.002269 0.002448
0.002494 0.002556
0.002318 0.002320
0.002424 0.002394
0.002439 0.002442
0.002407 0.002535
0.002275 0.002580
0.002486 0.002396
0.002289 0.002368
0.002319 0.002431
0.002460 0.002476
0.002463 0.002460
0.002541 0.002658
0.002158 0.002234
0.002414 0.002384
0.002576 0.002560
0.002224 0.002291
0.002541 0.002543
0.002560 0.002435
0.002393 0.002423
0.002588 0.002583
0.002215 0.002299
0.002511 0.002347
0.002532 0.002541
0.002449 0.002404
0.002459 0.002521
0.002534 0.002523
0.002497 0.002533
0.002360 0.002275
0.002438 0.002525
0.002437 0.002473
0.002703 0.002662
0.002321 0.002258
0.002501 0.002491
0.002480 0.002420
0.002441 0.002440
0.002556 0.002484
0.002437 0.002426
0.002436 0.002550
0.002547 0.002774
0.002523 0.002543
0.002743 0.002729
0.002445 0.002370
0.002444 0.002375
0.002544 0.002460
0.002684 0.002739
0.002454 0.002487
0.002381 0.002307
0.002503 0.002407
0.002633 0.002511
0.002435 0.002526
0.002531 0.002467
0.002518 0.002407
0.002400 0.002464
0.002623 0.002654
0.002518 0.002610
0.002673 0.002638
0.002420 0.002528
0.002488 0.002613
0.002537 0.002659
0.002575 0.002691
0.002610 0.002783
0.002491 0.002592
0.002525 0.002653
0.002532 0.002477
0.002622 0.002623
0.002530 0.002432
0.002628 0.002552
0.002523 0.002558
0.002576 0.002548
0.002583 0.002532
0.002614 0.002487
0.002651 0.002604
0.002655 0.002627
0.002519 0.002498
0.002829 0.002804
0.002598 0.002494
0.002508 0.002445
0.002702 0.002583
0.002543 0.002524
0.002800 0.002770
0.002570 0.002550
0.002579 0.002511
0.002689 0.002632
0.002628 0.002610
0.002676 0.002574
0.002559 0.002418
0.002661 0.002623
0.002727 0.002696
0.002498 0.002394
0.002833 0.002657
0.002730 0.002680
0.002591 0.002601
0.002651 0.002614
0.002614 0.002541
0.002908 0.002803
0.002572 0.002500
0.002737 0.002647
0.002728 0.002736
0.002595 0.002624
0.002710 0.002617
0.002818 0.002690
0.002656 0.002665
0.002868 0.002708
0.002550 0.002567
0.002747 0.002598
0.002810 0.002680
0.002801 0.002825
0.002744 0.002632
0.002722 0.002608
0.002787 0.002738
0.002638 0.002696
0.002703 0.002684
0.002790 0.002769
0.002852 0.002856
0.002572 0.002509
0.002616 0.002516
0.002737 0.002627
0.002795 0.002706
0.002741 0.002845
0.002652 0.002556
0.002711 0.002581
0.002817 0.002752
0.002602 0.002572
0.002771 0.002664
0.002616 0.002542
0.002772 0.002598
0.002678 0.002649
0.002626 0.002596
0.002910 0.002845
0.002667 0.002527
0.002679 0.002631
0.002686 0.002647
0.002811 0.002724
0.002664 0.002565
0.002792 0.002674
0.002728 0.002535
0.002753 0.002673
0.002739 0.002647
0.002780 0.002666
0.002692 0.002583
0.002878 0.002709
0.002507 0.002515
0.003069 0.002758
0.002694 0.002602
0.002800 0.002624
0.002787 0.002659
0.002818 0.002741
0.002824 0.002710
0.002824 0.002647
0.002676 0.002549
0.002860 0.002725
0.002817 0.002781
0.002761 0.002676
0.002724 0.002657
0.002747 0.002586
0.002754 0.002645
0.002759 0.002638
0.002658 0.002588
0.002689 0.002553
0.002791 0.002665
0.002678 0.002664
0.002815 0.002823
0.002808 0.002631
0.002743 0.002613
0.002817 0.002629
0.002697 0.002619
0.002947 0.002780
0.002726 0.002657
0.002640 0.002471
0.002776 0.002638
0.002801 0.002723
0.002699 0.002596
0.002765 0.002633
0.002743 0.002743
0.002820 0.002622
0.002673 0.002645
0.002674 0.002621
0.002714 0.002587
0.002661 0.002624
0.002615 0.002563
0.002836 0.002695
0.002777 0.002781
0.002717 0.002601
0.002822 0.002636
0.002660 0.002599
0.002943 0.002749
0.002719 0.002667
0.002721 0.002696
0.002865 0.002670
0.002599 0.000010
0.002696 0.000031
0.000031 0.000010
