0.000000 0.009453
0.000000 0.005317
0.000000 0.008378
0.000000 0.010596
0.000000 0.008530
0.000000 0.007477
0.009453 0.004625
0.009453 0.005316
0.005248 0.005005
0.006838 0.005316
0.010596 0.005009
0.009167 0.005114
0.008744 0.005101
0.008741 0.004561
0.008286 0.005502
0.004956 0.005422
0.007499 0.005438
0.007219 0.005294
0.006669 0.005326
0.006547 0.005224
0.006403 0.004984
0.006342 0.005216
0.006071 0.004606
0.006031 0.005123
0.005987 0.004052
0.005949 0.005071
0.005910 0.004994
0.005863 0.005039
0.005831 0.004979
0.005774 0.005091
0.005745 0.005097
0.005673 0.004508
0.005648 0.005096
0.005623 0.003983
0.005600 0.005081
0.005577 0.005042
0.005560 0.004983
0.005544 0.005137
0.005509 0.005035
0.005496 0.005022
0.005449 0.004487
0.005438 0.005060
0.005427 0.004153
0.005414 0.005027
0.005406 0.004991
0.005396 0.005138
0.005385 0.005091
0.005362 0.005079
0.005354 0.005022
0.005324 0.004574
0.005317 0.005105
0.005310 0.003863
0.005306 0.005077
0.005301 0.004971
0.005296 0.005275
0.005289 0.005063
0.005274 0.005156
0.005270 0.005043
0.005242 0.004626
0.005239 0.004997
0.005234 0.003843
0.005234 0.005092
0.005231 0.004940
0.005229 0.005183
0.005225 0.005035
0.005215 0.005040
0.005211 0.005195
0.005187 0.004598
0.005185 0.005059
0.005181 0.003934
0.005181 0.005230
0.005179 0.005432
0.005176 0.005040
0.005176 0.005159
0.005167 0.004969
0.005165 0.005221
0.005146 0.004537
0.005148 0.005067
0.005183 0.004477
0.005150 0.003582
0.005151 0.003717
0.005148 0.003737
0.005149 0.003759
0.005140 0.003640
0.005138 0.005055
0.005129 0.004532
0.005108 0.005174
0.005090 0.003952
0.005071 0.005006
0.005053 0.004928
0.005035 0.004983
0.005035 0.005075
0.005029 0.005003
0.005031 0.005066
0.005017 0.004561
0.005017 0.005060
0.005017 0.003965
0.005016 0.005064
0.005016 0.005124
0.005016 0.005113
0.005017 0.005214
0.005011 0.005070
0.005012 0.005163
0.005000 0.004485
0.005001 0.005117
0.005068 0.004048
0.005007 0.004423
0.005006 0.004540
0.005010 0.004418
0.005965 0.006050
0.010177 0.011795
0.006483 0.009301
0.005536 0.007195
0.005300 0.006185
0.011249 0.015543
0.005416 0.006989
0.009793 0.015076
0.013820 0.018462
0.005577 0.007421
0.021063 0.023088
0.005760 0.007706
0.006009 0.007785
0.013682 0.016627
0.020529 0.020694
0.015207 0.016643
0.021622 0.021121
0.006058 0.007179
0.020401 0.020170
0.006262 0.007580
0.006353 0.008708
0.020975 0.021480
0.007765 0.010727
0.005883 0.007067
0.005848 0.006733
0.015998 0.016798
0.005853 0.006702
0.011847 0.013139
0.018915 0.019476
0.007815 0.011114
0.006283 0.008656
0.006470 0.008967
0.022011 0.022850
0.008264 0.011819
0.006470 0.008726
0.006435 0.008769
0.018519 0.019601
0.006638 0.009471
0.006633 0.009692
0.015415 0.016674
0.006039 0.006785
0.019032 0.019644
0.008026 0.010163
0.006404 0.008094
0.006184 0.007142
0.017340 0.019008
0.008424 0.012044
0.006265 0.007144
0.006473 0.009082
0.013990 0.014992
0.008638 0.012276
0.006498 0.008031
0.006320 0.007216
0.009755 0.010214
0.009463 0.013208
0.006689 0.009012
0.034113 0.023497
0.014755 0.016056
0.009984 0.014247
0.007036 0.010968
0.007229 0.011198
0.015571 0.017428
0.009673 0.014887
0.007333 0.011717
0.007091 0.011052
0.012171 0.014768
0.007337 0.011517
0.013264 0.010622
0.012314 0.014765
0.007317 0.011412
0.007881 0.009383
0.010201 0.009138
0.013656 0.012481
0.012398 0.011136
0.014479 0.013539
0.013133 0.011060
0.014900 0.013061
0.012585 0.011240
0.010402 0.009066
0.012226 0.012892
0.011184 0.010125
0.009180 0.009148
0.010343 0.010058
0.009191 0.009005
0.009915 0.009762
0.009354 0.008903
0.010114 0.009941
0.009146 0.008825
0.009406 0.009047
0.009193 0.011940
0.009690 0.009349
0.008616 0.011136
0.008834 0.011612
0.009413 0.009313
0.008566 0.011132
0.008755 0.009058
0.008044 0.010233
0.007791 0.010439
0.009549 0.009731
0.007751 0.009886
0.008024 0.010956
0.009663 0.010169
0.008703 0.011399
0.007537 0.009660
0.007664 0.009928
0.009292 0.009654
0.008720 0.010916
0.007521 0.009231
0.007641 0.009688
0.007909 0.008666
0.014183 0.011770
0.015542 0.014757
0.011230 0.012624
0.010029 0.014274
0.011481 0.014836
0.008637 0.011986
0.016041 0.016543
0.009452 0.014004
0.008719 0.012475
0.014323 0.015889
0.012525 0.015577
0.008470 0.011960
0.008567 0.012634
0.013681 0.013347
0.012642 0.015069
0.009171 0.011628
0.011931 0.015274
0.012126 0.015136
0.012851 0.013603
0.012883 0.016345
0.011798 0.014056
0.014253 0.013017
0.012895 0.015968
0.010156 0.014011
0.009815 0.012319
0.015289 0.014682
0.017141 0.017480
0.012261 0.015367
0.013138 0.015586
0.012474 0.013477
0.010275 0.012942
0.017439 0.016177
0.016946 0.017633
0.010323 0.013580
0.011797 0.014694
0.006284 0.005080
0.006500 0.003645
0.016719 0.015305
0.015603 0.014459
0.006211 0.004624
0.005378 0.005472
0.006267 0.004119
0.006886 0.006710
0.011403 0.009148
0.010558 0.010612
0.013428 0.013078
0.011195 0.013181
0.014357 0.015146
0.008456 0.011377
0.007787 0.010570
0.007198 0.008711
0.006939 0.009184
0.010647 0.009583
0.007820 0.009012
0.007329 0.009076
0.008520 0.009317
0.010345 0.012215
0.008013 0.010193
0.008577 0.010577
0.012089 0.014315
0.009725 0.012297
0.007779 0.009664
0.007956 0.009556
0.011071 0.014077
0.009421 0.012404
0.007440 0.009425
0.007844 0.009679
0.011215 0.013533
0.009449 0.012463
0.007693 0.010026
0.008147 0.010068
0.010942 0.012455
0.009504 0.012251
0.007666 0.009463
0.008052 0.009748
0.008641 0.009709
0.075309 0.043668
0.034794 0.027716
0.014479 0.016628
0.009109 0.011731
0.009192 0.010716
0.008501 0.010381
0.008619 0.010522
0.025547 0.025892
0.010558 0.014020
0.008348 0.008298
0.008382 0.009631
0.025946 0.026274
0.010725 0.014279
0.008255 0.008090
0.008660 0.009884
0.026023 0.026436
0.010691 0.014282
0.008338 0.008383
0.008859 0.009955
0.023752 0.024092
0.010774 0.013913
0.008320 0.007930
0.008655 0.010385
0.023701 0.023953
0.011020 0.014226
0.008468 0.008551
0.008832 0.009943
0.022664 0.023892
0.011234 0.014992
0.008549 0.008688
0.008966 0.010885
0.018133 0.020408
0.011201 0.013897
0.008431 0.008086
0.008714 0.009282
0.013714 0.011079
0.014321 0.015619
0.008665 0.008627
0.009945 0.010621
0.011461 0.012150
0.009508 0.011710
0.008309 0.010058
0.008504 0.010436
0.011434 0.013409
0.009544 0.012565
0.008396 0.010509
0.008336 0.010525
0.012255 0.013757
0.009541 0.012245
0.008372 0.010445
0.008285 0.009779
0.011120 0.013385
0.009356 0.012028
0.008255 0.009719
0.008349 0.010382
0.011392 0.012767
0.009403 0.011992
0.008289 0.010211
0.008370 0.010268
0.011436 0.012678
0.009663 0.012517
0.008421 0.010582
0.008533 0.010573
0.010497 0.011652
0.008776 0.011021
0.015927 0.012916
0.008651 0.008536
0.009681 0.010745
0.012043 0.013446
0.008307 0.010162
0.012148 0.013595
0.008221 0.009875
0.011688 0.012945
0.008254 0.010421
0.011124 0.012382
0.008366 0.010755
0.012777 0.010089
0.010636 0.010681
0.008855 0.008588
0.010311 0.010026
0.008918 0.009305
0.009979 0.009801
0.009160 0.009591
0.011147 0.008875
0.010788 0.009835
0.009950 0.010396
0.010511 0.009347
0.009953 0.011067
0.010654 0.009813
0.009845 0.011475
0.010842 0.010127
0.009886 0.011590
0.010662 0.009938
0.009613 0.010695
0.010707 0.010161
0.009699 0.011206
0.010371 0.010271
0.010262 0.010035
0.010584 0.009705
0.009616 0.010627
0.010611 0.009946
0.009431 0.010840
0.011042 0.009913
0.010583 0.011797
0.009454 0.011108
0.009449 0.011180
0.011411 0.010587
0.010545 0.012121
0.009342 0.011113
0.009398 0.010980
0.010700 0.009389
0.010730 0.011914
0.009259 0.010636
0.009844 0.011507
0.020195 0.016957
0.015628 0.016573
0.021625 0.021583
0.020137 0.020805
0.022075 0.022847
0.025786 0.025686
0.008621 0.009587
0.022615 0.023472
0.009373 0.010581
0.008427 0.010337
0.008366 0.009303
0.016426 0.018916
0.010312 0.012893
0.008653 0.010500
0.008678 0.011075
0.008447 0.009014
0.008351 0.009572
0.013282 0.010839
0.010779 0.010628
0.008261 0.007081
0.008431 0.007368
0.010898 0.010963
0.008802 0.010275
0.011831 0.012159
0.010114 0.012248
0.008759 0.010376
0.008821 0.010662
0.012179 0.012687
0.010368 0.012862
0.008876 0.010509
0.008877 0.010659
0.012066 0.012562
0.010557 0.012957
0.008827 0.010440
0.009121 0.011219
0.012206 0.012785
0.010602 0.013244
0.009008 0.010694
0.009178 0.010887
0.012052 0.012288
0.010782 0.013040
0.009309 0.011276
0.009277 0.011156
0.011882 0.011579
0.011163 0.013104
0.009372 0.011500
0.009843 0.011915
0.011288 0.011167
0.010066 0.011877
0.011197 0.010889
0.009870 0.011228
0.011542 0.011044
0.010817 0.012048
0.009908 0.011330
0.009652 0.011174
0.011355 0.008961
0.010786 0.011131
0.009195 0.010606
0.010530 0.009393
0.009934 0.010088
0.010347 0.008950
0.010103 0.010892
0.010235 0.009546
0.010425 0.009503
0.010204 0.009187
0.010242 0.008985
0.010364 0.009281
0.010775 0.009294
0.010267 0.008770
0.010429 0.008948
0.010369 0.009257
0.010962 0.009566
0.014561 0.011685
0.013039 0.013366
0.014808 0.012266
0.012536 0.015320
0.014312 0.014146
0.014969 0.013395
0.012752 0.015326
0.014242 0.011957
0.013567 0.015362
0.012476 0.015611
0.014192 0.012499
0.012389 0.015421
0.011793 0.009398
0.009850 0.009698
0.012372 0.012910
0.008864 0.009558
0.011218 0.011572
0.010057 0.011678
0.008876 0.010109
0.008670 0.010026
0.010767 0.011506
0.008910 0.009851
0.011435 0.011495
0.010104 0.012334
0.008913 0.010172
0.008899 0.009952
0.011108 0.011596
0.009073 0.010121
0.011268 0.011931
0.010120 0.011920
0.008773 0.010217
0.008916 0.010081
0.011557 0.012311
0.009947 0.012521
0.008850 0.010411
0.008744 0.009732
0.010617 0.011302
0.008846 0.010332
0.010448 0.010519
0.008773 0.009843
0.017989 0.014188
0.011712 0.011892
0.012021 0.013105
0.010615 0.010861
0.009760 0.011199
0.014154 0.015333
0.011491 0.014206
0.009710 0.010685
0.009685 0.010852
0.013997 0.015628
0.011726 0.014887
0.009793 0.011071
0.009913 0.012109
0.014420 0.015421
0.012137 0.015455
0.010041 0.011970
0.009975 0.012128
0.014707 0.014204
0.012400 0.015810
0.009916 0.011892
0.009725 0.011716
0.012771 0.013254
0.009484 0.011038
0.010654 0.010718
0.021951 0.017760
0.016290 0.015888
0.014290 0.017527
0.012479 0.016426
0.012473 0.016289
0.016290 0.017005
0.014300 0.018299
0.012402 0.016326
0.012461 0.016319
0.015577 0.016786
0.012505 0.016279
0.016912 0.017782
0.014384 0.018362
0.012504 0.016502
0.012468 0.016521
0.016275 0.016976
0.014073 0.017923
0.012252 0.015995
0.012125 0.015741
0.015575 0.012629
0.014980 0.016843
0.012100 0.015473
0.012857 0.014303
0.013161 0.011453
0.012127 0.010552
0.013088 0.014976
0.013431 0.012997
0.011854 0.011124
0.014653 0.013321
0.015631 0.013297
0.012982 0.011334
0.013611 0.014833
0.012438 0.014646
0.014362 0.014376
0.015602 0.013935
0.013985 0.013823
0.015953 0.012463
0.016841 0.013801
0.014089 0.011743
0.016738 0.015500
0.015917 0.013297
0.014570 0.013417
0.012318 0.010151
0.013197 0.012737
0.013121 0.010684
0.014259 0.013447
0.013376 0.010954
0.012063 0.011265
0.012455 0.010356
0.010826 0.009097
0.010929 0.009872
0.010526 0.011035
0.011196 0.010327
0.010864 0.011074
0.010732 0.010514
0.010548 0.010581
0.010669 0.011741
0.011104 0.012078
0.012044 0.011192
0.010893 0.011462
0.010884 0.010181
0.010457 0.010974
0.011509 0.010749
0.011451 0.012701
0.009683 0.010804
0.010175 0.010821
0.011476 0.011416
0.009830 0.009627
0.010747 0.010494
0.009968 0.010474
0.010476 0.010523
0.009955 0.010206
0.012239 0.009131
0.009915 0.010497
0.009135 0.010205
0.010157 0.010520
0.009074 0.010264
0.009378 0.009788
0.011921 0.010190
0.010371 0.011675
0.009714 0.011441
0.010851 0.010805
0.009210 0.010308
0.011861 0.010781
0.010769 0.012067
0.009191 0.009824
0.009064 0.009168
0.012985 0.011752
0.010265 0.011630
0.008960 0.008686
0.008841 0.008349
0.012867 0.012635
0.009856 0.010951
0.008854 0.008224
0.008730 0.007909
0.012751 0.012596
0.009450 0.009427
0.008749 0.007732
0.008722 0.007814
0.012577 0.012859
0.009281 0.009381
0.008667 0.007376
0.008645 0.007786
0.011701 0.012038
0.009223 0.009249
0.008578 0.006944
0.008582 0.007278
0.008264 0.005648
0.008191 0.003561
0.009107 0.007031
0.008186 0.003552
0.008186 0.005032
0.008179 0.005126
0.008951 0.006200
0.008308 0.004755
0.008155 0.004194
0.009426 0.007031
0.009646 0.007491
0.010370 0.008201
0.010789 0.009066
0.010949 0.010429
0.012192 0.010929
0.013548 0.012864
0.011656 0.014001
0.011029 0.013431
0.013220 0.013061
0.010315 0.012876
0.012624 0.012808
0.011413 0.013531
0.009562 0.011432
0.010017 0.012639
0.012140 0.012795
0.009722 0.011322
0.012391 0.012697
0.011422 0.014473
0.009753 0.011229
0.009534 0.011161
0.011562 0.011626
0.009508 0.011159
0.011722 0.012574
0.009649 0.011337
0.012214 0.012940
0.009580 0.011300
0.011743 0.012330
0.010676 0.013149
0.009354 0.010427
0.009323 0.010652
0.010886 0.011728
0.009416 0.010610
0.026687 0.020796
0.015838 0.015775
0.012431 0.012847
0.010837 0.013022
0.017936 0.017983
0.010983 0.013539
0.010905 0.013301
0.022619 0.021779
0.012477 0.015756
0.010769 0.013567
0.010766 0.012329
0.019632 0.019964
0.012294 0.015374
0.010513 0.012990
0.010619 0.012904
0.019051 0.019434
0.012262 0.015540
0.010640 0.012693
0.010729 0.013229
0.019433 0.019947
0.012235 0.015218
0.010627 0.013004
0.010683 0.013022
0.018856 0.019304
0.012209 0.015131
0.010771 0.013398
0.010727 0.012806
0.016369 0.016472
0.012328 0.015173
0.010671 0.012577
0.010696 0.013291
0.023394 0.018801
0.011871 0.012080
0.011898 0.011940
0.009746 0.009013
0.009053 0.009440
0.008951 0.009259
0.013719 0.014570
0.008897 0.008443
0.013765 0.014447
0.008894 0.008465
0.014161 0.015522
0.008910 0.007908
0.013244 0.013827
0.008879 0.008076
0.016302 0.017308
0.009763 0.011598
0.008948 0.009542
0.008936 0.009044
0.014367 0.015642
0.008938 0.008183
0.013508 0.014798
0.008938 0.007965
0.013148 0.014209
0.008963 0.009234
0.014351 0.015595
0.008983 0.009359
0.015246 0.015837
0.009787 0.010926
0.008988 0.009541
0.008935 0.009608
0.011860 0.012270
0.009749 0.011461
0.008886 0.009463
0.008935 0.009669
0.012390 0.009538
0.010353 0.009750
0.009008 0.009201
0.009807 0.008679
0.011902 0.011914
0.009579 0.010398
0.009795 0.010935
0.012156 0.012324
0.010503 0.012410
0.009455 0.010220
0.009453 0.010121
0.012107 0.012467
0.010211 0.011738
0.009303 0.009652
0.009122 0.009286
0.012183 0.012300
0.009173 0.009241
0.011823 0.011910
0.010684 0.011866
0.009322 0.009268
0.009738 0.010695
0.012036 0.012212
0.010820 0.012674
0.009616 0.010400
0.009324 0.009689
0.012890 0.010017
0.012334 0.012190
0.009584 0.008607
0.009920 0.011007
0.012389 0.011551
0.011237 0.013427
0.010084 0.011362
0.010064 0.011724
0.011490 0.011876
0.009617 0.010535
0.010614 0.010277
0.014838 0.011648
0.012620 0.012042
0.010800 0.012310
0.009804 0.010461
0.009744 0.011436
0.012119 0.013091
0.010617 0.012422
0.009464 0.010241
0.009625 0.010227
0.012543 0.012108
0.010752 0.012640
0.010238 0.011736
0.009862 0.010960
0.012026 0.012102
0.012437 0.014581
0.009986 0.011295
0.009996 0.011832
0.012332 0.013034
0.009970 0.011407
0.011430 0.011949
0.009561 0.010008
0.011825 0.012593
0.010905 0.012527
0.009713 0.010680
0.009749 0.010854
0.014084 0.010842
0.011219 0.012012
0.009945 0.011320
0.009841 0.010813
0.012489 0.012166
0.013365 0.012624
0.010966 0.012336
0.011188 0.013491
0.012640 0.012093
0.012179 0.014118
0.010538 0.012049
0.010561 0.012322
0.012057 0.011051
0.011837 0.013416
0.010257 0.011536
0.010671 0.012430
0.012081 0.011148
0.010315 0.011389
0.012239 0.010537
0.011251 0.012500
0.009979 0.011321
0.009925 0.010832
0.011859 0.011017
0.010444 0.011790
0.012031 0.010135
0.012461 0.013663
0.010692 0.011671
0.010594 0.012207
0.012415 0.010202
0.011686 0.012982
0.010047 0.010301
0.010227 0.011472
0.012941 0.012583
0.011430 0.012677
0.009911 0.010363
0.009596 0.010471
0.011597 0.011951
0.009764 0.010783
0.012369 0.011734
0.011031 0.012353
0.010243 0.011196
0.010561 0.012216
0.012540 0.012618
0.011276 0.012860
0.010554 0.011848
0.010184 0.011418
0.012378 0.012888
0.011300 0.013117
0.009980 0.010342
0.009924 0.011396
0.011953 0.012113
0.010732 0.012555
0.010051 0.011139
0.024132 0.019821
0.011407 0.011010
0.009122 0.009225
0.011844 0.012136
0.009189 0.009335
0.011830 0.012028
0.009236 0.009653
0.012007 0.012285
0.009231 0.009086
0.012046 0.012872
0.009329 0.009821
0.012187 0.013055
0.009311 0.009200
0.011865 0.012172
0.009274 0.009387
0.011851 0.012139
0.009225 0.009672
0.012886 0.013673
0.010145 0.011318
0.009360 0.009875
0.009321 0.009871
0.012179 0.013265
0.010184 0.011715
0.009320 0.010051
0.009362 0.010288
0.010283 0.009352
0.009436 0.010180
0.017469 0.013961
0.011431 0.011648
0.010182 0.010735
0.009340 0.009503
0.009329 0.009892
0.011463 0.012470
0.010113 0.011133
0.009363 0.009621
0.009313 0.009420
0.010996 0.011864
0.009878 0.010396
0.009300 0.008784
0.009267 0.008681
0.010827 0.012376
0.009844 0.011169
0.009269 0.008656
0.009293 0.009400
0.010079 0.010013
0.010049 0.010979
0.009298 0.009355
0.009315 0.008999
0.017644 0.013292
0.010939 0.010057
0.009579 0.009014
0.009098 0.007659
0.009064 0.007824
0.010923 0.011610
0.009491 0.009612
0.009046 0.007533
0.009044 0.007738
0.010794 0.011232
0.009481 0.009864
0.009023 0.007505
0.009044 0.007389
0.010943 0.011855
0.009578 0.010289
0.009057 0.007843
0.009084 0.008824
0.010582 0.010718
0.009469 0.009462
0.009034 0.007839
0.009050 0.008034
0.010361 0.010607
0.009522 0.010177
0.009047 0.007720
0.009081 0.008138
0.013146 0.010310
0.009444 0.008172
0.009064 0.007640
0.011178 0.011373
0.012717 0.012326
0.010516 0.011625
0.010461 0.012302
0.013305 0.013080
0.011665 0.013978
0.010249 0.011677
0.010201 0.011636
0.014020 0.014188
0.011822 0.014483
0.010226 0.012022
0.010028 0.011788
0.013444 0.013895
0.013737 0.015869
0.010796 0.013240
0.011495 0.013770
0.010829 0.012126
0.010360 0.011511
0.011024 0.010530
0.012427 0.009322
0.009271 0.006728
0.009871 0.008561
0.011754 0.011701
0.010105 0.011307
0.009536 0.009464
0.009512 0.009241
0.011356 0.010957
0.010618 0.012396
0.009645 0.009879
0.009941 0.010935
0.010989 0.009797
0.010679 0.012182
0.009824 0.010573
0.009935 0.010984
0.010778 0.008847
0.010328 0.010805
0.010121 0.011194
0.010582 0.008880
0.010166 0.010638
0.012378 0.009366
0.012019 0.011095
0.010723 0.012187
0.012088 0.010919
0.010736 0.011787
0.011840 0.011278
0.010331 0.011351
0.011998 0.011258
0.010179 0.010646
0.012015 0.011263
0.011137 0.012760
0.010117 0.011504
0.010239 0.011252
0.011780 0.008940
0.010765 0.008564
0.010347 0.010695
0.010420 0.008868
0.010548 0.008676
0.010528 0.008669
0.011337 0.008993
0.010558 0.010985
0.010900 0.009250
0.011069 0.009070
0.010319 0.010437
0.011017 0.009002
0.010295 0.010341
0.011311 0.008443
0.010538 0.007630
0.011177 0.008223
0.010903 0.008113
0.011001 0.007903
0.010963 0.008575
0.010439 0.007530
0.010547 0.007552
0.008711 0.004656
0.008657 0.003508
0.008649 0.003441
0.008641 0.003509
0.008635 0.005100
0.008626 0.005076
0.008932 0.005231
0.008620 0.004237
0.010076 0.007238
0.009278 0.007192
0.010990 0.008844
0.009589 0.008290
0.011835 0.010751
0.010070 0.010293
0.014966 0.012273
0.011771 0.013834
0.009955 0.011101
0.009392 0.010554
0.012096 0.012574
0.009785 0.010135
0.008964 0.008318
0.009030 0.009319
0.011967 0.013316
0.009781 0.011078
0.009007 0.009367
0.009081 0.009239
0.012283 0.012875
0.009919 0.011391
0.009068 0.009462
0.009118 0.009314
0.010944 0.011315
0.009015 0.008675
0.010778 0.010306
0.010084 0.010918
0.008982 0.008945
0.009057 0.009478
0.015075 0.011992
0.011295 0.011129
0.009811 0.009894
0.009045 0.008169
0.008998 0.008008
0.011187 0.012192
0.009749 0.010219
0.009027 0.007964
0.009036 0.007823
0.011247 0.012492
0.009751 0.010193
0.008975 0.007829
0.009005 0.008201
0.011579 0.012541
0.009899 0.010409
0.009044 0.008185
0.009113 0.008319
0.011901 0.013276
0.009785 0.010076
0.009070 0.008136
0.008971 0.007762
0.010933 0.012000
0.009658 0.009430
0.008954 0.007375
0.009089 0.008498
0.011508 0.012622
0.009892 0.010455
0.009117 0.008246
0.009024 0.008110
0.011017 0.011576
0.009019 0.007893
0.011252 0.012005
0.009831 0.009961
0.009042 0.008032
0.009018 0.008004
0.010290 0.007473
0.010188 0.009571
0.009035 0.007841
0.008998 0.007034
0.010019 0.007717
0.010141 0.007962
0.013348 0.010762
0.012122 0.012099
0.010324 0.010021
0.009979 0.010631
0.012643 0.012786
0.010013 0.010995
0.012848 0.012649
0.011388 0.012610
0.010283 0.011662
0.010152 0.011407
0.011773 0.011475
0.010068 0.010613
0.011552 0.011372
0.009997 0.010849
0.010279 0.007639
0.011748 0.011341
0.009748 0.010607
0.010018 0.009245
0.010000 0.007469
0.010151 0.008182
0.012565 0.009769
0.009621 0.008564
0.011415 0.011407
0.009977 0.011153
0.009131 0.009217
0.009126 0.009835
0.011303 0.012171
0.009947 0.011532
0.009150 0.009801
0.009168 0.009667
0.011106 0.011615
0.009899 0.011033
0.009239 0.009993
0.009167 0.009251
0.010542 0.010942
0.009212 0.009772
0.010265 0.007523
0.009565 0.008609
0.009985 0.007649
0.013089 0.010727
0.011814 0.011959
0.010065 0.011420
0.009610 0.010880
0.009477 0.010622
0.011491 0.012479
0.009978 0.011896
0.009485 0.010238
0.009503 0.010937
0.010834 0.011687
0.009504 0.010636
0.013527 0.010644
0.011297 0.011175
0.009552 0.010770
0.009623 0.010765
0.009927 0.009902
0.015126 0.011944
0.010261 0.009833
0.009180 0.009577
0.010425 0.010137
0.009276 0.009521
0.009990 0.009493
0.009227 0.008675
0.010981 0.011235
0.009951 0.011491
0.009409 0.010341
0.009370 0.010465
0.010635 0.010520
0.009402 0.010111
0.010408 0.009777
0.009409 0.010001
0.011386 0.009822
0.010582 0.009960
0.010882 0.009003
0.010801 0.011825
0.009794 0.010709
0.010516 0.011661
0.010451 0.008842
0.010380 0.008114
0.010792 0.011347
0.010565 0.008120
0.010550 0.011217
0.010674 0.008136
0.010426 0.011239
0.011267 0.008664
0.010443 0.009315
0.011241 0.009487
0.009536 0.008919
0.010067 0.011588
0.010902 0.010449
0.009404 0.010181
0.010974 0.010854
0.009192 0.009590
0.010364 0.010279
0.009052 0.009153
0.011653 0.008961
0.009826 0.009211
0.009087 0.009815
0.009176 0.007979
0.010528 0.009918
0.009374 0.009030
0.010808 0.010224
0.009983 0.010543
0.009297 0.009312
0.009277 0.009274
0.010335 0.009969
0.009689 0.010238
0.009158 0.008843
0.009046 0.008984
0.018522 0.015283
0.013312 0.013522
0.010688 0.012577
0.009693 0.010985
0.009276 0.010579
0.011262 0.011712
0.009134 0.009582
0.012092 0.013521
0.010170 0.011844
0.009163 0.010227
0.009150 0.010127
0.011700 0.012522
0.010402 0.012605
0.009256 0.010143
0.009283 0.010100
0.012350 0.013720
0.010452 0.012723
0.009266 0.010225
0.009275 0.009984
0.012255 0.013145
0.010485 0.012020
0.009325 0.009856
0.009280 0.009921
0.010883 0.011404
0.009396 0.010346
0.011781 0.012688
0.010069 0.011810
0.009461 0.010424
0.009669 0.010462
0.011494 0.008985
0.011083 0.011903
0.009409 0.010515
0.010113 0.009778
0.011167 0.010304
0.010255 0.011396
0.009610 0.010150
0.009592 0.010575
0.011295 0.011204
0.010184 0.011866
0.009552 0.010560
0.009492 0.010170
0.010816 0.010597
0.009475 0.009944
0.011440 0.011531
0.010079 0.011572
0.009441 0.009619
0.009430 0.010352
0.011182 0.011730
0.009985 0.011239
0.009431 0.010522
0.009305 0.009507
0.011254 0.011847
0.010107 0.012044
0.009415 0.010045
0.009407 0.010112
0.010692 0.010792
0.009432 0.010102
0.011238 0.011326
0.010185 0.011156
0.009595 0.010602
0.009462 0.009266
0.010818 0.010783
0.010262 0.011688
0.009401 0.009144
0.009481 0.010404
0.027999 0.023302
0.010794 0.010680
0.009049 0.008066
0.008813 0.008789
0.008853 0.009173
0.011258 0.012533
0.009116 0.009147
0.008919 0.008846
0.008879 0.008416
0.010826 0.011592
0.009146 0.009090
0.008925 0.009071
0.008915 0.008442
0.010638 0.011359
0.009156 0.008951
0.008927 0.009050
0.008908 0.007466
0.009782 0.009097
0.009110 0.008897
0.008911 0.008320
0.008938 0.008547
0.009063 0.007057
0.009478 0.009494
0.008942 0.008617
0.009008 0.008904
0.014654 0.011649
0.011216 0.010928
0.009916 0.010551
0.009243 0.009655
0.009395 0.009708
0.011223 0.011562
0.010150 0.011444
0.009440 0.010148
0.009776 0.010030
0.011759 0.011803
0.010423 0.011392
0.009282 0.009834
0.009619 0.009564
0.011546 0.012376
0.010391 0.011299
0.009267 0.009702
0.009439 0.009076
0.011592 0.012568
0.010433 0.011545
0.009291 0.009547
0.009574 0.009968
0.010725 0.010896
0.009465 0.008943
0.010708 0.010453
0.009425 0.009554
0.010663 0.010467
0.009476 0.009476
0.010251 0.009130
0.009486 0.009391
0.016381 0.016889
0.011126 0.011635
0.009605 0.010793
0.013753 0.014771
0.011738 0.014337
0.009872 0.010755
0.009956 0.011720
0.012575 0.013616
0.010106 0.011380
0.012700 0.013802
0.009938 0.009772
0.011758 0.011951
0.009900 0.010178
0.012318 0.013151
0.009895 0.010221
0.011424 0.011883
0.010933 0.012373
0.009523 0.010248
0.016180 0.012593
0.012525 0.011845
0.010981 0.011968
0.009726 0.010569
0.010143 0.010877
0.011719 0.011360
0.010215 0.010901
0.012736 0.011922
0.011193 0.012417
0.009969 0.011036
0.010211 0.011269
0.012572 0.012365
0.011172 0.012644
0.009774 0.010722
0.010089 0.010856
0.011588 0.011740
0.010093 0.010990
0.011494 0.011262
0.011112 0.012298
0.009807 0.010522
0.010102 0.010984
0.012541 0.009633
0.011244 0.011316
0.010343 0.010455
0.010888 0.010679
0.010463 0.011115
0.011235 0.011426
0.010341 0.011168
0.011464 0.011271
0.011853 0.013057
0.011057 0.011316
0.010103 0.010848
0.010760 0.010997
0.010142 0.011069
0.013412 0.011132
0.011876 0.011580
0.010612 0.010819
0.012119 0.011435
0.014288 0.013831
0.011405 0.013129
0.011798 0.013448
0.014201 0.013768
0.012547 0.013982
0.010875 0.012225
0.010970 0.012219
0.013406 0.013693
0.012179 0.013866
0.010482 0.011863
0.010546 0.011683
0.014477 0.011580
0.011982 0.012006
0.010372 0.011620
0.012589 0.012552
0.012296 0.013981
0.011246 0.012634
0.010679 0.012424
0.011972 0.012723
0.010555 0.012061
0.012425 0.012664
0.011987 0.013352
0.010876 0.011717
0.010687 0.011857
0.012408 0.012771
0.011789 0.013769
0.010723 0.011325
0.010514 0.011756
0.012316 0.012552
0.012103 0.013843
0.010924 0.011935
0.010572 0.011968
0.011886 0.012654
0.010674 0.012094
0.012588 0.013004
0.011630 0.013642
0.010844 0.012090
0.010312 0.011648
0.011880 0.013106
0.010543 0.012004
0.012487 0.012732
0.011851 0.013382
0.010805 0.011670
0.010871 0.012458
0.013152 0.013502
0.011922 0.013647
0.011170 0.012288
0.010468 0.011823
0.012344 0.013434
0.011612 0.013356
0.010577 0.011513
0.010195 0.011150
0.010292 0.011276
0.029287 0.026654
0.015658 0.016882
0.011157 0.013097
0.010139 0.011288
0.009716 0.010866
0.015181 0.017732
0.011231 0.014080
0.010200 0.011348
0.009766 0.010973
0.015030 0.017239
0.011034 0.013489
0.010201 0.011086
0.009799 0.011138
0.014899 0.017773
0.010980 0.013175
0.010145 0.010794
0.009770 0.011169
0.014281 0.016070
0.011128 0.013174
0.010136 0.010821
0.009935 0.011539
0.013667 0.015581
0.011309 0.013750
0.010394 0.011299
0.009874 0.010999
0.011012 0.011955
0.011314 0.013651
0.010271 0.010888
0.015512 0.012426
0.012573 0.013182
0.011745 0.013153
0.010915 0.011983
0.010340 0.011723
0.012476 0.013561
0.011380 0.013261
0.010486 0.011466
0.010072 0.011325
0.011896 0.013096
0.009967 0.011079
0.012334 0.014189
0.011229 0.012775
0.010323 0.010959
0.009797 0.010626
0.012445 0.014344
0.010654 0.012056
0.010241 0.011006
0.009717 0.010013
0.012161 0.013739
0.010698 0.012169
0.010115 0.010592
0.009738 0.010415
0.012688 0.014811
0.010543 0.011561
0.010099 0.010853
0.009649 0.009971
0.012065 0.014213
0.010311 0.011402
0.009949 0.009928
0.009590 0.009943
0.011882 0.013550
0.010406 0.011364
0.009939 0.009781
0.009636 0.009970
0.011696 0.013777
0.010535 0.011775
0.009920 0.009860
0.009653 0.010091
0.011523 0.013380
0.010312 0.011061
0.009955 0.009818
0.009577 0.009887
0.010938 0.012035
0.009554 0.009524
0.011377 0.013079
0.010569 0.011970
0.009926 0.009946
0.009676 0.009847
0.010158 0.007801
0.010812 0.010466
0.010043 0.009900
0.009867 0.008165
0.009947 0.008016
0.010457 0.007879
0.009774 0.007516
0.011720 0.008462
0.010636 0.010128
0.011718 0.010468
0.011049 0.011312
0.012183 0.010722
0.010946 0.011171
0.010768 0.011734
0.011363 0.009779
0.011396 0.012378
0.010866 0.011559
0.010348 0.010790
0.010860 0.010505
0.010241 0.010433
0.010978 0.010928
0.010375 0.010902
0.011244 0.011427
0.010578 0.011375
0.009911 0.007441
0.010717 0.009996
0.009647 0.007656
0.010476 0.008061
0.014964 0.012542
0.013564 0.013406
0.012817 0.013531
0.010481 0.011365
0.011361 0.012982
0.013991 0.014868
0.010949 0.012423
0.013508 0.013915
0.011879 0.013279
0.010618 0.012256
0.011007 0.012390
0.010640 0.012102
0.010031 0.007755
0.011169 0.011048
0.010866 0.012156
0.010579 0.007892
0.011473 0.008991
0.010976 0.009889
0.011374 0.009471
0.010597 0.010227
0.010873 0.010982
0.012445 0.010077
0.011323 0.010728
0.010316 0.010915
0.011070 0.009166
0.011550 0.011477
0.011449 0.011832
0.011741 0.009231
0.011015 0.010784
0.011750 0.008927
0.011390 0.010459
0.010475 0.010818
0.010481 0.010242
0.011710 0.010232
0.011174 0.011373
0.012759 0.009621
0.010050 0.009868
0.009711 0.009053
0.010316 0.010374
0.009833 0.009741
0.010776 0.011164
0.009848 0.009203
0.011178 0.011583
0.010754 0.011380
0.010091 0.009732
0.009443 0.009132
0.010126 0.010984
0.010087 0.010741
0.009800 0.009053
0.009464 0.009223
0.014084 0.011680
0.011716 0.011484
0.011231 0.010625
0.010401 0.010899
0.012439 0.013839
0.010268 0.011113
0.010809 0.012241
0.013259 0.014418
0.011622 0.013529
0.010086 0.010714
0.010416 0.010796
0.011794 0.012505
0.011408 0.013181
0.010140 0.011460
0.019664 0.015437
0.011724 0.011054
0.009976 0.009722
0.012281 0.012293
0.010825 0.010960
0.009634 0.009487
0.010024 0.009908
0.011403 0.011909
0.010824 0.011375
0.009720 0.009614
0.010043 0.009640
0.011987 0.008878
0.010857 0.009565
0.009738 0.009796
0.010229 0.008091
0.011707 0.010828
0.010396 0.011175
0.009857 0.009857
0.010565 0.011207
0.009864 0.009767
0.010431 0.011219
0.009781 0.009704
0.010289 0.010786
0.009602 0.009055
0.009362 0.008504
0.014252 0.011343
0.011864 0.012206
0.011214 0.012615
0.010292 0.010270
0.010185 0.010956
0.012079 0.012835
0.011219 0.012748
0.010542 0.010923
0.010024 0.010662
0.012139 0.009831
0.011836 0.012182
0.010354 0.010505
0.010198 0.008969
0.012058 0.011748
0.010467 0.011230
0.009873 0.008863
0.009576 0.009043
0.011490 0.012496
0.010501 0.010753
0.009746 0.008134
0.009470 0.008387
0.011237 0.008697
0.010211 0.009287
0.009856 0.008532
0.010060 0.007976
0.010983 0.010837
0.009576 0.008662
0.010182 0.009210
0.012026 0.011993
0.010437 0.009886
0.009386 0.008010
0.009631 0.007783
0.011428 0.011479
0.010347 0.010012
0.009288 0.007829
0.009660 0.007645
0.011765 0.011542
0.010428 0.010056
0.009293 0.007961
0.009536 0.007355
0.011452 0.010948
0.010205 0.009373
0.009192 0.007536
0.009504 0.007643
0.011229 0.010951
0.010129 0.009327
0.009189 0.007593
0.009511 0.007545
0.009922 0.008986
0.010136 0.009236
0.009167 0.007308
0.009527 0.007558
0.016378 0.016527
0.010946 0.011663
0.010192 0.010772
0.009535 0.008897
0.009197 0.008760
0.010633 0.012169
0.009993 0.010975
0.009481 0.008283
0.009190 0.008351
0.010666 0.012595
0.009939 0.010983
0.009572 0.008629
0.009251 0.008720
0.010621 0.012330
0.009930 0.010453
0.009522 0.008440
0.009177 0.008373
0.010516 0.012068
0.009945 0.010409
0.009491 0.008094
0.009199 0.008346
0.010461 0.012097
0.009926 0.010497
0.009522 0.008388
0.009209 0.008600
0.010512 0.012044
0.009878 0.010424
0.009516 0.008328
0.009173 0.008411
0.010314 0.011526
0.009882 0.010966
0.009519 0.008650
0.009232 0.008770
0.009257 0.009334
0.009787 0.010368
0.009487 0.008756
0.008785 0.004950
0.009057 0.003561
0.008734 0.003525
0.009049 0.003545
0.008731 0.004672
0.008914 0.006132
0.009106 0.005234
0.009493 0.006945
0.011289 0.009187
0.011162 0.009994
0.009384 0.007649
0.012044 0.012684
0.009386 0.009964
0.011846 0.013156
0.009851 0.010194
0.009538 0.008724
0.009141 0.009036
0.011070 0.013131
0.009687 0.010425
0.009562 0.009390
0.009165 0.008841
0.010786 0.012881
0.009714 0.010054
0.009386 0.008066
0.009074 0.007973
0.010044 0.011436
0.009024 0.007628
0.010400 0.012555
0.009696 0.010789
0.009395 0.008465
0.009102 0.008822
0.010320 0.012222
0.009760 0.010579
0.009470 0.008999
0.009143 0.009058
0.010098 0.010075
0.009687 0.010269
0.009219 0.008488
0.012601 0.009682
0.009148 0.006693
0.009358 0.007983
0.011124 0.011966
0.009718 0.010181
0.009214 0.008557
0.009227 0.008487
0.010779 0.011711
0.009714 0.009868
0.009235 0.008031
0.009215 0.008611
0.010949 0.012469
0.009695 0.009870
0.009220 0.008352
0.009178 0.008293
0.010841 0.012231
0.009637 0.010067
0.009206 0.008183
0.009161 0.007987
0.010637 0.011613
0.009634 0.009589
0.009162 0.007529
0.009164 0.007976
0.010811 0.012118
0.009708 0.010330
0.009201 0.008334
0.009207 0.008619
0.011139 0.012354
0.009725 0.010520
0.009235 0.008747
0.009248 0.009108
0.010566 0.011375
0.009649 0.009822
0.009194 0.007894
0.009242 0.008623
0.010457 0.010850
0.009245 0.008824
0.011073 0.011987
0.009753 0.010303
0.009240 0.008767
0.009233 0.008505
0.010885 0.011968
0.009568 0.009567
0.009213 0.008040
0.009141 0.007604
0.010682 0.012050
0.009714 0.010338
0.009193 0.008049
0.009170 0.008114
0.010869 0.012312
0.009862 0.010864
0.009259 0.008393
0.009242 0.009138
0.011100 0.012129
0.009741 0.010445
0.009250 0.008742
0.009209 0.008645
0.011947 0.013080
0.009922 0.010879
0.009231 0.008633
0.009323 0.009023
0.010795 0.010858
0.009484 0.009129
0.009195 0.008900
0.009105 0.007688
0.010619 0.011971
0.009591 0.010266
0.009138 0.007873
0.009141 0.008400
0.009580 0.006125
0.009493 0.008333
0.009098 0.008163
0.009032 0.007046
0.011031 0.007829
0.011056 0.007963
0.010578 0.007461
0.010472 0.007385
0.009872 0.006857
0.009637 0.006348
0.008935 0.006044
0.009091 0.006983
0.009013 0.006759
0.008817 0.005520
0.009340 0.006445
0.008881 0.005950
0.008766 0.005935
0.008746 0.005796
0.008736 0.005761
0.008732 0.005950
0.009194 0.006432
0.008813 0.006004
0.008713 0.005981
0.008694 0.005883
0.008664 0.005767
0.008663 0.005672
0.008990 0.006225
0.008719 0.005874
0.008599 0.005033
0.008599 0.005320
0.008756 0.005917
0.008643 0.006326
0.008590 0.005751
0.008577 0.005710
0.008558 0.005484
0.015630 0.012714
0.012754 0.013675
0.010888 0.011157
0.010215 0.010854
0.011746 0.012203
0.012245 0.013457
0.011887 0.012488
0.013121 0.014428
0.009660 0.010365
0.012275 0.013109
0.011949 0.012257
0.012118 0.012726
0.012161 0.012735
0.012327 0.012944
0.012454 0.013007
0.012524 0.013317
0.012349 0.012807
0.012576 0.013174
0.012463 0.013007
0.012770 0.013499
0.012776 0.013644
0.012755 0.013567
0.012679 0.013375
0.012673 0.013276
0.012791 0.013522
0.012717 0.013577
0.012837 0.013510
0.012709 0.013290
0.012728 0.013296
0.012521 0.013179
0.012168 0.012824
0.008484 0.005781
0.011650 0.012046
0.009849 0.010697
0.008728 0.005974
0.008421 0.004201
0.008397 0.004631
0.008387 0.003768
0.009001 0.005632
0.009600 0.006932
0.009807 0.007441
0.011346 0.009365
0.010134 0.009783
0.013190 0.012635
0.013239 0.013155
0.009912 0.010167
0.011988 0.013006
0.010492 0.011914
0.009433 0.010291
0.009346 0.010255
0.011787 0.013489
0.010333 0.011903
0.009331 0.009850
0.009254 0.009640
0.011652 0.013641
0.010292 0.012014
0.009207 0.009284
0.009220 0.009693
0.011532 0.013082
0.010275 0.012142
0.009244 0.009674
0.009277 0.010139
0.012578 0.009777
0.010627 0.010761
0.009245 0.009733
0.009431 0.008594
0.013446 0.011963
0.012052 0.013644
0.010212 0.011336
0.010385 0.011939
0.011848 0.012613
0.018207 0.014815
0.013369 0.013003
0.010288 0.011791
0.014433 0.014837
0.012394 0.014716
0.010161 0.011467
0.010510 0.012275
0.014204 0.014638
0.011219 0.013676
0.010320 0.012199
0.014930 0.014727
0.010609 0.012286
0.010954 0.013358
0.014918 0.015176
0.011228 0.013284
0.010075 0.011351
0.009639 0.010703
0.013174 0.014285
0.010770 0.013042
0.009325 0.009799
0.009287 0.010009
0.010742 0.011472
0.009324 0.010201
0.022202 0.017416
0.011967 0.012001
0.010067 0.010816
0.009052 0.008980
0.009033 0.008928
0.011929 0.013390
0.009957 0.011638
0.009073 0.008649
0.009095 0.009383
0.011662 0.012704
0.009879 0.011116
0.009093 0.009117
0.009075 0.009102
0.011293 0.012550
0.009783 0.010770
0.009065 0.009045
0.009084 0.008969
0.010489 0.010647
0.009069 0.009206
0.008497 0.004962
0.008451 0.003568
0.009911 0.008881
0.010108 0.009326
0.008454 0.004718
0.009273 0.006033
0.008461 0.003386
0.010627 0.008122
0.012348 0.010170
0.012410 0.011429
0.019294 0.017042
0.009756 0.009165
0.009958 0.008845
0.013981 0.015163
0.009624 0.008673
0.009054 0.007682
0.008832 0.006907
0.011793 0.012326
0.009324 0.008239
0.008759 0.006348
0.008818 0.006884
0.011393 0.012560
0.009464 0.009239
0.008758 0.006365
0.008776 0.006847
0.010745 0.011741
0.009407 0.009455
0.008765 0.006830
0.008746 0.006718
0.014422 0.011344
0.009555 0.008419
0.008745 0.006621
0.008847 0.006755
0.012464 0.010963
0.011916 0.012089
0.010200 0.009966
0.010394 0.010578
0.011513 0.011246
0.010261 0.010407
0.011096 0.010691
0.009693 0.009688
0.011959 0.011263
0.010798 0.011299
0.009785 0.009769
0.010113 0.010303
0.011940 0.011724
0.011309 0.012181
0.009934 0.010241
0.010312 0.010759
0.011834 0.011659
0.010582 0.011518
0.009851 0.010111
0.009622 0.010044
0.012684 0.012191
0.010861 0.012403
0.009631 0.009982
0.009968 0.010827
0.010561 0.010649
0.008362 0.005119
0.008304 0.003599
0.008302 0.003398
0.008304 0.003389
0.008305 0.004563
0.008858 0.005789
0.008469 0.004583
0.008320 0.004126
0.008588 0.005863
0.009446 0.006476
0.008917 0.007084
0.010331 0.008009
0.009315 0.008645
0.012350 0.011273
0.010346 0.010767
0.009180 0.008385
0.008765 0.008259
0.012115 0.012401
0.009796 0.010168
0.008851 0.008396
0.008778 0.008491
0.011185 0.012418
0.009758 0.010359
0.008736 0.008081
0.008684 0.007846
0.012742 0.010097
0.009656 0.009148
0.008688 0.008065
0.011206 0.010564
0.012783 0.012133
0.010805 0.011376
0.010892 0.011967
0.012550 0.013244
0.011239 0.013340
0.009987 0.011373
0.009913 0.011391
0.012852 0.010137
0.009940 0.009897
0.011414 0.010773
0.010968 0.012526
0.009217 0.009802
0.009215 0.009447
0.012159 0.011454
0.010990 0.013353
0.009433 0.010167
0.009365 0.010095
0.013382 0.013356
0.010182 0.011735
0.009463 0.010630
0.009131 0.009750
0.011701 0.012331
0.009623 0.010574
0.008980 0.009151
0.008909 0.009010
0.010984 0.012021
0.009492 0.010437
0.008748 0.008520
0.008727 0.008167
0.013866 0.010390
0.009337 0.009134
0.008808 0.009219
0.008956 0.009475
0.009274 0.007020
0.011710 0.011340
0.009242 0.008886
0.009083 0.008633
0.009142 0.008711
0.009019 0.007979
0.011058 0.012327
0.009382 0.009685
0.009255 0.008824
0.009159 0.008484
0.009161 0.008638
0.010924 0.011734
0.010167 0.010955
0.009135 0.008896
0.009116 0.009163
0.009068 0.009130
0.009091 0.009209
0.011339 0.008309
0.010064 0.009463
0.009167 0.008590
0.009294 0.007366
0.011135 0.008984
0.010362 0.009989
0.010796 0.009434
0.010944 0.009740
0.011170 0.009921
0.010355 0.011018
0.011029 0.009777
0.010233 0.011224
0.011814 0.009059
0.011072 0.009849
0.010272 0.011512
0.011039 0.009429
0.010354 0.011547
0.010989 0.009405
0.010049 0.011045
0.010999 0.009269
0.009949 0.011024
0.011279 0.010258
0.009893 0.010810
0.009858 0.009332
0.034726 0.027410
0.011194 0.011133
0.014801 0.015189
0.011756 0.011984
0.010179 0.012026
0.016445 0.017653
0.009982 0.012231
0.017782 0.019635
0.012369 0.016021
0.010154 0.012302
0.010290 0.012997
0.016686 0.018596
0.010381 0.012577
0.012809 0.010204
0.013388 0.015102
0.010685 0.013990
0.010632 0.013299
0.010581 0.010141
0.011700 0.011792
0.009680 0.010328
0.009856 0.011524
0.011526 0.011734
0.009445 0.010518
0.012516 0.012543
0.010933 0.012940
0.009532 0.010702
0.009559 0.010629
0.012549 0.012849
0.010945 0.013102
0.009672 0.010926
0.009468 0.010630
0.012281 0.012718
0.010430 0.012160
0.009350 0.010123
0.009584 0.010973
0.011542 0.012049
0.009625 0.010717
0.012351 0.012384
0.010534 0.012339
0.009499 0.010217
0.009568 0.010751
0.013017 0.012981
0.010907 0.012406
0.009717 0.011329
0.009991 0.011278
0.010458 0.010553
0.019883 0.016421
0.011482 0.011633
0.009746 0.010381
0.009108 0.009946
0.009139 0.009762
0.011787 0.013148
0.009801 0.011341
0.009142 0.009825
0.009095 0.009717
0.011303 0.012256
0.009000 0.009062
0.011753 0.012830
0.009629 0.011265
0.009076 0.009622
0.009036 0.009321
0.011379 0.012889
0.009536 0.010940
0.009021 0.009426
0.009001 0.009418
0.010420 0.011069
0.009474 0.010481
0.008967 0.008955
0.008905 0.008717
0.010359 0.007722
0.009259 0.008047
0.008891 0.008008
0.009843 0.008707
0.010443 0.008427
0.009288 0.009292
0.010479 0.008776
0.009247 0.009255
0.010706 0.008653
0.009466 0.009137
0.009304 0.009636
0.010447 0.009527
0.009417 0.010112
0.010555 0.010010
0.009303 0.009680
0.010831 0.010168
0.009258 0.009698
0.010993 0.010702
0.010234 0.011274
0.009369 0.009394
0.009193 0.009221
0.010992 0.011131
0.009774 0.011034
0.009107 0.009444
0.009159 0.009987
0.010681 0.010565
0.009957 0.011527
0.009105 0.009567
0.009130 0.009875
0.010656 0.010343
0.010054 0.010789
0.009171 0.009654
0.009400 0.009813
0.017956 0.014741
0.010851 0.010600
0.009604 0.010037
0.008995 0.009016
0.008951 0.009018
0.010945 0.012218
0.009535 0.010729
0.008972 0.009040
0.008998 0.009079
0.011029 0.012447
0.009539 0.010681
0.008995 0.009359
0.009012 0.009290
0.011159 0.012601
0.009522 0.010432
0.008984 0.008836
0.008946 0.008866
0.010817 0.012062
0.009431 0.010031
0.008953 0.008524
0.008945 0.008394
0.010479 0.011273
0.009370 0.009811
0.008934 0.008214
0.008877 0.008158
0.009712 0.009879
0.009359 0.010042
0.008867 0.007693
0.008514 0.004965
0.008467 0.003644
0.008456 0.003681
0.010609 0.007863
0.008527 0.004160
0.008461 0.004453
0.009064 0.006570
0.013313 0.011570
0.009228 0.007300
0.014268 0.014331
0.008876 0.007458
0.015631 0.016512
0.008654 0.007478
0.015013 0.016842
0.009300 0.009597
0.009052 0.009291
0.008773 0.008332
0.012545 0.014923
0.009146 0.009775
0.008718 0.008002
0.008737 0.008490
0.012180 0.014387
0.009124 0.009515
0.008753 0.008065
0.008715 0.008255
0.011877 0.014654
0.009144 0.009852
0.008709 0.008334
0.008718 0.008325
0.011601 0.013830
0.009135 0.009580
0.008701 0.007705
0.008736 0.008388
0.011091 0.012643
0.009156 0.009749
0.008737 0.007759
0.008735 0.007944
0.010032 0.010827
0.009173 0.009585
0.008687 0.007610
0.008718 0.008023
0.009125 0.008128
0.008764 0.008275
0.019649 0.014544
0.011484 0.010479
0.009822 0.009550
0.008910 0.007846
0.008979 0.008303
0.011143 0.010387
0.009100 0.008596
0.012117 0.011936
0.010386 0.011029
0.009254 0.008787
0.009294 0.008961
0.012566 0.010689
0.010949 0.012063
0.009437 0.009335
0.009635 0.009905
0.012153 0.011035
0.010446 0.010729
0.010063 0.010377
0.009403 0.008807
0.011697 0.011209
0.010377 0.011048
0.009266 0.008869
0.009303 0.008974
0.009799 0.008579
0.018870 0.015285
0.011090 0.011407
0.009718 0.010640
0.008937 0.009070
0.008883 0.009082
0.010953 0.012723
0.009439 0.010818
0.008876 0.009061
0.008913 0.009390
0.011259 0.012957
0.009426 0.010631
0.008919 0.009436
0.008874 0.008988
0.011118 0.012624
0.009424 0.010259
0.008825 0.008166
0.008839 0.007818
0.010969 0.012839
0.009371 0.010023
0.008839 0.007962
0.008822 0.007671
0.010567 0.011690
0.009333 0.010011
0.008844 0.007843
0.008810 0.007950
0.009491 0.009907
0.009354 0.010549
0.008835 0.008222
0.027506 0.022595
0.015987 0.015943
0.011636 0.013688
0.009873 0.010589
0.009945 0.010234
0.015039 0.017008
0.011321 0.013284
0.009698 0.010326
0.009747 0.010259
0.014555 0.015758
0.011174 0.012758
0.009752 0.010092
0.009815 0.010747
0.014354 0.015886
0.011249 0.012931
0.009810 0.010527
0.009773 0.010467
0.012023 0.013300
0.009905 0.010817
0.009702 0.010642
0.009945 0.011138
0.009833 0.009734
0.010406 0.010747
0.021041 0.017204
0.012870 0.013311
0.010257 0.011909
0.009306 0.009708
0.009174 0.009820
0.012321 0.013456
0.009828 0.011174
0.009103 0.009547
0.009121 0.009648
0.011898 0.013086
0.009709 0.010932
0.009107 0.009296
0.009129 0.009448
0.010808 0.011142
0.009093 0.009541
0.010215 0.010220
0.010170 0.011531
0.009122 0.009715
0.009092 0.009231
0.012416 0.009988
0.010406 0.009215
0.009658 0.008300
0.010500 0.010312
0.009516 0.008213
0.010224 0.010283
0.009135 0.007159
0.010348 0.011133
0.009549 0.009194
0.009090 0.007102
0.009029 0.007120
0.010237 0.011033
0.009068 0.007228
0.009919 0.009860
0.009089 0.007318
0.013355 0.011427
0.011791 0.011957
0.012809 0.012352
0.011445 0.013293
0.012843 0.013140
0.011748 0.012052
0.012609 0.012400
0.010587 0.012502
0.011771 0.011978
0.012529 0.013032
0.010033 0.010955
0.012889 0.013159
0.010094 0.011784
0.012356 0.012709
0.009853 0.011074
0.012559 0.013148
0.009952 0.011113
0.012146 0.012753
0.009877 0.011298
0.012806 0.013145
0.010076 0.010802
0.012462 0.012939
0.009953 0.010965
0.013253 0.013883
0.011613 0.013978
0.009974 0.011483
0.010029 0.011390
0.017656 0.015034
0.012363 0.013092
0.009977 0.011215
0.010308 0.009598
0.016365 0.014870
0.015529 0.013828
0.012554 0.010851
0.014642 0.013756
0.011896 0.010579
0.015794 0.014722
0.012639 0.010405
0.015175 0.013221
0.012241 0.010197
0.014282 0.012906
0.015250 0.013163
0.011675 0.012514
0.012612 0.012348
0.010574 0.011132
0.012159 0.012293
0.011299 0.012727
0.010449 0.011205
0.010098 0.011271
0.015880 0.013654
0.010245 0.009350
0.012929 0.013002
0.010717 0.011258
0.012610 0.012593
0.015017 0.015570
0.012571 0.011571
0.013522 0.013208
0.012140 0.010142
0.011992 0.010009
0.010972 0.008606
0.013021 0.011360
0.012910 0.011295
0.015217 0.014412
0.013218 0.012244
0.012200 0.010918
0.013645 0.014371
0.012500 0.011833
0.012414 0.011991
0.010587 0.010810
0.013561 0.010928
0.010341 0.008588
0.010919 0.010325
0.012732 0.012633
0.010083 0.009750
0.010146 0.009623
0.012723 0.013646
0.010886 0.011172
0.010141 0.009503
0.009962 0.009037
0.011467 0.012217
0.010627 0.010692
0.009752 0.008301
0.009695 0.008469
0.012921 0.010338
0.009607 0.007911
0.010074 0.007750
0.009089 0.008322
0.010696 0.011614
0.009491 0.009845
0.009089 0.008614
0.009045 0.007995
0.010769 0.012168
0.009534 0.010723
0.009061 0.008285
0.009046 0.008695
0.010722 0.012188
0.009571 0.010802
0.009091 0.008855
0.009130 0.009088
0.010517 0.011623
0.009493 0.010203
0.009069 0.008783
0.009019 0.008008
0.009811 0.010444
0.009542 0.010469
0.009028 0.008478
0.009020 0.008174
0.013940 0.011739
0.012191 0.011580
0.012194 0.010912
0.011281 0.012329
0.012291 0.011044
0.011466 0.013035
0.012246 0.011988
0.012253 0.012330
0.010725 0.011061
0.011609 0.011682
0.010459 0.011457
0.012623 0.010480
0.011110 0.009468
0.012206 0.011891
0.011415 0.009749
0.013258 0.012698
0.014060 0.013099
0.012566 0.011221
0.013595 0.013465
0.012980 0.012479
0.010970 0.011983
0.012253 0.012731
0.010667 0.012063
0.012180 0.012549
0.010884 0.012545
0.015523 0.013889
0.013715 0.013179
0.011873 0.013417
0.012893 0.011344
0.013971 0.015414
0.012174 0.013049
0.014106 0.012753
0.011222 0.008912
0.011052 0.009598
0.010263 0.007882
0.011648 0.009882
0.011045 0.009252
0.011256 0.009883
0.010521 0.010580
0.010762 0.011511
0.010036 0.010348
0.013590 0.011038
0.010894 0.010837
0.009812 0.010133
0.009121 0.008356
0.009112 0.008628
0.010924 0.012055
0.009744 0.010581
0.009068 0.008378
0.009058 0.008466
0.010751 0.012432
0.009567 0.010351
0.008998 0.008032
0.009038 0.008712
0.010585 0.011602
0.009489 0.010161
0.009162 0.008869
0.009121 0.008623
0.010576 0.011587
0.009560 0.010747
0.009193 0.009695
0.009215 0.009714
0.010473 0.010609
0.009463 0.010041
0.009119 0.008778
0.008988 0.008275
0.010170 0.010195
0.008977 0.008045
0.008573 0.004559
0.009632 0.008701
0.008989 0.007643
0.008560 0.003504
0.008918 0.005121
0.008573 0.003797
0.008549 0.004578
0.008540 0.003571
0.009652 0.006817
0.010308 0.007972
0.010697 0.009122
0.012692 0.011591
0.009937 0.008981
0.013064 0.013611
0.010868 0.011475
0.010234 0.011807
0.009330 0.009782
0.010021 0.010562
0.016384 0.013782
0.010720 0.010799
0.010020 0.011524
0.009284 0.009536
0.016483 0.013508
0.011666 0.011695
0.010319 0.011845
0.009387 0.009880
0.009235 0.009535
0.011501 0.012135
0.010241 0.011819
0.009341 0.009725
0.009379 0.010072
0.011367 0.011922
0.010113 0.011468
0.009495 0.010058
0.009307 0.009835
0.011294 0.011038
0.010007 0.011182
0.009255 0.009642
0.009330 0.009971
0.011544 0.011015
0.010260 0.011149
0.009494 0.009765
0.009474 0.009927
0.010836 0.011004
0.009517 0.009902
0.010784 0.010274
0.009615 0.009985
0.012829 0.010644
0.009770 0.008591
0.011629 0.011459
0.009906 0.010062
0.011578 0.011464
0.009820 0.010001
0.011378 0.011775
0.009677 0.009561
0.011375 0.012164
0.009589 0.009315
0.011775 0.012773
0.010350 0.011501
0.009458 0.008939
0.009453 0.009135
0.011323 0.012909
0.010293 0.011198
0.009519 0.008927
0.009389 0.008847
0.012720 0.010425
0.010284 0.010149
0.009379 0.008641
0.010306 0.009242
0.012404 0.012286
0.010106 0.010745
0.009992 0.010658
0.009779 0.010516
0.009640 0.010268
0.010918 0.011376
0.009687 0.010526
0.009815 0.010551
0.009857 0.010988
0.009718 0.010457
0.012785 0.010697
0.009739 0.008798
0.010976 0.010639
0.010031 0.011117
0.009319 0.009453
0.009311 0.009774
0.010917 0.010897
0.010012 0.011032
0.009360 0.009754
0.009276 0.009507
0.010731 0.010659
0.009978 0.010598
0.009217 0.009479
0.009452 0.009909
0.010606 0.009946
0.009674 0.010300
0.009833 0.008842
0.013928 0.012171
0.011567 0.010505
0.012120 0.011622
0.011210 0.009930
0.011866 0.011138
0.011121 0.010377
0.012619 0.011987
0.011953 0.010748
0.014552 0.013393
0.011608 0.010185
0.014827 0.013608
0.017312 0.015232
0.020144 0.017283
0.015413 0.016529
0.011941 0.013743
0.012164 0.014144
0.014540 0.017737
0.012982 0.015644
0.011806 0.013454
0.011625 0.012779
0.012891 0.015592
0.013054 0.015741
0.011741 0.013060
0.011631 0.012857
0.012597 0.010052
0.011540 0.009290
0.012525 0.010892
0.011323 0.009143
0.011445 0.009154
0.012174 0.012747
0.012837 0.012231
0.012876 0.012111
0.010443 0.010948
0.012564 0.012924
0.011138 0.012947
0.010078 0.011148
0.009985 0.010591
0.012020 0.013191
0.010151 0.011593
0.010076 0.011730
0.010177 0.011807
0.009944 0.011142
0.011814 0.012629
0.009723 0.010571
0.009874 0.011057
0.012205 0.013530
0.010822 0.012169
0.009661 0.010167
0.009593 0.009548
0.010689 0.011755
0.010414 0.012147
0.009533 0.010274
0.015301 0.012692
0.010880 0.010580
0.009770 0.010622
0.009319 0.009312
0.009298 0.009684
0.010845 0.012036
0.009491 0.010514
0.009243 0.009481
0.009183 0.008817
0.010666 0.012230
0.009507 0.010209
0.009074 0.008133
0.009078 0.008594
0.010476 0.011692
0.009528 0.010384
0.009077 0.008398
0.009194 0.009289
0.010424 0.011695
0.009487 0.010288
0.009154 0.008768
0.009057 0.008447
0.010094 0.010843
0.009033 0.008399
0.008614 0.004522
0.008603 0.003467
0.009436 0.007904
0.009643 0.008509
0.008594 0.004567
0.008880 0.005189
0.008644 0.004691
0.010417 0.007856
0.009013 0.006462
0.012725 0.012097
0.008956 0.006348
0.012431 0.012991
0.008818 0.006430
0.013049 0.014843
0.009875 0.009175
0.009072 0.007208
0.009028 0.006956
0.012052 0.014225
0.009048 0.008036
0.008955 0.006651
0.008961 0.006983
0.011788 0.014362
0.009512 0.008670
0.008931 0.006526
0.008970 0.007092
0.011474 0.014171
0.009503 0.009231
0.008870 0.006349
0.008919 0.007209
0.011465 0.013950
0.009494 0.009331
0.008870 0.006659
0.008932 0.006855
0.011339 0.013376
0.009575 0.009459
0.008924 0.006677
0.008856 0.006670
0.010896 0.013180
0.009523 0.009025
0.008860 0.006729
0.008875 0.006500
0.009500 0.009925
0.009475 0.008618
0.008817 0.006426
0.008908 0.007202
0.014689 0.012666
0.008718 0.006291
0.008786 0.006186
0.010873 0.012287
0.009378 0.009301
0.008740 0.007280
0.008716 0.007032
0.011368 0.012526
0.009672 0.009586
0.008994 0.007773
0.008978 0.007938
0.010810 0.012425
0.009309 0.008909
0.008703 0.006977
0.008684 0.006847
0.010649 0.012272
0.009279 0.009190
0.008738 0.007336
0.008711 0.007114
0.011553 0.009340
0.009013 0.008382
0.008790 0.008160
0.008738 0.007609
0.009108 0.006913
0.011089 0.011208
0.008971 0.008686
0.009172 0.008689
0.011390 0.012662
0.009925 0.010847
0.008954 0.008399
0.008913 0.008272
0.011696 0.013058
0.009773 0.010618
0.008892 0.008243
0.008845 0.007978
0.011508 0.012883
0.009455 0.009450
0.008807 0.008065
0.008737 0.007580
0.010950 0.012424
0.009493 0.009818
0.008749 0.007488
0.008732 0.007627
0.010785 0.011812
0.009396 0.009690
0.008713 0.007566
0.008731 0.007683
0.010639 0.012174
0.009394 0.009669
0.008673 0.007401
0.008696 0.007418
0.010400 0.011776
0.009410 0.009753
0.008693 0.007318
0.008714 0.007762
0.009331 0.009885
0.008825 0.008815
0.008729 0.008002
0.008834 0.008082
0.008810 0.007929
0.021695 0.018656
0.011419 0.012388
0.009352 0.009488
0.008628 0.006677
0.008628 0.006866
0.011354 0.013944
0.009256 0.009741
0.008675 0.007109
0.008665 0.007162
0.010737 0.012534
0.008607 0.007031
0.010868 0.013118
0.009129 0.009240
0.008605 0.006994
0.008586 0.007030
0.010536 0.012317
0.008595 0.007076
0.010961 0.013598
0.009119 0.009087
0.008624 0.007012
0.008585 0.006906
0.010587 0.012600
0.009072 0.008988
0.008609 0.006929
0.008592 0.006801
0.010220 0.011872
0.008586 0.007400
0.009915 0.011479
0.009017 0.008687
0.008551 0.006895
0.008527 0.006755
0.009059 0.008975
0.008556 0.007230
0.019498 0.017070
0.011179 0.011466
0.009785 0.010467
0.008804 0.007821
0.008715 0.007660
0.010935 0.012777
0.009521 0.010196
0.008686 0.007250
0.008672 0.007347
0.010723 0.012457
0.009447 0.010122
0.008637 0.007381
0.008641 0.007090
0.010709 0.012248
0.009466 0.009678
0.008661 0.007200
0.008668 0.007361
0.010724 0.012745
0.009490 0.010159
0.008654 0.007388
0.008665 0.007541
0.010622 0.012195
0.009493 0.009937
0.008646 0.007104
0.008628 0.007337
0.010627 0.012069
0.009380 0.009738
0.008655 0.007702
0.008652 0.007545
0.010636 0.012024
0.009416 0.009555
0.008620 0.007114
0.008587 0.006977
0.010589 0.012083
0.009470 0.009871
0.008607 0.006933
0.008610 0.007263
0.010597 0.011971
0.009410 0.009937
0.008624 0.007470
0.008579 0.007040
0.010629 0.012060
0.009445 0.010043
0.008618 0.007381
0.008634 0.007597
0.010590 0.011910
0.009445 0.009863
0.008625 0.007341
0.008635 0.007656
0.010210 0.011373
0.009358 0.009634
0.008584 0.006860
0.008614 0.007484
0.008928 0.005942
0.009361 0.008818
0.008583 0.007105
0.008642 0.007339
0.009969 0.007013
0.009541 0.006846
0.009353 0.006636
0.009342 0.006724
0.008805 0.005840
0.008642 0.006810
0.008528 0.006479
0.008501 0.006811
0.008307 0.006047
0.008210 0.005778
0.008501 0.005907
0.008326 0.005844
0.008166 0.005761
0.008176 0.005341
0.008116 0.005917
0.008112 0.005773
0.008133 0.005332
0.008098 0.005858
0.008335 0.005869
0.008148 0.005817
0.008044 0.004991
0.008038 0.005116
0.008237 0.005503
0.008096 0.005423
0.008001 0.005004
0.008005 0.005096
0.008073 0.005645
0.024059 0.019494
0.009475 0.008609
0.008185 0.006664
0.009827 0.010417
0.008658 0.008775
0.008083 0.005901
0.008150 0.006476
0.009017 0.009934
0.008444 0.009904
0.008260 0.008484
0.008388 0.008209
0.008400 0.008910
0.008453 0.007161
0.018424 0.014921
0.010991 0.011335
0.009235 0.010081
0.008537 0.008662
0.008470 0.008413
0.011186 0.013402
0.009270 0.010822
0.008472 0.007886
0.008455 0.008094
0.010903 0.013033
0.009132 0.010667
0.008468 0.008440
0.008450 0.008507
0.011050 0.013056
0.009195 0.010490
0.008498 0.008754
0.008550 0.009027
0.010955 0.012860
0.009233 0.010428
0.008484 0.007560
0.008507 0.008657
0.010803 0.012808
0.009315 0.011442
0.008523 0.009204
0.008548 0.009374
0.010782 0.012595
0.009410 0.011191
0.008574 0.008908
0.008617 0.009332
0.008613 0.005830
0.009803 0.009947
0.008603 0.008483
0.008741 0.007419
0.009708 0.007125
0.009412 0.006935
0.009226 0.006560
0.009189 0.007032
0.008620 0.005817
0.008499 0.006463
0.008311 0.006357
0.008222 0.006370
0.008408 0.005779
0.008164 0.005830
0.008073 0.005826
0.008012 0.005709
0.007990 0.005698
0.007987 0.005693
0.008269 0.006278
0.008074 0.005885
0.007964 0.005694
0.007945 0.005454
0.007940 0.006059
0.007945 0.006210
0.008048 0.005575
0.007953 0.006234
0.007915 0.005873
0.007899 0.005750
0.007902 0.005269
0.011054 0.008434
0.010130 0.009330
0.009076 0.009780
0.010851 0.010560
0.009913 0.011374
0.009085 0.009976
0.008724 0.009187
0.010504 0.010701
0.009537 0.011204
0.008570 0.009188
0.008675 0.009381
0.010393 0.010216
0.009647 0.011334
0.008757 0.009357
0.008790 0.009567
0.010312 0.010291
0.009624 0.011130
0.008800 0.009169
0.008754 0.009290
0.010160 0.009950
0.009729 0.011286
0.008769 0.008836
0.008795 0.009520
0.014920 0.012571
0.008384 0.007058
0.008878 0.008553
0.011490 0.013289
0.009624 0.011454
0.008516 0.009077
0.008865 0.009822
0.010945 0.012126
0.009000 0.010444
0.011899 0.013334
0.010182 0.012630
0.008996 0.010306
0.009009 0.010731
0.011694 0.012328
0.010268 0.012628
0.008937 0.010585
0.008987 0.010667
0.010669 0.011310
0.008910 0.010254
0.008758 0.006203
0.009881 0.010132
0.008751 0.010073
0.009653 0.007090
0.009252 0.006940
0.008995 0.006604
0.009039 0.006924
0.008514 0.005903
0.008389 0.006228
0.008294 0.006629
0.008248 0.006994
0.008051 0.005932
0.007939 0.005827
0.008270 0.006049
0.007960 0.005531
0.007860 0.004954
0.007848 0.004980
0.008157 0.006180
0.008018 0.005884
0.007869 0.005716
0.007884 0.005366
0.007817 0.005419
0.007818 0.005789
0.007850 0.005244
0.007804 0.005889
0.007949 0.005732
0.007870 0.005659
0.007757 0.004852
0.007753 0.005589
0.031760 0.025455
0.014270 0.015574
0.009325 0.011708
0.008365 0.009721
0.008381 0.010234
0.013725 0.016417
0.009134 0.011472
0.008363 0.009149
0.008411 0.010048
0.012932 0.016039
0.009088 0.011569
0.008439 0.010250
0.008419 0.010070
0.012036 0.014162
0.009151 0.011935
0.008428 0.009809
0.008383 0.010004
0.009386 0.010121
0.009249 0.011153
0.008380 0.010174
0.008464 0.010363
0.017635 0.015065
0.010421 0.011853
0.008848 0.010124
0.008306 0.009596
0.008315 0.009505
0.010318 0.012356
0.008749 0.010312
0.008315 0.009513
0.008265 0.009342
0.010253 0.011965
0.008675 0.010315
0.008269 0.009298
0.008238 0.009179
0.009611 0.011258
0.008637 0.009982
0.008259 0.008959
0.008286 0.009279
0.009107 0.010043
0.008985 0.011254
0.008352 0.009152
0.008351 0.009623
0.013942 0.011790
0.011223 0.011857
0.009734 0.011391
0.009131 0.010126
0.008998 0.010062
0.011009 0.012599
0.009867 0.011909
0.008936 0.009343
0.008816 0.010033
0.010620 0.010860
0.009991 0.011845
0.008927 0.009888
0.009555 0.010556
0.009985 0.009902
0.010615 0.008766
0.009581 0.008240
0.010046 0.009185
0.009894 0.009054
0.009963 0.009240
0.009917 0.010907
0.010271 0.009694
0.010653 0.010200
0.009519 0.010961
0.011003 0.010812
0.010033 0.011714
0.009144 0.010410
0.008848 0.010017
0.010904 0.011462
0.009555 0.011383
0.008777 0.009973
0.008707 0.009885
0.011327 0.011750
0.009562 0.011035
0.008682 0.009321
0.008581 0.008975
0.010657 0.011494
0.009595 0.011355
0.008638 0.009105
0.008643 0.009501
0.011065 0.008891
0.009847 0.010141
0.008713 0.009308
0.008687 0.006932
0.010212 0.010480
0.008537 0.008058
0.008811 0.008487
0.010302 0.012097
0.009162 0.009986
0.008583 0.007901
0.008517 0.007765
0.010164 0.011599
0.009119 0.009814
0.008530 0.007323
0.008572 0.008187
0.009756 0.010978
0.009262 0.010329
0.008544 0.007614
0.008494 0.007840
0.013319 0.010881
0.010071 0.010185
0.008424 0.007859
0.010393 0.011611
0.009269 0.010467
0.008457 0.007919
0.008485 0.008373
0.010480 0.011491
0.009462 0.010977
0.008594 0.008836
0.008902 0.009525
0.010423 0.011064
0.009088 0.009826
0.010226 0.010916
0.008944 0.009805
0.010541 0.010814
0.009943 0.011655
0.008962 0.009760
0.009162 0.009654
0.010168 0.009925
0.009281 0.009379
0.010095 0.009803
0.009361 0.009159
0.010707 0.010450
0.009471 0.010282
0.010784 0.010655
0.009359 0.010095
0.011216 0.011236
0.009203 0.010100
0.012014 0.012268
0.009802 0.011308
0.008955 0.009424
0.008663 0.008640
0.010926 0.011979
0.009321 0.010600
0.008497 0.007768
0.008452 0.008090
0.010348 0.010985
0.008507 0.008379
0.010601 0.011605
0.009525 0.011344
0.008516 0.008305
0.008498 0.008980
0.013067 0.010714
0.009604 0.009644
0.008494 0.008780
0.009156 0.008336
0.011378 0.012120
0.008740 0.009109
0.008911 0.010186
0.011350 0.012459
0.009723 0.011645
0.008697 0.009259
0.008738 0.009932
0.013734 0.011583
0.009937 0.010131
0.008774 0.009827
0.009323 0.008815
0.011821 0.012285
0.010254 0.012606
0.009292 0.011053
0.009134 0.010703
0.011794 0.012764
0.010197 0.013246
0.009140 0.010968
0.009120 0.010794
0.011238 0.012714
0.010197 0.012905
0.009132 0.010908
0.009098 0.010854
0.013724 0.012462
0.009187 0.008870
0.011149 0.010482
0.009848 0.012376
0.009725 0.012176
0.009603 0.012193
0.009411 0.010708
0.011432 0.011914
0.010033 0.012455
0.009521 0.011642
0.009481 0.010814
0.012074 0.011527
0.011493 0.013881
0.009737 0.011543
0.010053 0.011960
0.009855 0.011523
0.010536 0.012542
0.017371 0.014426
0.009053 0.007989
0.009426 0.009410
0.012553 0.014161
0.010015 0.012054
0.009154 0.010340
0.009331 0.010967
0.012422 0.014138
0.010299 0.012986
0.009303 0.010955
0.009273 0.010944
0.012714 0.014345
0.010401 0.012795
0.009377 0.010706
0.009361 0.010960
0.012429 0.014184
0.010210 0.011598
0.009248 0.010796
0.009121 0.010624
0.011781 0.014771
0.010112 0.012796
0.009310 0.011173
0.009331 0.010754
0.011043 0.012646
0.010166 0.012419
0.009279 0.010222
0.009266 0.010510
0.009809 0.009992
0.028429 0.024310
0.012834 0.014190
0.008712 0.010110
0.015431 0.016705
0.008842 0.008849
0.014058 0.015722
0.010201 0.012640
0.009136 0.010743
0.008856 0.009797
0.011625 0.013528
0.008722 0.010027
0.011967 0.013596
0.010321 0.012372
0.008783 0.010466
0.008902 0.009965
0.009710 0.009827
0.008862 0.010349
0.014245 0.010646
0.010363 0.010398
0.009267 0.009576
0.008905 0.008552
0.008794 0.008107
0.010407 0.011013
0.009201 0.009685
0.008822 0.008096
0.008766 0.008097
0.010824 0.011250
0.009077 0.008738
0.008774 0.007969
0.008749 0.007722
0.010594 0.011308
0.009016 0.009121
0.008734 0.008120
0.008747 0.008032
0.010209 0.010533
0.009057 0.008811
0.008764 0.007784
0.008764 0.007675
0.010378 0.011241
0.009188 0.009303
0.008640 0.007463
0.008663 0.007448
0.009031 0.007776
0.037089 0.031798
0.012912 0.014105
0.008380 0.006824
0.015512 0.018059
0.009805 0.012610
0.008489 0.009319
0.008462 0.009894
0.015503 0.019459
0.009715 0.012843
0.008555 0.009683
0.008520 0.007788
0.015089 0.018894
0.009754 0.012733
0.008565 0.009023
0.008554 0.008411
0.014396 0.017890
0.009728 0.012603
0.008602 0.008888
0.008599 0.009179
0.013643 0.016649
0.009864 0.013012
0.008569 0.007997
0.008585 0.008730
0.011325 0.013018
0.008635 0.009290
0.012377 0.010142
0.010494 0.011133
0.008723 0.009563
0.011416 0.011163
0.013141 0.013358
0.010900 0.012923
0.010371 0.012460
0.010303 0.012828
0.010075 0.012091
0.012691 0.013938
0.011139 0.012759
0.010242 0.011848
0.010347 0.012503
0.011607 0.013407
0.010231 0.012488
0.010263 0.013068
0.010725 0.012905
0.010202 0.012173
0.011810 0.013192
0.010700 0.014222
0.010327 0.012452
0.010113 0.012389
0.011753 0.013168
0.010439 0.012969
0.010028 0.011506
0.010145 0.012295
0.011873 0.012147
0.010728 0.012991
0.010393 0.012079
0.010591 0.012323
0.013211 0.010885
0.011190 0.011169
0.010400 0.012234
0.012297 0.011260
0.012184 0.010822
0.012455 0.015157
0.012254 0.010928
0.012047 0.014421
0.012485 0.011378
0.012905 0.014935
0.011798 0.010415
0.012061 0.014212
0.012663 0.011578
0.012741 0.011678
0.012175 0.013688
0.010589 0.008100
0.011135 0.010412
0.010605 0.009741
0.011382 0.010989
0.010696 0.009680
0.010894 0.009883
0.010836 0.009644
0.012172 0.011048
0.010837 0.009025
0.011906 0.010165
0.010857 0.009208
0.011413 0.010045
0.010668 0.009082
0.011812 0.010710
0.010753 0.009104
0.012995 0.010915
0.011471 0.010265
0.011471 0.010089
0.011676 0.013599
0.011487 0.010161
0.011535 0.012887
0.011476 0.009900
0.011658 0.013005
0.013012 0.010953
0.011960 0.010570
0.012557 0.011408
0.012150 0.010875
0.013412 0.012748
0.011855 0.009616
0.011003 0.009670
0.011863 0.010911
0.011093 0.010371
0.010973 0.009656
0.010812 0.011589
0.011049 0.010953
0.010809 0.009914
0.011013 0.010252
0.010555 0.009769
0.010614 0.009706
0.010378 0.009384
0.010565 0.009493
0.014179 0.012380
0.012815 0.014017
0.016594 0.015896
0.012422 0.015910
0.011946 0.009677
0.021201 0.021340
0.014958 0.017421
0.015107 0.016537
0.012569 0.011125
0.011213 0.009565
0.012670 0.011709
0.011885 0.011018
0.012197 0.012225
0.011794 0.010917
0.011498 0.010402
0.012209 0.013535
0.011873 0.011070
0.013013 0.010913
0.011903 0.010637
0.012497 0.010707
0.011071 0.009708
0.012390 0.011495
0.012036 0.010182
0.012960 0.010862
0.013048 0.013574
0.013369 0.011943
0.012012 0.010266
0.012107 0.010564
0.012457 0.014258
0.012891 0.011174
0.011901 0.010589
0.012722 0.009843
0.011114 0.010142
0.010963 0.010038
0.012770 0.012743
0.010794 0.011558
0.009545 0.008908
0.009927 0.009682
0.012745 0.012944
0.011191 0.012397
0.010237 0.010096
0.010233 0.010744
0.013007 0.013816
0.011376 0.013037
0.010213 0.010646
0.010415 0.010966
0.013154 0.013992
0.011708 0.013590
0.010246 0.010659
0.010587 0.011226
0.013254 0.014386
0.011786 0.013839
0.010648 0.011121
0.010700 0.011419
0.013340 0.014561
0.011843 0.013795
0.010847 0.011509
0.010797 0.011701
0.013211 0.014707
0.011847 0.013928
0.010327 0.010633
0.010749 0.012061
0.013166 0.014519
0.011895 0.013982
0.010783 0.011341
0.010728 0.011541
0.013077 0.014209
0.011656 0.013803
0.010592 0.011143
0.010261 0.010650
0.012823 0.014254
0.011450 0.013308
0.010467 0.010840
0.010446 0.011037
0.012886 0.014465
0.011524 0.013443
0.010451 0.010597
0.010436 0.010972
0.012797 0.014635
0.011418 0.013331
0.010395 0.010547
0.009921 0.009708
0.012748 0.014470
0.011333 0.013317
0.010373 0.010293
0.010341 0.010493
0.012481 0.014242
0.011193 0.013090
0.010286 0.010552
0.010197 0.010609
0.012930 0.013628
0.011592 0.013328
0.010321 0.011284
0.010231 0.010464
0.012691 0.013923
0.011505 0.013392
0.010365 0.010606
0.010436 0.010483
0.012694 0.014367
0.011337 0.013235
0.010331 0.010386
0.010318 0.010579
0.012586 0.014373
0.011339 0.013106
0.010227 0.009992
0.010355 0.010465
0.012355 0.013679
0.011325 0.013022
0.010333 0.010431
0.010287 0.010291
0.011862 0.013095
0.011166 0.013131
0.010219 0.010253
0.010124 0.010147
0.008442 0.004902
0.008395 0.003425
0.010550 0.008785
0.008396 0.003556
0.008399 0.005186
0.008399 0.004937
0.008994 0.004561
0.008432 0.004746
0.009442 0.005635
0.008370 0.004020
0.009329 0.005420
0.008342 0.004858
0.009826 0.006730
0.008373 0.006269
0.008308 0.004790
0.008315 0.004791
0.009478 0.006867
0.008319 0.005482
0.008268 0.004918
0.008270 0.005588
0.009267 0.007035
0.008309 0.005897
0.008225 0.004697
0.008219 0.004972
0.008262 0.005170
0.012760 0.008324
0.008446 0.005300
0.008739 0.006680
0.008214 0.006243
0.008171 0.005657
0.008148 0.005604
0.008121 0.005469
0.008744 0.006246
0.008196 0.006129
0.008102 0.005577
0.008108 0.005294
0.008087 0.005775
0.008073 0.005720
0.008081 0.005290
0.008057 0.005633
0.008598 0.006638
0.008145 0.005609
0.008036 0.005591
0.008035 0.005303
0.008010 0.005741
0.008002 0.006320
0.008010 0.005652
0.007982 0.005764
0.008411 0.005818
0.008025 0.006112
0.007948 0.005473
0.007940 0.005759
0.007943 0.006274
0.007929 0.006368
0.008276 0.005866
0.007971 0.006024
0.007900 0.005606
0.007887 0.005659
0.007891 0.005738
0.007886 0.005634
0.007962 0.005578
0.007915 0.006480
0.007864 0.005587
0.007894 0.005994
0.007853 0.005759
0.007843 0.005587
0.007854 0.006357
0.009450 0.007072
0.008791 0.006464
0.011141 0.008386
0.008608 0.005896
0.007835 0.005451
0.007765 0.004831
0.007764 0.005325
0.008607 0.006422
0.007811 0.005508
0.007744 0.004868
0.007733 0.004718
0.008556 0.006365
0.007799 0.005939
0.007711 0.004859
0.007700 0.004757
0.008560 0.006259
0.007750 0.006205
0.007679 0.004957
0.007660 0.004770
0.008475 0.006429
0.007712 0.006215
0.007640 0.005328
0.007633 0.005276
0.008359 0.006718
0.007688 0.006106
0.007603 0.004798
0.007597 0.004840
0.008272 0.006176
0.007679 0.005848
0.007581 0.004843
0.007566 0.004781
0.008091 0.006153
0.007640 0.006092
0.007547 0.004812
0.007546 0.005339
0.007721 0.005655
0.007590 0.006294
0.007537 0.006053
0.007541 0.005728
0.007545 0.005918
0.007474 0.004448
0.007465 0.004515
0.007451 0.004669
0.007447 0.004700
0.007428 0.005067
0.007425 0.005182
0.004515 0.000813
0.005067 0.000823
0.000813 0.000022
