0.000000 0.018495
0.000000 0.023766
0.000000 0.019696
0.000000 0.033361
0.000000 0.020225
0.000000 0.018519
0.000000 0.015821
0.018495 0.019364
0.027275 0.020020
0.020653 0.016175
0.024646 0.014994
0.024428 0.015230
0.022205 0.015684
0.022869 0.019730
0.021149 0.018238
0.021023 0.015444
0.020534 0.015000
0.020025 0.015634
0.019621 0.015495
0.019315 0.019537
0.019345 0.018280
0.019270 0.015456
0.019027 0.015425
0.018786 0.015558
0.018608 0.015786
0.018441 0.018904
0.018497 0.018738
0.018487 0.015878
0.018346 0.016157
0.018216 0.016351
0.018103 0.016189
0.018008 0.018757
0.018043 0.016775
0.018070 0.016143
0.017989 0.016027
0.017924 0.015271
0.017870 0.019099
0.017814 0.017458
0.017845 0.015845
0.017811 0.014937
0.017761 0.015009
0.017709 0.014914
0.017639 0.018462
0.017680 0.016095
0.017674 0.014934
0.017625 0.014921
0.017555 0.014124
0.017491 0.018660
0.017427 0.017445
0.017452 0.015060
0.017420 0.015031
0.017362 0.016085
0.017307 0.014515
0.017236 0.018433
0.017267 0.017876
0.017271 0.014818
0.017224 0.014496
0.017179 0.014445
0.017157 0.014580
0.017104 0.018157
0.017130 0.017263
0.017145 0.014768
0.017101 0.014588
0.017053 0.014411
0.017005 0.014710
0.016961 0.018760
0.016983 0.017927
0.016987 0.014824
0.016949 0.015218
0.016910 0.015329
0.016868 0.015614
0.016833 0.018827
0.016864 0.018081
0.016881 0.015467
0.016848 0.015321
0.016823 0.015043
0.016800 0.015048
0.016782 0.018877
0.016813 0.016248
0.016831 0.015684
0.016297 0.015304
0.016280 0.014522
0.019228 0.018193
0.016239 0.017856
0.016239 0.015115
0.016239 0.014882
0.016230 0.015046
0.016215 0.015140
0.019201 0.018557
0.016188 0.017524
0.016214 0.014924
0.016197 0.014649
0.016177 0.014807
0.016160 0.014893
0.019128 0.018446
0.016145 0.017561
0.016165 0.015010
0.016147 0.014949
0.016125 0.014790
0.016107 0.015031
0.019089 0.018913
0.016090 0.017482
0.016110 0.015048
0.016095 0.014795
0.016079 0.014816
0.016062 0.014734
0.019048 0.018766
0.016048 0.017547
0.016067 0.015018
0.016054 0.015054
0.016038 0.014662
0.016022 0.014813
0.019040 0.017915
0.016006 0.017177
0.016025 0.015008
0.016013 0.014627
0.016001 0.014788
0.015985 0.014899
0.019024 0.018595
0.015971 0.015623
0.015985 0.014819
0.015974 0.014732
0.015958 0.014446
0.018962 0.018921
0.015933 0.017557
0.015933 0.014690
0.015929 0.014575
0.015917 0.014928
0.015903 0.014610
0.018942 0.018492
0.015887 0.017420
0.015906 0.015059
0.015892 0.014665
0.015878 0.014853
0.015868 0.014747
0.018941 0.018124
0.015855 0.015749
0.015871 0.014797
0.015863 0.014864
0.015850 0.014493
0.018919 0.018264
0.015829 0.017373
0.015829 0.014875
0.015828 0.014854
0.015818 0.015431
0.015808 0.014850
0.018881 0.018306
0.015795 0.017832
0.015811 0.015062
0.015802 0.015028
0.015603 0.015005
0.015553 0.016050
0.018897 0.019255
0.016983 0.017558
0.015583 0.014821
0.015506 0.014579
0.015534 0.014803
0.015506 0.014706
0.018858 0.018940
0.017039 0.018381
0.015552 0.015093
0.015581 0.015322
0.015526 0.015056
0.015549 0.014959
0.018739 0.019096
0.016910 0.017619
0.015577 0.015084
0.015669 0.015404
0.015525 0.014923
0.015441 0.014663
0.018417 0.018392
0.016739 0.017057
0.015394 0.014722
0.015310 0.014687
0.015315 0.015223
0.015287 0.014594
0.018381 0.017983
0.015651 0.016139
0.015333 0.014834
0.015412 0.015282
0.015222 0.014122
0.018642 0.019007
0.016707 0.017516
0.015277 0.014622
0.015236 0.014512
0.015238 0.014486
0.015277 0.014839
0.018510 0.018156
0.016753 0.017578
0.015288 0.015081
0.015330 0.014668
0.015390 0.014992
0.015288 0.015101
0.018677 0.018973
0.016739 0.017437
0.015309 0.015063
0.015259 0.014760
0.015258 0.014989
0.015191 0.014475
0.018599 0.018435
0.016696 0.017248
0.015323 0.017978
0.015221 0.014937
0.015216 0.014545
0.015248 0.015410
0.018849 0.019175
0.016741 0.017330
0.015219 0.014677
0.015194 0.014634
0.015285 0.014848
0.015266 0.014414
0.018964 0.019352
0.017037 0.018015
0.015359 0.014825
0.015333 0.014553
0.015386 0.015078
0.015476 0.015518
0.018839 0.018843
0.017081 0.017542
0.015476 0.016042
0.015448 0.015215
0.015421 0.014931
0.015376 0.014980
0.019033 0.018692
0.017014 0.017752
0.015366 0.014944
0.015378 0.014947
0.015366 0.014866
0.015345 0.015095
0.018789 0.018879
0.016970 0.017648
0.015312 0.015095
0.015305 0.014615
0.015265 0.014757
0.015336 0.015408
0.018785 0.019050
0.016881 0.017655
0.015320 0.014851
0.015253 0.014959
0.015317 0.015143
0.015341 0.014989
0.018864 0.018755
0.016981 0.017601
0.015306 0.014815
0.015325 0.014756
0.015334 0.014781
0.015325 0.014746
0.017324 0.017197
0.015228 0.014596
0.034864 0.022145
0.019028 0.016175
0.016991 0.016242
0.015391 0.015046
0.015312 0.014665
0.015280 0.014865
0.015248 0.014760
0.018777 0.018305
0.016315 0.017439
0.015444 0.014724
0.015468 0.014860
0.015456 0.014727
0.015454 0.014629
0.018818 0.018840
0.016287 0.017402
0.015444 0.015334
0.015357 0.014461
0.015391 0.014716
0.015384 0.014663
0.018603 0.017993
0.016265 0.017240
0.015349 0.014642
0.015357 0.014889
0.015350 0.014881
0.015342 0.014798
0.018452 0.017810
0.015540 0.015717
0.015319 0.014955
0.015321 0.014563
0.015249 0.013985
0.018549 0.018746
0.016230 0.017651
0.015342 0.014751
0.015290 0.014402
0.015362 0.014893
0.015396 0.015090
0.018652 0.018397
0.017355 0.017420
0.015379 0.015083
0.015372 0.015053
0.015326 0.014963
0.015300 0.014561
0.018620 0.018327
0.017383 0.017687
0.015388 0.015302
0.015359 0.014810
0.015247 0.014558
0.015212 0.014655
0.018589 0.017966
0.017288 0.017447
0.015307 0.014926
0.015296 0.014722
0.015254 0.016658
0.015253 0.014650
0.018787 0.018648
0.017584 0.017809
0.015314 0.014578
0.015311 0.014467
0.015407 0.014744
0.015519 0.014932
0.018785 0.018597
0.017846 0.017988
0.015625 0.015178
0.015636 0.015308
0.015729 0.015461
0.015718 0.015573
0.019047 0.018804
0.016394 0.016488
0.015703 0.015327
0.015847 0.015712
0.015480 0.014890
0.019728 0.019060
0.017740 0.018206
0.015500 0.015198
0.015540 0.015069
0.015390 0.015049
0.015469 0.015379
0.019665 0.019096
0.016162 0.016821
0.015647 0.015239
0.015940 0.015477
0.015408 0.015067
0.015258 0.015062
0.015229 0.015011
0.018820 0.019140
0.017429 0.017948
0.015233 0.015195
0.015238 0.015349
0.015227 0.015386
0.015146 0.015001
0.018568 0.018004
0.017538 0.017716
0.015319 0.015263
0.015201 0.014814
0.015211 0.014865
0.015252 0.015274
0.018967 0.018235
0.017702 0.017367
0.015376 0.014988
0.015335 0.015189
0.015291 0.014857
0.015351 0.015066
0.018461 0.018820
0.016005 0.016146
0.015488 0.015419
0.015426 0.015279
0.015231 0.014433
0.018095 0.017846
0.017058 0.017684
0.015301 0.015091
0.015435 0.015475
0.015232 0.014519
0.019154 0.017643
0.017723 0.017422
0.015524 0.015611
0.015484 0.015241
0.015469 0.015166
0.015543 0.015312
0.019037 0.017656
0.017632 0.017359
0.015456 0.015271
0.015385 0.015085
0.015300 0.015112
0.015338 0.014799
0.019232 0.018336
0.017580 0.017338
0.015340 0.015063
0.015344 0.018486
0.015452 0.016888
0.015296 0.015047
0.018445 0.017992
0.017279 0.017036
0.015280 0.014983
0.015287 0.014920
0.015268 0.014871
0.015298 0.015132
0.018286 0.017850
0.017224 0.017034
0.015228 0.015135
0.015358 0.015112
0.015165 0.014840
0.015194 0.014740
0.018059 0.017552
0.017094 0.016790
0.015167 0.014752
0.015070 0.014551
0.015253 0.014746
0.015286 0.014981
0.018352 0.017703
0.015912 0.015610
0.015344 0.015194
0.015413 0.015262
0.015398 0.015568
0.018618 0.019093
0.017091 0.017263
0.015446 0.015302
0.015593 0.015551
0.015521 0.015094
0.019943 0.018527
0.017417 0.016996
0.015471 0.015512
0.015475 0.015135
0.015412 0.015173
0.015497 0.015187
0.020558 0.018618
0.017681 0.017037
0.015571 0.015408
0.015378 0.014958
0.015404 0.015119
0.015307 0.015315
0.020057 0.018075
0.017371 0.016903
0.015404 0.015799
0.015269 0.015344
0.015087 0.014474
0.014997 0.014370
0.018788 0.018549
0.017254 0.017428
0.015165 0.015492
0.015238 0.015077
0.015081 0.014796
0.015009 0.014180
0.018776 0.018613
0.017155 0.017353
0.015081 0.015063
0.015034 0.014575
0.015117 0.014730
0.015070 0.014776
0.018838 0.018755
0.017266 0.017480
0.015016 0.014561
0.015011 0.014523
0.015085 0.014815
0.015231 0.015358
0.018461 0.018488
0.017378 0.017629
0.015247 0.015332
0.015095 0.015100
0.014964 0.014591
0.014957 0.014388
0.018023 0.018064
0.015478 0.015730
0.014972 0.016050
0.014997 0.015336
0.014814 0.013823
0.017762 0.017000
0.016871 0.016839
0.015011 0.015225
0.014932 0.014870
0.014821 0.014633
0.014717 0.014183
0.016785 0.016100
0.016375 0.016196
0.014722 0.014400
0.014729 0.014123
0.014486 0.013983
0.014487 0.014026
0.016625 0.016533
0.015972 0.015758
0.014369 0.013749
0.014341 0.013549
0.014300 0.013922
0.014326 0.013749
0.016435 0.016506
0.014756 0.014659
0.014438 0.014285
0.014540 0.014555
0.014288 0.013473
0.016371 0.015965
0.015916 0.015985
0.014239 0.013756
0.014382 0.014080
0.014363 0.013845
0.014328 0.013916
0.016336 0.016415
0.015769 0.015407
0.014414 0.013860
0.014405 0.013738
0.014124 0.013289
0.014158 0.013555
0.016393 0.016021
0.016010 0.015672
0.014179 0.013310
0.014235 0.013603
0.014484 0.013737
0.014436 0.014055
0.015695 0.014762
0.015984 0.015458
0.014465 0.013319
0.014580 0.013559
0.016063 0.017544
0.014762 0.001186
0.013559 0.001172
0.001172 0.000035
