0.000000 0.011156
0.000000 0.005558
0.000000 0.008866
0.000000 0.013238
0.000000 0.009703
0.000000 0.008102
0.000000 0.004978
0.008354 0.005775
0.008354 0.006034
0.008525 0.005865
0.009707 0.005699
0.009437 0.005788
0.009437 0.006125
0.008797 0.005047
0.008416 0.005806
0.008149 0.006167
0.007919 0.005692
0.007715 0.005760
0.007553 0.005744
0.007441 0.005651
0.007268 0.005810
0.007169 0.005785
0.007106 0.005200
0.007021 0.005800
0.006950 0.004476
0.006885 0.005839
0.006822 0.005760
0.006773 0.005796
0.006727 0.005795
0.006660 0.005793
0.006623 0.005779
0.006535 0.005041
0.006507 0.005827
0.006479 0.004513
0.006454 0.005786
0.006431 0.005791
0.006409 0.005773
0.006388 0.005832
0.006344 0.005772
0.006328 0.005789
0.006273 0.005153
0.006259 0.005801
0.006245 0.004492
0.006232 0.005824
0.006221 0.005839
0.006209 0.006087
0.006198 0.005742
0.006172 0.005769
0.006162 0.005777
0.006122 0.005150
0.006115 0.005808
0.006109 0.004437
0.006108 0.005757
0.006100 0.005843
0.006093 0.005739
0.006086 0.005730
0.006066 0.005763
0.006061 0.005689
0.006028 0.005061
0.006023 0.005640
0.006019 0.004400
0.006014 0.005674
0.006008 0.005702
0.006004 0.005712
0.005998 0.005625
0.005981 0.005712
0.005975 0.005768
0.005948 0.005153
0.005943 0.005824
0.005939 0.004530
0.005935 0.005797
0.005930 0.005767
0.005927 0.005833
0.005924 0.005821
0.005912 0.005703
0.005911 0.005751
0.005890 0.005213
0.005888 0.005743
0.005886 0.004964
0.005886 0.003972
0.005885 0.004306
0.005882 0.004178
0.005880 0.004220
0.005871 0.003987
0.005869 0.005733
0.005857 0.005122
0.005831 0.005812
0.005811 0.004465
0.005789 0.005784
0.005769 0.005733
0.005746 0.005774
0.005746 0.005726
0.005738 0.005793
0.005739 0.005768
0.005723 0.005121
0.005724 0.005771
0.005724 0.004483
0.005724 0.005823
0.005724 0.005791
0.005725 0.005742
0.005726 0.005784
0.005719 0.005730
0.005719 0.005819
0.005705 0.004988
0.005707 0.005820
0.005708 0.004625
0.005708 0.004964
0.005709 0.005111
0.005709 0.005020
0.005710 0.006769
0.005703 0.013926
0.005704 0.010781
0.005693 0.008003
0.005685 0.006916
0.005679 0.017683
0.005672 0.007881
0.005683 0.017459
0.005766 0.022312
0.005816 0.008092
0.005838 0.027366
0.005848 0.009009
0.005963 0.008816
0.005982 0.019435
0.006092 0.024426
0.006246 0.019473
0.006263 0.024651
0.006461 0.008157
0.006485 0.023760
0.006506 0.008767
0.006625 0.009843
0.006787 0.024983
0.006901 0.012360
0.007060 0.007880
0.007070 0.007713
0.007218 0.019750
0.007231 0.007712
0.007254 0.015363
0.007408 0.022432
0.007451 0.012866
0.007454 0.009878
0.007456 0.010276
0.007560 0.026752
0.007561 0.013494
0.007627 0.009448
0.007749 0.009991
0.007791 0.022757
0.007808 0.011267
0.007828 0.010709
0.007981 0.019345
0.008026 0.007746
0.008037 0.022771
0.008053 0.011653
0.008169 0.009151
0.008193 0.008160
0.008213 0.022097
0.008299 0.013812
0.008295 0.008198
0.008406 0.010166
0.008430 0.017347
0.008436 0.014073
0.008434 0.009297
0.008536 0.008242
0.008575 0.011773
0.008573 0.015382
0.008584 0.010182
0.008649 0.028143
0.008688 0.018482
0.008693 0.016490
0.008689 0.012446
0.008712 0.012855
0.008759 0.020390
0.008769 0.016814
0.008906 0.013198
0.008974 0.012768
0.009026 0.017068
0.009050 0.013593
0.009077 0.012449
0.009155 0.017072
0.009207 0.012994
0.009234 0.010792
0.009258 0.010848
0.009311 0.014431
0.009340 0.012780
0.009361 0.015856
0.009412 0.013170
0.009436 0.015388
0.009445 0.012931
0.009454 0.010700
0.009487 0.015018
0.009508 0.011952
0.009550 0.010599
0.009573 0.011865
0.009610 0.010480
0.009632 0.011394
0.009639 0.010584
0.009673 0.011447
0.009687 0.010304
0.009693 0.010533
0.009706 0.013553
0.009711 0.010916
0.009722 0.012911
0.009727 0.013395
0.009738 0.010966
0.009741 0.012792
0.009746 0.010845
0.009769 0.011682
0.009776 0.011853
0.009795 0.011209
0.009817 0.011413
0.009824 0.012328
0.009841 0.011578
0.009847 0.012923
0.009858 0.011014
0.009870 0.011345
0.009878 0.011118
0.009887 0.012374
0.009901 0.010359
0.009911 0.010949
0.009928 0.009900
0.009934 0.013887
0.009942 0.017317
0.009949 0.014631
0.009963 0.016450
0.009965 0.017166
0.009971 0.013640
0.009970 0.019314
0.009992 0.016160
0.010033 0.014428
0.010059 0.018318
0.010094 0.017909
0.010134 0.013749
0.010153 0.014512
0.010203 0.015872
0.010236 0.017265
0.010259 0.013263
0.010303 0.017697
0.010344 0.017509
0.010362 0.015959
0.010384 0.018728
0.010414 0.016266
0.010451 0.015236
0.010466 0.018446
0.010504 0.016212
0.010541 0.013902
0.010570 0.016567
0.010613 0.020301
0.010642 0.017721
0.010666 0.018132
0.010707 0.015634
0.010735 0.014928
0.010752 0.018931
0.010782 0.020385
0.010831 0.015626
0.010866 0.016895
0.010903 0.005904
0.010927 0.004068
0.010947 0.018097
0.010988 0.017039
0.011035 0.005177
0.011058 0.006446
0.011088 0.004656
0.011062 0.007911
0.011027 0.010701
0.011062 0.012311
0.011092 0.015119
0.011062 0.015369
0.011040 0.017798
0.011008 0.013081
0.010993 0.012023
0.010992 0.009971
0.010998 0.010514
0.011018 0.011300
0.011039 0.010132
0.011072 0.010314
0.011082 0.010674
0.011086 0.014183
0.011081 0.011643
0.011078 0.011843
0.011079 0.016185
0.011075 0.013939
0.011071 0.011037
0.011069 0.010954
0.011084 0.015839
0.011086 0.014033
0.011090 0.010644
0.011114 0.011135
0.011127 0.015510
0.011126 0.014138
0.011126 0.011447
0.011147 0.011490
0.011161 0.014441
0.011158 0.013686
0.011158 0.010783
0.011178 0.011240
0.011192 0.011012
0.011193 0.052718
0.011194 0.033461
0.011209 0.018974
0.011220 0.013560
0.011218 0.012318
0.011218 0.011927
0.011217 0.011919
0.011403 0.030203
0.011501 0.016239
0.011535 0.009466
0.011544 0.011060
0.011547 0.030743
0.011549 0.016535
0.011550 0.009263
0.011632 0.011536
0.011653 0.030763
0.011643 0.016027
0.011640 0.009452
0.011724 0.011427
0.011745 0.028239
0.011734 0.016068
0.011733 0.009020
0.011815 0.011940
0.011833 0.027829
0.011823 0.016262
0.011821 0.009631
0.011891 0.011520
0.011909 0.027871
0.011897 0.017275
0.011897 0.009925
0.011965 0.012299
0.011983 0.023632
0.011973 0.016082
0.011971 0.009111
0.012038 0.010646
0.012060 0.012968
0.012051 0.018160
0.012052 0.009923
0.012100 0.012289
0.012117 0.014169
0.012104 0.013398
0.012098 0.011404
0.012102 0.011942
0.012127 0.015409
0.012118 0.014049
0.012118 0.011927
0.012127 0.011870
0.012132 0.015805
0.012129 0.013872
0.012128 0.011880
0.012141 0.011159
0.012149 0.015398
0.012148 0.013572
0.012147 0.010943
0.012162 0.011694
0.012169 0.014720
0.012168 0.013661
0.012164 0.011758
0.012176 0.011753
0.012182 0.014400
0.012177 0.014200
0.012175 0.011982
0.012185 0.012154
0.012191 0.013267
0.012189 0.012368
0.012188 0.014803
0.012196 0.009841
0.012204 0.012370
0.012203 0.015682
0.012203 0.011663
0.012207 0.015457
0.012208 0.011310
0.012218 0.014895
0.012209 0.011754
0.012209 0.014130
0.012223 0.012287
0.012221 0.011888
0.012233 0.012294
0.012230 0.009834
0.012240 0.011505
0.012238 0.010726
0.012245 0.011348
0.012245 0.010998
0.012244 0.010472
0.012244 0.011448
0.012235 0.012100
0.012232 0.011059
0.012227 0.012837
0.012223 0.011327
0.012219 0.012757
0.012212 0.011698
0.012209 0.013287
0.012209 0.011530
0.012204 0.012188
0.012207 0.011649
0.012204 0.012617
0.012206 0.011886
0.012204 0.011445
0.012208 0.011251
0.012205 0.012106
0.012205 0.011532
0.012203 0.012305
0.012205 0.011588
0.012204 0.013383
0.012201 0.012632
0.012197 0.012676
0.012197 0.012328
0.012194 0.014184
0.012195 0.012594
0.012193 0.012626
0.012197 0.011053
0.012199 0.013656
0.012200 0.012010
0.012201 0.012918
0.012208 0.019896
0.012209 0.019563
0.012211 0.025399
0.012207 0.024468
0.012212 0.026859
0.012211 0.030277
0.012214 0.011085
0.012241 0.027730
0.012267 0.012288
0.012314 0.011842
0.012357 0.010792
0.012409 0.022153
0.012472 0.014884
0.012467 0.012097
0.012521 0.012706
0.012520 0.010481
0.012518 0.011038
0.012512 0.012579
0.012546 0.012373
0.012554 0.008138
0.012552 0.008559
0.012553 0.012706
0.012545 0.011734
0.012540 0.014167
0.012540 0.013938
0.012540 0.011894
0.012524 0.012238
0.012511 0.014662
0.012511 0.014774
0.012509 0.011859
0.012514 0.012303
0.012519 0.014552
0.012517 0.014952
0.012516 0.011975
0.012524 0.012738
0.012531 0.014821
0.012529 0.015032
0.012528 0.012227
0.012535 0.012549
0.012543 0.014296
0.012541 0.014840
0.012542 0.012521
0.012550 0.012624
0.012558 0.013219
0.012557 0.014980
0.012557 0.012903
0.012563 0.013380
0.012571 0.012730
0.012570 0.013412
0.012571 0.012647
0.012573 0.012716
0.012581 0.012664
0.012582 0.013666
0.012585 0.012607
0.012585 0.012456
0.012588 0.010586
0.012588 0.012573
0.012588 0.011963
0.012589 0.010741
0.012592 0.011415
0.012592 0.010432
0.012592 0.012284
0.012585 0.010631
0.012585 0.010936
0.012583 0.010597
0.012577 0.010313
0.012573 0.010419
0.012566 0.010745
0.012565 0.010110
0.012559 0.010410
0.012554 0.010573
0.012547 0.011114
0.012540 0.013873
0.012533 0.015613
0.012527 0.014464
0.012519 0.017421
0.012513 0.016459
0.012506 0.015723
0.012502 0.017633
0.012506 0.014163
0.012516 0.017711
0.012523 0.018074
0.012538 0.014531
0.012551 0.017725
0.012561 0.010969
0.012577 0.011009
0.012582 0.014951
0.012599 0.010881
0.012616 0.013360
0.012622 0.013072
0.012639 0.011239
0.012633 0.011077
0.012628 0.013101
0.012636 0.011130
0.012630 0.013171
0.012632 0.013898
0.012634 0.011493
0.012629 0.011279
0.012624 0.013343
0.012626 0.011463
0.012621 0.013530
0.012623 0.013552
0.012627 0.011222
0.012623 0.011443
0.012619 0.014069
0.012621 0.014033
0.012618 0.011797
0.012621 0.010983
0.012624 0.012858
0.012619 0.011330
0.012616 0.012053
0.012620 0.011159
0.012625 0.016733
0.012622 0.013566
0.012617 0.015040
0.012618 0.012578
0.012614 0.012820
0.012612 0.017719
0.012607 0.016101
0.012620 0.012176
0.012623 0.012510
0.012630 0.017973
0.012630 0.017054
0.012631 0.012462
0.012647 0.013677
0.012657 0.017694
0.012656 0.017583
0.012655 0.013642
0.012671 0.013933
0.012685 0.016416
0.012684 0.017840
0.012687 0.013617
0.012702 0.013353
0.012717 0.015204
0.012720 0.012681
0.012724 0.012238
0.012735 0.021287
0.012750 0.018530
0.012753 0.020167
0.012755 0.018750
0.012762 0.019071
0.012762 0.019842
0.012760 0.020798
0.012786 0.018599
0.012803 0.018837
0.012825 0.019510
0.012843 0.018746
0.012862 0.020481
0.012883 0.020920
0.012906 0.018881
0.012923 0.018779
0.012941 0.019936
0.012961 0.020569
0.012978 0.018254
0.013000 0.018197
0.013024 0.014830
0.013041 0.019468
0.013058 0.017842
0.013078 0.016462
0.013101 0.013176
0.013116 0.012205
0.013131 0.017260
0.013136 0.014874
0.013155 0.012626
0.013168 0.015511
0.013178 0.015576
0.013178 0.013305
0.013175 0.017106
0.013187 0.016747
0.013192 0.016866
0.013190 0.016238
0.013197 0.015853
0.013204 0.014679
0.013204 0.016352
0.013216 0.013599
0.013226 0.018235
0.013237 0.015526
0.013246 0.015709
0.013253 0.011819
0.013257 0.014669
0.013266 0.012467
0.013267 0.015703
0.013282 0.012899
0.013288 0.013219
0.013295 0.012124
0.013291 0.010726
0.013295 0.011231
0.013292 0.012605
0.013299 0.011859
0.013298 0.012585
0.013298 0.011939
0.013295 0.012106
0.013287 0.013313
0.013281 0.013693
0.013279 0.013063
0.013275 0.012861
0.013273 0.011701
0.013270 0.012319
0.013266 0.012270
0.013266 0.014370
0.013268 0.012171
0.013267 0.012211
0.013266 0.012991
0.013261 0.010976
0.013259 0.012030
0.013256 0.011741
0.013259 0.012082
0.013256 0.011580
0.013253 0.010598
0.013252 0.011851
0.013246 0.011316
0.013242 0.012110
0.013238 0.011686
0.013235 0.011165
0.013230 0.011564
0.013223 0.013147
0.013219 0.012927
0.013214 0.012414
0.013210 0.011595
0.013206 0.012720
0.013200 0.013762
0.013196 0.010974
0.013196 0.010401
0.013195 0.013708
0.013193 0.013039
0.013188 0.009757
0.013187 0.009377
0.013189 0.014565
0.013182 0.012336
0.013175 0.009226
0.013176 0.009002
0.013176 0.014603
0.013166 0.010719
0.013156 0.008758
0.013160 0.008715
0.013157 0.014875
0.013147 0.010500
0.013135 0.008269
0.013139 0.008772
0.013132 0.013805
0.013120 0.010467
0.013108 0.007678
0.013113 0.008121
0.013106 0.006352
0.013093 0.003865
0.013081 0.007982
0.013083 0.003832
0.013075 0.005630
0.013061 0.005675
0.013047 0.007100
0.013029 0.005201
0.013004 0.004567
0.012990 0.008010
0.012965 0.008491
0.012945 0.009399
0.012925 0.010462
0.012909 0.012011
0.012888 0.012563
0.012865 0.014747
0.012852 0.016178
0.012840 0.015495
0.012831 0.015192
0.012824 0.014684
0.012822 0.014776
0.012822 0.015425
0.012827 0.013014
0.012836 0.014359
0.012843 0.014730
0.012849 0.012848
0.012854 0.014577
0.012860 0.016328
0.012867 0.012685
0.012867 0.012563
0.012871 0.013796
0.012876 0.012406
0.012876 0.014272
0.012880 0.012834
0.012890 0.014827
0.012889 0.012773
0.012888 0.014076
0.012891 0.014793
0.012889 0.011789
0.012893 0.011971
0.012893 0.013305
0.012898 0.011922
0.012898 0.024768
0.012901 0.018339
0.012906 0.014730
0.012903 0.014963
0.012901 0.021064
0.012902 0.015400
0.012899 0.015071
0.012931 0.025509
0.012945 0.018163
0.012950 0.015573
0.012955 0.014036
0.012977 0.023386
0.012983 0.017438
0.012989 0.014882
0.013022 0.014771
0.013035 0.022824
0.013042 0.017721
0.013045 0.014466
0.013072 0.015153
0.013084 0.023222
0.013088 0.017469
0.013093 0.014829
0.013118 0.014863
0.013130 0.022468
0.013134 0.017377
0.013139 0.015277
0.013166 0.014540
0.013177 0.019300
0.013181 0.017201
0.013186 0.014452
0.013210 0.015029
0.013221 0.022429
0.013227 0.014044
0.013230 0.013643
0.013246 0.010456
0.013256 0.010627
0.013259 0.010496
0.013264 0.016784
0.013288 0.009746
0.013290 0.016802
0.013291 0.009428
0.013283 0.018103
0.013276 0.009094
0.013269 0.016120
0.013278 0.009221
0.013269 0.020156
0.013278 0.013094
0.013268 0.010835
0.013281 0.010416
0.013270 0.018096
0.013277 0.009327
0.013267 0.016923
0.013285 0.009453
0.013284 0.016349
0.013278 0.010512
0.013271 0.018007
0.013283 0.010507
0.013273 0.018548
0.013282 0.012528
0.013272 0.010826
0.013280 0.010837
0.013273 0.014174
0.013285 0.013118
0.013278 0.010918
0.013292 0.010895
0.013290 0.011121
0.013283 0.011196
0.013277 0.010521
0.013279 0.010006
0.013279 0.013501
0.013273 0.011750
0.013267 0.012477
0.013261 0.014149
0.013256 0.014033
0.013249 0.011404
0.013241 0.011444
0.013242 0.014259
0.013238 0.013275
0.013236 0.010898
0.013238 0.010426
0.013240 0.014080
0.013235 0.010211
0.013231 0.013791
0.013234 0.013380
0.013234 0.010535
0.013228 0.011822
0.013221 0.014004
0.013223 0.014463
0.013215 0.011620
0.013217 0.011062
0.013217 0.011679
0.013210 0.014248
0.013207 0.009813
0.013209 0.012603
0.013212 0.013361
0.013208 0.015284
0.013202 0.013044
0.013199 0.013053
0.013201 0.013683
0.013193 0.011845
0.013191 0.011615
0.013192 0.014100
0.013197 0.013979
0.013197 0.013940
0.013196 0.011826
0.013197 0.012541
0.013194 0.014914
0.013190 0.013929
0.013192 0.011727
0.013194 0.011640
0.013196 0.014326
0.013193 0.014683
0.013191 0.013365
0.013195 0.012729
0.013197 0.014267
0.013194 0.017014
0.013190 0.013100
0.013193 0.013304
0.013196 0.014888
0.013197 0.012859
0.013195 0.013700
0.013198 0.011266
0.013208 0.014279
0.013207 0.014350
0.013208 0.011996
0.013212 0.012199
0.013211 0.012817
0.013212 0.013606
0.013207 0.012875
0.013210 0.012352
0.013213 0.014173
0.013210 0.014664
0.013207 0.014043
0.013206 0.015375
0.013207 0.013832
0.013206 0.016194
0.013204 0.013685
0.013207 0.013742
0.013210 0.012957
0.013212 0.015283
0.013218 0.013127
0.013219 0.013969
0.013227 0.012731
0.013228 0.012981
0.013229 0.012242
0.013228 0.014380
0.013233 0.012580
0.013233 0.012255
0.013235 0.012841
0.013234 0.013352
0.013233 0.011831
0.013231 0.015552
0.013233 0.013324
0.013232 0.013793
0.013229 0.012002
0.013229 0.014843
0.013229 0.011674
0.013225 0.012919
0.013231 0.014536
0.013231 0.014592
0.013233 0.011783
0.013230 0.011763
0.013234 0.013612
0.013230 0.012149
0.013229 0.013747
0.013232 0.013933
0.013236 0.012647
0.013232 0.013858
0.013228 0.014692
0.013229 0.014533
0.013227 0.013449
0.013228 0.012925
0.013230 0.014807
0.013228 0.015049
0.013230 0.011707
0.013233 0.012636
0.013237 0.013830
0.013237 0.014219
0.013236 0.012592
0.013240 0.023338
0.013245 0.012588
0.013241 0.010493
0.013239 0.013919
0.013241 0.010630
0.013243 0.013796
0.013242 0.010896
0.013266 0.014134
0.013264 0.010251
0.013258 0.014875
0.013259 0.011117
0.013253 0.015098
0.013254 0.010431
0.013249 0.013952
0.013251 0.010756
0.013243 0.013808
0.013247 0.010865
0.013242 0.015714
0.013247 0.012788
0.013240 0.011342
0.013242 0.011192
0.013236 0.015120
0.013237 0.013330
0.013231 0.011513
0.013237 0.011637
0.013236 0.010627
0.013232 0.011509
0.013227 0.016379
0.013231 0.013423
0.013232 0.012198
0.013227 0.010800
0.013224 0.011253
0.013217 0.014294
0.013213 0.012677
0.013221 0.010856
0.013221 0.010392
0.013219 0.013494
0.013213 0.011745
0.013208 0.009824
0.013211 0.009725
0.013210 0.013933
0.013204 0.012454
0.013197 0.009814
0.013198 0.010530
0.013195 0.011252
0.013187 0.012367
0.013178 0.010549
0.013180 0.010059
0.013178 0.015590
0.013170 0.011512
0.013164 0.010161
0.013160 0.008514
0.013158 0.008589
0.013152 0.013060
0.013144 0.010726
0.013150 0.008555
0.013146 0.008740
0.013139 0.012651
0.013128 0.011005
0.013117 0.008502
0.013117 0.008364
0.013112 0.013476
0.013101 0.011688
0.013090 0.008793
0.013089 0.009743
0.013084 0.012038
0.013074 0.010525
0.013062 0.008878
0.013063 0.009007
0.013060 0.011952
0.013050 0.011390
0.013042 0.008801
0.013040 0.009209
0.013034 0.012135
0.013024 0.008983
0.013015 0.008624
0.013012 0.012698
0.013008 0.014193
0.012999 0.013261
0.012990 0.013857
0.012988 0.015216
0.012978 0.015898
0.012968 0.013201
0.012967 0.013151
0.012970 0.016384
0.012971 0.016579
0.012973 0.013623
0.012978 0.013349
0.012985 0.016066
0.012986 0.018354
0.012986 0.015275
0.012994 0.015691
0.013002 0.013734
0.013004 0.013062
0.013005 0.012071
0.013012 0.010951
0.013024 0.007651
0.013029 0.009735
0.013036 0.013433
0.013037 0.012609
0.013037 0.010798
0.013035 0.010346
0.013030 0.012579
0.013018 0.013958
0.013010 0.011225
0.013011 0.012444
0.013010 0.011262
0.013005 0.013763
0.012999 0.011933
0.012998 0.012440
0.013000 0.010173
0.012996 0.012264
0.012995 0.012576
0.012991 0.010243
0.012992 0.012059
0.012990 0.011059
0.012989 0.012871
0.012982 0.013586
0.012980 0.012519
0.012979 0.013459
0.012973 0.012853
0.012971 0.012645
0.012967 0.013051
0.012966 0.012176
0.012968 0.012998
0.012967 0.014521
0.012968 0.012597
0.012968 0.012712
0.012967 0.010356
0.012967 0.009810
0.012965 0.012124
0.012965 0.010089
0.012969 0.009907
0.012968 0.009886
0.012967 0.010374
0.012961 0.012496
0.012954 0.010700
0.012952 0.010489
0.012946 0.011961
0.012939 0.010354
0.012932 0.011662
0.012926 0.009836
0.012925 0.008757
0.012920 0.009613
0.012914 0.009323
0.012912 0.009284
0.012906 0.009900
0.012903 0.008664
0.012896 0.008853
0.012886 0.005016
0.012879 0.003870
0.012871 0.003824
0.012862 0.003802
0.012856 0.005610
0.012846 0.005622
0.012837 0.005822
0.012819 0.004602
0.012798 0.008439
0.012778 0.008000
0.012757 0.010177
0.012741 0.009215
0.012725 0.012383
0.012709 0.011631
0.012690 0.014448
0.012680 0.015814
0.012670 0.012638
0.012664 0.011995
0.012656 0.014605
0.012655 0.011950
0.012653 0.009230
0.012657 0.010677
0.012664 0.015533
0.012664 0.012803
0.012663 0.010769
0.012667 0.010661
0.012666 0.015205
0.012658 0.012897
0.012653 0.010930
0.012660 0.010589
0.012660 0.012933
0.012656 0.009943
0.012651 0.011906
0.012657 0.012595
0.012658 0.010369
0.012654 0.010894
0.012649 0.014247
0.012650 0.013003
0.012644 0.011327
0.012642 0.009155
0.012642 0.009155
0.012637 0.013968
0.012633 0.011642
0.012636 0.009000
0.012637 0.008979
0.012634 0.014457
0.012626 0.011658
0.012618 0.008987
0.012621 0.009278
0.012619 0.014424
0.012611 0.011776
0.012603 0.009276
0.012607 0.009368
0.012605 0.015097
0.012597 0.011606
0.012589 0.009507
0.012593 0.008944
0.012591 0.013795
0.012584 0.010721
0.012577 0.008380
0.012582 0.009694
0.012580 0.014531
0.012573 0.011964
0.012565 0.009354
0.012568 0.009170
0.012564 0.013341
0.012554 0.008939
0.012548 0.013886
0.012552 0.011392
0.012551 0.009192
0.012544 0.009107
0.012536 0.008814
0.012538 0.010873
0.012530 0.008968
0.012533 0.008000
0.012530 0.008947
0.012523 0.009187
0.012515 0.012594
0.012507 0.014052
0.012503 0.011621
0.012495 0.012348
0.012485 0.014851
0.012477 0.012601
0.012470 0.014837
0.012470 0.014576
0.012473 0.013472
0.012472 0.012984
0.012471 0.013158
0.012477 0.012172
0.012477 0.013106
0.012482 0.012368
0.012487 0.008797
0.012489 0.013173
0.012490 0.012052
0.012492 0.010504
0.012491 0.008746
0.012492 0.009401
0.012492 0.011493
0.012484 0.009645
0.012485 0.013167
0.012484 0.012722
0.012480 0.010448
0.012472 0.011149
0.012465 0.013855
0.012463 0.013300
0.012456 0.011423
0.012458 0.011002
0.012458 0.013443
0.012454 0.012611
0.012451 0.011480
0.012454 0.010572
0.012456 0.012618
0.012454 0.011162
0.012450 0.008843
0.012453 0.009978
0.012453 0.008806
0.012451 0.012701
0.012447 0.013884
0.012447 0.012856
0.012444 0.012256
0.012436 0.011973
0.012431 0.014209
0.012423 0.013515
0.012423 0.011515
0.012426 0.012298
0.012427 0.013106
0.012427 0.012019
0.012426 0.012460
0.012430 0.012880
0.012432 0.012223
0.012430 0.012062
0.012430 0.011013
0.012432 0.013920
0.012431 0.011333
0.012431 0.010859
0.012432 0.011460
0.012431 0.010735
0.012430 0.010773
0.012427 0.009786
0.012431 0.012711
0.012428 0.013102
0.012425 0.011622
0.012423 0.011819
0.012419 0.012051
0.012415 0.011201
0.012409 0.011006
0.012410 0.011325
0.012412 0.011309
0.012410 0.011278
0.012408 0.010307
0.012408 0.013325
0.012405 0.012068
0.012402 0.013288
0.012400 0.010281
0.012397 0.009341
0.012395 0.012936
0.012390 0.009416
0.012392 0.012732
0.012391 0.009544
0.012393 0.012806
0.012389 0.010046
0.012382 0.010730
0.012383 0.011079
0.012377 0.010130
0.012377 0.012899
0.012371 0.011989
0.012372 0.011519
0.012367 0.012457
0.012363 0.010883
0.012361 0.011759
0.012356 0.010424
0.012357 0.010395
0.012356 0.010444
0.012354 0.010946
0.012354 0.008874
0.012351 0.011160
0.012350 0.010315
0.012346 0.011605
0.012341 0.011792
0.012337 0.010467
0.012334 0.010307
0.012327 0.011356
0.012324 0.011583
0.012320 0.009927
0.012318 0.010031
0.012317 0.018034
0.012313 0.015597
0.012308 0.014217
0.012306 0.012593
0.012305 0.012000
0.012299 0.013299
0.012294 0.010861
0.012307 0.015412
0.012314 0.013370
0.012318 0.011428
0.012319 0.011341
0.012318 0.014234
0.012320 0.014383
0.012317 0.011326
0.012324 0.011434
0.012326 0.015812
0.012324 0.014566
0.012322 0.011397
0.012326 0.011432
0.012331 0.015117
0.012329 0.013689
0.012327 0.011204
0.012334 0.011285
0.012339 0.013018
0.012337 0.011687
0.012335 0.014562
0.012341 0.013259
0.012344 0.011639
0.012342 0.011899
0.012339 0.010430
0.012341 0.013418
0.012340 0.011759
0.012344 0.011130
0.012346 0.011956
0.012345 0.012877
0.012344 0.011577
0.012340 0.011821
0.012342 0.012666
0.012341 0.013378
0.012338 0.012022
0.012337 0.011476
0.012338 0.011977
0.012337 0.011238
0.012336 0.013133
0.012336 0.013012
0.012339 0.010951
0.012338 0.011552
0.012336 0.013200
0.012335 0.012779
0.012333 0.011853
0.012335 0.010745
0.012336 0.013549
0.012333 0.013551
0.012331 0.011325
0.012333 0.011329
0.012334 0.012347
0.012333 0.011494
0.012330 0.012791
0.012332 0.012569
0.012335 0.011939
0.012333 0.010376
0.012331 0.012307
0.012331 0.013196
0.012329 0.010241
0.012330 0.011754
0.012330 0.027597
0.012330 0.012285
0.012325 0.008948
0.012325 0.010052
0.012327 0.010184
0.012323 0.014444
0.012321 0.010368
0.012355 0.010027
0.012354 0.009676
0.012347 0.013317
0.012342 0.010320
0.012337 0.010291
0.012342 0.009509
0.012338 0.013128
0.012333 0.010065
0.012327 0.010381
0.012329 0.008375
0.012325 0.010264
0.012320 0.010016
0.012314 0.009508
0.012316 0.009603
0.012311 0.007883
0.012307 0.010843
0.012298 0.009721
0.012294 0.010088
0.012289 0.013496
0.012283 0.012427
0.012277 0.011886
0.012268 0.010732
0.012265 0.010941
0.012259 0.013226
0.012255 0.012983
0.012257 0.011404
0.012258 0.011281
0.012257 0.013449
0.012254 0.012798
0.012251 0.010932
0.012253 0.010976
0.012254 0.014072
0.012253 0.012774
0.012250 0.011012
0.012253 0.010175
0.012254 0.014165
0.012251 0.013200
0.012249 0.010860
0.012253 0.011015
0.012254 0.012306
0.012251 0.010078
0.012246 0.011791
0.012251 0.010533
0.012253 0.012039
0.012250 0.010671
0.012247 0.010497
0.012247 0.010533
0.012242 0.019958
0.012242 0.013175
0.012238 0.012247
0.012237 0.017226
0.012234 0.016393
0.012230 0.012241
0.012227 0.013141
0.012243 0.015643
0.012245 0.012624
0.012245 0.015681
0.012256 0.011201
0.012265 0.013650
0.012265 0.011517
0.012267 0.015087
0.012274 0.011663
0.012275 0.013417
0.012282 0.014112
0.012280 0.011730
0.012283 0.014795
0.012281 0.013711
0.012287 0.013579
0.012286 0.012066
0.012288 0.012207
0.012292 0.012990
0.012291 0.012303
0.012296 0.013738
0.012299 0.014139
0.012302 0.012598
0.012301 0.012733
0.012301 0.014149
0.012303 0.014220
0.012303 0.012131
0.012306 0.012345
0.012310 0.013410
0.012310 0.012431
0.012311 0.012947
0.012315 0.013894
0.012319 0.012053
0.012319 0.012265
0.012319 0.011208
0.012321 0.013097
0.012321 0.011907
0.012323 0.012224
0.012326 0.012559
0.012326 0.013021
0.012325 0.012591
0.012323 0.013057
0.012325 0.014600
0.012324 0.012902
0.012324 0.012271
0.012324 0.012690
0.012326 0.012536
0.012326 0.013036
0.012328 0.013325
0.012333 0.012296
0.012334 0.013348
0.012334 0.016055
0.012334 0.015005
0.012335 0.015392
0.012336 0.015755
0.012338 0.015943
0.012338 0.014152
0.012341 0.013891
0.012348 0.015520
0.012354 0.015825
0.012361 0.013586
0.012368 0.013361
0.012375 0.013595
0.012379 0.013745
0.012382 0.013269
0.012389 0.014422
0.012396 0.015887
0.012399 0.014433
0.012401 0.014011
0.012404 0.014492
0.012406 0.013766
0.012408 0.014556
0.012413 0.015242
0.012420 0.013356
0.012424 0.013473
0.012428 0.014738
0.012432 0.015397
0.012435 0.012897
0.012439 0.013342
0.012445 0.014577
0.012447 0.015844
0.012449 0.013469
0.012454 0.013659
0.012461 0.014621
0.012462 0.013753
0.012463 0.015155
0.012468 0.015596
0.012475 0.013609
0.012477 0.013215
0.012480 0.014963
0.012484 0.013566
0.012487 0.014704
0.012493 0.015183
0.012499 0.013323
0.012502 0.014157
0.012503 0.015582
0.012508 0.015749
0.012511 0.013985
0.012515 0.013422
0.012521 0.015400
0.012523 0.015285
0.012526 0.012889
0.012532 0.012596
0.012539 0.013149
0.012542 0.031901
0.012544 0.019703
0.012550 0.014959
0.012556 0.012912
0.012557 0.012393
0.012557 0.020410
0.012558 0.015955
0.012599 0.012836
0.012614 0.012573
0.012619 0.019903
0.012620 0.015273
0.012619 0.012544
0.012636 0.012688
0.012643 0.020547
0.012643 0.015061
0.012643 0.012204
0.012658 0.012779
0.012664 0.018593
0.012664 0.015244
0.012664 0.012242
0.012680 0.013055
0.012685 0.017900
0.012684 0.015816
0.012685 0.012860
0.012697 0.012529
0.012703 0.013662
0.012702 0.015578
0.012702 0.012358
0.012713 0.014643
0.012720 0.015358
0.012720 0.015121
0.012720 0.013517
0.012722 0.013191
0.012728 0.015732
0.012727 0.015088
0.012731 0.012954
0.012737 0.012795
0.012742 0.015122
0.012743 0.012549
0.012744 0.016225
0.012750 0.014428
0.012755 0.012433
0.012756 0.012118
0.012756 0.016378
0.012761 0.013753
0.012760 0.012499
0.012768 0.011496
0.012771 0.015874
0.012771 0.013786
0.012769 0.012004
0.012777 0.011731
0.012779 0.016935
0.012778 0.013072
0.012776 0.012380
0.012782 0.011273
0.012784 0.016173
0.012783 0.012964
0.012780 0.011256
0.012789 0.011252
0.012790 0.015626
0.012789 0.012875
0.012786 0.011052
0.012793 0.011346
0.012793 0.015814
0.012790 0.013357
0.012787 0.011205
0.012793 0.011475
0.012793 0.015218
0.012789 0.012656
0.012786 0.011225
0.012792 0.011145
0.012794 0.013785
0.012790 0.010644
0.012788 0.014850
0.012793 0.013569
0.012792 0.011448
0.012789 0.011157
0.012786 0.008981
0.012788 0.011841
0.012783 0.011301
0.012788 0.009246
0.012789 0.009270
0.012786 0.009017
0.012783 0.008639
0.012775 0.009789
0.012773 0.011744
0.012770 0.011941
0.012763 0.012735
0.012755 0.012434
0.012747 0.012677
0.012739 0.013343
0.012733 0.011504
0.012730 0.014023
0.012729 0.013165
0.012729 0.012127
0.012728 0.012174
0.012728 0.011973
0.012729 0.012595
0.012727 0.012281
0.012730 0.012992
0.012730 0.012854
0.012729 0.008761
0.012728 0.011258
0.012726 0.008779
0.012726 0.009092
0.012725 0.014743
0.012726 0.015406
0.012726 0.015496
0.012718 0.013010
0.012715 0.014686
0.012706 0.017137
0.012699 0.013944
0.012703 0.016086
0.012709 0.015087
0.012715 0.014065
0.012715 0.014153
0.012719 0.013723
0.012729 0.008973
0.012731 0.012454
0.012738 0.013803
0.012743 0.009132
0.012746 0.010470
0.012749 0.011290
0.012751 0.010997
0.012743 0.011681
0.012742 0.012565
0.012745 0.011724
0.012737 0.012300
0.012732 0.012357
0.012729 0.010728
0.012726 0.013161
0.012723 0.013421
0.012723 0.010650
0.012721 0.012188
0.012720 0.010561
0.012719 0.011900
0.012715 0.012199
0.012716 0.011626
0.012718 0.011751
0.012713 0.012888
0.012712 0.011151
0.012708 0.011255
0.012706 0.010162
0.012705 0.011977
0.012703 0.010874
0.012701 0.012665
0.012701 0.010443
0.012698 0.013320
0.012695 0.012714
0.012690 0.011060
0.012688 0.010249
0.012684 0.012405
0.012684 0.012116
0.012680 0.010304
0.012681 0.010474
0.012681 0.013718
0.012678 0.013229
0.012673 0.012169
0.012672 0.012488
0.012671 0.015943
0.012666 0.012762
0.012661 0.013705
0.012664 0.016592
0.012665 0.015272
0.012664 0.012279
0.012663 0.012276
0.012670 0.014114
0.012670 0.015049
0.012672 0.012931
0.012681 0.018306
0.012686 0.012499
0.012685 0.010975
0.012684 0.014192
0.012687 0.012548
0.012692 0.010535
0.012693 0.011188
0.012704 0.013649
0.012704 0.012847
0.012700 0.010780
0.012704 0.010941
0.012703 0.010469
0.012699 0.010953
0.012696 0.011193
0.012698 0.009172
0.012698 0.012412
0.012694 0.012700
0.012690 0.010890
0.012686 0.012696
0.012682 0.011025
0.012679 0.012639
0.012672 0.010816
0.012671 0.012298
0.012671 0.010174
0.012667 0.009615
0.012667 0.013217
0.012664 0.014115
0.012664 0.014503
0.012660 0.011648
0.012659 0.012485
0.012654 0.014579
0.012648 0.014527
0.012649 0.012352
0.012652 0.012039
0.012656 0.011384
0.012654 0.013886
0.012654 0.011860
0.012658 0.010187
0.012661 0.014249
0.012661 0.012343
0.012659 0.009989
0.012657 0.010246
0.012659 0.014176
0.012658 0.012057
0.012653 0.009235
0.012656 0.009517
0.012655 0.010060
0.012650 0.010448
0.012645 0.009724
0.012648 0.008882
0.012647 0.012487
0.012640 0.009770
0.012633 0.010416
0.012628 0.013634
0.012623 0.011163
0.012617 0.008985
0.012609 0.008830
0.012609 0.013099
0.012603 0.011204
0.012599 0.008696
0.012601 0.008635
0.012598 0.013291
0.012590 0.011425
0.012583 0.009002
0.012584 0.008233
0.012581 0.012615
0.012573 0.010535
0.012565 0.008525
0.012566 0.008625
0.012564 0.012363
0.012556 0.010596
0.012547 0.008467
0.012548 0.008469
0.012543 0.010062
0.012535 0.010478
0.012527 0.008269
0.012527 0.008744
0.012523 0.019521
0.012514 0.013363
0.012506 0.012294
0.012501 0.010105
0.012497 0.009833
0.012488 0.013884
0.012480 0.012296
0.012495 0.009449
0.012497 0.009430
0.012496 0.014373
0.012491 0.012335
0.012486 0.009690
0.012489 0.009828
0.012488 0.014129
0.012482 0.011760
0.012476 0.009449
0.012479 0.009361
0.012479 0.013675
0.012473 0.011791
0.012468 0.009053
0.012471 0.009373
0.012470 0.013746
0.012464 0.011911
0.012457 0.009236
0.012460 0.009703
0.012458 0.013551
0.012451 0.011768
0.012445 0.009466
0.012448 0.009444
0.012447 0.013224
0.012440 0.012326
0.012434 0.009735
0.012437 0.010009
0.012435 0.010576
0.012429 0.011675
0.012423 0.009745
0.012425 0.005626
0.012424 0.003837
0.012419 0.003846
0.012414 0.003855
0.012410 0.005040
0.012408 0.006882
0.012403 0.005829
0.012389 0.008021
0.012371 0.010495
0.012354 0.011586
0.012336 0.008485
0.012321 0.014643
0.012310 0.011479
0.012296 0.015124
0.012288 0.011542
0.012284 0.009950
0.012283 0.010192
0.012275 0.014837
0.012280 0.011801
0.012278 0.010625
0.012284 0.009808
0.012282 0.014660
0.012277 0.011407
0.012273 0.009080
0.012278 0.008816
0.012277 0.013152
0.012274 0.008666
0.012269 0.014117
0.012274 0.012052
0.012272 0.009666
0.012266 0.009958
0.012258 0.013851
0.012260 0.011767
0.012253 0.010083
0.012257 0.010235
0.012256 0.011294
0.012251 0.011561
0.012246 0.009321
0.012249 0.011482
0.012248 0.007710
0.012244 0.008900
0.012240 0.013507
0.012238 0.011421
0.012237 0.009577
0.012231 0.009627
0.012229 0.013238
0.012220 0.011134
0.012213 0.009052
0.012216 0.009633
0.012214 0.014121
0.012208 0.011280
0.012203 0.009345
0.012205 0.009267
0.012203 0.013716
0.012197 0.011295
0.012191 0.009223
0.012195 0.009038
0.012193 0.013056
0.012188 0.010673
0.012182 0.008514
0.012185 0.008834
0.012183 0.013702
0.012177 0.011581
0.012170 0.009504
0.012172 0.009630
0.012169 0.014115
0.012161 0.011943
0.012155 0.009920
0.012158 0.010372
0.012157 0.012846
0.012151 0.010835
0.012146 0.008928
0.012150 0.009809
0.012150 0.012398
0.012145 0.010025
0.012141 0.013500
0.012143 0.011748
0.012140 0.009851
0.012134 0.009455
0.012129 0.013655
0.012129 0.010694
0.012125 0.008916
0.012128 0.008555
0.012127 0.013524
0.012122 0.011589
0.012117 0.009008
0.012120 0.008931
0.012117 0.013927
0.012111 0.012320
0.012103 0.009386
0.012106 0.010291
0.012105 0.013720
0.012099 0.011941
0.012092 0.009844
0.012096 0.009637
0.012096 0.014870
0.012091 0.012254
0.012087 0.009670
0.012091 0.010199
0.012090 0.012405
0.012086 0.010242
0.012081 0.009980
0.012086 0.008760
0.012087 0.013330
0.012082 0.011429
0.012078 0.008977
0.012078 0.009357
0.012075 0.006975
0.012070 0.009309
0.012064 0.009254
0.012066 0.007897
0.012065 0.009198
0.012059 0.009177
0.012053 0.008431
0.012043 0.008354
0.012037 0.007712
0.012031 0.007208
0.012023 0.006836
0.012017 0.007529
0.012011 0.007510
0.012004 0.006117
0.011996 0.007145
0.011988 0.006549
0.011978 0.006568
0.011967 0.006462
0.011958 0.006458
0.011949 0.006568
0.011937 0.007242
0.011927 0.006593
0.011916 0.006588
0.011905 0.006555
0.011894 0.006521
0.011883 0.006349
0.011872 0.006901
0.011863 0.006378
0.011852 0.005705
0.011841 0.005861
0.011830 0.006734
0.011819 0.007003
0.011808 0.006490
0.011798 0.006501
0.011787 0.005950
0.011774 0.014922
0.011762 0.015803
0.011752 0.012894
0.011742 0.012197
0.011731 0.014030
0.011721 0.015455
0.011709 0.014411
0.011716 0.016730
0.011724 0.011609
0.011726 0.014935
0.011727 0.014082
0.011732 0.014544
0.011740 0.014559
0.011745 0.014903
0.011755 0.014959
0.011755 0.015350
0.011761 0.014727
0.011766 0.015292
0.011772 0.014974
0.011778 0.015641
0.011784 0.015594
0.011791 0.015604
0.011798 0.015407
0.011804 0.015439
0.011811 0.015632
0.011817 0.015640
0.011825 0.015491
0.011833 0.015476
0.011841 0.015455
0.011848 0.015293
0.011855 0.014765
0.011863 0.006609
0.011871 0.013893
0.011878 0.012230
0.011886 0.006820
0.011893 0.004532
0.011900 0.005053
0.011906 0.004122
0.011895 0.006405
0.011899 0.008075
0.011900 0.008531
0.011889 0.010780
0.011874 0.011127
0.011860 0.014662
0.011844 0.015346
0.011833 0.011645
0.011826 0.014973
0.011819 0.013703
0.011817 0.011651
0.011815 0.011530
0.011821 0.015297
0.011828 0.013462
0.011828 0.011200
0.011834 0.010969
0.011838 0.015306
0.011838 0.013528
0.011837 0.010610
0.011844 0.010956
0.011848 0.014874
0.011846 0.013600
0.011844 0.010983
0.011852 0.011491
0.011855 0.011436
0.011852 0.012276
0.011851 0.011004
0.011857 0.009794
0.011860 0.013825
0.011859 0.015452
0.011858 0.012791
0.011857 0.013608
0.011858 0.014587
0.011856 0.017429
0.011852 0.015017
0.011856 0.013437
0.011863 0.016771
0.011865 0.016878
0.011869 0.013013
0.011874 0.013986
0.011886 0.016858
0.011892 0.015697
0.011895 0.013833
0.011905 0.017277
0.011915 0.014059
0.011917 0.015159
0.011922 0.017651
0.011932 0.015195
0.011939 0.012858
0.011943 0.012058
0.011954 0.016451
0.011958 0.014788
0.011965 0.011217
0.011977 0.011332
0.011983 0.013140
0.011985 0.011520
0.011985 0.020860
0.011994 0.013849
0.012000 0.012279
0.011998 0.010118
0.011997 0.010077
0.011999 0.015254
0.011998 0.013046
0.012016 0.009796
0.012020 0.010433
0.012021 0.014390
0.012017 0.012702
0.012013 0.010109
0.012019 0.010198
0.012022 0.014327
0.012017 0.012017
0.012014 0.010208
0.012019 0.010081
0.012020 0.011953
0.012016 0.010348
0.012012 0.005598
0.012017 0.003754
0.012017 0.010140
0.012013 0.010527
0.012009 0.005056
0.012009 0.006747
0.012006 0.003767
0.011993 0.009373
0.011976 0.011721
0.011972 0.013189
0.011969 0.019581
0.011955 0.010401
0.011945 0.010044
0.011928 0.017466
0.011923 0.009736
0.011922 0.008652
0.011925 0.007815
0.011941 0.014031
0.011937 0.009176
0.011934 0.007102
0.011945 0.007596
0.011940 0.014395
0.011934 0.010333
0.011925 0.007138
0.011930 0.007620
0.011924 0.013186
0.011914 0.010606
0.011905 0.007668
0.011910 0.007462
0.011907 0.013397
0.011898 0.009471
0.011889 0.007395
0.011891 0.007576
0.011889 0.012691
0.011880 0.013669
0.011871 0.011277
0.011874 0.011976
0.011869 0.012799
0.011860 0.011712
0.011852 0.012180
0.011853 0.010935
0.011857 0.012823
0.011856 0.012770
0.011856 0.010997
0.011858 0.011717
0.011858 0.013562
0.011858 0.013830
0.011856 0.011644
0.011858 0.012339
0.011860 0.013378
0.011859 0.013038
0.011858 0.011468
0.011862 0.011681
0.011866 0.014066
0.011865 0.013973
0.011866 0.011338
0.011869 0.012240
0.011872 0.012110
0.011871 0.005777
0.011870 0.003823
0.011875 0.003864
0.011879 0.003745
0.011878 0.005002
0.011879 0.006273
0.011879 0.005166
0.011867 0.004452
0.011851 0.006378
0.011834 0.007350
0.011818 0.007897
0.011804 0.009261
0.011793 0.009580
0.011779 0.013012
0.011764 0.012347
0.011753 0.009372
0.011744 0.009066
0.011737 0.014231
0.011732 0.011528
0.011727 0.009441
0.011730 0.009456
0.011731 0.013933
0.011726 0.011675
0.011721 0.009032
0.011726 0.008779
0.011726 0.011962
0.011721 0.010341
0.011716 0.008997
0.011721 0.012079
0.011721 0.014021
0.011715 0.013018
0.011709 0.013634
0.011710 0.015306
0.011707 0.014899
0.011702 0.012899
0.011702 0.013137
0.011707 0.011964
0.011710 0.011166
0.011714 0.012456
0.011721 0.014346
0.011727 0.010899
0.011730 0.010744
0.011733 0.013058
0.011733 0.015322
0.011732 0.011537
0.011733 0.011319
0.011739 0.015270
0.011737 0.013315
0.011735 0.012125
0.011738 0.010839
0.011745 0.014112
0.011745 0.011829
0.011744 0.010243
0.011751 0.010115
0.011754 0.013811
0.011755 0.011811
0.011753 0.009585
0.011758 0.009249
0.011758 0.012207
0.011755 0.010119
0.011751 0.010414
0.011756 0.010568
0.011756 0.008004
0.011751 0.012901
0.011746 0.010186
0.011747 0.009791
0.011744 0.009714
0.011741 0.008915
0.011739 0.014257
0.011731 0.010806
0.011734 0.009904
0.011730 0.009587
0.011726 0.009762
0.011722 0.013247
0.011717 0.012378
0.011722 0.009959
0.011720 0.010258
0.011716 0.010381
0.011712 0.010343
0.011708 0.009577
0.011711 0.010569
0.011713 0.009742
0.011709 0.008186
0.011706 0.010422
0.011703 0.011236
0.011701 0.010749
0.011696 0.011121
0.011694 0.011514
0.011690 0.012408
0.011683 0.011227
0.011680 0.012657
0.011679 0.010650
0.011678 0.011438
0.011676 0.012947
0.011676 0.010945
0.011678 0.013025
0.011677 0.010855
0.011679 0.012359
0.011677 0.010786
0.011676 0.012509
0.011679 0.011665
0.011677 0.012134
0.011680 0.010654
0.011678 0.032877
0.011680 0.012852
0.011678 0.017787
0.011680 0.013882
0.011679 0.013856
0.011680 0.020515
0.011678 0.014067
0.011721 0.023012
0.011724 0.018509
0.011736 0.014080
0.011740 0.014633
0.011745 0.021651
0.011762 0.014240
0.011767 0.011969
0.011790 0.017254
0.011803 0.015989
0.011808 0.015329
0.011814 0.011580
0.011834 0.013629
0.011839 0.011612
0.011839 0.012917
0.011850 0.013422
0.011858 0.012001
0.011865 0.014416
0.011865 0.014717
0.011868 0.012000
0.011868 0.012108
0.011870 0.014752
0.011873 0.014885
0.011873 0.012347
0.011878 0.011993
0.011884 0.014591
0.011884 0.013878
0.011885 0.011620
0.011891 0.012467
0.011897 0.013662
0.011898 0.012049
0.011898 0.014350
0.011903 0.013949
0.011907 0.011547
0.011907 0.012176
0.011908 0.015104
0.011911 0.014084
0.011912 0.012717
0.011917 0.012598
0.011921 0.012028
0.011920 0.019264
0.011920 0.013246
0.011927 0.011622
0.011931 0.011157
0.011933 0.010996
0.011934 0.015166
0.011934 0.012980
0.011949 0.011120
0.011952 0.010980
0.011951 0.014081
0.011950 0.010426
0.011948 0.014804
0.011954 0.012699
0.011956 0.010883
0.011955 0.010569
0.011953 0.014645
0.011957 0.012357
0.011954 0.010633
0.011960 0.010595
0.011961 0.012547
0.011959 0.011764
0.011956 0.010060
0.011961 0.009825
0.011962 0.008879
0.011960 0.009014
0.011957 0.009134
0.011958 0.009954
0.011958 0.009726
0.011954 0.010358
0.011949 0.010247
0.011943 0.010435
0.011937 0.010026
0.011932 0.010215
0.011928 0.010980
0.011923 0.010873
0.011920 0.011366
0.011917 0.011292
0.011914 0.010950
0.011910 0.011682
0.011906 0.010970
0.011905 0.012329
0.011902 0.012724
0.011901 0.010803
0.011900 0.010462
0.011898 0.012729
0.011898 0.012478
0.011896 0.010606
0.011897 0.011179
0.011898 0.011992
0.011896 0.012519
0.011893 0.010795
0.011895 0.010877
0.011896 0.011737
0.011894 0.012233
0.011892 0.010857
0.011892 0.010973
0.011894 0.017330
0.011891 0.012252
0.011889 0.011329
0.011889 0.010181
0.011890 0.010178
0.011888 0.013758
0.011886 0.012092
0.011897 0.010236
0.011898 0.010440
0.011896 0.013933
0.011893 0.012142
0.011889 0.010531
0.011893 0.010531
0.011894 0.014153
0.011890 0.011684
0.011887 0.009998
0.011891 0.009950
0.011892 0.013645
0.011889 0.011166
0.011886 0.009511
0.011891 0.009507
0.011891 0.012831
0.011887 0.011237
0.011883 0.009244
0.011886 0.009120
0.011885 0.011097
0.011880 0.011309
0.011875 0.008686
0.011877 0.005553
0.011876 0.003985
0.011871 0.003774
0.011865 0.009175
0.011864 0.004388
0.011862 0.004982
0.011856 0.007393
0.011843 0.013477
0.011827 0.008134
0.011811 0.016508
0.011806 0.008357
0.011791 0.019125
0.011777 0.008297
0.011768 0.019442
0.011772 0.010332
0.011764 0.010485
0.011774 0.009297
0.011767 0.017168
0.011782 0.010859
0.011775 0.009008
0.011790 0.009451
0.011787 0.016537
0.011785 0.010849
0.011780 0.009020
0.011791 0.009361
0.011789 0.015941
0.011783 0.011035
0.011778 0.008876
0.011788 0.009366
0.011786 0.015660
0.011781 0.010716
0.011776 0.008775
0.011784 0.009406
0.011783 0.014470
0.011777 0.010842
0.011772 0.008735
0.011780 0.008978
0.011778 0.012353
0.011771 0.010769
0.011767 0.008538
0.011772 0.008997
0.011770 0.009235
0.011764 0.009196
0.011759 0.017284
0.011760 0.012022
0.011758 0.010643
0.011751 0.008881
0.011746 0.009288
0.011741 0.011687
0.011735 0.009685
0.011747 0.013592
0.011747 0.012536
0.011745 0.009973
0.011739 0.010032
0.011734 0.012505
0.011734 0.013557
0.011730 0.010627
0.011734 0.011076
0.011735 0.012724
0.011732 0.012083
0.011728 0.011806
0.011730 0.009966
0.011734 0.012751
0.011731 0.012397
0.011730 0.009842
0.011732 0.010170
0.011733 0.009709
0.011733 0.017978
0.011729 0.013051
0.011731 0.012063
0.011733 0.010351
0.011729 0.010127
0.011726 0.014373
0.011722 0.012127
0.011734 0.010199
0.011737 0.010767
0.011738 0.014673
0.011735 0.012013
0.011732 0.010553
0.011737 0.010162
0.011738 0.014260
0.011735 0.011446
0.011733 0.009075
0.011739 0.008894
0.011739 0.014559
0.011737 0.011131
0.011734 0.008790
0.011739 0.008654
0.011738 0.013223
0.011733 0.011247
0.011727 0.008809
0.011733 0.008886
0.011732 0.010916
0.011726 0.011860
0.011719 0.009210
0.011722 0.026900
0.011721 0.018416
0.011716 0.015518
0.011710 0.011957
0.011708 0.011876
0.011709 0.019492
0.011704 0.015056
0.011734 0.011579
0.011748 0.011769
0.011755 0.018511
0.011756 0.014564
0.011756 0.011343
0.011772 0.011989
0.011778 0.018166
0.011778 0.014599
0.011778 0.011889
0.011791 0.011646
0.011797 0.015442
0.011796 0.012114
0.011796 0.011958
0.011809 0.012432
0.011815 0.010869
0.011815 0.012172
0.011815 0.020511
0.011822 0.015310
0.011823 0.013518
0.011823 0.011063
0.011824 0.011254
0.011822 0.015569
0.011823 0.012539
0.011840 0.010784
0.011847 0.010976
0.011851 0.015048
0.011849 0.012348
0.011848 0.010544
0.011855 0.010616
0.011857 0.012677
0.011855 0.010676
0.011853 0.011714
0.011859 0.013027
0.011860 0.011021
0.011858 0.010595
0.011855 0.011776
0.011857 0.010709
0.011854 0.009532
0.011854 0.011986
0.011857 0.009418
0.011855 0.011871
0.011852 0.008192
0.011852 0.012721
0.011850 0.010507
0.011845 0.007986
0.011845 0.008256
0.011841 0.012448
0.011841 0.008290
0.011833 0.011335
0.011835 0.008348
0.011832 0.013651
0.011825 0.014028
0.011817 0.015118
0.011819 0.015387
0.011812 0.015447
0.011811 0.014105
0.011804 0.014542
0.011807 0.014537
0.011812 0.013915
0.011819 0.015157
0.011826 0.012621
0.011833 0.015367
0.011838 0.013511
0.011843 0.014736
0.011848 0.012809
0.011853 0.015283
0.011859 0.012690
0.011861 0.014746
0.011868 0.012989
0.011871 0.015425
0.011877 0.012518
0.011879 0.015303
0.011886 0.012714
0.011887 0.016311
0.011893 0.016063
0.011895 0.013243
0.011902 0.013080
0.011904 0.018005
0.011910 0.015358
0.011912 0.012974
0.011921 0.011206
0.011929 0.017840
0.011932 0.016484
0.011934 0.012824
0.011947 0.016395
0.011953 0.012399
0.011955 0.017576
0.011954 0.012355
0.011966 0.015812
0.011975 0.012133
0.011977 0.015236
0.011985 0.015756
0.011986 0.014708
0.011998 0.014614
0.011998 0.012681
0.012006 0.014366
0.012006 0.014682
0.012013 0.012969
0.012020 0.012958
0.012026 0.016285
0.012031 0.010771
0.012032 0.015363
0.012037 0.013164
0.012042 0.014735
0.012044 0.018353
0.012046 0.013683
0.012054 0.015624
0.012052 0.011785
0.012059 0.011755
0.012061 0.010055
0.012066 0.013482
0.012079 0.013350
0.012082 0.017081
0.012089 0.014308
0.012089 0.012938
0.012088 0.016847
0.012084 0.013831
0.012087 0.014305
0.012089 0.012676
0.012099 0.012871
0.012104 0.009735
0.012105 0.011934
0.012115 0.014645
0.012118 0.011116
0.012123 0.010847
0.012124 0.015620
0.012125 0.012759
0.012121 0.010814
0.012120 0.010263
0.012125 0.013783
0.012123 0.011951
0.012121 0.009417
0.012128 0.009648
0.012129 0.012168
0.012126 0.008915
0.012123 0.008809
0.012126 0.009340
0.012126 0.013118
0.012120 0.011169
0.012115 0.009511
0.012115 0.009002
0.012109 0.013940
0.012102 0.011931
0.012097 0.009241
0.012099 0.009768
0.012097 0.013891
0.012092 0.012153
0.012085 0.010040
0.012089 0.010270
0.012089 0.012999
0.012083 0.011536
0.012078 0.009827
0.012082 0.009099
0.012082 0.011682
0.012078 0.011870
0.012074 0.009461
0.012076 0.009183
0.012075 0.013928
0.012071 0.012889
0.012065 0.012534
0.012064 0.013970
0.012064 0.012701
0.012058 0.014696
0.012053 0.013671
0.012056 0.014242
0.012058 0.012665
0.012059 0.013381
0.012063 0.012799
0.012064 0.012244
0.012069 0.010911
0.012073 0.013712
0.012077 0.011474
0.012078 0.014668
0.012081 0.015188
0.012082 0.013026
0.012083 0.015623
0.012080 0.014606
0.012083 0.013483
0.012082 0.014608
0.012087 0.013781
0.012094 0.014552
0.012096 0.014255
0.012103 0.016334
0.012108 0.015278
0.012110 0.015221
0.012115 0.013249
0.012119 0.017716
0.012124 0.014832
0.012128 0.015006
0.012136 0.010462
0.012143 0.011012
0.012149 0.009102
0.012151 0.011463
0.012162 0.010542
0.012168 0.011432
0.012173 0.012035
0.012170 0.013008
0.012168 0.011629
0.012161 0.012996
0.012160 0.012505
0.012157 0.011389
0.012155 0.009406
0.012155 0.009687
0.012157 0.013636
0.012156 0.011966
0.012157 0.009521
0.012158 0.009507
0.012157 0.013494
0.012151 0.011619
0.012146 0.009020
0.012149 0.009775
0.012149 0.013094
0.012143 0.011353
0.012138 0.009970
0.012141 0.009656
0.012140 0.013132
0.012134 0.012035
0.012129 0.010893
0.012131 0.010903
0.012129 0.012200
0.012125 0.011256
0.012120 0.009852
0.012122 0.009326
0.012122 0.011689
0.012119 0.009097
0.012117 0.005053
0.012117 0.009671
0.012115 0.008585
0.012111 0.003806
0.012105 0.005861
0.012104 0.004089
0.012098 0.005046
0.012084 0.003896
0.012079 0.007795
0.012072 0.009128
0.012056 0.010527
0.012043 0.013398
0.012027 0.010171
0.012013 0.015784
0.011997 0.013246
0.011988 0.013498
0.011983 0.010943
0.011980 0.011866
0.011983 0.016248
0.011979 0.012288
0.011987 0.012992
0.011989 0.010771
0.011992 0.016076
0.011990 0.013512
0.011990 0.013559
0.011998 0.011120
0.011999 0.010834
0.012001 0.013925
0.011998 0.013426
0.012007 0.010926
0.012010 0.011435
0.012013 0.013230
0.012011 0.013030
0.012009 0.011252
0.012012 0.011012
0.012015 0.012512
0.012013 0.012573
0.012012 0.010774
0.012014 0.011085
0.012016 0.012778
0.012015 0.012646
0.012013 0.011034
0.012014 0.011141
0.012015 0.012358
0.012013 0.011248
0.012011 0.011757
0.012012 0.011342
0.012013 0.012386
0.012011 0.009618
0.012010 0.013087
0.012010 0.011320
0.012009 0.013101
0.012008 0.011428
0.012007 0.013465
0.012008 0.010756
0.012003 0.013878
0.012005 0.010515
0.012004 0.014637
0.012006 0.012973
0.012005 0.009940
0.012008 0.010280
0.012005 0.014549
0.012009 0.012658
0.012006 0.009945
0.012011 0.009950
0.012013 0.012257
0.012009 0.011485
0.012006 0.009745
0.012011 0.010449
0.012012 0.014205
0.012008 0.012192
0.012004 0.012201
0.012004 0.011716
0.012003 0.011728
0.011999 0.012846
0.011996 0.012049
0.012000 0.012031
0.012000 0.012278
0.012001 0.011753
0.012000 0.012547
0.012000 0.009885
0.012001 0.012366
0.012001 0.012569
0.012002 0.010521
0.012002 0.011051
0.012002 0.012457
0.012003 0.012410
0.011998 0.010986
0.011999 0.010624
0.012000 0.012114
0.011997 0.012003
0.011995 0.010690
0.011996 0.011071
0.011997 0.011283
0.011995 0.011597
0.011992 0.010174
0.011993 0.014177
0.011993 0.012076
0.011990 0.013424
0.011988 0.011629
0.011987 0.013039
0.011986 0.011925
0.011982 0.013898
0.011987 0.012448
0.011987 0.015779
0.011990 0.011895
0.011989 0.015878
0.011991 0.018022
0.011991 0.020633
0.011995 0.019310
0.011996 0.015482
0.012003 0.016123
0.012003 0.020348
0.012011 0.017973
0.012023 0.015398
0.012040 0.014550
0.012055 0.017772
0.012062 0.017891
0.012070 0.014833
0.012087 0.014700
0.012098 0.011984
0.012105 0.010772
0.012110 0.013067
0.012121 0.010614
0.012133 0.010688
0.012138 0.014687
0.012143 0.014153
0.012143 0.014079
0.012140 0.012488
0.012142 0.015086
0.012139 0.014731
0.012136 0.012611
0.012141 0.011919
0.012145 0.015037
0.012149 0.013203
0.012150 0.013226
0.012156 0.013346
0.012161 0.012580
0.012162 0.014584
0.012161 0.011921
0.012167 0.012302
0.012169 0.015577
0.012171 0.013871
0.012174 0.011534
0.012175 0.010596
0.012179 0.013385
0.012179 0.013814
0.012179 0.011571
0.012186 0.015083
0.012189 0.012016
0.012188 0.011808
0.012185 0.010435
0.012187 0.010916
0.012191 0.013698
0.012189 0.011790
0.012195 0.010558
0.012195 0.010008
0.012194 0.013782
0.012190 0.011361
0.012188 0.009123
0.012191 0.009612
0.012190 0.013201
0.012187 0.011635
0.012182 0.009410
0.012186 0.010212
0.012184 0.013216
0.012178 0.011589
0.012173 0.010002
0.012175 0.009517
0.012174 0.012281
0.012168 0.009336
0.012164 0.005063
0.012166 0.003677
0.012165 0.008731
0.012161 0.009556
0.012156 0.005028
0.012156 0.005795
0.012150 0.005109
0.012136 0.008947
0.012119 0.007136
0.012112 0.013936
0.012107 0.007236
0.012093 0.015109
0.012080 0.007056
0.012066 0.017056
0.012060 0.010416
0.012050 0.008144
0.012054 0.007852
0.012044 0.016117
0.012050 0.008824
0.012040 0.007471
0.012050 0.007774
0.012047 0.016310
0.012039 0.009557
0.012031 0.007366
0.012039 0.007889
0.012033 0.016148
0.012023 0.010430
0.012015 0.007060
0.012024 0.008090
0.012019 0.015864
0.012009 0.010369
0.012001 0.007303
0.012009 0.007702
0.012006 0.015178
0.011996 0.010535
0.011988 0.007542
0.011996 0.007427
0.011993 0.014877
0.011983 0.010232
0.011975 0.007343
0.011981 0.007353
0.011978 0.010986
0.011970 0.009617
0.011960 0.007235
0.011966 0.008139
0.011963 0.015020
0.011953 0.006799
0.011944 0.006892
0.011942 0.013899
0.011938 0.010499
0.011928 0.008023
0.011921 0.007871
0.011927 0.014376
0.011917 0.010834
0.011906 0.008754
0.011910 0.008960
0.011908 0.013999
0.011900 0.010135
0.011892 0.007737
0.011897 0.007719
0.011895 0.013723
0.011888 0.010212
0.011882 0.008073
0.011887 0.007882
0.011883 0.011037
0.011875 0.009306
0.011867 0.009175
0.011870 0.008660
0.011867 0.007918
0.011859 0.012842
0.011851 0.009802
0.011850 0.009776
0.011845 0.014399
0.011839 0.012331
0.011833 0.009230
0.011825 0.009233
0.011827 0.014890
0.011823 0.012057
0.011819 0.009186
0.011824 0.008944
0.011825 0.014706
0.011820 0.010719
0.011815 0.008973
0.011821 0.008452
0.011821 0.014065
0.011816 0.011067
0.011810 0.008403
0.011816 0.008491
0.011814 0.013395
0.011808 0.010747
0.011801 0.008223
0.011806 0.008556
0.011805 0.013740
0.011798 0.010964
0.011791 0.008067
0.011794 0.008237
0.011792 0.013392
0.011785 0.011110
0.011779 0.008099
0.011782 0.008568
0.011781 0.011023
0.011773 0.010012
0.011766 0.009065
0.011770 0.009065
0.011768 0.008848
0.011761 0.022074
0.011754 0.013732
0.011753 0.010645
0.011750 0.007507
0.011744 0.007628
0.011739 0.015790
0.011733 0.011028
0.011754 0.008010
0.011758 0.007997
0.011755 0.014251
0.011747 0.007888
0.011739 0.014842
0.011747 0.010421
0.011745 0.007796
0.011738 0.007765
0.011730 0.014100
0.011735 0.007902
0.011728 0.015088
0.011734 0.009991
0.011731 0.007864
0.011723 0.007670
0.011715 0.014157
0.011720 0.010003
0.011713 0.007666
0.011719 0.007785
0.011716 0.013295
0.011708 0.008174
0.011700 0.012780
0.011705 0.009717
0.011702 0.007589
0.011693 0.007583
0.011686 0.010177
0.011689 0.007903
0.011682 0.020156
0.011684 0.013219
0.011680 0.011906
0.011672 0.008788
0.011664 0.008564
0.011661 0.014457
0.011653 0.011509
0.011670 0.008240
0.011673 0.008202
0.011674 0.014184
0.011668 0.011293
0.011662 0.008215
0.011667 0.007978
0.011667 0.013804
0.011660 0.010920
0.011653 0.008047
0.011658 0.008207
0.011658 0.013811
0.011651 0.011335
0.011643 0.008326
0.011648 0.008463
0.011646 0.013760
0.011639 0.011212
0.011632 0.008018
0.011636 0.008193
0.011636 0.013802
0.011629 0.011000
0.011623 0.008454
0.011627 0.008487
0.011626 0.013633
0.011619 0.010842
0.011612 0.007981
0.011617 0.007802
0.011615 0.013746
0.011609 0.011130
0.011603 0.007878
0.011607 0.008008
0.011605 0.013684
0.011598 0.011260
0.011590 0.008407
0.011595 0.007756
0.011594 0.013685
0.011586 0.011231
0.011579 0.008127
0.011583 0.008468
0.011583 0.013530
0.011576 0.011184
0.011569 0.008208
0.011573 0.008443
0.011572 0.012934
0.011565 0.010957
0.011559 0.007718
0.011563 0.008357
0.011562 0.006636
0.011556 0.009933
0.011549 0.007895
0.011552 0.008076
0.011551 0.008131
0.011543 0.007813
0.011537 0.007450
0.011527 0.007568
0.011524 0.006566
0.011517 0.007421
0.011510 0.007308
0.011503 0.007711
0.011496 0.006711
0.011488 0.006588
0.011480 0.006651
0.011470 0.006504
0.011462 0.006538
0.011453 0.005975
0.011446 0.006352
0.011436 0.006302
0.011427 0.005878
0.011417 0.006465
0.011407 0.006513
0.011397 0.006456
0.011387 0.005500
0.011377 0.005572
0.011366 0.006145
0.011355 0.006029
0.011346 0.005396
0.011336 0.005622
0.011326 0.006146
0.011314 0.023226
0.011303 0.009741
0.011293 0.007356
0.011282 0.011759
0.011270 0.009905
0.011259 0.006501
0.011249 0.007247
0.011273 0.011053
0.011270 0.010975
0.011262 0.009695
0.011263 0.009272
0.011260 0.009923
0.011250 0.007914
0.011242 0.017690
0.011242 0.013038
0.011242 0.011400
0.011238 0.009715
0.011234 0.009300
0.011232 0.015272
0.011225 0.012291
0.011238 0.008722
0.011242 0.009277
0.011242 0.014726
0.011239 0.011934
0.011235 0.009492
0.011243 0.009522
0.011245 0.014847
0.011240 0.011825
0.011236 0.009914
0.011243 0.010247
0.011245 0.014496
0.011241 0.011821
0.011238 0.008606
0.011245 0.009618
0.011246 0.014577
0.011243 0.012969
0.011241 0.010420
0.011248 0.010273
0.011249 0.014133
0.011244 0.012726
0.011241 0.010051
0.011247 0.010488
0.011251 0.006709
0.011249 0.011160
0.011247 0.009432
0.011253 0.008375
0.011256 0.008090
0.011253 0.007875
0.011252 0.007566
0.011243 0.007594
0.011243 0.006576
0.011239 0.007234
0.011233 0.006891
0.011227 0.007005
0.011220 0.006486
0.011213 0.006406
0.011206 0.006552
0.011196 0.006434
0.011188 0.006305
0.011180 0.006437
0.011171 0.006892
0.011162 0.006577
0.011153 0.006449
0.011143 0.006118
0.011134 0.006529
0.011124 0.006883
0.011115 0.006362
0.011106 0.006952
0.011097 0.006393
0.011088 0.006316
0.011078 0.005882
0.011069 0.009967
0.011061 0.010688
0.011051 0.010977
0.011043 0.011985
0.011034 0.012733
0.011024 0.011266
0.011014 0.010181
0.011012 0.012208
0.011011 0.012456
0.011011 0.010261
0.011013 0.010421
0.011016 0.011744
0.011017 0.012823
0.011015 0.010457
0.011018 0.010611
0.011021 0.011808
0.011019 0.012762
0.011018 0.010360
0.011019 0.010366
0.011023 0.011343
0.011022 0.012737
0.011021 0.010062
0.011023 0.010770
0.011026 0.014607
0.011025 0.008116
0.011023 0.009796
0.011024 0.014999
0.011027 0.012929
0.011025 0.010338
0.011025 0.011102
0.011032 0.013689
0.011026 0.011729
0.011024 0.015299
0.011032 0.014246
0.011036 0.011806
0.011034 0.012181
0.011034 0.014194
0.011040 0.014351
0.011041 0.012035
0.011050 0.012123
0.011056 0.012952
0.011057 0.011642
0.011060 0.007067
0.011066 0.011369
0.011073 0.011220
0.011075 0.008170
0.011077 0.007931
0.011080 0.007428
0.011081 0.007698
0.011073 0.006789
0.011074 0.006992
0.011074 0.007447
0.011069 0.007698
0.011062 0.006618
0.011055 0.006434
0.011048 0.006501
0.011040 0.006164
0.011032 0.005604
0.011024 0.005573
0.011018 0.006647
0.011009 0.006442
0.011000 0.006418
0.010991 0.005823
0.010981 0.006213
0.010970 0.006499
0.010960 0.005748
0.010951 0.006469
0.010942 0.006337
0.010933 0.006248
0.010923 0.005401
0.010913 0.005955
0.010904 0.030317
0.010894 0.018342
0.010885 0.013260
0.010876 0.010973
0.010867 0.011280
0.010856 0.018990
0.010846 0.013180
0.010885 0.010449
0.010900 0.011421
0.010905 0.018340
0.010905 0.013238
0.010905 0.011842
0.010922 0.011293
0.010926 0.016169
0.010925 0.013304
0.010926 0.011083
0.010941 0.011301
0.010946 0.011359
0.010947 0.012748
0.010948 0.011457
0.010959 0.011735
0.010963 0.017631
0.010964 0.013502
0.010964 0.011500
0.010965 0.010994
0.010969 0.010748
0.010970 0.014145
0.010971 0.011643
0.010984 0.010704
0.010989 0.010528
0.010991 0.013817
0.010991 0.011459
0.010990 0.010528
0.010996 0.010336
0.010998 0.012509
0.010997 0.011303
0.010996 0.010165
0.011002 0.010434
0.011003 0.011047
0.011002 0.012522
0.011000 0.010483
0.011003 0.010856
0.011004 0.013900
0.011002 0.013382
0.011001 0.012938
0.011001 0.011517
0.011004 0.011511
0.011003 0.014396
0.011003 0.013500
0.011009 0.010651
0.011014 0.011297
0.011017 0.012350
0.011018 0.013178
0.011019 0.011220
0.011026 0.011880
0.011031 0.011049
0.011030 0.010005
0.011031 0.009483
0.011034 0.010421
0.011038 0.010486
0.011038 0.010478
0.011040 0.012409
0.011040 0.010956
0.011038 0.011727
0.011035 0.012307
0.011033 0.012455
0.011032 0.013292
0.011031 0.011664
0.011034 0.011208
0.011034 0.013238
0.011035 0.012821
0.011038 0.011047
0.011041 0.011006
0.011045 0.013463
0.011046 0.012582
0.011047 0.010600
0.011051 0.010000
0.011055 0.013137
0.011055 0.012925
0.011055 0.010150
0.011059 0.010737
0.011062 0.010339
0.011061 0.011608
0.011059 0.010631
0.011064 0.007618
0.011067 0.011898
0.011065 0.009167
0.011065 0.009475
0.011063 0.013581
0.011064 0.011197
0.011064 0.008804
0.011057 0.008669
0.011058 0.012997
0.011055 0.011016
0.011051 0.008348
0.011056 0.009088
0.011057 0.012277
0.011052 0.011670
0.011047 0.008609
0.011051 0.008629
0.011051 0.012735
0.011046 0.011578
0.011042 0.008919
0.011044 0.013044
0.011046 0.011747
0.011041 0.008898
0.011036 0.009419
0.011039 0.013240
0.011040 0.012514
0.011036 0.009910
0.011040 0.010814
0.011042 0.012740
0.011037 0.011342
0.011034 0.012495
0.011038 0.011070
0.011041 0.012424
0.011039 0.013314
0.011039 0.011363
0.011042 0.010993
0.011043 0.011372
0.011046 0.010609
0.011046 0.011232
0.011048 0.010457
0.011053 0.012088
0.011054 0.011823
0.011053 0.012309
0.011054 0.011620
0.011053 0.012854
0.011054 0.011360
0.011052 0.014084
0.011054 0.013105
0.011056 0.010774
0.011059 0.009849
0.011060 0.013623
0.011063 0.011959
0.011064 0.008861
0.011070 0.009080
0.011074 0.012638
0.011073 0.009541
0.011071 0.013240
0.011076 0.012892
0.011078 0.009503
0.011073 0.010241
0.011069 0.012660
0.011072 0.011092
0.011069 0.009978
0.011074 0.009790
0.011077 0.014057
0.011074 0.010391
0.011073 0.011776
0.011076 0.014254
0.011076 0.013240
0.011074 0.010564
0.011071 0.011378
0.011077 0.013723
0.011076 0.011826
0.011077 0.011139
0.011083 0.010219
0.011088 0.014402
0.011087 0.014610
0.011087 0.012670
0.011093 0.012353
0.011094 0.014719
0.011094 0.015061
0.011092 0.012518
0.011099 0.012455
0.011106 0.014451
0.011109 0.014811
0.011112 0.012399
0.011119 0.012339
0.011127 0.014664
0.011130 0.010116
0.011132 0.012181
0.011139 0.014185
0.011146 0.013846
0.011149 0.013910
0.011151 0.012158
0.011158 0.013786
0.011156 0.014262
0.011158 0.013375
0.011164 0.012393
0.011169 0.013373
0.011175 0.016049
0.011177 0.013191
0.011182 0.013826
0.011188 0.012997
0.011193 0.014396
0.011195 0.017204
0.011199 0.009261
0.011209 0.010821
0.011213 0.016424
0.011218 0.013717
0.011222 0.011917
0.011228 0.012610
0.011240 0.016551
0.011236 0.014602
0.011235 0.012609
0.011246 0.012875
0.011251 0.016639
0.011252 0.014619
0.011255 0.012347
0.011265 0.012567
0.011272 0.016554
0.011275 0.013517
0.011278 0.012230
0.011289 0.011708
0.011295 0.016177
0.011297 0.013987
0.011300 0.012283
0.011311 0.011815
0.011315 0.014480
0.011317 0.014044
0.011318 0.011690
0.011327 0.012035
0.011333 0.011475
0.011335 0.028995
0.011335 0.016472
0.011342 0.011780
0.011347 0.019588
0.011348 0.010376
0.011349 0.018435
0.011349 0.014523
0.011385 0.012383
0.011395 0.011273
0.011396 0.015520
0.011412 0.011437
0.011410 0.015750
0.011424 0.014408
0.011430 0.011914
0.011432 0.011147
0.011432 0.011266
0.011440 0.011986
0.011440 0.012788
0.011449 0.011794
0.011455 0.010913
0.011456 0.009587
0.011455 0.009291
0.011455 0.012751
0.011456 0.011024
0.011458 0.009302
0.011459 0.009209
0.011458 0.012906
0.011454 0.009938
0.011450 0.009127
0.011452 0.008625
0.011452 0.012870
0.011447 0.010331
0.011443 0.009206
0.011446 0.009163
0.011443 0.012189
0.011438 0.010053
0.011432 0.008886
0.011435 0.008676
0.011433 0.012646
0.011429 0.010510
0.011424 0.008532
0.011426 0.008528
0.011423 0.008849
0.011418 0.038032
0.011412 0.016501
0.011415 0.007776
0.011413 0.021279
0.011407 0.014397
0.011401 0.010687
0.011396 0.011318
0.011450 0.022739
0.011460 0.014718
0.011452 0.011101
0.011472 0.008844
0.011478 0.021985
0.011476 0.014723
0.011476 0.010194
0.011499 0.009651
0.011505 0.020720
0.011504 0.014470
0.011499 0.010201
0.011520 0.010589
0.011526 0.019172
0.011524 0.015058
0.011520 0.009280
0.011538 0.010076
0.011544 0.015138
0.011541 0.010674
0.011540 0.012000
0.011555 0.012908
0.011562 0.011021
0.011557 0.012958
0.011554 0.015637
0.011561 0.014963
0.011560 0.014245
0.011561 0.014754
0.011563 0.013745
0.011562 0.016150
0.011565 0.014579
0.011573 0.013584
0.011580 0.014377
0.011585 0.015365
0.011592 0.014449
0.011596 0.015051
0.011605 0.014917
0.011611 0.013930
0.011615 0.015171
0.011620 0.016231
0.011628 0.014326
0.011634 0.014274
0.011640 0.015173
0.011647 0.014771
0.011652 0.013119
0.011659 0.014037
0.011668 0.014216
0.011673 0.014908
0.011678 0.013933
0.011685 0.014205
0.011691 0.013029
0.011694 0.013023
0.011699 0.014019
0.011704 0.013150
0.011710 0.012698
0.011715 0.017467
0.011720 0.012710
0.011722 0.016597
0.011725 0.013342
0.011730 0.017338
0.011732 0.012353
0.011734 0.016626
0.011746 0.013760
0.011748 0.013776
0.011758 0.015881
0.011761 0.009526
0.011772 0.012108
0.011773 0.011272
0.011783 0.012641
0.011787 0.011322
0.011791 0.011463
0.011799 0.011276
0.011794 0.012886
0.011795 0.010535
0.011794 0.011909
0.011796 0.010754
0.011795 0.011794
0.011794 0.010517
0.011793 0.012380
0.011795 0.010567
0.011793 0.012806
0.011793 0.012136
0.011791 0.011942
0.011791 0.015691
0.011788 0.011976
0.011789 0.014798
0.011787 0.011733
0.011789 0.015147
0.011790 0.012857
0.011790 0.012400
0.011798 0.013317
0.011798 0.012940
0.011804 0.014898
0.011804 0.011335
0.011811 0.011266
0.011813 0.012724
0.011814 0.012033
0.011817 0.011338
0.011819 0.013240
0.011825 0.011758
0.011824 0.011551
0.011823 0.012007
0.011825 0.011223
0.011826 0.011341
0.011825 0.010925
0.011827 0.011106
0.011827 0.014667
0.011827 0.016369
0.011827 0.018895
0.011826 0.018214
0.011825 0.011495
0.011823 0.025343
0.011822 0.020372
0.011827 0.019426
0.011836 0.013119
0.011851 0.011398
0.011863 0.013700
0.011863 0.012747
0.011889 0.014347
0.011906 0.012873
0.011922 0.012172
0.011924 0.015592
0.011923 0.012969
0.011926 0.013136
0.011928 0.012520
0.011933 0.012717
0.011935 0.011389
0.011935 0.013604
0.011943 0.011883
0.011945 0.012879
0.011947 0.015864
0.011948 0.013902
0.011950 0.012130
0.011949 0.012334
0.011952 0.016475
0.011952 0.013191
0.011954 0.012394
0.011961 0.011607
0.011965 0.011800
0.011966 0.011701
0.011966 0.014684
0.011975 0.013217
0.011978 0.010171
0.011979 0.011037
0.011978 0.015104
0.011978 0.014123
0.011977 0.011648
0.011982 0.012336
0.011985 0.015978
0.011981 0.015031
0.011979 0.012193
0.011986 0.012529
0.011990 0.016299
0.011989 0.015599
0.011990 0.012250
0.011998 0.012809
0.012004 0.016677
0.012004 0.015905
0.012005 0.012862
0.012014 0.013054
0.012021 0.016929
0.012022 0.015860
0.012023 0.013291
0.012032 0.013492
0.012040 0.016699
0.012042 0.016021
0.012044 0.012204
0.012054 0.013321
0.012061 0.016756
0.012064 0.015998
0.012067 0.013058
0.012076 0.013322
0.012084 0.016362
0.012084 0.015751
0.012086 0.012789
0.012096 0.012297
0.012104 0.016424
0.012106 0.015342
0.012108 0.012352
0.012116 0.012608
0.012124 0.016587
0.012125 0.015550
0.012125 0.012129
0.012134 0.012487
0.012140 0.016639
0.012141 0.015343
0.012142 0.012229
0.012151 0.011255
0.012157 0.016650
0.012157 0.015216
0.012158 0.011904
0.012167 0.012064
0.012173 0.016172
0.012174 0.014959
0.012172 0.011940
0.012181 0.012178
0.012187 0.015733
0.012186 0.015059
0.012186 0.012875
0.012194 0.012156
0.012199 0.016080
0.012199 0.015324
0.012199 0.011976
0.012206 0.012135
0.012212 0.016614
0.012213 0.015196
0.012213 0.011874
0.012221 0.012025
0.012227 0.016439
0.012226 0.015121
0.012226 0.011500
0.012235 0.012003
0.012241 0.015645
0.012240 0.014952
0.012240 0.011780
0.012248 0.011863
0.012254 0.015029
0.012252 0.014953
0.012252 0.011609
0.012259 0.011627
0.012264 0.005724
0.012263 0.003966
0.012262 0.010232
0.012268 0.004013
0.012273 0.005808
0.012272 0.005744
0.012270 0.005128
0.012257 0.005436
0.012241 0.006329
0.012237 0.004557
0.012220 0.006193
0.012207 0.005349
0.012195 0.007802
0.012180 0.007136
0.012167 0.005347
0.012155 0.005491
0.012140 0.007937
0.012128 0.006129
0.012115 0.005595
0.012106 0.006221
0.012096 0.008233
0.012083 0.006597
0.012069 0.005321
0.012061 0.005634
0.012049 0.005885
0.012036 0.009714
0.012025 0.005995
0.012017 0.007640
0.012006 0.007265
0.011993 0.006444
0.011980 0.006401
0.011968 0.006237
0.011963 0.007079
0.011952 0.006962
0.011943 0.006334
0.011934 0.005930
0.011923 0.006586
0.011912 0.006492
0.011900 0.006422
0.011891 0.006485
0.011881 0.007559
0.011870 0.006428
0.011858 0.006465
0.011847 0.006011
0.011836 0.006527
0.011826 0.007242
0.011815 0.006306
0.011806 0.006497
0.011796 0.006491
0.011785 0.006966
0.011773 0.006423
0.011763 0.006466
0.011754 0.007053
0.011743 0.007278
0.011732 0.006658
0.011722 0.006772
0.011712 0.006366
0.011702 0.006394
0.011691 0.006526
0.011682 0.006500
0.011673 0.006374
0.011663 0.007384
0.011654 0.006438
0.011643 0.006659
0.011632 0.006482
0.011622 0.006502
0.011612 0.007217
0.011602 0.008212
0.011593 0.007606
0.011583 0.009788
0.011573 0.006734
0.011563 0.006207
0.011553 0.005391
0.011544 0.005988
0.011537 0.007265
0.011529 0.006253
0.011526 0.005488
0.011516 0.005453
0.011506 0.007153
0.011493 0.006809
0.011482 0.005559
0.011474 0.005571
0.011464 0.007035
0.011452 0.007099
0.011440 0.005693
0.011431 0.005485
0.011422 0.007408
0.011410 0.007174
0.011398 0.005947
0.011390 0.006030
0.011381 0.007702
0.011370 0.006953
0.011358 0.005436
0.011350 0.005533
0.011342 0.006963
0.011331 0.006585
0.011320 0.005483
0.011313 0.005498
0.011304 0.007106
0.011293 0.006963
0.011281 0.005479
0.011272 0.006056
0.011263 0.006492
0.011252 0.007146
0.011240 0.006930
0.011232 0.006469
0.011223 0.006662
0.011212 0.005054
0.011201 0.005053
0.011192 0.005277
0.011184 0.005384
0.011175 0.005760
0.011166 0.005753
