0.000000 0
0.260953 1
0.511019 2
0.760853 3
1.010595 4
1.260705 5
1.510528 6
1.759626 7
2.009323 8
2.259070 9
2.509536 10
2.759549 11
3.009856 12
3.259025 13
3.508851 14
3.758618 15
4.008572 16
4.258458 17
4.506111 18
4.755400 19
5.004600 20
5.254034 21
5.504109 22
5.753646 23
6.004534 24
6.255978 25
6.507756 26
6.757611 27
7.009316 28
7.259194 29
7.509365 30
7.759620 31
8.009642 32
8.259190 33
8.510151 34
8.759592 35
9.010145 36
9.259927 37
9.509786 38
9.760016 39
10.009502 40
10.258987 41
10.508411 42
10.758931 43
11.008495 44
11.258686 45
11.509315 46
11.759098 47
12.009665 48
12.259596 49
12.508987 50
12.759316 51
13.008515 52
13.258094 53
13.507688 54
13.758182 55
14.007694 56
14.257031 57
14.507270 58
14.755282 59
15.004407 60
15.253066 61
15.502315 62
15.752049 63
16.002878 64
16.251711 65
16.502933 66
16.753710 67
17.005623 68
17.258287 69
17.509961 70
17.759739 71
18.010466 72
18.260595 73
18.510627 74
18.760423 75
19.010661 76
19.260399 77
19.510463 78
19.760303 79
20.010217 80
20.260213 81
20.510276 82
20.759954 83
21.010285 84
21.260259 85
21.513087 86
21.760041 87
22.010327 88
22.260241 89
22.509597 90
22.758189 91
23.004966 92
23.253940 93
23.504051 94
23.751870 95
24.000443 96
24.248751 97
24.497397 98
24.751210 99
25.002006 100
25.250582 101
25.504262 102
25.754992 103
26.007210 104
26.257024 105
26.507170 106
26.757347 107
27.007912 108
27.257901 109
27.508134 110
27.759609 111
28.009980 112
28.259144 113
28.510265 114
28.759410 115
29.010076 116
29.260209 117
29.509478 118
29.759813 119
30.009430 120
100.000000 120
