0.027594 0.027594
0.107825 0.080231
0.150370 0.042545
0.191955 0.041584
0.233617 0.041662
0.275334 0.041717
0.316950 0.041616
0.358616 0.041666
0.400295 0.041679
0.441983 0.041689
0.483650 0.041667
0.525321 0.041671
0.566915 0.041594
0.608650 0.041735
0.650319 0.041669
0.691960 0.041641
0.733626 0.041666
0.775290 0.041663
0.816953 0.041663
0.858620 0.041667
0.900290 0.041671
0.941952 0.041662
0.983624 0.041671
1.025286 0.041663
1.066956 0.041670
1.108619 0.041662
1.150286 0.041667
1.191956 0.041671
1.233619 0.041663
1.275289 0.041670
1.316956 0.041668
1.358622 0.041665
1.400289 0.041668
1.441956 0.041667
1.483622 0.041666
1.525288 0.041666
1.566955 0.041667
1.608619 0.041663
1.650289 0.041671
1.691957 0.041667
1.733619 0.041663
1.775288 0.041668
1.816952 0.041664
1.858622 0.041670
1.900286 0.041664
1.941955 0.041669
1.983618 0.041663
2.025289 0.041671
2.066953 0.041664
2.108622 0.041669
2.150287 0.041665
2.191951 0.041664
2.233618 0.041667
2.275285 0.041667
2.316956 0.041671
2.358619 0.041663
2.400289 0.041670
2.441952 0.041663
2.483623 0.041671
2.525285 0.041662
2.566952 0.041667
2.608619 0.041667
2.650286 0.041666
2.691960 0.041675
2.733619 0.041658
2.775289 0.041670
2.816953 0.041664
2.858619 0.041666
2.900285 0.041667
2.941952 0.041666
2.983621 0.041670
3.025285 0.041664
3.066960 0.041675
3.108620 0.041659
3.150286 0.041667
3.191953 0.041666
3.233622 0.041670
3.275289 0.041667
3.316960 0.041670
3.358623 0.041663
3.400289 0.041666
3.441952 0.041663
3.483619 0.041667
3.525289 0.041669
3.566952 0.041664
3.608620 0.041667
3.650290 0.041670
3.691952 0.041661
3.733622 0.041671
3.775285 0.041662
3.816956 0.041671
3.858619 0.041663
3.900289 0.041670
3.941952 0.041663
3.983622 0.041670
4.025286 0.041665
4.066954 0.041668
4.108621 0.041666
4.150285 0.041665
4.191951 0.041666
4.233619 0.041667
4.275285 0.041667
4.316952 0.041667
4.358619 0.041667
4.400288 0.041669
4.441954 0.041666
4.483626 0.041672
4.525286 0.041660
4.566951 0.041665
4.608618 0.041667
4.650292 0.041673
4.771900 0.121608
4.816955 0.045056
4.909268 0.092313
5.088166 0.178898
5.145417 0.057251
5.383901 0.238484
5.441728 0.057827
5.483616 0.041888
5.627869 0.144253
5.695872 0.068002
5.871884 0.176012
5.941955 0.070071
5.983627 0.041672
6.117029 0.133403
6.150283 0.033253
6.191958 0.041675
6.315874 0.123917
6.358615 0.042741
6.400285 0.041670
6.441955 0.041670
6.483620 0.041665
6.525292 0.041672
6.572237 0.046944
6.608620 0.036384
6.691869 0.083249
6.739008 0.047139
6.775306 0.036297
6.816956 0.041650
6.858622 0.041666
6.900295 0.041673
6.941955 0.041660
6.983622 0.041667
7.025294 0.041672
7.066961 0.041667
7.149153 0.082192
7.191957 0.042803
7.233621 0.041664
7.275285 0.041664
7.316957 0.041672
7.358623 0.041667
7.400289 0.041666
7.441953 0.041664
7.483620 0.041667
7.525285 0.041666
7.574051 0.048766
7.608620 0.034569
7.650286 0.041666
7.691957 0.041671
7.733622 0.041665
7.775292 0.041670
7.816957 0.041664
7.858623 0.041667
7.900286 0.041662
7.941953 0.041667
7.983627 0.041674
8.025286 0.041659
8.066957 0.041671
8.108619 0.041662
8.150289 0.041670
8.191953 0.041664
8.233622 0.041669
8.275285 0.041663
8.316954 0.041669
8.358618 0.041664
8.400286 0.041667
8.441953 0.041667
8.483621 0.041669
8.525286 0.041665
8.566953 0.041667
8.608618 0.041665
8.650289 0.041671
8.691952 0.041663
8.733623 0.041671
8.775289 0.041666
8.816952 0.041663
8.858617 0.041666
8.900286 0.041669
8.941953 0.041667
8.983619 0.041666
9.025285 0.041666
9.066956 0.041670
9.108619 0.041663
9.150290 0.041670
9.191953 0.041663
9.233625 0.041673
9.275287 0.041661
9.316953 0.041666
9.358619 0.041667
9.400286 0.041667
9.441953 0.041667
9.483621 0.041668
9.525285 0.041664
9.566954 0.041669
9.608618 0.041664
9.650286 0.041668
9.691953 0.041667
9.733621 0.041668
9.775286 0.041665
9.816952 0.041666
9.858625 0.041673
9.900286 0.041661
9.941957 0.041671
9.983618 0.041661
10.025291 0.041672
10.066956 0.041665
10.108627 0.041672
10.150290 0.041662
10.191959 0.041669
10.233622 0.041663
10.301624 0.068002
10.328041 0.026417
10.358628 0.030587
10.423560 0.064932
10.443721 0.020162
10.483628 0.039907
10.525286 0.041658
10.566962 0.041676
10.608619 0.041657
10.650286 0.041667
10.691958 0.041673
10.733619 0.041661
10.775288 0.041669
10.816954 0.041665
10.858624 0.041670
10.900286 0.041662
10.941959 0.041673
10.983620 0.041661
11.025286 0.041667
11.066955 0.041668
11.108622 0.041668
11.150290 0.041668
11.191953 0.041663
11.233626 0.041672
11.275290 0.041664
11.316953 0.041664
11.358628 0.041675
11.400289 0.041661
11.441956 0.041667
11.483623 0.041666
11.525286 0.041664
11.566953 0.041667
11.608623 0.041670
11.650285 0.041662
11.691953 0.041668
11.733618 0.041666
11.775286 0.041668
11.816953 0.041667
11.858620 0.041667
11.900238 0.041618
11.941954 0.041716
11.983623 0.041669
12.025290 0.041667
12.066954 0.041664
12.108619 0.041665
12.150288 0.041669
12.191953 0.041666
12.233624 0.041671
12.275286 0.041662
12.316954 0.041668
12.358619 0.041665
12.400289 0.041670
12.441953 0.041664
12.484045 0.042092
12.525290 0.041246
12.566956 0.041665
12.608624 0.041668
12.650288 0.041665
12.691958 0.041669
12.733620 0.041662
12.775289 0.041670
12.816954 0.041664
12.858624 0.041670
12.900285 0.041662
12.941952 0.041667
12.983619 0.041667
13.025242 0.041623
13.066952 0.041711
13.108621 0.041668
13.150239 0.041618
13.208999 0.058760
13.253548 0.044549
13.275292 0.021745
13.316958 0.041666
13.361326 0.044368
13.400289 0.038964
13.447417 0.047128
13.492521 0.045104
13.525291 0.032770
13.566958 0.041667
13.613111 0.046153
13.674611 0.061500
13.691958 0.017347
13.737333 0.045375
13.788498 0.051165
13.816957 0.028459
13.858629 0.041673
13.900293 0.041664
13.983901 0.083608
14.025284 0.041384
14.066958 0.041674
14.223898 0.156940
14.275236 0.051338
14.316954 0.041717
14.358626 0.041672
14.400290 0.041664
14.447933 0.047644
14.483626 0.035693
14.525293 0.041667
14.588347 0.063053
14.650238 0.061891
14.691962 0.041724
14.733620 0.041659
14.775292 0.041672
14.822780 0.047488
14.863206 0.040425
14.900292 0.037086
14.942571 0.042279
14.983621 0.041049
15.025287 0.041666
15.066959 0.041672
15.108619 0.041660
15.150289 0.041669
15.191957 0.041669
15.233629 0.041672
15.275286 0.041657
15.316965 0.041679
15.358623 0.041658
15.400290 0.041666
15.441951 0.041662
15.483624 0.041673
15.525286 0.041661
15.566965 0.041679
15.608618 0.041653
15.650290 0.041672
15.691954 0.041664
15.733624 0.041670
15.775286 0.041662
15.816957 0.041670
15.858620 0.041663
15.900300 0.041680
15.941962 0.041663
15.983619 0.041657
16.025292 0.041673
16.066953 0.041660
16.108624 0.041671
16.150285 0.041662
16.191956 0.041670
16.233619 0.041663
16.275288 0.041669
16.316952 0.041664
16.358620 0.041667
16.400289 0.041669
16.441955 0.041667
16.483619 0.041663
16.525290 0.041671
16.566953 0.041663
16.608620 0.041667
16.650286 0.041666
16.691958 0.041672
16.733618 0.041660
16.775289 0.041671
16.816952 0.041663
16.858621 0.041669
16.900286 0.041664
16.941957 0.041671
16.983622 0.041666
17.025290 0.041668
17.066953 0.041662
17.108622 0.041669
17.150286 0.041664
17.191958 0.041672
17.233618 0.041660
17.275288 0.041670
17.316951 0.041664
17.358621 0.041669
17.400286 0.041665
17.441953 0.041668
17.483618 0.041665
17.525289 0.041670
17.566951 0.041663
17.608623 0.041672
17.650286 0.041663
17.691956 0.041670
17.733619 0.041663
17.775290 0.041671
17.816954 0.041664
17.858626 0.041672
17.900286 0.041660
17.941955 0.041669
17.983620 0.041665
18.025287 0.041667
18.066952 0.041665
18.108619 0.041667
18.150291 0.041672
18.191956 0.041665
18.233628 0.041673
18.275294 0.041666
18.316966 0.041673
18.358620 0.041653
18.400237 0.041618
18.441955 0.041718
18.483622 0.041667
18.525288 0.041667
18.566953 0.041665
18.608625 0.041672
18.650285 0.041660
18.691957 0.041672
18.733623 0.041666
18.775285 0.041663
18.816955 0.041669
18.858618 0.041664
18.900289 0.041671
18.941952 0.041663
18.983619 0.041667
19.025287 0.041668
19.066957 0.041670
19.108624 0.041667
19.150286 0.041662
19.191958 0.041672
19.233619 0.041661
19.275294 0.041675
19.316956 0.041662
19.358619 0.041663
19.400290 0.041670
19.441952 0.041663
19.483625 0.041673
19.525285 0.041660
19.566956 0.041671
19.608623 0.041667
19.650298 0.041676
19.691952 0.041654
19.733622 0.041670
19.775289 0.041666
19.816959 0.041670
19.858621 0.041662
19.900290 0.041669
19.941957 0.041667
19.983625 0.041668
20.025288 0.041663
20.066958 0.041670
20.108622 0.041664
20.150290 0.041668
20.191953 0.041663
20.233626 0.041673
20.275285 0.041659
20.316958 0.041673
20.358633 0.041676
20.400293 0.041659
20.441952 0.041660
20.483624 0.041671
20.525286 0.041662
20.566954 0.041668
20.608625 0.041671
20.650291 0.041666
20.691957 0.041666
20.733619 0.041661
20.784651 0.051033
20.818686 0.034034
20.858618 0.039932
20.901291 0.042672
20.941963 0.040672
20.983622 0.041659
21.025286 0.041663
21.066953 0.041668
21.108619 0.041665
21.150288 0.041669
21.191952 0.041664
21.233626 0.041674
21.275287 0.041661
21.316959 0.041672
21.358631 0.041673
21.400295 0.041664
21.441953 0.041658
21.483625 0.041672
21.526278 0.042653
21.567672 0.041395
21.608619 0.040947
21.658524 0.049905
21.691954 0.033430
21.733619 0.041665
21.775295 0.041676
21.816952 0.041658
21.858623 0.041670
21.900286 0.041663
21.941956 0.041670
21.983621 0.041665
22.025239 0.041618
22.066954 0.041716
22.108625 0.041670
22.150286 0.041661
22.191957 0.041671
22.233619 0.041662
22.275285 0.041666
22.316953 0.041668
22.358621 0.041668
22.400285 0.041664
22.441956 0.041671
22.483619 0.041663
22.525288 0.041669
22.566953 0.041664
22.608620 0.041667
22.650288 0.041669
22.691957 0.041668
22.733621 0.041665
22.775290 0.041669
22.816953 0.041663
22.858620 0.041666
22.900286 0.041666
22.941965 0.041678
22.983619 0.041654
23.025289 0.041671
23.066952 0.041663
23.108624 0.041672
23.150286 0.041662
23.191960 0.041674
23.233620 0.041660
23.275298 0.041678
23.316961 0.041663
23.358635 0.041674
23.409144 0.050508
23.441957 0.032813
23.483626 0.041669
23.527772 0.044146
23.566961 0.039189
23.608629 0.041668
23.650287 0.041657
23.697429 0.047142
23.733620 0.036191
23.775291 0.041670
23.816955 0.041664
23.858632 0.041677
23.900288 0.041656
23.941957 0.041669
23.983624 0.041667
24.025289 0.041666
24.066966 0.041677
24.108623 0.041656
24.150292 0.041669
24.191956 0.041664
24.233630 0.041675
24.279996 0.046365
24.316968 0.036972
24.358621 0.041653
24.400292 0.041671
24.441958 0.041667
24.483628 0.041669
24.525286 0.041658
24.566960 0.041674
24.608619 0.041659
24.650297 0.041678
24.691956 0.041659
24.733625 0.041669
24.775287 0.041662
24.816957 0.041670
24.858607 0.041650
24.900291 0.041684
24.941956 0.041665
24.983627 0.041671
25.025288 0.041661
25.066966 0.041679
25.108621 0.041654
25.150297 0.041676
25.203761 0.053464
25.234537 0.030776
25.275289 0.040752
25.316957 0.041668
25.358619 0.041661
25.400294 0.041675
25.441953 0.041659
25.483627 0.041674
25.525238 0.041611
25.566954 0.041716
25.608620 0.041666
25.650290 0.041669
25.691953 0.041664
25.733623 0.041670
25.775287 0.041664
25.816956 0.041669
25.858620 0.041665
25.900291 0.041671
25.941953 0.041663
25.983624 0.041670
26.025287 0.041663
26.066959 0.041672
26.108621 0.041662
26.150291 0.041669
26.191954 0.041663
26.233624 0.041671
26.275291 0.041667
26.316957 0.041666
26.358621 0.041664
26.400290 0.041669
26.441954 0.041664
26.483624 0.041670
26.525287 0.041663
26.566958 0.041672
26.608620 0.041662
26.650287 0.041667
26.691954 0.041667
26.733624 0.041670
26.775237 0.041613
26.816954 0.041717
26.858621 0.041667
26.900249 0.041629
26.941953 0.041704
26.983632 0.041679
27.025286 0.041654
27.066957 0.041671
27.108620 0.041663
27.150293 0.041673
27.191953 0.041660
27.233623 0.041670
27.275287 0.041663
27.316964 0.041677
27.358621 0.041657
27.400237 0.041617
27.441954 0.041717
27.483625 0.041671
27.525287 0.041662
27.566956 0.041669
27.608623 0.041666
27.650303 0.041680
27.691953 0.041651
27.733620 0.041667
27.775295 0.041675
27.816953 0.041658
27.858624 0.041670
27.900287 0.041664
27.941957 0.041670
27.983621 0.041663
28.025290 0.041669
28.066953 0.041663
28.108627 0.041674
28.150290 0.041663
28.191956 0.041666
28.233620 0.041663
28.275286 0.041666
28.316953 0.041667
28.358624 0.041671
28.400286 0.041662
28.441954 0.041668
28.483620 0.041666
28.525286 0.041667
28.566957 0.041670
28.608620 0.041663
28.650287 0.041667
28.691954 0.041667
28.733619 0.041665
28.775287 0.041668
28.816954 0.041667
28.858620 0.041666
28.900286 0.041666
28.941965 0.041678
28.983624 0.041659
29.025290 0.041666
29.066953 0.041663
29.108624 0.041671
29.150287 0.041663
29.191957 0.041671
29.233620 0.041663
29.275291 0.041671
29.316953 0.041662
29.358626 0.041673
29.400306 0.041680
29.441958 0.041652
29.483624 0.041666
29.525290 0.041666
29.566953 0.041664
29.608624 0.041671
29.650286 0.041662
29.691960 0.041674
29.733620 0.041661
29.775290 0.041669
29.816952 0.041662
29.858627 0.041675
29.900286 0.041659
29.941956 0.041670
29.983630 0.041675
30.028530 0.044900
30.066955 0.038425
30.108624 0.041670
30.150289 0.041665
30.191958 0.041669
30.233619 0.041661
30.275295 0.041676
30.316959 0.041664
30.358625 0.041666
30.400287 0.041662
30.441961 0.041674
30.489650 0.047690
30.525296 0.035645
30.566957 0.041661
30.608628 0.041671
30.654869 0.046241
30.701286 0.046417
30.733630 0.032344
30.775293 0.041663
30.816956 0.041664
30.858625 0.041668
30.900287 0.041662
30.941963 0.041677
30.983622 0.041659
31.025290 0.041668
31.066954 0.041664
31.108620 0.041666
31.150292 0.041673
31.191956 0.041663
31.233624 0.041668
31.275293 0.041669
31.316953 0.041660
31.358627 0.041674
31.400287 0.041660
31.441953 0.041667
31.483621 0.041667
31.525288 0.041667
31.566954 0.041667
31.608619 0.041665
31.650287 0.041667
31.691954 0.041668
31.733624 0.041670
31.775287 0.041663
31.816954 0.041667
31.858620 0.041666
31.900289 0.041669
31.941957 0.041667
31.983619 0.041663
32.025287 0.041668
32.066953 0.041666
32.108620 0.041667
32.150287 0.041668
32.191954 0.041667
32.233620 0.041666
32.275290 0.041670
32.316953 0.041664
32.358620 0.041667
32.400241 0.041621
32.441955 0.041714
32.483621 0.041665
32.525287 0.041666
32.566956 0.041669
32.608623 0.041667
32.650287 0.041664
32.691955 0.041668
32.733620 0.041666
32.775288 0.041667
32.816953 0.041665
32.858620 0.041667
32.900286 0.041666
32.941954 0.041667
32.983624 0.041670
33.025290 0.041667
33.066957 0.041667
33.108621 0.041663
33.150288 0.041668
33.191954 0.041666
33.233620 0.041666
33.275286 0.041665
33.316959 0.041673
33.358619 0.041660
33.400288 0.041669
33.441958 0.041670
33.483624 0.041666
33.525296 0.041672
33.566954 0.041658
33.608621 0.041667
33.650291 0.041670
33.691957 0.041666
33.733629 0.041672
33.775287 0.041659
33.816956 0.041669
33.858621 0.041664
33.900290 0.041670
33.941954 0.041663
33.983621 0.041667
34.025294 0.041673
34.066955 0.041661
34.109100 0.042145
34.150287 0.041187
34.191954 0.041667
34.233620 0.041666
34.275291 0.041671
34.316958 0.041668
34.358619 0.041661
34.400296 0.041677
34.441954 0.041658
34.483624 0.041671
34.525291 0.041666
34.566955 0.041665
34.608622 0.041667
34.650292 0.041670
34.691954 0.041662
34.733623 0.041669
34.775290 0.041667
34.816963 0.041673
34.858619 0.041656
34.900294 0.041675
34.941954 0.041660
34.983625 0.041671
35.025286 0.041662
35.066958 0.041672
35.108620 0.041661
35.150291 0.041672
35.191953 0.041662
35.233624 0.041672
35.275287 0.041663
35.316954 0.041667
35.358625 0.041671
35.400239 0.041614
35.441965 0.041726
35.483621 0.041656
35.525290 0.041670
35.566954 0.041663
35.608627 0.041674
35.650289 0.041662
35.691961 0.041672
35.733623 0.041662
35.775288 0.041665
35.816954 0.041666
35.858623 0.041669
35.900286 0.041663
35.941956 0.041670
35.983620 0.041664
36.025287 0.041667
36.066954 0.041668
36.108622 0.041668
36.150287 0.041665
36.191954 0.041667
36.233619 0.041665
36.275288 0.041669
36.316953 0.041665
36.363267 0.046314
36.400288 0.037021
36.441952 0.041665
36.483620 0.041667
36.525290 0.041671
36.566953 0.041662
36.608621 0.041668
36.650286 0.041665
36.691954 0.041668
36.733619 0.041665
36.775291 0.041672
36.816952 0.041662
36.858627 0.041675
36.900286 0.041659
36.941957 0.041670
36.983620 0.041663
37.025289 0.041669
37.066950 0.041661
37.108623 0.041674
37.150286 0.041663
37.191958 0.041672
37.233621 0.041663
37.275290 0.041669
37.316952 0.041662
37.358624 0.041672
37.400290 0.041666
37.441957 0.041667
37.483620 0.041663
37.525287 0.041667
37.566952 0.041665
37.608573 0.041621
37.650286 0.041713
37.691956 0.041670
37.733621 0.041665
37.775290 0.041669
37.816954 0.041664
37.858623 0.041669
37.900237 0.041614
37.941961 0.041724
37.983620 0.041659
38.025290 0.041670
38.066954 0.041664
38.108624 0.041670
38.150286 0.041662
38.191957 0.041670
38.233624 0.041668
38.275290 0.041666
38.316962 0.041672
38.358620 0.041658
38.400291 0.041671
38.441953 0.041662
38.483626 0.041673
38.525290 0.041665
38.566953 0.041663
38.608622 0.041669
38.650241 0.041620
38.691955 0.041714
38.733633 0.041678
38.775246 0.041613
38.816957 0.041711
38.858621 0.041664
38.900290 0.041669
38.941953 0.041662
38.983623 0.041670
39.025287 0.041664
39.066957 0.041670
39.108620 0.041663
39.150291 0.041671
39.191954 0.041662
39.233632 0.041678
39.275292 0.041660
39.316953 0.041661
39.358622 0.041669
39.400287 0.041665
39.441956 0.041669
39.483620 0.041664
39.525237 0.041616
39.566954 0.041718
39.608621 0.041666
39.650286 0.041666
39.691956 0.041670
39.733622 0.041666
39.775237 0.041615
39.816953 0.041716
39.858582 0.041628
39.900287 0.041705
39.941953 0.041666
39.983620 0.041667
40.025290 0.041670
40.066954 0.041664
40.108619 0.041664
40.150286 0.041667
40.191953 0.041667
40.233625 0.041672
40.275287 0.041662
40.316959 0.041672
40.358624 0.041665
40.400288 0.041664
40.441956 0.041668
40.483619 0.041663
40.525238 0.041619
40.566953 0.041715
40.608624 0.041670
40.650286 0.041663
40.691955 0.041669
40.733620 0.041665
40.775292 0.041672
40.816953 0.041662
40.858624 0.041671
40.900236 0.041612
40.941959 0.041723
40.983619 0.041661
41.025292 0.041673
41.066957 0.041665
41.108625 0.041668
41.150287 0.041663
41.191959 0.041671
41.233627 0.041669
41.275293 0.041665
41.316954 0.041662
41.358624 0.041669
41.400287 0.041663
41.441953 0.041666
41.483619 0.041666
41.525290 0.041671
41.566953 0.041663
41.608620 0.041667
41.650291 0.041670
41.691955 0.041664
41.733618 0.041663
41.775296 0.041677
41.816952 0.041657
41.858622 0.041670
41.900286 0.041664
41.941957 0.041671
41.983619 0.041662
42.025289 0.041670
42.066955 0.041667
42.108623 0.041667
42.150285 0.041662
42.191951 0.041666
42.233621 0.041670
42.275290 0.041669
42.316952 0.041663
42.358620 0.041667
42.400286 0.041666
42.441956 0.041670
42.483620 0.041664
42.525290 0.041670
42.566952 0.041662
42.608623 0.041671
42.650285 0.041662
42.691965 0.041680
42.733619 0.041654
42.775288 0.041669
42.816955 0.041667
42.858627 0.041672
42.900286 0.041659
42.941955 0.041669
42.983618 0.041663
43.025286 0.041668
43.066956 0.041669
43.108622 0.041666
43.150286 0.041664
43.191953 0.041667
43.233622 0.041669
43.275290 0.041668
43.316952 0.041662
43.358620 0.041668
43.400289 0.041669
43.441951 0.041663
43.483618 0.041667
43.525288 0.041670
43.566953 0.041665
43.608623 0.041670
43.650286 0.041663
43.691953 0.041667
43.733618 0.041665
43.775286 0.041668
43.816952 0.041666
43.858622 0.041669
43.900285 0.041664
43.941953 0.041667
43.983620 0.041667
44.025286 0.041666
44.066956 0.041670
44.108619 0.041664
44.150291 0.041672
44.191953 0.041662
44.233623 0.041670
44.275287 0.041664
44.316958 0.041671
44.358622 0.041664
44.400293 0.041671
44.441964 0.041670
44.483620 0.041656
44.525290 0.041671
44.595872 0.070582
44.655902 0.060030
44.727905 0.072003
44.775293 0.047388
44.863895 0.088602
44.900246 0.036352
44.941952 0.041706
44.983618 0.041666
45.025236 0.041618
45.066951 0.041715
45.108620 0.041669
45.150285 0.041666
45.191957 0.041671
45.233619 0.041663
45.275286 0.041667
45.316953 0.041667
45.358623 0.041670
45.400236 0.041613
45.441952 0.041717
45.483619 0.041666
45.525293 0.041674
45.566956 0.041663
45.608618 0.041663
45.650290 0.041671
45.691952 0.041662
45.733623 0.041671
45.775285 0.041662
45.816953 0.041668
45.858619 0.041666
45.900243 0.041624
45.941953 0.041710
45.983620 0.041667
46.025285 0.041666
46.066958 0.041672
46.108619 0.041661
46.150286 0.041668
46.191952 0.041666
46.233625 0.041673
46.275285 0.041660
46.316957 0.041671
46.358626 0.041669
46.403773 0.045147
46.441958 0.038185
46.499896 0.057938
46.525292 0.025396
46.602255 0.076963
46.650289 0.048034
46.697206 0.046916
46.792125 0.094919
46.851895 0.059771
46.900293 0.048397
46.975874 0.075581
47.027423 0.051549
47.066956 0.039533
47.108622 0.041666
47.150292 0.041671
47.211900 0.061608
47.238330 0.026430
47.336312 0.097982
47.415886 0.079574
47.483621 0.067735
47.525296 0.041675
47.566958 0.041662
47.608626 0.041669
47.659903 0.051276
47.745496 0.085593
47.775290 0.029794
47.835848 0.060558
47.900233 0.064385
47.941953 0.041719
47.983619 0.041666
48.025289 0.041670
48.066953 0.041664
48.108625 0.041672
48.150286 0.041661
48.191952 0.041666
48.233621 0.041669
48.275286 0.041665
48.316956 0.041670
48.358618 0.041662
48.400237 0.041618
48.441952 0.041715
48.483623 0.041671
48.525285 0.041662
48.566957 0.041672
48.608618 0.041661
48.650289 0.041670
48.691953 0.041664
48.733624 0.041671
48.775285 0.041662
48.816956 0.041670
48.858618 0.041663
48.900287 0.041669
48.941952 0.041665
48.983620 0.041668
49.025286 0.041666
49.066952 0.041667
49.108619 0.041666
49.150289 0.041670
49.191956 0.041667
49.233622 0.041666
49.275286 0.041664
49.316963 0.041677
49.358619 0.041656
49.400292 0.041673
49.441952 0.041661
49.483622 0.041670
49.525287 0.041665
49.566952 0.041665
49.608623 0.041671
49.650290 0.041667
49.691952 0.041662
49.733619 0.041667
49.775286 0.041666
49.816953 0.041668
49.858619 0.041666
49.900287 0.041668
49.941952 0.041665
49.983632 0.041680
50.025286 0.041654
50.066965 0.041679
50.108618 0.041654
50.150287 0.041668
50.191953 0.041666
50.233620 0.041667
50.275286 0.041666
50.316952 0.041666
50.358619 0.041667
50.400285 0.041666
50.441955 0.041670
50.483620 0.041665
50.525292 0.041671
50.566953 0.041661
50.608621 0.041668
50.650239 0.041618
50.691953 0.041714
50.733620 0.041667
50.775287 0.041667
50.816952 0.041666
50.858620 0.041668
50.900236 0.041616
50.941952 0.041716
50.983619 0.041667
51.025290 0.041671
51.066952 0.041663
51.108621 0.041669
51.150286 0.041665
51.191953 0.041667
51.233619 0.041665
51.275288 0.041670
51.316953 0.041664
51.358624 0.041671
51.400286 0.041662
51.441952 0.041667
51.483622 0.041669
51.525287 0.041665
51.566952 0.041665
51.608622 0.041670
51.650286 0.041664
51.691953 0.041667
51.733619 0.041666
51.775288 0.041669
51.816952 0.041664
51.858619 0.041667
51.900286 0.041667
51.945180 0.044893
51.983620 0.038440
52.025291 0.041671
52.066961 0.041670
52.108618 0.041657
52.150290 0.041672
52.191953 0.041662
52.233623 0.041670
52.275286 0.041663
52.316956 0.041670
52.358619 0.041663
52.400292 0.041673
52.441952 0.041660
52.483623 0.041670
52.525287 0.041664
52.566959 0.041672
52.608624 0.041665
52.650286 0.041662
52.691963 0.041678
52.733620 0.041657
52.775287 0.041667
52.816952 0.041665
52.858623 0.041672
52.900286 0.041663
52.941953 0.041667
52.983620 0.041667
53.025289 0.041670
53.066952 0.041662
53.108621 0.041669
53.150291 0.041669
53.191953 0.041663
53.233624 0.041670
53.275285 0.041662
53.316961 0.041676
53.358619 0.041658
53.400291 0.041672
53.441953 0.041662
53.483624 0.041672
53.525286 0.041661
53.566955 0.041669
53.608623 0.041668
53.650290 0.041666
53.691934 0.041644
53.733624 0.041690
53.775285 0.041662
53.816956 0.041671
53.858618 0.041662
53.900290 0.041671
53.941952 0.041662
53.983621 0.041669
54.025283 0.041662
54.066959 0.041676
54.108619 0.041660
54.150290 0.041671
54.191952 0.041663
54.233622 0.041670
54.275285 0.041663
54.316957 0.041671
54.358619 0.041663
54.400290 0.041671
54.441953 0.041663
54.483622 0.041669
54.525291 0.041669
54.566956 0.041665
54.608625 0.041669
54.650287 0.041663
54.691952 0.041664
54.733619 0.041668
54.775289 0.041670
54.816952 0.041663
54.858620 0.041668
54.900286 0.041666
54.941961 0.041675
54.983593 0.041632
55.025243 0.041650
55.066965 0.041722
55.108632 0.041667
55.150289 0.041657
55.191957 0.041668
55.233620 0.041663
55.275286 0.041666
55.316958 0.041671
55.358626 0.041668
55.400287 0.041661
55.441957 0.041670
55.483619 0.041662
55.525239 0.041620
55.566955 0.041717
55.608620 0.041664
55.650287 0.041667
55.691957 0.041671
55.733620 0.041663
55.775286 0.041667
55.816959 0.041673
55.858625 0.041666
55.900290 0.041665
55.941957 0.041667
55.983620 0.041662
56.025292 0.041672
56.066955 0.041663
56.108624 0.041670
56.150288 0.041663
56.191956 0.041669
56.233620 0.041663
56.275291 0.041671
56.316953 0.041662
56.358626 0.041672
56.400286 0.041661
56.441961 0.041675
56.483620 0.041659
56.525292 0.041672
56.566953 0.041662
56.608621 0.041667
56.650290 0.041669
56.691953 0.041664
56.733620 0.041666
56.775287 0.041667
56.816954 0.041667
56.858622 0.041668
56.900286 0.041664
56.941958 0.041672
56.983622 0.041664
57.025291 0.041668
57.066953 0.041662
57.108625 0.041672
57.150286 0.041661
57.191957 0.041671
57.233620 0.041663
57.275291 0.041671
57.316956 0.041665
57.358620 0.041664
57.400289 0.041669
57.441953 0.041664
57.483625 0.041672
57.525287 0.041662
57.566962 0.041675
57.608620 0.041658
57.650291 0.041671
57.691954 0.041664
57.733621 0.041667
57.775287 0.041666
57.816958 0.041671
57.858620 0.041662
57.900289 0.041669
57.941956 0.041667
57.983627 0.041671
58.025288 0.041661
58.066958 0.041670
58.108622 0.041664
58.150291 0.041669
58.191952 0.041661
58.233623 0.041671
58.275286 0.041662
58.316958 0.041673
58.358620 0.041661
58.400290 0.041670
58.441952 0.041662
58.483620 0.041668
58.525285 0.041665
58.566957 0.041672
58.608620 0.041663
58.650289 0.041668
58.691952 0.041664
58.733624 0.041672
58.775285 0.041661
58.816957 0.041672
58.858619 0.041662
58.900290 0.041671
58.941952 0.041662
58.983622 0.041670
59.025285 0.041663
59.066957 0.041671
59.108618 0.041662
59.150286 0.041668
59.191953 0.041667
59.233628 0.041674
59.275287 0.041659
59.316962 0.041676
59.358622 0.041660
59.400287 0.041665
59.441952 0.041665
59.483626 0.041673
59.525287 0.041661
59.566957 0.041670
59.608619 0.041662
59.650293 0.041674
59.691952 0.041659
59.733623 0.041671
59.775289 0.041666
59.816962 0.041674
59.858623 0.041661
59.900290 0.041667
59.941914 0.041624
59.983628 0.041714
60.025286 0.041658
60.066956 0.041670
60.108619 0.041663
60.150292 0.041673
60.191953 0.041661
60.233623 0.041671
60.275286 0.041662
60.316957 0.041672
60.358619 0.041662
60.400290 0.041671
60.441952 0.041661
60.483623 0.041671
60.525285 0.041662
60.566957 0.041672
60.608619 0.041661
60.650290 0.041671
60.691953 0.041663
60.733624 0.041671
60.775287 0.041663
60.816956 0.041670
60.858621 0.041665
60.900289 0.041668
60.941954 0.041665
60.983623 0.041669
61.025288 0.041665
61.066956 0.041669
61.108620 0.041664
61.150285 0.041665
61.191956 0.041670
61.233624 0.041668
61.275286 0.041662
61.316956 0.041671
61.358621 0.041665
61.400747 0.042126
61.441958 0.041211
61.483621 0.041663
61.525294 0.041672
61.566954 0.041660
61.608623 0.041669
61.650286 0.041663
61.691954 0.041668
61.733626 0.041672
61.775236 0.041610
61.816957 0.041721
61.858619 0.041662
61.900290 0.041671
61.941955 0.041665
61.983623 0.041667
62.025286 0.041663
62.066960 0.041674
62.108619 0.041660
62.150290 0.041671
62.191961 0.041671
62.233623 0.041662
62.275287 0.041664
62.316957 0.041670
62.358621 0.041665
62.400296 0.041675
62.441956 0.041660
62.483623 0.041667
62.525290 0.041667
62.566952 0.041662
62.608621 0.041669
62.650290 0.041669
62.691954 0.041664
62.733623 0.041669
62.775286 0.041663
62.816962 0.041676
62.858619 0.041656
62.900289 0.041671
62.941952 0.041663
62.983622 0.041670
63.025295 0.041673
63.066952 0.041656
63.108624 0.041672
63.150286 0.041662
63.191956 0.041671
63.233619 0.041663
63.275291 0.041672
63.316952 0.041661
63.358623 0.041671
63.400286 0.041663
63.441954 0.041668
63.483619 0.041664
63.525295 0.041676
63.566957 0.041662
63.608619 0.041662
63.650295 0.041676
63.691957 0.041662
63.733619 0.041663
63.775287 0.041667
63.816953 0.041667
63.858623 0.041669
63.900289 0.041666
63.941953 0.041664
63.983620 0.041667
64.025285 0.041665
64.066957 0.041672
64.108620 0.041663
64.150293 0.041674
64.191953 0.041660
64.233624 0.041671
64.275237 0.041613
64.316959 0.041721
64.358620 0.041661
64.400287 0.041668
64.441954 0.041667
64.483624 0.041669
64.525243 0.041619
64.566953 0.041710
64.608623 0.041670
64.650287 0.041664
64.691954 0.041666
64.733620 0.041667
64.775287 0.041667
64.816954 0.041667
64.858620 0.041666
64.900233 0.041614
64.941954 0.041720
64.983620 0.041666
65.025291 0.041671
65.066953 0.041662
65.108622 0.041669
65.150287 0.041665
65.191953 0.041666
65.233620 0.041667
65.275241 0.041620
65.316953 0.041712
65.358620 0.041667
65.400287 0.041667
65.441954 0.041667
65.483621 0.041667
65.525291 0.041670
65.566954 0.041663
65.608679 0.041725
65.650287 0.041608
65.691953 0.041666
65.733620 0.041667
65.775288 0.041668
65.816952 0.041664
65.858623 0.041671
65.900290 0.041666
65.941959 0.041670
65.984784 0.042825
66.025304 0.040520
66.066954 0.041650
66.108624 0.041670
66.150287 0.041663
66.191957 0.041670
66.233620 0.041663
66.275288 0.041668
66.316954 0.041666
66.358626 0.041672
66.400286 0.041661
66.441954 0.041667
66.483620 0.041666
66.525287 0.041668
66.566956 0.041669
66.608624 0.041668
66.650286 0.041662
66.691954 0.041668
66.733621 0.041666
66.775291 0.041670
66.816957 0.041666
66.858624 0.041667
66.900287 0.041663
66.941957 0.041669
66.983620 0.041663
67.025288 0.041668
67.066953 0.041666
67.108624 0.041671
67.150286 0.041662
67.191956 0.041670
67.233620 0.041664
67.275287 0.041667
67.316953 0.041666
67.358621 0.041668
67.400286 0.041665
67.441954 0.041668
67.483620 0.041666
67.525289 0.041669
67.566953 0.041664
67.608620 0.041667
67.650287 0.041667
67.691953 0.041666
67.733622 0.041669
67.775286 0.041664
67.816954 0.041668
67.858620 0.041666
67.900289 0.041669
67.941954 0.041665
67.983624 0.041671
68.025287 0.041662
68.066957 0.041670
68.108624 0.041668
68.150286 0.041662
68.191956 0.041670
68.233624 0.041668
68.275286 0.041663
68.316964 0.041678
68.358620 0.041656
68.400292 0.041673
68.441959 0.041667
68.483620 0.041661
68.525294 0.041674
68.566960 0.041666
68.608619 0.041659
68.650295 0.041676
68.691953 0.041658
68.733623 0.041670
68.775286 0.041663
68.816954 0.041668
68.858621 0.041667
68.900286 0.041665
68.941953 0.041667
68.983621 0.041669
69.025283 0.041662
69.066955 0.041672
69.108619 0.041664
69.150288 0.041669
69.191952 0.041664
69.233622 0.041670
69.275285 0.041663
69.316954 0.041668
69.358619 0.041665
69.400287 0.041668
69.441952 0.041665
69.483621 0.041669
69.525286 0.041665
69.566962 0.041676
69.608619 0.041658
69.650290 0.041670
69.691954 0.041665
69.733625 0.041671
69.775286 0.041660
69.816955 0.041670
69.858622 0.041666
69.900288 0.041667
69.941952 0.041664
69.983628 0.041676
70.025287 0.041659
70.066958 0.041670
70.108621 0.041663
70.150288 0.041667
70.191952 0.041665
70.233626 0.041673
70.275285 0.041659
70.316953 0.041669
70.358619 0.041666
70.400287 0.041667
70.441954 0.041667
70.483620 0.041666
70.525288 0.041669
70.566953 0.041665
70.608621 0.041668
70.650286 0.041665
70.691955 0.041669
70.733618 0.041663
70.775286 0.041668
70.816955 0.041669
70.858622 0.041667
70.900285 0.041663
70.941953 0.041668
70.983622 0.041669
71.025286 0.041664
71.066953 0.041667
71.108619 0.041666
71.150290 0.041671
71.191953 0.041663
71.233620 0.041668
71.275286 0.041665
71.316955 0.041670
71.358633 0.041678
71.400285 0.041652
71.441955 0.041670
71.483623 0.041668
71.525285 0.041662
71.566952 0.041667
71.608619 0.041667
71.650289 0.041671
71.691953 0.041663
71.733623 0.041670
71.775285 0.041662
71.816952 0.041668
71.858618 0.041666
71.900290 0.041671
71.941952 0.041662
71.983619 0.041667
72.025287 0.041668
72.066956 0.041669
72.108619 0.041663
72.150286 0.041667
72.191956 0.041671
72.233621 0.041665
72.275285 0.041664
72.316952 0.041667
72.358623 0.041671
72.400289 0.041666
72.441953 0.041664
72.483619 0.041666
72.525286 0.041667
72.566955 0.041669
72.608619 0.041663
72.650287 0.041668
72.691953 0.041667
72.733620 0.041666
72.775285 0.041665
72.816953 0.041668
72.858619 0.041665
72.900289 0.041670
72.941952 0.041663
72.983619 0.041667
73.025290 0.041671
73.066955 0.041665
73.108618 0.041663
73.150286 0.041667
73.191953 0.041667
73.233619 0.041666
73.275288 0.041669
73.316952 0.041665
73.358618 0.041665
73.400286 0.041668
73.441955 0.041669
73.483619 0.041663
73.525286 0.041667
73.566953 0.041667
73.608621 0.041667
73.650286 0.041665
73.691955 0.041669
73.733619 0.041664
73.775290 0.041671
73.816952 0.041662
73.858628 0.041676
73.900286 0.041658
73.941965 0.041679
73.983622 0.041657
74.025289 0.041667
74.066953 0.041664
74.108620 0.041667
74.150286 0.041666
74.191953 0.041667
74.233620 0.041667
74.275287 0.041667
74.316958 0.041670
74.358620 0.041663
74.400296 0.041676
74.441957 0.041662
74.483620 0.041663
74.525285 0.041666
74.566953 0.041667
74.608618 0.041666
74.651572 0.042954
74.691951 0.040379
74.733619 0.041668
74.775286 0.041666
74.816952 0.041667
74.858622 0.041670
74.900288 0.041666
74.941952 0.041664
74.983620 0.041668
75.025285 0.041665
75.066954 0.041669
75.108618 0.041664
75.150289 0.041671
75.191952 0.041663
75.233621 0.041669
75.275285 0.041664
75.316954 0.041669
75.358620 0.041666
75.400290 0.041670
75.441951 0.041661
75.483622 0.041671
75.525286 0.041664
75.566954 0.041668
75.608619 0.041665
75.650285 0.041666
75.691952 0.041667
75.733620 0.041669
75.775286 0.041665
75.816952 0.041666
75.858619 0.041667
75.900286 0.041667
75.941952 0.041666
75.983619 0.041668
76.025285 0.041666
76.066954 0.041669
76.108619 0.041665
76.150285 0.041666
76.191952 0.041666
76.233619 0.041668
76.275285 0.041666
76.316953 0.041668
76.358618 0.041665
76.400287 0.041668
76.441952 0.041665
76.483623 0.041671
76.525286 0.041663
76.566961 0.041675
76.608619 0.041658
76.650286 0.041667
76.691952 0.041666
76.733619 0.041667
76.775286 0.041666
76.816957 0.041671
76.858618 0.041662
76.900285 0.041667
76.941952 0.041666
76.983625 0.041673
77.025286 0.041661
77.066952 0.041666
77.108623 0.041672
77.150286 0.041662
77.191953 0.041667
77.233619 0.041666
77.275288 0.041669
77.316954 0.041666
77.358621 0.041667
77.400287 0.041666
77.441957 0.041670
77.483620 0.041663
77.525287 0.041667
77.566953 0.041667
77.608619 0.041666
77.650287 0.041667
77.691953 0.041666
77.733621 0.041668
77.775287 0.041666
77.816954 0.041667
77.858620 0.041667
77.900289 0.041668
77.941954 0.041665
77.983621 0.041667
78.025287 0.041666
78.066957 0.041670
78.108620 0.041663
78.150287 0.041666
78.191954 0.041667
78.233623 0.041669
78.275236 0.041613
78.316956 0.041720
78.358619 0.041663
78.400290 0.041670
78.441953 0.041663
78.483622 0.041669
78.525286 0.041664
78.566954 0.041667
78.608620 0.041667
78.650287 0.041667
78.691954 0.041667
78.733620 0.041666
78.775286 0.041666
78.816952 0.041666
78.858620 0.041668
78.900291 0.041671
78.941953 0.041662
78.983623 0.041670
79.025289 0.041666
79.066957 0.041667
79.108620 0.041663
79.150288 0.041668
79.191953 0.041665
79.233623 0.041670
79.275287 0.041663
79.316956 0.041670
79.358619 0.041663
79.400239 0.041620
79.441957 0.041717
79.483624 0.041667
79.525287 0.041663
79.566957 0.041670
79.608621 0.041664
79.650291 0.041670
79.691953 0.041662
79.733624 0.041670
79.775287 0.041663
79.816956 0.041670
79.858597 0.041640
79.900290 0.041694
79.941954 0.041664
79.983623 0.041669
80.025286 0.041663
80.066955 0.041668
80.108622 0.041667
80.150290 0.041668
80.191953 0.041663
80.233624 0.041671
80.275296 0.041672
80.316954 0.041658
80.358620 0.041666
80.400289 0.041669
80.441952 0.041664
80.483619 0.041667
80.525285 0.041666
80.566954 0.041669
80.608619 0.041665
80.650288 0.041669
80.691955 0.041667
80.733623 0.041669
80.775284 0.041661
80.816955 0.041671
80.858618 0.041663
80.900291 0.041673
80.941955 0.041664
80.983621 0.041666
81.025285 0.041664
81.066963 0.041678
81.126930 0.059967
81.152476 0.025546
81.191964 0.039488
81.233627 0.041663
81.311902 0.078275
81.358618 0.046716
81.400289 0.041671
81.441951 0.041662
81.483618 0.041667
81.525288 0.041670
81.566958 0.041669
81.608618 0.041661
81.650288 0.041670
81.691954 0.041666
81.733621 0.041668
81.775287 0.041666
81.816955 0.041668
81.858620 0.041665
81.900286 0.041666
81.941955 0.041668
81.983623 0.041668
82.025291 0.041668
82.067721 0.042430
82.108619 0.040898
82.150290 0.041671
82.191954 0.041664
82.233620 0.041667
82.275289 0.041668
82.316952 0.041664
82.358623 0.041671
82.400286 0.041663
82.441960 0.041674
82.483621 0.041661
82.525290 0.041668
82.566956 0.041666
82.609979 0.043024
82.650292 0.040312
82.691953 0.041661
82.733624 0.041671
82.775286 0.041662
82.816959 0.041672
82.858622 0.041664
82.900290 0.041667
82.941956 0.041667
82.983627 0.041671
83.025286 0.041659
83.066954 0.041667
83.108619 0.041665
83.150286 0.041667
83.191952 0.041666
83.233623 0.041671
83.275286 0.041663
83.316955 0.041670
83.358619 0.041663
83.400290 0.041671
83.441953 0.041663
83.483632 0.041679
83.525287 0.041655
83.566959 0.041672
83.608624 0.041665
83.650287 0.041663
83.691954 0.041667
83.733624 0.041671
83.775286 0.041661
83.816954 0.041668
83.858620 0.041666
83.900290 0.041670
83.941953 0.041663
83.983620 0.041667
84.025287 0.041667
84.066956 0.041669
84.108622 0.041666
84.150289 0.041667
84.191957 0.041668
84.233619 0.041663
84.275244 0.041624
84.316957 0.041713
84.358632 0.041675
84.400290 0.041658
84.441957 0.041666
84.483623 0.041667
84.525287 0.041663
84.566952 0.041666
84.608620 0.041667
84.650295 0.041675
84.691954 0.041659
84.733621 0.041667
84.775286 0.041665
84.816957 0.041671
84.858621 0.041664
84.900288 0.041667
84.941954 0.041666
84.983619 0.041665
85.025289 0.041670
85.066954 0.041665
85.108619 0.041666
85.150291 0.041672
85.191954 0.041662
85.233624 0.041671
85.275290 0.041666
85.316957 0.041667
85.358620 0.041663
85.400289 0.041669
85.441954 0.041665
85.483630 0.041677
85.525287 0.041657
85.566957 0.041670
85.608620 0.041664
85.650290 0.041669
85.691953 0.041664
85.733623 0.041670
85.775287 0.041663
85.816956 0.041670
85.858620 0.041664
85.900243 0.041623
85.941955 0.041712
85.983619 0.041664
86.025290 0.041670
86.066959 0.041669
86.108624 0.041665
86.150290 0.041666
86.191955 0.041665
86.233620 0.041666
86.275291 0.041671
86.316953 0.041662
86.358621 0.041667
86.400287 0.041666
86.441957 0.041670
86.483620 0.041663
86.525240 0.041620
86.566953 0.041713
86.608620 0.041667
86.650287 0.041667
86.691953 0.041666
86.733620 0.041667
86.775288 0.041668
86.816953 0.041665
86.858620 0.041667
86.900286 0.041666
86.941952 0.041666
86.983619 0.041667
87.025286 0.041667
87.066952 0.041665
87.108623 0.041672
87.150285 0.041662
87.191953 0.041667
87.233622 0.041670
87.275287 0.041665
87.316952 0.041665
87.358620 0.041668
87.400285 0.041665
87.441954 0.041670
87.483619 0.041664
87.525290 0.041671
87.566955 0.041666
87.608623 0.041668
87.650286 0.041663
87.691957 0.041671
87.733622 0.041666
87.775287 0.041664
87.816952 0.041665
87.858623 0.041671
87.900286 0.041663
87.941953 0.041667
87.983619 0.041666
88.025290 0.041671
88.066952 0.041663
88.108621 0.041668
88.150286 0.041666
88.191955 0.041669
88.233624 0.041668
88.275289 0.041665
88.316953 0.041664
88.358620 0.041667
88.400285 0.041665
88.441959 0.041673
88.483622 0.041664
88.525286 0.041663
88.566952 0.041667
88.608619 0.041667
88.650287 0.041668
88.691952 0.041665
88.733625 0.041673
88.775285 0.041660
88.816961 0.041676
88.858618 0.041657
88.900286 0.041668
88.941953 0.041666
88.983622 0.041669
89.025286 0.041664
89.066959 0.041673
89.108619 0.041661
89.150293 0.041674
89.191952 0.041659
89.233628 0.041676
89.275286 0.041657
89.316956 0.041671
89.358619 0.041662
89.400286 0.041668
89.441952 0.041666
89.483619 0.041668
89.525286 0.041666
89.566953 0.041668
89.608619 0.041666
89.650286 0.041667
89.691955 0.041669
89.733620 0.041665
89.775287 0.041667
89.816953 0.041666
89.858621 0.041668
89.900241 0.041620
89.941954 0.041712
89.983621 0.041667
90.025287 0.041666
90.066954 0.041667
90.108623 0.041669
90.150288 0.041665
90.191960 0.041673
90.233620 0.041660
90.275288 0.041667
90.316959 0.041671
90.358621 0.041662
90.400286 0.041665
90.441957 0.041671
90.483622 0.041665
90.527001 0.043379
90.566956 0.039954
90.608623 0.041668
90.650292 0.041669
90.691959 0.041668
90.733620 0.041661
90.775293 0.041672
90.816956 0.041664
90.858629 0.041673
90.900289 0.041660
90.941959 0.041670
90.983621 0.041662
91.025290 0.041669
91.066952 0.041662
91.108622 0.041670
91.150289 0.041667
91.191957 0.041668
91.233619 0.041662
91.275287 0.041668
91.316952 0.041665
91.358623 0.041671
91.400286 0.041663
91.441956 0.041670
91.483622 0.041667
91.525291 0.041668
91.566952 0.041662
91.608623 0.041670
91.650300 0.041677
91.691963 0.041663
91.736638 0.044676
91.775290 0.038651
91.816956 0.041666
91.858626 0.041670
91.900289 0.041662
91.941956 0.041667
91.983623 0.041667
92.025288 0.041666
92.066957 0.041669
92.108626 0.041670
92.150290 0.041663
92.191952 0.041662
92.233630 0.041678
92.275289 0.041659
92.316958 0.041670
92.358623 0.041665
92.400288 0.041665
92.441953 0.041665
92.483625 0.041672
92.536207 0.052582
92.571890 0.035683
92.608973 0.037082
92.650286 0.041313
92.691956 0.041670
92.733623 0.041666
92.775288 0.041666
92.816959 0.041670
92.858623 0.041665
92.900286 0.041662
92.941959 0.041673
92.983619 0.041660
93.025286 0.041667
93.074011 0.048725
93.108624 0.034613
93.150286 0.041662
93.191953 0.041667
93.233625 0.041673
93.275288 0.041663
93.316953 0.041665
93.358620 0.041667
93.400285 0.041665
93.441953 0.041668
93.483620 0.041666
93.525287 0.041668
93.566952 0.041665
93.608622 0.041669
93.650286 0.041665
93.691955 0.041669
93.733619 0.041664
93.775286 0.041668
93.816952 0.041665
93.858623 0.041671
93.900289 0.041666
93.941953 0.041665
93.983623 0.041670
94.025286 0.041663
94.066956 0.041669
94.108618 0.041662
94.150290 0.041672
94.191952 0.041662
94.233625 0.041673
94.275285 0.041661
94.316953 0.041668
94.358623 0.041670
94.400287 0.041663
94.441953 0.041666
94.483624 0.041671
94.525286 0.041662
94.566953 0.041667
94.608618 0.041665
94.650291 0.041673
94.691952 0.041661
94.733623 0.041670
94.775286 0.041664
94.816956 0.041670
94.858619 0.041663
94.900235 0.041616
94.941956 0.041720
94.983623 0.041667
95.025285 0.041662
95.066952 0.041667
95.108619 0.041667
95.150235 0.041617
95.191956 0.041721
95.233619 0.041663
95.275286 0.041666
95.316956 0.041670
95.358619 0.041663
95.400286 0.041668
95.441956 0.041669
95.483622 0.041667
95.525286 0.041664
95.566953 0.041667
95.608619 0.041666
95.650237 0.041618
95.691952 0.041715
95.733620 0.041668
95.775286 0.041666
95.816952 0.041666
95.858623 0.041670
95.900236 0.041613
95.941952 0.041717
95.983619 0.041667
96.025286 0.041667
96.066952 0.041667
96.108618 0.041666
96.150285 0.041667
96.191957 0.041672
96.233619 0.041662
96.275291 0.041672
96.316952 0.041661
96.358624 0.041672
96.400756 0.042132
96.441966 0.041210
96.483624 0.041658
96.525290 0.041666
96.566952 0.041662
96.608628 0.041676
96.650287 0.041660
96.691954 0.041666
96.733619 0.041665
96.775290 0.041671
96.816953 0.041663
96.858621 0.041667
96.900235 0.041615
96.941955 0.041719
96.983620 0.041665
97.025287 0.041667
97.066952 0.041665
97.108623 0.041671
97.150286 0.041663
97.191958 0.041672
97.233619 0.041661
97.275294 0.041674
97.316959 0.041665
97.358620 0.041661
97.400286 0.041666
97.441953 0.041667
97.483619 0.041666
97.525290 0.041671
97.566952 0.041662
97.608624 0.041672
97.650285 0.041661
97.691954 0.041669
97.733619 0.041665
97.775286 0.041667
97.816951 0.041665
97.858623 0.041672
97.900286 0.041663
97.941952 0.041666
97.983620 0.041668
98.025286 0.041666
98.066957 0.041671
98.108619 0.041663
98.150289 0.041669
98.191954 0.041665
98.233622 0.041669
98.275285 0.041662
98.316953 0.041668
98.358619 0.041666
98.400287 0.041668
98.441952 0.041665
98.483619 0.041667
98.525289 0.041670
98.566951 0.041662
98.608623 0.041671
98.650285 0.041662
98.691957 0.041673
98.733618 0.041661
98.775290 0.041672
98.816952 0.041662
98.858620 0.041668
98.900286 0.041666
98.941955 0.041670
98.983618 0.041663
99.025290 0.041671
99.066952 0.041663
99.108622 0.041670
99.150286 0.041664
99.191957 0.041671
99.233632 0.041674
99.275295 0.041663
99.316952 0.041657
99.358619 0.041667
99.400235 0.041616
99.441954 0.041719
99.483619 0.041664
99.525290 0.041672
99.566952 0.041662
99.608622 0.041670
99.650286 0.041664
99.691952 0.041666
99.733624 0.041673
99.775285 0.041661
99.816956 0.041671
99.858623 0.041666
99.900294 0.041671
99.941952 0.041658
99.983623 0.041671
100.025288 0.041665
100.066956 0.041668
100.108632 0.041676
100.150302 0.041670
100.191953 0.041651
100.233620 0.041666
100.275299 0.041680
100.316963 0.041664
100.358619 0.041656
100.400294 0.041676
100.441953 0.041659
100.483631 0.041678
100.525286 0.041655
100.566957 0.041671
100.608633 0.041676
100.650294 0.041661
100.691953 0.041659
100.733622 0.041669
100.775285 0.041663
100.816957 0.041671
100.858621 0.041664
100.900289 0.041668
100.941953 0.041664
100.983621 0.041668
101.025285 0.041665
101.066956 0.041671
101.108619 0.041663
101.150288 0.041668
101.191953 0.041665
101.233630 0.041678
101.275286 0.041656
101.316955 0.041669
101.358619 0.041665
101.400288 0.041669
101.441953 0.041665
101.483623 0.041670
101.525286 0.041663
101.566957 0.041670
101.608619 0.041663
101.650286 0.041667
101.691952 0.041666
101.733619 0.041667
101.775289 0.041671
101.816952 0.041663
101.858621 0.041668
101.900285 0.041664
101.941955 0.041670
101.983619 0.041664
102.025290 0.041671
102.066952 0.041662
102.108622 0.041670
102.150285 0.041663
102.191955 0.041670
102.233619 0.041663
102.275287 0.041668
102.316952 0.041665
102.358620 0.041667
102.400286 0.041666
102.441955 0.041669
102.483620 0.041666
102.525287 0.041666
102.566956 0.041669
102.608620 0.041664
102.650285 0.041665
102.691959 0.041673
102.733619 0.041660
102.775291 0.041672
102.816952 0.041662
102.858625 0.041673
102.900285 0.041660
102.941955 0.041670
102.983618 0.041663
103.025289 0.041670
103.066952 0.041663
103.108622 0.041670
103.150286 0.041664
103.191957 0.041671
103.233619 0.041662
103.275290 0.041671
103.316952 0.041662
103.358620 0.041668
103.400286 0.041667
103.441952 0.041666
103.483623 0.041670
103.525285 0.041663
103.566955 0.041670
103.608619 0.041664
103.650286 0.041667
103.691953 0.041667
103.733618 0.041666
103.775288 0.041670
103.816952 0.041664
103.858621 0.041669
103.900286 0.041665
103.941954 0.041668
103.983619 0.041665
104.025293 0.041673
104.066952 0.041659
104.108626 0.041675
104.150285 0.041659
104.191963 0.041677
104.233618 0.041656
104.275295 0.041676
104.316953 0.041658
104.358626 0.041673
104.400293 0.041667
104.441959 0.041667
104.483633 0.041674
104.539115 0.055482
104.607901 0.068786
104.723896 0.115995
104.863054 0.139158
104.919895 0.056841
104.983615 0.063720
105.025285 0.041670
105.066953 0.041667
105.108624 0.041671
105.150285 0.041662
105.191956 0.041671
105.233622 0.041666
105.275290 0.041668
105.316952 0.041662
105.358622 0.041670
105.400236 0.041614
105.441956 0.041720
105.483619 0.041662
105.525290 0.041671
105.566952 0.041662
105.608622 0.041670
105.650290 0.041668
105.691962 0.041672
105.733619 0.041656
105.775294 0.041676
105.816952 0.041658
105.858621 0.041669
105.900286 0.041665
105.941954 0.041668
105.983620 0.041666
106.025285 0.041666
106.066952 0.041667
106.108623 0.041671
106.150291 0.041668
106.191955 0.041664
106.233618 0.041664
106.275286 0.041668
106.316956 0.041670
106.358619 0.041663
106.400286 0.041667
106.441953 0.041667
106.483622 0.041670
106.525286 0.041664
106.566952 0.041665
106.608619 0.041667
106.650290 0.041672
106.691953 0.041663
106.733620 0.041667
106.775285 0.041665
106.816956 0.041670
106.858620 0.041664
106.900236 0.041616
106.941953 0.041717
106.983619 0.041667
107.025287 0.041668
107.066953 0.041666
107.108624 0.041671
107.150286 0.041662
107.191956 0.041670
107.233621 0.041665
107.275288 0.041668
107.316953 0.041664
107.358621 0.041668
107.400286 0.041665
107.441957 0.041672
107.483619 0.041662
107.525239 0.041620
107.566953 0.041714
107.608621 0.041668
107.650286 0.041665
107.691953 0.041667
107.733620 0.041667
107.775290 0.041669
107.816955 0.041665
107.858620 0.041665
107.900298 0.041679
107.941956 0.041657
107.983631 0.041675
108.025285 0.041655
108.066955 0.041669
108.108619 0.041665
108.150291 0.041672
108.191952 0.041661
108.235379 0.043427
108.278323 0.042944
108.316953 0.038630
108.358619 0.041666
108.400286 0.041667
108.441952 0.041666
108.483623 0.041671
108.525286 0.041663
108.566953 0.041667
108.608624 0.041671
108.650286 0.041662
108.691955 0.041669
108.733622 0.041667
108.775286 0.041665
108.816953 0.041667
108.858619 0.041666
108.900290 0.041671
108.941955 0.041666
108.983622 0.041667
109.025285 0.041663
109.066956 0.041671
109.108620 0.041663
109.150285 0.041665
109.191952 0.041667
109.233626 0.041674
109.275286 0.041660
109.316957 0.041671
109.358619 0.041662
109.400290 0.041671
109.441952 0.041662
109.483620 0.041668
109.525236 0.041616
109.566955 0.041719
109.608620 0.041665
109.650287 0.041667
109.691953 0.041666
109.733623 0.041671
109.775286 0.041663
109.816953 0.041667
109.858622 0.041670
109.900286 0.041664
109.941951 0.041665
109.983619 0.041668
110.025285 0.041666
110.066955 0.041669
110.108619 0.041664
110.150289 0.041670
110.191952 0.041663
110.233620 0.041668
110.275285 0.041666
110.316953 0.041668
110.358631 0.041678
110.400286 0.041655
110.441957 0.041671
110.483619 0.041662
110.525287 0.041668
110.566952 0.041666
110.608622 0.041670
110.650286 0.041664
110.691956 0.041670
110.733619 0.041663
110.775286 0.041667
110.816952 0.041666
110.858619 0.041667
110.900236 0.041617
110.941957 0.041721
110.983622 0.041665
111.025290 0.041668
111.066954 0.041664
111.108620 0.041666
111.150243 0.041623
111.191953 0.041710
111.233620 0.041666
111.275288 0.041668
111.316954 0.041666
111.358620 0.041666
111.400286 0.041666
111.441957 0.041671
111.483619 0.041662
111.525295 0.041676
111.566955 0.041660
111.608619 0.041664
111.650286 0.041667
111.691956 0.041670
111.733620 0.041664
111.775286 0.041666
111.816952 0.041666
111.858621 0.041669
111.900289 0.041668
111.941953 0.041664
111.983618 0.041665
112.025288 0.041669
112.066953 0.041666
112.108623 0.041670
112.150287 0.041664
112.191957 0.041670
112.233620 0.041663
112.275291 0.041671
112.316954 0.041663
112.358628 0.041674
112.400287 0.041659
112.441957 0.041670
112.483623 0.041666
112.525287 0.041664
112.566953 0.041666
112.608620 0.041667
112.650288 0.041668
112.691953 0.041665
112.733621 0.041668
112.775286 0.041665
112.816967 0.041681
112.858620 0.041652
112.900297 0.041677
112.941953 0.041656
112.983624 0.041671
113.025290 0.041666
113.066957 0.041667
113.108622 0.041665
113.150286 0.041664
113.191954 0.041668
113.233625 0.041671
113.275286 0.041661
113.316955 0.041669
113.358620 0.041665
113.400241 0.041621
113.441952 0.041711
113.483620 0.041668
113.525285 0.041665
113.566957 0.041672
113.608622 0.041665
113.650286 0.041664
113.691953 0.041666
113.733621 0.041669
113.775285 0.041663
113.816952 0.041668
113.858619 0.041667
113.900290 0.041671
113.941952 0.041662
113.983620 0.041668
114.025286 0.041666
114.066953 0.041667
114.108619 0.041667
114.150288 0.041669
114.191953 0.041664
114.233622 0.041670
114.275287 0.041664
114.316960 0.041673
114.358620 0.041660
114.400290 0.041670
114.441956 0.041665
114.483628 0.041673
114.525287 0.041659
114.566963 0.041676
114.608620 0.041657
114.650294 0.041674
114.698508 0.048214
114.733580 0.035072
114.775287 0.041707
114.816959 0.041672
114.858621 0.041662
114.900241 0.041620
114.941952 0.041712
114.983621 0.041668
115.025290 0.041670
115.066958 0.041667
115.108622 0.041664
115.150295 0.041674
115.191953 0.041657
115.233628 0.041675
115.275286 0.041658
115.316954 0.041668
115.358619 0.041665
115.400292 0.041673
115.441953 0.041661
115.483623 0.041670
115.525235 0.041612
115.566959 0.041724
115.612044 0.045085
115.650292 0.038248
115.691955 0.041663
115.733619 0.041664
115.775290 0.041671
115.816955 0.041665
115.858625 0.041670
115.900242 0.041616
115.941955 0.041713
115.983620 0.041665
116.025290 0.041670
116.066953 0.041663
116.108623 0.041670
116.150287 0.041664
116.191954 0.041667
116.233622 0.041667
116.275287 0.041665
116.316955 0.041669
116.358623 0.041667
116.400242 0.041619
116.441954 0.041712
116.483623 0.041669
116.525287 0.041665
116.566957 0.041669
116.608620 0.041663
116.650288 0.041668
116.691955 0.041668
116.733623 0.041668
116.775290 0.041667
116.816953 0.041663
116.858626 0.041673
116.900285 0.041659
116.941952 0.041666
116.983622 0.041671
117.025286 0.041663
117.066958 0.041672
117.108625 0.041667
117.150305 0.041681
117.225332 0.075027
117.235484 0.010153
117.275436 0.039952
117.316957 0.041520
117.358618 0.041662
117.400289 0.041670
117.441951 0.041662
117.483622 0.041671
117.525292 0.041670
117.566952 0.041660
117.608620 0.041668
117.650288 0.041669
117.691959 0.041670
117.733568 0.041610
117.775286 0.041718
117.816956 0.041669
117.858620 0.041665
117.900286 0.041665
117.941953 0.041667
117.983622 0.041669
118.025286 0.041663
118.066953 0.041667
118.108623 0.041670
118.150287 0.041663
118.191957 0.041670
118.233619 0.041663
118.275286 0.041666
118.316953 0.041667
118.358622 0.041670
118.400236 0.041613
118.441952 0.041716
118.483620 0.041667
118.525239 0.041620
118.566952 0.041713
118.608620 0.041668
118.650290 0.041669
118.691955 0.041665
118.733619 0.041664
118.775286 0.041667
118.819048 0.043762
118.858623 0.039575
118.900287 0.041664
118.941958 0.041671
118.983619 0.041662
119.025289 0.041670
119.066952 0.041663
119.108623 0.041671
119.150286 0.041663
119.191952 0.041666
119.233620 0.041668
119.275290 0.041670
119.316955 0.041665
119.358619 0.041663
119.400291 0.041673
119.441953 0.041661
119.483623 0.041670
119.525286 0.041664
119.566952 0.041666
119.608619 0.041667
119.650236 0.041617
119.691952 0.041716
119.733620 0.041668
119.775286 0.041666
119.816957 0.041672
119.858622 0.041665
119.900287 0.041666
119.941953 0.041666
119.983623 0.041670
120.025285 0.041662
120.066953 0.041668
120.108620 0.041667
120.150290 0.041670
120.191952 0.041662
120.233621 0.041669
120.275287 0.041666
120.316956 0.041669
120.358619 0.041662
120.400285 0.041667
120.441952 0.041666
120.483623 0.041671
120.525285 0.041661
120.566953 0.041668
120.608621 0.041668
120.650289 0.041668
120.691952 0.041663
120.733620 0.041668
120.775285 0.041664
120.816957 0.041672
120.858619 0.041662
120.900288 0.041669
120.941952 0.041664
120.983622 0.041670
121.025236 0.041614
121.066952 0.041715
121.108623 0.041671
121.150285 0.041662
121.191953 0.041669
121.233622 0.041669
121.275287 0.041665
121.316954 0.041667
121.358622 0.041668
121.400287 0.041664
121.441952 0.041665
121.483619 0.041667
121.525290 0.041671
121.566954 0.041663
121.608619 0.041665
121.650290 0.041671
121.691957 0.041668
121.733619 0.041662
121.775291 0.041672
121.816953 0.041662
121.858619 0.041666
121.900290 0.041670
121.941951 0.041662
121.983619 0.041668
122.025290 0.041671
122.066953 0.041663
122.108620 0.041667
122.150286 0.041666
122.191958 0.041672
122.233620 0.041661
122.275285 0.041665
122.316957 0.041672
122.358639 0.041682
122.400286 0.041648
122.441952 0.041665
122.483621 0.041669
122.525286 0.041665
122.566956 0.041670
122.608620 0.041664
122.650295 0.041675
122.691952 0.041657
122.733621 0.041669
122.775285 0.041664
122.816953 0.041667
122.858622 0.041670
122.900297 0.041675
122.941953 0.041656
122.983619 0.041666
123.025287 0.041667
123.066956 0.041670
123.108637 0.041681
123.150285 0.041648
123.191954 0.041668
123.233619 0.041665
123.275290 0.041671
123.316953 0.041663
123.358619 0.041666
123.400288 0.041670
123.441956 0.041668
123.483619 0.041662
123.525287 0.041668
123.566953 0.041667
123.608629 0.041676
123.650286 0.041657
123.691953 0.041667
123.733618 0.041664
123.775291 0.041673
123.816953 0.041662
123.858618 0.041665
123.900291 0.041673
123.941956 0.041664
123.983619 0.041663
124.025286 0.041667
124.066955 0.041669
124.108624 0.041669
124.150285 0.041661
124.191953 0.041668
124.233619 0.041666
124.275290 0.041671
124.316953 0.041663
124.358620 0.041667
124.400285 0.041665
124.441957 0.041672
124.483619 0.041662
124.525292 0.041673
124.566953 0.041661
124.608623 0.041670
124.650286 0.041663
124.691954 0.041668
124.733619 0.041665
124.775289 0.041670
124.816952 0.041663
124.858618 0.041666
124.900286 0.041668
124.941952 0.041666
124.983620 0.041668
125.025287 0.041667
125.066952 0.041666
125.108619 0.041667
125.150288 0.041669
125.191952 0.041664
125.233624 0.041672
125.275286 0.041661
125.316958 0.041672
125.358620 0.041662
125.400286 0.041666
125.441952 0.041666
125.483619 0.041666
125.525289 0.041670
125.566952 0.041663
125.608618 0.041666
125.650290 0.041672
125.691953 0.041663
125.733619 0.041666
125.775287 0.041668
125.816956 0.041669
125.858619 0.041663
125.900285 0.041666
125.941952 0.041667
125.983619 0.041667
126.025287 0.041668
126.066952 0.041666
126.108624 0.041672
126.150285 0.041661
126.191956 0.041671
126.233620 0.041664
126.275286 0.041666
126.316956 0.041671
126.358619 0.041662
126.400286 0.041667
126.441954 0.041668
126.483619 0.041665
126.525290 0.041671
126.566953 0.041663
126.608620 0.041667
126.650286 0.041667
126.691953 0.041666
126.733620 0.041667
126.775288 0.041669
126.816953 0.041665
126.858619 0.041666
126.900286 0.041666
126.941957 0.041671
126.983619 0.041662
127.025290 0.041671
127.066953 0.041662
127.108623 0.041670
127.150287 0.041664
127.191952 0.041665
127.233619 0.041667
127.275295 0.041676
127.316962 0.041667
127.358619 0.041657
127.400287 0.041668
127.441953 0.041666
127.483623 0.041670
127.525285 0.041662
127.566955 0.041670
127.608619 0.041663
127.650291 0.041672
127.691952 0.041661
127.733623 0.041671
127.775287 0.041664
127.816958 0.041671
127.858619 0.041662
127.900289 0.041670
127.941953 0.041664
127.983623 0.041671
128.025236 0.041613
128.066952 0.041717
128.108622 0.041669
128.150288 0.041666
128.191955 0.041667
128.233622 0.041667
128.275285 0.041663
128.316958 0.041674
128.358619 0.041660
128.400290 0.041671
128.441952 0.041662
128.483620 0.041668
128.525287 0.041667
128.566956 0.041669
128.608618 0.041662
128.650290 0.041672
128.691952 0.041662
128.733620 0.041668
128.775286 0.041666
128.816956 0.041670
128.858621 0.041665
128.900286 0.041665
128.941952 0.041667
128.983619 0.041667
129.025290 0.041671
129.066952 0.041661
129.108624 0.041672
129.150286 0.041662
129.191954 0.041668
129.233619 0.041664
129.275287 0.041668
129.316954 0.041667
129.358624 0.041670
129.400286 0.041662
129.441956 0.041670
129.483620 0.041664
129.525238 0.041618
129.566952 0.041715
129.608621 0.041668
129.650286 0.041666
129.691952 0.041666
129.733620 0.041668
129.775288 0.041668
129.816955 0.041666
129.858619 0.041664
129.900286 0.041668
129.941952 0.041666
129.983623 0.041671
130.025285 0.041662
130.066954 0.041668
130.108621 0.041668
130.150241 0.041619
130.191952 0.041711
130.233632 0.041681
130.275287 0.041654
130.316953 0.041666
130.358620 0.041667
130.400291 0.041671
130.441954 0.041663
130.483623 0.041669
130.525286 0.041662
130.566956 0.041670
130.608619 0.041663
130.650289 0.041670
130.691954 0.041664
130.733624 0.041670
130.775286 0.041662
130.816956 0.041670
130.858618 0.041663
130.900236 0.041618
130.941952 0.041716
130.983622 0.041669
131.025286 0.041665
131.066953 0.041666
131.108619 0.041667
131.150287 0.041667
131.191953 0.041666
131.233620 0.041667
131.275290 0.041670
131.316954 0.041664
131.358619 0.041665
131.400286 0.041667
131.441958 0.041672
131.483628 0.041670
131.525286 0.041658
131.566952 0.041666
131.608622 0.041671
131.650285 0.041663
131.691952 0.041667
131.733620 0.041668
131.775286 0.041666
131.816956 0.041670
131.858619 0.041663
131.900286 0.041668
131.941953 0.041667
131.983619 0.041665
132.025288 0.041670
132.066953 0.041664
132.108628 0.041675
132.150290 0.041662
132.191952 0.041662
132.233624 0.041672
132.275286 0.041661
132.316954 0.041668
132.358624 0.041670
132.400236 0.041612
132.441957 0.041721
132.483619 0.041662
132.525292 0.041673
132.566953 0.041661
132.608628 0.041675
132.650296 0.041668
132.691952 0.041657
132.733623 0.041671
132.775289 0.041666
132.816953 0.041663
132.858623 0.041670
132.900303 0.041681
132.941952 0.041649
132.983622 0.041670
133.025290 0.041668
133.066952 0.041662
133.108623 0.041671
133.150286 0.041662
133.191959 0.041673
133.233619 0.041659
133.275288 0.041670
133.316954 0.041666
133.358620 0.041666
133.400286 0.041666
133.441958 0.041672
133.483619 0.041662
133.525287 0.041668
133.566952 0.041665
133.608619 0.041667
133.650288 0.041669
133.691953 0.041665
133.733624 0.041671
133.775285 0.041662
133.816955 0.041670
133.858621 0.041666
133.900288 0.041667
133.942094 0.041806
133.983629 0.041534
134.025286 0.041657
134.066958 0.041672
134.108619 0.041661
134.150290 0.041671
134.191952 0.041662
134.233624 0.041672
134.275286 0.041662
134.316956 0.041671
134.358620 0.041664
134.400288 0.041668
134.441952 0.041663
134.483620 0.041668
134.525286 0.041667
134.566953 0.041667
134.608623 0.041670
134.650290 0.041667
134.691953 0.041662
134.733622 0.041670
134.775286 0.041664
134.816956 0.041670
134.858619 0.041663
134.900295 0.041677
134.941952 0.041657
134.983622 0.041670
135.025287 0.041665
135.066956 0.041669
135.108619 0.041663
135.150289 0.041670
135.191952 0.041663
135.233623 0.041671
135.275285 0.041662
135.316956 0.041671
135.358619 0.041663
135.400288 0.041669
135.441953 0.041664
135.483619 0.041666
135.525236 0.041617
135.566955 0.041719
135.608619 0.041664
135.650287 0.041669
135.691952 0.041664
135.733624 0.041672
135.775286 0.041663
135.816957 0.041671
135.858619 0.041662
135.900287 0.041668
135.941955 0.041668
135.983619 0.041664
136.025287 0.041668
136.066952 0.041665
136.108624 0.041672
136.150290 0.041665
136.191952 0.041662
136.233620 0.041668
136.275288 0.041668
136.316952 0.041664
136.358619 0.041667
136.400290 0.041670
136.441952 0.041663
136.483619 0.041667
136.525287 0.041668
136.566956 0.041668
136.608619 0.041664
136.650287 0.041668
136.691953 0.041666
136.733622 0.041669
136.775285 0.041664
136.816955 0.041670
136.858619 0.041663
136.900288 0.041669
136.941953 0.041665
136.983622 0.041670
137.025288 0.041665
137.066953 0.041666
137.108618 0.041665
137.150288 0.041669
137.191952 0.041664
137.233622 0.041670
137.275286 0.041664
137.316956 0.041670
137.358620 0.041664
137.400290 0.041670
137.441954 0.041663
137.483623 0.041669
137.525286 0.041663
137.566962 0.041676
137.608619 0.041657
137.650287 0.041668
137.691953 0.041666
137.733620 0.041667
137.775286 0.041666
137.816956 0.041670
137.858619 0.041663
137.900286 0.041667
137.941958 0.041672
137.983618 0.041660
138.025287 0.041669
138.066952 0.041665
138.108621 0.041668
138.150286 0.041665
138.191954 0.041668
138.233620 0.041666
138.275285 0.041665
138.316956 0.041671
138.358619 0.041663
138.400290 0.041671
138.441952 0.041663
138.483622 0.041670
138.525288 0.041666
138.566955 0.041667
138.608619 0.041664
138.650286 0.041667
138.691952 0.041666
138.733622 0.041670
138.775286 0.041665
138.816953 0.041667
138.858620 0.041666
138.901516 0.042897
138.941953 0.040437
138.983619 0.041666
139.025291 0.041671
139.066952 0.041661
139.108623 0.041671
139.150286 0.041663
139.191953 0.041667
139.233619 0.041666
139.275286 0.041667
139.316953 0.041667
139.358623 0.041670
139.400289 0.041665
139.441954 0.041665
139.483619 0.041665
139.525290 0.041671
139.566952 0.041662
139.608623 0.041671
139.650286 0.041663
139.691957 0.041671
139.733621 0.041664
139.775291 0.041670
139.816952 0.041661
139.858626 0.041674
139.900286 0.041660
139.941953 0.041667
139.983619 0.041666
140.025291 0.041672
140.066953 0.041662
140.108623 0.041670
140.150285 0.041662
140.191964 0.041679
140.233620 0.041656
140.275295 0.041675
140.316953 0.041658
140.359018 0.042065
140.400236 0.041218
140.441957 0.041721
140.483619 0.041662
140.525296 0.041676
140.566952 0.041657
140.608626 0.041674
140.650286 0.041660
140.691961 0.041675
140.733619 0.041658
140.775298 0.041679
140.816952 0.041654
140.858623 0.041671
140.900286 0.041663
140.941953 0.041667
140.983623 0.041670
141.025289 0.041666
141.066959 0.041670
141.108619 0.041660
141.150291 0.041672
141.191952 0.041661
141.233621 0.041669
141.275286 0.041665
141.316955 0.041669
141.358619 0.041664
141.400290 0.041672
141.441954 0.041664
141.483624 0.041670
141.525287 0.041663
141.566958 0.041671
141.608618 0.041660
141.650291 0.041673
141.691955 0.041663
141.733624 0.041669
141.775287 0.041663
141.816953 0.041666
141.858624 0.041670
141.900236 0.041612
141.941954 0.041718
141.983619 0.041665
142.025287 0.041668
142.066952 0.041665
142.108619 0.041667
142.150237 0.041618
142.191954 0.041717
142.233621 0.041667
142.275287 0.041666
142.316953 0.041666
142.358621 0.041668
142.400286 0.041665
142.441954 0.041668
142.483619 0.041665
142.525287 0.041668
142.566953 0.041665
142.608619 0.041667
142.650290 0.041671
142.691952 0.041662
142.733619 0.041667
142.775288 0.041669
142.816955 0.041667
142.858625 0.041671
142.900236 0.041611
142.941954 0.041718
142.983621 0.041667
143.025291 0.041669
143.066953 0.041662
143.108622 0.041670
143.150288 0.041666
143.191956 0.041668
143.233619 0.041663
143.275286 0.041667
143.316953 0.041667
143.358624 0.041671
143.400286 0.041662
143.441964 0.041678
143.483621 0.041657
143.525290 0.041669
143.566955 0.041665
143.608621 0.041666
143.650286 0.041665
143.691956 0.041670
143.733621 0.041664
143.775295 0.041675
143.816952 0.041657
143.858621 0.041668
143.900290 0.041670
143.941952 0.041662
143.983624 0.041672
144.025286 0.041662
144.066956 0.041670
144.108622 0.041666
144.150291 0.041669
144.191954 0.041663
144.233628 0.041674
144.275286 0.041658
144.316960 0.041674
144.358618 0.041658
144.400295 0.041677
144.441955 0.041660
144.483623 0.041668
144.525285 0.041662
144.566959 0.041674
144.608619 0.041659
144.650295 0.041676
144.691953 0.041658
144.733623 0.041670
144.775286 0.041664
144.816956 0.041670
144.858620 0.041664
144.900291 0.041671
144.941953 0.041662
144.983626 0.041673
145.025290 0.041664
145.066960 0.041670
145.108619 0.041659
145.150289 0.041670
145.191952 0.041663
145.233623 0.041671
145.275286 0.041663
145.316953 0.041667
145.358623 0.041670
145.400290 0.041667
145.448289 0.047999
145.495867 0.047579
145.525288 0.029421
145.569538 0.044250
145.608620 0.039083
145.650890 0.042270
145.691959 0.041069
145.733623 0.041665
145.775285 0.041662
145.816953 0.041668
145.858619 0.041666
145.900236 0.041617
145.941957 0.041721
145.983629 0.041672
146.025286 0.041658
146.066954 0.041668
146.108619 0.041665
146.150287 0.041668
146.191953 0.041666
146.233620 0.041667
146.275286 0.041666
146.316954 0.041668
146.358619 0.041665
146.400286 0.041667
146.441952 0.041666
146.483620 0.041668
146.525286 0.041666
146.566954 0.041668
146.608619 0.041664
146.650288 0.041670
146.691952 0.041664
146.733620 0.041668
146.775235 0.041615
146.816955 0.041720
146.858619 0.041664
146.900288 0.041668
146.941954 0.041666
146.983620 0.041666
147.025285 0.041665
147.066954 0.041669
147.108619 0.041665
147.150290 0.041672
147.191953 0.041663
147.233623 0.041670
147.275286 0.041663
147.316952 0.041666
147.358621 0.041669
147.400285 0.041664
147.441954 0.041669
147.483622 0.041668
147.525288 0.041666
147.566957 0.041669
147.608622 0.041665
147.650289 0.041667
147.693040 0.042751
147.733628 0.040588
147.775288 0.041660
147.816955 0.041667
147.858623 0.041667
147.900288 0.041665
147.941953 0.041665
147.983621 0.041668
148.025286 0.041665
148.066953 0.041667
148.108622 0.041669
148.150290 0.041668
148.191954 0.041664
148.233622 0.041668
148.275286 0.041665
148.316957 0.041671
148.358621 0.041664
148.400289 0.041669
148.441953 0.041664
148.483623 0.041670
148.525287 0.041664
148.566955 0.041668
148.608622 0.041667
148.650292 0.041669
148.691953 0.041661
148.733624 0.041671
148.775286 0.041662
148.816952 0.041666
148.858627 0.041675
148.900287 0.041660
148.941959 0.041672
148.983619 0.041660
149.025290 0.041671
149.066952 0.041663
149.108628 0.041676
149.150289 0.041661
149.191959 0.041670
149.233620 0.041662
149.275295 0.041674
149.316955 0.041661
149.358624 0.041669
149.400287 0.041663
149.441958 0.041670
149.483619 0.041661
149.525292 0.041673
149.566952 0.041661
149.608624 0.041671
149.650286 0.041662
149.691958 0.041672
149.733621 0.041663
149.775290 0.041669
149.816953 0.041663
149.858625 0.041672
149.900287 0.041662
149.941957 0.041670
149.983622 0.041665
150.025291 0.041669
150.066952 0.041662
150.108630 0.041678
150.150287 0.041657
150.191962 0.041675
150.233620 0.041658
150.275299 0.041679
150.316952 0.041653
150.358624 0.041672
150.400287 0.041664
150.441957 0.041670
150.483619 0.041662
150.525290 0.041670
150.566952 0.041663
150.608624 0.041671
150.650289 0.041665
150.691957 0.041668
150.733621 0.041664
150.775290 0.041668
150.816955 0.041666
150.858623 0.041668
150.900910 0.042287
150.941961 0.041051
150.983627 0.041667
151.025291 0.041664
151.066954 0.041663
151.108625 0.041670
151.150286 0.041661
151.191957 0.041671
151.233622 0.041665
151.275291 0.041669
151.316953 0.041662
151.358625 0.041672
151.400286 0.041661
151.441964 0.041678
151.483619 0.041654
151.525287 0.041668
151.566953 0.041666
151.608624 0.041671
151.650286 0.041663
151.691956 0.041670
151.733620 0.041663
151.775293 0.041673
151.816956 0.041663
151.858625 0.041669
151.900286 0.041661
151.941959 0.041673
151.983622 0.041664
152.025289 0.041667
152.066963 0.041673
152.108622 0.041659
152.150243 0.041622
152.191956 0.041713
152.233618 0.041662
152.275287 0.041669
152.316957 0.041670
152.358618 0.041661
152.400286 0.041668
152.441956 0.041670
152.483618 0.041662
152.525285 0.041667
152.566955 0.041670
152.608619 0.041664
152.650291 0.041672
152.691955 0.041664
152.733624 0.041669
152.775285 0.041661
152.816952 0.041668
152.858618 0.041666
152.900290 0.041672
152.941952 0.041662
152.983619 0.041666
153.025285 0.041666
153.066954 0.041668
153.108621 0.041667
153.150285 0.041664
153.191958 0.041673
153.233619 0.041661
153.275289 0.041670
153.316952 0.041664
153.358623 0.041670
153.400287 0.041664
153.441954 0.041667
153.483619 0.041665
153.525290 0.041671
153.566956 0.041666
153.608619 0.041663
153.650287 0.041668
153.691952 0.041666
153.733620 0.041667
153.775290 0.041670
153.816957 0.041667
153.858620 0.041663
153.900289 0.041669
153.941953 0.041664
153.983620 0.041667
154.025286 0.041667
154.066952 0.041665
154.108619 0.041667
154.150289 0.041670
154.191951 0.041662
154.233624 0.041672
154.275284 0.041660
154.316956 0.041672
154.358623 0.041667
154.400287 0.041664
154.441955 0.041668
154.483618 0.041663
154.525289 0.041672
154.566954 0.041665
154.608619 0.041664
154.650292 0.041673
154.691952 0.041660
154.733620 0.041667
154.775285 0.041666
154.816955 0.041670
154.858618 0.041663
154.900293 0.041674
154.941952 0.041660
154.983619 0.041666
155.025287 0.041668
155.066952 0.041666
155.108618 0.041666
155.150285 0.041667
155.191952 0.041667
155.233623 0.041671
155.275286 0.041662
155.316959 0.041673
155.358620 0.041661
155.400286 0.041666
155.441952 0.041666
155.483624 0.041672
155.525288 0.041664
155.566955 0.041667
155.608623 0.041667
155.650286 0.041663
155.691958 0.041672
155.733619 0.041662
155.775286 0.041667
155.816954 0.041668
155.858621 0.041667
155.900286 0.041665
155.941952 0.041666
155.983619 0.041667
156.025236 0.041618
156.066952 0.041716
156.108619 0.041667
156.150286 0.041667
156.191955 0.041669
156.233619 0.041664
156.275286 0.041666
156.316953 0.041667
156.358618 0.041665
156.400291 0.041673
156.441951 0.041660
156.483620 0.041669
156.525290 0.041670
156.566955 0.041666
156.608620 0.041665
156.650287 0.041667
156.691957 0.041671
156.733630 0.041673
156.775285 0.041655
156.816962 0.041677
156.858625 0.041663
156.900286 0.041661
156.941952 0.041666
156.983621 0.041669
157.025288 0.041668
157.066958 0.041669
