0.024951 0.024951
0.047956 0.023005
0.089665 0.041709
0.131329 0.041664
0.172997 0.041668
0.214630 0.041633
0.256337 0.041707
0.297982 0.041644
0.339650 0.041668
0.381363 0.041714
0.423032 0.041668
0.464659 0.041627
0.506330 0.041671
0.548028 0.041697
0.589700 0.041673
0.631333 0.041633
0.672987 0.041654
0.714690 0.041703
0.756362 0.041672
0.797950 0.041588
0.839665 0.041716
0.881332 0.041666
0.922994 0.041662
0.964678 0.041684
1.006329 0.041651
1.047997 0.041668
1.089661 0.041664
1.131330 0.041670
1.172950 0.041619
1.214668 0.041719
1.256335 0.041667
1.298002 0.041667
1.339660 0.041659
1.381327 0.041666
1.422996 0.041669
1.464661 0.041666
1.506334 0.041673
1.547993 0.041659
1.589669 0.041676
1.631328 0.041660
1.672997 0.041669
1.714664 0.041667
1.756330 0.041666
1.797998 0.041669
1.839664 0.041665
1.881330 0.041666
1.923000 0.041670
1.964666 0.041665
2.006331 0.041665
2.047996 0.041665
2.089631 0.041635
2.131336 0.041705
2.172997 0.041661
2.214665 0.041668
2.256335 0.041670
2.297946 0.041612
2.339663 0.041717
2.381330 0.041666
2.422946 0.041616
2.464663 0.041717
2.506329 0.041665
2.548001 0.041672
2.589667 0.041666
2.631330 0.041663
2.672996 0.041666
2.714664 0.041668
2.756329 0.041665
2.797993 0.041664
2.839666 0.041673
2.881333 0.041667
2.922996 0.041663
2.964660 0.041664
3.006327 0.041667
3.047996 0.041669
3.089663 0.041667
3.131331 0.041668
3.172999 0.041667
3.214667 0.041668
3.256333 0.041666
3.297996 0.041663
3.339665 0.041670
3.381330 0.041664
3.422996 0.041666
3.464660 0.041664
3.506329 0.041669
3.547995 0.041666
3.589663 0.041667
3.631330 0.041668
3.672996 0.041665
3.714662 0.041667
3.756334 0.041672
3.797995 0.041661
3.839663 0.041668
3.881329 0.041666
3.922997 0.041669
3.964667 0.041670
4.006327 0.041659
4.047996 0.041669
4.089663 0.041667
4.131330 0.041667
4.172993 0.041663
4.214665 0.041672
4.256333 0.041668
4.297996 0.041664
4.339662 0.041666
4.381335 0.041673
4.423005 0.041671
4.464665 0.041660
4.506334 0.041668
4.548003 0.041670
4.589663 0.041659
4.631335 0.041673
4.673002 0.041667
4.714662 0.041659
4.807737 0.093075
4.839664 0.031928
4.976243 0.136579
5.006330 0.030086
5.048001 0.041672
5.136243 0.088242
5.263702 0.127459
5.360495 0.096793
5.488243 0.127747
5.516213 0.027970
5.635774 0.119561
5.675321 0.039547
5.714665 0.039345
5.802537 0.087872
5.848214 0.045677
5.881328 0.033114
5.923008 0.041680
5.964665 0.041657
6.008954 0.044289
6.047953 0.038999
6.124249 0.076296
6.172997 0.048748
6.214664 0.041667
6.256334 0.041670
6.297997 0.041663
6.368240 0.070243
6.422950 0.054710
6.464667 0.041716
6.511531 0.046864
6.547997 0.036466
6.589670 0.041673
6.631331 0.041660
6.678499 0.047168
6.714664 0.036165
6.756327 0.041663
6.797997 0.041670
6.839672 0.041675
6.881332 0.041660
6.922995 0.041663
6.964616 0.041622
7.009260 0.044644
7.047949 0.038689
7.089664 0.041715
7.131328 0.041664
7.173017 0.041688
7.214662 0.041645
7.256331 0.041669
7.298003 0.041672
7.339663 0.041660
7.402839 0.063175
7.432246 0.029407
7.464666 0.032419
7.509394 0.044729
7.568364 0.058970
7.631695 0.063330
7.672993 0.041298
7.714664 0.041671
7.756329 0.041666
7.797947 0.041618
7.839665 0.041718
7.881336 0.041671
7.923000 0.041664
7.964668 0.041668
8.006328 0.041660
8.047995 0.041667
8.089661 0.041666
8.131327 0.041666
8.172945 0.041618
8.214661 0.041716
8.256332 0.041671
8.297994 0.041661
8.339660 0.041667
8.381327 0.041666
8.422994 0.041668
8.464660 0.041665
8.506328 0.041668
8.547996 0.041668
8.589661 0.041665
8.631327 0.041666
8.672949 0.041623
8.714661 0.041711
8.756330 0.041669
8.797994 0.041664
8.839663 0.041669
8.881326 0.041663
8.922994 0.041668
8.964660 0.041666
9.006330 0.041670
9.047994 0.041664
9.089662 0.041668
9.131326 0.041664
9.172995 0.041669
9.214661 0.041666
9.256332 0.041671
9.297994 0.041662
9.339660 0.041666
9.381332 0.041672
9.422994 0.041661
9.464662 0.041669
9.506327 0.041665
9.547995 0.041668
9.589668 0.041673
9.631328 0.041661
9.672999 0.041670
9.714667 0.041669
9.756328 0.041661
9.798004 0.041675
9.839660 0.041657
9.883147 0.043487
9.922963 0.039816
9.964663 0.041700
10.007302 0.042639
10.047997 0.040695
10.089666 0.041669
10.131328 0.041662
10.172995 0.041668
10.214668 0.041673
10.256329 0.041661
10.297954 0.041625
10.339663 0.041709
10.381340 0.041677
10.422992 0.041652
10.464667 0.041675
10.506329 0.041662
10.547997 0.041668
10.589663 0.041666
10.631331 0.041668
10.672968 0.041637
10.719544 0.046576
10.756331 0.036787
10.798243 0.041912
10.839669 0.041426
10.881333 0.041664
10.922952 0.041619
10.971048 0.048096
11.008210 0.037162
11.047996 0.039786
11.089670 0.041674
11.131330 0.041660
11.172996 0.041666
11.214662 0.041667
11.256326 0.041663
11.297995 0.041669
11.339662 0.041667
11.381329 0.041667
11.422997 0.041668
11.464660 0.041663
11.506331 0.041671
11.547993 0.041662
11.589663 0.041670
11.631326 0.041663
11.672996 0.041670
11.714660 0.041663
11.756279 0.041619
11.797943 0.041665
11.839661 0.041718
11.881328 0.041667
11.923000 0.041672
11.964661 0.041660
12.006333 0.041672
12.047993 0.041661
12.089665 0.041671
12.131327 0.041662
12.172998 0.041671
12.214663 0.041665
12.256327 0.041664
12.297995 0.041668
12.339662 0.041667
12.381330 0.041668
12.422993 0.041663
12.464661 0.041668
12.506328 0.041667
12.547948 0.041620
12.589659 0.041711
12.631330 0.041671
12.672994 0.041664
12.714664 0.041670
12.756334 0.041670
12.920357 0.164023
13.054856 0.134499
13.116214 0.061358
13.172942 0.056728
13.214660 0.041718
13.256330 0.041671
13.298000 0.041670
13.339664 0.041663
13.389398 0.049734
13.423698 0.034300
13.464669 0.040971
13.534637 0.069968
13.589664 0.055026
13.631330 0.041667
13.673003 0.041672
13.714665 0.041662
13.760287 0.045622
13.798001 0.037714
13.839669 0.041668
13.889805 0.050136
13.927376 0.037572
13.964673 0.037297
14.006332 0.041660
14.050031 0.043698
14.090337 0.040306
14.131337 0.041000
14.173005 0.041668
14.214662 0.041657
14.261433 0.046771
14.297950 0.036517
14.341822 0.043872
14.381328 0.039506
14.423003 0.041675
14.464662 0.041658
14.506337 0.041675
14.547996 0.041659
14.589662 0.041666
14.631326 0.041664
14.672949 0.041622
14.714660 0.041711
14.756330 0.041670
14.797993 0.041663
14.839664 0.041671
14.881326 0.041662
14.922996 0.041670
14.964659 0.041663
15.006332 0.041672
15.047943 0.041612
15.089661 0.041718
15.131327 0.041666
15.172997 0.041670
15.214659 0.041662
15.256330 0.041671
15.297994 0.041663
15.339663 0.041670
15.381326 0.041663
15.422997 0.041671
15.464660 0.041663
15.506331 0.041671
15.547993 0.041662
15.589663 0.041669
15.631326 0.041663
15.672997 0.041671
15.714660 0.041663
15.756327 0.041667
15.797944 0.041617
15.839664 0.041721
15.881327 0.041662
15.922998 0.041671
15.964660 0.041662
16.006331 0.041671
16.047994 0.041663
16.089664 0.041671
16.131326 0.041662
16.172945 0.041619
16.214660 0.041715
16.256327 0.041667
16.297944 0.041617
16.339661 0.041717
16.381327 0.041666
16.422994 0.041667
16.464660 0.041666
16.506327 0.041667
16.547994 0.041667
16.589661 0.041667
16.631327 0.041667
16.672995 0.041667
16.714659 0.041665
16.756327 0.041668
16.797943 0.041616
16.839664 0.041720
16.881327 0.041664
16.922995 0.041667
16.964661 0.041666
17.006329 0.041668
17.047995 0.041666
17.089662 0.041667
17.131327 0.041666
17.172995 0.041668
17.214661 0.041666
17.256329 0.041668
17.297994 0.041666
17.339665 0.041670
17.381327 0.041663
17.422998 0.041671
17.464661 0.041662
17.506328 0.041667
17.547995 0.041667
17.589661 0.041666
17.631327 0.041666
17.672947 0.041620
17.714661 0.041714
17.756335 0.041674
17.797946 0.041611
17.839667 0.041721
17.881333 0.041666
17.922996 0.041662
18.026872 0.103876
18.128245 0.101374
18.252251 0.124006
18.297996 0.045745
18.367299 0.069302
18.422993 0.055694
18.464665 0.041672
18.510303 0.045638
18.548002 0.037699
18.589664 0.041662
18.631327 0.041663
18.672998 0.041671
18.714660 0.041663
18.756332 0.041671
18.797994 0.041662
18.839662 0.041668
18.881327 0.041666
18.923002 0.041675
18.964661 0.041659
19.006335 0.041674
19.047945 0.041610
19.089668 0.041723
19.131328 0.041660
19.172999 0.041670
19.214660 0.041661
19.256331 0.041671
19.297944 0.041613
19.339668 0.041724
19.381327 0.041659
19.422950 0.041622
19.464661 0.041711
19.506336 0.041676
19.547994 0.041657
19.589665 0.041671
19.631327 0.041662
19.672999 0.041672
19.714661 0.041661
19.756332 0.041671
19.797945 0.041613
19.839666 0.041721
19.881327 0.041661
19.922953 0.041627
19.964660 0.041707
20.006332 0.041671
20.047994 0.041662
20.089666 0.041672
20.131327 0.041661
20.172999 0.041671
20.214664 0.041665
20.256283 0.041619
20.297994 0.041711
20.339663 0.041669
20.381327 0.041664
20.422998 0.041670
20.464660 0.041662
20.506331 0.041671
20.547995 0.041664
20.589665 0.041670
20.631327 0.041663
20.672999 0.041672
20.714662 0.041663
20.756328 0.041666
20.797944 0.041616
20.839661 0.041718
20.881328 0.041666
20.922994 0.041667
20.964661 0.041667
21.006329 0.041668
21.047996 0.041667
21.089662 0.041666
21.131330 0.041667
21.172999 0.041670
21.214663 0.041663
21.256335 0.041672
21.297995 0.041661
21.339667 0.041672
21.381333 0.041666
21.422997 0.041663
21.464665 0.041668
21.506334 0.041669
21.547946 0.041612
21.589663 0.041718
21.631330 0.041666
21.672946 0.041617
21.714664 0.041718
21.756328 0.041664
21.797948 0.041620
21.839661 0.041713
21.881335 0.041674
21.922995 0.041660
21.964668 0.041674
22.006330 0.041661
22.047998 0.041668
22.089660 0.041662
22.131335 0.041675
22.172995 0.041659
22.214666 0.041672
22.256328 0.041662
22.297998 0.041670
22.339663 0.041665
22.381332 0.041670
22.422997 0.041665
22.464663 0.041666
22.506327 0.041664
22.547998 0.041671
22.589661 0.041663
22.631330 0.041670
22.672996 0.041666
22.714667 0.041671
22.756330 0.041662
22.797998 0.041668
22.839662 0.041664
22.881333 0.041671
22.922997 0.041664
22.964665 0.041668
23.006328 0.041663
23.048002 0.041674
23.089664 0.041662
23.131336 0.041672
23.172996 0.041660
23.214673 0.041678
23.256332 0.041658
23.298000 0.041668
23.339661 0.041661
23.381332 0.041671
23.422998 0.041666
23.464661 0.041664
23.506331 0.041670
23.547948 0.041616
23.589669 0.041721
23.631328 0.041659
23.673000 0.041672
23.714664 0.041664
23.758240 0.043576
23.798005 0.039764
23.839671 0.041667
23.881336 0.041665
23.922997 0.041661
23.972244 0.049247
24.047044 0.074800
24.091993 0.044949
24.131331 0.039337
24.200251 0.068921
24.261655 0.061404
24.303162 0.041507
24.378531 0.075370
24.427479 0.048947
24.464664 0.037186
24.524527 0.059863
24.591538 0.067011
24.631331 0.039793
24.672999 0.041668
24.716082 0.043083
24.766434 0.050352
24.802668 0.036234
24.840002 0.037334
24.881334 0.041332
24.926970 0.045635
24.964670 0.037701
25.006292 0.041621
25.047997 0.041705
25.089669 0.041672
25.131329 0.041659
25.172951 0.041623
25.214662 0.041710
25.256331 0.041669
25.297996 0.041665
25.339663 0.041667
25.381328 0.041665
25.422945 0.041618
25.464661 0.041715
25.506329 0.041669
25.547994 0.041665
25.589663 0.041669
25.631327 0.041665
25.672996 0.041668
25.714661 0.041665
25.756329 0.041668
25.797994 0.041665
25.839662 0.041668
25.881328 0.041666
25.922994 0.041667
25.964660 0.041666
26.006329 0.041668
26.047994 0.041666
26.089669 0.041674
26.131327 0.041658
26.172998 0.041671
26.214661 0.041663
26.256329 0.041668
26.297993 0.041664
26.339662 0.041669
26.381328 0.041666
26.422945 0.041617
26.464661 0.041716
26.506331 0.041669
26.547994 0.041663
26.589664 0.041670
26.631330 0.041666
26.672946 0.041616
26.714661 0.041715
26.756329 0.041669
26.797944 0.041615
26.839662 0.041717
26.881328 0.041666
26.922998 0.041670
26.964660 0.041662
27.006332 0.041671
27.047994 0.041663
27.089662 0.041668
27.131328 0.041666
27.172951 0.041623
27.214661 0.041710
27.256331 0.041671
27.297995 0.041664
27.339665 0.041670
27.381328 0.041662
27.422996 0.041669
27.464661 0.041665
27.506335 0.041674
27.547995 0.041660
27.589663 0.041668
27.631328 0.041665
27.673002 0.041674
27.714661 0.041659
27.756330 0.041668
27.797950 0.041621
27.839662 0.041711
27.881328 0.041666
27.922994 0.041667
27.964665 0.041670
28.006329 0.041664
28.047995 0.041665
28.089667 0.041672
28.131331 0.041665
28.173000 0.041668
28.214661 0.041661
28.256330 0.041669
28.297945 0.041616
28.339661 0.041716
28.381332 0.041671
28.422994 0.041662
28.464660 0.041666
28.506332 0.041672
28.547945 0.041613
28.589661 0.041716
28.631328 0.041666
28.672998 0.041671
28.714661 0.041663
28.756329 0.041668
28.797994 0.041665
28.839663 0.041669
28.881327 0.041664
28.922998 0.041671
28.964667 0.041669
29.006333 0.041666
29.047998 0.041664
29.089669 0.041671
29.131332 0.041663
29.173000 0.041669
29.214664 0.041664
29.256333 0.041668
29.297995 0.041662
29.339665 0.041670
29.381330 0.041665
29.423002 0.041672
29.464661 0.041659
29.506334 0.041673
29.547995 0.041661
29.589664 0.041668
29.631330 0.041666
29.672950 0.041620
29.714665 0.041715
29.756332 0.041667
29.797996 0.041664
29.839665 0.041669
29.881330 0.041665
29.922995 0.041665
29.964662 0.041667
30.006329 0.041667
30.047947 0.041619
30.089663 0.041716
30.131335 0.041672
30.173002 0.041668
30.214667 0.041665
30.256336 0.041668
30.297997 0.041661
30.345345 0.047348
30.381332 0.035987
30.469408 0.088077
30.528300 0.058892
30.568247 0.039946
30.589667 0.021420
30.684236 0.094569
30.729512 0.045276
30.756296 0.026784
30.798000 0.041704
30.872243 0.074243
30.922997 0.050753
30.964665 0.041669
31.006328 0.041663
31.068242 0.061914
31.112935 0.044693
31.152246 0.039312
31.184213 0.031966
31.259452 0.075239
31.304256 0.044804
31.339665 0.035409
31.381330 0.041665
31.422998 0.041668
31.471222 0.048224
31.506335 0.035113
31.551901 0.045565
31.589670 0.037769
31.631329 0.041660
31.672994 0.041665
31.714665 0.041671
31.756327 0.041662
31.798002 0.041675
31.839661 0.041659
31.881334 0.041673
31.923000 0.041667
31.964666 0.041666
32.006328 0.041662
32.048001 0.041673
32.089663 0.041662
32.131334 0.041671
32.172994 0.041660
32.214667 0.041673
32.256334 0.041667
32.297946 0.041612
32.339662 0.041715
32.381333 0.041671
32.422948 0.041615
32.464666 0.041718
32.506328 0.041662
32.547997 0.041669
32.589664 0.041667
32.631335 0.041671
32.672994 0.041659
32.714668 0.041674
32.756327 0.041659
32.798002 0.041675
32.839660 0.041658
32.881332 0.041672
32.922994 0.041662
32.964665 0.041671
33.006327 0.041662
33.047945 0.041618
33.089661 0.041716
33.131332 0.041671
33.172994 0.041662
33.214667 0.041673
33.256335 0.041668
33.297994 0.041660
33.339665 0.041671
33.381328 0.041663
33.422953 0.041625
33.464660 0.041707
33.506330 0.041670
33.547946 0.041616
33.589668 0.041722
33.631327 0.041659
33.672954 0.041627
33.714661 0.041707
33.756331 0.041670
33.797946 0.041615
33.839671 0.041725
33.881331 0.041659
33.922999 0.041668
33.964661 0.041662
34.006330 0.041669
34.047994 0.041665
34.089665 0.041670
34.131327 0.041663
34.173000 0.041673
34.214660 0.041660
34.256331 0.041671
34.297996 0.041665
34.339663 0.041667
34.381326 0.041663
34.422995 0.041668
34.464661 0.041666
34.506334 0.041674
34.547946 0.041611
34.589664 0.041718
34.631329 0.041665
34.672998 0.041668
34.714661 0.041663
34.756329 0.041668
34.797994 0.041664
34.839667 0.041674
34.881329 0.041662
34.922997 0.041668
34.964662 0.041664
35.006332 0.041671
35.047994 0.041662
35.089664 0.041670
35.131328 0.041664
35.172998 0.041670
35.214660 0.041662
35.256279 0.041620
35.297994 0.041715
35.339663 0.041669
35.381327 0.041663
35.422997 0.041670
35.464660 0.041663
35.506331 0.041671
35.547994 0.041663
35.589664 0.041670
35.631327 0.041663
35.672947 0.041620
35.714660 0.041713
35.756336 0.041676
35.797994 0.041658
35.839665 0.041671
35.881327 0.041662
35.922998 0.041671
35.964660 0.041662
36.006333 0.041673
36.047944 0.041611
36.089665 0.041720
36.131327 0.041663
36.172999 0.041671
36.214660 0.041662
36.256331 0.041671
36.297994 0.041663
36.339664 0.041670
36.381327 0.041663
36.422949 0.041623
36.464661 0.041711
36.506332 0.041671
36.547993 0.041661
36.589665 0.041672
36.631328 0.041663
36.672999 0.041671
36.714661 0.041662
36.756331 0.041671
36.797944 0.041613
36.839660 0.041716
36.881330 0.041670
36.923023 0.041693
36.964664 0.041640
37.006328 0.041664
37.047949 0.041622
37.089660 0.041711
37.131339 0.041679
37.172944 0.041605
37.214669 0.041725
37.256327 0.041658
37.297998 0.041671
37.339661 0.041662
37.381331 0.041671
37.422994 0.041662
37.464661 0.041667
37.506327 0.041666
37.547998 0.041671
37.589661 0.041663
37.631331 0.041670
37.672996 0.041665
37.714664 0.041668
37.756327 0.041663
37.797998 0.041670
37.839660 0.041662
37.881330 0.041670
37.922995 0.041665
37.964666 0.041671
38.006327 0.041660
38.047999 0.041672
38.089660 0.041662
38.131332 0.041672
38.172994 0.041662
38.214667 0.041673
38.256329 0.041662
38.297995 0.041666
38.339666 0.041670
38.381328 0.041662
38.422997 0.041669
38.464660 0.041663
38.506332 0.041672
38.547994 0.041661
38.589665 0.041671
38.631327 0.041662
38.672999 0.041672
38.714660 0.041661
38.756332 0.041672
38.797995 0.041663
38.839664 0.041669
38.881330 0.041666
38.922944 0.041614
38.964663 0.041719
39.006329 0.041666
39.047998 0.041669
39.089661 0.041664
39.131328 0.041667
39.172945 0.041616
39.214664 0.041719
39.256328 0.041663
39.297997 0.041669
39.339662 0.041665
39.381333 0.041671
39.422995 0.041662
39.464664 0.041669
39.506328 0.041664
39.547999 0.041671
39.589661 0.041662
39.631328 0.041667
39.672996 0.041668
39.714662 0.041666
39.756328 0.041665
39.797994 0.041667
39.839666 0.041672
39.881333 0.041667
39.922995 0.041662
39.964661 0.041666
40.006327 0.041667
40.047948 0.041621
40.089664 0.041715
40.131327 0.041664
40.172996 0.041668
40.214666 0.041670
40.256328 0.041663
40.297946 0.041617
40.339660 0.041715
40.381331 0.041671
40.422994 0.041663
40.464661 0.041667
40.506327 0.041666
40.547949 0.041622
40.589661 0.041711
40.631327 0.041666
40.672995 0.041668
40.714661 0.041666
40.756329 0.041667
40.797994 0.041666
40.839669 0.041675
40.881329 0.041660
40.922999 0.041670
40.964663 0.041664
41.006329 0.041667
41.048000 0.041670
41.089662 0.041662
41.131332 0.041670
41.172996 0.041664
41.214667 0.041671
41.256329 0.041662
41.297999 0.041670
41.339663 0.041664
41.381335 0.041672
41.422999 0.041664
41.464664 0.041664
41.506332 0.041668
41.547945 0.041613
41.589664 0.041719
41.631329 0.041664
41.672995 0.041666
41.714665 0.041670
41.756329 0.041664
41.797997 0.041668
41.839661 0.041664
41.881329 0.041668
41.922996 0.041667
41.964666 0.041671
42.006277 0.041611
42.047999 0.041721
42.089661 0.041662
42.131334 0.041673
42.172993 0.041659
42.214667 0.041674
42.256328 0.041662
42.298001 0.041673
42.339664 0.041663
42.381330 0.041666
42.422996 0.041666
42.464664 0.041668
42.506330 0.041666
42.548001 0.041671
42.589663 0.041663
42.631334 0.041670
42.672945 0.041611
42.714665 0.041720
42.756327 0.041662
42.797997 0.041670
42.839660 0.041663
42.881332 0.041672
42.922943 0.041611
42.964665 0.041721
43.006276 0.041612
43.047995 0.041718
43.089660 0.041665
43.131328 0.041669
43.172995 0.041667
43.214662 0.041667
43.256328 0.041666
43.297998 0.041670
43.339661 0.041663
43.381279 0.041618
43.422994 0.041715
43.464661 0.041667
43.506327 0.041666
43.547995 0.041667
43.589660 0.041665
43.631329 0.041669
43.672996 0.041666
43.714661 0.041666
43.756328 0.041667
43.797995 0.041666
43.839662 0.041667
43.881327 0.041665
43.922944 0.041617
43.964664 0.041720
44.006327 0.041663
44.048000 0.041672
44.089661 0.041661
44.131328 0.041667
44.172994 0.041666
44.214665 0.041671
44.256328 0.041663
44.297995 0.041668
44.339660 0.041665
44.381331 0.041671
44.422995 0.041664
44.464663 0.041668
44.506333 0.041670
44.547945 0.041612
44.589662 0.041718
44.631329 0.041666
44.672996 0.041668
44.714661 0.041665
44.756331 0.041670
44.797997 0.041666
44.839666 0.041669
44.881329 0.041663
44.922996 0.041667
44.964661 0.041665
45.006336 0.041675
45.047945 0.041609
45.089662 0.041717
45.131328 0.041666
45.172995 0.041667
45.214661 0.041666
45.256331 0.041669
45.297995 0.041664
45.339662 0.041668
45.381329 0.041667
45.422997 0.041668
45.464661 0.041664
45.506328 0.041667
45.547995 0.041667
45.589666 0.041671
45.631327 0.041662
45.672945 0.041618
45.714661 0.041716
45.756334 0.041673
45.797995 0.041661
45.839662 0.041667
45.881328 0.041666
45.922999 0.041671
45.964660 0.041662
46.006328 0.041667
46.047945 0.041617
46.089666 0.041721
46.131328 0.041662
46.172995 0.041667
46.214662 0.041667
46.256335 0.041673
46.297945 0.041610
46.339661 0.041716
46.381328 0.041666
46.423000 0.041672
46.464661 0.041661
46.506328 0.041667
46.547994 0.041666
46.589666 0.041671
46.631328 0.041662
46.673003 0.041675
46.714661 0.041658
46.756278 0.041617
46.797944 0.041666
46.839661 0.041717
46.881328 0.041666
46.922945 0.041617
46.964660 0.041715
47.006329 0.041668
47.047995 0.041666
47.089664 0.041669
47.131329 0.041665
47.172996 0.041667
47.214662 0.041666
47.256332 0.041670
47.297995 0.041663
47.339664 0.041669
47.381762 0.042098
47.422999 0.041237
47.464662 0.041663
47.506330 0.041668
47.547995 0.041665
47.589664 0.041669
47.631328 0.041665
47.672995 0.041667
47.714664 0.041669
47.756332 0.041668
47.797995 0.041663
47.839662 0.041667
47.881328 0.041667
47.922944 0.041616
47.964662 0.041718
48.006329 0.041667
48.048000 0.041670
48.089662 0.041662
48.131330 0.041668
48.172996 0.041666
48.214667 0.041671
48.256327 0.041660
48.297998 0.041671
48.339662 0.041664
48.381331 0.041669
48.422993 0.041662
48.464662 0.041668
48.506328 0.041667
48.547996 0.041668
48.589660 0.041663
48.631329 0.041670
48.672994 0.041664
48.714662 0.041668
48.756327 0.041665
48.797999 0.041672
48.839660 0.041661
48.881331 0.041671
48.922945 0.041614
48.964665 0.041720
49.006327 0.041662
49.047999 0.041672
49.089659 0.041660
49.131328 0.041669
49.172994 0.041666
49.214664 0.041670
49.256331 0.041667
49.297994 0.041663
49.339663 0.041669
49.381328 0.041666
49.422995 0.041667
49.464660 0.041665
49.506329 0.041669
49.547995 0.041666
49.589661 0.041665
49.631327 0.041666
49.672999 0.041672
49.714663 0.041664
49.756330 0.041668
49.797994 0.041664
49.839662 0.041669
49.881327 0.041664
49.922995 0.041669
49.964661 0.041666
50.006328 0.041667
50.047994 0.041666
50.089661 0.041667
50.131329 0.041668
50.172999 0.041670
50.214662 0.041663
50.256328 0.041666
50.297994 0.041666
50.339661 0.041667
50.381327 0.041666
50.422993 0.041665
50.464660 0.041667
50.506328 0.041668
50.547994 0.041666
50.589660 0.041666
50.631329 0.041668
50.672993 0.041665
50.714665 0.041672
50.756327 0.041661
50.797999 0.041672
50.839661 0.041663
50.881328 0.041667
50.922993 0.041666
50.964662 0.041669
51.006327 0.041665
51.047995 0.041668
51.089661 0.041666
51.131330 0.041670
51.172993 0.041663
51.214661 0.041668
51.256327 0.041666
51.297997 0.041670
51.339660 0.041663
51.381329 0.041669
51.422994 0.041665
51.464663 0.041669
51.506327 0.041664
51.547995 0.041668
51.589662 0.041667
51.631331 0.041669
51.673000 0.041668
51.714664 0.041665
51.756327 0.041663
51.797998 0.041671
51.839662 0.041664
51.881333 0.041671
51.922995 0.041662
51.964662 0.041667
52.006327 0.041665
52.047997 0.041670
52.089663 0.041666
52.131330 0.041667
52.172993 0.041664
52.214667 0.041674
52.256331 0.041663
52.297997 0.041667
52.339661 0.041663
52.381334 0.041674
52.422999 0.041664
52.464663 0.041664
52.506328 0.041665
52.547997 0.041669
52.589660 0.041663
52.631331 0.041671
52.672993 0.041662
52.714664 0.041671
52.756328 0.041663
52.797995 0.041667
52.839660 0.041665
52.881330 0.041670
52.922994 0.041664
52.964661 0.041667
53.006326 0.041665
53.047996 0.041670
53.089661 0.041664
53.131329 0.041668
53.172993 0.041664
53.214664 0.041671
53.256328 0.041663
53.297996 0.041668
53.339660 0.041664
53.381331 0.041670
53.422994 0.041663
53.464662 0.041669
53.506329 0.041667
53.547998 0.041669
53.589661 0.041663
53.631330 0.041669
53.672945 0.041615
53.714665 0.041721
53.756327 0.041662
53.797995 0.041668
53.839660 0.041665
53.881330 0.041670
53.922995 0.041664
53.964665 0.041670
54.006327 0.041662
54.047993 0.041666
54.089660 0.041667
54.131327 0.041667
54.172999 0.041672
54.214662 0.041663
54.256327 0.041665
54.298000 0.041673
54.346190 0.048189
54.381332 0.035142
54.422998 0.041666
54.464662 0.041664
54.506328 0.041666
54.548001 0.041673
54.589660 0.041659
54.631328 0.041668
54.672946 0.041619
54.714662 0.041715
54.756327 0.041665
54.797994 0.041667
54.839666 0.041672
54.881327 0.041661
54.922995 0.041667
54.964660 0.041665
55.006329 0.041669
55.047994 0.041665
55.089661 0.041667
55.131329 0.041668
55.172994 0.041665
55.214665 0.041671
55.256327 0.041662
55.297996 0.041669
55.339660 0.041664
55.381328 0.041668
55.423000 0.041672
55.464660 0.041660
55.506331 0.041671
55.547993 0.041662
55.589666 0.041673
55.631327 0.041661
55.672999 0.041672
55.714661 0.041662
55.756333 0.041672
55.797995 0.041661
55.839666 0.041671
55.881327 0.041661
55.922999 0.041671
55.964661 0.041662
56.006334 0.041674
56.047993 0.041658
56.089666 0.041673
56.131327 0.041661
56.172998 0.041672
56.214661 0.041662
56.256334 0.041674
56.297995 0.041661
56.339666 0.041671
56.381333 0.041667
56.422995 0.041662
56.464631 0.041636
56.506328 0.041697
56.547997 0.041669
56.589663 0.041666
56.631331 0.041668
56.672997 0.041666
56.714671 0.041673
56.756331 0.041660
56.797999 0.041668
56.839665 0.041666
56.881332 0.041667
56.923000 0.041668
56.964663 0.041663
57.006330 0.041667
57.047995 0.041665
57.089667 0.041672
57.131328 0.041661
57.172994 0.041667
57.214662 0.041667
57.256331 0.041669
57.297996 0.041665
57.339663 0.041668
57.381329 0.041666
57.422997 0.041668
57.464661 0.041664
57.506329 0.041668
57.547994 0.041665
57.589663 0.041669
57.631329 0.041666
57.672998 0.041669
57.714661 0.041663
57.756332 0.041671
57.797996 0.041663
57.839667 0.041671
57.881328 0.041661
57.922998 0.041670
57.964660 0.041662
58.006330 0.041670
58.047995 0.041665
58.089664 0.041669
58.131327 0.041663
58.172994 0.041667
58.214661 0.041667
58.256330 0.041669
58.297993 0.041662
58.339664 0.041672
58.381327 0.041663
58.422998 0.041670
58.464660 0.041663
58.506332 0.041671
58.547995 0.041663
58.589663 0.041668
58.631326 0.041663
58.672998 0.041672
58.714661 0.041664
58.756329 0.041668
58.797943 0.041614
58.839662 0.041719
58.881329 0.041667
58.922998 0.041670
58.964662 0.041663
59.006329 0.041667
59.047995 0.041667
59.089666 0.041670
59.131327 0.041661
59.172998 0.041671
59.214662 0.041664
59.256331 0.041670
59.297994 0.041663
59.339661 0.041667
59.381327 0.041666
59.422998 0.041671
59.464661 0.041663
59.506332 0.041671
59.547995 0.041663
59.589660 0.041665
59.631331 0.041671
59.672993 0.041662
59.714665 0.041671
59.756328 0.041663
59.797998 0.041670
59.839659 0.041662
59.881330 0.041670
59.922998 0.041668
59.964664 0.041667
60.006327 0.041662
60.047996 0.041670
60.089661 0.041665
60.131331 0.041670
60.172944 0.041612
60.214664 0.041720
60.256327 0.041663
60.297998 0.041671
60.339661 0.041663
60.381331 0.041670
60.422943 0.041612
60.464665 0.041722
60.506326 0.041661
60.547997 0.041671
60.589662 0.041665
60.631331 0.041669
60.672945 0.041614
60.714664 0.041719
60.756327 0.041663
60.797998 0.041671
60.839660 0.041662
60.881329 0.041669
60.922998 0.041670
60.964660 0.041662
61.006331 0.041671
61.047995 0.041664
61.089664 0.041669
61.131333 0.041669
61.172996 0.041663
61.226491 0.053495
61.268709 0.042218
61.297997 0.029288
61.339673 0.041676
61.382212 0.042539
61.422995 0.040783
61.464669 0.041674
61.515484 0.050816
61.547996 0.032512
61.589664 0.041668
61.631333 0.041668
61.672954 0.041621
61.714663 0.041709
61.756331 0.041668
61.797999 0.041668
61.839667 0.041668
61.881336 0.041668
61.922993 0.041657
61.964664 0.041672
62.006330 0.041665
62.048002 0.041673
62.089660 0.041657
62.131330 0.041670
62.172995 0.041665
62.214664 0.041669
62.256327 0.041663
62.297995 0.041669
62.339660 0.041665
62.381331 0.041671
62.422944 0.041612
62.464665 0.041721
62.506326 0.041661
62.547997 0.041670
62.589661 0.041664
62.631332 0.041671
62.672994 0.041662
62.714664 0.041670
62.756326 0.041662
62.797997 0.041671
62.839659 0.041662
62.881331 0.041672
62.922943 0.041612
62.964664 0.041720
63.006326 0.041662
63.047998 0.041672
63.089660 0.041662
63.131331 0.041671
63.172993 0.041663
63.214664 0.041671
63.256326 0.041662
63.297949 0.041623
63.339660 0.041711
63.381331 0.041671
63.422998 0.041667
63.464660 0.041662
63.506328 0.041668
63.547994 0.041666
63.589665 0.041670
63.631326 0.041662
63.672946 0.041620
63.714661 0.041715
63.756329 0.041668
63.797993 0.041664
63.839661 0.041668
63.881327 0.041666
63.922997 0.041670
63.964660 0.041664
64.006329 0.041668
64.047992 0.041664
64.089661 0.041669
64.131327 0.041666
64.172997 0.041670
64.214660 0.041663
64.256328 0.041668
64.297993 0.041665
64.339664 0.041671
64.381327 0.041663
64.422995 0.041668
64.464660 0.041666
64.506327 0.041667
64.547993 0.041666
64.589661 0.041667
64.631327 0.041666
64.672996 0.041669
64.714660 0.041664
64.756328 0.041667
64.797994 0.041666
64.839664 0.041670
64.881327 0.041663
64.922998 0.041672
64.964661 0.041662
65.006329 0.041668
65.047994 0.041665
65.089663 0.041669
65.131328 0.041664
65.172948 0.041620
65.214661 0.041713
65.256333 0.041673
65.297944 0.041610
65.339663 0.041719
65.381327 0.041664
65.422995 0.041668
65.464661 0.041667
65.506331 0.041669
65.547996 0.041665
65.589664 0.041669
65.631328 0.041664
65.672999 0.041671
65.714661 0.041662
65.756331 0.041670
65.797995 0.041663
65.839665 0.041671
65.881326 0.041661
65.922951 0.041625
65.964660 0.041708
66.006331 0.041671
66.047993 0.041662
66.089660 0.041667
66.131326 0.041665
66.172994 0.041668
66.214661 0.041667
66.256329 0.041668
66.297994 0.041665
66.339661 0.041667
66.381327 0.041666
66.422997 0.041670
66.464660 0.041663
66.506333 0.041673
66.547993 0.041660
66.589660 0.041667
66.631327 0.041667
66.672995 0.041668
66.714661 0.041666
66.760213 0.045552
66.797994 0.037781
66.839662 0.041668
66.881326 0.041665
66.922995 0.041669
66.964660 0.041665
67.006328 0.041668
67.047995 0.041666
67.089661 0.041667
67.131328 0.041666
67.172995 0.041668
67.214661 0.041666
67.256330 0.041669
67.297994 0.041663
67.339661 0.041667
67.381327 0.041666
67.422997 0.041669
67.464660 0.041664
67.506329 0.041669
67.547993 0.041664
67.589662 0.041668
67.631328 0.041666
67.672998 0.041670
67.714661 0.041663
67.756330 0.041669
67.797996 0.041666
67.839665 0.041668
67.881328 0.041663
67.922992 0.041664
67.964661 0.041669
68.006337 0.041676
68.047996 0.041659
68.089669 0.041673
68.131331 0.041662
68.172997 0.041666
68.214670 0.041673
68.256336 0.041666
68.297998 0.041662
68.339662 0.041665
68.381328 0.041665
68.423000 0.041672
68.464661 0.041662
68.506329 0.041668
68.547995 0.041665
68.589661 0.041667
68.631327 0.041666
68.672996 0.041669
68.714661 0.041665
68.756332 0.041670
68.797997 0.041665
68.839665 0.041668
68.881327 0.041663
68.922998 0.041670
68.964661 0.041664
69.006334 0.041673
69.047994 0.041661
69.089664 0.041669
69.131328 0.041664
69.172996 0.041668
69.214665 0.041669
69.256333 0.041668
69.297945 0.041611
69.339666 0.041721
69.381330 0.041664
69.423000 0.041670
69.464661 0.041661
69.506328 0.041667
69.547946 0.041618
69.589665 0.041719
69.631328 0.041662
69.672994 0.041666
69.714662 0.041668
69.756331 0.041669
69.797943 0.041612
69.839662 0.041719
69.881335 0.041672
69.922999 0.041664
69.964662 0.041663
70.006329 0.041667
70.047994 0.041665
70.089663 0.041669
70.131327 0.041664
70.172995 0.041668
70.214664 0.041669
70.256326 0.041662
70.297948 0.041622
70.339663 0.041714
70.381331 0.041668
70.422994 0.041663
70.464662 0.041667
70.506328 0.041666
70.547997 0.041670
70.589660 0.041663
70.631329 0.041669
70.672994 0.041666
70.714663 0.041669
70.756326 0.041663
70.797944 0.041618
70.839666 0.041721
70.881327 0.041661
70.922995 0.041669
70.964660 0.041664
71.006332 0.041672
71.047993 0.041661
71.089660 0.041667
71.131333 0.041673
71.172996 0.041663
71.214663 0.041668
71.256326 0.041663
71.297997 0.041670
71.339664 0.041667
71.381330 0.041666
71.422999 0.041669
71.464659 0.041660
71.506329 0.041669
71.547994 0.041666
71.589665 0.041671
71.631326 0.041661
71.672995 0.041669
71.714665 0.041671
71.756331 0.041666
71.797994 0.041663
71.839663 0.041669
71.881329 0.041665
71.923000 0.041672
71.964660 0.041660
72.006328 0.041668
72.047995 0.041667
72.089662 0.041667
72.131326 0.041664
72.172996 0.041670
72.214662 0.041667
72.256331 0.041668
72.297944 0.041613
72.339665 0.041721
72.381330 0.041665
72.422998 0.041668
72.464660 0.041662
72.506329 0.041669
72.547996 0.041667
72.589665 0.041669
72.631328 0.041663
72.672996 0.041668
72.714662 0.041665
72.756332 0.041670
72.797995 0.041663
72.839660 0.041665
72.881328 0.041668
72.922994 0.041667
72.964663 0.041669
73.006327 0.041664
73.047996 0.041669
73.089660 0.041664
73.131330 0.041670
73.172994 0.041664
73.214662 0.041667
73.256326 0.041665
73.298000 0.041674
73.339660 0.041660
73.381332 0.041672
73.422995 0.041663
73.464663 0.041668
73.506327 0.041664
73.547999 0.041672
73.589661 0.041662
73.631330 0.041669
73.672944 0.041614
73.714666 0.041723
73.756327 0.041661
73.797944 0.041617
73.839659 0.041715
73.881332 0.041673
73.922993 0.041661
73.964666 0.041673
74.006328 0.041662
74.047945 0.041616
74.089660 0.041715
74.131333 0.041673
74.172993 0.041660
74.214663 0.041670
74.256277 0.041614
74.297997 0.041721
74.339659 0.041662
74.381329 0.041669
74.422995 0.041666
74.464660 0.041665
74.506328 0.041668
74.547995 0.041667
74.589663 0.041668
74.631326 0.041663
74.672994 0.041668
74.714661 0.041667
74.756332 0.041670
74.797995 0.041663
74.839665 0.041670
74.881331 0.041666
74.922999 0.041668
74.964660 0.041661
75.006328 0.041668
75.047997 0.041670
75.089664 0.041667
75.131327 0.041663
75.172996 0.041669
75.214662 0.041666
75.256330 0.041668
75.297994 0.041664
75.339664 0.041670
75.381327 0.041663
75.422944 0.041618
75.464662 0.041718
75.506327 0.041665
75.547993 0.041666
75.589666 0.041673
75.631326 0.041660
75.672946 0.041620
75.714661 0.041715
75.756280 0.041619
75.797993 0.041713
75.839664 0.041671
75.881327 0.041663
75.922994 0.041667
75.964660 0.041665
76.006337 0.041677
76.047993 0.041656
76.089662 0.041669
76.131328 0.041666
76.172950 0.041622
76.214660 0.041710
76.256278 0.041618
76.297993 0.041715
76.339663 0.041669
76.381328 0.041665
76.422944 0.041616
76.464660 0.041716
76.506335 0.041675
76.547994 0.041659
76.589663 0.041669
76.631327 0.041664
76.672946 0.041619
76.714660 0.041714
76.756328 0.041667
76.797993 0.041665
76.839666 0.041673
76.881327 0.041661
76.922949 0.041623
76.964661 0.041712
77.006327 0.041666
77.047943 0.041617
77.089661 0.041717
77.131327 0.041666
77.172955 0.041628
77.214660 0.041705
77.256328 0.041668
77.297994 0.041666
77.339664 0.041670
77.381327 0.041663
77.422994 0.041666
77.464660 0.041666
77.506328 0.041667
77.547993 0.041666
77.589662 0.041669
77.631327 0.041665
77.672995 0.041667
77.714661 0.041666
77.756327 0.041666
77.797994 0.041667
77.839660 0.041667
77.881328 0.041667
77.922994 0.041666
77.964665 0.041671
78.006327 0.041662
78.047997 0.041670
78.089660 0.041663
78.131332 0.041672
78.172994 0.041662
78.214666 0.041672
78.256512 0.041846
78.297998 0.041486
78.339659 0.041661
78.381331 0.041672
78.422994 0.041663
78.464662 0.041668
78.506327 0.041664
78.547995 0.041669
78.589661 0.041665
78.631329 0.041669
78.672944 0.041615
78.714663 0.041720
78.756329 0.041666
78.798000 0.041671
78.839662 0.041662
78.881333 0.041671
78.922997 0.041665
78.964668 0.041670
79.006335 0.041667
79.048004 0.041668
79.089664 0.041660
79.131338 0.041674
79.173001 0.041664
79.214663 0.041662
79.256332 0.041669
79.297995 0.041663
79.339662 0.041667
79.381286 0.041624
79.422997 0.041712
79.464669 0.041671
79.506330 0.041661
79.548001 0.041671
79.596296 0.048295
79.632804 0.036508
79.672947 0.040143
79.714669 0.041722
79.756330 0.041660
79.798001 0.041672
79.839668 0.041667
79.881331 0.041663
79.932279 0.050949
79.975956 0.043677
80.006332 0.030376
80.047996 0.041664
80.089664 0.041667
80.131330 0.041666
80.172947 0.041617
80.214664 0.041717
80.256330 0.041666
80.297994 0.041664
80.339660 0.041666
80.381329 0.041668
80.422994 0.041665
80.464662 0.041668
80.506330 0.041668
80.547998 0.041668
80.589663 0.041665
80.631334 0.041672
80.672997 0.041663
80.714668 0.041671
80.756326 0.041658
80.797948 0.041622
80.839667 0.041718
80.881335 0.041668
80.922995 0.041660
80.964664 0.041669
81.006331 0.041667
81.047999 0.041668
81.089659 0.041661
81.131329 0.041670
81.172996 0.041667
81.214664 0.041668
81.256326 0.041662
81.297996 0.041670
81.339661 0.041665
81.381330 0.041669
81.422993 0.041662
81.464660 0.041667
81.506328 0.041668
81.547994 0.041665
81.589666 0.041672
81.631328 0.041663
81.672998 0.041669
81.714662 0.041664
81.756330 0.041668
81.797995 0.041665
81.839667 0.041672
81.881328 0.041661
81.923001 0.041674
81.964666 0.041665
82.006333 0.041666
82.047995 0.041662
82.089666 0.041672
82.131331 0.041665
82.172998 0.041667
82.214662 0.041664
82.256331 0.041669
82.298000 0.041669
82.339661 0.041661
82.381333 0.041672
82.422997 0.041664
82.464668 0.041671
82.506326 0.041659
82.547998 0.041672
82.589663 0.041665
82.631331 0.041668
82.672996 0.041665
82.714665 0.041669
82.756327 0.041663
82.797997 0.041669
82.839661 0.041664
82.881332 0.041671
82.922995 0.041663
82.964662 0.041667
83.006327 0.041665
83.047999 0.041672
83.089661 0.041662
83.131330 0.041669
83.172995 0.041665
83.214666 0.041670
83.256331 0.041666
83.297993 0.041662
83.339664 0.041671
83.381332 0.041668
83.422997 0.041665
83.464660 0.041663
83.506326 0.041666
83.547993 0.041667
83.589663 0.041670
83.631327 0.041663
83.672995 0.041668
83.714661 0.041666
83.756332 0.041671
83.797994 0.041662
83.839665 0.041671
83.881330 0.041665
83.922999 0.041669
83.964661 0.041663
84.006336 0.041674
84.047997 0.041661
84.089661 0.041664
84.131329 0.041668
84.172955 0.041626
84.214662 0.041707
84.256327 0.041665
84.297994 0.041668
84.339668 0.041673
84.381330 0.041662
84.422993 0.041663
84.464662 0.041670
84.506329 0.041667
84.547999 0.041669
84.589660 0.041661
84.631330 0.041670
84.672995 0.041665
84.714662 0.041667
84.756327 0.041665
84.797947 0.041620
84.839661 0.041715
84.881333 0.041671
84.922994 0.041661
84.964666 0.041672
85.006329 0.041663
85.047999 0.041670
85.089661 0.041662
85.131331 0.041670
85.172996 0.041665
85.214665 0.041670
85.256327 0.041661
85.297998 0.041671
85.339663 0.041665
85.381333 0.041670
85.422994 0.041661
85.464665 0.041671
85.506328 0.041663
85.547999 0.041671
85.589661 0.041662
85.631331 0.041670
85.672999 0.041668
85.714666 0.041667
85.756331 0.041665
85.798000 0.041669
85.839665 0.041665
85.881327 0.041662
85.922993 0.041667
85.964662 0.041669
86.006328 0.041666
86.047999 0.041670
86.089660 0.041661
86.131327 0.041667
86.172993 0.041666
86.214666 0.041672
86.256328 0.041662
86.297998 0.041670
86.339661 0.041663
86.381330 0.041669
86.422996 0.041666
86.464666 0.041671
86.506326 0.041660
86.547995 0.041669
86.589660 0.041665
86.631333 0.041673
86.672995 0.041662
86.714661 0.041666
86.756329 0.041667
86.797999 0.041670
86.839662 0.041662
86.881327 0.041666
86.922997 0.041670
86.964663 0.041666
87.006327 0.041664
87.047998 0.041671
87.089662 0.041663
87.131332 0.041670
87.172996 0.041664
87.214668 0.041672
87.256333 0.041665
87.297999 0.041666
87.339663 0.041664
87.381329 0.041666
87.422994 0.041665
87.464663 0.041669
87.506328 0.041664
87.547998 0.041671
87.589663 0.041665
87.631330 0.041666
87.672998 0.041669
87.714665 0.041666
87.756330 0.041665
87.797999 0.041669
87.839661 0.041663
87.881330 0.041669
87.922997 0.041667
87.964663 0.041667
88.006333 0.041670
88.047993 0.041660
88.089663 0.041669
88.131329 0.041666
88.173000 0.041671
88.214661 0.041661
88.256328 0.041668
88.297996 0.041668
88.339663 0.041667
88.381327 0.041664
88.422997 0.041670
88.464661 0.041664
88.506332 0.041671
88.547996 0.041664
88.589662 0.041666
88.631327 0.041665
88.672997 0.041670
88.714661 0.041664
88.756331 0.041669
88.797995 0.041664
88.839663 0.041668
88.881327 0.041665
88.922998 0.041671
88.964661 0.041662
89.006329 0.041668
89.047994 0.041665
89.089663 0.041669
89.131327 0.041664
89.172994 0.041667
89.214660 0.041666
89.256284 0.041624
89.297993 0.041709
89.339664 0.041671
89.381328 0.041663
89.422995 0.041668
89.464660 0.041665
89.506329 0.041668
89.547995 0.041666
89.589662 0.041667
89.631329 0.041667
89.672995 0.041666
89.714660 0.041665
89.756332 0.041672
89.797994 0.041662
89.839666 0.041672
89.881327 0.041661
89.922995 0.041668
89.964661 0.041666
90.006328 0.041667
90.047999 0.041671
90.089660 0.041661
90.131327 0.041667
90.172946 0.041619
90.214669 0.041723
90.263187 0.048518
90.298743 0.035555
90.339663 0.040920
90.381332 0.041669
90.422997 0.041665
90.472329 0.049332
90.513081 0.040752
90.596845 0.083764
90.631330 0.034485
90.679160 0.047830
90.714667 0.035506
90.756331 0.041665
90.813828 0.057497
90.839668 0.025840
90.888131 0.048463
90.929056 0.040925
90.964661 0.035606
91.006327 0.041665
91.047950 0.041623
91.089670 0.041720
91.131331 0.041661
91.172944 0.041613
91.214670 0.041726
91.256330 0.041660
91.297998 0.041668
91.339663 0.041665
91.381333 0.041671
91.422943 0.041610
91.464664 0.041721
91.506328 0.041664
91.547944 0.041616
91.589664 0.041720
91.631325 0.041662
91.672998 0.041673
91.714660 0.041662
91.756332 0.041672
91.797994 0.041662
91.839664 0.041671
91.881326 0.041662
91.923001 0.041674
91.964660 0.041659
92.006332 0.041672
92.047994 0.041662
92.089663 0.041669
92.131329 0.041666
92.172949 0.041620
92.214663 0.041714
92.256327 0.041664
92.297947 0.041620
92.339662 0.041715
92.381331 0.041669
92.422994 0.041662
92.464664 0.041670
92.506328 0.041664
92.547997 0.041669
92.589662 0.041665
92.631333 0.041671
92.672943 0.041611
92.714663 0.041720
92.756327 0.041664
92.797998 0.041670
92.839660 0.041662
92.881329 0.041670
92.922997 0.041668
92.964661 0.041664
93.006330 0.041669
93.047993 0.041663
93.089661 0.041668
93.131326 0.041665
93.172947 0.041621
93.214661 0.041714
93.256328 0.041667
93.297994 0.041666
93.339662 0.041668
93.381327 0.041665
93.422995 0.041668
93.464660 0.041666
93.506330 0.041669
93.547993 0.041663
93.589664 0.041670
93.631327 0.041663
93.672998 0.041671
93.714660 0.041662
93.756332 0.041672
93.797993 0.041661
93.839664 0.041671
93.881326 0.041662
93.922997 0.041671
93.964660 0.041663
94.006332 0.041672
94.047993 0.041661
94.089664 0.041670
94.131328 0.041664
94.172998 0.041670
94.214660 0.041662
94.256327 0.041667
94.297947 0.041620
94.339665 0.041718
94.381327 0.041662
94.422996 0.041670
94.464662 0.041665
94.506334 0.041673
94.547999 0.041664
94.589662 0.041663
94.631327 0.041665
94.672952 0.041625
94.714660 0.041708
94.756329 0.041669
94.797993 0.041664
94.839666 0.041673
94.881328 0.041662
94.922998 0.041669
94.964662 0.041665
95.006332 0.041670
95.047993 0.041661
95.089662 0.041669
95.131327 0.041665
95.172999 0.041672
95.214662 0.041663
95.256329 0.041667
95.297994 0.041665
95.339665 0.041671
95.381328 0.041664
95.422999 0.041670
95.464663 0.041664
95.506327 0.041664
95.547998 0.041672
95.589662 0.041663
95.631327 0.041665
95.672994 0.041667
95.714664 0.041671
95.756328 0.041664
95.797996 0.041668
95.839660 0.041664
95.881332 0.041671
95.922994 0.041662
95.964665 0.041671
96.006328 0.041663
96.047948 0.041620
96.089664 0.041716
96.131331 0.041667
96.172999 0.041668
96.214670 0.041671
96.256327 0.041657
96.297997 0.041670
96.339668 0.041671
96.381336 0.041669
96.422994 0.041658
96.464662 0.041668
96.506334 0.041672
96.548003 0.041669
96.589660 0.041658
96.631329 0.041668
96.672944 0.041616
96.714674 0.041730
96.756327 0.041653
96.797995 0.041667
96.839668 0.041674
96.881331 0.041663
96.922994 0.041663
96.964662 0.041668
97.006330 0.041668
97.048002 0.041673
97.089660 0.041657
97.131328 0.041669
97.172994 0.041666
97.214667 0.041673
97.256327 0.041660
97.297997 0.041669
97.339660 0.041663
97.381328 0.041668
97.422994 0.041666
97.464665 0.041671
97.506327 0.041662
97.547994 0.041667
97.589660 0.041666
97.631332 0.041672
97.672994 0.041662
97.714664 0.041669
97.756326 0.041663
97.797999 0.041672
97.839660 0.041661
97.881328 0.041668
97.922995 0.041667
97.964663 0.041668
98.006327 0.041664
98.047995 0.041668
98.089662 0.041668
98.131332 0.041669
98.172944 0.041612
98.214663 0.041719
98.256326 0.041664
98.297995 0.041668
98.339661 0.041666
98.381328 0.041667
98.422996 0.041668
98.464669 0.041673
98.506327 0.041658
98.547994 0.041667
98.589660 0.041666
98.631332 0.041672
98.672994 0.041662
98.714664 0.041670
98.756327 0.041663
98.798001 0.041673
98.839661 0.041660
98.881328 0.041668
98.922994 0.041666
98.964666 0.041672
99.006327 0.041661
99.047995 0.041668
99.089661 0.041666
99.131332 0.041671
99.172994 0.041662
99.214661 0.041667
99.256328 0.041668
99.297995 0.041666
99.339661 0.041667
99.381326 0.041665
99.422994 0.041668
99.464660 0.041667
99.506332 0.041672
99.547993 0.041661
99.589665 0.041672
99.636849 0.047183
99.673001 0.036152
99.714672 0.041671
99.756330 0.041658
99.797950 0.041620
99.843574 0.045625
99.887869 0.044295
99.922996 0.035127
99.964663 0.041667
100.009355 0.044692
100.047996 0.038642
100.089663 0.041667
100.131333 0.041670
100.173002 0.041669
100.214662 0.041660
100.256281 0.041619
100.297997 0.041716
100.339665 0.041668
100.381328 0.041663
100.422999 0.041671
100.464663 0.041664
100.506331 0.041669
100.547948 0.041617
100.599342 0.051394
100.638681 0.039338
100.674424 0.035743
100.714661 0.040238
100.756331 0.041669
100.797953 0.041623
100.839660 0.041707
100.881330 0.041669
100.922996 0.041667
100.964664 0.041668
101.006326 0.041662
101.047949 0.041623
101.089661 0.041712
101.131331 0.041670
101.172994 0.041664
101.214666 0.041671
101.256278 0.041612
101.297995 0.041717
101.339661 0.041665
101.381329 0.041668
101.422994 0.041665
101.464664 0.041670
101.506327 0.041663
101.547997 0.041670
101.589660 0.041663
101.631332 0.041672
101.672994 0.041662
101.714660 0.041666
101.756327 0.041667
101.797950 0.041623
101.839661 0.041711
101.881331 0.041670
101.922994 0.041663
101.964663 0.041669
102.006329 0.041666
102.047998 0.041669
102.089663 0.041666
102.131332 0.041669
102.172996 0.041664
102.214663 0.041667
102.256329 0.041666
102.298000 0.041671
102.339662 0.041662
102.381330 0.041668
102.422995 0.041665
102.464666 0.041671
102.506329 0.041663
102.547999 0.041670
102.589662 0.041663
102.631331 0.041669
102.672996 0.041665
102.714665 0.041669
102.756329 0.041664
102.797950 0.041621
102.839663 0.041713
102.881332 0.041669
102.922997 0.041666
102.964667 0.041669
103.006328 0.041661
103.047995 0.041667
103.089665 0.041670
103.131337 0.041673
103.172996 0.041659
103.214661 0.041665
103.256331 0.041670
103.297946 0.041615
103.339663 0.041717
103.381281 0.041618
103.422994 0.041713
103.464671 0.041677
103.506331 0.041660
103.547951 0.041620
103.589665 0.041714
103.631329 0.041665
103.672997 0.041668
103.714666 0.041669
103.756329 0.041663
103.797998 0.041669
103.839662 0.041664
103.881332 0.041670
103.922995 0.041662
103.964665 0.041671
104.006328 0.041663
104.047946 0.041617
104.089662 0.041716
104.131330 0.041668
104.172995 0.041665
104.214666 0.041671
104.256327 0.041661
104.298000 0.041673
104.339661 0.041661
104.381328 0.041668
104.422995 0.041666
104.464663 0.041668
104.506328 0.041665
104.547949 0.041621
104.589663 0.041714
104.631329 0.041666
104.672997 0.041668
104.714663 0.041666
104.756330 0.041667
104.798004 0.041674
104.839661 0.041657
104.881332 0.041671
104.922945 0.041613
104.964665 0.041720
105.006278 0.041614
105.047998 0.041720
105.089662 0.041664
105.131332 0.041670
105.172945 0.041613
105.214662 0.041717
105.256329 0.041667
105.297998 0.041669
105.339661 0.041663
105.381330 0.041669
105.422945 0.041614
105.464660 0.041716
105.506328 0.041667
105.547998 0.041670
105.589665 0.041667
105.631331 0.041666
105.672994 0.041663
105.714663 0.041669
105.756332 0.041670
105.797994 0.041662
105.839661 0.041667
105.881328 0.041667
105.922950 0.041622
105.964661 0.041712
106.006328 0.041667
106.047994 0.041666
106.089665 0.041671
106.131328 0.041662
106.172996 0.041668
106.214660 0.041665
106.256282 0.041621
106.297944 0.041662
106.339661 0.041717
106.381328 0.041666
106.422947 0.041620
106.464662 0.041714
106.506329 0.041667
106.547946 0.041617
106.589663 0.041718
106.631329 0.041665
106.672948 0.041619
106.714663 0.041715
106.756332 0.041669
106.797945 0.041613
106.839665 0.041720
106.881328 0.041663
106.922996 0.041668
106.964663 0.041667
107.006328 0.041666
107.047996 0.041668
107.089664 0.041669
107.131328 0.041663
107.172950 0.041622
107.214663 0.041713
107.256332 0.041669
107.297946 0.041614
107.339665 0.041719
107.381333 0.041667
107.422996 0.041663
107.464664 0.041668
107.506330 0.041666
107.547999 0.041669
107.589661 0.041661
107.631335 0.041674
107.672996 0.041661
107.714666 0.041670
107.756328 0.041661
107.797995 0.041667
107.839661 0.041666
107.881330 0.041669
107.922994 0.041664
107.964663 0.041668
108.006328 0.041665
108.047999 0.041672
108.089660 0.041661
108.131328 0.041668
108.172948 0.041620
108.214662 0.041714
108.256329 0.041667
108.297995 0.041666
108.339666 0.041671
108.381328 0.041662
108.422995 0.041667
108.464661 0.041667
108.506333 0.041672
108.547995 0.041662
108.589661 0.041667
108.631328 0.041666
108.672999 0.041671
108.714662 0.041663
108.756329 0.041667
108.797994 0.041666
108.839666 0.041672
108.881328 0.041661
108.922996 0.041668
108.964661 0.041665
109.006331 0.041670
109.047948 0.041617
109.089661 0.041713
109.131329 0.041668
109.172948 0.041619
109.214662 0.041714
109.256328 0.041666
109.297998 0.041670
109.339662 0.041664
109.381327 0.041666
109.422995 0.041667
109.464662 0.041667
109.506331 0.041670
109.547945 0.041614
109.589666 0.041721
109.631328 0.041662
109.672996 0.041668
109.714663 0.041667
109.756327 0.041664
109.797999 0.041672
109.839660 0.041661
109.881333 0.041673
109.922994 0.041662
109.964663 0.041669
110.006326 0.041662
110.047952 0.041626
110.089663 0.041711
110.131326 0.041663
110.172995 0.041669
110.214660 0.041665
110.256332 0.041672
110.297993 0.041662
110.339662 0.041669
110.381327 0.041665
110.422999 0.041672
110.464660 0.041661
110.506329 0.041669
110.547994 0.041665
110.589664 0.041670
110.631327 0.041662
110.672996 0.041669
110.714660 0.041665
110.756329 0.041669
110.797994 0.041664
110.839663 0.041669
110.881327 0.041664
110.922998 0.041671
110.964659 0.041661
111.006328 0.041669
111.047995 0.041667
111.089663 0.041668
111.131326 0.041664
111.172946 0.041620
111.214660 0.041714
111.256278 0.041618
111.297943 0.041665
111.339662 0.041718
111.381326 0.041665
111.422994 0.041668
111.464660 0.041666
111.506335 0.041675
111.547943 0.041609
111.589661 0.041717
111.631327 0.041666
111.673001 0.041675
111.714661 0.041660
111.756327 0.041666
111.797994 0.041667
111.839662 0.041668
111.881327 0.041665
111.922945 0.041618
111.964659 0.041715
112.006329 0.041670
112.047944 0.041614
112.089662 0.041718
112.131327 0.041665
112.172945 0.041619
112.214660 0.041715
112.256327 0.041666
112.297994 0.041667
112.339662 0.041669
112.381326 0.041664
112.422997 0.041671
112.464661 0.041663
112.506330 0.041669
112.547994 0.041664
112.589661 0.041667
112.631327 0.041665
112.672997 0.041671
112.714660 0.041663
112.756329 0.041669
112.797993 0.041664
112.839664 0.041671
112.881327 0.041663
112.922995 0.041668
112.964660 0.041665
113.006327 0.041667
113.047995 0.041668
113.089661 0.041665
113.131335 0.041674
113.172944 0.041609
113.214660 0.041717
113.256327 0.041667
113.297995 0.041668
113.339661 0.041666
113.381327 0.041666
113.422993 0.041666
113.464660 0.041667
113.506327 0.041667
113.547993 0.041666
113.589662 0.041669
113.631327 0.041664
113.672996 0.041670
113.714663 0.041667
113.756331 0.041667
113.797947 0.041617
113.839674 0.041727
113.881330 0.041656
113.922999 0.041669
113.968542 0.045543
114.006331 0.037789
114.072240 0.065909
114.106307 0.034067
114.148205 0.041898
114.192642 0.044438
114.244214 0.051571
114.298768 0.054555
114.339660 0.040891
114.381330 0.041670
114.422994 0.041664
114.464669 0.041676
114.506330 0.041661
114.547992 0.041662
114.589662 0.041670
114.631326 0.041663
114.672997 0.041672
114.714662 0.041664
114.756281 0.041619
114.797993 0.041712
114.839666 0.041673
114.881327 0.041661
114.922997 0.041670
114.964660 0.041663
115.006330 0.041671
115.047995 0.041664
115.089664 0.041670
115.131327 0.041663
115.172998 0.041671
115.214659 0.041661
115.256330 0.041671
115.297993 0.041663
115.339663 0.041670
115.381327 0.041664
115.422997 0.041670
115.464661 0.041664
115.506328 0.041667
115.547993 0.041665
115.589661 0.041669
115.631326 0.041664
115.672998 0.041672
115.714659 0.041661
115.756328 0.041669
115.797993 0.041665
115.839665 0.041672
115.881328 0.041664
115.922993 0.041665
115.964663 0.041670
116.006329 0.041666
116.047997 0.041668
116.089660 0.041663
116.131330 0.041670
116.173001 0.041671
116.214661 0.041661
116.256277 0.041616
116.297994 0.041716
116.339664 0.041670
116.381328 0.041664
116.422994 0.041667
116.464663 0.041669
116.506327 0.041664
116.547996 0.041669
116.589661 0.041664
116.631327 0.041666
116.672993 0.041667
116.714667 0.041673
116.756326 0.041660
116.797999 0.041672
116.839661 0.041662
116.881327 0.041666
116.923003 0.041676
116.964669 0.041666
117.006327 0.041658
117.047995 0.041668
117.089660 0.041665
117.131332 0.041672
117.172994 0.041662
117.214660 0.041666
117.256331 0.041671
117.298005 0.041674
117.339660 0.041656
117.381327 0.041667
117.422997 0.041669
117.464668 0.041672
117.506329 0.041661
117.547993 0.041665
117.589663 0.041669
117.631287 0.041624
117.673000 0.041714
117.714660 0.041660
117.756328 0.041668
117.798002 0.041674
117.839667 0.041665
117.881326 0.041659
117.922995 0.041668
117.964670 0.041675
118.006329 0.041659
118.047993 0.041664
118.089661 0.041668
118.131329 0.041668
118.172944 0.041616
118.214660 0.041716
118.256330 0.041670
118.297998 0.041667
118.339661 0.041663
118.381327 0.041666
118.422997 0.041670
118.464662 0.041665
118.506327 0.041665
118.547994 0.041667
118.589669 0.041675
118.631330 0.041661
118.672944 0.041614
118.714664 0.041720
118.756331 0.041668
118.797995 0.041664
118.839660 0.041665
118.881327 0.041666
118.922999 0.041673
118.964662 0.041662
119.006327 0.041665
119.047995 0.041668
119.089660 0.041665
119.131327 0.041667
119.172944 0.041616
119.214660 0.041717
119.256276 0.041616
119.297999 0.041723
119.339661 0.041662
119.381327 0.041667
119.422994 0.041666
119.464666 0.041672
119.506327 0.041661
119.547995 0.041668
119.589661 0.041666
119.631335 0.041675
119.672994 0.041658
119.714660 0.041666
119.756277 0.041616
119.797952 0.041675
119.839660 0.041708
119.881330 0.041670
119.922994 0.041664
119.964666 0.041672
120.006327 0.041661
120.047994 0.041667
120.089659 0.041665
120.131334 0.041675
120.172994 0.041659
120.214663 0.041670
120.256327 0.041664
120.298001 0.041674
120.339660 0.041659
120.381330 0.041670
120.422992 0.041662
120.464668 0.041677
120.506329 0.041660
120.547993 0.041664
120.589666 0.041673
120.631327 0.041661
120.672944 0.041618
120.714660 0.041716
120.756328 0.041668
120.797997 0.041668
120.839666 0.041669
120.881276 0.041611
120.922993 0.041717
120.964659 0.041666
121.006334 0.041675
121.047994 0.041660
121.089660 0.041666
121.131328 0.041667
121.173000 0.041673
121.214660 0.041660
121.256328 0.041668
121.297999 0.041671
121.339660 0.041661
121.381328 0.041668
121.422997 0.041669
121.464660 0.041663
121.506335 0.041674
121.547994 0.041659
121.589660 0.041666
121.631326 0.041666
121.673000 0.041674
121.714660 0.041660
121.756327 0.041666
121.797946 0.041619
121.839661 0.041715
121.881331 0.041671
121.922994 0.041663
121.964665 0.041671
122.006329 0.041664
122.047995 0.041667
122.089661 0.041665
122.131327 0.041666
122.172995 0.041668
122.214665 0.041670
122.256327 0.041662
122.297993 0.041666
122.339660 0.041666
122.381336 0.041676
122.422994 0.041658
122.464660 0.041666
122.506326 0.041666
122.547999 0.041673
122.589660 0.041661
122.631327 0.041666
122.672944 0.041617
122.714666 0.041722
122.756327 0.041662
122.797993 0.041666
122.839661 0.041668
122.881333 0.041672
122.922993 0.041661
122.964661 0.041667
123.006326 0.041666
123.048000 0.041674
123.089661 0.041661
123.131332 0.041670
123.172994 0.041662
123.214666 0.041672
123.256329 0.041663
123.297949 0.041620
123.339660 0.041711
123.381333 0.041673
123.422994 0.041660
123.464660 0.041666
123.506328 0.041668
123.547999 0.041672
123.589661 0.041661
123.631331 0.041670
123.672994 0.041663
123.714666 0.041673
123.756330 0.041663
123.797998 0.041668
123.839662 0.041664
123.881333 0.041671
123.922994 0.041661
123.964665 0.041671
124.006327 0.041662
124.048000 0.041673
124.089661 0.041660
124.131332 0.041672
124.172994 0.041662
124.214670 0.041676
124.256327 0.041657
124.297994 0.041667
124.339661 0.041667
124.381327 0.041666
124.422994 0.041667
124.464660 0.041666
124.506326 0.041667
124.547993 0.041667
124.589661 0.041668
124.631327 0.041666
124.672994 0.041667
124.714660 0.041666
124.756327 0.041667
124.797993 0.041666
124.839662 0.041669
124.881327 0.041665
124.922994 0.041667
124.964660 0.041667
125.006328 0.041668
125.047995 0.041667
125.089660 0.041665
125.131330 0.041670
125.172994 0.041663
125.214660 0.041666
125.256327 0.041667
125.297996 0.041669
125.339661 0.041665
125.381326 0.041666
125.422994 0.041668
125.464660 0.041666
125.506327 0.041667
125.547997 0.041671
125.589661 0.041663
125.631326 0.041666
125.672996 0.041670
125.714663 0.041666
125.756329 0.041666
125.798005 0.041676
125.839665 0.041660
125.881331 0.041666
125.922994 0.041663
125.964662 0.041668
126.006331 0.041668
126.047993 0.041662
126.089661 0.041668
126.131327 0.041666
126.172994 0.041668
126.214664 0.041670
126.256334 0.041670
126.298011 0.041676
126.339676 0.041666
126.381344 0.041668
126.422999 0.041655
126.464672 0.041673
126.506332 0.041660
126.558507 0.052174
126.597954 0.039448
126.631340 0.033386
126.708241 0.076901
126.758423 0.050182
126.798394 0.039971
126.839672 0.041278
126.881331 0.041659
126.922997 0.041666
126.964664 0.041667
127.006707 0.042043
127.065549 0.058842
127.106495 0.040946
127.136212 0.029717
127.173002 0.036790
127.224397 0.051395
127.256332 0.031935
127.297997 0.041665
127.339665 0.041668
127.381334 0.041669
127.423728 0.042394
127.464666 0.040938
127.506336 0.041670
127.548000 0.041664
127.594892 0.046893
127.631334 0.036441
127.672997 0.041664
127.714669 0.041671
127.756330 0.041661
127.797997 0.041668
127.839662 0.041665
127.881327 0.041665
127.922993 0.041666
127.964661 0.041668
128.006331 0.041670
128.047994 0.041663
128.089660 0.041666
128.131326 0.041667
128.172998 0.041671
128.214661 0.041663
128.256326 0.041665
128.297945 0.041618
128.339660 0.041716
128.381327 0.041667
128.422994 0.041667
128.464660 0.041666
128.506327 0.041667
128.547993 0.041667
128.589660 0.041667
128.631330 0.041669
128.672994 0.041664
128.714668 0.041674
128.756329 0.041661
128.797997 0.041668
128.839661 0.041663
128.881332 0.041671
128.922993 0.041661
128.964664 0.041670
129.006327 0.041663
129.047994 0.041667
129.089660 0.041667
129.131330 0.041670
129.172994 0.041663
129.214660 0.041666
129.256327 0.041667
129.297996 0.041669
129.339660 0.041664
129.381328 0.041668
129.422995 0.041668
129.464661 0.041665
129.506333 0.041672
129.547994 0.041661
129.589663 0.041669
129.631328 0.041666
129.672994 0.041666
129.714661 0.041666
129.756330 0.041670
129.797999 0.041669
129.839659 0.041660
129.881329 0.041669
129.922998 0.041669
129.964664 0.041666
130.006331 0.041667
130.048000 0.041669
130.089663 0.041663
130.131332 0.041669
130.172996 0.041665
130.214665 0.041669
130.256329 0.041664
130.297999 0.041670
130.339663 0.041664
130.381329 0.041667
130.422943 0.041614
130.464663 0.041720
130.506327 0.041663
130.547993 0.041666
130.589661 0.041668
130.631328 0.041666
130.672995 0.041667
130.714660 0.041665
130.756706 0.042046
130.797998 0.041292
130.839664 0.041666
130.881327 0.041663
130.922949 0.041622
130.964662 0.041713
131.006331 0.041669
131.047997 0.041666
131.089667 0.041670
131.131327 0.041660
131.172999 0.041672
131.214660 0.041661
131.256331 0.041670
131.297999 0.041668
131.339666 0.041668
131.381327 0.041661
131.422994 0.041667
131.464663 0.041670
131.506328 0.041664
131.547996 0.041668
131.589664 0.041668
131.631330 0.041665
131.673000 0.041671
131.723901 0.050901
131.795563 0.071662
131.839662 0.044098
131.883750 0.044089
131.923009 0.039258
131.966348 0.043340
132.006298 0.039949
132.055846 0.049549
132.089666 0.033820
132.141373 0.051707
132.173004 0.031630
132.216178 0.043174
132.256516 0.040338
132.304562 0.048046
132.339670 0.035108
132.381336 0.041667
132.422951 0.041615
132.464663 0.041712
132.506328 0.041664
132.547997 0.041669
132.589667 0.041670
132.631326 0.041659
132.672946 0.041620
132.714660 0.041714
132.756333 0.041673
132.797993 0.041660
132.839662 0.041668
132.881327 0.041666
132.922999 0.041672
132.964660 0.041661
133.006329 0.041668
133.047994 0.041665
133.089665 0.041671
133.131329 0.041664
133.172993 0.041664
133.214662 0.041669
133.256327 0.041665
133.297999 0.041672
133.339660 0.041662
133.381329 0.041668
133.422993 0.041665
133.464662 0.041669
133.506326 0.041664
133.547998 0.041672
133.589660 0.041662
133.631333 0.041673
133.672945 0.041611
133.714661 0.041716
133.756327 0.041666
133.797997 0.041670
133.839661 0.041663
133.881327 0.041667
133.922998 0.041671
133.964660 0.041662
134.006327 0.041667
134.047993 0.041666
134.089661 0.041668
134.131326 0.041665
134.172995 0.041668
134.214662 0.041667
134.256328 0.041666
134.297995 0.041667
134.339664 0.041669
134.381327 0.041663
134.422998 0.041671
134.464661 0.041663
134.506328 0.041667
134.547999 0.041671
134.589660 0.041662
134.631327 0.041667
134.672994 0.041666
134.714666 0.041672
134.756327 0.041661
134.797999 0.041672
134.839661 0.041662
134.881332 0.041671
134.922993 0.041661
134.964661 0.041668
135.006327 0.041666
135.047994 0.041667
135.089660 0.041665
135.131328 0.041668
135.172994 0.041665
135.214665 0.041671
135.256328 0.041663
135.297997 0.041669
135.339661 0.041663
135.381327 0.041667
135.422993 0.041666
135.464661 0.041668
135.506327 0.041666
135.547994 0.041667
135.589660 0.041667
135.631330 0.041670
135.672944 0.041614
135.714662 0.041718
135.756327 0.041665
135.797997 0.041670
135.839660 0.041663
135.881328 0.041667
135.922994 0.041666
135.964665 0.041671
136.006327 0.041661
136.047994 0.041668
136.089661 0.041667
136.131331 0.041670
136.172994 0.041662
136.214661 0.041667
136.256327 0.041666
136.297947 0.041620
136.339662 0.041715
136.381330 0.041667
136.422944 0.041615
136.464663 0.041718
136.506327 0.041665
136.547995 0.041667
136.589661 0.041666
136.631328 0.041667
136.672944 0.041617
136.714661 0.041717
136.756327 0.041666
136.797996 0.041669
136.839660 0.041664
136.881329 0.041669
136.922994 0.041665
136.964664 0.041670
137.006326 0.041662
137.047998 0.041672
137.089660 0.041662
137.131327 0.041667
137.172994 0.041667
137.214664 0.041670
137.256327 0.041663
137.297996 0.041669
137.339662 0.041666
137.381327 0.041665
137.422994 0.041666
137.464661 0.041667
137.506329 0.041668
137.547993 0.041664
137.589661 0.041668
137.631326 0.041665
137.673001 0.041674
137.714660 0.041660
137.756328 0.041668
137.797994 0.041666
137.839665 0.041671
137.881327 0.041662
137.923000 0.041673
137.964661 0.041661
138.006327 0.041667
138.047993 0.041666
138.089662 0.041669
138.131327 0.041665
138.172946 0.041619
138.214661 0.041715
138.256330 0.041669
138.297996 0.041665
138.339665 0.041669
138.381326 0.041661
138.422999 0.041672
138.464662 0.041663
138.506327 0.041666
138.547997 0.041669
138.589662 0.041665
138.631284 0.041622
138.672994 0.041710
138.714664 0.041670
138.756328 0.041664
138.797945 0.041617
138.839661 0.041716
138.881332 0.041672
138.922995 0.041662
138.964665 0.041670
139.006326 0.041661
139.047997 0.041671
139.089662 0.041665
139.131331 0.041669
139.172944 0.041612
139.214661 0.041718
139.256332 0.041671
139.297994 0.041662
139.339666 0.041672
139.381326 0.041660
139.422999 0.041672
139.464662 0.041664
139.506328 0.041666
139.547943 0.041615
139.589668 0.041725
139.631329 0.041661
139.672948 0.041620
139.714661 0.041712
139.756332 0.041671
139.797945 0.041613
139.839665 0.041719
139.881326 0.041662
139.923000 0.041674
139.964662 0.041662
140.006330 0.041668
140.047993 0.041663
140.089666 0.041673
140.131327 0.041661
140.172949 0.041622
140.214660 0.041712
140.256332 0.041672
140.297995 0.041663
140.339665 0.041670
140.381327 0.041662
140.422998 0.041671
140.464661 0.041663
140.506327 0.041666
140.547997 0.041670
140.589660 0.041663
140.631331 0.041670
140.672999 0.041668
140.714669 0.041670
140.756329 0.041660
140.798006 0.041677
140.839666 0.041660
140.881330 0.041664
140.922947 0.041617
140.964663 0.041716
141.006329 0.041666
141.047999 0.041671
141.089665 0.041666
141.131335 0.041670
141.172996 0.041661
141.214662 0.041667
141.256278 0.041615
141.297947 0.041669
141.339660 0.041713
141.381327 0.041668
141.422995 0.041668
141.464659 0.041664
141.506328 0.041669
141.547993 0.041665
141.589663 0.041671
141.631326 0.041663
141.672996 0.041670
141.714660 0.041664
141.756328 0.041668
141.797993 0.041665
141.839663 0.041670
141.881327 0.041664
141.922945 0.041618
141.964659 0.041714
142.006329 0.041670
142.047993 0.041665
142.089661 0.041667
142.131326 0.041665
142.172993 0.041667
142.214664 0.041671
142.256330 0.041666
142.297994 0.041664
142.339662 0.041668
142.381327 0.041665
142.422996 0.041669
142.464666 0.041670
142.569050 0.104384
142.613165 0.044116
142.673008 0.059843
142.714663 0.041655
142.756330 0.041667
142.797999 0.041669
142.846596 0.048598
142.881329 0.034733
142.922947 0.041618
142.964663 0.041716
143.006336 0.041673
143.047949 0.041613
143.089659 0.041711
143.131327 0.041668
143.180889 0.049562
143.214662 0.033772
143.256336 0.041674
143.297996 0.041660
143.339669 0.041674
143.381329 0.041660
143.422993 0.041664
143.464661 0.041668
143.506332 0.041671
143.547993 0.041661
143.589662 0.041668
143.631329 0.041668
143.672945 0.041615
143.714663 0.041718
143.756333 0.041670
143.797995 0.041661
143.839666 0.041671
143.881327 0.041661
143.923000 0.041673
143.964661 0.041661
144.006331 0.041670
144.047994 0.041663
144.089665 0.041670
144.131328 0.041663
144.172998 0.041670
144.214662 0.041663
144.256331 0.041669
144.297995 0.041664
144.339667 0.041672
144.381327 0.041660
144.422997 0.041670
144.464661 0.041665
144.506332 0.041671
144.547995 0.041663
144.589665 0.041670
144.631327 0.041662
144.672999 0.041672
144.714660 0.041661
144.756330 0.041670
144.797944 0.041613
144.839663 0.041720
144.881328 0.041665
144.922943 0.041615
144.964662 0.041719
145.006330 0.041668
145.047995 0.041665
145.089663 0.041668
145.131328 0.041665
145.172997 0.041669
145.214660 0.041663
145.256329 0.041668
145.297998 0.041670
145.339660 0.041662
145.381332 0.041672
145.422994 0.041662
145.464661 0.041667
145.506326 0.041665
145.547995 0.041669
145.589660 0.041665
145.631327 0.041667
145.672944 0.041616
145.714662 0.041718
145.756326 0.041665
145.797994 0.041667
145.839659 0.041665
145.881327 0.041668
145.922994 0.041667
145.964662 0.041668
146.006327 0.041665
146.047994 0.041667
146.089660 0.041666
146.131328 0.041668
146.172995 0.041667
146.214662 0.041667
146.256329 0.041667
146.297994 0.041665
146.339660 0.041666
146.381327 0.041667
146.422944 0.041617
146.464662 0.041718
146.506326 0.041664
146.547997 0.041671
146.589661 0.041664
146.631328 0.041666
146.672944 0.041616
146.714661 0.041717
146.756326 0.041665
146.797998 0.041672
146.839660 0.041663
146.881327 0.041667
146.922997 0.041669
146.964660 0.041663
147.006327 0.041667
147.047944 0.041616
147.089660 0.041717
147.131328 0.041668
147.172943 0.041615
147.214665 0.041722
147.256331 0.041666
147.297994 0.041663
147.339662 0.041668
147.388400 0.048738
147.423002 0.034601
147.477385 0.054383
147.517780 0.040395
147.547998 0.030219
147.589663 0.041665
147.631327 0.041663
147.673002 0.041675
147.714662 0.041660
147.756331 0.041669
147.797995 0.041664
147.839660 0.041665
147.881328 0.041668
147.922943 0.041616
147.964662 0.041719
148.006326 0.041664
148.047944 0.041618
148.089659 0.041715
148.131332 0.041672
148.172993 0.041662
148.214664 0.041671
148.256326 0.041662
148.298000 0.041673
148.339662 0.041662
148.381327 0.041666
148.422994 0.041666
148.464660 0.041667
148.506326 0.041666
148.547999 0.041672
148.589660 0.041661
148.631330 0.041670
148.672993 0.041663
148.714666 0.041673
148.756329 0.041663
148.797997 0.041668
148.839660 0.041663
148.881332 0.041672
148.922944 0.041612
148.964664 0.041720
149.006326 0.041662
149.047999 0.041673
149.089662 0.041662
149.131331 0.041669
149.172943 0.041612
149.214666 0.041722
149.256328 0.041662
149.297948 0.041620
149.339660 0.041711
149.381332 0.041673
149.422997 0.041664
149.464668 0.041672
149.506327 0.041658
149.548000 0.041673
149.589664 0.041664
149.631334 0.041670
149.672944 0.041610
149.714668 0.041724
149.756329 0.041661
149.797998 0.041669
149.839660 0.041663
149.881332 0.041671
149.922997 0.041665
149.964663 0.041666
150.006327 0.041664
150.048000 0.041673
150.089662 0.041662
150.131332 0.041670
150.172993 0.041662
150.214667 0.041673
150.256329 0.041662
150.297998 0.041669
150.339660 0.041662
150.381332 0.041672
150.422994 0.041662
150.464660 0.041666
150.506330 0.041670
150.547995 0.041666
150.589666 0.041670
150.631327 0.041661
150.672999 0.041672
150.714660 0.041661
150.756331 0.041671
150.797993 0.041662
150.839664 0.041671
150.881329 0.041664
150.922998 0.041669
150.964660 0.041662
151.006330 0.041670
151.047994 0.041664
151.089665 0.041671
151.131326 0.041661
151.172947 0.041620
151.214660 0.041713
151.256332 0.041672
151.297994 0.041662
151.339663 0.041669
151.381329 0.041665
151.422997 0.041669
151.464661 0.041663
151.506330 0.041670
151.547994 0.041663
151.589664 0.041670
151.631334 0.041670
151.672994 0.041660
151.714665 0.041671
151.756331 0.041666
151.797997 0.041666
151.839664 0.041667
151.881326 0.041662
151.922995 0.041669
151.964664 0.041669
152.006327 0.041662
152.047994 0.041667
152.089663 0.041670
152.131326 0.041663
152.172998 0.041672
152.214666 0.041668
152.256334 0.041668
152.298000 0.041666
152.339660 0.041660
152.381327 0.041667
152.422994 0.041667
152.464664 0.041670
152.506333 0.041670
152.548001 0.041668
152.589668 0.041666
152.631327 0.041659
152.672994 0.041667
152.714662 0.041668
152.756327 0.041666
152.797945 0.041617
152.839664 0.041720
152.881331 0.041666
152.922996 0.041665
152.964660 0.041664
153.006329 0.041669
153.047996 0.041667
153.089662 0.041666
153.131330 0.041668
153.172947 0.041617
153.214664 0.041717
153.256330 0.041666
153.297994 0.041664
153.339664 0.041670
153.381331 0.041667
153.422997 0.041667
153.464663 0.041666
153.506331 0.041668
153.547994 0.041662
153.589661 0.041667
153.631331 0.041670
153.672995 0.041664
153.714664 0.041669
153.756331 0.041666
153.797945 0.041614
153.839663 0.041718
153.881327 0.041663
153.922950 0.041623
153.964663 0.041713
154.006331 0.041668
154.047997 0.041666
154.089665 0.041668
154.131327 0.041662
154.173000 0.041673
154.214668 0.041668
154.256335 0.041667
154.298001 0.041666
154.339660 0.041659
154.381327 0.041667
154.422994 0.041667
154.464661 0.041667
154.506328 0.041667
154.547997 0.041669
154.589660 0.041663
154.631331 0.041671
154.672995 0.041664
154.714661 0.041667
154.756328 0.041666
154.797993 0.041666
154.839660 0.041667
154.881329 0.041669
154.922994 0.041665
154.964665 0.041670
155.006328 0.041664
155.047993 0.041665
155.089664 0.041671
155.131328 0.041664
155.172947 0.041619
155.214660 0.041713
155.256281 0.041621
155.297998 0.041717
155.339660 0.041663
155.381328 0.041667
155.422994 0.041667
155.464668 0.041673
155.506335 0.041667
155.547994 0.041659
155.589660 0.041667
155.631328 0.041668
155.672996 0.041669
155.714661 0.041665
155.756331 0.041670
155.797994 0.041664
155.839664 0.041669
155.881327 0.041663
155.922997 0.041670
155.964660 0.041663
156.006331 0.041671
156.047995 0.041664
156.089664 0.041670
156.131330 0.041666
156.172948 0.041618
156.214663 0.041715
156.256328 0.041665
156.297994 0.041666
156.339665 0.041670
156.381333 0.041669
156.422944 0.041610
156.464666 0.041723
156.506333 0.041667
156.547999 0.041667
156.589659 0.041660
156.631326 0.041667
156.672996 0.041670
156.714664 0.041668
