0.002708
0.001064
0.001181
0.001346
0.001186
0.001186
0.001484
0.001414
0.001351
0.001157
0.001317
0.001552
0.001231
0.001234
0.001327
0.001959
0.002270
0.001713
0.001111
0.001278
0.001378
0.001773
0.001523
0.001134
0.001225
0.001464
0.001628
0.001344
0.001369
0.001308
0.001292
0.001511
0.001611
0.001157
0.001271
0.001406
0.001597
0.001425
0.001405
0.001222
0.001513
0.001239
0.001484
0.001258
0.001649
0.001458
0.001160
0.001792
0.001267
0.001434
0.001150
0.001838
0.001233
0.001592
0.001264
0.001393
0.001611
0.001420
0.001419
0.001482
0.001498
0.001415
0.001554
0.001491
0.001604
0.001303
0.001678
0.001637
0.001626
0.001439
0.001500
0.001510
0.001617
0.001494
0.001513
0.001401
0.001452
0.001645
0.001385
0.001443
0.001419
0.001727
0.001458
0.001539
0.001205
0.001476
0.001405
0.001415
0.001457
0.001504
0.001370
0.001401
0.001465
0.001656
0.001339
0.001303
0.001624
0.001398
0.001374
0.001245
0.001844
0.001417
0.001516
0.001484
0.001348
0.001396
0.001410
0.001578
0.001365
0.001306
0.001435
0.001610
0.001592
0.001303
0.001273
0.001729
0.001918
0.001254
0.001419
0.001729
0.001736
0.001448
0.001302
0.001796
0.001798
0.001471
0.001515
0.001684
0.001327
0.001516
0.002170
0.001330
0.001325
0.001388
0.001458
0.001755
0.001493
0.001305
0.001851
0.001592
0.001544
0.001276
0.001545
0.001461
0.001492
0.002031
0.001373
0.001351
0.001459
0.001888
0.001463
0.001514
0.001354
0.002111
0.001371
0.001346
0.001516
0.001380
0.002009
0.001619
0.001402
0.001476
0.001658
0.001450
0.001968
0.001348
0.001237
0.001611
0.001981
0.001451
0.001389
0.001408
0.001922
0.001573
0.001437
0.001457
0.001887
0.001795
0.001600
0.001489
0.001623
0.001527
0.001736
0.001901
0.001701
0.001338
0.001753
0.002054
0.001621
0.001358
0.001627
0.001969
0.001943
0.001608
0.001692
0.001743
0.001692
0.001660
0.001960
0.001742
0.001825
0.001907
0.002109
0.001591
0.001670
0.001733
0.002206
0.001905
0.001510
0.001773
0.001993
0.002010
0.001941
0.001587
0.001811
0.001839
0.002023
0.001928
0.001626
0.001684
0.001780
0.002228
0.001654
0.001801
0.001754
0.001917
0.001985
0.001858
0.001676
0.002185
0.001702
0.002020
0.001702
0.002125
0.001645
0.001943
0.002011
0.001860
0.001710
0.001936
0.002165
0.001965
0.001779
0.001766
0.002067
0.001879
0.002040
0.002054
0.002257
0.001909
0.001940
0.001961
0.001806
0.001849
0.002361
0.002054
0.001698
0.001926
0.001891
0.002489
0.002021
0.001883
0.001991
0.002137
0.002018
0.002163
0.002088
0.002297
0.001835
0.002119
0.002348
0.001973
0.002025
0.002233
0.002384
0.001910
0.002076
0.002016
0.002390
0.002466
0.002210
0.002671
0.002917
0.002764
0.002703
0.002729
0.002431
0.002356
0.002261
0.002697
0.002444
0.002540
0.001910
0.002335
0.002350
0.002000
0.002018
0.002491
0.002100
0.001922
0.002118
0.002021
0.002105
0.002369
0.002168
0.002031
0.001872
0.002039
0.002508
0.001979
0.002107
0.001890
0.002265
0.002010
0.002221
0.002099
0.001844
0.001938
0.002182
0.002082
0.001917
0.002147
0.001888
0.002346
0.001989
0.002038
0.002455
0.002226
0.002021
0.002136
0.001966
0.002057
0.001935
0.002310
0.002130
0.001985
0.001902
0.002073
0.002184
0.001949
0.002046
0.002027
0.002067
0.002102
0.001998
0.001920
0.002049
0.002114
0.002076
0.002026
0.001831
0.002137
0.002176
0.001921
0.002085
0.001910
0.002112
0.002377
0.002129
0.001915
0.002285
0.002094
0.002195
0.001992
0.001922
0.002224
0.002175
0.002341
0.002138
0.002085
0.002136
0.002439
0.002018
0.002091
0.002022
0.002228
0.002429
0.001977
0.002270
0.002126
0.002086
0.002273
0.002159
0.002231
0.002075
0.002121
0.002462
0.002358
0.002038
0.002096
0.002230
0.002338
0.002135
0.002127
0.002137
0.002135
0.002600
0.002194
0.001993
0.002090
0.002052
0.002319
0.002316
0.002130
0.002151
0.002264
0.002341
0.002008
0.002228
0.002151
0.002115
0.002243
0.002522
0.002134
0.002150
0.002120
0.002545
0.002225
0.002152
0.002275
0.002192
0.002370
0.002323
0.002182
0.002039
0.002383
0.002341
0.002159
0.002153
0.002112
0.002285
0.002401
0.002316
0.002154
0.002283
0.002136
0.002445
0.002246
0.002193
0.002192
0.002211
0.002401
0.002301
0.002101
0.002276
0.002143
0.002511
0.002500
0.002164
0.002226
0.002189
0.002434
0.002253
0.002230
0.002212
0.002344
0.002259
0.002440
0.002215
0.002225
0.002163
0.002652
0.002434
0.002209
0.002402
0.002368
0.002420
0.002334
0.002366
0.002228
0.002399
0.002373
0.002482
0.002238
0.002259
0.002343
0.002537
0.002216
0.002333
0.002316
0.002389
0.002324
0.002195
0.002465
0.002211
0.002667
0.002379
0.002255
0.002453
0.002652
0.002529
0.002241
0.002412
0.002775
0.002514
0.002523
0.002653
0.002603
0.002482
0.002579
0.002563
0.002418
0.002655
0.002636
0.002709
0.002293
0.002584
0.002732
0.002483
0.002620
0.002539
0.002601
0.002746
0.002356
0.002547
0.002709
0.002581
0.002619
0.002635
0.002737
0.002470
0.002544
0.002621
0.002885
0.002355
0.002587
0.002631
0.002581
0.002694
0.002504
0.002572
0.002744
0.002640
0.002875
0.002566
0.002589
0.002611
0.002831
0.002647
0.002439
0.002591
0.002683
0.002640
0.002626
0.002581
0.002455
0.002772
0.002753
0.002701
0.002592
0.002604
0.002623
0.002725
0.002796
0.002509
0.002717
0.002714
0.002865
0.002563
0.002734
0.002728
0.002659
0.002752
0.002715
0.002794
0.002840
0.002626
0.002891
0.002661
0.002638
0.002794
0.002648
0.002969
0.002722
0.002628
0.002834
0.003143
0.003146
0.002586
0.002835
0.002931
0.002580
0.002912
0.002905
0.002813
0.002667
0.002749
0.003052
0.002652
0.002897
0.002974
0.002812
0.002760
0.002906
0.002867
0.002942
0.002741
0.002835
0.002940
0.002970
0.002840
0.002884
0.003034
0.002769
0.002813
0.002962
0.003076
0.002649
0.002726
0.002838
0.002908
0.002979
0.002746
0.002785
0.002920
0.002780
0.002952
0.002714
0.002859
0.002857
0.002805
0.003090
0.002783
0.002813
0.002876
0.002942
0.002736
0.002869
0.002759
0.002865
0.002882
0.002879
0.002730
0.002918
0.002641
0.002971
0.002821
0.002871
0.002844
0.002917
0.002943
0.002890
0.002761
0.002885
0.002984
0.002893
0.002770
0.002758
0.002858
0.002858
0.002750
0.002761
0.002899
0.002746
0.002910
0.002894
0.002838
0.002799
0.002812
0.002985
0.002821
0.002655
0.002862
0.002944
0.002743
0.002869
0.002843
0.002884
0.002834
0.002868
0.002842
0.002755
0.002746
0.002932
0.002898
0.002773
0.002885
0.002816
0.002941
0.002765
0.002836
0.002942
0.002953
