0.008160
0.003371
0.004910
0.004898
0.004830
0.004159
0.003632
0.004864
0.004824
0.004828
0.004797
0.004802
0.004868
0.004215
0.004846
0.003658
0.005019
0.004849
0.004856
0.004849
0.004906
0.004827
0.004146
0.004838
0.003639
0.004915
0.004815
0.004887
0.004818
0.004827
0.004823
0.004158
0.004898
0.003633
0.004910
0.004826
0.004837
0.004819
0.004899
0.004879
0.004186
0.004880
0.003641
0.004936
0.004883
0.004819
0.004809
0.004816
0.004826
0.004248
0.004808
0.003640
0.004905
0.004824
0.004833
0.004899
0.004832
0.004822
0.004173
0.004821
0.003644
0.004946
0.004910
0.004855
0.004847
0.004844
0.004910
0.004144
0.004842
0.003633
0.004925
0.004821
0.004832
0.004888
0.004801
0.004821
0.004180
0.004790
0.004038
0.003037
0.003245
0.003212
0.003191
0.002884
0.004907
0.004167
0.004851
0.003615
0.004918
0.004796
0.004799
0.004883
0.004864
0.004800
0.004157
0.004791
0.003628
0.004959
0.004803
0.004823
0.004821
0.004813
0.004869
0.004150
0.004803
0.003834
0.004259
0.004187
0.004020
0.006082
0.012950
0.009938
0.007122
0.006065
0.016773
0.006913
0.016662
0.020654
0.007180
0.026402
0.008163
0.007841
0.018432
0.023610
0.018414
0.023659
0.007157
0.022805
0.007952
0.008939
0.024368
0.011531
0.007121
0.006695
0.018944
0.006778
0.014481
0.021664
0.012114
0.009057
0.009562
0.026132
0.012797
0.008532
0.009003
0.022072
0.010153
0.010144
0.018472
0.006779
0.022051
0.010743
0.008324
0.007083
0.021323
0.013054
0.007303
0.009385
0.016718
0.013328
0.008306
0.007277
0.010989
0.014631
0.009428
0.026695
0.017374
0.015514
0.011326
0.011933
0.019365
0.015956
0.012062
0.011766
0.016278
0.012166
0.011573
0.016095
0.012090
0.009658
0.009837
0.013454
0.011836
0.014788
0.012067
0.014420
0.011916
0.009609
0.013922
0.010838
0.009493
0.010669
0.009279
0.010299
0.009314
0.010414
0.009178
0.009397
0.012416
0.009806
0.011886
0.012299
0.009917
0.011425
0.009357
0.010700
0.010729
0.010158
0.010411
0.011362
0.010576
0.011960
0.010026
0.010295
0.010161
0.011466
0.009304
0.009983
0.009049
0.012643
0.015962
0.013486
0.015315
0.016154
0.012586
0.018340
0.015287
0.013320
0.017279
0.016882
0.012544
0.013436
0.014633
0.016294
0.012196
0.016640
0.016547
0.014979
0.017822
0.015315
0.014219
0.017464
0.015243
0.012907
0.015447
0.019222
0.016939
0.017096
0.014464
0.013890
0.017985
0.019332
0.014519
0.016201
0.005061
0.003022
0.017191
0.015953
0.004220
0.005513
0.003676
0.006892
0.009664
0.011352
0.014183
0.014224
0.016600
0.012183
0.011100
0.008897
0.009431
0.010310
0.009240
0.009310
0.009503
0.013093
0.010922
0.011027
0.015375
0.013162
0.010043
0.010105
0.015003
0.013020
0.009673
0.010018
0.014739
0.013225
0.010515
0.010537
0.013344
0.012825
0.009710
0.010100
0.010122
0.051181
0.031850
0.018306
0.012653
0.011449
0.010953
0.011170
0.029521
0.015551
0.008524
0.010116
0.030209
0.015824
0.008306
0.010619
0.030295
0.015372
0.008535
0.010532
0.027559
0.015438
0.008079
0.011016
0.027248
0.015511
0.008717
0.010456
0.027314
0.016571
0.008857
0.011478
0.022849
0.015406
0.008170
0.009953
0.011902
0.017270
0.009049
0.011239
0.013126
0.012434
0.010406
0.010775
0.014327
0.013065
0.010939
0.010898
0.014656
0.012916
0.010821
0.010058
0.014512
0.012634
0.009936
0.010772
0.013663
0.012755
0.010602
0.010782
0.013470
0.013147
0.010920
0.011047
0.012315
0.011217
0.013643
0.008711
0.011096
0.014810
0.010385
0.014424
0.010175
0.013978
0.010614
0.013175
0.011109
0.010814
0.011125
0.008625
0.010597
0.009640
0.010252
0.009862
0.009370
0.010372
0.011009
0.010106
0.011759
0.010348
0.011669
0.010503
0.012044
0.010545
0.011202
0.010572
0.011548
0.010755
0.010333
0.010162
0.011038
0.010530
0.011239
0.010480
0.012422
0.011573
0.011756
0.011305
0.012899
0.011668
0.011656
0.010015
0.012619
0.011153
0.011849
0.018791
0.018341
0.024585
0.023383
0.025768
0.029167
0.009799
0.026484
0.011144
0.010672
0.009630
0.021300
0.014085
0.011019
0.011736
0.009485
0.009894
0.011614
0.011442
0.007170
0.007520
0.011783
0.010519
0.013197
0.013036
0.010811
0.011295
0.013689
0.013852
0.010742
0.011107
0.013523
0.013755
0.010831
0.011611
0.013628
0.013952
0.011174
0.011509
0.013263
0.013959
0.011774
0.011631
0.012347
0.014108
0.012008
0.012461
0.011852
0.012383
0.011545
0.011708
0.011723
0.012770
0.011654
0.011448
0.009602
0.011596
0.010979
0.009859
0.010453
0.009505
0.011386
0.009728
0.010010
0.009613
0.009322
0.009486
0.009740
0.009198
0.009384
0.009524
0.010046
0.012853
0.014509
0.013383
0.016383
0.015560
0.014814
0.016678
0.013090
0.016636
0.017083
0.013683
0.016717
0.010085
0.010051
0.014088
0.010001
0.012456
0.012266
0.010362
0.010276
0.012279
0.010355
0.012323
0.012990
0.010576
0.010252
0.012435
0.010430
0.012617
0.012558
0.010349
0.010575
0.013192
0.013211
0.010857
0.010044
0.011974
0.010458
0.011196
0.010343
0.015615
0.012582
0.014068
0.011512
0.011853
0.016874
0.015322
0.011241
0.011579
0.017053
0.016220
0.011654
0.012908
0.016779
0.016636
0.012847
0.012973
0.015423
0.017069
0.012781
0.012564
0.014459
0.011674
0.011623
0.020186
0.017477
0.019349
0.017919
0.017826
0.018939
0.020011
0.017804
0.017894
0.018649
0.017782
0.019514
0.020086
0.018134
0.017851
0.018979
0.019882
0.017477
0.017277
0.014069
0.018480
0.016978
0.015456
0.012306
0.011175
0.016256
0.013943
0.011693
0.014575
0.014619
0.012222
0.016032
0.015642
0.015691
0.015155
0.014756
0.013787
0.015566
0.012580
0.017246
0.014628
0.014840
0.010703
0.013730
0.011563
0.014645
0.011828
0.012114
0.011050
0.009787
0.010215
0.011525
0.010887
0.011555
0.011055
0.011155
0.012323
0.012728
0.012029
0.011885
0.010754
0.011247
0.011256
0.013425
0.011217
0.011378
0.012100
0.009988
0.011159
0.010770
0.011156
0.010650
0.009707
0.010883
0.010439
0.011195
0.010692
0.010349
0.010531
0.012299
0.011992
0.011473
0.010622
0.011601
0.012859
0.009979
0.009482
0.012767
0.012264
0.008797
0.008429
0.013683
0.011629
0.008319
0.008017
0.013713
0.010023
0.007801
0.007832
0.014045
0.009808
0.007350
0.007859
0.012987
0.009722
0.006733
0.007364
0.005587
0.003057
0.007245
0.002940
0.004784
0.004819
0.006407
0.004547
0.003723
0.007213
0.007610
0.008517
0.009531
0.010993
0.011578
0.013839
0.015342
0.014600
0.014414
0.013788
0.013936
0.014551
0.012149
0.013433
0.013861
0.012149
0.013670
0.015609
0.011794
0.011673
0.012577
0.011584
0.013560
0.011975
0.014089
0.011918
0.013257
0.014189
0.010821
0.011162
0.012671
0.011210
0.023636
0.017307
0.013617
0.013834
0.020039
0.014647
0.014066
0.024490
0.017264
0.014534
0.013259
0.022318
0.016513
0.014023
0.013704
0.021861
0.016805
0.013601
0.014183
0.022064
0.016505
0.013960
0.013919
0.021497
0.016427
0.014392
0.013641
0.018269
0.016278
0.013496
0.014195
0.021397
0.013149
0.012572
0.009520
0.009946
0.009615
0.016114
0.008737
0.016060
0.008447
0.017262
0.008211
0.015374
0.008379
0.019379
0.012454
0.009911
0.009504
0.017309
0.008371
0.016229
0.008133
0.015604
0.009466
0.017168
0.009413
0.017641
0.011618
0.009885
0.009849
0.013319
0.012331
0.009930
0.010133
0.010174
0.010356
0.009659
0.009187
0.012649
0.010931
0.011514
0.013276
0.013176
0.010577
0.010582
0.013583
0.012561
0.010142
0.009646
0.013298
0.009524
0.012871
0.012639
0.009775
0.011092
0.013159
0.013696
0.010894
0.010182
0.010764
0.013336
0.008895
0.011762
0.012505
0.014361
0.012117
0.012249
0.012820
0.011045
0.010926
0.012728
0.013010
0.013164
0.010886
0.011759
0.014088
0.013356
0.010894
0.010654
0.013021
0.013538
0.012211
0.011605
0.013054
0.015678
0.011933
0.012682
0.014081
0.012087
0.012819
0.010259
0.013543
0.013451
0.011244
0.011408
0.011854
0.012772
0.012077
0.011464
0.013264
0.013675
0.013325
0.014445
0.012936
0.015314
0.012854
0.012963
0.011932
0.014323
0.012228
0.013156
0.011789
0.012104
0.011312
0.013441
0.011819
0.011370
0.011861
0.012476
0.010938
0.014659
0.012638
0.013094
0.011027
0.013808
0.010671
0.011869
0.013495
0.013715
0.010816
0.010925
0.012832
0.011242
0.012806
0.013135
0.011792
0.012820
0.013657
0.013724
0.012521
0.012051
0.014017
0.014249
0.010892
0.011851
0.013049
0.013520
0.011796
0.022417
0.011662
0.009476
0.013136
0.009700
0.012977
0.009893
0.013469
0.009328
0.014152
0.010030
0.014342
0.009595
0.013341
0.009795
0.013188
0.009882
0.014984
0.012093
0.010284
0.010229
0.014562
0.012615
0.010435
0.010833
0.009996
0.010647
0.015372
0.012365
0.011372
0.010053
0.010424
0.013424
0.011761
0.009905
0.009627
0.012835
0.011102
0.008963
0.008804
0.013311
0.011785
0.008917
0.009647
0.010574
0.011604
0.009668
0.009116
0.014552
0.010506
0.009571
0.007543
0.007677
0.012381
0.009982
0.007588
0.007757
0.011972
0.010146
0.007534
0.007562
0.012839
0.010957
0.007833
0.008831
0.011317
0.009833
0.007941
0.008029
0.011199
0.010572
0.007827
0.008305
0.011070
0.008217
0.007829
0.011863
0.013410
0.012470
0.012978
0.014208
0.015018
0.012273
0.012180
0.015411
0.015658
0.012572
0.012355
0.015164
0.017544
0.014469
0.014865
0.013008
0.012414
0.011390
0.009948
0.006912
0.008796
0.012529
0.011855
0.009811
0.009558
0.011747
0.013190
0.010287
0.011515
0.010425
0.012780
0.011118
0.011630
0.009274
0.011497
0.011720
0.009388
0.011141
0.010173
0.011804
0.012647
0.011642
0.012561
0.012069
0.011792
0.012240
0.011274
0.012208
0.013621
0.011636
0.011864
0.009438
0.008899
0.011208
0.009383
0.008933
0.008946
0.009389
0.011443
0.009875
0.009560
0.010985
0.009502
0.010681
0.008853
0.007906
0.008722
0.008467
0.008402
0.008911
0.007742
0.007928
0.004191
0.003015
0.002923
0.002853
0.004828
0.004795
0.005041
0.003719
0.007512
0.007249
0.009235
0.008490
0.011426
0.010798
0.013482
0.014838
0.011686
0.010974
0.013689
0.010736
0.008323
0.009527
0.014403
0.011803
0.009697
0.009697
0.014094
0.012014
0.010005
0.009648
0.012007
0.008847
0.010910
0.011726
0.009377
0.009823
0.013268
0.012081
0.010457
0.008185
0.008028
0.013106
0.010714
0.008007
0.008123
0.013381
0.010786
0.007954
0.008189
0.013664
0.010909
0.008242
0.008458
0.014184
0.010659
0.008342
0.007822
0.012852
0.009840
0.007291
0.008626
0.013577
0.010994
0.008306
0.008060
0.012331
0.008016
0.012947
0.010554
0.008190
0.008090
0.007918
0.009959
0.008019
0.006878
0.007904
0.008133
0.011352
0.013141
0.010505
0.011282
0.013868
0.011384
0.013710
0.013590
0.012458
0.012129
0.012331
0.011228
0.012242
0.011395
0.007941
0.012182
0.011073
0.009405
0.007916
0.008458
0.010548
0.008545
0.012246
0.011918
0.009587
0.010203
0.012996
0.012496
0.010321
0.010160
0.012423
0.011675
0.010394
0.009565
0.011831
0.010078
0.009145
0.008939
0.007889
0.011611
0.012745
0.012275
0.011402
0.011216
0.013407
0.012845
0.010793
0.011555
0.012399
0.011117
0.011468
0.011916
0.011497
0.011260
0.010254
0.013146
0.010436
0.010058
0.010753
0.009900
0.010093
0.009006
0.012010
0.012199
0.010890
0.010852
0.011196
0.010280
0.010296
0.010372
0.010467
0.010381
0.009401
0.012573
0.011174
0.012245
0.009292
0.008314
0.011904
0.008457
0.011716
0.008545
0.011769
0.009148
0.009699
0.010117
0.009402
0.012002
0.011054
0.010703
0.011670
0.010078
0.011025
0.009675
0.009561
0.009563
0.010227
0.007994
0.010493
0.009351
0.010799
0.011061
0.009600
0.009470
0.010500
0.010845
0.009216
0.009258
0.017176
0.014755
0.013600
0.011729
0.011111
0.012579
0.009949
0.014497
0.012484
0.010547
0.010508
0.013399
0.013471
0.010416
0.010575
0.014897
0.013815
0.010752
0.010638
0.014371
0.012929
0.010404
0.010483
0.012249
0.010810
0.013776
0.012405
0.010779
0.011110
0.009454
0.012497
0.011093
0.010325
0.011041
0.012102
0.010946
0.011040
0.011827
0.012516
0.011264
0.010672
0.011218
0.010471
0.012396
0.012204
0.010208
0.010804
0.012340
0.011814
0.011089
0.009992
0.012729
0.012729
0.010584
0.010583
0.011520
0.010604
0.011897
0.011667
0.010964
0.009467
0.011303
0.012242
0.009501
0.010728
0.026517
0.011437
0.008009
0.009042
0.009235
0.013606
0.009516
0.008960
0.008590
0.012501
0.009470
0.009262
0.008387
0.012309
0.009247
0.009295
0.007559
0.009492
0.009163
0.008641
0.008676
0.006988
0.009994
0.008871
0.009079
0.012684
0.011546
0.011103
0.009817
0.010196
0.012415
0.012097
0.010502
0.010438
0.012694
0.012161
0.010151
0.010011
0.013392
0.012084
0.010193
0.009383
0.013474
0.012483
0.010036
0.010258
0.011537
0.009245
0.011167
0.009668
0.011276
0.009773
0.009738
0.009747
0.019070
0.012300
0.011403
0.016414
0.015677
0.011341
0.012383
0.014956
0.011737
0.014921
0.010446
0.012966
0.010638
0.014366
0.010932
0.012669
0.013528
0.011050
0.013738
0.012646
0.012787
0.011219
0.011389
0.012235
0.011419
0.012808
0.013257
0.011772
0.011802
0.013251
0.013370
0.011265
0.011343
0.012429
0.011378
0.012071
0.013121
0.011267
0.011516
0.010335
0.012037
0.010853
0.011396
0.011780
0.012202
0.011740
0.012170
0.013875
0.012066
0.011363
0.011796
0.011607
0.012169
0.012402
0.011591
0.012365
0.015218
0.014144
0.014549
0.014957
0.015130
0.013216
0.012962
0.014791
0.015097
0.012793
0.012519
0.012736
0.012959
0.012634
0.013479
0.014994
0.013539
0.013046
0.013723
0.012865
0.013739
0.014463
0.012615
0.012596
0.013882
0.014579
0.012050
0.012523
0.013648
0.015061
0.012723
0.012841
0.013777
0.012783
0.014259
0.014608
0.012767
0.012303
0.014113
0.012698
0.013793
0.014339
0.012709
0.013225
0.014678
0.014749
0.013074
0.012571
0.014591
0.014269
0.012000
0.011698
0.011973
0.030767
0.018663
0.014039
0.011860
0.011462
0.019579
0.015116
0.012008
0.011543
0.019071
0.014448
0.011694
0.011561
0.019739
0.014539
0.011457
0.011830
0.017731
0.014351
0.011436
0.012034
0.017128
0.014958
0.011981
0.011451
0.012944
0.014978
0.011666
0.013698
0.014379
0.014291
0.012680
0.012423
0.014812
0.014348
0.012290
0.012024
0.014258
0.011706
0.015517
0.013608
0.011521
0.011284
0.015716
0.012948
0.011541
0.010595
0.015203
0.013076
0.011119
0.010849
0.016271
0.012317
0.011226
0.010425
0.015442
0.012223
0.010556
0.010627
0.014859
0.012180
0.010229
0.010502
0.015086
0.012736
0.010375
0.010738
0.014743
0.011922
0.010359
0.010445
0.013039
0.009773
0.014106
0.012807
0.010490
0.010436
0.008115
0.011044
0.010589
0.008461
0.008361
0.008144
0.007741
0.008917
0.010740
0.011022
0.011889
0.011482
0.011854
0.012480
0.010513
0.013218
0.012289
0.011212
0.011192
0.011012
0.011729
0.011426
0.012269
0.011997
0.007872
0.010290
0.007812
0.008195
0.013780
0.014477
0.014646
0.012108
0.013722
0.016211
0.013036
0.015128
0.014444
0.013389
0.013465
0.012914
0.008110
0.011700
0.012798
0.008307
0.009548
0.010309
0.010052
0.010874
0.011697
0.010761
0.011360
0.011508
0.009894
0.012361
0.012567
0.009776
0.011238
0.009601
0.011071
0.011268
0.010840
0.011008
0.012105
0.010337
0.010186
0.009303
0.011075
0.010074
0.011889
0.009606
0.012556
0.012068
0.010116
0.009482
0.011628
0.011452
0.009522
0.009765
0.012815
0.012230
0.011182
0.011596
0.015198
0.011930
0.012979
0.015732
0.014401
0.011311
0.011433
0.013331
0.014291
0.012140
0.017384
0.011607
0.010192
0.013476
0.011968
0.009629
0.010301
0.012880
0.012214
0.009941
0.010101
0.009483
0.010170
0.010317
0.008285
0.011625
0.012018
0.010086
0.011935
0.010100
0.011798
0.009864
0.011488
0.009235
0.008993
0.012285
0.013150
0.013642
0.010939
0.011584
0.013853
0.013808
0.011552
0.011215
0.010537
0.013043
0.011085
0.009282
0.012833
0.011683
0.009166
0.009344
0.013474
0.011439
0.008433
0.008822
0.009223
0.009684
0.009067
0.008090
0.011622
0.009056
0.009651
0.013022
0.010385
0.008186
0.007996
0.012349
0.010569
0.007793
0.007752
0.012451
0.010807
0.008127
0.007373
0.013522
0.013018
0.010126
0.010425
0.015273
0.009943
0.007603
0.007660
0.009410
0.009752
0.007319
0.007666
0.018625
0.012480
0.011490
0.009310
0.008927
0.013201
0.011628
0.008590
0.008699
0.013844
0.011796
0.008945
0.009193
0.013394
0.011203
0.008660
0.008569
0.013164
0.011043
0.008108
0.008569
0.013108
0.011266
0.008460
0.008853
0.012916
0.011078
0.008809
0.008633
0.012558
0.011620
0.008804
0.008950
0.009960
0.010933
0.008898
0.004897
0.003039
0.002854
0.002923
0.004150
0.006185
0.004969
0.007149
0.009625
0.010697
0.007613
0.013772
0.010498
0.014276
0.010686
0.009086
0.009234
0.014197
0.011009
0.009819
0.008937
0.014037
0.010664
0.008228
0.008025
0.012435
0.007920
0.013520
0.011423
0.008773
0.009141
0.013209
0.011136
0.009294
0.009402
0.010665
0.010890
0.008528
0.010528
0.006699
0.008047
0.012656
0.010601
0.008636
0.008805
0.012503
0.010414
0.008120
0.008782
0.013329
0.010555
0.008405
0.008478
0.013083
0.010624
0.008489
0.008204
0.012465
0.009972
0.007698
0.008096
0.013058
0.010960
0.008591
0.008830
0.013481
0.011180
0.009064
0.009433
0.012152
0.010293
0.008050
0.008837
0.011726
0.009185
0.012847
0.011042
0.009035
0.008573
0.012800
0.009956
0.008126
0.007592
0.012774
0.010880
0.008058
0.007970
0.013299
0.011604
0.008549
0.009316
0.012974
0.011097
0.009065
0.008828
0.014257
0.011692
0.008954
0.009255
0.011679
0.009452
0.009244
0.007769
0.012841
0.010859
0.008250
0.008594
0.006200
0.008562
0.008325
0.007010
0.008323
0.008329
0.007606
0.007561
0.006823
0.006412
0.006130
0.006854
0.006803
0.005239
0.006562
0.005761
0.005853
0.005640
0.005755
0.005665
0.006582
0.005743
0.005849
0.005721
0.005695
0.005611
0.006248
0.005674
0.004794
0.005050
0.005904
0.006370
0.005694
0.005716
0.005050
0.014044
0.014836
0.012098
0.011448
0.013216
0.014562
0.013600
0.015679
0.010697
0.014317
0.013259
0.013842
0.013717
0.014072
0.014129
0.014372
0.013793
0.014332
0.014078
0.014856
0.014754
0.014776
0.014582
0.014568
0.014607
0.014713
0.014683
0.014636
0.014630
0.014481
0.013882
0.005820
0.013064
0.011394
0.005948
0.003777
0.004189
0.003219
0.005646
0.007123
0.007603
0.009987
0.010343
0.013849
0.014505
0.010726
0.014283
0.012904
0.010943
0.010806
0.014588
0.012864
0.010493
0.010164
0.014689
0.012895
0.009730
0.010229
0.014202
0.012921
0.010109
0.010691
0.010650
0.011495
0.010247
0.009004
0.012938
0.014636
0.011879
0.012744
0.013774
0.016606
0.013993
0.012618
0.015986
0.015877
0.012284
0.013101
0.016023
0.014998
0.013046
0.016380
0.013336
0.014237
0.016901
0.014423
0.012061
0.011232
0.015687
0.014069
0.010376
0.010485
0.012398
0.010830
0.020084
0.013000
0.011548
0.009120
0.009243
0.014519
0.012330
0.008995
0.009533
0.013688
0.011915
0.009369
0.009262
0.013750
0.011323
0.009246
0.009230
0.011339
0.009513
0.004861
0.002942
0.009378
0.009573
0.004160
0.006085
0.002871
0.008530
0.010861
0.012156
0.018684
0.009786
0.009132
0.016539
0.009025
0.007797
0.006951
0.013455
0.008502
0.006142
0.006709
0.013753
0.009626
0.006293
0.006879
0.012803
0.009927
0.006875
0.006535
0.012544
0.008804
0.006633
0.006720
0.011911
0.013033
0.010354
0.011066
0.012030
0.010897
0.011482
0.009960
0.012086
0.011991
0.010185
0.010685
0.014221
0.015470
0.010785
0.011470
0.012606
0.012340
0.010686
0.010438
0.013412
0.013152
0.010477
0.011324
0.011286
0.005057
0.003025
0.002858
0.002923
0.004126
0.005515
0.004455
0.003535
0.005617
0.006559
0.006968
0.008325
0.008723
0.012124
0.011675
0.008593
0.008170
0.013444
0.010788
0.008555
0.008547
0.013223
0.010897
0.008307
0.007872
0.011046
0.012310
0.010780
0.014894
0.017277
0.013967
0.012773
0.014412
0.014123
0.012118
0.012085
0.011076
0.010175
0.011544
0.013605
0.010176
0.009762
0.012189
0.014346
0.010711
0.010345
0.014328
0.012596
0.011239
0.010064
0.013462
0.011110
0.009402
0.009206
0.012986
0.010948
0.008649
0.008267
0.011237
0.009287
0.009554
0.009871
0.007062
0.012206
0.009381
0.009042
0.008993
0.007989
0.013236
0.010152
0.009135
0.008712
0.008951
0.012616
0.011655
0.009379
0.009578
0.009640
0.009594
0.008731
0.009663
0.008871
0.007350
0.009542
0.010320
0.009939
0.010266
0.010604
0.011458
0.010347
0.011715
0.009713
0.010471
0.012070
0.010115
0.012115
0.009821
0.011444
0.009866
0.011556
0.010771
0.011267
0.009960
0.031906
0.011969
0.016811
0.012956
0.013041
0.019731
0.013042
0.022186
0.017420
0.013063
0.013793
0.020848
0.013375
0.011036
0.016318
0.015136
0.014543
0.010794
0.012747
0.010902
0.012093
0.012623
0.011199
0.013492
0.013892
0.011180
0.011157
0.013861
0.014083
0.011470
0.011087
0.013753
0.013006
0.010627
0.011452
0.012878
0.011098
0.013502
0.013019
0.010712
0.011150
0.014158
0.013354
0.011926
0.011859
0.011164
0.018274
0.012401
0.010854
0.010151
0.010050
0.014401
0.012212
0.010204
0.010230
0.013347
0.009465
0.013940
0.011883
0.009982
0.009789
0.013972
0.011653
0.009785
0.009896
0.011926
0.010994
0.009405
0.008983
0.008079
0.008201
0.008295
0.008988
0.008832
0.009450
0.009385
0.009582
0.009101
0.009468
0.010038
0.010187
0.010487
0.010347
0.010007
0.010868
0.010198
0.011525
0.011954
0.009882
0.009749
0.012016
0.011612
0.009801
0.010395
0.011300
0.011713
0.009963
0.010107
0.010980
0.011560
0.010126
0.010385
0.016440
0.011344
0.010586
0.009546
0.009420
0.013024
0.011343
0.009488
0.009510
0.013208
0.011437
0.009740
0.009723
0.013562
0.010982
0.009239
0.009121
0.012986
0.010546
0.008604
0.008650
0.012155
0.010515
0.008391
0.008358
0.010356
0.010629
0.007905
0.004812
0.003210
0.002857
0.008489
0.003537
0.004158
0.006594
0.012833
0.007376
0.015768
0.007520
0.018409
0.007395
0.018504
0.009432
0.009478
0.008387
0.016580
0.010132
0.008073
0.008554
0.015949
0.010094
0.008183
0.008433
0.015309
0.010126
0.007963
0.008513
0.014967
0.009996
0.007752
0.008590
0.013845
0.010048
0.007802
0.008042
0.011648
0.010078
0.007653
0.008119
0.008537
0.008298
0.016481
0.011182
0.009994
0.007967
0.008420
0.011004
0.008752
0.012717
0.011651
0.009034
0.009157
0.011651
0.012923
0.009596
0.010345
0.011864
0.011288
0.011003
0.009121
0.011983
0.011625
0.008950
0.009268
0.008972
0.017228
0.012141
0.011258
0.009371
0.009235
0.013740
0.011397
0.009318
0.009819
0.014020
0.011256
0.009837
0.009216
0.013687
0.010675
0.008141
0.008080
0.013933
0.010253
0.007996
0.007709
0.012660
0.010531
0.007964
0.007931
0.010292
0.011221
0.008381
0.026067
0.017546
0.014773
0.011066
0.010925
0.018979
0.014153
0.010640
0.010820
0.017527
0.013812
0.010496
0.011235
0.017726
0.013979
0.011071
0.010906
0.014618
0.011401
0.011245
0.011744
0.010144
0.011472
0.019780
0.014279
0.012743
0.010381
0.010541
0.014789
0.011717
0.010145
0.010206
0.014255
0.011582
0.009883
0.009925
0.011889
0.010072
0.010852
0.012219
0.010124
0.009435
0.010765
0.009890
0.008486
0.011069
0.008421
0.010867
0.007197
0.011859
0.009655
0.006921
0.007004
0.011369
0.007229
0.010299
0.007282
0.012419
0.012826
0.013424
0.014313
0.014424
0.013023
0.013485
0.013446
0.012915
0.013970
0.011457
0.014355
0.012416
0.013668
0.011588
0.014233
0.011457
0.013542
0.011806
0.014147
0.011383
0.014164
0.011525
0.015221
0.015009
0.012096
0.011929
0.016963
0.014210
0.011881
0.009999
0.016812
0.015424
0.011682
0.015409
0.011344
0.016556
0.011238
0.014706
0.010961
0.014309
0.014655
0.013437
0.013551
0.011660
0.013403
0.013686
0.011893
0.011942
0.015374
0.009644
0.014362
0.011998
0.013654
0.017242
0.012583
0.014541
0.010739
0.010652
0.009001
0.012417
0.012280
0.016114
0.013295
0.011826
0.015621
0.012822
0.013123
0.011522
0.012052
0.008841
0.011034
0.013843
0.010539
0.010053
0.014834
0.012004
0.009961
0.009360
0.013044
0.011079
0.008498
0.008690
0.011208
0.008095
0.007863
0.008511
0.012345
0.010328
0.008696
0.008078
0.013135
0.011147
0.008315
0.008838
0.012959
0.011275
0.009096
0.009306
0.012311
0.010708
0.009036
0.008154
0.011002
0.010991
0.008546
0.008261
0.013005
0.011958
0.011569
0.013019
0.011793
0.013903
0.012845
0.013396
0.011850
0.012655
0.012011
0.011435
0.010033
0.012818
0.010481
0.013929
0.014324
0.012072
0.014726
0.013726
0.012689
0.013777
0.012854
0.013616
0.013447
0.015582
0.014339
0.014408
0.012358
0.017164
0.014056
0.014163
0.009560
0.009990
0.008194
0.010527
0.009624
0.010424
0.011298
0.012167
0.010879
0.012140
0.011683
0.010788
0.008550
0.008902
0.012911
0.011344
0.008734
0.008734
0.012892
0.010917
0.008204
0.008936
0.012397
0.010674
0.009056
0.008881
0.012506
0.011373
0.010016
0.010025
0.011526
0.010654
0.008995
0.008468
0.010975
0.008158
0.004299
0.008892
0.007767
0.002938
0.005097
0.003277
0.004156
0.003000
0.007032
0.008248
0.009537
0.012628
0.009290
0.014967
0.012378
0.012639
0.010152
0.011055
0.015320
0.011420
0.012325
0.009911
0.015249
0.012689
0.012809
0.010332
0.009854
0.013223
0.012610
0.010028
0.010594
0.012346
0.012183
0.010422
0.010068
0.011733
0.011842
0.009911
0.010193
0.011909
0.011798
0.010171
0.010302
0.011471
0.010268
0.011018
0.010454
0.011556
0.008766
0.012332
0.010430
0.012352
0.010440
0.012796
0.009931
0.013185
0.009679
0.013964
0.012218
0.009066
0.009404
0.013928
0.012019
0.009124
0.009176
0.011315
0.010721
0.008990
0.009464
0.013350
0.011553
0.011431
0.010747
0.010680
0.012176
0.011347
0.011376
0.011519
0.011075
0.011644
0.008958
0.011483
0.011754
0.009710
0.010290
0.011717
0.011669
0.010143
0.009833
0.011238
0.011166
0.009808
0.010166
0.010437
0.010744
0.009409
0.013496
0.011117
0.012580
0.010634
0.012154
0.011101
0.013078
0.011576
0.014993
0.011023
0.015232
0.017222
0.019713
0.018272
0.014869
0.015353
0.019588
0.017210
0.014576
0.013747
0.017070
0.017320
0.013973
0.013938
0.011113
0.009878
0.011771
0.009718
0.009765
0.013688
0.013366
0.014168
0.015186
0.016286
0.013812
0.011674
0.011059
0.014189
0.012573
0.012487
0.012478
0.011678
0.013847
0.011313
0.011573
0.014769
0.013083
0.010684
0.009580
0.012623
0.013107
0.010636
0.014090
0.011167
0.011044
0.009565
0.009950
0.012953
0.010904
0.009697
0.009094
0.012897
0.010611
0.008244
0.008858
0.012601
0.010904
0.008488
0.009372
0.012447
0.010871
0.009068
0.008671
0.011661
0.008479
0.004448
0.002796
0.008084
0.008729
0.004215
0.005057
0.004256
0.008168
0.006466
0.013242
0.006304
0.014266
0.006156
0.016314
0.009648
0.007343
0.006955
0.015508
0.008134
0.006604
0.006907
0.015890
0.008929
0.006422
0.007113
0.015575
0.009850
0.006120
0.007234
0.015409
0.009686
0.006499
0.007070
0.014619
0.009984
0.006756
0.006573
0.014245
0.009540
0.006526
0.006484
0.010368
0.008976
0.006260
0.007262
0.014161
0.006030
0.006121
0.013236
0.009811
0.007253
0.006877
0.013746
0.010125
0.007906
0.008011
0.013319
0.009467
0.006895
0.006786
0.013128
0.009446
0.007264
0.007015
0.010117
0.008510
0.008481
0.007832
0.006915
0.012068
0.009144
0.008953
0.013716
0.011720
0.008461
0.008417
0.014141
0.011281
0.008367
0.008081
0.013995
0.010027
0.008195
0.007537
0.013490
0.010456
0.007546
0.007611
0.012891
0.010031
0.007434
0.007641
0.013127
0.010334
0.007243
0.007466
0.012736
0.010377
0.007352
0.007816
0.010394
0.009251
0.008280
0.008302
0.008021
0.021312
0.012814
0.009953
0.006496
0.006788
0.015251
0.010276
0.007256
0.007165
0.013732
0.006895
0.014283
0.009643
0.006965
0.006953
0.013358
0.007102
0.014417
0.009292
0.007025
0.006770
0.013585
0.009234
0.006776
0.006827
0.012658
0.007316
0.012195
0.008908
0.006757
0.006618
0.009610
0.007189
0.019245
0.012474
0.011305
0.008076
0.007678
0.013834
0.010821
0.007364
0.007240
0.013318
0.010691
0.007309
0.006976
0.013169
0.010224
0.007201
0.007315
0.013269
0.010671
0.007450
0.007548
0.013130
0.010660
0.007215
0.007308
0.013178
0.010394
0.007671
0.007633
0.013207
0.010147
0.007137
0.006943
0.013076
0.010536
0.006940
0.007166
0.013040
0.010584
0.007593
0.006960
0.012962
0.010633
0.007297
0.007580
0.012824
0.010501
0.007383
0.007668
0.012467
0.010352
0.006951
0.007467
0.005819
0.009113
0.007135
0.007146
0.007233
0.006878
0.006595
0.006800
0.005787
0.006741
0.006685
0.006980
0.005919
0.005822
0.005859
0.005888
0.005685
0.005112
0.005581
0.005526
0.005003
0.005716
0.005763
0.005712
0.004640
0.004733
0.005493
0.005226
0.004555
0.004695
0.005461
0.022351
0.008987
0.006500
0.011151
0.009150
0.005678
0.006450
0.010558
0.010308
0.008907
0.008619
0.009114
0.007243
0.016880
0.012038
0.010740
0.008864
0.008469
0.014498
0.011560
0.007867
0.008444
0.014147
0.011278
0.008594
0.008664
0.014128
0.011151
0.009044
0.009356
0.013791
0.011035
0.007781
0.008837
0.013873
0.012088
0.009352
0.009271
0.013387
0.011816
0.009226
0.009539
0.005939
0.010360
0.008609
0.007451
0.007287
0.006991
0.006740
0.006698
0.005755
0.006555
0.006206
0.006274
0.005732
0.005661
0.005756
0.005589
0.005576
0.005575
0.006216
0.005760
0.005661
0.005340
0.005711
0.006154
0.005566
0.006317
0.005571
0.005473
0.005029
0.009023
0.009890
0.010054
0.011063
0.011861
0.010334
0.009283
0.011314
0.011712
0.009384
0.009747
0.011000
0.011986
0.009574
0.009677
0.010961
0.011965
0.009627
0.009493
0.010552
0.011971
0.009093
0.009794
0.013570
0.007084
0.008797
0.014371
0.012385
0.009520
0.010348
0.012978
0.010904
0.014375
0.013591
0.010983
0.011253
0.013325
0.013659
0.011130
0.011296
0.012245
0.010745
0.006291
0.010654
0.010485
0.007293
0.007008
0.006605
0.006887
0.005882
0.006295
0.006720
0.006984
0.005913
0.005587
0.005886
0.005411
0.004653
0.004792
0.005964
0.005756
0.005590
0.004970
0.005302
0.005636
0.004850
0.005750
0.005632
0.005474
0.004649
0.005010
0.029477
0.017394
0.012527
0.009936
0.010555
0.018434
0.012447
0.009761
0.010590
0.017616
0.012428
0.010692
0.010418
0.015545
0.012749
0.010296
0.010482
0.010845
0.012080
0.010535
0.010624
0.016729
0.012606
0.010696
0.010071
0.010073
0.013378
0.011164
0.009951
0.009651
0.013044
0.010759
0.009542
0.009415
0.011968
0.010510
0.009352
0.009366
0.010536
0.011905
0.009666
0.010023
0.012938
0.012469
0.012320
0.010692
0.010748
0.013597
0.012839
0.009826
0.010353
0.011591
0.012511
0.010482
0.011026
0.010253
0.009173
0.008566
0.009539
0.009619
0.009558
0.011449
0.010165
0.010755
0.011425
0.011634
0.012523
0.010827
0.010437
0.012324
0.012050
0.010433
0.010227
0.012642
0.011767
0.009734
0.009023
0.012328
0.012194
0.009496
0.009922
0.009515
0.010662
0.009702
0.006682
0.011100
0.008320
0.008666
0.012841
0.010543
0.007863
0.007806
0.012553
0.010361
0.007479
0.008131
0.011670
0.011009
0.007736
0.007839
0.011845
0.010769
0.008022
0.012469
0.011051
0.008031
0.008547
0.012371
0.011635
0.008951
0.009853
0.011717
0.010317
0.011600
0.010128
0.011376
0.012392
0.010173
0.010002
0.010476
0.009713
0.010382
0.009457
0.011210
0.010674
0.011407
0.010671
0.011959
0.010426
0.013060
0.012158
0.009714
0.008897
0.012814
0.011357
0.007983
0.008240
0.011829
0.008607
0.012315
0.011933
0.008491
0.009218
0.011626
0.010022
0.009019
0.008792
0.013203
0.009471
0.010829
0.013432
0.012371
0.009615
0.010419
0.012734
0.010873
0.010099
0.009201
0.013343
0.013660
0.011728
0.011328
0.013816
0.014021
0.011610
0.011428
0.013664
0.013840
0.011492
0.011420
0.013667
0.009059
0.011092
0.013284
0.012878
0.012919
0.011244
0.012802
0.013476
0.012394
0.011453
0.012436
0.015146
0.012346
0.012932
0.012058
0.013497
0.016077
0.008201
0.009671
0.015627
0.012786
0.010830
0.011574
0.015550
0.013658
0.011692
0.011615
0.015636
0.013713
0.011424
0.011466
0.015468
0.012252
0.011223
0.010483
0.015161
0.013068
0.011151
0.010757
0.013589
0.013299
0.010797
0.011053
0.010638
0.027867
0.015466
0.010658
0.018784
0.009082
0.017659
0.013670
0.011277
0.010327
0.014650
0.010290
0.014853
0.013328
0.010799
0.009955
0.010501
0.010788
0.011766
0.010842
0.010057
0.008686
0.008316
0.011841
0.010253
0.008283
0.008236
0.012006
0.009041
0.008076
0.007714
0.012139
0.009430
0.008115
0.008129
0.011345
0.009221
0.007916
0.007714
0.011868
0.009772
0.007404
0.007486
0.007990
0.036738
0.015699
0.006781
0.020346
0.013540
0.009369
0.009992
0.021704
0.013589
0.009704
0.007790
0.021100
0.013761
0.008980
0.008573
0.019918
0.013530
0.009008
0.009537
0.018374
0.014013
0.008240
0.008949
0.014291
0.009497
0.011117
0.011972
0.009800
0.012076
0.014691
0.014087
0.013367
0.013671
0.012740
0.015111
0.013754
0.012669
0.013475
0.014468
0.013587
0.014120
0.014050
0.012962
0.014191
0.015279
0.013438
0.013255
0.014371
0.013855
0.012090
0.013141
0.013182
0.014057
0.012887
0.013087
0.011955
0.011958
0.013055
0.012166
0.011531
0.016308
0.011729
0.015395
0.012261
0.016142
0.011140
0.015238
0.012686
0.012658
0.014810
0.008482
0.011088
0.010240
0.011652
0.010266
0.010440
0.010222
0.011850
0.009489
0.010771
0.009750
0.010771
0.009585
0.011393
0.009427
0.011811
0.011050
0.010856
0.014556
0.010908
0.013648
0.010628
0.014025
0.011859
0.011298
0.012422
0.015359
0.017828
0.011394
0.010092
0.011557
0.010887
0.010281
0.012103
0.010683
0.010482
0.010945
0.010208
0.010211
0.009875
0.010017
0.013524
0.015070
0.017732
0.017241
0.010453
0.024154
0.019330
0.018235
0.012058
0.010227
0.012649
0.011724
0.013099
0.011651
0.011028
0.014352
0.011906
0.011860
0.011438
0.011530
0.010289
0.012317
0.010813
0.011740
0.014491
0.012874
0.010966
0.011226
0.015218
0.011930
0.011193
0.010527
0.010797
0.010757
0.013690
0.012403
0.009191
0.010169
0.014070
0.013227
0.010629
0.011340
0.015062
0.014070
0.011233
0.011614
0.015358
0.014840
0.011327
0.011869
0.015785
0.014922
0.011971
0.012057
0.015907
0.014967
0.012307
0.012434
0.015778
0.014966
0.011286
0.012404
0.015817
0.015092
0.012125
0.012256
0.015487
0.014939
0.011886
0.011296
0.015618
0.014381
0.011380
0.011585
0.015688
0.014560
0.011161
0.011480
0.015694
0.014387
0.011216
0.010278
0.015718
0.014283
0.010917
0.011056
0.015268
0.014057
0.011021
0.011128
0.014787
0.014177
0.011930
0.010990
0.015204
0.014531
0.010956
0.011191
0.015566
0.014234
0.010892
0.011003
0.015467
0.014079
0.010472
0.010969
0.014777
0.014025
0.010776
0.010868
0.014160
0.014069
0.010713
0.010496
0.004864
0.002978
0.009340
0.002891
0.004925
0.004859
0.004292
0.004456
0.005456
0.003455
0.005312
0.004291
0.007059
0.006217
0.004320
0.004460
0.007150
0.005218
0.004530
0.005209
0.007376
0.005644
0.004325
0.004876
0.005005
0.008748
0.005004
0.006609
0.006376
0.005501
0.005520
0.005144
0.006209
0.005969
0.005379
0.004997
0.005543
0.005576
0.005098
0.005535
0.006736
0.005480
0.005514
0.005000
0.005542
0.006199
0.005324
0.005525
0.005629
0.005881
0.005475
0.005495
0.005986
0.006273
0.005782
0.005841
0.005449
0.005456
0.005553
0.005599
0.005497
0.006514
0.005486
0.005691
0.005611
0.005491
0.006266
0.007294
0.006595
0.008823
0.005692
0.005235
0.004334
0.004846
0.006325
0.005244
0.004415
0.004321
0.006308
0.005786
0.004535
0.004408
0.006178
0.006053
0.004587
0.004457
0.006500
0.006224
0.004906
0.004935
0.006697
0.006019
0.004441
0.004465
0.006091
0.005561
0.004426
0.004434
0.006259
0.005900
0.004470
0.005147
0.005575
0.006339
0.005979
0.005584
0.005584
0.004142
0.004199
0.004367
0.004481
0.004867
0.004872
0.004904
0.004906
0.004906
