0.048713 0.000000 0.048511
0.083957 0.083813 0.083771
0.077239 0.076445 0.077052
0.044685 0.044701 0.044565
0.068217 0.068210 0.068026
0.082510 0.082508 0.082326
0.080985 0.080908 0.080777
0.052845 0.052874 0.052714
0.048198 0.048103 0.048050
0.082434 0.082392 0.082262
0.057863 0.057728 0.057711
0.069156 0.069089 0.069007
0.043575 0.043405 0.043419
0.045093 0.044987 0.044995
0.046444 0.046337 0.046343
0.070479 0.070344 0.070314
0.072341 0.072274 0.072197
0.062676 0.062582 0.062510
0.066554 0.066472 0.066419
0.067943 0.067777 0.067755
0.072212 0.072084 0.072033
0.085569 0.085388 0.085344
0.079949 0.079795 0.079774
0.074354 0.074152 0.074149
0.058611 0.058460 0.058476
0.049309 0.049113 0.049155
0.053603 0.053427 0.053442
0.065115 0.065115 0.064959
0.066898 0.066716 0.066720
0.068871 0.068746 0.068715
0.068265 0.068008 0.068111
0.064130 0.063988 0.063980
0.055980 0.055832 0.055807
0.067778 0.067631 0.067616
0.055679 0.055558 0.055507
0.054356 0.054274 0.054217
0.077846 0.077747 0.077671
0.085661 0.085526 0.085472
0.073324 0.072509 0.073100
0.072881 0.072742 0.072681
0.071079 0.070409 0.070880
0.056685 0.056586 0.056550
0.049568 0.049473 0.049424
0.054400 0.054312 0.054223
0.066408 0.066240 0.066241
0.056624 0.056566 0.056485
0.084439 0.084330 0.084257
0.062661 0.062506 0.062512
0.067893 0.067740 0.067706
0.048449 0.048358 0.048325
0.084465 0.084370 0.084278
0.054012 0.053912 0.053878
0.050859 0.050690 0.050729
0.060189 0.060067 0.060042
0.063887 0.062954 0.063656
0.067106 0.066971 0.066956
0.060444 0.060361 0.060304
0.076920 0.076754 0.076698
0.066534 0.066404 0.066379
0.056643 0.056564 0.056504
0.083501 0.083374 0.083318
0.083232 0.083100 0.083057
0.067057 0.066942 0.066902
0.050270 0.050186 0.050145
0.051621 0.051517 0.051488
0.080899 0.080244 0.080653
0.059703 0.059563 0.059570
0.071582 0.071400 0.071415
0.052068 0.051913 0.051811
0.075431 0.075329 0.075260
0.066139 0.065987 0.065977
0.068825 0.068168 0.068630
0.050744 0.050692 0.050612
0.052513 0.053041 0.052377
0.063193 0.064046 0.063042
0.075081 0.074874 0.074882
0.060576 0.060402 0.060432
0.077148 0.076213 0.076893
0.070749 0.070633 0.070589
0.077701 0.077551 0.077491
0.043646 0.043526 0.043528
0.053480 0.053348 0.053317
0.085166 0.085025 0.084973
0.075698 0.075540 0.075539
0.071293 0.071141 0.071131
0.058584 0.058433 0.058439
0.080162 0.080033 0.079982
0.046211 0.046082 0.046088
0.072351 0.072204 0.072164
0.077854 0.077723 0.077646
0.083081 0.082893 0.082899
0.083770 0.083643 0.083583
0.063347 0.063198 0.063170
0.083064 0.082930 0.082874
0.054183 0.053996 0.054046
0.045188 0.045048 0.045067
0.051438 0.051241 0.051274
0.082212 0.082042 0.082010
0.055250 0.055127 0.055119
0.077925 0.077806 0.077751
0.064643 0.064408 0.064471
0.063134 0.062970 0.062986
0.046288 0.046195 0.046135
0.068930 0.068765 0.068750
0.054304 0.054196 0.054152
0.059404 0.059237 0.059261
0.066157 0.066060 0.066004
0.076942 0.076748 0.076760
0.059099 0.059036 0.058947
0.071093 0.070929 0.070927
0.057323 0.057123 0.057159
0.073420 0.073320 0.073264
0.077809 0.077623 0.077590
0.053645 0.053437 0.053486
0.052391 0.052240 0.052246
0.065732 0.065570 0.065569
0.079693 0.079563 0.079518
0.059710 0.059573 0.059563
0.071097 0.070904 0.070910
0.082205 0.082184 0.081956
0.050751 0.050655 0.050622
0.070626 0.070433 0.070461
0.046064 0.045907 0.045923
0.051165 0.051090 0.050974
0.043504 0.043364 0.043364
0.056271 0.056127 0.056103
0.079786 0.079544 0.079563
0.078442 0.078268 0.078248
0.068307 0.068222 0.068151
0.076610 0.076472 0.076437
0.069165 0.068959 0.068914
0.060697 0.060472 0.060559
0.066742 0.066593 0.066547
0.080771 0.080614 0.080571
0.052516 0.052394 0.052389
0.080555 0.080335 0.080344
0.070433 0.070254 0.070282
0.048211 0.048069 0.048087
0.049728 0.049626 0.049602
0.052118 0.051963 0.051988
0.064583 0.064428 0.064431
0.052107 0.051959 0.051984
0.086115 0.086012 0.085928
0.069849 0.069714 0.069688
0.065380 0.065259 0.065229
0.067870 0.067546 0.067717
0.073908 0.073778 0.073741
0.081022 0.080856 0.080844
0.056730 0.056639 0.056593
0.056174 0.055186 0.055973
0.065245 0.065071 0.065095
0.054869 0.054779 0.054733
0.047575 0.047449 0.047467
0.073270 0.073077 0.073119
0.073016 0.073036 0.072866
0.043482 0.043340 0.043383
0.084418 0.084268 0.084253
0.076853 0.076682 0.076672
0.068829 0.068975 0.068617
0.046509 0.046349 0.046373
0.058468 0.058283 0.058322
0.058313 0.058264 0.058171
0.065389 0.065267 0.065241
0.076392 0.076235 0.076206
0.047811 0.047691 0.047685
0.081099 0.080960 0.080898
0.057003 0.056869 0.056864
0.050769 0.050565 0.050613
0.054643 0.054465 0.054508
0.059132 0.058956 0.058984
0.085763 0.085634 0.085498
0.068057 0.067902 0.067869
0.064304 0.064186 0.064149
0.072215 0.072053 0.072037
0.043844 0.043664 0.043701
0.084494 0.084297 0.084286
0.080409 0.080262 0.080234
0.057046 0.056908 0.056889
0.063765 0.063626 0.063621
0.077422 0.076526 0.077223
0.060027 0.059908 0.059887
0.069164 0.068987 0.068973
0.074110 0.073967 0.073945
0.082586 0.082408 0.082404
0.062121 0.061920 0.061958
0.061345 0.061233 0.061197
0.079731 0.079605 0.079562
0.079964 0.079766 0.079750
0.065790 0.065669 0.065636
0.083959 0.083822 0.083765
0.074583 0.074393 0.074410
0.063233 0.063015 0.063084
0.066465 0.066309 0.066305
0.059700 0.059567 0.059559
0.055654 0.055524 0.055516
0.067299 0.067144 0.067141
0.045561 0.045397 0.045441
0.072162 0.071956 0.071965
0.056235 0.056113 0.056095
0.059368 0.059209 0.059226
0.059716 0.059554 0.059544
0.062929 0.062803 0.062780
0.055319 0.055249 0.055160
0.044939 0.044836 0.044790
0.045580 0.045406 0.045452
0.063230 0.063100 0.063088
0.068364 0.068172 0.068170
0.074809 0.074660 0.074638
0.083060 0.082847 0.082877
0.060798 0.060008 0.060608
0.080988 0.080871 0.080778
0.058390 0.058266 0.058249
0.081959 0.081585 0.081776
0.058239 0.058105 0.058092
0.070280 0.070087 0.070095
0.081710 0.081602 0.081530
0.055278 0.055116 0.055118
0.045843 0.045720 0.045706
0.085419 0.085267 0.085197
0.065858 0.065744 0.065712
0.069819 0.069733 0.069663
0.075581 0.075455 0.075410
0.050636 0.050492 0.050511
0.070339 0.070271 0.070180
0.076352 0.076229 0.076178
0.062105 0.062000 0.061962
0.044813 0.044699 0.044695
0.047131 0.047010 0.047007
0.046801 0.046731 0.046675
0.058673 0.058528 0.058515
0.059676 0.059385 0.059440
0.053111 0.052989 0.052981
0.060159 0.060000 0.060014
0.085938 0.085732 0.085758
0.051986 0.051840 0.051831
0.045307 0.045131 0.045186
0.061853 0.061748 0.061702
0.077242 0.077089 0.077072
0.057204 0.057042 0.057036
0.071844 0.071700 0.071682
0.061220 0.061108 0.061069
0.052737 0.052586 0.052617
0.046914 0.046804 0.046789
0.048686 0.048549 0.048561
0.051479 0.051317 0.051348
0.075853 0.075685 0.075685
0.053055 0.052440 0.052844
0.054994 0.054873 0.054859
0.048737 0.048620 0.048615
0.069410 0.069204 0.069238
0.078196 0.078069 0.078019
0.060152 0.060046 0.060013
0.053941 0.053005 0.053734
0.047105 0.046977 0.046984
0.056255 0.056141 0.056116
0.079133 0.078927 0.078958
0.054126 0.053997 0.053917
0.061917 0.061778 0.061754
0.067594 0.067541 0.067442
0.066711 0.066529 0.066556
0.067170 0.067022 0.066989
0.084101 0.084020 0.083920
0.062253 0.062194 0.062079
0.052815 0.052687 0.052683
0.072262 0.072080 0.072064
0.068479 0.068322 0.068296
0.047230 0.047039 0.047063
0.082598 0.082505 0.082418
0.063953 0.063767 0.063769
0.071690 0.071587 0.071528
0.078490 0.078355 0.078301
0.056933 0.056795 0.056778
0.075894 0.075805 0.075722
0.049864 0.049707 0.049736
0.078030 0.077876 0.077838
0.043876 0.043732 0.043755
0.075018 0.074845 0.074811
0.066764 0.066612 0.066613
0.069656 0.069501 0.069479
0.050271 0.050086 0.050144
0.059608 0.059500 0.059449
0.045080 0.044911 0.044961
0.065942 0.065755 0.065775
0.052905 0.052840 0.052774
0.081954 0.081779 0.081732
0.085586 0.085374 0.085382
0.046867 0.046732 0.046745
0.071961 0.071702 0.071704
0.068983 0.068880 0.068824
0.059211 0.059086 0.059065
0.045399 0.045254 0.045284
0.072130 0.071936 0.071938
0.061198 0.061031 0.061054
0.059343 0.059215 0.059204
0.079898 0.079686 0.079683
0.066948 0.066788 0.066789
0.074015 0.073842 0.073809
0.044626 0.044524 0.044504
0.083280 0.083107 0.083080
0.079226 0.079083 0.079065
0.067650 0.067508 0.067492
0.081995 0.081864 0.081810
0.067446 0.067307 0.067289
0.060735 0.060564 0.060555
