0.018741 0.018741
0.031317 0.012576
0.071075 0.039758
0.112816 0.041741
0.154406 0.041590
0.196077 0.041671
0.237743 0.041666
0.279423 0.041680
0.321073 0.041650
0.362795 0.041722
0.404407 0.041612
0.446078 0.041671
0.487737 0.041659
0.529456 0.041719
0.571119 0.041664
0.612745 0.041625
0.654420 0.041676
0.696086 0.041665
0.737788 0.041702
0.779431 0.041643
0.821096 0.041665
0.862761 0.041665
0.904427 0.041666
0.946093 0.041666
0.987762 0.041669
1.029423 0.041661
1.071090 0.041667
1.112756 0.041666
1.154422 0.041667
1.196093 0.041671
1.237760 0.041667
1.279423 0.041664
1.321089 0.041666
1.362765 0.041676
1.404423 0.041658
1.446061 0.041637
1.487756 0.041695
1.529423 0.041667
1.571093 0.041669
1.612757 0.041664
1.654425 0.041668
1.696089 0.041664
1.737761 0.041673
1.779423 0.041661
1.821089 0.041666
1.862757 0.041668
1.904423 0.041666
1.946095 0.041672
1.987756 0.041662
2.029425 0.041669
2.071092 0.041667
2.112756 0.041664
2.154426 0.041670
2.196091 0.041665
2.237759 0.041668
2.279427 0.041668
2.321094 0.041667
2.362756 0.041663
2.404428 0.041672
2.446099 0.041671
2.487759 0.041660
2.529424 0.041664
2.571091 0.041667
2.612758 0.041668
2.654423 0.041665
2.696094 0.041671
2.737761 0.041668
2.779427 0.041665
2.821089 0.041663
2.862756 0.041667
2.904422 0.041666
2.946087 0.041665
2.987755 0.041669
3.029425 0.041669
3.071094 0.041669
3.112758 0.041664
3.154425 0.041667
3.196092 0.041668
3.237759 0.041667
3.279427 0.041668
3.321089 0.041662
3.362756 0.041666
3.404422 0.041666
3.446093 0.041671
3.487758 0.041665
3.529422 0.041664
3.571092 0.041670
3.612755 0.041663
3.654377 0.041621
3.696090 0.041713
3.737761 0.041671
3.779426 0.041665
3.821094 0.041668
3.862760 0.041666
3.904427 0.041667
3.946067 0.041640
3.987762 0.041694
4.029426 0.041665
4.071094 0.041668
4.112760 0.041666
4.154377 0.041617
4.196094 0.041717
4.237760 0.041666
4.279425 0.041665
4.321093 0.041667
4.362761 0.041668
4.404422 0.041661
4.446073 0.041652
4.507022 0.060949
4.568479 0.061456
4.612754 0.044275
4.746112 0.133358
4.793507 0.047395
4.945617 0.152110
5.154144 0.208527
5.196096 0.041951
5.460465 0.264370
5.522087 0.061621
5.560739 0.038652
5.732373 0.171634
5.954086 0.221713
6.123878 0.169792
6.341590 0.217712
6.398623 0.057033
6.594116 0.195493
6.633146 0.039031
6.694759 0.061612
6.918114 0.223356
6.978087 0.059973
7.004587 0.026500
7.029429 0.024842
7.146670 0.117241
7.196090 0.049419
7.250090 0.054000
7.430774 0.180685
7.501963 0.071188
7.538616 0.036653
7.571092 0.032476
7.763104 0.192012
7.849525 0.086421
7.904420 0.054895
7.946062 0.041642
8.055107 0.109045
8.076796 0.021689
8.112762 0.035966
8.214117 0.101355
8.237757 0.023640
8.394117 0.156359
8.446090 0.051974
8.487755 0.041665
8.529427 0.041672
8.648365 0.118938
8.696093 0.047728
8.738766 0.042673
8.779434 0.040668
8.829600 0.050165
8.862760 0.033160
8.909450 0.046690
8.946069 0.036619
8.994478 0.048409
9.062112 0.067634
9.112755 0.050643
9.296282 0.183527
9.399314 0.103033
9.482117 0.082803
9.538084 0.055966
9.601256 0.063173
9.735017 0.133760
9.810757 0.075740
9.862760 0.052003
9.904427 0.041667
9.955929 0.051502
9.987760 0.031831
10.029423 0.041663
10.088700 0.059277
10.131978 0.043279
10.167221 0.035243
10.198265 0.031044
10.237758 0.039492
10.279428 0.041670
10.326908 0.047479
10.362761 0.035854
10.408682 0.045921
10.461781 0.053099
10.487761 0.025980
10.529425 0.041663
10.571089 0.041665
10.612757 0.041668
10.654426 0.041669
10.696089 0.041663
10.737756 0.041667
10.779422 0.041666
10.821089 0.041666
10.862757 0.041668
10.905607 0.042850
10.946070 0.040463
10.987760 0.041689
11.029422 0.041662
11.071092 0.041670
11.112755 0.041663
11.154424 0.041670
11.196088 0.041664
11.237755 0.041667
11.279373 0.041617
11.321086 0.041713
11.362756 0.041671
11.404424 0.041668
11.446090 0.041666
11.487755 0.041665
11.529423 0.041668
11.571092 0.041669
11.612756 0.041664
11.654425 0.041669
11.696089 0.041664
11.737755 0.041666
11.779430 0.041675
11.821099 0.041669
11.862758 0.041659
11.904425 0.041668
11.946059 0.041634
11.988794 0.042736
12.070119 0.081324
12.164289 0.094170
12.238070 0.073781
12.290625 0.052555
12.362121 0.071496
12.445499 0.083378
12.500547 0.055048
12.529427 0.028880
12.574089 0.044662
12.646085 0.071996
12.696092 0.050007
12.754118 0.058025
12.826114 0.071997
12.890115 0.064001
12.975037 0.084922
13.029425 0.054387
13.118130 0.088705
13.202111 0.083981
13.237757 0.035646
13.298064 0.060307
13.362112 0.064047
13.457652 0.095540
13.533179 0.075527
13.602417 0.069238
13.666121 0.063704
13.701534 0.035413
13.787331 0.085797
13.906115 0.118783
13.946101 0.039986
14.037635 0.091534
14.071069 0.033433
14.112755 0.041687
14.154427 0.041672
14.196093 0.041665
14.237755 0.041662
14.279371 0.041616
14.321088 0.041718
14.362756 0.041668
14.404424 0.041668
14.446093 0.041669
14.487763 0.041670
14.533863 0.046100
14.571095 0.037232
14.612755 0.041659
14.654425 0.041670
14.696089 0.041664
14.737757 0.041668
14.779423 0.041666
14.821090 0.041667
14.862758 0.041667
14.909601 0.046843
14.946093 0.036492
14.987759 0.041666
15.031496 0.043737
15.071099 0.039604
15.112756 0.041657
15.154426 0.041669
15.196191 0.041765
15.237770 0.041579
15.279424 0.041654
15.321098 0.041674
15.362764 0.041665
15.404427 0.041663
15.503174 0.098747
15.562118 0.058944
15.615692 0.053575
15.687609 0.071917
15.737754 0.050145
15.779422 0.041667
15.821093 0.041672
15.862763 0.041670
16.223237 0.360474
16.472357 0.249120
16.541361 0.069004
16.622890 0.081529
16.654420 0.031530
16.696043 0.041624
16.737762 0.041719
16.876431 0.138670
16.922863 0.046431
16.958709 0.035847
16.987763 0.029053
17.152170 0.164408
17.208416 0.056245
17.237756 0.029340
17.279429 0.041673
17.492426 0.212997
17.614115 0.121690
17.657437 0.043321
17.696095 0.038658
17.920580 0.224485
18.007617 0.087037
18.049878 0.042261
18.118118 0.068240
18.343484 0.225366
18.382075 0.038591
18.419613 0.037537
18.446094 0.026482
18.572878 0.126783
18.638084 0.065206
18.696089 0.058005
18.737761 0.041672
18.798090 0.060329
18.862753 0.064663
18.904422 0.041669
18.946092 0.041669
18.987755 0.041663
19.029422 0.041667
19.071090 0.041668
19.112759 0.041669
19.154421 0.041662
19.196091 0.041670
19.237757 0.041666
19.279426 0.041669
19.321089 0.041663
19.362756 0.041667
19.404422 0.041666
19.446063 0.041641
19.487755 0.041692
19.529423 0.041668
19.571089 0.041666
19.612764 0.041675
19.654423 0.041659
19.696091 0.041668
19.737756 0.041665
19.779377 0.041621
19.821089 0.041712
19.862757 0.041668
19.904423 0.041666
19.946062 0.041640
19.987755 0.041692
20.029423 0.041668
20.071090 0.041667
20.112756 0.041665
20.154423 0.041667
20.196088 0.041666
20.237760 0.041671
20.279423 0.041663
20.321096 0.041673
20.362756 0.041660
20.404427 0.041671
20.446091 0.041664
20.487755 0.041664
20.529421 0.041666
20.571096 0.041674
20.612756 0.041660
20.654373 0.041618
20.696088 0.041715
20.737756 0.041668
20.779422 0.041666
20.821089 0.041667
20.862756 0.041667
20.904423 0.041667
20.946062 0.041638
20.987756 0.041694
21.029421 0.041665
21.071092 0.041671
21.112755 0.041663
21.154424 0.041669
21.196088 0.041664
21.237757 0.041669
21.279423 0.041665
21.321089 0.041666
21.362756 0.041667
21.404424 0.041668
21.446057 0.041633
21.487756 0.041699
21.529422 0.041666
21.571090 0.041667
21.612755 0.041666
21.654424 0.041669
21.696089 0.041665
21.737759 0.041670
21.779423 0.041664
21.821091 0.041669
21.862756 0.041665
21.904426 0.041670
21.946058 0.041632
21.987755 0.041697
22.029421 0.041666
22.071091 0.041670
22.112756 0.041665
22.154422 0.041666
22.196101 0.041678
22.237769 0.041668
22.279484 0.041715
22.351210 0.071726
22.526852 0.175642
22.686476 0.159624
22.829928 0.143452
23.082113 0.252184
23.112757 0.030645
23.291912 0.179155
23.327929 0.036017
23.383276 0.055347
23.404429 0.021153
23.476166 0.071737
23.535879 0.059714
23.571089 0.035210
23.612754 0.041665
23.654421 0.041667
23.705484 0.051063
23.737705 0.032221
23.779422 0.041718
23.821088 0.041665
23.862757 0.041669
23.904423 0.041666
23.946062 0.041640
23.987756 0.041693
24.029424 0.041668
24.071091 0.041667
24.112759 0.041668
24.154425 0.041666
24.196091 0.041666
24.237757 0.041666
24.279426 0.041669
24.321089 0.041664
24.362755 0.041666
24.404427 0.041671
24.446059 0.041633
24.487756 0.041697
24.529425 0.041669
24.571090 0.041665
24.612759 0.041668
24.654422 0.041663
24.696094 0.041672
24.737758 0.041663
24.779431 0.041673
24.821089 0.041658
24.862762 0.041673
24.904422 0.041660
24.946070 0.041648
24.987755 0.041686
25.029424 0.041669
25.071090 0.041666
25.112761 0.041671
25.154423 0.041661
25.196094 0.041672
25.237755 0.041661
25.279428 0.041673
25.321089 0.041661
25.362762 0.041673
25.404422 0.041661
25.446093 0.041670
25.487755 0.041662
25.529426 0.041671
25.571089 0.041662
25.612761 0.041672
25.654422 0.041661
25.696094 0.041671
25.737755 0.041662
25.779425 0.041670
25.821088 0.041663
25.862756 0.041667
25.904421 0.041666
25.946095 0.041674
25.987756 0.041661
26.029427 0.041670
26.071091 0.041664
26.112762 0.041671
26.160146 0.047384
26.196090 0.035944
26.240614 0.044524
26.318089 0.077475
26.365955 0.047866
26.446118 0.080163
26.529838 0.083721
26.581440 0.051602
26.663170 0.081730
26.699878 0.036708
26.738402 0.038525
26.779425 0.041023
26.832836 0.053411
26.862762 0.029925
26.904422 0.041660
26.946060 0.041638
26.987760 0.041700
27.029422 0.041662
27.071094 0.041671
27.112755 0.041661
27.154429 0.041673
27.196089 0.041660
27.237760 0.041671
27.279423 0.041663
27.321094 0.041671
27.362755 0.041661
27.404427 0.041672
27.446058 0.041631
27.487759 0.041701
27.529422 0.041663
27.571093 0.041671
27.612755 0.041662
27.654429 0.041673
27.696088 0.041659
27.737711 0.041624
27.779422 0.041711
27.821094 0.041672
27.862761 0.041667
27.904422 0.041661
27.946067 0.041645
27.987768 0.041701
28.029422 0.041653
28.094086 0.064664
28.152427 0.058341
28.196092 0.043665
28.237760 0.041668
28.279422 0.041662
28.332791 0.053369
28.362758 0.029967
28.404425 0.041667
28.510474 0.106049
28.585726 0.075253
28.626112 0.040386
28.654424 0.028312
28.706472 0.052048
28.768112 0.061640
28.821088 0.052976
28.862757 0.041669
28.904421 0.041664
28.946094 0.041672
29.000052 0.053959
29.029430 0.029378
29.110681 0.081251
29.226120 0.115439
29.318089 0.091969
29.414060 0.095971
29.514116 0.100056
29.626086 0.111970
29.711922 0.085836
29.777956 0.066035
29.873981 0.096025
29.966115 0.092134
30.072610 0.106495
30.174068 0.101458
30.254121 0.080053
30.350876 0.096756
30.457824 0.106947
30.562118 0.104295
30.642086 0.079967
30.726113 0.084027
30.779419 0.053306
30.821092 0.041672
30.862758 0.041666
30.928765 0.066007
30.956428 0.027662
30.987759 0.031331
31.029422 0.041664
31.079491 0.050069
31.112759 0.033268
31.154423 0.041664
31.196089 0.041666
31.240135 0.044046
31.292086 0.051951
31.321095 0.029009
31.373409 0.052314
31.404425 0.031016
31.446090 0.041664
31.487761 0.041671
31.529423 0.041662
31.571092 0.041668
31.612755 0.041664
31.654374 0.041618
31.696089 0.041716
31.737761 0.041671
31.779422 0.041661
31.821090 0.041668
31.862756 0.041666
31.904425 0.041669
31.946086 0.041661
31.987755 0.041669
32.029423 0.041668
32.071090 0.041667
32.112756 0.041666
32.154422 0.041666
32.196089 0.041666
32.237758 0.041669
32.279423 0.041665
32.321090 0.041667
32.362752 0.041662
32.404423 0.041671
32.446059 0.041637
32.487759 0.041699
32.529422 0.041663
32.571092 0.041670
32.612754 0.041662
32.654425 0.041670
32.696091 0.041666
32.737757 0.041666
32.779422 0.041665
32.821091 0.041669
32.862756 0.041665
32.904423 0.041667
32.946087 0.041664
32.987756 0.041669
33.029422 0.041666
33.071090 0.041668
33.112755 0.041666
33.154423 0.041667
33.196089 0.041667
33.237759 0.041670
33.279424 0.041665
33.321090 0.041666
33.362756 0.041666
33.404426 0.041670
33.446059 0.041633
33.487756 0.041697
33.529426 0.041670
33.571092 0.041666
33.612756 0.041663
33.654426 0.041670
33.696091 0.041666
33.737759 0.041668
33.779422 0.041663
33.821089 0.041667
33.862760 0.041670
33.904426 0.041666
33.946087 0.041661
33.987756 0.041669
34.029424 0.041668
34.078007 0.048583
34.112754 0.034747
34.154423 0.041668
34.196093 0.041671
34.237761 0.041667
34.279423 0.041662
34.321091 0.041668
34.362761 0.041670
34.404377 0.041616
34.446070 0.041694
34.487760 0.041690
34.529428 0.041667
34.571090 0.041662
34.612759 0.041669
34.654422 0.041664
34.696092 0.041669
34.737756 0.041664
34.779423 0.041667
34.821090 0.041667
34.862757 0.041667
34.904422 0.041665
34.946088 0.041665
34.987756 0.041668
35.029428 0.041672
35.071095 0.041667
35.112760 0.041666
35.154426 0.041666
35.278116 0.123689
35.361600 0.083485
35.424965 0.063365
35.498278 0.073313
35.541586 0.043308
35.602086 0.060499
35.680504 0.078418
35.734165 0.053661
35.789868 0.055703
35.846206 0.056338
35.875020 0.028814
35.907945 0.032925
35.951728 0.043783
35.992612 0.040885
36.029424 0.036812
36.071091 0.041667
36.118955 0.047864
36.165396 0.046441
36.208365 0.042969
36.269998 0.061634
36.321088 0.051090
36.362755 0.041667
36.404426 0.041671
36.446092 0.041666
36.533787 0.087695
36.618086 0.084299
36.672778 0.054691
36.742115 0.069337
36.856720 0.114606
36.904426 0.047706
36.970060 0.065633
37.135212 0.165152
37.230100 0.094889
37.279421 0.049321
37.324422 0.045001
37.466460 0.142038
37.546114 0.079654
37.591016 0.044901
37.642115 0.051100
37.782113 0.139998
37.854117 0.072004
37.912172 0.058055
37.952221 0.040049
38.082735 0.130514
38.158586 0.075851
38.214581 0.055995
38.258122 0.043541
38.390514 0.132392
38.474114 0.083599
38.529423 0.055310
38.584911 0.055488
38.662120 0.077209
38.737224 0.075104
38.782876 0.045652
38.821099 0.038223
38.890117 0.069019
38.946093 0.055976
38.987760 0.041667
39.029421 0.041661
39.071091 0.041670
39.112763 0.041672
39.154373 0.041610
39.196092 0.041719
39.237759 0.041667
39.279428 0.041669
39.333120 0.053693
39.362761 0.029641
39.425116 0.062355
39.446094 0.020977
39.535172 0.089079
39.571086 0.035914
39.612760 0.041674
39.654427 0.041667
39.700794 0.046367
39.745167 0.044373
39.779427 0.034260
39.821095 0.041669
39.864850 0.043754
39.904431 0.039581
39.970122 0.065692
40.029425 0.059303
40.079905 0.050480
40.112754 0.032849
40.154374 0.041619
40.196092 0.041718
40.237756 0.041664
40.279426 0.041670
40.321089 0.041664
40.362756 0.041666
40.404423 0.041667
40.446058 0.041635
40.487761 0.041703
40.529423 0.041662
40.571093 0.041670
40.612758 0.041665
40.654428 0.041670
40.696091 0.041663
40.737756 0.041665
40.779371 0.041615
40.821093 0.041722
40.862756 0.041663
40.904429 0.041673
40.946088 0.041659
40.987757 0.041669
41.029423 0.041666
41.071094 0.041671
41.112756 0.041662
41.154431 0.041676
41.196091 0.041660
41.237763 0.041671
41.279426 0.041664
41.321090 0.041663
41.362758 0.041669
41.404425 0.041666
41.446066 0.041641
41.487757 0.041692
41.529426 0.041668
41.571091 0.041665
41.612766 0.041675
41.654422 0.041657
41.696094 0.041672
41.737757 0.041663
41.779428 0.041671
41.821091 0.041663
41.862762 0.041671
41.904426 0.041663
41.946089 0.041663
41.987758 0.041669
42.029423 0.041666
42.071093 0.041669
42.112715 0.041623
42.154375 0.041660
42.196096 0.041721
42.237761 0.041666
42.279422 0.041661
42.321096 0.041673
42.362758 0.041662
42.404429 0.041671
42.446097 0.041668
42.487760 0.041663
42.529424 0.041664
42.571093 0.041669
42.612757 0.041664
42.654433 0.041676
42.696091 0.041657
42.737761 0.041671
42.779423 0.041661
42.821095 0.041672
42.862755 0.041660
42.904427 0.041672
42.946088 0.041661
42.987762 0.041674
43.029423 0.041661
43.071092 0.041669
43.112762 0.041670
43.154435 0.041673
43.196105 0.041670
43.237764 0.041659
43.279423 0.041659
43.321096 0.041673
43.362758 0.041662
43.404429 0.041671
43.446058 0.041628
43.487763 0.041705
43.529422 0.041660
43.571095 0.041672
43.612756 0.041661
43.654427 0.041672
43.696090 0.041663
43.737759 0.041669
43.779423 0.041664
43.821092 0.041669
43.862756 0.041664
43.904428 0.041672
43.946057 0.041629
43.987763 0.041706
44.029423 0.041660
44.071095 0.041672
44.112755 0.041660
44.154428 0.041673
44.196089 0.041662
44.237759 0.041670
44.279422 0.041663
44.321092 0.041670
44.362756 0.041663
44.404431 0.041675
44.446062 0.041631
44.487757 0.041695
44.529422 0.041665
44.571093 0.041671
44.612757 0.041664
44.654429 0.041673
44.696091 0.041661
44.737760 0.041669
44.779423 0.041662
44.821089 0.041666
44.862762 0.041673
44.904424 0.041662
44.946065 0.041641
44.987755 0.041690
45.029429 0.041673
45.071089 0.041660
45.112761 0.041672
45.194116 0.081354
45.237753 0.043638
45.279422 0.041668
45.321088 0.041667
45.362755 0.041667
45.404423 0.041667
45.446063 0.041640
45.487756 0.041693
45.529380 0.041624
45.571089 0.041708
45.612757 0.041669
45.654422 0.041664
45.696094 0.041672
45.737758 0.041664
45.779426 0.041669
45.821093 0.041667
45.862766 0.041673
45.904423 0.041657
45.946094 0.041671
45.987756 0.041662
46.031690 0.043934
46.071089 0.039399
46.112761 0.041672
46.154421 0.041660
46.196093 0.041672
46.237756 0.041663
46.284613 0.046857
46.321094 0.036481
46.362755 0.041661
46.404427 0.041672
46.446093 0.041667
46.487762 0.041669
46.529800 0.042038
46.571088 0.041288
46.612755 0.041667
46.654427 0.041671
46.696090 0.041663
46.737758 0.041668
46.779428 0.041670
46.821089 0.041661
46.862755 0.041666
46.904428 0.041673
46.946060 0.041632
46.987761 0.041701
47.029422 0.041661
47.071089 0.041667
47.112756 0.041667
47.154425 0.041669
47.196089 0.041664
47.237758 0.041669
47.279422 0.041664
47.321093 0.041671
47.362756 0.041663
47.404428 0.041672
47.446088 0.041660
47.487759 0.041671
47.529422 0.041662
47.571096 0.041674
47.612755 0.041659
47.654425 0.041670
47.696089 0.041664
47.737762 0.041672
47.779422 0.041660
47.821094 0.041673
47.862764 0.041669
47.904423 0.041659
47.946058 0.041635
47.987755 0.041697
48.029424 0.041668
48.071085 0.041662
48.112756 0.041671
48.154421 0.041665
48.196092 0.041671
48.237755 0.041663
48.279427 0.041671
48.321090 0.041663
48.362761 0.041671
48.404380 0.041619
48.446090 0.041711
48.487761 0.041671
48.537454 0.049693
48.571094 0.033640
48.634096 0.063002
48.654428 0.020332
48.722862 0.068434
48.796618 0.073756
48.858092 0.061474
48.904430 0.046338
48.946115 0.041685
49.034115 0.088001
49.071091 0.036975
49.138387 0.067297
49.178115 0.039727
49.210086 0.031971
49.237757 0.027672
49.279421 0.041664
49.321092 0.041671
49.362756 0.041664
49.404424 0.041668
49.446097 0.041673
49.487758 0.041661
49.529427 0.041668
49.571088 0.041662
49.612759 0.041670
49.654425 0.041666
49.696091 0.041666
49.737756 0.041665
49.779422 0.041666
49.821090 0.041668
49.862756 0.041665
49.904428 0.041672
49.946059 0.041631
49.987759 0.041700
50.029422 0.041663
50.071089 0.041667
50.112757 0.041668
50.154423 0.041666
50.196090 0.041667
50.237756 0.041666
50.279422 0.041666
50.321092 0.041670
50.362756 0.041664
50.404425 0.041669
50.446090 0.041665
50.487759 0.041669
50.529423 0.041665
50.571091 0.041668
50.612755 0.041664
50.654427 0.041672
50.696089 0.041662
50.737756 0.041667
50.779422 0.041667
50.821089 0.041667
50.862755 0.041666
50.904424 0.041668
50.946091 0.041667
50.987758 0.041667
51.029422 0.041664
51.071091 0.041669
51.112756 0.041665
51.154423 0.041667
51.196090 0.041667
51.237757 0.041667
51.279422 0.041666
51.321089 0.041667
51.362755 0.041666
51.404423 0.041667
51.446087 0.041664
51.487758 0.041672
51.529424 0.041666
51.571093 0.041669
51.612755 0.041662
51.654425 0.041670
51.696088 0.041663
51.737756 0.041667
51.779425 0.041669
51.821090 0.041665
51.862755 0.041665
51.904425 0.041670
51.946062 0.041638
51.987759 0.041697
52.029424 0.041664
52.071094 0.041670
52.112759 0.041665
52.154428 0.041669
52.205862 0.051434
52.237762 0.031900
52.279424 0.041663
52.336374 0.056949
52.362758 0.026385
52.404427 0.041669
52.446089 0.041662
52.487757 0.041667
52.529427 0.041671
52.571089 0.041662
52.612760 0.041671
52.654426 0.041666
52.696064 0.041638
52.740805 0.044741
52.779373 0.038568
52.821566 0.042193
52.862758 0.041192
52.904423 0.041665
52.946096 0.041673
52.987768 0.041672
53.029424 0.041657
53.071088 0.041663
53.112760 0.041672
53.154426 0.041666
53.196095 0.041669
53.237756 0.041661
53.279424 0.041668
53.321092 0.041668
53.362779 0.041687
53.404422 0.041642
53.446068 0.041646
53.487767 0.041699
53.529426 0.041659
53.571089 0.041662
53.612757 0.041669
53.654422 0.041665
53.696095 0.041673
53.737758 0.041663
53.779422 0.041664
53.821092 0.041670
53.862756 0.041663
53.904421 0.041666
53.946091 0.041670
53.987755 0.041664
54.029427 0.041672
54.071093 0.041666
54.112756 0.041663
54.154423 0.041667
54.196093 0.041670
54.237760 0.041668
54.279423 0.041663
54.321089 0.041665
54.362758 0.041669
54.404422 0.041664
54.446064 0.041642
54.487755 0.041691
54.529422 0.041667
54.571088 0.041667
54.612756 0.041668
54.654423 0.041667
54.696091 0.041667
54.737756 0.041665
54.779423 0.041667
54.821091 0.041668
54.862761 0.041670
54.904432 0.041671
54.948527 0.044095
54.987761 0.039233
55.038079 0.050319
55.118116 0.080037
55.179689 0.061573
55.230085 0.050396
55.279425 0.049340
55.321091 0.041667
55.373948 0.052856
55.404424 0.030476
55.450085 0.045661
55.501980 0.051894
55.531437 0.029457
55.571091 0.039654
55.612758 0.041667
55.654426 0.041668
55.696089 0.041663
55.737756 0.041667
55.779422 0.041666
55.821100 0.041678
55.862763 0.041663
55.904377 0.041614
55.946063 0.041687
55.992211 0.046147
56.039432 0.047221
56.071095 0.031663
56.112760 0.041666
56.154427 0.041667
56.196088 0.041661
56.237755 0.041667
56.279372 0.041617
56.321092 0.041720
56.362756 0.041664
56.404424 0.041668
56.446064 0.041640
56.487757 0.041693
56.529430 0.041673
56.571092 0.041661
56.612763 0.041671
56.654423 0.041661
56.696095 0.041672
56.737756 0.041661
56.779422 0.041666
56.821094 0.041672
56.862756 0.041662
56.904424 0.041668
56.946059 0.041635
56.987755 0.041695
57.029425 0.041670
57.071089 0.041664
57.112757 0.041668
57.154422 0.041665
57.196091 0.041669
57.237755 0.041664
57.279424 0.041669
57.321090 0.041666
57.362758 0.041668
57.404425 0.041667
57.446091 0.041665
57.487755 0.041664
57.529426 0.041671
57.571088 0.041662
57.612756 0.041668
57.654422 0.041666
57.696091 0.041669
57.737755 0.041664
57.779431 0.041676
57.821088 0.041657
57.862765 0.041677
57.904422 0.041657
57.946086 0.041664
57.987757 0.041671
58.029421 0.041664
58.071089 0.041668
58.112758 0.041668
58.154427 0.041669
58.196089 0.041662
58.237755 0.041666
58.279423 0.041668
58.321092 0.041670
58.362760 0.041668
58.404425 0.041665
58.446092 0.041666
58.487756 0.041664
58.529422 0.041666
58.571089 0.041666
58.612757 0.041668
58.654421 0.041665
58.696090 0.041668
58.737755 0.041666
58.779422 0.041666
58.821089 0.041667
58.862756 0.041667
58.904422 0.041666
58.946090 0.041668
58.987755 0.041665
59.029423 0.041668
59.071087 0.041664
59.112759 0.041672
59.154423 0.041664
59.196091 0.041669
59.237757 0.041666
59.279431 0.041675
59.342115 0.062683
59.486125 0.144010
59.590091 0.103966
59.673667 0.083576
59.742114 0.068446
59.850115 0.108001
59.904424 0.054309
59.946588 0.042164
59.987761 0.041173
60.029421 0.041661
60.071088 0.041667
60.112755 0.041667
60.154427 0.041672
60.196091 0.041664
60.240062 0.043971
60.279427 0.039365
60.321093 0.041666
60.362757 0.041664
60.404422 0.041665
60.446097 0.041675
60.487761 0.041665
60.529426 0.041664
60.571092 0.041667
60.612755 0.041663
60.654427 0.041671
60.696089 0.041662
60.737762 0.041673
60.779423 0.041661
60.821092 0.041668
60.862756 0.041665
60.904424 0.041668
60.946059 0.041635
60.987761 0.041702
61.029426 0.041664
61.071092 0.041666
61.112758 0.041666
61.154430 0.041672
61.196096 0.041666
61.237759 0.041662
61.279422 0.041664
61.321100 0.041678
61.362761 0.041661
61.404426 0.041665
61.446088 0.041662
61.487763 0.041675
61.529423 0.041661
61.571096 0.041673
61.612764 0.041667
61.654376 0.041612
61.696091 0.041716
61.737758 0.041667
61.779431 0.041673
61.821094 0.041663
61.862756 0.041662
61.904427 0.041671
61.946089 0.041662
61.987758 0.041669
62.029422 0.041665
62.071090 0.041667
62.112756 0.041666
62.154428 0.041672
62.196107 0.041679
62.237756 0.041650
62.279424 0.041667
62.321096 0.041672
62.472509 0.151414
62.529418 0.056909
62.571088 0.041670
62.612756 0.041668
62.654424 0.041668
62.696095 0.041671
62.737757 0.041662
62.779426 0.041669
62.821089 0.041663
62.862757 0.041667
62.904423 0.041667
62.946093 0.041669
62.987770 0.041677
63.029423 0.041653
63.071090 0.041666
63.112759 0.041670
63.154423 0.041664
63.196090 0.041666
63.237757 0.041668
63.279373 0.041616
63.321093 0.041721
63.362756 0.041663
63.404375 0.041619
63.446090 0.041715
63.487758 0.041668
63.529383 0.041625
63.571089 0.041707
63.612757 0.041667
63.654375 0.041618
63.696092 0.041718
63.737756 0.041664
63.779423 0.041667
63.821091 0.041668
63.862758 0.041668
63.904423 0.041665
63.946057 0.041634
63.987758 0.041701
64.029434 0.041676
64.071090 0.041656
64.112758 0.041668
64.154377 0.041620
64.196095 0.041717
64.237756 0.041661
64.279424 0.041668
64.321090 0.041667
64.362756 0.041666
64.404423 0.041667
64.446093 0.041670
64.487756 0.041663
64.529423 0.041667
64.571090 0.041667
64.612756 0.041665
64.654424 0.041668
64.696096 0.041672
64.762116 0.066020
64.794089 0.031973
64.821093 0.027004
64.906118 0.085025
64.978117 0.071999
65.029426 0.051309
65.071095 0.041669
65.112755 0.041660
65.154430 0.041675
65.214683 0.060253
65.242799 0.028116
65.279426 0.036628
65.321092 0.041666
65.362761 0.041669
65.404429 0.041668
65.446090 0.041661
65.487757 0.041666
65.529430 0.041674
65.575922 0.046492
65.612754 0.036832
65.654429 0.041675
65.696092 0.041663
65.737757 0.041665
65.779427 0.041670
65.821095 0.041668
65.874198 0.053103
65.904429 0.030231
65.946091 0.041662
65.987761 0.041670
66.029423 0.041662
66.071091 0.041668
66.112757 0.041666
66.154428 0.041671
66.196091 0.041663
66.237762 0.041671
66.279423 0.041661
66.321092 0.041669
66.362758 0.041666
66.404425 0.041667
66.446060 0.041635
66.487757 0.041697
66.529425 0.041668
66.571093 0.041668
66.612756 0.041663
66.654425 0.041669
66.696095 0.041670
66.737756 0.041661
66.789723 0.051967
66.821093 0.031370
66.862760 0.041667
66.904423 0.041663
66.946103 0.041680
66.987757 0.041654
67.029424 0.041667
67.071091 0.041668
67.112771 0.041680
67.164323 0.051552
67.196093 0.031770
67.237761 0.041668
67.279427 0.041666
67.359851 0.080424
67.414675 0.054824
67.446083 0.031408
67.530084 0.084001
67.571092 0.041009
67.631450 0.060358
67.661121 0.029671
67.696093 0.034971
67.738240 0.042147
67.779426 0.041186
67.821092 0.041666
67.862768 0.041675
67.904422 0.041654
67.946096 0.041674
67.991785 0.045689
68.030282 0.038497
68.071088 0.040806
68.112763 0.041675
68.154423 0.041660
68.196094 0.041672
68.237761 0.041667
68.279426 0.041665
68.324825 0.045399
68.362762 0.037936
68.404421 0.041660
68.446095 0.041674
68.492550 0.046455
68.529434 0.036884
68.571089 0.041655
68.612763 0.041674
68.654423 0.041659
68.696091 0.041668
68.737758 0.041667
68.779378 0.041620
68.821089 0.041712
68.862762 0.041672
68.904422 0.041660
68.946094 0.041673
68.987759 0.041664
69.029431 0.041672
69.071088 0.041658
69.112756 0.041667
69.162092 0.049337
69.196099 0.034007
69.243664 0.047565
69.286112 0.042448
69.321105 0.034993
69.362760 0.041654
69.404425 0.041665
69.642116 0.237691
69.741561 0.099446
69.779425 0.037863
69.821093 0.041669
69.862761 0.041668
69.922115 0.059354
69.982089 0.059974
70.029420 0.047331
70.071094 0.041674
70.112761 0.041667
70.154435 0.041674
70.196093 0.041658
70.251257 0.055164
70.279429 0.028172
70.326308 0.046879
70.362758 0.036450
70.404433 0.041675
70.448496 0.044063
70.494708 0.046212
70.529373 0.034664
70.578478 0.049105
70.612764 0.034286
70.654426 0.041662
70.696092 0.041666
70.737756 0.041665
70.779431 0.041675
70.821089 0.041658
70.862760 0.041671
70.904422 0.041662
70.946095 0.041672
70.987755 0.041660
71.029426 0.041671
71.071089 0.041663
71.112759 0.041671
71.154422 0.041662
71.196090 0.041669
71.237757 0.041667
71.279429 0.041672
71.321094 0.041665
71.362755 0.041660
71.404424 0.041670
71.446062 0.041637
71.487761 0.041699
71.529423 0.041662
71.571089 0.041666
71.612755 0.041666
71.663282 0.050527
71.696090 0.032808
71.737760 0.041671
71.779425 0.041665
71.822885 0.043460
71.862761 0.039876
71.904423 0.041661
71.946094 0.041671
71.987757 0.041663
72.029422 0.041665
72.071093 0.041672
72.112755 0.041662
72.154429 0.041674
72.196089 0.041659
72.237772 0.041683
72.279424 0.041652
72.328760 0.049336
72.362756 0.033996
72.404422 0.041667
72.446091 0.041668
72.487764 0.041674
72.529423 0.041659
72.571096 0.041673
72.612756 0.041660
72.654424 0.041668
72.696090 0.041666
72.737762 0.041673
72.779421 0.041659
72.821095 0.041674
72.862759 0.041664
72.904423 0.041664
72.946089 0.041665
72.987762 0.041673
73.029421 0.041660
73.071094 0.041673
73.112755 0.041661
73.154422 0.041667
73.196089 0.041667
73.237756 0.041668
73.279422 0.041666
73.321093 0.041671
73.362755 0.041662
73.404428 0.041673
73.446059 0.041630
73.487764 0.041705
73.529423 0.041660
73.571095 0.041672
73.612755 0.041660
73.654426 0.041671
73.696091 0.041664
73.737759 0.041669
73.779422 0.041663
73.821092 0.041669
73.862756 0.041664
73.904422 0.041667
73.946088 0.041665
73.987755 0.041668
74.029421 0.041666
74.071588 0.042167
74.112756 0.041168
74.164455 0.051699
74.196104 0.031649
74.237767 0.041663
74.279383 0.041616
74.321093 0.041710
74.371181 0.050088
74.413119 0.041938
74.484764 0.071645
74.548307 0.063543
74.606117 0.057810
74.659354 0.053238
74.696089 0.036734
74.739015 0.042926
74.779425 0.040410
74.821088 0.041663
74.862757 0.041669
74.904421 0.041663
74.946096 0.041675
74.987755 0.041660
75.029422 0.041667
75.071089 0.041666
75.112760 0.041672
75.154422 0.041662
75.196091 0.041669
75.237755 0.041665
75.279427 0.041672
75.321089 0.041662
75.362756 0.041668
75.404422 0.041665
75.446065 0.041644
75.487756 0.041690
75.529430 0.041674
75.571088 0.041659
75.612756 0.041667
75.654422 0.041666
75.696089 0.041667
75.737761 0.041672
75.779428 0.041667
75.821088 0.041660
75.862760 0.041672
75.904426 0.041666
75.946089 0.041663
75.987755 0.041666
76.029421 0.041666
76.071096 0.041674
76.112755 0.041660
76.154423 0.041668
76.196090 0.041667
76.237757 0.041667
76.279422 0.041665
76.321091 0.041669
76.362756 0.041665
76.404427 0.041671
76.446088 0.041660
76.487766 0.041678
76.529429 0.041663
76.572656 0.043227
76.612755 0.040099
76.654432 0.041677
76.696076 0.041644
76.739184 0.043107
76.779426 0.040243
76.821094 0.041668
76.862919 0.041825
76.904423 0.041504
76.950782 0.046360
76.987760 0.036978
77.029425 0.041665
77.071091 0.041665
77.112758 0.041667
77.154422 0.041664
77.196090 0.041667
77.237755 0.041665
77.279423 0.041668
77.321089 0.041666
77.362755 0.041666
77.404422 0.041667
77.446091 0.041669
77.487755 0.041664
77.529426 0.041671
77.571090 0.041664
77.612757 0.041667
77.654422 0.041665
77.696090 0.041667
77.737756 0.041666
77.779423 0.041667
77.821089 0.041666
77.862758 0.041669
77.904426 0.041668
77.946063 0.041637
77.987755 0.041692
78.029425 0.041670
78.071093 0.041667
78.112764 0.041671
78.154372 0.041608
78.200944 0.046572
78.237763 0.036819
78.279425 0.041662
78.321093 0.041668
78.362758 0.041664
78.404425 0.041667
78.446086 0.041661
78.487758 0.041672
78.529423 0.041666
78.571092 0.041669
78.612755 0.041663
78.654424 0.041669
78.696088 0.041664
78.737757 0.041669
78.779421 0.041664
78.821089 0.041669
78.862758 0.041668
78.904422 0.041664
78.946090 0.041668
78.987752 0.041662
79.029432 0.041680
79.071088 0.041656
79.112756 0.041668
79.154422 0.041666
79.196090 0.041668
79.237756 0.041666
79.279425 0.041669
79.321094 0.041670
79.362759 0.041664
79.404422 0.041664
79.446090 0.041668
79.487757 0.041667
79.529424 0.041667
79.571089 0.041665
79.612759 0.041670
79.654374 0.041615
79.696090 0.041716
79.737756 0.041666
79.779423 0.041667
79.821088 0.041665
79.862757 0.041669
79.904422 0.041665
79.946090 0.041668
79.987758 0.041667
80.029430 0.041672
80.071090 0.041661
80.154112 0.083021
80.210112 0.056000
80.242628 0.032516
80.282371 0.039743
80.321092 0.038721
80.362756 0.041663
80.404431 0.041675
80.454410 0.049979
80.487759 0.033349
80.529422 0.041663
80.571090 0.041668
80.612758 0.041668
80.654422 0.041664
80.696091 0.041669
80.737758 0.041667
80.779425 0.041667
80.821088 0.041663
80.862756 0.041668
80.904421 0.041664
80.946093 0.041672
80.987758 0.041666
81.029428 0.041670
81.071104 0.041676
81.112757 0.041653
81.154424 0.041667
81.196089 0.041664
81.237759 0.041670
81.279377 0.041618
81.321089 0.041712
81.362757 0.041668
81.404423 0.041667
81.446085 0.041662
81.487755 0.041670
81.529421 0.041666
81.571089 0.041667
81.612755 0.041666
81.654428 0.041674
81.696088 0.041660
81.737758 0.041670
81.779422 0.041663
81.821091 0.041670
81.862756 0.041664
81.904423 0.041667
81.946090 0.041668
81.987760 0.041670
82.029424 0.041664
82.071098 0.041673
82.112765 0.041668
82.159997 0.047231
82.196089 0.036093
82.237764 0.041675
82.289582 0.051817
82.321093 0.031512
82.362761 0.041668
82.404429 0.041668
82.446107 0.041678
82.487755 0.041648
82.529423 0.041668
82.571095 0.041672
82.612760 0.041665
82.654432 0.041673
82.696093 0.041660
82.737757 0.041664
82.779425 0.041668
82.821091 0.041666
82.862763 0.041671
82.904422 0.041659
82.946089 0.041667
82.987756 0.041667
83.029423 0.041667
83.071089 0.041666
83.112756 0.041667
83.154373 0.041617
83.196090 0.041717
83.237757 0.041667
83.279424 0.041668
83.321088 0.041664
83.362756 0.041668
83.404426 0.041670
83.446087 0.041661
83.487755 0.041668
83.529426 0.041670
83.571092 0.041666
83.612758 0.041666
83.654422 0.041664
83.696091 0.041668
83.737764 0.041674
83.779426 0.041662
83.821093 0.041667
83.862756 0.041663
83.904422 0.041666
83.946067 0.041645
83.987755 0.041688
84.029424 0.041670
84.071091 0.041666
84.112760 0.041669
84.154422 0.041663
84.196091 0.041669
84.237756 0.041665
84.279431 0.041675
84.321092 0.041661
84.362759 0.041667
84.404423 0.041664
84.446065 0.041643
84.487755 0.041690
84.529425 0.041670
84.571091 0.041666
84.612760 0.041668
84.654423 0.041663
84.696095 0.041672
84.737760 0.041665
84.779421 0.041661
84.821093 0.041672
84.862758 0.041665
84.904422 0.041664
84.946067 0.041645
84.987760 0.041693
85.029423 0.041662
85.071091 0.041669
85.112755 0.041664
85.154427 0.041672
85.196091 0.041664
85.237755 0.041664
85.279424 0.041669
85.321099 0.041675
85.362767 0.041669
85.404422 0.041655
85.446102 0.041680
85.490100 0.043999
85.529423 0.039323
85.571098 0.041675
85.612759 0.041661
85.654424 0.041664
85.696089 0.041665
85.737756 0.041667
85.779420 0.041664
85.821094 0.041673
85.862760 0.041666
85.904422 0.041663
85.946081 0.041658
85.987756 0.041675
86.029423 0.041667
86.071089 0.041666
86.112755 0.041666
86.154423 0.041668
86.196090 0.041667
86.237755 0.041666
86.279421 0.041666
86.321089 0.041668
86.362755 0.041666
86.404422 0.041667
86.446072 0.041650
86.487756 0.041684
86.529422 0.041666
86.571089 0.041667
86.612755 0.041666
86.654423 0.041668
86.696089 0.041666
86.737760 0.041671
86.779423 0.041663
86.821089 0.041666
86.862755 0.041667
86.904422 0.041667
86.946091 0.041669
86.987759 0.041668
87.029423 0.041664
87.071088 0.041666
87.112755 0.041667
87.154373 0.041617
87.196090 0.041717
87.237755 0.041666
87.279425 0.041670
87.321089 0.041664
87.362756 0.041667
87.404422 0.041667
87.446087 0.041665
87.487761 0.041674
87.529429 0.041668
87.594111 0.064682
87.655125 0.061013
87.696088 0.040963
87.802125 0.106036
87.902113 0.099989
87.978116 0.076003
88.082119 0.104002
88.112760 0.030641
88.211295 0.098535
88.303247 0.091952
88.398116 0.094869
88.479795 0.081679
88.566114 0.086319
88.648620 0.082506
88.746019 0.097399
88.806114 0.060095
88.906115 0.100001
88.988093 0.081978
89.070665 0.082572
89.131195 0.060530
89.233282 0.102088
89.305790 0.072507
89.386087 0.080297
89.478916 0.092829
89.542883 0.063967
89.634122 0.091239
89.727495 0.093373
89.800476 0.072981
89.866112 0.065636
89.946099 0.079987
89.987755 0.041656
90.029425 0.041669
90.071089 0.041664
90.112755 0.041666
90.154421 0.041666
90.196088 0.041667
90.237757 0.041669
90.279425 0.041668
90.321090 0.041665
90.362755 0.041666
90.404428 0.041673
90.446098 0.041670
90.487764 0.041666
90.533564 0.045800
90.581505 0.047941
90.653200 0.071694
90.714890 0.061691
90.739579 0.024689
90.779422 0.039843
90.850089 0.070667
90.921975 0.071887
90.957211 0.035236
90.987766 0.030554
91.029428 0.041662
91.092326 0.062898
91.154420 0.062094
91.196089 0.041670
91.237755 0.041666
91.279422 0.041667
91.321090 0.041668
91.362707 0.041617
91.404421 0.041714
91.446057 0.041636
91.487759 0.041702
91.529423 0.041664
91.571803 0.042381
91.612762 0.040959
91.654428 0.041666
91.696094 0.041666
91.747574 0.051479
91.826118 0.078544
91.878087 0.051969
91.946739 0.068652
92.026115 0.079376
92.099925 0.073810
92.138126 0.038200
92.186114 0.047989
92.260399 0.074285
92.342120 0.081721
92.362761 0.020641
92.470491 0.107729
92.514106 0.043615
92.558141 0.044035
92.642063 0.083922
92.699038 0.056976
92.738862 0.039824
92.779428 0.040566
92.826519 0.047091
92.862755 0.036236
92.904426 0.041671
92.946059 0.041633
92.987756 0.041697
93.029430 0.041673
93.082111 0.052682
93.122116 0.040004
93.156011 0.033895
93.196091 0.040080
93.237757 0.041666
93.279424 0.041667
93.321092 0.041669
93.362758 0.041665
93.404433 0.041675
93.446087 0.041654
93.487756 0.041669
93.529427 0.041671
93.571097 0.041669
93.612758 0.041661
93.654423 0.041665
93.696093 0.041670
93.737757 0.041664
93.779372 0.041616
93.821089 0.041717
93.862756 0.041667
93.904424 0.041668
93.946062 0.041638
93.987757 0.041695
94.029423 0.041666
94.071094 0.041671
94.112756 0.041662
94.154429 0.041673
94.196092 0.041664
94.237761 0.041669
94.279426 0.041665
94.321093 0.041667
94.362717 0.041624
94.418371 0.055654
94.446065 0.027694
94.487757 0.041692
94.529428 0.041671
94.571088 0.041660
94.612759 0.041671
94.654426 0.041667
94.699070 0.044644
94.737757 0.038687
94.779426 0.041669
94.821090 0.041664
94.862760 0.041669
94.904423 0.041663
94.946061 0.041637
94.987758 0.041697
95.029424 0.041666
95.071089 0.041665
95.112756 0.041667
95.154425 0.041669
95.196092 0.041668
95.237757 0.041664
95.279425 0.041668
95.321090 0.041665
95.362760 0.041670
95.404426 0.041667
95.446091 0.041664
95.487757 0.041666
95.529429 0.041672
95.571089 0.041660
95.612757 0.041668
95.658386 0.045630
95.696102 0.037716
95.737756 0.041653
95.782000 0.044244
95.821089 0.039089
95.874142 0.053053
95.904424 0.030282
95.946061 0.041638
95.987767 0.041706
96.029949 0.042181
96.071102 0.041153
96.112761 0.041659
96.154426 0.041665
96.196089 0.041663
96.237756 0.041667
96.279423 0.041667
96.321089 0.041666
96.362764 0.041675
96.404424 0.041659
96.446089 0.041666
96.487756 0.041667
96.529429 0.041673
96.571090 0.041661
96.612760 0.041670
96.654423 0.041663
96.696091 0.041669
96.737756 0.041665
96.779430 0.041674
96.821087 0.041657
96.862757 0.041669
96.904425 0.041668
96.946066 0.041641
96.987757 0.041691
97.029424 0.041668
97.071089 0.041665
97.121255 0.050166
97.154424 0.033169
97.196089 0.041665
97.237757 0.041668
97.279422 0.041665
97.321089 0.041667
97.362757 0.041668
97.404425 0.041668
97.446090 0.041665
97.487767 0.041677
97.529423 0.041657
97.571095 0.041671
97.616619 0.045525
97.654431 0.037812
97.714274 0.059843
97.755531 0.041257
97.779428 0.023897
97.834271 0.054843
97.873826 0.039555
97.954065 0.080239
97.987731 0.033666
98.029429 0.041697
98.074151 0.044722
98.112764 0.038613
98.154427 0.041663
98.199214 0.044787
98.237763 0.038549
98.279429 0.041666
98.321099 0.041670
98.363801 0.042702
98.404422 0.040621
98.446059 0.041637
98.487756 0.041696
98.529427 0.041671
98.571092 0.041666
98.612756 0.041664
98.654423 0.041668
98.696089 0.041666
98.737755 0.041666
98.779423 0.041668
98.821089 0.041666
98.862761 0.041672
98.904421 0.041660
98.946088 0.041667
98.987757 0.041669
99.029422 0.041665
99.071094 0.041673
99.112755 0.041660
99.154422 0.041668
99.196089 0.041666
99.237758 0.041669
99.279374 0.041616
99.321100 0.041726
99.362757 0.041657
99.404424 0.041666
99.446086 0.041663
99.487758 0.041672
99.529423 0.041665
99.571091 0.041668
99.612756 0.041665
99.654423 0.041667
99.696091 0.041668
99.737757 0.041666
99.779422 0.041665
99.821094 0.041672
99.862757 0.041663
99.904429 0.041672
99.946061 0.041631
99.987764 0.041704
100.029424 0.041660
100.071095 0.041672
100.112757 0.041661
100.154423 0.041666
100.196091 0.041668
100.237757 0.041666
100.279424 0.041666
100.321090 0.041666
100.362703 0.041614
100.404426 0.041722
100.446089 0.041663
100.487756 0.041667
100.529426 0.041670
100.571095 0.041669
100.756255 0.185160
100.819541 0.063286
100.906062 0.086521
100.986063 0.080001
101.049322 0.063259
101.182963 0.133640
101.234261 0.051298
101.378444 0.144183
101.462344 0.083900
101.510062 0.047719
101.550063 0.040001
101.674580 0.124517
101.718412 0.043831
101.779428 0.061017
101.826970 0.047541
101.878603 0.051633
101.933129 0.054526
101.987761 0.054633
102.029425 0.041663
102.071090 0.041665
102.112759 0.041669
102.154425 0.041666
102.196093 0.041668
102.237755 0.041662
102.279427 0.041671
102.321089 0.041662
102.362761 0.041672
102.404424 0.041663
102.446064 0.041641
102.487757 0.041692
102.529428 0.041672
102.571093 0.041664
102.612760 0.041667
102.654421 0.041662
102.696092 0.041671
102.737756 0.041665
102.779376 0.041620
102.821103 0.041727
102.862759 0.041656
102.904428 0.041670
102.946058 0.041630
102.987762 0.041703
103.029423 0.041661
103.071088 0.041666
103.112757 0.041669
103.154430 0.041673
103.196097 0.041667
103.237756 0.041659
103.279422 0.041665
103.321089 0.041668
103.362764 0.041674
103.404422 0.041658
103.446090 0.041668
103.487756 0.041666
103.529427 0.041671
103.571091 0.041664
103.613065 0.041974
103.654422 0.041357
103.696093 0.041671
103.737759 0.041665
103.779426 0.041668
103.821089 0.041663
103.862757 0.041667
103.904425 0.041668
103.952987 0.048562
103.987755 0.034768
104.029422 0.041667
104.071089 0.041667
104.112756 0.041667
104.154422 0.041666
104.196093 0.041671
104.237755 0.041662
104.279426 0.041671
104.321089 0.041662
104.362756 0.041667
104.404422 0.041666
104.446086 0.041664
104.487755 0.041669
104.529428 0.041673
104.571089 0.041661
104.612759 0.041670
104.654421 0.041662
104.696092 0.041671
104.737756 0.041664
104.779427 0.041671
104.821091 0.041664
104.862762 0.041670
104.904422 0.041660
104.946090 0.041669
104.987755 0.041665
105.029423 0.041668
105.071088 0.041665
105.112761 0.041673
105.154423 0.041662
105.196088 0.041665
105.237762 0.041674
105.279422 0.041660
105.321095 0.041673
105.362756 0.041660
105.404427 0.041671
105.446092 0.041665
105.487760 0.041668
105.529428 0.041668
105.571090 0.041662
105.612756 0.041666
105.654424 0.041669
105.696095 0.041670
105.737758 0.041663
105.779427 0.041669
105.821096 0.041669
105.862762 0.041666
105.904427 0.041665
105.946058 0.041632
105.987757 0.041698
106.029424 0.041668
106.071091 0.041667
106.112755 0.041663
106.154427 0.041673
106.196089 0.041661
106.237762 0.041673
106.279432 0.041670
106.321097 0.041665
106.362756 0.041659
106.404427 0.041670
106.446059 0.041632
106.487755 0.041696
106.529428 0.041673
106.571090 0.041662
106.612755 0.041665
106.654422 0.041667
106.696088 0.041666
106.737751 0.041663
106.779422 0.041671
106.821088 0.041666
106.862756 0.041667
106.904423 0.041668
106.946058 0.041635
106.987759 0.041701
107.029431 0.041672
107.071095 0.041664
107.112766 0.041671
107.211972 0.099206
107.237758 0.025785
107.338115 0.100358
107.368905 0.030790
107.404428 0.035523
107.446099 0.041671
107.493117 0.047017
107.529428 0.036311
107.571097 0.041670
107.612764 0.041667
107.654422 0.041657
107.696092 0.041670
107.737761 0.041669
107.779428 0.041667
107.821089 0.041662
107.862755 0.041666
107.904430 0.041675
107.947251 0.042821
107.987765 0.040514
108.029422 0.041656
108.071094 0.041672
108.112755 0.041662
108.154378 0.041622
108.196092 0.041714
108.237757 0.041665
108.279429 0.041673
108.321089 0.041660
108.362762 0.041673
108.404428 0.041666
108.446066 0.041638
108.487757 0.041691
108.529428 0.041672
108.571090 0.041661
108.612975 0.041886
108.654422 0.041447
108.696090 0.041667
108.737761 0.041671
108.779387 0.041626
108.821097 0.041710
108.862756 0.041659
108.904426 0.041671
108.946061 0.041634
108.987762 0.041701
109.029422 0.041661
109.071093 0.041671
109.112758 0.041665
109.154427 0.041668
109.196091 0.041664
109.237755 0.041664
109.279423 0.041668
109.321089 0.041666
109.362762 0.041673
109.404428 0.041666
109.446086 0.041658
109.487758 0.041672
109.539699 0.051941
109.571099 0.031400
109.612760 0.041660
109.665566 0.052807
109.696095 0.030529
109.737767 0.041672
109.779422 0.041654
109.821100 0.041679
109.862762 0.041661
109.904427 0.041666
109.955054 0.050627
110.005960 0.050906
110.029375 0.023415
110.071587 0.042212
110.112754 0.041167
110.154425 0.041671
110.196092 0.041667
110.241567 0.045475
110.279432 0.037865
110.321095 0.041663
110.362767 0.041672
110.404422 0.041655
110.446090 0.041668
110.487757 0.041667
110.529421 0.041665
110.571093 0.041671
110.612755 0.041663
110.654425 0.041669
110.696095 0.041670
110.827450 0.131355
110.926087 0.098637
111.018114 0.092027
111.081691 0.063577
111.113172 0.031481
111.236586 0.123414
111.298133 0.061547
111.334282 0.036149
111.362760 0.028478
111.417248 0.054488
111.481001 0.063753
111.529429 0.048428
111.571100 0.041671
111.613816 0.042716
111.685538 0.071722
111.737755 0.052218
111.779422 0.041666
111.821089 0.041667
111.862768 0.041679
111.904424 0.041656
111.946060 0.041636
111.987760 0.041700
112.029427 0.041667
112.071094 0.041667
112.112760 0.041666
112.166867 0.054107
112.196090 0.029222
112.237755 0.041666
112.286635 0.048880
112.321090 0.034455
112.362760 0.041670
112.404425 0.041665
112.446100 0.041675
112.487758 0.041658
112.529421 0.041663
112.571092 0.041671
112.612755 0.041664
112.654427 0.041672
112.696089 0.041662
112.737756 0.041667
112.779374 0.041618
112.821089 0.041715
112.862757 0.041667
112.904424 0.041668
112.946059 0.041635
112.987758 0.041699
113.029422 0.041664
113.071094 0.041672
113.112755 0.041661
113.154422 0.041667
113.196089 0.041667
113.237759 0.041670
113.279423 0.041664
113.321088 0.041665
113.362755 0.041667
113.404424 0.041669
113.446057 0.041634
113.487762 0.041704
113.529422 0.041660
113.571062 0.041641
113.612761 0.041698
113.657446 0.044685
113.696093 0.038647
113.744726 0.048633
113.822117 0.077391
113.862755 0.040638
113.904425 0.041670
113.951909 0.047484
113.987759 0.035850
114.046120 0.058361
114.071093 0.024973
114.112755 0.041662
114.166098 0.053343
114.196090 0.029992
114.237761 0.041671
114.279423 0.041662
114.321093 0.041670
114.362755 0.041662
114.406433 0.043678
114.446062 0.039629
114.487758 0.041696
114.529425 0.041667
114.574460 0.045035
114.621757 0.047296
114.700774 0.079017
114.770078 0.069304
114.821085 0.051007
114.862762 0.041676
114.904422 0.041660
114.962061 0.057639
114.988848 0.026786
115.039284 0.050436
115.071090 0.031806
115.147761 0.076671
115.196088 0.048327
115.237755 0.041667
115.279429 0.041674
115.321094 0.041666
115.371128 0.050034
115.406274 0.035146
115.446062 0.039788
115.487762 0.041700
115.534356 0.046594
115.571086 0.036730
115.612756 0.041670
115.663615 0.050859
115.696090 0.032475
115.737761 0.041671
115.779428 0.041668
115.821093 0.041665
115.862761 0.041668
115.904425 0.041664
115.947476 0.043051
115.997824 0.050348
116.029429 0.031604
116.071089 0.041660
116.115041 0.043953
116.154425 0.039384
116.196093 0.041668
116.246657 0.050564
116.279430 0.032774
116.321092 0.041662
116.363347 0.042255
116.404428 0.041081
116.446062 0.041634
116.487756 0.041694
116.529423 0.041667
116.571090 0.041666
116.612758 0.041669
116.654422 0.041664
116.696092 0.041670
116.737757 0.041665
116.779429 0.041671
116.821089 0.041660
116.862761 0.041672
116.904424 0.041664
116.946066 0.041642
116.987762 0.041696
117.029427 0.041665
117.071088 0.041662
117.112755 0.041667
117.154425 0.041670
117.196087 0.041662
117.237766 0.041679
117.279421 0.041655
117.321094 0.041672
117.362761 0.041667
117.404422 0.041662
117.446059 0.041636
117.487755 0.041696
117.529427 0.041672
117.571100 0.041673
117.612755 0.041655
117.654423 0.041668
117.696089 0.041666
117.737761 0.041672
117.779424 0.041662
117.821094 0.041671
117.862755 0.041661
117.904427 0.041671
117.946086 0.041659
117.987760 0.041674
118.029422 0.041662
118.071095 0.041673
118.112755 0.041660
118.154428 0.041672
118.196089 0.041662
118.237760 0.041671
118.279423 0.041663
118.321090 0.041667
118.362764 0.041674
118.404422 0.041658
118.446068 0.041646
118.493839 0.047770
118.529425 0.035587
118.571088 0.041663
118.612757 0.041669
118.654392 0.041635
118.706214 0.051821
118.737763 0.031550
118.779425 0.041662
118.821093 0.041668
118.866081 0.044988
118.904425 0.038344
118.978113 0.073688
119.033973 0.055860
119.075987 0.042015
119.112761 0.036773
119.154426 0.041665
119.222088 0.067662
119.274086 0.051998
119.331560 0.057475
119.362762 0.031202
119.430845 0.068084
119.485517 0.054671
119.529426 0.043909
119.571090 0.041664
119.612754 0.041664
119.654421 0.041667
119.696090 0.041669
119.737759 0.041669
119.779426 0.041667
119.821089 0.041663
119.862757 0.041668
119.904422 0.041665
119.946089 0.041667
119.987756 0.041667
120.029423 0.041667
120.071093 0.041670
120.112756 0.041663
120.154423 0.041667
120.196089 0.041666
120.237761 0.041672
120.279424 0.041663
120.321095 0.041671
120.362758 0.041663
120.404427 0.041669
120.446093 0.041666
120.487754 0.041661
120.529424 0.041670
120.571095 0.041671
120.612755 0.041661
120.654428 0.041673
120.696095 0.041667
120.737761 0.041666
120.779422 0.041661
120.821088 0.041666
120.862757 0.041669
120.904425 0.041668
120.946059 0.041634
120.987757 0.041698
121.029426 0.041669
121.071089 0.041663
121.112755 0.041666
121.154423 0.041667
121.196086 0.041663
121.237761 0.041675
121.279423 0.041662
121.321088 0.041666
121.362755 0.041667
121.404423 0.041668
121.446089 0.041666
121.487755 0.041666
121.529426 0.041671
121.571900 0.042473
121.612769 0.040869
121.654427 0.041659
121.697318 0.042890
121.737767 0.040450
121.779429 0.041661
121.906087 0.126658
121.999440 0.093353
122.086123 0.086683
122.142116 0.055993
122.290118 0.148002
122.369349 0.079232
122.518221 0.148872
122.571094 0.052872
122.670120 0.099026
122.743720 0.073600
122.790114 0.046393
122.830162 0.040048
122.873836 0.043674
122.906450 0.032614
122.946088 0.039638
122.987707 0.041619
123.029421 0.041714
123.071090 0.041669
123.112758 0.041668
123.154423 0.041665
123.196092 0.041669
123.237757 0.041664
123.279429 0.041672
123.321090 0.041661
123.362757 0.041668
123.404423 0.041666
123.446090 0.041667
123.487758 0.041667
123.529424 0.041666
123.571090 0.041667
123.612757 0.041667
123.654424 0.041667
123.696090 0.041666
123.737756 0.041666
123.779424 0.041668
123.821090 0.041666
123.862757 0.041666
123.904424 0.041667
123.946106 0.041682
123.987758 0.041651
124.029424 0.041666
124.071092 0.041668
124.112765 0.041673
124.154423 0.041658
124.196091 0.041668
124.237756 0.041665
124.279426 0.041670
124.321089 0.041663
124.362756 0.041667
124.404375 0.041619
124.446090 0.041715
124.487767 0.041677
124.529429 0.041662
124.571090 0.041661
124.612758 0.041668
124.654423 0.041665
124.696092 0.041669
124.737756 0.041665
124.779426 0.041669
124.821090 0.041664
124.862756 0.041667
124.904425 0.041668
124.946088 0.041663
124.987755 0.041668
125.029424 0.041669
125.071090 0.041665
125.112759 0.041669
125.154422 0.041663
125.196091 0.041668
125.237755 0.041665
125.279427 0.041672
125.321089 0.041662
125.362756 0.041667
125.404372 0.041616
125.446089 0.041717
125.487756 0.041666
125.529425 0.041670
125.571092 0.041667
125.612759 0.041667
125.654424 0.041665
125.696091 0.041667
125.737755 0.041664
125.779425 0.041670
125.821088 0.041663
125.862759 0.041671
125.904423 0.041663
125.946062 0.041639
125.987762 0.041700
126.042115 0.054353
126.122092 0.079977
126.226066 0.103974
126.320201 0.094135
126.385396 0.065195
126.478086 0.092689
126.590091 0.112005
126.670363 0.080272
126.723259 0.052896
126.776581 0.053322
126.871183 0.094602
126.962120 0.090937
127.014119 0.051998
127.054086 0.039967
127.112751 0.058666
127.154421 0.041670
127.196093 0.041672
127.237760 0.041667
127.279423 0.041663
127.321091 0.041668
127.362756 0.041665
127.404425 0.041669
127.446068 0.041643
127.487759 0.041691
127.529422 0.041662
127.571090 0.041669
127.612758 0.041668
127.654425 0.041667
127.703034 0.048609
127.737761 0.034727
127.779425 0.041664
127.821091 0.041666
127.862756 0.041665
127.904423 0.041668
127.947047 0.042623
127.988604 0.041557
128.029421 0.040818
128.071093 0.041672
128.112759 0.041666
128.154422 0.041663
128.196091 0.041669
128.237756 0.041666
128.279423 0.041666
128.321090 0.041667
128.362755 0.041665
128.404426 0.041670
128.446058 0.041633
128.487757 0.041699
128.529422 0.041664
128.571093 0.041672
128.612757 0.041664
128.654423 0.041665
128.696088 0.041666
128.737759 0.041670
128.779423 0.041664
128.821089 0.041666
128.862756 0.041667
128.904425 0.041670
128.946070 0.041644
128.987756 0.041687
129.029422 0.041666
129.071095 0.041672
129.112756 0.041661
129.154422 0.041667
129.196090 0.041668
129.237756 0.041666
129.279374 0.041618
129.321088 0.041714
129.362756 0.041667
129.404423 0.041667
129.446092 0.041669
129.487755 0.041663
129.529425 0.041670
129.571089 0.041663
129.612758 0.041669
129.654421 0.041664
129.696091 0.041669
129.737760 0.041670
129.791920 0.054159
129.821093 0.029174
129.862766 0.041672
129.904430 0.041664
129.946059 0.041629
129.987759 0.041700
130.029423 0.041663
130.071098 0.041675
130.112759 0.041661
130.154421 0.041662
130.196098 0.041677
130.237763 0.041665
130.279421 0.041658
130.321092 0.041671
130.362755 0.041663
130.404429 0.041674
130.459017 0.054588
130.487759 0.028742
130.529422 0.041663
130.571094 0.041671
130.612755 0.041662
130.654375 0.041620
130.696089 0.041714
130.737758 0.041669
130.779422 0.041665
130.821092 0.041670
130.862756 0.041663
130.904422 0.041666
130.946085 0.041662
130.987759 0.041675
131.029425 0.041666
131.071096 0.041671
131.112759 0.041663
131.154426 0.041667
131.196091 0.041665
131.237755 0.041664
131.279422 0.041667
131.321094 0.041672
131.362759 0.041666
131.404423 0.041664
131.446089 0.041666
131.487763 0.041674
131.529424 0.041661
131.571088 0.041664
131.612753 0.041665
131.654432 0.041679
131.696089 0.041656
131.737755 0.041667
131.779422 0.041667
131.821090 0.041668
131.862753 0.041662
131.904423 0.041670
131.946088 0.041666
131.987753 0.041665
132.029423 0.041670
132.071089 0.041666
132.112755 0.041666
132.154427 0.041672
132.196090 0.041663
132.237760 0.041670
132.279421 0.041660
132.321099 0.041678
132.370125 0.049027
132.404431 0.034306
132.446085 0.041654
132.487761 0.041676
132.532832 0.045071
132.571100 0.038267
132.612756 0.041656
132.654428 0.041672
132.696088 0.041660
132.737755 0.041667
132.779421 0.041666
132.821095 0.041673
132.862768 0.041673
132.904422 0.041654
132.946090 0.041668
132.987761 0.041671
133.029423 0.041662
133.071095 0.041673
133.112757 0.041661
133.154427 0.041670
133.196090 0.041663
133.237757 0.041668
133.279422 0.041665
133.321092 0.041670
133.362756 0.041663
133.404424 0.041668
133.453869 0.049444
133.487755 0.033887
133.529423 0.041668
133.571094 0.041671
133.669994 0.098900
133.696093 0.026099
133.748672 0.052579
133.779424 0.030752
133.831244 0.051821
133.862765 0.031521
133.904424 0.041659
133.946093 0.041669
133.987764 0.041671
134.029425 0.041661
134.071089 0.041664
134.112759 0.041670
134.154426 0.041667
134.196090 0.041664
134.237763 0.041673
134.286097 0.048334
134.321094 0.034997
134.362759 0.041665
134.404424 0.041665
134.446094 0.041670
134.487763 0.041668
134.529423 0.041660
134.571093 0.041670
134.612760 0.041667
134.654429 0.041669
134.696905 0.042476
134.737759 0.040854
134.779423 0.041664
134.821090 0.041667
134.862760 0.041671
134.904425 0.041664
134.946068 0.041644
134.987760 0.041691
135.029377 0.041617
135.101556 0.072179
135.154421 0.052865
135.196091 0.041669
135.241579 0.045488
135.279384 0.037804
135.321090 0.041707
135.362764 0.041673
135.412011 0.049247
135.446061 0.034051
135.487757 0.041695
135.529429 0.041672
135.571096 0.041668
135.612756 0.041660
135.654425 0.041669
135.696092 0.041667
135.737760 0.041668
135.779422 0.041662
135.821092 0.041669
135.862758 0.041666
135.904431 0.041673
135.946058 0.041628
135.987756 0.041697
136.029428 0.041672
136.071090 0.041661
136.112758 0.041668
136.154373 0.041615
136.196096 0.041723
136.237756 0.041661
136.279428 0.041671
136.321089 0.041662
136.362763 0.041673
136.404424 0.041661
136.446092 0.041669
136.487757 0.041664
136.529429 0.041673
136.571090 0.041661
136.612757 0.041666
136.654423 0.041666
136.696095 0.041672
136.737758 0.041663
136.779427 0.041669
136.821086 0.041659
136.862763 0.041676
136.904423 0.041660
136.946093 0.041670
136.987756 0.041663
137.029428 0.041672
137.071089 0.041662
137.112757 0.041667
137.154423 0.041666
137.196090 0.041667
137.237757 0.041666
137.279423 0.041667
137.321090 0.041667
137.362756 0.041666
137.404423 0.041667
137.446087 0.041664
137.487757 0.041670
137.529423 0.041666
137.571093 0.041670
137.612761 0.041668
137.654426 0.041665
137.696090 0.041663
137.737758 0.041669
137.779423 0.041664
137.821092 0.041669
137.862757 0.041665
137.904425 0.041668
137.946089 0.041663
137.987759 0.041671
138.029423 0.041664
138.071091 0.041668
138.112756 0.041665
138.154427 0.041670
138.196090 0.041664
138.237756 0.041666
138.279426 0.041670
138.321089 0.041663
138.362759 0.041670
138.404423 0.041664
138.446094 0.041671
138.487757 0.041663
138.529431 0.041674
138.694116 0.164684
138.739297 0.045181
138.779429 0.040132
138.827193 0.047764
138.862756 0.035563
138.904422 0.041666
138.946091 0.041669
138.992360 0.046268
139.033246 0.040887
139.071091 0.037845
139.112756 0.041665
139.154375 0.041619
139.196095 0.041720
139.246098 0.050003
139.279427 0.033329
139.390090 0.110663
139.411135 0.021045
139.446092 0.034956
139.546066 0.099974
139.602118 0.056052
139.654422 0.052304
139.696094 0.041672
139.737756 0.041662
139.779423 0.041668
139.821093 0.041670
139.865873 0.044780
139.904432 0.038559
139.956395 0.051963
139.991196 0.034802
140.029432 0.038235
140.076164 0.046732
140.116409 0.040245
140.154423 0.038014
140.204302 0.049878
140.274717 0.070416
140.321045 0.046327
140.368516 0.047472
140.404424 0.035907
140.446093 0.041669
140.500401 0.054308
140.529434 0.029033
140.571092 0.041658
140.612755 0.041662
140.654425 0.041670
140.696091 0.041667
140.737758 0.041666
140.779426 0.041669
140.821091 0.041665
140.862756 0.041665
140.904427 0.041671
140.946091 0.041664
140.987758 0.041668
141.029423 0.041665
141.071089 0.041666
141.112756 0.041668
141.154423 0.041667
141.196092 0.041669
141.237708 0.041615
141.279425 0.041718
141.321094 0.041668
141.362759 0.041665
141.404426 0.041667
141.446090 0.041665
141.487756 0.041666
141.529423 0.041667
141.571089 0.041666
141.612758 0.041669
141.654423 0.041665
141.696093 0.041670
141.737756 0.041663
141.779375 0.041619
141.821091 0.041716
141.862757 0.041666
141.904425 0.041668
141.946092 0.041667
141.987756 0.041664
142.029423 0.041666
142.071410 0.041987
142.112762 0.041352
142.154422 0.041660
142.199386 0.044964
142.237758 0.038372
142.279423 0.041665
142.330069 0.050646
142.362761 0.032691
142.404431 0.041670
142.446091 0.041661
142.547953 0.101861
142.598087 0.050134
142.631055 0.032968
142.686119 0.055065
142.757656 0.071537
142.779422 0.021766
142.821092 0.041670
142.862759 0.041667
142.925801 0.063042
142.946059 0.020258
143.019094 0.073035
143.071091 0.051998
143.113331 0.042240
143.154423 0.041092
143.197632 0.043209
143.237766 0.040134
143.279433 0.041667
143.370089 0.090656
143.430116 0.060027
143.492111 0.061995
143.544065 0.051954
143.632253 0.088188
143.654425 0.022172
143.696092 0.041667
143.760680 0.064587
143.779425 0.018745
143.821090 0.041665
143.862758 0.041669
143.904425 0.041667
143.946095 0.041670
143.987758 0.041663
144.029425 0.041666
144.071092 0.041667
144.112758 0.041666
144.154424 0.041666
144.196088 0.041664
144.237756 0.041667
144.279423 0.041667
144.321092 0.041669
144.362759 0.041667
144.404425 0.041666
144.446095 0.041670
144.487761 0.041666
144.529428 0.041667
144.571096 0.041667
144.612762 0.041666
144.654428 0.041667
144.696089 0.041661
144.737755 0.041666
144.779424 0.041668
144.821090 0.041666
144.862757 0.041667
144.904422 0.041665
144.946090 0.041668
144.987761 0.041671
145.186579 0.198818
145.346114 0.159535
145.446117 0.100003
145.487758 0.041641
145.613945 0.126187
145.806453 0.192508
145.909816 0.103363
145.994113 0.084297
146.076187 0.082074
146.228523 0.152336
146.289740 0.061217
146.338073 0.048333
146.378624 0.040552
146.459834 0.081210
146.487760 0.027925
146.542111 0.054352
146.582111 0.039999
146.634107 0.051996
146.696983 0.062877
146.739782 0.042799
146.779428 0.039646
146.866120 0.086692
146.939267 0.073146
146.987752 0.048485
147.029423 0.041671
147.071088 0.041666
147.112755 0.041667
147.154423 0.041668
147.196093 0.041670
147.237755 0.041662
147.279422 0.041667
147.321088 0.041666
147.362757 0.041668
147.404425 0.041668
147.446088 0.041663
147.487758 0.041670
147.529422 0.041664
147.571089 0.041668
147.612755 0.041666
147.654423 0.041668
147.696091 0.041667
147.737764 0.041674
147.779422 0.041658
147.821093 0.041671
147.862755 0.041662
147.904427 0.041672
147.946088 0.041661
147.987758 0.041670
148.029422 0.041664
148.071089 0.041667
148.112757 0.041668
148.154427 0.041670
148.196090 0.041662
148.237756 0.041667
148.279423 0.041666
148.321089 0.041666
148.362755 0.041666
148.404422 0.041667
148.446085 0.041663
148.487759 0.041674
148.529422 0.041662
148.571090 0.041668
148.612756 0.041666
148.654422 0.041666
148.696097 0.041674
148.737758 0.041661
148.779426 0.041669
148.821091 0.041665
148.862760 0.041669
148.904422 0.041663
148.946089 0.041667
148.987756 0.041668
149.029425 0.041669
149.071088 0.041663
149.112756 0.041667
149.154425 0.041670
149.196094 0.041668
149.237755 0.041662
149.279422 0.041667
149.321089 0.041667
149.362758 0.041669
149.404422 0.041664
149.446086 0.041664
149.487761 0.041675
149.529422 0.041661
149.571090 0.041668
149.612755 0.041666
149.654433 0.041678
149.696098 0.041665
149.737755 0.041657
149.779428 0.041673
149.821090 0.041662
149.862754 0.041664
149.904421 0.041667
149.946098 0.041677
149.987757 0.041659
150.029423 0.041666
150.071089 0.041665
150.112756 0.041667
150.154422 0.041667
150.196092 0.041669
150.237756 0.041664
150.279424 0.041668
150.321089 0.041666
150.362755 0.041666
150.404424 0.041669
150.446060 0.041636
150.487755 0.041695
150.529423 0.041667
150.571090 0.041668
150.612756 0.041666
150.654423 0.041667
150.696090 0.041667
150.737758 0.041668
150.779427 0.041669
150.821089 0.041662
150.862762 0.041673
150.904428 0.041667
150.946090 0.041662
150.987755 0.041665
151.029433 0.041678
151.071093 0.041659
151.112756 0.041663
151.154423 0.041667
151.196090 0.041667
151.237756 0.041666
151.279423 0.041667
151.321089 0.041667
151.362759 0.041670
151.404422 0.041662
151.446060 0.041639
151.487756 0.041695
151.529434 0.041679
151.571099 0.041664
151.612756 0.041657
151.654426 0.041670
151.696089 0.041663
151.737757 0.041668
151.779429 0.041672
151.821089 0.041660
151.862755 0.041666
151.904424 0.041669
151.946084 0.041661
151.987756 0.041672
152.029424 0.041668
152.071093 0.041669
152.112755 0.041662
152.154423 0.041668
152.196090 0.041667
152.237760 0.041670
152.279423 0.041662
152.321091 0.041668
152.362755 0.041664
152.404423 0.041667
152.446089 0.041666
152.487756 0.041667
152.529424 0.041668
152.571093 0.041669
152.612756 0.041663
152.654433 0.041677
152.696100 0.041667
152.737758 0.041658
152.787391 0.049633
152.821101 0.033710
152.862757 0.041657
152.904428 0.041670
152.946060 0.041633
152.987764 0.041704
153.029423 0.041659
153.071092 0.041669
153.112757 0.041665
153.154426 0.041669
153.196090 0.041664
153.237761 0.041671
153.279422 0.041661
153.321093 0.041671
153.362766 0.041673
153.404428 0.041661
153.446092 0.041664
153.494338 0.048246
153.539394 0.045056
153.571093 0.031698
153.612763 0.041670
153.654424 0.041661
153.696092 0.041669
153.737757 0.041665
153.781263 0.043505
153.821089 0.039827
153.862756 0.041667
153.904429 0.041673
153.946101 0.041672
153.987759 0.041657
154.029428 0.041669
154.079434 0.050006
154.114751 0.035318
154.154426 0.039674
154.196348 0.041922
154.244207 0.047859
154.279428 0.035221
154.321089 0.041661
154.362762 0.041673
154.409870 0.047108
154.446098 0.036228
154.487761 0.041663
154.529426 0.041666
154.571098 0.041672
154.612765 0.041667
154.666573 0.053807
154.703918 0.037345
154.737769 0.033851
154.789776 0.052007
154.821086 0.031310
154.862756 0.041669
154.904424 0.041668
154.946067 0.041643
155.090117 0.144050
155.150116 0.059999
155.196092 0.045976
155.254112 0.058020
155.279425 0.025313
155.370239 0.090815
155.404428 0.034188
155.451599 0.047171
155.494503 0.042904
155.529423 0.034920
155.571090 0.041667
155.612757 0.041667
155.655120 0.042363
155.696089 0.040969
155.737760 0.041671
155.779422 0.041662
155.821092 0.041670
155.862756 0.041665
155.904422 0.041665
155.946090 0.041669
155.987756 0.041665
156.029425 0.041670
156.071089 0.041663
156.112757 0.041668
156.154422 0.041665
156.196089 0.041668
156.237756 0.041667
156.279426 0.041670
156.321088 0.041662
156.362759 0.041671
156.404423 0.041663
156.446091 0.041668
156.487756 0.041665
156.529422 0.041666
156.571089 0.041667
156.612756 0.041667
156.654377 0.041622
156.696089 0.041712
156.737756 0.041667
156.779424 0.041668
156.821089 0.041665
156.862757 0.041668
156.904429 0.041672
157.098003 0.193574
157.210958 0.112955
157.237754 0.026796
157.344187 0.106433
157.408172 0.063985
157.446093 0.037921
157.487761 0.041668
157.570088 0.082327
157.612759 0.042670
157.654425 0.041666
157.696095 0.041670
157.780112 0.084018
157.838113 0.058001
157.871253 0.033139
157.904429 0.033176
157.985878 0.081449
158.038584 0.052706
158.071089 0.032505
158.112762 0.041672
158.166764 0.054003
158.196094 0.029330
158.251302 0.055208
158.279429 0.028127
158.333281 0.053852
158.362756 0.029476
158.404423 0.041667
158.446091 0.041668
158.487756 0.041665
158.529429 0.041673
158.576943 0.047514
158.612761 0.035818
158.654432 0.041671
158.698067 0.043636
158.737758 0.039691
158.779432 0.041674
158.821088 0.041656
158.862759 0.041671
158.904478 0.041719
158.946074 0.041596
158.987756 0.041682
159.029426 0.041669
159.071092 0.041667
159.115524 0.044432
159.154428 0.038904
159.203504 0.049076
159.237763 0.034259
159.279426 0.041663
159.321093 0.041667
159.394076 0.072983
159.446092 0.052016
159.487756 0.041664
159.529425 0.041669
159.571342 0.041917
159.612754 0.041412
159.654425 0.041672
159.696090 0.041665
159.737756 0.041666
159.779423 0.041667
159.821091 0.041669
159.871163 0.050072
159.904426 0.033262
159.948282 0.043856
159.987757 0.039475
160.029428 0.041671
160.086732 0.057305
160.116899 0.030167
160.154431 0.037532
160.199998 0.045567
160.238118 0.038120
160.279428 0.041311
160.321091 0.041662
160.362755 0.041664
160.404612 0.041858
160.446094 0.041481
160.487757 0.041663
160.529425 0.041668
160.571091 0.041667
160.612759 0.041667
160.654422 0.041664
160.696088 0.041665
160.737759 0.041671
160.779422 0.041663
160.821089 0.041667
160.862755 0.041666
160.904423 0.041668
160.946087 0.041664
160.987757 0.041670
161.029422 0.041665
161.071092 0.041670
161.112755 0.041664
161.154429 0.041674
161.196089 0.041659
161.237757 0.041668
161.279372 0.041615
161.321090 0.041718
161.362756 0.041666
161.406717 0.043962
161.446089 0.039371
161.487756 0.041667
161.529423 0.041667
161.571090 0.041666
161.612756 0.041666
161.659154 0.046398
161.696089 0.036936
161.737756 0.041666
161.779423 0.041667
161.821089 0.041667
161.862756 0.041666
161.904422 0.041666
161.946089 0.041667
161.987757 0.041668
162.029426 0.041669
162.071094 0.041668
162.138113 0.067019
162.223068 0.084955
162.279422 0.056354
162.410113 0.130691
162.510086 0.099973
162.610098 0.100012
162.654418 0.044320
162.696088 0.041670
162.737758 0.041670
162.779422 0.041664
162.821089 0.041667
162.862758 0.041669
162.904425 0.041667
162.946090 0.041664
162.987757 0.041667
163.029423 0.041666
163.071089 0.041666
163.112755 0.041666
163.154424 0.041669
163.196089 0.041665
163.237761 0.041672
163.279422 0.041661
163.324488 0.045066
163.362756 0.038267
163.404425 0.041669
163.446069 0.041644
163.487756 0.041687
163.529423 0.041667
163.571089 0.041666
163.612756 0.041667
163.654422 0.041666
163.696093 0.041670
163.737755 0.041662
163.779425 0.041670
163.821090 0.041665
163.862758 0.041668
163.904422 0.041664
163.946092 0.041670
163.987756 0.041665
164.029427 0.041671
164.081552 0.052124
164.112763 0.031211
164.154425 0.041662
164.196102 0.041676
164.237768 0.041666
164.279422 0.041654
164.321091 0.041669
164.363456 0.042365
164.406889 0.043433
164.446101 0.039212
164.487758 0.041657
164.529430 0.041672
164.576103 0.046673
164.612768 0.036665
164.654422 0.041654
164.697785 0.043363
164.737763 0.039979
164.786698 0.048935
164.821092 0.034394
164.862762 0.041670
164.904422 0.041661
164.956374 0.051952
164.996972 0.040598
165.029445 0.032473
165.071360 0.041915
165.116578 0.045218
165.154431 0.037853
165.196103 0.041673
165.239001 0.042898
165.279433 0.040432
165.321093 0.041660
165.362759 0.041666
165.406553 0.043793
165.446089 0.039537
165.487762 0.041673
165.529440 0.041677
165.571101 0.041662
165.612756 0.041654
165.654378 0.041622
165.696091 0.041713
165.737761 0.041670
165.779424 0.041662
165.821094 0.041670
165.862758 0.041664
165.904430 0.041672
165.946090 0.041660
165.987764 0.041674
166.029424 0.041660
166.071094 0.041670
166.112756 0.041662
166.154422 0.041667
166.196104 0.041681
166.242430 0.046327
166.279421 0.036990
166.321094 0.041673
166.362759 0.041665
166.412048 0.049289
166.446089 0.034041
166.487761 0.041672
166.529429 0.041668
166.571088 0.041659
166.612759 0.041671
166.654424 0.041665
166.696091 0.041667
166.737756 0.041666
166.779425 0.041669
166.821094 0.041668
166.862760 0.041666
166.904427 0.041667
166.946091 0.041664
166.987756 0.041664
167.029422 0.041667
167.071093 0.041670
167.112755 0.041663
167.154422 0.041667
167.196093 0.041671
167.237755 0.041662
167.279422 0.041667
167.321089 0.041667
167.362756 0.041667
167.404427 0.041671
167.446093 0.041666
167.487756 0.041663
167.529422 0.041666
167.571089 0.041667
167.612755 0.041666
167.654426 0.041670
167.696090 0.041664
167.737759 0.041670
167.779422 0.041663
167.821089 0.041667
167.862756 0.041667
167.904423 0.041667
167.946094 0.041671
167.987760 0.041666
168.029426 0.041666
168.071094 0.041668
168.112761 0.041667
168.154428 0.041667
168.196095 0.041667
168.237761 0.041666
168.279428 0.041667
168.321095 0.041667
168.362761 0.041666
168.404428 0.041667
168.446091 0.041663
168.487758 0.041667
168.529422 0.041664
168.571090 0.041668
168.612758 0.041668
168.654422 0.041663
168.696091 0.041669
168.737756 0.041665
168.779422 0.041666
168.821088 0.041666
168.862756 0.041668
168.904371 0.041615
168.946090 0.041718
168.987756 0.041666
169.029422 0.041666
169.071089 0.041667
169.112758 0.041669
169.154426 0.041667
169.196092 0.041666
169.237755 0.041663
169.279422 0.041667
169.321088 0.041667
169.362759 0.041671
169.404426 0.041667
169.446089 0.041663
169.487755 0.041666
169.529422 0.041667
169.571089 0.041667
169.612754 0.041666
169.654422 0.041668
169.696088 0.041666
169.737757 0.041668
169.779427 0.041670
169.821090 0.041663
169.862759 0.041669
169.904427 0.041668
169.946088 0.041661
169.987762 0.041673
170.029432 0.041671
170.071093 0.041661
170.112761 0.041667
170.154428 0.041668
170.196089 0.041661
170.237755 0.041666
170.279424 0.041669
170.321088 0.041665
170.362755 0.041667
170.404422 0.041667
170.446065 0.041643
170.487755 0.041690
170.529422 0.041667
170.571092 0.041669
170.612757 0.041666
170.654423 0.041665
170.696094 0.041671
170.737765 0.041671
170.779423 0.041658
170.821088 0.041665
170.862755 0.041667
170.904423 0.041668
170.946057 0.041634
170.987755 0.041698
171.029421 0.041666
171.071089 0.041667
171.112755 0.041666
171.154428 0.041673
171.196094 0.041667
171.237765 0.041670
171.279428 0.041663
171.321088 0.041660
171.362755 0.041667
171.404421 0.041666
171.446061 0.041640
171.487761 0.041700
171.529422 0.041661
171.571094 0.041672
171.612765 0.041671
171.654371 0.041606
171.696089 0.041719
171.737757 0.041668
171.779425 0.041667
171.821094 0.041669
