0.037240 0.037240
0.062350 0.025110
0.103021 0.040671
0.144683 0.041662
0.186336 0.041654
0.228013 0.041676
0.269663 0.041651
0.311345 0.041682
0.352975 0.041629
0.394676 0.041701
0.436353 0.041677
0.477982 0.041630
0.519709 0.041727
0.561381 0.041672
0.603042 0.041661
0.644708 0.041666
0.686308 0.041599
0.727977 0.041669
0.769681 0.041704
0.811371 0.041690
0.853031 0.041660
0.894699 0.041668
0.936349 0.041650
0.977967 0.041618
1.019683 0.041716
1.061322 0.041639
1.103017 0.041695
1.144688 0.041670
1.186346 0.041658
1.228014 0.041667
1.269681 0.041667
1.311358 0.041677
1.353014 0.041656
1.394684 0.041671
1.436346 0.041662
1.478014 0.041668
1.519679 0.041665
1.561347 0.041667
1.603013 0.041666
1.644680 0.041667
1.686347 0.041667
1.728014 0.041667
1.769680 0.041666
1.811345 0.041665
1.853013 0.041668
1.894685 0.041672
1.936350 0.041665
1.978022 0.041672
2.019686 0.041664
2.061348 0.041662
2.132812 0.071464
2.149505 0.016693
2.186347 0.036842
2.228012 0.041665
2.269682 0.041669
2.342315 0.072633
2.356538 0.014224
2.394681 0.038143
2.436347 0.041665
2.478015 0.041669
2.551367 0.073351
2.602976 0.051609
2.644682 0.041707
2.686350 0.041668
2.727971 0.041621
2.769688 0.041717
2.811363 0.041675
2.853014 0.041651
2.924879 0.071865
2.936347 0.011468
2.978018 0.041671
3.019692 0.041675
3.061348 0.041656
3.103014 0.041665
3.144681 0.041668
3.186348 0.041667
3.257831 0.071483
3.269680 0.011849
3.311348 0.041667
3.353012 0.041665
3.394681 0.041669
3.436346 0.041665
3.478014 0.041668
3.519681 0.041667
3.561346 0.041665
3.603013 0.041667
3.644680 0.041667
3.689780 0.045100
3.728014 0.038235
3.769679 0.041665
3.811350 0.041671
3.853016 0.041666
3.894684 0.041667
3.936352 0.041669
3.978032 0.041680
4.019679 0.041647
4.089822 0.070143
4.109763 0.019940
4.144679 0.034916
4.186347 0.041668
4.228010 0.041664
4.269684 0.041674
4.311352 0.041668
4.353019 0.041667
4.394683 0.041664
4.436350 0.041667
4.478020 0.041669
4.553766 0.075746
4.603014 0.049248
4.681767 0.078753
4.728010 0.046244
4.878577 0.150566
4.938965 0.060388
5.105821 0.166857
5.304139 0.198318
5.353017 0.048878
5.618286 0.265269
5.679392 0.061105
5.751326 0.071935
5.943527 0.192200
6.156640 0.213114
6.273066 0.116426
6.532721 0.259655
6.580272 0.047551
6.790054 0.209782
6.851679 0.061625
6.897823 0.046144
7.093821 0.195999
7.152813 0.058992
7.186342 0.033528
7.228018 0.041676
7.311226 0.083208
7.353013 0.041788
7.417820 0.064806
7.589489 0.171669
7.641128 0.051639
7.691298 0.050169
7.728020 0.036722
7.892547 0.164527
7.943624 0.051078
7.978015 0.034391
8.019905 0.041889
8.170887 0.150982
8.187300 0.016413
8.228008 0.040707
8.347257 0.119249
8.394674 0.047417
8.537686 0.143011
8.569714 0.032028
8.603010 0.033296
8.644683 0.041673
8.741559 0.096876
8.797762 0.056203
8.853015 0.055253
8.894687 0.041672
8.936348 0.041660
8.986997 0.050649
9.019680 0.032683
9.061348 0.041668
9.103014 0.041666
9.151765 0.048751
9.186345 0.034580
9.373818 0.187473
9.500430 0.126612
9.545319 0.044889
9.588398 0.043079
9.630212 0.041814
9.757819 0.127607
9.861192 0.103374
9.894681 0.033488
9.943291 0.048611
10.033825 0.090534
10.061805 0.027980
10.103013 0.041208
10.144681 0.041669
10.186347 0.041666
10.228024 0.041677
10.269690 0.041665
10.321299 0.051610
10.353024 0.031725
10.404536 0.051512
10.436358 0.031822
10.478025 0.041667
10.519685 0.041659
10.561351 0.041666
10.603016 0.041665
10.644688 0.041671
10.686351 0.041664
10.728016 0.041664
10.769689 0.041673
10.811347 0.041658
10.853013 0.041666
10.894681 0.041667
10.936350 0.041670
10.978022 0.041672
11.019683 0.041661
11.061347 0.041664
11.103015 0.041668
11.144685 0.041670
11.186350 0.041665
11.227969 0.041619
11.269690 0.041722
11.311346 0.041656
11.353013 0.041667
11.394680 0.041667
11.436346 0.041666
11.478013 0.041667
11.519680 0.041667
11.561346 0.041665
11.603019 0.041673
11.644681 0.041662
11.686347 0.041666
11.728014 0.041667
11.769679 0.041665
11.811352 0.041673
11.853023 0.041670
11.894685 0.041662
11.973837 0.079152
12.023875 0.050039
12.105779 0.081904
12.173823 0.068044
12.207584 0.033761
12.317820 0.110236
12.353018 0.035198
12.414348 0.061331
12.511823 0.097475
12.561348 0.049524
12.635877 0.074529
12.697820 0.061943
12.751873 0.054053
12.845787 0.093914
12.896947 0.051160
12.977370 0.080423
13.042521 0.065152
13.125823 0.083302
13.210864 0.085042
13.281826 0.070962
13.335881 0.054055
13.443878 0.107997
13.521784 0.077906
13.570485 0.048701
13.612112 0.041627
13.708019 0.095907
13.763492 0.055473
13.859227 0.095735
13.927884 0.068658
13.978013 0.050128
14.053805 0.075792
14.159892 0.106088
14.209817 0.049925
14.269835 0.060018
14.311344 0.041509
14.365945 0.054601
14.394686 0.028741
14.436348 0.041661
14.478020 0.041672
14.519684 0.041664
14.561352 0.041668
14.603018 0.041666
14.644684 0.041666
14.686358 0.041674
14.727971 0.041613
14.769694 0.041723
14.811348 0.041654
14.853014 0.041666
14.894681 0.041667
14.936350 0.041669
14.978019 0.041669
15.019684 0.041665
15.061364 0.041680
15.103015 0.041651
15.144683 0.041668
15.186348 0.041664
15.228018 0.041670
15.269683 0.041665
15.311348 0.041665
15.353013 0.041665
15.394681 0.041668
15.436360 0.041679
15.497798 0.061438
15.527904 0.030107
15.561348 0.033444
15.603018 0.041670
15.644685 0.041667
15.686351 0.041666
15.728015 0.041663
15.769681 0.041666
15.829828 0.060147
15.852967 0.023138
15.894680 0.041714
15.936352 0.041672
15.978022 0.041670
16.349568 0.371546
16.685548 0.335979
16.774056 0.088508
16.832994 0.058939
16.856938 0.023944
16.894680 0.037741
16.936350 0.041671
17.085578 0.149227
17.140757 0.055179
17.186342 0.045586
17.228017 0.041674
17.393460 0.165443
17.458603 0.065144
17.519675 0.061072
17.561348 0.041673
17.697816 0.136467
17.768062 0.070246
17.811343 0.043282
17.853018 0.041674
18.001786 0.148768
18.058364 0.056579
18.103009 0.044645
18.144683 0.041674
18.269819 0.125136
18.326728 0.056909
18.357405 0.030677
18.394681 0.037276
18.501849 0.107168
18.578931 0.077082
18.611840 0.032910
18.644677 0.032836
18.762114 0.117438
18.829965 0.067850
18.863047 0.033082
18.894684 0.031637
18.936357 0.041672
18.978025 0.041669
19.019689 0.041663
19.061303 0.041614
19.102970 0.041667
19.144684 0.041714
19.186351 0.041667
19.227979 0.041628
19.269680 0.041702
19.311347 0.041667
19.353014 0.041667
19.394683 0.041669
19.436352 0.041669
19.478015 0.041663
19.519680 0.041665
19.561347 0.041667
19.603014 0.041666
19.644679 0.041666
19.686347 0.041668
19.727972 0.041625
19.769686 0.041714
19.811362 0.041677
19.853019 0.041657
19.894683 0.041664
19.936353 0.041670
19.978018 0.041665
20.019685 0.041667
20.061361 0.041676
20.103015 0.041654
20.144681 0.041666
20.186348 0.041666
20.228014 0.041667
20.269680 0.041666
20.311348 0.041668
20.353014 0.041666
20.394681 0.041667
20.436349 0.041668
20.478016 0.041667
20.519686 0.041670
20.561352 0.041667
20.602970 0.041618
20.644680 0.041710
20.686348 0.041668
20.728015 0.041667
20.769681 0.041667
20.811348 0.041667
20.853013 0.041666
20.894681 0.041668
20.936348 0.041667
20.978013 0.041665
21.019681 0.041668
21.061353 0.041671
21.102969 0.041617
21.144691 0.041722
21.186346 0.041655
21.228014 0.041668
21.269680 0.041667
21.311352 0.041672
21.353016 0.041664
21.394680 0.041664
21.436346 0.041666
21.478016 0.041669
21.519681 0.041665
21.561348 0.041667
21.603015 0.041667
21.644681 0.041666
21.686349 0.041668
21.728014 0.041665
21.769681 0.041667
21.811348 0.041668
21.853015 0.041666
21.894691 0.041677
21.945825 0.051134
21.978020 0.032195
22.019686 0.041666
22.061353 0.041667
22.103018 0.041665
22.144686 0.041668
22.186348 0.041662
22.228016 0.041668
22.345824 0.117808
22.509979 0.164155
22.673826 0.163847
22.854325 0.180498
23.089821 0.235496
23.144679 0.054859
23.250385 0.105706
23.311341 0.060956
23.353010 0.041669
23.394685 0.041675
23.482407 0.087722
23.533824 0.051418
23.569916 0.036092
23.602966 0.033051
23.644681 0.041714
23.686355 0.041675
23.728022 0.041667
23.769683 0.041661
23.811351 0.041668
23.853019 0.041668
23.894685 0.041666
23.936351 0.041666
23.978018 0.041667
24.019686 0.041668
24.061347 0.041662
24.103014 0.041667
24.144680 0.041666
24.196400 0.051721
24.228014 0.031614
24.269682 0.041667
24.311349 0.041667
24.361713 0.050364
24.394685 0.032972
24.436301 0.041616
24.478011 0.041710
24.521824 0.043813
24.561352 0.039528
24.602970 0.041618
24.644685 0.041715
24.686351 0.041666
24.728025 0.041674
24.769684 0.041658
24.811349 0.041665
24.852970 0.041621
24.894691 0.041721
24.936346 0.041655
24.978017 0.041671
25.019684 0.041667
25.061351 0.041667
25.102970 0.041618
25.144680 0.041711
25.186352 0.041672
25.228014 0.041661
25.269681 0.041668
25.330349 0.060668
25.355766 0.025417
25.394681 0.038915
25.436346 0.041665
25.478014 0.041668
25.539629 0.061614
25.564881 0.025253
25.603014 0.038132
25.644681 0.041667
25.686353 0.041672
25.747042 0.060689
25.769681 0.022639
25.811346 0.041664
25.853018 0.041672
25.894690 0.041672
25.936347 0.041657
25.978013 0.041666
26.019681 0.041667
26.085790 0.066109
26.119524 0.033734
26.144681 0.025157
26.253528 0.108847
26.308420 0.054892
26.378513 0.070093
26.423396 0.044883
26.513823 0.090428
26.593820 0.079996
26.652401 0.058581
26.724073 0.071673
26.769680 0.045607
26.811350 0.041670
26.853023 0.041673
26.894681 0.041658
26.936356 0.041675
26.978025 0.041669
27.019680 0.041656
27.061352 0.041672
27.103020 0.041668
27.144685 0.041665
27.186352 0.041667
27.228028 0.041676
27.269681 0.041654
27.311347 0.041666
27.353014 0.041667
27.394681 0.041667
27.436349 0.041667
27.478013 0.041665
27.519680 0.041667
27.561346 0.041666
27.603014 0.041668
27.644680 0.041666
27.686347 0.041667
27.728015 0.041668
27.769680 0.041665
27.811348 0.041668
27.853015 0.041667
27.894681 0.041666
27.936347 0.041666
27.978014 0.041667
28.019680 0.041666
28.061349 0.041669
28.103013 0.041665
28.177823 0.074810
28.228016 0.050193
28.273226 0.045210
28.311351 0.038126
28.369822 0.058471
28.453822 0.083999
28.519687 0.065865
28.564285 0.044599
28.603022 0.038737
28.644693 0.041671
28.686313 0.041621
28.728024 0.041711
28.769694 0.041670
28.811348 0.041654
28.853029 0.041681
28.894691 0.041662
28.936353 0.041662
28.978019 0.041666
29.019689 0.041670
29.073766 0.054076
29.141820 0.068055
29.226466 0.084646
29.325823 0.099357
29.421943 0.096120
29.528112 0.106169
29.627876 0.099764
29.704096 0.076220
29.773822 0.069727
29.880405 0.106583
29.936348 0.055942
30.041338 0.104990
30.168340 0.127002
30.253827 0.085488
30.337821 0.083994
30.447844 0.110023
30.534916 0.087072
30.597823 0.062907
30.681818 0.083994
30.728011 0.046193
30.805792 0.077782
30.885801 0.080008
30.948032 0.062232
30.978019 0.029986
31.022639 0.044621
31.061350 0.038711
31.102965 0.041614
31.144685 0.041721
31.186353 0.041668
31.228018 0.041665
31.269685 0.041667
31.311352 0.041667
31.353026 0.041674
31.394687 0.041660
31.436350 0.041664
31.478020 0.041669
31.519693 0.041673
31.561352 0.041659
31.603020 0.041668
31.644681 0.041661
31.686349 0.041668
31.728013 0.041664
31.769680 0.041667
31.811347 0.041667
31.853017 0.041670
31.894683 0.041666
31.936348 0.041665
31.978014 0.041665
32.019681 0.041668
32.061354 0.041672
32.103018 0.041665
32.144690 0.041672
32.186348 0.041657
32.228014 0.041666
32.269680 0.041666
32.311352 0.041672
32.353023 0.041671
32.394683 0.041660
32.436347 0.041664
32.478014 0.041667
32.519686 0.041671
32.561351 0.041665
32.602975 0.041624
32.644680 0.041705
32.686349 0.041669
32.728014 0.041665
32.769682 0.041668
32.811349 0.041666
32.853020 0.041671
32.894686 0.041666
32.936352 0.041666
32.978018 0.041666
33.019681 0.041663
33.061347 0.041666
33.103014 0.041667
33.144681 0.041667
33.186349 0.041668
33.228015 0.041666
33.269687 0.041672
33.311351 0.041664
33.353019 0.041668
33.394681 0.041662
33.436349 0.041668
33.478015 0.041666
33.519681 0.041666
33.561347 0.041666
33.603016 0.041669
33.644687 0.041671
33.686352 0.041666
33.728017 0.041665
33.769692 0.041674
33.811348 0.041656
33.853015 0.041667
33.894681 0.041666
33.936350 0.041669
34.007883 0.071533
34.023940 0.016058
34.061354 0.037413
34.103019 0.041666
34.144686 0.041667
34.186351 0.041665
34.228023 0.041672
34.269681 0.041658
34.314290 0.044609
34.353015 0.038725
34.394681 0.041666
34.436351 0.041670
34.477967 0.041615
34.519688 0.041721
34.561349 0.041661
34.603014 0.041666
34.644685 0.041670
34.686352 0.041667
34.728028 0.041676
34.769696 0.041668
34.811360 0.041664
34.853015 0.041655
34.894683 0.041668
34.936353 0.041669
34.978023 0.041670
35.019680 0.041657
35.061349 0.041669
35.103015 0.041666
35.213375 0.110360
35.265824 0.052449
35.353824 0.088000
35.405801 0.051978
35.497820 0.092019
35.551417 0.053598
35.605821 0.054404
35.644678 0.038857
35.713773 0.069095
35.732404 0.018631
35.783975 0.051571
35.873765 0.089790
35.901824 0.028058
35.936941 0.035118
35.978360 0.041418
36.019690 0.041331
36.061362 0.041671
36.102970 0.041609
36.144689 0.041719
36.186361 0.041671
36.228018 0.041658
36.269683 0.041665
36.311352 0.041669
36.353017 0.041665
36.394684 0.041667
36.436356 0.041672
36.577814 0.141458
36.663874 0.086060
36.727879 0.064005
36.776217 0.048338
36.897818 0.121602
36.952431 0.054612
36.978020 0.025589
37.197823 0.219803
37.281823 0.084000
37.329822 0.047999
37.374804 0.044982
37.529825 0.155020
37.601825 0.072000
37.649822 0.047997
37.701819 0.051997
37.833827 0.132008
37.921818 0.087991
37.965834 0.044017
38.033509 0.067674
38.181824 0.148315
38.253400 0.071576
38.297819 0.044418
38.364952 0.067133
38.486961 0.122008
38.565823 0.078862
38.621830 0.056007
38.686346 0.064516
38.734809 0.048463
38.781809 0.047000
38.816220 0.034411
38.853025 0.036805
38.921826 0.068801
38.949019 0.027193
38.979074 0.030055
39.019685 0.040611
39.061351 0.041666
39.103020 0.041668
39.144690 0.041670
39.186352 0.041662
39.228031 0.041679
39.269681 0.041650
39.311349 0.041668
39.353016 0.041666
39.429282 0.076266
39.478010 0.048728
39.519682 0.041672
39.561352 0.041670
39.603028 0.041676
39.644693 0.041665
39.686356 0.041662
39.728019 0.041663
39.769685 0.041666
39.811361 0.041676
39.853011 0.041650
39.894688 0.041677
39.936345 0.041656
39.978014 0.041669
40.019680 0.041666
40.074677 0.054998
40.103016 0.028338
40.144685 0.041670
40.186357 0.041672
40.227965 0.041608
40.269679 0.041714
40.311350 0.041671
40.353019 0.041669
40.394684 0.041665
40.436353 0.041669
40.478016 0.041663
40.519692 0.041676
40.561348 0.041656
40.603013 0.041666
40.644681 0.041667
40.686348 0.041668
40.728015 0.041667
40.769681 0.041665
40.817206 0.047525
40.852972 0.035766
40.894692 0.041720
40.936363 0.041671
40.977984 0.041621
41.019687 0.041704
41.061353 0.041666
41.102972 0.041619
41.144687 0.041715
41.186352 0.041666
41.227966 0.041614
41.269680 0.041714
41.311348 0.041667
41.353014 0.041666
41.394691 0.041677
41.436356 0.041665
41.478020 0.041664
41.519683 0.041663
41.561353 0.041669
41.603024 0.041672
41.644681 0.041657
41.686348 0.041667
41.728014 0.041665
41.769681 0.041667
41.811347 0.041667
41.853014 0.041667
41.904742 0.051728
41.936348 0.031606
41.978019 0.041671
42.019685 0.041666
42.061358 0.041673
42.103012 0.041654
42.144694 0.041682
42.186359 0.041665
42.228021 0.041661
42.269686 0.041666
42.311354 0.041667
42.353025 0.041672
42.394694 0.041669
42.438832 0.044137
42.478022 0.039190
42.519694 0.041673
42.571043 0.051348
42.603019 0.031976
42.644685 0.041666
42.686357 0.041672
42.728018 0.041661
42.769688 0.041670
42.811356 0.041669
42.853015 0.041659
42.894682 0.041666
42.936347 0.041665
42.978015 0.041668
43.019686 0.041671
43.066494 0.046808
43.103014 0.036520
43.144695 0.041681
43.186348 0.041652
43.234195 0.047847
43.299724 0.065529
43.353009 0.053285
43.394694 0.041685
43.436359 0.041665
43.487712 0.051353
43.519686 0.031975
43.561352 0.041665
43.603018 0.041666
43.644685 0.041667
43.686350 0.041665
43.727969 0.041620
43.769685 0.041716
43.811348 0.041663
43.853014 0.041666
43.894680 0.041666
43.936347 0.041667
43.978018 0.041671
44.019682 0.041664
44.061346 0.041665
44.103013 0.041667
44.144681 0.041668
44.186347 0.041666
44.228015 0.041668
44.269682 0.041667
44.311352 0.041671
44.353025 0.041673
44.394694 0.041669
44.436351 0.041657
44.477970 0.041618
44.519684 0.041714
44.561353 0.041669
44.602970 0.041617
44.644686 0.041715
44.686355 0.041670
44.728014 0.041659
44.769682 0.041667
44.811348 0.041666
44.853015 0.041667
44.909825 0.056810
44.950046 0.040221
44.982252 0.032206
45.019685 0.037433
45.061352 0.041667
45.103021 0.041670
45.197821 0.094800
45.228018 0.030197
45.269685 0.041667
45.311762 0.042077
45.357888 0.046127
45.394696 0.036807
45.436359 0.041663
45.477973 0.041613
45.519686 0.041713
45.561352 0.041667
45.603026 0.041673
45.644686 0.041660
45.686353 0.041667
45.728014 0.041661
45.769684 0.041670
45.811350 0.041666
45.852965 0.041616
45.894682 0.041716
45.936348 0.041667
45.978014 0.041666
46.019693 0.041679
46.061352 0.041659
46.103020 0.041669
46.144684 0.041663
46.186353 0.041669
46.228018 0.041665
46.269687 0.041669
46.311350 0.041663
46.353015 0.041666
46.394682 0.041666
46.436347 0.041665
46.478014 0.041667
46.523949 0.045935
46.561353 0.037404
46.603020 0.041667
46.644685 0.041664
46.686349 0.041664
46.728014 0.041665
46.769681 0.041667
46.811358 0.041677
46.853020 0.041662
46.894690 0.041670
46.936351 0.041661
46.978020 0.041669
47.019687 0.041666
47.061350 0.041663
47.103013 0.041664
47.144681 0.041667
47.186348 0.041667
47.228016 0.041668
47.269682 0.041666
47.311352 0.041670
47.353022 0.041670
47.394686 0.041664
47.436352 0.041666
47.478017 0.041665
47.519691 0.041674
47.561348 0.041657
47.603015 0.041667
47.644695 0.041680
47.686348 0.041653
47.728014 0.041666
47.769686 0.041672
47.811309 0.041623
47.853016 0.041707
47.894681 0.041665
47.936348 0.041666
47.978014 0.041666
48.019686 0.041672
48.061347 0.041661
48.103015 0.041668
48.144681 0.041667
48.186348 0.041667
48.228014 0.041666
48.269682 0.041668
48.311349 0.041666
48.353015 0.041666
48.435877 0.082862
48.478020 0.042143
48.519859 0.041839
48.561302 0.041443
48.635821 0.074519
48.691750 0.055929
48.728029 0.036279
48.811833 0.083804
48.857347 0.045514
48.909770 0.052423
48.936353 0.026583
49.027826 0.091473
49.101823 0.073997
49.144685 0.042862
49.209834 0.065150
49.244072 0.034238
49.297833 0.053760
49.353010 0.055177
49.394681 0.041672
49.436311 0.041629
49.478120 0.041809
49.519695 0.041575
49.561351 0.041656
49.603019 0.041668
49.644686 0.041667
49.686414 0.041727
49.728018 0.041604
49.769698 0.041680
49.811350 0.041653
49.853014 0.041664
49.901818 0.048803
49.936347 0.034529
49.978014 0.041667
50.019686 0.041672
50.061358 0.041673
50.103015 0.041657
50.144680 0.041665
50.186348 0.041668
50.228015 0.041667
50.269682 0.041667
50.311348 0.041666
50.353013 0.041665
50.409768 0.056755
50.436347 0.026578
50.478015 0.041668
50.522118 0.044103
50.561352 0.039234
50.602972 0.041619
50.644686 0.041715
50.686353 0.041666
50.728017 0.041665
50.769680 0.041663
50.811349 0.041669
50.853014 0.041666
50.894686 0.041672
50.936352 0.041666
50.978017 0.041665
51.019681 0.041664
51.061349 0.041668
51.103014 0.041665
51.144682 0.041668
51.186349 0.041667
51.228018 0.041669
51.269690 0.041672
51.311352 0.041662
51.353016 0.041665
51.394681 0.041664
51.436354 0.041673
51.477970 0.041616
51.519686 0.041717
51.561349 0.041663
51.603014 0.041665
51.644696 0.041681
51.686350 0.041654
51.728016 0.041666
51.769683 0.041667
51.811351 0.041668
51.853017 0.041666
51.894684 0.041667
51.936359 0.041675
51.978013 0.041655
52.019682 0.041668
52.061352 0.041670
52.103018 0.041666
52.144691 0.041672
52.186358 0.041667
52.228027 0.041669
52.309522 0.081495
52.353019 0.043496
52.395854 0.042836
52.453815 0.057961
52.506377 0.052561
52.526748 0.020371
52.561365 0.034617
52.604757 0.043392
52.644682 0.039925
52.686353 0.041672
52.727981 0.041628
52.771863 0.043882
52.829818 0.057955
52.852993 0.023175
52.894686 0.041693
52.936353 0.041667
52.978019 0.041666
53.019685 0.041666
53.061305 0.041620
53.102967 0.041662
53.144683 0.041716
53.186298 0.041615
53.227964 0.041666
53.269686 0.041721
53.311352 0.041666
53.353014 0.041663
53.394681 0.041667
53.436348 0.041667
53.478014 0.041667
53.519682 0.041667
53.561348 0.041667
53.621761 0.060412
53.644681 0.022921
53.686348 0.041667
53.744363 0.058015
53.769682 0.025319
53.811347 0.041665
53.853028 0.041681
53.904728 0.051699
53.945871 0.041144
53.978019 0.032148
54.019695 0.041676
54.063810 0.044115
54.103020 0.039209
54.144686 0.041667
54.186362 0.041676
54.228021 0.041659
54.269686 0.041665
54.311354 0.041668
54.353028 0.041674
54.394685 0.041657
54.436347 0.041662
54.478027 0.041680
54.519687 0.041660
54.561352 0.041665
54.603018 0.041666
54.644683 0.041665
54.686349 0.041666
54.728014 0.041665
54.769680 0.041666
54.811353 0.041674
54.853016 0.041663
54.894682 0.041666
54.936348 0.041666
54.978014 0.041667
55.019680 0.041666
55.125822 0.106142
55.148855 0.023033
55.233792 0.084937
55.311882 0.078090
55.359024 0.047142
55.394686 0.035662
55.436306 0.041620
55.479583 0.043278
55.521186 0.041602
55.561349 0.040163
55.603027 0.041678
55.644691 0.041664
55.686354 0.041662
55.728018 0.041664
55.769684 0.041666
55.811352 0.041668
55.853017 0.041665
55.894696 0.041679
55.936347 0.041651
55.978014 0.041667
56.019681 0.041667
56.061347 0.041666
56.103015 0.041668
56.144681 0.041666
56.186348 0.041667
56.228014 0.041666
56.269681 0.041667
56.337825 0.068144
56.354512 0.016687
56.394694 0.040182
56.436346 0.041652
56.479060 0.042714
56.519685 0.040625
56.561352 0.041667
56.603020 0.041668
56.644686 0.041666
56.686348 0.041663
56.728015 0.041667
56.769682 0.041667
56.811347 0.041665
56.853013 0.041666
56.921822 0.068808
56.938729 0.016907
56.979990 0.041262
57.019684 0.039694
57.061357 0.041672
57.103019 0.041662
57.144685 0.041666
57.186349 0.041665
57.227970 0.041621
57.269637 0.041667
57.311354 0.041716
57.353015 0.041661
57.394682 0.041667
57.436349 0.041667
57.478014 0.041666
57.519681 0.041667
57.561347 0.041666
57.603027 0.041680
57.663888 0.060861
57.686347 0.022459
57.728027 0.041680
57.769680 0.041653
57.811352 0.041672
57.853019 0.041667
57.894682 0.041663
57.936304 0.041622
57.978016 0.041712
58.019682 0.041666
58.061347 0.041665
58.103013 0.041666
58.154737 0.051724
58.186354 0.031616
58.227973 0.041620
58.269687 0.041714
58.311361 0.041674
58.352970 0.041609
58.394703 0.041733
58.436348 0.041644
58.478015 0.041667
58.519680 0.041666
58.561350 0.041669
58.603015 0.041665
58.644679 0.041665
58.686352 0.041672
58.727971 0.041620
58.769682 0.041710
58.811348 0.041666
58.857838 0.046490
58.894681 0.036843
58.936348 0.041667
58.978014 0.041666
59.019687 0.041673
59.061352 0.041666
59.103016 0.041664
59.144682 0.041666
59.186348 0.041666
59.227980 0.041632
59.269686 0.041707
59.311360 0.041674
59.353015 0.041655
59.394682 0.041667
59.436348 0.041666
59.478017 0.041669
59.585810 0.107793
59.645824 0.060015
59.725828 0.080003
59.791886 0.066058
59.821791 0.029905
59.894217 0.072426
59.936343 0.042126
59.981844 0.045501
60.019681 0.037837
60.062946 0.043265
60.103016 0.040070
60.144687 0.041671
60.186347 0.041660
60.227970 0.041623
60.269694 0.041725
60.312814 0.043120
60.385821 0.073006
60.436343 0.050523
60.485245 0.048902
60.519678 0.034433
60.561347 0.041669
60.603023 0.041676
60.644692 0.041669
60.686352 0.041660
60.728020 0.041668
60.769692 0.041672
60.811364 0.041673
60.853023 0.041659
60.894683 0.041660
60.936362 0.041679
60.987854 0.051492
61.019686 0.031832
61.061305 0.041619
61.102969 0.041665
61.144686 0.041717
61.186356 0.041670
61.228022 0.041667
61.269682 0.041660
61.331457 0.061775
61.352970 0.021512
61.394681 0.041712
61.436352 0.041671
61.478016 0.041664
61.519686 0.041670
61.561359 0.041673
61.603015 0.041656
61.644681 0.041666
61.686348 0.041667
61.728018 0.041670
61.769680 0.041662
61.811347 0.041667
61.871892 0.060545
61.894680 0.022789
61.936347 0.041666
61.978019 0.041673
62.019685 0.041665
62.061360 0.041675
62.103017 0.041658
62.144683 0.041666
62.186347 0.041663
62.228013 0.041666
62.269680 0.041667
62.311348 0.041668
62.353015 0.041667
62.394681 0.041666
62.565821 0.171140
62.603014 0.037193
62.644678 0.041664
62.686348 0.041671
62.727964 0.041616
62.769688 0.041724
62.811308 0.041621
62.853017 0.041709
62.894687 0.041669
62.936351 0.041665
62.977969 0.041618
63.019685 0.041716
63.061354 0.041669
63.103013 0.041659
63.144681 0.041668
63.186346 0.041665
63.228014 0.041667
63.269682 0.041669
63.311353 0.041670
63.353017 0.041664
63.394698 0.041681
63.436357 0.041660
63.478015 0.041658
63.519682 0.041667
63.561348 0.041666
63.603013 0.041665
63.652540 0.049526
63.686353 0.033814
63.728021 0.041668
63.769686 0.041665
63.811348 0.041662
63.853018 0.041670
63.927226 0.074208
63.936354 0.009128
63.995889 0.059535
64.019684 0.023795
64.061354 0.041670
64.102971 0.041617
64.144686 0.041714
64.186352 0.041667
64.228018 0.041665
64.269692 0.041674
64.311348 0.041656
64.371069 0.059722
64.394688 0.023618
64.436347 0.041660
64.483916 0.047569
64.519687 0.035771
64.561353 0.041665
64.603020 0.041667
64.644684 0.041665
64.686364 0.041680
64.727988 0.041624
64.769683 0.041694
64.869606 0.099924
64.894680 0.025073
64.936349 0.041669
64.978014 0.041665
65.093829 0.115815
65.144685 0.050856
65.186347 0.041662
65.228014 0.041667
65.281826 0.053811
65.341818 0.059993
65.394683 0.052864
65.436364 0.041681
65.478025 0.041662
65.519697 0.041672
65.561355 0.041658
65.603019 0.041664
65.644684 0.041665
65.686350 0.041666
65.728019 0.041669
65.769693 0.041674
65.811351 0.041658
65.853024 0.041672
65.894681 0.041657
65.949812 0.055131
65.978018 0.028205
66.019686 0.041668
66.061363 0.041677
66.103020 0.041657
66.144686 0.041666
66.186359 0.041673
66.228014 0.041655
66.269680 0.041666
66.311355 0.041675
66.365810 0.054455
66.394681 0.028871
66.439072 0.044391
66.479975 0.040903
66.519685 0.039710
66.561358 0.041673
66.602979 0.041621
66.649817 0.046838
66.686353 0.036536
66.728018 0.041665
66.769682 0.041664
66.811351 0.041669
66.853029 0.041678
66.894687 0.041658
66.936349 0.041662
66.978014 0.041665
67.019680 0.041666
67.061346 0.041666
67.103015 0.041669
67.144681 0.041665
67.190388 0.045707
67.228015 0.037626
67.272010 0.043995
67.311351 0.039341
67.376154 0.064803
67.394693 0.018539
67.471877 0.077185
67.547847 0.075970
67.605821 0.057974
67.654169 0.048348
67.729360 0.075191
67.769682 0.040322
67.811348 0.041666
67.857463 0.046115
67.894695 0.037232
67.936355 0.041659
67.978019 0.041664
68.019636 0.041617
68.061352 0.041716
68.103018 0.041666
68.144693 0.041675
68.186354 0.041661
68.228021 0.041668
68.269682 0.041660
68.311349 0.041668
68.353037 0.041687
68.403592 0.050555
68.436347 0.032755
68.478020 0.041673
68.519685 0.041665
68.561305 0.041620
68.603030 0.041725
68.644684 0.041654
68.686350 0.041666
68.728015 0.041665
68.774599 0.046585
68.811348 0.036749
68.853015 0.041667
68.910822 0.057807
68.936353 0.025530
68.978014 0.041661
69.019683 0.041669
69.061353 0.041670
69.103021 0.041668
69.144684 0.041663
69.186348 0.041664
69.228014 0.041666
69.269680 0.041666
69.331444 0.061764
69.355615 0.024171
69.394681 0.039067
69.436348 0.041666
69.498128 0.061780
69.519839 0.021711
69.561347 0.041508
69.603017 0.041670
69.829772 0.226755
69.930067 0.100295
70.002998 0.072930
70.028591 0.025594
70.061358 0.032766
70.149897 0.088539
70.209768 0.059871
70.235672 0.025904
70.269684 0.034012
70.361776 0.092092
70.408159 0.046383
70.436353 0.028194
70.478026 0.041673
70.537797 0.059770
70.590161 0.052364
70.644680 0.054519
70.690285 0.045605
70.728015 0.037730
70.769682 0.041667
70.811359 0.041677
70.853021 0.041662
70.894693 0.041672
70.936352 0.041659
70.978019 0.041666
71.019685 0.041666
71.061358 0.041673
71.103021 0.041663
71.144685 0.041664
71.186350 0.041665
71.227975 0.041625
71.269685 0.041710
71.311355 0.041670
71.353015 0.041660
71.394681 0.041666
71.436347 0.041666
71.478014 0.041667
71.519680 0.041667
71.569949 0.050269
71.603014 0.033065
71.665825 0.062811
71.715869 0.050044
71.729613 0.013745
71.769682 0.040068
71.811345 0.041664
71.853011 0.041666
71.894692 0.041681
71.936360 0.041668
71.977969 0.041609
72.019682 0.041713
72.061352 0.041670
72.102979 0.041627
72.144687 0.041707
72.186350 0.041663
72.228024 0.041674
72.269694 0.041670
72.311348 0.041654
72.353019 0.041672
72.394689 0.041670
72.436360 0.041671
72.483816 0.047457
72.519685 0.035868
72.561355 0.041670
72.603027 0.041672
72.644681 0.041654
72.686454 0.041773
72.728021 0.041568
72.769687 0.041666
72.811352 0.041665
72.853018 0.041666
72.894693 0.041674
72.936347 0.041654
72.978014 0.041667
73.019681 0.041667
73.061348 0.041666
73.103019 0.041671
73.144692 0.041673
73.186346 0.041654
73.228016 0.041670
73.269680 0.041664
73.311348 0.041669
73.353015 0.041667
73.394682 0.041667
73.436351 0.041669
73.478016 0.041665
73.519686 0.041670
73.561351 0.041665
73.603027 0.041676
73.644681 0.041653
73.686348 0.041667
73.728015 0.041667
73.769680 0.041665
73.811347 0.041667
73.877824 0.066477
73.896345 0.018520
73.936349 0.040004
73.978017 0.041668
74.019686 0.041669
74.061353 0.041667
74.103022 0.041669
74.144682 0.041660
74.186348 0.041666
74.228015 0.041667
74.269680 0.041665
74.311348 0.041669
74.353015 0.041666
74.394681 0.041667
74.436348 0.041667
74.539883 0.103534
74.581992 0.042110
74.629767 0.047774
74.713765 0.083998
74.745998 0.032233
74.809772 0.063774
74.854670 0.044899
74.905768 0.051098
74.946228 0.040460
74.983880 0.037653
75.019691 0.035811
75.061352 0.041660
75.103020 0.041668
75.144684 0.041664
75.186351 0.041667
75.228022 0.041671
75.269681 0.041659
75.311347 0.041665
75.353014 0.041667
75.394686 0.041672
75.436359 0.041673
75.478015 0.041656
75.519680 0.041665
75.561347 0.041667
75.603014 0.041667
75.644680 0.041666
75.686347 0.041667
75.727966 0.041619
75.769681 0.041714
75.811347 0.041666
75.853024 0.041677
75.894683 0.041660
75.936348 0.041665
75.978014 0.041666
76.019681 0.041667
76.061348 0.041667
76.103018 0.041670
76.144685 0.041667
76.186351 0.041666
76.228015 0.041664
76.269681 0.041666
76.311348 0.041667
76.353013 0.041666
76.394684 0.041671
76.436356 0.041672
76.478014 0.041658
76.519681 0.041667
76.561346 0.041666
76.603015 0.041669
76.644682 0.041667
76.686349 0.041667
76.728013 0.041665
76.809821 0.081808
76.853027 0.043206
76.894698 0.041671
76.936353 0.041655
76.981561 0.045208
77.019687 0.038126
77.061352 0.041665
77.102980 0.041628
77.144685 0.041705
77.186357 0.041671
77.228020 0.041664
77.269690 0.041669
77.311347 0.041658
77.383181 0.071834
77.436348 0.053167
77.478025 0.041677
77.519692 0.041667
77.561362 0.041670
77.603024 0.041662
77.644686 0.041661
77.686351 0.041666
77.728019 0.041668
77.769686 0.041667
77.811351 0.041665
77.853019 0.041668
77.894691 0.041671
77.936357 0.041666
77.978015 0.041659
78.019681 0.041665
78.061347 0.041666
78.103015 0.041668
78.144680 0.041665
78.186348 0.041667
78.228015 0.041667
78.269681 0.041667
78.311345 0.041664
78.383906 0.072560
78.436411 0.052506
78.478018 0.041606
78.519693 0.041675
78.572199 0.052507
78.602975 0.030775
78.644686 0.041711
78.686351 0.041665
78.728018 0.041667
78.769686 0.041668
78.811351 0.041665
78.853025 0.041675
78.894682 0.041657
78.936348 0.041667
78.978014 0.041666
79.019680 0.041666
79.061300 0.041619
79.103015 0.041715
79.144682 0.041666
79.186351 0.041669
79.228015 0.041664
79.269681 0.041666
79.311348 0.041667
79.353014 0.041666
79.394681 0.041667
79.436352 0.041670
79.478023 0.041671
79.519683 0.041661
79.561348 0.041665
79.603015 0.041666
79.644682 0.041667
79.686346 0.041664
79.728019 0.041673
79.769692 0.041674
79.811352 0.041660
79.852968 0.041615
79.894681 0.041713
79.936347 0.041667
79.978019 0.041671
80.019681 0.041662
80.061347 0.041666
80.103014 0.041666
80.144681 0.041668
80.186348 0.041666
80.228015 0.041667
80.269681 0.041666
80.311348 0.041667
80.353014 0.041666
80.394680 0.041665
80.436350 0.041670
80.478015 0.041665
80.593765 0.115750
80.667405 0.073640
80.703829 0.036424
80.736378 0.032549
80.769681 0.033303
80.811343 0.041662
80.853305 0.041962
80.894685 0.041380
80.936352 0.041667
80.978016 0.041665
81.019684 0.041668
81.061350 0.041665
81.103029 0.041679
81.144681 0.041652
81.186348 0.041667
81.228025 0.041677
81.269686 0.041661
81.311348 0.041662
81.353019 0.041671
81.394684 0.041665
81.436348 0.041665
81.488053 0.051704
81.519682 0.031630
81.561347 0.041664
81.603014 0.041667
81.644696 0.041682
81.706292 0.061596
81.728020 0.021727
81.769695 0.041675
81.811306 0.041611
81.853018 0.041713
81.894684 0.041666
81.936352 0.041668
81.978015 0.041662
82.019681 0.041666
82.061347 0.041666
82.103014 0.041667
82.144684 0.041671
82.186361 0.041676
82.228018 0.041657
82.269685 0.041667
82.311351 0.041666
82.353030 0.041679
82.394686 0.041656
82.436361 0.041675
82.478013 0.041652
82.519694 0.041681
82.562930 0.043236
82.603028 0.040098
82.677827 0.074799
82.728022 0.050195
82.769686 0.041664
82.820403 0.050717
82.853012 0.032609
82.904671 0.051659
82.936313 0.031641
82.977981 0.041668
83.019697 0.041716
83.061355 0.041658
83.103018 0.041663
83.144691 0.041673
83.186353 0.041663
83.227973 0.041620
83.269694 0.041721
83.311354 0.041660
83.353013 0.041659
83.394680 0.041667
83.489818 0.095138
83.543886 0.054068
83.564792 0.020905
83.603014 0.038222
83.644680 0.041667
83.686354 0.041673
83.727971 0.041617
83.769693 0.041723
83.811351 0.041657
83.852980 0.041629
83.894685 0.041705
83.936360 0.041674
83.978014 0.041654
84.019682 0.041668
84.078047 0.058365
84.103014 0.024967
84.144686 0.041672
84.186310 0.041624
84.228020 0.041709
84.269686 0.041666
84.311358 0.041673
84.353016 0.041657
84.394666 0.041650
84.436355 0.041689
84.478015 0.041660
84.519695 0.041681
84.564458 0.044763
84.603018 0.038560
84.644691 0.041673
84.686362 0.041671
84.728020 0.041658
84.769686 0.041666
84.811364 0.041678
84.853021 0.041657
84.894681 0.041661
84.949871 0.055189
84.978020 0.028149
85.019689 0.041669
85.061352 0.041663
85.103020 0.041668
85.144684 0.041664
85.186313 0.041629
85.228015 0.041702
85.269682 0.041667
85.311349 0.041667
85.353015 0.041666
85.394686 0.041671
85.436348 0.041662
85.513824 0.077477
85.561352 0.047528
85.602978 0.041626
85.653958 0.050980
85.686350 0.032392
85.728024 0.041674
85.769685 0.041661
85.811353 0.041668
85.853020 0.041667
85.894685 0.041666
85.936350 0.041665
85.978019 0.041669
86.019700 0.041680
86.061347 0.041647
86.103015 0.041668
86.144683 0.041668
86.233825 0.089142
86.293823 0.059998
86.313824 0.020000
86.353016 0.039192
86.409795 0.056779
86.436357 0.026563
86.477969 0.041612
86.519695 0.041726
86.561353 0.041658
86.603019 0.041666
86.644694 0.041675
86.686351 0.041657
86.728018 0.041667
86.769685 0.041668
86.811363 0.041678
86.853015 0.041652
86.894682 0.041668
86.936348 0.041666
86.978021 0.041674
87.019682 0.041660
87.061353 0.041671
87.102988 0.041634
87.144699 0.041712
87.186359 0.041660
87.228014 0.041655
87.269692 0.041678
87.311351 0.041659
87.353019 0.041668
87.394684 0.041665
87.436365 0.041680
87.478014 0.041649
87.519681 0.041666
87.561347 0.041667
87.603018 0.041671
87.644683 0.041665
87.686352 0.041669
87.728018 0.041665
87.769700 0.041682
87.811349 0.041650
87.853015 0.041665
87.894681 0.041666
87.936357 0.041676
87.978017 0.041660
88.019687 0.041670
88.061351 0.041664
88.103017 0.041666
88.144691 0.041674
88.186346 0.041655
88.278287 0.091941
88.349823 0.071536
88.409832 0.060009
88.490943 0.081111
88.571884 0.080940
88.677817 0.105933
88.789171 0.111354
88.839820 0.050650
88.951518 0.111698
89.023183 0.071664
89.125026 0.101843
89.206795 0.081769
89.271874 0.065079
89.339875 0.068001
89.413538 0.073663
89.483884 0.070346
89.519682 0.035798
89.621823 0.102141
89.724396 0.102573
89.805817 0.081421
89.893815 0.087997
89.986575 0.092760
90.059288 0.072713
90.135878 0.076590
90.209456 0.073578
90.282825 0.073369
90.377822 0.094998
90.471167 0.093345
90.519682 0.048515
90.609765 0.090083
90.644675 0.034909
90.689773 0.045099
90.728014 0.038240
90.769691 0.041677
90.811350 0.041659
90.852977 0.041627
90.894692 0.041715
90.936351 0.041659
90.978017 0.041666
91.019686 0.041669
91.061352 0.041665
91.103019 0.041667
91.144688 0.041669
91.186346 0.041658
91.238221 0.051874
91.290002 0.051781
91.314935 0.024934
91.359875 0.044939
91.394786 0.034911
91.456532 0.061746
91.481213 0.024682
91.519685 0.038472
91.561313 0.041628
91.603028 0.041714
91.644685 0.041657
91.686351 0.041666
91.727969 0.041618
91.769693 0.041724
91.811354 0.041661
91.853018 0.041664
91.894686 0.041668
91.936353 0.041667
91.977970 0.041617
92.019684 0.041714
92.061359 0.041674
92.103014 0.041655
92.163997 0.060983
92.186347 0.022350
92.265820 0.079473
92.311352 0.045531
92.353017 0.041665
92.453792 0.100774
92.485779 0.031987
92.565814 0.080035
92.603015 0.037202
92.657813 0.054798
92.695910 0.038097
92.789825 0.093915
92.841818 0.051993
92.898355 0.056537
92.953770 0.055415
92.997821 0.044050
93.049821 0.052001
93.127885 0.078063
93.155023 0.027138
93.199567 0.044544
93.228019 0.028452
93.305826 0.077806
93.353016 0.047190
93.394679 0.041663
93.436347 0.041668
93.478022 0.041675
93.519633 0.041611
93.569150 0.049517
93.621770 0.052620
93.648608 0.026838
93.686350 0.037742
93.728028 0.041677
93.772667 0.044639
93.811304 0.038637
93.853026 0.041722
93.894682 0.041656
93.936347 0.041665
93.978015 0.041667
94.019681 0.041667
94.061349 0.041667
94.103015 0.041666
94.144683 0.041668
94.186348 0.041666
94.228016 0.041668
94.269682 0.041666
94.311348 0.041666
94.353017 0.041669
94.394681 0.041664
94.436348 0.041667
94.478014 0.041666
94.519685 0.041671
94.561305 0.041620
94.603023 0.041718
94.644686 0.041662
94.686348 0.041662
94.728014 0.041666
94.843877 0.115862
94.894677 0.050800
94.936351 0.041674
94.993533 0.057182
95.019682 0.026149
95.061357 0.041675
95.102971 0.041614
95.144685 0.041714
95.186356 0.041671
95.227971 0.041615
95.269686 0.041716
95.311351 0.041665
95.353021 0.041670
95.394681 0.041661
95.436349 0.041667
95.478015 0.041666
95.519680 0.041665
95.561348 0.041668
95.603026 0.041678
95.651455 0.048429
95.686357 0.034903
95.728019 0.041662
95.769694 0.041674
95.811363 0.041669
95.854102 0.042739
95.894690 0.040588
95.936362 0.041672
95.979359 0.042997
96.019686 0.040327
96.061353 0.041666
96.103023 0.041670
96.144681 0.041658
96.186347 0.041665
96.228020 0.041673
96.269686 0.041666
96.311361 0.041675
96.352974 0.041613
96.394686 0.041712
96.436354 0.041668
96.478016 0.041663
96.519683 0.041666
96.561348 0.041666
96.603014 0.041666
96.671562 0.068548
96.691029 0.019467
96.728013 0.036985
96.769697 0.041684
96.811353 0.041656
96.852980 0.041627
96.894694 0.041714
96.936352 0.041658
96.978033 0.041680
97.019705 0.041672
97.061351 0.041646
97.103022 0.041671
97.144685 0.041663
97.186360 0.041674
97.228019 0.041660
97.269686 0.041666
97.311347 0.041662
97.353016 0.041668
97.429820 0.076805
97.485879 0.056059
97.519691 0.033812
97.561345 0.041654
97.611531 0.050186
97.644692 0.033160
97.686352 0.041661
97.727973 0.041620
97.769695 0.041722
97.811351 0.041657
97.853020 0.041669
97.894687 0.041667
97.936347 0.041660
97.978014 0.041667
98.019682 0.041668
98.061348 0.041666
98.103015 0.041668
98.144681 0.041665
98.229820 0.085139
98.321834 0.092014
98.409812 0.087978
98.479124 0.069312
98.531878 0.052755
98.565796 0.033917
98.602970 0.037175
98.647348 0.044378
98.686348 0.039000
98.728019 0.041671
98.769686 0.041667
98.811361 0.041676
98.865828 0.054467
98.913926 0.048098
98.936362 0.022436
99.018653 0.082291
99.069398 0.050745
99.118178 0.048780
99.144679 0.026500
99.254847 0.110168
99.288041 0.033194
99.311358 0.023317
99.361753 0.050395
99.394680 0.032927
99.436358 0.041679
99.478018 0.041659
99.519691 0.041674
99.561352 0.041661
99.603019 0.041667
99.644685 0.041667
99.686351 0.041666
99.727976 0.041625
99.769680 0.041704
99.811347 0.041667
99.853019 0.041671
99.894692 0.041673
99.936364 0.041672
99.978016 0.041652
100.019680 0.041664
100.061346 0.041666
100.103018 0.041672
100.144691 0.041673
100.186348 0.041657
100.253825 0.067477
100.269684 0.015859
100.311350 0.041666
100.353020 0.041670
100.394683 0.041663
100.436351 0.041668
100.478018 0.041667
100.519694 0.041676
100.561349 0.041656
100.603014 0.041665
100.644682 0.041668
100.686349 0.041667
100.728014 0.041665
100.769682 0.041667
100.811347 0.041665
100.853015 0.041668
100.911899 0.058885
100.936347 0.024448
100.981526 0.045179
101.043876 0.062350
101.103009 0.059132
101.149702 0.046694
101.186359 0.036657
101.228018 0.041659
101.269680 0.041663
101.311352 0.041672
101.353017 0.041665
101.394687 0.041669
101.436353 0.041666
101.648211 0.211858
101.686347 0.038136
101.794968 0.108621
101.845798 0.050830
101.917824 0.072026
102.041475 0.123651
102.104829 0.063355
102.260034 0.155205
102.373826 0.113792
102.394680 0.020854
102.460326 0.065646
102.601817 0.141491
102.644685 0.042868
102.686361 0.041676
102.737973 0.051612
102.792577 0.054605
102.869826 0.077249
102.894948 0.025122
102.936608 0.041660
102.978024 0.041416
103.019691 0.041667
103.061355 0.041663
103.103018 0.041663
103.144685 0.041668
103.186351 0.041666
103.228019 0.041668
103.269687 0.041668
103.311353 0.041666
103.353014 0.041662
103.394681 0.041667
103.436348 0.041667
103.498116 0.061768
103.521805 0.023689
103.561352 0.039547
103.602969 0.041617
103.644684 0.041715
103.686358 0.041674
103.728026 0.041668
103.769681 0.041655
103.811347 0.041667
103.853027 0.041679
103.897824 0.044798
103.936347 0.038523
103.978015 0.041668
104.019684 0.041669
104.061357 0.041673
104.108955 0.047598
104.174709 0.065754
104.228011 0.053302
104.269696 0.041685
104.311362 0.041666
104.353026 0.041664
104.394696 0.041670
104.436351 0.041655
104.478018 0.041667
104.519684 0.041666
104.561352 0.041668
104.602969 0.041617
104.644685 0.041716
104.686355 0.041670
104.728014 0.041659
104.769681 0.041666
104.811348 0.041667
104.853016 0.041667
104.894681 0.041666
104.936349 0.041668
104.978014 0.041665
105.019682 0.041667
105.061352 0.041670
105.102971 0.041619
105.144698 0.041726
105.186347 0.041650
105.228015 0.041667
105.269688 0.041673
105.311347 0.041659
105.353016 0.041669
105.394681 0.041665
105.436347 0.041666
105.478015 0.041668
105.519686 0.041671
105.561353 0.041667
105.603023 0.041670
105.644681 0.041659
105.686348 0.041667
105.728019 0.041671
105.769681 0.041663
105.811349 0.041668
105.881814 0.070465
105.897852 0.016038
105.936362 0.038510
105.978021 0.041658
106.019686 0.041665
106.061352 0.041667
106.102970 0.041618
106.144687 0.041717
106.186352 0.041666
106.228027 0.041675
106.269681 0.041654
106.311349 0.041668
106.352969 0.041619
106.394682 0.041713
106.436348 0.041666
106.508176 0.071828
106.561359 0.053183
106.603014 0.041655
106.644694 0.041680
106.686353 0.041659
106.728020 0.041667
106.769686 0.041666
106.811351 0.041665
106.852970 0.041620
106.894686 0.041716
106.936304 0.041618
106.978026 0.041722
107.019681 0.041655
107.061348 0.041667
107.103016 0.041668
107.144682 0.041666
107.186347 0.041666
107.261769 0.075422
107.311360 0.049591
107.353026 0.041666
107.394693 0.041667
107.436348 0.041655
107.478023 0.041675
107.519686 0.041663
107.561351 0.041665
107.603018 0.041667
107.644686 0.041668
107.686303 0.041617
107.728018 0.041715
107.769689 0.041672
107.811358 0.041669
107.853014 0.041656
107.894680 0.041666
107.936351 0.041671
107.977971 0.041620
108.019681 0.041710
108.061347 0.041666
108.133166 0.071819
108.146798 0.013632
108.253819 0.107021
108.273079 0.019260
108.387880 0.114802
108.436344 0.048464
108.478018 0.041674
108.519686 0.041668
108.573400 0.053713
108.603028 0.029628
108.644692 0.041664
108.686350 0.041658
108.728018 0.041668
108.769686 0.041667
108.811350 0.041665
108.853015 0.041665
108.894681 0.041666
108.936297 0.041616
108.978014 0.041717
109.019694 0.041680
109.076119 0.056424
109.103019 0.026901
109.144686 0.041667
109.186357 0.041671
109.228019 0.041662
109.269684 0.041665
109.311353 0.041669
109.353026 0.041673
109.394681 0.041654
109.436348 0.041668
109.477976 0.041628
109.519686 0.041710
109.561303 0.041617
109.603022 0.041719
109.644682 0.041661
109.686348 0.041666
109.728015 0.041667
109.769686 0.041670
109.811360 0.041674
109.853019 0.041659
109.894690 0.041671
109.936349 0.041659
109.978019 0.041670
110.019684 0.041666
110.061352 0.041667
110.103031 0.041680
110.144681 0.041650
110.186347 0.041666
110.228014 0.041666
110.287093 0.059080
110.311348 0.024254
110.353019 0.041672
110.394694 0.041674
110.436361 0.041667
110.478019 0.041658
110.519685 0.041667
110.561352 0.041667
110.603022 0.041670
110.644695 0.041672
110.686357 0.041663
110.728015 0.041658
110.769686 0.041671
110.811352 0.041666
110.852977 0.041625
110.894685 0.041708
110.936357 0.041671
110.978015 0.041659
111.019693 0.041678
111.071094 0.051401
111.103020 0.031926
111.144690 0.041670
111.188013 0.043323
111.228017 0.040004
111.269686 0.041669
111.311353 0.041667
111.352972 0.041618
111.394684 0.041713
111.436359 0.041674
111.478015 0.041657
111.519681 0.041665
111.561349 0.041668
111.603014 0.041665
111.644681 0.041667
111.686349 0.041668
111.728015 0.041666
111.769683 0.041668
111.992336 0.222653
112.064105 0.071769
112.107848 0.043744
112.146310 0.038461
112.186348 0.040038
112.301830 0.115482
112.385304 0.083474
112.436343 0.051040
112.478020 0.041676
112.526071 0.048051
112.564074 0.038003
112.603016 0.038942
112.644688 0.041672
112.686348 0.041660
112.728019 0.041671
112.769685 0.041665
112.811353 0.041669
112.853014 0.041661
112.894682 0.041669
112.936348 0.041666
112.978013 0.041665
113.019681 0.041668
113.061348 0.041667
113.191826 0.130478
113.273766 0.081940
113.329749 0.055983
113.357846 0.028097
113.394683 0.036836
113.436415 0.041733
113.478034 0.041619
113.519686 0.041652
113.561360 0.041674
113.603017 0.041657
113.644685 0.041668
113.686349 0.041665
113.728019 0.041670
113.769687 0.041668
113.811312 0.041625
113.853015 0.041703
113.898244 0.045229
113.936348 0.038104
113.978020 0.041672
114.019690 0.041670
114.061352 0.041662
114.103021 0.041669
114.144683 0.041662
114.186349 0.041666
114.228016 0.041667
114.269693 0.041677
114.311351 0.041658
114.352978 0.041627
114.394641 0.041663
114.436353 0.041711
114.478017 0.041664
114.519685 0.041668
114.561361 0.041677
114.603025 0.041663
114.644691 0.041666
114.686348 0.041657
114.728015 0.041667
114.817811 0.089796
114.853014 0.035203
114.935512 0.082498
114.987922 0.052410
115.048227 0.060305
115.099241 0.051014
115.161822 0.062581
115.198397 0.036575
115.237832 0.039435
115.285836 0.048003
115.337774 0.051938
115.394684 0.056910
115.436355 0.041671
115.478015 0.041661
115.519680 0.041665
115.572926 0.053246
115.631886 0.058960
115.686346 0.054460
115.729004 0.042658
115.769679 0.040675
115.848043 0.078364
115.904867 0.056824
115.936347 0.031480
115.978017 0.041669
116.019681 0.041665
116.081791 0.062110
116.144682 0.062891
116.186351 0.041669
116.228018 0.041667
116.278637 0.050619
116.311347 0.032710
116.353015 0.041668
116.394653 0.041638
116.436350 0.041697
116.478019 0.041669
116.519685 0.041666
116.561365 0.041679
116.603018 0.041654
116.644692 0.041674
116.686353 0.041661
116.728019 0.041666
116.769686 0.041667
116.811352 0.041667
116.852981 0.041629
116.894680 0.041700
116.936349 0.041668
116.978015 0.041666
117.019681 0.041666
117.061348 0.041667
117.102966 0.041618
117.144681 0.041715
117.236623 0.091941
117.272038 0.035415
117.311344 0.039306
117.353013 0.041669
117.394686 0.041673
117.436348 0.041662
117.478018 0.041670
117.519694 0.041676
117.561353 0.041659
117.603019 0.041666
117.644692 0.041674
117.686354 0.041662
117.727970 0.041616
117.769686 0.041716
117.811304 0.041618
117.852969 0.041665
117.894684 0.041715
117.936350 0.041666
117.978013 0.041663
118.019682 0.041669
118.061346 0.041664
118.103015 0.041669
118.144681 0.041666
118.186347 0.041666
118.228030 0.041682
118.269686 0.041656
118.311360 0.041674
118.353019 0.041659
118.394684 0.041665
118.436350 0.041666
118.477970 0.041620
118.519682 0.041712
118.561349 0.041667
118.603015 0.041667
118.644681 0.041665
118.686351 0.041671
118.728019 0.041668
118.769685 0.041666
118.811342 0.041657
118.853014 0.041672
118.894685 0.041671
118.936347 0.041663
118.978017 0.041670
119.019652 0.041635
119.061349 0.041697
119.103015 0.041666
119.144683 0.041668
119.186347 0.041665
119.228019 0.041672
119.269692 0.041672
119.311350 0.041658
119.353015 0.041665
119.394680 0.041665
119.436348 0.041668
119.494192 0.057844
119.519680 0.025488
119.568764 0.049084
119.603020 0.034257
119.644698 0.041678
119.686354 0.041656
119.727971 0.041617
119.769687 0.041716
119.811352 0.041666
119.853019 0.041667
119.894685 0.041666
119.936354 0.041669
119.978015 0.041660
120.019681 0.041666
120.061348 0.041667
120.129800 0.068452
120.186354 0.056554
120.228019 0.041666
120.269694 0.041675
120.311348 0.041654
120.356192 0.044844
120.394686 0.038494
120.436354 0.041667
120.477976 0.041623
120.519694 0.041718
120.573770 0.054076
120.603014 0.029244
120.644668 0.041654
120.716398 0.071730
120.771403 0.055005
120.811361 0.039958
120.853017 0.041656
120.894691 0.041674
120.936362 0.041670
120.977972 0.041610
121.019687 0.041715
121.061353 0.041666
121.103019 0.041665
121.144687 0.041668
121.186350 0.041664
121.228016 0.041666
121.269681 0.041665
121.311348 0.041667
121.353014 0.041666
121.394691 0.041677
121.436350 0.041659
121.478011 0.041660
121.519923 0.041913
121.561353 0.041430
121.603017 0.041665
121.644684 0.041667
121.686363 0.041679
121.728017 0.041653
121.769681 0.041664
121.811346 0.041665
121.853014 0.041668
121.894681 0.041666
121.936350 0.041669
121.978018 0.041668
122.019684 0.041666
122.061352 0.041668
122.103014 0.041662
122.144682 0.041668
122.186347 0.041665
122.228015 0.041668
122.269681 0.041666
122.311347 0.041666
122.353016 0.041669
122.394680 0.041665
122.436348 0.041668
122.478019 0.041670
122.519684 0.041666
122.561356 0.041672
122.602984 0.041628
122.644686 0.041702
122.686347 0.041661
122.728020 0.041672
122.769687 0.041667
122.811347 0.041660
122.853026 0.041679
122.894678 0.041652
122.979878 0.085200
123.041820 0.061942
123.103015 0.061195
123.144683 0.041668
123.186347 0.041664
123.229149 0.042802
123.270074 0.040925
123.311355 0.041281
123.381995 0.070640
123.457766 0.075771
123.529769 0.072003
123.561442 0.031673
123.606779 0.045337
123.652081 0.045302
123.686361 0.034280
123.727974 0.041612
123.769686 0.041712
123.811351 0.041665
123.852969 0.041618
123.894684 0.041715
123.936356 0.041672
123.978017 0.041661
124.019645 0.041629
124.061348 0.041703
124.103014 0.041666
124.144681 0.041667
124.196405 0.051724
124.228015 0.031610
124.269685 0.041670
124.311353 0.041668
124.353018 0.041665
124.394685 0.041667
124.436353 0.041668
124.478019 0.041667
124.519686 0.041666
124.561358 0.041673
124.603015 0.041656
124.644682 0.041667
124.686348 0.041667
124.728014 0.041666
124.769681 0.041667
124.811349 0.041669
124.853015 0.041666
124.953822 0.100808
124.986458 0.032636
125.019694 0.033236
125.061359 0.041665
125.103029 0.041671
125.144693 0.041664
125.186353 0.041660
125.228020 0.041667
125.269687 0.041667
125.311351 0.041665
125.353018 0.041667
125.394694 0.041675
125.436360 0.041666
125.478018 0.041658
125.519681 0.041663
125.561350 0.041669
125.603015 0.041664
125.654739 0.051725
125.686348 0.031608
125.728028 0.041680
125.771867 0.043839
125.811352 0.039485
125.853019 0.041666
125.894686 0.041667
125.936351 0.041665
125.978019 0.041668
126.019681 0.041663
126.061348 0.041667
126.103015 0.041667
126.144681 0.041666
126.186348 0.041667
126.227978 0.041630
126.269695 0.041717
126.311348 0.041653
126.353013 0.041665
126.394681 0.041667
126.436348 0.041667
126.478015 0.041668
126.519683 0.041668
126.591512 0.071829
126.653717 0.062204
126.686362 0.032646
126.728030 0.041667
126.769693 0.041663
126.811359 0.041666
126.853021 0.041662
126.894693 0.041671
126.953901 0.059209
127.019683 0.065782
127.061303 0.041620
127.103014 0.041712
127.233825 0.130811
127.328019 0.094194
127.405818 0.077799
127.460013 0.054195
127.593819 0.133806
127.687680 0.093862
127.765789 0.078108
127.822778 0.056989
127.887885 0.065107
127.995881 0.107996
128.060793 0.064911
128.116098 0.055305
128.144686 0.028588
128.186347 0.041662
128.228011 0.041664
128.269688 0.041677
128.311352 0.041664
128.352971 0.041619
128.394684 0.041713
128.436352 0.041668
128.477970 0.041618
128.519685 0.041715
128.561356 0.041671
128.603014 0.041659
128.644680 0.041666
128.686347 0.041667
128.728013 0.041666
128.769683 0.041669
128.811313 0.041630
128.853015 0.041702
128.894681 0.041667
128.936347 0.041666
128.978015 0.041668
129.019682 0.041667
129.071398 0.051716
129.103019 0.031621
129.144685 0.041667
129.186361 0.041675
129.228018 0.041657
129.269687 0.041669
129.311350 0.041663
129.353014 0.041664
129.394680 0.041667
129.436347 0.041666
129.478017 0.041671
129.519681 0.041664
129.561351 0.041670
129.603018 0.041667
129.644685 0.041667
129.686358 0.041673
129.728014 0.041656
129.769680 0.041666
129.811348 0.041668
129.853015 0.041667
129.894684 0.041669
129.936358 0.041674
129.978016 0.041658
130.019681 0.041666
130.061348 0.041666
130.103014 0.041666
130.144685 0.041671
130.186348 0.041663
130.228014 0.041666
130.269681 0.041667
130.311350 0.041669
130.353025 0.041675
130.394693 0.041667
130.436347 0.041654
130.478028 0.041681
130.519685 0.041657
130.561351 0.041667
130.602979 0.041628
130.644698 0.041719
130.686347 0.041649
130.728015 0.041668
130.769688 0.041672
130.871677 0.101990
130.894684 0.023006
130.936349 0.041665
130.978018 0.041669
131.019682 0.041664
131.061359 0.041677
131.103029 0.041670
131.144690 0.041662
131.196488 0.051798
131.228021 0.031533
131.269686 0.041666
131.311362 0.041675
131.362694 0.051332
131.394685 0.031991
131.436361 0.041676
131.478028 0.041667
131.526117 0.048090
131.561346 0.035228
131.603027 0.041681
131.644694 0.041667
131.689832 0.045138
131.728012 0.038180
131.769694 0.041682
131.811361 0.041668
131.860339 0.048978
131.894683 0.034343
131.936359 0.041676
131.978021 0.041662
132.019685 0.041665
132.061351 0.041666
132.102987 0.041636
132.144682 0.041695
132.186346 0.041665
132.228014 0.041668
132.269695 0.041681
132.311358 0.041663
132.353016 0.041658
132.394688 0.041672
132.436305 0.041618
132.478018 0.041712
132.519685 0.041667
132.561361 0.041676
132.603015 0.041654
132.644682 0.041666
132.686348 0.041667
132.728014 0.041666
132.769680 0.041666
132.837829 0.068149
132.854954 0.017125
132.894686 0.039732
132.936351 0.041665
132.978018 0.041668
133.019699 0.041680
133.061377 0.041679
133.103015 0.041638
133.144680 0.041665
133.186348 0.041668
133.228014 0.041666
133.269717 0.041703
133.311359 0.041642
133.352971 0.041613
133.394686 0.041714
133.436360 0.041675
133.493827 0.057466
133.549832 0.056006
133.603021 0.053189
133.646587 0.043566
133.686361 0.039774
133.727967 0.041607
133.769690 0.041723
133.811352 0.041662
133.853029 0.041677
133.894685 0.041656
133.936352 0.041667
133.978018 0.041666
134.019636 0.041618
134.061351 0.041715
134.103018 0.041667
134.144687 0.041670
134.186347 0.041660
134.228013 0.041665
134.269682 0.041669
134.311364 0.041683
134.381823 0.070459
134.402493 0.020670
134.436348 0.033856
134.478019 0.041671
134.519685 0.041666
134.561351 0.041666
134.603026 0.041675
134.644682 0.041656
134.686348 0.041666
134.828562 0.142214
134.891123 0.062561
134.936340 0.045217
134.978015 0.041674
135.019684 0.041669
135.061351 0.041667
135.103032 0.041682
135.144693 0.041661
135.186353 0.041660
135.228018 0.041666
135.269692 0.041674
135.311353 0.041661
135.353020 0.041667
135.394681 0.041661
135.436361 0.041680
135.483867 0.047506
135.519691 0.035823
135.561350 0.041659
135.603013 0.041664
135.644682 0.041668
135.686349 0.041667
135.728014 0.041665
135.769684 0.041670
135.811359 0.041675
135.853026 0.041667
135.913796 0.060770
135.936348 0.022552
135.978014 0.041666
136.019682 0.041667
136.061351 0.041669
136.103018 0.041667
136.144695 0.041677
136.186347 0.041653
136.327875 0.141527
136.353016 0.025141
136.409770 0.056755
136.438907 0.029136
136.477968 0.039062
136.519699 0.041730
136.561372 0.041673
136.602971 0.041599
136.644686 0.041715
136.686358 0.041672
136.728018 0.041660
136.769655 0.041637
136.811352 0.041697
136.852972 0.041620
136.894686 0.041714
136.936351 0.041665
136.978030 0.041679
137.019685 0.041655
137.061350 0.041665
137.103014 0.041664
137.144694 0.041680
137.189826 0.045132
137.227988 0.038161
137.269685 0.041697
137.311353 0.041669
137.353028 0.041674
137.394679 0.041651
137.436313 0.041634
137.478015 0.041702
137.519683 0.041668
137.561353 0.041670
137.602969 0.041617
137.644688 0.041719
137.686348 0.041659
137.728016 0.041668
137.769688 0.041672
137.811350 0.041662
137.873202 0.061852
137.895723 0.022521
137.936353 0.040630
137.978019 0.041666
138.019686 0.041666
138.061353 0.041667
138.102978 0.041625
138.144688 0.041710
138.189954 0.045265
138.228014 0.038061
138.269686 0.041672
138.311353 0.041667
138.352979 0.041626
138.394678 0.041699
138.436361 0.041682
138.478017 0.041656
138.519686 0.041669
138.561352 0.041666
138.602970 0.041618
138.644687 0.041718
138.686347 0.041660
138.728015 0.041668
138.769680 0.041665
138.811348 0.041668
138.853016 0.041668
138.894681 0.041665
138.936349 0.041668
138.978013 0.041664
139.019680 0.041667
139.061347 0.041666
139.103019 0.041673
139.144684 0.041665
139.186365 0.041681
139.228027 0.041662
139.269681 0.041654
139.311349 0.041669
139.353020 0.041670
139.394684 0.041664
139.436325 0.041641
139.478030 0.041704
139.519683 0.041653
139.561347 0.041664
139.603014 0.041666
139.644681 0.041668
139.686352 0.041671
139.728017 0.041665
139.769684 0.041667
139.905825 0.136141
139.936347 0.030522
139.978012 0.041665
140.019680 0.041668
140.089820 0.070139
140.144683 0.054863
140.186362 0.041679
140.227981 0.041619
140.269680 0.041699
140.311358 0.041678
140.353026 0.041668
140.394688 0.041662
140.436355 0.041667
140.507881 0.071526
140.599746 0.091864
140.644682 0.044936
140.702166 0.057484
140.735871 0.033705
140.825820 0.089949
140.876900 0.051080
140.904398 0.027498
140.936347 0.031949
141.011855 0.075508
141.061349 0.049494
141.103634 0.042285
141.144677 0.041043
141.227883 0.083205
141.273822 0.045940
141.311360 0.037538
141.353017 0.041657
141.399268 0.046251
141.436368 0.037100
141.478017 0.041649
141.519692 0.041675
141.561361 0.041668
141.603015 0.041654
141.644686 0.041671
141.686359 0.041673
141.728026 0.041667
141.769686 0.041661
141.811352 0.041665
141.853017 0.041666
141.894683 0.041665
141.936351 0.041668
141.978018 0.041667
142.019681 0.041663
142.061347 0.041665
142.103015 0.041668
142.144680 0.041665
142.186352 0.041672
142.228031 0.041679
142.269682 0.041651
142.311349 0.041667
142.353014 0.041665
142.394680 0.041666
142.436352 0.041672
142.478019 0.041668
142.519695 0.041675
142.561362 0.041667
142.603018 0.041656
142.644680 0.041662
142.686352 0.041671
142.728018 0.041667
142.769699 0.041681
142.811359 0.041661
142.853027 0.041668
142.894682 0.041655
142.936352 0.041670
142.978017 0.041666
143.019685 0.041667
143.061353 0.041669
143.103014 0.041661
143.144680 0.041666
143.186348 0.041667
143.248120 0.061773
143.269680 0.021560
143.361825 0.092145
143.394682 0.032857
143.448727 0.054045
143.478012 0.029285
143.541770 0.063758
143.581822 0.040052
143.632893 0.051070
143.689818 0.056925
143.728019 0.038201
143.797792 0.069774
143.847879 0.050086
143.935872 0.087994
143.993821 0.057948
144.033824 0.040003
144.081822 0.047998
144.137824 0.056002
144.186349 0.048525
144.235755 0.049406
144.305828 0.070073
144.353011 0.047183
144.394686 0.041675
144.505896 0.111210
144.529199 0.023303
144.569375 0.040176
144.602964 0.033589
144.644680 0.041717
144.695863 0.051183
144.728014 0.032151
144.796214 0.068200
144.811349 0.015135
144.885820 0.074470
144.967995 0.082175
145.038931 0.070936
145.071713 0.032782
145.103014 0.031302
145.152537 0.049523
145.186358 0.033821
145.228015 0.041658
145.269686 0.041671
145.311355 0.041669
145.353018 0.041663
145.394685 0.041667
145.436351 0.041666
145.478017 0.041667
145.519691 0.041674
145.561348 0.041657
145.603014 0.041666
145.644682 0.041668
145.686357 0.041675
145.728014 0.041657
145.769682 0.041668
145.811358 0.041676
145.853014 0.041655
145.894684 0.041671
145.936318 0.041634
145.978014 0.041696
146.019681 0.041667
146.061347 0.041666
146.103038 0.041691
146.144684 0.041646
146.186353 0.041669
146.228014 0.041660
146.269684 0.041671
146.311372 0.041687
146.352966 0.041595
146.394685 0.041719
146.621770 0.227085
146.749828 0.128058
146.823879 0.074052
146.874898 0.051019
146.933971 0.059073
147.073815 0.139843
147.103016 0.029202
147.175716 0.072700
147.237525 0.061809
147.345821 0.108296
147.421818 0.075997
147.469816 0.047998
147.529708 0.059891
147.637999 0.108291
147.719850 0.081851
147.769679 0.049829
147.811353 0.041673
147.857619 0.046266
147.894686 0.037068
147.936366 0.041679
147.978013 0.041647
148.037819 0.059807
148.121816 0.083996
148.144681 0.022866
148.191073 0.046391
148.227963 0.036891
148.287887 0.059923
148.312249 0.024362
148.353023 0.040773
148.394693 0.041671
148.436350 0.041657
148.497372 0.061022
148.519686 0.022315
148.561360 0.041674
148.603019 0.041659
148.644685 0.041666
148.686353 0.041668
148.727970 0.041617
148.769685 0.041715
148.811353 0.041668
148.852969 0.041616
148.894687 0.041718
148.936348 0.041660
149.013822 0.077475
149.061349 0.047527
149.103020 0.041672
149.144684 0.041664
149.191388 0.046704
149.238088 0.046700
149.269686 0.031598
149.311358 0.041672
149.352971 0.041613
149.394685 0.041714
149.436352 0.041667
149.478021 0.041669
149.519681 0.041660
149.561353 0.041672
149.603021 0.041668
149.644681 0.041660
149.686347 0.041666
149.728013 0.041666
149.769682 0.041669
149.811350 0.041668
149.852972 0.041622
149.894681 0.041709
149.955930 0.061249
149.985767 0.029837
150.037941 0.052174
150.061353 0.023412
150.103026 0.041673
150.144686 0.041660
150.186352 0.041666
150.227975 0.041623
150.269685 0.041710
150.311352 0.041667
150.353030 0.041678
150.394684 0.041653
150.436347 0.041664
150.478014 0.041667
150.519680 0.041666
150.561346 0.041666
150.603017 0.041671
150.644685 0.041668
150.686348 0.041664
150.727969 0.041620
150.769680 0.041711
150.811347 0.041667
150.853015 0.041667
150.914782 0.061767
150.937227 0.022445
150.978022 0.040795
151.019686 0.041664
151.061351 0.041665
151.103017 0.041666
151.144681 0.041663
151.186346 0.041666
151.237766 0.051420
151.269680 0.031914
151.311347 0.041667
151.353025 0.041678
151.394683 0.041658
151.436347 0.041664
151.478026 0.041679
151.519685 0.041659
151.561351 0.041666
151.603028 0.041677
151.644692 0.041664
151.686350 0.041658
151.728014 0.041664
151.769682 0.041668
151.811353 0.041671
151.853018 0.041666
151.894692 0.041674
151.936353 0.041660
151.977968 0.041616
152.019694 0.041726
152.061766 0.042072
152.103021 0.041255
152.144682 0.041661
152.186349 0.041667
152.228020 0.041671
152.269684 0.041664
152.311358 0.041674
152.353015 0.041657
152.394681 0.041666
152.436347 0.041666
152.488156 0.051809
152.519680 0.031524
152.561309 0.041628
152.603862 0.042553
152.644686 0.040824
152.686353 0.041667
152.727971 0.041619
152.769686 0.041715
152.811344 0.041658
152.852971 0.041627
152.894693 0.041722
152.936348 0.041655
152.978015 0.041667
153.019681 0.041666
153.091510 0.071829
153.106149 0.014639
153.144692 0.038543
153.186360 0.041668
153.228019 0.041659
153.269686 0.041666
153.311358 0.041673
153.353021 0.041663
153.394686 0.041665
153.436359 0.041674
153.478012 0.041653
153.519691 0.041679
153.561348 0.041658
153.603015 0.041667
153.673822 0.070807
153.690836 0.017015
153.728010 0.037173
153.772483 0.044473
153.811367 0.038884
153.853030 0.041663
153.894685 0.041655
153.936361 0.041676
153.978019 0.041658
154.019691 0.041672
154.061361 0.041670
154.103026 0.041665
154.144685 0.041659
154.186358 0.041673
154.228018 0.041660
154.269692 0.041673
154.353010 0.083319
154.394685 0.041674
154.436352 0.041668
154.478027 0.041674
154.519685 0.041659
154.561361 0.041675
154.603019 0.041659
154.644680 0.041661
154.686348 0.041668
154.735233 0.048885
154.769689 0.034456
154.811347 0.041658
154.889818 0.078471
154.917793 0.027976
154.950516 0.032723
154.985792 0.035276
155.023852 0.038060
155.103628 0.079776
155.144686 0.041059
155.186353 0.041667
155.236312 0.049959
155.269693 0.033381
155.311357 0.041665
155.353028 0.041670
155.394691 0.041663
155.436351 0.041660
155.477970 0.041619
155.519685 0.041715
155.561360 0.041675
155.604948 0.043588
155.644687 0.039739
155.686347 0.041659
155.763872 0.077525
155.819464 0.055592
155.853024 0.033560
155.896027 0.043003
155.938500 0.042473
155.978020 0.039520
156.019686 0.041666
156.061303 0.041617
156.103019 0.041716
156.144685 0.041666
156.186351 0.041666
156.227970 0.041619
156.269683 0.041713
156.432005 0.162322
156.515877 0.083872
156.561341 0.045465
156.650190 0.088849
156.686341 0.036151
156.773831 0.087490
156.821823 0.047992
156.859656 0.037833
156.894644 0.034987
156.936362 0.041718
156.977971 0.041609
157.019686 0.041715
157.061354 0.041668
157.103018 0.041665
157.144686 0.041667
157.186352 0.041666
157.228019 0.041667
157.269688 0.041669
157.311347 0.041659
157.353014 0.041667
157.394681 0.041666
157.436348 0.041667
157.478014 0.041666
157.519682 0.041668
157.561348 0.041666
157.602973 0.041625
157.644684 0.041710
157.686357 0.041673
157.727970 0.041614
157.769693 0.041722
157.811348 0.041655
157.853017 0.041669
157.894682 0.041665
157.936347 0.041665
157.978014 0.041668
158.019682 0.041667
158.061348 0.041666
158.103017 0.041669
158.150336 0.047320
158.186347 0.036011
158.227987 0.041640
158.269685 0.041698
158.311356 0.041671
158.573827 0.262471
158.645824 0.071997
158.686346 0.040522
158.771823 0.085477
158.833767 0.061943
158.894679 0.060912
158.936355 0.041676
159.001834 0.065479
159.041448 0.039615
159.073925 0.032477
159.103027 0.029102
159.197822 0.094795
159.251883 0.054061
159.274523 0.022640
159.311347 0.036824
159.405766 0.094418
159.450407 0.044641
159.477967 0.027561
159.519681 0.041714
159.561347 0.041666
159.621765 0.060418
159.646568 0.024803
159.686353 0.039785
159.728018 0.041666
159.769684 0.041666
159.811352 0.041667
159.853015 0.041664
159.894680 0.041665
159.936351 0.041671
159.978017 0.041666
160.019694 0.041676
160.061356 0.041662
160.103025 0.041670
160.144686 0.041661
160.186361 0.041674
160.228028 0.041668
160.269686 0.041657
160.311352 0.041667
160.352973 0.041621
160.394685 0.041712
160.436352 0.041667
160.477978 0.041626
160.519688 0.041710
160.561347 0.041659
160.603015 0.041668
160.661084 0.058069
160.705794 0.044710
160.757819 0.052025
160.811867 0.054048
160.853027 0.041160
160.894698 0.041671
160.936359 0.041661
160.977979 0.041620
161.019685 0.041706
161.061351 0.041666
161.103018 0.041667
161.144693 0.041676
161.186352 0.041658
161.228017 0.041666
161.269684 0.041667
161.333819 0.064135
161.359837 0.026018
161.429792 0.069955
161.478010 0.048219
161.519693 0.041683
161.562039 0.042346
161.602977 0.040938
161.644683 0.041706
161.686352 0.041669
161.728018 0.041666
161.769686 0.041667
161.811352 0.041667
161.853018 0.041665
161.894684 0.041667
161.936359 0.041674
161.978014 0.041655
162.019681 0.041667
162.061349 0.041668
162.103015 0.041666
162.144686 0.041671
162.186355 0.041668
162.227967 0.041612
162.269681 0.041714
162.311348 0.041667
162.353015 0.041667
162.394684 0.041669
162.436349 0.041665
162.478016 0.041667
162.545812 0.067797
162.563027 0.017215
162.603015 0.039988
162.644681 0.041667
162.716513 0.071832
162.769687 0.053174
162.811358 0.041671
162.853028 0.041669
162.894680 0.041652
162.936354 0.041674
162.978020 0.041665
163.019687 0.041667
163.061354 0.041666
163.102971 0.041617
163.144686 0.041715
163.186352 0.041666
163.228024 0.041672
163.269681 0.041657
163.311347 0.041666
163.353015 0.041667
163.394682 0.041667
163.436353 0.041672
163.478018 0.041665
163.519681 0.041663
163.573820 0.054139
163.661825 0.088005
163.727885 0.066061
163.769676 0.041791
163.927880 0.158205
163.978014 0.050134
164.125823 0.147810
164.186341 0.060517
164.228017 0.041676
164.269682 0.041665
164.311350 0.041668
164.353021 0.041671
164.394684 0.041663
164.436359 0.041675
164.478786 0.042427
164.519684 0.040898
164.561351 0.041667
164.603018 0.041667
164.644688 0.041670
164.686350 0.041663
164.728014 0.041664
164.769681 0.041666
164.811348 0.041667
164.853027 0.041680
164.894685 0.041658
164.936353 0.041668
164.977980 0.041627
165.019637 0.041658
165.061352 0.041715
165.103018 0.041666
165.144691 0.041674
165.186358 0.041667
165.228015 0.041657
165.269680 0.041664
165.311347 0.041667
165.353015 0.041668
165.394681 0.041667
165.436347 0.041666
165.488506 0.052159
165.519681 0.031175
165.561359 0.041678
165.603016 0.041657
165.644685 0.041670
165.686353 0.041668
165.727978 0.041626
165.769685 0.041707
165.811352 0.041666
165.853019 0.041668
165.894691 0.041672
165.936348 0.041657
165.978015 0.041667
166.019681 0.041666
166.061348 0.041667
166.103014 0.041666
166.184904 0.081890
166.228029 0.043125
166.269693 0.041664
166.311363 0.041670
166.353025 0.041662
166.394693 0.041667
166.436303 0.041610
166.478018 0.041714
166.519685 0.041668
166.561351 0.041666
166.603019 0.041668
166.644685 0.041666
166.686355 0.041670
166.728014 0.041659
166.769680 0.041667
166.811347 0.041667
166.852974 0.041627
166.894682 0.041707
166.936348 0.041666
166.978016 0.041668
167.019682 0.041666
167.061305 0.041623
167.103026 0.041721
167.144681 0.041655
167.214295 0.069614
167.231703 0.017407
167.269696 0.037993
167.321135 0.051439
167.353020 0.031885
167.394685 0.041666
167.436305 0.041619
167.477969 0.041664
167.519687 0.041718
167.561356 0.041669
167.603014 0.041658
167.664793 0.061779
167.687386 0.022593
167.728015 0.040630
167.769694 0.041678
167.812106 0.042412
167.853032 0.040926
167.894696 0.041663
167.936348 0.041653
167.978015 0.041667
168.019682 0.041667
168.061354 0.041672
168.103026 0.041672
168.144680 0.041654
168.186348 0.041668
168.228016 0.041668
168.269695 0.041678
168.311353 0.041659
168.353026 0.041673
168.394687 0.041661
168.436353 0.041667
168.478025 0.041672
168.519686 0.041660
168.561354 0.041668
168.603016 0.041662
168.644687 0.041671
168.686349 0.041661
168.728016 0.041668
168.769681 0.041665
168.811369 0.041688
168.853019 0.041650
168.894700 0.041680
168.936353 0.041653
168.978015 0.041662
169.019685 0.041670
169.061351 0.041666
169.103020 0.041669
169.144682 0.041661
169.186348 0.041667
169.228027 0.041679
169.269683 0.041656
169.311348 0.041665
169.353029 0.041681
169.394689 0.041660
169.436351 0.041662
169.478016 0.041665
169.519699 0.041683
169.561352 0.041653
169.602985 0.041633
169.644683 0.041698
169.686352 0.041669
169.728024 0.041672
169.769697 0.041673
169.811348 0.041651
169.853015 0.041668
169.894681 0.041666
169.936349 0.041668
169.978014 0.041665
170.019681 0.041667
170.061352 0.041672
170.103028 0.041676
170.144695 0.041667
170.186351 0.041656
170.228019 0.041668
170.269684 0.041665
170.311365 0.041681
170.353015 0.041650
170.394680 0.041666
170.436360 0.041679
170.478030 0.041670
170.519682 0.041652
170.561353 0.041671
170.602980 0.041627
170.644681 0.041702
170.686350 0.041669
170.728015 0.041665
170.769682 0.041667
170.811352 0.041670
170.852967 0.041615
170.894681 0.041714
170.936347 0.041666
170.978020 0.041672
171.019685 0.041665
171.061350 0.041665
171.103020 0.041670
171.144680 0.041660
171.186347 0.041666
171.228013 0.041667
171.269682 0.041669
171.311347 0.041665
171.353019 0.041671
171.394686 0.041667
171.436304 0.041619
171.478022 0.041718
171.519681 0.041658
171.561357 0.041676
171.603014 0.041657
171.644693 0.041679
171.686353 0.041660
171.727982 0.041629
171.769681 0.041699
171.811348 0.041667
171.853014 0.041666
171.894682 0.041668
171.936351 0.041669
171.978015 0.041664
172.019681 0.041666
172.061354 0.041673
172.103015 0.041661
172.144682 0.041667
172.186347 0.041665
172.228016 0.041670
172.269687 0.041671
172.311352 0.041665
172.353026 0.041674
172.394683 0.041657
172.436359 0.041675
172.478032 0.041674
172.519682 0.041650
172.561358 0.041676
172.603015 0.041657
172.644685 0.041670
172.686355 0.041671
172.727969 0.041614
172.769691 0.041722
172.811350 0.041659
172.853013 0.041663
172.894681 0.041668
172.936347 0.041667
172.978014 0.041667
173.019680 0.041666
173.061348 0.041668
173.103015 0.041667
173.144679 0.041664
173.186351 0.041672
173.228020 0.041669
173.269680 0.041660
173.311349 0.041669
173.353016 0.041667
173.396175 0.043158
