0.014152 0.014152
0.028249 0.014097
0.069446 0.041197
0.111128 0.041682
0.152776 0.041648
0.194443 0.041667
0.236147 0.041704
0.277776 0.041630
0.319476 0.041699
0.361143 0.041668
0.402778 0.041634
0.444477 0.041699
0.486144 0.041668
0.527778 0.041634
0.569448 0.041670
0.611099 0.041651
0.652765 0.041666
0.694473 0.041708
0.736144 0.041671
0.777809 0.041665
0.819478 0.041669
0.861099 0.041621
0.902786 0.041687
0.944452 0.041666
0.986113 0.041661
1.027780 0.041667
1.069449 0.041669
1.111113 0.041664
1.152780 0.041666
1.194446 0.041666
1.236115 0.041668
1.277781 0.041666
1.319446 0.041665
1.361113 0.041667
1.402782 0.041669
1.444447 0.041665
1.486063 0.041616
1.527788 0.041726
1.569456 0.041668
1.611130 0.041673
1.652788 0.041659
1.694454 0.041666
1.736122 0.041668
1.777782 0.041660
1.819448 0.041666
1.861115 0.041667
1.902782 0.041667
1.944448 0.041666
1.986114 0.041667
2.027783 0.041668
2.069450 0.041667
2.111114 0.041664
2.152783 0.041669
2.194446 0.041663
2.236113 0.041667
2.277779 0.041666
2.319446 0.041667
2.361062 0.041616
2.402779 0.041717
2.444446 0.041667
2.486113 0.041667
2.527783 0.041670
2.569451 0.041667
2.611116 0.041665
2.652784 0.041668
2.694451 0.041667
2.736120 0.041669
2.777783 0.041663
2.819453 0.041670
2.861118 0.041665
2.902783 0.041665
2.944449 0.041665
2.986115 0.041667
3.027782 0.041666
3.069449 0.041667
3.111116 0.041667
3.152781 0.041665
3.194448 0.041667
3.236115 0.041667
3.277783 0.041669
3.319449 0.041666
3.361118 0.041669
3.402783 0.041665
3.444449 0.041666
3.486116 0.041667
3.527783 0.041667
3.569447 0.041664
3.611113 0.041667
3.652781 0.041667
3.694447 0.041666
3.736113 0.041666
3.777780 0.041667
3.819447 0.041667
3.861113 0.041667
3.902780 0.041666
3.944450 0.041671
3.986113 0.041663
4.027780 0.041667
4.069448 0.041668
4.111114 0.041666
4.152781 0.041667
4.194447 0.041666
4.236114 0.041667
4.277781 0.041667
4.319447 0.041666
4.361064 0.041617
4.402782 0.041717
4.444448 0.041666
4.486116 0.041668
4.527782 0.041666
4.569450 0.041668
4.611116 0.041666
4.652780 0.041663
4.694446 0.041667
4.736063 0.041616
4.777780 0.041717
4.819446 0.041666
4.861114 0.041668
4.902781 0.041666
4.944459 0.041679
4.986115 0.041655
5.027786 0.041672
5.069447 0.041661
5.111114 0.041666
5.152785 0.041671
5.194448 0.041664
5.236114 0.041666
5.277781 0.041667
5.319447 0.041666
5.361115 0.041668
5.402780 0.041665
5.444447 0.041667
5.486114 0.041667
5.527781 0.041667
5.569448 0.041666
5.611114 0.041667
5.652783 0.041669
5.694447 0.041664
5.736118 0.041671
5.777782 0.041664
5.819397 0.041615
5.861115 0.041718
5.902782 0.041666
5.944448 0.041667
5.986063 0.041615
6.027781 0.041718
6.069448 0.041666
6.111114 0.041667
6.152780 0.041666
6.194448 0.041668
6.236114 0.041666
6.277781 0.041667
6.319448 0.041666
6.361117 0.041669
6.402781 0.041665
6.444447 0.041666
6.486113 0.041666
6.527781 0.041668
6.569447 0.041666
6.611065 0.041618
6.652785 0.041720
6.694449 0.041664
6.736116 0.041666
6.777782 0.041666
6.819448 0.041666
6.861066 0.041618
6.902781 0.041715
6.944450 0.041669
6.986065 0.041615
7.027781 0.041716
7.069449 0.041668
7.111066 0.041617
7.152783 0.041717
7.194449 0.041666
7.236066 0.041617
7.277781 0.041716
7.319448 0.041666
7.361115 0.041667
7.402782 0.041667
7.444448 0.041666
7.486116 0.041668
7.527782 0.041667
7.569450 0.041668
7.611115 0.041665
7.652781 0.041666
7.694449 0.041667
7.736071 0.041622
7.777782 0.041711
7.819447 0.041666
7.861115 0.041668
7.902782 0.041666
7.944448 0.041666
7.986115 0.041667
8.027781 0.041666
8.069448 0.041667
8.111115 0.041667
8.152783 0.041668
8.194449 0.041666
8.236115 0.041666
8.277782 0.041667
8.319448 0.041666
8.361115 0.041667
8.402780 0.041665
8.444448 0.041668
8.486064 0.041616
8.527781 0.041717
8.569447 0.041666
8.611115 0.041667
8.652781 0.041666
8.694448 0.041668
8.736114 0.041666
8.777782 0.041668
8.819448 0.041666
8.861066 0.041618
8.902782 0.041716
8.944448 0.041666
8.986114 0.041666
9.027781 0.041667
9.069449 0.041667
9.111116 0.041667
9.152784 0.041669
9.194448 0.041664
9.236064 0.041616
9.277781 0.041717
9.319448 0.041667
9.361118 0.041670
9.402781 0.041663
9.444448 0.041667
9.486115 0.041668
9.527781 0.041665
9.569448 0.041667
9.611066 0.041618
9.652781 0.041715
9.694448 0.041667
9.736114 0.041666
9.777782 0.041668
9.819449 0.041667
9.861115 0.041666
9.902781 0.041666
9.944451 0.041670
9.986116 0.041665
10.027781 0.041665
10.069448 0.041667
10.111115 0.041666
10.152781 0.041666
10.194449 0.041668
10.236117 0.041668
10.277782 0.041666
10.319399 0.041617
10.361066 0.041667
10.402782 0.041716
10.444449 0.041667
10.486065 0.041616
10.527781 0.041716
10.569451 0.041670
10.611116 0.041664
10.652782 0.041666
10.694447 0.041665
10.736066 0.041619
10.777782 0.041716
10.819448 0.041666
10.861115 0.041667
10.902782 0.041666
10.944450 0.041669
10.986115 0.041665
11.027781 0.041666
11.069452 0.041670
11.111065 0.041614
11.152781 0.041715
11.194448 0.041668
11.236115 0.041667
11.277782 0.041666
11.319448 0.041666
11.361115 0.041668
11.402783 0.041667
11.444448 0.041666
11.486114 0.041665
11.527781 0.041668
11.569448 0.041667
11.611115 0.041668
11.652782 0.041666
11.694449 0.041667
11.736114 0.041665
11.777782 0.041668
11.819447 0.041666
11.861117 0.041669
11.902780 0.041663
11.944448 0.041668
11.986115 0.041666
12.027781 0.041666
12.069449 0.041668
12.111116 0.041667
12.152782 0.041666
12.194449 0.041666
12.236113 0.041664
12.277780 0.041667
12.319449 0.041669
12.361113 0.041664
12.402780 0.041667
12.444448 0.041668
12.486115 0.041667
12.527781 0.041666
12.569447 0.041666
12.611115 0.041668
12.652782 0.041667
12.694448 0.041666
12.736114 0.041667
12.777781 0.041667
12.819447 0.041666
12.861116 0.041669
12.902782 0.041666
12.944448 0.041666
12.986116 0.041668
13.027780 0.041664
13.069449 0.041669
13.111116 0.041667
13.152782 0.041666
13.194448 0.041666
13.236114 0.041666
13.277782 0.041668
13.319447 0.041665
13.361113 0.041666
13.402780 0.041667
13.444447 0.041666
13.486114 0.041668
13.527781 0.041666
13.569448 0.041668
13.611114 0.041665
13.652781 0.041667
13.694448 0.041667
13.736115 0.041667
13.777782 0.041667
13.819448 0.041667
13.861117 0.041668
13.902782 0.041665
13.944448 0.041666
13.986115 0.041667
14.027782 0.041667
14.069449 0.041667
14.111115 0.041665
14.152782 0.041668
14.194449 0.041667
14.236115 0.041667
14.277783 0.041668
14.319448 0.041666
14.361116 0.041668
14.402782 0.041666
14.444449 0.041667
14.486116 0.041667
14.527782 0.041666
14.569448 0.041667
14.611115 0.041667
14.652780 0.041665
14.694449 0.041668
14.736113 0.041664
14.777782 0.041669
14.819446 0.041664
14.861114 0.041668
14.902780 0.041666
14.944447 0.041667
14.986114 0.041667
15.027781 0.041668
15.069450 0.041668
15.111113 0.041664
15.152782 0.041668
15.194449 0.041667
15.236115 0.041666
15.277781 0.041666
15.319448 0.041667
15.361065 0.041617
15.402781 0.041715
15.444399 0.041618
15.486114 0.041715
15.527780 0.041667
15.569446 0.041666
15.611114 0.041668
15.652779 0.041665
15.694446 0.041667
15.736113 0.041667
15.777779 0.041666
15.819446 0.041667
15.861113 0.041667
15.902780 0.041667
15.944446 0.041666
15.986113 0.041667
16.027781 0.041667
16.069447 0.041667
16.111113 0.041666
16.152779 0.041666
16.194446 0.041667
16.236113 0.041667
16.277780 0.041667
16.319447 0.041667
16.361115 0.041668
16.402781 0.041666
16.444449 0.041668
16.486065 0.041616
16.527781 0.041716
16.569448 0.041667
16.611066 0.041618
16.652780 0.041715
16.694447 0.041667
16.736114 0.041667
16.777783 0.041669
16.819449 0.041666
16.861115 0.041666
16.902782 0.041667
16.944448 0.041666
16.986065 0.041617
17.027782 0.041717
17.069447 0.041665
17.111114 0.041667
17.152783 0.041668
17.194450 0.041667
17.236116 0.041666
17.277782 0.041667
17.319449 0.041667
17.361115 0.041665
17.402781 0.041666
17.444447 0.041666
17.486115 0.041668
17.527783 0.041667
17.569448 0.041666
17.611115 0.041667
17.652782 0.041667
17.694448 0.041666
17.736115 0.041666
17.777782 0.041667
17.819449 0.041667
17.861114 0.041665
17.902781 0.041668
17.944449 0.041668
17.986115 0.041666
18.027781 0.041667
18.069449 0.041668
18.111115 0.041666
18.152781 0.041666
18.194448 0.041667
18.236114 0.041667
18.277782 0.041668
18.319448 0.041667
18.361115 0.041667
18.402782 0.041667
18.444449 0.041668
18.486115 0.041666
18.527781 0.041666
18.569449 0.041668
18.611115 0.041666
18.652782 0.041667
18.694448 0.041666
18.736064 0.041616
18.777782 0.041719
18.819448 0.041665
18.861115 0.041667
18.902781 0.041666
18.944448 0.041667
18.986115 0.041667
19.027782 0.041667
19.069449 0.041667
19.111065 0.041616
19.152781 0.041716
19.194449 0.041668
19.236114 0.041665
19.277782 0.041668
19.319448 0.041666
19.361116 0.041667
19.402781 0.041665
19.444448 0.041668
19.486114 0.041666
19.527781 0.041667
19.569399 0.041617
19.611115 0.041717
19.652782 0.041667
19.694448 0.041666
19.736114 0.041666
19.777782 0.041668
19.819449 0.041667
19.861114 0.041665
19.902783 0.041669
19.944448 0.041666
19.986116 0.041668
20.027782 0.041666
20.069448 0.041666
20.111065 0.041617
20.152782 0.041717
20.194448 0.041666
20.236065 0.041616
20.277781 0.041716
20.319447 0.041666
20.361115 0.041668
20.402782 0.041667
20.444448 0.041666
20.486115 0.041667
20.527781 0.041666
20.569398 0.041617
20.611115 0.041717
20.652780 0.041666
20.694447 0.041667
20.736113 0.041666
20.777781 0.041668
20.819448 0.041667
20.861114 0.041666
20.902781 0.041667
20.944447 0.041666
20.986115 0.041668
21.027781 0.041667
21.069448 0.041667
21.111115 0.041667
21.152782 0.041667
21.194447 0.041665
21.236115 0.041668
21.277781 0.041665
21.319446 0.041666
21.361113 0.041667
21.402780 0.041667
21.444447 0.041667
21.486114 0.041668
21.527780 0.041665
21.569449 0.041670
21.611115 0.041666
21.652781 0.041666
21.694447 0.041666
21.736113 0.041666
21.777781 0.041668
21.819447 0.041666
21.861113 0.041666
21.902784 0.041671
21.944447 0.041663
21.986115 0.041667
22.027782 0.041667
22.069448 0.041667
22.111114 0.041666
22.152781 0.041667
22.194446 0.041664
22.236063 0.041617
22.277782 0.041719
22.319447 0.041666
22.361115 0.041668
22.402781 0.041666
22.444449 0.041669
22.486114 0.041665
22.527781 0.041667
22.569447 0.041666
22.611115 0.041668
22.653024 0.041908
22.694448 0.041425
22.736114 0.041665
22.777782 0.041669
22.819447 0.041664
22.861114 0.041668
22.902780 0.041666
22.944451 0.041670
22.986115 0.041664
23.027781 0.041667
23.069449 0.041668
23.111114 0.041665
23.152783 0.041670
23.194448 0.041665
23.236115 0.041667
23.277783 0.041668
23.319447 0.041664
23.361114 0.041668
23.402781 0.041667
23.444448 0.041666
23.486115 0.041667
23.527781 0.041666
23.569449 0.041668
23.611069 0.041620
23.652781 0.041713
23.694449 0.041668
23.736115 0.041666
23.777782 0.041667
23.819448 0.041666
23.861119 0.041671
23.902782 0.041663
23.944450 0.041668
23.986114 0.041664
24.027781 0.041667
24.069450 0.041669
24.111065 0.041615
24.152781 0.041716
24.194448 0.041667
24.236114 0.041666
24.277782 0.041668
24.319447 0.041665
24.361114 0.041666
24.402782 0.041668
24.444448 0.041666
24.486116 0.041668
24.527782 0.041666
24.569449 0.041668
24.611115 0.041665
24.652782 0.041667
24.694449 0.041667
24.736115 0.041666
24.777781 0.041666
24.819447 0.041666
24.861065 0.041618
24.902781 0.041716
24.944449 0.041667
24.986115 0.041666
25.027782 0.041668
25.069449 0.041667
25.111115 0.041666
25.152781 0.041666
25.194448 0.041667
25.236115 0.041666
25.277782 0.041667
25.319448 0.041666
25.361115 0.041668
25.402782 0.041667
25.444448 0.041667
25.486116 0.041668
25.527780 0.041664
25.569447 0.041667
25.611069 0.041621
25.652781 0.041713
25.694449 0.041667
25.736115 0.041666
25.777782 0.041667
25.819448 0.041667
25.861115 0.041667
25.902781 0.041666
25.944448 0.041667
25.986065 0.041617
26.027781 0.041716
26.069447 0.041666
26.111114 0.041667
26.152781 0.041667
26.194448 0.041668
26.236116 0.041668
26.277781 0.041665
26.319448 0.041667
26.361115 0.041667
26.402781 0.041666
26.444448 0.041667
26.486116 0.041667
26.527782 0.041666
26.569450 0.041668
26.611115 0.041665
26.652782 0.041668
26.694448 0.041666
26.736114 0.041666
26.777781 0.041667
26.819447 0.041667
26.861114 0.041667
26.902782 0.041667
26.944447 0.041666
26.986115 0.041668
27.027782 0.041667
27.069448 0.041667
27.111114 0.041665
27.152780 0.041666
27.194447 0.041667
27.236114 0.041667
27.277783 0.041669
27.319446 0.041664
27.361115 0.041669
27.402781 0.041666
27.444450 0.041668
27.486115 0.041666
27.527782 0.041667
27.569448 0.041666
27.611116 0.041668
27.652780 0.041665
27.694450 0.041670
27.736114 0.041664
27.777782 0.041668
27.819449 0.041667
27.861116 0.041667
27.902782 0.041666
27.944448 0.041666
27.986114 0.041666
28.027782 0.041668
28.069449 0.041667
28.111115 0.041666
28.152781 0.041666
28.194449 0.041668
28.236116 0.041667
28.277782 0.041666
28.319449 0.041667
28.361115 0.041666
28.402781 0.041666
28.444449 0.041667
28.486115 0.041667
28.527780 0.041665
28.569448 0.041668
28.611115 0.041667
28.652782 0.041667
28.694448 0.041666
28.736115 0.041667
28.777782 0.041666
28.819449 0.041667
28.861114 0.041666
28.902781 0.041667
28.944448 0.041667
28.986116 0.041668
29.027782 0.041666
29.069448 0.041666
29.111114 0.041666
29.152781 0.041666
29.194449 0.041669
29.236115 0.041665
29.277781 0.041667
29.319448 0.041666
29.361115 0.041667
29.402781 0.041666
29.444448 0.041667
29.486115 0.041667
29.527782 0.041667
29.569448 0.041666
29.611114 0.041666
29.652780 0.041667
29.694448 0.041667
29.736115 0.041668
29.777782 0.041667
29.819449 0.041667
29.861115 0.041666
29.902782 0.041667
29.944449 0.041667
29.986116 0.041666
30.027781 0.041666
30.069447 0.041665
30.111067 0.041620
30.152781 0.041714
30.194448 0.041667
30.236115 0.041667
30.277783 0.041668
30.319448 0.041665
30.361115 0.041667
30.402782 0.041667
30.444449 0.041667
30.486065 0.041616
30.527782 0.041718
30.569449 0.041666
30.611116 0.041667
30.652782 0.041666
30.694449 0.041668
30.736115 0.041666
30.777781 0.041666
30.819448 0.041666
30.861115 0.041667
30.902781 0.041666
30.944398 0.041616
30.986116 0.041718
31.027782 0.041666
31.069448 0.041666
31.111116 0.041668
31.152782 0.041666
31.194448 0.041666
31.236115 0.041667
31.277782 0.041666
31.319448 0.041667
31.361115 0.041666
31.402782 0.041667
31.444448 0.041666
31.486115 0.041667
31.527782 0.041667
31.569448 0.041665
31.611115 0.041667
31.652782 0.041667
31.694449 0.041667
31.736115 0.041666
31.777781 0.041666
31.819448 0.041667
31.861065 0.041617
31.902782 0.041717
31.944448 0.041667
31.986066 0.041617
32.027781 0.041716
32.069449 0.041668
32.111066 0.041617
32.152782 0.041717
32.194448 0.041665
32.236115 0.041668
32.277782 0.041667
32.319450 0.041668
32.361115 0.041665
32.402782 0.041667
32.444448 0.041666
32.486115 0.041667
32.527781 0.041666
32.569448 0.041667
32.611115 0.041667
32.652782 0.041667
32.694449 0.041668
32.736115 0.041666
32.777782 0.041668
32.819449 0.041667
32.861064 0.041615
32.902782 0.041717
32.944449 0.041667
32.986115 0.041666
33.027781 0.041666
33.069449 0.041667
33.111116 0.041667
33.152782 0.041666
33.194451 0.041669
33.236114 0.041663
33.277781 0.041667
33.319400 0.041619
33.361114 0.041714
33.402781 0.041667
33.444448 0.041667
33.486116 0.041668
33.527781 0.041665
33.569449 0.041668
33.611115 0.041666
33.652781 0.041666
33.694448 0.041667
33.736115 0.041668
33.777782 0.041667
33.819447 0.041665
33.861115 0.041668
33.902782 0.041667
33.944449 0.041667
33.986065 0.041616
34.027781 0.041716
34.069448 0.041666
34.111115 0.041667
34.152784 0.041669
34.194398 0.041615
34.236115 0.041717
34.277781 0.041666
34.319448 0.041667
34.361115 0.041667
34.402783 0.041668
34.444448 0.041665
34.486114 0.041666
34.527781 0.041667
34.569448 0.041667
34.611114 0.041666
34.652781 0.041667
34.694449 0.041668
34.736114 0.041665
34.777781 0.041667
34.819448 0.041668
34.861064 0.041616
34.902782 0.041717
34.944448 0.041666
34.986113 0.041666
35.027781 0.041667
35.069448 0.041667
35.111115 0.041667
35.152780 0.041666
35.194448 0.041668
35.236065 0.041617
35.277782 0.041717
35.319449 0.041667
35.361115 0.041666
35.402782 0.041667
35.444447 0.041665
35.486115 0.041668
35.527781 0.041666
35.569449 0.041667
35.611065 0.041616
35.652781 0.041716
35.694447 0.041667
35.736115 0.041668
35.777783 0.041668
35.819447 0.041664
35.861115 0.041667
35.902781 0.041666
35.944448 0.041667
35.986065 0.041617
36.027781 0.041716
36.069447 0.041666
36.111115 0.041668
36.152782 0.041667
36.194449 0.041667
36.236116 0.041667
36.277782 0.041667
36.319448 0.041666
36.361115 0.041667
36.402781 0.041667
36.444448 0.041667
36.486066 0.041618
36.527781 0.041716
36.569449 0.041668
36.611115 0.041665
36.652782 0.041668
36.694448 0.041666
36.736115 0.041667
36.777781 0.041667
36.819448 0.041666
36.861115 0.041667
36.902781 0.041666
36.944448 0.041667
36.986116 0.041668
37.027782 0.041667
37.069449 0.041666
37.111066 0.041617
37.152782 0.041716
37.194449 0.041667
37.236115 0.041666
37.277781 0.041666
37.319448 0.041667
37.361115 0.041668
37.402781 0.041666
37.444448 0.041667
37.486116 0.041667
37.527782 0.041666
37.569449 0.041667
37.611117 0.041668
37.652781 0.041664
37.694449 0.041668
37.736114 0.041664
37.777780 0.041667
37.819447 0.041667
37.861114 0.041667
37.902781 0.041667
37.944448 0.041667
37.986114 0.041666
38.027781 0.041667
38.069448 0.041667
38.111115 0.041667
38.152781 0.041666
38.194447 0.041666
38.236114 0.041666
38.277781 0.041668
38.319448 0.041667
38.361115 0.041667
38.402781 0.041666
38.444448 0.041667
38.486114 0.041666
38.527781 0.041667
38.569448 0.041666
38.611114 0.041667
38.652781 0.041667
38.694447 0.041666
38.736114 0.041666
38.777780 0.041666
38.819447 0.041667
38.861113 0.041666
38.902781 0.041668
38.944449 0.041668
38.986114 0.041665
39.027781 0.041667
39.069447 0.041666
39.111115 0.041669
39.152779 0.041664
39.194448 0.041668
39.236063 0.041616
39.277780 0.041717
39.319447 0.041667
39.361114 0.041668
39.402781 0.041667
39.444448 0.041667
39.486115 0.041667
39.527780 0.041665
39.569446 0.041666
39.611064 0.041618
39.652779 0.041715
39.694448 0.041669
39.736114 0.041666
39.777782 0.041668
39.819447 0.041665
39.861114 0.041668
39.902783 0.041669
39.944448 0.041664
39.986115 0.041667
40.027781 0.041666
40.069447 0.041666
40.111113 0.041666
40.152781 0.041668
40.194448 0.041667
40.236114 0.041667
40.277780 0.041666
40.319447 0.041667
40.361063 0.041616
40.402780 0.041717
40.444448 0.041667
40.486115 0.041667
40.527781 0.041666
40.569448 0.041667
40.611115 0.041667
40.652782 0.041667
40.694449 0.041667
40.736115 0.041666
40.777781 0.041666
40.819449 0.041668
40.861114 0.041665
40.902782 0.041668
40.944448 0.041666
40.986115 0.041668
41.027781 0.041666
41.070014 0.042233
41.111115 0.041101
41.152781 0.041667
41.194448 0.041667
41.236065 0.041616
41.277780 0.041715
41.319447 0.041667
41.361115 0.041667
41.402780 0.041666
41.444448 0.041668
41.486116 0.041668
41.527781 0.041665
41.569398 0.041617
41.611114 0.041715
41.652781 0.041668
41.694448 0.041667
41.736114 0.041665
41.777781 0.041667
41.819448 0.041667
41.861115 0.041666
41.902781 0.041666
41.944448 0.041668
41.986064 0.041616
42.027781 0.041717
42.069448 0.041667
42.111114 0.041666
42.152782 0.041667
42.194448 0.041666
42.236115 0.041667
42.277782 0.041667
42.319448 0.041666
42.361065 0.041617
42.402780 0.041715
42.444447 0.041667
42.486115 0.041667
42.527781 0.041666
42.569448 0.041667
42.611115 0.041667
42.652784 0.041669
42.694448 0.041664
42.736115 0.041668
42.777782 0.041667
42.819448 0.041666
42.861114 0.041667
42.902781 0.041667
42.944448 0.041666
42.986115 0.041667
43.027781 0.041667
43.069449 0.041667
43.111115 0.041666
43.152780 0.041666
43.194447 0.041667
43.236115 0.041667
43.277781 0.041666
43.319447 0.041666
43.361114 0.041667
43.402782 0.041667
43.444448 0.041666
43.486115 0.041667
43.527782 0.041667
43.569448 0.041667
43.611115 0.041667
43.652781 0.041666
43.694448 0.041667
43.736116 0.041668
43.777781 0.041665
43.819449 0.041667
43.861115 0.041666
43.902781 0.041667
43.944448 0.041667
43.986115 0.041667
44.027781 0.041666
44.069447 0.041666
44.111065 0.041618
44.152780 0.041715
44.194447 0.041667
44.236114 0.041667
44.277781 0.041667
44.319446 0.041666
44.361113 0.041667
44.402780 0.041667
44.444447 0.041667
44.486115 0.041668
44.527780 0.041665
44.569447 0.041666
44.611115 0.041669
44.652781 0.041666
44.694450 0.041668
44.736114 0.041664
44.777780 0.041667
44.819448 0.041668
44.861113 0.041665
44.902782 0.041668
44.944449 0.041667
44.986116 0.041667
45.027780 0.041665
45.069453 0.041673
45.111115 0.041661
45.152780 0.041665
45.194447 0.041667
45.236114 0.041667
45.277780 0.041666
45.319447 0.041667
45.361115 0.041668
45.402782 0.041667
45.444448 0.041667
45.486117 0.041669
45.527781 0.041664
45.569453 0.041671
45.611066 0.041613
45.652780 0.041714
45.694447 0.041667
45.736114 0.041667
45.777782 0.041668
45.819447 0.041665
45.861114 0.041667
45.902781 0.041667
45.944446 0.041665
45.986117 0.041670
46.027780 0.041664
46.069448 0.041667
46.111115 0.041667
46.152781 0.041666
46.194448 0.041667
46.236116 0.041668
46.277780 0.041664
46.319447 0.041667
46.361114 0.041667
46.402782 0.041667
46.444448 0.041666
46.486115 0.041667
46.527781 0.041666
46.569447 0.041666
46.611115 0.041668
46.652781 0.041666
46.694448 0.041667
46.736115 0.041667
46.777781 0.041666
46.819447 0.041666
46.861115 0.041668
46.902782 0.041667
46.944447 0.041665
46.986114 0.041667
47.027780 0.041666
47.069447 0.041667
47.111115 0.041668
47.152781 0.041666
47.194448 0.041667
47.236114 0.041667
47.277781 0.041667
47.319447 0.041666
47.361115 0.041668
47.402780 0.041665
47.444446 0.041666
47.486115 0.041669
47.527781 0.041666
47.569396 0.041615
47.611064 0.041668
47.652781 0.041716
47.694449 0.041668
47.736115 0.041666
47.777782 0.041668
47.819449 0.041666
47.861115 0.041666
47.902782 0.041667
47.944448 0.041666
47.986114 0.041666
48.027781 0.041666
48.069448 0.041667
48.111115 0.041667
48.152781 0.041667
48.194448 0.041667
48.236115 0.041667
48.277780 0.041665
48.319447 0.041667
48.361064 0.041617
48.402780 0.041716
48.444447 0.041667
48.486114 0.041668
48.527782 0.041668
48.569447 0.041665
48.611115 0.041667
48.652781 0.041666
48.694448 0.041667
48.736115 0.041666
48.777781 0.041667
48.819447 0.041666
48.861115 0.041668
48.902782 0.041667
48.944449 0.041667
48.986065 0.041616
49.027782 0.041717
49.069448 0.041666
49.111065 0.041617
49.152781 0.041716
49.194448 0.041667
49.236065 0.041617
49.277782 0.041717
49.319448 0.041666
49.361116 0.041668
49.402782 0.041666
49.444449 0.041667
49.486114 0.041664
49.527782 0.041669
49.569447 0.041665
49.611066 0.041619
49.652779 0.041714
49.694448 0.041669
49.736113 0.041665
49.777781 0.041668
49.819447 0.041665
49.861114 0.041668
49.902782 0.041668
49.944399 0.041617
49.986114 0.041715
50.027782 0.041668
50.069450 0.041668
50.111115 0.041665
50.152782 0.041667
50.194448 0.041667
50.236115 0.041666
50.277781 0.041666
50.319449 0.041668
50.361113 0.041664
50.402781 0.041668
50.444448 0.041667
50.486116 0.041668
50.527781 0.041665
50.569448 0.041668
50.611115 0.041667
50.652781 0.041666
50.694447 0.041666
50.736065 0.041618
50.777781 0.041716
50.819447 0.041666
50.861115 0.041668
50.902782 0.041667
50.944450 0.041668
50.986115 0.041665
51.027781 0.041666
51.069448 0.041666
51.111115 0.041668
51.152780 0.041665
51.194447 0.041667
51.236114 0.041667
51.277781 0.041668
51.319447 0.041665
51.361114 0.041668
51.402781 0.041666
51.444448 0.041667
51.486114 0.041666
51.527781 0.041667
51.569448 0.041667
51.611114 0.041666
51.652781 0.041667
51.694449 0.041668
51.736116 0.041667
51.777780 0.041664
51.819448 0.041668
51.861118 0.041670
51.902781 0.041663
51.944448 0.041667
51.986114 0.041667
52.027780 0.041666
52.069449 0.041669
52.111115 0.041666
52.152782 0.041668
52.194448 0.041665
52.236115 0.041667
52.277781 0.041667
52.319451 0.041670
52.361114 0.041663
52.402780 0.041667
52.444447 0.041667
52.486115 0.041668
52.527782 0.041667
52.569449 0.041667
52.611115 0.041666
52.652785 0.041670
52.694448 0.041663
52.736114 0.041666
52.777780 0.041666
52.819447 0.041667
52.861116 0.041668
52.902782 0.041666
52.944449 0.041667
52.986115 0.041666
53.027782 0.041666
53.069450 0.041668
53.111114 0.041665
53.152780 0.041665
53.194447 0.041667
53.236114 0.041667
53.277781 0.041667
53.319448 0.041667
53.361113 0.041665
53.402783 0.041670
53.444447 0.041664
53.486115 0.041668
53.527781 0.041667
53.569447 0.041666
53.611065 0.041618
53.652781 0.041716
53.694449 0.041668
53.736114 0.041665
53.777782 0.041668
53.819448 0.041666
53.861114 0.041666
53.902781 0.041666
53.944448 0.041667
53.986114 0.041666
54.027781 0.041667
54.069448 0.041667
54.111116 0.041668
54.152781 0.041666
54.194448 0.041666
54.236064 0.041617
54.277782 0.041717
54.319447 0.041665
54.361115 0.041668
54.402780 0.041665
54.444448 0.041668
54.486114 0.041666
54.527781 0.041667
54.569448 0.041668
54.611114 0.041666
54.652780 0.041666
54.694447 0.041667
54.736115 0.041668
54.777781 0.041666
54.819447 0.041666
54.861115 0.041667
54.902782 0.041667
54.944448 0.041667
54.986115 0.041666
55.027781 0.041667
55.069450 0.041669
55.111114 0.041664
55.152780 0.041666
55.194446 0.041666
55.236113 0.041667
55.277782 0.041669
55.319448 0.041666
55.361114 0.041666
55.402781 0.041667
55.444448 0.041668
55.486115 0.041667
55.527780 0.041665
55.569447 0.041666
55.611114 0.041667
55.652782 0.041667
55.694449 0.041667
55.736116 0.041667
55.777781 0.041666
55.819448 0.041667
55.861115 0.041666
55.902781 0.041667
55.944447 0.041666
55.986114 0.041667
56.027780 0.041666
56.069448 0.041668
56.111115 0.041667
56.152782 0.041667
56.194448 0.041666
56.236114 0.041667
56.277781 0.041667
56.319447 0.041666
56.361115 0.041667
56.402781 0.041666
56.444447 0.041666
56.486113 0.041666
56.527780 0.041667
56.569448 0.041668
56.611113 0.041665
56.652779 0.041666
56.694448 0.041668
56.736114 0.041666
56.777781 0.041668
56.819446 0.041665
56.861113 0.041667
56.902781 0.041668
56.944446 0.041665
56.986063 0.041617
57.027779 0.041716
57.069448 0.041668
57.111114 0.041666
57.152780 0.041667
57.194446 0.041666
57.236114 0.041668
57.277780 0.041666
57.319450 0.041671
57.361114 0.041664
57.402780 0.041666
57.444447 0.041667
57.486114 0.041667
57.527780 0.041667
57.569446 0.041666
57.611113 0.041667
57.652781 0.041667
57.694447 0.041667
57.736113 0.041666
57.777780 0.041667
57.819445 0.041665
57.861115 0.041670
57.902780 0.041666
57.944447 0.041666
57.986063 0.041617
58.027780 0.041717
58.069446 0.041666
58.111068 0.041622
58.152780 0.041713
58.194447 0.041666
58.236113 0.041667
58.277780 0.041667
58.319448 0.041667
58.361113 0.041666
58.402782 0.041668
58.444447 0.041666
58.486115 0.041668
58.527781 0.041666
58.569448 0.041667
58.611113 0.041665
58.652782 0.041668
58.694449 0.041667
58.736116 0.041667
58.777782 0.041666
58.819449 0.041667
58.861115 0.041666
58.902782 0.041667
58.944448 0.041666
58.986115 0.041667
59.027781 0.041666
59.069398 0.041617
59.111115 0.041717
59.152781 0.041666
59.194447 0.041666
59.236114 0.041667
59.277781 0.041667
59.319449 0.041668
59.361115 0.041666
59.402781 0.041667
59.444448 0.041666
59.486065 0.041618
59.527781 0.041716
59.569447 0.041667
59.611065 0.041617
59.652782 0.041717
59.694448 0.041666
59.736116 0.041668
59.777781 0.041665
59.819448 0.041668
59.861115 0.041666
59.902783 0.041668
59.944449 0.041666
59.986116 0.041668
60.027781 0.041665
60.069450 0.041669
60.111065 0.041616
60.152786 0.041720
60.194448 0.041663
60.236065 0.041617
60.277781 0.041715
60.319449 0.041668
60.361114 0.041665
60.402780 0.041666
60.444448 0.041667
60.486116 0.041668
60.527782 0.041666
60.569447 0.041665
60.611115 0.041667
60.652783 0.041668
60.694447 0.041664
60.736064 0.041617
60.777780 0.041716
60.819448 0.041667
60.861114 0.041666
60.902782 0.041668
60.944448 0.041666
60.986114 0.041666
61.027782 0.041667
61.069448 0.041666
61.111114 0.041666
61.152779 0.041665
61.194447 0.041668
61.236115 0.041668
61.277781 0.041666
61.319448 0.041667
61.361114 0.041666
61.402781 0.041667
61.444447 0.041665
61.486114 0.041667
61.527780 0.041665
61.569447 0.041667
61.611114 0.041667
61.652781 0.041667
61.694458 0.041677
61.736117 0.041659
61.777780 0.041663
61.819449 0.041669
61.861114 0.041665
61.902781 0.041667
61.944447 0.041666
61.986114 0.041667
62.027781 0.041667
62.069448 0.041668
62.111115 0.041667
62.152783 0.041668
62.194448 0.041665
62.236114 0.041666
62.277781 0.041667
62.319448 0.041667
62.361114 0.041665
62.402780 0.041667
62.444447 0.041667
62.486115 0.041668
62.527781 0.041667
62.569448 0.041667
62.611116 0.041668
62.652782 0.041665
62.694447 0.041666
62.736113 0.041666
62.777779 0.041666
62.819448 0.041668
62.861115 0.041667
62.902783 0.041668
62.944449 0.041666
62.986115 0.041666
63.027781 0.041666
63.069449 0.041668
63.111115 0.041666
63.152780 0.041665
63.194448 0.041668
63.236114 0.041666
63.277782 0.041668
63.319448 0.041667
63.361114 0.041666
63.402781 0.041667
63.444448 0.041667
63.486114 0.041666
63.527781 0.041667
63.569447 0.041666
63.611115 0.041667
63.652782 0.041667
63.694399 0.041617
63.736114 0.041716
63.777782 0.041668
63.819447 0.041666
63.861114 0.041667
63.902783 0.041668
63.944448 0.041665
63.986114 0.041666
64.027781 0.041667
64.069448 0.041667
64.111114 0.041666
64.152780 0.041665
64.194447 0.041667
64.236114 0.041667
64.277782 0.041668
64.319448 0.041666
64.361114 0.041667
64.402781 0.041666
64.444448 0.041667
64.486115 0.041668
64.527783 0.041667
64.569446 0.041664
64.611114 0.041667
64.652780 0.041666
64.694398 0.041618
64.736115 0.041718
64.777780 0.041665
64.819447 0.041667
64.861114 0.041667
64.902784 0.041670
64.944448 0.041664
64.986115 0.041667
65.027782 0.041667
65.069449 0.041666
65.111115 0.041666
65.152781 0.041666
65.194448 0.041666
65.236115 0.041668
65.277782 0.041667
65.319448 0.041665
65.361114 0.041666
65.402779 0.041666
65.444446 0.041667
65.486064 0.041618
65.527784 0.041719
65.569449 0.041666
65.611114 0.041664
65.652781 0.041667
65.694447 0.041667
65.736114 0.041667
65.777781 0.041667
65.819448 0.041667
65.861115 0.041667
65.902781 0.041666
65.944446 0.041666
65.986114 0.041667
66.027781 0.041667
66.069449 0.041669
66.111115 0.041666
66.152780 0.041665
66.194447 0.041668
66.236064 0.041617
66.277781 0.041717
66.319448 0.041667
66.361114 0.041666
66.402781 0.041667
66.444448 0.041667
66.486115 0.041667
66.527782 0.041667
66.569448 0.041666
66.611064 0.041616
66.652782 0.041717
66.694448 0.041666
66.736065 0.041617
66.777780 0.041716
66.819447 0.041667
66.861115 0.041668
66.902782 0.041667
66.944448 0.041666
66.986115 0.041667
67.027782 0.041666
67.069448 0.041666
67.111115 0.041667
67.152781 0.041666
67.194448 0.041667
67.236113 0.041665
67.277781 0.041668
67.319447 0.041666
67.361113 0.041666
67.402781 0.041668
67.444448 0.041667
67.486116 0.041668
67.527781 0.041665
67.569446 0.041666
67.611064 0.041618
67.652780 0.041716
67.694448 0.041667
67.736114 0.041667
67.777782 0.041668
67.819446 0.041664
67.861114 0.041668
67.902780 0.041666
67.944448 0.041667
67.986064 0.041616
68.027781 0.041717
68.069451 0.041670
68.111116 0.041665
68.152782 0.041666
68.194448 0.041666
68.236115 0.041667
68.277780 0.041666
68.319448 0.041667
68.361114 0.041666
68.402780 0.041666
68.444448 0.041668
68.486065 0.041617
68.527784 0.041719
68.569447 0.041664
68.611115 0.041668
68.652781 0.041666
68.694449 0.041668
68.736114 0.041666
68.777780 0.041666
68.819448 0.041667
68.861115 0.041667
68.902781 0.041667
68.944448 0.041666
68.986065 0.041618
69.027781 0.041716
69.069448 0.041666
69.111115 0.041667
69.152780 0.041666
69.194447 0.041667
69.236114 0.041666
69.277781 0.041668
69.319448 0.041667
69.361114 0.041666
69.402779 0.041665
69.444446 0.041667
69.486114 0.041668
69.527780 0.041666
69.569447 0.041666
69.611114 0.041668
69.652782 0.041667
69.694448 0.041666
69.736116 0.041667
69.777781 0.041665
69.819448 0.041667
69.861115 0.041667
69.902783 0.041668
69.944447 0.041665
69.986114 0.041667
70.027780 0.041666
70.069449 0.041669
70.111115 0.041666
70.152783 0.041668
70.194448 0.041665
70.236114 0.041665
70.277782 0.041668
70.319448 0.041666
70.361115 0.041667
70.402780 0.041665
70.444447 0.041667
70.486115 0.041668
70.527782 0.041667
70.569448 0.041666
70.611065 0.041617
70.652781 0.041716
70.694448 0.041667
70.736114 0.041666
70.777782 0.041668
70.819449 0.041667
70.861115 0.041666
70.902782 0.041667
70.944448 0.041666
70.986114 0.041667
71.027781 0.041667
71.069448 0.041667
71.111065 0.041617
71.152781 0.041716
71.194449 0.041668
71.236117 0.041668
71.277783 0.041665
71.319448 0.041665
71.361115 0.041666
71.402781 0.041667
71.444447 0.041666
71.486065 0.041617
71.527781 0.041716
71.569448 0.041667
71.611116 0.041668
71.652781 0.041665
71.694450 0.041668
71.736114 0.041664
71.777782 0.041668
71.819447 0.041666
71.861114 0.041667
71.902781 0.041667
71.944448 0.041667
71.986115 0.041666
72.027781 0.041666
72.069448 0.041667
72.111116 0.041668
72.152781 0.041665
72.194450 0.041668
72.236114 0.041664
72.277780 0.041666
72.319447 0.041667
72.361115 0.041668
72.402783 0.041668
72.444446 0.041664
72.486115 0.041669
72.527783 0.041667
72.569448 0.041665
72.611118 0.041670
72.652780 0.041662
72.694449 0.041668
72.736065 0.041616
72.777782 0.041717
72.819447 0.041665
72.861116 0.041668
72.902781 0.041666
72.944448 0.041667
72.986115 0.041667
73.027782 0.041667
73.069447 0.041665
73.111115 0.041668
73.152782 0.041667
73.194449 0.041667
73.236115 0.041665
73.277782 0.041667
73.319449 0.041668
73.361115 0.041665
73.402782 0.041667
73.444448 0.041666
73.486065 0.041617
73.527782 0.041717
73.569448 0.041667
73.611116 0.041667
73.652782 0.041666
73.694448 0.041667
73.736120 0.041671
73.777782 0.041663
73.819449 0.041666
73.861116 0.041667
73.902781 0.041666
73.944448 0.041667
73.986115 0.041667
74.027780 0.041665
74.069447 0.041667
74.111116 0.041669
74.152781 0.041664
74.194448 0.041667
74.236064 0.041616
74.277781 0.041717
74.319449 0.041667
74.361115 0.041666
74.402779 0.041664
74.444447 0.041668
74.486115 0.041668
74.527782 0.041667
74.569447 0.041665
74.611114 0.041667
74.652779 0.041665
74.694448 0.041668
74.736114 0.041667
74.777781 0.041667
74.819447 0.041666
74.861115 0.041668
74.902782 0.041667
74.944448 0.041666
74.986115 0.041667
75.027781 0.041666
75.069446 0.041666
75.111065 0.041618
75.152781 0.041716
75.194447 0.041666
75.236114 0.041668
75.277781 0.041667
75.319447 0.041666
75.361065 0.041617
75.402781 0.041717
75.444448 0.041667
75.486113 0.041664
75.527781 0.041668
75.569448 0.041667
75.611114 0.041665
75.652781 0.041668
75.694447 0.041666
75.736114 0.041667
75.777802 0.041688
75.819447 0.041645
75.861113 0.041667
75.902780 0.041667
75.944447 0.041667
75.986114 0.041666
76.027781 0.041668
76.069448 0.041666
76.111115 0.041667
76.152781 0.041667
76.194448 0.041666
76.236115 0.041668
76.277781 0.041666
76.319448 0.041667
76.361114 0.041666
76.402782 0.041668
76.444448 0.041666
76.486115 0.041667
76.527782 0.041667
76.569447 0.041665
76.611115 0.041667
76.652781 0.041666
76.694448 0.041668
76.736114 0.041665
76.777781 0.041667
76.819448 0.041667
76.861115 0.041666
76.902781 0.041667
76.944448 0.041666
76.986114 0.041666
77.027780 0.041666
77.069448 0.041668
77.111065 0.041617
77.152782 0.041717
77.194448 0.041666
77.236115 0.041667
77.277781 0.041666
77.319448 0.041667
77.361114 0.041666
77.402781 0.041667
77.444448 0.041667
77.486115 0.041666
77.527781 0.041666
77.569448 0.041667
77.611115 0.041667
77.652780 0.041666
77.694449 0.041668
77.736114 0.041665
77.777780 0.041666
77.819448 0.041668
77.861114 0.041666
77.902781 0.041667
77.944449 0.041668
77.986064 0.041615
78.027781 0.041717
78.069447 0.041667
78.111114 0.041667
78.152780 0.041666
78.194447 0.041667
78.236064 0.041618
78.277782 0.041718
78.319449 0.041666
78.361065 0.041617
78.402781 0.041715
78.444447 0.041667
78.486114 0.041666
78.527781 0.041667
78.569447 0.041666
78.611064 0.041617
78.652781 0.041718
78.694446 0.041665
78.736114 0.041668
78.777780 0.041666
78.819446 0.041667
78.861113 0.041666
78.902780 0.041667
78.944447 0.041668
78.986114 0.041667
79.027780 0.041667
79.069447 0.041667
79.111115 0.041668
79.152780 0.041666
79.194448 0.041667
79.236064 0.041616
79.277779 0.041716
79.319447 0.041668
79.361114 0.041667
79.402779 0.041665
79.444447 0.041667
79.486113 0.041667
79.527781 0.041667
79.569448 0.041667
79.611115 0.041667
79.652780 0.041666
79.694447 0.041667
79.736114 0.041667
79.777781 0.041667
79.819448 0.041667
79.861114 0.041666
79.902783 0.041668
79.944447 0.041665
79.986115 0.041668
80.027781 0.041666
80.069449 0.041668
80.111118 0.041669
80.152781 0.041663
80.194449 0.041668
80.236116 0.041667
80.277782 0.041666
80.319448 0.041666
80.361115 0.041667
80.402783 0.041668
80.444447 0.041665
80.486115 0.041668
80.527782 0.041667
80.569396 0.041614
80.611063 0.041667
80.652780 0.041717
80.694448 0.041668
80.736115 0.041666
80.777782 0.041667
80.819449 0.041667
80.861115 0.041667
80.902782 0.041667
80.944447 0.041665
80.986115 0.041667
81.027781 0.041667
81.069448 0.041667
81.111116 0.041667
81.152781 0.041665
81.194448 0.041667
81.236114 0.041666
81.277780 0.041667
81.319448 0.041668
81.361114 0.041666
81.402781 0.041667
81.444447 0.041667
81.486117 0.041669
81.527782 0.041665
81.569448 0.041667
81.611114 0.041665
81.652782 0.041668
81.694449 0.041667
81.736115 0.041666
81.777780 0.041666
81.819448 0.041668
81.861115 0.041667
81.902781 0.041666
81.944447 0.041666
81.986115 0.041667
82.027781 0.041666
82.069449 0.041668
82.111115 0.041666
82.152781 0.041666
82.194447 0.041666
82.236065 0.041617
82.277782 0.041717
82.319450 0.041668
82.361115 0.041665
82.402781 0.041666
82.444448 0.041666
82.486116 0.041668
82.527781 0.041665
82.569447 0.041666
82.611115 0.041669
82.652783 0.041668
82.694449 0.041666
82.736114 0.041666
82.777782 0.041667
82.819448 0.041666
82.861064 0.041616
82.902782 0.041717
82.944447 0.041666
82.986113 0.041666
83.027781 0.041667
83.069449 0.041668
83.111115 0.041667
83.152782 0.041666
83.194448 0.041666
83.236114 0.041667
83.277781 0.041667
83.319447 0.041666
83.361115 0.041667
83.402781 0.041666
83.444448 0.041667
83.486113 0.041665
83.527781 0.041667
83.569447 0.041666
83.611114 0.041667
83.652781 0.041667
83.694447 0.041666
83.736114 0.041667
83.777780 0.041666
83.819446 0.041667
83.861114 0.041667
83.902779 0.041666
83.944446 0.041667
83.986114 0.041667
84.027781 0.041667
84.069448 0.041667
84.111114 0.041665
84.152780 0.041666
84.194447 0.041667
84.236114 0.041667
84.277782 0.041668
84.319450 0.041668
84.361114 0.041664
84.402781 0.041667
84.444446 0.041665
84.486116 0.041670
84.527781 0.041665
84.569448 0.041666
84.611115 0.041667
84.652780 0.041665
84.694448 0.041668
84.736114 0.041666
84.777781 0.041667
84.819447 0.041666
84.861115 0.041668
84.902783 0.041668
84.944447 0.041665
84.986114 0.041667
85.027783 0.041668
85.069449 0.041666
85.111115 0.041666
85.152780 0.041665
85.194448 0.041668
85.236113 0.041665
85.277783 0.041670
85.319447 0.041664
85.361113 0.041665
85.402780 0.041667
85.444447 0.041667
85.486115 0.041668
85.527783 0.041667
85.569447 0.041664
85.611115 0.041668
85.652781 0.041667
85.694450 0.041669
85.736114 0.041664
85.777780 0.041666
85.819446 0.041666
85.861114 0.041668
85.902782 0.041668
85.944448 0.041666
85.986115 0.041667
86.027783 0.041668
86.069448 0.041664
86.111114 0.041666
86.152781 0.041666
86.194447 0.041667
86.236113 0.041666
86.277782 0.041669
86.319449 0.041667
86.361115 0.041666
86.402781 0.041666
86.444447 0.041666
86.486114 0.041667
86.527781 0.041667
86.569448 0.041667
86.611064 0.041616
86.652782 0.041717
86.694448 0.041666
86.736116 0.041668
86.777781 0.041665
86.819449 0.041668
86.861114 0.041665
86.902782 0.041668
86.944448 0.041666
86.986114 0.041666
87.027783 0.041669
87.069450 0.041666
87.111065 0.041616
87.152782 0.041717
87.194448 0.041666
87.236116 0.041668
87.277782 0.041666
87.319448 0.041666
87.361114 0.041666
87.402780 0.041666
87.444447 0.041667
87.486115 0.041668
87.527781 0.041666
87.569448 0.041667
87.611115 0.041667
87.652781 0.041666
87.694450 0.041669
87.736115 0.041665
87.777781 0.041666
87.819447 0.041666
87.861115 0.041668
87.902783 0.041668
87.944449 0.041666
87.986115 0.041666
88.027782 0.041668
88.069400 0.041617
88.111115 0.041715
88.152781 0.041666
88.194448 0.041666
88.236115 0.041668
88.277782 0.041667
88.319450 0.041667
88.361115 0.041666
88.402781 0.041666
88.444448 0.041666
88.486064 0.041616
88.527781 0.041717
88.569447 0.041666
88.611116 0.041668
88.652781 0.041666
88.694449 0.041668
88.736114 0.041665
88.777781 0.041667
88.819448 0.041667
88.861113 0.041665
88.902781 0.041668
88.944397 0.041616
88.986114 0.041716
89.027781 0.041668
89.069451 0.041669
89.111114 0.041664
89.152782 0.041667
89.194447 0.041666
89.236113 0.041666
89.277780 0.041667
89.319449 0.041669
89.361113 0.041664
89.402780 0.041667
89.444447 0.041668
89.486114 0.041666
89.527782 0.041669
89.569448 0.041665
89.611114 0.041666
89.652781 0.041667
89.694447 0.041666
89.736115 0.041668
89.777780 0.041665
89.819447 0.041667
89.861115 0.041668
89.902781 0.041667
89.944448 0.041667
89.986115 0.041667
90.027782 0.041668
90.069448 0.041665
90.111065 0.041617
90.152780 0.041715
90.194447 0.041668
90.236114 0.041666
90.277781 0.041668
90.319448 0.041667
90.361115 0.041666
90.402781 0.041666
90.444447 0.041666
90.486114 0.041667
90.527780 0.041666
90.569446 0.041666
90.611064 0.041618
90.652782 0.041718
90.694447 0.041665
90.736115 0.041668
90.777781 0.041666
90.819446 0.041665
90.861113 0.041667
90.902780 0.041667
90.944448 0.041668
90.986115 0.041667
91.027780 0.041665
91.069447 0.041667
91.111114 0.041667
91.152779 0.041665
91.194447 0.041667
91.236114 0.041668
91.277781 0.041667
91.319449 0.041668
91.361113 0.041664
91.402780 0.041667
91.444447 0.041667
91.486115 0.041667
91.527782 0.041667
91.569448 0.041666
91.611064 0.041616
91.652780 0.041716
91.694446 0.041666
91.736115 0.041669
91.777780 0.041665
91.819448 0.041668
91.861114 0.041666
91.902780 0.041667
91.944446 0.041666
91.986063 0.041617
92.027780 0.041717
92.069446 0.041666
92.111114 0.041668
92.152780 0.041666
92.194447 0.041667
92.236114 0.041667
92.277781 0.041667
92.319448 0.041667
92.361114 0.041665
92.402780 0.041666
92.444447 0.041667
92.486112 0.041665
92.527780 0.041668
92.569447 0.041667
92.611114 0.041667
92.652781 0.041666
92.694448 0.041668
92.736114 0.041666
92.777780 0.041666
92.819447 0.041666
92.861113 0.041667
92.902779 0.041666
92.944448 0.041668
92.986114 0.041666
93.027780 0.041667
93.069447 0.041667
93.111113 0.041666
93.152780 0.041667
93.194448 0.041668
93.236113 0.041665
93.277780 0.041666
93.319446 0.041667
93.361113 0.041667
93.402780 0.041666
93.444447 0.041667
93.486113 0.041667
93.527782 0.041668
93.569447 0.041665
93.611114 0.041667
93.652779 0.041665
93.694446 0.041667
93.736114 0.041668
93.777780 0.041666
93.819447 0.041666
93.861115 0.041668
93.902779 0.041665
93.944447 0.041668
93.986114 0.041667
94.027780 0.041666
94.069447 0.041667
94.111113 0.041666
94.152780 0.041667
94.194448 0.041667
94.236115 0.041667
94.277781 0.041667
94.319446 0.041665
94.361113 0.041667
94.402782 0.041668
94.444446 0.041664
94.486114 0.041668
94.527781 0.041667
94.569446 0.041666
94.611114 0.041668
94.652780 0.041665
94.694449 0.041670
94.736115 0.041665
94.777780 0.041666
94.819447 0.041667
94.861115 0.041668
94.902782 0.041667
94.944450 0.041668
94.986114 0.041664
95.027781 0.041666
95.069448 0.041667
95.111120 0.041672
95.152779 0.041660
95.194448 0.041668
95.236114 0.041667
95.277779 0.041665
95.319448 0.041668
95.361114 0.041667
95.402780 0.041666
95.444447 0.041667
95.486064 0.041617
95.527781 0.041717
95.569448 0.041667
95.611115 0.041667
95.652782 0.041667
95.694448 0.041666
95.736115 0.041667
95.777781 0.041666
95.819448 0.041668
95.861115 0.041666
95.902781 0.041666
95.944448 0.041667
95.986065 0.041617
96.027782 0.041718
96.069449 0.041666
96.111114 0.041665
96.152783 0.041669
96.194448 0.041666
96.236115 0.041667
96.277783 0.041668
96.319447 0.041664
96.361115 0.041668
96.402781 0.041666
96.444448 0.041667
96.486064 0.041616
96.527782 0.041718
96.569448 0.041665
96.611115 0.041667
96.652782 0.041667
96.694449 0.041667
96.736115 0.041666
96.777781 0.041666
96.819448 0.041666
96.861115 0.041667
96.902780 0.041665
96.944448 0.041669
96.986114 0.041665
97.027781 0.041667
97.069448 0.041667
97.111114 0.041667
97.152780 0.041666
97.194448 0.041667
97.236113 0.041666
97.277782 0.041668
97.319447 0.041666
97.361115 0.041667
97.402781 0.041666
97.444448 0.041667
97.486114 0.041666
97.527781 0.041667
97.569447 0.041666
97.611113 0.041666
97.652780 0.041667
97.694448 0.041669
97.736115 0.041667
97.777781 0.041666
97.819448 0.041667
97.861115 0.041667
97.902781 0.041667
97.944448 0.041667
97.986064 0.041616
98.027781 0.041717
98.069447 0.041666
98.111116 0.041669
98.152782 0.041666
98.194448 0.041666
98.236115 0.041667
98.277780 0.041665
98.319447 0.041667
98.361115 0.041667
98.402781 0.041666
98.444447 0.041667
98.486115 0.041667
98.527786 0.041672
98.569448 0.041662
98.611118 0.041670
98.652781 0.041663
98.694448 0.041666
98.736115 0.041667
98.777781 0.041667
98.819449 0.041668
98.861115 0.041666
98.902781 0.041667
98.944448 0.041666
98.986115 0.041667
99.027781 0.041667
99.069449 0.041668
99.111065 0.041615
99.152780 0.041716
99.194448 0.041667
99.236114 0.041667
99.277782 0.041668
99.319449 0.041666
99.361066 0.041617
99.402782 0.041716
99.444448 0.041666
99.486115 0.041666
99.527782 0.041667
99.569447 0.041665
99.611116 0.041669
99.652781 0.041666
99.694448 0.041667
99.736115 0.041667
99.777782 0.041666
99.819449 0.041667
99.861065 0.041616
99.902782 0.041717
99.944449 0.041667
99.986064 0.041615
100.027781 0.041717
100.069449 0.041668
100.111116 0.041667
100.152782 0.041666
100.194448 0.041666
100.236115 0.041667
100.277781 0.041666
100.319448 0.041667
100.361114 0.041666
100.402782 0.041668
100.444448 0.041666
100.486066 0.041618
100.527783 0.041718
100.569448 0.041665
100.611116 0.041668
100.652783 0.041667
100.694447 0.041664
100.736115 0.041668
100.777781 0.041666
100.819398 0.041617
100.861066 0.041668
100.902782 0.041716
100.944450 0.041667
100.986114 0.041665
101.027781 0.041666
101.069447 0.041667
101.111065 0.041617
101.152781 0.041716
101.194446 0.041665
101.236115 0.041668
101.277781 0.041667
101.319449 0.041667
101.361114 0.041666
101.402781 0.041667
101.444448 0.041666
101.486115 0.041667
101.527781 0.041667
101.569447 0.041666
101.611115 0.041668
101.652781 0.041666
101.694448 0.041667
101.736115 0.041667
101.777782 0.041667
101.819448 0.041666
101.861115 0.041666
101.902780 0.041666
101.944448 0.041668
101.986114 0.041666
102.027781 0.041668
102.069448 0.041667
102.111114 0.041666
102.152781 0.041667
102.194448 0.041667
102.236065 0.041617
102.277781 0.041717
102.319448 0.041666
102.361114 0.041667
102.402782 0.041668
102.444448 0.041666
102.486065 0.041617
102.527782 0.041717
102.569448 0.041666
102.611115 0.041667
102.652781 0.041666
102.694448 0.041667
102.736065 0.041617
102.777782 0.041717
102.819448 0.041667
102.861115 0.041667
102.902784 0.041669
102.944448 0.041664
102.986115 0.041667
103.027781 0.041666
103.069447 0.041666
103.111114 0.041667
103.152781 0.041667
103.194448 0.041667
103.236115 0.041667
103.277782 0.041667
103.319448 0.041666
103.361063 0.041615
103.402782 0.041718
103.444448 0.041666
103.486114 0.041667
103.527782 0.041668
103.569449 0.041667
103.611116 0.041667
103.652781 0.041666
103.694449 0.041668
103.736115 0.041666
103.777782 0.041667
103.819448 0.041666
103.861114 0.041666
103.902782 0.041668
103.944448 0.041666
103.986065 0.041617
104.027782 0.041716
104.069448 0.041667
104.111115 0.041667
104.152781 0.041665
104.194448 0.041668
104.236116 0.041667
104.277782 0.041666
104.319449 0.041667
104.361115 0.041666
104.402781 0.041666
104.444448 0.041667
104.486115 0.041667
104.527783 0.041668
104.569447 0.041664
104.611065 0.041618
104.652782 0.041717
104.694449 0.041666
104.736119 0.041670
104.777782 0.041663
104.819447 0.041665
104.861114 0.041666
104.902783 0.041669
104.944449 0.041666
104.986065 0.041617
105.027782 0.041717
105.069448 0.041666
105.111116 0.041668
105.152782 0.041666
105.194449 0.041667
105.236115 0.041666
105.277783 0.041668
105.319448 0.041665
105.361114 0.041665
105.402781 0.041667
105.444448 0.041667
105.486115 0.041667
105.527782 0.041667
105.569447 0.041665
105.611121 0.041674
105.652781 0.041660
105.694450 0.041669
105.736065 0.041616
105.777781 0.041715
105.819448 0.041667
105.861115 0.041667
105.902781 0.041667
105.944448 0.041667
105.986116 0.041668
106.027781 0.041665
106.069447 0.041666
106.111116 0.041669
106.152781 0.041666
106.194398 0.041617
106.236115 0.041716
106.277782 0.041667
106.319449 0.041667
106.361115 0.041666
106.402781 0.041667
106.444448 0.041666
106.486064 0.041617
106.527783 0.041719
106.569448 0.041665
106.611065 0.041617
106.652782 0.041716
106.694449 0.041668
106.736115 0.041666
106.777782 0.041666
106.819448 0.041666
106.861114 0.041666
106.902782 0.041668
106.944449 0.041667
106.986114 0.041665
107.027782 0.041668
107.069448 0.041666
107.111115 0.041668
107.152782 0.041666
107.194449 0.041667
107.236114 0.041665
107.277781 0.041667
107.319448 0.041667
107.361114 0.041666
107.402781 0.041667
107.444448 0.041667
107.486115 0.041667
107.527781 0.041666
107.569447 0.041666
107.611116 0.041668
107.652782 0.041666
107.694448 0.041666
107.736115 0.041667
107.777781 0.041665
107.819448 0.041667
107.861115 0.041667
107.902781 0.041667
107.944449 0.041667
107.986114 0.041666
108.027783 0.041668
108.069449 0.041666
108.111065 0.041616
108.152781 0.041716
108.194448 0.041667
108.236113 0.041665
108.277780 0.041667
108.319448 0.041668
108.361115 0.041667
108.402781 0.041666
108.444448 0.041667
108.486115 0.041667
108.527781 0.041666
108.569449 0.041668
108.611065 0.041616
108.652782 0.041717
108.694448 0.041666
108.736115 0.041667
108.777782 0.041668
108.819448 0.041666
108.861115 0.041668
108.902782 0.041666
108.944448 0.041667
108.986114 0.041666
109.027782 0.041668
109.069450 0.041669
109.111115 0.041664
109.152781 0.041666
109.194449 0.041669
109.236116 0.041667
109.277782 0.041665
109.319449 0.041667
109.361115 0.041666
109.402781 0.041667
109.444448 0.041666
109.486116 0.041668
109.527781 0.041665
109.569449 0.041668
109.611116 0.041667
109.652782 0.041666
109.694448 0.041666
109.736116 0.041668
109.777781 0.041665
109.819449 0.041668
109.861114 0.041665
109.902783 0.041669
109.944448 0.041666
109.986114 0.041666
110.027782 0.041668
110.069449 0.041667
110.111114 0.041665
110.152781 0.041668
110.194448 0.041666
110.236065 0.041617
110.277782 0.041717
110.319447 0.041665
110.361065 0.041618
110.402781 0.041716
110.444448 0.041667
110.486114 0.041667
110.527781 0.041666
110.569448 0.041667
110.611064 0.041615
110.652781 0.041717
110.694447 0.041666
110.736114 0.041668
110.777780 0.041666
110.819448 0.041667
110.861114 0.041666
110.902780 0.041666
110.944448 0.041668
110.986064 0.041616
111.027781 0.041717
111.069446 0.041666
111.111065 0.041618
111.152781 0.041716
111.194397 0.041615
111.236113 0.041716
111.277781 0.041669
111.319446 0.041664
111.361114 0.041668
111.402781 0.041668
111.444448 0.041666
111.486113 0.041666
111.527782 0.041668
111.569447 0.041665
111.611115 0.041668
111.652780 0.041666
111.694448 0.041667
111.736065 0.041617
111.777780 0.041715
111.819446 0.041666
111.861114 0.041667
111.902781 0.041667
111.944448 0.041668
111.986114 0.041666
112.027781 0.041668
112.069448 0.041666
112.111114 0.041666
112.152781 0.041667
112.194447 0.041666
112.236113 0.041666
112.277783 0.041670
112.319449 0.041666
112.361116 0.041667
112.402782 0.041667
112.444448 0.041665
112.486114 0.041667
112.527783 0.041669
112.569446 0.041663
112.611114 0.041668
112.652781 0.041666
112.694448 0.041668
112.736115 0.041667
112.777781 0.041666
112.819448 0.041667
112.861115 0.041666
112.902780 0.041666
112.944448 0.041667
112.986115 0.041668
113.027781 0.041665
113.069448 0.041668
113.111115 0.041667
113.152784 0.041669
113.194448 0.041664
113.236064 0.041616
113.277781 0.041717
113.319448 0.041667
113.361115 0.041666
113.402780 0.041666
113.444449 0.041669
113.486115 0.041666
113.527781 0.041666
113.569447 0.041666
113.611114 0.041667
113.652780 0.041666
113.694447 0.041667
113.736115 0.041668
113.777782 0.041667
113.819448 0.041666
113.861115 0.041668
113.902781 0.041666
113.944449 0.041667
113.986113 0.041664
114.027781 0.041668
114.069446 0.041666
114.111114 0.041667
114.152782 0.041668
114.194449 0.041668
114.236116 0.041666
114.277782 0.041667
114.319449 0.041666
114.361065 0.041616
114.402782 0.041717
114.444448 0.041667
114.486115 0.041666
114.527782 0.041667
114.569448 0.041666
114.611116 0.041668
114.652782 0.041666
114.694448 0.041667
114.736116 0.041667
114.777781 0.041666
114.819448 0.041667
114.861114 0.041665
114.902781 0.041667
114.944448 0.041667
114.986114 0.041666
115.027782 0.041668
115.069447 0.041665
115.111114 0.041667
115.152781 0.041667
115.194448 0.041667
115.236114 0.041666
115.277781 0.041666
115.319448 0.041668
115.361115 0.041666
115.402781 0.041666
115.444448 0.041667
115.486116 0.041668
115.527781 0.041665
115.569447 0.041666
115.611114 0.041667
115.652781 0.041667
115.694448 0.041667
115.736065 0.041617
115.777782 0.041717
115.819448 0.041666
115.861114 0.041666
115.902782 0.041668
115.944448 0.041666
115.986115 0.041667
116.027781 0.041666
116.069448 0.041667
116.111116 0.041668
116.152781 0.041665
116.194449 0.041667
116.236117 0.041668
116.277780 0.041663
116.319448 0.041669
116.361114 0.041666
116.402781 0.041667
116.444448 0.041667
116.486115 0.041667
116.527782 0.041666
116.569448 0.041667
116.611115 0.041667
116.652781 0.041667
116.694448 0.041666
116.736115 0.041667
116.777781 0.041666
116.819447 0.041666
116.861114 0.041667
116.902782 0.041668
116.944448 0.041666
116.986115 0.041667
117.027781 0.041666
117.069448 0.041667
117.111115 0.041667
117.152780 0.041665
117.194447 0.041667
117.236114 0.041666
117.277782 0.041668
117.319448 0.041666
117.361115 0.041666
117.402781 0.041666
117.444447 0.041667
117.486115 0.041667
117.527781 0.041666
117.569447 0.041666
117.611114 0.041667
117.652782 0.041668
117.694449 0.041667
117.736116 0.041667
117.777781 0.041666
117.819448 0.041666
117.861065 0.041617
117.902781 0.041716
117.944448 0.041667
117.986114 0.041667
118.027781 0.041666
118.069449 0.041668
118.111115 0.041666
118.152782 0.041668
118.194448 0.041665
118.236115 0.041667
118.277781 0.041666
118.319448 0.041667
118.361115 0.041668
118.402780 0.041665
118.444447 0.041666
118.486115 0.041668
118.527781 0.041666
118.569448 0.041667
118.611115 0.041667
118.652781 0.041666
118.694447 0.041666
118.736065 0.041618
118.777781 0.041716
118.819448 0.041667
118.861114 0.041667
118.902782 0.041667
118.944449 0.041667
118.986116 0.041668
119.027781 0.041664
119.069448 0.041667
119.111067 0.041620
119.152782 0.041714
119.194447 0.041666
119.236115 0.041667
119.277782 0.041667
119.319449 0.041667
119.361116 0.041667
119.402782 0.041667
119.444448 0.041666
119.486114 0.041666
119.527781 0.041667
119.569447 0.041666
119.611116 0.041669
119.652782 0.041666
119.694448 0.041667
119.736114 0.041665
119.777781 0.041668
119.819449 0.041668
119.861115 0.041666
119.902781 0.041666
119.944448 0.041667
119.986064 0.041616
120.027782 0.041717
120.069448 0.041666
120.111116 0.041668
120.152782 0.041666
120.194449 0.041666
120.236115 0.041667
120.277782 0.041666
120.319397 0.041616
120.361115 0.041718
120.402781 0.041666
120.444449 0.041667
120.486116 0.041667
120.527780 0.041664
120.569448 0.041667
120.611115 0.041668
120.652781 0.041666
120.694448 0.041667
120.736065 0.041616
120.777782 0.041717
120.819448 0.041666
120.861116 0.041667
120.902781 0.041665
120.944449 0.041668
120.986115 0.041666
121.027781 0.041667
121.069448 0.041666
121.111065 0.041617
121.152781 0.041716
121.194398 0.041616
121.236114 0.041717
121.277781 0.041667
121.319449 0.041667
121.361116 0.041667
121.402783 0.041667
121.444449 0.041666
121.486115 0.041667
121.527781 0.041665
121.569401 0.041620
121.611118 0.041717
121.652790 0.041672
121.694449 0.041659
121.736116 0.041667
121.777782 0.041666
121.819449 0.041667
121.861115 0.041665
121.902781 0.041667
121.944448 0.041667
121.986065 0.041616
122.027781 0.041716
122.069449 0.041667
122.111114 0.041665
122.152781 0.041667
122.194447 0.041666
122.236116 0.041668
122.277781 0.041665
122.319448 0.041667
122.361115 0.041667
122.402781 0.041667
122.444448 0.041667
122.486064 0.041616
122.527781 0.041716
122.569448 0.041667
122.611113 0.041666
122.652781 0.041668
122.694449 0.041667
122.736114 0.041665
122.777781 0.041668
122.819448 0.041667
122.861115 0.041667
122.902782 0.041667
122.944450 0.041669
122.986115 0.041665
123.027781 0.041666
123.069449 0.041668
123.111065 0.041616
123.152782 0.041717
123.194447 0.041666
123.236065 0.041618
123.277782 0.041717
123.319449 0.041667
123.361115 0.041667
123.402785 0.041670
123.444448 0.041663
123.486114 0.041667
123.527782 0.041667
123.569448 0.041666
123.611064 0.041617
123.652782 0.041717
123.694448 0.041667
123.736115 0.041667
123.777781 0.041667
123.819448 0.041667
123.861114 0.041666
123.902781 0.041667
123.944448 0.041667
123.986115 0.041667
124.027781 0.041666
124.069449 0.041668
124.111115 0.041666
124.152781 0.041666
124.194448 0.041667
124.236064 0.041616
124.277781 0.041717
124.319448 0.041667
124.361114 0.041666
124.402781 0.041667
124.444447 0.041667
124.486114 0.041666
124.527783 0.041669
124.569448 0.041665
124.611115 0.041667
124.652780 0.041665
124.694447 0.041667
124.736115 0.041667
124.777782 0.041668
124.819448 0.041665
124.861115 0.041668
124.902784 0.041669
124.944449 0.041665
124.986064 0.041616
125.027782 0.041717
125.069447 0.041665
125.111065 0.041618
125.152782 0.041717
125.194448 0.041665
125.236114 0.041666
125.277783 0.041669
125.319449 0.041667
125.361116 0.041667
125.402781 0.041665
125.444450 0.041669
125.486065 0.041616
125.527782 0.041717
125.569448 0.041666
125.611115 0.041667
125.652783 0.041668
125.694450 0.041667
125.736113 0.041663
125.777783 0.041670
125.819450 0.041667
125.861114 0.041664
125.902780 0.041665
125.944397 0.041617
