0.083882 0.083882
0.117436 0.033555
0.149795 0.032358
0.189795 0.040001
0.229795 0.040000
0.289228 0.059432
0.328186 0.038959
0.354632 0.026445
0.389779 0.035148
0.429746 0.039967
0.469774 0.040028
0.509771 0.039997
0.549777 0.040006
0.589774 0.039997
0.629787 0.040013
0.669791 0.040004
0.709793 0.040002
0.749797 0.040004
0.789786 0.039989
0.829785 0.039999
0.909783 0.079997
0.990406 0.080624
1.029778 0.039372
1.069788 0.040010
1.112169 0.042380
1.170125 0.057957
1.189792 0.019667
1.255493 0.065701
1.272271 0.016778
1.315417 0.043146
1.363133 0.047716
1.434422 0.071288
1.476252 0.041830
1.523950 0.047698
1.569294 0.045344
1.589740 0.020446
1.649751 0.060012
1.728905 0.079154
1.768226 0.039321
1.814963 0.046737
1.855407 0.040444
1.872114 0.016707
1.932598 0.060483
1.949789 0.017191
2.008774 0.058985
2.033915 0.025141
2.069794 0.035879
2.110469 0.040675
2.159776 0.049307
2.199832 0.040056
2.253863 0.054031
2.270551 0.016687
2.321183 0.050632
2.349786 0.028603
2.409427 0.059640
2.483993 0.074566
2.509789 0.025796
2.583711 0.073923
2.629780 0.046069
2.669793 0.040013
2.709788 0.039995
2.758929 0.049142
2.835119 0.076189
2.883429 0.048310
2.949781 0.066352
2.999120 0.049339
3.051162 0.052042
3.119400 0.068238
3.157602 0.038202
3.190891 0.033289
3.229794 0.038903
3.303230 0.073436
3.354812 0.051582
3.392526 0.037714
3.429784 0.037258
3.469783 0.039999
3.509787 0.040004
3.549786 0.040000
3.589787 0.040001
3.629787 0.040000
3.669787 0.040000
3.709787 0.040000
3.753472 0.043685
3.789967 0.036495
3.845158 0.055191
3.880492 0.035334
3.918767 0.038275
3.949787 0.031020
3.999296 0.049509
4.029792 0.030497
4.070138 0.040346
4.109785 0.039647
4.157392 0.047607
4.194070 0.036678
4.229737 0.035667
4.275403 0.045666
4.309796 0.034393
4.349786 0.039990
4.389786 0.040000
4.429791 0.040005
4.469787 0.039996
4.509791 0.040005
4.549787 0.039995
4.589792 0.040005
4.629787 0.039996
4.669737 0.039949
4.709791 0.040054
4.749786 0.039995
4.789792 0.040006
4.829787 0.039995
4.869795 0.040009
4.909786 0.039991
4.949791 0.040005
4.989788 0.039997
5.033030 0.043242
5.069787 0.036757
5.112058 0.042271
5.153715 0.041657
5.189796 0.036081
5.229786 0.039990
5.269792 0.040005
5.309785 0.039993
5.349791 0.040006
5.389787 0.039996
5.429787 0.040001
5.469794 0.040007
5.509786 0.039992
5.549791 0.040005
5.589787 0.039996
5.629796 0.040009
5.669787 0.039991
5.716141 0.046354
5.749789 0.033648
5.789787 0.039998
5.837954 0.048167
5.869787 0.031833
5.912907 0.043120
5.949787 0.036880
5.989791 0.040003
6.029786 0.039996
6.069795 0.040009
6.109787 0.039992
6.150714 0.040927
6.189787 0.039072
6.233450 0.043664
6.269787 0.036337
6.309792 0.040005
6.349787 0.039995
6.389794 0.040007
6.429786 0.039992
6.469792 0.040006
6.509787 0.039994
6.549787 0.040001
6.589793 0.040006
6.640057 0.050264
6.689868 0.049812
6.722999 0.033131
6.749786 0.026787
6.800882 0.051096
6.839099 0.038217
6.909784 0.070685
6.950216 0.040432
7.029781 0.079566
7.069787 0.040006
7.109784 0.039997
7.149783 0.039999
7.189793 0.040010
7.229787 0.039994
7.274999 0.045213
7.309736 0.034737
7.366548 0.056811
7.408284 0.041736
7.448072 0.039788
7.489074 0.041002
7.528420 0.039347
7.572661 0.044241
7.612538 0.039878
7.654276 0.041738
7.686875 0.032598
7.729067 0.042192
7.769715 0.040648
7.805950 0.036236
7.829787 0.023837
7.884259 0.054472
7.962130 0.077870
8.002067 0.039937
8.033435 0.031368
8.069792 0.036357
8.109786 0.039994
8.162013 0.052227
8.201406 0.039393
8.245661 0.044255
8.285104 0.039443
8.328945 0.043841
8.367807 0.038862
8.414083 0.046276
8.444166 0.030083
8.492698 0.048532
8.531564 0.038866
8.549788 0.018224
8.619548 0.069761
8.631464 0.011915
8.671807 0.040343
8.731077 0.059270
8.749788 0.018712
8.799812 0.050024
8.829786 0.029974
8.886794 0.057008
8.909788 0.022994
8.970452 0.060663
9.034666 0.064215
9.094071 0.059405
9.127851 0.033779
9.149789 0.021938
9.212035 0.062246
9.233969 0.021934
9.269787 0.035818
9.346527 0.076739
9.411455 0.064928
9.448875 0.037420
9.469789 0.020914
9.519717 0.049929
9.562634 0.042917
9.589788 0.027153
9.643228 0.053440
9.717437 0.074209
9.751564 0.034128
9.789787 0.038223
9.829786 0.039999
9.869791 0.040005
9.909788 0.039996
9.949791 0.040004
9.991202 0.041411
10.029788 0.038586
10.089706 0.059917
10.125435 0.035729
10.161099 0.035664
10.196033 0.034934
10.229791 0.033757
10.269795 0.040005
10.309787 0.039992
10.349795 0.040007
10.389793 0.039998
10.429787 0.039993
10.469794 0.040008
10.509790 0.039996
10.562100 0.052310
10.593841 0.031741
10.629796 0.035955
10.669787 0.039991
10.709794 0.040007
10.749791 0.039997
10.789793 0.040002
10.829744 0.039952
10.869787 0.040043
