0.036249 0.036249
0.056705 0.020456
0.096742 0.040038
0.136744 0.040002
0.176722 0.039978
0.216782 0.040061
0.256786 0.040003
0.296784 0.039998
0.336781 0.039997
0.376719 0.039938
0.416785 0.040066
0.456782 0.039997
0.496746 0.039964
0.536735 0.039990
0.576778 0.040043
0.616778 0.040000
0.656782 0.040004
0.696782 0.040000
0.736735 0.039953
0.776781 0.040046
0.816730 0.039949
0.856783 0.040053
0.896717 0.039934
0.936762 0.040045
0.976761 0.039999
1.016755 0.039994
1.056752 0.039997
1.096750 0.039998
1.136751 0.040000
1.176752 0.040002
1.216750 0.039998
1.256751 0.040001
1.296750 0.039999
1.336749 0.039999
1.376703 0.039953
1.416750 0.040047
1.456752 0.040002
1.496751 0.039999
1.536752 0.040001
1.576754 0.040002
1.616750 0.039996
1.656705 0.039955
1.696748 0.040044
1.736749 0.040000
1.776750 0.040001
1.816748 0.039999
1.856750 0.040001
1.896749 0.040000
1.936748 0.039999
1.976708 0.039959
2.016752 0.040044
2.056706 0.039954
2.096749 0.040043
2.136700 0.039951
2.176752 0.040051
2.216700 0.039948
2.256751 0.040051
2.296701 0.039950
2.336751 0.040050
2.376753 0.040002
2.416751 0.039998
2.456710 0.039960
2.496700 0.039990
2.536753 0.040053
2.576751 0.039998
2.616749 0.039998
2.656749 0.040000
2.696752 0.040003
2.736751 0.039999
2.776755 0.040004
2.816749 0.039995
2.856752 0.040003
2.896751 0.039999
2.936752 0.040001
2.976756 0.040003
3.016754 0.039998
3.056752 0.039998
3.096754 0.040001
3.136754 0.040000
3.176753 0.039999
3.216753 0.040000
3.256753 0.040000
3.296755 0.040002
3.336752 0.039998
3.376753 0.040001
3.416751 0.039998
3.456751 0.040000
3.496751 0.040000
3.536752 0.040000
3.576752 0.040000
3.616750 0.039998
3.656750 0.040000
3.696752 0.040002
3.736753 0.040002
3.776750 0.039997
3.816751 0.040001
3.856753 0.040002
3.896752 0.039999
3.936750 0.039998
3.976756 0.040006
4.016751 0.039995
4.056750 0.039999
4.096750 0.040000
4.136751 0.040001
4.176751 0.040000
4.216751 0.040000
4.256751 0.040000
4.296752 0.040001
4.336751 0.039999
4.376752 0.040000
4.416751 0.039999
4.456752 0.040001
4.496752 0.040000
4.536750 0.039998
4.576753 0.040003
4.616750 0.039997
4.656750 0.040000
4.696750 0.040000
4.736752 0.040002
4.776752 0.040000
4.816751 0.039999
4.856751 0.040001
4.896752 0.040000
4.936750 0.039998
4.976762 0.040012
5.016766 0.040003
5.056703 0.039938
5.096753 0.040050
5.136750 0.039997
5.176756 0.040005
5.216753 0.039997
5.256753 0.040000
5.296751 0.039999
5.336750 0.039999
5.376751 0.040001
5.416751 0.039999
5.456751 0.040001
5.496751 0.040000
5.536750 0.039999
5.576751 0.040001
5.616750 0.040000
5.656750 0.039999
5.696751 0.040001
5.736751 0.040000
5.776755 0.040004
5.816750 0.039996
5.856752 0.040001
5.896750 0.039998
5.936750 0.040000
5.976750 0.040000
6.016750 0.040000
6.056749 0.039999
6.096751 0.040002
6.136750 0.039999
6.176751 0.040001
6.216751 0.040000
6.256751 0.040000
6.296750 0.039999
6.336752 0.040002
6.376754 0.040002
6.416750 0.039996
6.456752 0.040001
6.496751 0.040000
6.536750 0.039998
6.576751 0.040002
6.616752 0.040000
6.656750 0.039998
6.696751 0.040001
6.736750 0.040000
6.776751 0.040000
6.816750 0.040000
6.856750 0.039999
6.896750 0.040000
6.936751 0.040001
6.976755 0.040004
7.016751 0.039996
7.056752 0.040000
7.096752 0.040000
7.136751 0.039999
7.176752 0.040001
7.216751 0.039999
7.256751 0.040000
7.296751 0.039999
7.336750 0.039999
7.376749 0.039999
7.416750 0.040001
7.456750 0.040000
7.496700 0.039950
7.536700 0.040001
7.576755 0.040054
7.616752 0.039997
7.656750 0.039998
7.696750 0.040000
7.736750 0.040000
7.776751 0.040001
7.816750 0.039999
7.856750 0.040000
7.896750 0.040000
7.936750 0.040000
7.976751 0.040001
8.016750 0.039999
8.056751 0.040001
8.096750 0.039999
8.136752 0.040002
8.176755 0.040003
8.216753 0.039999
8.256750 0.039997
8.296756 0.040006
8.336751 0.039995
8.376751 0.040000
8.416701 0.039951
8.456751 0.040050
8.496752 0.040001
8.536753 0.040001
8.576752 0.039998
8.616751 0.039999
8.656751 0.040000
8.696750 0.039999
8.736750 0.040000
8.776755 0.040005
8.816751 0.039996
8.856749 0.039999
8.896751 0.040002
8.936750 0.039999
8.976752 0.040002
9.016750 0.039998
9.056752 0.040001
9.096752 0.040000
9.136751 0.039999
9.176750 0.039999
9.216750 0.040000
9.256700 0.039950
9.296750 0.040050
9.336751 0.040001
9.376753 0.040002
9.416752 0.039999
9.456752 0.040001
9.496751 0.039999
9.536750 0.039999
9.576750 0.040000
9.616751 0.040001
9.656751 0.040000
9.696750 0.039999
9.736750 0.040000
9.776750 0.040000
9.816750 0.040001
9.856753 0.040003
9.896752 0.039999
9.936751 0.039998
9.976759 0.040008
10.016751 0.039992
10.056749 0.039998
10.101949 0.045200
10.136750 0.034801
10.176752 0.040001
10.216751 0.039999
10.256751 0.040001
10.296753 0.040002
10.336750 0.039998
10.376752 0.040002
10.416752 0.040000
10.456751 0.039999
10.496751 0.040000
10.536752 0.040001
10.576754 0.040001
10.616751 0.039997
10.656751 0.040000
10.696751 0.040000
10.736751 0.040000
10.776750 0.039999
10.816751 0.040000
10.856750 0.040000
10.896750 0.040000
10.936751 0.040001
10.976751 0.039999
11.016750 0.040000
11.056749 0.039998
11.096750 0.040002
11.136749 0.039999
11.176751 0.040002
11.216749 0.039998
11.256749 0.040001
11.296749 0.039999
11.336751 0.040003
11.376750 0.039999
11.416752 0.040002
11.456749 0.039997
11.496750 0.040001
11.536748 0.039998
11.576750 0.040002
11.616752 0.040001
11.656751 0.040000
11.696750 0.039999
11.736751 0.040000
11.776752 0.040001
11.816750 0.039998
11.856751 0.040001
11.896751 0.040000
11.936750 0.040000
11.976753 0.040002
12.016750 0.039998
12.056750 0.040000
12.096749 0.039999
12.136751 0.040002
12.176751 0.040000
12.216753 0.040002
12.256751 0.039999
12.296751 0.040000
12.336752 0.040001
12.376751 0.039999
12.416752 0.040001
12.456751 0.039999
12.496750 0.039999
12.536750 0.040000
12.576754 0.040005
12.616750 0.039996
12.656750 0.039999
12.696751 0.040002
12.736751 0.040000
12.776750 0.039999
12.816750 0.039999
12.856750 0.040000
12.896750 0.040000
12.936752 0.040002
12.976750 0.039999
13.016751 0.040001
13.056750 0.039999
13.096750 0.040000
13.136751 0.040001
13.176751 0.040000
13.216752 0.040001
13.256752 0.040001
13.296751 0.039999
13.336752 0.040001
13.376751 0.039999
13.416751 0.040000
13.456750 0.039999
13.496750 0.040001
13.536750 0.040000
13.576751 0.040000
13.616751 0.040000
13.656750 0.040000
13.696752 0.040002
13.736751 0.039999
13.776750 0.039999
13.816751 0.040002
13.856751 0.039999
13.896750 0.040000
13.936750 0.039999
13.976751 0.040002
14.016751 0.040000
14.056754 0.040002
14.096750 0.039996
14.136753 0.040003
14.176750 0.039996
14.216752 0.040002
14.256751 0.039999
14.296752 0.040001
14.336749 0.039997
14.376752 0.040003
14.416751 0.039999
14.456751 0.040000
14.496750 0.039999
14.536751 0.040002
14.576750 0.039999
14.616752 0.040002
14.656752 0.040001
14.696752 0.040000
14.736750 0.039998
14.776750 0.040000
14.816750 0.040000
14.856750 0.039999
14.896751 0.040002
14.936750 0.039998
14.976750 0.040001
15.016751 0.040001
15.056751 0.040000
15.096750 0.039999
15.136752 0.040001
15.176750 0.039998
15.216751 0.040001
15.256751 0.039999
15.296750 0.040000
15.336752 0.040001
15.376750 0.039998
15.416750 0.040000
15.456750 0.040000
15.496751 0.040000
15.536750 0.040000
15.576752 0.040002
15.616751 0.039998
15.656753 0.040002
15.696751 0.039998
15.736749 0.039998
15.776750 0.040001
15.816751 0.040001
15.856750 0.039999
15.896750 0.040000
15.936752 0.040002
15.976752 0.040000
16.016750 0.039998
16.056751 0.040001
16.096751 0.040000
16.136750 0.039999
16.176751 0.040000
16.216750 0.040000
16.256749 0.039999
16.296750 0.040001
16.336752 0.040002
16.376751 0.039999
16.416751 0.040000
16.456750 0.039999
16.496753 0.040003
16.536750 0.039997
16.576752 0.040002
16.616752 0.039999
16.656752 0.040000
16.696749 0.039997
16.736749 0.040000
16.776750 0.040001
16.816750 0.040000
16.856749 0.039999
16.896750 0.040001
16.936751 0.040001
16.976749 0.039999
17.016751 0.040001
17.056750 0.040000
17.096750 0.040000
17.136749 0.039999
17.176753 0.040003
17.216749 0.039997
17.256751 0.040001
17.296751 0.040000
17.336750 0.039999
17.376750 0.040000
17.416750 0.040000
17.456750 0.040000
17.496752 0.040002
17.536750 0.039998
17.576749 0.039999
17.616750 0.040000
17.656750 0.040001
17.696750 0.040000
17.736750 0.040000
17.776750 0.040000
17.816750 0.040001
17.856751 0.040000
17.896751 0.040000
17.936750 0.039999
17.976750 0.040000
18.016751 0.040001
18.056750 0.039999
18.096751 0.040001
18.136750 0.039999
18.176752 0.040002
18.216750 0.039998
18.256751 0.040001
18.296750 0.039999
18.338091 0.041341
18.376751 0.038660
18.416752 0.040001
18.456751 0.039999
18.496752 0.040001
18.536751 0.039999
18.576750 0.039999
18.616750 0.040000
18.656751 0.040001
18.696750 0.040000
18.736751 0.040000
18.776751 0.040000
18.816752 0.040001
18.856752 0.040000
18.896750 0.039999
18.936750 0.039999
18.976750 0.040001
19.016751 0.040000
19.056749 0.039999
19.096750 0.040001
19.136751 0.040001
19.176750 0.039999
19.216750 0.040001
19.256751 0.040000
19.296753 0.040002
19.336753 0.040000
19.376752 0.039998
19.416750 0.039999
19.456751 0.040001
19.496750 0.039999
19.536750 0.040000
19.576749 0.039999
19.616749 0.040000
19.656749 0.040000
19.696752 0.040003
19.736751 0.039999
19.776753 0.040002
19.816751 0.039998
19.856753 0.040002
19.896752 0.039999
19.936752 0.040000
19.976751 0.039999
20.016700 0.039949
20.056750 0.040050
20.096751 0.040001
20.136750 0.039999
20.176752 0.040002
20.216749 0.039997
20.256749 0.040001
20.296751 0.040001
20.336749 0.039999
20.376749 0.039999
20.416751 0.040002
20.456751 0.040000
20.496750 0.039999
20.536749 0.039999
20.576752 0.040002
20.616750 0.039999
20.656754 0.040004
20.696750 0.039996
20.736750 0.040000
20.776750 0.040000
20.816749 0.039999
20.856751 0.040002
20.896751 0.040000
20.936750 0.039999
20.976699 0.039948
21.016750 0.040051
21.056748 0.039998
21.096749 0.040001
21.136699 0.039950
21.176750 0.040051
21.216749 0.039999
21.256750 0.040001
21.296750 0.040001
21.336751 0.040001
21.376749 0.039998
21.416749 0.040000
21.456699 0.039949
21.496750 0.040052
21.536749 0.039999
21.576752 0.040003
21.616700 0.039948
21.656750 0.040050
21.696751 0.040001
21.736750 0.039999
21.776749 0.039999
21.816751 0.040002
21.856749 0.039998
21.896750 0.040001
21.936748 0.039998
21.976749 0.040001
22.016749 0.040000
22.056700 0.039951
22.096750 0.040050
22.136752 0.040002
22.176749 0.039997
22.216750 0.040000
22.256751 0.040002
22.296751 0.040000
22.336751 0.040000
22.376750 0.039999
22.416749 0.040000
22.456751 0.040001
22.496750 0.040000
22.536701 0.039950
22.576751 0.040051
22.616749 0.039998
22.656749 0.040000
22.696750 0.040001
22.736749 0.039998
22.776751 0.040003
22.816699 0.039947
22.856750 0.040051
22.896751 0.040001
22.936751 0.040000
22.976749 0.039998
23.016750 0.040001
23.056750 0.039999
23.096751 0.040002
23.136749 0.039998
23.176750 0.040001
23.216751 0.040000
23.256749 0.039998
23.296750 0.040001
23.336751 0.040001
23.376749 0.039998
23.416749 0.040001
23.456699 0.039950
23.496752 0.040053
23.536749 0.039998
23.576750 0.040001
23.616751 0.040000
23.656750 0.039999
23.696750 0.040000
23.736749 0.039999
23.776749 0.040000
23.816749 0.040001
23.856750 0.040001
23.896752 0.040002
23.936751 0.039998
23.976750 0.039999
24.016751 0.040001
24.056750 0.039999
24.096751 0.040001
24.136750 0.039999
24.176749 0.039999
24.216750 0.040001
24.256749 0.039999
24.296751 0.040002
24.336750 0.039999
24.376750 0.040000
24.416752 0.040002
24.456750 0.039999
24.496751 0.040001
24.536750 0.039999
24.576752 0.040001
24.616752 0.040000
24.656749 0.039998
24.696750 0.040001
24.736750 0.040000
24.776699 0.039949
24.816750 0.040051
24.856748 0.039999
24.896750 0.040002
24.936749 0.039999
24.976750 0.040001
25.016752 0.040002
25.056749 0.039997
25.096704 0.039954
25.136701 0.039998
25.176748 0.040047
25.216749 0.040001
25.256748 0.039999
25.296750 0.040002
25.336749 0.039999
25.376749 0.040000
25.416749 0.040000
25.456750 0.040002
25.496750 0.040000
25.536749 0.039999
25.576751 0.040001
25.616750 0.039999
25.656750 0.040001
25.696750 0.040000
25.736749 0.039999
25.776748 0.039999
25.816751 0.040002
25.856749 0.039998
25.896750 0.040001
25.936749 0.039999
25.976750 0.040001
26.016749 0.039999
26.056750 0.040001
26.096750 0.040000
26.136750 0.040000
26.176749 0.039999
26.216752 0.040003
26.256751 0.039999
26.296752 0.040001
26.336752 0.040000
26.376750 0.039998
26.416750 0.040000
26.456749 0.039999
26.496700 0.039951
26.536750 0.040050
26.576750 0.040000
26.616750 0.040000
26.656748 0.039999
26.696750 0.040001
26.736748 0.039999
26.776749 0.040000
26.816749 0.040000
26.856751 0.040002
26.896750 0.039999
26.936754 0.040005
26.976755 0.040001
27.016749 0.039993
27.056753 0.040004
27.096755 0.040002
27.136749 0.039995
27.176750 0.040001
27.216750 0.040000
