0.000000 0.032319
0.000000 0.032164
0.000000 0.029924
0.000000 0.025942
0.000000 0.026201
0.000000 0.025999
0.000000 0.026101
0.032319 0.026214
0.032218 0.026427
0.031267 0.026046
0.029782 0.025465
0.026470 0.026156
0.017077 0.028060
0.022918 0.026755
0.024715 0.026455
0.019838 0.028125
0.017528 0.028699
0.027293 0.025660
0.021601 0.028117
0.026993 0.027787
0.026755 0.027667
0.026930 0.026746
0.027022 0.027353
0.027143 0.027317
0.032319 0.027101
0.027112 0.026581
0.027154 0.027315
0.027185 0.027509
0.027159 0.027968
0.027170 0.027820
0.027178 0.028479
0.027334 0.028976
0.027297 0.028883
0.027155 0.026977
0.027308 0.026732
0.027338 0.028023
0.027359 0.028026
0.027407 0.032249
0.027473 0.025083
0.027531 0.025838
0.027508 0.026473
0.027478 0.026949
0.027499 0.027282
0.027519 0.027707
0.027695 0.027767
0.027599 0.027445
0.027466 0.027618
0.033205 0.022366
0.024712 0.022248
0.025220 0.023536
0.030073 0.030542
0.025171 0.023327
0.025662 0.024455
0.029906 0.030765
0.027328 0.028768
0.027166 0.027899
0.027144 0.028259
0.027161 0.022537
0.022985 0.023050
0.027546 0.029643
0.023032 0.022699
0.023173 0.023417
0.028686 0.029738
0.022980 0.022278
0.023031 0.023224
0.028631 0.029698
0.022897 0.022554
0.022970 0.023233
0.028665 0.029463
0.022797 0.022195
0.022952 0.023585
0.028286 0.028159
0.027879 0.027537
0.027551 0.031714
0.027542 0.026395
0.027250 0.025020
0.027096 0.024179
0.027206 0.025342
0.027001 0.024303
0.027090 0.024185
0.026794 0.025201
0.026719 0.024608
0.026698 0.024192
0.027177 0.026362
0.022117 0.020980
0.022613 0.022491
0.028036 0.027721
0.027284 0.027056
0.026795 0.026231
0.026585 0.025461
0.026411 0.025541
0.026926 0.026546
0.021865 0.021081
0.022398 0.022244
0.027720 0.027645
0.027060 0.027065
0.026459 0.025727
0.030610 0.031911
0.026701 0.026322
0.021599 0.020855
0.021916 0.021730
0.026932 0.026402
0.026017 0.025347
0.026141 0.025238
0.025814 0.024411
0.025964 0.025211
0.025826 0.024963
0.025750 0.024558
0.025161 0.024094
0.025114 0.024097
0.025007 0.023515
0.024404 0.023189
0.024445 0.023278
0.024720 0.023044
0.024562 0.023638
0.024550 0.023585
0.024858 0.023539
0.024808 0.024390
0.024554 0.023843
0.024556 0.023238
0.024511 0.024436
0.033045 0.031730
0.023692 0.023411
0.022210 0.017557
0.020316 0.018531
0.020714 0.019500
0.020872 0.019565
0.021254 0.020124
0.021831 0.021281
0.022322 0.021646
0.023400 0.022584
0.023860 0.023672
0.024936 0.024681
0.026909 0.026326
0.026986 0.027404
0.025623 0.025939
0.024607 0.025329
0.023795 0.025108
0.023121 0.024099
0.022993 0.023215
0.023494 0.023115
0.023886 0.024013
0.023920 0.024444
0.023262 0.024181
0.022844 0.023252
0.032583 0.033105
0.023075 0.023403
0.022514 0.022517
0.022615 0.022954
0.022771 0.022986
0.022862 0.022738
0.023193 0.023628
0.023161 0.023681
0.023167 0.023361
0.023421 0.024023
0.023820 0.024371
0.023814 0.024094
0.023893 0.024935
0.024118 0.025468
0.027446 0.028094
0.020900 0.022108
0.021550 0.023056
0.026203 0.026958
0.025567 0.026863
0.025252 0.026078
0.025293 0.025687
0.025187 0.026353
0.025449 0.026358
0.025773 0.026079
0.024814 0.025496
0.024862 0.025591
0.025999 0.026558
0.026159 0.026602
0.026366 0.027650
0.026560 0.027086
0.027179 0.027245
0.027244 0.028110
0.027295 0.027713
0.027479 0.027681
0.027898 0.028657
0.027787 0.028180
0.027272 0.027232
0.027510 0.028037
0.027948 0.028097
0.029121 0.028933
0.023707 0.025124
0.024355 0.025929
0.030078 0.029768
0.028054 0.028315
0.027426 0.027273
0.027700 0.028308
0.026830 0.026977
0.027051 0.027336
0.027411 0.028177
0.027373 0.027468
0.028101 0.028188
0.027191 0.027783
0.027222 0.027510
0.027058 0.027243
0.027349 0.027886
0.026858 0.027258
0.026921 0.026861
0.026484 0.027357
0.026600 0.027022
0.028217 0.028232
0.028039 0.028723
0.027486 0.027847
0.026695 0.026554
0.026813 0.027503
0.026901 0.027189
0.026743 0.026658
0.027160 0.027774
0.025335 0.025920
0.026902 0.027251
0.026999 0.026849
0.026016 0.025883
0.026423 0.026966
0.026819 0.027188
0.027508 0.027662
0.027523 0.028185
0.027090 0.027517
0.027385 0.027780
0.027786 0.028462
0.025681 0.026448
0.020698 0.020772
0.021180 0.021252
0.027233 0.027023
0.022189 0.022591
0.022231 0.022951
0.029982 0.029593
0.022290 0.022632
0.023115 0.023960
0.030133 0.029805
0.022139 0.022959
0.022745 0.023297
0.028028 0.027674
0.030455 0.030721
0.027477 0.027248
0.025766 0.025402
0.025272 0.024314
0.024864 0.024035
0.024220 0.023421
0.023870 0.022753
0.023539 0.022749
0.023550 0.022611
0.023493 0.022236
0.023419 0.022710
0.024035 0.023220
0.020857 0.020361
0.020980 0.020742
0.025134 0.024845
0.020986 0.020635
0.021569 0.021372
0.025806 0.025568
0.021328 0.020997
0.021558 0.021572
