0.000000 0.004131
0.000000 0.002670
0.000000 0.001951
0.000000 0.001910
0.000000 0.001439
0.000000 0.001583
0.000000 0.001820
0.004131 0.001685
0.002443 0.001760
0.002361 0.002184
0.001910 0.001600
0.001097 0.001846
0.001388 0.001500
0.001719 0.001560
0.001755 0.001587
0.001821 0.001495
0.001398 0.001945
0.001245 0.002028
0.001972 0.001412
0.001818 0.001537
0.001784 0.001680
0.001333 0.002065
0.001448 0.001713
0.001799 0.001406
0.001743 0.001585
0.001813 0.001771
0.001923 0.001928
0.001809 0.001629
0.001793 0.001615
0.001759 0.001646
0.001744 0.001633
0.001841 0.001751
0.001964 0.001959
0.001689 0.001419
0.001729 0.001487
0.001790 0.001709
0.001872 0.001902
0.001850 0.001702
0.001771 0.001680
0.001722 0.001519
0.001850 0.001741
0.001692 0.001564
0.001901 0.001707
0.001681 0.001572
0.001886 0.002028
0.001789 0.001670
0.001653 0.001433
0.002077 0.002140
0.001671 0.001515
0.001793 0.001741
0.001654 0.001403
0.002036 0.002076
0.001707 0.001516
0.001849 0.001905
0.001659 0.001573
0.001767 0.001760
0.001876 0.001852
0.001795 0.001716
0.001809 0.001743
0.001776 0.001782
0.001806 0.001859
0.001709 0.001733
0.001952 0.001792
0.001757 0.001844
0.001765 0.002031
0.001678 0.001578
0.001934 0.002000
0.001904 0.001913
0.001912 0.001936
0.001732 0.001665
0.001803 0.001851
0.001823 0.001826
0.001898 0.001867
0.001770 0.001796
0.001803 0.001787
0.001737 0.001732
0.001805 0.001799
0.002010 0.001883
0.001762 0.001721
0.001736 0.001826
0.001783 0.001672
0.001970 0.002062
0.001818 0.001755
0.001791 0.001989
0.001682 0.001518
0.001805 0.001739
0.001804 0.001730
0.001849 0.001752
0.001819 0.001726
0.001770 0.001818
0.001712 0.001717
0.001798 0.001622
0.001860 0.001758
0.001922 0.001882
0.001702 0.001659
0.001730 0.001622
0.001853 0.001855
0.001842 0.001686
0.001729 0.001689
0.001632 0.001698
0.002022 0.002155
0.001753 0.001752
0.001805 0.001780
0.001771 0.001773
0.001653 0.001595
0.001724 0.001708
0.001817 0.001752
0.001878 0.001795
0.001728 0.001654
0.001655 0.001591
0.001786 0.001729
0.001845 0.001898
0.001857 0.001830
0.001682 0.001619
0.001683 0.001564
0.001830 0.001967
0.002128 0.002253
0.001609 0.001633
0.001692 0.001657
0.001890 0.002056
0.001866 0.001959
0.001802 0.001774
0.001636 0.001658
0.001906 0.002001
0.001943 0.002116
0.001790 0.001695
0.001815 0.001815
0.001900 0.002007
0.001640 0.001640
0.001884 0.002114
0.002190 0.002437
0.001749 0.001618
0.001626 0.001623
0.001695 0.001707
0.001810 0.001778
0.001979 0.002000
0.001813 0.001836
0.001707 0.001591
0.002012 0.002101
0.001829 0.001920
0.001945 0.001803
0.001666 0.001547
0.001844 0.001858
0.001733 0.001714
0.001899 0.001808
0.002154 0.002332
0.001786 0.001654
0.001709 0.001681
0.001808 0.001679
0.001968 0.002228
0.001896 0.001757
0.001685 0.001764
0.001754 0.001695
0.002185 0.002343
0.001797 0.001630
0.001710 0.001625
0.001874 0.001805
0.001727 0.001674
0.001982 0.002104
0.001897 0.001769
0.001799 0.001679
0.001790 0.001690
0.001928 0.001972
0.001754 0.001745
0.002328 0.002289
0.001779 0.001608
0.001551 0.001446
0.001913 0.001969
0.002104 0.002278
0.001875 0.001739
0.001798 0.001718
0.001652 0.001641
0.002082 0.002236
0.001940 0.001807
0.001822 0.001770
0.001756 0.001804
0.002027 0.002111
0.002003 0.002083
0.001956 0.001834
0.001857 0.001851
0.001940 0.001930
0.001755 0.001772
0.002110 0.002067
0.002104 0.002113
0.002094 0.002001
0.001609 0.001555
0.002025 0.002083
0.002254 0.002309
0.001941 0.001900
0.001804 0.001626
0.001820 0.001904
0.002192 0.002315
0.002142 0.002196
0.002004 0.001925
0.001966 0.001950
0.001984 0.002047
0.002016 0.002015
0.001862 0.001940
0.002258 0.002240
0.002016 0.001972
0.002106 0.002090
0.002069 0.002177
0.002421 0.002452
0.001850 0.001852
0.001987 0.001997
0.001987 0.002047
0.002466 0.002501
0.002298 0.002121
0.001856 0.001807
0.002067 0.002152
0.002100 0.002216
0.002343 0.002318
0.002382 0.002225
0.001930 0.001932
0.002039 0.002131
0.002109 0.002093
0.002287 0.002277
0.002225 0.002217
0.001964 0.001840
0.001999 0.001978
0.002120 0.002056
0.002620 0.002649
0.001974 0.001867
0.002352 0.002102
0.002104 0.002100
0.002182 0.002196
0.002330 0.002372
0.002326 0.002079
0.002033 0.002012
0.002371 0.002430
0.002086 0.001982
0.002580 0.002285
0.002108 0.002032
0.002343 0.002397
0.002012 0.001909
0.002385 0.002154
0.002345 0.002330
0.002257 0.002105
0.002100 0.001999
0.002263 0.002258
0.002407 0.002534
0.002443 0.002177
0.002250 0.002068
0.002033 0.002019
0.002313 0.002465
0.002213 0.002199
0.002627 0.002317
0.002427 0.002359
0.002425 0.002652
0.002253 0.002117
0.002406 0.002267
0.002263 0.002264
0.002188 0.002091
0.002160 0.002088
0.002649 0.002740
0.002389 0.002388
0.002109 0.001981
0.002309 0.002153
0.002262 0.002171
0.002674 0.002914
0.002444 0.002346
0.002204 0.002096
0.002396 0.002350
0.002327 0.002386
0.002396 0.002314
0.002470 0.002419
0.002509 0.002438
0.002435 0.002607
0.002232 0.002137
0.002468 0.002465
0.002666 0.002684
0.002454 0.002310
0.002300 0.002278
0.002580 0.002627
0.002649 0.002644
0.002236 0.002202
0.002564 0.002311
0.002324 0.002332
0.002582 0.002808
0.002687 0.002882
0.002750 0.002438
0.002913 0.003053
0.003280 0.003360
0.002996 0.003179
0.002957 0.003030
0.002954 0.003129
0.002776 0.002803
0.002563 0.002643
0.002537 0.002621
0.002949 0.003119
0.002825 0.002813
0.002876 0.002940
0.002215 0.002108
0.002559 0.002725
0.002654 0.002735
0.002499 0.002294
0.002321 0.002263
0.002726 0.002902
0.002427 0.002388
0.002327 0.002147
0.002628 0.002436
0.002237 0.002288
0.002442 0.002437
0.002597 0.002595
0.002589 0.002446
0.002409 0.002291
0.002246 0.002200
0.002372 0.002265
0.002808 0.002947
0.002324 0.002263
0.002657 0.002324
0.002254 0.002181
0.002484 0.002536
0.002340 0.002335
0.002705 0.002467
0.002439 0.002481
0.002065 0.002059
0.002280 0.002266
0.002575 0.002425
0.002459 0.002361
0.002220 0.002186
0.002380 0.002465
0.002197 0.002143
0.002826 0.002779
0.002354 0.002288
0.002400 0.002262
0.002200 0.002135
0.002320 0.002413
0.002382 0.002331
0.002605 0.002403
0.002271 0.002283
0.002258 0.002291
0.002244 0.002266
0.002819 0.002555
0.002536 0.002417
0.002199 0.002247
0.002215 0.002258
0.002326 0.002287
0.002489 0.002488
0.002300 0.002163
0.002451 0.002368
0.002330 0.002278
0.002383 0.002362
0.002468 0.002371
0.002432 0.002276
0.002167 0.002122
0.002357 0.002341
0.002382 0.002381
0.002548 0.002431
0.002456 0.002235
0.002120 0.002132
0.002444 0.002401
0.002422 0.002445
0.002323 0.002191
0.002354 0.002332
0.002223 0.002247
0.002448 0.002306
0.002783 0.002717
0.002503 0.002349
0.002247 0.002249
0.002580 0.002526
0.002335 0.002381
0.002568 0.002457
0.002354 0.002301
0.002208 0.002191
0.002514 0.002548
0.002368 0.002443
0.002854 0.002629
0.002587 0.002412
0.002239 0.002329
0.002525 0.002450
0.002714 0.002821
0.002309 0.002292
0.002363 0.002334
0.002334 0.002331
0.002483 0.002532
0.002707 0.002746
0.002368 0.002294
0.002694 0.002566
0.002456 0.002445
0.002340 0.002333
0.002557 0.002794
0.002496 0.002447
0.002597 0.002827
0.002313 0.002300
0.002424 0.002404
0.002966 0.002804
0.002624 0.002709
0.002386 0.002316
0.002354 0.002345
0.002591 0.002524
0.002626 0.002597
0.002398 0.002433
0.002405 0.002353
0.002426 0.002434
0.002390 0.002418
0.002965 0.002970
0.002618 0.002513
0.002242 0.002277
0.002413 0.002395
0.002351 0.002296
0.002804 0.002782
0.002588 0.002494
0.002345 0.002334
0.002477 0.002479
0.002604 0.002603
0.002747 0.002738
0.002313 0.002217
0.002555 0.002587
0.002376 0.002416
0.002474 0.002468
0.002569 0.002464
0.002962 0.002918
0.002448 0.002413
0.002445 0.002361
0.002432 0.002444
0.002979 0.002918
0.002667 0.002578
0.002410 0.002368
0.002544 0.002508
0.002471 0.002513
0.002812 0.002723
0.002658 0.002676
0.002406 0.002392
0.002384 0.002346
0.002649 0.002667
0.002674 0.002647
0.002486 0.002514
0.002441 0.002464
0.002460 0.002385
0.002603 0.002525
0.002886 0.002824
0.002689 0.002599
0.002435 0.002440
0.002608 0.002611
0.002317 0.002398
0.002950 0.002842
0.002504 0.002490
0.002530 0.002544
0.002414 0.002438
0.002435 0.002492
0.002863 0.002770
0.002666 0.002510
0.002400 0.002410
0.002543 0.002554
0.002508 0.002461
0.002815 0.002864
0.002880 0.002878
0.002459 0.002448
0.002489 0.002486
0.002555 0.002538
0.002767 0.002838
0.002597 0.002584
0.002543 0.002564
0.002449 0.002449
0.002691 0.002705
0.002488 0.002525
0.002732 0.002871
0.002502 0.002450
0.002466 0.002522
0.002394 0.002439
0.002930 0.003049
0.002882 0.002853
0.002383 0.002533
0.002656 0.002747
0.002737 0.002739
0.002769 0.002743
0.002615 0.002832
0.002470 0.002710
0.002496 0.002467
0.002852 0.002826
0.002613 0.002655
0.002797 0.002911
0.002465 0.002509
0.002470 0.002526
0.002739 0.002794
0.002968 0.002872
0.002550 0.002620
0.002580 0.002683
0.002613 0.002790
0.002860 0.002752
0.002632 0.002640
0.002455 0.002587
0.002753 0.002757
0.002549 0.002502
0.003015 0.003061
0.002716 0.002668
0.002633 0.002653
0.002699 0.002771
0.002815 0.003035
0.002870 0.002962
0.002525 0.002528
0.002691 0.002763
0.002958 0.003187
0.002748 0.002888
0.002878 0.002935
0.002904 0.003031
0.002870 0.002984
0.002706 0.002980
0.002967 0.002949
0.002730 0.002896
0.002771 0.002850
0.002955 0.003053
0.002965 0.003015
0.003071 0.003155
0.002566 0.002674
0.002904 0.002928
0.003123 0.003168
0.002657 0.002957
0.003082 0.003027
0.003109 0.002980
0.002887 0.002933
0.003150 0.003264
0.002649 0.002957
0.003049 0.002967
0.003081 0.003282
0.002965 0.002957
0.002974 0.003150
0.003074 0.003071
0.003033 0.003088
0.002853 0.002825
0.002955 0.002980
0.002963 0.003010
0.003321 0.003248
0.002810 0.002680
0.003053 0.002937
0.003026 0.003051
0.002973 0.003004
0.003128 0.003105
0.002967 0.002891
0.002962 0.002986
0.003110 0.003156
0.003074 0.003015
0.003369 0.003339
0.002972 0.002965
0.002971 0.002909
0.003104 0.003028
0.003290 0.003197
0.002981 0.003039
0.002881 0.002816
0.003043 0.002965
0.003215 0.003085
0.002954 0.003048
0.003079 0.002987
0.003056 0.002958
0.002904 0.002882
0.003193 0.003116
0.003057 0.003141
0.003252 0.003126
0.002928 0.002991
0.003014 0.002980
0.003075 0.003033
0.003122 0.003093
0.003164 0.003195
0.003016 0.002932
0.003054 0.003089
0.003063 0.003131
0.003172 0.003227
0.003056 0.002934
0.003175 0.003093
0.003043 0.003083
0.003107 0.003102
0.003114 0.003164
0.003156 0.003052
0.003204 0.003145
0.003206 0.003200
0.003035 0.003011
0.003419 0.003326
0.003133 0.003083
0.003025 0.003026
0.003263 0.003130
0.003065 0.003082
0.003380 0.003348
0.003099 0.003114
0.003106 0.003016
0.003238 0.003272
0.003166 0.003203
0.003219 0.003218
0.003081 0.003021
0.003202 0.003180
0.003281 0.003309
0.003008 0.002959
0.003407 0.003281
0.003287 0.003296
0.003122 0.003227
0.003194 0.003061
0.003150 0.003137
0.003502 0.003476
0.003101 0.003053
0.003292 0.003277
0.003284 0.003348
0.003129 0.003199
0.003261 0.003182
0.003389 0.003224
0.003199 0.003227
0.003447 0.003313
0.003075 0.003205
0.003309 0.003164
0.003386 0.003377
0.003373 0.003415
0.003297 0.003204
0.003273 0.003251
0.003343 0.003386
0.003176 0.003248
0.003247 0.003155
0.003346 0.003293
0.003420 0.003489
0.003103 0.003116
0.003152 0.003070
0.003291 0.003211
0.003358 0.003366
0.003295 0.003327
0.003192 0.003152
0.003262 0.003207
0.003383 0.003363
0.003138 0.003153
0.003328 0.003295
0.003155 0.003177
0.003330 0.003214
0.003224 0.003166
0.003165 0.003111
0.003486 0.003488
0.003213 0.003106
0.003226 0.003148
0.003235 0.003201
0.003373 0.003317
0.003208 0.003123
0.003350 0.003215
0.003280 0.003182
0.003307 0.003266
0.003289 0.003284
0.003334 0.003205
0.003236 0.003146
0.003441 0.003349
0.003031 0.003012
0.003642 0.003387
0.003234 0.003215
0.003351 0.003276
0.003333 0.003272
0.003366 0.003295
0.003370 0.003350
0.003369 0.003267
0.003209 0.003162
0.003393 0.003306
0.003350 0.003377
0.003293 0.003260
0.003256 0.003171
0.003280 0.003192
0.003285 0.003224
0.003291 0.003251
0.003190 0.003152
0.003222 0.003081
0.003323 0.003267
0.003210 0.003153
0.003343 0.003298
0.003335 0.003248
0.003273 0.003250
0.003343 0.003192
0.003225 0.003181
0.003467 0.003369
0.003252 0.003207
0.003169 0.003084
0.003299 0.003250
0.003322 0.003335
0.003224 0.003175
0.003285 0.003270
0.003263 0.003192
0.003333 0.003243
0.003197 0.003276
0.003198 0.003207
0.003237 0.003209
0.003187 0.003183
0.003145 0.003105
0.003348 0.003275
0.003292 0.003270
0.003239 0.003179
0.003336 0.003246
0.003188 0.003213
0.003446 0.003332
0.003242 0.003207
0.003242 0.003176
0.003372 0.003304
