0.000000 0.011212
0.000000 0.005401
0.000000 0.008946
0.000000 0.008522
0.000000 0.007253
0.000000 0.006677
0.000000 0.004830
0.005304 0.005811
0.005304 0.005724
0.007171 0.005712
0.009097 0.005753
0.006704 0.005841
0.006704 0.005755
0.009919 0.005014
0.007398 0.005822
0.005064 0.006148
0.006888 0.005746
0.006734 0.005705
0.006626 0.005781
0.006529 0.005724
0.006188 0.005610
0.006158 0.005737
0.006158 0.005017
0.006128 0.005707
0.006100 0.004396
0.006078 0.005745
0.006056 0.005688
0.006029 0.005689
0.006011 0.005665
0.005956 0.005691
0.005942 0.005672
0.005862 0.004980
0.005857 0.005625
0.005849 0.004387
0.005841 0.005599
0.005833 0.005664
0.005826 0.005631
0.005819 0.005686
0.005783 0.005560
0.005776 0.005690
0.005719 0.005020
0.005715 0.005652
0.005714 0.004355
0.005710 0.005720
0.005709 0.005629
0.005703 0.005601
0.005702 0.005629
0.005678 0.005717
0.005677 0.005629
0.005769 0.005046
0.005768 0.005695
0.004786 0.004364
0.005756 0.005627
0.005751 0.005706
0.005750 0.005610
0.005745 0.005696
0.005720 0.005692
0.005719 0.005712
0.005719 0.004973
0.005716 0.005701
0.004689 0.004338
0.005713 0.005659
0.005712 0.005649
0.005711 0.005672
0.005710 0.005571
0.005687 0.005703
0.005687 0.005641
0.005687 0.005023
0.005687 0.005670
0.004613 0.004452
0.005685 0.005670
0.005682 0.005608
0.005682 0.005655
0.005680 0.005676
0.005661 0.005655
0.005661 0.005705
0.005661 0.005030
0.005662 0.005699
0.004620 0.004895
0.005659 0.003806
0.005660 0.004091
0.005660 0.004139
0.005661 0.004053
0.005642 0.003899
0.005644 0.005550
0.005644 0.005010
0.005591 0.005598
0.004633 0.004435
0.005509 0.005564
0.005372 0.005619
0.005336 0.005640
0.005341 0.005572
0.005333 0.005633
0.005340 0.005661
0.005318 0.004990
0.005324 0.005660
0.005332 0.004408
0.005339 0.005661
0.005344 0.005619
0.005351 0.005714
0.005358 0.005563
0.005349 0.005698
0.005357 0.005653
0.005445 0.005087
0.005451 0.005621
0.004646 0.004605
0.005467 0.004866
0.005464 0.005002
0.005475 0.004871
0.005799 0.007481
0.011260 0.014476
0.007385 0.011362
0.006174 0.008458
0.005860 0.006896
0.012685 0.018289
0.005999 0.008466
0.012815 0.018313
0.018222 0.022506
0.006254 0.008749
0.029304 0.027938
0.006556 0.009494
0.006801 0.009414
0.017210 0.020033
0.026425 0.025217
0.018967 0.019985
0.027440 0.025345
0.006893 0.008752
0.025092 0.024750
0.007223 0.009374
0.007345 0.010459
0.025768 0.025899
0.009124 0.012860
0.006752 0.008714
0.006736 0.008405
0.019421 0.020256
0.006779 0.008354
0.014282 0.015920
0.023037 0.023098
0.009301 0.013230
0.007434 0.010598
0.007689 0.010858
0.026869 0.027357
0.009925 0.013839
0.007727 0.009998
0.007680 0.010540
0.022533 0.023308
0.008026 0.011562
0.008065 0.011450
0.018737 0.019865
0.007387 0.008384
0.023138 0.023465
0.009853 0.012329
0.007893 0.009672
0.007682 0.008798
0.021096 0.022537
0.010416 0.014406
0.007841 0.008983
0.008090 0.010752
0.017092 0.018123
0.010726 0.014644
0.008191 0.009879
0.007981 0.008864
0.012114 0.012310
0.011779 0.015972
0.008528 0.010694
0.040962 0.028728
0.018098 0.019078
0.012488 0.017171
0.009024 0.013021
0.009247 0.013509
0.019095 0.020925
0.012191 0.017508
0.009608 0.013777
0.009355 0.013377
0.015229 0.017686
0.009554 0.013863
0.016581 0.013024
0.015481 0.017649
0.009659 0.013538
0.010379 0.011526
0.013137 0.011425
0.017178 0.015087
0.015746 0.013383
0.018069 0.016341
0.016539 0.013724
0.018588 0.015984
0.015939 0.013612
0.013411 0.011326
0.015455 0.015637
0.012295 0.012510
0.009455 0.011216
0.011325 0.012576
0.009530 0.011127
0.010605 0.012051
0.009805 0.011028
0.011013 0.012234
0.009609 0.010899
0.010172 0.011194
0.013068 0.014152
0.010775 0.011480
0.012206 0.013563
0.011842 0.013941
0.012142 0.011548
0.011549 0.013143
0.011326 0.011091
0.011025 0.012311
0.010194 0.012387
0.011641 0.011838
0.010224 0.012028
0.011118 0.012972
0.012486 0.012153
0.011915 0.013559
0.010005 0.011701
0.010808 0.012006
0.012074 0.011508
0.012021 0.012919
0.010081 0.010899
0.010848 0.011600
0.010547 0.010563
0.016757 0.014476
0.019318 0.017987
0.014952 0.015291
0.013018 0.016975
0.015242 0.017786
0.011453 0.014182
0.018820 0.019963
0.012327 0.016674
0.012150 0.015047
0.017692 0.019120
0.016529 0.018565
0.011327 0.014217
0.012193 0.015048
0.017120 0.016366
0.016964 0.017917
0.013346 0.014034
0.015287 0.018367
0.016514 0.018043
0.015232 0.016678
0.018616 0.019233
0.017101 0.016698
0.017118 0.015959
0.018565 0.019033
0.014775 0.016846
0.013694 0.013884
0.017992 0.017120
0.023094 0.020882
0.017328 0.018245
0.017871 0.018758
0.017605 0.016318
0.014229 0.015478
0.020616 0.019529
0.022646 0.020953
0.014715 0.016248
0.015997 0.017616
0.006112 0.006589
0.009464 0.004931
0.022807 0.018693
0.020556 0.017608
0.009564 0.005756
0.006845 0.007100
0.009680 0.005279
0.008670 0.008622
0.012559 0.011351
0.013035 0.013113
0.015142 0.015723
0.013779 0.016014
0.016307 0.018439
0.010462 0.013834
0.011048 0.012695
0.009880 0.010578
0.009994 0.011010
0.013097 0.011940
0.011243 0.010834
0.010238 0.010987
0.012060 0.011164
0.013070 0.014929
0.011522 0.012254
0.011745 0.012669
0.013802 0.016858
0.012997 0.014511
0.011255 0.011569
0.010994 0.011539
0.012702 0.016662
0.012647 0.014553
0.010861 0.011332
0.010914 0.011625
0.012977 0.016227
0.012721 0.014728
0.011180 0.012088
0.011299 0.012096
0.012831 0.014925
0.012828 0.014419
0.011205 0.011215
0.011256 0.011832
0.010372 0.011694
0.084288 0.053455
0.039766 0.033617
0.017187 0.019045
0.012921 0.014162
0.012571 0.012991
0.012228 0.012517
0.011904 0.012578
0.030271 0.030536
0.013931 0.016877
0.011683 0.010291
0.011746 0.011708
0.029767 0.031222
0.014159 0.017159
0.011629 0.009882
0.012024 0.012056
0.030173 0.031569
0.014156 0.016694
0.011685 0.010039
0.012221 0.011955
0.028024 0.028875
0.014256 0.016817
0.011643 0.009609
0.011988 0.012494
0.028153 0.028394
0.014525 0.016880
0.011767 0.010198
0.012156 0.011922
0.027129 0.028356
0.014749 0.017851
0.011843 0.010598
0.012294 0.012842
0.022251 0.024307
0.014714 0.016741
0.011694 0.009680
0.011997 0.011351
0.017498 0.013528
0.018142 0.018660
0.011961 0.010495
0.013375 0.013037
0.015066 0.014846
0.012872 0.013957
0.011530 0.012046
0.011692 0.012552
0.014917 0.016021
0.012804 0.014614
0.011530 0.012465
0.011460 0.012697
0.015794 0.016359
0.012813 0.014393
0.011541 0.012473
0.011460 0.011801
0.014595 0.016111
0.012673 0.014319
0.011488 0.011516
0.011593 0.012269
0.014934 0.015227
0.012776 0.014243
0.011559 0.012198
0.011668 0.012809
0.015025 0.015225
0.013089 0.014720
0.011744 0.012542
0.011864 0.012784
0.014016 0.013933
0.012154 0.013004
0.019908 0.015434
0.012035 0.010570
0.013171 0.012894
0.015726 0.016405
0.011706 0.012063
0.015837 0.016092
0.011614 0.011885
0.015256 0.015594
0.011596 0.012309
0.014623 0.014879
0.011712 0.012814
0.016383 0.012656
0.014119 0.012940
0.012234 0.010407
0.013776 0.012257
0.012309 0.011308
0.013430 0.011997
0.012580 0.011578
0.014780 0.011048
0.014332 0.012139
0.013300 0.012659
0.013941 0.011812
0.013255 0.013322
0.014068 0.012007
0.013079 0.013359
0.014213 0.012347
0.013034 0.013766
0.013951 0.012154
0.012796 0.012703
0.013924 0.012294
0.012851 0.013226
0.013545 0.012554
0.012927 0.012114
0.013770 0.011944
0.013001 0.012638
0.013769 0.012159
0.012789 0.012835
0.014257 0.012295
0.014022 0.013928
0.012323 0.013234
0.012810 0.013181
0.014624 0.012991
0.013978 0.014414
0.012138 0.013209
0.012741 0.013147
0.013724 0.011629
0.014179 0.014155
0.012041 0.012618
0.013231 0.013578
0.024915 0.020488
0.019503 0.020096
0.026555 0.026030
0.023146 0.025041
0.027033 0.027531
0.029269 0.030854
0.011304 0.011720
0.025340 0.028237
0.012347 0.012916
0.011374 0.012490
0.011288 0.011386
0.020147 0.022890
0.013796 0.015682
0.011398 0.012780
0.011901 0.013414
0.011163 0.011065
0.011547 0.011597
0.016674 0.013277
0.014341 0.013017
0.011039 0.008712
0.011684 0.009195
0.014098 0.013289
0.012124 0.012225
0.015148 0.014706
0.013653 0.014631
0.011607 0.012400
0.012011 0.012820
0.015395 0.015193
0.013756 0.015311
0.011622 0.012408
0.012008 0.012799
0.015275 0.015367
0.014017 0.015298
0.011630 0.012453
0.012347 0.013337
0.015477 0.015444
0.014123 0.015729
0.011892 0.012764
0.012462 0.013132
0.015294 0.014877
0.013924 0.015689
0.012348 0.013205
0.012310 0.013293
0.015155 0.013976
0.014386 0.015690
0.012469 0.013585
0.012966 0.014107
0.014546 0.013597
0.013241 0.014116
0.014466 0.013338
0.013410 0.013411
0.013858 0.013374
0.014555 0.014431
0.013493 0.013265
0.013190 0.013142
0.013616 0.011291
0.014538 0.013394
0.012648 0.012602
0.012596 0.011601
0.013516 0.012131
0.012372 0.011138
0.013695 0.013520
0.012074 0.011390
0.012308 0.011763
0.012039 0.011341
0.012023 0.011023
0.012170 0.011304
0.012594 0.011383
0.011978 0.010993
0.012136 0.011095
0.012041 0.011451
0.012735 0.011818
0.017089 0.014600
0.017256 0.016295
0.017340 0.015129
0.016675 0.018244
0.016688 0.017179
0.017496 0.016386
0.016979 0.018342
0.016458 0.014831
0.017869 0.018471
0.016516 0.018753
0.016291 0.015457
0.016505 0.018417
0.013382 0.011789
0.013455 0.011670
0.016537 0.015773
0.012269 0.011525
0.012574 0.014063
0.013796 0.013885
0.012381 0.012009
0.012128 0.011775
0.011905 0.013885
0.012322 0.011826
0.012736 0.013979
0.013777 0.014531
0.012297 0.012225
0.012263 0.012008
0.012385 0.014209
0.012473 0.012077
0.012672 0.014363
0.013745 0.014099
0.012102 0.011881
0.012269 0.012215
0.013063 0.014797
0.013527 0.014751
0.012159 0.012522
0.012034 0.011735
0.012053 0.013836
0.012148 0.012096
0.011832 0.012885
0.012054 0.011862
0.021128 0.017412
0.015684 0.014175
0.016050 0.015818
0.014317 0.013363
0.013270 0.013676
0.016516 0.018459
0.015353 0.016885
0.013222 0.012747
0.013153 0.013178
0.016018 0.018737
0.015405 0.017777
0.013254 0.013182
0.013382 0.014476
0.016634 0.018358
0.015954 0.018291
0.013550 0.014291
0.013468 0.014426
0.017142 0.017196
0.016374 0.018593
0.013469 0.014319
0.013235 0.014075
0.014915 0.015953
0.013000 0.013381
0.012340 0.013056
0.028104 0.022020
0.019216 0.019209
0.018978 0.020909
0.016760 0.019478
0.016751 0.019520
0.019245 0.020596
0.018964 0.021538
0.016073 0.019330
0.016149 0.019507
0.018575 0.020174
0.017088 0.019352
0.020450 0.021200
0.019757 0.021798
0.017322 0.019454
0.017350 0.019589
0.019829 0.020638
0.019720 0.021239
0.017191 0.019006
0.017009 0.018926
0.018961 0.015594
0.021286 0.020162
0.017122 0.018461
0.018244 0.017189
0.015394 0.013909
0.013826 0.013025
0.018708 0.017909
0.015588 0.015687
0.013292 0.013376
0.017347 0.016083
0.018750 0.016315
0.014840 0.013991
0.019356 0.017853
0.017612 0.017521
0.017751 0.017471
0.018075 0.016893
0.018964 0.016551
0.018365 0.015464
0.020866 0.017031
0.015879 0.014376
0.020673 0.018666
0.018265 0.016241
0.017764 0.016464
0.013565 0.012511
0.015855 0.015457
0.014439 0.013204
0.016999 0.016563
0.014684 0.013629
0.014244 0.013963
0.013521 0.012819
0.012702 0.011532
0.011632 0.012053
0.012298 0.013246
0.011906 0.012693
0.014792 0.013338
0.011295 0.013029
0.012273 0.012770
0.015179 0.014148
0.015076 0.014409
0.012943 0.013779
0.014847 0.013555
0.011552 0.012491
0.014362 0.012893
0.012679 0.013076
0.015381 0.015062
0.013996 0.012793
0.013969 0.012919
0.012632 0.013891
0.013537 0.011580
0.011837 0.012904
0.013612 0.012404
0.011556 0.012897
0.013518 0.012283
0.013474 0.011368
0.012063 0.012505
0.013045 0.012033
0.012349 0.012796
0.012938 0.012395
0.011550 0.011899
0.013253 0.012299
0.013755 0.013844
0.013620 0.013632
0.013079 0.013131
0.013006 0.012322
0.014216 0.013352
0.014725 0.014504
0.012820 0.011639
0.012666 0.011104
0.014559 0.014352
0.014121 0.013799
0.012497 0.010399
0.012357 0.010204
0.014392 0.015328
0.013520 0.013164
0.012206 0.009912
0.012055 0.009643
0.014245 0.015379
0.012840 0.011424
0.011853 0.009474
0.011817 0.009464
0.014063 0.015736
0.012425 0.011248
0.011517 0.008977
0.011486 0.009418
0.012944 0.014708
0.012109 0.011185
0.011142 0.008411
0.011148 0.009043
0.008261 0.007218
0.010458 0.004694
0.011666 0.008866
0.010387 0.004630
0.010358 0.006366
0.010228 0.006450
0.009047 0.007976
0.010320 0.006078
0.009847 0.005293
0.009479 0.008914
0.009699 0.009207
0.010788 0.010329
0.011427 0.011216
0.011675 0.012826
0.013704 0.013357
0.016467 0.015642
0.014942 0.016879
0.013906 0.016095
0.015447 0.015998
0.012732 0.015379
0.014505 0.015672
0.014565 0.016202
0.011477 0.013769
0.012310 0.015010
0.013666 0.015618
0.011878 0.013578
0.014113 0.015349
0.014898 0.017259
0.012048 0.013427
0.011727 0.013371
0.012693 0.014171
0.011746 0.013254
0.013046 0.015220
0.012035 0.013543
0.013947 0.015621
0.011996 0.013604
0.013096 0.014905
0.013985 0.015580
0.011672 0.012396
0.011614 0.012861
0.011717 0.014093
0.011811 0.012811
0.039803 0.025323
0.023224 0.018937
0.017260 0.015375
0.014431 0.015549
0.024350 0.021889
0.014687 0.016237
0.014571 0.015693
0.025119 0.026438
0.014881 0.018861
0.013147 0.016238
0.013184 0.014701
0.022461 0.024113
0.014845 0.018136
0.013029 0.015772
0.013141 0.015422
0.022190 0.023450
0.014999 0.018489
0.013297 0.015154
0.013399 0.015878
0.022860 0.023893
0.015118 0.018152
0.013423 0.015542
0.013488 0.015523
0.022202 0.023234
0.016122 0.017981
0.014368 0.016024
0.014314 0.015251
0.019161 0.019987
0.016428 0.017893
0.014353 0.015086
0.014386 0.015757
0.028223 0.023241
0.015972 0.014747
0.016022 0.014398
0.013254 0.011337
0.012383 0.011383
0.012262 0.011172
0.015804 0.017758
0.012372 0.010382
0.015766 0.017708
0.012297 0.010160
0.016244 0.018953
0.012209 0.009802
0.015117 0.016980
0.011995 0.009995
0.019666 0.020811
0.012865 0.013815
0.011950 0.011570
0.011949 0.011155
0.017676 0.018808
0.011884 0.010070
0.016748 0.017785
0.011818 0.009742
0.016397 0.017222
0.011860 0.011162
0.017691 0.018865
0.011864 0.011022
0.018690 0.019369
0.012700 0.013208
0.011752 0.011609
0.011702 0.011430
0.014947 0.014936
0.012600 0.013811
0.011605 0.011601
0.011660 0.011732
0.015565 0.011932
0.013266 0.011933
0.011737 0.011279
0.012638 0.010726
0.015023 0.014325
0.012405 0.012389
0.012645 0.013234
0.015238 0.014946
0.013357 0.014748
0.012166 0.012120
0.012117 0.012146
0.015112 0.015161
0.012966 0.013921
0.011955 0.011586
0.011746 0.011117
0.015225 0.014904
0.011828 0.010981
0.014813 0.014529
0.013528 0.014194
0.012011 0.011295
0.012466 0.012541
0.015047 0.014682
0.013664 0.015171
0.012278 0.012361
0.011941 0.011792
0.015999 0.012514
0.015360 0.014969
0.012231 0.010559
0.012606 0.013303
0.015438 0.014143
0.014127 0.015794
0.012812 0.013701
0.012746 0.013776
0.014337 0.014423
0.012199 0.012785
0.013337 0.012419
0.018047 0.014495
0.015594 0.014743
0.013571 0.014797
0.012477 0.012569
0.012411 0.013327
0.015062 0.015684
0.013372 0.014703
0.012096 0.012327
0.012261 0.012223
0.015399 0.014784
0.013487 0.015089
0.012956 0.013745
0.012564 0.013249
0.014891 0.014755
0.015328 0.017439
0.012716 0.013346
0.012719 0.014131
0.015220 0.015618
0.012732 0.013683
0.014283 0.014398
0.012311 0.011950
0.014739 0.015272
0.013768 0.015034
0.012521 0.012802
0.012570 0.012888
0.017159 0.013547
0.014138 0.014364
0.012779 0.013555
0.012676 0.013113
0.015500 0.014853
0.016427 0.015388
0.013892 0.014694
0.014058 0.016015
0.015523 0.014697
0.015066 0.016902
0.013426 0.014207
0.013441 0.014581
0.014910 0.013508
0.014706 0.016128
0.013178 0.013739
0.013575 0.014723
0.015000 0.013573
0.013261 0.013666
0.014508 0.012958
0.014176 0.015012
0.012948 0.013390
0.012904 0.013075
0.014818 0.013542
0.013413 0.014181
0.014956 0.012525
0.016108 0.016440
0.013985 0.013897
0.013869 0.014739
0.014495 0.012715
0.015189 0.015520
0.013216 0.012253
0.013436 0.013624
0.015023 0.015389
0.014909 0.015232
0.013062 0.012459
0.012675 0.012488
0.013251 0.014313
0.012849 0.012840
0.014201 0.014351
0.014429 0.014780
0.013450 0.013336
0.013830 0.014637
0.014437 0.015407
0.014709 0.015306
0.013809 0.014066
0.013351 0.013524
0.014303 0.015733
0.014741 0.015837
0.013112 0.012379
0.013041 0.013381
0.013815 0.014703
0.014064 0.014948
0.013209 0.013169
0.030774 0.023994
0.013200 0.013373
0.012023 0.011259
0.013742 0.014691
0.012127 0.011374
0.013776 0.014664
0.012192 0.011603
0.014963 0.015020
0.012632 0.010956
0.014975 0.015754
0.012668 0.011784
0.015109 0.015848
0.012606 0.011138
0.014782 0.014788
0.012535 0.011452
0.014762 0.014552
0.012431 0.011573
0.015851 0.016469
0.013247 0.013588
0.012148 0.011923
0.012436 0.011908
0.015135 0.016244
0.013207 0.013935
0.012053 0.012201
0.012402 0.012385
0.013104 0.011509
0.012462 0.012162
0.017049 0.017072
0.014250 0.014244
0.013171 0.012947
0.012091 0.011631
0.012312 0.011942
0.014026 0.015197
0.012899 0.013313
0.012111 0.011639
0.012049 0.011098
0.013161 0.014259
0.012776 0.012431
0.011992 0.010565
0.011943 0.010490
0.013689 0.014702
0.012579 0.013108
0.011898 0.010475
0.011930 0.011248
0.012814 0.012200
0.012741 0.012970
0.011824 0.011228
0.011858 0.010807
0.017168 0.016292
0.013753 0.012281
0.012117 0.010937
0.011527 0.009281
0.011491 0.009345
0.013709 0.013873
0.011951 0.011375
0.011384 0.009294
0.011364 0.009491
0.013500 0.013421
0.011799 0.011741
0.011140 0.009204
0.011168 0.009183
0.013638 0.014096
0.011798 0.012320
0.011044 0.009527
0.011080 0.010554
0.013117 0.012776
0.011552 0.011305
0.010890 0.009603
0.010915 0.009753
0.012778 0.012640
0.011559 0.012336
0.010868 0.009506
0.010912 0.009921
0.016730 0.012819
0.011395 0.009849
0.010810 0.009410
0.013903 0.013454
0.016154 0.015194
0.012933 0.013997
0.012842 0.014546
0.016558 0.015922
0.014343 0.016556
0.012399 0.013994
0.012328 0.013689
0.017500 0.017150
0.014546 0.017263
0.012405 0.014221
0.012126 0.013995
0.016860 0.016733
0.017288 0.018840
0.013258 0.015944
0.014185 0.016404
0.013342 0.014477
0.012717 0.013643
0.013664 0.012800
0.015580 0.011641
0.011216 0.008483
0.012103 0.010445
0.014829 0.014052
0.012473 0.013298
0.011766 0.011432
0.011727 0.011042
0.013129 0.013375
0.013584 0.014555
0.011850 0.011874
0.012364 0.013032
0.013027 0.012049
0.013144 0.014449
0.012154 0.012700
0.012290 0.013151
0.013286 0.010923
0.012800 0.013026
0.012387 0.013338
0.012430 0.010920
0.012445 0.012812
0.014635 0.011776
0.015022 0.013525
0.013379 0.014269
0.015069 0.013342
0.013414 0.014017
0.014700 0.013683
0.012916 0.013161
0.014736 0.013885
0.012732 0.012763
0.014727 0.013842
0.013958 0.015169
0.012345 0.013362
0.012844 0.013409
0.014370 0.011068
0.012198 0.010600
0.012624 0.012749
0.011768 0.010872
0.012880 0.010587
0.011876 0.010657
0.013847 0.011027
0.013320 0.013130
0.011672 0.011391
0.011978 0.011225
0.013186 0.012605
0.011873 0.011080
0.013162 0.012356
0.012338 0.010474
0.010919 0.009595
0.012089 0.010328
0.011560 0.010203
0.011741 0.010060
0.011643 0.010680
0.010678 0.009460
0.010797 0.009663
0.007282 0.005876
0.010088 0.004669
0.010065 0.004631
0.010044 0.004636
0.010034 0.006425
0.010005 0.006381
0.007323 0.006602
0.009939 0.005547
0.009342 0.009160
0.010728 0.008797
0.011364 0.010855
0.011224 0.010056
0.013554 0.013102
0.012414 0.012332
0.021699 0.015143
0.016746 0.016472
0.012061 0.013262
0.010625 0.012640
0.014361 0.015329
0.011615 0.012229
0.009511 0.009936
0.010025 0.011295
0.013136 0.016086
0.011511 0.013400
0.010109 0.011367
0.010231 0.011226
0.013830 0.015675
0.011854 0.013509
0.010269 0.011293
0.010342 0.011331
0.011385 0.013525
0.010241 0.010591
0.011068 0.012445
0.012331 0.013255
0.010228 0.010939
0.010406 0.011530
0.019444 0.014804
0.012228 0.013713
0.011900 0.011847
0.010434 0.009972
0.010363 0.009718
0.012077 0.014709
0.011855 0.012116
0.010615 0.009635
0.010632 0.009574
0.012087 0.014880
0.011810 0.012298
0.010481 0.009659
0.010532 0.009774
0.012779 0.015160
0.012019 0.012420
0.010551 0.009952
0.010386 0.009994
0.013962 0.015851
0.011258 0.012169
0.010332 0.009959
0.010207 0.009625
0.012785 0.014372
0.011118 0.011426
0.010188 0.009043
0.010363 0.010224
0.013619 0.015030
0.011452 0.012461
0.010399 0.010045
0.010286 0.009757
0.013003 0.013897
0.010256 0.009548
0.013321 0.014470
0.011388 0.011913
0.010309 0.009835
0.010268 0.009592
0.012036 0.009541
0.011910 0.011469
0.010268 0.009662
0.010219 0.008637
0.011688 0.009575
0.011858 0.009922
0.016468 0.013130
0.014646 0.014604
0.012066 0.012159
0.011565 0.012808
0.015417 0.015343
0.011563 0.013000
0.015643 0.015391
0.013309 0.014981
0.011848 0.014012
0.011679 0.013567
0.013871 0.013962
0.011598 0.012809
0.013619 0.013872
0.011530 0.013021
0.011938 0.009647
0.013982 0.013899
0.011280 0.012758
0.011648 0.011151
0.011643 0.009539
0.011852 0.010139
0.015160 0.012353
0.011482 0.010316
0.013552 0.013924
0.011630 0.013276
0.010479 0.011181
0.010595 0.011711
0.012672 0.014606
0.012030 0.013785
0.010647 0.011778
0.010675 0.011598
0.012279 0.014003
0.011969 0.013139
0.010883 0.012070
0.010589 0.011055
0.011416 0.013389
0.010909 0.011804
0.010959 0.009564
0.011211 0.010433
0.011766 0.009576
0.015769 0.013172
0.013637 0.014449
0.011911 0.013530
0.011374 0.013015
0.011469 0.012592
0.013617 0.015084
0.012292 0.014192
0.011475 0.012271
0.011501 0.013140
0.011925 0.013831
0.011571 0.012566
0.018079 0.013194
0.012769 0.013587
0.011720 0.012982
0.011853 0.012770
0.010518 0.011811
0.017715 0.014606
0.011174 0.012160
0.011159 0.011495
0.012407 0.012238
0.011298 0.011391
0.012025 0.011545
0.011275 0.010436
0.012875 0.013509
0.011990 0.013726
0.011408 0.012381
0.011493 0.012509
0.012575 0.012753
0.011508 0.011992
0.012357 0.011822
0.011495 0.012046
0.013250 0.012084
0.012564 0.012032
0.012833 0.011092
0.012767 0.014111
0.011920 0.012871
0.012519 0.013910
0.012471 0.011021
0.012042 0.010044
0.012888 0.013658
0.012141 0.010079
0.012627 0.013527
0.012234 0.010245
0.012545 0.013565
0.012759 0.010827
0.012486 0.011550
0.012658 0.011829
0.011565 0.010871
0.012497 0.013610
0.012864 0.012764
0.011838 0.012295
0.012873 0.013471
0.011635 0.011470
0.011212 0.012531
0.011103 0.011111
0.012833 0.011289
0.012445 0.011129
0.011277 0.011780
0.011287 0.009657
0.011757 0.012093
0.011470 0.011003
0.012090 0.012386
0.011982 0.012570
0.011479 0.011239
0.011481 0.011070
0.012194 0.012097
0.011716 0.012208
0.011309 0.010730
0.011225 0.010709
0.018229 0.018778
0.014394 0.016292
0.012446 0.015007
0.011702 0.013135
0.011405 0.012678
0.012879 0.014184
0.011255 0.011620
0.013583 0.016166
0.012104 0.013970
0.011503 0.012164
0.011149 0.012060
0.013000 0.015162
0.012450 0.015075
0.011655 0.011921
0.011316 0.012188
0.013852 0.016502
0.012604 0.015263
0.011715 0.012128
0.011388 0.012211
0.013873 0.015816
0.012735 0.014421
0.011836 0.011968
0.011437 0.012008
0.012651 0.013797
0.011623 0.012436
0.013557 0.015475
0.012407 0.013870
0.012051 0.012372
0.011980 0.012604
0.013363 0.011146
0.013619 0.014287
0.012012 0.012823
0.012534 0.012043
0.013168 0.012695
0.012731 0.013605
0.012257 0.012273
0.011967 0.012523
0.013169 0.013456
0.012637 0.013989
0.012213 0.012777
0.011877 0.012263
0.012647 0.012828
0.011882 0.011853
0.013297 0.013918
0.012523 0.013691
0.012142 0.011682
0.011892 0.012334
0.013038 0.013993
0.012462 0.013548
0.012133 0.012616
0.011762 0.011512
0.013154 0.014307
0.012596 0.014203
0.012121 0.012073
0.011892 0.012122
0.012605 0.013175
0.011959 0.012163
0.013182 0.013639
0.012717 0.013367
0.012355 0.012639
0.012009 0.011128
0.012789 0.012978
0.012822 0.014000
0.012138 0.010988
0.012032 0.012359
0.032087 0.028295
0.013369 0.013093
0.011734 0.009747
0.011346 0.010893
0.011537 0.011031
0.013842 0.015251
0.011785 0.011185
0.011563 0.010867
0.011523 0.010295
0.013258 0.014277
0.011702 0.010997
0.011485 0.011116
0.011500 0.010083
0.013085 0.013991
0.011693 0.010843
0.011450 0.011366
0.011449 0.009149
0.012254 0.011029
0.011613 0.010846
0.011390 0.010357
0.011431 0.010309
0.011531 0.008673
0.011926 0.011547
0.011360 0.010679
0.011400 0.010792
0.013156 0.014213
0.013510 0.013213
0.012226 0.012535
0.011510 0.011397
0.011656 0.011594
0.013455 0.014021
0.012384 0.013605
0.011695 0.012130
0.011706 0.011942
0.014255 0.014231
0.012435 0.013654
0.011516 0.011712
0.011540 0.011680
0.014054 0.014763
0.012432 0.013544
0.011530 0.011657
0.011367 0.010976
0.014132 0.014941
0.012503 0.013852
0.011577 0.011569
0.011548 0.011835
0.013211 0.013159
0.011443 0.010866
0.013185 0.012701
0.011393 0.011225
0.013182 0.012689
0.011471 0.011525
0.012713 0.011253
0.011485 0.011481
0.019854 0.020607
0.014512 0.014034
0.011946 0.012806
0.017512 0.017996
0.014549 0.017120
0.012182 0.012884
0.012288 0.013950
0.015283 0.016445
0.012139 0.013255
0.015399 0.016480
0.011964 0.012180
0.014515 0.014526
0.011954 0.012215
0.015213 0.016005
0.011984 0.012322
0.014208 0.014264
0.013307 0.014791
0.011923 0.012495
0.014714 0.015504
0.015576 0.014418
0.013387 0.014265
0.012182 0.012747
0.012334 0.012838
0.014660 0.013861
0.012457 0.012907
0.015869 0.014427
0.013664 0.014786
0.012514 0.013328
0.012477 0.013452
0.015624 0.014877
0.013644 0.014911
0.012296 0.012899
0.012552 0.013087
0.013959 0.014210
0.012588 0.013107
0.013824 0.013790
0.014043 0.014564
0.012626 0.012722
0.012641 0.012963
0.015234 0.012018
0.014433 0.013752
0.013393 0.012615
0.013920 0.013014
0.013575 0.013323
0.014417 0.013815
0.013409 0.013245
0.014341 0.013828
0.014534 0.015464
0.013405 0.013660
0.012698 0.012931
0.013658 0.013365
0.012732 0.013258
0.015959 0.013867
0.014447 0.014122
0.013060 0.013007
0.014734 0.014162
0.016738 0.016833
0.013998 0.015765
0.014124 0.016054
0.016373 0.016652
0.014711 0.016652
0.013400 0.014803
0.013209 0.014604
0.015339 0.016358
0.014462 0.016449
0.013111 0.014263
0.013095 0.013956
0.016852 0.014371
0.014484 0.014327
0.013083 0.014061
0.015275 0.015082
0.014939 0.016580
0.013912 0.014988
0.013440 0.014720
0.014593 0.015237
0.013314 0.014416
0.015004 0.015273
0.014545 0.016013
0.013626 0.014007
0.013488 0.014107
0.014998 0.015511
0.014459 0.016125
0.013551 0.013547
0.013382 0.014052
0.014965 0.015300
0.014769 0.016517
0.013773 0.014053
0.013470 0.014389
0.014587 0.015254
0.013937 0.014477
0.015462 0.015910
0.015113 0.016324
0.013790 0.014399
0.013515 0.013778
0.014601 0.015660
0.013815 0.014329
0.015392 0.015526
0.015456 0.015868
0.013784 0.013984
0.014278 0.014872
0.016265 0.016255
0.015605 0.016281
0.014267 0.014462
0.013780 0.014115
0.015295 0.016618
0.015238 0.015978
0.013530 0.013489
0.013450 0.013238
0.012654 0.013621
0.037072 0.032673
0.019540 0.020386
0.014700 0.015543
0.012974 0.013563
0.012833 0.013165
0.019073 0.021041
0.014787 0.016669
0.013186 0.013558
0.012895 0.013337
0.017901 0.020598
0.014146 0.015979
0.013381 0.013203
0.012927 0.013427
0.017996 0.021216
0.014163 0.015713
0.013358 0.012995
0.012940 0.013362
0.017577 0.019295
0.014361 0.015932
0.013358 0.012952
0.013126 0.013831
0.017187 0.018656
0.014598 0.016457
0.013600 0.013593
0.013092 0.013248
0.014733 0.014476
0.014637 0.016313
0.013501 0.013078
0.019101 0.015347
0.016305 0.016166
0.015143 0.015704
0.014143 0.014218
0.013645 0.013963
0.016181 0.016387
0.014764 0.015890
0.013759 0.013651
0.013415 0.013449
0.015457 0.015794
0.013326 0.013132
0.015874 0.017079
0.014565 0.015161
0.013634 0.013032
0.013185 0.012809
0.015997 0.017189
0.014015 0.014384
0.013520 0.013228
0.013090 0.012065
0.015803 0.016583
0.014052 0.014588
0.013369 0.012678
0.013090 0.012427
0.016364 0.017759
0.013892 0.013874
0.013306 0.012878
0.012963 0.012081
0.015803 0.016891
0.013624 0.013614
0.013119 0.011975
0.012865 0.011928
0.015842 0.016453
0.013789 0.013549
0.013033 0.011709
0.013061 0.012133
0.015653 0.016555
0.013858 0.014113
0.012951 0.011890
0.013008 0.012224
0.015458 0.016011
0.013587 0.013303
0.012921 0.011925
0.012873 0.011953
0.014861 0.014455
0.012822 0.011482
0.015270 0.015586
0.013790 0.014222
0.012855 0.012047
0.012885 0.011893
0.013999 0.009790
0.013969 0.012645
0.012875 0.012202
0.013006 0.010144
0.013745 0.010000
0.013581 0.009853
0.013525 0.009367
0.014568 0.010648
0.014392 0.012365
0.014720 0.012847
0.013714 0.013384
0.015101 0.013189
0.013668 0.013324
0.013482 0.013933
0.014102 0.012189
0.014139 0.014802
0.013584 0.013832
0.012858 0.012790
0.013357 0.012266
0.013206 0.012049
0.013199 0.012777
0.013435 0.012433
0.013592 0.013163
0.013767 0.013090
0.011249 0.008789
0.013992 0.011318
0.010737 0.008906
0.010896 0.009349
0.020122 0.014959
0.016226 0.015612
0.017076 0.015670
0.013523 0.013069
0.014459 0.014833
0.016950 0.017265
0.013732 0.014519
0.014974 0.016270
0.014686 0.015182
0.013505 0.014238
0.013687 0.014168
0.013544 0.013874
0.011196 0.009091
0.014513 0.012666
0.013503 0.013839
0.010852 0.009331
0.013534 0.010605
0.014228 0.011340
0.013373 0.011088
0.013636 0.011776
0.013467 0.012622
0.013723 0.011895
0.014225 0.012276
0.013131 0.012551
0.012714 0.010899
0.014730 0.013258
0.014072 0.013526
0.012436 0.010789
0.013469 0.012261
0.012388 0.010665
0.013904 0.012027
0.013166 0.012277
0.011729 0.011707
0.012262 0.012125
0.013561 0.012882
0.013582 0.011387
0.011022 0.011361
0.012019 0.010279
0.011381 0.011911
0.012158 0.010962
0.012007 0.012870
0.012161 0.010614
0.012452 0.013761
0.013371 0.012939
0.011950 0.011173
0.011589 0.010407
0.011111 0.012464
0.012398 0.012307
0.011469 0.010300
0.011508 0.010626
0.016462 0.013852
0.014507 0.013252
0.013318 0.012246
0.012697 0.012515
0.014336 0.016100
0.012479 0.012835
0.012692 0.013812
0.014142 0.016853
0.013664 0.015363
0.012184 0.012443
0.012140 0.012374
0.012371 0.014382
0.013396 0.015120
0.012280 0.013058
0.024259 0.018469
0.012370 0.012639
0.011612 0.011045
0.013117 0.014341
0.012742 0.012588
0.011670 0.010676
0.011740 0.011281
0.013192 0.013820
0.012739 0.013020
0.011621 0.010913
0.011955 0.010960
0.013718 0.010631
0.012700 0.010981
0.011594 0.011267
0.012070 0.009133
0.013475 0.012667
0.012208 0.012761
0.011685 0.011091
0.012277 0.012808
0.011731 0.011165
0.012873 0.012728
0.011574 0.010904
0.012691 0.012424
0.011440 0.010240
0.011901 0.009777
0.015416 0.013371
0.014049 0.014324
0.012795 0.014709
0.011680 0.011736
0.011884 0.012534
0.014223 0.014832
0.012732 0.014758
0.011815 0.012349
0.011676 0.012127
0.014196 0.011508
0.013262 0.013998
0.011713 0.011853
0.011883 0.010281
0.014206 0.013831
0.012158 0.012539
0.011358 0.010112
0.011413 0.010335
0.013644 0.014341
0.012181 0.012257
0.011228 0.009250
0.011287 0.009608
0.013417 0.010260
0.011874 0.010549
0.011249 0.009778
0.011721 0.009078
0.013207 0.012520
0.011234 0.009880
0.011421 0.010549
0.013323 0.013896
0.011591 0.011185
0.010913 0.009127
0.010759 0.008936
0.012718 0.013186
0.011379 0.011307
0.010685 0.008821
0.010724 0.008666
0.013030 0.013367
0.011397 0.011462
0.010555 0.009089
0.010475 0.008401
0.012717 0.012844
0.011090 0.010787
0.010321 0.008557
0.010309 0.008716
0.012468 0.012526
0.010931 0.010689
0.010205 0.008685
0.010207 0.008548
0.011008 0.010266
0.010842 0.010675
0.010068 0.008397
0.010116 0.008606
0.022773 0.019556
0.012957 0.013546
0.011177 0.012392
0.010015 0.010166
0.009995 0.009985
0.012571 0.013955
0.010872 0.012340
0.009729 0.009486
0.010123 0.009544
0.012382 0.014585
0.010910 0.012424
0.010205 0.009709
0.010232 0.009968
0.012384 0.014195
0.010937 0.011888
0.010174 0.009559
0.010180 0.009544
0.012320 0.013977
0.010990 0.011898
0.010182 0.009137
0.010234 0.009451
0.012295 0.013892
0.010997 0.012046
0.010226 0.009388
0.010251 0.009842
0.012376 0.013770
0.010953 0.011960
0.010215 0.009490
0.009869 0.009608
0.012178 0.013244
0.010895 0.012493
0.009933 0.009760
0.009967 0.010106
0.010944 0.010695
0.010784 0.011875
0.009899 0.009871
0.009324 0.005754
0.009292 0.003963
0.009281 0.003982
0.009285 0.004072
0.009279 0.005190
0.010466 0.007014
0.009850 0.005988
0.011314 0.008103
0.013109 0.010628
0.014157 0.011707
0.009760 0.008658
0.016028 0.014814
0.009647 0.011358
0.015724 0.015160
0.010445 0.011632
0.009499 0.009934
0.009387 0.010290
0.012930 0.015036
0.010111 0.011868
0.009550 0.010770
0.009445 0.009932
0.012646 0.014717
0.010230 0.011523
0.009373 0.009171
0.009392 0.008997
0.011687 0.013246
0.009387 0.008808
0.012214 0.014358
0.010343 0.012238
0.009515 0.009613
0.009539 0.010159
0.012153 0.013974
0.010470 0.011971
0.009626 0.010208
0.009615 0.010272
0.010955 0.011496
0.010295 0.011636
0.009559 0.009463
0.015064 0.011487
0.009486 0.007798
0.009840 0.009084
0.012699 0.013487
0.010443 0.011622
0.009659 0.009691
0.009678 0.009743
0.012023 0.013427
0.010402 0.011247
0.009665 0.009195
0.009641 0.009753
0.012310 0.014321
0.010403 0.011395
0.009685 0.009459
0.009635 0.009434
0.012200 0.013794
0.010347 0.011433
0.009690 0.009428
0.009633 0.009094
0.011954 0.013252
0.010389 0.010895
0.009650 0.008662
0.009663 0.009014
0.012283 0.013838
0.010541 0.011692
0.009730 0.009471
0.009750 0.009826
0.012846 0.014286
0.010574 0.011982
0.009774 0.009968
0.009806 0.010377
0.011980 0.012926
0.010481 0.010943
0.009743 0.009006
0.009827 0.009853
0.011866 0.012495
0.009863 0.010087
0.012893 0.013772
0.010729 0.011864
0.009886 0.009917
0.009858 0.009498
0.012613 0.013858
0.010428 0.010762
0.009841 0.009018
0.009721 0.008716
0.012341 0.013664
0.010711 0.011772
0.009826 0.009080
0.009789 0.009009
0.012705 0.014155
0.010970 0.012451
0.009911 0.009491
0.009890 0.010401
0.013167 0.014007
0.010774 0.012027
0.009894 0.010067
0.009826 0.009781
0.014786 0.014977
0.011131 0.012449
0.009897 0.009865
0.010062 0.010261
0.012762 0.012530
0.010382 0.010366
0.009857 0.010083
0.009691 0.008831
0.012470 0.013634
0.010597 0.011580
0.009778 0.009064
0.009781 0.009516
0.010580 0.007125
0.010429 0.009442
0.009693 0.009254
0.009573 0.008102
0.013272 0.009283
0.013322 0.009344
0.012439 0.008594
0.012202 0.008547
0.011068 0.007759
0.010625 0.007453
0.009274 0.006894
0.009582 0.007764
0.009466 0.007655
0.009141 0.006258
0.009951 0.007279
0.009193 0.006752
0.008960 0.006806
0.008739 0.006689
0.008786 0.006635
0.008736 0.006618
0.009441 0.007444
0.008738 0.006667
0.008504 0.006761
0.008308 0.006782
0.008240 0.006636
0.008155 0.006538
0.007094 0.007053
0.008198 0.006553
0.007983 0.005682
0.007882 0.006101
0.006433 0.006724
0.007930 0.007168
0.007878 0.006605
0.007739 0.006570
0.007799 0.006107
0.023467 0.015141
0.019401 0.015918
0.012653 0.013135
0.011226 0.012364
0.014526 0.014122
0.016086 0.015465
0.015212 0.014673
0.015065 0.016842
0.009719 0.011763
0.014024 0.015143
0.013562 0.014207
0.013915 0.014806
0.014105 0.014740
0.014470 0.015110
0.014780 0.015184
0.014939 0.015384
0.014675 0.015014
0.015090 0.015533
0.014921 0.015536
0.015487 0.015767
0.015520 0.015762
0.015495 0.015880
0.015370 0.015606
0.015371 0.015575
0.015597 0.015749
0.015490 0.015765
0.015710 0.015727
0.015478 0.015588
0.015523 0.015583
0.015148 0.015365
0.014508 0.014995
0.007815 0.006755
0.013568 0.013974
0.010293 0.012360
0.008258 0.006904
0.007701 0.004652
0.007656 0.005216
0.007637 0.004264
0.008729 0.006585
0.009827 0.008174
0.010252 0.008709
0.013040 0.010987
0.010765 0.011248
0.016470 0.014698
0.016595 0.015584
0.010218 0.011612
0.014193 0.015176
0.011301 0.013804
0.009238 0.011733
0.009089 0.011630
0.013700 0.015532
0.010939 0.013537
0.009091 0.011411
0.008954 0.010995
0.013509 0.015483
0.010999 0.013718
0.009041 0.010758
0.009076 0.011116
0.013416 0.014961
0.011124 0.013830
0.009271 0.011108
0.009346 0.011632
0.015461 0.011690
0.011902 0.012342
0.009429 0.011182
0.009780 0.009845
0.017120 0.014147
0.014598 0.015771
0.011318 0.012926
0.011566 0.013794
0.013652 0.014736
0.025081 0.017665
0.016745 0.015180
0.011398 0.013600
0.018399 0.016981
0.016580 0.016852
0.012005 0.013143
0.012732 0.014137
0.017028 0.017113
0.012781 0.015821
0.011575 0.014103
0.019775 0.017374
0.012944 0.014161
0.013696 0.015202
0.019798 0.017852
0.014269 0.015206
0.011628 0.012978
0.010628 0.012118
0.015434 0.016670
0.012466 0.015081
0.010666 0.011349
0.010201 0.011452
0.011699 0.013337
0.010326 0.011603
0.030433 0.021008
0.014405 0.014015
0.011963 0.012479
0.010030 0.010132
0.010410 0.010157
0.014414 0.015488
0.011851 0.013161
0.010155 0.009983
0.010342 0.010505
0.013093 0.014572
0.011843 0.012760
0.010330 0.010211
0.010300 0.010325
0.012479 0.014448
0.011673 0.012237
0.010302 0.010264
0.010344 0.010173
0.011018 0.012206
0.010331 0.010538
0.007218 0.005660
0.009180 0.004016
0.011940 0.010294
0.012308 0.010726
0.009183 0.005223
0.008979 0.006950
0.009236 0.003862
0.011307 0.009480
0.014674 0.011924
0.014799 0.013334
0.028520 0.019738
0.010933 0.010614
0.011810 0.010064
0.018196 0.017624
0.011015 0.009869
0.009798 0.008679
0.009332 0.008006
0.013310 0.014145
0.010302 0.009298
0.009593 0.007196
0.009663 0.007761
0.012835 0.014627
0.010416 0.010426
0.009492 0.007343
0.009523 0.007734
0.011984 0.013390
0.010241 0.010724
0.009378 0.007836
0.009379 0.007451
0.016690 0.013469
0.010380 0.009608
0.009284 0.007541
0.009444 0.007700
0.014183 0.012894
0.013455 0.013879
0.011166 0.011461
0.011371 0.011998
0.012797 0.012918
0.011160 0.011902
0.012219 0.012433
0.010381 0.010979
0.013332 0.013056
0.011834 0.013015
0.010533 0.011102
0.010963 0.011742
0.013347 0.013729
0.012534 0.013972
0.010761 0.011796
0.011246 0.012418
0.013240 0.013618
0.011628 0.013075
0.010696 0.011659
0.010405 0.011388
0.014409 0.014554
0.012055 0.014077
0.010479 0.011444
0.010922 0.012359
0.011716 0.012280
0.008882 0.005959
0.008830 0.003998
0.008828 0.003958
0.008858 0.003920
0.008885 0.005113
0.009631 0.006471
0.009139 0.005295
0.008820 0.004627
0.008995 0.006481
0.010053 0.007563
0.009164 0.007949
0.011192 0.009422
0.009617 0.009691
0.014216 0.013115
0.011091 0.012465
0.009231 0.009564
0.008539 0.009224
0.013837 0.014365
0.010139 0.011590
0.008655 0.009678
0.008538 0.009512
0.012345 0.014140
0.010115 0.011745
0.008535 0.009184
0.008456 0.008914
0.014840 0.012213
0.010031 0.010564
0.008549 0.009122
0.012501 0.012129
0.014986 0.014316
0.011908 0.013160
0.012050 0.014198
0.014472 0.015502
0.012500 0.015079
0.010623 0.012965
0.010507 0.013356
0.014894 0.012027
0.010565 0.011359
0.012833 0.012645
0.012187 0.014630
0.009543 0.011046
0.009582 0.010787
0.014152 0.013222
0.012264 0.015291
0.009969 0.011711
0.009865 0.011310
0.015889 0.015281
0.011143 0.013497
0.010380 0.012246
0.009611 0.010996
0.013446 0.014280
0.010410 0.012011
0.009498 0.010373
0.009402 0.010257
0.012443 0.013988
0.010332 0.011911
0.009301 0.009644
0.009273 0.009304
0.016630 0.012349
0.010198 0.010292
0.009470 0.010463
0.009695 0.010799
0.010179 0.008077
0.013617 0.013209
0.010140 0.010193
0.009965 0.009966
0.010042 0.009786
0.009908 0.009067
0.012556 0.014084
0.010355 0.010999
0.010189 0.010086
0.010066 0.009707
0.010071 0.009907
0.012354 0.013528
0.011358 0.012443
0.010030 0.010148
0.010020 0.010357
0.009956 0.010590
0.009979 0.010436
0.012933 0.009756
0.011277 0.010629
0.010107 0.009851
0.010278 0.008331
0.012719 0.010537
0.011707 0.011335
0.012283 0.010999
0.012385 0.011273
0.012662 0.011748
0.011621 0.012444
0.012460 0.011461
0.011394 0.012679
0.013392 0.010851
0.012427 0.011626
0.011402 0.013046
0.012340 0.011022
0.011508 0.013186
0.012277 0.010906
0.011139 0.012597
0.012235 0.010819
0.010971 0.012592
0.012585 0.011793
0.010915 0.012221
0.010905 0.010765
0.050619 0.032797
0.013632 0.012953
0.019676 0.017751
0.014638 0.013982
0.011989 0.013942
0.020548 0.020624
0.011659 0.014213
0.018731 0.023173
0.013453 0.018538
0.011320 0.014117
0.011477 0.014746
0.017868 0.021796
0.011667 0.014459
0.014186 0.012119
0.014937 0.017313
0.012169 0.016074
0.012159 0.015386
0.012159 0.011815
0.013406 0.013783
0.011276 0.011627
0.011427 0.013174
0.013253 0.013525
0.011086 0.012134
0.014431 0.014463
0.012726 0.014828
0.011231 0.012103
0.011264 0.012127
0.014486 0.014888
0.012778 0.015067
0.011440 0.012415
0.011223 0.012103
0.014251 0.014746
0.012298 0.014048
0.011168 0.011608
0.011421 0.012599
0.013533 0.013827
0.011522 0.012237
0.014411 0.014570
0.012502 0.013917
0.011443 0.011639
0.011522 0.012260
0.015160 0.015246
0.012951 0.014302
0.011716 0.012731
0.012004 0.012899
0.012516 0.012106
0.022366 0.019516
0.013597 0.013397
0.011787 0.011787
0.011145 0.011224
0.011198 0.011115
0.013964 0.015322
0.011892 0.013055
0.011260 0.011207
0.011210 0.011044
0.013396 0.014240
0.011109 0.010375
0.013839 0.014830
0.011751 0.012781
0.011226 0.010937
0.011181 0.010757
0.013505 0.014836
0.011684 0.012359
0.011147 0.010634
0.011139 0.010650
0.012580 0.012795
0.011625 0.011853
0.011104 0.010096
0.011062 0.010114
0.012534 0.009081
0.011413 0.009191
0.011026 0.009233
0.011991 0.010103
0.012598 0.009856
0.011404 0.010503
0.012594 0.010347
0.011271 0.010632
0.012725 0.010097
0.011404 0.010363
0.011199 0.011062
0.012348 0.011166
0.011254 0.011407
0.012413 0.011455
0.011087 0.011055
0.012651 0.011927
0.010977 0.011066
0.012807 0.012466
0.011987 0.012727
0.011080 0.010998
0.010880 0.010626
0.012775 0.012983
0.011481 0.012460
0.010781 0.010808
0.010831 0.011204
0.012444 0.012190
0.011682 0.012674
0.010779 0.010954
0.010809 0.010935
0.012431 0.011857
0.011798 0.012343
0.010877 0.010913
0.011113 0.011181
0.020089 0.017636
0.012651 0.012338
0.011345 0.011422
0.010697 0.010277
0.010661 0.010252
0.012745 0.013905
0.011271 0.012311
0.010741 0.010317
0.010762 0.010401
0.012903 0.014078
0.011278 0.012262
0.010733 0.010700
0.010767 0.010629
0.012895 0.014265
0.011278 0.011803
0.010738 0.010019
0.010718 0.010086
0.012587 0.013796
0.011214 0.011446
0.010736 0.009631
0.010744 0.009567
0.012279 0.012889
0.011157 0.011272
0.010701 0.009291
0.010661 0.009285
0.011506 0.011131
0.011122 0.011416
0.010591 0.008784
0.010239 0.005757
0.010193 0.004120
0.010140 0.004038
0.012348 0.009317
0.010167 0.004584
0.010107 0.005134
0.010692 0.007494
0.015234 0.014046
0.010614 0.008364
0.016537 0.016735
0.010021 0.008426
0.018218 0.019248
0.009504 0.008487
0.017595 0.019622
0.010268 0.010458
0.009922 0.010491
0.009567 0.009389
0.014343 0.017396
0.010011 0.011074
0.009435 0.009038
0.009441 0.009603
0.014066 0.016747
0.009981 0.010947
0.009483 0.009095
0.009441 0.009412
0.013780 0.016189
0.010043 0.011186
0.009453 0.008935
0.009478 0.009428
0.013494 0.015809
0.010070 0.010761
0.009467 0.008753
0.009531 0.009543
0.012855 0.014661
0.010130 0.011079
0.009540 0.008754
0.009555 0.009113
0.011412 0.012534
0.010175 0.010895
0.009484 0.008666
0.009547 0.009057
0.010149 0.009463
0.009615 0.009297
0.025245 0.017384
0.013535 0.012279
0.011158 0.010771
0.009830 0.009135
0.009920 0.009303
0.013035 0.011922
0.010079 0.009752
0.013693 0.013779
0.011664 0.012605
0.010234 0.010041
0.010289 0.010174
0.015472 0.012695
0.012867 0.013663
0.010485 0.010677
0.010781 0.011244
0.014721 0.012946
0.012057 0.012220
0.011458 0.011983
0.010405 0.010037
0.013884 0.012965
0.011893 0.012507
0.010224 0.009972
0.010267 0.010279
0.011006 0.009830
0.017110 0.018164
0.012926 0.013181
0.010877 0.012108
0.009737 0.010436
0.009653 0.010218
0.012706 0.014596
0.010453 0.012198
0.009603 0.010320
0.009661 0.010748
0.013197 0.014884
0.010472 0.012118
0.009731 0.010758
0.009678 0.010208
0.013073 0.014565
0.010552 0.011411
0.009687 0.009196
0.009712 0.009030
0.012933 0.014715
0.010562 0.011139
0.009783 0.009069
0.009761 0.008809
0.012393 0.013369
0.010530 0.011456
0.009774 0.008968
0.009729 0.008942
0.010785 0.011043
0.010560 0.012124
0.009736 0.009437
0.031279 0.026912
0.020873 0.018545
0.014119 0.015631
0.011355 0.012151
0.011471 0.011894
0.019453 0.019598
0.013647 0.015059
0.011096 0.011774
0.011147 0.011793
0.017949 0.018497
0.013201 0.014671
0.011206 0.011693
0.011308 0.012119
0.017924 0.018578
0.013425 0.014817
0.011348 0.012175
0.011295 0.011800
0.014599 0.015506
0.011514 0.012214
0.011231 0.012153
0.011589 0.012540
0.011444 0.011078
0.012302 0.012262
0.019678 0.020702
0.015964 0.015293
0.012111 0.013600
0.010723 0.011156
0.010544 0.011360
0.015173 0.015677
0.011494 0.012619
0.010410 0.010828
0.010436 0.010991
0.014577 0.015464
0.011342 0.012548
0.010471 0.010473
0.010506 0.010720
0.013006 0.012754
0.010482 0.010946
0.012143 0.011758
0.012090 0.013217
0.010564 0.010928
0.010517 0.010426
0.015422 0.011865
0.012451 0.010683
0.011358 0.009476
0.012587 0.011868
0.011159 0.009333
0.012204 0.011812
0.010602 0.008161
0.012310 0.012820
0.011156 0.010482
0.010467 0.008061
0.010371 0.008097
0.012046 0.012369
0.010380 0.008319
0.011544 0.011336
0.010355 0.008394
0.016515 0.013598
0.014248 0.013986
0.015760 0.014549
0.013737 0.015221
0.015835 0.015425
0.014184 0.014026
0.015492 0.014725
0.012317 0.014325
0.014014 0.013876
0.015036 0.015079
0.011534 0.012412
0.015609 0.015232
0.011617 0.013386
0.014822 0.014663
0.011303 0.012598
0.015145 0.015139
0.011439 0.012595
0.014563 0.014574
0.011344 0.012992
0.015488 0.015244
0.011655 0.012450
0.015002 0.015215
0.011506 0.012544
0.016103 0.016294
0.013827 0.016066
0.011588 0.013093
0.011661 0.013132
0.022111 0.017879
0.014876 0.015301
0.011625 0.012859
0.012078 0.011135
0.020487 0.017614
0.019315 0.016365
0.015235 0.012850
0.016801 0.016211
0.013913 0.012361
0.018058 0.017417
0.014699 0.012383
0.017312 0.015683
0.014205 0.011897
0.016258 0.015324
0.017233 0.015574
0.013559 0.014540
0.014510 0.014474
0.012408 0.012687
0.013979 0.014282
0.013088 0.014659
0.012241 0.012986
0.011897 0.012899
0.017544 0.016281
0.012063 0.010827
0.014681 0.015306
0.012535 0.013021
0.014404 0.014654
0.016743 0.018252
0.014385 0.013565
0.015255 0.015486
0.013925 0.011793
0.013798 0.011743
0.012830 0.010067
0.014795 0.013485
0.014742 0.013187
0.016975 0.017114
0.015034 0.014231
0.014001 0.012826
0.015371 0.016739
0.014215 0.013837
0.014108 0.014052
0.012307 0.012561
0.015220 0.013015
0.012063 0.009771
0.012611 0.011964
0.014417 0.014769
0.011800 0.011267
0.011861 0.010870
0.014408 0.015642
0.012579 0.012842
0.011785 0.010880
0.011592 0.010422
0.013091 0.013833
0.012244 0.012078
0.011340 0.009528
0.011295 0.009787
0.014556 0.012339
0.011185 0.009112
0.011620 0.008947
0.010628 0.009467
0.012271 0.013309
0.010963 0.011142
0.010483 0.009673
0.010434 0.009198
0.012184 0.013976
0.010783 0.012080
0.010229 0.009321
0.010251 0.009935
0.012088 0.013960
0.010812 0.012261
0.010242 0.010166
0.010333 0.010295
0.011891 0.013162
0.010739 0.011719
0.010260 0.009882
0.010251 0.009220
0.011161 0.011828
0.010862 0.011947
0.010298 0.009527
0.010319 0.009464
0.015647 0.014012
0.013761 0.012993
0.013759 0.012594
0.012771 0.014192
0.013880 0.012818
0.012977 0.014871
0.013824 0.013840
0.013771 0.014301
0.012120 0.012708
0.013041 0.013627
0.011846 0.012852
0.014124 0.012403
0.012559 0.011053
0.013728 0.013929
0.012898 0.011522
0.014874 0.014815
0.015746 0.015342
0.014159 0.013092
0.015184 0.015680
0.014512 0.014690
0.012410 0.013715
0.013732 0.014762
0.012071 0.013862
0.013654 0.014691
0.012285 0.014402
0.017162 0.016465
0.015278 0.015230
0.013362 0.015441
0.014460 0.013362
0.015610 0.017886
0.013749 0.014975
0.015804 0.015021
0.012776 0.010519
0.012602 0.011110
0.011821 0.009268
0.013231 0.011547
0.012637 0.010658
0.012880 0.011748
0.012101 0.012235
0.012307 0.013246
0.011506 0.011701
0.015279 0.013166
0.012332 0.012689
0.011527 0.011731
0.010599 0.009552
0.010576 0.009865
0.011553 0.013846
0.011438 0.012097
0.010562 0.009657
0.010576 0.009675
0.011374 0.013575
0.011190 0.011798
0.010399 0.009108
0.010348 0.009871
0.012017 0.013305
0.010831 0.011533
0.010449 0.010081
0.010440 0.009775
0.012016 0.013375
0.010889 0.012290
0.010473 0.010963
0.010530 0.011068
0.011903 0.012325
0.010806 0.011363
0.010408 0.009710
0.010299 0.009536
0.011612 0.011718
0.010354 0.009193
0.009944 0.005173
0.011072 0.009809
0.010410 0.008788
0.009918 0.004017
0.010264 0.006025
0.009896 0.004190
0.009818 0.005161
0.009578 0.004017
0.010838 0.007931
0.011576 0.009338
0.011947 0.010620
0.014470 0.013623
0.010792 0.010165
0.015086 0.015973
0.011962 0.013295
0.011004 0.013524
0.009653 0.011075
0.010652 0.011958
0.019861 0.016469
0.011651 0.012399
0.010646 0.013116
0.009589 0.010891
0.020197 0.016157
0.013146 0.013745
0.011208 0.013959
0.009923 0.011361
0.009733 0.010955
0.012797 0.014082
0.011143 0.013570
0.010011 0.011171
0.010068 0.011417
0.012905 0.013514
0.011058 0.012995
0.010326 0.011451
0.010114 0.011101
0.012588 0.012792
0.011039 0.012734
0.010155 0.010873
0.010256 0.011296
0.012965 0.012905
0.011435 0.012879
0.010535 0.011104
0.010514 0.011259
0.012169 0.012477
0.010614 0.011241
0.012130 0.012012
0.010751 0.011379
0.014559 0.012672
0.010970 0.009788
0.013159 0.013262
0.011149 0.011489
0.013110 0.013332
0.011058 0.011524
0.012881 0.013679
0.010895 0.010880
0.012801 0.014158
0.010771 0.010585
0.013268 0.014913
0.011652 0.013106
0.010646 0.010069
0.010651 0.010399
0.012790 0.014826
0.011633 0.012768
0.010735 0.009983
0.010595 0.010050
0.014519 0.012300
0.011656 0.011661
0.010585 0.009920
0.011710 0.010545
0.014226 0.014375
0.011473 0.012398
0.011325 0.012260
0.011059 0.011753
0.010899 0.011587
0.012370 0.013053
0.010916 0.012065
0.011068 0.012138
0.011137 0.012427
0.010996 0.011927
0.014567 0.012657
0.011051 0.010019
0.012492 0.012375
0.011421 0.012611
0.010627 0.010686
0.010645 0.011165
0.012483 0.012722
0.011445 0.012556
0.010709 0.011115
0.010616 0.010713
0.012225 0.012268
0.011406 0.012218
0.010593 0.010756
0.010852 0.011233
0.012122 0.011384
0.011125 0.011651
0.011295 0.010303
0.015697 0.014256
0.013168 0.012244
0.013761 0.013458
0.012789 0.011738
0.013472 0.013078
0.012684 0.012062
0.014269 0.013909
0.013447 0.012632
0.016021 0.015864
0.013068 0.012030
0.016239 0.016050
0.018683 0.018058
0.021446 0.020801
0.016772 0.019314
0.013325 0.015637
0.013551 0.016143
0.015826 0.020432
0.014323 0.018002
0.013170 0.015391
0.013006 0.014795
0.014366 0.017867
0.014584 0.018092
0.013294 0.014911
0.013276 0.014813
0.014404 0.011995
0.013274 0.010937
0.014387 0.012781
0.012746 0.010776
0.013385 0.010707
0.014585 0.014819
0.015202 0.014326
0.014495 0.014231
0.012068 0.012653
0.013994 0.015197
0.012864 0.014815
0.012062 0.012729
0.011402 0.011988
0.013195 0.015265
0.011600 0.013261
0.012070 0.013490
0.011657 0.013288
0.011949 0.012786
0.013719 0.014652
0.011689 0.012140
0.011389 0.012435
0.013549 0.015688
0.012617 0.013964
0.011729 0.011651
0.011240 0.010689
0.011734 0.013546
0.012228 0.013948
0.011621 0.011681
0.015271 0.015162
0.012055 0.012312
0.011550 0.011881
0.011324 0.010611
0.011131 0.010955
0.012825 0.013938
0.011389 0.011839
0.010985 0.010674
0.011272 0.010101
0.012626 0.013929
0.011590 0.011484
0.010757 0.009260
0.011111 0.009689
0.012423 0.013533
0.011589 0.011811
0.010752 0.009469
0.011096 0.010315
0.012366 0.013418
0.011335 0.011674
0.010936 0.010107
0.010860 0.009647
0.011973 0.012499
0.010791 0.009393
0.010312 0.005266
0.010326 0.003770
0.011236 0.009050
0.011433 0.009634
0.010245 0.005167
0.010575 0.005912
0.010259 0.005316
0.012126 0.009106
0.010246 0.007319
0.014887 0.014176
0.010091 0.007320
0.014529 0.015216
0.009625 0.007221
0.015422 0.017138
0.010929 0.010611
0.009741 0.008227
0.009678 0.007940
0.013938 0.016261
0.009649 0.009028
0.009456 0.007575
0.009458 0.007984
0.013641 0.016493
0.010241 0.009793
0.009336 0.007495
0.009402 0.008134
0.013212 0.016269
0.010167 0.010608
0.009160 0.007206
0.009251 0.008243
0.013251 0.015996
0.010112 0.010660
0.009098 0.007412
0.009219 0.007875
0.013115 0.015308
0.010232 0.010661
0.009155 0.007729
0.009060 0.007606
0.012445 0.014902
0.010144 0.010414
0.009014 0.007436
0.009053 0.007491
0.010119 0.011201
0.010051 0.009800
0.008905 0.007314
0.009085 0.008242
0.019019 0.015099
0.008730 0.006927
0.008817 0.007015
0.012463 0.014139
0.009870 0.010587
0.008728 0.008423
0.008674 0.007959
0.013075 0.014564
0.010286 0.010937
0.009137 0.008934
0.009133 0.008949
0.012192 0.014258
0.009702 0.010244
0.008684 0.007895
0.008659 0.007818
0.011966 0.013885
0.009671 0.010421
0.008764 0.008306
0.008738 0.008016
0.013545 0.011151
0.009250 0.009391
0.008856 0.009439
0.008787 0.008734
0.009437 0.007920
0.012814 0.013018
0.009186 0.010031
0.009510 0.009828
0.013238 0.014649
0.010795 0.012458
0.009175 0.009385
0.009082 0.009291
0.013758 0.015130
0.010548 0.012098
0.009084 0.009426
0.009011 0.009009
0.013543 0.014946
0.010077 0.010796
0.008989 0.009103
0.008870 0.008573
0.012676 0.014302
0.010196 0.011224
0.008931 0.008514
0.008901 0.008556
0.012454 0.013572
0.010065 0.010882
0.008886 0.008393
0.008926 0.008729
0.012261 0.013975
0.010093 0.011046
0.008833 0.008167
0.008880 0.008362
0.011880 0.013625
0.010141 0.011143
0.008882 0.008310
0.008932 0.009109
0.010043 0.011259
0.009134 0.010105
0.008955 0.009201
0.009160 0.009143
0.009137 0.008857
0.032249 0.022271
0.013811 0.013926
0.010131 0.010764
0.008864 0.007645
0.008874 0.007716
0.013715 0.016085
0.009987 0.011033
0.009324 0.008157
0.009323 0.008055
0.012757 0.014366
0.008722 0.008070
0.013007 0.014992
0.009707 0.010506
0.008706 0.008002
0.008658 0.007910
0.012476 0.014256
0.008663 0.008082
0.013372 0.015264
0.009714 0.010071
0.008729 0.008017
0.008639 0.007818
0.012701 0.014437
0.009634 0.010089
0.008673 0.007915
0.008632 0.007829
0.012052 0.013485
0.008617 0.008334
0.011409 0.012994
0.009526 0.009804
0.008543 0.007789
0.008481 0.007623
0.009612 0.010445
0.008537 0.008077
0.017864 0.020251
0.014256 0.013473
0.011231 0.012087
0.009090 0.008965
0.008884 0.008608
0.013751 0.014548
0.010663 0.011725
0.008826 0.008287
0.008797 0.008364
0.013257 0.014265
0.010490 0.011804
0.008733 0.008361
0.008735 0.008092
0.013288 0.013940
0.010558 0.011060
0.008786 0.008034
0.008797 0.008321
0.013389 0.014184
0.010646 0.011432
0.008778 0.008402
0.008798 0.008559
0.013200 0.013909
0.010658 0.011403
0.008747 0.008215
0.008700 0.008364
0.013260 0.013879
0.010422 0.011248
0.008772 0.008643
0.008762 0.008536
0.013324 0.013945
0.010525 0.010923
0.008692 0.008062
0.008612 0.007930
0.013260 0.013961
0.010672 0.011259
0.008677 0.007966
0.008680 0.008115
0.013314 0.013764
0.010546 0.011362
0.008700 0.008500
0.008591 0.007905
0.013439 0.013836
0.010640 0.011272
0.008674 0.008218
0.008709 0.008589
0.013386 0.013722
0.010659 0.011349
0.008694 0.008341
0.008712 0.008574
0.012505 0.013158
0.010456 0.011061
0.008597 0.007873
0.008665 0.008431
0.009432 0.006811
0.010480 0.009983
0.008601 0.007993
0.008742 0.008203
0.011979 0.008318
0.010938 0.007952
0.010481 0.007595
0.010421 0.007748
0.009096 0.006737
0.008689 0.007595
0.008403 0.007435
0.008325 0.007917
0.007832 0.006810
0.007568 0.006676
0.008233 0.006761
0.007770 0.006681
0.007370 0.006659
0.007256 0.006144
0.007085 0.006554
0.007063 0.006513
0.007132 0.005980
0.007063 0.006651
0.006161 0.006586
0.007213 0.006586
0.006887 0.005572
0.006876 0.005771
0.005863 0.006275
0.007056 0.006175
0.006776 0.005526
0.006837 0.005729
0.005503 0.006341
0.031262 0.023387
0.009826 0.009927
0.007423 0.007483
0.010983 0.011910
0.008880 0.010298
0.007108 0.006676
0.007354 0.007473
0.009409 0.010990
0.007922 0.011168
0.007466 0.009752
0.007796 0.009441
0.007867 0.010046
0.008010 0.008090
0.010731 0.017836
0.014623 0.013213
0.010116 0.011607
0.008372 0.009798
0.008236 0.009422
0.015093 0.015438
0.010289 0.012360
0.008343 0.008840
0.008301 0.009266
0.013646 0.014906
0.009820 0.011998
0.008404 0.009615
0.008364 0.009625
0.014208 0.014948
0.010069 0.011949
0.008533 0.009985
0.008651 0.010445
0.014159 0.014635
0.010256 0.011905
0.008582 0.008831
0.008631 0.009705
0.013916 0.014727
0.010529 0.012998
0.008755 0.010483
0.008810 0.010386
0.013951 0.014274
0.010813 0.012770
0.008918 0.010133
0.009017 0.010508
0.009037 0.006876
0.011820 0.011315
0.009079 0.009610
0.009390 0.008440
0.011655 0.008258
0.010985 0.007940
0.010577 0.007717
0.010463 0.007612
0.009139 0.006793
0.008873 0.007282
0.008424 0.007150
0.008202 0.007106
0.008591 0.006610
0.008019 0.006599
0.007896 0.006669
0.007737 0.006576
0.007636 0.006581
0.007599 0.006487
0.006384 0.007154
0.007846 0.006649
0.007505 0.006590
0.007433 0.006264
0.007405 0.006640
0.007410 0.007080
0.005753 0.006460
0.007459 0.007084
0.007334 0.006654
0.007283 0.006405
0.007281 0.006084
0.014541 0.010092
0.011894 0.010962
0.010657 0.011032
0.013985 0.012152
0.013049 0.012854
0.010700 0.011389
0.009666 0.010351
0.012535 0.012455
0.011703 0.012536
0.009181 0.010412
0.009442 0.010501
0.012098 0.011956
0.012023 0.012965
0.009707 0.010531
0.009793 0.010753
0.011912 0.011952
0.012075 0.012824
0.009901 0.010513
0.009777 0.010446
0.011496 0.011594
0.012457 0.012863
0.009878 0.010238
0.009947 0.010750
0.024540 0.014817
0.008846 0.008117
0.010218 0.009781
0.015163 0.015208
0.012283 0.013142
0.009229 0.010481
0.010211 0.011227
0.012257 0.013859
0.009723 0.011804
0.013495 0.015429
0.011344 0.014469
0.009802 0.011814
0.009845 0.012364
0.013463 0.014296
0.011602 0.014627
0.009832 0.012037
0.009920 0.012265
0.012327 0.013186
0.009890 0.011734
0.009719 0.007264
0.011605 0.011591
0.009642 0.011377
0.010406 0.008323
0.010571 0.008104
0.009447 0.007532
0.010241 0.007754
0.008514 0.006996
0.009086 0.007056
0.009369 0.007607
0.008849 0.007767
0.008970 0.006812
0.008237 0.006514
0.007643 0.006613
0.008410 0.006338
0.007939 0.005646
0.008488 0.005693
0.008410 0.006820
0.008676 0.006637
0.007815 0.006484
0.008380 0.006017
0.007622 0.006281
0.008118 0.006652
0.007566 0.005901
0.008027 0.006644
0.007700 0.006508
0.008058 0.006331
0.007271 0.005675
0.007749 0.005967
0.041085 0.030513
0.018566 0.018411
0.010328 0.013353
0.008816 0.011072
0.008423 0.011484
0.017671 0.019179
0.009928 0.013232
0.008313 0.010593
0.008410 0.011524
0.017099 0.018463
0.009798 0.013431
0.008619 0.011901
0.008581 0.011496
0.015604 0.016492
0.010079 0.013454
0.008748 0.011361
0.009051 0.011475
0.009262 0.011569
0.011153 0.012844
0.009222 0.011613
0.009408 0.011843
0.001239 0.017711
0.011655 0.013828
0.010448 0.011582
0.009192 0.011094
0.009241 0.010825
0.011553 0.014170
0.010340 0.011689
0.009241 0.010664
0.009177 0.010575
0.012320 0.014391
0.009882 0.011545
0.009280 0.010678
0.009248 0.010326
0.011426 0.012796
0.009927 0.011299
0.009613 0.010351
0.009426 0.010417
0.010739 0.011418
0.010569 0.012506
0.009816 0.010521
0.009614 0.010916
0.016116 0.013984
0.013082 0.013523
0.011428 0.013125
0.010766 0.011569
0.010651 0.011544
0.012899 0.014573
0.011643 0.013570
0.010580 0.010690
0.010456 0.011444
0.012451 0.012453
0.011779 0.013364
0.010633 0.011313
0.011348 0.011921
0.011853 0.011264
0.012543 0.010076
0.011422 0.009656
0.011929 0.010558
0.011789 0.010647
0.011874 0.010589
0.011830 0.012409
0.012205 0.011089
0.012568 0.011773
0.011302 0.012452
0.012888 0.012624
0.011817 0.013404
0.010833 0.011767
0.010525 0.011374
0.012729 0.013268
0.011260 0.013009
0.010444 0.011127
0.010365 0.011165
0.013216 0.013568
0.011328 0.012693
0.010397 0.010677
0.010293 0.009948
0.012558 0.013221
0.011424 0.013101
0.010409 0.010489
0.010417 0.010838
0.013039 0.010497
0.011734 0.011706
0.010505 0.010509
0.010485 0.007772
0.012158 0.012063
0.010351 0.009237
0.010653 0.009549
0.012198 0.013747
0.010992 0.011290
0.010566 0.008870
0.010242 0.008737
0.012008 0.013310
0.010865 0.011163
0.010207 0.008552
0.010274 0.009118
0.011570 0.012535
0.011001 0.011794
0.010177 0.008768
0.010140 0.008784
0.015507 0.012871
0.011875 0.011727
0.009998 0.009001
0.012241 0.013272
0.010984 0.011876
0.010032 0.008920
0.010031 0.009495
0.012210 0.013342
0.011107 0.012571
0.010143 0.009799
0.010495 0.010828
0.012177 0.012660
0.010692 0.011384
0.011940 0.012446
0.010537 0.011069
0.012341 0.012401
0.011668 0.013358
0.010578 0.011210
0.010808 0.010900
0.011943 0.011403
0.010959 0.010668
0.011877 0.011318
0.011056 0.010472
0.012595 0.012052
0.011217 0.011674
0.012687 0.012260
0.011080 0.011535
0.013148 0.012879
0.010889 0.011372
0.014012 0.014020
0.011534 0.013023
0.010602 0.010621
0.010276 0.009758
0.012784 0.013725
0.011008 0.011899
0.010111 0.008815
0.010060 0.009110
0.012172 0.012609
0.010143 0.009511
0.012444 0.013268
0.011267 0.012948
0.010155 0.009406
0.010091 0.010230
0.015288 0.012655
0.011333 0.011050
0.010042 0.009930
0.010815 0.009684
0.013424 0.014110
0.010342 0.010240
0.010545 0.011702
0.013183 0.014440
0.011431 0.013218
0.010323 0.010455
0.010341 0.011304
0.015829 0.013704
0.011658 0.011750
0.010406 0.011052
0.011020 0.010117
0.013833 0.014500
0.012088 0.014478
0.011034 0.012625
0.010868 0.012285
0.013584 0.014779
0.011960 0.014986
0.010865 0.012499
0.010851 0.012411
0.013113 0.014582
0.012044 0.014804
0.010959 0.012390
0.010928 0.012263
0.015918 0.014750
0.011097 0.010048
0.013188 0.012200
0.011845 0.014130
0.011757 0.013887
0.011647 0.013845
0.011463 0.012155
0.013517 0.013999
0.012072 0.014294
0.011533 0.013407
0.011533 0.012377
0.014186 0.013344
0.013628 0.015976
0.011877 0.013156
0.012202 0.013810
0.012039 0.012977
0.012751 0.014459
0.019588 0.017132
0.011280 0.009083
0.011664 0.010776
0.014845 0.016457
0.012307 0.013621
0.011449 0.011859
0.011649 0.012621
0.014446 0.016544
0.012528 0.014601
0.011606 0.012541
0.011585 0.012566
0.014837 0.016796
0.012671 0.014546
0.011733 0.012287
0.011727 0.012533
0.014716 0.016561
0.012591 0.013280
0.011687 0.012209
0.011561 0.011564
0.014217 0.016149
0.012574 0.013976
0.011797 0.012283
0.011822 0.011764
0.013557 0.014517
0.012679 0.014108
0.011781 0.011664
0.011777 0.011984
0.012357 0.011499
0.031422 0.029155
0.015458 0.016504
0.011237 0.011740
0.018178 0.019616
0.011386 0.010212
0.016765 0.018415
0.012770 0.014551
0.011746 0.012294
0.011488 0.011226
0.014178 0.015653
0.011362 0.011323
0.014548 0.015663
0.012941 0.014384
0.011430 0.011919
0.011558 0.011081
0.012358 0.011333
0.011526 0.011995
0.016937 0.012758
0.013046 0.011845
0.011966 0.010863
0.011609 0.009681
0.011479 0.009309
0.013084 0.012631
0.011872 0.011049
0.011246 0.009202
0.011153 0.009244
0.013612 0.012939
0.011458 0.009975
0.011034 0.009010
0.010994 0.008656
0.013255 0.012859
0.011256 0.010340
0.010854 0.009227
0.010862 0.009147
0.012675 0.012125
0.011167 0.010050
0.010732 0.008825
0.010727 0.008741
0.012802 0.012628
0.011220 0.010607
0.010458 0.008471
0.010481 0.008479
0.010943 0.008868
0.042563 0.038059
0.016098 0.016524
0.009970 0.007681
0.019610 0.021181
0.011851 0.014391
0.009998 0.010754
0.009912 0.011309
0.019161 0.022594
0.011682 0.014720
0.010112 0.011049
0.010055 0.008817
0.018957 0.022006
0.011777 0.014671
0.010205 0.010206
0.010175 0.009532
0.018305 0.020728
0.011868 0.014421
0.010279 0.010120
0.010269 0.010643
0.017464 0.019219
0.012110 0.015028
0.010255 0.009277
0.010278 0.010058
0.014268 0.015190
0.010388 0.010583
0.015781 0.012090
0.013099 0.012949
0.010578 0.010981
0.014469 0.013010
0.016977 0.015665
0.013726 0.014995
0.012956 0.014245
0.012780 0.014816
0.012451 0.013739
0.016197 0.016214
0.013945 0.014537
0.012644 0.013646
0.012816 0.014345
0.014621 0.015546
0.012709 0.014293
0.012773 0.015091
0.013422 0.014816
0.012689 0.013946
0.014974 0.015255
0.013428 0.016234
0.012911 0.014433
0.012632 0.014177
0.014989 0.015269
0.013151 0.014688
0.012585 0.013084
0.012748 0.014142
0.015242 0.014215
0.013640 0.015035
0.013185 0.013831
0.013465 0.014168
0.017192 0.013002
0.014336 0.013019
0.013238 0.014031
0.015879 0.013255
0.015742 0.012631
0.016130 0.017552
0.015854 0.012830
0.014967 0.016659
0.015425 0.013337
0.015896 0.017391
0.014642 0.012162
0.014874 0.016625
0.015574 0.013770
0.015602 0.013839
0.015026 0.015925
0.012739 0.009557
0.013999 0.012115
0.012608 0.011282
0.014287 0.012630
0.012624 0.011322
0.013583 0.011499
0.012713 0.011322
0.015123 0.012754
0.012483 0.010577
0.014725 0.011882
0.012429 0.010870
0.014046 0.011748
0.012110 0.010512
0.013377 0.012356
0.011640 0.010502
0.015180 0.012852
0.012674 0.012163
0.012644 0.011880
0.015640 0.015615
0.012612 0.011937
0.015433 0.014800
0.012540 0.011722
0.015624 0.015091
0.014952 0.012930
0.013238 0.012462
0.014194 0.013237
0.013524 0.012747
0.015545 0.014909
0.013021 0.011339
0.011646 0.011349
0.012961 0.012684
0.011728 0.012057
0.011519 0.011423
0.014214 0.013216
0.011620 0.011806
0.011198 0.011656
0.011518 0.012072
0.010797 0.011208
0.010911 0.011468
0.010543 0.010893
0.010842 0.011217
0.016496 0.014698
0.017299 0.016239
0.020263 0.018973
0.016674 0.018255
0.013070 0.011392
0.030161 0.025400
0.020546 0.020323
0.019123 0.019342
0.013670 0.013143
0.012055 0.011393
0.013831 0.013716
0.012821 0.012784
0.013180 0.014271
0.012692 0.012872
0.012333 0.012187
0.015747 0.015629
0.012754 0.013037
0.014117 0.013039
0.012797 0.012503
0.013541 0.012671
0.011845 0.011490
0.013421 0.013439
0.012993 0.011964
0.014108 0.012988
0.016767 0.015874
0.014563 0.014152
0.012925 0.012250
0.013034 0.012498
0.016081 0.016587
0.013957 0.013122
0.012752 0.012540
0.013724 0.011607
0.011813 0.011798
0.011623 0.011709
0.013762 0.014736
0.014103 0.013256
0.012630 0.010071
0.013086 0.011124
0.013658 0.015101
0.014604 0.014266
0.013481 0.011522
0.013467 0.012246
0.014018 0.016111
0.014592 0.015002
0.013047 0.012057
0.013288 0.012557
0.014295 0.016340
0.014807 0.015691
0.012926 0.012147
0.013343 0.012840
0.014507 0.016714
0.014856 0.015946
0.013370 0.012877
0.013425 0.012946
0.014698 0.017189
0.014914 0.015951
0.013594 0.013201
0.013517 0.013358
0.014616 0.016799
0.014928 0.015991
0.012889 0.012059
0.013435 0.013298
0.014652 0.016781
0.015002 0.016005
0.013488 0.013074
0.013401 0.013191
0.014606 0.016543
0.014676 0.015876
0.013199 0.012710
0.012725 0.012200
0.014329 0.016490
0.014396 0.015267
0.013012 0.012281
0.012968 0.012590
0.014483 0.016669
0.014510 0.015416
0.012963 0.012110
0.012931 0.012433
0.014434 0.016675
0.014336 0.015263
0.012848 0.012212
0.012149 0.011233
0.014443 0.016504
0.014194 0.015203
0.012774 0.011835
0.012714 0.012013
0.014132 0.016213
0.013972 0.015014
0.012595 0.011895
0.012451 0.012098
0.014880 0.015762
0.014538 0.015156
0.012600 0.012818
0.012459 0.011940
0.014604 0.016124
0.014391 0.015324
0.012649 0.011943
0.012751 0.012130
0.014638 0.016681
0.014145 0.015209
0.012588 0.011812
0.012562 0.012004
0.014529 0.016446
0.014132 0.015382
0.012390 0.011446
0.012580 0.011974
0.014256 0.015702
0.014096 0.014921
0.012521 0.011756
0.012442 0.011790
0.013552 0.015070
0.013834 0.014935
0.012306 0.011686
0.012154 0.011568
0.008145 0.005675
0.009368 0.004030
0.012802 0.010181
0.009733 0.004007
0.009778 0.005808
0.009745 0.005775
0.010511 0.005132
0.009066 0.005509
0.008825 0.006269
0.008374 0.004530
0.008244 0.006162
0.007758 0.005370
0.009024 0.007799
0.007581 0.007134
0.007320 0.005352
0.007288 0.005470
0.007700 0.007946
0.007131 0.006109
0.006939 0.005518
0.006948 0.006258
0.007075 0.008131
0.007007 0.006570
0.006764 0.005302
0.006784 0.005664
0.004725 0.005881
0.017442 0.009700
0.005143 0.006009
0.005969 0.007744
0.006783 0.007182
0.006648 0.006402
0.006579 0.006442
0.006584 0.006187
0.007683 0.007120
0.006545 0.006817
0.006274 0.006292
0.006676 0.005991
0.006634 0.006616
0.006616 0.006576
0.006639 0.005965
0.006620 0.006487
0.006182 0.007546
0.006846 0.006324
0.006596 0.006484
0.006617 0.005983
0.006581 0.006568
0.006563 0.007182
0.006597 0.006303
0.006573 0.006473
0.006003 0.006486
0.006688 0.006887
0.006518 0.006357
0.006522 0.006546
0.006565 0.006936
0.006545 0.007238
0.005804 0.006668
0.006680 0.006664
0.006546 0.006324
0.006531 0.006407
0.006560 0.006520
0.006573 0.006532
0.005279 0.006351
0.006699 0.007354
0.006603 0.006422
0.006679 0.006627
0.006603 0.006492
0.006597 0.006460
0.006637 0.007204
0.008748 0.008230
0.007359 0.007536
0.012346 0.009872
0.006998 0.006735
0.006695 0.006226
0.006558 0.005352
0.006585 0.005994
0.007001 0.007138
0.006712 0.006244
0.006596 0.005455
0.006590 0.005406
0.006812 0.007167
0.006713 0.006701
0.006531 0.005577
0.006524 0.005500
0.006889 0.007082
0.006622 0.006996
0.006464 0.005604
0.006441 0.005484
0.006791 0.007330
0.006561 0.007198
0.006407 0.005884
0.006407 0.005983
0.006618 0.007619
0.006541 0.007006
0.006357 0.005463
0.006145 0.005474
0.006651 0.007007
0.006341 0.006527
0.006367 0.005405
0.006150 0.005482
0.006418 0.007109
0.006318 0.006867
0.006326 0.005369
0.006147 0.006118
0.005782 0.006402
0.006246 0.007116
0.006322 0.006878
0.006168 0.006500
0.006376 0.006585
0.006067 0.005069
0.006088 0.005092
0.006072 0.005303
0.006096 0.005425
0.006088 0.005762
0.006101 0.005736
