0 0.000000 0.000003
0 0.000000 0.000003
0 0.000003 0.000003
0 0.000003 0.000002
0 0.000003 0.000026
0 0.000003 0.000004
0 0.000008 0.000029
1 0.000000 0.000005
1 0.000005 0.000006
0 0.000007 0.000027
0 0.000010 0.000004
1 0.000005 0.000037
0 0.000012 0.000022
0 0.000011 0.000025
1 0.000005 0.000028
0 0.000013 0.000055
1 0.000016 0.000022
0 0.000014 0.000069
1 0.000019 0.000040
0 0.000018 0.000065
1 0.000020 0.000045
0 0.000022 0.000067
1 0.000023 0.000042
0 0.000026 0.000069
1 0.000027 0.000045
0 0.000029 0.000065
1 0.000029 0.000038
0 0.000032 0.000077
1 0.000031 0.000052
0 0.000034 0.000061
1 0.000032 0.000024
0 0.000037 0.000065
1 0.000034 0.000035
0 0.000038 0.000078
1 0.000033 0.000029
0 0.000040 0.000077
1 0.000033 0.000028
0 0.000042 0.000069
1 0.000033 0.000025
0 0.000044 0.000073
1 0.000032 0.000040
0 0.000045 0.000072
1 0.000032 0.000043
0 0.000047 0.000060
1 0.000032 0.000039
0 0.000048 0.000067
1 0.000033 0.000041
0 0.000049 0.000065
1 0.000033 0.000039
0 0.000050 0.000067
1 0.000034 0.000052
0 0.000050 0.000047
1 0.000034 0.000033
0 0.000051 0.000063
1 0.000035 0.000033
0 0.000051 0.000050
1 0.000035 0.000032
0 0.000051 0.000071
1 0.000035 0.000027
0 0.000051 0.000048
1 0.000035 0.000024
0 0.000052 0.000046
1 0.000034 0.000040
0 0.000052 0.000047
1 0.000034 0.000050
0 0.000052 0.000048
1 0.000034 0.000043
0 0.000052 0.000050
1 0.000035 0.000040
0 0.000051 0.000049
1 0.000035 0.000038
0 0.000051 0.000047
1 0.000035 0.000052
0 0.000051 0.000035
1 0.000036 0.000033
0 0.000051 0.000048
1 0.000036 0.000031
0 0.000051 0.000049
1 0.000036 0.000029
0 0.000051 0.000049
1 0.000036 0.000027
0 0.000050 0.000048
1 0.000036 0.000027
0 0.000050 0.000049
1 0.000035 0.000048
0 0.000050 0.000049
1 0.000035 0.000050
0 0.000050 0.000048
1 0.000036 0.000040
0 0.000050 0.000049
1 0.000036 0.000041
0 0.000050 0.000062
1 0.000036 0.000041
0 0.000050 0.000046
1 0.000036 0.000052
0 0.000051 0.000034
1 0.000036 0.000033
0 0.000050 0.000048
1 0.000037 0.000031
0 0.000050 0.000047
1 0.000037 0.000029
0 0.000050 0.000049
1 0.000037 0.000027
0 0.000050 0.000047
1 0.000036 0.000026
0 0.000050 0.000048
1 0.000036 0.000051
0 0.000050 0.000049
1 0.000036 0.000066
0 0.000050 0.000048
1 0.000036 0.000040
0 0.000050 0.000044
1 0.000037 0.000037
0 0.000050 0.000063
1 0.000037 0.000032
0 0.000049 0.000067
1 0.000037 0.000045
0 0.000050 0.000065
1 0.000037 0.000033
0 0.000050 0.000073
1 0.000037 0.000030
0 0.000051 0.000070
1 0.000037 0.000034
0 0.000051 0.000066
1 0.000037 0.000027
0 0.000052 0.000077
1 0.000037 0.000026
0 0.000052 0.000080
1 0.000037 0.000037
0 0.000053 0.000075
1 0.000036 0.000082
0 0.000054 0.000078
1 0.000036 0.000039
0 0.000054 0.000079
1 0.000038 0.000043
0 0.000055 0.000076
1 0.000038 0.000035
0 0.000055 0.000077
1 0.000038 0.000035
0 0.000056 0.000056
1 0.000038 0.000032
0 0.000056 0.000076
1 0.000038 0.000032
0 0.000056 0.000067
1 0.000038 0.000033
0 0.000057 0.000068
1 0.000037 0.000028
0 0.000057 0.000066
1 0.000037 0.000029
0 0.000058 0.000072
1 0.000037 0.000040
0 0.000058 0.000052
1 0.000037 0.000051
0 0.000058 0.000054
1 0.000037 0.000051
0 0.000058 0.000052
1 0.000037 0.000047
0 0.000058 0.000041
1 0.000038 0.000040
0 0.000058 0.000076
1 0.000038 0.000067
0 0.000057 0.000065
1 0.000038 0.000033
0 0.000058 0.000076
1 0.000039 0.000033
0 0.000058 0.000072
1 0.000039 0.000031
0 0.000058 0.000077
1 0.000038 0.000028
0 0.000059 0.000079
1 0.000038 0.000028
0 0.000059 0.000076
1 0.000038 0.000023
0 0.000060 0.000067
1 0.000038 0.000037
0 0.000060 0.000079
1 0.000037 0.000047
0 0.000060 0.000079
1 0.000037 0.000048
0 0.000061 0.000079
1 0.000038 0.000035
0 0.000061 0.000076
1 0.000038 0.000036
0 0.000061 0.000074
1 0.000038 0.000038
0 0.000062 0.000063
1 0.000038 0.000032
0 0.000062 0.000077
1 0.000038 0.000033
0 0.000062 0.000078
1 0.000038 0.000025
0 0.000062 0.000078
1 0.000037 0.000029
0 0.000063 0.000078
1 0.000037 0.000027
0 0.000063 0.000074
1 0.000037 0.000037
0 0.000063 0.000064
1 0.000037 0.000046
0 0.000064 0.000063
1 0.000037 0.000044
0 0.000064 0.000064
1 0.000037 0.000041
0 0.000064 0.000057
1 0.000037 0.000035
0 0.000064 0.000050
1 0.000037 0.000075
0 0.000064 0.000039
1 0.000037 0.000034
0 0.000063 0.000071
1 0.000038 0.000030
0 0.000063 0.000046
1 0.000038 0.000037
0 0.000063 0.000047
1 0.000038 0.000029
0 0.000063 0.000048
1 0.000038 0.000027
0 0.000062 0.000046
1 0.000038 0.000038
0 0.000062 0.000049
1 0.000037 0.000048
0 0.000062 0.000048
1 0.000037 0.000047
0 0.000061 0.000048
1 0.000038 0.000044
0 0.000061 0.000051
1 0.000038 0.000039
0 0.000061 0.000048
1 0.000038 0.000040
0 0.000060 0.000034
1 0.000038 0.000034
0 0.000060 0.000047
1 0.000038 0.000033
0 0.000060 0.000048
1 0.000038 0.000033
0 0.000059 0.000049
1 0.000038 0.000028
0 0.000059 0.000049
1 0.000038 0.000026
0 0.000059 0.000046
1 0.000037 0.000035
0 0.000059 0.000047
1 0.000037 0.000047
0 0.000058 0.000050
1 0.000037 0.000041
0 0.000058 0.000050
1 0.000037 0.000042
0 0.000058 0.000095
1 0.000037 0.000038
0 0.000058 0.000064
1 0.000038 0.000038
0 0.000059 0.000058
1 0.000038 0.000033
0 0.000059 0.000064
1 0.000038 0.000033
0 0.000059 0.000059
1 0.000037 0.000029
0 0.000059 0.000069
1 0.000037 0.000032
0 0.000059 0.000065
1 0.000037 0.000022
0 0.000059 0.000062
1 0.000037 0.000046
0 0.000059 0.000057
1 0.000037 0.000039
0 0.000059 0.000059
1 0.000037 0.000035
0 0.000059 0.000057
1 0.000037 0.000034
0 0.000059 0.000058
1 0.000037 0.000049
0 0.000059 0.000058
1 0.000037 0.000031
0 0.000059 0.000057
1 0.000037 0.000030
0 0.000059 0.000058
1 0.000037 0.000028
0 0.000059 0.000064
1 0.000037 0.000024
0 0.000059 0.000079
1 0.000037 0.000026
0 0.000059 0.000061
1 0.000036 0.000042
0 0.000060 0.000061
1 0.000036 0.000045
0 0.000060 0.000054
1 0.000036 0.000042
0 0.000060 0.000069
1 0.000037 0.000039
0 0.000059 0.000057
1 0.000037 0.000038
0 0.000060 0.000053
1 0.000037 0.000047
0 0.000060 0.000054
1 0.000037 0.000031
0 0.000059 0.000060
1 0.000037 0.000029
0 0.000059 0.000059
1 0.000037 0.000027
0 0.000059 0.000059
1 0.000037 0.000027
0 0.000059 0.000055
1 0.000036 0.000025
0 0.000059 0.000061
1 0.000036 0.000044
0 0.000059 0.000056
1 0.000036 0.000045
0 0.000059 0.000062
1 0.000036 0.000035
0 0.000059 0.000075
1 0.000036 0.000036
0 0.000059 0.000093
1 0.000036 0.000038
0 0.000060 0.000093
1 0.000036 0.000035
0 0.000060 0.000104
1 0.000036 0.000034
0 0.000061 0.000086
1 0.000036 0.000032
0 0.000062 0.000097
1 0.000036 0.000036
0 0.000062 0.000102
1 0.000036 0.000025
0 0.000063 0.000092
1 0.000036 0.000026
0 0.000064 0.000094
1 0.000036 0.000024
0 0.000064 0.000097
1 0.000036 0.000041
0 0.000065 0.000097
1 0.000036 0.000050
0 0.000066 0.000096
1 0.000036 0.000045
0 0.000066 0.000093
1 0.000036 0.000039
0 0.000067 0.000104
1 0.000036 0.000036
0 0.000068 0.000096
1 0.000036 0.000043
0 0.000068 0.000086
1 0.000036 0.000034
0 0.000069 0.000101
1 0.000036 0.000031
0 0.000069 0.000100
1 0.000036 0.000026
0 0.000070 0.000096
1 0.000036 0.000025
0 0.000070 0.000100
1 0.000036 0.000026
0 0.000071 0.000134
1 0.000036 0.000039
0 0.000072 0.000098
1 0.000036 0.000044
0 0.000073 0.000080
1 0.000036 0.000052
0 0.000073 0.000081
1 0.000036 0.000039
0 0.000073 0.000077
1 0.000036 0.000039
0 0.000074 0.000068
1 0.000036 0.000040
0 0.000074 0.000057
1 0.000036 0.000032
0 0.000074 0.000095
1 0.000036 0.000031
0 0.000073 0.000077
1 0.000036 0.000035
0 0.000074 0.000097
1 0.000036 0.000026
0 0.000074 0.000091
1 0.000036 0.000038
0 0.000074 0.000094
1 0.000036 0.000025
0 0.000075 0.000099
1 0.000036 0.000042
0 0.000075 0.000126
1 0.000036 0.000040
0 0.000075 0.000087
1 0.000036 0.000044
0 0.000076 0.000122
1 0.000036 0.000040
0 0.000077 0.000101
1 0.000036 0.000038
0 0.000078 0.000100
1 0.000036 0.000034
0 0.000078 0.000090
1 0.000036 0.000050
0 0.000079 0.000079
1 0.000036 0.000031
0 0.000079 0.000099
1 0.000036 0.000036
0 0.000079 0.000108
1 0.000036 0.000039
0 0.000079 0.000100
1 0.000036 0.000024
0 0.000080 0.000106
1 0.000036 0.000025
0 0.000080 0.000094
1 0.000036 0.000042
0 0.000081 0.000096
1 0.000036 0.000043
0 0.000081 0.000095
1 0.000036 0.000048
0 0.000081 0.000101
1 0.000036 0.000041
0 0.000082 0.000110
1 0.000036 0.000039
0 0.000082 0.000094
1 0.000036 0.000054
0 0.000083 0.000068
1 0.000037 0.000034
0 0.000083 0.000082
1 0.000037 0.000033
0 0.000082 0.000071
1 0.000037 0.000029
0 0.000082 0.000075
1 0.000037 0.000025
0 0.000082 0.000085
1 0.000037 0.000026
0 0.000082 0.000072
1 0.000036 0.000086
0 0.000082 0.000096
1 0.000036 0.000046
0 0.000082 0.000098
1 0.000037 0.000046
0 0.000082 0.000098
1 0.000037 0.000039
0 0.000083 0.000097
1 0.000038 0.000039
0 0.000083 0.000096
1 0.000038 0.000032
0 0.000083 0.000085
1 0.000038 0.000054
0 0.000083 0.000114
1 0.000037 0.000031
0 0.000083 0.000102
1 0.000038 0.000034
0 0.000084 0.000093
1 0.000038 0.000025
0 0.000084 0.000095
1 0.000038 0.000026
0 0.000085 0.000100
1 0.000037 0.000026
0 0.000085 0.000104
1 0.000037 0.000113
0 0.000085 0.000101
1 0.000037 0.000044
0 0.000085 0.000100
1 0.000038 0.000044
0 0.000086 0.000100
1 0.000039 0.000040
0 0.000086 0.000099
1 0.000039 0.000039
0 0.000086 0.000102
1 0.000039 0.000050
0 0.000087 0.000090
1 0.000039 0.000030
0 0.000087 0.000118
1 0.000039 0.000033
0 0.000087 0.000111
1 0.000039 0.000026
0 0.000088 0.000119
1 0.000039 0.000027
0 0.000088 0.000086
1 0.000038 0.000027
0 0.000089 0.000085
1 0.000038 0.000041
0 0.000089 0.000074
1 0.000038 0.000046
0 0.000089 0.000075
1 0.000038 0.000049
0 0.000088 0.000074
1 0.000038 0.000037
0 0.000088 0.000093
1 0.000038 0.000037
0 0.000088 0.000080
1 0.000038 0.000035
0 0.000088 0.000082
1 0.000038 0.000033
0 0.000088 0.000116
1 0.000038 0.000032
0 0.000088 0.000098
1 0.000038 0.000033
0 0.000088 0.000094
1 0.000038 0.000024
0 0.000088 0.000101
1 0.000038 0.000027
0 0.000088 0.000098
1 0.000038 0.000028
0 0.000089 0.000096
1 0.000037 0.000044
0 0.000089 0.000093
1 0.000037 0.000043
0 0.000089 0.000097
1 0.000037 0.000049
0 0.000089 0.000104
1 0.000037 0.000036
0 0.000089 0.000102
1 0.000038 0.000030
0 0.000090 0.000129
1 0.000038 0.000042
0 0.000090 0.000088
1 0.000038 0.000033
0 0.000091 0.000100
1 0.000038 0.000031
0 0.000090 0.000099
1 0.000038 0.000026
0 0.000091 0.000101
1 0.000037 0.000027
0 0.000091 0.000104
1 0.000037 0.000025
0 0.000091 0.000091
1 0.000037 0.000041
0 0.000091 0.000097
1 0.000037 0.000041
0 0.000091 0.000110
1 0.000037 0.000042
0 0.000091 0.000070
1 0.000037 0.000033
0 0.000092 0.000096
1 0.000037 0.000038
0 0.000091 0.000075
1 0.000037 0.000036
0 0.000091 0.000060
1 0.000037 0.000035
0 0.000091 0.000069
1 0.000037 0.000032
0 0.000091 0.000106
1 0.000037 0.000030
0 0.000090 0.000076
1 0.000037 0.000026
0 0.000090 0.000096
1 0.000037 0.000025
0 0.000090 0.000102
1 0.000036 0.000024
0 0.000090 0.000137
1 0.000036 0.000042
0 0.000090 0.000121
1 0.000036 0.000042
0 0.000091 0.000093
1 0.000036 0.000045
0 0.000092 0.000106
1 0.000036 0.000085
0 0.000092 0.000099
1 0.000036 0.000034
0 0.000092 0.000101
1 0.000037 0.000036
0 0.000092 0.000100
1 0.000037 0.000052
0 0.000093 0.000083
1 0.000037 0.000026
0 0.000093 0.000097
1 0.000038 0.000031
0 0.000093 0.000129
1 0.000037 0.000025
0 0.000093 0.000111
1 0.000037 0.000024
0 0.000093 0.000104
1 0.000037 0.000025
0 0.000094 0.000103
1 0.000037 0.000045
0 0.000094 0.000103
1 0.000036 0.000043
0 0.000094 0.000102
1 0.000037 0.000041
0 0.000094 0.000104
1 0.000037 0.000040
0 0.000094 0.000104
1 0.000037 0.000037
0 0.000095 0.000085
1 0.000037 0.000039
0 0.000095 0.000070
1 0.000037 0.000034
0 0.000095 0.000083
1 0.000037 0.000031
0 0.000094 0.000073
1 0.000037 0.000025
0 0.000094 0.000072
1 0.000037 0.000026
0 0.000093 0.000078
1 0.000037 0.000025
0 0.000093 0.000094
1 0.000036 0.000041
0 0.000093 0.000102
1 0.000036 0.000046
0 0.000093 0.000099
1 0.000036 0.000041
0 0.000093 0.000101
1 0.000036 0.000041
0 0.000093 0.000098
1 0.000036 0.000042
0 0.000093 0.000192
1 0.000037 0.000034
0 0.000093 0.000095
1 0.000037 0.000055
0 0.000095 0.000087
1 0.000037 0.000031
0 0.000095 0.000100
1 0.000037 0.000031
0 0.000095 0.000099
1 0.000037 0.000025
0 0.000095 0.000114
1 0.000037 0.000026
0 0.000095 0.000106
1 0.000037 0.000023
0 0.000096 0.000104
1 0.000036 0.000045
0 0.000096 0.000105
1 0.000036 0.000085
0 0.000096 0.000101
1 0.000036 0.000041
0 0.000096 0.000105
1 0.000037 0.000042
0 0.000096 0.000105
1 0.000037 0.000036
0 0.000097 0.000100
1 0.000037 0.000049
0 0.000097 0.000085
1 0.000037 0.000030
0 0.000097 0.000106
1 0.000038 0.000030
0 0.000097 0.000127
1 0.000037 0.000025
0 0.000097 0.000102
1 0.000037 0.000028
0 0.000097 0.000083
1 0.000037 0.000028
0 0.000097 0.000082
1 0.000037 0.000044
0 0.000097 0.000075
1 0.000037 0.000046
0 0.000097 0.000079
1 0.000037 0.000053
0 0.000096 0.000066
1 0.000037 0.000034
0 0.000096 0.000091
1 0.000037 0.000036
0 0.000095 0.000081
1 0.000037 0.000036
0 0.000095 0.000111
1 0.000037 0.000034
0 0.000095 0.000094
1 0.000037 0.000032
0 0.000095 0.000099
1 0.000037 0.000028
0 0.000095 0.000099
1 0.000037 0.000025
0 0.000095 0.000154
1 0.000037 0.000027
0 0.000095 0.000099
1 0.000037 0.000027
0 0.000097 0.000097
1 0.000036 0.000045
0 0.000097 0.000096
1 0.000036 0.000043
0 0.000097 0.000097
1 0.000036 0.000045
0 0.000097 0.000102
1 0.000037 0.000034
0 0.000097 0.000121
1 0.000037 0.000038
0 0.000097 0.000091
1 0.000037 0.000039
0 0.000097 0.000089
1 0.000037 0.000034
0 0.000097 0.000107
1 0.000037 0.000031
0 0.000097 0.000100
1 0.000037 0.000029
0 0.000097 0.000106
1 0.000037 0.000024
0 0.000097 0.000101
1 0.000036 0.000024
0 0.000097 0.000095
1 0.000036 0.000039
0 0.000097 0.000098
1 0.000036 0.000041
0 0.000097 0.000112
1 0.000036 0.000037
0 0.000097 0.000089
1 0.000036 0.000042
0 0.000098 0.000081
1 0.000036 0.000038
0 0.000098 0.000080
1 0.000036 0.000036
0 0.000097 0.000064
1 0.000036 0.000033
0 0.000097 0.000078
1 0.000036 0.000031
0 0.000096 0.000073
1 0.000036 0.000035
0 0.000096 0.000084
1 0.000036 0.000025
0 0.000095 0.000079
1 0.000036 0.000026
0 0.000095 0.000152
1 0.000036 0.000025
0 0.000095 0.000126
1 0.000036 0.000047
0 0.000096 0.000090
1 0.000035 0.000047
0 0.000097 0.000096
1 0.000036 0.000045
0 0.000096 0.000105
1 0.000036 0.000041
0 0.000096 0.000100
1 0.000036 0.000038
0 0.000097 0.000107
1 0.000036 0.000040
0 0.000097 0.000080
1 0.000036 0.000031
0 0.000097 0.000089
1 0.000036 0.000031
0 0.000097 0.000099
1 0.000036 0.000031
0 0.000096 0.000122
1 0.000036 0.000024
0 0.000096 0.000091
1 0.000036 0.000026
0 0.000097 0.000100
1 0.000036 0.000040
0 0.000097 0.000097
1 0.000036 0.000045
0 0.000097 0.000104
1 0.000036 0.000087
0 0.000097 0.000099
1 0.000036 0.000040
0 0.000097 0.000106
1 0.000037 0.000038
0 0.000097 0.000104
1 0.000037 0.000036
0 0.000097 0.000085
1 0.000037 0.000033
0 0.000097 0.000107
1 0.000037 0.000030
0 0.000097 0.000079
1 0.000037 0.000034
0 0.000097 0.000076
1 0.000037 0.000025
0 0.000097 0.000078
1 0.000037 0.000027
0 0.000097 0.000077
1 0.000036 0.000025
0 0.000096 0.000105
1 0.000036 0.000044
0 0.000096 0.000094
1 0.000036 0.000045
0 0.000096 0.000077
1 0.000036 0.000045
0 0.000096 0.000116
1 0.000036 0.000038
0 0.000096 0.000092
1 0.000037 0.000038
0 0.000096 0.000097
1 0.000037 0.000037
0 0.000096 0.000089
1 0.000037 0.000031
0 0.000096 0.000102
1 0.000037 0.000034
0 0.000096 0.000093
1 0.000036 0.000036
0 0.000096 0.000096
1 0.000036 0.000025
0 0.000096 0.000102
1 0.000036 0.000026
0 0.000096 0.000132
1 0.000036 0.000022
0 0.000096 0.000092
1 0.000036 0.000044
0 0.000097 0.000101
1 0.000036 0.000048
0 0.000097 0.000094
1 0.000036 0.000063
0 0.000097 0.000101
1 0.000036 0.000041
0 0.000097 0.000104
1 0.000037 0.000036
0 0.000097 0.000098
1 0.000037 0.000034
0 0.000097 0.000084
1 0.000037 0.000033
0 0.000097 0.000101
1 0.000037 0.000031
0 0.000097 0.000169
1 0.000037 0.000028
0 0.000097 0.000106
1 0.000036 0.000025
0 0.000098 0.000108
1 0.000036 0.000027
0 0.000098 0.000086
1 0.000036 0.000041
0 0.000099 0.000134
1 0.000036 0.000045
0 0.000098 0.000094
1 0.000036 0.000047
0 0.000099 0.000074
1 0.000036 0.000039
0 0.000099 0.000075
1 0.000036 0.000036
0 0.000098 0.000081
1 0.000036 0.000038
0 0.000098 0.000206
1 0.000036 0.000033
0 0.000098 0.000081
1 0.000036 0.000034
0 0.000100 0.000096
1 0.000036 0.000033
0 0.000099 0.000100
1 0.000036 0.000025
0 0.000099 0.000098
1 0.000036 0.000027
0 0.000099 0.000099
1 0.000036 0.000027
0 0.000099 0.000110
1 0.000036 0.000044
0 0.000099 0.000129
1 0.000036 0.000045
0 0.000100 0.000097
1 0.000036 0.000048
0 0.000100 0.000091
1 0.000036 0.000041
0 0.000100 0.000106
1 0.000036 0.000038
0 0.000100 0.000102
1 0.000036 0.000036
0 0.000100 0.000089
1 0.000036 0.000035
0 0.000100 0.000104
1 0.000036 0.000032
0 0.000100 0.000101
1 0.000036 0.000027
0 0.000100 0.000133
1 0.000036 0.000024
0 0.000100 0.000099
1 0.000036 0.000024
0 0.000101 0.000107
1 0.000036 0.000037
0 0.000101 0.000090
1 0.000036 0.000038
0 0.000101 0.000101
1 0.000036 0.000098
0 0.000100 0.000099
1 0.000036 0.000038
0 0.000100 0.000083
1 0.000037 0.000037
0 0.000100 0.000101
1 0.000037 0.000036
0 0.000100 0.000062
1 0.000037 0.000033
0 0.000100 0.000079
1 0.000037 0.000031
0 0.000099 0.000072
1 0.000037 0.000029
0 0.000099 0.000068
1 0.000037 0.000025
0 0.000098 0.000112
1 0.000037 0.000026
0 0.000098 0.000097
1 0.000036 0.000027
0 0.000098 0.000100
1 0.000036 0.000042
0 0.000098 0.000119
1 0.000036 0.000046
0 0.000098 0.000098
1 0.000036 0.000046
0 0.000098 0.000091
1 0.000036 0.000038
0 0.000098 0.000100
1 0.000036 0.000036
0 0.000098 0.000099
1 0.000037 0.000038
0 0.000098 0.000081
1 0.000037 0.000033
0 0.000098 0.000100
1 0.000037 0.000031
0 0.000098 0.000101
1 0.000036 0.000037
0 0.000098 0.000132
1 0.000036 0.000020
0 0.000098 0.000099
1 0.000036 0.000025
0 0.000099 0.000102
1 0.000036 0.000040
0 0.000099 0.000099
1 0.000036 0.000045
0 0.000099 0.000110
1 0.000036 0.000044
0 0.000099 0.000099
1 0.000036 0.000039
0 0.000099 0.000105
1 0.000036 0.000037
0 0.000099 0.000129
1 0.000036 0.000036
0 0.000099 0.000091
1 0.000036 0.000033
0 0.000100 0.000090
1 0.000036 0.000034
0 0.000100 0.000083
1 0.000036 0.000026
0 0.000099 0.000080
1 0.000036 0.000024
0 0.000099 0.000072
1 0.000036 0.000026
0 0.000099 0.000072
1 0.000036 0.000027
0 0.000098 0.000068
1 0.000036 0.000047
0 0.000098 0.000126
1 0.000035 0.000044
0 0.000097 0.000097
1 0.000036 0.000046
0 0.000098 0.000091
1 0.000036 0.000039
0 0.000098 0.000103
1 0.000036 0.000038
0 0.000098 0.000108
1 0.000036 0.000038
0 0.000098 0.000090
1 0.000036 0.000031
0 0.000098 0.000102
1 0.000036 0.000030
0 0.000098 0.000119
1 0.000036 0.000025
0 0.000098 0.000095
1 0.000036 0.000028
0 0.000098 0.000109
1 0.000036 0.000026
0 0.000098 0.000104
1 0.000036 0.000040
0 0.000098 0.000100
1 0.000035 0.000046
0 0.000098 0.000110
1 0.000035 0.000047
0 0.000098 0.000101
1 0.000036 0.000039
0 0.000099 0.000110
1 0.000036 0.000038
0 0.000099 0.000122
1 0.000036 0.000033
0 0.000099 0.000086
1 0.000036 0.000031
0 0.000099 0.000104
1 0.000036 0.000030
0 0.000099 0.000104
1 0.000036 0.000030
0 0.000099 0.000148
1 0.000036 0.000024
0 0.000099 0.000086
1 0.000036 0.000026
0 0.000100 0.000085
1 0.000035 0.000027
0 0.000100 0.000101
1 0.000035 0.000045
0 0.000100 0.000073
1 0.000035 0.000042
0 0.000100 0.000077
1 0.000035 0.000038
0 0.000099 0.000075
1 0.000035 0.000036
0 0.000099 0.000089
1 0.000035 0.000037
0 0.000098 0.000084
1 0.000035 0.000036
0 0.000098 0.000087
1 0.000035 0.000034
0 0.000098 0.000120
1 0.000035 0.000031
0 0.000098 0.000099
1 0.000035 0.000034
0 0.000098 0.000100
1 0.000035 0.000025
0 0.000098 0.000095
1 0.000035 0.000027
0 0.000098 0.000100
1 0.000035 0.000028
0 0.000098 0.000099
1 0.000035 0.000045
0 0.000098 0.000111
1 0.000035 0.000046
0 0.000098 0.000128
1 0.000035 0.000040
0 0.000098 0.000100
1 0.000035 0.000035
0 0.000099 0.000111
1 0.000035 0.000038
0 0.000099 0.000102
1 0.000035 0.000057
0 0.000099 0.000089
1 0.000035 0.000032
0 0.000099 0.000105
1 0.000036 0.000028
0 0.000099 0.000135
1 0.000036 0.000025
0 0.000099 0.000100
1 0.000036 0.000027
0 0.000100 0.000105
1 0.000035 0.000022
0 0.000100 0.000096
1 0.000035 0.000039
0 0.000100 0.000117
1 0.000035 0.000044
0 0.000100 0.000079
1 0.000035 0.000036
0 0.000100 0.000076
1 0.000035 0.000039
0 0.000100 0.000099
1 0.000035 0.000038
0 0.000099 0.000073
1 0.000035 0.000039
0 0.000099 0.000068
1 0.000035 0.000034
0 0.000099 0.000110
1 0.000035 0.000029
0 0.000098 0.000098
1 0.000035 0.000025
0 0.000098 0.000083
1 0.000035 0.000024
0 0.000098 0.000131
1 0.000035 0.000027
0 0.000098 0.000104
1 0.000035 0.000023
0 0.000099 0.000102
1 0.000035 0.000044
0 0.000099 0.000097
1 0.000034 0.000081
0 0.000099 0.000105
1 0.000035 0.000048
0 0.000099 0.000104
1 0.000036 0.000042
0 0.000099 0.000133
1 0.000036 0.000034
0 0.000099 0.000093
1 0.000036 0.000053
0 0.000100 0.000086
1 0.000036 0.000031
0 0.000100 0.000104
1 0.000036 0.000028
0 0.000099 0.000109
1 0.000036 0.000025
0 0.000099 0.000104
1 0.000036 0.000025
0 0.000100 0.000128
1 0.000036 0.000026
0 0.000100 0.000096
1 0.000036 0.000081
0 0.000100 0.000098
1 0.000035 0.000042
0 0.000100 0.000106
1 0.000036 0.000037
0 0.000100 0.000103
1 0.000036 0.000039
0 0.000100 0.000179
1 0.000036 0.000061
0 0.000100 0.000107
1 0.000036 0.000037
0 0.000102 0.000097
1 0.000037 0.000035
0 0.000102 0.000074
1 0.000037 0.000030
0 0.000102 0.000082
1 0.000037 0.000022
0 0.000101 0.000071
1 0.000037 0.000024
0 0.000101 0.000092
1 0.000036 0.000021
0 0.000100 0.000088
1 0.000036 0.000038
0 0.000100 0.000107
1 0.000036 0.000101
0 0.000100 0.000078
1 0.000036 0.000042
0 0.000100 0.000105
1 0.000037 0.000040
0 0.000100 0.000105
1 0.000037 0.000040
0 0.000100 0.000105
1 0.000037 0.000039
0 0.000100 0.000119
1 0.000037 0.000032
0 0.000100 0.000160
1 0.000037 0.000056
0 0.000100 0.000092
1 0.000037 0.000030
0 0.000102 0.000103
1 0.000038 0.000038
0 0.000101 0.000105
1 0.000038 0.000025
0 0.000101 0.000128
1 0.000038 0.000026
0 0.000101 0.000108
1 0.000037 0.000026
0 0.000102 0.000107
1 0.000037 0.000045
0 0.000102 0.000100
1 0.000037 0.000090
0 0.000102 0.000101
1 0.000037 0.000036
0 0.000102 0.000105
1 0.000038 0.000038
0 0.000102 0.000131
1 0.000038 0.000037
0 0.000102 0.000102
1 0.000038 0.000050
0 0.000103 0.000093
1 0.000038 0.000032
0 0.000103 0.000089
1 0.000038 0.000021
0 0.000103 0.000089
1 0.000038 0.000028
0 0.000102 0.000080
1 0.000038 0.000025
0 0.000102 0.000098
1 0.000038 0.000027
0 0.000102 0.000082
1 0.000037 0.000041
0 0.000102 0.000074
1 0.000037 0.000043
0 0.000101 0.000080
1 0.000037 0.000039
0 0.000101 0.000096
1 0.000037 0.000037
0 0.000100 0.000100
1 0.000037 0.000035
0 0.000100 0.000107
1 0.000037 0.000035
0 0.000100 0.000089
1 0.000037 0.000032
0 0.000100 0.000096
1 0.000037 0.000032
0 0.000100 0.000101
1 0.000037 0.000028
0 0.000100 0.000102
1 0.000037 0.000024
0 0.000100 0.000114
1 0.000037 0.000026
0 0.000100 0.000111
1 0.000037 0.000027
0 0.000100 0.000113
1 0.000036 0.000081
0 0.000100 0.000095
1 0.000036 0.000043
0 0.000101 0.000108
1 0.000037 0.000055
0 0.000101 0.000137
1 0.000037 0.000038
0 0.000101 0.000113
1 0.000038 0.000032
0 0.000101 0.000102
1 0.000038 0.000042
0 0.000102 0.000094
1 0.000037 0.000030
0 0.000102 0.000098
1 0.000038 0.000030
0 0.000102 0.000103
1 0.000037 0.000025
0 0.000101 0.000127
1 0.000037 0.000025
0 0.000101 0.000109
1 0.000037 0.000026
0 0.000102 0.000103
1 0.000037 0.000039
0 0.000102 0.000089
1 0.000037 0.000042
0 0.000102 0.000086
1 0.000037 0.000038
0 0.000102 0.000099
1 0.000037 0.000037
0 0.000102 0.000078
1 0.000037 0.000038
0 0.000102 0.000074
1 0.000037 0.000036
0 0.000101 0.000065
1 0.000037 0.000031
0 0.000101 0.000095
1 0.000037 0.000031
0 0.000100 0.000114
1 0.000037 0.000042
0 0.000100 0.000114
1 0.000037 0.000028
0 0.000100 0.000103
1 0.000037 0.000025
0 0.000100 0.000106
1 0.000036 0.000027
0 0.000100 0.000104
1 0.000036 0.000041
0 0.000100 0.000127
1 0.000036 0.000047
0 0.000101 0.000098
1 0.000036 0.000035
0 0.000101 0.000103
1 0.000036 0.000038
0 0.000101 0.000104
1 0.000036 0.000038
0 0.000101 0.000103
1 0.000036 0.000036
0 0.000101 0.000112
1 0.000036 0.000030
0 0.000101 0.000095
1 0.000036 0.000034
0 0.000101 0.000102
1 0.000036 0.000026
0 0.000101 0.000106
1 0.000036 0.000025
0 0.000101 0.000100
1 0.000036 0.000024
0 0.000101 0.000133
1 0.000036 0.000025
0 0.000101 0.000102
1 0.000036 0.000036
0 0.000102 0.000102
1 0.000035 0.000043
0 0.000102 0.000106
1 0.000035 0.000041
0 0.000102 0.000091
1 0.000036 0.000040
0 0.000102 0.000115
1 0.000036 0.000039
0 0.000102 0.000130
1 0.000036 0.000041
0 0.000102 0.000072
1 0.000036 0.000034
0 0.000103 0.000084
1 0.000036 0.000024
0 0.000102 0.000075
1 0.000036 0.000023
0 0.000102 0.000092
1 0.000036 0.000026
0 0.000101 0.000071
1 0.000035 0.000027
0 0.000101 0.000104
1 0.000035 0.000041
0 0.000100 0.000104
1 0.000035 0.000045
0 0.000100 0.000104
1 0.000035 0.000087
0 0.000101 0.000129
1 0.000035 0.000039
0 0.000101 0.000111
1 0.000036 0.000039
0 0.000101 0.000104
1 0.000036 0.000038
0 0.000101 0.000104
1 0.000036 0.000055
0 0.000101 0.000090
1 0.000037 0.000032
0 0.000101 0.000131
1 0.000037 0.000025
0 0.000101 0.000102
1 0.000037 0.000026
0 0.000102 0.000148
1 0.000037 0.000026
0 0.000102 0.000101
1 0.000036 0.000026
0 0.000103 0.000103
1 0.000036 0.000044
0 0.000103 0.000133
1 0.000036 0.000043
0 0.000103 0.000109
1 0.000036 0.000051
0 0.000103 0.000109
1 0.000036 0.000041
0 0.000103 0.000112
1 0.000037 0.000038
0 0.000104 0.000129
1 0.000037 0.000037
0 0.000104 0.000094
1 0.000037 0.000033
0 0.000104 0.000090
1 0.000037 0.000027
0 0.000104 0.000088
1 0.000037 0.000027
0 0.000104 0.000084
1 0.000036 0.000024
0 0.000103 0.000094
1 0.000036 0.000027
0 0.000103 0.000080
1 0.000036 0.000047
0 0.000103 0.000077
1 0.000036 0.000045
0 0.000102 0.000071
1 0.000036 0.000042
0 0.000102 0.000111
1 0.000036 0.000039
0 0.000101 0.000103
1 0.000036 0.000038
0 0.000101 0.000102
1 0.000036 0.000035
0 0.000101 0.000098
1 0.000036 0.000049
0 0.000102 0.000089
1 0.000036 0.000034
0 0.000101 0.000107
1 0.000037 0.000025
0 0.000101 0.000122
1 0.000037 0.000024
0 0.000101 0.000105
1 0.000036 0.000026
0 0.000102 0.000113
1 0.000036 0.000027
0 0.000102 0.000106
1 0.000036 0.000045
0 0.000102 0.000182
1 0.000036 0.000044
0 0.000102 0.000113
1 0.000036 0.000040
0 0.000104 0.000098
1 0.000036 0.000036
0 0.000104 0.000112
1 0.000036 0.000035
0 0.000104 0.000108
1 0.000036 0.000039
0 0.000104 0.000119
1 0.000036 0.000033
0 0.000104 0.000111
1 0.000036 0.000025
0 0.000104 0.000109
1 0.000036 0.000025
0 0.000104 0.000104
1 0.000036 0.000023
0 0.000105 0.000107
1 0.000036 0.000026
0 0.000105 0.000108
1 0.000035 0.000045
0 0.000105 0.000088
1 0.000035 0.000043
0 0.000105 0.000087
1 0.000035 0.000038
0 0.000104 0.000072
1 0.000036 0.000035
0 0.000104 0.000078
1 0.000036 0.000038
0 0.000103 0.000094
1 0.000036 0.000039
0 0.000103 0.000067
1 0.000036 0.000034
0 0.000103 0.000101
1 0.000036 0.000030
0 0.000102 0.000078
1 0.000036 0.000027
0 0.000102 0.000129
1 0.000036 0.000027
0 0.000101 0.000104
1 0.000035 0.000028
0 0.000102 0.000106
1 0.000035 0.000029
0 0.000102 0.000098
1 0.000035 0.000041
0 0.000102 0.000108
1 0.000035 0.000045
0 0.000102 0.000117
1 0.000035 0.000035
0 0.000102 0.000100
1 0.000035 0.000047
0 0.000102 0.000129
1 0.000035 0.000038
1 0.000036 0.000036
1 0.000036 0.000034
0 0.000102 0.000084
1 0.000036 0.000028
1 0.000036 0.000029
1 0.000035 0.000028
0 0.000103 0.000058
1 0.000035 0.000026
1 0.000035 0.000039
1 0.000035 0.000046
0 0.000103 0.000054
0 0.000102 0.000101
0 0.000101 0.000001
