0.000000 0.011107
0.000000 0.005587
0.000000 0.009102
0.000000 0.011493
0.000000 0.008861
0.000000 0.009419
0.000000 0.006571
0.005493 0.006087
0.005494 0.005716
0.007343 0.005985
0.010277 0.005809
0.010361 0.005743
0.011219 0.005640
0.009107 0.005108
0.010268 0.005650
0.751351 0.006093
0.007212 0.005681
0.007963 0.005772
0.006753 0.005714
7032142657.312328 0.005799
0.007880 0.005647
0.005576 0.005811
0.006093 0.005118
0.005681 0.005787
0.090214 0.004491
0.006539 0.005765
0.006027 0.005781
0.006017 0.005738
0.005405 0.005847
0.005538 0.005744
0.005566 0.005804
0.005734 0.005129
0.005828 0.005828
0.005911 0.004349
0.005889 0.005769
0.005900 0.005893
0.005901 0.005792
0.005483 0.005791
0.005623 0.005768
0.005638 0.005740
0.005744 0.005154
0.005802 0.005823
0.005144 0.004492
0.005835 0.005776
0.005846 0.005970
0.005849 0.005812
0.005534 0.005755
0.005664 0.006732
0.005670 0.005774
0.005750 0.005150
0.005793 0.005717
0.004851 0.004501
0.005811 0.005775
0.005822 0.005745
0.005857 0.005772
0.005593 0.005728
0.005745 0.005765
0.005764 0.005787
0.005773 0.005124
0.005775 0.005618
0.000136 0.004408
0.005781 0.005679
0.005783 0.005713
0.005782 0.005660
0.005649 0.005728
0.005762 0.005679
0.005757 0.005704
0.005866 0.005133
0.005859 0.005818
0.005713 0.004505
0.005747 0.005803
0.005743 0.005722
0.005738 0.005759
0.005642 0.005729
0.005747 0.005771
0.005745 0.005739
0.005733 0.004993
0.005733 0.005729
0.005722 0.005004
0.004208 0.003958
0.004582 0.004211
0.004583 0.004267
0.004582 0.004206
0.004461 0.003967
0.005618 0.005723
0.007485 0.005148
0.005610 0.005766
0.004338 0.004476
0.005604 0.005763
0.005622 0.005716
0.005617 0.005751
0.005609 0.005740
0.005613 0.005736
0.005590 0.005779
0.005599 0.005110
0.005626 0.005728
0.004122 0.004493
0.005635 0.005748
0.005644 0.005790
0.005651 0.005735
0.005659 0.005778
0.005651 0.005747
0.005638 0.005821
0.005642 0.005119
0.005653 0.005829
0.005790 0.004567
0.008533 0.005038
0.005663 0.005089
0.008539 0.004988
8.329260 0.006890
37.750002 0.013973
19.200420 0.010680
7.011504 0.008011
0.094222 0.006932
2.065706 0.017609
0.004988 0.007884
0.006890 0.017567
0.013973 0.021852
0.010680 0.008095
32.123866 0.027825
0.006932 0.008937
0.061834 0.008812
0.007884 0.019411
0.028293 0.024497
0.016476 0.019490
0.024742 0.024613
0.008046 0.008257
0.024539 0.023689
0.008758 0.008737
0.009243 0.009734
0.024142 0.024979
0.010103 0.012289
0.007382 0.008044
0.007097 0.007715
0.018339 0.019766
0.006864 0.007646
0.014805 0.015355
0.021595 0.022373
0.012374 0.012724
0.009667 0.009836
0.010514 0.010262
0.025835 0.026792
0.013502 0.013431
0.008889 0.009466
0.009994 0.009799
0.022450 0.022846
0.010931 0.010880
0.009945 0.010807
0.018862 0.019843
0.007527 0.007879
0.022979 0.022868
0.011044 0.011656
0.009040 0.009110
0.007992 0.008107
0.022238 0.022111
0.013932 0.014440
0.008156 0.008182
0.010605 0.010053
0.018207 0.017387
0.014003 0.014009
0.009033 0.009202
0.008180 0.008259
0.012287 0.011833
0.015089 0.015300
0.010012 0.010163
0.028855 0.028201
0.020583 0.018452
0.017972 0.016475
0.013476 0.012437
0.013780 0.012900
0.020512 0.020396
0.017289 0.016797
0.014100 0.013096
0.013861 0.012759
0.018119 0.017174
0.014650 0.013572
0.012886 0.012595
0.017115 0.018361
0.013143 0.012999
0.011608 0.010794
0.011317 0.010776
0.014609 0.014461
0.013135 0.012896
0.015331 0.015745
0.013326 0.013174
0.014827 0.015341
0.012949 0.012889
0.011422 0.010701
0.014297 0.015079
0.011924 0.011919
0.010763 0.010537
0.011758 0.011833
0.010668 0.010601
0.011588 0.011396
0.010883 0.010429
0.011653 0.011617
0.010537 0.010315
0.010518 0.010548
0.012716 0.013684
0.011157 0.010836
0.012011 0.012920
0.012432 0.013338
0.011012 0.011008
0.011665 0.012572
0.010354 0.010357
0.010959 0.011661
0.011091 0.011769
0.011029 0.011221
0.010715 0.011300
0.011496 0.012313
0.011231 0.011688
0.012117 0.012854
0.010729 0.011081
0.010868 0.011286
0.011125 0.011200
0.011726 0.012411
0.010159 0.010300
0.010584 0.011011
0.009563 0.009875
0.013546 0.013843
0.016524 0.017572
0.015637 0.014627
0.015873 0.016363
0.017002 0.017115
0.014169 0.013842
0.019442 0.019362
0.015717 0.016149
0.014719 0.014430
0.018046 0.018444
0.017892 0.017919
0.013911 0.013689
0.014842 0.014479
0.015082 0.015743
0.016315 0.017266
0.013987 0.013369
0.016944 0.017600
0.017031 0.017609
0.015705 0.015905
0.018037 0.018790
0.016789 0.016231
0.015049 0.015220
0.017808 0.018579
0.015948 0.016181
0.014240 0.014013
0.016400 0.016519
0.019975 0.020233
0.017350 0.017840
0.017062 0.018066
0.016726 0.015606
0.015633 0.014798
0.018869 0.019089
0.019778 0.020463
0.016149 0.015570
0.016831 0.016961
0.007151 0.005892
0.005062 0.004072
0.020475 0.018007
0.019248 0.017085
0.005651 0.005248
0.007041 0.006399
0.005291 0.004677
0.008191 0.007967
0.011017 0.010745
0.012871 0.012381
0.015302 0.015202
0.015741 0.015380
0.017812 0.017757
0.014424 0.013103
0.012529 0.012043
0.010191 0.009954
0.010675 0.010332
0.012267 0.011349
0.011755 0.010081
0.011020 0.010301
0.012106 0.010563
0.014420 0.014302
0.011429 0.011653
0.011441 0.011821
0.015283 0.016262
0.013545 0.013886
0.010765 0.010958
0.010935 0.010909
0.015325 0.015976
0.013795 0.013982
0.010602 0.010779
0.011318 0.010994
0.015026 0.015578
0.013556 0.014065
0.011489 0.011353
0.011524 0.011384
0.014600 0.014422
0.013292 0.013751
0.010834 0.010688
0.011221 0.011135
0.011386 0.011062
0.049938 0.052919
0.031989 0.033296
0.018921 0.019012
0.012894 0.013524
0.011420 0.012242
0.011204 0.011873
0.011604 0.011935
0.028816 0.030120
0.015586 0.016288
0.009135 0.009418
0.010994 0.010993
0.029153 0.030594
0.015755 0.016526
0.009043 0.009223
0.011596 0.011361
0.029770 0.030992
0.015376 0.015973
0.009316 0.009522
0.011321 0.011354
0.028260 0.028147
0.015961 0.016160
0.008941 0.009024
0.011978 0.011815
0.028341 0.027844
0.015903 0.016234
0.009527 0.009651
0.011539 0.011334
0.027441 0.027871
0.017052 0.017196
0.009714 0.009840
0.012684 0.012253
0.023470 0.023616
0.015769 0.016001
0.009203 0.009163
0.010669 0.010666
0.013716 0.012914
0.018834 0.018255
0.010054 0.009910
0.013192 0.012336
0.015587 0.014201
0.013537 0.013300
0.011463 0.011380
0.011825 0.011853
0.015051 0.015393
0.013938 0.014116
0.011855 0.011878
0.011951 0.011777
0.015725 0.015812
0.013732 0.013831
0.011929 0.011794
0.011308 0.011167
0.015146 0.015417
0.013296 0.013459
0.010959 0.010985
0.011704 0.011667
0.014974 0.014640
0.013649 0.013631
0.011738 0.011630
0.012007 0.011696
0.014431 0.014415
0.014005 0.014138
0.011907 0.011898
0.012126 0.012074
0.013542 0.013318
0.012326 0.012280
0.014841 0.014836
0.010866 0.009859
0.013109 0.012287
0.016828 0.015785
0.011534 0.011493
0.017040 0.015489
0.011356 0.011299
0.016550 0.014989
0.011531 0.011644
0.015817 0.014207
0.012100 0.012203
0.012017 0.011979
0.012924 0.012398
0.009636 0.009634
0.011671 0.011604
0.010343 0.010664
0.011492 0.011364
0.010495 0.010852
0.010518 0.010511
0.011326 0.011419
0.011403 0.012091
0.011035 0.011120
0.011860 0.012883
0.011291 0.011364
0.011872 0.012827
0.011531 0.011777
0.012353 0.013159
0.011448 0.011508
0.011882 0.012226
0.011736 0.011668
0.012200 0.012579
0.012202 0.011893
0.011699 0.011470
0.011395 0.011276
0.011768 0.012003
0.011375 0.011548
0.011810 0.012223
0.011710 0.011595
0.012428 0.013544
0.011957 0.012609
0.012155 0.012688
0.012271 0.012228
0.012925 0.013845
0.012122 0.012569
0.012391 0.012556
0.011470 0.011121
0.013059 0.013665
0.011938 0.012029
0.012409 0.012844
0.019440 0.019851
0.019456 0.019407
0.026438 0.025518
0.024928 0.024552
0.028525 0.026868
0.032992 0.030535
0.010030 0.010925
0.028955 0.027755
0.011703 0.012134
0.011436 0.011878
0.010617 0.010692
0.022637 0.022081
0.015402 0.014988
0.012043 0.012025
0.012588 0.012680
0.011087 0.010329
0.011223 0.011013
0.013150 0.012574
0.013951 0.012334
0.008840 0.008115
0.009504 0.008524
0.013116 0.012683
0.011771 0.011541
0.013712 0.014284
0.013259 0.013953
0.011727 0.011993
0.012057 0.012235
0.014164 0.014583
0.013740 0.014795
0.011837 0.011831
0.012330 0.012143
0.014129 0.014608
0.013908 0.014732
0.011848 0.011927
0.012672 0.012652
0.014125 0.014765
0.014111 0.014982
0.012306 0.012142
0.012561 0.012457
0.013668 0.014244
0.013928 0.014999
0.012617 0.012579
0.012652 0.012592
0.013206 0.013464
0.014249 0.015112
0.012787 0.013053
0.013220 0.013485
0.012898 0.013029
0.013260 0.013490
0.012723 0.012603
0.012649 0.012801
0.013022 0.012773
0.013353 0.013834
0.012419 0.012803
0.012687 0.012469
0.011053 0.010629
0.013027 0.012751
0.012385 0.011967
0.011049 0.010868
0.004989 0.011530
0.011094 0.010834
0.011645 0.012650
0.011125 0.010693
0.011278 0.011088
0.010875 0.010680
0.010746 0.010402
0.010824 0.010585
0.011428 0.010850
0.010969 0.010367
0.011019 0.010482
0.010808 0.010657
0.011255 0.011202
0.014255 0.014010
0.015853 0.015667
0.014889 0.014484
0.016791 0.017703
0.016554 0.016590
0.015952 0.015779
0.016806 0.017726
0.014872 0.014213
0.017464 0.017849
0.016858 0.018095
0.014890 0.014735
0.017150 0.017736
0.011237 0.011213
0.011258 0.011051
0.015778 0.015083
0.011350 0.010899
0.013192 0.013361
0.012637 0.013256
0.011726 0.011306
0.011540 0.011184
0.013192 0.013262
0.011574 0.011213
0.012821 0.013371
0.013087 0.013900
0.011769 0.011602
0.011662 0.011445
0.013563 0.013522
0.011832 0.011420
0.013424 0.013673
0.012888 0.013617
0.011374 0.011353
0.011924 0.011533
0.013824 0.014205
0.013190 0.014225
0.011671 0.011843
0.011517 0.011003
0.013366 0.012944
0.011732 0.011415
0.012659 0.012478
0.011497 0.011168
0.017531 0.016815
0.015016 0.013715
0.015404 0.015190
0.013149 0.012621
0.013498 0.013042
0.017873 0.017948
0.015885 0.016164
0.012765 0.012228
0.012967 0.012547
0.017543 0.018068
0.016237 0.017077
0.012893 0.012639
0.013800 0.013786
0.017106 0.017867
0.016596 0.017561
0.013730 0.013827
0.013856 0.013818
0.016234 0.016612
0.016774 0.017907
0.013400 0.013729
0.013070 0.013525
0.015805 0.015502
0.013025 0.012747
0.014068 0.012421
0.022372 0.021253
0.020083 0.018546
0.021325 0.020212
0.019763 0.018854
0.019674 0.018874
0.020422 0.019919
0.021064 0.020911
0.019459 0.018859
0.019623 0.018873
0.020446 0.019484
0.019345 0.018900
0.020548 0.020630
0.020618 0.021125
0.019135 0.018986
0.019151 0.018842
0.020354 0.019949
0.020293 0.020558
0.018725 0.018374
0.018582 0.018231
0.014254 0.015059
0.019851 0.019573
0.018395 0.017806
0.017688 0.016498
0.012697 0.013796
0.012156 0.012292
0.016560 0.017287
0.014542 0.014977
0.012756 0.012798
0.014805 0.015504
0.014979 0.015718
0.013044 0.013318
0.016525 0.017178
0.015377 0.016878
0.015897 0.017107
0.015591 0.016314
0.015099 0.015968
0.014544 0.014803
0.016660 0.016562
0.013584 0.013709
0.018138 0.018288
0.015732 0.015607
0.015673 0.015928
0.011964 0.011842
0.014777 0.014763
0.012718 0.012608
0.015522 0.015791
0.013150 0.013104
0.013083 0.013311
0.012199 0.012261
0.011285 0.010827
0.011953 0.011445
0.012890 0.012631
0.012338 0.012014
0.012342 0.012725
0.012610 0.012148
0.012434 0.012159
0.013026 0.013329
0.013552 0.013891
0.013339 0.013082
0.012770 0.012982
0.012409 0.011900
0.012455 0.012380
0.012544 0.012490
0.014015 0.014391
0.012348 0.012283
0.012542 0.012317
0.013769 0.013180
0.011652 0.010970
0.012743 0.012235
0.012092 0.011900
0.012775 0.012143
0.011863 0.011652
0.011150 0.010713
0.012491 0.011956
0.011663 0.011414
0.012538 0.012266
0.011888 0.011779
0.012643 0.011274
0.011421 0.011650
0.012466 0.013280
0.011920 0.013021
0.011985 0.012589
0.011373 0.011677
0.012339 0.012757
0.012838 0.013875
0.010859 0.011088
0.010246 0.010431
0.013822 0.013803
0.012488 0.013233
0.009822 0.009813
0.009688 0.009504
0.014874 0.014629
0.012070 0.012529
0.009584 0.009278
0.009398 0.009054
0.015158 0.014708
0.010613 0.010784
0.009179 0.008811
0.009072 0.008775
0.015132 0.014987
0.010697 0.010716
0.008617 0.008358
0.009258 0.008773
0.014825 0.013934
0.010614 0.010502
0.008007 0.007791
0.008606 0.008259
0.007927 0.006593
0.004719 0.004023
0.009353 0.008090
0.004636 0.003941
0.005462 0.005742
0.005374 0.005805
0.007726 0.007216
0.005134 0.005403
0.005260 0.004709
0.008100 0.008123
0.008687 0.008598
0.009896 0.009523
0.010776 0.010635
0.012049 0.012029
0.013052 0.012758
0.015148 0.014918
0.016054 0.016182
0.015337 0.015489
0.015820 0.015393
0.015275 0.014719
0.015512 0.014896
0.016175 0.015498
0.013685 0.013060
0.014865 0.014447
0.015398 0.014842
0.013435 0.013002
0.015079 0.014662
0.016299 0.016501
0.013152 0.012720
0.012935 0.012592
0.014279 0.013602
0.012454 0.012447
0.014778 0.014486
0.012926 0.012917
0.015379 0.014913
0.012916 0.012871
0.015024 0.014245
0.014754 0.014881
0.011739 0.011762
0.012308 0.012138
0.013757 0.013443
0.012176 0.012071
0.025931 0.024714
0.019959 0.018417
0.015642 0.014828
0.015080 0.014980
0.022180 0.021112
0.015552 0.015513
0.014712 0.015178
0.025900 0.025777
0.017359 0.018168
0.015832 0.015704
0.014176 0.014113
0.022753 0.023446
0.016589 0.017627
0.014928 0.015053
0.014900 0.014892
0.022436 0.022871
0.017556 0.017926
0.014418 0.014647
0.015651 0.015263
0.023094 0.023318
0.017145 0.017491
0.015197 0.015043
0.014962 0.014970
0.022567 0.022595
0.017074 0.017514
0.015415 0.015361
0.014786 0.014711
0.019465 0.019347
0.016723 0.017361
0.015080 0.014506
0.015218 0.015160
0.022746 0.022572
0.016545 0.014077
0.014758 0.013778
0.012422 0.010466
0.012003 0.010790
0.011877 0.010475
0.020589 0.016949
0.010819 0.009701
0.020363 0.016942
0.010430 0.009520
0.020814 0.018287
0.010089 0.009126
0.018946 0.016354
0.010187 0.009228
0.022255 0.020365
0.013957 0.013282
0.011862 0.010949
0.011146 0.010467
0.019557 0.018248
0.009788 0.009344
0.018033 0.017184
0.009461 0.009089
0.017241 0.016626
0.011197 0.010589
0.018765 0.018252
0.010834 0.010507
0.019905 0.018791
0.012405 0.012530
0.011728 0.010881
0.011333 0.010862
0.014758 0.014254
0.013576 0.013179
0.012032 0.011195
0.012166 0.011432
0.012249 0.011522
0.011339 0.011595
0.011426 0.010927
0.009798 0.010250
0.013087 0.014004
0.011532 0.012120
0.011740 0.013010
0.013401 0.014287
0.012980 0.014032
0.011204 0.011456
0.011411 0.011533
0.013623 0.014531
0.012931 0.013311
0.011135 0.011028
0.010939 0.010492
0.014398 0.014209
0.010812 0.010337
0.013441 0.013755
0.013652 0.013423
0.008275 0.010589
0.011848 0.012005
0.013657 0.014077
0.014291 0.014471
0.011732 0.011807
0.011413 0.011026
0.013222 0.011870
0.015155 0.014306
0.010865 0.009946
0.013206 0.012709
0.013827 0.013450
0.014919 0.015317
0.013404 0.013014
0.013497 0.013123
0.014062 0.013774
0.012419 0.011978
0.013299 0.011729
0.013703 0.013795
0.014797 0.014080
0.014035 0.014013
0.012498 0.011845
0.013013 0.012699
0.015206 0.015053
0.014166 0.014104
0.012218 0.011675
0.012117 0.011670
0.013568 0.014054
0.013737 0.014583
0.013626 0.013101
0.012710 0.012649
0.014111 0.014113
0.015903 0.016691
0.012878 0.012781
0.013406 0.013395
0.014711 0.015031
0.013199 0.012964
0.014420 0.014039
0.011633 0.011341
0.014440 0.014436
0.014180 0.014433
0.012385 0.012075
0.012521 0.012348
0.013027 0.012954
0.013395 0.013701
0.012953 0.013058
0.012320 0.012323
0.014638 0.014236
0.014774 0.014758
0.016428 0.014230
0.014484 0.015413
0.013672 0.013894
0.015380 0.016257
0.013281 0.013719
0.013217 0.014039
0.012406 0.012999
0.014126 0.015357
0.012585 0.013246
0.013259 0.013995
0.012523 0.012836
0.012525 0.013038
0.012301 0.012339
0.013747 0.014407
0.012333 0.012738
0.011997 0.012422
0.012992 0.012937
0.013095 0.013449
0.012122 0.012015
0.015157 0.015647
0.013709 0.013343
0.013599 0.013911
0.012157 0.012112
0.014593 0.014925
0.012113 0.011721
0.013171 0.013097
0.014804 0.014657
0.014834 0.014615
0.012122 0.011782
0.012213 0.011837
0.014554 0.013770
0.012256 0.012186
0.013827 0.013853
0.013906 0.014117
0.013050 0.012827
0.013591 0.013954
0.014554 0.014748
0.014269 0.015044
0.013371 0.013438
0.012868 0.012958
0.014918 0.014971
0.015010 0.015107
0.012168 0.011729
0.012825 0.012763
0.013737 0.013975
0.013883 0.014394
0.012701 0.012634
0.025472 0.023492
0.014304 0.012740
0.010708 0.010420
0.015213 0.014031
0.010986 0.010639
0.015393 0.013915
0.011335 0.010886
0.015622 0.014237
0.010377 0.010344
0.015859 0.014957
0.011664 0.011215
0.015406 0.015190
0.010738 0.010559
0.014689 0.014298
0.010741 0.010766
0.014439 0.014044
0.010993 0.010783
0.016253 0.015834
0.012730 0.012995
0.011330 0.011320
0.011434 0.011225
0.015392 0.015268
0.013263 0.013492
0.011687 0.011550
0.011943 0.011734
0.011432 0.010734
0.011987 0.011623
0.017299 0.017026
0.014349 0.013410
0.012649 0.012351
0.011477 0.010822
0.011811 0.011289
0.014666 0.014399
0.013320 0.012631
0.011468 0.010939
0.011239 0.010425
0.013880 0.013715
0.012705 0.011833
0.010248 0.009922
0.010356 0.009768
0.013735 0.014092
0.012686 0.012603
0.010530 0.009795
0.011222 0.010554
0.011920 0.011363
0.013146 0.012339
0.010925 0.010615
0.010770 0.010129
0.015973 0.015698
0.011845 0.011577
0.009752 0.010316
0.008294 0.008606
0.008232 0.008654
0.011951 0.013302
0.010114 0.010706
0.008298 0.008663
0.008440 0.008776
0.011993 0.012901
0.010607 0.011041
0.008351 0.008626
0.008696 0.008507
0.012666 0.013597
0.011127 0.011710
0.009166 0.008887
0.009821 0.009876
0.011755 0.012215
0.010609 0.010612
0.009129 0.008955
0.008861 0.009081
0.011430 0.012098
0.011180 0.011480
0.009004 0.008846
0.009444 0.009309
0.012640 0.012188
0.009469 0.009160
0.009109 0.008747
0.013840 0.012964
0.014693 0.014427
0.013269 0.013308
0.013692 0.014086
0.015153 0.015360
0.015399 0.016009
0.013172 0.013298
0.013134 0.013263
0.016087 0.016562
0.015785 0.016656
0.013211 0.013644
0.013074 0.013346
0.015821 0.016248
0.018051 0.018329
0.014736 0.015404
0.015183 0.015832
0.013741 0.013818
0.012927 0.013133
0.013185 0.012209
0.011641 0.011032
0.008206 0.007735
0.009689 0.009779
0.013484 0.013460
0.012309 0.012724
0.010731 0.010849
0.010441 0.010470
0.012773 0.012768
0.013392 0.014078
0.011107 0.011212
0.012357 0.012479
0.011826 0.011352
0.013745 0.013883
0.012045 0.012048
0.012554 0.012569
0.010729 0.010402
0.012294 0.012372
0.012434 0.012657
0.011440 0.010354
0.012144 0.012204
0.011292 0.011200
0.012985 0.012856
0.013485 0.013760
0.012627 0.012683
0.013173 0.013519
0.012952 0.013057
0.012641 0.012635
0.013225 0.013369
0.012007 0.012248
0.013028 0.013172
0.014080 0.014570
0.012396 0.012581
0.012827 0.012914
0.010959 0.010448
0.010708 0.009945
0.011910 0.012144
0.010650 0.010269
0.010701 0.010040
0.010379 0.010159
0.011169 0.010493
0.012576 0.012502
0.011249 0.010862
0.010866 0.010600
0.011539 0.012020
0.010731 0.010494
0.011475 0.011658
0.010228 0.009956
0.009336 0.008886
0.009757 0.009704
0.009857 0.009360
0.009712 0.009417
0.010384 0.010007
0.009144 0.008807
0.009443 0.009018
0.003485 0.005159
0.003880 0.004007
0.003918 0.004032
0.003903 0.003954
0.004762 0.005805
0.004788 0.005766
0.005381 0.005960
0.004465 0.004726
0.008747 0.008507
0.007676 0.008155
0.010214 0.010277
0.008352 0.009302
0.011880 0.012487
0.010955 0.011694
0.014889 0.014608
0.015745 0.015892
0.012164 0.012627
0.012048 0.012090
0.016372 0.014669
0.012111 0.011600
0.009788 0.009319
0.011124 0.010686
0.015676 0.015466
0.012949 0.012673
0.011443 0.010757
0.011056 0.010515
0.015671 0.015100
0.013213 0.012803
0.011523 0.010810
0.011282 0.010668
0.013748 0.012914
0.010513 0.009907
0.013135 0.011888
0.013691 0.012557
0.010610 0.010313
0.010961 0.010907
0.014506 0.014284
0.012882 0.012976
0.011303 0.011272
0.009056 0.009193
0.009107 0.009066
0.012831 0.013957
0.011327 0.011656
0.009069 0.009045
0.008933 0.008926
0.013311 0.014293
0.011451 0.011647
0.009113 0.008998
0.009177 0.009244
0.013745 0.014499
0.011798 0.011754
0.009240 0.009213
0.009564 0.009435
0.014561 0.015015
0.011535 0.011616
0.009391 0.009376
0.008975 0.008852
0.012994 0.013701
0.011144 0.010747
0.008687 0.008365
0.009547 0.009614
0.013715 0.014459
0.011870 0.011957
0.009466 0.009414
0.009296 0.009175
0.013279 0.013271
0.009147 0.008917
0.013874 0.013764
0.011575 0.011328
0.009105 0.009180
0.009164 0.009036
0.009451 0.008894
0.011984 0.010841
0.009197 0.009032
0.008535 0.007991
0.008769 0.008910
0.009067 0.009155
0.013047 0.012551
0.015248 0.013996
0.012346 0.011549
0.012464 0.012217
0.015137 0.014784
0.012345 0.012449
0.015032 0.014869
0.014288 0.014354
0.013065 0.013354
0.012985 0.013000
0.013738 0.013546
0.012045 0.012190
0.013426 0.013220
0.012146 0.012370
0.009462 0.008928
0.013972 0.013151
0.012042 0.012040
0.011195 0.010564
0.008750 0.008855
0.009438 0.009541
0.011526 0.011618
0.010654 0.009679
0.013310 0.013267
0.012934 0.012682
0.010700 0.010427
0.011341 0.011180
0.013715 0.013946
0.013102 0.013195
0.011403 0.011250
0.011235 0.010964
0.013357 0.013393
0.012492 0.012567
0.011332 0.011427
0.010674 0.010461
0.012616 0.012643
0.010997 0.011079
0.009384 0.008885
0.010583 0.009961
0.008757 0.008872
0.012757 0.012660
0.014057 0.013804
0.013214 0.013043
0.012102 0.012239
0.012290 0.011976
0.014478 0.014369
0.013586 0.013511
0.011967 0.011596
0.012588 0.012342
0.013559 0.013317
0.012129 0.012037
0.012403 0.012581
0.013534 0.013079
0.012067 0.012263
0.011916 0.012159
0.011462 0.011107
0.013613 0.014146
0.011751 0.011429
0.010985 0.010953
0.012005 0.011620
0.010747 0.011210
0.010899 0.010866
0.009872 0.009807
0.012323 0.012938
0.012236 0.013097
0.011501 0.011733
0.011591 0.011906
0.011952 0.012150
0.011177 0.011294
0.012701 0.011138
0.011338 0.011423
0.011044 0.011439
0.011399 0.011427
0.010440 0.010436
0.012987 0.013506
0.012035 0.012240
0.012699 0.013404
0.010304 0.010505
0.009540 0.009399
0.012514 0.012988
0.009576 0.009512
0.012615 0.012804
0.009551 0.009643
0.012642 0.012897
0.010757 0.010290
0.010572 0.010837
0.010906 0.011231
0.010427 0.010182
0.012045 0.012957
0.011696 0.012111
0.011227 0.011550
0.012411 0.012680
0.010895 0.010950
0.011808 0.011838
0.010473 0.010491
0.010815 0.010491
0.010773 0.010556
0.011363 0.011139
0.009579 0.009009
0.011928 0.011440
0.010282 0.010252
0.011601 0.011747
0.011426 0.011928
0.010326 0.010676
0.010369 0.010485
0.011540 0.011446
0.011271 0.011652
0.009857 0.009986
0.010193 0.010132
0.017920 0.018445
0.016889 0.015696
0.013758 0.014469
0.012281 0.012534
0.011981 0.012055
0.014265 0.013422
0.010902 0.011023
0.015681 0.015594
0.013142 0.013376
0.011601 0.011489
0.011461 0.011343
0.014829 0.014420
0.014075 0.014443
0.011474 0.011381
0.011566 0.011542
0.015317 0.015847
0.013832 0.014637
0.011732 0.011486
0.011810 0.011466
0.015147 0.015271
0.013449 0.013731
0.011399 0.011356
0.011686 0.011282
0.013272 0.013208
0.011960 0.011715
0.014849 0.014760
0.013081 0.013285
0.011723 0.011691
0.012163 0.011958
0.010731 0.010478
0.013421 0.013508
0.012060 0.011857
0.011891 0.011290
0.012146 0.012128
0.012776 0.012946
0.011290 0.011674
0.011649 0.011848
0.012754 0.012891
0.013017 0.013477
0.011912 0.012207
0.011276 0.011681
0.013558 0.012167
0.011195 0.011275
0.013361 0.013374
0.012704 0.013084
0.010935 0.011086
0.011477 0.011626
0.013157 0.013449
0.012700 0.012843
0.011576 0.011978
0.010970 0.010859
0.013112 0.013667
0.013035 0.013675
0.011360 0.011320
0.011542 0.011450
0.012512 0.012510
0.011393 0.011541
0.012582 0.012949
0.012414 0.012662
0.011756 0.011965
0.010343 0.010417
0.012037 0.012357
0.012716 0.013296
0.010244 0.010361
0.011466 0.011778
0.029014 0.027729
0.012970 0.012460
0.009386 0.009079
0.010449 0.010171
0.010281 0.010298
0.013683 0.014494
0.011086 0.010580
0.010314 0.010103
0.009804 0.009602
0.013251 0.013621
0.010666 0.010444
0.010609 0.010398
0.009683 0.009487
0.012686 0.013199
0.010703 0.010173
0.010601 0.010507
0.008824 0.008378
0.011359 0.010392
0.010602 0.010140
0.010031 0.009567
0.009867 0.009747
0.008707 0.007921
0.011826 0.010971
0.010278 0.009898
0.010559 0.010122
0.013560 0.013735
0.012792 0.012578
0.011680 0.011962
0.010570 0.010732
0.010722 0.011069
0.012732 0.013410
0.012301 0.012955
0.011170 0.011432
0.011024 0.011259
0.013791 0.013679
0.012568 0.013027
0.010830 0.011033
0.010616 0.010901
0.014028 0.014240
0.012422 0.012858
0.010757 0.011081
0.010242 0.010225
0.013786 0.014360
0.012522 0.013286
0.010732 0.010861
0.011038 0.011104
0.012360 0.012481
0.009990 0.010261
0.012238 0.011966
0.010568 0.010564
0.012194 0.012164
0.010742 0.010856
0.011329 0.010575
0.010906 0.010613
0.019559 0.020097
0.014099 0.013310
0.012065 0.012259
0.017684 0.017450
0.015955 0.016513
0.012086 0.012282
0.013241 0.013267
0.015991 0.015777
0.012547 0.012731
0.016020 0.016007
0.011056 0.011207
0.014499 0.013832
0.011442 0.011592
0.015585 0.015202
0.011698 0.011730
0.014258 0.013650
0.014427 0.014252
0.011685 0.011773
0.015001 0.014835
0.013804 0.013807
0.013091 0.013769
0.011631 0.012146
0.011827 0.012368
0.013130 0.013140
0.011877 0.012311
0.013881 0.013803
0.013592 0.014319
0.012507 0.012683
0.012427 0.012745
0.014220 0.014316
0.013855 0.014337
0.012051 0.012233
0.012307 0.012357
0.013108 0.013592
0.012173 0.012483
0.012889 0.013043
0.013576 0.014047
0.011970 0.012086
0.012180 0.012399
0.011860 0.011345
0.012883 0.013321
0.011363 0.011975
0.012256 0.012316
0.012281 0.012682
0.012885 0.013194
0.012094 0.012593
0.013016 0.013108
0.014170 0.014716
0.012624 0.012979
0.011900 0.012301
0.012358 0.012800
0.012167 0.012584
0.013677 0.013320
0.013535 0.013378
0.012103 0.012419
0.014509 0.013379
0.016344 0.016218
0.015035 0.015079
0.015496 0.015448
0.015836 0.016002
0.015681 0.015995
0.014167 0.014214
0.013924 0.013894
0.015629 0.015702
0.015392 0.015899
0.013767 0.013611
0.013564 0.013463
0.013879 0.013730
0.014266 0.013767
0.013684 0.013437
0.014350 0.014650
0.015330 0.015973
0.013740 0.014394
0.013543 0.014092
0.014275 0.014738
0.013256 0.013798
0.014237 0.014717
0.014778 0.015345
0.013268 0.013507
0.013155 0.013451
0.014724 0.014846
0.014918 0.015542
0.012686 0.013029
0.013307 0.013540
0.014712 0.014641
0.015553 0.015863
0.013319 0.013588
0.013611 0.013759
0.014497 0.014734
0.013478 0.013791
0.015437 0.015334
0.015028 0.015617
0.013609 0.013804
0.013172 0.013202
0.015028 0.015126
0.013438 0.013701
0.014954 0.014746
0.014917 0.015315
0.013543 0.013341
0.014156 0.014224
0.015675 0.015738
0.015553 0.015765
0.013916 0.014045
0.013597 0.013544
0.015940 0.015553
0.015234 0.015307
0.012980 0.013121
0.012540 0.012709
0.012854 0.012884
0.034976 0.032095
0.021076 0.019744
0.013528 0.015008
0.012650 0.012881
0.012696 0.012507
0.020381 0.020531
0.014920 0.015965
0.012957 0.012955
0.012337 0.012645
0.019760 0.020057
0.014748 0.015317
0.013088 0.012610
0.012831 0.012757
0.019876 0.020674
0.014764 0.015129
0.012632 0.012300
0.012940 0.012839
0.018917 0.018607
0.015117 0.015239
0.012576 0.012250
0.013040 0.013128
0.017651 0.018111
0.015261 0.015768
0.013048 0.012940
0.012646 0.012616
0.013915 0.013790
0.015994 0.015719
0.012441 0.012473
0.015267 0.014805
0.016322 0.015409
0.015377 0.015154
0.013897 0.013671
0.013696 0.013323
0.016350 0.015833
0.015548 0.015282
0.013769 0.013004
0.013518 0.012797
0.016604 0.015210
0.013048 0.012640
0.017156 0.016407
0.015134 0.014590
0.012935 0.012436
0.012689 0.012156
0.017359 0.016575
0.014253 0.013739
0.013123 0.012613
0.011862 0.011430
0.017128 0.015954
0.014321 0.013902
0.012488 0.011991
0.012173 0.011875
0.017551 0.017188
0.013711 0.013209
0.012610 0.012292
0.011993 0.011283
0.016925 0.016441
0.013457 0.012920
0.012111 0.011421
0.011996 0.011291
0.016626 0.015775
0.013415 0.012932
0.011701 0.011042
0.011953 0.011429
0.016340 0.015965
0.013731 0.013432
0.011856 0.011262
0.012010 0.011452
0.016102 0.015821
0.013092 0.012695
0.011699 0.011241
0.011420 0.011221
0.014975 0.013845
0.010821 0.010775
0.015621 0.014955
0.013544 0.013601
0.011601 0.011452
0.011530 0.011292
0.012603 0.009158
0.012899 0.011889
0.011831 0.011444
0.010291 0.009421
0.012686 0.009352
0.012386 0.009261
0.011923 0.008734
0.012633 0.010021
0.011475 0.011757
0.011736 0.012118
0.011523 0.012868
0.012240 0.012478
0.012018 0.012747
0.011987 0.013300
0.011856 0.011589
0.012975 0.014156
0.012678 0.013350
0.011942 0.012108
0.012411 0.012202
0.011673 0.012011
0.012770 0.012761
0.012280 0.012378
0.013153 0.013244
0.012889 0.012903
0.009464 0.008869
0.011961 0.011386
0.009008 0.008903
0.009224 0.009382
0.015042 0.014897
0.015324 0.015621
0.015253 0.015572
0.012952 0.013085
0.014027 0.014732
0.016689 0.017237
0.013479 0.014021
0.016030 0.016170
0.014593 0.015293
0.013637 0.014133
0.013676 0.014217
0.013449 0.013837
0.009654 0.009099
0.013139 0.012707
0.013329 0.013751
0.009649 0.009339
0.011039 0.010528
0.011813 0.011388
0.011288 0.011140
0.011838 0.011765
0.012049 0.012660
0.011878 0.011889
0.011980 0.012358
0.012284 0.012445
0.010733 0.011017
0.012850 0.013245
0.012743 0.013528
0.010626 0.010761
0.011880 0.012240
0.010551 0.010642
0.011870 0.012011
0.011984 0.012279
0.012074 0.011728
0.011832 0.012051
0.012835 0.012965
0.011179 0.011383
0.011719 0.011400
0.010239 0.010212
0.012077 0.011977
0.010855 0.011001
0.012752 0.012796
0.010837 0.010645
0.013545 0.013504
0.012901 0.012836
0.010828 0.011220
0.010443 0.010309
0.012911 0.012546
0.012047 0.012268
0.010532 0.010343
0.010805 0.010587
0.014402 0.013787
0.014348 0.013378
0.012516 0.012267
0.013092 0.012495
0.016589 0.016115
0.012643 0.012795
0.013353 0.013835
0.016659 0.016715
0.014970 0.015358
0.012379 0.012207
0.012662 0.012441
0.014932 0.014327
0.014725 0.015020
0.012759 0.012987
0.017974 0.018388
0.014309 0.012658
0.011389 0.011028
0.015558 0.014427
0.012885 0.012694
0.010681 0.010578
0.011500 0.011302
0.013949 0.013722
0.013100 0.013049
0.011168 0.010922
0.011344 0.010964
0.010797 0.010542
0.010938 0.010971
0.011505 0.011372
0.009339 0.009210
0.012809 0.012509
0.012880 0.012721
0.010807 0.010940
0.013295 0.012839
0.011185 0.011058
0.012874 0.012735
0.010936 0.010891
0.012692 0.012372
0.010108 0.010234
0.010642 0.009778
0.013512 0.013330
0.014278 0.014295
0.014259 0.014443
0.011864 0.011797
0.012438 0.012527
0.014498 0.014846
0.014021 0.014708
0.012069 0.012450
0.012050 0.012083
0.011021 0.011518
0.014184 0.014039
0.012082 0.011906
0.010787 0.010342
0.013298 0.013803
0.012293 0.012527
0.009921 0.010134
0.010101 0.010287
0.013842 0.014438
0.011937 0.012237
0.008734 0.009306
0.009211 0.009610
0.009819 0.010239
0.010332 0.010562
0.009751 0.009742
0.008659 0.009059
0.011737 0.012596
0.008677 0.009867
0.009547 0.010577
0.012831 0.013793
0.010298 0.011285
0.008628 0.009097
0.008564 0.008910
0.012480 0.013208
0.010585 0.011321
0.008445 0.008791
0.008433 0.008679
0.013064 0.013443
0.010979 0.011579
0.008869 0.009035
0.008192 0.008389
0.012643 0.012764
0.010175 0.010715
0.008349 0.008533
0.008799 0.008699
0.012345 0.012595
0.010368 0.010676
0.008569 0.008645
0.008556 0.008518
0.010169 0.010356
0.010439 0.010596
0.008601 0.008334
0.008969 0.008670
0.020951 0.019616
0.014328 0.013532
0.012436 0.012359
0.010302 0.010245
0.009964 0.009832
0.013897 0.014031
0.012364 0.012279
0.009840 0.009516
0.009653 0.009599
0.013967 0.014504
0.012335 0.012431
0.009888 0.009784
0.010156 0.009906
0.013834 0.014270
0.011911 0.011836
0.009715 0.009529
0.009563 0.009459
0.013706 0.013789
0.011820 0.011934
0.009220 0.009096
0.009392 0.009358
0.013444 0.013905
0.011993 0.012003
0.009297 0.009355
0.009617 0.009752
0.013353 0.013841
0.011979 0.011855
0.009437 0.009482
0.009559 0.009557
0.013271 0.013259
0.012204 0.012460
0.009806 0.009762
0.010019 0.010078
0.010590 0.010673
0.011743 0.011751
0.009574 0.009874
0.006542 0.005713
0.004590 0.004010
0.004583 0.003951
0.004515 0.003942
0.005155 0.005182
0.007346 0.007021
0.005430 0.005976
0.008335 0.008132
0.010371 0.010683
0.012008 0.011674
0.007983 0.008784
0.014878 0.014743
0.011343 0.011339
0.015442 0.015214
0.011979 0.011704
0.009911 0.010024
0.010433 0.010208
0.014920 0.015118
0.011804 0.011926
0.010660 0.010739
0.009865 0.009840
0.014593 0.014851
0.011478 0.011423
0.008984 0.009120
0.008980 0.009047
0.013074 0.013168
0.008728 0.008798
0.013958 0.014300
0.011908 0.012142
0.009554 0.009697
0.009889 0.009977
0.013984 0.014232
0.012089 0.011867
0.010161 0.010305
0.010412 0.010245
0.011709 0.011440
0.011701 0.011671
0.009280 0.009407
0.011314 0.011570
0.008847 0.007763
0.009334 0.009003
0.013607 0.013542
0.011709 0.011636
0.009718 0.009706
0.010116 0.009626
0.013324 0.013530
0.011569 0.011215
0.009096 0.009104
0.009762 0.009672
0.013828 0.014267
0.011581 0.011323
0.009483 0.009347
0.009637 0.009387
0.013534 0.013786
0.011515 0.011438
0.009376 0.009355
0.009289 0.009094
0.013210 0.013343
0.010962 0.010794
0.008586 0.008628
0.009075 0.008948
0.013499 0.013890
0.011801 0.011697
0.009577 0.009541
0.009893 0.009709
0.014288 0.014199
0.011987 0.012090
0.010084 0.009918
0.010622 0.010334
0.013094 0.012945
0.011319 0.010886
0.009195 0.009038
0.009939 0.009749
0.012798 0.012527
0.010271 0.010046
0.013773 0.013645
0.012027 0.011774
0.009918 0.009964
0.009715 0.009560
0.013709 0.013672
0.010717 0.011199
0.008894 0.008966
0.008673 0.008587
0.013437 0.013649
0.011596 0.011745
0.008999 0.009127
0.009011 0.008981
0.013646 0.014173
0.012135 0.012395
0.009633 0.009517
0.010572 0.010430
0.013856 0.013848
0.011959 0.011966
0.010070 0.009932
0.009962 0.009793
0.014864 0.014991
0.012509 0.012408
0.009854 0.009740
0.010281 0.010196
0.013592 0.012546
0.010537 0.010283
0.009544 0.010199
0.008878 0.008858
0.013451 0.013499
0.011483 0.011550
0.009241 0.009067
0.009324 0.009434
0.007635 0.007084
0.010129 0.009406
0.009386 0.009327
0.008131 0.008046
0.009254 0.009350
0.008618 0.009293
0.007090 0.008585
0.008531 0.008497
0.007239 0.007834
0.006392 0.007299
0.006091 0.006908
0.006544 0.007810
0.006323 0.007626
0.005988 0.006246
0.006599 0.007298
0.006233 0.006690
0.005931 0.006741
0.005830 0.006684
0.005893 0.006612
0.006330 0.006624
0.007142 0.007422
0.006824 0.006592
0.006560 0.006783
0.006466 0.006813
0.006383 0.006643
0.006466 0.006533
0.007116 0.007044
0.006744 0.006538
0.006341 0.005753
0.006547 0.006054
0.006974 0.006744
0.006858 0.007223
0.006598 0.006634
0.006550 0.006615
0.006501 0.006080
0.016368 0.015148
0.017513 0.015827
0.014144 0.013015
0.013236 0.012338
0.015518 0.014001
0.017123 0.015585
0.015880 0.014557
0.017886 0.016730
0.011641 0.011708
0.016880 0.015037
0.015623 0.014303
0.016428 0.014668
0.016112 0.014704
0.016325 0.015011
0.016187 0.015220
0.016503 0.015498
0.015777 0.014857
0.016367 0.015551
0.015653 0.015027
0.016389 0.015762
0.016123 0.015868
0.016291 0.015847
0.015868 0.015557
0.016045 0.015569
0.016017 0.015877
0.016101 0.015687
0.015832 0.015613
0.016148 0.015632
0.015939 0.015641
0.016032 0.015521
0.015276 0.014876
0.008911 0.006627
0.015003 0.014070
0.012215 0.012268
0.008637 0.007047
0.005540 0.004673
0.005769 0.005241
0.005223 0.004183
0.006395 0.006503
0.008806 0.008218
0.008269 0.008673
0.011441 0.010974
0.007223 0.011194
0.014330 0.014788
0.014382 0.015510
0.011653 0.011643
0.013908 0.015139
0.006853 0.013820
0.011612 0.011771
0.011765 0.011684
0.013702 0.015570
0.005414 0.013727
0.011095 0.011343
0.011070 0.010968
0.013712 0.015417
0.012601 0.013634
0.010658 0.010676
0.011486 0.011082
0.013793 0.015050
0.013485 0.013735
0.011206 0.011133
0.011663 0.011561
0.010545 0.011591
0.013478 0.012381
0.011324 0.011014
0.010361 0.009961
0.012938 0.014014
0.016066 0.015567
0.011414 0.013011
0.012643 0.013691
0.014015 0.014767
0.022156 0.017581
0.016313 0.015141
0.013107 0.013642
0.018251 0.016914
0.017118 0.016910
0.012086 0.013137
0.012920 0.014103
0.017958 0.017098
0.014955 0.015832
0.012789 0.013917
0.017976 0.017294
0.013339 0.014256
0.014056 0.015211
0.018924 0.017905
0.013743 0.015192
0.012421 0.013125
0.012162 0.012090
0.016410 0.016504
0.013632 0.015024
0.011594 0.011319
0.011535 0.011377
0.012023 0.013284
0.011765 0.011704
0.027820 0.020925
0.014546 0.013952
0.012335 0.012503
0.010292 0.010177
0.010499 0.010230
0.014663 0.015483
0.012590 0.013255
0.010157 0.009847
0.010883 0.010475
0.013540 0.014620
0.011796 0.012723
0.009961 0.010238
0.010095 0.010296
0.013445 0.014606
0.011414 0.012071
0.010094 0.010172
0.010170 0.010212
0.011897 0.012209
0.010510 0.010510
0.006765 0.005655
0.005962 0.003996
0.011263 0.010334
0.011698 0.010674
0.006561 0.005165
0.006609 0.006827
0.005921 0.003892
0.009082 0.009477
0.010655 0.011889
0.013388 0.013287
0.020637 0.019727
0.008192 0.010618
0.008109 0.010184
0.018238 0.017603
0.009265 0.009891
0.008290 0.008662
0.008474 0.007913
0.013921 0.014138
0.009303 0.009357
0.007512 0.007221
0.007952 0.007727
0.013483 0.014551
0.010179 0.010504
0.007513 0.007270
0.007994 0.007722
0.012282 0.013445
0.010169 0.010654
0.007849 0.007713
0.007828 0.007494
0.016027 0.013463
0.009687 0.009554
0.007834 0.007506
0.008080 0.007684
0.013999 0.012845
0.013899 0.013878
0.011349 0.011359
0.011926 0.012044
0.012573 0.012886
0.011624 0.011922
0.011841 0.012374
0.010798 0.010921
0.012740 0.013103
0.012360 0.012902
0.010899 0.011040
0.011371 0.011646
0.013066 0.013693
0.013252 0.014005
0.011610 0.011703
0.012143 0.012489
0.013107 0.013438
0.012817 0.013197
0.011470 0.011550
0.011395 0.011370
0.014302 0.014405
0.013748 0.013975
0.011425 0.011359
0.012294 0.012384
0.012409 0.012307
0.006562 0.005905
0.004730 0.003968
0.004722 0.003988
0.004728 0.003932
0.005368 0.005111
0.006819 0.006393
0.005577 0.005324
0.005365 0.004607
0.006478 0.006462
0.007754 0.007519
0.007607 0.008009
0.009153 0.009478
0.007926 0.009670
0.013022 0.013144
0.012017 0.012470
0.009432 0.009492
0.009570 0.009252
0.014297 0.014299
0.011866 0.011606
0.009673 0.009589
0.009836 0.009610
0.013436 0.014079
0.011712 0.011759
0.009283 0.009133
0.009067 0.008815
0.013062 0.012116
0.011177 0.010430
0.009458 0.009103
0.013451 0.012153
0.014680 0.014193
0.013220 0.013084
0.013621 0.013831
0.015054 0.015349
0.014810 0.015009
0.012942 0.012959
0.012977 0.013204
0.012763 0.012057
0.012086 0.011334
0.012479 0.012604
0.013809 0.014458
0.010840 0.010994
0.010838 0.010682
0.012766 0.013300
0.014099 0.015162
0.011355 0.011572
0.011204 0.011374
0.014648 0.015437
0.013094 0.013530
0.009267 0.012179
0.011060 0.010982
0.014216 0.014211
0.011944 0.011986
0.010454 0.010398
0.010378 0.010222
0.013683 0.013934
0.012001 0.011907
0.009877 0.009698
0.009787 0.009338
0.012371 0.012363
0.010551 0.010313
0.010520 0.010568
0.010893 0.010818
0.008677 0.008098
0.012868 0.013049
0.009603 0.010187
0.009095 0.009960
0.009321 0.009878
0.008839 0.009036
0.013106 0.014096
0.010209 0.010991
0.009470 0.010116
0.009061 0.009684
0.009625 0.009933
0.012578 0.013428
0.012098 0.012474
0.009723 0.010464
0.009829 0.010752
0.009945 0.011721
0.009982 0.010420
0.009588 0.009792
0.011398 0.010650
0.009884 0.009923
0.009045 0.009047
0.010607 0.010576
0.011183 0.011358
0.010730 0.011197
0.010915 0.011270
0.011320 0.011626
0.009243 0.012514
0.011592 0.011414
0.012129 0.012824
0.011043 0.010706
0.011580 0.011545
0.012557 0.013193
0.011068 0.011023
0.012659 0.013110
0.010855 0.010858
0.012011 0.012545
0.010743 0.010872
0.012083 0.012519
0.011562 0.011825
0.012010 0.012152
0.011272 0.010862
0.038782 0.032764
0.014321 0.012949
0.019856 0.017740
0.015381 0.014095
0.014941 0.013877
0.022649 0.020714
0.014688 0.014124
0.023590 0.023178
0.018408 0.018627
0.014887 0.014066
0.014776 0.014758
0.020147 0.021737
0.014187 0.014538
0.012880 0.012082
0.017501 0.017342
0.015778 0.016130
0.015225 0.015434
0.012720 0.011691
0.014084 0.013717
0.012015 0.011702
0.012877 0.013085
0.013872 0.013493
0.012334 0.012037
0.013993 0.014477
0.014238 0.014838
0.012408 0.012174
0.012199 0.012101
0.014197 0.014875
0.014138 0.014903
0.012309 0.012393
0.012006 0.012097
0.014345 0.014745
0.013441 0.014001
0.011758 0.011591
0.012435 0.012563
0.013925 0.013820
0.012027 0.012244
0.014449 0.014481
0.013627 0.013930
0.011871 0.011723
0.012343 0.012238
0.014788 0.015169
0.014043 0.014265
0.012782 0.012810
0.013118 0.012868
0.012720 0.012203
0.018995 0.019470
0.014847 0.013367
0.011996 0.011739
0.011481 0.011221
0.011350 0.011125
0.015605 0.015279
0.013110 0.012984
0.011518 0.011133
0.011398 0.010944
0.015003 0.014256
0.010638 0.010374
0.015764 0.014878
0.012972 0.012836
0.011430 0.010847
0.011142 0.010721
0.015248 0.014827
0.012642 0.012410
0.011087 0.010699
0.011150 0.010623
0.013341 0.012672
0.012137 0.011820
0.010545 0.010235
0.010516 0.009935
0.009809 0.009010
0.009796 0.009103
0.008485 0.009169
0.010576 0.010069
0.010267 0.009926
0.010986 0.010537
0.010631 0.010411
0.011202 0.010540
0.010326 0.010121
0.010891 0.010286
0.011506 0.011157
0.011023 0.011029
0.011675 0.011400
0.011396 0.011468
0.011200 0.010967
0.012101 0.011820
0.011146 0.011058
0.012436 0.012394
0.012629 0.012807
0.010789 0.010809
0.010892 0.010679
0.012670 0.012829
0.012345 0.012526
0.011171 0.010741
0.011364 0.011358
0.012091 0.012178
0.012668 0.012563
0.011130 0.010881
0.011195 0.010948
0.012031 0.011806
0.012296 0.012417
0.011011 0.010921
0.011282 0.011194
0.017327 0.017413
0.013759 0.012367
0.011553 0.011372
0.010897 0.010385
0.010878 0.010213
0.014029 0.013980
0.012181 0.012180
0.010787 0.010257
0.010914 0.010435
0.014115 0.014104
0.012218 0.012247
0.010948 0.010651
0.010985 0.010608
0.014406 0.014330
0.011694 0.011782
0.010126 0.010053
0.010355 0.010030
0.013896 0.013783
0.011332 0.011310
0.009702 0.009633
0.009695 0.009489
0.013040 0.012966
0.011433 0.011331
0.009259 0.009299
0.009407 0.009207
0.011009 0.011143
0.011066 0.011327
0.008341 0.008797
0.005666 0.005657
0.004342 0.004146
0.004274 0.003948
0.008805 0.009270
0.004709 0.004623
0.005085 0.005087
0.007163 0.007501
0.012723 0.013541
0.007939 0.008324
0.015755 0.016778
0.008442 0.008394
0.018492 0.019407
0.008589 0.008426
0.019663 0.019531
0.010519 0.010407
0.010229 0.010558
0.009361 0.009428
0.016885 0.017277
0.010761 0.011024
0.008758 0.009042
0.009351 0.009572
0.016233 0.016738
0.010818 0.010998
0.008942 0.009191
0.009360 0.009398
0.015608 0.016189
0.010891 0.010994
0.008960 0.008899
0.009305 0.009490
0.015428 0.015808
0.010615 0.010796
0.008647 0.008662
0.009418 0.009570
0.014304 0.014592
0.010842 0.011015
0.008731 0.008855
0.008892 0.009050
0.012177 0.012518
0.010689 0.010794
0.008610 0.008667
0.009018 0.009024
0.009439 0.009398
0.009166 0.009261
0.016807 0.017419
0.012640 0.012206
0.010724 0.010896
0.008930 0.009004
0.009297 0.009323
0.012146 0.011948
0.009588 0.009677
0.013092 0.013748
0.012071 0.012601
0.009875 0.010044
0.009902 0.010210
0.011803 0.012640
0.012747 0.013805
0.010552 0.010657
0.010875 0.011253
0.012546 0.012724
0.011746 0.012311
0.011246 0.011901
0.009938 0.009997
0.012554 0.013030
0.011904 0.012472
0.009826 0.009980
0.010110 0.010212
0.009860 0.009942
0.018509 0.018112
0.014701 0.013186
0.012151 0.012142
0.010539 0.010352
0.010753 0.010294
0.014664 0.014478
0.012215 0.012181
0.010931 0.010346
0.011347 0.010732
0.014992 0.014936
0.012334 0.012056
0.011173 0.010665
0.010622 0.010207
0.014700 0.014613
0.011820 0.011431
0.009395 0.009138
0.009289 0.008965
0.014439 0.014696
0.011237 0.011147
0.009121 0.008974
0.008925 0.008759
0.013709 0.013496
0.011137 0.011337
0.009101 0.008888
0.009065 0.008896
0.010968 0.011152
0.011882 0.012016
0.009290 0.009308
0.028249 0.027050
0.020214 0.018453
0.015493 0.015591
0.012309 0.012106
0.011949 0.011825
0.019322 0.019721
0.014911 0.015100
0.011941 0.011654
0.012057 0.011776
0.017971 0.018531
0.014330 0.014709
0.011894 0.011515
0.012376 0.012166
0.017944 0.018500
0.014706 0.014838
0.012338 0.012013
0.012037 0.011846
0.015251 0.015581
0.012317 0.012190
0.012052 0.012157
0.012231 0.012560
0.011593 0.011011
0.012559 0.012337
0.020673 0.020504
0.016521 0.015361
0.013306 0.013582
0.011216 0.011154
0.011472 0.011327
0.016098 0.015596
0.012590 0.012605
0.011110 0.010883
0.011126 0.010912
0.015382 0.015203
0.012447 0.012430
0.011094 0.010527
0.010950 0.010664
0.013282 0.012705
0.011138 0.010832
0.012227 0.011815
0.013192 0.013229
0.010886 0.011000
0.010781 0.010436
0.012589 0.011717
0.010935 0.010752
0.009282 0.009433
0.011652 0.011963
0.009057 0.009452
0.011442 0.011790
0.008103 0.008184
0.012232 0.012822
0.010252 0.010574
0.007977 0.007982
0.008071 0.008161
0.011882 0.012362
0.008287 0.008294
0.009772 0.011368
0.008483 0.008374
0.014306 0.013606
0.014839 0.013952
0.014671 0.014458
0.014833 0.015343
0.015284 0.015368
0.014178 0.014031
0.014769 0.014502
0.013948 0.014404
0.013941 0.013956
0.014760 0.014932
0.012151 0.012411
0.015180 0.015229
0.012959 0.013416
0.014800 0.014713
0.012121 0.012555
0.015288 0.015260
0.012082 0.012510
0.014842 0.014756
0.012514 0.012879
0.015696 0.015337
0.012283 0.012365
0.015399 0.015368
0.012227 0.012553
0.016202 0.016267
0.016402 0.015943
0.012860 0.013151
0.012844 0.012973
0.017196 0.017927
0.015662 0.015233
0.012734 0.012812
0.012060 0.011104
0.016952 0.017705
0.015752 0.016395
0.012507 0.012742
0.016047 0.016403
0.012319 0.012475
0.016953 0.017359
0.012123 0.012321
0.015356 0.015654
0.011983 0.011967
0.015103 0.015245
0.015716 0.015671
0.013678 0.014441
0.014370 0.014481
0.011995 0.012635
0.013841 0.014237
0.013901 0.014611
0.012416 0.012917
0.012540 0.012949
0.016530 0.016152
0.011418 0.010734
0.015507 0.015289
0.012908 0.013002
0.014219 0.014680
0.017807 0.018103
0.007309 0.013798
0.014905 0.015525
0.011460 0.011732
0.011362 0.011661
0.009864 0.010138
0.013294 0.013456
0.012939 0.013305
0.016886 0.017042
0.014561 0.014152
0.012811 0.012859
0.016081 0.016730
0.013546 0.013773
0.013942 0.014057
0.012016 0.012574
0.013556 0.013067
0.010878 0.009959
0.012091 0.012043
0.014642 0.014698
0.010737 0.011278
0.009964 0.010873
0.014988 0.015742
0.012283 0.012930
0.010564 0.010846
0.010199 0.010331
0.013138 0.013904
0.011434 0.012067
0.009305 0.009587
0.009733 0.009649
0.012873 0.012293
0.009844 0.008959
0.009780 0.008897
0.010405 0.009416
0.013802 0.013220
0.011206 0.011167
0.009871 0.009611
0.009727 0.009193
0.014059 0.013975
0.011579 0.012063
0.009697 0.009331
0.010309 0.009894
0.014179 0.013951
0.011847 0.012134
0.010305 0.010252
0.010644 0.010239
0.013770 0.013224
0.011642 0.011602
0.010168 0.009922
0.009605 0.009173
0.012048 0.011858
0.011677 0.011835
0.009688 0.009536
0.009636 0.009254
0.014348 0.014051
0.012749 0.012980
0.012564 0.012664
0.013477 0.014133
0.012506 0.012830
0.014026 0.014840
0.013560 0.013856
0.013937 0.014340
0.012413 0.012762
0.013016 0.013454
0.012541 0.012804
0.012172 0.012320
0.010478 0.011089
0.013784 0.013885
0.011158 0.011600
0.014941 0.014830
0.015197 0.015177
0.012543 0.013227
0.015621 0.015650
0.013980 0.014692
0.013118 0.013681
0.014221 0.014814
0.013124 0.013869
0.014173 0.014553
0.013544 0.014517
0.017435 0.016426
0.015606 0.015306
0.015055 0.015234
0.013321 0.013298
0.017910 0.017925
0.014778 0.015005
0.015692 0.015095
0.010794 0.010478
0.011574 0.011126
0.009855 0.009229
0.011781 0.011593
0.011166 0.010671
0.011530 0.011532
0.011464 0.012203
0.012024 0.013105
0.011061 0.011698
0.013920 0.013156
0.013013 0.012627
0.011139 0.011559
0.009489 0.009462
0.010069 0.009897
0.013252 0.013774
0.011510 0.012057
0.009867 0.009743
0.009816 0.009603
0.013485 0.013634
0.011461 0.011748
0.009320 0.009086
0.010010 0.009825
0.013293 0.013329
0.011334 0.011359
0.009946 0.010037
0.009837 0.009791
0.013039 0.013256
0.011733 0.012194
0.010582 0.010891
0.010738 0.010994
0.012675 0.012421
0.011226 0.011388
0.009743 0.009912
0.009675 0.009327
0.011939 0.011754
0.009269 0.009170
0.006044 0.005186
0.010107 0.009754
0.009043 0.008786
0.005460 0.003934
0.006587 0.005957
0.005728 0.004187
0.006225 0.005151
0.005597 0.004006
0.008192 0.007935
0.008980 0.009267
0.010855 0.010646
0.013319 0.013668
0.009605 0.010249
0.016363 0.015811
0.013787 0.013321
0.013442 0.013561
0.011317 0.011049
0.012644 0.011963
0.017137 0.016518
0.013901 0.012527
0.013068 0.013132
0.010724 0.010874
0.016617 0.016100
0.014099 0.013773
0.013604 0.013618
0.011039 0.011363
0.011006 0.010880
0.013932 0.013997
0.013539 0.013625
0.010878 0.011081
0.011454 0.011528
0.013461 0.013351
0.013055 0.013083
0.011145 0.011354
0.011208 0.011121
0.012452 0.012653
0.012377 0.012666
0.010872 0.010924
0.011190 0.011243
0.012401 0.012867
0.012279 0.012786
0.010703 0.011023
0.011218 0.011251
0.012180 0.012509
0.011152 0.011248
0.012310 0.011859
0.011276 0.011371
0.013102 0.012590
0.010217 0.009691
0.012870 0.013191
0.011183 0.011436
0.012875 0.013240
0.011383 0.011457
0.012932 0.013592
0.010591 0.010866
0.013234 0.014042
0.010222 0.010655
0.013872 0.014783
0.012642 0.013181
0.009774 0.010034
0.010201 0.010363
0.013606 0.014644
0.012280 0.012759
0.009824 0.010002
0.010039 0.009996
0.012263 0.012263
0.012138 0.011673
0.010047 0.009860
0.011871 0.010607
0.014629 0.014405
0.012742 0.012346
0.011995 0.012301
0.011846 0.011794
0.012130 0.011680
0.013470 0.013057
0.012293 0.012075
0.012312 0.012194
0.012128 0.012324
0.011990 0.011846
0.013016 0.012623
0.010566 0.010007
0.013291 0.012408
0.012582 0.012612
0.010769 0.010767
0.011162 0.011071
0.012835 0.012662
0.012159 0.012552
0.010988 0.011137
0.010781 0.010734
0.011947 0.012143
0.011856 0.012146
0.010758 0.010675
0.011255 0.011248
0.011362 0.011341
0.011387 0.011650
0.010197 0.010348
0.014877 0.014228
0.012309 0.012167
0.013907 0.013470
0.011978 0.011717
0.013446 0.013290
0.012381 0.012069
0.014310 0.014069
0.012801 0.012543
0.016202 0.015871
0.012233 0.012055
0.016005 0.016131
0.018959 0.018086
0.022445 0.020675
0.020953 0.019391
0.016211 0.015563
0.016584 0.016192
0.020270 0.020394
0.018813 0.018011
0.015701 0.015486
0.015053 0.014634
0.017334 0.017947
0.018003 0.018117
0.015063 0.014958
0.014969 0.014869
0.011806 0.012008
0.011105 0.010944
0.012681 0.012714
0.010876 0.010771
0.011071 0.010796
0.014403 0.014710
0.013998 0.014355
0.013893 0.014196
0.012906 0.012585
0.015282 0.015243
0.014448 0.014819
0.012590 0.012619
0.012070 0.012072
0.014966 0.015236
0.013230 0.013310
0.013156 0.013493
0.013349 0.013421
0.012800 0.012713
0.010354 0.014544
0.012016 0.012121
0.012249 0.012529
0.015581 0.015738
0.014080 0.013899
0.011710 0.011690
0.011006 0.010713
0.013815 0.013501
0.013922 0.013954
0.011401 0.011655
0.014953 0.015195
0.013429 0.012205
0.011883 0.011900
0.010297 0.010634
0.010750 0.010899
0.014178 0.013874
0.012104 0.011905
0.010682 0.010791
0.010364 0.010139
0.013843 0.013788
0.011632 0.011457
0.009459 0.009197
0.009965 0.009709
0.013235 0.013381
0.011895 0.011754
0.009695 0.009465
0.010310 0.010284
0.013428 0.013333
0.011973 0.011611
0.010140 0.010127
0.009908 0.009640
0.012616 0.012442
0.009706 0.009477
0.005230 0.005263
0.004564 0.003806
0.010199 0.008949
0.010925 0.009634
0.005581 0.005172
0.006110 0.005873
0.005476 0.005229
0.009147 0.009012
0.007084 0.007341
0.013493 0.014164
0.007119 0.007296
0.014750 0.015346
0.007357 0.007228
0.017862 0.017159
0.010811 0.010462
0.007816 0.008247
0.007589 0.007883
0.016774 0.016240
0.008110 0.009027
0.006925 0.007852
0.007593 0.007904
0.016190 0.016498
0.009063 0.009736
0.006850 0.007444
0.007714 0.008109
0.016211 0.016385
0.010071 0.010502
0.006846 0.007204
0.007968 0.008176
0.015690 0.016031
0.009785 0.010468
0.007153 0.007488
0.007685 0.007817
0.015450 0.015313
0.010103 0.010658
0.007464 0.007712
0.007473 0.007593
0.014676 0.014994
0.009776 0.010333
0.007261 0.007530
0.007401 0.007397
0.010523 0.011151
0.009406 0.009754
0.007216 0.007277
0.008110 0.008199
0.015162 0.014999
0.008464 0.006941
0.007659 0.007025
0.013813 0.014002
0.010247 0.010646
0.008037 0.008278
0.008110 0.007990
0.013771 0.014478
0.010261 0.010990
0.008789 0.008943
0.008808 0.008942
0.013622 0.014284
0.010063 0.010207
0.007797 0.007888
0.007865 0.007804
0.013195 0.013776
0.010059 0.010360
0.008191 0.008203
0.008088 0.007980
0.011222 0.011080
0.009759 0.009495
0.009299 0.009364
0.008482 0.008729
0.008900 0.007943
0.013176 0.012905
0.009943 0.009910
0.009872 0.009830
0.013727 0.014507
0.012062 0.012531
0.009556 0.009377
0.009607 0.009350
0.014342 0.015031
0.011719 0.012082
0.009395 0.009359
0.009224 0.009008
0.014497 0.014816
0.010589 0.010833
0.009105 0.009117
0.008686 0.008616
0.014114 0.014149
0.011062 0.011237
0.008552 0.008500
0.008703 0.008578
0.013957 0.013574
0.010614 0.010909
0.008403 0.008372
0.008712 0.008675
0.013716 0.013855
0.010857 0.011071
0.008146 0.008149
0.008396 0.008306
0.013259 0.013456
0.010932 0.011217
0.008432 0.008288
0.008771 0.008723
0.010701 0.011213
0.009576 0.010048
0.008781 0.009165
0.008857 0.009204
0.009006 0.008863
0.025060 0.022370
0.015349 0.013841
0.010749 0.010806
0.007209 0.007538
0.007636 0.007790
0.015783 0.015951
0.010489 0.011134
0.008093 0.008140
0.008054 0.008185
0.014446 0.014357
0.007740 0.007973
0.014657 0.015044
0.010428 0.010510
0.007821 0.008013
0.007857 0.007835
0.013893 0.014090
0.007916 0.008104
0.014798 0.015179
0.010073 0.010138
0.007946 0.008023
0.007822 0.007854
0.013953 0.014358
0.009996 0.010039
0.007869 0.007842
0.007789 0.007886
0.013361 0.013463
0.008231 0.008279
0.012621 0.013000
0.009793 0.009800
0.007759 0.007738
0.007648 0.007641
0.009831 0.010315
0.007983 0.008110
0.021399 0.020131
0.014868 0.013406
0.012155 0.012034
0.008833 0.008923
0.008791 0.008596
0.014545 0.014437
0.011402 0.011636
0.008386 0.008371
0.008381 0.008326
0.013883 0.014291
0.011119 0.011468
0.008449 0.008424
0.008290 0.008122
0.013682 0.013959
0.010799 0.011088
0.008322 0.008177
0.008443 0.008257
0.013752 0.014004
0.011231 0.011457
0.008533 0.008379
0.008665 0.008484
0.013678 0.013816
0.011249 0.011386
0.008360 0.008058
0.008489 0.008324
0.013675 0.013892
0.011067 0.011139
0.008696 0.008573
0.008669 0.008664
0.013819 0.013918
0.010865 0.010794
0.008201 0.008051
0.008046 0.008000
0.013770 0.013833
0.011162 0.011296
0.008129 0.008024
0.008287 0.008165
0.013679 0.013834
0.011148 0.011298
0.008515 0.008468
0.008069 0.007814
0.013592 0.013841
0.011124 0.011202
0.008372 0.008248
0.008693 0.008584
0.013479 0.013618
0.011264 0.011374
0.008435 0.008271
0.008712 0.008519
0.013044 0.013084
0.011075 0.011025
0.007970 0.007893
0.008588 0.008501
0.007081 0.006833
0.010147 0.009971
0.008464 0.008036
0.008214 0.008144
0.007781 0.008282
0.007389 0.007913
0.007189 0.007563
0.007599 0.007641
0.005762 0.006680
0.006397 0.007603
0.006269 0.007511
0.006493 0.007816
0.006168 0.006825
0.005965 0.006734
0.006057 0.006749
0.006287 0.006618
0.005967 0.006695
0.006096 0.006112
0.006049 0.006516
0.006247 0.006496
0.006480 0.005969
0.006368 0.006564
0.006852 0.006599
0.006854 0.006687
0.006185 0.005611
0.006224 0.005754
0.006496 0.006314
0.006520 0.006193
0.006104 0.005541
0.006106 0.005741
0.006797 0.006324
0.024610 0.023380
0.011185 0.009916
0.007565 0.007404
0.012653 0.011925
0.009767 0.009986
0.006799 0.006705
0.007317 0.007367
0.011094 0.011174
0.010019 0.011126
0.009010 0.009794
0.009340 0.009436
0.009689 0.010051
0.008340 0.008045
0.017109 0.017856
0.013898 0.013142
0.010999 0.011632
0.009105 0.009783
0.009414 0.009397
0.014565 0.015343
0.011660 0.012295
0.008672 0.008808
0.009381 0.009314
0.014255 0.015010
0.011478 0.011981
0.009533 0.009644
0.009915 0.009550
0.014478 0.015087
0.011787 0.011932
0.010110 0.009953
0.010367 0.010400
0.014386 0.014464
0.011756 0.011961
0.008772 0.008761
0.009906 0.009749
0.014735 0.014719
0.012695 0.013050
0.010544 0.010397
0.010545 0.010287
0.014093 0.014362
0.012647 0.012801
0.010414 0.010207
0.010646 0.010564
0.007948 0.006876
0.011410 0.011342
0.009737 0.009500
0.008919 0.008449
0.008222 0.008253
0.008216 0.007992
0.007446 0.007643
0.007896 0.007726
0.006319 0.006676
0.006728 0.007327
0.006733 0.007150
0.007138 0.007082
0.006259 0.007863
0.006499 0.006559
0.006227 0.006621
0.006137 0.006624
0.006028 0.006502
0.006181 0.006506
0.006692 0.007007
0.006918 0.006663
0.006312 0.006618
0.006299 0.006298
0.006384 0.006742
0.007015 0.006996
0.006731 0.006409
0.006859 0.007118
0.006407 0.006523
0.006443 0.006552
0.006511 0.006037
0.011082 0.010016
0.011645 0.010887
0.011291 0.011044
0.013177 0.012145
0.013340 0.012857
0.011324 0.011449
0.010678 0.010310
0.013323 0.012365
0.012885 0.012566
0.010519 0.010342
0.010722 0.010530
0.012171 0.011933
0.012883 0.012923
0.010650 0.010569
0.010862 0.010704
0.012022 0.011988
0.012794 0.012774
0.010520 0.010549
0.010576 0.010414
0.011457 0.011547
0.012692 0.012954
0.010364 0.010493
0.010873 0.010871
0.015381 0.014680
0.009215 0.008118
0.010006 0.009798
0.015414 0.015321
0.013007 0.013124
0.010629 0.010435
0.011148 0.011233
0.014227 0.013773
0.011687 0.011754
0.015404 0.015445
0.014434 0.014490
0.011664 0.011803
0.012183 0.012198
0.014533 0.014430
0.014348 0.014473
0.012007 0.012108
0.012109 0.012249
0.013653 0.013134
0.011788 0.011680
0.007881 0.007254
0.012232 0.011595
0.011506 0.011343
0.008382 0.008293
0.007512 0.007998
0.007354 0.007627
0.007861 0.007769
0.006633 0.006929
0.006784 0.007065
0.006835 0.007519
0.006990 0.007830
0.006778 0.006723
0.006548 0.006530
0.006732 0.006640
0.006606 0.006330
0.006256 0.005652
0.006284 0.005640
0.007028 0.006820
0.006832 0.006610
0.006604 0.006538
0.006589 0.005984
0.006354 0.006367
0.006627 0.006659
0.006470 0.005860
0.006625 0.006671
0.006773 0.006492
0.006571 0.006436
0.006138 0.005623
0.006404 0.006100
0.031120 0.030541
0.020089 0.018415
0.013636 0.013419
0.011246 0.011011
0.011457 0.011446
0.019585 0.019290
0.013343 0.013112
0.010959 0.010597
0.011653 0.011548
0.017867 0.018544
0.013509 0.013328
0.012052 0.011873
0.011525 0.011397
0.017488 0.016395
0.013628 0.013514
0.011860 0.011304
0.011385 0.011455
0.012990 0.011569
0.013505 0.012851
0.011649 0.011486
0.012067 0.011777
0.019031 0.017753
0.015161 0.013658
0.011880 0.011583
0.010983 0.011034
0.010893 0.010803
0.015115 0.014151
0.012232 0.011733
0.010912 0.010767
0.010934 0.010484
0.014906 0.013893
0.011987 0.011602
0.010825 0.010658
0.010409 0.010324
0.013358 0.012725
0.011652 0.011426
0.010406 0.010456
0.010544 0.010463
0.011396 0.011251
0.012637 0.012531
0.010870 0.010590
0.011144 0.010840
0.014735 0.013938
0.014151 0.013579
0.013306 0.013066
0.011588 0.011533
0.011599 0.011613
0.014145 0.014572
0.013528 0.013532
0.010729 0.010631
0.011290 0.011355
0.012664 0.012561
0.013346 0.013409
0.011471 0.011345
0.011943 0.011920
0.011366 0.011130
0.010852 0.010099
0.010105 0.009611
0.010894 0.010552
0.010852 0.010638
0.010871 0.010531
0.011825 0.012433
0.011169 0.011120
0.011587 0.011830
0.011712 0.012455
0.012287 0.012599
0.012515 0.013398
0.011360 0.011683
0.011070 0.011427
0.012800 0.013324
0.012352 0.012981
0.011061 0.011201
0.011000 0.011092
0.013355 0.013633
0.012277 0.012579
0.010685 0.010719
0.010287 0.009991
0.013000 0.013269
0.012635 0.013127
0.010577 0.010253
0.010849 0.010795
0.010171 0.010508
0.012026 0.011725
0.010680 0.010528
0.008881 0.007764
0.012078 0.012076
0.009398 0.009211
0.010362 0.009531
0.012449 0.013746
0.011581 0.011267
0.009432 0.008821
0.009299 0.008781
0.012429 0.013183
0.011272 0.011100
0.008818 0.008445
0.009478 0.009234
0.012120 0.012414
0.011637 0.011831
0.008932 0.008768
0.009023 0.008706
0.012588 0.012822
0.011571 0.011809
0.008800 0.008970
0.012579 0.013140
0.011332 0.011792
0.008915 0.008980
0.009493 0.009473
0.012071 0.013272
0.011669 0.012478
0.009780 0.009999
0.010370 0.010714
0.011934 0.012720
0.010959 0.011313
0.011924 0.012508
0.010640 0.011021
0.011666 0.012378
0.012494 0.013333
0.010835 0.011120
0.010703 0.010936
0.011106 0.011425
0.010363 0.010594
0.010992 0.011323
0.010065 0.010358
0.011689 0.012057
0.010877 0.011630
0.011868 0.012392
0.010903 0.011544
0.012308 0.012860
0.010969 0.011345
0.013376 0.014157
0.012208 0.012958
0.010387 0.010695
0.009732 0.009683
0.013194 0.013677
0.011508 0.011908
0.009055 0.008804
0.009156 0.009068
0.012553 0.012638
0.009291 0.009534
0.013065 0.013247
0.012323 0.012999
0.009321 0.009393
0.009880 0.010224
0.013770 0.012716
0.011220 0.011045
0.009663 0.010015
0.011035 0.009685
0.015747 0.014181
0.010646 0.010306
0.012001 0.011711
0.015331 0.014269
0.013717 0.013200
0.010872 0.010491
0.011567 0.011260
0.014430 0.013813
0.012673 0.011740
0.011145 0.011003
0.010952 0.010109
0.014710 0.014363
0.014087 0.014557
0.012415 0.012701
0.012092 0.012226
0.014663 0.014671
0.014173 0.015059
0.012189 0.012495
0.012091 0.012412
0.014324 0.014609
0.014189 0.014798
0.012238 0.012309
0.012152 0.012281
0.014993 0.014628
0.010898 0.010113
0.013229 0.012184
0.013225 0.014136
0.013005 0.013864
0.013008 0.013812
0.012278 0.012105
0.013812 0.013823
0.013504 0.014231
0.012672 0.013347
0.012206 0.012368
0.013255 0.013339
0.014789 0.015991
0.012602 0.013134
0.013081 0.013774
0.012725 0.012979
0.013711 0.014348
0.016634 0.017195
0.009959 0.009082
0.010851 0.010803
0.016675 0.016430
0.013549 0.013681
0.012342 0.011902
0.012546 0.012550
0.016805 0.016468
0.014581 0.014516
0.012611 0.012511
0.012743 0.012539
0.016908 0.016553
0.014642 0.014612
0.012603 0.012240
0.012762 0.012528
0.017090 0.016554
0.013406 0.013288
0.012142 0.012176
0.012003 0.011572
0.015917 0.016147
0.014018 0.013913
0.012551 0.012238
0.012461 0.011676
0.014282 0.014591
0.014101 0.014093
0.011975 0.011649
0.012126 0.011992
0.011661 0.011373
0.033643 0.029090
0.019172 0.016525
0.010781 0.011614
0.023013 0.019700
0.009443 0.010166
0.020499 0.018579
0.014534 0.014491
0.011922 0.012272
0.010400 0.011219
0.016270 0.015530
0.010556 0.011441
0.015876 0.015721
0.013928 0.014310
0.011374 0.011874
0.011060 0.011026
0.011421 0.011309
0.011824 0.011941
0.012259 0.012714
0.011967 0.011774
0.010750 0.010913
0.009530 0.009679
0.009195 0.009258
0.012141 0.012755
0.010760 0.011019
0.009269 0.009173
0.009072 0.009204
0.012380 0.012903
0.009980 0.009948
0.008847 0.009101
0.008857 0.008624
0.012529 0.012882
0.010393 0.010263
0.009025 0.009244
0.009149 0.009106
0.012429 0.012201
0.010274 0.010036
0.008966 0.008981
0.008871 0.008658
0.012194 0.012688
0.010586 0.010488
0.008776 0.008482
0.008810 0.008486
0.009141 0.008885
0.038250 0.038054
0.016713 0.016535
0.008456 0.007728
0.020302 0.021230
0.013552 0.014413
0.010281 0.010761
0.010258 0.011234
0.020814 0.022715
0.013861 0.014780
0.010325 0.011022
0.008781 0.008752
0.020444 0.022051
0.014066 0.014716
0.009674 0.010232
0.009332 0.009539
0.019859 0.020758
0.014045 0.014452
0.010967 0.010109
0.010817 0.010495
0.019018 0.019122
0.014362 0.014999
0.009568 0.009174
0.010051 0.010036
0.015548 0.015133
0.010948 0.010692
0.012310 0.012005
0.013747 0.013010
0.011458 0.010958
0.014425 0.013028
0.015852 0.015774
0.015221 0.014913
0.014464 0.014310
0.014789 0.014740
0.014332 0.013755
0.016371 0.016109
0.015226 0.014564
0.014120 0.014005
0.014151 0.014283
0.015746 0.015387
0.014462 0.014420
0.014889 0.014965
0.014770 0.014886
0.014223 0.013913
0.015702 0.015262
0.015945 0.016176
0.014574 0.014334
0.014634 0.014202
0.015557 0.015268
0.014937 0.014692
0.013549 0.013134
0.014210 0.013996
0.014357 0.014268
0.015134 0.014951
0.013897 0.013868
0.014206 0.014105
0.012774 0.013038
0.013597 0.012973
0.014068 0.013962
0.012986 0.013212
0.012367 0.012668
0.016898 0.017468
0.012613 0.012847
0.016199 0.016551
0.013121 0.013511
0.017132 0.017225
0.012198 0.012170
0.016194 0.016430
0.013118 0.013731
0.013433 0.013869
0.015764 0.015820
0.009991 0.009587
0.012160 0.012036
0.011052 0.011319
0.012453 0.012743
0.011025 0.011382
0.007073 0.011505
0.011090 0.011305
0.012863 0.012833
0.010290 0.010624
0.011743 0.011877
0.010579 0.010738
0.011889 0.011850
0.010636 0.010582
0.013008 0.012293
0.010691 0.010639
0.013022 0.012829
0.012014 0.012156
0.011792 0.011953
0.015339 0.015608
0.012037 0.011902
0.014344 0.014788
0.011752 0.011774
0.014927 0.015131
0.013370 0.012925
0.012542 0.012395
0.013029 0.013286
0.012688 0.012746
0.014673 0.014896
0.011484 0.011343
0.011001 0.011253
0.012584 0.012756
0.011641 0.012058
0.011136 0.011407
0.012631 0.013344
0.011677 0.011733
0.011406 0.011603
0.011875 0.011998
0.010944 0.011289
0.011331 0.011258
0.010704 0.010927
0.011008 0.011130
0.015357 0.014753
0.018115 0.016298
0.019020 0.018817
0.018838 0.018292
0.011722 0.011443
0.025221 0.025136
0.020403 0.020517
0.018931 0.019248
0.012951 0.013180
0.011104 0.011341
0.013146 0.013757
0.012576 0.012935
0.014273 0.014268
0.012620 0.012946
0.012047 0.012193
0.015295 0.015584
0.012822 0.012976
0.012962 0.013090
0.012415 0.012522
0.012574 0.012665
0.011459 0.011410
0.013453 0.013409
0.012390 0.011911
0.013706 0.012887
0.016099 0.015874
0.014416 0.014041
0.012345 0.012122
0.012704 0.012433
0.016239 0.016596
0.012719 0.013160
0.012062 0.012415
0.012924 0.011594
0.011739 0.011806
0.011243 0.011628
0.013609 0.014760
0.011928 0.013238
0.009989 0.010158
0.010733 0.010989
0.014035 0.015258
0.012782 0.014303
0.011095 0.011573
0.011822 0.012350
0.014859 0.015990
0.013673 0.015042
0.012072 0.012115
0.012358 0.012498
0.015244 0.016376
0.014339 0.015621
0.012082 0.012206
0.012661 0.012758
0.015497 0.016557
0.014610 0.015864
0.012756 0.012810
0.012911 0.012931
0.015753 0.016872
0.014616 0.015883
0.013111 0.013237
0.013129 0.013265
0.015714 0.016760
0.014776 0.015950
0.012333 0.012163
0.013207 0.013293
0.015856 0.016760
0.015442 0.016052
0.013121 0.013072
0.013194 0.013253
0.015998 0.016401
0.014799 0.015823
0.012885 0.012766
0.012507 0.012221
0.015915 0.016526
0.014388 0.015272
0.012480 0.012341
0.012757 0.012587
0.015986 0.016602
0.014560 0.015356
0.012337 0.012162
0.012691 0.012513
0.016104 0.016654
0.014559 0.015284
0.012338 0.012138
0.011746 0.011139
0.016081 0.016647
0.014398 0.015343
0.012139 0.011849
0.012354 0.012000
0.015853 0.016242
0.014324 0.014925
0.012197 0.011922
0.012308 0.012161
0.015212 0.015835
0.014315 0.015090
0.012883 0.012800
0.012320 0.011942
0.015869 0.016154
0.014693 0.015395
0.012328 0.011892
0.012480 0.012120
0.016210 0.016600
0.014561 0.015005
0.012287 0.011867
0.012348 0.011993
0.016128 0.016357
0.014391 0.015037
0.011920 0.011465
0.012189 0.011903
0.015883 0.015643
0.014469 0.014981
0.012109 0.011770
0.012159 0.011737
0.015096 0.015059
0.014371 0.014882
0.011857 0.011641
0.011863 0.011529
0.007276 0.005668
0.005901 0.004003
0.011439 0.010149
0.005840 0.003986
0.006553 0.005792
0.006541 0.005744
0.005926 0.005153
0.006494 0.005389
0.006665 0.006338
0.005787 0.004518
0.006944 0.006181
0.005498 0.005310
0.008816 0.007824
0.008987 0.007053
0.005563 0.005325
0.005690 0.005544
0.008991 0.007982
0.006485 0.006174
0.005639 0.005527
0.007080 0.006161
0.008513 0.008211
0.006371 0.006553
0.005432 0.005350
0.005524 0.005637
0.006339 0.005904
0.009134 0.009757
0.005698 0.005982
0.007501 0.007682
0.006359 0.007204
0.005848 0.006423
0.005782 0.006388
0.005925 0.006187
0.007524 0.007162
0.007173 0.006842
0.005920 0.006342
0.005921 0.005933
0.006013 0.006590
0.006173 0.006495
0.006066 0.005988
0.006014 0.006461
0.007648 0.007614
0.006482 0.006333
0.006037 0.006430
0.006072 0.006002
0.006097 0.006628
0.007020 0.007215
0.006211 0.006291
0.006086 0.006413
0.006643 0.006531
0.007201 0.006832
0.006083 0.006426
0.006100 0.006440
0.006629 0.007024
0.007118 0.007240
0.007292 0.006706
0.007440 0.006715
0.006012 0.006324
0.006096 0.006453
0.006172 0.006526
0.006119 0.006496
0.006859 0.006414
0.007061 0.007414
0.006245 0.006483
0.007178 0.006574
0.006253 0.006544
0.006038 0.006406
0.007172 0.007225
0.008538 0.008274
0.008550 0.007591
0.011423 0.009839
0.006945 0.006777
0.012255 0.006184
0.005762 0.005387
0.006102 0.005900
0.007419 0.007160
0.006258 0.006193
0.005734 0.005426
0.005748 0.005317
0.007193 0.007247
0.007024 0.006684
0.005792 0.005587
0.005662 0.005453
0.007310 0.007086
0.007403 0.006972
0.005799 0.005624
0.005684 0.005496
0.007956 0.007386
0.007919 0.007177
0.005869 0.005939
0.005950 0.005974
0.007910 0.007586
0.007337 0.006915
0.005694 0.005459
0.005647 0.005515
0.007134 0.006989
0.006636 0.006538
0.005679 0.005398
0.005587 0.005438
0.007645 0.007097
0.007092 0.006950
0.005610 0.005429
0.006461 0.006055
0.006883 0.006492
0.006304 0.007130
0.006793 0.006909
0.006031 0.006494
0.006509 0.006673
0.005135 0.005037
0.005341 0.005075
0.005255 0.005298
0.005321 0.005417
0.005401 0.005770
0.005440 0.005782
