0.021764 0.021764
0.053157 0.031393
0.087704 0.034547
0.129369 0.041665
0.171103 0.041734
0.212769 0.041666
0.254431 0.041662
0.296110 0.041679
0.337771 0.041661
0.379442 0.041671
0.421010 0.041568
0.462736 0.041726
0.504438 0.041702
0.546070 0.041632
0.587770 0.041700
0.629440 0.041670
0.671091 0.041651
0.712777 0.041686
0.754432 0.041655
0.796071 0.041639
0.837765 0.041694
0.879368 0.041603
0.921031 0.041663
0.962696 0.041665
1.004362 0.041666
1.046029 0.041667
1.087696 0.041667
1.129362 0.041666
1.171030 0.041668
1.212696 0.041666
1.254364 0.041668
1.296030 0.041666
1.337698 0.041668
1.379361 0.041663
1.421029 0.041668
1.462695 0.041666
1.504362 0.041667
1.546029 0.041667
1.587694 0.041665
1.629363 0.041669
1.671029 0.041666
1.712696 0.041667
1.754360 0.041664
1.796029 0.041669
1.837695 0.041666
1.879361 0.041666
1.921029 0.041668
1.962696 0.041667
2.004362 0.041666
2.046029 0.041667
2.087695 0.041666
2.129362 0.041667
2.171029 0.041667
2.212695 0.041666
2.254362 0.041667
2.296029 0.041667
2.337695 0.041666
2.379363 0.041668
2.421029 0.041666
2.462696 0.041667
2.504363 0.041667
2.546029 0.041666
2.587695 0.041666
2.629362 0.041667
2.671029 0.041667
2.712696 0.041667
2.754362 0.041666
2.796029 0.041667
2.837695 0.041666
2.879362 0.041667
2.921019 0.041657
2.962695 0.041676
3.004362 0.041667
3.046029 0.041667
3.087694 0.041665
3.129363 0.041669
3.171030 0.041667
3.212695 0.041665
3.254363 0.041668
3.296030 0.041667
3.337699 0.041669
3.379362 0.041663
3.421030 0.041668
3.462696 0.041666
3.504363 0.041667
3.546029 0.041666
3.587695 0.041666
3.629362 0.041667
3.671029 0.041667
3.712695 0.041666
3.754362 0.041667
3.796029 0.041667
3.837696 0.041667
3.879362 0.041666
3.921030 0.041668
3.962696 0.041666
4.004363 0.041667
4.046029 0.041666
4.087695 0.041666
4.129362 0.041667
4.171029 0.041667
4.212695 0.041666
4.254362 0.041667
4.296029 0.041667
4.337699 0.041670
4.379363 0.041664
4.421030 0.041667
4.462694 0.041664
4.504364 0.041670
4.546029 0.041665
4.587696 0.041667
4.629363 0.041667
4.671030 0.041667
4.712695 0.041665
4.754363 0.041668
4.796030 0.041667
4.837695 0.041665
4.879361 0.041666
4.921034 0.041673
4.962696 0.041662
5.004362 0.041666
5.046030 0.041668
5.087696 0.041666
5.129361 0.041665
5.171032 0.041671
5.212666 0.041634
5.254362 0.041696
5.296029 0.041667
5.337695 0.041666
5.379362 0.041667
5.421031 0.041669
5.462696 0.041665
5.504362 0.041666
5.546029 0.041667
5.587695 0.041666
5.629363 0.041668
5.671029 0.041666
5.712695 0.041666
5.754363 0.041668
5.796032 0.041669
5.837696 0.041664
5.879363 0.041667
5.921032 0.041669
5.962695 0.041663
6.004362 0.041667
6.046031 0.041669
6.087696 0.041665
6.129363 0.041667
6.171032 0.041669
6.212697 0.041665
6.254363 0.041666
6.296030 0.041667
6.337696 0.041666
6.379362 0.041666
6.421029 0.041667
6.462694 0.041665
6.504363 0.041669
6.546029 0.041666
6.587696 0.041667
6.629363 0.041667
6.671030 0.041667
6.712696 0.041666
6.754362 0.041666
6.796029 0.041667
6.837695 0.041666
6.879362 0.041667
6.921029 0.041667
6.962695 0.041666
7.004363 0.041668
7.046029 0.041666
7.087696 0.041667
7.129362 0.041666
7.171029 0.041667
7.212696 0.041667
7.254364 0.041668
7.296029 0.041665
7.337695 0.041666
7.379363 0.041668
7.421029 0.041666
7.462696 0.041667
7.504362 0.041666
7.546029 0.041667
7.587695 0.041666
7.629362 0.041667
7.671030 0.041668
7.712695 0.041665
7.754365 0.041670
7.796029 0.041664
7.837695 0.041666
7.879361 0.041666
7.921029 0.041668
7.962695 0.041666
8.004362 0.041667
8.046029 0.041667
8.087695 0.041666
8.129363 0.041668
8.171030 0.041667
8.212696 0.041666
8.254362 0.041666
8.296029 0.041667
8.337695 0.041666
8.379362 0.041667
8.421030 0.041668
8.462695 0.041665
8.504363 0.041668
8.546029 0.041666
8.587695 0.041666
8.629332 0.041637
8.671029 0.041697
8.712695 0.041666
8.754364 0.041669
8.796029 0.041665
8.837696 0.041667
8.879363 0.041667
8.921029 0.041666
8.962695 0.041666
9.004363 0.041668
9.046029 0.041666
9.087695 0.041666
9.129362 0.041667
9.171029 0.041667
9.212695 0.041666
9.254363 0.041668
9.296029 0.041666
9.337695 0.041666
9.379363 0.041668
9.421029 0.041666
9.462695 0.041666
9.504362 0.041667
9.546029 0.041667
9.587695 0.041666
9.629363 0.041668
9.671030 0.041667
9.712695 0.041665
9.754362 0.041667
9.796029 0.041667
9.837648 0.041619
9.879361 0.041713
9.921030 0.041669
9.962695 0.041665
10.004362 0.041667
10.046030 0.041668
10.087696 0.041666
10.129363 0.041667
10.171029 0.041666
10.212696 0.041667
10.254362 0.041666
10.296029 0.041667
10.337695 0.041666
10.379362 0.041667
10.421029 0.041667
10.462695 0.041666
10.504363 0.041668
10.546030 0.041667
10.587694 0.041664
10.629362 0.041668
10.671030 0.041668
10.712696 0.041666
10.754363 0.041667
10.796029 0.041666
10.837695 0.041666
10.879362 0.041667
10.921029 0.041667
10.962695 0.041666
11.004362 0.041667
11.046029 0.041667
11.087695 0.041666
11.129362 0.041667
11.171030 0.041668
11.212695 0.041665
11.254362 0.041667
11.296029 0.041667
11.337695 0.041666
11.379361 0.041666
11.421029 0.041668
11.462695 0.041666
11.504362 0.041667
11.546030 0.041668
11.587696 0.041666
11.629363 0.041667
11.671028 0.041665
11.712696 0.041668
11.754361 0.041665
11.796029 0.041668
11.837696 0.041667
11.879362 0.041666
11.921030 0.041668
11.962696 0.041666
12.004362 0.041666
12.046030 0.041668
12.087695 0.041665
12.129362 0.041667
12.171029 0.041667
12.212696 0.041667
12.254362 0.041666
12.296029 0.041667
12.337695 0.041666
12.379363 0.041668
12.421029 0.041666
12.462695 0.041666
12.504362 0.041667
12.546030 0.041668
12.587695 0.041665
12.629362 0.041667
12.671029 0.041667
12.712695 0.041666
12.754361 0.041666
12.796029 0.041668
12.837695 0.041666
12.879362 0.041667
12.921029 0.041667
12.962700 0.041671
13.004362 0.041662
13.046029 0.041667
13.087696 0.041667
13.129363 0.041667
13.171029 0.041666
13.212695 0.041666
13.254363 0.041668
13.296028 0.041665
13.337698 0.041670
13.379362 0.041664
13.421029 0.041667
13.462695 0.041666
13.504363 0.041668
13.546030 0.041667
13.587695 0.041665
13.629364 0.041669
13.671028 0.041664
13.712696 0.041668
13.754363 0.041667
13.796029 0.041666
13.837696 0.041667
13.879362 0.041666
13.921030 0.041668
13.962695 0.041665
14.004362 0.041667
14.046028 0.041666
14.087695 0.041667
14.129362 0.041667
14.171029 0.041667
14.212695 0.041666
14.254362 0.041667
14.296030 0.041668
14.337696 0.041666
14.379362 0.041666
14.421030 0.041668
14.462695 0.041665
14.504363 0.041668
14.546029 0.041666
14.587695 0.041666
14.629363 0.041668
14.671029 0.041666
14.712695 0.041666
14.754362 0.041667
14.796030 0.041668
14.837695 0.041665
14.879362 0.041667
14.921029 0.041667
14.962697 0.041668
15.004362 0.041665
15.046029 0.041667
15.087696 0.041667
15.129362 0.041666
15.171029 0.041667
15.212695 0.041666
15.254362 0.041667
15.296029 0.041667
15.337696 0.041667
15.379365 0.041669
15.421029 0.041664
15.462695 0.041666
15.504361 0.041666
15.546029 0.041668
15.587695 0.041666
15.629363 0.041668
15.671029 0.041666
15.712695 0.041666
15.754362 0.041667
15.796028 0.041666
15.837695 0.041667
15.879362 0.041667
15.921029 0.041667
15.962695 0.041666
16.004362 0.041667
16.046030 0.041668
16.087695 0.041665
16.129363 0.041668
16.171030 0.041667
16.212695 0.041665
16.254362 0.041667
16.296029 0.041667
16.337695 0.041666
16.379362 0.041667
16.421029 0.041667
16.462695 0.041666
16.504363 0.041668
16.546029 0.041666
16.587696 0.041667
16.629362 0.041666
16.671031 0.041669
16.712695 0.041664
16.754362 0.041667
16.796029 0.041667
16.837696 0.041667
16.879363 0.041667
16.921029 0.041666
16.962697 0.041668
17.004362 0.041665
17.046030 0.041668
17.087695 0.041665
17.129362 0.041667
17.171029 0.041667
17.212697 0.041668
17.254364 0.041667
17.296031 0.041667
17.337695 0.041664
17.379361 0.041666
17.420984 0.041623
17.462694 0.041710
17.504363 0.041669
17.546029 0.041666
17.587695 0.041666
17.629363 0.041668
17.671029 0.041666
17.712696 0.041667
17.754362 0.041666
17.796029 0.041667
17.837695 0.041666
17.879362 0.041667
17.921029 0.041667
17.962696 0.041667
18.004363 0.041667
18.046029 0.041666
18.087695 0.041666
18.129363 0.041668
18.171029 0.041666
18.212694 0.041665
18.254362 0.041668
18.296029 0.041667
18.337695 0.041666
18.379362 0.041667
18.421030 0.041668
18.462696 0.041666
18.504362 0.041666
18.546029 0.041667
18.587695 0.041666
18.629362 0.041667
18.671030 0.041668
18.712696 0.041666
18.754362 0.041666
18.796030 0.041668
18.837698 0.041668
18.879363 0.041665
18.921028 0.041665
18.962695 0.041667
19.004362 0.041667
19.046029 0.041667
19.087695 0.041666
19.129363 0.041668
19.171030 0.041667
19.212695 0.041665
19.254363 0.041668
19.296028 0.041665
19.337695 0.041667
19.379361 0.041666
19.421029 0.041668
19.462695 0.041666
19.504362 0.041667
19.546030 0.041668
19.587696 0.041666
19.629362 0.041666
19.671029 0.041667
19.712696 0.041667
19.754361 0.041665
19.796029 0.041668
19.837695 0.041666
19.879362 0.041667
19.921031 0.041669
19.962700 0.041669
20.004362 0.041662
20.046029 0.041667
20.087695 0.041666
20.129363 0.041668
20.171029 0.041666
20.212695 0.041666
20.254362 0.041667
20.296029 0.041667
20.337695 0.041666
20.379362 0.041667
20.421029 0.041667
20.462695 0.041666
20.504363 0.041668
20.546029 0.041666
20.587696 0.041667
20.629362 0.041666
20.671029 0.041667
20.712696 0.041667
20.754363 0.041667
20.796029 0.041666
20.837695 0.041666
20.879362 0.041667
20.921029 0.041667
20.962694 0.041665
21.004362 0.041668
21.046029 0.041667
21.087696 0.041667
21.129362 0.041666
21.171030 0.041668
21.212696 0.041666
21.254362 0.041666
21.296029 0.041667
21.337695 0.041666
21.379363 0.041668
21.421029 0.041666
21.462696 0.041667
21.504363 0.041667
21.546029 0.041666
21.587694 0.041665
21.629362 0.041668
21.671029 0.041667
21.712694 0.041665
21.754362 0.041668
21.796029 0.041667
21.837695 0.041666
21.879363 0.041668
21.921029 0.041666
21.962694 0.041665
22.004362 0.041668
22.046029 0.041667
22.087695 0.041666
22.129362 0.041667
22.171029 0.041667
22.212696 0.041667
22.254362 0.041666
22.296030 0.041668
22.337695 0.041665
22.379362 0.041667
22.421030 0.041668
22.462696 0.041666
22.504362 0.041666
22.546029 0.041667
22.587695 0.041666
22.629362 0.041667
22.671030 0.041668
22.712696 0.041666
22.754361 0.041665
22.796029 0.041668
22.837696 0.041667
22.879362 0.041666
22.921029 0.041667
22.962695 0.041666
23.004362 0.041667
23.046029 0.041667
23.087695 0.041666
23.129363 0.041668
23.171029 0.041666
23.212695 0.041666
23.254362 0.041667
23.296029 0.041667
23.337696 0.041667
23.379362 0.041666
23.421029 0.041667
23.462695 0.041666
23.504363 0.041668
23.546029 0.041666
23.587695 0.041666
23.629362 0.041667
23.671029 0.041667
23.712696 0.041667
23.754363 0.041667
23.796029 0.041666
23.837696 0.041667
23.879362 0.041666
23.921029 0.041667
23.962696 0.041667
24.004362 0.041666
24.046029 0.041667
24.087695 0.041666
24.129363 0.041668
24.171031 0.041668
24.212697 0.041666
24.254362 0.041665
24.296029 0.041667
24.337695 0.041666
24.379362 0.041667
24.421030 0.041668
24.462695 0.041665
24.504363 0.041668
24.546029 0.041666
24.587696 0.041667
24.629363 0.041667
24.671029 0.041666
24.712696 0.041667
24.754362 0.041666
24.796030 0.041668
24.837695 0.041665
24.879362 0.041667
24.921031 0.041669
24.962695 0.041664
25.004362 0.041667
25.046029 0.041667
25.087695 0.041666
25.129363 0.041668
25.171033 0.041670
25.212695 0.041662
25.254363 0.041668
25.296029 0.041666
25.337696 0.041667
25.379363 0.041667
25.421029 0.041666
25.462695 0.041666
25.504362 0.041667
25.546029 0.041667
25.587695 0.041666
25.629363 0.041668
25.671030 0.041667
25.712696 0.041666
25.754362 0.041666
25.796029 0.041667
25.837695 0.041666
25.879361 0.041666
25.921029 0.041668
25.962695 0.041666
26.004362 0.041667
26.046029 0.041667
26.087695 0.041666
26.129362 0.041667
26.171029 0.041667
26.212695 0.041666
26.254363 0.041668
26.296029 0.041666
26.337695 0.041666
26.379363 0.041668
26.421030 0.041667
26.462695 0.041665
26.504363 0.041668
26.546028 0.041665
26.587695 0.041667
26.629363 0.041668
26.671029 0.041666
26.712696 0.041667
26.754362 0.041666
26.796029 0.041667
26.837695 0.041666
26.879363 0.041668
26.921028 0.041665
26.962695 0.041667
27.004363 0.041668
27.046030 0.041667
27.087694 0.041664
27.129362 0.041668
27.171030 0.041668
27.212697 0.041667
27.254363 0.041666
27.296028 0.041665
27.337695 0.041667
27.379362 0.041667
27.421029 0.041667
27.462695 0.041666
27.504362 0.041667
27.546030 0.041668
27.587695 0.041665
27.629362 0.041667
27.671028 0.041666
27.712667 0.041639
27.754362 0.041695
27.796029 0.041667
27.837696 0.041667
27.879362 0.041666
27.921029 0.041667
27.962695 0.041666
28.004362 0.041667
28.046029 0.041667
28.087694 0.041665
28.129363 0.041669
28.171031 0.041668
28.212696 0.041665
28.254363 0.041667
28.296029 0.041666
28.337696 0.041667
28.379362 0.041666
28.421028 0.041666
28.462695 0.041667
28.504362 0.041667
28.546030 0.041668
28.587695 0.041665
28.629363 0.041668
28.671029 0.041666
28.712695 0.041666
28.754363 0.041668
28.796029 0.041666
28.837695 0.041666
28.879362 0.041667
28.921029 0.041667
28.962695 0.041666
29.004362 0.041667
29.046029 0.041667
29.087696 0.041667
29.129363 0.041667
29.171032 0.041669
29.212695 0.041663
29.254363 0.041668
29.296029 0.041666
29.337697 0.041668
29.379362 0.041665
29.421030 0.041668
29.462696 0.041666
29.504362 0.041666
29.546030 0.041668
29.587695 0.041665
29.629363 0.041668
29.671029 0.041666
29.712695 0.041666
29.754363 0.041668
29.796030 0.041667
29.837696 0.041666
29.879363 0.041667
29.921031 0.041668
29.962695 0.041664
30.004363 0.041668
30.046029 0.041666
30.087695 0.041666
30.129362 0.041667
30.171030 0.041668
30.212696 0.041666
30.254362 0.041666
30.296029 0.041667
30.337695 0.041666
30.379362 0.041667
30.421030 0.041668
30.462696 0.041666
30.504362 0.041666
30.546029 0.041667
30.587695 0.041666
30.629363 0.041668
30.671029 0.041666
30.712695 0.041666
30.754362 0.041667
30.796029 0.041667
30.837695 0.041666
30.879362 0.041667
30.921029 0.041667
30.962695 0.041666
31.004362 0.041667
31.046030 0.041668
31.087695 0.041665
31.129363 0.041668
31.171030 0.041667
31.212695 0.041665
31.254362 0.041667
31.296029 0.041667
31.337695 0.041666
31.379362 0.041667
31.421030 0.041668
31.462653 0.041623
31.504363 0.041710
31.546029 0.041666
31.587694 0.041665
31.629366 0.041672
31.671029 0.041663
31.712695 0.041666
31.754363 0.041668
31.796029 0.041666
31.837695 0.041666
31.879362 0.041667
31.921030 0.041668
31.962695 0.041665
32.004363 0.041668
32.046029 0.041666
32.087695 0.041666
32.129363 0.041668
32.171030 0.041667
32.212698 0.041668
32.254362 0.041664
32.296029 0.041667
32.337695 0.041666
32.379362 0.041667
32.421030 0.041668
32.462695 0.041665
32.504362 0.041667
32.546030 0.041668
32.587695 0.041665
32.629362 0.041667
32.671029 0.041667
32.712695 0.041666
32.754362 0.041667
32.796029 0.041667
32.837695 0.041666
32.879362 0.041667
32.921030 0.041668
32.962695 0.041665
33.004363 0.041668
33.046029 0.041666
33.087696 0.041667
33.129362 0.041666
33.171029 0.041667
33.212696 0.041667
33.254363 0.041667
33.296029 0.041666
33.337696 0.041667
33.379362 0.041666
33.421030 0.041668
33.462696 0.041666
33.504362 0.041666
33.546029 0.041667
33.587695 0.041666
33.629363 0.041668
33.671030 0.041667
33.712696 0.041666
33.754362 0.041666
33.796030 0.041668
33.837695 0.041665
33.879362 0.041667
33.921029 0.041667
33.962696 0.041667
34.004363 0.041667
34.046030 0.041667
34.087695 0.041665
34.129361 0.041666
34.171029 0.041668
34.212696 0.041667
34.254362 0.041666
34.296029 0.041667
34.337695 0.041666
34.379363 0.041668
34.421029 0.041666
34.462696 0.041667
34.504363 0.041667
34.546029 0.041666
34.587695 0.041666
34.629362 0.041667
34.671029 0.041667
34.712696 0.041667
34.754363 0.041667
34.796029 0.041666
34.837696 0.041667
34.879362 0.041666
34.921030 0.041668
34.962695 0.041665
35.004362 0.041667
35.046029 0.041667
35.087695 0.041666
35.129363 0.041668
35.171030 0.041667
35.212695 0.041665
35.254362 0.041667
35.296029 0.041667
35.337696 0.041667
35.379362 0.041666
35.421030 0.041668
35.462695 0.041665
35.504362 0.041667
35.546030 0.041668
35.587695 0.041665
35.629363 0.041668
35.671028 0.041665
35.712695 0.041667
35.754362 0.041667
35.796029 0.041667
35.837695 0.041666
35.879362 0.041667
35.921030 0.041668
35.962696 0.041666
36.004362 0.041666
36.046029 0.041667
36.087695 0.041666
36.129363 0.041668
36.171028 0.041665
36.212699 0.041671
36.254362 0.041663
36.296029 0.041667
36.337695 0.041666
36.379364 0.041669
36.421028 0.041664
36.462695 0.041667
36.504362 0.041667
36.546029 0.041667
36.587696 0.041667
36.629362 0.041666
36.671030 0.041668
36.712696 0.041666
36.754363 0.041667
36.796031 0.041668
36.837695 0.041664
36.879362 0.041667
36.921029 0.041667
36.962695 0.041666
37.004363 0.041668
37.046029 0.041666
37.087695 0.041666
37.129363 0.041668
37.170991 0.041628
37.212695 0.041704
37.254362 0.041667
37.296029 0.041667
37.337695 0.041666
37.379362 0.041667
37.421029 0.041667
37.462695 0.041666
37.504363 0.041668
37.546029 0.041666
37.587696 0.041667
37.629362 0.041666
37.671029 0.041667
37.712696 0.041667
37.754363 0.041667
37.796030 0.041667
37.837697 0.041667
37.879364 0.041667
37.921031 0.041667
37.962695 0.041664
38.004362 0.041667
38.046030 0.041668
38.087695 0.041665
38.129364 0.041669
38.171030 0.041666
38.212697 0.041667
38.254364 0.041667
38.296029 0.041665
38.337695 0.041666
38.379363 0.041668
38.421029 0.041666
38.462696 0.041667
38.504362 0.041666
38.546029 0.041667
38.587695 0.041666
38.629363 0.041668
38.671030 0.041667
38.712696 0.041666
38.754362 0.041666
38.796029 0.041667
38.837696 0.041667
38.879362 0.041666
38.921030 0.041668
38.962695 0.041665
39.004363 0.041668
39.046030 0.041667
39.087695 0.041665
39.129363 0.041668
39.171029 0.041666
39.212695 0.041666
39.254362 0.041667
39.296029 0.041667
39.337696 0.041667
39.379364 0.041668
39.421030 0.041666
39.462695 0.041665
39.504363 0.041668
39.546030 0.041667
39.587695 0.041665
39.629362 0.041667
39.671029 0.041667
39.712696 0.041667
39.754363 0.041667
39.796030 0.041667
39.837696 0.041666
39.879362 0.041666
39.921031 0.041669
39.962695 0.041664
40.004362 0.041667
40.046029 0.041667
40.087695 0.041666
40.129362 0.041667
40.171030 0.041668
40.212697 0.041667
40.254362 0.041665
40.296029 0.041667
40.337695 0.041666
40.379362 0.041667
40.421029 0.041667
40.462695 0.041666
40.504363 0.041668
40.546029 0.041666
40.587696 0.041667
40.629361 0.041665
40.671029 0.041668
40.712696 0.041667
40.754363 0.041667
40.796030 0.041667
40.837696 0.041666
40.879363 0.041667
40.921030 0.041667
40.962696 0.041666
41.004362 0.041666
41.046029 0.041667
41.087694 0.041665
41.129362 0.041668
41.171029 0.041667
41.212695 0.041666
41.254363 0.041668
41.296030 0.041667
41.337695 0.041665
41.379363 0.041668
41.421030 0.041667
41.462695 0.041665
41.504362 0.041667
41.546029 0.041667
41.587695 0.041666
41.629363 0.041668
41.671030 0.041667
41.712696 0.041666
41.754361 0.041665
41.796029 0.041668
41.837695 0.041666
41.879362 0.041667
41.921029 0.041667
41.962695 0.041666
42.004362 0.041667
42.046030 0.041668
42.087696 0.041666
42.129362 0.041666
42.171029 0.041667
42.212695 0.041666
42.254362 0.041667
42.296029 0.041667
42.337695 0.041666
42.379364 0.041669
42.421030 0.041666
42.462695 0.041665
42.504363 0.041668
42.546029 0.041666
42.587696 0.041667
42.629362 0.041666
42.671029 0.041667
42.712695 0.041666
42.754362 0.041667
42.796030 0.041668
42.837695 0.041665
42.879362 0.041667
42.921030 0.041668
42.962695 0.041665
43.004362 0.041667
43.046029 0.041667
43.087695 0.041666
43.129362 0.041667
43.171031 0.041669
43.212695 0.041664
43.254363 0.041668
43.296029 0.041666
43.337696 0.041667
43.379362 0.041666
43.421030 0.041668
43.462695 0.041665
43.504363 0.041668
43.546030 0.041667
43.587696 0.041666
43.629362 0.041666
43.671029 0.041667
43.712696 0.041667
43.754362 0.041666
43.796029 0.041667
43.837696 0.041667
43.879362 0.041666
43.921030 0.041668
43.962695 0.041665
44.004363 0.041668
44.046029 0.041666
44.087695 0.041666
44.129362 0.041667
44.171029 0.041667
44.212695 0.041666
44.254362 0.041667
44.296029 0.041667
44.337696 0.041667
44.379362 0.041666
44.421029 0.041667
44.462695 0.041666
44.504363 0.041668
44.546029 0.041666
44.587695 0.041666
44.629363 0.041668
44.671029 0.041666
44.712696 0.041667
44.754363 0.041667
44.796030 0.041667
44.837696 0.041666
44.879362 0.041666
44.921028 0.041666
44.962695 0.041667
45.004362 0.041667
45.046029 0.041667
45.087695 0.041666
45.129362 0.041667
45.171030 0.041668
45.212695 0.041665
45.254363 0.041668
45.296029 0.041666
45.337695 0.041666
45.379362 0.041667
45.421029 0.041667
45.462696 0.041667
45.504362 0.041666
45.546030 0.041668
45.587695 0.041665
45.629364 0.041669
45.671029 0.041665
45.712695 0.041666
45.754362 0.041667
45.796029 0.041667
45.837696 0.041667
45.879362 0.041666
45.921030 0.041668
45.962695 0.041665
46.004363 0.041668
46.046029 0.041666
46.087695 0.041666
46.129363 0.041668
46.171030 0.041667
46.212696 0.041666
46.254363 0.041667
46.296029 0.041666
46.337695 0.041666
46.379363 0.041668
46.421029 0.041666
46.462695 0.041666
46.504362 0.041667
46.546031 0.041669
46.587695 0.041664
46.629363 0.041668
46.671030 0.041667
46.712696 0.041666
46.754361 0.041665
46.796029 0.041668
46.837695 0.041666
46.879362 0.041667
46.921029 0.041667
46.962696 0.041667
47.004363 0.041667
47.046030 0.041667
47.087695 0.041665
47.129363 0.041668
47.171029 0.041666
47.212695 0.041666
47.254362 0.041667
47.296030 0.041668
47.337696 0.041666
47.379362 0.041666
47.421030 0.041668
47.462695 0.041665
47.504362 0.041667
47.546030 0.041668
47.587695 0.041665
47.629362 0.041667
47.671029 0.041667
47.712696 0.041667
47.754363 0.041667
47.796030 0.041667
47.837696 0.041666
47.879361 0.041665
47.921029 0.041668
47.962695 0.041666
48.004362 0.041667
48.046029 0.041667
48.087695 0.041666
48.129363 0.041668
48.171030 0.041667
48.212698 0.041668
48.254362 0.041664
48.296029 0.041667
48.337699 0.041670
48.379362 0.041663
48.421029 0.041667
48.462695 0.041666
48.504362 0.041667
48.546029 0.041667
48.587697 0.041668
48.629362 0.041665
48.671028 0.041666
48.712695 0.041667
48.754362 0.041667
48.796030 0.041668
48.837695 0.041665
48.879362 0.041667
48.921030 0.041668
48.962696 0.041666
49.004363 0.041667
49.046029 0.041666
49.087694 0.041665
49.129362 0.041668
49.171029 0.041667
49.212695 0.041666
49.254363 0.041668
49.296031 0.041668
49.337695 0.041664
49.379362 0.041667
49.421030 0.041668
49.462695 0.041665
49.504362 0.041667
49.546029 0.041667
49.587697 0.041668
49.629363 0.041666
49.671029 0.041666
49.712695 0.041666
49.754362 0.041667
49.796029 0.041667
49.837694 0.041665
49.879362 0.041668
49.921030 0.041668
49.962695 0.041665
50.004363 0.041668
50.046030 0.041667
50.087696 0.041666
50.129361 0.041665
50.171028 0.041667
50.212694 0.041666
50.254362 0.041668
50.296029 0.041667
50.337695 0.041666
50.379364 0.041669
50.421029 0.041665
50.462695 0.041666
50.504362 0.041667
50.546029 0.041667
50.587696 0.041667
50.629363 0.041667
50.671029 0.041666
50.712695 0.041666
50.754363 0.041668
50.796030 0.041667
50.837696 0.041666
50.879362 0.041666
50.921029 0.041667
50.962695 0.041666
51.004363 0.041668
51.046029 0.041666
51.087695 0.041666
51.129362 0.041667
51.171029 0.041667
51.212695 0.041666
51.254362 0.041667
51.296029 0.041667
51.337695 0.041666
51.379362 0.041667
51.421029 0.041667
51.462695 0.041666
51.504362 0.041667
51.546030 0.041668
51.587696 0.041666
51.629362 0.041666
51.671029 0.041667
51.712695 0.041666
51.754362 0.041667
51.796029 0.041667
51.837695 0.041666
51.879362 0.041667
51.921031 0.041669
51.962695 0.041664
52.004362 0.041667
52.046028 0.041666
52.087695 0.041667
52.129362 0.041667
52.171029 0.041667
52.212696 0.041667
52.254362 0.041666
52.296029 0.041667
52.337696 0.041667
52.379362 0.041666
52.421029 0.041667
52.462684 0.041655
52.504362 0.041678
52.546029 0.041667
52.587698 0.041669
52.629362 0.041664
52.671029 0.041667
52.712695 0.041666
52.754363 0.041668
52.796029 0.041666
52.837695 0.041666
52.879362 0.041667
52.921029 0.041667
52.962696 0.041667
53.004362 0.041666
53.046030 0.041668
53.087695 0.041665
53.129363 0.041668
53.171030 0.041667
53.212696 0.041666
53.254362 0.041666
53.296029 0.041667
53.337695 0.041666
53.379362 0.041667
53.421030 0.041668
53.462696 0.041666
53.504363 0.041667
53.546030 0.041667
53.587697 0.041667
53.629362 0.041665
53.671029 0.041667
53.712695 0.041666
53.754362 0.041667
53.796030 0.041668
53.837697 0.041667
53.879362 0.041665
53.921029 0.041667
53.962695 0.041666
54.004362 0.041667
54.046030 0.041668
54.087695 0.041665
54.129362 0.041667
54.171029 0.041667
54.212696 0.041667
54.254362 0.041666
54.296030 0.041668
54.337695 0.041665
54.379362 0.041667
54.421030 0.041668
54.462695 0.041665
54.504363 0.041668
54.546029 0.041666
54.587695 0.041666
54.629362 0.041667
54.671030 0.041668
54.712695 0.041665
54.754362 0.041667
54.796029 0.041667
54.837696 0.041667
54.879362 0.041666
54.921029 0.041667
54.962696 0.041667
55.004363 0.041667
55.046030 0.041667
55.087695 0.041665
55.129362 0.041667
55.171029 0.041667
55.212695 0.041666
55.254362 0.041667
55.296029 0.041667
55.337696 0.041667
55.379362 0.041666
55.421030 0.041668
55.462694 0.041664
55.504363 0.041669
55.546029 0.041666
55.587695 0.041666
55.629362 0.041667
55.671029 0.041667
55.712695 0.041666
55.754362 0.041667
55.796030 0.041668
55.837655 0.041625
55.879362 0.041707
55.921029 0.041667
55.962695 0.041666
56.004362 0.041667
56.046029 0.041667
56.087696 0.041667
56.129364 0.041668
56.171029 0.041665
56.212696 0.041667
56.254362 0.041666
56.296029 0.041667
56.337696 0.041667
56.379363 0.041667
56.421029 0.041666
56.462695 0.041666
56.504364 0.041669
56.546029 0.041665
56.587696 0.041667
56.629361 0.041665
56.671030 0.041669
56.712695 0.041665
56.754363 0.041668
56.796029 0.041666
56.837695 0.041666
56.879362 0.041667
56.921029 0.041667
56.962695 0.041666
57.004362 0.041667
57.046029 0.041667
57.087695 0.041666
57.129362 0.041667
57.171030 0.041668
57.212696 0.041666
57.254363 0.041667
57.296029 0.041666
57.337696 0.041667
57.379361 0.041665
57.421030 0.041669
57.462695 0.041665
57.504362 0.041667
57.546029 0.041667
57.587695 0.041666
57.629363 0.041668
57.671029 0.041666
57.712695 0.041666
57.754362 0.041667
57.796029 0.041667
57.837695 0.041666
57.879362 0.041667
57.921029 0.041667
57.962695 0.041666
58.004362 0.041667
58.046029 0.041667
58.087695 0.041666
58.129362 0.041667
58.171030 0.041668
58.212696 0.041666
58.254362 0.041666
58.296029 0.041667
58.337695 0.041666
58.379362 0.041667
58.421029 0.041667
58.462695 0.041666
58.504362 0.041667
58.546029 0.041667
58.587695 0.041666
58.629362 0.041667
58.671029 0.041667
58.712696 0.041667
58.754363 0.041667
58.796031 0.041668
58.837696 0.041665
58.879363 0.041667
58.921029 0.041666
58.962695 0.041666
59.004362 0.041667
59.046029 0.041667
59.087695 0.041666
59.129362 0.041667
59.171030 0.041668
59.212695 0.041665
59.254362 0.041667
59.296029 0.041667
59.337695 0.041666
59.379362 0.041667
59.421030 0.041668
59.462695 0.041665
59.504362 0.041667
59.546029 0.041667
59.587695 0.041666
59.629363 0.041668
59.671029 0.041666
59.712695 0.041666
59.754362 0.041667
59.796028 0.041666
59.837695 0.041667
59.879362 0.041667
59.921029 0.041667
59.962695 0.041666
60.004363 0.041668
60.046029 0.041666
60.087695 0.041666
60.129363 0.041668
60.171030 0.041667
60.212695 0.041665
60.254362 0.041667
60.296030 0.041668
60.337694 0.041664
60.379363 0.041669
60.421029 0.041666
60.462695 0.041666
60.504362 0.041667
60.546029 0.041667
60.587695 0.041666
60.629362 0.041667
60.671029 0.041667
60.712696 0.041667
60.754362 0.041666
60.796029 0.041667
60.837695 0.041666
60.879362 0.041667
60.921029 0.041667
60.962695 0.041666
61.004363 0.041668
61.046030 0.041667
61.087695 0.041665
61.129362 0.041667
61.171029 0.041667
61.212696 0.041667
61.254362 0.041666
61.296029 0.041667
61.337695 0.041666
61.379362 0.041667
61.421029 0.041667
61.462696 0.041667
61.504362 0.041666
61.546030 0.041668
61.587695 0.041665
61.629362 0.041667
61.671029 0.041667
61.712695 0.041666
61.754363 0.041668
61.796030 0.041667
61.837697 0.041667
61.879362 0.041665
61.921029 0.041667
61.962694 0.041665
62.004362 0.041668
62.046030 0.041668
62.087695 0.041665
62.129361 0.041666
62.171029 0.041668
62.212695 0.041666
62.254363 0.041668
62.296029 0.041666
62.337695 0.041666
62.379362 0.041667
62.421030 0.041668
62.462695 0.041665
62.504362 0.041667
62.546029 0.041667
62.587695 0.041666
62.629363 0.041668
62.671030 0.041667
62.712695 0.041665
62.754362 0.041667
62.796030 0.041668
62.837696 0.041666
62.879362 0.041666
62.921029 0.041667
62.962696 0.041667
63.004362 0.041666
63.046030 0.041668
63.087696 0.041666
63.129362 0.041666
63.171030 0.041668
63.212695 0.041665
63.254362 0.041667
63.296029 0.041667
63.337697 0.041668
63.379362 0.041665
63.421030 0.041668
63.462695 0.041665
63.504362 0.041667
63.546029 0.041667
63.587695 0.041666
63.629363 0.041668
63.671029 0.041666
63.712696 0.041667
63.754363 0.041667
63.796032 0.041669
63.837695 0.041663
63.879362 0.041667
63.921030 0.041668
63.962695 0.041665
64.004362 0.041667
64.046029 0.041667
64.087696 0.041667
64.129363 0.041667
64.171030 0.041667
64.212699 0.041669
64.254362 0.041663
64.296029 0.041667
64.337696 0.041667
64.379362 0.041666
64.421030 0.041668
64.462695 0.041665
64.504363 0.041668
64.546030 0.041667
64.587695 0.041665
64.629362 0.041667
64.671029 0.041667
64.712696 0.041667
64.754363 0.041667
64.796031 0.041668
64.837696 0.041665
64.879363 0.041667
64.921029 0.041666
64.962695 0.041666
65.004362 0.041667
65.046029 0.041667
65.087695 0.041666
65.129371 0.041676
65.171029 0.041658
65.212696 0.041667
65.254363 0.041667
65.296029 0.041666
65.337695 0.041666
65.379363 0.041668
65.421032 0.041669
65.462695 0.041663
65.504362 0.041667
65.546029 0.041667
65.587695 0.041666
65.629364 0.041669
65.671030 0.041666
65.712696 0.041666
65.754362 0.041666
65.796032 0.041670
65.837695 0.041663
65.879362 0.041667
65.921029 0.041667
65.962695 0.041666
66.004363 0.041668
66.046030 0.041667
66.087695 0.041665
66.129361 0.041666
66.171029 0.041668
66.212695 0.041666
66.254362 0.041667
66.296029 0.041667
66.337695 0.041666
66.379362 0.041667
66.421030 0.041668
66.462696 0.041666
66.504327 0.041631
66.546029 0.041702
66.587695 0.041666
66.629362 0.041667
66.671029 0.041667
66.712696 0.041667
66.754363 0.041667
66.796029 0.041666
66.837695 0.041666
66.879363 0.041668
66.921029 0.041666
66.962699 0.041670
67.004362 0.041663
67.046029 0.041667
67.087696 0.041667
67.129363 0.041667
67.171029 0.041666
67.212696 0.041667
67.254362 0.041666
67.296029 0.041667
67.337695 0.041666
67.379362 0.041667
67.421029 0.041667
67.462696 0.041667
67.504363 0.041667
67.546031 0.041668
67.587696 0.041665
67.629363 0.041667
67.671029 0.041666
67.712696 0.041667
67.754362 0.041666
67.796029 0.041667
67.837695 0.041666
67.879363 0.041668
67.921030 0.041667
67.962696 0.041666
68.004364 0.041668
68.046029 0.041665
68.087695 0.041666
68.129363 0.041668
68.171029 0.041666
68.212695 0.041666
68.254362 0.041667
68.296029 0.041667
68.337696 0.041667
68.379363 0.041667
68.421029 0.041666
68.462695 0.041666
68.504362 0.041667
68.546029 0.041667
68.587695 0.041666
68.629362 0.041667
68.671029 0.041667
68.712696 0.041667
68.754363 0.041667
68.796029 0.041666
68.837697 0.041668
68.879362 0.041665
68.921029 0.041667
68.962695 0.041666
69.004363 0.041668
69.046030 0.041667
69.087696 0.041666
69.129363 0.041667
69.171004 0.041641
69.212696 0.041692
69.254364 0.041668
69.296029 0.041665
69.337694 0.041665
69.379362 0.041668
69.421029 0.041667
69.462696 0.041667
69.504363 0.041667
69.546029 0.041666
69.587695 0.041666
69.629363 0.041668
69.671029 0.041666
69.712695 0.041666
69.754362 0.041667
69.796029 0.041667
69.837696 0.041667
69.879362 0.041666
69.921030 0.041668
69.962695 0.041665
70.004365 0.041670
70.046029 0.041664
70.087695 0.041666
70.129362 0.041667
70.171029 0.041667
70.212696 0.041667
70.254362 0.041666
70.296030 0.041668
70.337694 0.041664
70.379362 0.041668
70.421030 0.041668
70.462696 0.041666
70.504362 0.041666
70.546030 0.041668
70.587695 0.041665
70.629362 0.041667
70.671029 0.041667
70.712695 0.041666
70.754362 0.041667
70.796030 0.041668
70.837695 0.041665
70.879362 0.041667
70.921030 0.041668
70.962696 0.041666
71.004364 0.041668
71.046030 0.041666
71.087695 0.041665
71.129364 0.041669
71.171029 0.041665
71.212694 0.041665
71.254362 0.041668
71.296029 0.041667
71.337696 0.041667
71.379362 0.041666
71.421030 0.041668
71.462695 0.041665
71.504362 0.041667
71.546028 0.041666
71.587695 0.041667
71.629362 0.041667
71.671029 0.041667
71.712696 0.041667
71.754363 0.041667
71.796030 0.041667
71.837688 0.041658
71.879361 0.041673
71.921033 0.041672
71.962695 0.041662
72.004362 0.041667
72.046029 0.041667
72.087696 0.041667
72.129363 0.041667
72.171029 0.041666
72.212696 0.041667
72.254361 0.041665
72.296026 0.041665
72.337696 0.041670
72.379363 0.041667
72.421029 0.041666
72.462695 0.041666
72.504364 0.041669
72.546029 0.041665
72.587695 0.041666
72.629362 0.041667
72.671029 0.041667
72.712695 0.041666
72.754363 0.041668
72.796029 0.041666
72.837696 0.041667
72.879363 0.041667
72.921029 0.041666
72.962695 0.041666
73.004362 0.041667
73.046029 0.041667
73.087695 0.041666
73.129362 0.041667
73.171029 0.041667
73.212696 0.041667
73.254366 0.041670
73.296029 0.041663
73.337695 0.041666
73.379361 0.041666
73.421029 0.041668
73.462694 0.041665
73.504362 0.041668
73.546030 0.041668
73.587695 0.041665
73.629363 0.041668
73.671029 0.041666
73.712695 0.041666
73.754362 0.041667
73.796030 0.041668
73.837695 0.041665
73.879362 0.041667
73.921029 0.041667
73.962699 0.041670
74.004364 0.041665
74.046029 0.041665
74.087695 0.041666
74.129362 0.041667
74.171029 0.041667
74.212696 0.041667
74.254362 0.041666
74.296030 0.041668
74.337695 0.041665
74.379362 0.041667
74.421029 0.041667
74.462695 0.041666
74.504362 0.041667
74.546029 0.041667
74.587695 0.041666
74.629362 0.041667
74.671029 0.041667
74.712696 0.041667
74.754363 0.041667
74.796029 0.041666
74.837695 0.041666
74.879362 0.041667
74.921028 0.041666
74.962695 0.041667
75.004362 0.041667
75.046029 0.041667
75.087695 0.041666
75.129363 0.041668
75.171031 0.041668
75.212696 0.041665
75.254363 0.041667
75.296029 0.041666
75.337695 0.041666
75.379362 0.041667
75.421030 0.041668
75.462696 0.041666
75.504362 0.041666
75.546030 0.041668
75.587695 0.041665
75.629362 0.041667
75.671029 0.041667
75.712695 0.041666
75.754362 0.041667
75.796029 0.041667
75.837695 0.041666
75.879363 0.041668
75.921030 0.041667
75.962696 0.041666
76.004364 0.041668
76.046028 0.041664
76.087695 0.041667
76.129363 0.041668
76.171030 0.041667
76.212696 0.041666
76.254362 0.041666
76.296028 0.041666
76.337694 0.041666
76.379362 0.041668
76.421028 0.041666
76.462696 0.041668
76.504363 0.041667
76.546029 0.041666
76.587694 0.041665
76.629363 0.041669
76.671029 0.041666
76.712695 0.041666
76.754363 0.041668
76.796029 0.041666
76.837695 0.041666
76.879362 0.041667
76.921029 0.041667
76.962695 0.041666
77.004365 0.041670
77.046030 0.041665
77.087696 0.041666
77.129363 0.041667
77.171029 0.041666
77.212696 0.041667
77.254362 0.041666
77.296029 0.041667
77.337695 0.041666
77.379361 0.041666
77.421029 0.041668
77.462696 0.041667
77.504363 0.041667
77.546028 0.041665
77.587695 0.041667
77.629362 0.041667
77.671028 0.041666
77.712695 0.041667
77.754362 0.041667
77.796029 0.041667
77.837695 0.041666
77.879362 0.041667
77.921029 0.041667
77.962695 0.041666
78.004362 0.041667
78.046030 0.041668
78.087695 0.041665
78.129363 0.041668
78.171029 0.041666
78.212696 0.041667
78.254362 0.041666
78.296029 0.041667
78.337695 0.041666
78.379362 0.041667
78.421029 0.041667
78.462695 0.041666
78.504362 0.041667
78.546031 0.041669
78.587696 0.041665
78.629366 0.041670
78.671029 0.041663
78.712695 0.041666
78.754362 0.041667
78.796029 0.041667
78.837696 0.041667
78.879361 0.041665
78.921029 0.041668
78.962696 0.041667
79.004362 0.041666
79.046029 0.041667
79.087695 0.041666
79.129363 0.041668
79.171029 0.041666
79.212695 0.041666
79.254362 0.041667
79.296029 0.041667
79.337696 0.041667
79.379362 0.041666
79.421029 0.041667
79.462695 0.041666
79.504362 0.041667
79.546028 0.041666
79.587695 0.041667
79.629363 0.041668
79.671028 0.041665
79.712696 0.041668
79.754362 0.041666
79.796030 0.041668
79.837695 0.041665
79.879362 0.041667
79.921030 0.041668
79.962695 0.041665
80.004362 0.041667
80.046030 0.041668
80.087695 0.041665
80.129363 0.041668
80.171030 0.041667
80.212698 0.041668
80.254362 0.041664
80.296029 0.041667
80.337695 0.041666
80.379362 0.041667
80.421029 0.041667
80.462697 0.041668
80.504362 0.041665
80.546029 0.041667
80.587695 0.041666
80.629362 0.041667
80.671030 0.041668
80.712695 0.041665
80.754362 0.041667
80.796029 0.041667
80.837695 0.041666
80.879362 0.041667
80.921030 0.041668
80.962696 0.041666
81.004362 0.041666
81.046029 0.041667
81.087695 0.041666
81.129362 0.041667
81.171029 0.041667
81.212698 0.041669
81.254363 0.041665
81.296029 0.041666
81.337696 0.041667
81.379363 0.041667
81.421029 0.041666
81.462695 0.041666
81.504362 0.041667
81.546029 0.041667
81.587695 0.041666
81.629362 0.041667
81.671030 0.041668
81.712696 0.041666
81.754361 0.041665
81.796029 0.041668
81.837695 0.041666
81.879362 0.041667
81.921028 0.041666
81.962695 0.041667
82.004363 0.041668
82.046029 0.041666
82.087695 0.041666
82.129362 0.041667
82.171030 0.041668
82.212695 0.041665
82.254362 0.041667
82.296029 0.041667
82.337695 0.041666
82.379362 0.041667
82.421032 0.041670
82.462696 0.041664
82.504314 0.041618
82.546029 0.041715
82.587695 0.041666
82.629365 0.041670
82.671029 0.041664
82.712696 0.041667
82.754363 0.041667
82.796029 0.041666
82.837699 0.041670
82.879363 0.041664
82.921030 0.041667
82.962651 0.041621
83.004362 0.041711
83.046029 0.041667
83.087695 0.041666
83.129365 0.041670
83.171029 0.041664
83.212696 0.041667
83.254362 0.041666
83.296030 0.041668
83.337696 0.041666
83.379362 0.041666
83.421030 0.041668
83.462695 0.041665
83.504362 0.041667
83.546029 0.041667
83.587696 0.041667
83.629363 0.041667
83.671029 0.041666
83.712695 0.041666
83.754371 0.041676
83.796029 0.041658
83.837695 0.041666
83.879362 0.041667
83.921030 0.041668
83.962695 0.041665
84.004363 0.041668
84.046029 0.041666
84.087695 0.041666
84.129362 0.041667
84.171029 0.041667
84.212696 0.041667
84.254362 0.041666
84.296030 0.041668
84.337696 0.041666
84.379363 0.041667
84.421029 0.041666
84.462695 0.041666
84.504362 0.041667
84.546029 0.041667
84.587695 0.041666
84.629362 0.041667
84.671029 0.041667
84.712696 0.041667
84.754363 0.041667
84.796028 0.041665
84.837695 0.041667
84.879361 0.041666
84.921029 0.041668
84.962695 0.041666
85.004362 0.041667
85.046029 0.041667
85.087695 0.041666
85.129363 0.041668
85.170994 0.041631
85.212696 0.041702
85.254362 0.041666
85.296028 0.041666
85.337695 0.041667
85.379362 0.041667
85.421032 0.041670
85.462697 0.041665
85.504363 0.041666
85.546030 0.041667
85.587695 0.041665
85.629362 0.041667
85.671029 0.041667
85.712695 0.041666
85.754363 0.041668
85.796029 0.041666
85.837696 0.041667
85.879362 0.041666
85.921030 0.041668
85.962695 0.041665
86.004362 0.041667
86.046030 0.041668
86.087695 0.041665
86.129362 0.041667
86.171028 0.041666
86.212698 0.041670
86.254363 0.041665
86.296029 0.041666
86.337694 0.041665
86.379362 0.041668
86.421030 0.041668
86.462696 0.041666
86.504362 0.041666
86.546030 0.041668
86.587695 0.041665
86.629363 0.041668
86.671029 0.041666
86.712694 0.041665
86.754362 0.041668
86.796029 0.041667
86.837696 0.041667
86.879363 0.041667
86.921029 0.041666
86.962696 0.041667
87.004362 0.041666
87.046029 0.041667
87.087695 0.041666
87.129362 0.041667
87.171028 0.041666
87.212695 0.041667
87.254362 0.041667
87.296028 0.041666
87.337697 0.041669
87.379362 0.041665
87.421029 0.041667
87.462695 0.041666
87.504363 0.041668
87.546029 0.041666
87.587695 0.041666
87.629362 0.041667
87.671030 0.041668
87.712696 0.041666
87.754362 0.041666
87.796030 0.041668
87.837695 0.041665
87.879362 0.041667
87.921030 0.041668
87.962697 0.041667
88.004363 0.041666
88.046030 0.041667
88.087695 0.041665
88.129362 0.041667
88.171029 0.041667
88.212698 0.041669
88.254362 0.041664
88.296029 0.041667
88.337696 0.041667
88.379362 0.041666
88.421030 0.041668
88.462696 0.041666
88.504363 0.041667
88.546030 0.041667
88.587695 0.041665
88.629362 0.041667
88.671029 0.041667
88.712695 0.041666
88.754362 0.041667
88.796030 0.041668
88.837695 0.041665
88.879362 0.041667
88.921030 0.041668
88.962695 0.041665
89.004362 0.041667
89.046030 0.041668
89.087695 0.041665
89.129363 0.041668
89.171029 0.041666
89.212696 0.041667
89.254363 0.041667
89.296029 0.041666
89.337695 0.041666
89.379361 0.041666
89.421030 0.041669
89.462695 0.041665
89.504362 0.041667
89.546029 0.041667
89.587695 0.041666
89.629362 0.041667
89.671030 0.041668
89.712696 0.041666
89.754361 0.041665
89.796028 0.041667
89.837696 0.041668
89.879362 0.041666
89.921029 0.041667
89.962695 0.041666
90.004362 0.041667
90.046029 0.041667
90.087696 0.041667
90.129362 0.041666
90.171029 0.041667
90.212695 0.041666
90.254362 0.041667
90.296029 0.041667
90.337695 0.041666
90.379362 0.041667
90.421030 0.041668
90.462695 0.041665
90.504363 0.041668
90.546028 0.041665
90.587695 0.041667
90.629363 0.041668
90.671029 0.041666
90.712696 0.041667
90.754362 0.041666
90.796029 0.041667
90.837696 0.041667
90.879363 0.041667
90.921028 0.041665
90.962695 0.041667
91.004362 0.041667
91.046030 0.041668
91.087695 0.041665
91.129363 0.041668
91.171030 0.041667
91.212695 0.041665
91.254362 0.041667
91.296029 0.041667
91.337696 0.041667
91.379362 0.041666
91.421029 0.041667
91.462695 0.041666
91.504362 0.041667
91.546030 0.041668
91.587695 0.041665
91.629362 0.041667
91.671029 0.041667
91.712696 0.041667
91.754362 0.041666
91.796029 0.041667
91.837695 0.041666
91.879362 0.041667
91.921030 0.041668
91.962695 0.041665
92.004362 0.041667
92.046030 0.041668
92.087694 0.041664
92.129363 0.041669
92.171029 0.041666
92.212695 0.041666
92.254362 0.041667
92.296029 0.041667
92.337694 0.041665
92.379362 0.041668
92.421030 0.041668
92.462695 0.041665
92.504363 0.041668
92.546029 0.041666
92.587695 0.041666
92.629363 0.041668
92.671029 0.041666
92.712696 0.041667
92.754362 0.041666
92.796030 0.041668
92.837697 0.041667
92.879362 0.041665
92.921028 0.041666
92.962694 0.041666
93.004362 0.041668
93.046029 0.041667
93.087695 0.041666
93.129363 0.041668
93.171028 0.041665
93.212695 0.041667
93.254363 0.041668
93.296029 0.041666
93.337695 0.041666
93.379361 0.041666
93.421030 0.041669
93.462696 0.041666
93.504363 0.041667
93.546028 0.041665
93.587695 0.041667
93.629362 0.041667
93.671029 0.041667
93.712695 0.041666
93.754362 0.041667
93.796030 0.041668
93.837696 0.041666
93.879363 0.041667
93.921007 0.041644
93.962695 0.041688
94.004362 0.041667
94.046029 0.041667
94.087695 0.041666
94.129362 0.041667
94.171029 0.041667
94.212695 0.041666
94.254363 0.041668
94.296029 0.041666
94.337695 0.041666
94.379363 0.041668
94.421028 0.041665
94.462695 0.041667
94.504363 0.041668
94.546030 0.041667
94.587696 0.041666
94.629366 0.041670
94.671030 0.041664
94.712696 0.041666
94.754362 0.041666
94.796029 0.041667
94.837695 0.041666
94.879362 0.041667
94.921029 0.041667
94.962695 0.041666
95.004363 0.041668
95.046029 0.041666
95.087696 0.041667
95.129365 0.041669
95.171029 0.041664
95.212696 0.041667
95.254362 0.041666
95.296029 0.041667
95.337696 0.041667
95.379362 0.041666
95.421031 0.041669
95.462696 0.041665
95.504362 0.041666
95.546029 0.041667
95.587695 0.041666
95.629363 0.041668
95.671032 0.041669
95.712695 0.041663
95.754362 0.041667
95.796029 0.041667
95.837695 0.041666
95.879362 0.041667
95.921029 0.041667
95.962696 0.041667
96.004363 0.041667
96.046030 0.041667
96.087695 0.041665
96.129362 0.041667
96.171032 0.041670
96.212695 0.041663
96.254363 0.041668
96.296030 0.041667
96.337695 0.041665
96.379362 0.041667
96.421031 0.041669
96.462696 0.041665
96.504363 0.041667
96.546030 0.041667
96.587695 0.041665
96.629362 0.041667
96.671029 0.041667
96.712696 0.041667
96.754362 0.041666
96.796030 0.041668
96.837696 0.041666
96.879363 0.041667
96.921029 0.041666
96.962696 0.041667
97.004362 0.041666
97.046030 0.041668
97.087695 0.041665
97.129362 0.041667
97.171029 0.041667
97.212695 0.041666
97.254363 0.041668
97.296029 0.041666
97.337696 0.041667
97.379361 0.041665
97.421030 0.041669
97.462695 0.041665
97.504363 0.041668
97.546029 0.041666
97.587694 0.041665
97.629362 0.041668
97.671030 0.041668
97.712695 0.041665
97.754362 0.041667
97.796029 0.041667
97.837695 0.041666
97.879363 0.041668
97.921029 0.041666
97.962695 0.041666
98.004362 0.041667
98.046029 0.041667
98.087696 0.041667
98.129362 0.041666
98.171030 0.041668
98.212695 0.041665
98.254362 0.041667
98.296029 0.041667
98.337696 0.041667
98.379362 0.041666
98.421031 0.041669
98.462696 0.041665
98.504361 0.041665
98.546029 0.041668
98.587695 0.041666
98.629362 0.041667
98.671029 0.041667
98.712699 0.041670
98.754362 0.041663
98.796029 0.041667
98.837696 0.041667
98.879362 0.041666
98.921030 0.041668
98.962694 0.041664
99.004362 0.041668
99.046029 0.041667
99.087695 0.041666
99.129363 0.041668
99.171029 0.041666
99.212695 0.041666
99.254362 0.041667
99.296029 0.041667
99.337695 0.041666
99.379362 0.041667
99.421031 0.041669
99.462695 0.041664
99.504364 0.041669
99.546030 0.041666
99.587696 0.041666
99.629363 0.041667
99.671029 0.041666
99.712696 0.041667
99.754362 0.041666
99.796029 0.041667
99.837695 0.041666
99.879363 0.041668
99.921030 0.041667
99.962696 0.041666
100.004363 0.041667
100.046029 0.041666
100.087695 0.041666
100.129362 0.041667
100.171030 0.041668
100.212695 0.041665
100.254364 0.041669
100.296030 0.041666
100.337696 0.041666
100.379363 0.041667
100.421029 0.041666
100.462695 0.041666
100.504362 0.041667
100.546029 0.041667
100.587695 0.041666
100.629362 0.041667
100.671030 0.041668
100.712695 0.041665
100.754362 0.041667
100.796029 0.041667
100.837695 0.041666
100.879362 0.041667
100.921029 0.041667
100.962696 0.041667
101.004363 0.041667
101.046030 0.041667
101.087695 0.041665
101.129363 0.041668
101.171028 0.041665
101.212696 0.041668
101.254362 0.041666
101.296029 0.041667
101.337695 0.041666
101.379362 0.041667
101.421029 0.041667
101.462695 0.041666
101.504362 0.041667
101.546000 0.041638
101.587694 0.041694
101.629363 0.041669
101.671029 0.041666
101.712695 0.041666
101.754363 0.041668
101.796029 0.041666
101.837696 0.041667
101.879363 0.041667
101.921029 0.041666
101.962695 0.041666
102.004363 0.041668
102.046029 0.041666
102.087695 0.041666
102.129362 0.041667
102.171029 0.041667
102.212696 0.041667
102.254362 0.041666
102.296030 0.041668
102.337695 0.041665
102.379362 0.041667
102.421029 0.041667
102.462696 0.041667
102.504363 0.041667
102.546029 0.041666
102.587695 0.041666
102.629364 0.041669
102.671029 0.041665
102.712699 0.041670
102.754337 0.041638
102.796029 0.041692
102.837695 0.041666
102.879361 0.041666
102.921029 0.041668
102.962696 0.041667
103.004362 0.041666
103.046030 0.041668
103.087694 0.041664
103.129363 0.041669
103.171029 0.041666
103.212695 0.041666
103.254362 0.041667
103.296029 0.041667
103.337696 0.041667
103.379362 0.041666
103.421033 0.041671
103.462695 0.041662
103.504362 0.041667
103.546028 0.041666
103.587695 0.041667
103.629363 0.041668
103.671029 0.041666
103.712697 0.041668
103.754363 0.041666
103.796030 0.041667
103.837695 0.041665
103.879362 0.041667
103.921030 0.041668
103.962695 0.041665
104.004363 0.041668
104.046029 0.041666
104.087695 0.041666
104.129362 0.041667
104.171029 0.041667
104.212655 0.041626
104.254363 0.041708
104.296029 0.041666
104.337695 0.041666
104.379362 0.041667
104.421030 0.041668
104.462695 0.041665
104.504363 0.041668
104.546029 0.041666
104.587695 0.041666
104.629363 0.041668
104.671029 0.041666
104.712695 0.041666
104.754362 0.041667
104.796029 0.041667
104.837696 0.041667
104.879363 0.041667
104.921030 0.041667
104.962698 0.041668
105.004363 0.041665
105.046030 0.041667
105.087695 0.041665
105.129362 0.041667
105.171031 0.041669
105.212695 0.041664
105.254363 0.041668
105.296030 0.041667
105.337695 0.041665
105.379362 0.041667
105.421029 0.041667
105.462695 0.041666
105.504362 0.041667
105.546029 0.041667
105.587694 0.041665
105.629364 0.041670
105.671030 0.041666
105.712696 0.041666
105.754361 0.041665
105.796029 0.041668
105.837695 0.041666
105.879362 0.041667
105.921029 0.041667
105.962696 0.041667
106.004363 0.041667
106.046029 0.041666
106.087695 0.041666
106.129361 0.041666
106.171029 0.041668
106.212695 0.041666
106.254362 0.041667
106.296029 0.041667
106.337695 0.041666
106.379362 0.041667
106.421029 0.041667
106.462695 0.041666
106.504363 0.041668
106.546031 0.041668
106.587695 0.041664
106.629362 0.041667
106.671029 0.041667
106.712696 0.041667
106.754362 0.041666
106.796029 0.041667
106.837700 0.041671
106.879362 0.041662
106.921029 0.041667
106.962695 0.041666
107.004363 0.041668
107.046029 0.041666
107.087695 0.041666
107.129362 0.041667
107.171030 0.041668
107.212695 0.041665
107.254363 0.041668
107.296028 0.041665
107.337695 0.041667
107.379362 0.041667
107.421029 0.041667
107.462695 0.041666
107.504363 0.041668
107.546030 0.041667
107.587695 0.041665
107.629367 0.041672
107.671028 0.041661
107.712696 0.041668
107.754362 0.041666
107.796029 0.041667
107.837695 0.041666
107.879362 0.041667
107.921029 0.041667
107.962695 0.041666
108.004362 0.041667
108.046028 0.041666
108.087695 0.041667
108.129362 0.041667
108.171029 0.041667
108.212695 0.041666
108.254363 0.041668
108.296029 0.041666
108.337694 0.041665
108.379362 0.041668
108.421029 0.041667
108.462695 0.041666
108.504363 0.041668
108.546029 0.041666
108.587695 0.041666
108.629364 0.041669
108.671030 0.041666
108.712694 0.041664
108.754362 0.041668
108.796028 0.041666
108.837695 0.041667
108.879362 0.041667
108.921029 0.041667
108.962695 0.041666
109.004362 0.041667
109.046029 0.041667
109.087695 0.041666
109.129363 0.041668
109.171012 0.041649
109.212695 0.041683
109.254362 0.041667
109.296029 0.041667
109.337695 0.041666
109.379362 0.041667
109.421031 0.041669
109.462695 0.041664
109.504363 0.041668
109.546029 0.041666
109.587695 0.041666
109.629364 0.041669
109.671029 0.041665
109.712695 0.041666
109.754362 0.041667
109.796029 0.041667
109.837695 0.041666
109.879362 0.041667
109.921029 0.041667
109.962696 0.041667
110.004362 0.041666
110.046031 0.041669
110.087695 0.041664
110.129363 0.041668
110.171029 0.041666
110.212696 0.041667
110.254363 0.041667
110.296029 0.041666
110.337694 0.041665
110.379362 0.041668
110.421029 0.041667
110.462696 0.041667
110.504362 0.041666
110.546030 0.041668
110.587696 0.041666
110.629365 0.041669
110.671000 0.041635
110.712695 0.041695
110.754364 0.041669
110.796029 0.041665
110.837695 0.041666
110.879363 0.041668
110.921030 0.041667
110.962696 0.041666
111.004362 0.041666
111.046030 0.041668
111.087695 0.041665
111.129363 0.041668
111.171029 0.041666
111.212695 0.041666
111.254362 0.041667
111.296029 0.041667
111.337696 0.041667
111.379363 0.041667
111.421029 0.041666
111.462695 0.041666
111.504362 0.041667
111.546029 0.041667
111.587695 0.041666
111.629364 0.041669
111.671029 0.041665
111.712696 0.041667
111.754363 0.041667
111.796030 0.041667
111.837694 0.041664
111.879362 0.041668
111.921030 0.041668
111.962694 0.041664
112.004363 0.041669
112.046029 0.041666
112.087695 0.041666
112.129362 0.041667
112.171029 0.041667
112.212696 0.041667
112.254361 0.041665
112.296029 0.041668
112.337695 0.041666
112.379362 0.041667
112.421029 0.041667
112.462696 0.041667
112.504362 0.041666
112.546029 0.041667
112.587694 0.041665
112.629363 0.041669
112.671029 0.041666
112.712696 0.041667
112.754362 0.041666
112.796030 0.041668
112.837695 0.041665
112.879362 0.041667
112.921029 0.041667
112.962694 0.041665
113.004364 0.041670
113.046029 0.041665
113.087695 0.041666
113.129362 0.041667
113.171029 0.041667
113.212696 0.041667
113.254363 0.041667
113.296029 0.041666
113.337694 0.041665
113.379362 0.041668
113.421030 0.041668
113.462696 0.041666
113.504362 0.041666
113.546029 0.041667
113.587696 0.041667
113.629364 0.041668
113.671032 0.041668
113.712696 0.041664
113.754361 0.041665
113.796028 0.041667
113.837695 0.041667
113.879362 0.041667
113.921029 0.041667
113.962695 0.041666
114.004362 0.041667
114.046029 0.041667
114.087696 0.041667
114.129362 0.041666
114.171029 0.041667
114.212695 0.041666
114.254362 0.041667
114.296029 0.041667
114.337696 0.041667
114.379363 0.041667
114.421029 0.041666
114.462695 0.041666
114.504362 0.041667
114.546028 0.041666
114.587694 0.041666
114.629362 0.041668
114.671029 0.041667
114.712695 0.041666
114.754362 0.041667
114.796033 0.041671
114.837696 0.041663
114.879362 0.041666
114.921030 0.041668
114.962695 0.041665
115.004363 0.041668
115.046029 0.041666
115.087695 0.041666
115.129363 0.041668
115.171030 0.041667
115.212697 0.041667
115.254362 0.041665
115.295989 0.041627
115.337695 0.041706
115.379361 0.041666
115.421030 0.041669
115.462695 0.041665
115.504363 0.041668
115.546029 0.041666
115.587695 0.041666
115.629362 0.041667
115.671029 0.041667
115.712696 0.041667
115.754366 0.041670
115.796030 0.041664
115.837696 0.041666
115.879362 0.041666
115.921030 0.041668
115.962696 0.041666
116.004362 0.041666
116.046029 0.041667
116.087696 0.041667
116.129362 0.041666
116.171029 0.041667
116.212695 0.041666
116.254363 0.041668
116.296029 0.041666
116.337696 0.041667
116.379362 0.041666
116.421029 0.041667
116.462695 0.041666
116.504362 0.041667
116.546030 0.041668
116.587696 0.041666
116.629363 0.041667
116.671030 0.041667
116.712695 0.041665
116.754362 0.041667
116.796029 0.041667
116.837694 0.041665
116.879362 0.041668
116.921029 0.041667
116.962695 0.041666
117.004363 0.041668
117.046030 0.041667
117.087696 0.041666
117.129362 0.041666
117.171029 0.041667
117.212695 0.041666
117.254362 0.041667
117.296028 0.041666
117.337695 0.041667
117.379361 0.041666
117.421029 0.041668
117.462696 0.041667
117.504362 0.041666
117.546029 0.041667
117.587695 0.041666
117.629363 0.041668
117.671029 0.041666
117.712695 0.041666
117.754362 0.041667
117.796030 0.041668
117.837697 0.041667
117.879362 0.041665
117.921029 0.041667
117.962695 0.041666
118.004363 0.041668
118.046039 0.041676
118.087695 0.041656
118.129362 0.041667
118.171030 0.041668
118.212695 0.041665
118.254364 0.041669
118.296029 0.041665
118.337695 0.041666
118.379362 0.041667
118.421029 0.041667
118.462696 0.041667
118.504362 0.041666
118.546029 0.041667
118.587695 0.041666
118.629363 0.041668
118.671028 0.041665
118.712695 0.041667
118.754362 0.041667
118.796029 0.041667
118.837697 0.041668
118.879362 0.041665
118.921029 0.041667
118.962695 0.041666
119.004362 0.041667
119.046029 0.041667
119.087695 0.041666
119.129362 0.041667
119.171030 0.041668
119.212696 0.041666
119.254363 0.041667
119.296029 0.041666
119.337695 0.041666
119.379362 0.041667
119.421029 0.041667
119.462697 0.041668
119.504363 0.041666
119.546029 0.041666
119.587697 0.041668
119.629362 0.041665
119.671029 0.041667
119.712695 0.041666
119.754363 0.041668
119.796029 0.041666
119.837695 0.041666
119.879362 0.041667
119.921029 0.041667
119.962695 0.041666
120.004363 0.041668
120.046029 0.041666
120.087695 0.041666
120.129363 0.041668
120.171029 0.041666
120.212695 0.041666
120.254362 0.041667
120.296028 0.041666
120.337695 0.041667
120.379362 0.041667
120.421029 0.041667
120.462695 0.041666
120.504363 0.041668
120.546029 0.041666
120.587695 0.041666
120.629362 0.041667
120.671029 0.041667
120.712695 0.041666
120.754362 0.041667
120.796028 0.041666
120.837696 0.041668
120.879363 0.041667
120.921030 0.041667
120.962695 0.041665
121.004362 0.041667
121.046029 0.041667
121.087695 0.041666
121.129363 0.041668
121.171028 0.041665
121.212696 0.041668
121.254363 0.041667
121.296030 0.041667
121.337695 0.041665
121.379363 0.041668
121.421030 0.041667
121.462695 0.041665
121.504363 0.041668
121.546029 0.041666
121.587695 0.041666
121.629363 0.041668
121.671029 0.041666
121.712695 0.041666
121.754363 0.041668
121.796029 0.041666
121.837697 0.041668
121.879362 0.041665
121.921029 0.041667
121.962696 0.041667
122.004362 0.041666
122.046030 0.041668
122.087694 0.041664
122.129321 0.041627
122.171029 0.041708
122.212696 0.041667
122.254362 0.041666
122.296029 0.041667
122.337695 0.041666
122.379362 0.041667
122.421030 0.041668
122.462695 0.041665
122.504362 0.041667
122.546029 0.041667
122.587694 0.041665
122.629363 0.041669
122.671028 0.041665
122.712695 0.041667
122.754362 0.041667
122.796030 0.041668
122.837696 0.041666
122.879363 0.041667
122.921030 0.041667
122.962695 0.041665
123.004362 0.041667
123.046029 0.041667
123.087695 0.041666
123.129363 0.041668
123.171029 0.041666
123.212695 0.041666
123.254361 0.041666
123.296029 0.041668
123.337695 0.041666
123.379362 0.041667
123.421029 0.041667
123.462695 0.041666
123.504362 0.041667
123.546030 0.041668
123.587696 0.041666
123.629362 0.041666
123.671029 0.041667
123.712695 0.041666
123.754363 0.041668
123.796029 0.041666
123.837695 0.041666
123.879362 0.041667
123.921029 0.041667
123.962696 0.041667
124.004362 0.041666
124.046030 0.041668
124.087695 0.041665
124.129363 0.041668
124.171029 0.041666
124.212695 0.041666
124.254362 0.041667
124.296029 0.041667
124.337695 0.041666
124.379362 0.041667
124.421030 0.041668
124.462695 0.041665
124.504362 0.041667
124.546029 0.041667
124.587695 0.041666
124.629363 0.041668
124.671030 0.041667
124.712696 0.041666
124.754362 0.041666
124.796029 0.041667
124.837696 0.041667
124.879362 0.041666
124.921029 0.041667
124.962695 0.041666
125.004365 0.041670
125.046030 0.041665
125.087695 0.041665
125.129361 0.041666
125.171029 0.041668
125.212695 0.041666
125.254361 0.041666
125.296029 0.041668
125.337695 0.041666
125.379363 0.041668
125.421028 0.041665
125.462696 0.041668
125.504363 0.041667
125.546028 0.041665
125.587694 0.041666
125.629362 0.041668
125.671029 0.041667
125.712696 0.041667
125.754362 0.041666
125.796030 0.041668
125.837696 0.041666
125.879362 0.041666
125.921032 0.041670
125.962695 0.041663
