0.021761 0.021761
0.050817 0.029056
0.090853 0.040036
0.130893 0.040040
0.170831 0.039938
0.210875 0.040044
0.250881 0.040006
0.290884 0.040003
0.330882 0.039998
0.370836 0.039954
0.410882 0.040046
0.450880 0.039998
0.490883 0.040003
0.530881 0.039998
0.570845 0.039964
0.610791 0.039946
0.650880 0.040089
0.690883 0.040003
0.730883 0.040000
0.770837 0.039954
0.810844 0.040007
0.850873 0.040029
0.890816 0.039943
0.930810 0.039994
0.970809 0.039999
1.010807 0.039998
1.050808 0.040001
1.090807 0.039999
1.130808 0.040001
1.170809 0.040001
1.210807 0.039998
1.250807 0.040000
1.290806 0.039999
1.330808 0.040002
1.370809 0.040001
1.410808 0.039999
1.450808 0.040000
1.490808 0.040000
1.530807 0.039999
1.570807 0.040000
1.610807 0.040000
1.650807 0.040000
1.690808 0.040001
1.730809 0.040001
1.770809 0.040000
1.810808 0.039999
1.850808 0.040000
1.890808 0.040000
1.930808 0.040000
1.970810 0.040002
2.010808 0.039998
2.050810 0.040002
2.090808 0.039998
2.130808 0.040000
2.170808 0.040000
2.210807 0.039999
2.250813 0.040006
2.290809 0.039996
2.330808 0.039999
2.370811 0.040003
2.410809 0.039998
2.450809 0.040000
2.490809 0.040000
2.530808 0.039999
2.570809 0.040001
2.610808 0.039999
2.650807 0.039999
2.690809 0.040002
2.730807 0.039998
2.770808 0.040001
2.810807 0.039999
2.850807 0.040000
2.890808 0.040001
2.930807 0.039999
2.970809 0.040002
3.010807 0.039998
3.050808 0.040001
3.090808 0.040000
3.130808 0.040000
3.170809 0.040001
3.210808 0.039999
3.250807 0.039999
3.290808 0.040001
3.330807 0.039999
3.370807 0.040000
3.410807 0.040000
3.450808 0.040001
3.490808 0.040000
3.530799 0.039991
3.570809 0.040010
3.610808 0.039999
3.650808 0.040000
3.690808 0.040000
3.730807 0.039999
3.770809 0.040002
3.810808 0.039999
3.850807 0.039999
3.890808 0.040001
3.930811 0.040003
3.970807 0.039996
4.010807 0.040000
4.050808 0.040001
4.090807 0.039999
4.130807 0.040000
4.170809 0.040002
4.210808 0.039999
4.250808 0.040000
4.290808 0.040000
4.330807 0.039999
4.370809 0.040002
4.410808 0.039999
4.450808 0.040000
4.490808 0.040000
4.530808 0.040000
4.570808 0.040000
4.610807 0.039999
4.650807 0.040000
4.690808 0.040001
4.730808 0.040000
4.770810 0.040002
4.810808 0.039998
4.850807 0.039999
4.890808 0.040001
4.930810 0.040002
4.970809 0.039999
5.010808 0.039999
5.050807 0.039999
5.090808 0.040001
5.130807 0.039999
5.170809 0.040002
5.210807 0.039998
5.250807 0.040000
5.290807 0.040000
5.330784 0.039977
5.370810 0.040026
5.410808 0.039998
5.450807 0.039999
5.490808 0.040001
5.530808 0.040000
5.570809 0.040001
5.610808 0.039999
5.650808 0.040000
5.690807 0.039999
5.730807 0.040000
5.770809 0.040002
5.810807 0.039998
5.850808 0.040001
5.890808 0.040000
5.930807 0.039999
5.970809 0.040002
6.010808 0.039999
6.050808 0.040000
6.090808 0.040000
6.130808 0.040000
6.170809 0.040001
6.210809 0.040000
6.250808 0.039999
6.290807 0.039999
6.330808 0.040001
6.370809 0.040001
6.410808 0.039999
6.450808 0.040000
6.490808 0.040000
6.530807 0.039999
6.570813 0.040006
6.610808 0.039995
6.650808 0.040000
6.690808 0.040000
6.730808 0.040000
6.770807 0.039999
6.810808 0.040001
6.850809 0.040001
6.890808 0.039999
6.930808 0.040000
6.970808 0.040000
7.010807 0.039999
7.050764 0.039957
7.090807 0.040043
7.130808 0.040001
7.170808 0.040000
7.210807 0.039999
7.250811 0.040004
7.290808 0.039997
7.330807 0.039999
7.370808 0.040001
7.410808 0.040000
7.450808 0.040000
7.490808 0.040000
7.530807 0.039999
7.570807 0.040000
7.610808 0.040001
7.650808 0.040000
7.690808 0.040000
7.730807 0.039999
7.770807 0.040000
7.810808 0.040001
7.850807 0.039999
7.890808 0.040001
7.930808 0.040000
7.970808 0.040000
8.010808 0.040000
8.050808 0.040000
8.090807 0.039999
8.130808 0.040001
8.170807 0.039999
8.210809 0.040002
8.250808 0.039999
8.290808 0.040000
8.330808 0.040000
8.370810 0.040002
8.410808 0.039998
8.450808 0.040000
8.490808 0.040000
8.530808 0.040000
8.570807 0.039999
8.610807 0.040000
8.650808 0.040001
8.690807 0.039999
8.730808 0.040001
8.770807 0.039999
8.810808 0.040001
8.850807 0.039999
8.890808 0.040001
8.930809 0.040001
8.970808 0.039999
9.010810 0.040002
9.050808 0.039998
9.090808 0.040000
9.130807 0.039999
9.170807 0.040000
9.210808 0.040001
9.250809 0.040001
9.290807 0.039998
9.330807 0.040000
9.370808 0.040001
9.410807 0.039999
9.450807 0.040000
9.490807 0.040000
9.530807 0.040000
9.570809 0.040002
9.610809 0.040000
9.650808 0.039999
9.690807 0.039999
9.730808 0.040001
9.770808 0.040000
9.810808 0.040000
9.850807 0.039999
9.890807 0.040000
9.930807 0.040000
9.970807 0.040000
10.010808 0.040001
10.050808 0.040000
10.090807 0.039999
10.130807 0.040000
10.170808 0.040001
10.210808 0.040000
10.250808 0.040000
10.290808 0.040000
10.330808 0.040000
10.370808 0.040000
10.410808 0.040000
10.450807 0.039999
10.490807 0.040000
10.530807 0.040000
10.570808 0.040001
10.610808 0.040000
10.650807 0.039999
10.690807 0.040000
10.730807 0.040000
10.770808 0.040001
10.810808 0.040000
10.850808 0.040000
10.890808 0.040000
10.930808 0.040000
10.970808 0.040000
11.010808 0.040000
11.050807 0.039999
11.090808 0.040001
11.130808 0.040000
11.170807 0.039999
11.210809 0.040002
11.250808 0.039999
11.290809 0.040001
11.330807 0.039998
11.370808 0.040001
11.410808 0.040000
11.450807 0.039999
11.490807 0.040000
11.530807 0.040000
11.570808 0.040001
11.610808 0.040000
11.650807 0.039999
11.690807 0.040000
11.730807 0.040000
11.770807 0.040000
11.810807 0.040000
11.850808 0.040001
11.890807 0.039999
11.930808 0.040001
11.970809 0.040001
12.010807 0.039998
12.050807 0.040000
12.090808 0.040001
12.130808 0.040000
12.170808 0.040000
12.210807 0.039999
12.250808 0.040001
12.290808 0.040000
12.330807 0.039999
12.370807 0.040000
12.410807 0.040000
12.450808 0.040001
12.490808 0.040000
12.530808 0.040000
12.570807 0.039999
12.610808 0.040001
12.650807 0.039999
12.690808 0.040001
12.730808 0.040000
12.770808 0.040000
12.810808 0.040000
12.850808 0.040000
12.890808 0.040000
12.930807 0.039999
12.970808 0.040001
13.010807 0.039999
13.050808 0.040001
13.090810 0.040002
13.130809 0.039999
13.170807 0.039998
13.210808 0.040001
13.250808 0.040000
13.290808 0.040000
13.330808 0.040000
13.370807 0.039999
13.410808 0.040001
13.450808 0.040000
13.490807 0.039999
13.530807 0.040000
13.570809 0.040002
13.610808 0.039999
13.650807 0.039999
13.690807 0.040000
13.730807 0.040000
13.770808 0.040001
13.810808 0.040000
13.850808 0.040000
13.890807 0.039999
13.930808 0.040001
13.970808 0.040000
14.010808 0.040000
14.050807 0.039999
14.090808 0.040001
14.130807 0.039999
14.170807 0.040000
14.210807 0.040000
14.250808 0.040001
14.290808 0.040000
14.330807 0.039999
14.370807 0.040000
14.410807 0.040000
14.450808 0.040001
14.490808 0.040000
14.530807 0.039999
14.570807 0.040000
14.610808 0.040001
14.650808 0.040000
14.690808 0.040000
14.730807 0.039999
14.770807 0.040000
14.810807 0.040000
14.850807 0.040000
14.890808 0.040001
14.930808 0.040000
14.970807 0.039999
15.010809 0.040002
15.050808 0.039999
15.090807 0.039999
15.130808 0.040001
15.170807 0.039999
15.210808 0.040001
15.250807 0.039999
15.290808 0.040001
15.330808 0.040000
15.370807 0.039999
15.410807 0.040000
15.450808 0.040001
15.490811 0.040003
15.530808 0.039997
15.570807 0.039999
15.610809 0.040002
15.650808 0.039999
15.690807 0.039999
15.730809 0.040002
15.770808 0.039999
15.810808 0.040000
15.850808 0.040000
15.890808 0.040000
15.930807 0.039999
15.970808 0.040001
16.010807 0.039999
16.050807 0.040000
16.090807 0.040000
16.130808 0.040001
16.170807 0.039999
16.210808 0.040001
16.250808 0.040000
16.290808 0.040000
16.330808 0.040000
16.370808 0.040000
16.410808 0.040000
16.450808 0.040000
16.490808 0.040000
16.530807 0.039999
16.570807 0.040000
16.610808 0.040001
16.650808 0.040000
16.690808 0.040000
16.730808 0.040000
16.770808 0.040000
16.810808 0.040000
16.850809 0.040001
16.890808 0.039999
16.930808 0.040000
16.970808 0.040000
17.010808 0.040000
17.050808 0.040000
17.090808 0.040000
17.130807 0.039999
17.170807 0.040000
17.210808 0.040001
17.250808 0.040000
17.290807 0.039999
17.330807 0.040000
17.370807 0.040000
17.410808 0.040001
17.450808 0.040000
17.490808 0.040000
17.530808 0.040000
17.570807 0.039999
17.610807 0.040000
17.650808 0.040001
17.690808 0.040000
17.730807 0.039999
17.770807 0.040000
17.810807 0.040000
17.850807 0.040000
17.890807 0.040000
17.930808 0.040001
17.970807 0.039999
18.010809 0.040002
18.050807 0.039998
18.090808 0.040001
18.130808 0.040000
18.170808 0.040000
18.210809 0.040001
18.250808 0.039999
18.290808 0.040000
18.330808 0.040000
18.370807 0.039999
18.410807 0.040000
18.450807 0.040000
18.490808 0.040001
18.530807 0.039999
18.570807 0.040000
18.610808 0.040001
18.650808 0.040000
18.690807 0.039999
18.730808 0.040001
18.770807 0.039999
18.810808 0.040001
18.850808 0.040000
18.890808 0.040000
18.930807 0.039999
18.970807 0.040000
19.010807 0.040000
19.050807 0.040000
19.090808 0.040001
19.130808 0.040000
19.170807 0.039999
19.210808 0.040001
19.250807 0.039999
19.290807 0.040000
19.330807 0.040000
19.370811 0.040004
19.410808 0.039997
19.450808 0.040000
19.490808 0.040000
19.530808 0.040000
19.570808 0.040000
19.610807 0.039999
19.650807 0.040000
19.690808 0.040001
19.730808 0.040000
19.770808 0.040000
19.810808 0.040000
19.850808 0.040000
19.890808 0.040000
19.930807 0.039999
19.970807 0.040000
20.010807 0.040000
20.050808 0.040001
20.090808 0.040000
20.130807 0.039999
20.170807 0.040000
20.210808 0.040001
20.250807 0.039999
20.290807 0.040000
20.330808 0.040001
20.370807 0.039999
20.410808 0.040001
20.450808 0.040000
20.490807 0.039999
20.530808 0.040001
20.570807 0.039999
20.610808 0.040001
20.650809 0.040001
20.690808 0.039999
20.730809 0.040001
20.770808 0.039999
20.810808 0.040000
20.850807 0.039999
20.890809 0.040002
20.930809 0.040000
20.970808 0.039999
21.010808 0.040000
21.050809 0.040001
21.090809 0.040000
21.130807 0.039998
21.170808 0.040001
21.210808 0.040000
21.250810 0.040002
21.290812 0.040002
21.330809 0.039997
21.370810 0.040001
21.410807 0.039997
21.450807 0.040000
21.490808 0.040001
21.530808 0.040000
21.570807 0.039999
21.610809 0.040002
21.650808 0.039999
21.690808 0.040000
21.730808 0.040000
21.770807 0.039999
21.810807 0.040000
21.850808 0.040001
21.890808 0.040000
21.930807 0.039999
21.970807 0.040000
22.010806 0.039999
22.050807 0.040001
22.090807 0.040000
22.130808 0.040001
22.170806 0.039998
22.210808 0.040002
22.250808 0.040000
22.290808 0.040000
22.330808 0.040000
22.370808 0.040000
22.410808 0.040000
22.450809 0.040001
22.490808 0.039999
22.530807 0.039999
22.570807 0.040000
22.610806 0.039999
22.650808 0.040002
22.690807 0.039999
22.730808 0.040001
22.770807 0.039999
22.810808 0.040001
22.850808 0.040000
22.890808 0.040000
22.930808 0.040000
22.970807 0.039999
23.010808 0.040001
23.050808 0.040000
23.090808 0.040000
23.130807 0.039999
23.170807 0.040000
23.210807 0.040000
23.250807 0.040000
23.290808 0.040001
23.330809 0.040001
23.370807 0.039998
23.410808 0.040001
23.450811 0.040003
23.490807 0.039996
23.530807 0.040000
23.570807 0.040000
23.610808 0.040001
23.650807 0.039999
23.690808 0.040001
23.730807 0.039999
23.770807 0.040000
23.810807 0.040000
23.850810 0.040003
23.890808 0.039998
23.930809 0.040001
23.970807 0.039998
24.010808 0.040001
24.050808 0.040000
24.090807 0.039999
24.130807 0.040000
24.170809 0.040002
24.210808 0.039999
24.250808 0.040000
24.290808 0.040000
24.330807 0.039999
24.370806 0.039999
24.410806 0.040000
24.450807 0.040001
24.490808 0.040001
24.530807 0.039999
24.570807 0.040000
24.610792 0.039985
24.650807 0.040015
24.690807 0.040000
24.730809 0.040002
24.770811 0.040002
24.810808 0.039997
24.850807 0.039999
24.890808 0.040001
24.930808 0.040000
24.970807 0.039999
25.010807 0.040000
25.050807 0.040000
25.090808 0.040001
25.130808 0.040000
25.170807 0.039999
25.210809 0.040002
25.250808 0.039999
25.290807 0.039999
25.330808 0.040001
25.370808 0.040000
25.410809 0.040001
25.450808 0.039999
25.490807 0.039999
25.530807 0.040000
25.570807 0.040000
25.610807 0.040000
25.650807 0.040000
25.690807 0.040000
25.730808 0.040001
25.770807 0.039999
25.810808 0.040001
25.850808 0.040000
25.890808 0.040000
25.930808 0.040000
25.970807 0.039999
26.010808 0.040001
26.050808 0.040000
26.090808 0.040000
26.130807 0.039999
26.170807 0.040000
26.210806 0.039999
26.250808 0.040002
26.290807 0.039999
26.330808 0.040001
26.370807 0.039999
26.410808 0.040001
26.450808 0.040000
26.490808 0.040000
26.530808 0.040000
26.570807 0.039999
26.610808 0.040001
26.650810 0.040002
26.690808 0.039998
26.730807 0.039999
26.770807 0.040000
26.810806 0.039999
26.850807 0.040001
26.890807 0.040000
26.930808 0.040001
26.970808 0.040000
27.010774 0.039966
27.050809 0.040035
27.090809 0.040000
27.130808 0.039999
27.170808 0.040000
27.210808 0.040000
