0.010097 0.010097
0.051007 0.040910
0.092671 0.041664
0.134307 0.041636
0.176007 0.041700
0.217671 0.041664
0.259336 0.041665
0.301004 0.041668
0.342668 0.041664
0.384339 0.041671
0.426003 0.041664
0.467669 0.041666
0.509339 0.041670
0.551001 0.041662
0.592693 0.041692
0.634372 0.041679
0.676035 0.041663
0.717704 0.041669
0.759335 0.041631
0.800965 0.041630
0.842635 0.041670
0.884266 0.041631
0.925962 0.041696
0.967631 0.041669
1.009296 0.041665
1.050962 0.041666
1.092629 0.041667
1.134296 0.041667
1.194967 0.060671
1.250581 0.055614
1.306193 0.055612
1.346610 0.040417
1.397506 0.050896
1.443967 0.046461
1.545951 0.101984
1.607236 0.061285
1.634294 0.027058
1.690031 0.055737
1.751624 0.061593
1.828320 0.076696
1.874511 0.046191
1.885673 0.011162
1.992795 0.107122
2.038872 0.046077
2.050961 0.012089
2.121854 0.070893
2.183260 0.061406
2.217629 0.034369
2.283346 0.065717
2.323802 0.040456
2.389523 0.065721
2.465745 0.076222
2.537294 0.071549
2.578639 0.041345
2.635157 0.056518
2.691680 0.056523
2.743108 0.051428
2.759294 0.016186
2.820906 0.061612
2.887416 0.066510
2.969110 0.081694
3.030511 0.061401
3.050961 0.020450
3.131842 0.080881
3.187574 0.055732
3.217629 0.030055
3.288391 0.070762
3.323881 0.035490
3.400914 0.077033
3.467178 0.066264
3.513569 0.046391
3.575199 0.061630
3.637004 0.061805
3.675962 0.038958
3.741682 0.065720
3.782146 0.040464
3.832725 0.050579
3.848385 0.015660
3.904983 0.056598
3.946306 0.041323
3.982630 0.036324
4.009294 0.026664
4.075608 0.066314
4.127046 0.051438
4.193720 0.066674
4.255253 0.061533
4.300961 0.045708
4.371751 0.070790
4.422314 0.050563
4.488037 0.065723
4.548733 0.060696
4.592629 0.043896
4.638147 0.045518
4.675962 0.037815
4.721460 0.045498
4.792238 0.070778
4.863131 0.070893
4.884301 0.021170
4.975283 0.090982
5.030896 0.055613
5.050960 0.020064
5.111617 0.060657
5.157126 0.045509
5.232926 0.075800
5.293599 0.060673
5.342627 0.049028
5.388132 0.045505
5.489359 0.101227
5.615710 0.126351
5.706697 0.090987
5.772670 0.065973
5.925145 0.152475
6.021525 0.096380
6.194021 0.172496
6.381294 0.187273
6.477550 0.096256
6.746046 0.268496
6.831973 0.085927
6.898149 0.066176
7.121378 0.223229
7.318523 0.197145
7.510855 0.192332
7.753799 0.242944
7.844792 0.090993
8.027176 0.182384
8.138587 0.111411
8.240444 0.101857
8.473572 0.233128
8.574681 0.101109
8.686472 0.111791
8.783238 0.096766
8.945611 0.162373
9.041935 0.096324
9.163984 0.122049
9.376730 0.212746
9.513239 0.136509
9.584464 0.071225
9.716673 0.132209
9.959729 0.243056
10.126558 0.166829
10.187716 0.061158
10.330115 0.142399
10.537743 0.207628
10.654062 0.116319
10.750688 0.096626
10.953408 0.202720
10.978824 0.025416
11.217421 0.238597
11.328681 0.111260
11.440469 0.111788
11.521955 0.081486
11.745101 0.223146
11.846246 0.101145
11.942971 0.096725
12.024615 0.081644
12.207298 0.182683
12.405237 0.197939
12.455990 0.050753
12.573172 0.117182
12.674849 0.101677
12.837215 0.162366
12.883103 0.045888
13.172098 0.288995
13.338875 0.166777
13.495631 0.156756
13.637575 0.141944
13.789791 0.152216
13.967047 0.177256
14.144183 0.177136
14.250564 0.106381
14.347281 0.096717
14.504685 0.157404
14.671810 0.167125
14.793475 0.121665
14.970923 0.177448
15.092604 0.121681
15.199315 0.106711
15.260729 0.061414
15.448519 0.187790
15.534662 0.086143
15.707299 0.172637
15.808743 0.101444
15.986282 0.177539
16.123009 0.136727
16.209764 0.086755
16.392447 0.182683
16.478623 0.086176
16.565360 0.086737
16.712573 0.147213
16.788864 0.076291
16.855358 0.066494
16.992676 0.137318
17.129619 0.136943
17.241393 0.111774
17.338058 0.096665
17.454987 0.116929
17.581946 0.126959
17.663403 0.081457
17.800625 0.137222
17.922451 0.121826
18.034157 0.111706
18.181445 0.147288
18.293224 0.111779
18.394896 0.101672
18.491610 0.096714
18.633814 0.142204
18.740439 0.106625
18.811795 0.071356
18.938958 0.127163
19.055788 0.116830
19.228121 0.172333
19.284184 0.056063
19.431663 0.147479
19.523048 0.091385
19.599568 0.076520
19.721657 0.122089
19.848567 0.126910
20.051258 0.202691
20.147366 0.096108
20.350415 0.203049
20.472060 0.121645
20.649459 0.177399
20.826593 0.177134
20.943107 0.116514
21.140752 0.197645
21.317776 0.177024
21.454483 0.136707
21.571181 0.116698
21.768880 0.197699
21.910675 0.141795
22.067843 0.157168
22.224892 0.157049
22.437694 0.212802
22.609482 0.171788
22.761428 0.151946
22.923468 0.162040
23.090623 0.167155
23.212232 0.121609
23.394730 0.182498
23.577050 0.182320
23.703686 0.126636
23.830564 0.126878
24.028239 0.197675
24.255809 0.227570
24.437824 0.182015
24.579565 0.141741
24.711397 0.131832
24.908970 0.197573
25.096247 0.187277
25.288472 0.192225
25.430217 0.141745
25.486296 0.056079
25.509295 0.022999
25.706415 0.197120
25.842879 0.136464
25.908593 0.065714
26.005247 0.096654
26.050964 0.045717
26.111617 0.060653
26.202626 0.091009
26.318875 0.116249
26.475544 0.156669
26.617055 0.141511
26.768714 0.151659
26.910231 0.141517
27.011684 0.101453
27.128609 0.116925
27.204994 0.076385
27.342272 0.137278
27.453946 0.111674
27.560744 0.106798
27.632165 0.071421
27.789624 0.157459
27.860743 0.071119
28.018239 0.157496
28.190491 0.172252
28.327357 0.136866
28.454139 0.126782
28.530519 0.076380
28.703132 0.172613
28.809575 0.106443
28.941618 0.132043
29.058351 0.116733
29.185296 0.126945
29.357701 0.172405
29.459053 0.101352
29.520478 0.061425
29.713369 0.192891
29.850018 0.136649
29.966758 0.116740
30.053374 0.086616
30.205698 0.152324
30.635778 0.430080
30.979394 0.343616
31.196713 0.217319
31.307913 0.111200
31.429224 0.121311
31.555539 0.126315
31.662152 0.106613
31.955838 0.293686
32.092322 0.136484
32.208731 0.116409
32.310366 0.101635
32.594088 0.283722
32.740663 0.146575
32.862169 0.121506
32.958692 0.096523
33.211984 0.253292
33.419183 0.207199
33.484922 0.065739
33.611999 0.127077
33.910654 0.298655
34.057270 0.146616
34.158645 0.101375
34.235180 0.076535
34.534087 0.298907
34.685705 0.151618
34.796980 0.111275
34.878340 0.081360
35.167134 0.288794
35.313719 0.146585
35.419992 0.106273
35.511577 0.091585
35.775101 0.263524
35.891356 0.116255
35.952417 0.061061
36.114930 0.162513
36.236680 0.121750
36.409049 0.172369
36.470002 0.060953
36.617405 0.147403
36.739117 0.121712
36.871100 0.131983
37.018213 0.147113
37.129839 0.111626
37.276936 0.147097
37.408743 0.131807
37.510350 0.101607
37.637395 0.127045
37.759227 0.121832
37.926582 0.167355
38.058313 0.131731
38.149912 0.091599
38.287231 0.137319
38.454521 0.167290
38.515468 0.060947
38.698234 0.182766
38.819831 0.121597
38.951745 0.131914
39.043240 0.091495
39.200617 0.157377
39.337617 0.137000
39.444210 0.106593
39.586363 0.142153
39.713106 0.126743
39.824816 0.111710
39.956836 0.132020
40.088692 0.131856
40.190320 0.101628
40.322430 0.132110
40.454413 0.131983
40.586334 0.131921
40.728398 0.142064
40.865302 0.136904
40.971913 0.106611
41.093870 0.121957
41.230907 0.137037
41.322423 0.091516
41.489885 0.167462
41.535695 0.045810
41.678231 0.142536
41.805017 0.126786
41.881296 0.076279
42.028602 0.147306
42.114975 0.086373
42.191630 0.076655
42.333892 0.142262
42.460752 0.126860
42.562435 0.101683
42.689570 0.127135
42.781044 0.091474
42.933288 0.152244
43.029754 0.096466
43.131523 0.101769
43.258568 0.127045
43.380380 0.121812
43.487049 0.106669
43.603947 0.116898
43.720884 0.116937
43.873160 0.152276
43.969570 0.096410
44.086472 0.116902
44.203333 0.116861
44.315043 0.111710
44.401556 0.086513
44.543856 0.142300
44.670713 0.126857
44.822972 0.152259
44.914360 0.091388
45.061672 0.147312
45.178327 0.116655
45.279933 0.101606
45.422095 0.142162
45.538842 0.116747
45.630463 0.091621
45.747403 0.116940
45.965300 0.217897
46.182840 0.217540
46.405305 0.222465
46.637764 0.232459
46.910621 0.272857
47.193609 0.282988
47.314902 0.121293
47.577784 0.262882
47.694035 0.116251
47.775337 0.081302
47.917627 0.142290
48.125251 0.207624
48.231474 0.106223
48.343335 0.111861
48.500601 0.157266
48.617184 0.116583
48.739097 0.121913
48.830716 0.091619
48.942652 0.111936
49.049494 0.106842
49.110786 0.061292
49.232916 0.122130
49.385100 0.152184
49.476403 0.091303
49.588295 0.111892
49.760668 0.172373
49.892371 0.131703
50.014154 0.121783
50.156245 0.142091
50.252989 0.096744
50.410358 0.157369
50.547227 0.136869
50.674046 0.126819
50.821200 0.147154
50.917635 0.096435
51.090133 0.172498
51.211751 0.121618
51.338626 0.126875
51.470709 0.132083
51.597572 0.126863
51.764836 0.167264
51.876368 0.111532
51.972971 0.096603
52.125236 0.152265
52.252119 0.126883
52.429573 0.177454
52.561267 0.131694
52.693176 0.131909
52.779643 0.086467
52.942108 0.162465
53.043494 0.101386
53.170522 0.127028
53.317611 0.147089
53.444393 0.126782
53.556100 0.111707
53.652730 0.096630
53.759620 0.106890
53.896689 0.137069
54.018481 0.121792
54.125150 0.106669
54.216741 0.091591
54.333705 0.116964
54.470760 0.137055
54.547092 0.076332
54.623801 0.076709
54.740943 0.117142
54.862842 0.121899
54.944317 0.081475
55.086562 0.142245
55.178005 0.091443
55.279745 0.101740
55.401703 0.121958
55.508393 0.106690
55.685884 0.177491
55.812711 0.126827
55.974951 0.162240
56.121908 0.146957
56.263840 0.141932
56.431070 0.167230
56.588023 0.156953
56.724853 0.136830
56.932523 0.207670
57.089301 0.156778
57.236310 0.147009
57.337815 0.101505
57.459773 0.121958
57.596814 0.137041
57.733620 0.136806
57.830186 0.096566
57.982437 0.152251
58.063744 0.081307
58.200941 0.137197
58.353074 0.152133
58.404133 0.051059
58.566747 0.162614
58.663091 0.096344
58.815340 0.152249
58.942109 0.126769
59.079155 0.137046
59.175590 0.096435
59.267283 0.091693
59.465159 0.197876
59.581676 0.116517
59.658074 0.076398
59.805412 0.147338
59.911955 0.106543
60.079382 0.167427
60.185907 0.106525
60.297778 0.111871
60.429788 0.132010
60.546575 0.116787
60.653517 0.106942
60.780412 0.126895
60.957829 0.177417
61.094477 0.136648
61.175877 0.081400
61.333302 0.157425
61.505461 0.172159
61.647266 0.141805
61.809422 0.162156
61.895827 0.086405
62.083572 0.187745
62.220210 0.136638
62.377357 0.157147
62.529290 0.151933
62.656050 0.126760
62.873887 0.217837
63.005310 0.131423
63.157379 0.152069
63.314461 0.157082
63.481788 0.167327
63.593237 0.111449
63.730257 0.137020
63.831828 0.101571
64.034625 0.202797
64.145931 0.111306
64.293094 0.147163
64.525914 0.232820
64.728060 0.202146
64.874804 0.146744
65.047128 0.172324
65.274878 0.227750
65.477030 0.202152
65.648985 0.171955
65.836307 0.187322
66.033532 0.197225
66.185261 0.151729
66.387790 0.202529
66.595128 0.207338
66.757191 0.162063
66.974907 0.217716
67.177083 0.202176
67.369237 0.192154
67.536149 0.166912
67.713379 0.177230
67.839982 0.126603
68.027502 0.187520
68.214680 0.187178
68.386911 0.172231
68.518781 0.131870
68.630438 0.111657
68.747262 0.116824
68.919596 0.172334
69.056367 0.136771
69.183210 0.126843
69.355566 0.172356
69.451897 0.096331
69.634530 0.182633
69.811828 0.177298
69.948618 0.136790
70.156334 0.207716
70.297897 0.141563
70.429754 0.131857
70.586980 0.157226
70.733985 0.147005
70.896161 0.162176
71.017808 0.121647
71.190174 0.172366
71.301826 0.111652
71.438919 0.137093
71.565805 0.126886
71.718021 0.152216
71.799271 0.081250
71.926447 0.127176
72.063416 0.136969
72.190233 0.126817
72.312251 0.122018
72.408824 0.096573
72.561035 0.152211
72.627134 0.066099
72.769529 0.142395
72.906415 0.136886
73.038295 0.131880
73.165158 0.126863
73.266852 0.101694
73.403915 0.137063
73.520727 0.116812
73.637573 0.116846
73.774582 0.137009
73.931692 0.157110
74.038247 0.106555
74.144996 0.106749
74.261840 0.116844
74.393832 0.131992
74.530842 0.137010
74.652628 0.121786
74.754260 0.101632
74.881319 0.127059
74.988117 0.106798
75.039192 0.051075
75.176565 0.137373
75.328729 0.152164
75.435263 0.106534
75.541964 0.106701
75.658983 0.117019
75.801011 0.142028
75.932875 0.131864
75.983949 0.051074
76.111208 0.127259
76.278546 0.167338
76.395134 0.116588
76.522114 0.126980
76.613640 0.091526
76.745750 0.132110
76.902979 0.157229
77.004533 0.101554
77.065821 0.061288
77.187874 0.122053
77.340057 0.152183
77.431420 0.091363
77.523171 0.091751
77.650253 0.127082
77.736804 0.086551
77.853788 0.116984
77.950398 0.096610
78.112850 0.162452
78.209233 0.096383
78.275501 0.066268
78.331990 0.056489
78.459201 0.127211
78.591217 0.132016
78.672669 0.081452
78.779571 0.106902
78.800960 0.021389
78.867121 0.066161
78.948887 0.081766
78.995163 0.046276
79.046647 0.051484
79.092628 0.045981
79.188692 0.096064
79.244323 0.055631
79.259299 0.014976
79.360392 0.101093
79.436206 0.075814
79.522712 0.086506
79.599292 0.076580
79.731463 0.132171
79.868412 0.136949
79.975088 0.106676
80.177944 0.202856
80.329666 0.151722
80.481681 0.152015
80.623586 0.141905
80.735254 0.111668
80.867231 0.131977
81.029462 0.162231
81.176380 0.146918
81.328452 0.152072
81.435066 0.106614
81.551862 0.116796
81.734431 0.182569
81.886252 0.151821
81.967500 0.081248
82.155219 0.187719
82.195870 0.040651
82.383812 0.187942
82.525595 0.141783
82.657556 0.131961
82.774243 0.116687
82.931526 0.157283
83.093665 0.162139
83.205199 0.111534
83.327103 0.121904
83.454056 0.126953
83.555675 0.101619
83.809016 0.253341
83.970751 0.161735
84.067090 0.096339
84.270005 0.202915
84.477297 0.207292
84.613858 0.136561
84.735605 0.121747
84.998988 0.263383
85.196126 0.197138
85.337653 0.141527
85.489572 0.151919
85.697216 0.207644
85.843897 0.146681
86.021194 0.177297
86.162895 0.141701
86.335213 0.172318
86.542749 0.207536
86.679283 0.136534
86.816313 0.137030
87.054144 0.237831
87.241159 0.187015
87.382847 0.141688
87.504610 0.121763
87.747748 0.243138
87.924662 0.176914
88.035987 0.111325
88.213471 0.177484
88.375433 0.161962
88.537480 0.162047
88.694477 0.156997
88.861625 0.167148
89.043907 0.182282
89.175546 0.131639
89.342846 0.167300
89.398799 0.055953
89.561395 0.162596
89.612317 0.050922
89.815325 0.203008
89.891280 0.075955
90.053899 0.162619
90.145179 0.091280
90.317751 0.172572
90.409027 0.091276
90.581581 0.172554
90.677876 0.096295
90.870572 0.192696
90.987053 0.116481
91.093825 0.106772
91.195560 0.101735
91.352870 0.157310
91.454406 0.101536
91.611720 0.157314
91.728327 0.116607
91.870415 0.142088
91.982044 0.111629
92.139317 0.157273
92.240747 0.101430
92.387955 0.147208
92.519836 0.131881
92.641795 0.121959
92.788844 0.147049
92.895394 0.106550
93.027467 0.132073
93.154334 0.126867
93.266030 0.111696
93.490008 0.223978
93.571160 0.081152
93.637700 0.066540
93.815474 0.177774
93.936974 0.121500
94.033547 0.096573
94.155507 0.121960
94.317826 0.162319
94.434412 0.116586
94.520929 0.086517
94.688518 0.167589
94.779828 0.091310
94.927085 0.147257
95.018520 0.091435
95.160721 0.142201
95.257207 0.096486
95.409497 0.152290
95.521070 0.111573
95.658109 0.137039
95.774998 0.116889
95.906979 0.131981
96.038875 0.131896
96.135389 0.096514
96.277577 0.142188
96.374098 0.096521
96.511272 0.137174
96.587636 0.076364
96.750133 0.162497
96.851614 0.101481
97.024219 0.172605
97.150799 0.126580
97.262579 0.111780
97.424885 0.162306
97.536423 0.111538
97.638098 0.101675
97.749944 0.111846
97.887000 0.137056
98.028940 0.141940
98.180970 0.152030
98.277491 0.096521
98.439948 0.162457
98.576746 0.136798
98.673186 0.096440
98.795182 0.121996
98.927181 0.131999
99.054068 0.126887
99.180948 0.126880
99.338185 0.157237
99.480150 0.141965
99.622105 0.141955
99.769178 0.147073
99.900955 0.131777
99.987396 0.086441
100.149837 0.162441
100.266425 0.116588
100.373157 0.106732
100.525394 0.152237
100.631961 0.106567
100.764006 0.132045
100.906014 0.142008
101.042875 0.136861
101.200001 0.157126
101.311548 0.111547
101.433467 0.121919
101.550269 0.116802
101.697426 0.147157
101.834430 0.137004
101.991493 0.157063
102.108146 0.116653
102.270438 0.162292
102.412325 0.141887
102.574471 0.162146
102.691078 0.116607
102.853470 0.162392
102.965019 0.111549
103.071823 0.106804
103.244250 0.172427
103.355656 0.111406
103.482661 0.127005
103.564038 0.081377
103.711352 0.147314
103.853271 0.141919
103.959851 0.106580
104.091939 0.132088
104.213832 0.121893
104.355899 0.142067
104.533359 0.177460
104.634573 0.101214
104.776738 0.142165
104.928800 0.152062
105.010030 0.081230
105.152320 0.142290
105.289210 0.136890
105.395915 0.106705
105.548111 0.152196
105.684944 0.136833
105.791567 0.106623
105.918546 0.126979
106.070742 0.152196
106.212612 0.141870
106.319152 0.106540
106.435979 0.116827
106.613588 0.177609
106.699794 0.086206
106.877417 0.177623
106.978729 0.101312
107.136057 0.157328
107.272879 0.136822
107.419894 0.147015
107.496203 0.076309
107.688986 0.192783
107.775097 0.086111
107.957943 0.182846
108.155286 0.197343
108.266627 0.111341
108.368397 0.101770
108.510554 0.142157
108.642413 0.131859
108.774316 0.131903
108.875936 0.101620
109.002953 0.127017
109.114711 0.111758
109.236813 0.122102
109.308145 0.071332
109.506025 0.197880
109.632537 0.126512
109.739199 0.106662
109.850996 0.111797
110.003156 0.152160
110.104625 0.101469
110.236654 0.132029
110.398933 0.162279
110.485233 0.086300
110.597236 0.112003
110.754371 0.157135
110.855900 0.101529
111.013208 0.157308
111.129855 0.116647
111.216378 0.086523
111.323299 0.106921
111.440208 0.116909
111.607579 0.167371
111.724105 0.116526
111.825791 0.101686
111.957828 0.132037
112.084687 0.126859
112.211527 0.126840
112.338465 0.126938
112.435005 0.096540
112.562211 0.127206
112.694118 0.131907
112.740158 0.046040
112.892734 0.152576
112.994230 0.101496
113.141486 0.147256
113.247986 0.106500
113.319326 0.071340
113.446523 0.127197
113.543126 0.096603
113.670182 0.127056
113.766705 0.096523
113.924122 0.157417
114.015468 0.091346
114.142505 0.127037
114.228981 0.086476
114.325730 0.096749
114.422509 0.096779
114.509172 0.086663
114.631212 0.122040
114.692433 0.061221
114.855002 0.162569
114.941344 0.086342
115.027970 0.086626
115.084334 0.056364
115.231746 0.147412
115.368727 0.136981
115.455163 0.086436
115.567103 0.111940
115.668830 0.101727
115.775578 0.106748
115.872237 0.096659
115.979078 0.106841
116.060549 0.081471
116.212909 0.152360
116.309391 0.096482
116.390979 0.081588
116.467614 0.076635
116.564403 0.096789
116.671226 0.106823
116.788115 0.116889
116.910006 0.121891
117.052105 0.142099
117.188889 0.136784
117.335908 0.147019
117.513316 0.177408
117.634843 0.121527
117.776862 0.142019
117.908691 0.131829
118.060789 0.152098
118.192599 0.131810
118.349792 0.157193
118.516948 0.167156
118.694086 0.177138
118.815772 0.121686
118.947762 0.131990
119.125185 0.177423
119.211311 0.086126
119.323244 0.111933
119.475527 0.152283
119.541682 0.066155
119.608245 0.066563
119.755661 0.147416
119.917829 0.162168
120.014329 0.096500
120.075685 0.061356
120.228178 0.152493
120.339725 0.111547
120.481883 0.142158
120.588445 0.106562
120.710341 0.121896
120.852440 0.142099
120.974125 0.121685
121.065786 0.091661
121.177709 0.111923
121.314848 0.137139
121.426553 0.111705
121.538327 0.111774
121.660230 0.121903
121.751725 0.091495
121.878844 0.127119
122.010710 0.131866
122.152829 0.142119
122.254359 0.101530
122.391422 0.137063
122.538523 0.147101
122.640040 0.101517
122.797372 0.157332
122.924091 0.126719
123.061051 0.136960
123.112122 0.051071
123.320288 0.208166
123.355796 0.035508
123.513486 0.157690
123.614914 0.101428
123.711583 0.096669
123.778046 0.066463
123.905248 0.127202
124.011925 0.106677
124.113595 0.101670
124.195223 0.081628
124.312245 0.117022
124.454334 0.142089
124.576104 0.121770
124.682766 0.106662
124.759203 0.076437
124.861160 0.101957
124.942616 0.081456
125.014219 0.071603
125.111066 0.096847
125.192605 0.081539
125.299532 0.106927
125.365948 0.066416
125.412313 0.046365
125.463809 0.051496
125.510162 0.046353
125.550962 0.040800
125.596466 0.045504
125.682412 0.085946
125.717813 0.035401
125.759296 0.041483
125.850285 0.090989
125.900843 0.050558
126.047998 0.147155
126.119196 0.071198
126.211013 0.091817
126.358358 0.147345
126.444809 0.086451
126.627475 0.182666
126.779388 0.151913
126.891020 0.111632
127.023097 0.132077
127.160032 0.136935
127.226187 0.066155
127.323102 0.096915
127.475367 0.152265
127.637570 0.162203
127.683365 0.045795
127.805668 0.122303
127.957804 0.152136
128.084550 0.126746
128.155811 0.071261
128.288026 0.132215
128.450261 0.162235
128.521413 0.071152
128.608246 0.086833
128.785907 0.177661
128.877127 0.091220
128.978929 0.101802
129.075595 0.096666
129.217857 0.142262
129.349698 0.131841
129.410850 0.061152
129.522928 0.112078
129.665191 0.142263
129.771705 0.106514
129.822859 0.051154
129.970289 0.147430
130.087054 0.116765
130.193689 0.106635
130.285314 0.091625
130.346655 0.061341
130.534627 0.187972
130.651140 0.116513
130.727578 0.076438
130.849636 0.122058
130.931094 0.081458
131.103694 0.172600
131.159584 0.055890
131.266624 0.107040
131.398627 0.132003
131.525467 0.126840
131.581709 0.056242
131.668544 0.086835
131.830959 0.162415
131.962707 0.131748
132.033982 0.071275
132.135867 0.101885
132.278076 0.142209
132.323998 0.045922
132.436111 0.112113
132.583300 0.147189
132.659598 0.076298
132.776584 0.116986
132.847968 0.071384
132.949861 0.101893
132.996045 0.046184
133.138472 0.142427
133.219821 0.081349
133.276190 0.056369
133.423725 0.147535
133.550380 0.126655
133.657074 0.106694
133.773906 0.116832
133.941282 0.167376
134.027516 0.086234
134.200149 0.172633
134.311608 0.111459
134.443637 0.132029
134.565606 0.121969
134.707656 0.142050
134.834463 0.126807
134.956208 0.121745
135.047776 0.091568
135.134395 0.086619
135.312016 0.177621
135.433535 0.121519
135.509935 0.076400
135.601710 0.091775
135.698377 0.096667
135.795103 0.096726
135.901943 0.106840
136.028908 0.126965
136.125492 0.096584
136.242423 0.116931
136.354206 0.111783
136.491326 0.137120
136.603113 0.111787
136.755351 0.152238
136.856815 0.101464
136.943407 0.086592
137.110975 0.167568
137.187116 0.076141
137.299143 0.112027
137.431208 0.132065
137.568158 0.136950
137.624350 0.056192
137.696029 0.071679
137.818167 0.122138
137.899630 0.081463
138.062102 0.162472
138.198888 0.136786
138.300414 0.101526
138.417305 0.116891
138.524017 0.106712
138.671356 0.147339
138.803254 0.131898
138.960467 0.157213
139.056827 0.096360
139.199053 0.142226
139.275369 0.076316
139.447876 0.172507
139.569482 0.121606
139.655990 0.086508
139.788196 0.132206
139.910029 0.121833
140.036944 0.126915
140.138481 0.101537
140.235209 0.096728
140.367346 0.132137
140.443713 0.076367
140.550606 0.106893
140.703015 0.152409
140.784386 0.081371
140.946875 0.162489
141.023055 0.076180
141.140054 0.116999
141.282154 0.142100
141.408959 0.126805
141.520558 0.111599
141.622220 0.101662
141.744217 0.121997
141.825733 0.081516
141.973038 0.147305
142.069511 0.096473
142.171274 0.101763
142.308378 0.137104
142.415022 0.106644
142.526838 0.111816
142.593134 0.066296
142.730487 0.137353
142.827049 0.096562
142.979427 0.152378
143.040520 0.061093
143.147495 0.106975
143.264336 0.116841
143.345776 0.081440
143.528470 0.182694
143.614654 0.086184
143.711373 0.096719
143.853690 0.142317
143.950155 0.096465
144.056978 0.106823
144.143547 0.086569
144.275679 0.132132
144.356965 0.081286
144.519389 0.162424
144.605688 0.086299
144.651923 0.046235
144.779225 0.127302
144.860689 0.081464
145.012930 0.152241
145.149774 0.136844
145.256436 0.106662
145.312707 0.056271
145.490441 0.177734
145.576685 0.086244
145.678467 0.101782
145.830744 0.152277
146.002960 0.172216
146.099341 0.096381
146.211242 0.111901
146.378628 0.167386
146.500312 0.121684
146.571565 0.071253
146.739136 0.167571
146.886044 0.146908
147.022984 0.136940
147.134701 0.111717
147.266743 0.132042
147.398659 0.131916
147.485173 0.086514
147.637323 0.152150
147.779241 0.141918
147.900975 0.121734
148.043063 0.142088
148.149671 0.106608
148.271612 0.121941
148.428857 0.157245
148.560585 0.131728
148.611679 0.051094
148.774256 0.162577
148.880783 0.106527
149.058328 0.177545
149.174840 0.116512
149.302028 0.127188
149.388399 0.086371
149.525627 0.137228
149.642318 0.116691
149.754097 0.111779
149.870935 0.116838
149.982670 0.111735
150.109672 0.127002
150.216383 0.106711
150.348468 0.132085
150.475302 0.126834
150.582003 0.106701
150.729273 0.147270
150.835811 0.106538
150.957676 0.121865
151.089685 0.132009
151.191271 0.101586
151.318259 0.126988
151.455349 0.137090
151.536648 0.081299
151.699121 0.162473
151.810644 0.111523
151.912332 0.101688
152.039351 0.127019
152.166301 0.126950
152.308313 0.142012
152.430039 0.121726
152.516635 0.086596
152.663975 0.147340
152.745224 0.081249
152.892518 0.147294
152.983882 0.091364
153.131220 0.147338
153.262938 0.131718
153.384731 0.121793
153.481296 0.096565
153.608414 0.127118
153.699914 0.091500
153.963395 0.263481
154.069577 0.106182
154.166065 0.096488
154.277962 0.111897
154.339233 0.061271
154.506876 0.167643
154.633575 0.126699
154.714997 0.081422
154.771366 0.056369
154.923922 0.152556
155.065865 0.141943
155.157254 0.091389
155.254007 0.096753
155.365881 0.111874
155.492876 0.126995
155.594457 0.101581
155.681068 0.086611
155.792949 0.111881
155.842630 0.049681
155.958944 0.116314
156.029718 0.070774
156.130834 0.101116
156.236991 0.106157
156.353249 0.116258
156.424516 0.071267
156.566781 0.142265
156.663343 0.096562
156.820771 0.157428
156.912065 0.091294
157.044139 0.132074
157.130609 0.086470
157.283051 0.152442
157.364356 0.081305
157.476331 0.111975
157.658899 0.182568
157.775468 0.116569
157.851880 0.076412
157.994168 0.142288
158.110798 0.116630
158.252965 0.142167
158.374669 0.121704
158.435910 0.061241
158.573227 0.137317
158.720325 0.147098
158.837034 0.116709
158.958927 0.121893
159.035287 0.076360
159.157326 0.122039
159.274106 0.116780
159.390930 0.116824
159.502669 0.111739
159.619514 0.116845
159.736370 0.116856
159.838096 0.101726
160.005573 0.167477
160.137298 0.131725
160.228732 0.091434
160.446747 0.218015
160.568103 0.121356
160.730414 0.162311
160.836892 0.106478
160.989142 0.152250
161.136145 0.147003
161.232676 0.096531
161.400152 0.167476
161.486377 0.086225
161.583143 0.096766
161.770791 0.187648
161.907485 0.136694
162.019049 0.111564
162.161156 0.142107
162.267746 0.106590
162.435266 0.167520
162.541746 0.106480
162.678879 0.137133
162.805682 0.126803
162.922426 0.116744
163.054489 0.132063
163.186425 0.131936
163.303219 0.116794
163.425161 0.121942
163.577369 0.152208
163.688997 0.111628
163.836169 0.147172
163.927529 0.091360
164.094995 0.167466
164.216655 0.121660
164.333448 0.116793
164.475501 0.142053
164.602331 0.126830
164.744392 0.142061
164.851016 0.106624
164.962791 0.111775
165.059423 0.096632
165.216771 0.157348
165.308087 0.091316
165.425033 0.116946
165.592393 0.167360
165.698802 0.106409
165.810626 0.111824
165.932705 0.122079
166.094983 0.162278
166.226706 0.131723
166.323267 0.096561
166.480582 0.157315
166.571954 0.091372
166.719258 0.147304
166.815697 0.096439
166.983225 0.167528
167.094869 0.111644
167.272394 0.177525
167.363691 0.091297
167.571571 0.207880
167.718206 0.146635
167.829845 0.111639
167.961850 0.132005
168.129107 0.167257
168.276021 0.146914
168.458451 0.182430
168.574923 0.116472
168.727082 0.152159
168.838665 0.111583
168.965663 0.126998
169.107712 0.142049
169.204157 0.096445
169.376642 0.172485
169.553855 0.177213
169.690694 0.136839
169.837788 0.147094
169.964582 0.126794
170.101555 0.136973
170.268817 0.167262
170.380314 0.111497
170.471889 0.091575
170.654515 0.182626
170.781154 0.126639
170.953479 0.172325
171.060104 0.106625
171.197161 0.137057
171.364404 0.167243
171.485989 0.121585
171.628041 0.142052
171.800315 0.172274
171.916835 0.116520
172.084201 0.167366
172.225957 0.141756
172.362961 0.137004
172.444415 0.081454
172.642256 0.197841
172.768789 0.126533
172.900694 0.131905
173.062912 0.162218
173.189607 0.126695
173.326625 0.137018
173.443403 0.116778
173.641069 0.197666
173.782844 0.141775
173.899605 0.116761
174.056821 0.157216
174.234033 0.177212
174.345659 0.111626
174.492886 0.147227
174.639867 0.146981
174.933376 0.293509
175.059729 0.126353
175.277297 0.217568
175.378450 0.101153
175.510533 0.132083
175.723255 0.212722
175.874944 0.151689
176.006711 0.131767
176.118439 0.111728
176.316162 0.197723
176.437760 0.121598
176.584986 0.147226
176.706682 0.121696
176.884120 0.177438
177.061231 0.177111
177.177737 0.116506
177.314781 0.137044
177.456725 0.141944
177.644159 0.187434
177.750546 0.106387
177.902907 0.152361
178.039805 0.136898
178.247555 0.207750
178.343736 0.096181
178.511267 0.167531
178.653009 0.141742
178.805105 0.152096
178.871208 0.066103
179.049011 0.177803
179.190930 0.141919
179.342973 0.152043
179.489938 0.146965
179.556111 0.066173
179.723642 0.167531
179.911061 0.187419
180.042622 0.131561
180.204848 0.162226
180.341789 0.136941
180.443432 0.101643
180.626046 0.182614
180.788015 0.161969
180.843974 0.055959
181.001492 0.157518
181.148430 0.146938
181.315579 0.167149
181.386656 0.071077
181.544151 0.157495
181.655787 0.111636
181.838320 0.182533
181.959883 0.121563
182.046366 0.086483
182.259422 0.213056
182.401161 0.141739
182.517803 0.116642
182.649745 0.131942
182.771594 0.121849
182.903606 0.132012
183.050680 0.147074
183.147129 0.096449
183.304434 0.157305
183.395813 0.091379
183.507699 0.111886
183.664985 0.157286
183.816937 0.151952
183.953793 0.136856
184.065570 0.111777
184.116697 0.051127
184.274204 0.157507
184.416100 0.141896
184.542868 0.126768
184.654639 0.111771
184.756296 0.101657
184.898472 0.142176
185.055697 0.157225
185.172318 0.116621
185.289113 0.116795
185.390754 0.101641
185.467256 0.076502
185.609634 0.142378
185.711185 0.101551
185.818021 0.106836
185.909663 0.091642
185.981151 0.071488
186.073005 0.091854
186.184914 0.111909
186.256278 0.071364
186.363296 0.107018
186.525652 0.162356
186.637194 0.111542
186.764143 0.126949
186.891002 0.126859
187.023047 0.132045
187.165184 0.142137
187.307139 0.141955
187.418853 0.111714
187.515503 0.096650
187.642463 0.126960
187.779464 0.137001
187.875954 0.096490
188.033358 0.157404
188.165108 0.131750
188.211337 0.046229
188.328579 0.117242
188.420112 0.091533
188.511729 0.091617
188.679259 0.167530
188.826202 0.146943
188.922662 0.096460
189.085070 0.162408
189.191675 0.106605
189.379264 0.187589
189.541224 0.161960
189.693223 0.151999
189.799804 0.106581
189.997444 0.197640
190.118898 0.121454
190.266205 0.147307
190.352627 0.086422
190.459516 0.106889
190.606779 0.147263
190.693163 0.086384
190.794965 0.101802
190.906855 0.111890
190.998465 0.091610
191.140729 0.142264
191.262470 0.121741
191.348970 0.086500
191.501312 0.152342
191.618064 0.116752
191.729844 0.111780
191.826514 0.096670
191.943437 0.116923
192.080484 0.137047
192.171936 0.091452
192.293951 0.122015
192.400605 0.106654
192.532605 0.132000
192.619115 0.086510
192.751313 0.132198
192.893365 0.142052
192.959505 0.066140
193.127087 0.167582
193.228544 0.101457
193.340357 0.111813
193.411723 0.071366
193.574265 0.162542
193.660709 0.086444
193.787738 0.127029
193.934891 0.147153
193.995957 0.061066
194.118118 0.122161
194.275359 0.157241
194.346549 0.071190
194.463677 0.117128
194.590552 0.126875
194.732672 0.142120
194.849403 0.116731
194.950993 0.101590
195.108309 0.157316
195.250213 0.141904
195.397208 0.146995
195.518875 0.121667
195.671049 0.152174
195.853359 0.182310
195.964790 0.111431
196.066524 0.101734
196.228946 0.162422
196.375858 0.146912
196.487537 0.111679
196.680202 0.192665
196.791596 0.111394
196.868054 0.076458
197.045703 0.177649
197.142125 0.096422
197.274166 0.132041
197.360660 0.086494
197.513042 0.152382
197.649879 0.136837
197.726211 0.076332
197.868642 0.142431
197.970341 0.101699
198.046812 0.076471
198.143652 0.096840
198.275916 0.132264
198.397674 0.121758
198.534711 0.137037
198.631154 0.096443
198.773406 0.142252
198.879986 0.106580
199.001897 0.121911
199.098628 0.096731
199.195389 0.096761
199.317359 0.121970
199.393692 0.076333
199.556194 0.162502
199.657617 0.101423
199.820007 0.162390
199.941677 0.121670
200.038279 0.096602
200.226044 0.187765
200.393197 0.167153
200.494576 0.101379
200.636726 0.142150
200.738348 0.101622
200.890621 0.152273
200.971898 0.081277
201.104092 0.132194
201.200595 0.096503
201.342825 0.142230
201.454529 0.111704
201.536000 0.081471
201.693360 0.157360
201.779603 0.086243
201.906736 0.127133
201.967930 0.061194
202.085017 0.117087
202.186749 0.101732
202.298737 0.111988
202.370176 0.071439
202.466987 0.096811
202.578841 0.111854
202.680515 0.101674
202.842901 0.162386
202.919096 0.076195
203.046302 0.127206
203.137816 0.091514
203.254877 0.117061
203.351513 0.096636
203.468427 0.116914
203.534697 0.066270
203.692146 0.157449
203.808774 0.116628
203.875104 0.066330
203.977085 0.101981
204.073744 0.096659
204.191042 0.117298
204.257429 0.066387
204.354294 0.096865
204.485851 0.131557
204.598079 0.112228
204.649237 0.051158
204.746190 0.096953
204.868185 0.121995
204.919301 0.051116
205.036522 0.117221
205.153359 0.116837
205.295377 0.142018
205.427205 0.131828
205.569263 0.142058
205.670790 0.101527
205.782622 0.111832
205.914672 0.132050
206.001131 0.086459
206.103051 0.101920
206.199759 0.096708
206.346955 0.147196
206.473762 0.126807
206.550160 0.076398
206.692512 0.142352
206.824333 0.131821
206.930954 0.106621
206.972022 0.041068
207.099385 0.127363
207.251579 0.152194
207.368249 0.116670
207.419355 0.051106
207.561779 0.142424
207.643143 0.081364
207.815748 0.172605
207.891893 0.076145
207.968496 0.076603
208.120939 0.152443
208.227434 0.106495
208.334165 0.106731
208.395470 0.061305
208.568115 0.172645
208.659379 0.091264
208.801607 0.142228
208.908189 0.106582
208.964418 0.056229
209.116912 0.152494
209.223465 0.106553
209.279720 0.056255
209.305879 0.026159
209.342627 0.036748
209.393784 0.051157
209.450364 0.056580
209.501893 0.051529
209.553364 0.051471
209.640331 0.086967
209.742135 0.101804
209.843839 0.101704
209.950671 0.106832
210.027158 0.076487
210.219965 0.192807
210.336570 0.116605
210.478700 0.142130
210.580368 0.101668
210.682110 0.101742
210.819169 0.137059
210.910641 0.091472
211.052859 0.142218
211.154411 0.101552
211.235938 0.081527
211.408557 0.172619
211.474552 0.065995
211.586636 0.112084
211.688521 0.101885
211.795288 0.106767
211.947522 0.152234
212.069181 0.121659
212.170814 0.101633
212.257388 0.086574
212.404724 0.147336
212.516315 0.111591
212.572478 0.056163
212.725066 0.152588
212.841697 0.116631
212.933260 0.091563
213.029998 0.096738
213.151969 0.121971
213.213182 0.061213
213.320177 0.106995
213.406728 0.086551
213.554076 0.147348
213.650685 0.096609
213.752483 0.101798
213.864395 0.111912
213.971082 0.106687
214.082958 0.111876
214.194748 0.111790
214.331810 0.137062
214.428371 0.096561
214.535171 0.106800
214.611720 0.076549
214.748953 0.137233
214.870702 0.121749
214.931897 0.061195
215.069212 0.137315
215.175790 0.106578
215.287629 0.111839
215.369132 0.081503
215.470960 0.101828
215.582943 0.111983
215.684692 0.101749
215.811686 0.126994
215.933423 0.121737
216.040140 0.106717
216.182333 0.142193
216.273881 0.091548
216.411057 0.137176
216.552997 0.141940
216.614129 0.061132
216.741329 0.127200
216.802574 0.061245
216.924730 0.122156
217.041572 0.116842
217.173551 0.131979
217.285251 0.111700
217.376834 0.091583
217.483681 0.106847
217.600633 0.116952
217.707331 0.106698
217.849516 0.142185
217.910631 0.061115
218.037868 0.127237
218.164736 0.126868
218.281675 0.116939
218.332801 0.051126
218.475222 0.142421
218.637447 0.162225
218.693394 0.055947
218.795473 0.102079
218.947686 0.152213
219.074509 0.126823
219.186161 0.111652
219.277821 0.091660
219.409930 0.132109
219.491327 0.081397
219.648826 0.157499
219.704828 0.056002
219.867412 0.162584
219.933451 0.066039
220.035377 0.101926
220.147260 0.111883
220.289512 0.142252
220.406225 0.116713
220.497750 0.091525
220.574442 0.076692
220.681376 0.106934
220.762869 0.081493
220.849571 0.086702
220.905958 0.056387
221.018029 0.112071
221.109658 0.091629
221.160965 0.051307
221.263000 0.102035
221.309150 0.046150
221.426338 0.117188
221.467628 0.041290
221.559244 0.091616
221.600397 0.041153
221.712577 0.112180
221.773845 0.061268
221.860657 0.086812
221.917001 0.056344
221.967629 0.050628
222.038417 0.070788
222.109183 0.070766
222.185011 0.075828
222.255781 0.070770
222.301292 0.045511
222.362820 0.061528
222.434478 0.071658
222.521345 0.086867
222.567577 0.046232
222.609008 0.041431
222.680783 0.071775
222.737180 0.056397
222.783466 0.046286
222.860258 0.076792
222.931769 0.071511
223.033666 0.101897
223.074799 0.041133
223.171876 0.097077
223.379768 0.207892
223.506237 0.126469
223.633088 0.126851
223.770090 0.137002
223.932434 0.162344
224.043968 0.111534
224.231576 0.187608
224.393613 0.162037
224.525398 0.131785
224.662364 0.136966
224.763934 0.101570
224.946483 0.182549
225.083208 0.136725
225.215047 0.131839
225.407585 0.192538
225.524042 0.116457
225.656058 0.132016
225.838641 0.182583
225.919783 0.081142
226.112562 0.192779
226.284573 0.172011
226.396034 0.111461
226.583607 0.187573
226.715172 0.131565
226.872346 0.157174
227.024356 0.152010
227.171297 0.146941
227.328539 0.157242
227.490637 0.162098
227.571849 0.081212
227.698946 0.127097
227.825805 0.126859
227.962831 0.137026
228.009295 0.046464
228.050962 0.041667
228.092628 0.041666
228.143209 0.050581
228.214956 0.071747
228.286575 0.071619
228.353185 0.066610
228.465083 0.111898
228.617312 0.152229
228.733946 0.116634
228.886170 0.152224
228.987775 0.101605
229.145092 0.157317
229.297050 0.151958
229.408634 0.111584
229.459781 0.051147
229.642625 0.182844
229.799572 0.156947
229.875825 0.076253
230.002935 0.127110
230.139879 0.136944
230.292187 0.152308
230.434114 0.141927
230.530634 0.096520
230.627362 0.096728
230.825184 0.197822
230.896117 0.070933
231.008133 0.112016
231.119861 0.111728
231.241735 0.121874
231.388983 0.147248
231.439926 0.050943
231.607626 0.167700
231.754517 0.146891
231.886393 0.131876
232.038522 0.152129
232.155268 0.116746
232.317570 0.162302
232.439272 0.121702
232.586623 0.147351
232.768931 0.182308
232.895476 0.126545
233.052726 0.157250
233.199612 0.146886
233.351726 0.152114
233.508796 0.157070
233.660756 0.151960
233.802701 0.141945
233.939178 0.136477
234.075628 0.136450
234.237363 0.161735
234.414251 0.176888
234.545658 0.131407
234.646742 0.101084
234.828681 0.181939
234.965169 0.136488
235.056153 0.090984
235.167359 0.111206
235.283601 0.116242
235.399850 0.116249
235.632310 0.232460
235.687963 0.055653
235.819373 0.131410
235.955826 0.136453
236.056947 0.101121
236.223743 0.166796
236.340001 0.116258
236.451219 0.111218
236.547240 0.096021
236.668526 0.121286
236.794877 0.126351
236.931338 0.136461
236.976842 0.045504
237.153742 0.176900
237.239690 0.085948
237.381202 0.141512
237.477239 0.096037
237.578333 0.101094
237.709782 0.131449
237.760347 0.050565
237.800961 0.040614
237.902055 0.101094
237.998094 0.096039
238.013290 0.015196
238.114375 0.101085
238.134296 0.019921
238.220222 0.085926
238.351655 0.131433
238.483066 0.131411
238.665000 0.181934
238.720621 0.055621
238.862127 0.141506
239.038987 0.176860
239.114820 0.075833
239.160333 0.045513
239.281629 0.121296
239.407995 0.126366
239.504041 0.096046
239.569781 0.065740
239.630457 0.060676
239.792191 0.161734
239.852864 0.060673
239.959005 0.106141
240.049987 0.090982
240.176357 0.126370
240.282502 0.106145
240.343167 0.060665
240.449306 0.106139
240.565553 0.116247
240.641382 0.075829
240.732367 0.090985
240.828403 0.096036
240.929493 0.101090
241.065953 0.136460
241.161981 0.096028
241.273179 0.111198
241.419743 0.146564
241.495571 0.075828
241.632021 0.136450
241.753330 0.121309
241.889813 0.136483
242.021220 0.131407
242.122314 0.101094
242.238563 0.116249
242.369994 0.131431
242.481198 0.111204
242.622728 0.141530
242.723819 0.101091
242.865363 0.141544
242.971514 0.106151
243.082708 0.111194
243.229265 0.146557
243.325316 0.096051
243.497136 0.171820
243.588101 0.090965
243.724558 0.136457
243.830708 0.106150
243.866114 0.035406
243.926785 0.060671
243.967628 0.040843
244.009303 0.041675
244.064909 0.055606
244.125572 0.060663
244.155931 0.030359
244.241873 0.085942
244.282329 0.040456
244.332890 0.050561
244.408728 0.075838
244.514873 0.106145
244.615957 0.101084
244.757469 0.141512
244.848449 0.090980
244.934418 0.085969
245.030446 0.096028
245.177006 0.146560
245.298312 0.121306
245.389289 0.090977
245.475230 0.085941
245.611680 0.136450
245.738052 0.126372
245.839147 0.101095
245.925090 0.085943
246.011043 0.085953
246.091946 0.080903
246.203148 0.111202
246.349705 0.146557
246.435643 0.085938
246.561978 0.126335
246.733812 0.171834
246.834972 0.101160
247.006848 0.171876
247.143307 0.136459
247.274713 0.131406
247.360639 0.085926
247.497099 0.136460
247.598202 0.101103
247.759938 0.161736
247.866102 0.106164
247.977291 0.111189
248.093503 0.116212
248.235047 0.141544
248.336162 0.101115
248.437248 0.101086
248.619179 0.181931
248.745541 0.126362
248.846626 0.101085
248.952783 0.106157
249.099375 0.146592
249.235828 0.136453
249.286384 0.050556
249.392527 0.106143
249.574460 0.181933
249.625024 0.050564
249.756429 0.131405
249.832292 0.075863
249.953592 0.121300
250.049625 0.096033
250.196181 0.146556
250.251799 0.055618
250.393340 0.141541
250.494431 0.101091
250.590471 0.096040
250.686517 0.096046
250.787613 0.101096
250.873575 0.085962
250.974671 0.101096
251.100986 0.126315
251.217256 0.116270
251.303198 0.085942
251.429570 0.126372
251.510450 0.080880
251.636804 0.126354
251.778324 0.141520
251.884468 0.106144
251.985558 0.101090
252.081599 0.096041
252.182632 0.101033
252.273612 0.090980
252.384800 0.111188
252.440426 0.055626
252.541511 0.101085
252.612315 0.070804
252.743724 0.131409
252.875129 0.131405
252.986331 0.111202
253.127878 0.141547
253.183501 0.055623
253.299741 0.116240
253.461457 0.161716
253.552450 0.090993
253.643448 0.090998
253.805169 0.161721
253.921409 0.116240
253.982075 0.060666
254.143785 0.161710
254.234776 0.090991
254.330852 0.096076
254.436997 0.106145
254.573447 0.136450
254.684636 0.111189
254.967618 0.282982
255.159673 0.192055
255.306213 0.146540
255.412364 0.106151
255.574082 0.161718
255.791391 0.217309
255.892521 0.101130
256.145194 0.252673
256.317027 0.171833
256.458540 0.141513
256.605126 0.146586
256.776947 0.171821
256.943722 0.166775
257.059961 0.116239
257.191368 0.131407
257.342982 0.151614
257.524942 0.181960
257.615929 0.090987
257.762500 0.146571
257.888852 0.126352
257.995005 0.106153
258.086000 0.090995
258.257837 0.171837
258.389250 0.131413
258.520695 0.131445
258.641993 0.121298
258.748137 0.106144
258.919963 0.171826
259.031150 0.111187
259.167638 0.136488
259.278840 0.111202
259.435512 0.156672
259.561872 0.126360
259.673060 0.111188
259.764043 0.090983
259.966207 0.202164
260.072355 0.106148
260.213875 0.141520
260.345282 0.131407
260.456480 0.111198
260.572707 0.116227
260.754561 0.181854
260.870846 0.116285
261.017414 0.146568
261.113448 0.096034
261.249907 0.136459
261.426793 0.176886
261.543020 0.116227
261.659296 0.116276
261.790716 0.131420
261.856442 0.065726
262.033314 0.176872
262.149575 0.116261
262.255732 0.106157
262.366960 0.111228
262.513530 0.146570
262.589360 0.075830
262.735923 0.146563
262.877432 0.141509
262.973472 0.096040
263.064463 0.090991
263.241363 0.176900
263.342451 0.101088
263.443540 0.101089
263.579996 0.136456
263.681099 0.101103
263.797367 0.116268
263.898463 0.101096
264.009654 0.111191
264.065259 0.055605
264.181514 0.116255
264.232089 0.050575
264.368562 0.136473
264.454497 0.085935
264.535383 0.080886
264.656646 0.121263
264.707218 0.050572
264.838623 0.131405
264.954864 0.116241
265.050897 0.096033
265.141878 0.090981
265.227820 0.085942
265.359218 0.131398
265.500763 0.141545
265.617009 0.116246
265.702939 0.085930
265.834361 0.131422
265.955656 0.121295
266.051694 0.096038
266.167950 0.116256
266.279136 0.111186
266.440889 0.161753
266.526844 0.085955
266.602673 0.075829
266.744183 0.141510
266.885701 0.141518
267.012050 0.126349
267.113108 0.101058
267.199054 0.085946
267.325417 0.126363
267.436618 0.111201
267.542756 0.106138
267.694371 0.151615
267.790426 0.096055
267.957202 0.166776
268.012824 0.055622
268.174549 0.161725
268.311008 0.136459
268.401992 0.090984
268.492987 0.090995
268.599127 0.106140
268.765910 0.166783
268.861946 0.096036
268.993362 0.131416
269.089401 0.096039
269.246089 0.156688
269.367390 0.121301
269.468482 0.101092
269.524093 0.055611
269.650451 0.126358
269.802089 0.151638
269.862765 0.060676
269.984091 0.121326
270.120523 0.136432
270.241835 0.121312
270.297444 0.055609
270.408654 0.111210
270.535005 0.126351
270.636104 0.101099
270.727085 0.090981
270.759295 0.032210
270.800963 0.041668
270.871724 0.070761
270.912194 0.040470
270.993066 0.080872
271.048677 0.055611
271.099234 0.050557
271.240733 0.141499
271.296365 0.055632
271.458106 0.161741
271.574318 0.116212
271.725939 0.151621
271.821998 0.096059
272.019103 0.197105
272.105053 0.085950
272.211200 0.106147
272.261793 0.050593
272.428568 0.166775
272.580198 0.151630
272.645915 0.065717
272.777357 0.131442
272.903712 0.126355
273.019960 0.116248
273.131164 0.111204
273.191826 0.060662
273.353576 0.161750
273.459724 0.106148
273.570915 0.111191
273.656838 0.085923
273.798347 0.141509
273.924732 0.126385
274.015737 0.091005
274.096608 0.080871
274.238129 0.141521
274.339235 0.101106
274.430201 0.090966
274.521190 0.090989
274.652602 0.131412
274.753701 0.101099
274.804306 0.050605
274.920544 0.116238
275.006478 0.085934
275.087390 0.080912
275.239000 0.151610
275.390632 0.151632
275.491724 0.101092
275.562499 0.070775
275.648416 0.085917
275.759605 0.111189
275.860731 0.101126
275.961813 0.101082
276.113433 0.151620
276.219600 0.106167
276.265108 0.045508
276.396523 0.131415
276.573408 0.176885
276.674497 0.101089
276.790742 0.116245
276.876677 0.085935
277.038421 0.161744
277.134462 0.096041
277.245659 0.111197
277.336638 0.090979
277.463030 0.126392
277.559036 0.096006
277.619721 0.060685
277.761230 0.141509
277.938099 0.176869
278.074568 0.136469
278.195911 0.121343
278.332367 0.136456
278.377872 0.045505
278.534539 0.156667
278.686161 0.151622
278.731696 0.045535
278.908563 0.176867
279.009654 0.101091
279.125902 0.116248
279.237096 0.111194
279.312928 0.075832
279.474665 0.161737
279.595972 0.121307
279.692026 0.096054
279.777947 0.085921
279.904314 0.126367
279.995306 0.090992
280.126727 0.131421
280.202550 0.075823
280.328940 0.126390
280.445180 0.116240
280.531117 0.085937
280.591798 0.060681
280.703002 0.111204
280.839415 0.136413
280.920327 0.080912
281.193216 0.272889
281.380208 0.186992
281.526743 0.146535
281.617742 0.090999
281.723890 0.106148
281.941148 0.217258
282.047296 0.106148
282.183757 0.136461
282.350538 0.166781
282.471877 0.121339
282.663919 0.192042
282.765010 0.101091
282.871153 0.106143
283.063151 0.191998
283.179397 0.116246
283.300725 0.121328
283.457411 0.156686
283.558510 0.101099
283.720238 0.161728
283.821340 0.101102
283.942643 0.121303
284.028578 0.085935
284.195371 0.166793
284.362136 0.166765
284.523889 0.161753
284.650247 0.126358
284.791762 0.141515
284.862530 0.070768
285.029360 0.166830
285.160747 0.131387
285.251723 0.090976
285.347754 0.096031
285.519582 0.171828
285.615618 0.096036
285.716708 0.101090
285.812755 0.096047
285.944168 0.131413
286.070522 0.126354
286.166549 0.096027
286.313153 0.146604
286.414252 0.101099
286.464813 0.050561
286.596214 0.131401
286.677087 0.080873
286.803453 0.126366
286.944986 0.141533
286.990495 0.045509
287.116807 0.126312
287.238101 0.121294
287.354344 0.116243
287.435228 0.080884
287.490856 0.055628
287.617213 0.126357
287.733466 0.116253
287.824460 0.090994
287.890208 0.065748
288.006456 0.116248
288.117649 0.111193
288.269215 0.151566
288.405670 0.136455
288.557285 0.151615
288.703890 0.146605
288.845404 0.141514
288.976810 0.131406
289.103167 0.126357
289.219417 0.116250
289.401301 0.181884
289.451873 0.050572
289.654016 0.202143
289.805640 0.151624
289.926941 0.121301
290.028036 0.101095
290.194840 0.166804
290.341430 0.146590
290.477913 0.136483
290.584052 0.106139
290.735685 0.151633
290.887305 0.151620
291.028821 0.141516
291.119807 0.090986
291.311850 0.192043
291.407986 0.096136
291.569710 0.161724
291.691040 0.121330
291.827500 0.136460
292.029670 0.202170
292.150977 0.121307
292.241986 0.091009
292.403713 0.161727
292.519966 0.116253
292.686742 0.166776
292.843415 0.156673
292.974832 0.131417
293.121406 0.146574
293.227563 0.106157
293.399395 0.171832
293.500479 0.101084
293.641962 0.141483
293.798627 0.156665
293.935079 0.136452
294.082116 0.147037
294.183637 0.101521
294.330870 0.147233
294.457645 0.126775
294.609810 0.152165
294.746651 0.136841
294.878508 0.131857
294.990206 0.111698
295.127358 0.137152
295.274513 0.147155
295.401258 0.126745
295.593848 0.192590
295.720375 0.126527
295.847259 0.126884
295.948882 0.101623
296.055669 0.106787
296.187679 0.132010
296.299371 0.111692
296.416330 0.116959
296.583681 0.167351
296.745676 0.161995
296.831969 0.086293
297.024717 0.192748
297.151160 0.126443
297.288076 0.136916
297.379588 0.091512
297.506709 0.127121
297.638732 0.132023
297.725193 0.086461
297.837162 0.111969
297.984326 0.147164
298.105985 0.121659
298.232935 0.126950
298.385068 0.152133
298.486557 0.101489
298.563147 0.076590
298.680140 0.116993
298.832337 0.152197
298.933804 0.101467
299.015335 0.081531
299.132363 0.117028
299.203674 0.071311
299.335905 0.132231
299.432427 0.096522
299.544304 0.111877
299.645999 0.101695
299.772984 0.126985
299.839208 0.066224
299.986603 0.147395
300.078026 0.091423
300.164739 0.086713
300.261469 0.096730
300.433940 0.172471
300.550518 0.116578
300.632075 0.081557
300.738901 0.106826
300.886058 0.147157
300.997746 0.111688
301.089241 0.091495
301.145569 0.056328
301.303084 0.157515
301.424828 0.121744
301.521421 0.096593
301.623362 0.101941
301.699794 0.076432
301.826924 0.127130
301.943611 0.116687
302.075606 0.131995
302.222603 0.146997
302.374633 0.152030
302.506421 0.131788
302.673787 0.167366
302.765208 0.091421
302.922644 0.157436
303.013995 0.091351
303.146129 0.132134
303.273025 0.126896
303.384731 0.111706
303.516734 0.132003
303.643583 0.126849
303.780565 0.136982
303.922564 0.141999
304.024230 0.101666
304.201787 0.177557
304.303100 0.101313
304.490693 0.187593
304.632444 0.141751
304.769286 0.136842
304.896116 0.126830
305.058367 0.162251
305.215405 0.157038
305.372535 0.157130
305.463954 0.091419
305.626376 0.162422
305.778304 0.151928
305.920206 0.141902
306.041944 0.121738
306.138541 0.096597
306.245401 0.106860
306.342084 0.096683
306.438805 0.096721
306.565983 0.127178
306.657427 0.091444
306.759246 0.101819
306.926623 0.167377
307.038189 0.111566
307.170255 0.132066
307.271834 0.101579
307.348294 0.076460
307.465345 0.117051
307.577146 0.111801
307.704107 0.126961
307.760213 0.056106
307.902662 0.142449
308.039502 0.136840
308.166196 0.126694
308.242579 0.076383
308.349487 0.106908
308.461364 0.111877
308.578255 0.116891
308.679917 0.101662
308.801854 0.121937
308.903491 0.101637
309.045701 0.142210
309.157362 0.111661
309.249033 0.091671
309.335555 0.086522
309.503154 0.167599
309.574258 0.071104
309.681251 0.106993
309.803190 0.121939
309.864425 0.061235
309.930988 0.066563
310.007616 0.076628
310.134762 0.127146
310.175961 0.041199
310.222212 0.046251
310.268860 0.046648
310.310154 0.041294
310.366770 0.056616
310.443545 0.076775
310.530232 0.086687
310.611892 0.081660
310.744040 0.132148
310.860788 0.116748
311.002845 0.142057
311.129676 0.126831
311.221176 0.091500
311.358317 0.137141
311.500325 0.142008
311.657426 0.157101
311.743757 0.086331
311.880918 0.137161
311.992577 0.111659
312.119549 0.126972
312.276782 0.157233
312.428793 0.152011
312.535310 0.106517
312.616774 0.081464
312.774222 0.157448
312.875683 0.101461
313.017878 0.142195
313.078987 0.061109
313.266862 0.187875
313.368314 0.101452
313.510463 0.142149
313.576624 0.066161
313.724044 0.147420
313.845730 0.121686
313.952361 0.106631
314.064197 0.111836
314.181059 0.116862
314.343356 0.162297
314.449916 0.106560
314.546578 0.096662
314.643318 0.096740
314.755193 0.111875
314.902426 0.147233
314.993777 0.091351
315.090573 0.096796
315.237809 0.147236
315.354427 0.116618
315.446067 0.091640
315.547903 0.101836
315.710223 0.162320
315.836896 0.126673
315.943482 0.106586
316.060410 0.116928
316.202483 0.142073
316.344488 0.142005
316.466237 0.121749
316.557812 0.091575
316.669777 0.111965
316.806826 0.137049
316.923646 0.116820
317.030316 0.106670
317.132044 0.101728
317.248971 0.116927
317.370848 0.121877
317.432008 0.061160
317.549162 0.117154
317.655897 0.106735
317.787929 0.132032
317.955232 0.167303
318.071842 0.116610
318.153230 0.081388
318.265160 0.111930
318.422443 0.157283
318.523902 0.101459
318.615574 0.091672
318.747683 0.132109
318.889902 0.142219
318.981362 0.091460
319.098280 0.116918
319.245424 0.147144
319.331747 0.086323
319.463814 0.132067
319.580574 0.116760
319.692354 0.111780
319.794053 0.101699
319.875698 0.081645
320.017891 0.142193
320.149740 0.131849
320.261426 0.111686
320.347933 0.086507
320.469956 0.122023
320.586769 0.116813
320.698634 0.111865
320.810414 0.111780
320.942558 0.132144
321.024053 0.081495
321.191582 0.167529
321.272729 0.081147
321.425086 0.152357
321.566997 0.141911
321.648313 0.081316
321.780402 0.132089
321.957799 0.177397
322.094551 0.136752
322.231508 0.136957
322.449474 0.217966
322.616291 0.166817
322.813693 0.197402
322.914894 0.101201
323.127760 0.212866
323.345138 0.217378
323.496890 0.151752
323.613518 0.116628
323.795991 0.182473
323.957951 0.161960
324.115063 0.157112
324.277284 0.162221
324.378701 0.101417
324.475415 0.096714
324.551915 0.076500
324.724518 0.172603
324.785478 0.060960
324.937965 0.152487
325.105101 0.167136
325.226699 0.121598
325.328398 0.101699
325.500951 0.172553
325.607332 0.106381
325.749576 0.142244
325.856115 0.106539
326.023419 0.167304
326.165306 0.141887
326.276949 0.111643
326.444296 0.167347
326.535573 0.091277
326.692987 0.157414
326.794490 0.101503
326.926536 0.132046
327.063467 0.136931
327.210476 0.147009
327.332218 0.121742
327.464158 0.131940
327.585944 0.121786
327.692631 0.106687
327.824636 0.132005
327.997013 0.172377
328.093378 0.096365
328.200210 0.106832
328.306893 0.106683
328.393505 0.086612
328.571126 0.177621
328.657352 0.086226
328.784380 0.127028
328.855703 0.071323
329.013192 0.157489
329.150018 0.136826
329.226315 0.076297
329.287756 0.061441
329.420016 0.132260
329.546840 0.126824
329.663682 0.116842
329.750140 0.086458
329.887477 0.137337
330.009154 0.121677
330.120888 0.111734
330.202347 0.081459
330.339603 0.137256
330.400810 0.061207
330.447167 0.046357
330.503718 0.056551
330.610814 0.107096
330.702419 0.091605
330.738608 0.036189
330.810452 0.071844
330.861833 0.051381
330.953676 0.091843
331.009964 0.056288
331.167544 0.157580
331.178144 0.010600
331.366199 0.188055
331.416932 0.050733
331.609849 0.192917
331.706088 0.096239
331.792740 0.086652
331.859134 0.066394
332.011585 0.152451
332.123214 0.111629
332.199678 0.076464
332.245919 0.046241
332.413692 0.167773
332.510075 0.096383
332.601736 0.091661
332.637790 0.036054
332.820728 0.182938
332.952378 0.131650
333.013550 0.061172
333.105426 0.091876
333.252739 0.147313
333.349197 0.096458
333.395431 0.046234
333.477275 0.081844
333.649855 0.172580
333.751218 0.101363
333.822658 0.071440
333.929611 0.106953
334.066700 0.137089
334.163224 0.096524
334.234564 0.071340
334.280925 0.046361
334.413294 0.132369
334.540135 0.126841
334.596232 0.056097
334.693187 0.096955
334.815051 0.121864
334.881373 0.066322
334.947911 0.066538
335.064967 0.117056
335.171875 0.106908
335.273361 0.101486
335.349839 0.076478
335.487075 0.137236
335.619006 0.131931
335.685226 0.066220
335.797262 0.112036
335.903999 0.106737
336.015794 0.111795
336.092322 0.076528
336.163881 0.071559
336.311275 0.147394
336.422821 0.111546
336.514416 0.091595
336.580865 0.066449
336.677785 0.096920
336.769425 0.091640
336.871263 0.101838
336.947696 0.076433
337.034418 0.086722
337.171643 0.137225
337.278326 0.106683
337.354748 0.076422
337.522373 0.167625
337.623747 0.101374
337.710329 0.086582
337.802148 0.091819
337.939313 0.137165
338.091362 0.152049
338.172619 0.081257
338.239100 0.066481
338.391612 0.152512
338.493170 0.101558
338.604971 0.111801
338.661161 0.056190
338.808523 0.147362
338.915137 0.106614
339.021877 0.106740
339.057883 0.036006
339.230736 0.172853
339.327075 0.096339
339.388474 0.061399
339.525765 0.137291
339.642534 0.116769
339.739252 0.096718
339.846070 0.106818
339.902297 0.056227
340.044733 0.142436
340.161379 0.116646
340.207430 0.046051
340.324586 0.117156
340.441436 0.116850
340.543053 0.101617
340.599315 0.056262
340.711549 0.112234
340.788043 0.076494
340.990919 0.202876
341.132632 0.141713
341.254334 0.121702
341.345894 0.091560
341.407307 0.061413
341.554725 0.147418
341.681535 0.126810
341.783157 0.101622
341.844470 0.061313
341.971690 0.127220
342.032906 0.061216
342.220713 0.187807
342.327021 0.106308
342.408640 0.081619
342.470039 0.061399
342.602259 0.132220
342.673603 0.071344
342.841100 0.167497
342.942467 0.101367
343.013934 0.071467
343.085522 0.071588
343.243052 0.157530
343.324379 0.081327
343.431285 0.106906
343.487454 0.056169
343.614725 0.127271
343.716371 0.101646
343.818101 0.101730
343.909792 0.091691
344.021722 0.111930
344.072916 0.051194
344.184971 0.112055
344.256308 0.071337
344.439049 0.182741
344.601018 0.161969
344.712627 0.111609
344.773903 0.061276
344.875851 0.101948
345.002791 0.126940
345.109521 0.106730
345.201103 0.091582
345.302893 0.101790
345.465248 0.162355
345.511122 0.045874
345.628389 0.117267
345.735063 0.106674
345.841888 0.106825
345.943536 0.101648
346.025083 0.081547
346.126931 0.101848
346.233721 0.106790
346.335431 0.101710
346.462501 0.127070
346.538942 0.076441
346.686310 0.147368
346.787828 0.101518
346.844080 0.056252
346.966316 0.122236
347.088173 0.121857
347.194844 0.106671
347.251039 0.056195
347.327794 0.076755
347.475189 0.147395
347.601946 0.126757
347.698514 0.096568
347.754807 0.056293
347.917331 0.162524
348.003639 0.086308
348.110525 0.106886
348.166787 0.056262
348.324383 0.157596
348.420866 0.096483
348.487268 0.066402
348.594232 0.106964
348.741384 0.147152
348.827756 0.086372
348.934625 0.106869
349.006037 0.071412
349.123157 0.117120
349.199598 0.076441
349.326846 0.127248
349.423404 0.096558
349.555490 0.132086
349.662151 0.106661
349.733536 0.071385
349.779856 0.046320
349.861634 0.081778
349.993750 0.132116
350.065055 0.071305
350.156885 0.091830
350.213233 0.056348
350.284921 0.071688
350.376695 0.091774
350.443151 0.066456
350.509664 0.066513
350.586369 0.076705
350.668028 0.081659
350.724377 0.056349
350.785977 0.061600
350.882873 0.096896
350.949245 0.066372
351.020875 0.071630
351.077284 0.056409
351.133675 0.056391
351.200307 0.066632
351.261765 0.061458
351.300962 0.039197
351.381853 0.080891
351.432426 0.050573
351.498155 0.065729
351.564412 0.066257
351.630958 0.066546
351.675963 0.045005
351.741686 0.065723
351.797293 0.055607
351.842629 0.045336
351.903397 0.060768
352.131678 0.228281
352.252996 0.121318
352.300962 0.047966
352.432396 0.131434
352.543599 0.111203
352.609463 0.065864
352.676000 0.066537
352.767849 0.091849
352.889866 0.122017
352.986592 0.096726
353.073192 0.086600
353.159859 0.086667
353.241409 0.081550
353.429125 0.187716
353.550678 0.121553
353.672496 0.121818
353.728654 0.056158
353.830591 0.101937
354.003130 0.172539
354.129764 0.126634
354.206138 0.076374
354.267580 0.061442
354.440294 0.172714
354.561848 0.121554
354.653418 0.091570
354.750161 0.096743
354.897517 0.147356
355.014137 0.116620
355.120945 0.106808
355.217515 0.096570
355.339497 0.121982
355.466414 0.126917
355.552878 0.086464
355.674924 0.122046
355.751350 0.076426
355.928995 0.177645
356.035459 0.106464
356.147268 0.111809
356.238863 0.091595
356.426556 0.187693
356.492551 0.065995
356.609623 0.117072
356.670911 0.061288
356.808279 0.137368
356.904699 0.096420
356.951000 0.046301
357.007485 0.056485
357.134762 0.127277
357.206077 0.071315
357.252424 0.046347
357.359517 0.107093
357.405581 0.046064
357.467209 0.061628
357.549010 0.081801
357.600364 0.051354
357.672049 0.071685
357.748652 0.076603
357.810051 0.061399
357.861493 0.051442
357.913006 0.051513
358.015003 0.101997
358.086398 0.071395
358.142848 0.056450
358.224689 0.081841
358.270872 0.046183
358.322320 0.051448
358.388983 0.066663
358.480824 0.091841
358.547256 0.066432
358.618837 0.071581
358.649987 0.031150
358.762165 0.112178
358.848790 0.086625
358.920283 0.071493
359.067721 0.147438
359.214605 0.146884
359.316154 0.101549
359.443155 0.127001
359.559921 0.116766
359.646413 0.086492
359.778554 0.132141
359.860044 0.081490
359.987168 0.127124
360.134321 0.147153
360.205497 0.071176
360.317525 0.112028
360.439407 0.121882
360.576410 0.137003
360.693161 0.116751
360.723980 0.030819
360.851387 0.127407
360.998557 0.147170
361.125331 0.126774
361.221909 0.096578
361.323629 0.101720
361.460812 0.137183
361.511851 0.051039
361.684601 0.172750
361.826435 0.141834
361.912900 0.086465
362.034923 0.122023
362.151717 0.116794
362.273656 0.121939
362.446001 0.172345
362.552446 0.106445
362.709719 0.157273
362.775817 0.066098
362.933286 0.157469
363.095481 0.162195
363.212235 0.116754
363.339103 0.126868
363.445752 0.106649
363.567709 0.121957
363.649224 0.081515
363.746004 0.096780
363.837694 0.091690
363.934463 0.096769
364.036215 0.101752
364.082430 0.046215
364.123891 0.041461
364.210801 0.086910
364.332794 0.121993
364.378856 0.046062
364.470846 0.091990
364.522129 0.051283
364.578648 0.056519
364.670489 0.091841
364.717629 0.047140
364.759295 0.041666
364.845227 0.085932
364.901257 0.056030
364.947650 0.046393
365.029424 0.081774
365.080719 0.051295
365.162475 0.081756
365.178450 0.015975
365.289645 0.111195
365.345252 0.055607
365.426130 0.080878
365.467629 0.041499
365.528277 0.060648
365.568759 0.040482
365.897419 0.328660
366.054106 0.156687
366.119821 0.065715
366.282128 0.162307
366.363371 0.081243
366.576371 0.213000
366.672454 0.096083
366.794462 0.122008
366.916316 0.121854
367.113922 0.197606
367.184802 0.070880
367.352366 0.167564
367.458869 0.106503
367.631333 0.172464
367.752969 0.121636
367.854633 0.101664
367.971567 0.116934
368.093492 0.121925
368.190096 0.096604
368.327280 0.137184
368.398574 0.071294
368.586376 0.187802
368.753490 0.167114
368.804355 0.050865
368.977137 0.172782
369.043089 0.065952
369.200560 0.157471
369.307084 0.106524
369.449200 0.142116
369.495136 0.045936
369.652832 0.157696
369.784622 0.131790
369.891243 0.106621
369.987985 0.096742
370.114942 0.126957
370.241875 0.126933
370.338441 0.096566
370.435192 0.096751
370.491449 0.056257
370.623760 0.132311
370.770900 0.147140
370.897675 0.126775
370.999357 0.101682
371.146625 0.147268
371.283468 0.136843
371.390116 0.106648
371.507059 0.116943
371.649208 0.142149
371.796239 0.147031
371.887693 0.091454
372.014760 0.127067
372.096366 0.081606
372.188092 0.091726
372.365701 0.177609
372.456947 0.091246
372.528427 0.071480
372.675805 0.147378
372.757098 0.081293
372.848912 0.091814
372.965890 0.116978
373.062495 0.096605
373.159223 0.096728
373.276070 0.116847
373.423225 0.147155
373.529786 0.106561
373.661827 0.132041
373.819055 0.157228
373.900330 0.081275
374.022323 0.121993
374.149401 0.127078
374.261051 0.111650
374.377849 0.116798
374.509848 0.131999
374.621593 0.111745
374.743526 0.121933
374.870419 0.126893
374.967135 0.096716
375.083964 0.116829
375.210897 0.126933
375.322578 0.111681
375.424253 0.101675
375.475432 0.051179
375.638094 0.162662
375.744573 0.106479
375.800795 0.056222
375.958437 0.157642
376.019443 0.061006
376.096145 0.076702
376.243467 0.147322
376.370314 0.126847
376.477006 0.106692
376.538283 0.061277
376.685735 0.147452
376.772094 0.086359
376.863901 0.091807
376.940411 0.076510
377.042261 0.101850
377.209722 0.167461
377.301038 0.091316
377.367452 0.066414
377.479430 0.111978
377.591256 0.111826
377.697942 0.106686
377.835111 0.137169
377.966976 0.131865
378.009293 0.042317
378.130598 0.121305
378.231792 0.101194
378.373933 0.142141
378.495730 0.121797
378.551896 0.056166
378.729664 0.177768
378.841205 0.111541
378.927739 0.086534
379.070002 0.142263
379.196762 0.126760
379.293290 0.096528
379.420345 0.127055
379.542112 0.121767
379.638739 0.096627
379.745612 0.106873
379.842411 0.096799
379.974509 0.132098
380.086214 0.111705
380.177791 0.091577
380.309865 0.132074
380.416439 0.106574
380.538321 0.121882
380.655176 0.116855
380.802365 0.147189
380.883790 0.081425
381.031099 0.147309
381.142850 0.111751
381.269745 0.126895
381.386506 0.116761
381.478090 0.091584
381.574786 0.096696
381.676518 0.101732
381.778254 0.101736
381.890152 0.111898
382.022217 0.132065
382.113688 0.091471
382.220580 0.106892
382.352560 0.131980
382.449084 0.096524
382.520525 0.071441
382.642589 0.122064
382.774634 0.132045
382.866283 0.091649
382.993365 0.127082
383.120244 0.126879
383.267290 0.147046
383.389061 0.121771
383.480582 0.091521
383.602655 0.122073
383.739873 0.137218
383.846302 0.106429
383.922827 0.076525
384.044845 0.122018
384.237405 0.192560
384.348783 0.111378
384.455529 0.106746
384.643195 0.187666
384.789942 0.146747
384.906628 0.116686
384.993048 0.086420
385.185917 0.192869
385.287177 0.101260
385.449573 0.162396
385.515626 0.066053
385.693234 0.177608
385.774411 0.081177
385.916659 0.142248
386.028208 0.111549
386.180473 0.152265
386.342820 0.162347
386.474675 0.131855
386.586351 0.111676
386.738559 0.152208
386.885505 0.146946
387.017309 0.131804
387.093662 0.076353
387.291552 0.197890
387.402914 0.111362
387.479403 0.076489
387.667202 0.187799
387.813998 0.146796
387.960906 0.146908
388.052376 0.091470
388.174410 0.122034
388.341857 0.167447
388.488709 0.146852
388.580122 0.091413
388.707264 0.127142
388.839229 0.131965
389.006500 0.167271
389.138245 0.131745
389.219627 0.081382
389.427604 0.207977
389.559180 0.131576
389.681022 0.121842
389.823054 0.142032
389.970168 0.147114
390.122174 0.152006
390.244064 0.121890
390.365848 0.121784
390.498022 0.132174
390.624779 0.126757
390.781998 0.157219
390.898626 0.116628
391.030849 0.132223
391.152662 0.121813
391.279547 0.126885
391.406359 0.126812
391.533261 0.126902
391.756078 0.222817
391.938027 0.181949
392.039398 0.101371
392.277591 0.238193
392.368595 0.091004
392.551307 0.182712
392.713249 0.161942
392.814626 0.101377
392.941666 0.127040
393.078589 0.136923
393.205468 0.126879
393.317175 0.111707
393.489572 0.172397
393.606135 0.116563
393.723053 0.116918
393.799302 0.076249
393.911331 0.112029
394.058523 0.147192
394.205540 0.147017
394.286968 0.081428
394.388858 0.101890
394.490584 0.101726
394.572202 0.081618
394.704367 0.132165
394.821084 0.116717
394.912630 0.091546
394.984026 0.071396
395.106130 0.122104
395.202709 0.096579
395.248940 0.046231
395.436831 0.187891
395.548318 0.111487
395.604581 0.056263
395.691375 0.086794
395.828632 0.137257
395.940314 0.111682
396.036888 0.096574
396.083090 0.046202
396.235618 0.152528
396.291666 0.056048
396.429048 0.137382
396.520663 0.091615
396.602186 0.081523
396.931545 0.329359
397.083152 0.151607
397.148864 0.065712
397.397034 0.248170
397.503164 0.106130
397.665391 0.162227
397.696075 0.030684
397.954855 0.258780
398.106471 0.151616
398.238133 0.131662
398.274020 0.035887
398.517568 0.243548
398.648997 0.131429
398.720177 0.071180
398.842201 0.122024
399.070183 0.227982
399.171429 0.101246
399.313626 0.142197
399.364598 0.050972
399.597999 0.233401
399.719300 0.121301
399.795636 0.076336
399.937898 0.142262
400.064754 0.126856
400.181507 0.116753
400.308407 0.126900
400.415177 0.106770
400.521906 0.106729
400.633777 0.111871
400.821391 0.187614
400.927696 0.106305
401.090004 0.162308
401.236877 0.146873
401.373741 0.136864
401.475317 0.101576
401.652944 0.177627
401.814892 0.161948
401.956708 0.141816
402.078483 0.121775
402.245818 0.167335
402.377575 0.131757
402.519535 0.141960
402.656432 0.136897
402.813584 0.157152
402.950534 0.136950
403.117820 0.167286
403.219254 0.101434
403.376590 0.157336
403.533599 0.157009
403.619835 0.086236
403.807536 0.187701
403.939213 0.131677
404.071153 0.131940
404.258685 0.187532
404.405630 0.146945
404.456640 0.051010
404.644577 0.187937
404.781159 0.136582
404.887783 0.106624
405.009679 0.121896
405.177056 0.167377
405.329005 0.151949
405.470977 0.141972
405.628357 0.157380
405.780332 0.151975
405.871627 0.091295
406.044150 0.172523
406.180906 0.136756
406.348292 0.167386
406.464834 0.116542
406.576645 0.111811
406.678373 0.101728
406.800435 0.122062
406.922458 0.122023
407.018894 0.096436
407.135788 0.116894
407.212141 0.076353
407.379678 0.167537
407.455884 0.076206
407.577963 0.122079
407.704881 0.126918
407.806622 0.101741
407.903327 0.096705
408.000034 0.096707
408.142250 0.142216
408.243891 0.101641
408.401187 0.157296
408.447029 0.045842
408.635010 0.187981
408.776762 0.141752
408.898626 0.121864
408.995238 0.096612
409.162762 0.167524
409.243946 0.081184
409.411495 0.167549
409.523107 0.111612
409.650072 0.126965
409.771890 0.121818
409.908891 0.137001
409.960060 0.051169
410.122693 0.162633
410.249357 0.126664
410.295380 0.046023
410.463133 0.167753
410.599933 0.136800
410.676291 0.076358
410.828641 0.152350
410.940230 0.111589
411.031899 0.091669
411.138700 0.106801
411.215110 0.076410
411.397784 0.182674
411.549620 0.151836
411.696594 0.146974
411.904196 0.207602
412.020521 0.116325
412.238412 0.217891
412.460858 0.222446
412.627740 0.166882
412.769604 0.141864
412.835785 0.066181
412.983099 0.147314
413.130193 0.147094
413.261999 0.131806
413.393954 0.131955
413.470327 0.076373
413.658281 0.187954
413.769789 0.111508
413.906913 0.137124
413.993380 0.086467
414.130550 0.137170
414.242233 0.111683
414.359119 0.116886
414.465768 0.106649
414.612990 0.147222
414.754937 0.141947
414.866627 0.111690
414.983507 0.116880
415.110495 0.126988
415.257535 0.147040
415.394379 0.136844
415.501018 0.106639
415.622970 0.121952
415.719605 0.096635
415.816296 0.096691
415.963679 0.147383
416.115664 0.151985
416.217104 0.101440
416.313795 0.096691
416.476197 0.162402
416.607971 0.131774
416.750061 0.142090
416.846415 0.096354
416.963330 0.116915
417.140994 0.177664
417.297898 0.156904
417.394314 0.096416
417.546626 0.152312
417.698624 0.151998
417.815267 0.116643
417.962481 0.147214
418.099319 0.136838
418.286843 0.187524
418.372991 0.086148
418.520405 0.147414
418.692624 0.172219
418.854654 0.162030
418.966215 0.111561
419.113383 0.147168
419.265438 0.152055
419.407341 0.141903
419.508945 0.101604
419.656147 0.147202
419.788109 0.131962
419.980620 0.192511
420.127373 0.146753
420.234003 0.106630
420.401419 0.167416
420.543248 0.141829
420.680186 0.136938
420.791829 0.111643
420.923833 0.132004
421.121504 0.197671
421.232856 0.111352
421.349743 0.116887
421.532110 0.182367
421.673869 0.141759
421.770414 0.096545
421.907551 0.137137
422.079831 0.172280
422.211515 0.131684
422.338416 0.126901
422.470412 0.131996
422.617432 0.147020
422.718901 0.101469
422.835788 0.116887
423.003172 0.167384
423.150005 0.146833
423.291882 0.141877
423.413677 0.121795
423.550667 0.136990
423.682514 0.131847
423.849873 0.167359
423.961402 0.111529
424.012542 0.051140
424.225689 0.213147
424.367235 0.141546
424.494099 0.126864
424.595714 0.101615
424.788411 0.192697
424.940178 0.151767
425.026628 0.086450
425.128524 0.101896
425.326263 0.197739
425.457782 0.131519
425.539188 0.081406
425.681450 0.142262
425.843622 0.162172
425.985530 0.141908
426.122449 0.136919
426.208836 0.086387
426.315690 0.106854
426.503345 0.187655
426.655113 0.151768
426.711141 0.056028
426.818210 0.107069
426.859274 0.041064
426.946185 0.086911
426.967628 0.021443
427.028841 0.061213
427.090331 0.061490
427.134296 0.043965
427.184860 0.050564
427.255644 0.070784
427.316279 0.060635
427.357595 0.041316
427.403928 0.046333
427.500885 0.096957
427.562284 0.061399
427.603568 0.041284
427.680330 0.076762
427.726579 0.046249
427.788217 0.061638
427.839613 0.051396
427.911290 0.071677
427.962701 0.051411
428.079910 0.117209
428.141099 0.061189
428.192563 0.051464
428.233936 0.041373
428.295618 0.061682
428.372355 0.076737
428.428752 0.056397
428.545836 0.117084
428.602042 0.056206
428.643392 0.041350
428.725212 0.081820
428.766417 0.041205
428.848251 0.081834
428.904605 0.056354
428.981325 0.076720
429.042744 0.061419
429.092630 0.049886
429.178564 0.085934
429.217629 0.039065
429.329195 0.111566
429.365173 0.035978
429.431887 0.066714
429.467627 0.035740
429.558592 0.090965
429.614209 0.055617
429.679931 0.065722
429.745647 0.065716
429.821474 0.075827
429.882370 0.060896
429.958988 0.076618
429.995132 0.036144
430.082027 0.086895
430.128209 0.046182
430.235250 0.107041
430.296587 0.061337
430.342631 0.046044
430.398249 0.055618
430.458916 0.060667
430.539798 0.080882
430.595419 0.055621
430.666189 0.070770
430.722211 0.056022
430.783742 0.061531
430.865460 0.081718
430.947124 0.081664
431.013616 0.066492
431.100456 0.086840
431.146747 0.046291
431.223587 0.076840
431.305217 0.081630
431.361572 0.056355
431.402873 0.041301
431.484751 0.081878
431.525968 0.041217
431.587584 0.061616
431.669277 0.081693
431.720740 0.051463
431.787309 0.066569
431.838673 0.051364
431.910298 0.071625
431.956640 0.046342
431.992930 0.036290
432.120245 0.127315
432.181429 0.061184
432.237938 0.056509
432.279319 0.041381
432.371242 0.091923
432.387154 0.015912
432.464001 0.076847
432.545625 0.081624
432.607075 0.061450
432.698914 0.091839
432.745140 0.046226
432.786587 0.041447
432.843307 0.056720
432.945198 0.101891
432.996346 0.051148
433.057924 0.061578
433.099260 0.041336
433.170954 0.071694
433.242530 0.071576
433.288864 0.046334
433.380805 0.091941
433.437138 0.056333
433.488552 0.051414
433.570270 0.081718
433.636784 0.066514
433.678107 0.041323
433.717630 0.039523
433.759296 0.041666
433.840314 0.081018
433.885827 0.045513
433.925964 0.040137
433.967630 0.041666
