0.035430 0.035430
0.062445 0.027015
0.102431 0.039986
0.142462 0.040031
0.182446 0.039984
0.222460 0.040014
0.262459 0.039999
0.302459 0.040000
0.342462 0.040003
0.382495 0.040033
0.422483 0.039988
0.462448 0.039965
0.502450 0.040002
0.542450 0.040000
0.582503 0.040053
0.622495 0.039992
0.662458 0.039963
0.702423 0.039965
0.742422 0.039999
0.782421 0.039999
0.908832 0.126411
1.045310 0.136478
1.308149 0.262839
1.525475 0.217326
1.672055 0.146580
1.833847 0.161792
2.072124 0.238277
2.249118 0.176994
2.436693 0.187575
2.634286 0.197593
2.801601 0.167315
2.989197 0.187596
3.171952 0.182755
3.334041 0.162089
3.551989 0.217948
3.749537 0.197548
3.901603 0.152066
4.033715 0.132112
4.241758 0.208043
4.449390 0.207632
4.621643 0.172253
4.819426 0.197783
4.976499 0.157073
5.108595 0.132096
5.326623 0.218028
5.544339 0.217716
5.731706 0.187367
5.883772 0.152066
6.036025 0.152253
6.193385 0.157360
6.421489 0.228104
6.623986 0.202497
6.771082 0.147096
6.933452 0.162370
7.075645 0.142193
7.263327 0.187682
7.450751 0.187424
7.648397 0.197646
7.830719 0.182322
8.008120 0.177401
8.145201 0.137081
8.297576 0.152375
8.540863 0.243287
8.738166 0.197303
8.890247 0.152081
9.088119 0.197872
9.214909 0.126790
9.402732 0.187823
9.605326 0.202594
9.812900 0.207574
9.965042 0.152142
10.122401 0.157359
10.320143 0.197742
10.507580 0.187437
10.690045 0.182465
10.877529 0.187484
11.014571 0.137042
11.232620 0.218049
11.404745 0.172125
11.597363 0.192618
11.754438 0.157075
11.957273 0.202835
12.159883 0.202610
12.296772 0.136889
12.434038 0.137266
12.687434 0.253396
12.889709 0.202275
13.006451 0.116742
13.194270 0.187819
13.356516 0.162246
13.534085 0.177569
13.772175 0.238090
13.949320 0.177145
14.116726 0.167406
14.279084 0.162358
14.441441 0.162357
14.608944 0.167503
14.826911 0.217967
15.024297 0.197386
15.171353 0.147056
15.328711 0.157358
15.511315 0.182604
15.688790 0.177475
15.866287 0.177497
16.104405 0.238118
16.261290 0.156885
16.398343 0.137053
16.606288 0.207945
16.738106 0.131818
16.961271 0.223165
17.143555 0.182284
17.295766 0.152211
17.478251 0.182485
17.645538 0.167287
17.803184 0.157646
18.016147 0.212963
18.208602 0.192455
18.375852 0.167250
18.507771 0.131919
18.675395 0.167624
18.888176 0.212781
19.100733 0.212557
19.277977 0.177244
19.404722 0.126745
19.587592 0.182870
19.744838 0.157246
19.937561 0.192723
20.145293 0.207732
20.292262 0.146969
20.469895 0.177633
20.657527 0.187632
20.794492 0.136965
21.017760 0.223268
21.174793 0.157033
21.306811 0.132018
21.519859 0.213048
21.702138 0.182279
21.869459 0.167321
22.062099 0.192640
22.264913 0.202814
22.427012 0.162099
22.589390 0.162378
22.771948 0.182558
22.964517 0.192569
23.167112 0.202595
23.309002 0.141890
23.501794 0.192792
23.679204 0.177410
23.851540 0.172336
24.013863 0.162323
24.246948 0.233085
24.424100 0.177152
24.581341 0.157241
24.733624 0.152283
24.870814 0.137190
25.094107 0.223293
25.286549 0.192442
25.473979 0.187430
25.631061 0.157082
25.803575 0.172514
25.986105 0.182530
26.188889 0.202784
26.416673 0.227784
26.599005 0.182332
26.756232 0.157227
26.913582 0.157350
27.070839 0.157257
27.288840 0.218001
27.486167 0.197327
27.628125 0.141958
27.770372 0.142247
27.953201 0.182829
28.140855 0.187654
28.338453 0.197598
28.535967 0.197514
28.642536 0.106569
28.855751 0.213215
29.012777 0.157026
29.220520 0.207743
29.413143 0.192623
29.560224 0.147081
29.702357 0.142133
29.895124 0.192767
30.087668 0.192544
30.249841 0.162173
30.472830 0.222989
30.604548 0.131718
30.751965 0.147417
30.949742 0.197777
31.116982 0.167240
31.329813 0.212831
31.532496 0.202683
31.699626 0.167130
31.811373 0.111747
32.059864 0.248491
32.146094 0.086230
32.394718 0.248624
32.587002 0.192284
32.769384 0.182382
32.916490 0.147106
33.119377 0.202887
33.261274 0.141897
33.418683 0.157409
33.641952 0.223269
33.859650 0.217698
33.991335 0.131685
34.184172 0.192837
34.346384 0.162212
34.549120 0.202736
34.726490 0.177370
34.944348 0.217858
35.071079 0.126731
35.218547 0.147468
35.436534 0.217987
35.659285 0.222751
35.841534 0.182249
35.993705 0.152171
36.130912 0.137207
36.343920 0.213008
36.521109 0.177189
36.708863 0.187754
36.866007 0.157144
37.084040 0.218033
37.225851 0.141811
37.413541 0.187690
37.601121 0.187580
37.793692 0.192571
38.011515 0.217823
38.148393 0.136878
38.295828 0.147435
38.463367 0.167539
38.661056 0.197689
38.878932 0.217876
39.081432 0.202500
39.248666 0.167234
39.411070 0.162404
39.558234 0.147164
39.756006 0.197772
39.933451 0.177445
40.156276 0.222825
40.298423 0.142147
40.496264 0.197841
40.653430 0.157166
40.795560 0.142130
41.008578 0.213018
41.180767 0.172189
41.393626 0.212859
41.601271 0.207645
41.778736 0.177465
41.956161 0.177425
42.078011 0.121850
42.281057 0.203046
42.443187 0.162130
42.590370 0.147183
42.818525 0.228155
42.995752 0.177227
43.173176 0.177424
43.355746 0.182570
43.472549 0.116803
43.695825 0.223276
43.893241 0.197416
44.075637 0.182396
44.217701 0.142064
44.385256 0.167555
44.557694 0.172438
44.780731 0.223037
44.963000 0.182269
45.125270 0.162270
45.287656 0.162386
45.444984 0.157328
45.642712 0.197728
45.825157 0.182445
46.017752 0.192595
46.180023 0.162271
46.286817 0.106794
46.469724 0.182907
46.707799 0.238075
46.874730 0.166931
47.047238 0.172508
47.229766 0.182528
47.407320 0.177554
47.534264 0.126944
47.727179 0.192915
47.950007 0.222828
48.142446 0.192439
48.309711 0.167265
48.456775 0.147064
48.593944 0.137169
48.837345 0.243401
49.004441 0.167096
49.187036 0.182595
49.374506 0.187470
49.486150 0.111644
49.694231 0.208081
49.881698 0.187467
50.104586 0.222888
50.241445 0.136859
50.409033 0.167588
50.601670 0.192637
50.763872 0.162202
50.946486 0.182614
51.154131 0.207645
51.331456 0.177325
51.483593 0.152137
51.630877 0.147284
51.788289 0.157412
52.031538 0.243249
52.228835 0.197297
52.401117 0.172282
52.731139 0.330022
52.903278 0.172139
53.121180 0.217902
53.308630 0.187450
53.491018 0.182388
53.602731 0.111713
53.810837 0.208106
54.003313 0.192476
54.221015 0.217702
54.388168 0.167153
54.585981 0.197813
54.738062 0.152081
54.895401 0.157339
55.133609 0.238208
55.290511 0.156902
55.463087 0.172576
55.670832 0.207745
55.832879 0.162047
55.990366 0.157487
56.173036 0.182670
56.390855 0.217819
56.557974 0.167119
56.730459 0.172485
56.887763 0.157304
57.095611 0.207848
57.267831 0.172220
57.475770 0.207939
57.673278 0.197508
57.820293 0.147015
58.002947 0.182654
58.114618 0.111671
58.287365 0.172747
58.540609 0.253244
58.727753 0.187144
58.915327 0.187574
59.077545 0.162218
59.209606 0.132061
59.412509 0.202903
59.584802 0.172293
59.772422 0.187620
59.964985 0.192563
60.106953 0.141968
60.289748 0.182795
60.497672 0.207924
60.664783 0.167111
60.822094 0.157311
61.035009 0.212915
61.192041 0.157032
61.399907 0.207866
61.582265 0.182358
61.744406 0.162141
61.947301 0.202895
62.063910 0.116609
62.266979 0.203069
62.454446 0.187467
62.662068 0.207622
62.844424 0.182356
63.016801 0.172377
63.169128 0.152327
63.331630 0.162502
63.514040 0.182410
63.686459 0.172419
63.858872 0.172413
64.086903 0.228031
64.213480 0.126577
64.401332 0.187852
64.578739 0.177407
64.801764 0.223025
64.984070 0.182306
65.151358 0.167288
65.323727 0.172369
65.480959 0.157232
65.643395 0.162436
65.871436 0.228041
66.043619 0.172183
66.200960 0.157341
66.378472 0.177512
66.530590 0.152118
66.743500 0.212910
66.895515 0.152015
67.027539 0.132024
67.235539 0.208000
67.402877 0.167338
67.565217 0.162340
67.788226 0.223009
67.950278 0.162052
68.137895 0.187617
68.315287 0.177392
68.477425 0.162138
68.644867 0.167442
68.822464 0.177597
69.015087 0.192623
69.222730 0.207643
69.384991 0.162261
69.587777 0.202786
69.760032 0.172255
69.937517 0.177485
70.114913 0.177396
70.262147 0.147234
70.454939 0.192792
70.687929 0.232990
70.865074 0.177145
71.012200 0.147126
71.194791 0.182591
71.367124 0.172333
71.494020 0.126896
71.762935 0.268915
71.909588 0.146653
72.092216 0.182628
72.279728 0.187512
72.446975 0.167247
72.579003 0.132028
72.786998 0.207995
72.954161 0.167163
73.177296 0.223135
73.349603 0.172307
73.471399 0.121796
73.674451 0.203052
73.897242 0.222791
74.069408 0.172166
74.267087 0.197679
74.378704 0.111617
74.556467 0.177763
74.718798 0.162331
74.972050 0.253252
75.118754 0.146704
75.291302 0.172548
75.494018 0.202716
75.620781 0.126763
75.778310 0.157529
76.036756 0.258446
76.203702 0.166946
76.396333 0.192631
76.568564 0.172231
76.725847 0.157283
76.888338 0.162491
77.081006 0.192668
77.243217 0.162211
77.395533 0.152316
77.583283 0.187750
77.755573 0.172290
77.948182 0.192609
78.135588 0.187406
78.312979 0.177391
78.485342 0.172363
78.647696 0.162354
78.779763 0.132067
78.972766 0.193003
79.150136 0.177370
79.327635 0.177499
79.464553 0.136918
79.637210 0.172657
79.784290 0.147080
79.972008 0.187718
80.159634 0.187626
80.321864 0.162230
80.453895 0.132031
80.621514 0.167619
80.758704 0.137190
80.966596 0.207892
81.108580 0.141984
81.296317 0.187737
81.448459 0.152142
81.610953 0.162494
81.748012 0.137059
81.976126 0.228114
82.087605 0.111479
82.265414 0.177809
82.412546 0.147132
82.595219 0.182673
82.767672 0.172453
82.894657 0.126985
83.067304 0.172647
83.239688 0.172384
83.402043 0.162355
83.534110 0.132067
83.752262 0.218152
83.878876 0.126614
84.006133 0.127257
84.188878 0.182745
84.330942 0.142064
84.538883 0.207941
84.670765 0.131882
84.823150 0.152385
84.975475 0.152325
85.158117 0.182642
85.335559 0.177442
85.382420 0.046861
85.422421 0.040001
