0.024627 0.024627
0.053364 0.028737
0.073341 0.019977
0.093410 0.020069
0.113356 0.019946
0.134297 0.020941
0.153336 0.019039
0.173347 0.020010
0.193346 0.019999
0.213349 0.020003
0.233362 0.020013
0.253356 0.019994
0.273343 0.019987
0.293364 0.020021
0.313363 0.019999
0.333390 0.020027
0.353343 0.019953
0.373383 0.020039
0.393354 0.019971
0.413391 0.020037
0.433359 0.019968
0.453353 0.019995
0.473350 0.019997
0.493392 0.020042
0.513345 0.019952
0.533352 0.020008
0.553395 0.020043
0.573323 0.019928
0.593364 0.020041
0.613391 0.020027
0.633360 0.019969
0.653381 0.020021
0.673391 0.020010
0.693352 0.019961
0.713368 0.020016
0.733332 0.019964
0.753364 0.020032
0.773362 0.019998
0.793371 0.020009
0.813364 0.019994
0.833361 0.019996
0.853364 0.020004
0.873364 0.020000
0.893365 0.020001
0.936134 0.042769
0.954781 0.018647
0.973366 0.018585
0.993365 0.019999
1.014778 0.021413
1.033364 0.018586
1.053372 0.020008
1.073364 0.019993
1.115617 0.042253
1.133620 0.018003
1.153365 0.019744
1.173370 0.020005
1.193364 0.019994
1.213362 0.019998
1.266163 0.052801
1.293357 0.027194
1.313359 0.020002
1.333360 0.020001
1.353360 0.020000
1.373360 0.020000
1.393364 0.020004
1.438967 0.045603
1.458084 0.019117
1.473364 0.015280
1.538651 0.065287
1.557142 0.018491
1.578157 0.021015
1.593365 0.015208
1.645887 0.052521
1.673359 0.027472
1.693362 0.020003
1.713363 0.020001
1.733365 0.020002
1.791568 0.058204
1.827998 0.036430
1.847120 0.019122
1.873359 0.026239
1.893360 0.020001
1.913364 0.020004
1.933363 0.019999
1.971592 0.038229
1.995899 0.024307
2.013369 0.017470
2.033361 0.019992
2.053311 0.019950
2.073362 0.020051
2.162344 0.088981
2.180550 0.018206
2.193361 0.012811
2.213321 0.019960
2.233365 0.020044
2.274364 0.040999
2.293359 0.018994
2.313361 0.020002
2.333361 0.020000
2.353364 0.020003
2.407423 0.054059
2.433357 0.025934
2.453360 0.020002
2.473361 0.020001
2.493364 0.020003
2.550329 0.056965
2.573356 0.023027
2.593360 0.020004
2.613362 0.020002
2.634641 0.021279
2.653368 0.018727
2.673371 0.020003
2.693367 0.019997
2.769361 0.075994
2.793361 0.024000
2.814443 0.021083
2.833360 0.018917
2.853310 0.019950
2.873389 0.020078
2.931082 0.057693
2.953358 0.022276
2.973361 0.020004
2.993318 0.019957
3.037445 0.044127
3.055329 0.017884
3.073370 0.018041
3.093364 0.019995
3.113363 0.019999
3.141593 0.028230
3.160019 0.018426
3.175914 0.015895
3.193362 0.017448
3.234687 0.041325
3.253359 0.018673
3.273371 0.020012
3.335377 0.062006
3.353326 0.017949
3.373363 0.020037
3.393358 0.019995
3.413364 0.020005
3.433362 0.019998
3.478749 0.045387
3.493356 0.014608
3.516427 0.023070
3.536876 0.020449
3.553359 0.016483
3.573359 0.020000
3.593364 0.020004
3.700236 0.106873
3.718661 0.018424
3.733363 0.014702
3.754070 0.020707
3.837348 0.083279
3.854637 0.017289
3.873361 0.018724
3.893363 0.020002
3.923154 0.029791
3.953359 0.030205
3.973361 0.020002
3.993363 0.020003
4.013364 0.020001
4.034725 0.021361
4.053366 0.018641
4.139573 0.086208
4.153374 0.013801
4.195599 0.042224
4.213365 0.017766
4.255550 0.042186
4.275272 0.019722
4.293657 0.018386
4.313366 0.019709
4.333364 0.019998
4.362630 0.029266
4.373555 0.010925
4.464788 0.091232
4.493361 0.028574
4.513363 0.020001
4.533366 0.020003
4.598439 0.065073
4.617437 0.018998
4.634172 0.016735
4.655100 0.020928
4.677956 0.022856
4.698274 0.020318
4.713476 0.015202
4.733362 0.019887
4.753363 0.020001
4.844626 0.091263
4.873359 0.028733
4.893361 0.020001
4.913364 0.020004
4.970306 0.056941
4.993356 0.023051
5.013314 0.019958
5.033364 0.020050
5.075593 0.042229
5.093362 0.017769
5.113358 0.019996
5.133364 0.020006
5.188374 0.055010
5.213356 0.024982
5.234817 0.021461
5.253365 0.018548
5.273363 0.019998
5.332558 0.059195
5.353356 0.020798
5.373364 0.020008
5.435552 0.062187
5.454061 0.018509
5.473359 0.019298
5.493365 0.020006
5.513364 0.019999
5.545078 0.031714
5.559593 0.014515
5.573364 0.013770
5.593360 0.019996
5.615954 0.022594
5.635587 0.019634
5.653370 0.017782
5.691570 0.038201
5.713360 0.021789
5.733359 0.019999
5.753360 0.020001
5.773364 0.020004
5.831140 0.057776
5.853357 0.022217
5.873361 0.020004
5.893363 0.020002
5.953326 0.059963
5.973363 0.020037
5.993367 0.020004
6.013360 0.019993
6.033360 0.020000
6.053319 0.019959
6.073364 0.020045
6.093361 0.019997
6.113363 0.020002
6.181685 0.068322
6.198526 0.016841
6.213379 0.014853
6.233365 0.019985
6.272529 0.039165
6.293361 0.020832
6.313372 0.020011
6.333361 0.019989
6.353360 0.019999
6.373367 0.020007
6.510633 0.137266
6.575604 0.064971
6.593357 0.017753
6.613360 0.020004
6.633364 0.020003
6.687599 0.054236
6.713356 0.025757
6.733359 0.020003
6.753364 0.020005
6.823569 0.070206
6.855945 0.032376
6.873656 0.017711
6.893359 0.019703
6.913360 0.020001
6.933364 0.020004
6.953363 0.019999
6.974920 0.021557
7.011564 0.036644
7.037114 0.025550
7.053452 0.016338
7.073366 0.019915
7.093370 0.020003
7.113364 0.019994
7.171597 0.058233
7.193357 0.021760
7.213361 0.020004
7.233363 0.020002
7.253363 0.020000
7.282847 0.029484
7.293460 0.010613
7.383581 0.090120
7.417756 0.034176
7.434314 0.016557
7.453368 0.019054
7.491931 0.038563
7.513360 0.021428
7.533362 0.020002
7.553363 0.020001
7.608751 0.055388
7.633355 0.024604
7.653360 0.020005
7.673362 0.020002
7.693365 0.020003
7.713364 0.019999
7.759462 0.046097
7.773358 0.013896
7.793366 0.020008
7.813364 0.019998
7.838138 0.024774
7.858277 0.020139
7.873365 0.015089
7.918430 0.045064
7.936118 0.017688
7.953363 0.017245
7.973364 0.020001
7.993364 0.020000
8.026718 0.033354
8.033364 0.006646
8.111596 0.078232
8.133358 0.021762
8.153364 0.020006
8.173359 0.019995
8.233653 0.060294
8.253358 0.019705
8.273366 0.020008
8.293363 0.019996
8.313362 0.019999
8.333360 0.019998
8.353364 0.020004
8.415599 0.062235
8.433357 0.017758
8.453361 0.020004
8.473360 0.019999
8.493364 0.020004
8.563595 0.070230
8.593358 0.029763
8.613361 0.020004
8.633365 0.020004
8.704017 0.070652
8.733357 0.029340
8.753361 0.020004
8.773368 0.020007
8.843596 0.070229
8.873357 0.029761
8.893370 0.020012
8.913365 0.019995
8.964140 0.050775
8.993357 0.029217
9.013359 0.020002
9.033361 0.020001
9.053366 0.020005
9.111570 0.058204
9.133357 0.021787
9.153364 0.020007
9.223597 0.070233
9.253357 0.029761
9.273361 0.020004
9.293371 0.020010
9.364967 0.071596
9.393355 0.028388
9.413360 0.020004
9.433364 0.020004
9.501772 0.068408
9.518862 0.017090
9.533366 0.014504
9.553362 0.019997
9.573364 0.020001
9.643583 0.070220
9.673356 0.029773
9.693359 0.020002
9.713360 0.020002
9.733366 0.020006
9.785690 0.052324
9.813358 0.027669
9.833359 0.020001
9.853360 0.020001
9.873364 0.020004
9.935575 0.062211
9.953357 0.017782
9.973361 0.020004
9.993366 0.020005
10.023571 0.030206
10.037063 0.013491
10.054661 0.017598
10.073370 0.018710
10.103661 0.030291
10.118662 0.015001
10.133361 0.014699
10.153367 0.020005
10.202789 0.049422
10.213492 0.010703
10.233366 0.019874
10.253364 0.019999
10.273363 0.019999
10.328249 0.054886
10.353355 0.025106
10.373359 0.020004
10.393619 0.020260
10.413363 0.019744
10.450968 0.037605
10.473355 0.022387
10.493360 0.020005
10.513359 0.019999
10.533360 0.020001
10.553367 0.020007
10.581475 0.028108
10.597641 0.016166
10.613362 0.015721
10.633364 0.020002
10.653363 0.019999
10.673362 0.019999
10.693359 0.019997
10.713359 0.020000
10.733359 0.020000
10.753361 0.020002
10.773361 0.020000
10.793364 0.020002
10.859597 0.066233
10.873364 0.013767
10.893361 0.019998
10.913362 0.020001
10.933363 0.020001
10.953365 0.020002
10.981660 0.028295
10.993709 0.012049
11.013363 0.019654
11.033360 0.019996
11.053361 0.020001
11.073360 0.019999
11.093360 0.020000
11.113368 0.020009
11.167547 0.054179
11.193356 0.025809
11.213360 0.020004
11.233361 0.020001
11.253359 0.019998
11.273368 0.020009
11.293370 0.020002
11.313362 0.019991
11.333366 0.020004
11.403616 0.070250
11.417799 0.014183
11.433438 0.015639
11.453362 0.019924
11.473362 0.020000
11.493360 0.019998
11.513313 0.019953
11.536046 0.022733
11.553360 0.017314
11.573359 0.020000
11.593364 0.020004
11.616421 0.023057
11.633363 0.016942
11.653364 0.020001
11.673360 0.019996
11.693361 0.020001
11.713360 0.020000
11.733364 0.020004
11.753363 0.019998
11.785263 0.031900
11.813358 0.028095
11.833359 0.020001
11.853363 0.020004
11.873366 0.020003
11.914374 0.041008
11.933361 0.018987
11.953361 0.020000
11.973360 0.019999
11.993360 0.019999
12.013359 0.019999
12.033308 0.019949
12.053360 0.020052
12.073359 0.019998
12.093360 0.020001
12.113363 0.020003
12.133362 0.019999
12.153362 0.020000
12.173364 0.020002
12.193360 0.019997
12.213362 0.020002
12.233361 0.019998
12.253365 0.020005
12.273358 0.019993
12.293360 0.020002
12.313362 0.020002
12.333361 0.019999
12.353366 0.020005
12.373359 0.019994
12.393360 0.020000
12.413360 0.020001
12.433361 0.020001
12.453363 0.020002
12.473360 0.019997
12.493360 0.020000
12.513360 0.020000
12.533361 0.020000
12.553360 0.019999
12.573364 0.020004
12.593365 0.020001
12.613365 0.020000
12.633365 0.020000
12.687603 0.054238
12.697012 0.009409
12.713362 0.016350
12.733362 0.020000
12.753359 0.019997
12.773365 0.020006
12.793365 0.020000
12.813366 0.020001
12.833365 0.019999
12.853364 0.019999
12.873365 0.020001
12.893360 0.019996
12.913365 0.020004
12.933365 0.020001
12.971988 0.038623
