0.095691 0.095691
0.139661 0.043970
0.168274 0.028613
0.208224 0.039949
0.273265 0.065041
0.311841 0.038577
0.332046 0.020205
0.377105 0.045059
0.408241 0.031136
0.448300 0.040059
0.488249 0.039949
0.528302 0.040053
0.568258 0.039956
0.608249 0.039991
0.648257 0.040008
0.688288 0.040031
0.728295 0.040008
0.768263 0.039968
0.808221 0.039958
0.848265 0.040044
0.888265 0.040000
0.928266 0.040000
0.968265 0.039999
1.008265 0.040000
1.048260 0.039995
1.088266 0.040006
1.131859 0.043593
1.169219 0.037360
1.216888 0.047670
1.248263 0.031374
1.288263 0.040001
1.344836 0.056573
1.368263 0.023427
1.431647 0.063383
1.473624 0.041977
1.488835 0.015211
1.553447 0.064612
1.605469 0.052022
1.663874 0.058405
1.703846 0.039972
1.744161 0.040315
1.784411 0.040250
1.824390 0.039979
1.864450 0.040060
1.892734 0.028284
1.940338 0.047604
1.978289 0.037951
2.008213 0.029923
2.059185 0.050972
2.118765 0.059580
2.128881 0.010116
2.168263 0.039382
2.211613 0.043350
2.265092 0.053478
2.305334 0.040243
2.379986 0.074652
2.408210 0.028224
2.450868 0.042659
2.528213 0.077345
2.568211 0.039998
2.608269 0.040059
2.648259 0.039989
2.688263 0.040004
2.728260 0.039997
2.780050 0.051791
2.808266 0.028215
2.848260 0.039994
2.932483 0.084223
2.968264 0.035781
3.042291 0.074028
3.088264 0.045972
3.153381 0.065117
3.186012 0.032632
3.224059 0.038047
3.261079 0.037020
3.297816 0.036737
3.328259 0.030443
3.368259 0.040000
3.408260 0.040001
3.448260 0.040000
3.488260 0.040000
3.528253 0.039993
3.568266 0.040013
3.620426 0.052159
3.659053 0.038628
3.688214 0.029160
3.758933 0.070719
3.808256 0.049323
3.848264 0.040008
3.888260 0.039996
3.928256 0.039997
3.968259 0.040002
4.031450 0.063191
4.071936 0.040487
4.088216 0.016280
4.166608 0.078392
4.248258 0.081650
4.288258 0.040000
4.328209 0.039951
4.368257 0.040048
4.408207 0.039950
4.448261 0.040054
4.501048 0.052787
4.538097 0.037048
4.568259 0.030162
4.608265 0.040006
4.648260 0.039995
4.688265 0.040006
4.728260 0.039994
4.768267 0.040008
4.808260 0.039992
4.848259 0.040000
4.888265 0.040005
4.928259 0.039995
4.968264 0.040005
5.008262 0.039998
5.048266 0.040004
5.088260 0.039994
5.128268 0.040008
5.190437 0.062170
5.249407 0.058970
5.288260 0.038852
5.328257 0.039997
5.368257 0.040000
5.408258 0.040001
5.448207 0.039950
5.488260 0.040053
5.528266 0.040006
5.568261 0.039995
5.608267 0.040007
5.663163 0.054896
5.688262 0.025100
5.728267 0.040005
5.769962 0.041695
5.856340 0.086378
5.891319 0.034979
5.928211 0.036892
5.968258 0.040046
6.008256 0.039999
6.048264 0.040008
6.088268 0.040004
6.128260 0.039992
6.168262 0.040002
6.272795 0.104533
6.340114 0.067319
6.375249 0.035135
6.408257 0.033008
6.448257 0.040000
6.488211 0.039954
6.528260 0.040049
6.568269 0.040009
6.608260 0.039992
6.649071 0.040811
6.688260 0.039189
6.741573 0.053314
6.778837 0.037264
6.808263 0.029426
6.862960 0.054697
6.888259 0.025299
6.928259 0.040000
6.980666 0.052407
7.032786 0.052120
7.095100 0.062315
7.142700 0.047599
7.173310 0.030610
7.220622 0.047312
7.257979 0.037357
7.328261 0.070282
7.368259 0.039998
7.425578 0.057319
7.448258 0.022680
7.488261 0.040002
7.544733 0.056473
7.621860 0.077126
7.656732 0.034872
7.704353 0.047622
7.787269 0.082916
7.837584 0.050314
7.905470 0.067886
7.988764 0.083294
8.049234 0.060470
8.120784 0.071550
8.188791 0.068007
8.266302 0.077512
8.288217 0.021915
8.336787 0.048570
8.400789 0.064003
8.448262 0.047473
8.516787 0.068525
8.568259 0.051472
8.616407 0.048148
8.682635 0.066228
8.756765 0.074130
8.832786 0.076021
8.888790 0.056004
8.945177 0.056387
9.029742 0.084566
9.052067 0.022324
9.104789 0.052723
9.177877 0.073088
9.222989 0.045111
9.248989 0.026000
9.315619 0.066630
9.368260 0.052641
9.444785 0.076526
9.530699 0.085913
9.586659 0.055960
9.630696 0.044038
9.648216 0.017520
9.704738 0.056522
9.728262 0.023524
9.815217 0.086955
9.864379 0.049161
9.888212 0.023834
9.959229 0.071016
10.032404 0.073175
10.048221 0.015817
10.088255 0.040034
10.146236 0.057981
10.178547 0.032311
10.208581 0.030034
10.290112 0.081531
10.329097 0.038985
10.368269 0.039172
10.408210 0.039941
10.448263 0.040053
10.488270 0.040006
10.537374 0.049104
10.576128 0.038754
10.608262 0.032134
10.676316 0.068054
10.715167 0.038851
10.730329 0.015162
10.785593 0.055264
10.894617 0.109024
10.971210 0.076594
11.008254 0.037044
11.048262 0.040007
11.088213 0.039951
11.128204 0.039991
11.168257 0.040053
11.208260 0.040003
11.248212 0.039952
11.288256 0.040044
11.328265 0.040009
11.368259 0.039994
11.408269 0.040009
11.448266 0.039998
11.488209 0.039943
11.528268 0.040059
11.568267 0.039999
11.608256 0.039989
11.648267 0.040011
11.688215 0.039948
11.728256 0.040041
