0.018818 0.018818
0.043319 0.024501
0.084998 0.041679
0.126614 0.041615
0.168311 0.041697
0.209965 0.041654
0.251632 0.041667
0.293326 0.041694
0.334954 0.041628
0.376598 0.041644
0.418281 0.041683
0.459943 0.041662
0.501664 0.041721
0.543330 0.041666
0.584992 0.041662
0.626658 0.041666
0.668325 0.041667
0.710001 0.041676
0.751663 0.041662
0.793332 0.041669
0.834959 0.041627
0.876626 0.041667
0.918295 0.041669
0.959963 0.041668
1.001629 0.041666
1.043298 0.041669
1.084963 0.041665
1.126633 0.041670
1.168297 0.041664
1.209959 0.041662
1.251626 0.041667
1.293349 0.041723
1.334963 0.041614
1.376625 0.041663
1.418296 0.041671
1.459960 0.041664
1.501630 0.041670
1.543245 0.041615
1.584958 0.041713
1.626628 0.041670
1.668297 0.041669
1.709963 0.041666
1.751629 0.041666
1.793344 0.041715
1.834967 0.041622
1.876625 0.041658
1.918296 0.041671
1.959959 0.041663
2.001628 0.041669
2.043300 0.041672
2.084965 0.041666
2.126625 0.041660
2.168295 0.041670
2.209960 0.041665
2.251627 0.041667
2.293340 0.041713
2.334963 0.041623
2.376632 0.041670
2.418293 0.041660
2.459960 0.041668
2.501632 0.041672
2.543292 0.041659
2.584959 0.041667
2.626628 0.041669
2.668293 0.041665
2.709964 0.041671
2.751625 0.041661
2.793336 0.041711
2.834965 0.041629
2.876625 0.041659
2.918244 0.041619
2.959965 0.041721
3.001633 0.041667
3.043294 0.041661
3.084961 0.041667
3.126629 0.041668
3.168297 0.041668
3.209969 0.041671
3.251632 0.041663
3.293300 0.041669
3.334965 0.041665
3.376630 0.041664
3.418295 0.041665
3.459966 0.041671
3.501628 0.041663
3.543293 0.041665
3.584961 0.041668
3.626632 0.041671
3.668295 0.041663
3.709964 0.041669
3.751630 0.041666
3.793338 0.041708
3.834966 0.041627
3.876632 0.041667
3.918299 0.041667
3.959960 0.041661
4.001629 0.041669
4.043244 0.041616
4.084959 0.041714
4.126627 0.041669
4.168294 0.041667
4.209959 0.041665
4.251626 0.041667
4.293310 0.041684
4.334959 0.041649
4.376628 0.041669
4.418302 0.041674
4.459963 0.041661
4.553651 0.093688
4.584962 0.031311
4.659424 0.074462
4.810276 0.150852
4.860595 0.050319
5.017364 0.156769
5.213361 0.195997
5.251630 0.038269
5.525049 0.273419
5.585475 0.060425
5.626629 0.041154
5.801365 0.174737
6.022253 0.220887
6.188747 0.166494
6.388427 0.199680
6.449472 0.061045
6.671784 0.222312
6.711293 0.039509
6.751630 0.040337
6.957369 0.205739
7.001628 0.044259
7.043293 0.041665
7.084965 0.041672
7.208430 0.123465
7.251627 0.043198
7.326150 0.074523
7.508344 0.182194
7.558212 0.049869
7.598823 0.040611
7.637841 0.039018
7.857364 0.219523
7.927683 0.070319
7.959960 0.032277
8.001638 0.041678
8.121380 0.119742
8.168295 0.046915
8.209962 0.041666
8.314269 0.104307
8.337691 0.023422
8.478642 0.140951
8.533375 0.054733
8.562603 0.029227
8.584964 0.022362
8.703594 0.118629
8.751628 0.048035
8.793343 0.041715
8.834972 0.041629
8.898928 0.063956
8.945365 0.046437
9.001625 0.056260
9.043302 0.041677
9.084960 0.041658
9.126629 0.041669
9.168297 0.041667
9.306136 0.137839
9.398236 0.092100
9.471828 0.073592
9.509365 0.037537
9.566787 0.057422
9.689188 0.122401
9.772918 0.083731
9.816926 0.044008
9.849744 0.032817
9.924047 0.074304
9.966621 0.042573
10.011477 0.044857
10.083579 0.072101
10.145744 0.062166
10.168299 0.022555
10.209961 0.041662
10.251585 0.041623
10.293340 0.041755
10.334961 0.041621
10.376631 0.041670
10.418300 0.041670
10.459961 0.041660
10.501628 0.041668
10.543292 0.041663
10.584960 0.041669
10.626627 0.041667
10.668294 0.041667
10.709959 0.041665
10.751628 0.041669
10.793339 0.041712
10.834961 0.041622
10.876626 0.041665
10.918247 0.041621
10.959959 0.041712
11.006224 0.046266
11.043295 0.037071
11.084962 0.041668
11.126628 0.041665
11.168298 0.041670
11.209959 0.041661
11.251628 0.041669
11.293340 0.041712
11.334963 0.041623
11.376628 0.041665
11.418297 0.041670
11.459961 0.041664
11.501628 0.041666
11.543293 0.041665
11.584963 0.041670
11.626628 0.041665
11.668245 0.041617
11.709959 0.041713
11.751628 0.041669
11.793314 0.041685
11.839931 0.046617
11.876632 0.036701
11.918296 0.041664
11.959964 0.041669
12.054196 0.094231
12.084961 0.030766
12.221366 0.136405
12.251629 0.030262
12.317362 0.065733
12.397358 0.079997
12.477439 0.080080
12.529365 0.051926
12.557369 0.028004
12.584964 0.027595
12.677374 0.092410
12.715507 0.038133
12.786384 0.070877
12.870054 0.083669
12.918296 0.048242
13.037378 0.119082
13.084962 0.047584
13.156674 0.071712
13.240703 0.084029
13.302977 0.062274
13.336990 0.034014
13.387347 0.050357
13.512064 0.124718
13.576220 0.064155
13.626628 0.050408
13.697368 0.070739
13.752057 0.054689
13.802408 0.050351
13.925364 0.122956
13.979775 0.054411
14.025970 0.046195
14.052190 0.026220
14.084964 0.032774
14.136184 0.051221
14.168297 0.032113
14.209970 0.041673
14.251625 0.041655
14.293336 0.041711
14.334965 0.041629
14.376628 0.041663
14.418298 0.041670
14.459967 0.041670
14.501638 0.041671
14.543297 0.041659
14.584958 0.041661
14.626629 0.041670
14.668243 0.041614
14.709959 0.041716
14.751628 0.041668
14.793341 0.041713
14.834960 0.041619
14.876628 0.041669
14.918292 0.041664
14.959963 0.041671
15.010897 0.050933
15.043295 0.032398
15.084958 0.041663
15.126632 0.041674
15.168295 0.041662
15.209966 0.041671
15.251626 0.041660
15.293296 0.041670
15.334965 0.041669
15.376627 0.041662
15.418294 0.041666
15.459961 0.041668
15.501633 0.041672
15.543294 0.041660
15.584961 0.041667
15.626626 0.041665
15.668295 0.041669
15.709964 0.041669
16.056953 0.346988
16.334273 0.277320
16.435358 0.101085
16.501621 0.066264
16.543293 0.041672
16.584958 0.041666
16.626632 0.041674
16.778243 0.151610
16.849368 0.071126
16.884320 0.034952
16.918298 0.033977
17.096624 0.178327
17.161364 0.064739
17.209957 0.048593
17.251631 0.041674
17.391859 0.140228
17.428435 0.036576
17.465051 0.036616
17.501633 0.036582
17.639199 0.137566
17.668294 0.029095
17.712432 0.044138
17.751633 0.039201
17.903664 0.152031
17.959962 0.056297
18.001629 0.041668
18.043302 0.041673
18.159875 0.116573
18.209962 0.050087
18.251627 0.041665
18.293349 0.041722
18.382622 0.089273
18.418897 0.036275
18.459962 0.041066
18.501627 0.041664
18.543242 0.041616
18.584963 0.041721
18.626635 0.041672
18.668296 0.041661
18.709959 0.041663
18.751629 0.041669
18.793313 0.041685
18.834966 0.041653
18.876630 0.041664
18.918292 0.041662
18.959964 0.041672
19.001633 0.041669
19.043242 0.041610
19.084962 0.041719
19.126626 0.041665
19.168248 0.041622
19.209962 0.041714
19.251629 0.041667
19.293339 0.041709
19.334963 0.041624
19.376625 0.041662
19.418301 0.041676
19.459959 0.041658
19.501631 0.041673
19.543293 0.041661
19.584962 0.041670
19.626625 0.041663
19.668248 0.041623
19.709959 0.041711
19.751627 0.041669
19.793343 0.041716
19.834963 0.041620
19.876627 0.041664
19.918297 0.041670
19.959961 0.041663
20.001628 0.041667
20.043292 0.041664
20.084964 0.041672
20.126628 0.041664
20.168293 0.041665
20.209963 0.041671
20.251629 0.041665
20.293311 0.041683
20.334961 0.041649
20.376625 0.041664
20.418245 0.041620
20.459959 0.041714
20.501626 0.041667
20.543242 0.041616
20.584960 0.041717
20.626627 0.041667
20.668295 0.041668
20.709960 0.041665
20.751627 0.041667
20.793316 0.041690
20.834963 0.041647
20.876627 0.041664
20.918293 0.041667
20.959959 0.041666
21.001626 0.041667
21.043295 0.041669
21.084959 0.041665
21.126629 0.041670
21.168292 0.041663
21.209962 0.041670
21.251625 0.041663
21.293345 0.041720
21.334962 0.041617
21.376630 0.041669
21.418243 0.041613
21.459963 0.041720
21.501626 0.041663
21.543292 0.041667
21.584961 0.041669
21.626626 0.041664
21.668245 0.041619
21.709959 0.041714
21.751630 0.041671
21.793344 0.041714
21.834963 0.041620
21.945338 0.110374
22.109694 0.164356
22.237930 0.128236
22.437367 0.199437
22.657344 0.219977
22.709961 0.052617
22.830711 0.120750
22.876626 0.045915
22.918298 0.041672
22.959962 0.041665
23.012012 0.052049
23.043297 0.031285
23.084963 0.041666
23.126626 0.041663
23.168242 0.041616
23.209961 0.041719
23.251913 0.041952
23.293343 0.041430
23.334959 0.041616
23.376629 0.041670
23.418242 0.041613
23.459965 0.041723
23.501626 0.041661
23.543242 0.041616
23.584963 0.041721
23.626633 0.041670
23.668294 0.041661
23.709962 0.041668
23.751625 0.041663
23.793315 0.041690
23.834961 0.041646
23.876631 0.041670
23.918292 0.041661
23.959966 0.041674
24.001627 0.041661
24.043296 0.041669
24.084960 0.041664
24.126632 0.041672
24.168292 0.041660
24.209963 0.041671
24.251625 0.041662
24.293346 0.041721
24.334959 0.041613
24.376629 0.041670
24.418293 0.041664
24.459962 0.041670
24.501628 0.041666
24.543297 0.041668
24.584959 0.041662
24.626629 0.041670
24.668292 0.041663
24.709963 0.041671
24.751626 0.041662
24.793340 0.041714
24.834960 0.041620
24.876628 0.041668
24.918242 0.041614
24.959961 0.041719
25.001625 0.041664
25.043300 0.041675
25.084966 0.041666
25.126625 0.041659
25.168293 0.041667
25.209959 0.041667
25.251626 0.041666
25.293308 0.041682
25.334960 0.041651
25.376626 0.041666
25.418243 0.041617
25.459962 0.041719
25.501626 0.041663
25.543254 0.041629
25.589113 0.045859
25.626632 0.037518
25.694029 0.067397
25.765363 0.071334
25.817362 0.051999
25.892658 0.075296
25.918295 0.025637
26.009362 0.091067
26.084788 0.075426
26.126630 0.041842
26.194829 0.068199
26.251623 0.056794
26.293311 0.041689
26.334958 0.041647
26.376628 0.041670
26.418295 0.041666
26.459961 0.041667
26.501625 0.041664
26.543248 0.041622
26.584958 0.041711
26.626633 0.041675
26.668242 0.041609
26.709961 0.041720
26.751626 0.041665
26.793349 0.041723
26.834959 0.041610
26.876633 0.041673
26.918292 0.041659
26.959962 0.041670
27.001625 0.041663
27.043251 0.041626
27.084964 0.041713
27.126627 0.041663
27.168292 0.041664
27.209962 0.041670
27.251625 0.041663
27.293340 0.041714
27.334961 0.041621
27.377525 0.042564
27.427027 0.049502
27.459961 0.032934
27.501579 0.041618
27.551805 0.050225
27.592930 0.041126
27.626630 0.033700
27.703549 0.076919
27.751623 0.048074
27.793348 0.041725
27.840187 0.046839
27.905347 0.065161
27.959959 0.054611
28.001628 0.041669
28.043297 0.041669
28.118683 0.075386
28.175239 0.056556
28.213718 0.038479
28.251632 0.037914
28.294308 0.042675
28.334964 0.040657
28.376630 0.041666
28.418296 0.041666
28.459959 0.041663
28.501632 0.041673
28.543292 0.041660
28.645372 0.102079
28.785337 0.139965
28.881702 0.096365
28.967997 0.086296
29.052784 0.084787
29.159169 0.106385
29.233333 0.074164
29.313378 0.080045
29.409130 0.095752
29.495859 0.086730
29.589337 0.093477
29.701364 0.112027
29.787037 0.085673
29.852484 0.065447
29.945366 0.092883
30.051215 0.105849
30.113369 0.062154
30.189452 0.076083
30.251627 0.062175
30.337851 0.086224
30.376629 0.038778
30.439464 0.062834
30.501624 0.062160
30.543294 0.041670
30.584958 0.041664
30.626628 0.041670
30.668292 0.041664
30.718487 0.050195
30.751629 0.033142
30.793317 0.041688
30.834961 0.041644
30.876633 0.041672
30.918294 0.041661
30.959964 0.041670
31.001626 0.041663
31.043295 0.041668
31.084961 0.041666
31.126637 0.041677
31.171841 0.045204
31.209962 0.038120
31.251625 0.041663
31.293342 0.041717
31.334959 0.041617
31.376628 0.041669
31.418243 0.041615
31.459966 0.041723
31.501625 0.041660
31.543297 0.041671
31.584958 0.041661
31.626631 0.041673
31.668292 0.041662
31.709961 0.041668
31.751627 0.041666
31.793343 0.041717
31.834958 0.041615
31.876629 0.041670
31.918242 0.041613
31.959964 0.041722
32.001625 0.041661
32.043247 0.041622
32.084960 0.041713
32.126629 0.041668
32.168292 0.041664
32.209964 0.041672
32.251625 0.041661
32.293315 0.041690
32.334959 0.041643
32.376630 0.041671
32.418292 0.041662
32.459964 0.041672
32.501625 0.041661
32.543296 0.041671
32.584959 0.041663
32.626626 0.041667
32.668292 0.041666
32.709961 0.041669
32.751624 0.041664
32.793291 0.041667
32.834959 0.041668
32.876630 0.041671
32.918295 0.041666
32.959958 0.041662
33.001632 0.041675
33.043292 0.041660
33.084963 0.041671
33.126631 0.041668
33.168292 0.041662
33.209962 0.041670
33.251626 0.041664
33.293316 0.041690
33.334958 0.041643
33.376629 0.041670
33.418298 0.041670
33.459959 0.041661
33.501627 0.041668
33.543293 0.041666
33.584963 0.041670
33.626628 0.041664
33.668292 0.041665
33.709963 0.041671
33.751631 0.041667
33.793340 0.041710
33.834959 0.041618
33.876629 0.041670
33.918293 0.041665
33.959960 0.041666
34.001633 0.041673
34.043299 0.041666
34.084961 0.041662
34.126627 0.041666
34.168292 0.041666
34.209960 0.041668
34.251626 0.041666
34.293345 0.041719
34.334960 0.041615
34.376627 0.041667
34.418292 0.041665
34.459963 0.041671
34.501626 0.041663
34.543297 0.041671
34.584964 0.041667
34.626632 0.041668
34.668299 0.041666
34.709962 0.041663
34.751630 0.041668
34.813364 0.061734
34.901367 0.088004
34.989337 0.087969
35.057365 0.068028
35.099688 0.042323
35.162111 0.062422
35.209965 0.047855
35.251582 0.041616
35.293340 0.041759
35.345335 0.051995
35.376625 0.031290
35.418253 0.041628
35.459961 0.041708
35.501644 0.041683
35.543299 0.041655
35.584966 0.041667
35.626627 0.041661
35.668294 0.041667
35.709959 0.041665
35.762209 0.052250
35.793339 0.031130
35.834962 0.041623
35.876631 0.041669
35.976173 0.099542
36.077365 0.101192
36.126638 0.049273
36.174256 0.047618
36.273364 0.099107
36.328140 0.054776
36.376629 0.048489
36.557366 0.180737
36.655583 0.098217
36.765324 0.109741
36.793345 0.028022
36.953360 0.160015
37.021428 0.068068
37.069363 0.047935
37.113362 0.043998
37.248000 0.134639
37.309363 0.061362
37.349730 0.040368
37.395933 0.046202
37.521015 0.125083
37.597389 0.076374
37.641353 0.043964
37.681338 0.039985
37.808306 0.126968
37.869363 0.061057
37.918296 0.048933
37.959963 0.041668
38.021232 0.061269
38.086450 0.065218
38.126691 0.040241
38.168300 0.041609
38.258198 0.089898
38.297393 0.039196
38.334958 0.037565
38.376625 0.041667
38.418293 0.041668
38.459962 0.041669
38.501630 0.041668
38.543242 0.041612
38.584962 0.041720
38.626632 0.041670
38.668292 0.041659
38.715981 0.047689
38.751627 0.035647
38.793347 0.041719
38.834963 0.041616
38.876628 0.041665
38.918296 0.041669
38.959960 0.041664
39.001629 0.041669
39.043296 0.041668
39.084964 0.041668
39.126626 0.041662
39.168296 0.041670
39.209960 0.041664
39.273336 0.063377
39.334963 0.061626
39.396745 0.061783
39.459958 0.063212
39.501626 0.041668
39.543294 0.041668
39.584958 0.041665
39.626628 0.041669
39.668295 0.041667
39.709964 0.041670
39.751625 0.041661
39.793338 0.041712
39.834959 0.041622
39.876628 0.041668
39.918243 0.041615
39.959962 0.041719
40.001629 0.041667
40.043246 0.041617
40.084959 0.041713
40.126630 0.041671
40.168296 0.041666
40.209961 0.041665
40.251626 0.041664
40.293316 0.041690
40.334962 0.041646
40.376629 0.041668
40.418296 0.041666
40.459967 0.041671
40.501626 0.041659
40.543298 0.041671
40.584959 0.041661
40.626630 0.041671
40.668293 0.041663
40.709960 0.041667
40.751626 0.041665
40.793341 0.041715
40.834962 0.041621
40.876626 0.041664
40.918296 0.041670
40.959967 0.041671
41.001626 0.041659
41.043298 0.041672
41.084968 0.041670
41.126630 0.041663
41.168294 0.041663
41.209962 0.041668
41.251582 0.041620
41.293313 0.041731
41.334964 0.041651
41.376626 0.041663
41.422341 0.045715
41.459962 0.037621
41.501629 0.041667
41.543292 0.041663
41.584968 0.041676
41.626629 0.041660
41.668296 0.041667
41.709961 0.041665
41.751635 0.041674
41.794069 0.042435
41.834962 0.040893
41.876628 0.041666
41.918300 0.041672
41.959960 0.041660
42.001633 0.041673
42.043293 0.041660
42.084966 0.041673
42.126629 0.041663
42.168296 0.041667
42.209959 0.041663
42.251630 0.041672
42.293313 0.041683
42.334963 0.041649
42.376627 0.041664
42.418296 0.041670
42.459961 0.041665
42.501634 0.041673
42.543245 0.041611
42.587291 0.044047
42.626632 0.039341
42.668297 0.041665
42.709961 0.041664
42.751626 0.041665
42.795121 0.043495
42.834964 0.039843
42.876628 0.041664
42.918297 0.041669
42.959961 0.041664
43.001631 0.041670
43.043295 0.041664
43.084962 0.041667
43.126626 0.041663
43.168297 0.041672
43.209961 0.041664
43.251629 0.041668
43.301882 0.050253
43.334968 0.033086
43.376628 0.041660
43.418248 0.041619
43.459962 0.041714
43.501631 0.041669
43.543295 0.041664
43.584964 0.041669
43.626626 0.041662
43.668295 0.041669
43.709960 0.041664
43.751585 0.041625
43.793337 0.041753
43.834962 0.041624
43.876629 0.041668
43.918293 0.041663
43.959966 0.041674
44.001634 0.041668
44.043244 0.041610
44.084961 0.041717
44.135246 0.050285
44.170533 0.035287
44.209963 0.039430
44.251625 0.041663
44.293343 0.041717
44.334960 0.041617
44.376633 0.041673
44.418245 0.041612
44.459965 0.041720
44.501629 0.041664
44.550202 0.048574
44.584963 0.034760
44.626626 0.041663
44.668245 0.041619
44.714264 0.046019
44.751625 0.037361
44.793341 0.041716
44.834964 0.041623
44.890601 0.055637
44.918298 0.027697
44.959962 0.041664
45.001625 0.041664
45.043242 0.041617
45.084962 0.041719
45.126630 0.041668
45.168294 0.041665
45.209960 0.041666
45.251630 0.041670
45.293337 0.041707
45.334966 0.041629
45.376625 0.041659
45.418296 0.041670
45.459959 0.041663
45.501628 0.041669
45.543242 0.041614
45.584965 0.041723
45.642135 0.057170
45.668295 0.026159
45.709963 0.041668
45.751625 0.041663
45.801425 0.049800
45.834959 0.033533
45.876628 0.041670
45.918294 0.041666
45.959962 0.041668
46.001626 0.041663
46.043245 0.041619
46.084959 0.041715
46.126630 0.041671
46.168292 0.041662
46.209962 0.041670
46.251625 0.041663
46.293350 0.041725
46.334961 0.041611
46.376627 0.041665
46.418293 0.041666
46.459962 0.041669
46.501629 0.041667
46.543292 0.041663
46.584962 0.041669
46.626626 0.041664
46.668245 0.041619
46.709960 0.041715
46.751583 0.041623
46.793337 0.041754
46.834966 0.041629
46.876626 0.041661
46.918247 0.041620
46.959962 0.041715
47.001629 0.041667
47.043292 0.041663
47.084962 0.041670
47.126625 0.041663
47.168255 0.041630
47.209959 0.041704
47.251630 0.041671
47.293340 0.041711
47.334967 0.041627
47.376626 0.041659
47.418292 0.041666
47.459960 0.041668
47.501630 0.041670
47.543293 0.041663
47.584960 0.041667
47.626629 0.041669
47.668294 0.041665
47.709965 0.041671
47.751629 0.041664
47.793339 0.041710
47.834967 0.041628
47.877431 0.042464
47.918393 0.040962
47.959962 0.041569
48.001631 0.041669
48.064042 0.062411
48.116664 0.052622
48.168312 0.051648
48.214566 0.046254
48.291810 0.077244
48.364734 0.072924
48.418294 0.053560
48.459963 0.041669
48.511574 0.051611
48.543242 0.031669
48.584958 0.041716
48.626635 0.041677
48.668299 0.041664
48.709960 0.041661
48.751627 0.041667
48.793339 0.041712
48.834968 0.041628
48.876626 0.041658
48.918297 0.041671
48.959960 0.041664
49.001630 0.041670
49.043292 0.041662
49.084963 0.041671
49.126627 0.041663
49.168295 0.041669
49.209961 0.041666
49.251626 0.041665
49.293310 0.041684
49.334962 0.041652
49.376626 0.041665
49.418298 0.041672
49.459961 0.041663
49.501586 0.041625
49.543292 0.041706
49.584963 0.041671
49.626628 0.041665
49.668299 0.041672
49.709961 0.041661
49.751634 0.041674
49.793351 0.041717
49.836640 0.043289
49.876627 0.039986
49.918244 0.041617
49.959958 0.041714
50.001626 0.041668
50.043299 0.041673
50.084962 0.041663
50.126626 0.041665
50.168295 0.041669
50.209964 0.041669
50.251626 0.041662
50.293345 0.041718
50.334961 0.041616
50.376628 0.041667
50.418297 0.041669
50.459962 0.041664
50.501579 0.041617
50.543293 0.041714
50.584959 0.041666
50.626626 0.041667
50.668293 0.041667
50.709960 0.041667
50.751625 0.041665
50.793309 0.041684
50.834959 0.041650
50.876630 0.041671
50.918294 0.041664
50.959962 0.041669
51.001625 0.041663
51.043294 0.041668
51.084959 0.041665
51.126628 0.041669
51.168242 0.041614
51.209960 0.041718
51.251626 0.041666
51.293346 0.041719
51.334962 0.041616
51.376632 0.041671
51.418302 0.041669
51.459963 0.041661
51.501629 0.041666
51.543295 0.041667
51.595257 0.051962
51.630513 0.035256
51.668300 0.037787
51.709966 0.041666
51.751636 0.041670
51.793348 0.041713
51.834963 0.041615
51.885731 0.050767
51.918245 0.032515
51.959961 0.041716
52.001627 0.041666
52.043293 0.041666
52.084960 0.041667
52.126631 0.041671
52.168292 0.041661
52.209961 0.041669
52.251627 0.041666
52.293317 0.041691
52.334961 0.041643
52.376629 0.041668
52.418292 0.041664
52.459964 0.041672
52.501628 0.041664
52.543251 0.041623
52.584958 0.041708
52.626633 0.041674
52.668299 0.041666
52.709959 0.041660
52.751628 0.041669
52.793345 0.041717
52.834963 0.041618
52.876627 0.041664
52.918296 0.041670
52.959960 0.041663
53.001633 0.041673
53.048036 0.046403
53.084961 0.036924
53.126627 0.041666
53.168294 0.041667
53.209959 0.041665
53.251630 0.041671
53.293314 0.041684
53.334965 0.041651
53.376627 0.041662
53.418294 0.041667
53.459961 0.041667
53.501625 0.041664
53.543248 0.041622
53.584966 0.041718
53.626625 0.041659
53.668292 0.041667
53.709958 0.041666
53.751628 0.041670
53.793312 0.041684
53.834958 0.041646
53.876626 0.041667
53.918294 0.041668
53.959960 0.041667
54.001629 0.041669
54.043295 0.041666
54.084963 0.041668
54.126628 0.041666
54.177900 0.051272
54.209961 0.032060
54.251635 0.041674
54.293345 0.041710
54.344638 0.051293
54.395450 0.050812
54.438713 0.043263
54.482276 0.043564
54.501631 0.019354
54.577336 0.075706
54.626624 0.049288
54.670949 0.044325
54.709965 0.039016
54.751630 0.041666
54.793308 0.041677
54.834965 0.041657
54.876626 0.041661
54.918244 0.041618
54.967373 0.049129
55.001632 0.034260
55.043296 0.041664
55.084963 0.041667
55.126634 0.041671
55.177061 0.050427
55.209964 0.032902
55.251628 0.041665
55.293349 0.041720
55.334964 0.041615
55.376625 0.041661
55.418297 0.041672
55.459960 0.041663
55.501625 0.041665
55.543300 0.041675
55.584958 0.041658
55.626628 0.041669
55.668294 0.041666
55.709965 0.041671
55.751627 0.041661
55.793339 0.041713
55.834963 0.041624
55.876631 0.041668
55.918295 0.041663
55.959959 0.041664
56.001630 0.041671
56.043295 0.041665
56.084967 0.041672
56.126631 0.041665
56.168293 0.041661
56.209967 0.041675
56.251629 0.041661
56.293341 0.041712
56.334961 0.041620
56.376627 0.041665
56.418294 0.041668
56.459960 0.041666
56.501628 0.041668
56.543243 0.041616
56.584965 0.041722
56.626631 0.041667
56.668296 0.041665
56.709965 0.041669
56.751628 0.041663
56.793341 0.041713
56.834959 0.041618
56.876630 0.041671
56.918296 0.041666
56.959960 0.041664
57.001628 0.041668
57.043298 0.041670
57.084960 0.041662
57.126632 0.041672
57.168245 0.041613
57.209960 0.041715
57.251629 0.041669
57.293310 0.041682
57.334962 0.041652
57.376628 0.041666
57.418292 0.041664
57.459960 0.041668
57.501628 0.041668
57.543294 0.041667
57.584960 0.041666
57.626631 0.041671
57.668292 0.041661
57.709964 0.041671
57.751626 0.041662
57.793316 0.041691
57.834960 0.041643
57.876632 0.041672
57.918293 0.041662
57.959960 0.041666
58.001626 0.041667
58.043297 0.041671
58.084960 0.041663
58.126631 0.041671
58.168293 0.041662
58.209964 0.041671
58.251626 0.041662
58.293341 0.041715
58.334961 0.041621
58.376630 0.041669
58.418296 0.041666
58.459962 0.041666
58.501628 0.041667
58.543298 0.041670
58.584964 0.041666
58.626628 0.041664
58.713443 0.086815
58.765341 0.051898
58.794247 0.028905
58.883007 0.088760
58.918294 0.035287
58.959964 0.041670
59.003977 0.044012
59.054151 0.050174
59.094796 0.040645
59.134180 0.039385
59.168294 0.034114
59.209961 0.041667
59.252953 0.042991
59.293352 0.040400
59.334960 0.041607
59.376626 0.041666
59.418245 0.041619
59.461186 0.042941
59.501625 0.040439
59.543296 0.041671
59.584961 0.041665
59.626628 0.041667
59.668294 0.041666
59.709962 0.041668
59.751625 0.041663
59.793314 0.041689
59.834962 0.041648
59.876633 0.041671
59.918243 0.041610
59.959960 0.041717
60.001626 0.041666
60.043300 0.041674
60.084958 0.041658
60.126629 0.041671
60.168295 0.041666
60.209966 0.041671
60.251626 0.041659
60.293341 0.041715
60.334960 0.041619
60.376628 0.041668
60.418295 0.041667
60.459962 0.041667
60.501625 0.041663
60.543296 0.041671
60.584961 0.041665
60.626633 0.041672
60.668242 0.041609
60.709961 0.041719
60.751628 0.041667
60.793313 0.041685
60.834959 0.041646
60.876630 0.041671
60.918294 0.041664
60.959962 0.041668
61.001625 0.041664
61.043292 0.041667
61.084958 0.041666
61.126629 0.041670
61.168247 0.041619
61.209961 0.041713
61.251575 0.041615
61.293341 0.041766
61.334967 0.041626
61.460246 0.125278
61.501623 0.041377
61.543243 0.041620
61.584961 0.041718
61.633117 0.048156
61.668292 0.035175
61.709962 0.041670
61.751631 0.041669
61.800470 0.048839
61.834962 0.034493
61.876625 0.041663
61.918299 0.041674
61.959966 0.041668
62.001628 0.041661
62.043292 0.041665
62.084961 0.041669
62.126628 0.041667
62.168293 0.041665
62.209962 0.041669
62.251625 0.041663
62.293341 0.041716
62.334960 0.041620
62.376628 0.041668
62.418244 0.041615
62.462494 0.044251
62.501628 0.039134
62.543294 0.041665
62.584959 0.041666
62.626632 0.041673
62.668295 0.041663
62.709963 0.041668
62.751626 0.041663
62.793313 0.041688
62.834964 0.041650
62.876629 0.041665
62.918244 0.041615
62.959966 0.041721
63.002568 0.042603
63.043296 0.040728
63.084959 0.041662
63.126632 0.041674
63.168295 0.041663
63.209962 0.041667
63.251625 0.041663
63.293342 0.041717
63.334963 0.041621
63.376626 0.041663
63.418246 0.041620
63.459960 0.041714
63.501626 0.041666
63.543294 0.041668
63.584959 0.041665
63.626628 0.041669
63.668300 0.041672
63.709963 0.041663
63.769391 0.059428
63.793349 0.023958
63.834962 0.041613
63.909707 0.074745
63.959962 0.050255
64.001630 0.041667
64.043295 0.041665
64.084963 0.041668
64.133366 0.048402
64.168305 0.034939
64.218869 0.050564
64.251631 0.032762
64.293343 0.041712
64.334965 0.041622
64.383694 0.048729
64.418295 0.034601
64.459982 0.041687
64.505339 0.045356
64.543305 0.037966
64.586314 0.043009
64.626629 0.040315
64.668295 0.041666
64.718230 0.049936
64.751629 0.033399
64.793318 0.041689
64.841900 0.048582
64.876625 0.034725
64.918252 0.041626
64.959961 0.041709
65.001629 0.041669
65.043294 0.041665
65.084961 0.041668
65.126628 0.041666
65.168296 0.041669
65.209960 0.041664
65.251633 0.041673
65.296115 0.044482
65.334968 0.038853
65.376628 0.041660
65.418294 0.041666
65.459960 0.041667
65.501626 0.041666
65.543295 0.041668
65.584960 0.041665
65.626633 0.041673
65.668245 0.041611
65.709966 0.041722
65.751625 0.041659
65.793312 0.041686
65.834959 0.041648
65.876628 0.041669
65.918299 0.041671
65.959960 0.041661
66.001630 0.041670
66.047756 0.046127
66.084970 0.037214
66.126631 0.041661
66.168297 0.041666
66.226738 0.058441
66.297365 0.070627
66.334962 0.037597
66.385360 0.050398
66.418297 0.032938
66.505686 0.087389
66.552558 0.046872
66.589374 0.036815
66.634265 0.044891
66.668303 0.034038
66.709962 0.041659
66.751628 0.041666
66.793312 0.041684
66.834963 0.041650
66.879150 0.044187
66.934751 0.055602
66.962137 0.027386
67.012512 0.050375
67.057367 0.044854
67.084961 0.027595
67.129335 0.044374
67.168297 0.038962
67.209964 0.041666
67.251630 0.041666
67.307143 0.055514
67.341063 0.033919
67.405342 0.064279
67.460031 0.054690
67.501637 0.041606
67.551335 0.049698
67.584967 0.033633
67.631477 0.046509
67.668292 0.036816
67.709962 0.041669
67.751578 0.041617
67.793342 0.041764
67.834968 0.041625
67.876627 0.041659
67.918296 0.041669
67.959961 0.041664
68.001634 0.041673
68.044371 0.042737
68.084959 0.040588
68.126629 0.041670
68.173371 0.046742
68.212565 0.039195
68.251630 0.039065
68.293341 0.041711
68.334960 0.041619
68.376632 0.041672
68.543393 0.166761
68.665332 0.121938
68.749314 0.083982
68.793309 0.043995
68.843127 0.049818
68.876631 0.033503
68.926825 0.050195
68.961552 0.034727
69.001634 0.040082
69.043296 0.041661
69.109366 0.066070
69.168297 0.058932
69.209967 0.041669
69.251628 0.041661
69.293329 0.041702
69.334971 0.041641
69.376591 0.041621
69.418293 0.041702
69.460254 0.041961
69.501628 0.041373
69.543250 0.041622
69.584965 0.041715
69.626633 0.041668
69.668295 0.041662
69.709959 0.041664
69.751629 0.041670
69.795499 0.043870
69.834962 0.039462
69.876633 0.041671
69.918294 0.041662
69.959966 0.041671
70.001630 0.041664
70.043297 0.041667
70.084958 0.041661
70.126631 0.041673
70.168292 0.041661
70.209966 0.041673
70.251626 0.041660
70.293294 0.041668
70.347510 0.054216
70.376628 0.029118
70.418246 0.041618
70.459961 0.041715
70.501629 0.041668
70.543296 0.041667
70.584964 0.041668
70.626638 0.041674
70.668301 0.041663
70.709959 0.041658
70.751634 0.041675
70.793342 0.041708
70.834966 0.041624
70.876628 0.041662
70.918254 0.041626
70.959960 0.041707
71.001628 0.041667
71.043293 0.041665
71.084963 0.041670
71.126628 0.041665
71.168295 0.041667
71.209960 0.041664
71.251634 0.041674
71.293339 0.041705
71.334962 0.041623
71.376626 0.041664
71.418297 0.041672
71.459961 0.041664
71.501630 0.041668
71.543293 0.041664
71.584964 0.041670
71.632881 0.047917
71.668295 0.035415
71.722175 0.053880
71.751639 0.029464
71.793309 0.041670
71.834962 0.041653
71.876628 0.041666
71.918297 0.041669
71.959958 0.041662
72.001626 0.041667
72.043292 0.041667
72.084960 0.041668
72.126626 0.041666
72.168296 0.041670
72.209959 0.041663
72.251635 0.041676
72.293337 0.041702
72.334967 0.041630
72.376628 0.041661
72.418243 0.041615
72.459960 0.041716
72.501630 0.041671
72.543293 0.041663
72.584963 0.041670
72.626625 0.041662
72.668297 0.041672
72.709958 0.041661
72.751625 0.041667
72.793343 0.041718
72.834959 0.041616
72.876627 0.041668
72.918293 0.041666
72.959960 0.041667
73.001626 0.041666
73.043563 0.041937
73.086173 0.042610
73.126584 0.040411
73.168293 0.041709
73.209967 0.041674
73.251638 0.041671
73.295194 0.043556
73.338548 0.043354
73.376631 0.038083
73.444006 0.067375
73.499315 0.055308
73.543296 0.043981
73.602757 0.059461
73.635859 0.033102
73.674046 0.038187
73.709959 0.035913
73.751633 0.041675
73.793310 0.041677
73.834959 0.041649
73.876630 0.041671
73.918295 0.041665
73.959961 0.041667
74.001625 0.041664
74.043295 0.041671
74.084958 0.041663
74.126632 0.041674
74.168294 0.041662
74.209963 0.041669
74.251625 0.041662
74.293338 0.041713
74.334960 0.041622
74.376628 0.041668
74.418292 0.041664
74.459963 0.041671
74.501628 0.041665
74.543295 0.041667
74.584959 0.041664
74.626627 0.041668
74.668242 0.041615
74.709962 0.041720
74.751628 0.041666
74.793346 0.041718
74.834963 0.041617
74.876626 0.041663
74.918293 0.041667
74.959958 0.041665
75.001632 0.041673
75.043294 0.041663
75.084963 0.041669
75.126627 0.041664
75.168294 0.041667
75.209961 0.041667
75.251629 0.041668
75.293343 0.041714
75.334968 0.041625
75.376626 0.041658
75.418254 0.041628
75.459965 0.041711
75.509362 0.049397
75.562191 0.052830
75.591062 0.028871
75.626628 0.035566
75.674477 0.047849
75.713352 0.038875
75.751629 0.038277
75.793341 0.041712
75.834962 0.041620
75.876628 0.041667
75.918267 0.041639
75.959960 0.041693
76.001580 0.041619
76.043245 0.041665
76.084961 0.041716
76.126625 0.041664
76.168293 0.041668
76.209958 0.041665
76.251628 0.041671
76.293312 0.041684
76.334964 0.041652
76.376628 0.041663
76.418293 0.041665
76.459958 0.041666
76.501628 0.041670
76.543297 0.041669
76.584962 0.041665
76.626628 0.041667
76.668245 0.041617
76.709960 0.041715
76.751627 0.041667
76.793314 0.041687
76.834963 0.041648
76.876634 0.041671
76.918243 0.041609
76.959964 0.041721
77.001628 0.041664
77.049677 0.048049
77.084960 0.035283
77.126629 0.041669
77.168297 0.041668
77.209961 0.041665
77.251627 0.041666
77.293312 0.041685
77.334968 0.041656
77.376625 0.041658
77.418246 0.041621
77.459959 0.041713
77.501585 0.041626
77.543294 0.041709
77.584962 0.041668
77.626626 0.041664
77.668294 0.041668
77.709959 0.041665
77.751627 0.041668
77.793341 0.041714
77.834962 0.041621
77.876628 0.041666
77.918294 0.041666
77.959961 0.041666
78.001625 0.041665
78.043297 0.041672
78.084960 0.041663
78.126630 0.041670
78.168293 0.041664
78.209960 0.041667
78.251631 0.041671
78.293319 0.041688
78.334958 0.041639
78.376628 0.041670
78.418244 0.041616
78.459962 0.041719
78.501625 0.041663
78.543297 0.041672
78.584961 0.041664
78.626626 0.041665
78.668292 0.041666
78.709962 0.041670
78.751627 0.041665
78.793343 0.041716
78.834959 0.041616
78.876629 0.041670
78.918294 0.041665
78.959965 0.041671
79.001630 0.041665
79.043296 0.041666
79.094514 0.051219
79.126629 0.032115
79.168299 0.041670
79.209966 0.041667
79.251628 0.041662
79.293343 0.041715
79.334966 0.041622
79.376628 0.041662
79.418293 0.041665
79.459962 0.041669
79.501633 0.041671
79.543243 0.041611
79.584961 0.041718
79.626626 0.041664
79.668295 0.041669
79.709959 0.041664
79.751628 0.041669
79.793309 0.041681
79.837316 0.044007
79.876627 0.039311
79.918292 0.041665
79.959961 0.041668
80.001633 0.041672
80.043244 0.041611
80.084959 0.041715
80.126630 0.041671
80.168294 0.041664
80.209967 0.041672
80.251630 0.041663
80.293314 0.041684
80.334962 0.041649
80.376625 0.041663
80.418242 0.041617
80.459958 0.041716
80.501575 0.041617
80.543296 0.041720
80.584959 0.041663
80.626629 0.041670
80.668292 0.041663
80.709962 0.041670
80.751627 0.041664
80.793347 0.041720
80.834961 0.041614
80.876629 0.041668
80.918295 0.041666
80.959966 0.041670
81.005343 0.045378
81.043295 0.037951
81.084962 0.041667
81.126633 0.041672
81.168295 0.041662
81.209962 0.041667
81.253184 0.043222
81.293354 0.040170
81.334969 0.041615
81.376628 0.041659
81.418298 0.041670
81.459963 0.041665
81.501628 0.041665
81.543300 0.041673
81.584961 0.041661
81.626628 0.041667
81.668295 0.041666
81.709964 0.041669
81.751626 0.041662
81.793346 0.041719
81.834959 0.041613
81.876629 0.041670
81.918244 0.041615
81.959967 0.041723
82.001629 0.041662
82.043292 0.041663
82.084962 0.041670
82.126628 0.041666
82.168296 0.041669
82.209962 0.041666
82.251625 0.041663
82.293346 0.041721
82.334962 0.041616
82.376627 0.041664
82.418242 0.041615
82.459968 0.041726
82.504181 0.044213
82.543301 0.039121
82.584959 0.041658
82.626633 0.041674
82.668293 0.041660
82.709967 0.041674
82.751626 0.041659
82.793341 0.041714
82.834968 0.041627
82.876626 0.041659
82.918296 0.041670
82.959965 0.041669
83.001635 0.041670
83.043295 0.041660
83.084961 0.041667
83.126632 0.041670
83.168576 0.041944
83.209960 0.041384
83.251627 0.041667
83.293341 0.041713
83.334968 0.041627
83.376625 0.041657
83.418296 0.041671
83.459962 0.041666
83.501635 0.041673
83.543246 0.041611
83.584965 0.041720
83.626629 0.041664
83.668295 0.041666
83.709962 0.041668
83.751632 0.041669
83.793340 0.041709
83.834961 0.041621
83.876631 0.041669
83.918300 0.041670
83.959961 0.041661
84.001625 0.041664
84.043296 0.041671
84.084964 0.041668
84.126626 0.041662
84.168243 0.041616
84.209963 0.041720
84.251631 0.041668
84.293315 0.041685
84.334960 0.041644
84.376634 0.041674
84.429366 0.052732
84.459959 0.030593
84.501627 0.041668
84.543294 0.041668
84.584961 0.041666
84.626626 0.041665
84.668244 0.041618
84.709961 0.041717
84.751634 0.041673
84.793289 0.041655
84.834960 0.041671
84.876626 0.041666
84.918247 0.041621
84.959960 0.041713
85.001576 0.041616
85.043292 0.041716
85.084961 0.041669
85.126625 0.041664
85.168296 0.041670
85.209962 0.041666
85.251627 0.041665
85.293313 0.041686
85.334959 0.041646
85.376630 0.041670
85.418293 0.041664
85.459962 0.041669
85.501626 0.041664
85.543297 0.041671
85.584959 0.041662
85.626631 0.041672
85.668243 0.041612
85.709965 0.041722
85.751626 0.041662
85.793314 0.041687
85.834963 0.041649
85.876630 0.041667
85.918293 0.041663
85.959963 0.041670
86.001626 0.041664
86.043297 0.041671
86.084959 0.041662
86.126626 0.041668
86.168297 0.041670
86.209959 0.041662
86.251629 0.041670
86.293309 0.041680
86.334965 0.041656
86.376629 0.041665
86.418297 0.041668
86.501338 0.083041
86.562892 0.061553
86.614842 0.051951
86.689365 0.074522
86.780896 0.091532
86.857366 0.076470
86.969157 0.111791
87.009184 0.040027
87.090946 0.081762
87.162993 0.072048
87.245089 0.082095
87.321377 0.076289
87.409367 0.087990
87.500179 0.090812
87.565363 0.065184
87.653324 0.087961
87.746008 0.092684
87.806974 0.060966
87.879692 0.072718
87.949369 0.069677
88.045364 0.095995
88.136969 0.091605
88.206031 0.069062
88.307901 0.101870
88.377366 0.069464
88.469335 0.091969
88.541045 0.071710
88.612975 0.071930
88.681342 0.068367
88.761363 0.080022
88.793340 0.031976
88.842005 0.048665
88.881302 0.039297
88.918292 0.036989
88.959961 0.041669
89.001625 0.041664
89.043295 0.041670
89.084959 0.041664
89.126627 0.041668
89.168297 0.041670
89.209966 0.041669
89.252119 0.042153
89.293346 0.041227
89.334962 0.041616
89.376629 0.041667
89.418297 0.041668
89.460587 0.042290
89.501580 0.040994
89.543250 0.041670
89.588148 0.044898
89.633364 0.045215
89.668299 0.034935
89.709962 0.041663
89.773650 0.063688
89.815664 0.042014
89.837324 0.021660
89.876636 0.039312
89.918297 0.041661
89.970837 0.052540
90.001628 0.030791
90.043305 0.041677
90.084961 0.041655
90.126632 0.041672
90.168294 0.041662
90.209964 0.041669
90.251633 0.041670
90.293344 0.041711
90.339115 0.045771
90.388014 0.048899
90.418299 0.030285
90.505368 0.087069
90.557782 0.052415
90.584963 0.027181
90.694366 0.109403
90.765365 0.070999
90.805367 0.040002
90.834962 0.029595
90.941366 0.106404
90.994044 0.052678
91.049357 0.055313
91.084963 0.035606
91.157366 0.072403
91.209963 0.052597
91.293493 0.083530
91.334962 0.041469
91.385347 0.050386
91.418254 0.032907
91.497339 0.079086
91.564189 0.066849
91.589120 0.024931
91.626630 0.037510
91.668291 0.041661
91.709965 0.041674
91.786552 0.076588
91.853156 0.066604
91.876625 0.023469
91.918293 0.041668
91.960784 0.042491
92.001631 0.040847
92.043296 0.041666
92.084962 0.041665
92.126632 0.041671
92.168294 0.041662
92.209962 0.041668
92.251635 0.041672
92.293343 0.041709
92.334960 0.041617
92.376628 0.041668
92.418295 0.041667
92.459961 0.041666
92.501625 0.041664
92.543293 0.041668
92.584959 0.041666
92.626628 0.041669
92.668293 0.041665
92.709960 0.041667
92.751626 0.041667
92.793340 0.041714
92.834958 0.041618
92.876629 0.041671
92.918256 0.041627
92.959967 0.041711
93.024059 0.064092
93.084957 0.060899
93.126628 0.041670
93.168293 0.041665
93.209959 0.041666
93.251631 0.041672
93.293315 0.041684
93.334961 0.041645
93.376626 0.041665
93.418298 0.041673
93.459959 0.041661
93.501627 0.041668
93.543294 0.041667
93.584964 0.041669
93.626631 0.041667
93.668294 0.041664
93.709958 0.041664
93.751629 0.041671
93.793338 0.041709
93.834958 0.041620
93.876628 0.041670
93.918298 0.041670
93.959963 0.041665
94.005194 0.045231
94.043275 0.038081
94.084960 0.041686
94.126630 0.041669
94.168295 0.041665
94.209968 0.041673
94.251632 0.041664
94.293352 0.041720
94.334961 0.041609
94.376633 0.041672
94.418295 0.041662
94.469686 0.051391
94.512105 0.042419
94.548766 0.036661
94.584968 0.036202
94.626810 0.041842
94.668297 0.041487
94.709959 0.041662
94.751630 0.041671
94.793346 0.041716
94.834966 0.041620
94.881321 0.046355
94.918292 0.036971
94.959960 0.041668
95.001626 0.041666
95.043292 0.041666
95.084962 0.041670
95.126626 0.041664
95.168293 0.041667
95.209958 0.041665
95.251629 0.041671
95.293337 0.041708
95.334960 0.041623
95.376627 0.041667
95.418293 0.041666
95.459958 0.041666
95.501628 0.041670
95.543294 0.041666
95.584961 0.041667
95.626625 0.041664
95.668295 0.041670
95.709961 0.041666
95.754765 0.044804
95.793338 0.038573
95.834964 0.041626
95.876627 0.041663
95.918300 0.041673
95.959959 0.041659
96.001627 0.041668
96.043242 0.041615
96.084960 0.041718
96.126627 0.041668
96.168298 0.041670
96.209960 0.041663
96.251632 0.041672
96.293344 0.041712
96.334968 0.041624
96.376631 0.041663
96.418297 0.041666
96.489340 0.071043
96.545368 0.056028
96.593341 0.047973
96.626631 0.033290
96.668296 0.041665
96.733373 0.065076
96.793311 0.059938
96.834965 0.041654
96.876636 0.041671
96.925664 0.049028
96.959961 0.034297
97.001631 0.041671
97.043296 0.041665
97.085338 0.042042
97.137743 0.052405
97.168298 0.030555
97.230190 0.061892
97.259715 0.029525
97.293344 0.033629
97.334961 0.041617
97.382172 0.047211
97.418294 0.036122
97.459958 0.041664
97.503449 0.043490
97.543243 0.039794
97.584959 0.041716
97.626626 0.041666
97.668293 0.041668
97.709960 0.041667
97.751625 0.041666
97.793332 0.041706
97.834958 0.041626
97.876631 0.041673
97.918778 0.042148
97.959959 0.041181
98.001626 0.041666
98.043295 0.041669
98.084959 0.041663
98.126633 0.041674
98.168296 0.041664
98.209960 0.041664
98.251626 0.041665
98.293340 0.041714
98.334959 0.041619
98.376628 0.041669
98.418243 0.041614
98.459960 0.041717
98.501626 0.041666
98.543245 0.041620
98.584960 0.041715
98.626625 0.041665
98.668296 0.041671
98.709962 0.041666
98.751629 0.041667
98.793321 0.041692
98.834964 0.041643
98.876626 0.041663
98.918297 0.041671
98.959959 0.041661
99.001632 0.041674
99.043294 0.041662
99.084962 0.041668
99.126626 0.041664
99.168296 0.041670
99.209960 0.041664
99.251628 0.041668
99.293340 0.041712
99.334962 0.041621
99.376633 0.041672
99.576470 0.199837
99.628988 0.052517
99.721182 0.092195
99.774737 0.053554
99.821367 0.046630
99.973368 0.152001
100.045480 0.072112
100.178362 0.132882
100.272574 0.094212
100.329338 0.056764
100.376630 0.047291
100.496086 0.119457
100.553339 0.057253
100.584918 0.031578
100.637369 0.052451
100.697368 0.059999
100.762320 0.064952
100.802136 0.039816
100.834960 0.032824
100.878723 0.043764
100.918300 0.039576
100.959968 0.041668
101.001630 0.041662
101.043295 0.041665
101.084959 0.041664
101.126626 0.041667
101.168301 0.041675
101.213098 0.044796
101.251581 0.038484
101.293310 0.041729
101.334966 0.041656
101.378700 0.043734
101.418289 0.039589
101.459960 0.041671
101.501633 0.041672
101.543243 0.041610
101.584965 0.041722
101.626628 0.041663
101.668293 0.041665
101.709963 0.041670
101.751627 0.041664
101.793294 0.041667
101.834962 0.041668
101.880853 0.045891
101.918299 0.037447
101.959963 0.041664
102.005704 0.045740
102.043292 0.037589
102.084962 0.041669
102.126626 0.041664
102.173424 0.046798
102.209958 0.036534
102.251628 0.041669
102.293340 0.041713
102.334965 0.041625
102.376627 0.041662
102.418300 0.041672
102.459959 0.041659
102.501577 0.041619
102.543298 0.041721
102.584967 0.041669
102.626625 0.041658
102.668294 0.041669
102.709961 0.041667
102.751628 0.041667
102.793342 0.041714
102.834959 0.041617
102.876626 0.041667
102.918293 0.041667
102.959962 0.041670
103.001625 0.041663
103.043296 0.041670
103.084958 0.041663
103.126627 0.041669
103.168242 0.041615
103.209960 0.041718
103.251626 0.041666
103.293347 0.041721
103.334959 0.041612
103.376631 0.041672
103.418292 0.041661
103.459961 0.041669
103.501626 0.041664
103.543248 0.041622
103.584963 0.041715
103.626633 0.041670
103.668295 0.041662
103.709960 0.041665
103.751626 0.041667
103.793346 0.041719
103.834961 0.041615
103.876629 0.041668
103.918293 0.041664
103.959966 0.041673
104.001578 0.041612
104.043293 0.041715
104.084959 0.041666
104.126632 0.041673
104.168292 0.041660
104.209963 0.041672
104.251627 0.041663
104.293345 0.041718
104.334967 0.041622
104.376630 0.041663
104.418297 0.041667
104.459959 0.041662
104.501584 0.041625
104.543292 0.041708
104.584962 0.041670
104.626626 0.041664
104.668252 0.041626
104.709958 0.041706
104.751630 0.041672
104.793346 0.041716
104.834965 0.041618
104.876626 0.041662
104.918292 0.041666
104.959963 0.041670
105.001627 0.041665
105.043297 0.041669
105.084959 0.041662
105.126630 0.041672
105.168294 0.041664
105.209967 0.041673
105.251633 0.041666
105.293315 0.041681
105.334964 0.041649
105.381360 0.046396
105.418293 0.036933
105.459959 0.041666
105.501625 0.041666
105.543293 0.041667
105.584960 0.041667
105.626626 0.041667
105.668292 0.041666
105.709960 0.041668
105.751634 0.041674
105.793342 0.041708
105.838752 0.045410
105.876627 0.037875
105.918300 0.041673
105.959965 0.041665
106.001627 0.041662
106.098827 0.097201
106.132459 0.033631
106.168294 0.035835
106.209964 0.041670
106.264934 0.054970
106.293341 0.028407
106.334959 0.041618
106.376585 0.041626
106.418296 0.041710
106.459958 0.041662
106.501637 0.041679
106.543300 0.041663
106.584959 0.041659
106.626631 0.041672
106.668294 0.041663
106.709969 0.041675
106.751628 0.041659
106.793309 0.041681
106.834964 0.041655
106.883919 0.048955
106.918297 0.034378
106.959959 0.041662
107.001577 0.041618
107.043249 0.041672
107.084958 0.041709
107.126586 0.041628
107.168296 0.041710
107.209959 0.041663
107.251627 0.041667
107.293344 0.041717
107.335580 0.042236
107.376627 0.041047
107.418293 0.041666
107.459960 0.041667
107.501627 0.041667
107.543297 0.041669
107.584964 0.041667
107.626577 0.041613
107.668293 0.041716
107.709961 0.041668
107.751626 0.041665
107.793342 0.041716
107.834958 0.041617
107.876634 0.041675
107.918242 0.041608
107.959915 0.041673
108.001628 0.041713
108.043296 0.041668
108.084959 0.041663
108.126630 0.041671
108.168292 0.041661
108.209959 0.041667
108.251628 0.041668
108.293346 0.041719
108.334964 0.041618
108.376629 0.041665
108.418305 0.041676
108.459961 0.041656
108.501628 0.041667
108.547191 0.045563
108.584970 0.037779
108.626636 0.041666
108.668295 0.041659
108.716847 0.048552
108.751631 0.034785
108.793344 0.041713
108.834964 0.041619
108.876626 0.041662
108.918296 0.041671
108.959966 0.041670
109.001634 0.041669
109.043243 0.041608
109.084962 0.041719
109.126632 0.041670
109.168296 0.041664
109.209962 0.041666
109.251628 0.041666
109.293338 0.041709
109.334965 0.041627
109.376625 0.041660
109.418294 0.041669
109.459965 0.041670
109.581371 0.121407
109.675242 0.093871
109.745369 0.070126
109.797561 0.052192
109.834965 0.037404
109.991187 0.156222
110.049367 0.058180
110.089594 0.040227
110.126638 0.037044
110.179612 0.052974
110.237367 0.057756
110.293342 0.055974
110.334972 0.041630
110.397364 0.062392
110.440508 0.043144
110.502198 0.061690
110.543299 0.041101
110.584960 0.041661
110.629514 0.044554
110.668295 0.038780
110.709968 0.041674
110.751582 0.041614
110.793350 0.041767
110.834962 0.041612
110.915820 0.080859
110.959958 0.044138
111.001627 0.041668
111.043294 0.041668
111.084961 0.041667
111.126628 0.041667
111.168292 0.041665
111.209965 0.041673
111.267353 0.057388
111.293340 0.025987
111.334958 0.041618
111.376633 0.041674
111.418242 0.041609
111.459963 0.041721
111.501575 0.041612
111.543294 0.041719
111.584961 0.041667
111.626627 0.041666
111.668293 0.041666
111.709962 0.041669
111.751628 0.041666
111.793342 0.041714
111.834962 0.041621
111.876631 0.041669
111.918244 0.041613
111.959959 0.041715
112.001626 0.041667
112.043296 0.041670
112.084960 0.041664
112.126629 0.041669
112.168242 0.041613
112.209961 0.041719
112.251629 0.041668
112.293344 0.041715
112.334962 0.041618
112.376637 0.041675
112.418296 0.041659
112.459961 0.041666
112.517339 0.057377
112.569338 0.051999
112.609365 0.040027
112.651933 0.042568
112.709365 0.057432
112.753621 0.044256
112.793351 0.039729
112.834973 0.041622
112.876628 0.041656
112.918257 0.041629
112.966120 0.047863
113.009762 0.043642
113.043297 0.033536
113.084958 0.041660
113.135804 0.050846
113.168300 0.032496
113.229477 0.061177
113.301338 0.071861
113.334966 0.033627
113.376632 0.041666
113.418296 0.041664
113.459965 0.041670
113.511356 0.051391
113.557339 0.045983
113.590671 0.033332
113.627545 0.036874
113.668301 0.040756
113.709939 0.041638
113.751632 0.041693
113.800577 0.048944
113.834964 0.034388
113.905984 0.071020
113.959960 0.053975
114.001626 0.041667
114.053591 0.051965
114.084966 0.031375
114.127521 0.042555
114.168293 0.040773
114.214945 0.046651
114.251627 0.036682
114.293338 0.041711
114.334969 0.041631
114.376627 0.041658
114.418257 0.041630
114.460856 0.042599
114.501628 0.040773
114.543243 0.041614
114.584965 0.041722
114.626628 0.041662
114.668296 0.041668
114.709963 0.041667
114.751625 0.041663
114.793340 0.041714
114.834960 0.041620
114.876630 0.041670
114.918244 0.041614
114.967500 0.049256
115.001628 0.034128
115.043297 0.041668
115.084960 0.041664
115.126629 0.041669
115.168244 0.041615
115.209958 0.041714
115.251627 0.041669
115.293340 0.041713
115.334959 0.041619
115.376629 0.041670
115.418292 0.041663
115.459964 0.041671
115.501628 0.041665
115.543246 0.041618
115.584959 0.041713
115.626629 0.041670
115.668298 0.041669
115.709959 0.041662
115.751625 0.041665
115.793339 0.041714
115.834959 0.041620
115.876626 0.041667
115.918297 0.041671
115.959962 0.041666
116.001629 0.041666
116.043292 0.041663
116.084961 0.041669
116.126630 0.041669
116.168292 0.041661
116.209960 0.041668
116.251626 0.041666
116.293348 0.041722
116.334958 0.041611
116.376627 0.041669
116.418292 0.041665
116.459963 0.041671
116.501628 0.041665
116.543292 0.041664
116.584959 0.041667
116.626630 0.041671
116.668292 0.041662
116.709959 0.041667
116.751626 0.041666
116.793340 0.041714
116.834961 0.041621
116.877261 0.042300
116.918244 0.040982
116.959964 0.041721
117.010238 0.050274
117.043299 0.033061
117.084963 0.041664
117.126630 0.041667
117.168295 0.041665
117.210299 0.042004
117.262296 0.051997
117.293312 0.031015
117.334961 0.041649
117.376628 0.041667
117.418296 0.041668
117.459963 0.041667
117.501631 0.041668
117.543244 0.041613
117.584968 0.041723
117.626629 0.041662
117.674328 0.047699
117.709965 0.035637
117.751632 0.041667
117.793315 0.041683
117.834973 0.041658
117.882351 0.047378
117.937368 0.055017
117.985211 0.047843
118.038738 0.053527
118.094686 0.055948
118.155524 0.060839
118.225404 0.069880
118.270706 0.045303
118.295829 0.025122
118.344163 0.048334
118.376626 0.032463
118.418303 0.041678
118.459961 0.041658
118.501585 0.041624
118.543245 0.041660
118.584959 0.041714
118.633644 0.048685
118.668248 0.034604
118.709959 0.041711
118.751629 0.041670
118.793313 0.041684
118.834963 0.041650
118.876625 0.041662
118.918294 0.041669
118.959961 0.041667
119.001629 0.041668
119.043292 0.041662
119.084962 0.041670
119.126631 0.041669
119.168295 0.041664
119.209961 0.041666
119.251625 0.041664
119.293348 0.041723
119.334962 0.041613
119.376627 0.041666
119.418242 0.041615
119.459961 0.041719
119.501629 0.041667
119.543292 0.041664
119.584961 0.041668
119.626629 0.041669
119.668242 0.041613
119.709958 0.041716
119.751633 0.041674
119.793319 0.041686
119.834958 0.041639
119.876626 0.041668
119.918291 0.041665
119.959966 0.041675
120.001630 0.041665
120.043296 0.041666
120.084961 0.041665
120.126626 0.041665
120.168247 0.041621
120.209962 0.041715
120.251627 0.041665
120.293346 0.041719
120.334959 0.041613
120.376637 0.041678
120.418295 0.041659
120.459959 0.041663
120.504853 0.044894
120.593330 0.088477
120.646749 0.053419
120.690244 0.043495
120.711097 0.020853
120.821807 0.110711
120.855344 0.033537
120.901595 0.046251
120.959959 0.058364
121.009195 0.049237
121.071178 0.061983
121.113234 0.042056
121.174648 0.061414
121.209963 0.035315
121.251626 0.041663
121.293341 0.041714
121.334959 0.041619
121.376629 0.041670
121.418244 0.041615
121.459963 0.041719
121.501627 0.041664
121.543299 0.041672
121.584961 0.041661
121.626627 0.041667
121.668245 0.041617
121.709966 0.041721
121.751625 0.041659
121.793337 0.041713
121.834959 0.041621
121.876630 0.041671
121.918293 0.041663
121.959967 0.041673
122.001628 0.041662
122.043300 0.041672
122.084960 0.041660
122.126631 0.041672
122.168291 0.041660
122.209964 0.041673
122.251629 0.041665
122.293348 0.041719
122.334970 0.041622
122.376625 0.041656
122.418293 0.041667
122.464396 0.046104
122.501628 0.037231
122.543292 0.041665
122.584959 0.041667
122.626634 0.041675
122.668292 0.041658
122.709961 0.041669
122.751625 0.041664
122.793342 0.041717
122.834958 0.041616
122.876633 0.041675
122.918292 0.041659
122.959964 0.041672
123.001628 0.041664
123.043300 0.041672
123.084960 0.041660
123.126629 0.041668
123.168292 0.041663
123.209963 0.041672
123.251626 0.041662
123.293347 0.041722
123.334958 0.041611
123.376630 0.041671
123.418242 0.041613
123.459963 0.041720
123.501575 0.041612
123.543247 0.041672
123.584959 0.041712
123.626625 0.041666
123.668297 0.041672
123.709959 0.041662
123.751633 0.041675
123.793314 0.041680
123.834959 0.041646
123.876627 0.041668
123.918246 0.041619
123.959959 0.041713
124.001631 0.041672
124.043293 0.041663
124.084961 0.041668
124.126626 0.041665
124.168302 0.041676
124.209964 0.041662
124.256191 0.046228
124.293311 0.037120
124.334961 0.041650
124.376630 0.041669
124.457494 0.080864
124.569316 0.111822
124.662251 0.092935
124.725173 0.062922
124.789622 0.064448
124.902728 0.113106
124.985704 0.082976
125.040281 0.054577
125.084968 0.044687
125.196925 0.111957
125.251631 0.054705
125.321365 0.069734
125.361367 0.040002
125.418288 0.056920
125.459961 0.041673
125.501628 0.041667
125.543298 0.041670
125.584960 0.041662
125.626628 0.041668
125.668293 0.041666
125.709964 0.041671
125.751628 0.041664
125.793314 0.041686
125.834958 0.041643
125.876634 0.041676
125.918300 0.041666
125.959959 0.041659
126.010194 0.050235
126.043244 0.033050
126.084968 0.041724
126.126633 0.041665
126.168292 0.041659
126.209965 0.041673
126.251626 0.041661
126.293317 0.041691
126.334959 0.041641
126.376628 0.041669
126.418245 0.041617
126.459966 0.041722
126.501627 0.041660
126.543296 0.041669
126.584958 0.041663
126.626634 0.041675
126.668291 0.041658
126.709965 0.041674
126.751626 0.041661
126.793337 0.041711
126.834959 0.041622
126.876631 0.041672
126.918242 0.041611
126.959963 0.041720
127.001627 0.041665
127.043247 0.041620
127.084962 0.041714
127.126627 0.041666
127.168292 0.041665
127.209964 0.041672
127.251629 0.041665
127.293342 0.041713
127.334958 0.041616
127.376628 0.041670
127.418296 0.041668
127.459958 0.041662
127.501626 0.041668
127.543300 0.041674
127.584960 0.041660
127.626629 0.041670
127.668293 0.041663
127.709958 0.041666
127.751625 0.041666
127.793338 0.041713
127.834959 0.041621
127.876627 0.041668
127.918293 0.041666
127.959962 0.041669
128.001626 0.041665
128.043300 0.041674
128.084963 0.041662
128.126625 0.041663
128.168301 0.041676
128.211147 0.042846
128.251625 0.040478
128.293339 0.041714
128.334961 0.041622
128.376632 0.041671
128.418294 0.041662
128.459959 0.041665
128.501635 0.041676
128.548251 0.046616
128.584959 0.036709
128.626627 0.041668
128.668302 0.041675
128.709965 0.041662
128.751627 0.041662
128.793311 0.041684
128.834965 0.041654
128.876628 0.041663
128.918292 0.041664
128.959959 0.041667
129.001626 0.041667
129.043301 0.041675
129.084962 0.041660
129.126631 0.041669
129.168294 0.041663
129.209966 0.041672
129.251625 0.041659
129.293342 0.041717
129.334958 0.041617
129.376626 0.041668
129.418293 0.041667
129.459963 0.041670
129.501627 0.041664
129.543299 0.041672
129.584959 0.041660
129.626628 0.041669
129.668301 0.041673
129.712060 0.043759
129.751629 0.039570
129.793315 0.041686
129.834961 0.041646
129.876633 0.041673
129.918292 0.041659
129.959966 0.041674
130.001627 0.041661
130.043297 0.041670
130.084959 0.041661
130.126628 0.041669
130.168292 0.041664
130.209960 0.041668
130.251625 0.041666
130.293342 0.041717
130.334959 0.041616
130.376626 0.041667
130.418293 0.041667
130.459967 0.041674
130.501630 0.041663
130.543293 0.041662
130.584958 0.041665
130.626633 0.041675
130.668296 0.041663
130.714697 0.046401
130.751625 0.036928
130.793319 0.041693
130.834962 0.041643
130.876626 0.041664
130.918292 0.041666
130.959968 0.041676
131.001629 0.041661
131.043294 0.041665
131.084959 0.041665
131.126631 0.041672
131.168245 0.041613
131.209960 0.041716
131.251627 0.041667
131.293359 0.041732
131.334961 0.041602
131.376632 0.041671
131.418293 0.041661
131.459967 0.041673
131.501628 0.041662
131.543299 0.041671
131.584958 0.041659
131.626631 0.041673
131.668243 0.041612
131.709960 0.041717
131.751626 0.041667
131.793339 0.041712
131.834961 0.041622
131.876631 0.041669
131.941368 0.064737
132.012656 0.071288
132.043288 0.030633
132.084967 0.041679
132.126627 0.041660
132.172808 0.046181
132.209968 0.037160
132.251638 0.041670
132.293315 0.041677
132.334966 0.041651
132.376633 0.041668
132.418247 0.041614
132.459960 0.041713
132.501631 0.041671
132.543244 0.041613
132.584968 0.041724
132.626628 0.041661
132.668293 0.041664
132.709959 0.041666
132.751636 0.041677
132.793309 0.041674
132.834960 0.041651
132.876628 0.041668
132.918297 0.041669
132.959967 0.041669
133.001627 0.041661
133.043294 0.041667
133.084960 0.041665
133.126625 0.041665
133.168296 0.041671
133.209962 0.041667
133.251633 0.041670
133.293346 0.041714
133.353326 0.059980
133.421363 0.068037
133.462360 0.040997
133.501628 0.039268
133.543305 0.041676
133.584961 0.041657
133.626623 0.041662
133.668304 0.041681
133.709962 0.041658
133.751637 0.041675
133.793341 0.041704
133.834961 0.041620
133.885866 0.050904
133.918298 0.032432
133.959962 0.041665
134.001630 0.041667
134.043245 0.041615
134.084966 0.041721
134.126626 0.041660
134.168300 0.041675
134.209961 0.041661
134.251628 0.041667
134.293310 0.041682
134.334968 0.041657
134.376627 0.041659
134.418296 0.041669
134.459957 0.041662
134.501633 0.041676
134.543244 0.041611
134.584958 0.041714
134.626625 0.041668
134.668248 0.041622
134.709960 0.041712
134.752950 0.042990
134.793310 0.040360
134.834966 0.041655
134.876628 0.041662
134.918300 0.041672
134.959958 0.041658
135.001583 0.041625
135.043294 0.041711
135.084966 0.041671
135.126626 0.041660
135.168252 0.041626
135.209961 0.041709
135.251628 0.041667
135.293338 0.041710
135.334968 0.041630
135.376626 0.041658
135.418252 0.041626
135.459961 0.041709
135.501626 0.041665
135.543292 0.041667
135.584962 0.041670
135.626627 0.041665
135.668293 0.041666
135.709960 0.041667
135.751626 0.041666
135.793342 0.041717
135.834960 0.041618
135.876630 0.041670
135.918242 0.041612
135.959959 0.041717
136.001627 0.041668
136.043296 0.041669
136.084959 0.041663
136.126625 0.041666
136.168293 0.041667
136.209963 0.041671
136.251626 0.041663
136.293313 0.041687
136.334960 0.041647
136.376633 0.041673
136.418300 0.041667
136.459959 0.041659
136.501626 0.041667
136.543292 0.041667
136.584966 0.041674
136.626626 0.041660
136.668297 0.041670
136.709959 0.041663
136.751631 0.041672
136.793312 0.041681
136.834963 0.041651
136.963502 0.128539
137.013727 0.050224
137.043254 0.029528
137.084960 0.041706
137.134200 0.049240
137.168297 0.034097
137.209961 0.041664
137.251628 0.041666
137.298268 0.046641
137.334963 0.036695
137.376628 0.041664
137.418296 0.041668
137.459961 0.041665
137.501631 0.041670
137.558913 0.057282
137.589589 0.030676
137.638745 0.049157
137.668302 0.029557
137.732519 0.064216
137.782227 0.049709
137.800744 0.018517
137.845331 0.044587
137.941367 0.096036
137.989370 0.048003
138.043289 0.053919
138.084964 0.041675
138.126628 0.041664
138.175344 0.048716
138.209961 0.034617
138.251631 0.041670
138.334958 0.083326
138.376627 0.041669
138.418297 0.041671
138.459961 0.041664
138.501581 0.041621
138.548079 0.046498
138.584962 0.036883
138.630108 0.045146
138.668251 0.038143
138.709963 0.041712
138.751629 0.041666
138.793338 0.041710
138.834960 0.041622
138.876625 0.041665
138.918297 0.041672
138.959962 0.041665
139.001625 0.041663
139.043244 0.041619
139.084959 0.041715
139.126629 0.041670
139.168292 0.041663
139.209964 0.041672
139.251625 0.041662
139.293347 0.041721
139.334959 0.041612
139.376629 0.041670
139.418295 0.041666
139.459963 0.041668
139.501626 0.041663
139.543296 0.041670
139.584959 0.041663
139.626630 0.041671
139.668296 0.041666
139.709959 0.041663
139.751626 0.041667
139.793334 0.041708
139.834963 0.041629
139.876626 0.041663
139.918296 0.041670
139.959959 0.041664
140.001631 0.041671
140.043243 0.041612
140.084967 0.041724
140.126629 0.041662
140.168302 0.041673
140.209964 0.041662
140.251630 0.041665
140.293291 0.041661
140.353367 0.060076
140.412985 0.059618
140.459962 0.046977
140.501630 0.041668
140.543296 0.041666
140.584961 0.041665
140.641366 0.056405
140.668296 0.026930
140.709963 0.041667
140.807791 0.097828
140.837817 0.030026
140.876628 0.038811
140.918295 0.041667
140.959964 0.041669
141.014822 0.054858
141.043247 0.028425
141.101595 0.058348
141.129503 0.027908
141.168303 0.038800
141.209962 0.041660
141.259703 0.049740
141.293317 0.033614
141.335869 0.042552
141.376629 0.040760
141.418304 0.041675
141.469361 0.051057
141.502198 0.032836
141.543295 0.041097
141.587832 0.044537
141.657058 0.069226
141.713482 0.056424
141.765894 0.052412
141.793350 0.027456
141.866269 0.072920
141.918295 0.052026
141.962612 0.044317
142.001630 0.039018
142.043296 0.041666
142.084959 0.041662
142.126628 0.041669
142.168244 0.041616
142.209959 0.041715
142.251628 0.041669
142.293311 0.041683
142.334959 0.041647
142.376630 0.041671
142.418294 0.041664
142.459965 0.041671
142.501633 0.041668
142.543293 0.041659
142.584959 0.041667
142.626628 0.041669
142.668295 0.041667
142.709959 0.041664
142.751630 0.041671
142.793313 0.041684
142.834964 0.041650
142.876626 0.041663
142.918245 0.041619
142.959958 0.041713
143.001629 0.041671
143.043294 0.041664
143.084960 0.041666
143.126632 0.041672
143.336474 0.209842
143.446762 0.110288
143.533338 0.086576
143.569368 0.036030
143.617354 0.047987
143.745370 0.128016
143.793343 0.047973
143.834963 0.041620
143.901338 0.066375
144.022106 0.120768
144.077360 0.055255
144.127878 0.050517
144.168723 0.040845
144.239179 0.070456
144.297335 0.058157
144.334963 0.037627
144.384791 0.049828
144.418298 0.033507
144.460291 0.041993
144.501627 0.041336
144.543295 0.041668
144.617335 0.074040
144.690312 0.072977
144.709964 0.019652
144.755066 0.045102
144.793323 0.038257
144.834961 0.041638
144.876651 0.041690
144.918295 0.041644
144.960057 0.041762
145.001631 0.041574
145.043302 0.041671
145.084963 0.041660
145.126627 0.041664
145.168244 0.041617
145.209960 0.041716
145.251627 0.041667
145.293319 0.041692
145.334960 0.041641
145.376627 0.041667
145.428183 0.051555
145.459970 0.031787
145.501587 0.041617
145.543298 0.041711
145.592143 0.048845
145.626635 0.034491
145.668299 0.041664
145.709962 0.041663
145.771738 0.061776
145.797622 0.025883
145.834967 0.037345
145.886254 0.051287
145.918245 0.031992
145.959969 0.041723
146.001632 0.041663
146.043245 0.041613
146.084961 0.041717
146.126627 0.041665
146.168292 0.041666
146.209963 0.041671
146.251628 0.041664
146.293343 0.041715
146.334958 0.041616
146.376630 0.041672
146.418294 0.041664
146.459962 0.041668
146.501627 0.041665
146.543297 0.041669
146.584960 0.041664
146.626632 0.041672
146.668293 0.041661
146.709965 0.041672
146.751628 0.041663
146.793342 0.041714
146.834959 0.041617
146.876631 0.041672
146.918294 0.041663
146.959960 0.041666
147.001625 0.041665
147.043245 0.041619
147.084959 0.041715
147.126628 0.041669
147.168293 0.041665
147.209963 0.041671
147.251625 0.041662
147.293340 0.041715
147.334959 0.041619
147.376629 0.041670
147.418293 0.041664
147.459961 0.041668
147.501627 0.041665
147.543299 0.041673
147.584959 0.041659
147.626630 0.041672
147.668295 0.041665
147.709968 0.041672
147.751629 0.041662
147.793344 0.041715
147.834961 0.041617
147.876634 0.041674
147.918295 0.041661
147.959963 0.041668
148.001625 0.041661
148.043300 0.041675
148.084959 0.041659
148.126630 0.041671
148.168292 0.041662
148.209967 0.041674
148.251626 0.041660
148.293322 0.041696
148.334964 0.041642
148.376629 0.041665
148.418243 0.041613
148.459961 0.041719
148.501628 0.041666
148.543244 0.041617
148.584959 0.041715
148.626583 0.041624
148.668292 0.041708
148.709964 0.041672
148.751628 0.041664
148.793338 0.041710
148.834960 0.041621
148.876627 0.041667
148.918294 0.041668
148.959962 0.041667
149.001625 0.041663
149.043301 0.041676
149.084967 0.041667
149.126628 0.041661
149.168292 0.041664
149.209959 0.041667
149.251634 0.041675
149.293342 0.041709
149.334959 0.041617
149.376627 0.041667
149.418246 0.041619
149.459960 0.041714
149.501631 0.041672
149.543294 0.041663
149.584961 0.041667
149.626628 0.041667
149.668251 0.041623
149.709958 0.041708
149.751626 0.041667
149.793313 0.041688
149.834962 0.041649
149.876629 0.041667
149.918294 0.041665
149.959963 0.041670
150.001628 0.041665
150.043296 0.041668
150.084963 0.041667
150.126633 0.041669
150.175534 0.048902
150.209959 0.034425
150.251581 0.041621
150.293346 0.041765
150.346242 0.052896
150.378617 0.032375
150.418298 0.039681
150.459966 0.041668
150.501628 0.041662
150.543299 0.041671
150.584962 0.041663
150.626634 0.041671
150.668252 0.041618
150.709961 0.041710
150.759976 0.050014
150.802185 0.042209
150.842512 0.040328
150.876632 0.034119
150.918298 0.041666
150.967677 0.049379
151.001631 0.033954
151.049474 0.047843
151.084969 0.035495
151.135448 0.050479
151.168298 0.032850
151.209963 0.041665
151.251626 0.041663
151.293324 0.041698
151.334963 0.041639
151.376626 0.041663
151.418301 0.041675
151.471464 0.053163
151.501631 0.030167
151.571989 0.070358
151.626624 0.054635
151.668301 0.041677
151.719541 0.051240
151.751626 0.032084
151.793348 0.041722
151.834963 0.041615
151.876625 0.041662
151.918297 0.041671
151.959962 0.041665
152.001634 0.041672
152.043302 0.041668
152.084961 0.041658
152.126579 0.041618
152.168294 0.041715
152.209963 0.041669
152.251629 0.041666
152.293313 0.041684
152.344489 0.051177
152.376631 0.032142
152.418245 0.041614
152.459966 0.041721
152.501627 0.041660
152.543242 0.041616
152.584962 0.041720
152.626634 0.041672
152.668293 0.041659
152.709964 0.041671
152.877318 0.167353
152.941050 0.063733
153.001727 0.060677
153.043293 0.041566
153.084964 0.041670
153.173351 0.088387
153.230694 0.057343
153.256872 0.026178
153.293346 0.036474
153.342825 0.049478
153.389964 0.047139
153.420739 0.030775
153.459963 0.039224
153.501628 0.041666
153.543302 0.041674
153.584960 0.041657
153.626628 0.041669
153.668242 0.041614
153.709961 0.041719
153.751627 0.041666
153.793313 0.041686
153.834961 0.041648
153.876626 0.041666
153.918293 0.041666
153.959963 0.041671
154.001625 0.041662
154.043296 0.041671
154.084959 0.041663
154.126630 0.041671
154.168296 0.041666
154.209961 0.041666
154.251629 0.041668
154.293310 0.041681
154.334960 0.041650
154.376626 0.041666
154.418293 0.041667
154.459963 0.041670
154.501627 0.041664
154.543292 0.041665
154.584962 0.041670
154.626629 0.041667
154.668294 0.041665
154.709966 0.041672
154.955243 0.245278
155.045363 0.090120
155.084961 0.039598
155.169292 0.084331
155.222747 0.053455
155.251627 0.028879
155.293347 0.041720
155.397373 0.104027
155.418298 0.020925
155.462260 0.043962
155.501633 0.039373
155.586368 0.084735
155.639672 0.053304
155.668804 0.029132
155.709967 0.041163
155.751629 0.041662
155.821363 0.069734
155.876622 0.055259
155.918298 0.041676
155.961339 0.043041
156.010540 0.049201
156.043294 0.032754
156.084961 0.041667
156.126625 0.041664
156.168245 0.041620
156.209961 0.041716
156.251628 0.041666
156.293346 0.041719
156.334970 0.041623
156.384174 0.049204
156.418298 0.034123
156.459968 0.041671
156.501625 0.041657
156.553331 0.051705
156.584939 0.031608
156.626627 0.041688
156.668249 0.041622
156.712811 0.044562
156.751631 0.038820
156.794892 0.043261
156.842780 0.047888
156.886582 0.043802
156.918295 0.031713
156.960405 0.042110
157.004027 0.043621
157.043252 0.039225
157.084962 0.041710
157.128897 0.043935
157.177493 0.048596
157.209965 0.032472
157.251629 0.041663
157.301235 0.049607
157.336372 0.035137
157.376627 0.040255
157.418251 0.041624
157.459961 0.041709
157.501630 0.041669
157.543296 0.041666
157.584959 0.041663
157.626625 0.041665
157.668297 0.041673
157.709965 0.041668
157.764323 0.054358
157.793345 0.029021
157.851289 0.057944
157.876631 0.025343
157.939221 0.062590
157.968070 0.028848
158.001631 0.033562
158.043607 0.041976
158.084959 0.041352
158.126634 0.041675
158.168293 0.041659
158.209960 0.041667
158.251628 0.041668
158.293310 0.041682
158.334959 0.041649
158.376627 0.041668
158.418243 0.041616
158.459958 0.041715
158.501626 0.041668
158.543293 0.041667
158.584960 0.041667
158.626626 0.041666
158.668293 0.041667
158.709960 0.041667
158.751630 0.041670
158.795172 0.043541
158.834960 0.039789
158.886306 0.051346
158.918299 0.031992
158.959961 0.041663
159.001634 0.041673
159.043295 0.041661
159.084963 0.041668
159.126626 0.041663
159.168296 0.041671
159.209959 0.041663
159.251627 0.041668
159.293343 0.041715
159.334961 0.041618
159.376626 0.041665
159.418246 0.041620
159.459959 0.041713
159.501579 0.041619
159.543292 0.041714
159.584960 0.041668
159.626625 0.041665
159.668292 0.041667
159.709963 0.041671
159.751629 0.041666
159.793348 0.041719
159.834968 0.041620
159.898716 0.063749
159.994168 0.095451
160.043297 0.049129
160.173063 0.129766
160.276974 0.103911
160.360770 0.083796
160.418289 0.057519
160.459960 0.041671
160.501626 0.041666
160.543291 0.041666
160.584959 0.041667
160.626628 0.041670
160.668292 0.041664
160.709959 0.041667
160.751627 0.041668
160.793339 0.041711
160.834960 0.041621
160.876625 0.041666
160.918296 0.041670
160.959959 0.041663
161.001629 0.041670
161.045608 0.043979
161.084964 0.039356
161.126625 0.041662
161.168296 0.041671
161.209960 0.041664
161.251633 0.041673
161.293327 0.041694
161.334959 0.041632
161.376628 0.041669
161.418243 0.041615
161.459964 0.041721
161.501626 0.041662
161.543295 0.041669
161.584959 0.041664
161.626629 0.041670
161.668294 0.041665
161.709962 0.041668
161.751625 0.041664
161.793349 0.041724
161.842136 0.048786
161.876632 0.034496
161.918293 0.041661
161.959968 0.041675
162.001585 0.041617
162.046986 0.045401
162.084970 0.037984
162.138059 0.053089
162.168297 0.030238
162.223787 0.055490
162.259341 0.035554
162.293314 0.033973
162.343580 0.050266
162.376629 0.033049
162.418292 0.041663
162.459962 0.041670
162.515059 0.055096
162.579429 0.064371
162.626579 0.047150
162.668254 0.041675
162.709966 0.041712
162.751630 0.041664
162.793340 0.041710
162.834968 0.041628
162.876626 0.041658
162.926044 0.049418
162.959963 0.033919
163.001634 0.041671
163.047982 0.046348
163.088449 0.040466
163.126626 0.038177
163.168294 0.041669
163.219015 0.050721
163.289367 0.070352
163.334958 0.045591
163.386891 0.051933
163.418296 0.031405
163.462420 0.044124
163.501637 0.039218
163.543247 0.041609
163.584963 0.041716
163.626625 0.041662
163.668298 0.041673
163.709962 0.041664
163.751632 0.041670
163.793335 0.041704
163.834964 0.041628
163.876628 0.041664
163.918300 0.041672
163.959959 0.041658
164.001631 0.041672
164.043304 0.041673
164.084964 0.041659
164.126625 0.041661
164.168297 0.041673
164.209929 0.041632
164.251629 0.041700
164.293339 0.041711
164.334959 0.041620
164.376627 0.041668
164.418300 0.041673
164.459969 0.041669
164.501583 0.041614
164.543295 0.041712
164.584965 0.041670
164.626628 0.041663
164.668298 0.041669
164.709967 0.041669
164.751632 0.041665
164.793343 0.041711
164.834959 0.041616
164.876626 0.041667
164.918300 0.041674
164.959963 0.041663
165.001625 0.041663
165.043292 0.041666
165.084960 0.041668
165.126625 0.041665
165.168296 0.041671
165.209959 0.041664
165.251628 0.041668
165.293344 0.041716
165.334962 0.041618
165.376627 0.041664
165.418293 0.041666
165.459961 0.041668
165.501629 0.041668
165.543293 0.041664
165.584963 0.041670
165.626627 0.041664
165.668297 0.041670
165.709959 0.041662
165.751629 0.041669
165.793342 0.041714
165.834963 0.041620
165.876631 0.041668
165.918292 0.041662
165.959959 0.041666
166.001626 0.041668
166.043298 0.041671
166.084963 0.041666
166.126630 0.041666
166.168296 0.041666
166.209963 0.041667
166.251628 0.041665
166.293313 0.041685
166.334963 0.041650
166.376632 0.041669
166.418300 0.041668
166.459967 0.041666
166.501625 0.041658
166.543292 0.041667
166.584959 0.041667
166.626626 0.041668
166.668298 0.041672
166.709963 0.041665
166.751628 0.041665
166.793347 0.041719
166.834966 0.041619
166.876627 0.041661
166.918292 0.041665
166.959959 0.041667
167.001631 0.041672
167.043296 0.041666
167.084960 0.041664
167.126630 0.041670
167.168297 0.041667
167.209964 0.041667
167.251631 0.041667
167.293344 0.041713
167.334959 0.041616
167.376633 0.041673
167.418243 0.041610
167.459964 0.041721
167.501626 0.041662
167.543296 0.041670
167.584960 0.041664
167.626627 0.041667
167.668295 0.041668
167.709960 0.041665
167.751626 0.041665
167.793338 0.041713
167.834960 0.041621
167.876630 0.041671
167.918291 0.041661
167.959960 0.041669
168.001626 0.041666
168.043297 0.041671
168.084964 0.041667
168.126629 0.041665
168.168292 0.041664
168.209966 0.041674
168.251635 0.041669
168.293309 0.041674
168.334959 0.041650
168.376628 0.041669
168.418300 0.041672
168.459960 0.041659
168.501626 0.041667
168.543292 0.041666
168.584966 0.041674
168.626634 0.041668
168.668294 0.041661
168.709960 0.041665
168.751627 0.041667
168.793339 0.041712
168.834959 0.041619
168.876630 0.041672
168.918293 0.041662
168.959963 0.041671
169.001578 0.041615
169.043297 0.041719
169.084959 0.041662
169.126630 0.041671
169.168300 0.041669
169.209959 0.041660
169.251628 0.041668
169.293317 0.041689
169.334966 0.041649
169.376625 0.041660
169.418300 0.041675
169.459967 0.041666
169.501625 0.041658
169.543243 0.041619
169.584963 0.041720
169.626628 0.041665
169.668297 0.041670
