0.015499 0.015499
0.042733 0.027234
0.062700 0.019967
0.085542 0.022842
0.102742 0.017200
0.122762 0.020020
0.142758 0.019996
0.162721 0.019963
0.182705 0.019984
0.202771 0.020066
0.222729 0.019959
0.242732 0.020002
0.262772 0.020041
0.282775 0.020003
0.302759 0.019984
0.322768 0.020008
0.342726 0.019959
0.362737 0.020011
0.382734 0.019997
0.402732 0.019997
0.422767 0.020036
0.442738 0.019971
0.462773 0.020035
0.482776 0.020003
0.502772 0.019996
0.522769 0.019997
0.542728 0.019959
0.562738 0.020011
0.582735 0.019996
0.602736 0.020001
0.622728 0.019992
0.642734 0.020006
0.662739 0.020005
0.682736 0.019997
0.702738 0.020002
0.722741 0.020002
0.742732 0.019991
0.762734 0.020002
0.782702 0.019968
0.802757 0.020055
0.822717 0.019960
0.842701 0.019983
0.862742 0.020041
0.882703 0.019962
0.902703 0.019999
0.922737 0.020035
0.942707 0.019970
0.962767 0.020060
0.982701 0.019934
1.002732 0.020030
1.022770 0.020039
1.042763 0.019993
1.062769 0.020006
1.082737 0.019968
1.102770 0.020033
1.122708 0.019938
1.142769 0.020061
1.162739 0.019970
1.182770 0.020032
1.202736 0.019966
1.222769 0.020032
1.242771 0.020002
1.304033 0.061262
1.322703 0.018670
1.342724 0.020021
1.362766 0.020042
1.382739 0.019973
1.402769 0.020029
1.422736 0.019967
1.442737 0.020001
1.462707 0.019970
1.482774 0.020067
1.502773 0.019999
1.522772 0.019999
1.542733 0.019961
1.562739 0.020006
1.582771 0.020032
1.602736 0.019965
1.622735 0.019998
1.642769 0.020035
1.662739 0.019970
1.682772 0.020033
1.702774 0.020001
1.722763 0.019989
1.742697 0.019934
1.762702 0.020004
1.782693 0.019991
1.802692 0.019999
1.822695 0.020004
1.842693 0.019997
1.862702 0.020009
1.882701 0.019999
1.978199 0.095498
2.002699 0.024500
2.022695 0.019996
2.042693 0.019998
2.062693 0.020000
2.082693 0.020001
2.102700 0.020007
2.122700 0.019999
2.142698 0.019998
2.162692 0.019995
2.182694 0.020002
2.202699 0.020005
2.222700 0.020001
2.242692 0.019992
2.262693 0.020001
2.282697 0.020004
2.302702 0.020005
2.322695 0.019993
2.342700 0.020005
2.362694 0.019995
2.382698 0.020004
2.402693 0.019995
2.422697 0.020004
2.442698 0.020001
2.462697 0.019999
2.482701 0.020004
2.502703 0.020002
2.595211 0.092508
2.602700 0.007489
2.622697 0.019997
2.642699 0.020002
2.662692 0.019993
2.682695 0.020003
2.702699 0.020004
2.722697 0.019998
2.742696 0.019999
2.762705 0.020009
2.782704 0.019998
2.802701 0.019997
2.822693 0.019992
2.842693 0.020000
2.862704 0.020011
2.882700 0.019996
2.902692 0.019992
2.922694 0.020002
2.942697 0.020003
2.962703 0.020006
2.982696 0.019993
3.002700 0.020004
3.022691 0.019991
3.042701 0.020010
3.062697 0.019996
3.082698 0.020001
3.102692 0.019994
3.122699 0.020007
3.142698 0.020000
3.162702 0.020003
3.182700 0.019998
3.202701 0.020001
3.222701 0.020000
3.242691 0.019990
3.262692 0.020001
3.282701 0.020008
3.302702 0.020001
3.322692 0.019990
3.342694 0.020002
3.362699 0.020006
3.382698 0.019999
3.431183 0.048485
3.442695 0.011512
3.462692 0.019997
3.482709 0.020016
3.502702 0.019993
3.522701 0.019999
3.542697 0.019995
3.562696 0.020000
3.582697 0.020000
3.602695 0.019998
3.622693 0.019998
3.642692 0.020000
3.662702 0.020010
3.682697 0.019995
3.702697 0.020000
3.722692 0.019995
3.742701 0.020009
3.762699 0.019998
3.782693 0.019994
3.802698 0.020005
3.822692 0.019994
3.842699 0.020007
3.862700 0.020001
3.882699 0.020000
3.902699 0.020000
3.922699 0.020000
3.942697 0.019998
3.962697 0.020000
3.982693 0.019995
4.002698 0.020006
4.022698 0.019999
4.042692 0.019994
4.062692 0.020000
4.082698 0.020006
4.102700 0.020002
4.122699 0.019999
4.142692 0.019993
4.218361 0.075669
4.223439 0.005077
4.242696 0.019257
4.262702 0.020007
4.282695 0.019992
4.302697 0.020002
4.322696 0.019999
4.342695 0.019999
4.362699 0.020004
4.382699 0.020000
4.402693 0.019994
4.422693 0.020000
4.442702 0.020009
4.462692 0.019990
4.482691 0.019999
4.502654 0.019963
4.522703 0.020049
4.542696 0.019993
4.562699 0.020003
4.582692 0.019993
4.602701 0.020008
4.622698 0.019997
4.642695 0.019997
4.662693 0.019998
4.682692 0.019999
4.702700 0.020008
4.722700 0.020000
4.742699 0.019999
4.762694 0.019996
4.782702 0.020008
4.802700 0.019998
4.822692 0.019992
4.842693 0.020001
4.862696 0.020002
4.882697 0.020001
4.902694 0.019997
4.922692 0.019998
4.942695 0.020002
4.962701 0.020006
5.062697 0.099997
5.082692 0.019995
5.102692 0.020000
5.122697 0.020005
5.142697 0.020000
5.162693 0.019996
5.182693 0.020000
5.202698 0.020005
5.222697 0.019999
5.242693 0.019997
5.262695 0.020001
5.282708 0.020013
5.302693 0.019985
5.322693 0.020000
5.342701 0.020008
5.362697 0.019997
5.382692 0.019994
5.402696 0.020004
5.422700 0.020005
5.442699 0.019999
5.462692 0.019992
5.482692 0.020000
5.502693 0.020001
5.522695 0.020002
5.542701 0.020006
5.562692 0.019991
5.582692 0.020000
5.602692 0.020000
5.622704 0.020012
5.642695 0.019991
5.662700 0.020005
5.682692 0.019992
5.702700 0.020009
5.722697 0.019996
5.742696 0.019999
5.762695 0.020000
5.782695 0.020000
5.802692 0.019997
5.822696 0.020004
5.842701 0.020005
5.862699 0.019998
5.882692 0.019993
5.902694 0.020001
5.922698 0.020005
5.942694 0.019996
6.035310 0.092616
6.042700 0.007390
6.062696 0.019996
6.082694 0.019998
6.102693 0.019998
6.122692 0.019999
6.142692 0.020000
6.162702 0.020009
6.182697 0.019995
6.202696 0.020000
6.222699 0.020003
6.242692 0.019993
6.262698 0.020006
6.282692 0.019994
6.302697 0.020005
6.322703 0.020006
6.342701 0.019999
6.362692 0.019991
6.382692 0.019999
6.402705 0.020013
6.422696 0.019992
6.442692 0.019996
6.462699 0.020007
6.482698 0.019999
6.502694 0.019996
6.522694 0.020000
6.542701 0.020007
6.562701 0.019999
6.582692 0.019992
6.602693 0.020001
6.622704 0.020012
6.642699 0.019995
6.662692 0.019993
6.682700 0.020009
6.702694 0.019994
6.722693 0.019998
6.742694 0.020002
6.762697 0.020003
6.782696 0.019999
6.848353 0.065657
6.862698 0.014345
6.882693 0.019995
6.902695 0.020002
6.922695 0.020001
6.942693 0.019997
6.962695 0.020002
6.982702 0.020007
7.002697 0.019996
7.022692 0.019995
7.042693 0.020001
7.062702 0.020008
7.082696 0.019995
7.102692 0.019996
7.122692 0.020000
7.142671 0.019979
7.162701 0.020030
7.182695 0.019994
7.202699 0.020004
7.222694 0.019995
7.242695 0.020001
7.262693 0.019997
7.282694 0.020001
7.302699 0.020005
7.322697 0.019999
7.342692 0.019995
7.362695 0.020003
7.382700 0.020004
7.402699 0.019999
7.422691 0.019992
7.442693 0.020001
7.462693 0.020001
7.482703 0.020010
7.502697 0.019994
7.522692 0.019994
7.542694 0.020002
7.562694 0.020001
7.582703 0.020008
7.602695 0.019993
7.622699 0.020004
7.642692 0.019993
7.662692 0.020000
7.682703 0.020011
7.702695 0.019993
7.722697 0.020002
7.742693 0.019995
7.762695 0.020002
7.782692 0.019996
7.802693 0.020001
7.822692 0.019999
7.842700 0.020008
7.862691 0.019992
7.882692 0.020001
7.902692 0.020000
7.922704 0.020011
7.942696 0.019993
7.962691 0.019995
7.982695 0.020004
8.002702 0.020006
8.022693 0.019991
8.042694 0.020001
8.102806 0.060112
8.122699 0.019893
8.142692 0.019993
8.162694 0.020002
8.182692 0.019998
8.202693 0.020001
8.222693 0.020000
8.242692 0.019999
8.262692 0.020001
8.282696 0.020003
8.302693 0.019997
8.322695 0.020002
8.342698 0.020003
8.362695 0.019997
8.382693 0.019998
8.402692 0.020000
8.422692 0.020000
8.442693 0.020001
8.462693 0.020000
8.482692 0.019999
8.502694 0.020002
8.522699 0.020006
8.542695 0.019996
8.562696 0.020001
8.582694 0.019998
8.602692 0.019998
8.622693 0.020001
8.642697 0.020005
8.662695 0.019997
8.682695 0.020000
8.702692 0.019998
8.722692 0.020000
8.742693 0.020001
8.762693 0.020000
8.782696 0.020004
8.802694 0.019998
8.822692 0.019998
8.842692 0.020000
8.862692 0.020000
8.882692 0.020000
8.902691 0.019999
8.922696 0.020005
8.942691 0.019995
8.962676 0.019985
8.982704 0.020028
9.069713 0.087009
9.082696 0.012983
9.102695 0.019999
9.122692 0.019997
9.142693 0.020001
9.162694 0.020001
9.182692 0.019998
9.202693 0.020001
9.222692 0.019999
9.242693 0.020001
9.262692 0.019999
9.282698 0.020007
9.302692 0.019994
9.322692 0.020000
9.342692 0.020000
9.362693 0.020001
9.382692 0.019999
9.402695 0.020003
9.422693 0.019998
9.442692 0.019999
9.462693 0.020001
9.482691 0.019998
9.502693 0.020002
9.522693 0.020000
9.542692 0.019999
9.562691 0.019999
9.582692 0.020001
9.602692 0.020000
9.622694 0.020002
9.642692 0.019998
9.662692 0.020001
9.682692 0.019999
9.702692 0.020000
9.722693 0.020001
9.793231 0.070538
9.822692 0.029461
9.842692 0.020000
9.862692 0.020000
9.882691 0.020000
9.902694 0.020003
9.922692 0.019998
9.942694 0.020002
9.962693 0.019999
9.982695 0.020002
10.002692 0.019997
10.022694 0.020002
10.042692 0.019998
10.062692 0.020000
10.082691 0.019999
10.102692 0.020000
10.122691 0.020000
10.142696 0.020005
10.162693 0.019997
10.182692 0.020000
10.202692 0.020000
10.222691 0.019999
10.242692 0.020001
10.262692 0.020000
10.282691 0.019999
10.302692 0.020001
10.322694 0.020002
10.342692 0.019998
10.362692 0.020000
10.382692 0.020000
10.402692 0.020001
10.422691 0.019999
10.442692 0.020000
10.462697 0.020005
10.482698 0.020001
10.553648 0.070950
10.562696 0.009049
10.582697 0.020000
10.602697 0.020000
10.622693 0.019997
10.642695 0.020001
10.662696 0.020001
10.682696 0.020000
