0.038853 0.038853
0.049065 0.010212
0.090092 0.041027
0.131758 0.041666
0.173430 0.041671
0.215110 0.041680
0.256780 0.041669
0.298420 0.041640
0.340112 0.041692
0.381776 0.041664
0.423454 0.041678
0.465155 0.041701
0.506822 0.041667
0.548443 0.041621
0.590155 0.041713
0.631774 0.041619
0.673442 0.041667
0.715110 0.041668
0.756772 0.041662
0.798442 0.041670
0.840107 0.041665
0.881819 0.041712
0.927584 0.045765
0.965083 0.037499
1.006750 0.041667
1.048412 0.041662
1.090107 0.041695
1.131816 0.041709
1.173487 0.041671
1.215115 0.041628
1.256774 0.041659
1.298483 0.041709
1.340148 0.041665
1.381815 0.041666
1.467677 0.085862
1.506822 0.039145
1.548480 0.041658
1.590089 0.041609
1.631769 0.041680
1.673472 0.041703
1.715157 0.041685
1.756820 0.041663
1.798487 0.041667
1.840151 0.041664
1.881744 0.041593
1.923410 0.041667
1.965076 0.041666
2.006743 0.041666
2.048410 0.041667
2.146836 0.098426
2.173409 0.026574
2.215076 0.041667
2.256742 0.041666
2.298409 0.041667
2.340076 0.041667
2.381745 0.041668
2.423400 0.041655
2.465076 0.041676
2.506737 0.041661
2.548409 0.041673
2.590075 0.041666
2.631743 0.041668
2.673409 0.041665
2.759712 0.086303
2.798409 0.038697
2.840078 0.041668
2.881744 0.041667
2.923411 0.041667
2.965075 0.041664
3.006746 0.041671
3.048414 0.041668
3.090079 0.041666
3.131747 0.041668
3.173409 0.041662
3.215076 0.041667
3.256742 0.041666
3.298409 0.041667
3.340076 0.041666
3.381742 0.041667
3.423413 0.041670
3.465076 0.041663
3.506743 0.041667
3.548410 0.041667
3.594791 0.046381
3.631744 0.036953
3.673410 0.041667
3.715076 0.041666
3.756742 0.041667
3.798410 0.041668
3.840076 0.041666
3.881742 0.041666
3.923410 0.041667
3.965076 0.041666
4.006743 0.041668
4.048409 0.041666
4.090076 0.041666
4.131745 0.041669
4.173409 0.041664
4.215075 0.041666
4.256742 0.041667
4.298410 0.041667
4.382015 0.083605
4.423410 0.041395
4.465076 0.041666
4.506743 0.041668
4.548412 0.041668
4.590076 0.041664
4.631743 0.041667
4.673409 0.041666
4.715076 0.041666
4.756742 0.041666
4.798410 0.041668
4.840078 0.041668
4.881741 0.041664
4.923418 0.041677
4.965076 0.041658
5.006745 0.041669
5.048409 0.041665
5.090076 0.041666
5.208860 0.118785
5.215079 0.006218
5.256743 0.041665
5.298410 0.041667
5.340076 0.041666
5.381743 0.041667
5.423409 0.041667
5.465076 0.041666
5.506743 0.041667
5.548410 0.041667
5.590077 0.041667
5.631743 0.041666
5.673410 0.041667
5.715076 0.041666
5.756743 0.041667
5.798410 0.041667
5.840077 0.041667
5.881743 0.041666
5.923411 0.041668
5.965077 0.041666
6.006743 0.041666
6.048411 0.041668
6.090077 0.041666
6.197812 0.107735
6.215082 0.017270
6.256743 0.041661
6.298410 0.041667
6.340077 0.041667
6.381743 0.041666
6.423410 0.041667
6.465077 0.041667
6.506743 0.041666
6.548410 0.041667
6.590076 0.041665
6.631743 0.041667
6.673408 0.041665
6.715076 0.041668
6.756743 0.041667
6.798409 0.041667
6.840075 0.041666
6.881743 0.041668
6.923409 0.041666
7.011374 0.087965
7.048409 0.037035
7.090076 0.041667
7.131742 0.041666
7.173409 0.041667
7.215077 0.041668
7.256742 0.041665
7.298409 0.041667
7.340076 0.041667
7.381743 0.041667
7.423409 0.041666
7.465075 0.041666
7.506743 0.041668
7.548412 0.041668
7.590076 0.041664
7.631742 0.041666
7.673410 0.041667
7.715076 0.041666
7.756743 0.041667
7.798410 0.041667
7.840077 0.041668
7.881743 0.041665
7.923409 0.041666
7.965075 0.041666
8.006743 0.041668
8.048408 0.041665
8.090075 0.041667
8.131742 0.041667
8.173409 0.041667
8.215076 0.041666
8.265834 0.050758
8.298410 0.032575
8.340076 0.041667
8.381743 0.041666
8.423410 0.041668
8.465076 0.041666
8.506743 0.041667
8.548409 0.041666
8.590076 0.041667
8.631743 0.041667
8.673410 0.041667
8.715077 0.041667
8.756743 0.041667
8.798410 0.041667
8.840076 0.041666
8.881743 0.041666
8.923410 0.041668
8.965076 0.041666
9.006743 0.041667
9.048411 0.041667
9.090076 0.041665
9.131743 0.041667
9.232195 0.100452
9.256743 0.024548
9.298411 0.041668
9.340076 0.041665
9.381744 0.041668
9.423410 0.041666
9.465077 0.041667
9.506743 0.041666
9.548410 0.041667
9.590075 0.041666
9.631743 0.041668
9.673409 0.041666
9.715076 0.041667
9.756744 0.041667
9.798411 0.041667
9.840077 0.041666
9.881744 0.041667
9.955578 0.073834
10.006744 0.051165
10.048409 0.041666
10.090076 0.041667
10.131742 0.041666
10.173409 0.041667
10.215077 0.041667
10.256743 0.041666
10.298410 0.041668
10.340076 0.041666
10.381743 0.041667
10.423410 0.041668
10.465076 0.041666
10.506744 0.041667
10.548411 0.041668
10.590076 0.041665
10.631745 0.041668
10.715961 0.084217
10.756742 0.040781
10.798411 0.041668
10.840076 0.041666
10.881744 0.041668
10.923410 0.041666
10.965076 0.041666
11.006744 0.041668
11.048410 0.041666
11.090077 0.041667
11.131743 0.041667
11.173409 0.041666
11.215077 0.041668
11.256744 0.041667
11.298412 0.041668
11.340077 0.041665
11.381746 0.041669
11.423412 0.041665
11.465077 0.041666
11.506744 0.041667
11.548410 0.041666
11.590077 0.041667
11.631744 0.041666
11.706651 0.074907
11.756745 0.050093
11.798410 0.041666
11.840077 0.041667
11.881744 0.041667
11.923410 0.041666
11.965077 0.041667
12.006744 0.041667
12.048411 0.041667
12.090077 0.041666
12.131744 0.041667
12.173410 0.041665
12.215078 0.041668
12.256744 0.041666
12.298410 0.041666
12.340077 0.041667
12.381744 0.041667
12.423410 0.041666
12.465078 0.041668
12.506744 0.041666
12.548378 0.041634
12.590077 0.041699
12.631744 0.041667
12.673411 0.041666
12.715077 0.041667
12.756743 0.041666
12.798411 0.041668
12.840078 0.041666
12.881744 0.041666
12.923410 0.041667
12.965077 0.041667
13.006744 0.041667
13.048410 0.041666
13.090077 0.041666
13.151396 0.061319
13.173411 0.022015
13.215078 0.041666
13.256745 0.041667
13.298410 0.041665
13.340078 0.041667
13.381744 0.041666
13.423410 0.041666
13.465077 0.041667
13.506743 0.041666
13.548410 0.041666
13.590076 0.041667
13.665512 0.075436
13.715077 0.049565
13.756716 0.041639
13.798411 0.041694
13.840077 0.041666
13.881745 0.041668
13.923411 0.041666
13.965078 0.041667
14.006745 0.041667
14.048411 0.041667
14.090077 0.041665
14.131744 0.041667
14.173411 0.041667
14.215077 0.041666
14.256744 0.041667
14.298411 0.041667
14.340077 0.041666
14.381746 0.041669
14.423411 0.041665
14.529873 0.106462
14.548411 0.018537
14.590077 0.041666
14.631743 0.041666
14.673411 0.041667
14.715078 0.041667
14.756745 0.041667
14.798411 0.041666
14.840078 0.041667
14.881745 0.041667
14.923411 0.041666
14.965078 0.041667
15.006745 0.041667
15.048411 0.041666
15.090078 0.041667
15.131744 0.041666
15.173412 0.041668
15.215077 0.041665
15.256744 0.041668
15.333368 0.076623
15.340080 0.006713
15.381744 0.041663
15.423412 0.041668
15.465077 0.041666
15.506744 0.041666
15.548410 0.041666
15.590077 0.041668
15.631744 0.041666
15.673410 0.041666
15.715077 0.041667
15.756742 0.041665
15.798410 0.041668
15.840077 0.041667
15.881744 0.041666
15.923411 0.041667
15.965077 0.041666
16.006744 0.041667
16.048410 0.041666
16.090077 0.041667
16.131744 0.041666
16.173411 0.041667
16.215078 0.041667
16.256744 0.041667
16.298411 0.041667
16.340077 0.041666
16.381744 0.041668
16.423411 0.041666
16.465079 0.041669
16.545370 0.080290
16.590077 0.044707
16.631743 0.041667
16.673408 0.041665
16.715076 0.041668
16.756742 0.041666
16.798410 0.041668
16.840076 0.041666
16.881743 0.041667
16.923410 0.041667
16.965076 0.041666
17.006742 0.041666
17.048409 0.041667
17.090076 0.041667
17.131743 0.041667
17.173409 0.041666
17.215076 0.041667
17.290574 0.075498
17.340077 0.049503
17.381743 0.041666
17.423409 0.041667
17.465077 0.041667
17.506744 0.041667
17.548409 0.041665
17.590076 0.041667
17.631742 0.041667
17.673410 0.041667
17.715077 0.041667
17.756743 0.041666
17.798409 0.041666
17.840077 0.041667
17.881743 0.041666
17.923410 0.041668
17.965076 0.041666
18.006744 0.041668
18.048410 0.041666
18.090076 0.041666
18.131744 0.041667
18.173409 0.041665
18.215077 0.041668
18.256743 0.041666
18.298410 0.041667
18.340077 0.041667
18.381743 0.041666
18.423410 0.041667
18.508674 0.085264
18.548410 0.039736
18.590076 0.041666
18.631743 0.041667
18.673410 0.041666
18.715076 0.041667
18.756742 0.041666
18.798410 0.041667
18.840077 0.041667
18.881743 0.041666
18.923410 0.041666
18.965076 0.041667
19.006743 0.041667
19.048410 0.041667
19.090075 0.041665
19.131743 0.041668
19.173409 0.041666
19.215077 0.041668
19.256742 0.041665
19.298410 0.041668
19.340077 0.041667
19.381742 0.041665
19.423410 0.041667
19.465077 0.041667
19.506744 0.041667
19.548411 0.041667
19.590076 0.041666
19.631744 0.041667
19.673409 0.041665
19.763027 0.089618
19.798410 0.035383
19.840077 0.041667
19.881743 0.041666
19.923410 0.041666
19.965076 0.041666
20.006743 0.041667
20.048409 0.041666
20.090076 0.041667
20.131743 0.041667
20.173410 0.041667
20.215077 0.041667
20.256743 0.041667
20.298410 0.041667
20.340077 0.041667
20.381742 0.041665
20.423410 0.041667
20.465076 0.041666
20.506744 0.041668
20.548409 0.041665
20.590075 0.041666
20.631744 0.041668
20.673410 0.041666
20.769244 0.095834
20.798410 0.029166
20.840076 0.041666
20.881743 0.041667
20.923410 0.041667
20.965076 0.041666
21.006743 0.041667
21.048410 0.041667
21.090076 0.041667
21.131742 0.041666
21.173409 0.041667
21.215077 0.041667
21.256743 0.041666
21.298410 0.041667
21.340077 0.041667
21.381743 0.041667
21.423410 0.041666
21.465076 0.041667
21.506744 0.041668
21.610064 0.103320
21.631742 0.021678
21.673409 0.041667
21.715077 0.041667
21.756743 0.041666
21.798410 0.041667
21.840076 0.041666
21.881743 0.041667
21.923410 0.041667
21.965076 0.041666
22.006743 0.041667
22.048409 0.041666
22.090075 0.041666
22.131743 0.041668
22.173410 0.041667
22.215076 0.041667
22.308455 0.093378
22.340077 0.031622
22.381742 0.041666
22.423409 0.041667
22.465077 0.041667
22.506743 0.041666
22.548410 0.041667
22.590076 0.041666
22.631743 0.041667
22.673410 0.041666
22.715076 0.041667
22.756743 0.041667
22.798411 0.041668
22.840076 0.041666
22.881743 0.041667
22.923410 0.041666
22.965076 0.041666
23.006743 0.041667
23.048410 0.041667
23.090076 0.041666
23.131743 0.041667
23.173410 0.041667
23.215076 0.041667
23.256742 0.041666
23.298411 0.041669
23.340078 0.041667
23.381743 0.041665
23.423409 0.041666
23.516382 0.092974
23.548409 0.032027
23.590077 0.041668
23.631744 0.041666
23.673410 0.041666
23.715076 0.041666
23.756744 0.041668
23.798409 0.041665
23.840077 0.041667
23.881743 0.041666
23.923410 0.041667
23.965076 0.041666
24.006744 0.041667
24.048410 0.041666
24.090077 0.041667
24.131743 0.041666
24.173410 0.041667
24.215077 0.041667
24.256743 0.041667
24.298409 0.041666
24.340077 0.041667
24.381742 0.041666
24.423410 0.041668
24.465076 0.041666
24.506744 0.041668
24.548410 0.041666
24.590077 0.041667
24.631743 0.041666
24.715077 0.083334
24.756743 0.041666
24.798410 0.041667
24.840078 0.041668
24.881744 0.041666
24.923417 0.041674
24.965078 0.041660
25.006743 0.041666
25.048409 0.041666
25.090076 0.041666
25.131743 0.041668
25.173409 0.041666
25.215077 0.041668
25.256743 0.041666
25.298410 0.041667
25.340076 0.041666
25.381743 0.041667
25.423409 0.041666
25.465075 0.041667
25.506743 0.041668
25.548410 0.041667
25.590076 0.041666
25.631745 0.041669
25.673410 0.041665
25.715077 0.041667
25.756743 0.041666
25.798410 0.041667
25.881743 0.083333
25.923410 0.041667
25.965076 0.041666
26.006744 0.041668
26.048410 0.041666
26.090076 0.041666
26.131743 0.041667
26.173410 0.041667
26.215077 0.041666
26.256744 0.041667
26.298409 0.041666
26.340077 0.041668
26.381743 0.041665
26.423411 0.041668
26.465077 0.041666
26.506744 0.041667
26.548410 0.041667
26.590077 0.041666
26.631743 0.041666
26.673410 0.041667
26.715076 0.041666
26.756743 0.041668
26.798410 0.041666
26.840077 0.041667
26.881743 0.041666
26.923411 0.041668
27.025213 0.101802
27.048411 0.023198
27.090076 0.041665
27.131742 0.041666
27.173411 0.041669
27.215076 0.041665
27.256724 0.041648
27.298410 0.041686
27.340076 0.041666
27.381743 0.041667
27.423409 0.041667
27.465077 0.041667
27.506744 0.041667
27.548410 0.041667
27.590076 0.041666
27.631743 0.041667
27.673410 0.041666
27.715076 0.041667
27.756744 0.041667
27.798410 0.041667
27.840077 0.041667
27.881743 0.041666
27.923409 0.041666
27.965077 0.041667
28.006743 0.041667
28.048409 0.041666
28.090075 0.041666
28.131744 0.041669
28.173409 0.041665
28.215076 0.041667
28.256743 0.041666
28.356476 0.099734
28.381744 0.025267
28.423410 0.041666
28.465076 0.041666
28.506744 0.041668
28.548409 0.041665
28.590076 0.041667
28.631742 0.041667
28.673409 0.041667
28.715077 0.041668
28.756743 0.041666
28.798413 0.041670
28.840076 0.041663
28.881743 0.041666
28.923411 0.041668
28.965076 0.041665
29.006744 0.041668
29.112558 0.105815
29.131746 0.019187
29.173409 0.041663
29.215077 0.041668
29.256742 0.041666
29.298410 0.041668
29.340077 0.041666
29.381743 0.041666
29.423410 0.041667
29.465076 0.041666
29.506743 0.041668
29.548410 0.041667
29.629931 0.081521
29.673409 0.043479
29.715077 0.041667
29.756743 0.041666
29.798410 0.041667
29.840077 0.041667
29.881742 0.041665
29.923410 0.041668
29.965076 0.041666
30.006743 0.041667
30.048409 0.041666
30.090076 0.041667
30.131743 0.041667
30.173409 0.041666
30.215076 0.041667
30.256743 0.041667
30.298410 0.041667
30.340077 0.041667
30.381743 0.041666
30.423410 0.041667
30.465077 0.041666
30.506743 0.041666
30.548409 0.041666
30.590076 0.041667
30.631743 0.041666
30.673409 0.041667
30.715077 0.041667
30.756743 0.041666
30.798409 0.041667
30.840077 0.041667
30.881742 0.041666
30.923411 0.041668
30.965076 0.041665
31.006743 0.041667
31.048409 0.041666
31.122040 0.073630
31.173409 0.051370
31.215077 0.041668
31.256743 0.041666
31.298410 0.041667
31.340077 0.041666
31.381744 0.041667
31.423410 0.041666
31.465078 0.041668
31.506744 0.041665
31.548409 0.041666
31.590076 0.041667
31.631744 0.041668
31.673410 0.041666
31.715077 0.041667
31.756743 0.041666
31.798411 0.041667
31.840077 0.041666
31.881743 0.041666
31.923409 0.041666
31.965076 0.041667
32.006743 0.041667
32.100937 0.094194
32.131743 0.030806
32.173409 0.041666
32.215077 0.041667
32.256744 0.041667
32.298409 0.041666
32.340076 0.041667
32.381744 0.041667
32.423409 0.041666
32.465076 0.041667
32.506743 0.041667
32.548409 0.041667
32.590076 0.041667
32.631743 0.041666
32.673410 0.041667
32.715076 0.041666
32.756743 0.041668
32.799414 0.042670
32.840077 0.040663
32.881743 0.041666
32.923410 0.041667
32.965076 0.041666
33.006741 0.041666
33.048409 0.041668
33.090075 0.041666
33.131743 0.041667
33.173410 0.041668
33.215077 0.041667
33.316293 0.101216
33.340077 0.023784
33.381743 0.041666
33.423410 0.041668
33.465076 0.041666
33.506743 0.041667
33.548409 0.041666
33.590076 0.041667
33.631743 0.041667
33.673409 0.041665
33.715076 0.041668
33.756743 0.041667
33.798410 0.041667
33.840078 0.041667
33.881743 0.041665
33.923410 0.041667
33.965077 0.041667
34.006744 0.041667
34.048410 0.041666
34.090076 0.041666
34.131743 0.041666
34.173409 0.041666
34.215077 0.041667
34.256743 0.041666
34.341327 0.084584
34.381742 0.040415
34.423410 0.041667
34.465077 0.041667
34.506744 0.041667
34.548410 0.041666
34.590077 0.041667
34.631743 0.041666
34.673410 0.041667
34.715076 0.041666
34.756744 0.041667
34.798409 0.041666
34.840076 0.041667
34.881743 0.041667
34.923410 0.041668
34.965077 0.041666
35.006743 0.041666
35.048410 0.041667
35.113114 0.064704
35.131747 0.018633
35.173410 0.041663
35.215077 0.041666
35.256744 0.041667
35.298409 0.041666
35.340076 0.041667
35.381743 0.041667
35.423409 0.041666
35.465076 0.041666
35.506743 0.041667
35.548409 0.041666
35.590076 0.041667
35.631743 0.041667
35.673426 0.041683
35.715078 0.041653
35.756743 0.041665
35.798410 0.041667
35.840077 0.041666
35.940077 0.100000
35.965076 0.024999
36.006743 0.041667
36.048409 0.041666
36.090077 0.041667
36.131744 0.041667
36.173398 0.041654
36.215076 0.041679
36.256743 0.041666
36.298410 0.041667
36.340076 0.041666
36.381743 0.041667
36.423409 0.041666
36.465077 0.041667
36.506744 0.041667
36.613434 0.106690
36.631746 0.018313
36.673410 0.041664
36.715061 0.041651
36.756743 0.041682
36.798409 0.041666
36.840076 0.041667
36.881743 0.041667
36.923410 0.041667
36.965076 0.041666
37.006742 0.041666
37.048409 0.041667
37.090077 0.041667
37.131743 0.041666
37.173409 0.041666
37.215077 0.041668
37.256744 0.041667
37.298410 0.041666
37.340077 0.041667
37.381743 0.041666
37.492497 0.110754
37.506744 0.014247
37.548410 0.041666
37.590076 0.041666
37.631743 0.041668
37.673409 0.041666
37.715077 0.041668
37.756742 0.041665
37.798410 0.041668
37.840076 0.041666
37.881743 0.041667
37.923411 0.041668
37.965076 0.041665
38.006743 0.041666
38.048410 0.041667
38.090076 0.041666
38.131743 0.041667
38.173410 0.041667
38.215077 0.041667
38.303717 0.088640
38.340077 0.036359
38.381742 0.041666
38.423410 0.041668
38.465076 0.041666
38.506743 0.041667
38.548409 0.041666
38.590077 0.041668
38.631743 0.041666
38.673410 0.041667
38.715077 0.041667
38.756743 0.041666
38.798409 0.041667
38.840076 0.041667
38.881743 0.041666
38.923410 0.041668
38.965077 0.041666
39.006744 0.041667
39.048410 0.041667
39.090076 0.041666
39.131743 0.041667
39.173410 0.041666
39.215077 0.041667
39.256742 0.041666
39.298409 0.041667
39.340078 0.041668
39.381742 0.041665
39.423410 0.041668
39.526510 0.103100
39.548410 0.021899
39.590076 0.041666
39.631744 0.041668
39.673409 0.041666
39.715076 0.041667
39.756742 0.041666
39.798410 0.041668
39.840076 0.041666
39.881743 0.041667
39.923410 0.041667
39.965077 0.041667
40.006743 0.041666
40.048411 0.041668
40.090076 0.041666
40.131743 0.041667
40.173409 0.041666
40.215077 0.041668
40.256744 0.041666
40.298410 0.041667
40.340076 0.041666
40.381744 0.041667
40.423410 0.041666
40.465076 0.041666
40.506743 0.041667
40.548410 0.041667
40.590076 0.041667
40.631744 0.041667
40.673410 0.041666
40.715077 0.041667
40.756743 0.041667
40.798410 0.041666
40.840077 0.041667
40.881743 0.041667
40.941624 0.059881
40.965076 0.023452
41.006743 0.041667
41.048410 0.041667
41.090077 0.041667
41.131744 0.041667
41.173410 0.041666
41.215076 0.041667
41.256743 0.041667
41.298410 0.041667
41.340075 0.041665
41.381744 0.041669
41.423410 0.041666
41.465077 0.041668
41.506744 0.041666
41.548410 0.041666
41.590076 0.041667
41.631745 0.041669
41.673411 0.041665
41.715076 0.041666
41.756743 0.041667
41.798411 0.041668
41.840077 0.041665
41.881744 0.041667
41.923410 0.041667
41.965077 0.041667
42.006745 0.041668
42.048412 0.041667
42.090077 0.041665
42.131744 0.041668
42.219831 0.088086
42.256744 0.036913
42.298412 0.041668
42.340077 0.041664
42.381742 0.041666
42.423409 0.041667
42.465076 0.041666
42.506743 0.041667
42.548409 0.041666
42.590076 0.041666
42.631743 0.041667
42.673410 0.041667
42.715077 0.041667
42.756743 0.041666
42.798410 0.041666
42.840078 0.041668
42.881742 0.041665
42.947684 0.065942
42.965079 0.017395
43.006745 0.041666
43.048409 0.041665
43.090078 0.041669
43.131743 0.041665
43.173409 0.041666
43.215077 0.041668
43.256744 0.041667
43.298409 0.041666
43.340077 0.041667
43.381744 0.041668
43.423411 0.041667
43.465078 0.041666
43.506744 0.041667
43.548411 0.041667
43.590077 0.041666
43.631744 0.041666
43.673411 0.041668
43.715077 0.041666
43.756745 0.041667
43.798411 0.041666
43.840078 0.041667
43.881744 0.041666
43.923411 0.041668
43.965078 0.041667
44.006744 0.041666
44.084027 0.077283
44.131745 0.047717
44.173411 0.041666
44.215078 0.041667
44.256743 0.041665
44.298411 0.041668
44.340077 0.041666
44.381744 0.041667
44.423411 0.041667
44.465078 0.041667
44.506745 0.041667
44.548411 0.041666
44.590078 0.041667
44.631723 0.041645
44.673409 0.041686
44.715076 0.041667
44.756743 0.041667
44.798410 0.041667
44.840076 0.041667
44.881743 0.041666
44.923410 0.041667
45.018888 0.095479
45.048411 0.029522
45.090076 0.041666
45.131743 0.041667
45.173409 0.041666
45.215077 0.041668
45.256743 0.041666
45.298410 0.041667
45.340077 0.041667
45.381742 0.041665
45.423409 0.041667
45.465055 0.041646
45.506744 0.041689
45.548409 0.041665
45.590076 0.041667
45.631743 0.041667
45.673409 0.041666
45.715077 0.041667
45.756743 0.041666
45.798410 0.041667
45.840076 0.041666
45.881745 0.041669
45.923409 0.041664
45.965075 0.041666
46.006743 0.041668
46.048410 0.041667
46.090077 0.041667
46.131744 0.041667
46.173410 0.041666
46.215076 0.041666
46.256743 0.041667
46.298410 0.041667
46.340077 0.041667
46.381743 0.041665
46.423410 0.041667
46.544752 0.121342
46.549824 0.005072
46.590077 0.040253
46.631744 0.041667
46.673409 0.041665
46.715076 0.041667
46.756743 0.041666
46.798410 0.041667
46.840076 0.041667
46.881742 0.041666
46.923410 0.041667
46.965077 0.041667
47.006743 0.041666
47.048410 0.041667
47.090076 0.041665
47.131743 0.041667
47.173410 0.041667
47.272098 0.098688
47.298410 0.026312
47.340077 0.041667
47.381743 0.041666
47.423409 0.041666
47.465076 0.041667
47.506743 0.041667
47.548410 0.041667
47.590076 0.041666
47.631743 0.041667
47.673410 0.041666
47.715076 0.041666
47.756743 0.041667
47.798410 0.041667
47.840076 0.041667
47.881742 0.041666
47.923409 0.041667
47.965077 0.041667
48.006744 0.041667
48.048410 0.041666
48.090076 0.041667
48.131744 0.041667
48.173411 0.041667
48.215076 0.041665
48.256743 0.041667
48.298410 0.041667
48.340076 0.041666
48.381742 0.041666
48.423410 0.041667
48.499294 0.075885
48.548410 0.049116
48.590077 0.041667
48.631743 0.041667
48.673409 0.041666
48.715077 0.041668
48.756743 0.041666
48.798410 0.041667
48.840077 0.041667
48.881708 0.041631
48.923411 0.041704
48.965077 0.041666
49.006743 0.041666
49.048410 0.041666
49.090076 0.041667
49.131744 0.041667
49.173409 0.041665
49.215076 0.041667
49.256743 0.041667
49.298410 0.041667
49.340076 0.041666
49.381743 0.041667
49.423410 0.041667
49.465076 0.041666
49.506743 0.041667
49.548410 0.041667
49.590076 0.041666
49.643971 0.053895
49.673409 0.029439
49.715076 0.041667
49.756743 0.041667
49.798410 0.041667
49.840077 0.041666
49.881744 0.041667
49.923410 0.041666
49.965077 0.041667
50.006743 0.041666
50.048409 0.041666
50.090075 0.041666
50.131742 0.041667
50.173409 0.041667
50.215077 0.041668
50.256743 0.041666
50.298410 0.041667
50.340075 0.041665
50.381743 0.041668
50.423410 0.041667
50.544063 0.120653
50.549133 0.005070
50.590077 0.040943
50.631743 0.041667
50.673410 0.041667
50.715076 0.041666
50.756743 0.041667
50.798410 0.041667
50.840077 0.041668
50.881743 0.041666
50.923410 0.041668
50.965077 0.041666
51.006743 0.041667
51.048409 0.041665
51.090076 0.041667
51.131743 0.041667
51.173410 0.041667
51.215077 0.041667
51.256743 0.041666
51.298410 0.041667
51.340076 0.041667
51.381742 0.041666
51.423410 0.041668
51.465077 0.041667
51.506743 0.041666
51.548408 0.041665
51.590076 0.041667
51.631743 0.041667
51.673409 0.041666
51.715076 0.041667
51.756743 0.041667
51.798410 0.041667
51.878753 0.080343
51.923410 0.044657
51.965077 0.041667
52.006743 0.041667
52.048410 0.041667
52.090077 0.041667
52.131744 0.041667
52.173409 0.041666
52.215077 0.041667
52.256745 0.041668
52.298410 0.041665
52.340076 0.041666
52.381743 0.041667
52.463621 0.081878
52.506744 0.043123
52.548410 0.041666
52.590077 0.041666
52.631743 0.041667
52.673410 0.041667
52.715076 0.041666
52.756742 0.041666
52.798409 0.041667
52.840077 0.041668
52.881743 0.041666
52.923411 0.041668
52.965076 0.041665
53.006744 0.041667
53.048409 0.041665
53.090077 0.041668
53.131743 0.041666
53.173410 0.041668
53.215077 0.041667
53.293325 0.078248
53.340079 0.046753
53.381745 0.041666
53.423411 0.041666
53.465077 0.041666
53.506744 0.041668
53.548411 0.041666
53.590077 0.041666
53.631745 0.041668
53.673410 0.041666
53.715077 0.041667
53.817828 0.102751
53.840078 0.022250
53.881744 0.041665
53.923411 0.041667
53.965076 0.041666
54.006744 0.041667
54.048411 0.041667
54.090076 0.041665
54.131744 0.041668
54.173411 0.041667
54.215077 0.041666
54.256744 0.041667
54.298411 0.041667
54.340077 0.041666
54.381743 0.041666
54.423410 0.041667
54.465076 0.041666
54.506744 0.041668
54.548410 0.041666
54.590077 0.041667
54.631743 0.041667
54.673409 0.041666
54.715076 0.041667
54.756742 0.041666
54.798410 0.041668
54.840077 0.041667
54.881742 0.041666
54.923410 0.041667
54.965076 0.041666
55.044429 0.079353
55.090076 0.045647
55.131744 0.041667
55.173410 0.041667
55.215076 0.041666
55.256743 0.041666
55.298411 0.041668
55.340077 0.041666
55.381742 0.041666
55.423409 0.041667
55.465078 0.041669
55.506743 0.041665
55.548410 0.041667
55.648985 0.100575
55.673410 0.024425
55.715076 0.041666
55.756743 0.041667
55.798411 0.041667
55.840078 0.041667
55.881742 0.041664
55.923409 0.041667
55.965076 0.041667
56.006743 0.041667
56.048410 0.041667
56.090076 0.041666
56.131743 0.041667
56.173409 0.041666
56.215076 0.041666
56.256743 0.041667
56.298411 0.041668
56.340078 0.041667
56.381743 0.041665
56.423411 0.041668
56.465077 0.041666
56.506744 0.041667
56.548411 0.041666
56.590077 0.041666
56.631744 0.041667
56.673411 0.041667
56.759620 0.086209
56.798411 0.038792
56.840077 0.041666
56.881744 0.041667
56.923411 0.041667
56.965077 0.041666
57.006744 0.041667
57.048411 0.041667
57.090078 0.041666
57.131744 0.041667
57.173411 0.041667
57.215078 0.041666
57.256740 0.041662
57.298411 0.041671
57.340077 0.041666
57.381743 0.041666
57.423411 0.041668
57.465077 0.041666
57.506745 0.041667
57.586635 0.079890
57.631744 0.045109
57.673412 0.041667
57.715078 0.041666
57.756745 0.041667
57.798411 0.041666
57.840077 0.041666
57.881744 0.041667
57.923411 0.041667
57.965077 0.041666
58.006745 0.041668
58.084856 0.078112
58.131745 0.046888
58.173411 0.041666
58.215077 0.041666
58.256744 0.041667
58.298411 0.041666
58.340077 0.041666
58.381745 0.041668
58.423411 0.041666
58.465077 0.041666
58.506744 0.041667
58.548410 0.041666
58.590077 0.041667
58.631743 0.041667
58.673410 0.041666
58.715077 0.041667
58.756743 0.041667
58.798410 0.041667
58.840076 0.041666
58.881742 0.041666
58.923410 0.041667
58.965077 0.041667
59.058161 0.093085
59.090076 0.031915
59.131742 0.041666
59.173410 0.041668
59.215076 0.041666
59.256743 0.041667
59.298410 0.041667
59.340076 0.041666
59.381743 0.041666
59.423409 0.041666
59.465076 0.041668
59.506744 0.041667
59.548410 0.041667
59.590077 0.041666
59.631743 0.041667
59.673410 0.041666
59.715077 0.041667
59.756744 0.041667
59.798410 0.041666
59.840078 0.041669
59.881743 0.041664
59.923411 0.041668
59.965076 0.041666
60.006743 0.041667
60.048410 0.041667
60.090076 0.041666
60.131743 0.041667
60.173409 0.041666
60.215077 0.041668
60.256743 0.041666
60.298410 0.041666
60.340076 0.041666
60.381743 0.041667
60.423410 0.041667
60.465078 0.041668
60.557071 0.091993
60.590076 0.033006
60.631743 0.041667
60.673410 0.041667
60.715076 0.041666
60.756743 0.041667
60.798411 0.041667
60.840078 0.041667
60.881742 0.041665
60.923411 0.041668
60.965076 0.041665
61.006743 0.041667
61.048410 0.041667
61.090076 0.041666
61.131743 0.041667
61.173410 0.041667
61.215077 0.041667
61.256744 0.041667
61.298410 0.041666
61.340077 0.041667
61.381743 0.041666
61.423411 0.041668
61.499561 0.076150
61.506746 0.007185
61.548410 0.041664
61.590077 0.041667
61.631743 0.041667
61.673410 0.041666
61.715077 0.041667
61.756743 0.041666
61.798411 0.041668
61.840078 0.041667
61.881743 0.041665
61.923410 0.041667
61.965076 0.041666
62.006744 0.041667
62.048411 0.041667
62.090076 0.041665
62.131744 0.041668
62.173410 0.041666
62.215077 0.041667
62.256744 0.041667
62.341324 0.084580
62.381743 0.040419
62.423410 0.041667
62.465076 0.041667
62.506745 0.041668
62.548410 0.041665
62.590077 0.041667
62.631743 0.041666
62.673410 0.041667
62.715077 0.041667
62.756744 0.041667
62.798410 0.041666
62.840077 0.041667
62.881743 0.041666
62.923411 0.041668
62.965077 0.041666
63.055471 0.090394
63.090076 0.034605
63.131744 0.041667
63.173409 0.041666
63.215077 0.041668
63.256744 0.041666
63.298411 0.041667
63.340077 0.041666
63.381743 0.041666
63.423410 0.041667
63.465076 0.041666
63.506743 0.041667
63.548410 0.041667
63.590076 0.041666
63.631744 0.041668
63.673410 0.041666
63.715076 0.041666
63.756742 0.041666
63.798410 0.041668
63.840077 0.041667
63.881743 0.041666
63.923409 0.041666
63.965076 0.041667
64.058221 0.093145
64.090076 0.031855
64.131743 0.041667
64.173410 0.041667
64.215076 0.041666
64.256744 0.041668
64.298410 0.041666
64.340057 0.041646
64.381743 0.041686
64.423410 0.041667
64.465076 0.041666
64.506744 0.041667
64.548411 0.041667
64.590076 0.041666
64.631744 0.041668
64.673409 0.041666
64.715077 0.041668
64.756744 0.041667
64.798410 0.041667
64.840076 0.041666
64.881743 0.041666
64.923410 0.041668
65.018614 0.095204
65.048410 0.029796
65.090076 0.041666
65.131747 0.041671
65.173410 0.041663
65.215076 0.041666
65.256743 0.041666
65.298410 0.041667
65.340076 0.041666
65.381743 0.041667
65.423409 0.041667
65.465076 0.041667
65.506742 0.041666
65.548410 0.041667
65.590076 0.041667
65.631744 0.041668
65.673409 0.041665
65.715076 0.041667
65.756743 0.041667
65.798410 0.041667
65.840076 0.041666
65.881743 0.041667
65.923410 0.041666
65.965076 0.041667
66.006742 0.041666
66.048410 0.041668
66.157444 0.109034
66.173410 0.015966
66.215078 0.041667
66.256744 0.041667
66.298411 0.041667
66.340077 0.041665
66.381743 0.041666
66.423410 0.041668
66.465078 0.041668
66.506744 0.041666
66.548410 0.041666
66.590077 0.041667
66.631743 0.041666
66.673410 0.041667
66.715077 0.041667
66.756743 0.041666
66.798410 0.041667
66.840078 0.041668
66.881742 0.041665
66.923411 0.041668
66.965076 0.041665
67.006744 0.041667
67.048411 0.041667
67.090076 0.041665
67.131742 0.041666
67.210143 0.078401
67.256743 0.046600
67.298410 0.041666
67.340076 0.041666
67.381743 0.041667
67.423409 0.041667
67.465077 0.041668
67.506744 0.041667
67.548410 0.041666
67.590077 0.041667
67.631745 0.041668
67.673410 0.041665
67.715077 0.041667
67.756743 0.041666
67.798410 0.041667
67.840077 0.041667
67.881743 0.041666
67.923409 0.041666
67.965076 0.041666
68.006742 0.041667
68.048411 0.041669
68.090076 0.041665
68.131745 0.041669
68.173409 0.041664
68.215077 0.041667
68.256744 0.041668
68.298410 0.041666
68.340075 0.041665
68.381743 0.041667
68.423410 0.041667
68.465077 0.041667
68.581833 0.116756
68.590080 0.008247
68.631745 0.041665
68.673410 0.041665
68.715076 0.041667
68.756742 0.041666
68.798409 0.041667
68.840077 0.041667
68.881742 0.041666
68.923410 0.041668
68.965076 0.041666
69.006744 0.041668
69.048410 0.041666
69.090076 0.041666
69.131743 0.041668
69.173410 0.041667
69.215076 0.041666
69.256744 0.041668
69.298410 0.041666
69.401671 0.103261
69.423410 0.021739
69.465076 0.041666
69.506743 0.041667
69.548410 0.041667
69.590076 0.041666
69.631745 0.041669
69.673410 0.041665
69.715077 0.041667
69.756742 0.041666
69.798410 0.041668
69.840077 0.041667
69.881743 0.041666
69.923410 0.041666
69.965077 0.041667
70.006744 0.041667
70.048410 0.041667
70.090076 0.041666
70.131744 0.041667
70.226943 0.095199
70.256744 0.029801
70.298410 0.041666
70.340077 0.041667
70.381742 0.041665
70.423410 0.041668
70.465076 0.041666
70.506744 0.041668
70.548410 0.041666
70.590076 0.041666
70.631744 0.041668
70.673409 0.041665
70.756743 0.083333
70.798410 0.041667
70.840077 0.041667
70.881742 0.041665
70.923410 0.041667
70.965077 0.041668
71.006744 0.041666
71.048411 0.041667
71.090076 0.041666
71.131744 0.041667
71.173410 0.041666
71.215076 0.041666
71.274046 0.058970
71.298410 0.024365
71.340076 0.041666
71.381744 0.041667
71.423410 0.041666
71.465077 0.041667
71.506742 0.041665
71.548410 0.041668
71.590076 0.041667
71.631745 0.041669
71.673409 0.041664
71.715079 0.041669
71.756744 0.041665
71.798412 0.041668
71.840078 0.041666
71.881744 0.041666
71.923411 0.041667
71.965078 0.041667
72.006743 0.041666
72.048411 0.041668
72.090077 0.041666
72.131743 0.041666
72.173410 0.041667
72.215078 0.041668
72.256748 0.041670
72.298410 0.041662
72.340078 0.041668
72.381744 0.041666
72.423410 0.041666
72.465077 0.041667
72.506744 0.041667
72.548411 0.041667
72.590078 0.041667
72.631745 0.041667
72.673411 0.041666
72.757732 0.084320
72.798444 0.040713
72.840078 0.041634
72.881745 0.041667
72.923411 0.041666
72.965077 0.041666
73.006744 0.041667
73.048412 0.041667
73.090077 0.041666
73.131744 0.041667
73.173412 0.041667
73.215078 0.041666
73.256744 0.041667
73.298414 0.041669
73.340077 0.041664
73.381720 0.041642
73.423411 0.041692
73.465077 0.041666
73.506745 0.041667
73.548410 0.041665
73.590077 0.041667
73.631745 0.041668
73.673411 0.041666
73.715077 0.041666
73.756743 0.041667
73.798411 0.041667
73.840078 0.041668
73.881744 0.041666
73.923411 0.041667
73.965076 0.041665
74.006744 0.041668
74.116698 0.109953
74.131876 0.015179
74.173411 0.041534
74.215077 0.041667
74.256744 0.041667
74.298411 0.041667
74.340077 0.041666
74.381744 0.041667
74.423410 0.041666
74.465078 0.041667
74.506744 0.041666
74.548411 0.041667
74.590077 0.041666
74.631744 0.041667
74.673411 0.041666
74.715078 0.041668
74.756744 0.041666
74.798411 0.041667
74.840077 0.041666
74.881743 0.041667
74.923410 0.041666
74.965078 0.041668
75.006744 0.041667
75.048410 0.041666
75.090077 0.041667
75.165937 0.075860
75.215076 0.049139
75.256743 0.041667
75.298410 0.041667
75.340077 0.041668
75.381743 0.041666
75.423411 0.041667
75.465077 0.041666
75.506743 0.041666
75.548411 0.041667
75.590077 0.041666
75.631743 0.041666
75.673410 0.041667
75.715076 0.041666
75.756743 0.041667
75.798409 0.041667
75.840076 0.041667
75.881743 0.041667
75.923410 0.041667
75.965076 0.041666
76.006744 0.041667
76.048409 0.041666
76.090077 0.041668
76.131743 0.041666
76.173410 0.041667
76.215076 0.041666
76.256744 0.041668
76.340337 0.083594
76.381744 0.041406
76.423409 0.041666
76.465076 0.041666
76.506743 0.041667
76.548410 0.041667
76.590076 0.041666
76.631743 0.041668
76.673409 0.041665
76.715077 0.041668
76.756743 0.041666
76.798410 0.041667
76.840077 0.041667
76.881743 0.041666
76.923410 0.041667
76.965076 0.041666
77.006743 0.041667
77.048410 0.041667
77.125410 0.076999
77.173410 0.048001
77.215076 0.041666
77.256742 0.041666
77.298409 0.041667
77.340076 0.041667
77.381742 0.041666
77.423410 0.041668
77.465076 0.041667
77.506744 0.041667
77.548410 0.041666
77.590076 0.041666
77.631744 0.041668
77.673410 0.041666
77.715077 0.041667
77.756743 0.041666
77.798409 0.041667
77.840076 0.041667
77.881742 0.041666
77.923410 0.041667
78.007288 0.083878
78.048410 0.041122
78.090077 0.041667
78.131743 0.041667
78.173364 0.041620
78.215077 0.041713
78.256743 0.041666
78.298410 0.041667
78.340076 0.041666
78.381743 0.041667
78.423410 0.041667
78.500301 0.076891
78.548410 0.048109
78.590076 0.041666
78.631743 0.041667
78.673410 0.041666
78.715076 0.041667
78.756743 0.041667
78.798410 0.041667
78.840077 0.041667
78.881745 0.041668
78.923410 0.041665
78.965076 0.041667
79.006744 0.041668
79.048410 0.041665
79.090076 0.041666
79.131743 0.041668
79.173411 0.041667
79.215077 0.041666
79.256743 0.041666
79.298410 0.041668
79.340076 0.041666
79.381744 0.041667
79.423409 0.041665
79.465076 0.041667
79.506743 0.041667
79.548409 0.041667
79.590075 0.041666
79.631743 0.041668
79.673410 0.041667
79.715076 0.041667
79.756742 0.041666
79.842055 0.085312
79.881743 0.039689
79.923409 0.041666
79.965076 0.041666
80.006743 0.041668
80.048410 0.041667
80.090076 0.041666
80.131744 0.041668
80.173410 0.041666
80.215077 0.041667
80.256743 0.041666
80.298410 0.041667
80.423411 0.125000
80.465077 0.041666
80.506742 0.041666
80.548410 0.041668
80.590077 0.041667
80.631743 0.041666
80.673410 0.041667
80.715080 0.041670
80.756743 0.041663
80.798410 0.041667
80.840077 0.041666
80.881743 0.041667
80.923410 0.041667
80.965076 0.041666
81.006743 0.041667
81.048410 0.041667
81.090076 0.041665
81.131743 0.041667
81.173410 0.041667
81.215076 0.041667
81.256743 0.041667
81.298410 0.041667
81.340076 0.041666
81.426597 0.086521
81.465076 0.038478
81.506743 0.041667
81.548410 0.041667
81.590077 0.041667
81.631744 0.041667
81.673409 0.041666
81.715077 0.041668
81.756743 0.041666
81.798409 0.041666
81.840076 0.041667
81.881742 0.041666
81.923410 0.041668
81.965076 0.041665
82.006744 0.041668
82.048409 0.041666
82.090076 0.041667
82.131742 0.041666
82.173410 0.041668
82.215076 0.041666
82.256744 0.041668
82.298410 0.041666
82.340077 0.041667
82.381742 0.041665
82.423410 0.041668
82.465076 0.041666
82.506743 0.041667
82.548409 0.041667
82.590076 0.041667
82.691950 0.101874
82.715077 0.023127
82.756743 0.041666
82.798410 0.041667
82.840076 0.041666
82.881743 0.041667
82.923403 0.041660
82.965076 0.041673
83.006744 0.041667
83.048410 0.041666
83.090076 0.041666
83.131744 0.041668
83.173410 0.041666
83.269526 0.096116
83.298410 0.028884
83.340076 0.041667
83.381742 0.041666
83.423409 0.041667
83.465076 0.041667
83.506743 0.041667
83.548410 0.041667
83.590077 0.041667
83.631743 0.041666
83.673410 0.041667
83.715077 0.041667
83.756743 0.041666
83.798410 0.041667
83.840076 0.041667
83.881743 0.041667
83.923410 0.041667
83.965076 0.041666
84.006744 0.041667
84.048410 0.041666
84.090077 0.041667
84.131743 0.041666
84.173410 0.041667
84.215077 0.041667
84.256743 0.041666
84.298410 0.041666
84.340077 0.041667
84.381743 0.041667
84.423410 0.041666
84.465077 0.041667
84.506743 0.041667
84.548409 0.041666
84.590077 0.041668
84.710216 0.120139
84.715287 0.005071
84.756743 0.041456
84.798410 0.041667
84.840078 0.041668
84.881743 0.041666
84.923417 0.041673
84.965077 0.041660
85.006743 0.041666
85.048411 0.041668
85.090076 0.041666
85.131744 0.041667
85.173409 0.041665
85.215076 0.041667
85.256743 0.041667
85.298410 0.041667
85.340076 0.041666
85.381743 0.041667
85.423409 0.041667
85.465039 0.041629
85.506742 0.041704
85.548409 0.041667
85.590076 0.041667
85.631743 0.041667
85.673410 0.041666
85.715076 0.041666
85.756743 0.041667
85.798410 0.041667
85.881743 0.083333
85.923410 0.041667
85.965076 0.041665
86.006743 0.041667
86.048409 0.041666
86.090076 0.041667
86.131742 0.041667
86.173409 0.041667
86.215076 0.041667
86.256743 0.041667
86.298410 0.041667
86.340077 0.041666
86.381743 0.041666
86.423410 0.041668
86.465077 0.041667
86.506743 0.041666
86.548410 0.041667
86.590076 0.041667
86.631743 0.041667
86.719650 0.087907
86.756743 0.037093
86.798410 0.041667
86.840076 0.041666
86.881743 0.041667
86.923410 0.041667
86.965076 0.041666
87.006743 0.041667
87.048410 0.041667
87.090077 0.041666
87.131744 0.041667
87.173410 0.041665
87.215077 0.041667
87.256743 0.041666
87.298410 0.041667
87.340077 0.041667
87.381743 0.041667
87.423410 0.041667
87.465076 0.041666
87.506743 0.041667
87.548410 0.041667
87.590077 0.041667
87.631743 0.041666
87.673409 0.041665
87.715078 0.041669
87.756744 0.041666
87.798410 0.041666
87.840076 0.041667
87.954202 0.114125
87.965075 0.010874
88.006744 0.041669
88.048410 0.041666
88.090076 0.041666
88.131743 0.041667
88.173411 0.041668
88.215077 0.041666
88.256743 0.041666
88.298410 0.041667
88.340077 0.041667
88.381742 0.041666
88.499608 0.117865
88.548410 0.048802
88.590077 0.041667
88.631743 0.041667
88.673410 0.041666
88.715077 0.041667
88.756743 0.041667
88.798409 0.041666
88.840076 0.041667
88.881742 0.041666
88.923410 0.041668
88.965075 0.041665
89.006743 0.041668
89.118328 0.111585
89.133568 0.015240
89.173410 0.039842
89.215077 0.041667
89.256743 0.041666
89.298410 0.041667
89.340076 0.041666
89.381743 0.041667
89.423409 0.041666
89.465077 0.041667
89.506743 0.041667
89.548411 0.041667
89.590077 0.041666
89.631743 0.041666
89.673409 0.041665
89.715077 0.041669
89.756743 0.041665
89.798410 0.041667
89.840077 0.041667
89.881743 0.041666
89.923410 0.041667
89.965077 0.041667
90.006744 0.041668
90.048409 0.041665
90.090077 0.041668
90.131744 0.041667
90.173409 0.041665
90.215077 0.041668
90.256742 0.041665
90.298409 0.041667
90.340076 0.041667
90.381743 0.041667
90.423410 0.041667
90.465077 0.041667
90.506743 0.041666
90.575132 0.068389
90.590309 0.015177
90.631743 0.041435
90.673410 0.041667
90.715076 0.041666
90.756743 0.041667
90.798409 0.041667
90.840077 0.041667
90.881743 0.041667
90.923410 0.041667
90.965077 0.041667
91.006743 0.041666
91.048410 0.041667
91.090076 0.041666
91.131743 0.041667
91.173410 0.041667
91.215077 0.041667
91.256742 0.041665
91.298410 0.041668
91.340076 0.041666
91.381742 0.041667
91.423409 0.041667
91.465076 0.041667
91.506743 0.041667
91.548410 0.041667
91.590075 0.041666
91.631742 0.041667
91.673409 0.041667
91.715076 0.041667
91.840078 0.125001
91.881742 0.041665
91.923409 0.041667
91.965076 0.041666
92.006744 0.041668
92.048410 0.041667
92.090076 0.041666
92.131744 0.041668
92.173410 0.041666
92.215077 0.041667
92.256743 0.041666
92.298410 0.041667
92.340075 0.041666
92.416128 0.076052
92.465076 0.048948
92.506743 0.041667
92.548409 0.041667
92.590076 0.041667
92.631743 0.041667
92.673411 0.041668
92.715077 0.041666
92.756744 0.041666
92.798410 0.041667
92.840076 0.041666
92.881742 0.041666
92.923410 0.041668
92.965076 0.041666
93.006744 0.041668
93.048410 0.041666
93.090076 0.041666
93.131743 0.041667
93.173410 0.041667
93.249365 0.075956
93.298411 0.049045
93.340076 0.041666
93.381744 0.041667
93.423410 0.041666
93.465077 0.041668
93.506743 0.041666
93.548411 0.041668
93.590076 0.041665
93.631743 0.041667
93.673408 0.041665
93.715077 0.041669
93.756743 0.041666
93.798410 0.041667
93.840077 0.041667
93.881743 0.041666
93.923409 0.041666
93.965077 0.041668
94.006743 0.041666
94.048410 0.041667
94.090076 0.041666
94.131743 0.041667
94.173409 0.041666
94.215076 0.041667
94.256743 0.041667
94.298409 0.041667
94.340077 0.041667
94.381744 0.041667
94.442861 0.061117
94.465077 0.022216
94.506743 0.041666
94.548410 0.041667
94.590076 0.041666
94.631744 0.041668
94.673409 0.041665
94.715077 0.041667
94.756743 0.041666
94.798410 0.041667
94.840076 0.041666
94.881742 0.041666
94.923410 0.041668
94.965076 0.041666
95.006743 0.041667
95.048409 0.041667
95.090076 0.041667
95.131744 0.041668
95.173409 0.041665
95.215077 0.041668
95.256744 0.041666
95.298411 0.041667
95.340075 0.041665
95.381744 0.041668
95.423409 0.041666
95.465076 0.041667
95.506743 0.041667
95.548409 0.041666
95.650401 0.101991
95.673409 0.023008
95.715077 0.041668
95.756743 0.041667
95.798410 0.041666
95.840077 0.041667
95.881742 0.041666
95.923411 0.041668
95.965076 0.041665
96.006743 0.041668
96.048410 0.041667
96.090077 0.041667
96.131743 0.041666
96.173410 0.041667
96.215076 0.041666
96.256743 0.041667
96.298409 0.041667
96.340076 0.041667
96.381743 0.041666
96.423410 0.041667
96.465076 0.041667
96.506744 0.041668
96.575928 0.069184
96.591106 0.015178
96.631743 0.040637
96.673410 0.041667
96.715076 0.041666
96.756743 0.041667
96.798410 0.041667
96.840077 0.041667
96.881742 0.041666
96.923410 0.041668
96.965077 0.041667
97.006744 0.041667
97.048410 0.041666
97.090076 0.041667
97.131743 0.041667
97.173410 0.041666
97.285510 0.112100
97.300688 0.015178
97.340077 0.039389
97.381743 0.041666
97.423410 0.041667
97.465076 0.041665
97.506743 0.041668
97.548409 0.041666
97.590077 0.041667
97.631744 0.041667
97.673410 0.041666
97.715076 0.041667
97.756743 0.041667
97.798410 0.041667
97.840076 0.041666
97.881743 0.041666
97.923410 0.041667
97.965076 0.041666
98.006743 0.041668
98.048410 0.041666
98.090077 0.041667
98.131743 0.041667
98.225292 0.093549
98.256743 0.031450
98.298411 0.041668
98.340078 0.041667
98.381744 0.041667
98.423411 0.041666
98.465078 0.041667
98.506744 0.041665
98.548411 0.041667
98.590077 0.041666
98.631744 0.041667
98.673410 0.041666
98.715077 0.041667
98.797327 0.082249
98.840078 0.042752
98.881745 0.041667
98.923411 0.041666
98.965077 0.041666
99.006744 0.041667
99.048411 0.041666
99.090077 0.041666
99.131744 0.041667
99.173411 0.041667
99.215078 0.041667
99.256744 0.041666
99.298411 0.041667
99.340077 0.041666
99.381745 0.041668
99.423410 0.041665
99.465077 0.041667
99.506744 0.041667
99.548411 0.041667
99.590076 0.041665
99.631744 0.041668
99.715078 0.083334
99.756744 0.041665
99.798411 0.041668
99.840078 0.041666
99.881744 0.041666
99.923412 0.041668
99.965077 0.041665
100.006744 0.041667
100.048410 0.041666
100.090077 0.041667
100.131744 0.041667
100.173411 0.041666
100.215077 0.041666
100.256744 0.041667
100.298410 0.041666
100.340077 0.041667
100.381744 0.041667
100.423410 0.041667
100.465076 0.041666
100.506744 0.041668
100.548411 0.041667
100.651448 0.103038
100.673412 0.021963
100.715078 0.041666
100.756744 0.041666
100.798411 0.041667
100.840077 0.041667
100.881745 0.041668
100.923410 0.041665
100.965077 0.041667
101.006743 0.041667
101.048411 0.041667
101.090078 0.041667
101.131744 0.041667
101.173411 0.041666
101.215077 0.041666
101.256744 0.041668
101.298411 0.041667
101.340078 0.041667
101.381744 0.041667
101.423411 0.041667
101.465077 0.041666
101.506744 0.041667
101.548411 0.041667
101.590077 0.041666
101.631743 0.041667
101.673410 0.041667
101.715077 0.041667
101.756744 0.041667
101.798409 0.041666
101.840078 0.041668
101.881743 0.041665
101.953736 0.071993
101.968914 0.015178
102.006744 0.037830
102.048411 0.041667
102.090077 0.041666
102.131744 0.041667
102.173410 0.041666
102.215077 0.041667
102.256744 0.041666
102.298410 0.041667
102.340077 0.041666
102.381744 0.041668
102.474978 0.093233
102.506744 0.031766
102.548410 0.041666
102.590077 0.041666
102.631743 0.041666
102.673412 0.041668
102.715077 0.041665
102.756740 0.041663
102.798410 0.041670
102.840078 0.041668
102.881744 0.041666
102.923411 0.041667
102.965077 0.041667
103.006744 0.041667
103.048410 0.041666
103.090077 0.041667
103.191962 0.101885
103.215078 0.023116
103.256744 0.041666
103.298411 0.041667
103.340078 0.041667
103.381744 0.041666
103.423409 0.041665
103.465078 0.041669
103.506743 0.041665
103.548410 0.041667
103.590077 0.041667
103.631744 0.041667
103.673410 0.041666
103.756985 0.083575
103.798410 0.041424
103.840077 0.041668
103.881743 0.041666
103.923411 0.041668
103.965077 0.041666
104.006744 0.041667
104.048411 0.041667
104.090077 0.041666
104.131744 0.041666
104.173410 0.041666
104.215076 0.041666
104.256743 0.041667
104.298411 0.041667
104.340078 0.041667
104.381747 0.041670
104.423412 0.041664
104.465077 0.041666
104.506743 0.041665
104.548410 0.041668
104.590076 0.041666
104.631743 0.041667
104.673410 0.041666
104.715076 0.041666
104.756743 0.041667
104.798410 0.041667
104.881869 0.083459
104.923410 0.041541
104.965077 0.041667
105.006743 0.041667
105.048410 0.041667
105.090076 0.041666
105.131743 0.041667
105.173409 0.041667
105.215077 0.041667
105.256743 0.041666
105.298409 0.041666
105.340076 0.041667
105.381743 0.041667
105.423410 0.041666
105.465077 0.041667
105.569131 0.104054
105.590077 0.020946
105.631743 0.041666
105.673410 0.041667
105.715076 0.041667
105.756744 0.041667
105.798410 0.041667
105.840077 0.041667
105.881747 0.041671
105.923411 0.041663
105.965075 0.041665
106.006744 0.041668
106.048409 0.041666
106.090077 0.041667
106.131743 0.041667
106.173410 0.041667
106.215077 0.041667
106.256744 0.041667
106.298410 0.041666
106.340076 0.041666
106.438101 0.098025
106.465077 0.026976
106.506743 0.041666
106.548410 0.041667
106.590076 0.041666
106.631743 0.041668
106.673410 0.041666
106.715077 0.041668
106.756743 0.041665
106.798410 0.041667
106.840076 0.041667
106.881742 0.041666
106.923409 0.041667
106.965076 0.041667
107.006743 0.041667
107.048410 0.041667
107.090075 0.041665
107.131743 0.041668
107.173410 0.041666
107.215076 0.041667
107.256743 0.041667
107.298413 0.041670
107.340075 0.041662
107.381743 0.041667
107.423410 0.041668
107.465077 0.041666
107.506742 0.041666
107.609879 0.103137
107.631743 0.021864
107.673410 0.041667
107.715077 0.041667
107.756743 0.041667
107.798410 0.041667
107.840077 0.041667
107.881742 0.041665
107.923410 0.041668
107.965075 0.041665
108.006743 0.041668
108.048410 0.041667
108.090076 0.041667
108.131743 0.041666
108.173378 0.041635
108.215076 0.041698
108.256744 0.041668
108.298410 0.041666
108.340077 0.041667
108.459122 0.119045
108.465079 0.005958
108.506744 0.041664
108.548410 0.041666
108.590076 0.041666
108.631744 0.041667
108.673409 0.041666
108.715076 0.041667
108.756742 0.041666
108.798410 0.041668
108.840076 0.041666
108.881743 0.041667
108.923410 0.041667
108.965077 0.041667
109.006744 0.041667
109.048409 0.041665
109.090077 0.041668
109.131744 0.041667
109.173410 0.041666
109.215077 0.041667
109.256743 0.041666
109.298410 0.041667
109.340077 0.041667
109.381742 0.041666
109.423409 0.041667
109.465076 0.041667
109.506743 0.041666
109.548409 0.041667
109.590077 0.041667
109.631745 0.041668
109.673411 0.041666
109.715077 0.041667
109.756743 0.041666
109.798410 0.041667
109.840076 0.041666
109.933981 0.093905
109.965076 0.031096
110.006743 0.041666
110.048410 0.041667
110.090076 0.041667
110.131743 0.041666
110.173410 0.041667
110.215077 0.041667
110.256743 0.041666
110.298410 0.041667
110.340076 0.041667
110.381742 0.041666
110.423410 0.041668
110.465077 0.041666
110.506743 0.041666
110.548410 0.041667
110.590076 0.041666
110.631743 0.041667
110.673410 0.041668
110.715076 0.041665
110.756743 0.041668
110.798410 0.041667
110.881743 0.083333
110.923410 0.041667
110.965076 0.041666
111.006743 0.041667
111.048410 0.041668
111.090076 0.041665
111.131743 0.041667
111.173411 0.041668
111.215077 0.041666
111.256743 0.041666
111.298410 0.041668
111.340075 0.041665
111.381743 0.041667
111.423409 0.041667
111.465077 0.041668
111.506743 0.041666
111.548409 0.041666
111.590075 0.041666
111.631743 0.041668
111.737416 0.105673
111.756747 0.019331
111.798410 0.041663
111.840077 0.041667
111.881743 0.041666
111.923410 0.041667
111.965077 0.041667
112.006743 0.041666
112.048409 0.041666
112.090077 0.041668
112.131742 0.041665
112.173410 0.041667
112.298411 0.125001
112.340077 0.041666
112.381743 0.041666
112.423410 0.041667
112.465076 0.041666
112.506743 0.041668
112.548410 0.041667
112.590076 0.041666
112.631744 0.041667
112.673413 0.041669
112.715076 0.041664
112.756743 0.041667
112.798410 0.041667
112.840076 0.041666
112.932588 0.092512
112.965075 0.032488
113.006743 0.041667
113.048410 0.041667
113.090075 0.041665
113.131743 0.041668
113.173409 0.041666
113.215076 0.041667
113.256742 0.041665
113.298409 0.041668
113.340076 0.041667
113.381743 0.041667
113.423409 0.041666
113.465076 0.041667
113.506742 0.041666
113.548410 0.041667
113.590075 0.041666
113.631743 0.041668
113.721101 0.089358
113.756743 0.035642
113.798410 0.041667
113.840076 0.041667
113.881742 0.041666
113.923410 0.041668
113.965076 0.041665
114.006743 0.041667
114.048408 0.041665
114.090076 0.041668
114.131743 0.041667
114.173409 0.041666
114.215076 0.041667
114.256743 0.041666
114.298409 0.041667
114.340076 0.041667
114.381742 0.041666
114.423410 0.041667
114.465076 0.041666
114.506743 0.041667
114.548409 0.041666
114.590077 0.041667
114.631743 0.041666
114.673409 0.041666
114.715076 0.041667
114.756743 0.041666
114.798410 0.041667
114.912325 0.113915
114.927503 0.015178
114.965076 0.037573
115.006744 0.041667
115.048410 0.041666
115.090076 0.041666
115.131743 0.041667
115.173410 0.041667
115.215077 0.041667
115.256743 0.041666
115.298410 0.041667
115.340076 0.041666
115.412609 0.072533
115.427786 0.015177
115.465076 0.037290
115.506743 0.041667
115.548410 0.041667
115.590076 0.041666
115.631744 0.041668
115.673410 0.041666
115.715077 0.041667
115.756743 0.041666
115.798410 0.041667
115.840076 0.041666
115.881743 0.041667
115.923410 0.041668
115.965077 0.041667
116.006743 0.041667
116.048410 0.041667
116.090075 0.041665
116.131744 0.041669
116.173409 0.041665
116.215077 0.041667
116.256743 0.041666
116.298410 0.041667
116.340075 0.041665
116.381743 0.041668
116.423410 0.041667
116.465077 0.041667
116.506743 0.041666
116.548409 0.041667
116.590075 0.041666
116.631744 0.041668
116.673408 0.041665
116.763741 0.090332
116.798409 0.034669
116.840076 0.041667
116.881742 0.041666
116.923411 0.041669
116.965075 0.041664
117.006743 0.041667
117.048409 0.041666
117.090076 0.041668
117.131742 0.041666
117.173410 0.041668
117.215077 0.041667
117.256744 0.041667
117.298410 0.041666
117.340077 0.041667
117.381743 0.041666
117.423410 0.041667
117.465076 0.041666
117.506743 0.041667
117.548410 0.041667
117.590076 0.041667
117.631742 0.041666
117.673410 0.041667
117.715076 0.041667
117.756744 0.041667
117.798410 0.041667
117.840077 0.041667
117.881743 0.041666
117.923409 0.041666
117.965076 0.041666
118.006743 0.041668
118.048410 0.041666
118.090076 0.041667
118.158384 0.068308
118.173564 0.015180
118.215076 0.041512
118.256743 0.041667
118.298414 0.041671
118.340077 0.041662
118.381743 0.041667
118.423411 0.041667
118.465075 0.041665
118.506743 0.041667
118.548410 0.041667
118.590076 0.041666
118.631742 0.041666
118.673409 0.041667
118.715075 0.041666
118.756742 0.041667
118.798409 0.041667
118.881259 0.082850
118.923410 0.042151
118.965077 0.041667
119.006742 0.041666
119.048409 0.041666
119.090076 0.041667
119.131744 0.041668
119.173409 0.041665
119.215077 0.041668
119.256744 0.041667
119.298411 0.041667
119.340078 0.041667
119.381744 0.041666
119.423411 0.041666
119.465077 0.041666
119.506744 0.041667
119.548412 0.041668
119.590077 0.041666
119.631744 0.041667
119.673411 0.041667
119.715078 0.041667
119.756744 0.041666
119.798411 0.041667
119.840079 0.041668
119.881744 0.041665
119.923410 0.041667
119.965078 0.041667
120.006737 0.041660
120.048411 0.041674
120.090077 0.041666
120.131744 0.041667
120.173410 0.041667
120.215078 0.041667
120.256744 0.041667
120.298411 0.041667
120.381745 0.083333
120.423411 0.041667
120.465078 0.041667
120.506745 0.041667
120.548412 0.041667
120.590078 0.041667
120.631744 0.041666
120.673411 0.041667
120.715077 0.041667
120.756745 0.041667
120.798411 0.041666
120.840077 0.041666
120.881744 0.041666
120.923411 0.041668
120.965078 0.041666
121.006744 0.041666
121.048411 0.041667
121.090078 0.041667
121.131745 0.041666
121.173411 0.041666
121.215078 0.041667
121.256744 0.041666
121.298411 0.041667
121.340078 0.041667
121.381744 0.041666
121.423411 0.041667
121.465076 0.041665
121.506745 0.041669
121.548410 0.041665
121.590077 0.041667
121.684635 0.094558
121.715077 0.030442
121.756743 0.041666
121.798411 0.041668
121.840078 0.041667
121.881744 0.041666
121.923411 0.041667
121.965077 0.041667
122.006745 0.041667
122.048411 0.041666
122.090077 0.041666
122.131744 0.041667
122.173410 0.041667
122.215078 0.041667
122.256745 0.041667
122.298411 0.041666
122.340077 0.041666
122.381745 0.041668
122.423411 0.041666
122.465078 0.041667
122.506743 0.041666
122.611411 0.104667
122.631744 0.020333
122.673410 0.041667
122.715078 0.041667
122.756744 0.041667
122.798410 0.041666
122.840077 0.041667
122.881743 0.041666
122.923411 0.041668
122.965078 0.041667
123.006744 0.041666
123.048410 0.041666
123.090078 0.041668
123.131744 0.041666
123.173412 0.041668
123.215077 0.041665
123.256744 0.041667
123.298410 0.041666
123.340078 0.041668
123.381743 0.041665
123.423410 0.041667
123.465077 0.041666
123.506745 0.041668
123.614525 0.107780
123.631747 0.017222
123.673411 0.041664
123.715078 0.041667
123.756744 0.041666
123.798411 0.041667
123.840078 0.041667
123.881745 0.041667
123.923411 0.041666
123.965078 0.041667
124.006745 0.041667
124.048411 0.041666
124.090077 0.041666
124.131744 0.041667
124.173411 0.041667
124.215078 0.041667
124.256743 0.041666
124.298411 0.041668
124.340077 0.041666
124.381744 0.041667
124.423411 0.041667
124.465078 0.041667
124.506744 0.041667
124.576447 0.069703
124.590077 0.013630
124.631744 0.041667
124.673409 0.041666
124.715077 0.041668
124.756742 0.041665
124.798409 0.041667
124.840076 0.041667
124.881743 0.041667
124.923410 0.041667
124.965077 0.041667
125.006742 0.041665
125.048409 0.041667
125.090075 0.041666
125.131743 0.041667
125.173410 0.041667
125.215076 0.041667
125.256743 0.041667
125.298410 0.041666
125.340076 0.041666
125.381743 0.041667
125.423410 0.041667
125.465075 0.041665
125.506743 0.041667
125.590583 0.083840
125.631743 0.041159
125.673409 0.041667
125.715077 0.041667
125.756743 0.041667
125.798410 0.041667
125.840076 0.041666
125.881742 0.041666
125.923410 0.041668
125.965076 0.041665
126.006744 0.041669
126.048409 0.041665
126.090076 0.041667
126.131743 0.041667
126.173410 0.041667
126.215076 0.041666
126.256743 0.041667
126.298410 0.041667
126.340077 0.041667
126.381743 0.041666
126.423411 0.041668
126.465078 0.041667
126.506743 0.041665
126.548410 0.041667
126.627167 0.078757
126.673410 0.046244
126.715077 0.041666
126.756743 0.041666
126.798410 0.041667
126.840077 0.041667
126.881743 0.041666
126.923410 0.041667
126.965076 0.041666
127.006743 0.041666
127.048410 0.041667
127.090054 0.041645
127.131743 0.041689
127.173409 0.041666
127.215077 0.041668
127.256742 0.041666
127.298410 0.041668
127.340077 0.041667
127.381744 0.041667
127.423410 0.041666
127.524858 0.101448
127.548410 0.023552
127.590077 0.041667
127.631743 0.041666
127.673409 0.041666
127.715076 0.041667
127.756743 0.041667
127.798410 0.041667
127.840077 0.041667
127.881742 0.041665
127.923410 0.041668
127.965077 0.041667
128.006743 0.041667
128.048410 0.041667
128.090076 0.041665
128.131743 0.041667
128.173410 0.041667
128.215076 0.041666
128.256743 0.041667
128.338952 0.082208
128.381743 0.042791
128.423410 0.041667
128.465076 0.041666
128.506744 0.041668
128.548411 0.041667
128.590077 0.041666
128.631743 0.041667
128.673410 0.041667
128.715076 0.041666
128.756742 0.041666
128.798410 0.041667
128.840077 0.041667
128.881743 0.041666
128.923409 0.041667
128.965077 0.041667
129.006744 0.041667
129.048410 0.041666
129.090075 0.041665
129.131743 0.041667
129.173411 0.041668
129.215077 0.041666
129.256742 0.041666
129.298410 0.041668
129.340077 0.041667
129.381744 0.041667
129.423410 0.041666
129.465076 0.041666
129.506744 0.041668
129.548409 0.041665
129.590076 0.041667
129.631743 0.041667
129.673409 0.041666
129.761551 0.088143
129.798409 0.036858
129.840076 0.041667
129.881743 0.041666
129.923410 0.041667
129.965076 0.041666
130.006742 0.041667
130.048409 0.041667
130.090077 0.041667
130.131743 0.041666
130.173410 0.041667
130.215076 0.041667
130.256743 0.041666
130.298410 0.041667
130.340076 0.041666
130.381742 0.041667
130.423410 0.041667
130.465075 0.041666
130.506743 0.041668
130.548409 0.041666
130.590076 0.041667
130.631742 0.041666
130.673410 0.041668
130.715077 0.041667
130.756745 0.041667
130.798410 0.041665
130.840078 0.041668
130.881744 0.041666
130.923411 0.041667
130.965076 0.041665
131.006742 0.041667
