0.048636
0.083668
0.076467
0.044466
0.068579
0.082360
0.080242
0.052730
0.048008
0.082334
0.057659
0.068948
0.043569
0.045200
0.046233
0.070518
0.071939
0.062812
0.065935
0.067700
0.071971
0.085103
0.079809
0.074097
0.058375
0.049066
0.053334
0.064961
0.066687
0.068691
0.067976
0.063976
0.055797
0.067585
0.055539
0.054245
0.078127
0.085405
0.072421
0.072646
0.070361
0.056420
0.049493
0.054258
0.066642
0.056434
0.084183
0.062416
0.067641
0.048269
0.084283
0.053882
0.050670
0.059808
0.063212
0.066726
0.060178
0.076701
0.066618
0.056758
0.083210
0.083004
0.066424
0.050101
0.051170
0.080171
0.059495
0.071258
0.051866
0.075145
0.065886
0.068082
0.050765
0.052972
0.064592
0.075163
0.059314
0.074635
0.070551
0.077338
0.043505
0.053176
0.084894
0.075463
0.070831
0.058328
0.079819
0.045939
0.072080
0.077553
0.082808
0.083443
0.063166
0.082293
0.053998
0.045156
0.051218
0.081635
0.055116
0.077612
0.064311
0.063198
0.046294
0.068102
0.054304
0.059434
0.066318
0.075984
0.058903
0.071086
0.057011
0.073698
0.077516
0.053297
0.052198
0.065547
0.079460
0.059530
0.070952
0.082096
0.050302
0.070351
0.045894
0.050930
0.043502
0.056121
0.079815
0.078560
0.068346
0.076410
0.068927
0.060546
0.066548
0.080001
0.052407
