0.008108
0.003350
0.005819
0.004931
0.004888
0.004195
0.003569
0.005010
0.004846
0.004852
0.004833
0.004914
0.004873
0.004200
0.004870
0.003648
0.004955
0.004915
0.004868
0.004860
0.004854
0.004844
0.004221
0.004845
0.003647
0.004931
0.004827
0.004823
0.004889
0.004819
0.004840
0.004166
0.004845
0.003635
0.004931
0.004886
0.004823
0.004822
0.004777
0.004827
0.004150
0.004817
0.003611
0.004875
0.004774
0.004779
0.004793
0.004776
0.004777
0.004130
0.004781
0.003599
0.004887
0.004807
0.004796
0.004791
0.004792
0.004779
0.004100
0.004793
0.003584
0.004896
0.004809
0.004819
0.004881
0.004806
0.004794
0.004095
0.004814
0.003585
0.004892
0.004780
0.004768
0.004760
0.004768
0.004777
0.004121
0.004799
0.004059
0.002959
0.003211
0.003144
0.003126
0.002900
0.004774
0.004134
0.004799
0.003594
0.004861
0.004754
0.004772
0.004750
0.004759
0.004769
0.004108
0.004764
0.003578
0.004879
0.004779
0.004787
0.004791
0.004789
0.004785
0.004093
0.004771
0.003781
0.004058
0.004131
0.003969
0.005964
0.012797
0.009851
0.007034
0.005955
0.016614
0.006926
0.017079
0.020784
0.007184
0.026339
0.008195
0.007865
0.018543
0.023625
0.018487
0.023688
0.007145
0.022902
0.008010
0.009072
0.024450
0.011594
0.007079
0.006773
0.018976
0.006784
0.014504
0.021787
0.012180
0.009088
0.009589
0.026271
0.012906
0.008587
0.009057
0.022174
0.010243
0.010149
0.018611
0.006845
0.022183
0.010933
0.008280
0.007187
0.021498
0.013154
0.007332
0.009436
0.017251
0.013438
0.008327
0.007301
0.011074
0.014762
0.009423
0.026840
0.017535
0.015732
0.011482
0.012086
0.019634
0.016180
0.012265
0.011841
0.016360
0.012210
0.011398
0.016085
0.012166
0.009713
0.009823
0.013357
0.011794
0.014811
0.012073
0.014300
0.011896
0.009685
0.013938
0.010912
0.011479
0.010820
0.009404
0.010274
0.009352
0.010493
0.009220
0.009519
0.012582
0.009845
0.012043
0.012409
0.010055
0.011631
0.009406
0.010850
0.011316
0.010209
0.010574
0.011450
0.010683
0.012124
0.010098
0.010457
0.010258
0.011544
0.009459
0.010061
0.009140
0.012741
0.016108
0.013638
0.015504
0.016321
0.012714
0.018337
0.015480
0.013479
0.017433
0.017086
0.012696
0.013497
0.014553
0.016160
0.012228
0.016558
0.016442
0.014837
0.017731
0.015230
0.013985
0.017339
0.015177
0.012829
0.015317
0.019093
0.016814
0.016999
0.014348
0.014412
0.017929
0.019503
0.014658
0.016319
0.004996
0.003077
0.017160
0.015990
0.004211
0.005587
0.003677
0.006884
0.009703
0.011373
0.014151
0.014309
0.016603
0.012263
0.011266
0.008963
0.009594
0.010237
0.009282
0.009357
0.009667
0.013235
0.010955
0.011107
0.015452
0.013329
0.010051
0.010145
0.015104
0.013159
0.009688
0.010171
0.014843
0.013300
0.010566
0.010556
0.013540
0.012942
0.009852
0.010176
0.010171
0.051096
0.032206
0.018543
0.012788
0.011605
0.011096
0.011268
0.029501
0.015677
0.008496
0.010279
0.030155
0.015879
0.008353
0.010588
0.030358
0.015430
0.008513
0.010597
0.027592
0.015548
0.008100
0.011031
0.027228
0.015617
0.008817
0.010484
0.027405
0.016651
0.009035
0.011556
0.022941
0.015475
0.008190
0.009800
0.011951
0.017458
0.009133
0.011311
0.013357
0.013096
0.010552
0.010882
0.014571
0.013398
0.011007
0.011089
0.014945
0.013069
0.011059
0.010217
0.014632
0.012751
0.010031
0.010881
0.013792
0.012972
0.010739
0.010969
0.013622
0.013388
0.011062
0.011127
0.012530
0.011346
0.013685
0.008767
0.011250
0.015099
0.010525
0.014607
0.010356
0.014068
0.010777
0.013316
0.011276
0.010921
0.011235
0.008653
0.010661
0.009605
0.010352
0.009819
0.009472
0.010335
0.011134
0.010164
0.011817
0.010310
0.011714
0.010674
0.012578
0.010522
0.011119
0.010508
0.011505
0.010769
0.010267
0.010077
0.010939
0.010376
0.011146
0.010440
0.012333
0.011601
0.011695
0.011163
0.012810
0.011516
0.011575
0.009869
0.012571
0.011093
0.011783
0.018540
0.018140
0.024389
0.023289
0.025607
0.028994
0.009791
0.026483
0.011188
0.010627
0.009633
0.021334
0.014200
0.011052
0.011757
0.009530
0.009937
0.011662
0.011423
0.007205
0.007558
0.011824
0.010624
0.013680
0.013150
0.010916
0.011367
0.013699
0.013984
0.010890
0.011293
0.013722
0.013898
0.010979
0.011754
0.013778
0.015147
0.011374
0.011698
0.013364
0.014205
0.011745
0.011778
0.012446
0.014276
0.012201
0.012622
0.011958
0.012470
0.011715
0.011867
0.011847
0.012949
0.011833
0.011622
0.009694
0.011802
0.011145
0.009882
0.010613
0.009540
0.011454
0.009873
0.010074
0.009752
0.009382
0.009535
0.009854
0.009225
0.009523
0.009599
0.010161
0.012895
0.014819
0.013722
0.016593
0.015618
0.014814
0.016704
0.013092
0.016836
0.017217
0.013725
0.016804
0.010074
0.010107
0.014030
0.010021
0.012448
0.012278
0.010360
0.010283
0.012223
0.010285
0.012318
0.013054
0.010668
0.010330
0.012469
0.010514
0.012647
0.012659
0.010442
0.010660
0.013300
0.013395
0.011009
0.010149
0.012174
0.010522
0.011277
0.010489
0.015723
0.012646
0.014237
0.011697
0.012074
0.017069
0.015524
0.011375
0.012133
0.017219
0.016474
0.011850
0.013017
0.016995
0.016859
0.012957
0.013087
0.015563
0.017112
0.012876
0.012704
0.014527
0.011680
0.011503
0.019925
0.017261
0.019155
0.017855
0.017756
0.018774
0.019958
0.017690
0.017782
0.018484
0.017737
0.019386
0.019986
0.017939
0.017805
0.018837
0.019604
0.017352
0.017202
0.013789
0.018908
0.017056
0.015579
0.012292
0.011245
0.016297
0.013964
0.011708
0.014538
0.014660
0.012340
0.016202
0.015865
0.015798
0.015255
0.014960
0.013658
0.015424
0.012564
0.017048
0.014454
0.014777
0.010805
0.013647
0.011580
0.014644
0.011930
0.012215
0.011184
0.009786
0.010364
0.011628
0.010947
0.011652
0.011161
0.011204
0.012481
0.012869
0.012146
0.012035
0.010864
0.011385
0.011413
0.013633
0.011288
0.011559
0.012711
0.010111
0.011288
0.010946
0.011338
0.010768
0.009753
0.011042
0.010518
0.011322
0.010895
0.010478
0.010634
0.012451
0.012145
0.011573
0.010773
0.011739
0.013046
0.010205
0.009573
0.012944
0.012431
0.008906
0.008531
0.013863
0.011809
0.008428
0.008131
0.013855
0.010195
0.007895
0.007927
0.014071
0.009889
0.007411
0.007934
0.013049
0.009903
0.006777
0.007369
0.005651
0.002986
0.007264
0.002954
0.004756
0.004775
0.006317
0.004453
0.003677
0.007104
0.007502
0.008442
0.009418
0.010889
0.011465
0.013652
0.015265
0.014459
0.014258
0.014339
0.014020
0.014693
0.012180
0.013610
0.013895
0.012191
0.013789
0.015718
0.011891
0.011842
0.012639
0.011628
0.013606
0.012067
0.014181
0.012029
0.013324
0.014073
0.010937
0.011285
0.012672
0.011265
0.023694
0.017377
0.013733
0.013987
0.020214
0.014862
0.014117
0.024422
0.017255
0.014623
0.013189
0.022266
0.016520
0.014139
0.013745
0.021811
0.016840
0.014113
0.014436
0.022264
0.016810
0.014136
0.014143
0.021656
0.016759
0.014534
0.013893
0.018427
0.016586
0.013666
0.014313
0.021436
0.013174
0.012726
0.009598
0.009963
0.009643
0.016031
0.008729
0.015998
0.008520
0.017255
0.008236
0.015310
0.008349
0.019249
0.012455
0.009896
0.009567
0.017237
0.008348
0.016142
0.008169
0.015639
0.009557
0.017167
0.009418
0.017694
0.011689
0.009895
0.009977
0.013938
0.012452
0.010038
0.010260
0.010215
0.010432
0.009696
0.009217
0.012716
0.011085
0.011678
0.013366
0.013277
0.010669
0.010711
0.013560
0.012609
0.010148
0.009654
0.013415
0.009552
0.012945
0.012771
0.009751
0.011108
0.013182
0.013846
0.010902
0.010277
0.010822
0.013351
0.008968
0.011808
0.012571
0.014413
0.012239
0.012351
0.012926
0.011040
0.010963
0.012712
0.013055
0.013182
0.011023
0.011890
0.014186
0.013331
0.010948
0.010659
0.013130
0.014000
0.012352
0.011750
0.013089
0.015720
0.012087
0.012738
0.014156
0.012124
0.012958
0.010338
0.013622
0.013524
0.011329
0.011416
0.011898
0.012841
0.012172
0.011542
0.013335
0.013727
0.013379
0.014547
0.012966
0.015371
0.012936
0.013136
0.011962
0.014385
0.012323
0.013180
0.011892
0.012156
0.011305
0.013499
0.011895
0.011438
0.011921
0.012491
0.010972
0.014792
0.012619
0.013170
0.011097
0.014048
0.010742
0.012020
0.014062
0.013828
0.010981
0.011081
0.012940
0.011408
0.012881
0.013257
0.011955
0.013034
0.013767
0.013962
0.012680
0.012163
0.014154
0.014327
0.010897
0.011941
0.013168
0.013522
0.011873
0.022404
0.011666
0.009569
0.013195
0.009808
0.013054
0.010009
0.013427
0.009362
0.014216
0.010225
0.014335
0.009641
0.013221
0.009831
0.013088
0.009884
0.014879
0.012111
0.010419
0.010324
0.014633
0.012729
0.010519
0.010928
0.009943
0.010582
0.015428
0.012423
0.011538
0.010111
0.010543
0.013622
0.011926
0.010134
0.009642
0.013031
0.011202
0.009067
0.008902
0.013427
0.011890
0.009054
0.009742
0.010715
0.011745
0.009768
0.009296
0.014596
0.010651
0.009473
0.007623
0.007819
0.012541
0.010039
0.007682
0.007879
0.012122
0.010382
0.007677
0.007675
0.012945
0.011127
0.007921
0.008860
0.011475
0.009870
0.008023
0.008109
0.011338
0.010794
0.007954
0.008390
0.011174
0.008337
0.007885
0.011987
0.013460
0.012696
0.013178
0.014397
0.015180
0.012489
0.012326
0.015597
0.015922
0.012752
0.012535
0.015230
0.017585
0.014567
0.014976
0.013152
0.012488
0.011387
0.009994
0.006864
0.008943
0.012535
0.011960
0.009904
0.009675
0.011814
0.013266
0.010458
0.011637
0.010395
0.012921
0.011115
0.011582
0.009276
0.011454
0.011640
0.009329
0.011213
0.010053
0.011737
0.012642
0.011607
0.012515
0.012068
0.011799
0.012200
0.011249
0.012128
0.013552
0.011681
0.011930
0.009375
0.008855
0.011144
0.009294
0.008936
0.008922
0.009369
0.011408
0.009818
0.009511
0.010948
0.009445
0.010689
0.008790
0.007838
0.008624
0.008354
0.008340
0.008886
0.007693
0.007883
0.004169
0.003003
0.002915
0.002851
0.004785
0.004854
0.005048
0.003734
0.007510
0.007276
0.009210
0.008483
0.011389
0.010782
0.013504
0.015021
0.011827
0.011109
0.013752
0.010842
0.008444
0.009696
0.014553
0.012085
0.009877
0.009875
0.014286
0.012184
0.010093
0.009781
0.012092
0.008919
0.010985
0.011819
0.009453
0.009924
0.013250
0.012071
0.010538
0.008227
0.008107
0.013224
0.010808
0.008071
0.007984
0.013555
0.010773
0.007998
0.008245
0.013767
0.011068
0.008312
0.008460
0.014361
0.010700
0.008404
0.007862
0.012966
0.009837
0.007429
0.008624
0.013796
0.011040
0.008457
0.008140
0.012410
0.008073
0.013033
0.010582
0.008202
0.008131
0.007903
0.010005
0.008103
0.006933
0.007874
0.008140
0.011355
0.013144
0.010565
0.011382
0.013947
0.011500
0.013774
0.013677
0.012572
0.012206
0.012368
0.011301
0.012293
0.011479
0.007934
0.012295
0.011242
0.009540
0.007877
0.008461
0.010541
0.008567
0.012380
0.012003
0.009674
0.010284
0.013103
0.012533
0.010429
0.010138
0.012497
0.011737
0.010563
0.009566
0.011878
0.010205
0.007909
0.008942
0.007892
0.011565
0.012747
0.012364
0.011463
0.011264
0.013443
0.012835
0.010819
0.011611
0.012504
0.011145
0.011462
0.011964
0.011553
0.011357
0.010303
0.013063
0.010538
0.010140
0.010821
0.009968
0.010135
0.009044
0.012082
0.012267
0.010955
0.010923
0.011348
0.010317
0.010346
0.010503
0.010399
0.010485
0.009356
0.012703
0.011278
0.012491
0.009362
0.008367
0.012057
0.008459
0.011811
0.008602
0.011896
0.009249
0.009773
0.010205
0.009476
0.012115
0.011171
0.010788
0.011729
0.010108
0.011068
0.009715
0.009536
0.009654
0.010354
0.007999
0.010550
0.009383
0.010856
0.011115
0.009660
0.009565
0.010631
0.010887
0.009252
0.009296
0.017081
0.014802
0.013645
0.011815
0.011194
0.012623
0.010065
0.014684
0.012726
0.010583
0.010529
0.013422
0.013520
0.010445
0.010540
0.014856
0.013853
0.010740
0.010692
0.014353
0.012986
0.010498
0.010562
0.012299
0.010974
0.013839
0.012425
0.010840
0.011149
0.009494
0.012545
0.011159
0.010361
0.011144
0.012206
0.010955
0.011033
0.011872
0.012596
0.011280
0.010702
0.011309
0.010560
0.012443
0.012324
0.010198
0.010901
0.012472
0.011926
0.011183
0.010087
0.012770
0.012827
0.010577
0.010589
0.011578
0.010781
0.012046
0.011832
0.011137
0.009577
0.011502
0.012421
0.009670
0.010910
0.026675
0.011535
0.008131
0.009232
0.009306
0.013641
0.009589
0.009049
0.008669
0.013069
0.009531
0.009382
0.008618
0.012437
0.009351
0.009374
0.007661
0.009610
0.009269
0.008691
0.008859
0.007024
0.010156
0.008916
0.009079
0.012664
0.011555
0.011077
0.010022
0.010173
0.012513
0.012170
0.010604
0.010499
0.012741
0.012258
0.010197
0.010086
0.013461
0.012170
0.010353
0.009444
0.013507
0.012515
0.010077
0.010319
0.011664
0.009227
0.011239
0.009741
0.011349
0.009923
0.009717
0.009765
0.018984
0.012380
0.011473
0.016458
0.015670
0.011396
0.012414
0.015012
0.011885
0.014972
0.010416
0.012945
0.010778
0.014416
0.011049
0.012722
0.013646
0.011117
0.013858
0.012703
0.012970
0.011183
0.011455
0.012276
0.011518
0.012921
0.013350
0.011951
0.011956
0.013333
0.013576
0.011426
0.011520
0.012584
0.011566
0.012152
0.013194
0.011327
0.011525
0.010266
0.012143
0.011017
0.011451
0.011851
0.012226
0.011806
0.012224
0.013981
0.012154
0.011441
0.011858
0.011733
0.012165
0.012483
0.011622
0.012411
0.015240
0.014258
0.014608
0.014993
0.015103
0.013145
0.012929
0.014660
0.015019
0.012757
0.012471
0.012555
0.012809
0.012563
0.013508
0.015149
0.013572
0.013193
0.013783
0.012979
0.013768
0.014528
0.012689
0.012688
0.013938
0.014663
0.012128
0.012681
0.013718
0.015159
0.012803
0.012923
0.013845
0.012881
0.014319
0.014765
0.012970
0.012324
0.014187
0.012811
0.013778
0.014469
0.012674
0.013350
0.014782
0.014941
0.013101
0.012648
0.014663
0.014542
0.012178
0.011877
0.012122
0.030948
0.018788
0.014233
0.012041
0.011628
0.019796
0.015353
0.012206
0.011690
0.019257
0.014671
0.011769
0.011721
0.019981
0.014500
0.011494
0.011916
0.017891
0.014444
0.011528
0.012084
0.017203
0.015039
0.012060
0.011561
0.013061
0.014956
0.011742
0.013731
0.014326
0.014362
0.012735
0.012563
0.014900
0.014522
0.012364
0.012086
0.014387
0.011806
0.015600
0.013706
0.011620
0.011359
0.015749
0.012969
0.011694
0.010640
0.015206
0.013227
0.011194
0.010874
0.016414
0.012418
0.011352
0.010529
0.015531
0.012310
0.010629
0.010645
0.014950
0.012159
0.010361
0.010533
0.015153
0.012805
0.010448
0.010813
0.014779
0.011958
0.010387
0.010438
0.013133
0.009879
0.014225
0.012744
0.010490
0.010377
0.008025
0.010979
0.010546
0.008373
0.008313
0.008178
0.007705
0.008859
0.010690
0.010949
0.011837
0.011483
0.011844
0.012410
0.010466
0.013163
0.012330
0.011165
0.011268
0.010992
0.011672
0.011357
0.012205
0.011985
0.007785
0.010280
0.007804
0.008238
0.013757
0.014492
0.014687
0.012194
0.013859
0.016300
0.013079
0.015118
0.014452
0.013339
0.013488
0.012934
0.008022
0.011749
0.012913
0.008329
0.009577
0.010336
0.010127
0.010910
0.011784
0.010772
0.011488
0.011557
0.009890
0.012449
0.012637
0.009717
0.011395
0.009579
0.011137
0.011339
0.010887
0.011001
0.012190
0.010349
0.010245
0.009355
0.011082
0.010112
0.011991
0.009714
0.012683
0.012123
0.010183
0.009528
0.011681
0.011612
0.009510
0.009792
0.012827
0.012342
0.011292
0.011712
0.015255
0.012041
0.013067
0.015974
0.014657
0.011425
0.011563
0.013502
0.014344
0.012131
0.017424
0.011641
0.010160
0.013581
0.012029
0.009635
0.010427
0.012868
0.012259
0.010080
0.010097
0.009531
0.010180
0.010476
0.008296
0.011604
0.012084
0.010118
0.011957
0.010126
0.011862
0.009994
0.011536
0.009284
0.008922
0.012281
0.013207
0.013733
0.011036
0.011694
0.013863
0.013904
0.011614
0.011313
0.010460
0.013145
0.011084
0.009421
0.012853
0.011767
0.009234
0.009493
0.013542
0.011493
0.008451
0.008777
0.009277
0.009721
0.009061
0.008172
0.011589
0.009115
0.009818
0.012922
0.010371
0.008175
0.007974
0.012326
0.010596
0.007794
0.007764
0.012474
0.010817
0.008180
0.007392
0.011915
0.009929
0.007714
0.007823
0.011784
0.009910
0.007617
0.007610
0.009458
0.009759
0.007366
0.007691
0.018618
0.012492
0.011644
0.009348
0.009074
0.013328
0.011693
0.008610
0.008682
0.013962
0.011875
0.008947
0.009132
0.013546
0.011366
0.008736
0.008639
0.013189
0.011176
0.008163
0.008544
0.013234
0.011323
0.008532
0.008891
0.012953
0.011122
0.008677
0.008597
0.012581
0.011699
0.008800
0.009009
0.010013
0.010971
0.008948
0.004897
0.003046
0.002869
0.002939
0.004155
0.006174
0.004922
0.007058
0.009558
0.010565
0.007563
0.013632
0.010371
0.014087
0.010663
0.008947
0.009196
0.014081
0.010967
0.009715
0.008910
0.013995
0.010653
0.008153
0.007965
0.012284
0.007839
0.013410
0.011412
0.008814
0.009193
0.013210
0.011192
0.009350
0.009525
0.010650
0.010857
0.008508
0.010512
0.006798
0.008060
0.012761
0.010791
0.008774
0.008876
0.012678
0.010587
0.008222
0.008801
0.013559
0.010625
0.008588
0.008516
0.013170
0.010647
0.008525
0.008230
0.012497
0.010033
0.007738
0.008213
0.013159
0.011043
0.008595
0.008781
0.013558
0.011205
0.009086
0.009427
0.012161
0.010354
0.008138
0.008915
0.011813
0.009219
0.012989
0.011180
0.009124
0.008699
0.012973
0.010104
0.008227
0.007702
0.012959
0.011075
0.008163
0.008064
0.013480
0.011757
0.008738
0.009471
0.013096
0.011245
0.009047
0.008882
0.014236
0.011752
0.008990
0.009479
0.011758
0.009515
0.009323
0.007777
0.012987
0.010886
0.008275
0.008586
0.006118
0.008630
0.008376
0.006981
0.008370
0.008312
0.007624
0.007571
0.006861
0.006438
0.006092
0.006969
0.006804
0.005248
0.006581
0.005781
0.005855
0.005659
0.005771
0.005706
0.006616
0.005783
0.005859
0.005732
0.005726
0.005607
0.006284
0.005669
0.004797
0.005062
0.005925
0.006391
0.005702
0.005717
0.005046
0.013959
0.014862
0.012097
0.011488
0.013277
0.014568
0.013686
0.015701
0.010793
0.014217
0.013257
0.013883
0.013731
0.014119
0.014159
0.014551
0.014064
0.014495
0.014164
0.014849
0.014738
0.014821
0.014572
0.014593
0.014768
0.014717
0.014718
0.014630
0.014650
0.014506
0.013883
0.005815
0.013110
0.011483
0.005949
0.003773
0.004215
0.003242
0.005718
0.007205
0.007541
0.009912
0.010452
0.013796
0.014498
0.010843
0.014278
0.013007
0.011008
0.010852
0.014799
0.012906
0.010611
0.010136
0.014753
0.012942
0.009844
0.010206
0.014314
0.012904
0.010082
0.010609
0.010485
0.011396
0.010218
0.008880
0.012856
0.014500
0.011806
0.012651
0.013615
0.016345
0.013983
0.012554
0.015831
0.015869
0.012134
0.013027
0.015883
0.014878
0.013079
0.016464
0.013358
0.014350
0.016901
0.014498
0.012137
0.011269
0.015771
0.014264
0.010492
0.010508
0.012481
0.010862
0.019905
0.013124
0.011558
0.009191
0.009249
0.014697
0.012406
0.008995
0.009708
0.013730
0.011990
0.009395
0.009310
0.013756
0.011424
0.009353
0.009280
0.011386
0.009663
0.004804
0.003038
0.009341
0.009622
0.004143
0.006096
0.002868
0.008507
0.010867
0.012242
0.018714
0.009917
0.009224
0.016720
0.009161
0.007892
0.007075
0.013564
0.008595
0.006287
0.006724
0.013962
0.009773
0.006395
0.006824
0.012857
0.010032
0.006831
0.006578
0.012456
0.008897
0.006646
0.006839
0.011883
0.013000
0.010463
0.011097
0.012049
0.010892
0.011529
0.010084
0.012107
0.012047
0.010162
0.010763
0.012731
0.013157
0.010769
0.011523
0.012691
0.012379
0.010631
0.010560
0.013376
0.013332
0.010492
0.011406
0.011412
0.004967
0.003031
0.002947
0.002914
0.004107
0.005524
0.004403
0.003615
0.005623
0.006510
0.007113
0.008423
0.008702
0.012135
0.011757
0.008699
0.008227
0.013465
0.010845
0.008614
0.008665
0.013313
0.010974
0.008285
0.007918
0.011081
0.009604
0.008179
0.011286
0.013163
0.012343
0.012836
0.014442
0.014181
0.012191
0.012159
0.010988
0.010202
0.011591
0.013704
0.010254
0.009843
0.012214
0.014386
0.010804
0.010432
0.014283
0.012636
0.011312
0.010191
0.013544
0.011265
0.009478
0.009363
0.013093
0.011079
0.008674
0.008327
0.011228
0.009361
0.009679
0.009912
0.007058
0.012112
0.009360
0.008988
0.008973
0.007972
0.013221
0.010204
0.009102
0.008729
0.008929
0.012618
0.011633
0.009269
0.009592
0.009579
0.009647
0.008646
0.009591
0.008860
0.007319
0.009526
0.010194
0.009939
0.010164
0.010538
0.011423
0.010415
0.011628
0.009621
0.010510
0.012085
0.010014
0.012114
0.009825
0.011390
0.009751
0.011525
0.010785
0.011213
0.009895
0.031633
0.011983
0.016823
0.013022
0.012910
0.019744
0.013120
0.022271
0.017594
0.013228
0.013833
0.020914
0.013483
0.011103
0.016369
0.015376
0.014580
0.010817
0.012805
0.010957
0.012145
0.012656
0.011265
0.013619
0.013908
0.011367
0.011255
0.013874
0.014244
0.011549
0.011170
0.014225
0.013127
0.010873
0.011617
0.012970
0.011255
0.013672
0.013192
0.010871
0.011346
0.014238
0.013476
0.011948
0.011897
0.011231
0.018328
0.012471
0.010976
0.010238
0.010168
0.014488
0.012299
0.010350
0.010166
0.013438
0.009460
0.014028
0.012012
0.010038
0.009911
0.013987
0.011735
0.009896
0.009838
0.011947
0.011110
0.009369
0.009020
0.008072
0.008257
0.008329
0.008985
0.008849
0.009597
0.009324
0.009621
0.009154
0.009419
0.010127
0.010105
0.010612
0.010551
0.010083
0.011040
0.010235
0.011487
0.012041
0.010016
0.009716
0.012092
0.011654
0.009935
0.010437
0.011293
0.011811
0.010092
0.010153
0.010971
0.011650
0.010158
0.010365
0.016458
0.011311
0.010715
0.009643
0.009515
0.013113
0.011426
0.009563
0.009534
0.013258
0.011529
0.009787
0.009780
0.013642
0.011047
0.009222
0.009143
0.013065
0.010683
0.008701
0.008719
0.012298
0.010524
0.008450
0.008389
0.010408
0.010629
0.007953
0.004819
0.003204
0.002937
0.008411
0.003594
0.004135
0.006585
0.012735
0.007338
0.015817
0.007486
0.018509
0.007428
0.018641
0.009435
0.009536
0.008405
0.016366
0.010084
0.008010
0.008507
0.015868
0.010019
0.008149
0.008387
0.015180
0.010100
0.007875
0.008421
0.014866
0.009917
0.007766
0.008544
0.013736
0.010050
0.007737
0.007971
0.011517
0.009954
0.007568
0.008056
0.008489
0.008203
0.016149
0.011262
0.010119
0.008036
0.008380
0.011065
0.008730
0.012827
0.011748
0.009146
0.009195
0.011642
0.012928
0.009813
0.010319
0.011916
0.011414
0.011069
0.009123
0.012027
0.011679
0.009103
0.009331
0.008961
0.017145
0.012153
0.011353
0.009547
0.009294
0.013798
0.011433
0.009362
0.009776
0.014110
0.011290
0.009860
0.009262
0.013778
0.010744
0.008215
0.008104
0.013871
0.010370
0.008063
0.007683
0.012733
0.010619
0.007995
0.007963
0.010366
0.011256
0.008434
0.025878
0.017539
0.014821
0.011126
0.010926
0.018933
0.014190
0.010654
0.010922
0.017582
0.013869
0.010529
0.011281
0.017746
0.014015
0.011139
0.010964
0.014655
0.011435
0.011313
0.011819
0.010126
0.011522
0.019598
0.014326
0.012787
0.010427
0.010556
0.014808
0.011785
0.010223
0.010300
0.014326
0.011657
0.009886
0.009951
0.011943
0.010104
0.010896
0.012312
0.010162
0.009621
0.010672
0.009748
0.008501
0.011118
0.008441
0.011016
0.007177
0.011964
0.009681
0.007079
0.007079
0.011501
0.007372
0.010518
0.007427
0.012547
0.012962
0.013554
0.014296
0.014476
0.013011
0.013582
0.013488
0.012978
0.014077
0.011545
0.014340
0.012551
0.013713
0.011718
0.014265
0.011577
0.013743
0.012098
0.014390
0.011423
0.014191
0.011586
0.015207
0.015093
0.012254
0.012053
0.016803
0.014296
0.011932
0.010034
0.016629
0.015236
0.011732
0.015256
0.011424
0.016362
0.011275
0.014598
0.010926
0.014157
0.014589
0.013407
0.013609
0.011712
0.013346
0.013811
0.011980
0.012096
0.015170
0.009686
0.014324
0.012042
0.013664
0.017198
0.012633
0.014405
0.010736
0.010668
0.009004
0.012336
0.012174
0.015944
0.013310
0.011838
0.015642
0.012819
0.013030
0.011534
0.011922
0.008755
0.010990
0.013748
0.010502
0.010071
0.014923
0.012157
0.009977
0.009417
0.013187
0.011282
0.008541
0.008710
0.011338
0.008193
0.007926
0.008590
0.012504
0.010497
0.008743
0.008160
0.013345
0.011215
0.008396
0.009007
0.013125
0.011419
0.009184
0.009483
0.012453
0.010850
0.009093
0.008231
0.011172
0.011140
0.008648
0.008353
0.012947
0.012033
0.011634
0.013101
0.011864
0.013848
0.012835
0.013404
0.011883
0.012655
0.012088
0.011355
0.010008
0.012816
0.010533
0.013843
0.014197
0.012045
0.014676
0.013654
0.012797
0.013766
0.012821
0.013636
0.013510
0.015390
0.014279
0.014371
0.012302
0.017080
0.014026
0.014102
0.009462
0.010065
0.008203
0.010509
0.009607
0.010479
0.011361
0.012219
0.010862
0.012107
0.011740
0.010828
0.008624
0.009018
0.012955
0.011401
0.008789
0.008770
0.012908
0.011045
0.008199
0.009060
0.012511
0.010693
0.009194
0.008950
0.012530
0.011461
0.010092
0.010052
0.011561
0.010660
0.009045
0.008482
0.011006
0.008170
0.004315
0.008924
0.007786
0.002933
0.005109
0.003293
0.004162
0.003037
0.007032
0.008254
0.009580
0.012630
0.009305
0.014993
0.012424
0.012712
0.010294
0.011016
0.015204
0.011385
0.012326
0.009910
0.014990
0.012647
0.012791
0.010346
0.009859
0.013074
0.012692
0.010062
0.010548
0.012370
0.012269
0.010458
0.010144
0.011769
0.011795
0.009830
0.010161
0.011781
0.011713
0.010074
0.010185
0.011421
0.010231
0.010856
0.010357
0.011418
0.008608
0.012184
0.010405
0.012291
0.010443
0.012705
0.009849
0.013081
0.009566
0.013880
0.012143
0.008967
0.009356
0.013787
0.011928
0.009022
0.009089
0.011123
0.010616
0.008941
0.009393
0.013234
0.011437
0.011154
0.010696
0.010590
0.012052
0.011250
0.011253
0.011381
0.010991
0.011573
0.008984
0.011458
0.011782
0.009802
0.010237
0.011737
0.011714
0.010338
0.009867
0.011204
0.011162
0.009801
0.010179
0.010417
0.010659
0.009498
0.013255
0.011071
0.012404
0.010616
0.012033
0.011110
0.012944
0.011461
0.014766
0.010891
0.014939
0.016888
0.019458
0.018198
0.014869
0.015210
0.019510
0.017082
0.014454
0.013759
0.017082
0.017366
0.013967
0.013912
0.011021
0.009847
0.011732
0.009667
0.009822
0.013631
0.013402
0.013137
0.011726
0.014278
0.013879
0.011772
0.011136
0.014312
0.012543
0.012525
0.012504
0.011738
0.013881
0.011334
0.011631
0.014822
0.013148
0.010789
0.009746
0.012704
0.013198
0.010831
0.014115
0.011345
0.011181
0.009749
0.010063
0.013153
0.011061
0.009879
0.009184
0.013026
0.010794
0.008318
0.009003
0.014545
0.012148
0.008498
0.009577
0.012517
0.010888
0.009123
0.008686
0.011695
0.008502
0.004386
0.002885
0.008091
0.008676
0.004195
0.005135
0.004241
0.008154
0.006402
0.013327
0.006256
0.014373
0.006191
0.016321
0.009670
0.007338
0.006957
0.015598
0.008171
0.006552
0.007040
0.015923
0.008982
0.006501
0.007142
0.015660
0.009811
0.006213
0.007277
0.015443
0.009696
0.006481
0.006830
0.014722
0.009960
0.006712
0.006619
0.014337
0.009559
0.006536
0.006398
0.010498
0.008975
0.006328
0.007312
0.014039
0.006108
0.006099
0.013354
0.009882
0.007221
0.006986
0.013740
0.010226
0.007983
0.008045
0.013370
0.009525
0.006855
0.006751
0.013278
0.009494
0.007331
0.007019
0.010085
0.008471
0.008514
0.007867
0.007021
0.012143
0.009256
0.008990
0.013742
0.011762
0.008483
0.008488
0.014224
0.011359
0.008381
0.008116
0.014079
0.010082
0.008168
0.007639
0.013564
0.010475
0.007572
0.007651
0.012903
0.010176
0.007475
0.007725
0.013211
0.010402
0.007270
0.007466
0.012699
0.010400
0.007337
0.007752
0.010462
0.009309
0.008305
0.008315
0.008088
0.021189
0.012849
0.010026
0.006536
0.006822
0.015344
0.010299
0.007348
0.007105
0.013809
0.007008
0.014323
0.009773
0.006915
0.006937
0.013538
0.007029
0.014521
0.009315
0.007026
0.006852
0.013730
0.009356
0.006754
0.006873
0.012728
0.007359
0.012279
0.009003
0.006705
0.006685
0.009665
0.007190
0.019225
0.012467
0.011360
0.008112
0.007706
0.014026
0.010906
0.007448
0.007347
0.013552
0.010795
0.007469
0.007121
0.013305
0.010403
0.007272
0.007364
0.013396
0.010783
0.007484
0.007594
0.013165
0.010729
0.007188
0.007372
0.013238
0.010416
0.007683
0.007644
0.013251
0.010175
0.007208
0.006997
0.013185
0.010598
0.006973
0.007194
0.013180
0.010624
0.007596
0.006962
0.013015
0.010629
0.007316
0.007628
0.012938
0.010670
0.007421
0.007627
0.012351
0.010318
0.006982
0.007513
0.005809
0.009227
0.007074
0.007159
0.007322
0.006967
0.006673
0.006745
0.005815
0.006794
0.006639
0.007008
0.005963
0.005842
0.005900
0.005847
0.005692
0.005183
0.005513
0.005534
0.005095
0.005642
0.005870
0.005643
0.004643
0.004726
0.005520
0.005243
0.004548
0.004762
0.005429
0.022366
0.008978
0.006619
0.011152
0.009276
0.005628
0.006536
0.010559
0.010393
0.008922
0.008730
0.009146
0.007296
0.016770
0.012180
0.010870
0.008874
0.008522
0.014638
0.011640
0.007900
0.008466
0.014188
0.011269
0.008726
0.008728
0.014175
0.011226
0.009107
0.009483
0.013761
0.011129
0.007827
0.008800
0.013986
0.012070
0.009290
0.009269
0.013310
0.011766
0.009111
0.009508
0.005820
0.010325
0.008515
0.007378
0.007163
0.006886
0.006652
0.006695
0.005667
0.006519
0.006129
0.006210
0.005705
0.005660
0.005681
0.005667
0.005484
0.005532
0.006133
0.005774
0.005581
0.005290
0.005700
0.006043
0.005562
0.006213
0.005570
0.005386
0.005001
0.008910
0.009740
0.009990
0.010984
0.011781
0.010285
0.009244
0.011216
0.011573
0.009319
0.009605
0.010864
0.011976
0.009563
0.009674
0.010886
0.011863
0.009530
0.009446
0.010420
0.011948
0.009119
0.009817
0.013617
0.007068
0.008906
0.014373
0.012380
0.009621
0.010386
0.013074
0.010981
0.014447
0.013674
0.010949
0.011361
0.013470
0.013736
0.011252
0.011354
0.012274
0.010761
0.006273
0.010654
0.010507
0.007232
0.007034
0.007066
0.006913
0.005903
0.006346
0.006746
0.007026
0.005936
0.005593
0.005933
0.005415
0.004657
0.004789
0.005989
0.005845
0.005536
0.004976
0.005331
0.005656
0.004876
0.005760
0.005670
0.005548
0.004581
0.005002
0.029418
0.017353
0.012598
0.010097
0.010631
0.018544
0.012529
0.009860
0.010612
0.017757
0.012482
0.010817
0.010438
0.015628
0.012821
0.010366
0.010586
0.010755
0.012146
0.010580
0.010773
0.016756
0.012617
0.010786
0.010190
0.010070
0.013474
0.011148
0.010096
0.009647
0.013188
0.010770
0.009701
0.009397
0.011976
0.010656
0.009345
0.009499
0.010595
0.011964
0.009798
0.009976
0.012990
0.012505
0.012383
0.010752
0.010752
0.013730
0.012862
0.009796
0.010460
0.011635
0.012573
0.010574
0.011101
0.010302
0.009145
0.008573
0.009487
0.009647
0.009585
0.011489
0.010195
0.010772
0.011512
0.011696
0.012621
0.010932
0.010511
0.012412
0.012112
0.010399
0.010251
0.012676
0.011906
0.009823
0.009114
0.012406
0.012274
0.009532
0.009967
0.009492
0.010729
0.009753
0.006793
0.011119
0.008376
0.008644
0.012951
0.010654
0.007861
0.007844
0.012537
0.010384
0.007510
0.008195
0.011691
0.010934
0.007669
0.007772
0.011662
0.010680
0.007940
0.012348
0.010959
0.008004
0.008507
0.012313
0.011556
0.008903
0.009709
0.011685
0.010265
0.011535
0.010007
0.011349
0.012336
0.010184
0.009912
0.010412
0.009577
0.010292
0.009322
0.011078
0.010669
0.011322
0.010585
0.011858
0.010271
0.012988
0.012107
0.009705
0.008770
0.012723
0.011081
0.007908
0.008152
0.011753
0.008536
0.012236
0.011912
0.008503
0.009204
0.011588
0.010004
0.009120
0.008747
0.013189
0.009564
0.010867
0.013494
0.012481
0.009673
0.010440
0.012681
0.010883
0.010218
0.009188
0.013388
0.013797
0.011808
0.011346
0.013816
0.014199
0.011622
0.011438
0.013726
0.013925
0.011535
0.011457
0.013671
0.009039
0.011174
0.013298
0.012955
0.013080
0.011350
0.012842
0.013505
0.012500
0.011474
0.012420
0.015180
0.012446
0.013035
0.012085
0.013492
0.016094
0.008255
0.009802
0.015707
0.012882
0.011019
0.011739
0.015734
0.013808
0.011814
0.011764
0.015799
0.013931
0.011592
0.011608
0.015677
0.012489
0.011319
0.010588
0.015383
0.013263
0.011304
0.010913
0.013679
0.013432
0.010747
0.011018
0.010669
0.027974
0.015519
0.010798
0.018741
0.009232
0.017641
0.013834
0.011364
0.010275
0.014774
0.010402
0.014824
0.013462
0.010844
0.010084
0.010510
0.010724
0.011740
0.010990
0.010146
0.008742
0.008344
0.011900
0.010329
0.008286
0.008262
0.012062
0.009098
0.008125
0.007754
0.012189
0.009479
0.008169
0.008190
0.011445
0.009240
0.007933
0.007727
0.011907
0.009742
0.007511
0.007533
0.008052
0.036851
0.015616
0.006824
0.020489
0.013675
0.009457
0.010039
0.021795
0.013590
0.009658
0.007727
0.020996
0.013668
0.008954
0.008546
0.019767
0.013400
0.008969
0.009446
0.018238
0.013866
0.008184
0.008938
0.014237
0.009475
0.010888
0.011868
0.009769
0.011932
0.014503
0.013935
0.013251
0.013586
0.012628
0.014989
0.013595
0.012606
0.013332
0.014372
0.013408
0.014050
0.013951
0.012855
0.014060
0.015186
0.013372
0.013210
0.014384
0.013924
0.012161
0.013209
0.013225
0.014134
0.013030
0.013136
0.011932
0.012002
0.013154
0.012170
0.011579
0.016388
0.011725
0.015469
0.012304
0.016229
0.011152
0.015301
0.012645
0.012672
0.014901
0.008507
0.011084
0.010262
0.011671
0.010291
0.010535
0.010152
0.011804
0.009474
0.010765
0.009747
0.010755
0.009596
0.011367
0.009433
0.011774
0.011134
0.010866
0.014623
0.010920
0.013746
0.010687
0.014109
0.011837
0.011339
0.012195
0.011658
0.013743
0.010328
0.010122
0.011654
0.011020
0.010381
0.012253
0.010785
0.010557
0.011035
0.010301
0.010300
0.009985
0.010099
0.013609
0.015208
0.017800
0.017267
0.010389
0.024210
0.019501
0.018161
0.012089
0.010218
0.012633
0.011733
0.013221
0.011759
0.011116
0.014497
0.011989
0.011910
0.011475
0.011597
0.010380
0.012374
0.010893
0.011828
0.014706
0.012939
0.011079
0.011259
0.015424
0.012017
0.011283
0.010582
0.010954
0.010730
0.013803
0.012468
0.009246
0.010239
0.014208
0.013367
0.010695
0.011390
0.015065
0.014232
0.011307
0.011703
0.015449
0.014876
0.011393
0.011932
0.015800
0.015086
0.012031
0.012064
0.015979
0.015041
0.012240
0.012333
0.015668
0.015115
0.011358
0.012467
0.015871
0.015184
0.012214
0.012351
0.015582
0.015044
0.012098
0.011375
0.015689
0.014473
0.011490
0.011706
0.015774
0.014674
0.011228
0.011563
0.015835
0.014443
0.011271
0.010319
0.015785
0.014388
0.010991
0.011148
0.015370
0.014147
0.011115
0.011200
0.014846
0.014247
0.011983
0.011037
0.015297
0.014583
0.011093
0.011192
0.015667
0.014393
0.011023
0.011040
0.015477
0.014106
0.010585
0.011045
0.014814
0.014165
0.010896
0.010843
0.014228
0.014071
0.010669
0.010615
0.004771
0.003045
0.009292
0.002961
0.004853
0.004856
0.004358
0.004448
0.005433
0.003533
0.005297
0.004324
0.007084
0.006314
0.004344
0.004487
0.007156
0.005197
0.004513
0.005250
0.007280
0.005668
0.004275
0.004629
0.005017
0.008759
0.005025
0.006631
0.006350
0.005519
0.005457
0.005156
0.006280
0.005909
0.005460
0.004939
0.005561
0.005645
0.005097
0.005606
0.006683
0.005579
0.005490
0.005037
0.005655
0.006211
0.005414
0.005509
0.005723
0.005930
0.005424
0.005576
0.005953
0.006363
0.005730
0.005921
0.005406
0.005523
0.005569
0.005556
0.005576
0.006490
0.005577
0.005663
0.005671
0.005446
0.006337
0.007276
0.006513
0.008846
0.005741
0.005272
0.004365
0.004999
0.006361
0.005350
0.004453
0.004373
0.006341
0.005919
0.004568
0.004444
0.006258
0.006035
0.004691
0.004483
0.006552
0.006313
0.004958
0.004931
0.006821
0.006090
0.004480
0.004494
0.006158
0.005591
0.004437
0.004447
0.006281
0.005922
0.004424
0.005141
0.005602
0.006351
0.005995
0.005587
0.005600
0.004154
0.004218
0.004424
0.004479
0.004875
0.004864
0.004897
0.004898
0.004899
