0.012836 0.012836
0.054478 0.041642
0.096194 0.041716
0.137853 0.041659
0.179518 0.041665
0.221218 0.041700
0.262889 0.041671
0.304515 0.041627
0.346147 0.041632
0.387880 0.041733
0.429522 0.041641
0.471179 0.041657
0.512819 0.041641
0.554546 0.041726
0.596183 0.041637
0.637823 0.041640
0.679517 0.041694
0.721180 0.041663
0.762850 0.041670
0.804531 0.041680
0.846144 0.041614
0.887851 0.041706
0.929520 0.041669
0.971182 0.041662
1.012860 0.041678
1.054517 0.041657
1.096135 0.041618
1.137856 0.041721
1.179518 0.041662
1.221134 0.041616
1.262852 0.041718
1.304522 0.041670
1.346185 0.041663
1.387855 0.041670
1.429519 0.041665
1.471181 0.041662
1.512849 0.041668
1.554519 0.041669
1.596187 0.041669
1.637850 0.041663
1.679519 0.041669
1.721131 0.041612
1.762854 0.041723
1.804515 0.041661
1.846184 0.041669
1.887848 0.041665
1.929518 0.041670
1.971191 0.041672
2.012851 0.041660
2.054518 0.041667
2.096136 0.041618
2.137849 0.041713
2.179518 0.041669
2.221137 0.041620
2.262852 0.041714
2.304517 0.041666
2.346182 0.041665
2.387852 0.041670
2.429520 0.041667
2.471186 0.041667
2.512856 0.041670
2.554520 0.041664
2.596185 0.041665
2.637852 0.041667
2.679521 0.041669
2.721184 0.041663
2.762854 0.041670
2.804518 0.041664
2.846186 0.041668
2.887850 0.041665
2.929520 0.041669
2.971134 0.041614
3.012851 0.041718
3.054519 0.041668
3.096186 0.041668
3.137854 0.041668
3.179521 0.041667
3.221191 0.041670
3.262850 0.041658
3.304517 0.041667
3.346136 0.041619
3.387851 0.041716
3.429519 0.041668
3.471189 0.041670
3.512857 0.041668
3.554528 0.041671
3.596182 0.041654
3.637852 0.041670
3.679519 0.041667
3.721141 0.041622
3.762851 0.041710
3.804516 0.041665
3.846184 0.041668
3.887853 0.041669
3.929516 0.041663
3.971186 0.041670
4.012852 0.041666
4.054524 0.041671
4.096136 0.041613
4.137856 0.041719
4.179515 0.041659
4.221190 0.041675
4.262850 0.041659
4.304517 0.041667
4.346186 0.041670
4.387854 0.041668
4.429524 0.041669
4.471187 0.041663
4.512853 0.041666
4.572749 0.059896
4.608646 0.035897
4.779489 0.170843
4.804465 0.024976
4.956777 0.152312
5.161286 0.204508
5.208400 0.047114
5.432260 0.223860
5.531051 0.098791
5.561419 0.030367
5.748778 0.187359
5.986593 0.237815
6.135463 0.148870
6.356903 0.221440
6.387852 0.030949
6.604934 0.217083
6.663979 0.059045
6.705344 0.041365
6.932451 0.227107
7.002489 0.070038
7.033305 0.030816
7.072736 0.039431
7.216776 0.144040
7.262852 0.046076
7.307786 0.044934
7.532781 0.224994
7.584323 0.051542
7.637854 0.053531
7.682506 0.044652
7.904611 0.222105
7.961688 0.057077
7.984890 0.023202
8.012855 0.027965
8.164756 0.151901
8.194911 0.030155
8.231092 0.036181
8.360748 0.129656
8.387850 0.027101
8.532065 0.144215
8.554519 0.022453
8.599880 0.045362
8.637855 0.037974
8.733046 0.095191
8.785283 0.052238
8.815038 0.029755
8.846190 0.031151
8.893443 0.047253
8.976277 0.082835
9.012848 0.036571
9.054476 0.041628
9.098732 0.044256
9.137853 0.039121
9.179519 0.041666
9.324777 0.145259
9.452778 0.128000
9.554592 0.101814
9.604015 0.049423
9.648937 0.044921
9.800780 0.151843
9.914104 0.113324
9.956247 0.042143
9.996779 0.040532
10.109487 0.112708
10.148774 0.039287
10.184915 0.036141
10.235274 0.050359
10.277763 0.042490
10.304521 0.026758
10.353836 0.049315
10.387811 0.033976
10.429520 0.041709
10.471138 0.041618
10.515783 0.044646
10.554469 0.038686
10.596186 0.041717
10.637851 0.041664
10.679518 0.041668
10.721183 0.041665
10.762856 0.041673
10.804515 0.041659
10.846183 0.041668
10.887849 0.041666
10.929515 0.041667
10.971186 0.041671
11.012859 0.041672
11.054516 0.041658
11.096186 0.041670
11.147712 0.051526
11.179520 0.031809
11.221187 0.041667
11.262850 0.041663
11.304516 0.041666
11.355861 0.051345
11.387852 0.031991
11.429529 0.041677
11.471183 0.041654
11.512860 0.041676
11.554519 0.041660
11.596135 0.041616
11.637851 0.041715
11.679517 0.041666
11.721188 0.041671
11.762850 0.041662
11.804516 0.041666
11.846188 0.041672
11.887852 0.041664
11.929526 0.041674
11.971183 0.041657
12.012860 0.041677
12.054522 0.041662
12.096188 0.041666
12.164779 0.068591
12.197160 0.032381
12.304775 0.107615
12.364760 0.059985
12.387853 0.023093
12.484748 0.096895
12.558796 0.074048
12.620751 0.061955
12.654835 0.034084
12.732778 0.077943
12.762854 0.030076
12.848778 0.085925
12.928741 0.079962
13.000783 0.072042
13.065786 0.065003
13.144777 0.078991
13.179519 0.034743
13.244778 0.065258
13.328498 0.083720
13.388775 0.060278
13.435607 0.046832
13.480634 0.045027
13.628746 0.148112
13.697015 0.068269
13.781126 0.084111
13.836361 0.055235
13.895361 0.058999
13.977233 0.081872
14.088778 0.111545
14.140779 0.052001
14.196777 0.055998
14.226081 0.029304
14.269517 0.043436
14.304520 0.035002
14.346187 0.041667
14.387852 0.041666
14.429527 0.041674
14.471183 0.041656
14.512854 0.041671
14.554521 0.041667
14.596186 0.041666
14.637852 0.041666
14.679523 0.041671
14.721184 0.041661
14.762851 0.041667
14.804516 0.041665
14.846184 0.041669
14.887853 0.041668
14.929517 0.041664
14.971186 0.041669
15.012854 0.041668
15.054520 0.041666
15.096136 0.041616
15.137851 0.041715
15.179481 0.041630
15.221187 0.041707
15.265331 0.044144
15.304521 0.039189
15.346148 0.041627
15.387855 0.041707
15.429520 0.041665
15.471188 0.041668
15.512865 0.041677
15.554521 0.041656
15.596139 0.041618
15.637855 0.041716
15.679521 0.041666
15.721136 0.041616
15.762851 0.041715
15.804471 0.041620
15.846183 0.041712
15.887855 0.041672
16.305246 0.417391
16.496520 0.191274
16.652775 0.156255
16.680776 0.028001
16.721188 0.040412
16.762851 0.041663
16.804478 0.041627
16.984748 0.180270
17.012854 0.028106
17.062990 0.050136
17.096200 0.033209
17.301685 0.205486
17.357633 0.055948
17.404554 0.046921
17.429522 0.024967
17.626348 0.196826
17.682223 0.055876
17.721183 0.038960
17.762860 0.041677
17.904756 0.141896
17.961227 0.056471
18.012849 0.051622
18.054523 0.041674
18.168531 0.114008
18.240935 0.072404
18.267733 0.026798
18.304522 0.036789
18.444826 0.140304
18.520255 0.075429
18.558096 0.037841
18.596194 0.038098
18.676778 0.080584
18.736780 0.060002
18.769947 0.033167
18.804520 0.034573
18.846137 0.041617
18.887855 0.041718
18.929521 0.041666
18.971191 0.041670
19.012852 0.041661
19.054516 0.041664
19.096188 0.041673
19.137852 0.041664
19.179519 0.041667
19.221182 0.041662
19.262854 0.041673
19.304528 0.041673
19.346187 0.041659
19.387852 0.041665
19.429520 0.041668
19.471185 0.041665
19.512855 0.041669
19.554516 0.041662
19.596192 0.041675
19.637849 0.041657
19.679521 0.041672
19.721183 0.041662
19.762853 0.041669
19.804523 0.041670
19.846132 0.041609
19.887852 0.041720
19.929465 0.041612
19.971187 0.041722
20.012848 0.041661
20.054521 0.041673
20.096136 0.041614
20.137857 0.041721
20.179515 0.041659
20.221186 0.041671
20.262856 0.041670
20.304520 0.041663
20.346136 0.041617
20.387852 0.041716
20.429522 0.041670
20.471184 0.041662
20.512853 0.041669
20.554517 0.041664
20.596183 0.041666
20.637851 0.041668
20.679519 0.041668
20.721184 0.041665
20.762850 0.041666
20.804516 0.041667
20.846132 0.041616
20.887850 0.041718
20.929519 0.041669
20.971185 0.041665
21.012857 0.041672
21.054517 0.041660
21.096183 0.041666
21.137852 0.041669
21.179519 0.041667
21.221184 0.041665
21.262850 0.041665
21.304518 0.041668
21.346183 0.041665
21.387850 0.041667
21.429516 0.041666
21.471184 0.041668
21.512853 0.041669
21.554467 0.041614
21.596183 0.041716
21.637854 0.041671
21.679520 0.041666
21.721135 0.041615
21.762850 0.041715
21.804518 0.041668
21.846183 0.041665
21.887853 0.041670
21.929520 0.041667
21.971183 0.041663
22.012853 0.041670
22.054519 0.041666
22.096192 0.041673
22.137853 0.041661
22.179520 0.041667
22.376751 0.197231
22.530638 0.153887
22.710057 0.179419
22.935895 0.225838
22.971183 0.035289
23.130824 0.159641
23.194423 0.063599
23.237587 0.043164
23.262856 0.025269
23.330518 0.067662
23.351031 0.020513
23.389265 0.038234
23.429516 0.040252
23.471183 0.041667
23.512854 0.041670
23.560026 0.047172
23.596179 0.036153
23.637851 0.041672
23.679517 0.041666
23.721190 0.041673
23.762852 0.041662
23.804521 0.041669
23.846132 0.041612
23.887853 0.041721
23.929519 0.041666
23.971141 0.041622
24.012853 0.041712
24.054522 0.041669
24.096135 0.041613
24.137858 0.041723
24.179514 0.041656
24.221138 0.041624
24.262853 0.041715
24.304524 0.041670
24.346182 0.041658
24.387852 0.041671
24.429472 0.041619
24.471191 0.041720
24.512849 0.041657
24.554518 0.041669
24.596186 0.041668
24.637860 0.041674
24.679515 0.041655
24.721196 0.041681
24.762849 0.041653
24.804528 0.041679
24.846182 0.041654
24.887855 0.041673
24.929517 0.041662
24.971186 0.041669
25.012850 0.041664
25.054467 0.041617
25.096133 0.041666
25.137858 0.041725
25.179516 0.041658
25.221185 0.041670
25.262848 0.041663
25.304524 0.041675
25.346183 0.041660
25.387851 0.041667
25.429466 0.041616
25.471137 0.041670
25.512849 0.041712
25.554467 0.041618
25.596133 0.041666
25.637849 0.041716
25.679516 0.041667
25.721205 0.041689
25.762853 0.041647
25.804518 0.041665
25.846186 0.041668
25.887857 0.041671
25.929520 0.041663
26.012779 0.083258
26.054521 0.041742
26.136776 0.082256
26.208753 0.071977
26.262853 0.054100
26.304520 0.041667
26.404089 0.099569
26.436747 0.032658
26.524745 0.087998
26.560625 0.035880
26.604946 0.044321
26.637850 0.032903
26.685988 0.048139
26.721137 0.035149
26.762855 0.041718
26.804520 0.041665
26.846141 0.041621
26.887855 0.041714
26.929516 0.041661
26.971187 0.041671
27.012848 0.041661
27.054471 0.041623
27.096133 0.041661
27.137854 0.041722
27.179523 0.041668
27.221189 0.041667
27.262857 0.041667
27.304517 0.041661
27.346144 0.041627
27.387853 0.041708
27.429520 0.041667
27.471135 0.041615
27.512857 0.041722
27.554517 0.041660
27.596135 0.041618
27.637851 0.041717
27.679520 0.041669
27.721190 0.041670
27.762852 0.041662
27.804518 0.041666
27.846137 0.041620
27.887859 0.041722
27.934968 0.047109
28.004748 0.069780
28.054514 0.049766
28.096149 0.041636
28.137854 0.041704
28.204025 0.066171
28.262802 0.058778
28.313307 0.050505
28.346144 0.032837
28.397073 0.050929
28.429520 0.032447
28.471141 0.041621
28.512855 0.041714
28.588912 0.076057
28.637853 0.048941
28.679524 0.041671
28.724839 0.045315
28.762854 0.038015
28.804474 0.041620
28.868892 0.064418
28.940778 0.071885
29.044785 0.104007
29.140533 0.095748
29.228729 0.088197
29.328779 0.100049
29.440746 0.111968
29.526652 0.085905
29.600743 0.074092
29.692727 0.091984
29.787625 0.094897
29.882678 0.095053
29.976768 0.094090
30.061934 0.085166
30.167469 0.105534
30.252888 0.085419
30.359726 0.106838
30.432772 0.073046
30.516778 0.084005
30.554517 0.037739
30.596187 0.041670
30.646337 0.050150
30.697945 0.051609
30.762846 0.064901
30.804528 0.041682
30.846184 0.041657
30.887853 0.041668
30.929523 0.041670
30.971183 0.041660
31.012854 0.041671
31.054521 0.041667
31.100079 0.045558
31.137853 0.037774
31.192427 0.054573
31.228645 0.036218
31.262852 0.034207
31.310554 0.047702
31.346184 0.035630
31.387852 0.041668
31.429517 0.041665
31.471140 0.041623
31.512851 0.041710
31.554527 0.041676
31.596184 0.041657
31.637859 0.041675
31.679516 0.041657
31.721184 0.041668
31.762850 0.041666
31.804518 0.041668
31.846134 0.041616
31.887857 0.041723
31.929516 0.041660
31.971134 0.041618
32.012850 0.041716
32.054523 0.041673
32.096183 0.041659
32.137854 0.041671
32.179516 0.041662
32.221138 0.041622
32.262850 0.041711
32.304521 0.041671
32.346184 0.041663
32.387862 0.041679
32.429516 0.041654
32.471143 0.041627
32.512849 0.041706
32.554517 0.041668
32.596184 0.041666
32.637855 0.041671
32.679516 0.041662
32.721184 0.041668
32.762850 0.041666
32.804519 0.041669
32.846184 0.041664
32.887855 0.041671
32.929517 0.041662
32.971184 0.041668
33.012850 0.041666
33.054521 0.041670
33.096183 0.041662
33.137857 0.041675
33.179517 0.041660
33.221191 0.041674
33.262852 0.041661
33.304521 0.041669
33.346184 0.041663
33.387854 0.041671
33.429517 0.041663
33.471185 0.041668
33.512850 0.041665
33.554524 0.041673
33.596186 0.041663
33.637851 0.041665
33.679517 0.041666
33.721196 0.041679
33.762853 0.041657
33.804520 0.041667
33.846189 0.041668
33.887852 0.041663
33.929518 0.041666
33.971185 0.041668
34.012852 0.041666
34.054518 0.041667
34.096183 0.041665
34.137850 0.041667
34.179516 0.041666
34.221133 0.041617
34.262858 0.041725
34.304516 0.041657
34.346141 0.041626
34.387850 0.041708
34.429469 0.041619
34.471183 0.041714
34.512849 0.041667
34.554517 0.041668
34.596184 0.041667
34.637850 0.041666
34.679517 0.041667
34.721186 0.041669
34.762853 0.041667
34.804519 0.041667
34.846193 0.041674
34.887853 0.041660
34.940800 0.052947
34.971138 0.030338
35.012853 0.041715
35.100750 0.087897
35.173851 0.073101
35.221186 0.047335
35.277450 0.056265
35.330624 0.053173
35.393983 0.063359
35.429519 0.035536
35.471187 0.041669
35.583152 0.111965
35.625450 0.042298
35.648897 0.023447
35.679519 0.030622
35.727345 0.047825
35.784747 0.057403
35.804516 0.019769
35.857241 0.052725
35.889749 0.032507
35.929519 0.039770
35.973034 0.043515
36.012851 0.039817
36.054519 0.041668
36.096189 0.041670
36.137856 0.041667
36.235963 0.098107
36.312781 0.076818
36.346186 0.033404
36.387852 0.041666
36.508723 0.120871
36.565296 0.056573
36.596184 0.030888
36.761721 0.165536
36.848778 0.087058
36.887852 0.039074
36.929520 0.041668
37.092773 0.163253
37.156287 0.063514
37.201369 0.045082
37.246150 0.044781
37.401055 0.154906
37.473201 0.072146
37.512853 0.039652
37.564783 0.051930
37.700586 0.135804
37.776180 0.075593
37.804520 0.028340
37.860786 0.056266
37.992776 0.131990
38.068658 0.075882
38.113556 0.044898
38.168485 0.054929
38.272746 0.104261
38.304477 0.031731
38.351218 0.046741
38.411540 0.060322
38.536777 0.125237
38.596183 0.059406
38.637850 0.041668
38.679516 0.041666
38.721135 0.041618
38.762852 0.041717
38.804517 0.041665
38.846135 0.041618
38.887854 0.041719
38.929523 0.041668
38.971184 0.041662
39.014129 0.042944
39.054468 0.040339
39.096142 0.041674
39.156965 0.060824
39.179519 0.022553
39.221185 0.041667
39.262812 0.041627
39.304518 0.041705
39.351789 0.047271
39.387850 0.036062
39.429522 0.041672
39.471135 0.041613
39.512857 0.041723
39.554519 0.041661
39.596139 0.041620
39.650212 0.054074
39.683570 0.033358
39.721185 0.037615
39.762860 0.041675
39.804517 0.041657
39.846188 0.041671
39.887854 0.041666
39.929468 0.041614
39.971136 0.041668
40.012853 0.041716
40.054520 0.041667
40.096135 0.041614
40.137853 0.041719
40.179469 0.041616
40.223417 0.043948
40.263710 0.040293
40.304520 0.040810
40.346185 0.041665
40.387861 0.041676
40.429521 0.041660
40.471135 0.041614
40.512865 0.041730
40.554517 0.041652
40.596192 0.041675
40.637853 0.041661
40.679525 0.041671
40.721184 0.041659
40.762859 0.041675
40.804521 0.041662
40.846142 0.041621
40.887853 0.041711
40.929517 0.041663
40.971139 0.041622
41.012853 0.041715
41.054473 0.041620
41.099039 0.044566
41.137849 0.038810
41.179515 0.041666
41.221183 0.041667
41.262853 0.041671
41.304519 0.041665
41.346187 0.041668
41.387850 0.041662
41.429523 0.041673
41.471183 0.041660
41.512852 0.041669
41.554470 0.041618
41.596140 0.041670
41.637856 0.041716
41.679520 0.041664
41.721136 0.041617
41.762853 0.041716
41.804525 0.041672
41.846192 0.041667
41.887853 0.041661
41.929521 0.041668
41.971196 0.041675
42.012853 0.041657
42.054522 0.041669
42.096186 0.041664
42.149336 0.053150
42.179519 0.030184
42.225123 0.045604
42.262851 0.037728
42.304529 0.041678
42.346186 0.041657
42.387850 0.041664
42.429517 0.041667
42.471184 0.041666
42.512857 0.041674
42.554519 0.041662
42.596137 0.041618
42.637853 0.041716
42.679524 0.041671
42.721196 0.041672
42.762855 0.041659
42.804523 0.041668
42.846187 0.041664
42.887862 0.041675
42.929470 0.041608
42.971188 0.041718
43.012853 0.041665
43.054526 0.041673
43.096138 0.041612
43.137858 0.041720
43.179520 0.041662
43.221149 0.041629
43.262801 0.041652
43.304524 0.041723
43.346184 0.041660
43.390926 0.044742
43.429518 0.038592
43.471136 0.041618
43.512850 0.041713
43.554523 0.041673
43.596135 0.041612
43.637859 0.041725
43.679528 0.041668
43.721137 0.041609
43.762854 0.041717
43.804528 0.041675
43.846190 0.041662
43.887851 0.041661
43.929525 0.041674
43.971183 0.041658
44.012852 0.041669
44.054519 0.041667
44.096138 0.041619
44.137859 0.041721
44.179517 0.041658
44.221141 0.041624
44.262853 0.041712
44.304519 0.041667
44.354621 0.050102
44.392737 0.038116
44.429516 0.036779
44.471183 0.041667
44.512853 0.041670
44.554516 0.041663
44.596187 0.041670
44.637851 0.041665
44.679520 0.041668
44.733575 0.054056
44.770988 0.037413
44.804530 0.033542
44.846183 0.041653
44.887854 0.041670
44.929525 0.041671
44.971186 0.041661
45.012850 0.041664
45.054520 0.041670
45.096186 0.041666
45.137851 0.041665
45.179517 0.041666
45.221185 0.041668
45.262849 0.041665
45.304520 0.041671
45.346187 0.041667
45.387857 0.041671
45.429516 0.041659
45.471135 0.041619
45.512850 0.041715
45.554476 0.041627
45.617089 0.062613
45.639544 0.022455
45.679466 0.039922
45.721136 0.041669
45.762849 0.041713
45.804605 0.041756
45.846186 0.041581
45.887849 0.041663
45.929518 0.041669
45.971184 0.041667
46.012857 0.041672
46.054516 0.041660
46.096184 0.041668
46.137849 0.041665
46.179518 0.041669
46.221135 0.041616
46.262855 0.041720
46.304517 0.041662
46.346191 0.041674
46.387850 0.041659
46.429519 0.041669
46.471133 0.041614
46.512852 0.041719
46.554516 0.041663
46.596183 0.041668
46.637850 0.041666
46.679522 0.041673
46.721133 0.041611
46.762851 0.041717
46.804516 0.041666
46.846189 0.041673
46.890461 0.044272
46.929517 0.039056
46.971183 0.041666
47.012850 0.041667
47.054518 0.041668
47.096183 0.041665
47.137853 0.041670
47.179520 0.041667
47.221187 0.041667
47.264022 0.042836
47.304516 0.040494
47.346134 0.041617
47.387853 0.041720
47.429516 0.041663
47.471191 0.041674
47.512853 0.041662
47.554520 0.041667
47.596183 0.041663
47.637850 0.041667
47.679519 0.041669
47.721137 0.041618
47.762849 0.041713
47.804522 0.041673
47.846192 0.041670
47.887850 0.041658
47.929471 0.041621
47.971190 0.041718
48.012853 0.041663
48.054520 0.041668
48.109181 0.054661
48.137856 0.028675
48.179521 0.041665
48.260844 0.081324
48.328775 0.067931
48.356747 0.027972
48.389070 0.032324
48.429518 0.040448
48.546832 0.117314
48.596187 0.049355
48.677194 0.081007
48.722210 0.045016
48.764632 0.042422
48.804522 0.039890
48.846136 0.041615
48.887850 0.041714
48.929519 0.041669
48.971136 0.041617
49.012851 0.041715
49.054517 0.041666
49.096188 0.041672
49.137853 0.041665
49.179520 0.041666
49.221185 0.041666
49.262853 0.041668
49.304515 0.041662
49.346134 0.041619
49.387852 0.041718
49.429519 0.041667
49.471185 0.041666
49.512851 0.041666
49.554519 0.041668
49.596187 0.041668
49.637854 0.041667
49.679520 0.041666
49.721189 0.041669
49.762858 0.041669
49.805995 0.043137
49.853357 0.047362
49.887852 0.034495
49.929517 0.041665
49.971183 0.041666
50.012856 0.041673
50.054469 0.041612
50.096186 0.041718
50.137852 0.041666
50.179517 0.041664
50.221133 0.041616
50.262857 0.041723
50.304518 0.041661
50.346135 0.041617
50.387850 0.041716
50.429521 0.041670
50.471186 0.041665
50.512851 0.041665
50.554520 0.041669
50.596184 0.041664
50.637852 0.041668
50.679518 0.041666
50.721135 0.041617
50.762853 0.041719
50.804517 0.041664
50.846184 0.041667
50.887851 0.041666
50.929517 0.041667
50.971135 0.041618
51.012850 0.041715
51.054518 0.041668
51.096135 0.041617
51.137854 0.041720
51.179516 0.041662
51.221139 0.041622
51.262851 0.041712
51.304518 0.041667
51.346138 0.041621
51.387855 0.041716
51.429518 0.041664
51.471186 0.041668
51.512853 0.041667
51.554523 0.041670
51.596189 0.041666
51.637859 0.041670
51.679521 0.041662
51.721188 0.041667
51.762813 0.041625
51.804520 0.041707
51.851382 0.046861
51.887855 0.036473
51.929520 0.041665
51.971189 0.041670
52.024989 0.053799
52.054520 0.029532
52.096185 0.041665
52.137855 0.041671
52.212724 0.074868
52.275402 0.062678
52.304522 0.029120
52.347950 0.043429
52.387894 0.039943
52.440072 0.052178
52.471136 0.031064
52.512864 0.041727
52.554519 0.041655
52.596189 0.041670
52.637856 0.041667
52.679516 0.041660
52.721134 0.041617
52.762852 0.041719
52.804524 0.041672
52.846189 0.041665
52.887850 0.041661
52.929518 0.041668
52.971186 0.041669
53.012852 0.041665
53.054516 0.041664
53.096186 0.041670
53.137854 0.041667
53.179519 0.041665
53.221183 0.041664
53.262849 0.041666
53.314569 0.051719
53.346141 0.031572
53.387849 0.041708
53.429522 0.041673
53.471136 0.041614
53.512850 0.041714
53.554516 0.041666
53.596137 0.041621
53.637853 0.041716
53.679519 0.041666
53.721183 0.041664
53.762851 0.041668
53.804520 0.041668
53.846184 0.041665
53.887851 0.041666
53.929518 0.041667
53.971184 0.041666
54.012850 0.041666
54.054516 0.041666
54.096186 0.041670
54.137850 0.041664
54.179516 0.041666
54.221183 0.041667
54.262850 0.041667
54.304520 0.041670
54.346186 0.041666
54.387853 0.041667
54.429532 0.041679
54.471185 0.041653
54.512852 0.041667
54.554524 0.041672
54.602226 0.047701
54.637852 0.035626
54.679521 0.041669
54.721187 0.041666
54.774473 0.053286
54.804520 0.030047
54.867308 0.062788
54.908858 0.041550
54.929518 0.020659
54.971136 0.041618
55.012854 0.041718
55.054528 0.041674
55.096136 0.041609
55.137857 0.041721
55.179527 0.041670
55.221184 0.041657
55.262855 0.041671
55.304517 0.041662
55.346188 0.041671
55.387853 0.041665
55.429480 0.041627
55.471184 0.041704
55.512858 0.041674
55.554520 0.041663
55.596190 0.041670
55.637857 0.041667
55.679518 0.041662
55.721139 0.041621
55.762850 0.041711
55.804519 0.041670
55.846182 0.041663
55.887852 0.041670
55.929520 0.041669
55.971191 0.041671
56.012852 0.041661
56.054519 0.041668
56.096185 0.041665
56.137851 0.041666
56.179470 0.041619
56.221190 0.041720
56.262854 0.041663
56.304516 0.041663
56.346185 0.041669
56.387850 0.041665
56.429519 0.041669
56.471188 0.041669
56.512853 0.041666
56.554521 0.041668
56.596184 0.041663
56.637849 0.041665
56.683617 0.045768
56.721134 0.037517
56.762852 0.041718
56.804519 0.041667
56.846187 0.041669
56.887851 0.041664
56.929516 0.041665
56.971136 0.041620
57.012852 0.041716
57.054524 0.041672
57.096183 0.041659
57.137857 0.041674
57.179516 0.041659
57.221186 0.041670
57.262850 0.041664
57.304522 0.041672
57.346183 0.041662
57.387853 0.041670
57.429523 0.041670
57.471182 0.041659
57.512857 0.041675
57.554522 0.041665
57.596187 0.041665
57.637852 0.041665
57.679516 0.041664
57.721138 0.041621
57.762853 0.041715
57.804517 0.041664
57.846186 0.041669
57.887852 0.041666
57.929517 0.041665
57.971135 0.041618
58.012853 0.041718
58.055731 0.042878
58.096188 0.040457
58.137851 0.041663
58.179516 0.041665
58.221134 0.041618
58.262849 0.041715
58.304520 0.041671
58.346183 0.041663
58.387851 0.041668
58.429518 0.041667
58.471136 0.041618
58.512801 0.041665
58.554516 0.041715
58.596185 0.041669
58.637850 0.041665
58.679520 0.041671
58.721137 0.041617
58.762851 0.041714
58.804525 0.041674
58.846186 0.041660
58.905283 0.059097
58.948481 0.043198
58.988762 0.040281
59.041922 0.053160
59.088776 0.046854
59.137852 0.049076
59.184774 0.046922
59.221138 0.036364
59.262856 0.041718
59.304524 0.041668
59.346144 0.041620
59.387852 0.041708
59.429517 0.041665
59.476591 0.047074
59.512853 0.036262
59.592745 0.079891
59.637848 0.045103
59.679523 0.041675
59.721185 0.041662
59.784233 0.063048
59.804527 0.020294
59.846137 0.041610
59.887850 0.041713
59.937751 0.049901
59.971186 0.033435
60.012853 0.041667
60.054519 0.041666
60.096184 0.041665
60.137850 0.041666
60.179517 0.041667
60.221183 0.041666
60.262854 0.041671
60.304516 0.041662
60.346137 0.041621
60.387853 0.041716
60.429522 0.041669
60.471182 0.041660
60.512851 0.041670
60.554519 0.041668
60.596189 0.041670
60.637853 0.041663
60.679520 0.041667
60.721186 0.041666
60.762855 0.041669
60.804517 0.041662
60.846190 0.041673
60.887850 0.041660
60.929517 0.041667
60.971184 0.041668
61.012854 0.041670
61.054518 0.041664
61.096186 0.041667
61.137852 0.041667
61.179524 0.041672
61.221184 0.041660
61.262856 0.041672
61.304517 0.041660
61.346133 0.041616
61.387852 0.041720
61.429516 0.041664
61.471184 0.041668
61.512852 0.041668
61.554518 0.041666
61.596187 0.041669
61.724285 0.128098
61.775008 0.050724
61.804516 0.029508
61.846184 0.041668
61.887850 0.041666
61.929538 0.041688
61.971186 0.041648
62.012857 0.041672
62.054516 0.041659
62.096134 0.041618
62.137850 0.041716
62.179520 0.041670
62.221186 0.041666
62.262851 0.041664
62.304517 0.041666
62.346186 0.041669
62.387849 0.041664
62.429519 0.041670
62.471134 0.041614
62.512851 0.041717
62.554516 0.041665
62.596184 0.041668
62.637849 0.041666
62.679518 0.041669
62.721137 0.041618
62.764605 0.043469
62.804520 0.039915
62.846185 0.041665
62.887853 0.041668
62.929475 0.041622
62.971136 0.041662
63.012852 0.041715
63.054519 0.041668
63.096195 0.041676
63.137853 0.041658
63.179518 0.041665
63.221137 0.041619
63.263027 0.041890
63.304520 0.041493
63.346184 0.041664
63.387850 0.041666
63.433403 0.045553
63.471185 0.037783
63.512851 0.041665
63.554520 0.041669
63.596184 0.041664
63.637849 0.041666
63.679520 0.041670
63.721186 0.041666
63.762850 0.041665
63.804516 0.041666
63.846185 0.041668
63.887851 0.041667
63.929522 0.041671
63.979276 0.049754
64.024140 0.044865
64.080766 0.056626
64.192751 0.111984
64.295125 0.102374
64.346187 0.051062
64.392723 0.046536
64.480722 0.087999
64.540723 0.060001
64.640775 0.100052
64.679517 0.038742
64.737047 0.057530
64.762856 0.025809
64.811505 0.048649
64.846187 0.034682
64.887853 0.041666
64.940511 0.052657
64.974626 0.034115
65.012857 0.038231
65.054526 0.041669
65.096187 0.041661
65.137826 0.041640
65.179519 0.041693
65.221186 0.041667
65.262854 0.041668
65.304519 0.041665
65.346187 0.041668
65.387852 0.041665
65.429525 0.041672
65.475035 0.045510
65.512853 0.037818
65.554522 0.041669
65.596187 0.041665
65.637852 0.041665
65.679471 0.041620
65.721189 0.041718
65.762850 0.041660
65.804523 0.041674
65.846188 0.041665
65.887849 0.041661
65.929521 0.041672
65.971184 0.041663
66.012851 0.041667
66.054516 0.041664
66.096185 0.041669
66.137854 0.041669
66.179518 0.041664
66.221186 0.041667
66.262849 0.041664
66.304523 0.041674
66.346189 0.041665
66.387852 0.041663
66.429469 0.041617
66.471185 0.041716
66.512853 0.041668
66.554527 0.041674
66.596185 0.041659
66.637854 0.041668
66.688448 0.050595
66.752792 0.064344
66.804519 0.051728
66.876776 0.072257
66.936608 0.059831
66.971186 0.034579
67.052728 0.081541
67.096143 0.043416
67.137853 0.041710
67.186251 0.048398
67.221136 0.034885
67.262811 0.041675
67.311387 0.048576
67.346142 0.034755
67.387855 0.041713
67.429520 0.041665
67.484781 0.055261
67.519568 0.034787
67.556799 0.037231
67.601067 0.044268
67.641371 0.040304
67.679472 0.038101
67.721186 0.041714
67.762804 0.041618
67.804520 0.041716
67.846191 0.041670
67.887852 0.041661
67.941115 0.053263
67.974332 0.033217
68.012857 0.038525
68.054520 0.041664
68.096197 0.041676
68.137855 0.041659
68.179518 0.041663
68.221183 0.041665
68.262856 0.041673
68.304523 0.041667
68.346190 0.041667
68.398343 0.052152
68.429517 0.031175
68.471136 0.041619
68.512862 0.041726
68.554520 0.041659
68.608017 0.053497
68.637851 0.029834
68.679522 0.041671
68.721139 0.041617
68.762854 0.041714
68.804520 0.041666
68.846136 0.041616
68.887860 0.041724
69.064780 0.176920
69.140243 0.075463
69.200747 0.060504
69.262850 0.062103
69.304500 0.041650
69.346185 0.041685
69.387854 0.041669
69.433186 0.045332
69.471188 0.038002
69.527124 0.055936
69.568666 0.041542
69.603525 0.034859
69.637858 0.034333
69.696772 0.058914
69.756767 0.059996
69.804516 0.047749
69.846195 0.041679
69.887853 0.041658
69.929520 0.041667
69.971144 0.041624
70.012855 0.041712
70.054523 0.041668
70.096132 0.041609
70.137854 0.041722
70.179519 0.041665
70.221185 0.041666
70.262856 0.041671
70.304522 0.041666
70.346142 0.041620
70.387851 0.041709
70.429524 0.041673
70.471184 0.041660
70.512857 0.041673
70.554519 0.041662
70.596187 0.041668
70.637850 0.041663
70.679524 0.041674
70.721188 0.041664
70.762854 0.041666
70.804522 0.041668
70.846137 0.041615
70.887850 0.041713
70.929524 0.041674
70.971183 0.041659
71.012851 0.041668
71.054517 0.041666
71.096191 0.041674
71.137849 0.041658
71.179519 0.041670
71.221187 0.041668
71.262855 0.041668
71.306885 0.044031
71.346132 0.039247
71.387806 0.041674
71.433156 0.045350
71.471183 0.038027
71.512852 0.041669
71.554517 0.041664
71.596189 0.041672
71.637850 0.041661
71.679519 0.041669
71.721184 0.041665
71.762863 0.041678
71.804467 0.041604
71.846189 0.041722
71.887851 0.041662
71.929480 0.041629
71.971183 0.041703
72.012857 0.041674
72.054518 0.041661
72.096148 0.041630
72.137851 0.041704
72.183362 0.045510
72.221184 0.037823
72.262852 0.041668
72.304517 0.041665
72.346140 0.041622
72.387853 0.041713
72.429517 0.041664
72.471134 0.041617
72.512854 0.041720
72.554518 0.041664
72.596184 0.041666
72.637802 0.041617
72.679518 0.041717
72.721134 0.041616
72.762804 0.041670
72.804468 0.041663
72.846189 0.041721
72.887853 0.041664
72.929522 0.041669
72.971136 0.041615
73.012855 0.041719
73.054516 0.041661
73.096186 0.041670
73.137850 0.041664
73.179517 0.041667
73.221186 0.041669
73.262853 0.041667
73.304515 0.041662
73.346190 0.041675
73.387849 0.041659
73.429467 0.041618
73.471187 0.041720
73.512852 0.041665
73.554521 0.041669
73.596141 0.041620
73.637853 0.041711
73.689827 0.051975
73.723579 0.033751
73.805321 0.081742
73.846188 0.040867
73.887853 0.041665
73.952082 0.064229
74.000772 0.048690
74.054521 0.053748
74.096182 0.041661
74.137857 0.041676
74.179522 0.041665
74.221190 0.041668
74.262852 0.041662
74.304519 0.041667
74.346183 0.041664
74.387854 0.041671
74.436163 0.048310
74.471187 0.035023
74.512853 0.041666
74.554520 0.041667
74.596183 0.041664
74.637857 0.041674
74.679522 0.041665
74.721136 0.041614
74.762856 0.041720
74.804520 0.041664
74.846133 0.041613
74.887855 0.041722
74.929515 0.041661
74.971187 0.041672
75.012849 0.041662
75.054515 0.041666
75.096185 0.041669
75.137850 0.041665
75.179521 0.041671
75.221184 0.041663
75.262850 0.041666
75.304521 0.041671
75.346137 0.041616
75.387849 0.041712
75.429517 0.041668
75.471183 0.041667
75.512864 0.041680
75.554516 0.041652
75.596185 0.041669
75.637850 0.041666
75.679518 0.041668
75.721189 0.041671
75.762852 0.041663
75.804525 0.041673
75.846188 0.041663
75.890922 0.044734
75.937497 0.046574
75.971188 0.033691
76.017285 0.046098
76.054520 0.037235
76.098165 0.043645
76.137855 0.039690
76.179522 0.041667
76.225370 0.045848
76.262853 0.037482
76.336779 0.073927
76.387847 0.051068
76.429519 0.041672
76.471184 0.041665
76.512852 0.041668
76.554517 0.041665
76.596191 0.041674
76.637851 0.041660
76.679517 0.041666
76.721183 0.041666
76.762850 0.041667
76.804516 0.041666
76.846187 0.041671
76.887850 0.041663
76.929523 0.041673
76.971186 0.041664
77.012854 0.041668
77.054517 0.041663
77.096185 0.041668
77.137853 0.041668
77.179466 0.041614
77.221135 0.041668
77.262853 0.041718
77.304518 0.041665
77.346186 0.041668
77.387858 0.041672
77.429473 0.041615
77.471188 0.041715
77.512863 0.041675
77.554520 0.041657
77.605518 0.050999
77.637856 0.032338
77.679519 0.041662
77.721189 0.041670
77.762850 0.041661
77.804516 0.041666
77.846184 0.041668
77.887857 0.041673
77.929469 0.041612
77.971184 0.041714
78.012850 0.041666
78.054519 0.041669
78.096184 0.041665
78.137850 0.041666
78.179517 0.041667
78.221186 0.041669
78.262850 0.041665
78.304516 0.041665
78.346138 0.041622
78.387852 0.041714
78.429518 0.041665
78.471185 0.041667
78.512852 0.041667
78.554516 0.041664
78.596184 0.041667
78.637851 0.041667
78.679518 0.041667
78.721133 0.041615
78.762851 0.041718
78.804518 0.041667
78.846188 0.041671
78.887850 0.041662
78.929467 0.041617
78.971185 0.041718
79.012854 0.041669
79.054516 0.041662
79.096185 0.041669
79.137852 0.041667
79.179517 0.041665
79.221183 0.041666
79.262850 0.041667
79.304522 0.041672
79.346183 0.041661
79.387850 0.041667
79.429517 0.041667
79.471187 0.041669
79.512853 0.041667
79.554524 0.041671
79.596140 0.041616
79.637856 0.041715
79.679518 0.041662
79.721138 0.041620
79.762852 0.041714
79.804517 0.041666
79.846140 0.041623
79.887860 0.041720
79.929527 0.041667
79.971188 0.041661
80.012850 0.041661
80.056014 0.043165
80.096186 0.040171
80.137859 0.041673
80.179521 0.041662
80.221190 0.041669
80.262854 0.041664
80.304519 0.041665
80.346186 0.041667
80.387854 0.041668
80.429520 0.041665
80.471193 0.041673
80.512852 0.041660
80.554524 0.041672
80.596136 0.041612
80.637855 0.041718
80.679519 0.041664
80.721143 0.041624
80.762854 0.041710
80.804518 0.041664
80.846136 0.041619
80.887864 0.041727
80.929517 0.041653
80.971135 0.041618
81.012850 0.041716
81.054516 0.041666
81.096182 0.041666
81.137854 0.041672
81.179516 0.041662
81.221133 0.041617
81.262850 0.041717
81.304518 0.041668
81.346186 0.041667
81.387852 0.041666
81.429517 0.041665
81.471190 0.041673
81.515998 0.044808
81.554520 0.038521
81.628088 0.073569
81.679519 0.051431
81.721193 0.041674
81.768743 0.047550
81.804521 0.035778
81.846189 0.041668
81.887856 0.041668
81.929523 0.041667
81.971135 0.041611
82.012850 0.041715
82.054518 0.041668
82.096183 0.041665
82.137850 0.041667
82.179477 0.041627
82.221141 0.041664
82.262851 0.041710
82.304518 0.041667
82.346136 0.041617
82.391265 0.045129
82.429516 0.038251
82.471187 0.041671
82.512852 0.041664
82.554518 0.041667
82.596184 0.041666
82.637850 0.041666
82.679517 0.041667
82.721190 0.041673
82.762852 0.041662
82.804519 0.041667
82.846184 0.041664
82.887851 0.041667
82.929521 0.041670
82.971186 0.041665
83.012853 0.041667
83.054518 0.041665
83.096191 0.041673
83.137826 0.041635
83.179517 0.041690
83.221188 0.041671
83.262853 0.041666
83.304519 0.041666
83.346184 0.041665
83.387851 0.041667
83.429477 0.041626
83.471182 0.041706
83.512852 0.041670
83.554521 0.041669
83.596185 0.041664
83.637851 0.041667
83.679516 0.041665
83.721139 0.041623
83.762858 0.041720
83.804522 0.041664
83.846184 0.041661
83.887852 0.041669
83.929470 0.041618
83.971191 0.041721
84.012848 0.041658
84.054516 0.041668
84.096142 0.041625
84.137854 0.041712
84.179519 0.041666
84.221185 0.041666
84.262851 0.041665
84.304519 0.041668
84.346184 0.041666
84.387849 0.041664
84.429518 0.041669
84.471186 0.041668
84.512854 0.041668
84.554519 0.041665
84.596134 0.041615
84.637855 0.041721
84.679528 0.041673
84.721187 0.041659
84.762851 0.041664
84.804521 0.041670
84.846147 0.041626
84.887852 0.041705
84.929517 0.041665
84.971190 0.041673
85.012863 0.041673
85.056353 0.043489
85.096183 0.039831
85.137852 0.041669
85.179522 0.041670
85.221183 0.041661
85.262849 0.041667
85.304516 0.041667
85.346191 0.041675
85.387852 0.041661
85.429516 0.041664
85.471183 0.041667
85.512850 0.041667
85.554518 0.041668
85.596133 0.041615
85.637850 0.041717
85.679516 0.041666
85.721134 0.041618
85.762850 0.041716
85.804517 0.041667
85.846183 0.041666
85.887850 0.041668
85.929520 0.041670
85.971186 0.041666
86.012850 0.041664
86.054520 0.041671
86.096183 0.041662
86.137852 0.041669
86.179519 0.041667
86.221188 0.041669
86.262853 0.041665
86.304521 0.041668
86.346186 0.041665
86.387852 0.041666
86.429516 0.041664
86.471187 0.041671
86.512853 0.041666
86.554521 0.041668
86.596186 0.041665
86.637852 0.041666
86.679517 0.041664
86.721183 0.041666
86.762854 0.041671
86.804516 0.041662
86.846183 0.041668
86.887849 0.041666
86.929518 0.041669
86.971190 0.041672
87.028762 0.057571
87.124774 0.096012
87.181373 0.056599
87.221187 0.039813
87.332838 0.111651
87.422632 0.089794
87.523259 0.100627
87.654122 0.130863
87.720770 0.066649
87.805257 0.084486
87.886546 0.081289
87.956529 0.069984
88.040773 0.084244
88.131166 0.090393
88.179519 0.048353
88.292773 0.113254
88.383513 0.090740
88.448722 0.065209
88.539547 0.090824
88.608743 0.069196
88.696775 0.088032
88.789075 0.092300
88.861462 0.072387
88.936744 0.075282
89.029379 0.092635
89.101954 0.072575
89.137854 0.035899
89.260355 0.122502
89.304519 0.044164
89.396780 0.092261
89.484749 0.087968
89.512851 0.028102
89.554519 0.041669
89.599977 0.045458
89.637849 0.037872
89.679516 0.041667
89.721140 0.041624
89.762850 0.041710
89.804517 0.041667
89.846137 0.041619
89.887855 0.041718
89.930819 0.042964
89.971187 0.040369
90.012859 0.041672
90.054520 0.041661
90.096186 0.041666
90.159581 0.063395
90.212274 0.052693
90.262853 0.050579
90.304520 0.041667
90.346187 0.041666
90.424796 0.078609
90.471188 0.046392
90.517173 0.045985
90.554469 0.037295
90.596184 0.041716
90.637853 0.041669
90.680764 0.042911
90.721191 0.040426
90.762849 0.041659
90.804520 0.041671
90.846184 0.041664
90.887853 0.041669
90.929516 0.041663
90.971185 0.041669
91.012857 0.041672
91.054519 0.041662
91.096187 0.041668
91.137853 0.041666
91.188530 0.050678
91.260240 0.071709
91.353909 0.093669
91.412749 0.058840
91.484778 0.072029
91.592776 0.107998
91.700778 0.108003
91.763129 0.062351
91.824781 0.061652
91.888513 0.063732
91.961042 0.072529
92.017047 0.056005
92.078711 0.061664
92.131344 0.052633
92.195877 0.064533
92.304752 0.108875
92.348590 0.043838
92.393470 0.044881
92.429521 0.036051
92.484201 0.054680
92.512853 0.028653
92.554518 0.041664
92.596184 0.041667
92.637849 0.041665
92.679525 0.041676
92.772777 0.093252
92.816750 0.043973
92.849967 0.033217
92.887850 0.037882
92.929519 0.041669
92.971185 0.041666
93.012859 0.041674
93.054520 0.041661
93.096185 0.041665
93.137850 0.041665
93.179517 0.041667
93.221137 0.041620
93.262856 0.041719
93.304516 0.041659
93.346138 0.041622
93.387849 0.041711
93.429522 0.041673
93.471184 0.041661
93.512852 0.041669
93.554517 0.041665
93.596183 0.041666
93.637850 0.041667
93.679517 0.041666
93.721183 0.041666
93.762853 0.041670
93.804518 0.041665
93.846190 0.041672
93.887854 0.041665
93.929531 0.041676
93.980775 0.051244
94.017218 0.036443
94.054522 0.037304
94.108884 0.054362
94.137849 0.028965
94.179519 0.041669
94.221185 0.041666
94.262852 0.041667
94.304525 0.041673
94.346187 0.041662
94.387860 0.041673
94.429514 0.041654
94.471184 0.041670
94.512855 0.041671
94.554518 0.041663
94.596183 0.041665
94.637850 0.041667
94.679522 0.041672
94.721136 0.041614
94.762849 0.041713
94.804516 0.041667
94.846188 0.041672
94.887850 0.041663
94.929518 0.041668
94.971186 0.041668
95.012852 0.041665
95.054473 0.041621
95.096183 0.041710
95.137853 0.041670
95.179520 0.041667
95.221184 0.041664
95.262853 0.041669
95.304524 0.041671
95.346184 0.041660
95.387857 0.041673
95.429519 0.041662
95.471187 0.041668
95.512861 0.041675
95.554517 0.041655
95.596184 0.041668
95.637856 0.041672
95.679473 0.041617
95.721194 0.041722
95.762858 0.041663
95.804518 0.041660
95.846184 0.041666
95.887852 0.041668
95.929516 0.041665
95.971182 0.041666
96.012849 0.041666
96.054522 0.041674
96.096183 0.041661
96.137849 0.041666
96.179516 0.041667
96.221188 0.041672
96.262850 0.041661
96.304521 0.041671
96.346183 0.041662
96.387851 0.041668
96.429518 0.041667
96.471196 0.041677
96.512851 0.041656
96.554517 0.041666
96.596183 0.041666
96.637864 0.041680
96.679522 0.041658
96.721186 0.041665
96.762853 0.041667
96.804523 0.041670
96.847399 0.042876
96.887854 0.040455
96.929519 0.041664
96.971186 0.041667
97.012852 0.041667
97.054519 0.041667
97.096187 0.041668
97.137854 0.041667
97.179532 0.041679
97.221136 0.041604
97.262857 0.041721
97.304527 0.041670
97.416749 0.112222
97.464777 0.048029
97.532772 0.067994
97.588777 0.056006
97.640620 0.051843
97.679759 0.039139
97.762849 0.083090
97.804518 0.041670
97.846184 0.041665
97.887866 0.041682
97.929519 0.041653
97.971142 0.041624
98.023258 0.052115
98.054522 0.031264
98.096188 0.041666
98.140156 0.043969
98.180518 0.040362
98.221187 0.040669
98.262848 0.041662
98.304517 0.041668
98.346186 0.041669
98.387854 0.041668
98.429517 0.041663
98.471136 0.041619
98.512851 0.041715
98.554519 0.041667
98.596183 0.041665
98.637850 0.041666
98.679518 0.041668
98.721187 0.041669
98.762854 0.041667
98.804518 0.041664
98.846183 0.041665
98.887856 0.041674
98.929517 0.041661
98.971183 0.041666
99.012854 0.041671
99.054519 0.041665
99.096184 0.041665
99.137854 0.041670
99.179520 0.041665
99.221184 0.041664
99.262851 0.041667
99.304517 0.041667
99.346185 0.041668
99.387853 0.041668
99.429516 0.041663
99.471134 0.041618
99.512849 0.041715
99.554525 0.041676
99.596189 0.041664
99.637849 0.041661
99.679524 0.041675
99.721186 0.041662
99.762813 0.041626
99.804519 0.041707
99.846189 0.041669
99.887849 0.041660
99.929530 0.041681
99.971146 0.041616
100.023857 0.052711
100.060670 0.036813
100.096184 0.035514
100.137853 0.041670
100.179470 0.041616
100.221136 0.041667
100.262850 0.041714
100.304517 0.041667
100.346135 0.041617
100.387855 0.041721
100.583414 0.195559
100.638052 0.054637
100.748774 0.110722
100.821898 0.073124
100.864787 0.042889
100.992725 0.127937
101.065839 0.073115
101.218517 0.152678
101.316776 0.098259
101.388790 0.072014
101.471318 0.082528
101.612778 0.141460
101.637853 0.025075
101.679516 0.041663
101.739070 0.059554
101.823255 0.084185
101.892746 0.069491
101.929517 0.036771
101.971187 0.041670
102.012852 0.041665
102.054519 0.041667
102.096184 0.041665
102.137863 0.041678
102.179516 0.041653
102.221140 0.041624
102.262850 0.041709
102.304529 0.041679
102.346190 0.041661
102.387853 0.041663
102.429517 0.041664
102.471193 0.041676
102.512850 0.041657
102.554519 0.041669
102.596186 0.041667
102.637855 0.041668
102.679518 0.041663
102.721194 0.041676
102.762853 0.041659
102.804520 0.041668
102.846666 0.042146
102.887857 0.041191
102.929467 0.041611
102.971188 0.041721
103.012852 0.041664
103.054517 0.041665
103.096143 0.041626
103.147386 0.051243
103.196783 0.049397
103.222961 0.026178
103.262854 0.039893
103.304528 0.041674
103.346139 0.041611
103.387857 0.041718
103.429519 0.041662
103.471186 0.041667
103.512850 0.041664
103.554525 0.041675
103.615615 0.061090
103.637799 0.022184
103.679518 0.041719
103.721195 0.041677
103.762850 0.041655
103.804525 0.041674
103.846184 0.041659
103.887853 0.041670
103.929517 0.041663
103.971184 0.041667
104.012849 0.041665
104.054517 0.041668
104.096183 0.041666
104.137851 0.041668
104.179516 0.041665
104.221188 0.041672
104.262849 0.041661
104.304519 0.041669
104.346183 0.041665
104.387851 0.041668
104.429516 0.041665
104.471184 0.041667
104.512850 0.041666
104.554529 0.041679
104.596183 0.041654
104.637850 0.041667
104.679519 0.041668
104.721139 0.041621
104.762852 0.041713
104.804519 0.041667
104.846183 0.041664
104.887853 0.041669
104.929519 0.041666
104.971186 0.041667
105.012851 0.041665
105.054517 0.041666
105.096190 0.041674
105.137853 0.041663
105.179516 0.041662
105.221184 0.041669
105.262849 0.041665
105.304528 0.041679
105.346133 0.041605
105.387852 0.041719
105.429473 0.041621
105.479598 0.050125
105.512849 0.033251
105.554522 0.041673
105.596137 0.041616
105.637858 0.041721
105.679472 0.041614
105.721184 0.041712
105.762853 0.041669
105.804524 0.041671
105.850818 0.046293
105.887858 0.037040
105.929523 0.041665
105.971187 0.041664
106.012850 0.041664
106.054468 0.041617
106.096183 0.041716
106.137859 0.041676
106.179517 0.041658
106.221136 0.041619
106.262851 0.041715
106.304518 0.041667
106.346133 0.041615
106.387853 0.041720
106.429520 0.041667
106.471187 0.041667
106.512853 0.041666
106.554516 0.041663
106.596183 0.041667
106.637851 0.041668
106.679516 0.041665
106.721183 0.041667
106.762849 0.041666
106.804521 0.041672
106.846188 0.041667
106.887850 0.041662
106.929520 0.041671
106.976617 0.047096
107.012851 0.036234
107.054526 0.041676
107.096186 0.041660
107.137848 0.041662
107.240782 0.102934
107.271581 0.030799
107.304523 0.032942
107.346143 0.041620
107.387851 0.041708
107.429520 0.041669
107.471198 0.041678
107.512853 0.041656
107.554517 0.041663
107.596183 0.041666
107.637859 0.041676
107.681283 0.043425
107.721184 0.039900
107.762850 0.041667
107.804519 0.041669
107.846187 0.041668
107.887850 0.041663
107.929516 0.041666
107.971187 0.041670
108.012865 0.041678
108.054517 0.041652
108.096183 0.041666
108.137856 0.041673
108.179468 0.041613
108.221183 0.041715
108.262860 0.041676
108.304516 0.041657
108.346184 0.041667
108.387854 0.041671
108.429474 0.041620
108.471187 0.041713
108.512854 0.041667
108.554518 0.041665
108.596184 0.041666
108.637852 0.041669
108.679525 0.041672
108.721136 0.041612
108.762852 0.041715
108.804517 0.041665
108.846183 0.041666
108.887852 0.041669
108.929519 0.041667
108.971185 0.041666
109.012851 0.041666
109.054521 0.041669
109.096182 0.041662
109.137850 0.041667
109.179516 0.041666
109.221184 0.041668
109.262850 0.041665
109.304517 0.041667
109.346183 0.041667
109.387853 0.041669
109.429518 0.041665
109.471187 0.041670
109.512853 0.041666
109.554517 0.041664
109.596188 0.041671
109.637853 0.041666
109.679518 0.041665
109.721134 0.041616
109.762856 0.041722
109.804524 0.041668
109.846188 0.041664
109.887850 0.041662
109.929520 0.041670
109.971191 0.041671
110.012854 0.041664
110.054516 0.041662
110.096187 0.041671
110.137860 0.041673
110.179519 0.041659
110.221184 0.041665
110.262850 0.041666
110.304519 0.041668
110.346183 0.041665
110.387849 0.041666
110.429515 0.041666
110.471187 0.041672
110.512851 0.041665
110.554517 0.041666
110.596190 0.041673
110.728032 0.131842
110.836778 0.108746
110.928792 0.092014
110.971820 0.043028
111.012859 0.041039
111.095165 0.082307
111.156907 0.061742
111.188790 0.031883
111.221189 0.032398
111.361949 0.140760
111.420723 0.058774
111.471184 0.050461
111.512858 0.041674
111.559396 0.046538
111.596187 0.036791
111.637855 0.041668
111.681703 0.043848
111.728096 0.046393
111.762858 0.034762
111.804519 0.041660
111.846142 0.041623
111.887854 0.041712
111.929526 0.041673
111.980751 0.051225
112.028786 0.048036
112.054471 0.025685
112.098836 0.044365
112.137860 0.039024
112.188380 0.050521
112.229750 0.041369
112.262854 0.033105
112.304520 0.041665
112.346185 0.041666
112.387865 0.041679
112.429466 0.041602
112.471186 0.041720
112.512850 0.041664
112.557456 0.044606
112.596185 0.038729
112.637850 0.041665
112.679515 0.041665
112.721187 0.041672
112.762850 0.041663
112.804519 0.041670
112.846185 0.041665
112.887850 0.041665
112.929519 0.041669
112.971189 0.041670
113.012851 0.041662
113.054516 0.041666
113.096182 0.041666
113.137851 0.041668
113.179519 0.041668
113.221133 0.041614
113.262850 0.041716
113.304518 0.041669
113.346139 0.041621
113.387851 0.041711
113.429519 0.041669
113.471194 0.041675
113.512853 0.041659
113.554521 0.041667
113.596188 0.041667
113.637854 0.041666
113.736750 0.098896
113.799191 0.062442
113.846187 0.046995
113.887851 0.041664
113.968772 0.080921
114.013110 0.044337
114.054522 0.041412
114.099966 0.045444
114.137854 0.037889
114.179485 0.041631
114.224765 0.045280
114.262852 0.038087
114.304517 0.041664
114.346185 0.041669
114.387857 0.041672
114.429529 0.041672
114.471190 0.041661
114.515286 0.044096
114.554517 0.039231
114.596196 0.041678
114.649508 0.053312
114.702596 0.053088
114.736951 0.034355
114.763698 0.026747
114.841659 0.077961
114.920747 0.079088
114.971188 0.050441
115.021643 0.050455
115.054520 0.032877
115.096188 0.041668
115.137860 0.041672
115.181858 0.043998
115.221149 0.039291
115.275629 0.054480
115.332938 0.057309
115.387852 0.054914
115.442797 0.054944
115.472614 0.029817
115.512856 0.040242
115.554517 0.041661
115.602600 0.048082
115.637855 0.035256
115.679519 0.041664
115.721158 0.041640
115.762853 0.041694
115.804520 0.041668
115.846197 0.041677
115.887854 0.041656
115.929488 0.041634
115.971940 0.042452
116.012852 0.040912
116.054517 0.041665
116.096196 0.041679
116.137854 0.041658
116.179518 0.041664
116.221142 0.041625
116.262850 0.041708
116.315123 0.052273
116.350573 0.035450
116.387858 0.037285
116.429515 0.041656
116.471134 0.041619
116.512849 0.041716
116.554521 0.041671
116.603597 0.049076
116.637851 0.034254
116.679517 0.041666
116.721195 0.041678
116.762850 0.041654
116.804520 0.041670
116.846184 0.041664
116.887856 0.041672
116.929516 0.041660
116.971186 0.041670
117.012850 0.041664
117.054520 0.041670
117.096183 0.041663
117.137856 0.041673
117.179516 0.041660
117.221185 0.041669
117.262850 0.041666
117.304517 0.041666
117.346139 0.041622
117.387852 0.041713
117.429519 0.041667
117.471186 0.041667
117.512854 0.041668
117.554522 0.041668
117.596133 0.041611
117.637850 0.041716
117.679520 0.041670
117.721185 0.041665
117.762849 0.041665
117.804516 0.041667
117.846133 0.041617
117.887857 0.041724
117.929516 0.041659
117.971187 0.041671
118.012850 0.041663
118.054518 0.041668
118.096140 0.041622
118.137852 0.041712
118.179520 0.041668
118.221142 0.041622
118.262855 0.041713
118.304516 0.041661
118.346188 0.041671
118.397656 0.051468
118.429520 0.031864
118.471135 0.041616
118.512854 0.041719
118.554516 0.041662
118.596189 0.041673
118.637854 0.041665
118.679525 0.041671
118.721193 0.041668
118.762853 0.041660
118.811503 0.048650
118.846138 0.034635
118.887852 0.041714
118.929521 0.041669
118.991059 0.061538
119.048782 0.057722
119.101672 0.052891
119.139154 0.037482
119.201256 0.062102
119.255629 0.054373
119.324777 0.069147
119.352746 0.027970
119.432745 0.079999
119.477127 0.044382
119.512853 0.035725
119.554516 0.041664
119.596186 0.041670
119.637850 0.041664
119.679524 0.041674
119.721190 0.041666
119.762846 0.041656
119.804519 0.041673
119.846136 0.041618
119.887850 0.041713
119.929521 0.041671
119.971183 0.041662
120.012856 0.041672
120.054517 0.041661
120.096191 0.041674
120.137850 0.041659
120.179517 0.041667
120.221134 0.041617
120.262861 0.041727
120.304516 0.041656
120.346191 0.041674
120.387850 0.041659
120.429520 0.041670
120.471183 0.041663
120.512854 0.041671
120.554518 0.041665
120.596186 0.041667
120.637850 0.041664
120.679519 0.041670
120.721133 0.041614
120.762854 0.041720
120.804516 0.041663
120.846183 0.041667
120.887850 0.041666
120.929528 0.041678
120.971183 0.041654
121.012853 0.041671
121.054515 0.041662
121.096182 0.041667
121.137849 0.041667
121.179516 0.041667
121.221140 0.041624
121.262853 0.041713
121.304522 0.041669
121.346184 0.041662
121.387849 0.041666
121.429521 0.041672
121.471183 0.041662
121.512860 0.041677
121.560676 0.047816
121.596187 0.035511
121.639960 0.043772
121.679521 0.039561
121.721181 0.041660
121.762852 0.041671
121.896776 0.133923
121.949477 0.052702
121.996767 0.047290
122.054519 0.057752
122.132777 0.078259
122.200768 0.067990
122.273813 0.073046
122.306681 0.032868
122.346190 0.039509
122.387853 0.041663
122.429520 0.041667
122.471182 0.041662
122.512855 0.041673
122.596729 0.083874
122.649627 0.052898
122.679519 0.029892
122.721139 0.041620
122.762859 0.041720
122.804532 0.041673
122.846137 0.041605
122.887855 0.041718
122.929518 0.041663
122.971187 0.041669
123.012852 0.041664
123.054528 0.041677
123.096183 0.041654
123.137851 0.041668
123.179518 0.041667
123.221184 0.041665
123.262851 0.041668
123.304524 0.041673
123.346185 0.041660
123.387855 0.041670
123.429517 0.041662
123.471133 0.041616
123.512853 0.041721
123.554517 0.041664
123.596133 0.041616
123.637860 0.041727
123.679519 0.041658
123.721184 0.041665
123.762850 0.041666
123.804525 0.041675
123.846184 0.041659
123.887853 0.041669
123.929519 0.041666
123.971185 0.041666
124.012849 0.041664
124.054516 0.041666
124.096187 0.041672
124.137855 0.041668
124.179523 0.041669
124.221189 0.041665
124.262849 0.041660
124.304532 0.041682
124.346185 0.041654
124.387862 0.041677
124.429518 0.041656
124.476451 0.046932
124.512852 0.036401
124.554527 0.041675
124.596183 0.041656
124.637854 0.041670
124.679519 0.041666
124.721138 0.041619
124.762851 0.041713
124.804524 0.041673
124.846136 0.041612
124.887850 0.041714
124.929517 0.041667
124.971189 0.041672
125.012851 0.041662
125.054518 0.041667
125.096191 0.041674
125.137849 0.041658
125.179522 0.041673
125.221188 0.041666
125.262853 0.041666
125.304519 0.041666
125.346188 0.041670
125.387855 0.041666
125.429516 0.041661
125.471136 0.041620
125.512852 0.041715
125.554523 0.041671
125.596185 0.041662
125.637854 0.041669
125.679525 0.041670
125.725359 0.045834
125.807254 0.081895
125.939929 0.132675
126.048780 0.108852
126.096186 0.047406
126.186247 0.090061
126.308779 0.122532
126.396771 0.087992
126.429519 0.032748
126.475441 0.045922
126.584778 0.109337
126.637859 0.053081
126.692012 0.054154
126.773718 0.081705
126.810057 0.036340
126.846184 0.036127
126.887852 0.041668
126.929521 0.041669
126.971136 0.041616
127.012859 0.041722
127.054519 0.041661
127.096182 0.041663
127.143768 0.047586
127.188752 0.044984
127.221190 0.032438
127.262850 0.041661
127.304529 0.041679
127.346186 0.041657
127.387855 0.041669
127.429518 0.041663
127.471190 0.041671
127.512852 0.041662
127.554474 0.041622
127.596183 0.041709
127.637856 0.041673
127.679522 0.041666
127.721183 0.041661
127.762854 0.041671
127.804522 0.041668
127.846186 0.041664
127.887851 0.041665
127.929525 0.041673
127.971136 0.041611
128.012850 0.041714
128.054516 0.041666
128.096187 0.041671
128.137853 0.041666
128.179518 0.041665
128.221133 0.041616
128.262854 0.041720
128.304522 0.041668
128.346133 0.041611
128.387849 0.041716
128.429522 0.041672
128.471189 0.041667
128.512850 0.041661
128.554516 0.041667
128.596187 0.041671
128.637849 0.041662
128.679517 0.041668
128.721134 0.041617
128.762850 0.041716
128.804528 0.041678
128.846182 0.041654
128.887849 0.041667
128.929516 0.041667
128.971183 0.041667
129.012849 0.041666
129.054516 0.041667
129.096187 0.041671
129.137853 0.041666
129.179517 0.041664
129.221135 0.041618
129.262858 0.041722
129.304520 0.041663
129.346186 0.041665
129.387859 0.041674
129.429523 0.041664
129.476606 0.047083
129.512849 0.036242
129.554526 0.041677
129.596136 0.041610
129.637850 0.041714
129.679517 0.041667
129.721135 0.041618
129.762867 0.041732
129.814903 0.052036
129.846184 0.031281
129.887861 0.041677
129.929525 0.041663
129.971182 0.041658
130.012860 0.041678
130.054518 0.041659
130.096191 0.041672
130.149697 0.053507
130.179516 0.029819
130.221191 0.041675
130.262857 0.041666
130.304516 0.041659
130.346197 0.041681
130.387851 0.041653
130.429704 0.041853
130.471183 0.041479
130.512851 0.041667
130.554467 0.041616
130.597934 0.043468
130.637850 0.039915
130.679517 0.041667
130.721140 0.041623
130.762855 0.041715
130.804523 0.041669
130.846189 0.041666
130.887858 0.041669
130.929520 0.041662
130.971134 0.041615
131.012861 0.041726
131.054519 0.041658
131.096186 0.041667
131.137849 0.041663
131.179525 0.041675
131.221186 0.041661
131.262851 0.041665
131.304516 0.041665
131.346189 0.041673
131.387863 0.041674
131.429520 0.041656
131.471184 0.041664
131.512851 0.041667
131.554519 0.041668
131.596183 0.041664
131.637855 0.041671
131.679516 0.041661
131.721141 0.041625
131.762850 0.041709
131.804517 0.041667
131.846188 0.041671
131.887860 0.041672
131.929519 0.041658
131.971195 0.041677
132.012851 0.041655
132.054530 0.041680
132.100779 0.046249
132.138100 0.037321
132.179516 0.041416
132.226681 0.047165
132.269715 0.043034
132.304517 0.034802
132.346189 0.041672
132.387854 0.041665
132.429518 0.041665
132.471191 0.041672
132.512858 0.041668
132.554523 0.041665
132.596184 0.041661
132.637857 0.041673
132.679520 0.041663
132.721190 0.041670
132.762859 0.041669
132.804515 0.041656
132.846138 0.041623
132.891923 0.045785
132.929524 0.037601
132.971148 0.041624
133.012851 0.041703
133.054524 0.041673
133.096133 0.041609
133.137901 0.041768
133.179517 0.041616
133.221134 0.041618
133.262855 0.041721
133.375830 0.112975
133.427934 0.052104
133.471186 0.043252
133.512852 0.041666
133.554521 0.041669
133.596186 0.041665
133.637848 0.041661
133.679521 0.041673
133.721145 0.041624
133.762855 0.041710
133.804519 0.041663
133.846183 0.041664
133.887849 0.041666
133.929523 0.041674
133.971188 0.041665
134.012851 0.041663
134.060187 0.047336
134.096183 0.035996
134.137850 0.041667
134.179518 0.041667
134.221198 0.041680
134.262850 0.041653
134.304517 0.041666
134.346184 0.041667
134.387858 0.041674
134.429521 0.041663
134.471188 0.041667
134.512850 0.041662
134.554517 0.041667
134.596138 0.041621
134.637851 0.041714
134.679522 0.041670
134.721194 0.041672
134.796746 0.075553
134.846188 0.049441
134.890346 0.044159
134.929515 0.039169
134.971185 0.041669
135.012852 0.041668
135.054523 0.041671
135.096188 0.041666
135.137851 0.041662
135.179518 0.041667
135.221133 0.041615
135.262858 0.041725
135.304520 0.041661
135.346136 0.041616
135.387850 0.041714
135.429521 0.041671
135.471192 0.041671
135.512855 0.041663
135.554516 0.041661
135.596185 0.041669
135.645696 0.049512
135.679518 0.033822
135.721184 0.041665
135.762851 0.041667
135.804523 0.041673
135.851368 0.046844
135.887850 0.036482
135.929517 0.041667
135.971191 0.041674
136.012857 0.041667
136.054467 0.041610
136.096183 0.041715
136.137857 0.041675
136.179523 0.041666
136.221183 0.041660
136.262855 0.041672
136.304520 0.041664
136.346136 0.041616
136.387850 0.041714
136.429522 0.041672
136.471188 0.041666
136.512849 0.041662
136.554520 0.041671
136.596186 0.041666
136.639798 0.043611
136.679519 0.039721
136.721133 0.041615
136.762860 0.041727
136.804519 0.041659
136.846191 0.041672
136.887850 0.041658
136.929517 0.041667
136.971183 0.041666
137.012852 0.041669
137.054516 0.041664
137.096133 0.041617
137.137850 0.041717
137.179518 0.041668
137.221133 0.041616
137.262859 0.041726
137.304516 0.041657
137.346136 0.041620
137.387849 0.041714
137.429517 0.041668
137.471183 0.041666
137.512852 0.041669
137.554517 0.041665
137.596187 0.041670
137.637849 0.041662
137.679521 0.041673
137.721183 0.041661
137.762852 0.041670
137.804517 0.041664
137.846136 0.041619
137.887849 0.041714
137.929517 0.041668
137.971182 0.041665
138.012854 0.041672
138.054516 0.041662
138.096133 0.041617
138.137855 0.041722
138.179516 0.041661
138.221136 0.041620
138.262854 0.041718
138.368146 0.105292
138.401971 0.033825
138.429523 0.027552
138.476053 0.046530
138.512848 0.036795
138.554519 0.041671
138.596184 0.041665
138.637852 0.041668
138.681744 0.043892
138.721187 0.039443
138.762852 0.041666
138.804519 0.041667
138.846186 0.041667
138.887853 0.041667
138.929519 0.041666
139.012086 0.082566
139.054522 0.042436
139.096192 0.041670
139.147045 0.050853
139.179520 0.032475
139.227967 0.048447
139.262857 0.034889
139.332997 0.070140
139.388777 0.055780
139.434307 0.045530
139.471142 0.036834
139.542655 0.071514
139.620774 0.078119
139.649087 0.028313
139.680317 0.031230
139.760553 0.080236
139.804520 0.043966
139.846825 0.042305
139.887854 0.041029
139.943957 0.056103
140.005415 0.061458
140.054523 0.049108
140.096189 0.041665
140.137853 0.041664
140.179520 0.041667
140.221186 0.041666
140.262853 0.041666
140.304517 0.041664
140.346186 0.041669
140.387854 0.041668
140.429526 0.041672
140.471183 0.041657
140.512850 0.041667
140.554517 0.041667
140.596182 0.041666
140.637850 0.041668
140.679517 0.041667
140.721138 0.041622
140.762850 0.041712
140.804524 0.041673
140.846134 0.041610
140.887853 0.041720
140.929516 0.041663
140.971191 0.041675
141.012849 0.041658
141.054519 0.041670
141.096183 0.041664
141.137857 0.041674
141.179516 0.041659
141.221187 0.041671
141.262850 0.041663
141.304522 0.041672
141.346183 0.041661
141.387856 0.041673
141.429517 0.041661
141.471140 0.041623
141.512853 0.041713
141.554528 0.041674
141.598614 0.044087
141.637854 0.039239
141.688786 0.050932
141.736779 0.047993
141.767352 0.030573
141.804519 0.037167
141.877327 0.072807
141.916633 0.039306
141.929520 0.012887
141.971185 0.041665
142.012853 0.041668
142.068146 0.055293
142.096186 0.028041
142.156751 0.060565
142.217671 0.060920
142.267501 0.049830
142.304518 0.037017
142.346164 0.041646
142.387854 0.041690
142.429519 0.041665
142.471433 0.041914
142.512852 0.041419
142.554517 0.041665
142.604425 0.049908
142.637855 0.033430
142.724749 0.086894
142.762854 0.038105
142.834947 0.072093
142.895250 0.060303
142.929519 0.034269
143.024353 0.094834
143.100785 0.076432
143.151243 0.050458
143.179522 0.028278
143.268772 0.089251
143.368746 0.099973
143.408748 0.040002
143.464776 0.056028
143.532751 0.067975
143.574704 0.041953
143.597878 0.023174
143.647042 0.049164
143.692218 0.045176
143.721187 0.028968
143.762852 0.041665
143.804518 0.041666
143.846189 0.041671
143.887859 0.041670
143.929516 0.041657
143.971182 0.041666
144.012849 0.041667
144.054523 0.041674
144.096133 0.041610
144.137850 0.041717
144.179522 0.041673
144.221133 0.041611
144.262855 0.041722
144.304516 0.041661
144.346139 0.041623
144.387849 0.041710
144.429523 0.041673
144.471182 0.041659
144.512855 0.041673
144.554517 0.041662
144.596183 0.041665
144.637859 0.041676
144.679518 0.041659
144.721185 0.041667
144.762858 0.041673
145.026247 0.263389
145.256777 0.230530
145.372748 0.115971
145.448773 0.076025
145.529782 0.081010
145.694618 0.164836
145.848780 0.154162
145.919073 0.070293
145.990863 0.071790
146.136777 0.145914
146.208648 0.071871
146.239674 0.031026
146.268777 0.029103
146.368750 0.099973
146.439987 0.071237
146.471653 0.031666
146.512854 0.041201
146.554521 0.041667
146.596187 0.041665
146.648579 0.052392
146.679519 0.030940
146.721188 0.041669
146.796776 0.075588
146.865823 0.069048
146.887853 0.022030
146.929518 0.041665
146.971186 0.041668
147.012859 0.041673
147.054519 0.041660
147.096191 0.041672
147.137853 0.041662
147.179518 0.041665
147.221188 0.041671
147.262851 0.041663
147.304517 0.041666
147.346183 0.041666
147.387855 0.041672
147.429470 0.041615
147.471187 0.041717
147.512850 0.041663
147.554525 0.041675
147.596186 0.041662
147.637855 0.041669
147.679520 0.041665
147.727016 0.047496
147.768434 0.041418
147.807290 0.038857
147.846187 0.038896
147.889272 0.043086
147.929529 0.040257
147.971188 0.041659
148.012856 0.041668
148.054520 0.041664
148.096186 0.041666
148.137850 0.041664
148.179519 0.041669
148.221185 0.041666
148.262854 0.041669
148.304516 0.041662
148.346185 0.041669
148.387853 0.041668
148.429466 0.041613
148.471189 0.041723
148.512852 0.041663
148.554525 0.041673
148.596182 0.041657
148.637860 0.041678
148.679519 0.041660
148.721195 0.041675
148.762849 0.041655
148.804517 0.041668
148.846186 0.041669
148.887853 0.041667
148.929516 0.041663
148.971185 0.041670
149.012855 0.041669
149.054521 0.041666
149.096181 0.041660
149.137856 0.041675
149.179517 0.041660
149.221137 0.041620
149.262855 0.041718
149.304516 0.041661
149.346183 0.041667
149.387850 0.041666
149.429516 0.041667
149.471187 0.041671
149.512854 0.041667
149.554517 0.041662
149.596182 0.041666
149.637854 0.041672
149.679521 0.041667
149.721183 0.041662
149.762852 0.041669
149.804517 0.041665
149.846184 0.041666
149.887857 0.041674
149.929520 0.041663
149.971185 0.041665
150.012849 0.041664
150.054519 0.041670
150.096184 0.041665
150.137851 0.041667
150.179519 0.041667
150.221183 0.041665
150.262851 0.041668
150.304525 0.041674
150.346132 0.041606
150.387852 0.041720
150.429518 0.041666
150.471186 0.041668
150.512853 0.041668
150.554517 0.041664
150.596184 0.041667
150.637855 0.041670
150.679515 0.041660
150.721186 0.041671
150.762850 0.041664
150.804467 0.041617
150.846133 0.041666
150.887851 0.041718
150.929467 0.041616
150.971187 0.041720
151.012853 0.041665
151.054521 0.041668
151.096186 0.041666
151.137854 0.041667
151.179523 0.041669
151.222822 0.043300
151.262854 0.040032
151.304517 0.041662
151.346142 0.041625
151.387854 0.041713
151.429524 0.041669
151.471135 0.041611
151.512852 0.041718
151.554517 0.041665
151.596184 0.041667
151.637860 0.041675
151.679469 0.041609
151.721184 0.041715
151.762855 0.041671
151.804520 0.041665
151.846135 0.041616
151.887850 0.041715
151.929522 0.041672
151.975169 0.045646
152.012855 0.037686
152.054518 0.041663
152.096149 0.041631
152.137850 0.041701
152.179524 0.041674
152.221136 0.041612
152.262856 0.041720
152.304520 0.041664
152.346135 0.041616
152.387850 0.041715
152.435148 0.047298
152.475638 0.040489
152.512853 0.037216
152.564296 0.051442
152.601141 0.036845
152.637855 0.036714
152.723430 0.085575
152.766933 0.043503
152.804519 0.037587
152.874832 0.070313
152.936778 0.061945
152.990121 0.053343
153.022164 0.032044
153.054521 0.032357
153.109022 0.054501
153.137857 0.028835
153.179524 0.041667
153.226091 0.046567
153.262854 0.036763
153.304516 0.041662
153.346136 0.041620
153.387863 0.041727
153.429520 0.041656
153.473245 0.043725
153.512856 0.039611
153.560878 0.048023
153.602574 0.041696
153.640184 0.037610
153.679518 0.039334
153.721144 0.041625
153.804512 0.083369
153.846145 0.041633
153.895358 0.049213
153.929528 0.034170
153.971185 0.041657
154.013348 0.042162
154.066241 0.052893
154.096186 0.029946
154.144909 0.048723
154.179521 0.034612
154.221187 0.041666
154.262845 0.041658
154.309258 0.046413
154.346185 0.036927
154.387854 0.041669
154.437238 0.049384
154.471187 0.033948
154.512851 0.041664
154.562777 0.049926
154.606546 0.043769
154.637855 0.031309
154.679519 0.041664
154.721194 0.041674
154.762853 0.041659
154.804519 0.041667
154.846186 0.041667
154.887851 0.041665
154.929523 0.041672
155.080777 0.151253
155.140778 0.060001
155.179519 0.038741
155.248300 0.068781
155.304518 0.056217
155.368775 0.064257
155.408749 0.039974
155.471181 0.062433
155.512853 0.041672
155.554518 0.041666
155.596186 0.041668
155.637849 0.041663
155.679519 0.041670
155.721183 0.041664
155.762854 0.041670
155.804516 0.041662
155.855881 0.051366
155.887851 0.031969
155.929517 0.041667
155.971134 0.041616
156.012853 0.041720
156.054519 0.041666
156.096184 0.041664
156.137851 0.041667
156.179524 0.041673
156.221185 0.041662
156.262849 0.041664
156.304516 0.041666
156.346138 0.041623
156.387852 0.041714
156.429517 0.041665
156.471182 0.041666
156.512854 0.041671
156.554519 0.041665
156.596133 0.041615
156.637849 0.041716
156.679520 0.041670
156.721141 0.041622
156.762853 0.041712
156.804520 0.041667
156.846183 0.041663
156.887850 0.041667
156.929523 0.041673
157.181656 0.252133
157.250202 0.068546
157.276849 0.026647
157.387563 0.110714
157.429520 0.041957
157.473298 0.043779
157.512861 0.039563
157.634292 0.121431
157.679520 0.045228
157.721322 0.041802
157.762860 0.041538
157.840778 0.077918
157.895052 0.054274
157.929513 0.034460
157.971190 0.041678
158.048748 0.077557
158.111588 0.062840
158.137850 0.026262
158.179529 0.041678
158.229979 0.050451
158.268745 0.038765
158.307254 0.038509
158.346136 0.038882
158.387849 0.041713
158.429530 0.041681
158.471182 0.041652
158.512849 0.041667
158.554520 0.041671
158.596189 0.041669
158.642960 0.046771
158.679520 0.036560
158.725664 0.046144
158.762855 0.037191
158.804520 0.041665
158.846188 0.041668
158.912792 0.066604
158.944744 0.031951
158.971187 0.026443
159.016273 0.045086
159.096773 0.080500
159.137855 0.041083
159.179520 0.041665
159.221187 0.041667
159.262810 0.041623
159.312780 0.049970
159.346139 0.033359
159.387853 0.041714
159.429524 0.041671
159.474045 0.044520
159.512858 0.038813
159.554520 0.041662
159.596198 0.041678
159.637854 0.041656
159.679516 0.041662
159.721183 0.041668
159.762864 0.041681
159.804516 0.041652
159.846191 0.041675
159.906289 0.060098
159.929525 0.023236
160.012781 0.083257
160.054517 0.041736
160.102290 0.047773
160.137855 0.035565
160.200776 0.062921
160.275546 0.074770
160.305764 0.030219
160.346187 0.040422
160.387856 0.041669
160.429516 0.041660
160.471185 0.041669
160.512851 0.041665
160.554520 0.041670
160.596183 0.041663
160.637849 0.041667
160.679517 0.041667
160.721139 0.041622
160.762850 0.041712
160.804516 0.041666
160.846184 0.041668
160.887855 0.041671
160.929517 0.041662
160.971183 0.041666
161.012856 0.041673
161.054519 0.041664
161.096184 0.041664
161.137852 0.041668
161.190517 0.052665
161.221189 0.030672
161.262820 0.041631
161.309827 0.047007
161.346195 0.036368
161.393900 0.047705
161.429518 0.035618
161.471186 0.041668
161.512855 0.041669
161.554518 0.041663
161.596186 0.041668
161.637849 0.041663
161.679521 0.041671
161.721134 0.041613
161.762853 0.041719
161.804516 0.041663
161.846183 0.041667
161.887850 0.041667
161.929517 0.041667
161.971183 0.041666
162.012852 0.041669
162.054516 0.041664
162.096185 0.041669
162.137850 0.041665
162.190997 0.053147
162.221143 0.030146
162.288777 0.067634
162.373455 0.084678
162.429520 0.056066
162.544772 0.115252
162.649455 0.104684
162.752777 0.103322
162.804520 0.051743
162.846195 0.041675
162.887850 0.041655
162.929465 0.041615
162.971140 0.041674
163.012854 0.041714
163.054519 0.041665
163.096133 0.041614
163.148916 0.052783
163.179518 0.030602
163.221184 0.041666
163.262848 0.041665
163.304518 0.041670
163.346184 0.041666
163.387852 0.041668
163.429521 0.041669
163.471185 0.041664
163.512849 0.041663
163.554526 0.041677
163.598547 0.044021
163.637853 0.039306
163.679467 0.041615
163.721133 0.041666
163.762849 0.041716
163.804519 0.041669
163.846186 0.041667
163.887852 0.041666
163.929470 0.041618
163.971183 0.041713
164.019467 0.048284
164.054519 0.035051
164.096186 0.041667
164.137852 0.041666
164.179524 0.041672
164.221137 0.041612
164.262854 0.041717
164.304524 0.041670
164.346192 0.041668
164.387857 0.041665
164.438080 0.050223
164.480086 0.042006
164.512853 0.032768
164.570616 0.057763
164.656781 0.086165
164.721181 0.064400
164.762853 0.041672
164.810871 0.048018
164.846139 0.035268
164.887861 0.041722
164.938984 0.051123
164.979092 0.040108
165.012861 0.033769
165.054524 0.041663
165.096187 0.041664
165.146458 0.050271
165.194354 0.047895
165.221189 0.026835
165.268759 0.047571
165.339275 0.070515
165.395375 0.056100
165.429525 0.034150
165.480559 0.051034
165.512853 0.032295
165.563548 0.050694
165.596141 0.032593
165.640910 0.044769
165.679526 0.038616
165.723282 0.043756
165.762854 0.039572
165.804527 0.041673
165.846188 0.041661
165.916777 0.070589
165.940615 0.023838
165.971156 0.030541
166.020853 0.049697
166.054472 0.033619
166.096187 0.041715
166.137853 0.041666
166.188032 0.050179
166.221146 0.033114
166.262860 0.041714
166.304471 0.041612
166.346185 0.041714
166.387853 0.041668
166.429517 0.041664
166.479015 0.049498
166.512858 0.033843
166.554520 0.041662
166.596185 0.041665
166.637859 0.041674
166.679472 0.041613
166.721190 0.041719
166.762853 0.041663
166.804534 0.041681
166.856852 0.052318
166.887849 0.030996
166.929519 0.041671
166.971148 0.041629
167.012853 0.041705
167.054526 0.041672
167.096188 0.041662
167.137857 0.041669
167.179528 0.041672
167.221138 0.041609
167.262850 0.041712
167.304517 0.041666
167.346190 0.041674
167.387851 0.041661
167.429518 0.041667
167.471184 0.041667
167.512850 0.041666
167.554522 0.041672
167.596197 0.041675
167.637856 0.041660
167.679521 0.041665
167.721184 0.041663
167.762850 0.041666
167.804519 0.041669
167.846134 0.041615
167.887850 0.041717
167.929517 0.041667
167.971135 0.041618
168.012804 0.041669
168.054517 0.041713
168.096135 0.041618
168.137851 0.041716
168.179517 0.041665
168.221188 0.041672
168.262854 0.041666
168.304520 0.041666
168.346185 0.041665
168.387854 0.041669
168.429517 0.041663
168.471186 0.041668
168.512851 0.041665
168.554522 0.041671
168.596189 0.041667
168.637855 0.041666
168.679518 0.041663
168.721187 0.041669
168.762851 0.041664
168.804521 0.041670
168.846188 0.041667
168.887854 0.041666
168.929526 0.041672
168.971185 0.041660
169.012851 0.041665
169.054470 0.041620
169.096188 0.041718
169.137854 0.041666
169.179518 0.041663
169.221184 0.041667
169.262852 0.041667
169.304521 0.041670
169.346135 0.041614
169.387853 0.041718
169.429517 0.041664
169.471138 0.041621
169.512850 0.041712
169.554520 0.041670
169.596137 0.041617
169.637856 0.041719
169.679521 0.041665
169.721187 0.041667
169.762850 0.041663
169.804468 0.041618
169.846184 0.041717
169.887850 0.041665
169.929473 0.041624
169.971184 0.041711
170.012854 0.041670
170.054518 0.041664
170.096183 0.041665
170.137852 0.041670
170.179517 0.041664
170.221187 0.041670
170.262850 0.041663
170.304524 0.041674
170.346133 0.041610
170.387851 0.041718
170.429517 0.041666
170.471137 0.041620
170.512856 0.041719
170.554519 0.041663
170.596183 0.041663
170.637854 0.041671
170.679516 0.041662
170.721186 0.041670
170.762849 0.041663
170.804521 0.041672
170.846186 0.041665
170.887856 0.041669
170.929516 0.041661
170.971187 0.041671
171.012851 0.041663
171.054524 0.041673
171.096186 0.041663
171.137851 0.041665
171.179521 0.041670
171.221183 0.041663
171.262850 0.041667
171.304516 0.041666
171.346187 0.041670
171.387849 0.041663
171.429518 0.041668
171.471134 0.041616
171.512853 0.041719
171.554516 0.041663
171.596139 0.041623
171.637850 0.041710
171.679520 0.041671
171.721187 0.041667
171.762854 0.041667
171.804516 0.041662
171.846189 0.041673
171.887860 0.041671
171.929522 0.041662
171.971183 0.041662
172.012848 0.041665
172.054519 0.041671
172.096187 0.041668
