0.017697 0.017697
0.050014 0.032317
0.091739 0.041725
0.133331 0.041592
0.175015 0.041684
0.216683 0.041668
0.258348 0.041665
0.300057 0.041709
0.341714 0.041657
0.383391 0.041677
0.425016 0.041625
0.466736 0.041720
0.508391 0.041655
0.550058 0.041667
0.591711 0.041653
0.633390 0.041679
0.675011 0.041621
0.716711 0.041700
0.758381 0.041670
0.800058 0.041677
0.841681 0.041623
0.883390 0.041709
0.925047 0.041657
0.966727 0.041680
1.008387 0.041660
1.050065 0.041678
1.091714 0.041649
1.133389 0.041675
1.175057 0.041668
1.216715 0.041658
1.258389 0.041674
1.300047 0.041658
1.341716 0.041669
1.383357 0.041641
1.425013 0.041656
1.466717 0.041704
1.508343 0.041626
1.550048 0.041705
1.591723 0.041675
1.633390 0.041667
1.675047 0.041657
1.716722 0.041675
1.758389 0.041667
1.800051 0.041662
1.841716 0.041665
1.883387 0.041671
1.925057 0.041670
1.966717 0.041660
2.008390 0.041673
2.050049 0.041659
2.091717 0.041668
2.133391 0.041674
2.175046 0.041655
2.216719 0.041673
2.258344 0.041625
2.299996 0.041652
2.341716 0.041720
2.383393 0.041677
2.425048 0.041655
2.466732 0.041684
2.508383 0.041651
2.550059 0.041676
2.591724 0.041665
2.633393 0.041669
2.675064 0.041671
2.716660 0.041596
2.758392 0.041732
2.800049 0.041657
2.841716 0.041667
2.883391 0.041675
2.925060 0.041669
2.966719 0.041659
3.008390 0.041671
3.050044 0.041654
3.091730 0.041686
3.133388 0.041658
3.175047 0.041659
3.216717 0.041670
3.258380 0.041663
3.300052 0.041672
3.341715 0.041663
3.383392 0.041677
3.425046 0.041654
3.466660 0.041614
3.508348 0.041688
3.550050 0.041702
3.591725 0.041675
3.633388 0.041663
3.675020 0.041632
3.716728 0.041708
3.758393 0.041665
3.800066 0.041673
3.841726 0.041660
3.883380 0.041654
3.925057 0.041677
3.966727 0.041670
4.008381 0.041654
4.050043 0.041662
4.091736 0.041693
4.133394 0.041658
4.175048 0.041654
4.216716 0.041668
4.258380 0.041664
4.300059 0.041679
4.341727 0.041668
4.383402 0.041675
4.425060 0.041658
4.466720 0.041660
4.508392 0.041672
4.550060 0.041668
4.591717 0.041657
4.633391 0.041674
4.675057 0.041666
4.716723 0.041666
4.758347 0.041624
4.800058 0.041711
4.841722 0.041664
4.883390 0.041668
4.925056 0.041666
4.966723 0.041667
5.008386 0.041663
5.050054 0.041668
5.091686 0.041632
5.133387 0.041701
5.175058 0.041671
5.216711 0.041653
5.258390 0.041679
5.300054 0.041664
5.341710 0.041656
5.383401 0.041691
5.425056 0.041655
5.466730 0.041674
5.508385 0.041655
5.550056 0.041671
5.591687 0.041631
5.633384 0.041697
5.675055 0.041671
5.716714 0.041659
5.758385 0.041671
5.800054 0.041669
5.841709 0.041655
5.883347 0.041638
5.925053 0.041706
5.966712 0.041659
6.008387 0.041675
6.050055 0.041668
6.091738 0.041683
6.133384 0.041646
6.175066 0.041682
6.216710 0.041644
6.258356 0.041646
6.300057 0.041701
6.341708 0.041651
6.383388 0.041680
6.425058 0.041670
6.466713 0.041655
6.508391 0.041678
6.550054 0.041663
6.591711 0.041657
6.633384 0.041673
6.675054 0.041670
6.716712 0.041658
6.758376 0.041664
6.800053 0.041677
6.841710 0.041657
6.883350 0.041640
6.925054 0.041704
6.966707 0.041653
7.008386 0.041679
7.050054 0.041668
7.091741 0.041687
7.133386 0.041645
7.175055 0.041669
7.216721 0.041666
7.258386 0.041665
7.300054 0.041668
7.341710 0.041656
7.383390 0.041680
7.425057 0.041667
7.466713 0.041656
7.508324 0.041611
7.550055 0.041731
7.591722 0.041667
7.633388 0.041666
7.675056 0.041668
7.716708 0.041652
7.758387 0.041679
7.800057 0.041670
7.841710 0.041653
7.883392 0.041682
7.925053 0.041661
7.966713 0.041660
8.008390 0.041677
8.050056 0.041666
8.091722 0.041666
8.133392 0.041670
8.175059 0.041667
8.216711 0.041652
8.258389 0.041678
8.300057 0.041668
8.341722 0.041665
8.383391 0.041669
8.425056 0.041665
8.466688 0.041632
8.508388 0.041700
8.550062 0.041674
8.591694 0.041632
8.633388 0.041694
8.675056 0.041668
8.716721 0.041665
8.758387 0.041666
8.800065 0.041678
8.841721 0.041656
8.883372 0.041651
8.925055 0.041683
8.966689 0.041634
9.008349 0.041660
9.050022 0.041673
9.091685 0.041663
9.133351 0.041666
9.175022 0.041671
9.216679 0.041657
9.258349 0.041670
9.299996 0.041647
9.341715 0.041719
9.383387 0.041672
9.425056 0.041669
9.466712 0.041656
9.508385 0.041673
9.550053 0.041668
9.591710 0.041657
9.633383 0.041673
9.675069 0.041686
9.716710 0.041641
9.758386 0.041676
9.800052 0.041666
9.841720 0.041668
9.883384 0.041664
9.925052 0.041668
9.966731 0.041679
10.008387 0.041656
10.050055 0.041668
10.091716 0.041661
10.133369 0.041653
10.175039 0.041670
10.216721 0.041682
10.258389 0.041668
10.300053 0.041664
10.341711 0.041658
10.383385 0.041674
10.425054 0.041669
10.466712 0.041658
10.508389 0.041677
10.550055 0.041666
10.591722 0.041667
10.633385 0.041663
10.675055 0.041670
10.716711 0.041656
10.758384 0.041673
10.800059 0.041675
10.841722 0.041663
10.883370 0.041648
10.925053 0.041683
10.966712 0.041659
11.008386 0.041674
11.050053 0.041667
11.091722 0.041669
11.133385 0.041663
11.175053 0.041668
11.216722 0.041669
11.258386 0.041664
11.300054 0.041668
11.341711 0.041657
11.383387 0.041676
11.425053 0.041666
11.466712 0.041659
11.508389 0.041677
11.550054 0.041665
11.591722 0.041668
11.633383 0.041661
11.675054 0.041671
11.716715 0.041661
11.758382 0.041667
11.800056 0.041674
11.841711 0.041655
11.883391 0.041680
11.925055 0.041664
11.966748 0.041693
12.008387 0.041639
12.050051 0.041664
12.091654 0.041603
12.133361 0.041707
12.175071 0.041710
12.216721 0.041650
12.258388 0.041667
12.300053 0.041665
12.341729 0.041676
12.383386 0.041657
12.425057 0.041671
12.466713 0.041656
12.508358 0.041645
12.550019 0.041661
12.591689 0.041670
12.633389 0.041700
12.675055 0.041666
12.716734 0.041679
12.758383 0.041649
12.800055 0.041672
12.841711 0.041656
12.883394 0.041683
12.925052 0.041658
12.966713 0.041661
13.008388 0.041675
13.050052 0.041664
13.091715 0.041663
13.133383 0.041668
13.175054 0.041671
13.216712 0.041658
13.258390 0.041678
13.300053 0.041663
13.341711 0.041658
13.383389 0.041678
13.425067 0.041678
13.466714 0.041647
13.508385 0.041671
13.550051 0.041666
13.591712 0.041661
13.633386 0.041674
13.675057 0.041671
13.716713 0.041656
13.758385 0.041672
13.800057 0.041672
13.841719 0.041662
13.883396 0.041677
13.925054 0.041658
13.966715 0.041661
14.008387 0.041672
14.050057 0.041670
14.091715 0.041658
14.133384 0.041669
14.175054 0.041670
14.216723 0.041669
14.258390 0.041667
14.300054 0.041664
14.341713 0.041659
14.383389 0.041676
14.425055 0.041666
14.466715 0.041660
14.508385 0.041670
14.550054 0.041669
14.591713 0.041659
14.633385 0.041672
14.675054 0.041669
14.716713 0.041659
14.758376 0.041663
14.800056 0.041680
14.841722 0.041666
14.883384 0.041662
14.925055 0.041671
14.966716 0.041661
15.008375 0.041659
15.050057 0.041682
15.091714 0.041657
15.133375 0.041661
15.175055 0.041680
15.216728 0.041673
15.258389 0.041661
15.300054 0.041665
15.341720 0.041666
15.383394 0.041674
15.425056 0.041662
15.466716 0.041660
15.508387 0.041671
15.550054 0.041667
15.591714 0.041660
15.633386 0.041672
15.675059 0.041673
15.716721 0.041662
15.758375 0.041654
15.800038 0.041663
15.841714 0.041676
15.883384 0.041670
15.925055 0.041671
15.966730 0.041675
16.008387 0.041657
16.050057 0.041670
16.091716 0.041659
16.133384 0.041668
16.175055 0.041671
16.216716 0.041661
16.258390 0.041674
16.300055 0.041665
16.341726 0.041671
16.383386 0.041660
16.425057 0.041671
16.466716 0.041659
16.508393 0.041677
16.550055 0.041662
16.591716 0.041661
16.633394 0.041678
16.675072 0.041678
16.716714 0.041642
16.758374 0.041660
16.800052 0.041678
16.841729 0.041677
16.883347 0.041618
16.925029 0.041682
16.966681 0.041652
17.008348 0.041667
17.050015 0.041667
17.091697 0.041682
17.133360 0.041663
17.175023 0.041663
17.216686 0.041663
17.258348 0.041662
17.300035 0.041687
17.341680 0.041645
17.383349 0.041669
17.425016 0.041667
17.466663 0.041647
17.508337 0.041674
17.550060 0.041723
17.591720 0.041660
17.633401 0.041681
17.675055 0.041654
17.716715 0.041660
17.758400 0.041685
17.800054 0.041654
17.841715 0.041661
17.883397 0.041682
17.925035 0.041638
17.966711 0.041676
18.008385 0.041674
18.050054 0.041669
18.091726 0.041672
18.133390 0.041664
18.175054 0.041664
18.216726 0.041672
18.258385 0.041659
18.300057 0.041672
18.341713 0.041656
18.383368 0.041655
18.425056 0.041688
18.466717 0.041661
18.508385 0.041668
18.550066 0.041681
18.591726 0.041660
18.633386 0.041660
18.675054 0.041668
18.716683 0.041629
18.758384 0.041701
18.800054 0.041670
18.841725 0.041671
18.883388 0.041663
18.925055 0.041667
18.966717 0.041662
19.008387 0.041670
19.050055 0.041668
19.091713 0.041658
19.133375 0.041662
19.175057 0.041682
19.216716 0.041659
19.258386 0.041670
19.300056 0.041670
19.341720 0.041664
19.383385 0.041665
19.425053 0.041668
19.466715 0.041662
19.508385 0.041670
19.550050 0.041665
19.591714 0.041664
19.633388 0.041674
19.675054 0.041666
19.716716 0.041662
19.758385 0.041669
19.800052 0.041667
19.841714 0.041662
19.883385 0.041671
19.925055 0.041670
19.966716 0.041661
20.008387 0.041671
20.050066 0.041679
20.091714 0.041648
20.133396 0.041682
20.175057 0.041661
20.216728 0.041671
20.258387 0.041659
20.300053 0.041666
20.341715 0.041662
20.383388 0.041673
20.425056 0.041668
20.466721 0.041665
20.508386 0.041665
20.550053 0.041667
20.591727 0.041674
20.633389 0.041662
20.675055 0.041666
20.716727 0.041672
20.758370 0.041643
20.800056 0.041686
20.841717 0.041661
20.883389 0.041672
20.925039 0.041650
20.966716 0.041677
21.008390 0.041674
21.050056 0.041666
21.091716 0.041660
21.133404 0.041688
21.175053 0.041649
21.216715 0.041662
21.258389 0.041674
21.300054 0.041665
21.341740 0.041686
21.383387 0.041647
21.425056 0.041669
21.466717 0.041661
21.508387 0.041670
21.550053 0.041666
21.591715 0.041662
21.633388 0.041673
21.675056 0.041668
21.716715 0.041659
21.758385 0.041670
21.800054 0.041669
21.841727 0.041673
21.883387 0.041660
21.925059 0.041672
21.966716 0.041657
22.008386 0.041670
22.050056 0.041670
22.091716 0.041660
22.133346 0.041630
22.175056 0.041710
22.216708 0.041652
22.258402 0.041694
22.300073 0.041671
22.341717 0.041644
22.383390 0.041673
22.425058 0.041668
22.466731 0.041673
22.508397 0.041666
22.550059 0.041662
22.591729 0.041670
22.633387 0.041658
22.675054 0.041667
22.716719 0.041665
22.758392 0.041673
22.800066 0.041674
22.841718 0.041652
22.883400 0.041682
22.925057 0.041657
22.966718 0.041661
23.008391 0.041673
23.050058 0.041667
23.091716 0.041658
23.133387 0.041671
23.175056 0.041669
23.216719 0.041663
23.258353 0.041634
23.300013 0.041660
23.341693 0.041680
23.383353 0.041660
23.425022 0.041669
23.466663 0.041641
23.508361 0.041698
23.550065 0.041704
23.591718 0.041653
23.633398 0.041680
23.675056 0.041658
23.716730 0.041674
23.758383 0.041653
23.800054 0.041671
23.841728 0.041674
23.883383 0.041655
23.925058 0.041675
23.966717 0.041659
24.008387 0.041670
24.050055 0.041668
24.091715 0.041660
24.133387 0.041672
24.175054 0.041667
24.216719 0.041665
24.258384 0.041665
24.300052 0.041668
24.341715 0.041663
24.383389 0.041674
24.425053 0.041664
24.466717 0.041664
24.508387 0.041670
24.550056 0.041669
24.591705 0.041649
24.633389 0.041684
24.675056 0.041667
24.716719 0.041663
24.758385 0.041666
24.800055 0.041670
24.841716 0.041661
24.883386 0.041670
24.925040 0.041654
24.966692 0.041652
25.008391 0.041699
25.050057 0.041666
25.091714 0.041657
25.133371 0.041657
25.175057 0.041686
25.216719 0.041662
25.258387 0.041668
25.300055 0.041668
25.341735 0.041680
25.383387 0.041652
25.425057 0.041670
25.466730 0.041673
25.508395 0.041665
25.550053 0.041658
25.591706 0.041653
25.633391 0.041685
25.675053 0.041662
25.716717 0.041664
25.758373 0.041656
25.800065 0.041692
25.841716 0.041651
25.883391 0.041675
25.925047 0.041656
25.966720 0.041673
26.008396 0.041676
26.050065 0.041669
26.091717 0.041652
26.133421 0.041704
26.175054 0.041633
26.216716 0.041662
26.258388 0.041672
26.300053 0.041665
26.341718 0.041665
26.383385 0.041667
26.425069 0.041684
26.466742 0.041673
26.508385 0.041643
26.550053 0.041668
26.591717 0.041664
26.633374 0.041657
26.675055 0.041681
26.716719 0.041664
26.758384 0.041665
26.800055 0.041671
26.841717 0.041662
26.883343 0.041626
26.925055 0.041712
26.966718 0.041663
27.008343 0.041625
27.050054 0.041711
27.091681 0.041627
27.133384 0.041703
27.175018 0.041634
27.216718 0.041700
27.258391 0.041673
27.300040 0.041649
27.341666 0.041626
27.383386 0.041720
27.425053 0.041667
27.466719 0.041666
27.508386 0.041667
27.550056 0.041670
27.591719 0.041663
27.633388 0.041669
27.675053 0.041665
27.716717 0.041664
27.758388 0.041671
27.800057 0.041669
27.841737 0.041680
27.883388 0.041651
27.925059 0.041671
27.966719 0.041660
28.008385 0.041666
28.050057 0.041672
28.091718 0.041661
28.133391 0.041673
28.175054 0.041663
28.216733 0.041679
28.258390 0.041657
28.300054 0.041664
28.341720 0.041666
28.383387 0.041667
28.425060 0.041673
28.466720 0.041660
28.508388 0.041668
28.550054 0.041666
28.591719 0.041665
28.633376 0.041657
28.675056 0.041680
28.716720 0.041664
28.758375 0.041655
28.800055 0.041680
28.841732 0.041677
28.883402 0.041670
28.925065 0.041663
28.966720 0.041655
29.008376 0.041656
29.050056 0.041680
29.091721 0.041665
29.133387 0.041666
29.175059 0.041672
29.216719 0.041660
29.258389 0.041670
29.300055 0.041666
29.341732 0.041677
29.383388 0.041656
29.425059 0.041671
29.466721 0.041662
29.508398 0.041677
29.550056 0.041658
29.591718 0.041662
29.633385 0.041667
29.675044 0.041659
29.716719 0.041675
29.758387 0.041668
29.800072 0.041685
29.841690 0.041618
29.883395 0.041705
29.925055 0.041660
29.966710 0.041655
30.008387 0.041677
30.050069 0.041682
30.091718 0.041649
30.133386 0.041668
30.175056 0.041670
30.216731 0.041675
30.258387 0.041656
30.300053 0.041666
30.341719 0.041666
30.383388 0.041669
30.425067 0.041679
30.466691 0.041624
30.508351 0.041660
30.550029 0.041678
30.591695 0.041666
30.633352 0.041657
30.675021 0.041669
30.716685 0.041664
30.758357 0.041672
30.800057 0.041700
30.841731 0.041674
30.883354 0.041623
30.924995 0.041641
30.966699 0.041704
31.008368 0.041669
31.050015 0.041647
31.091695 0.041680
31.133358 0.041663
31.175026 0.041668
31.216685 0.041659
31.258352 0.041667
31.300020 0.041668
31.341681 0.041661
31.383348 0.041667
31.425030 0.041682
31.466697 0.041667
31.508346 0.041649
31.550102 0.041756
31.591681 0.041579
31.633349 0.041668
31.675031 0.041682
31.716698 0.041667
31.758352 0.041654
31.800012 0.041660
31.841694 0.041682
31.883351 0.041657
31.925021 0.041670
31.966686 0.041665
32.008400 0.041714
32.050020 0.041620
32.091698 0.041678
32.133390 0.041692
32.175028 0.041638
32.216739 0.041711
32.258353 0.041614
32.300054 0.041701
32.341681 0.041627
32.383388 0.041707
32.425017 0.041629
32.466721 0.041704
32.508355 0.041634
32.550058 0.041703
32.591685 0.041627
32.633346 0.041661
32.675058 0.041712
32.716686 0.041628
32.758359 0.041673
32.800029 0.041670
32.841732 0.041703
32.883354 0.041622
32.925066 0.041712
32.966699 0.041633
33.008398 0.041699
33.050028 0.041630
33.091733 0.041705
33.133361 0.041628
33.175068 0.041707
33.216695 0.041627
33.258398 0.041703
33.300020 0.041622
33.341733 0.041713
33.383350 0.041617
33.425068 0.041718
33.466687 0.041619
33.508387 0.041700
33.550021 0.041634
33.591696 0.041675
33.633361 0.041665
33.675058 0.041697
33.716721 0.041663
33.758397 0.041676
33.800054 0.041657
33.841734 0.041680
33.883386 0.041652
33.925061 0.041675
33.966686 0.041625
34.008386 0.041700
34.050070 0.041684
34.091724 0.041654
34.133397 0.041673
34.175059 0.041662
34.216731 0.041672
34.258350 0.041619
34.300054 0.041704
34.341722 0.041668
34.383389 0.041667
34.425054 0.041665
34.466734 0.041680
34.508397 0.041663
34.550043 0.041646
34.591685 0.041642
34.633388 0.041703
34.675067 0.041679
34.716721 0.041654
34.758393 0.041672
34.800057 0.041664
34.841724 0.041667
34.883347 0.041623
34.925057 0.041710
34.966690 0.041633
35.008381 0.041691
35.050054 0.041673
35.091722 0.041668
35.133401 0.041679
35.175057 0.041656
35.216724 0.041667
35.258381 0.041657
35.300024 0.041643
35.341721 0.041697
35.383387 0.041666
35.425064 0.041677
35.466723 0.041659
35.508400 0.041677
35.550067 0.041667
35.591733 0.041666
35.633387 0.041654
35.675062 0.041675
35.716720 0.041658
35.758352 0.041632
35.800067 0.041715
35.841719 0.041652
35.883387 0.041668
35.925068 0.041681
35.966722 0.041654
36.008347 0.041625
36.050082 0.041735
36.091722 0.041640
36.133332 0.041610
36.175052 0.041720
36.216734 0.041682
36.258348 0.041614
36.300066 0.041718
36.341684 0.041618
36.383359 0.041675
36.425056 0.041697
36.466695 0.041639
36.508382 0.041687
36.550019 0.041637
36.591719 0.041700
36.633353 0.041634
36.675070 0.041717
36.716694 0.041624
36.758357 0.041663
36.800019 0.041662
36.841733 0.041714
36.883348 0.041615
36.925054 0.041706
36.966723 0.041669
37.008360 0.041637
37.050020 0.041660
37.091684 0.041664
37.133352 0.041668
37.175065 0.041713
37.216731 0.041666
37.258396 0.041665
37.300052 0.041656
37.341720 0.041668
37.383345 0.041625
37.425038 0.041693
37.466737 0.041699
37.508372 0.041635
37.550056 0.041684
37.591719 0.041663
37.633388 0.041669
37.675076 0.041688
37.716719 0.041643
37.758352 0.041633
37.800052 0.041700
37.841732 0.041680
37.883398 0.041666
37.925056 0.041658
37.966687 0.041631
38.008386 0.041699
38.050066 0.041680
38.091686 0.041620
38.133386 0.041700
38.175065 0.041679
38.216721 0.041656
38.258399 0.041678
38.300052 0.041653
38.341733 0.041681
38.383398 0.041665
38.425048 0.041650
38.466724 0.041676
38.508398 0.041674
38.550054 0.041656
38.591732 0.041678
38.633387 0.041655
38.675065 0.041678
38.716722 0.041657
38.758401 0.041679
38.800018 0.041617
38.841719 0.041701
38.883395 0.041676
38.925054 0.041659
38.966723 0.041669
39.008394 0.041671
39.050065 0.041671
39.091731 0.041666
39.133387 0.041656
39.175012 0.041625
39.216729 0.041717
39.258395 0.041666
39.300052 0.041657
39.341720 0.041668
39.383374 0.041654
39.425054 0.041680
39.466724 0.041670
39.508360 0.041636
39.550058 0.041698
39.591719 0.041661
39.633373 0.041654
39.675067 0.041694
39.716720 0.041653
39.758380 0.041660
39.800053 0.041673
39.841733 0.041680
39.883395 0.041662
39.925066 0.041671
39.966688 0.041622
40.008385 0.041697
40.050066 0.041681
40.091721 0.041655
40.133383 0.041662
40.175063 0.041680
40.216685 0.041622
40.258373 0.041688
40.300052 0.041679
40.341733 0.041681
40.383388 0.041655
40.425053 0.041665
40.466733 0.041680
40.508396 0.041663
40.550003 0.041607
40.591723 0.041720
40.633389 0.041666
40.675069 0.041680
40.716719 0.041650
40.758399 0.041680
40.800065 0.041666
40.841719 0.041654
40.883395 0.041676
40.925022 0.041627
40.966721 0.041699
41.008373 0.041652
41.050066 0.041693
41.091732 0.041666
41.133398 0.041666
41.175054 0.041656
41.216720 0.041666
41.258322 0.041602
41.300058 0.041736
41.341683 0.041625
41.383372 0.041689
41.425053 0.041681
41.466722 0.041669
41.508393 0.041671
41.550054 0.041661
41.591687 0.041633
41.633345 0.041658
41.675054 0.041709
41.716719 0.041665
41.758388 0.041669
41.800065 0.041677
41.841732 0.041667
41.883386 0.041654
41.925052 0.041666
41.966695 0.041643
42.008389 0.041694
42.050053 0.041664
42.091721 0.041668
42.133373 0.041652
42.175065 0.041692
42.216719 0.041654
42.258385 0.041666
42.300052 0.041667
42.341721 0.041669
42.383374 0.041653
42.425055 0.041681
42.466726 0.041671
42.508372 0.041646
42.550051 0.041679
42.591688 0.041637
42.633352 0.041664
42.675019 0.041667
42.716721 0.041702
42.758391 0.041670
42.800052 0.041661
42.841726 0.041674
42.883385 0.041659
42.925065 0.041680
42.966693 0.041628
43.008395 0.041702
43.050060 0.041665
43.091722 0.041662
43.133421 0.041699
43.175022 0.041601
43.216732 0.041710
43.258399 0.041667
43.300054 0.041655
43.341738 0.041684
43.383351 0.041613
43.425055 0.041704
43.466721 0.041666
43.508395 0.041674
43.550053 0.041658
43.591721 0.041668
43.633386 0.041665
43.675054 0.041668
43.716719 0.041665
43.758382 0.041663
43.800055 0.041673
43.841720 0.041665
43.883376 0.041656
43.925064 0.041688
43.966735 0.041671
44.008390 0.041655
44.050051 0.041661
44.091664 0.041613
44.133325 0.041661
44.175012 0.041687
44.216660 0.041648
44.258328 0.041668
44.299992 0.041664
44.341662 0.041670
44.383326 0.041664
44.424955 0.041629
44.466695 0.041740
44.508348 0.041653
44.550021 0.041673
44.591686 0.041665
44.633358 0.041672
44.675014 0.041656
44.716681 0.041667
44.758351 0.041670
44.800029 0.041678
44.841686 0.041657
44.883347 0.041661
44.925021 0.041674
44.966689 0.041668
45.008359 0.041670
45.050022 0.041663
45.091685 0.041663
45.133359 0.041674
45.175017 0.041658
45.216699 0.041682
45.258344 0.041645
45.300020 0.041676
45.341687 0.041667
45.383345 0.041658
45.425019 0.041674
45.466687 0.041668
45.508350 0.041663
45.550021 0.041671
45.591681 0.041660
45.633347 0.041666
45.675019 0.041672
45.716687 0.041668
45.758352 0.041665
45.800030 0.041678
45.841687 0.041657
45.883345 0.041658
45.925038 0.041693
45.966692 0.041654
46.008362 0.041670
46.050021 0.041659
46.091688 0.041667
46.133346 0.041658
46.175021 0.041675
46.216680 0.041659
46.258356 0.041676
46.300024 0.041668
46.341696 0.041672
46.383361 0.041665
46.425015 0.041654
46.466688 0.041673
46.508347 0.041659
46.549995 0.041648
46.591660 0.041665
46.633327 0.041667
46.675022 0.041695
46.716703 0.041681
46.758353 0.041650
46.800031 0.041678
46.841688 0.041657
46.883360 0.041672
46.925034 0.041674
46.966690 0.041656
47.008348 0.041658
47.050020 0.041672
47.091688 0.041668
47.133362 0.041674
47.175019 0.041657
47.216688 0.041669
47.258346 0.041658
47.300010 0.041664
47.341700 0.041690
47.383344 0.041644
47.425031 0.041687
47.466690 0.041659
47.508346 0.041656
47.550021 0.041675
47.591688 0.041667
47.633347 0.041659
47.675024 0.041677
47.716698 0.041674
47.758352 0.041654
47.800021 0.041669
47.841699 0.041678
47.883361 0.041662
47.925053 0.041692
47.966688 0.041635
48.008354 0.041666
48.050057 0.041703
48.091734 0.041677
48.133387 0.041653
48.175023 0.041636
48.216721 0.041698
48.258384 0.041663
48.300053 0.041669
48.341696 0.041643
48.383402 0.041706
48.425067 0.041665
48.466722 0.041655
48.508396 0.041674
48.550054 0.041658
48.591733 0.041679
48.633387 0.041654
48.674967 0.041580
48.716734 0.041767
48.758391 0.041657
48.800066 0.041675
48.841721 0.041655
48.883400 0.041679
48.925055 0.041655
48.966736 0.041681
49.008387 0.041651
49.050014 0.041627
49.091735 0.041721
49.133387 0.041652
49.175068 0.041681
49.216727 0.041659
49.258371 0.041644
49.300066 0.041695
49.341718 0.041652
49.383346 0.041628
49.425016 0.041670
49.466726 0.041710
49.508393 0.041667
49.550055 0.041662
49.591731 0.041676
49.633362 0.041631
49.675055 0.041693
49.716721 0.041666
49.758388 0.041667
49.800055 0.041667
49.841735 0.041680
49.883390 0.041655
49.925068 0.041678
49.966709 0.041641
50.008402 0.041693
50.050055 0.041653
50.091689 0.041634
50.133387 0.041698
50.175061 0.041674
50.216735 0.041674
50.258403 0.041668
50.300066 0.041663
50.341722 0.041656
50.383389 0.041667
50.425065 0.041676
50.466698 0.041633
50.508398 0.041700
50.550038 0.041640
50.591734 0.041696
50.633378 0.041644
50.675067 0.041689
50.716735 0.041668
50.758391 0.041656
50.800018 0.041627
50.841722 0.041704
50.883371 0.041649
50.925060 0.041689
50.966727 0.041667
51.008398 0.041671
51.050055 0.041657
51.091744 0.041689
51.133370 0.041626
51.175022 0.041652
51.216735 0.041713
51.258388 0.041653
51.300067 0.041679
51.341721 0.041654
51.383373 0.041652
51.425067 0.041694
51.466723 0.041656
51.508348 0.041625
51.550055 0.041707
51.591705 0.041650
51.633400 0.041695
51.675055 0.041655
51.716721 0.041666
51.758371 0.041650
51.800087 0.041716
51.841733 0.041646
51.883355 0.041622
51.925067 0.041712
51.966723 0.041656
52.008384 0.041661
52.050066 0.041682
52.091722 0.041656
52.133375 0.041653
52.175070 0.041695
52.216698 0.041628
52.258400 0.041702
52.300055 0.041655
52.341723 0.041668
52.383392 0.041669
52.425067 0.041675
52.466721 0.041654
52.508393 0.041672
52.550067 0.041674
52.591724 0.041657
52.633387 0.041663
52.675070 0.041683
52.716722 0.041652
52.758406 0.041684
52.800053 0.041647
52.841734 0.041681
52.883387 0.041653
52.925030 0.041643
52.966736 0.041706
53.008371 0.041635
53.050067 0.041696
53.091722 0.041655
53.133387 0.041665
53.175068 0.041681
53.216710 0.041642
53.258330 0.041620
53.300066 0.041736
53.341718 0.041652
53.383394 0.041676
53.425055 0.041661
53.466735 0.041680
53.508348 0.041613
53.550061 0.041713
53.591721 0.041660
53.633358 0.041637
53.675055 0.041697
53.716721 0.041666
53.758400 0.041679
53.800065 0.041665
53.841736 0.041671
53.883374 0.041638
53.925067 0.041693
53.966689 0.041622
54.008386 0.041697
54.050067 0.041681
54.091721 0.041654
54.133395 0.041674
54.175051 0.041656
54.216734 0.041683
54.258356 0.041622
54.300066 0.041710
54.341734 0.041668
54.383346 0.041612
54.425039 0.041693
54.466737 0.041698
54.508394 0.041657
54.550067 0.041673
54.591720 0.041653
54.633390 0.041670
54.675018 0.041628
54.716721 0.041703
54.758400 0.041679
54.800054 0.041654
54.841738 0.041684
54.883389 0.041651
54.925045 0.041656
54.966736 0.041691
55.008389 0.041653
55.050054 0.041665
55.091734 0.041680
55.133388 0.041654
55.175072 0.041684
55.216730 0.041658
55.258390 0.041660
55.300054 0.041664
55.341722 0.041668
55.383359 0.041637
55.425068 0.041709
55.466736 0.041668
55.508388 0.041652
55.550059 0.041671
55.591685 0.041626
55.633391 0.041706
55.675066 0.041675
55.716661 0.041595
55.758391 0.041730
55.800064 0.041673
55.841734 0.041670
55.883402 0.041668
55.925057 0.041655
55.966735 0.041678
56.008398 0.041663
56.050055 0.041657
56.091688 0.041633
56.133385 0.041697
56.175078 0.041693
56.216724 0.041646
56.258376 0.041652
56.300068 0.041692
56.341715 0.041647
56.383402 0.041687
56.424978 0.041576
56.466723 0.041745
56.508396 0.041673
56.550070 0.041674
56.591733 0.041663
56.633394 0.041661
56.675057 0.041663
56.716687 0.041630
56.758393 0.041706
56.800013 0.041620
56.841696 0.041683
56.883350 0.041654
56.925030 0.041680
56.966736 0.041706
57.008353 0.041617
57.050055 0.041702
57.091689 0.041634
57.133357 0.041668
57.175022 0.041665
57.216730 0.041708
57.258363 0.041633
57.300066 0.041703
57.341695 0.041629
57.383385 0.041690
57.425018 0.041633
57.466635 0.041617
57.508386 0.041751
57.550018 0.041632
57.591732 0.041714
57.633347 0.041615
57.675030 0.041683
57.716733 0.041703
57.758393 0.041660
57.800053 0.041660
57.841688 0.041635
57.883350 0.041662
57.925057 0.041707
57.966735 0.041678
58.008387 0.041652
58.050066 0.041679
58.091719 0.041653
58.133379 0.041660
58.175031 0.041652
58.216720 0.041689
58.258393 0.041673
58.300029 0.041636
58.341733 0.041704
58.383372 0.041639
58.425057 0.041685
58.466734 0.041677
58.508368 0.041634
58.550031 0.041663
58.591732 0.041701
58.633374 0.041642
58.675065 0.041691
58.716721 0.041656
58.758398 0.041677
58.800051 0.041653
58.841733 0.041682
58.883362 0.041629
58.925066 0.041704
58.966734 0.041668
59.008399 0.041665
59.050065 0.041666
59.091725 0.041660
59.133398 0.041673
59.175067 0.041669
59.216732 0.041665
59.258348 0.041616
59.300053 0.041705
59.341720 0.041667
59.383399 0.041679
59.425053 0.041654
59.466734 0.041681
59.508369 0.041635
59.550059 0.041690
59.591651 0.041592
59.633393 0.041742
59.675020 0.041627
59.716733 0.041713
59.758369 0.041636
59.800055 0.041686
59.841656 0.041601
59.883319 0.041663
59.949044 0.065725
60.090557 0.141513
60.181507 0.090950
60.408922 0.227415
60.550461 0.141539
60.676815 0.126354
60.813297 0.136482
61.015444 0.202147
61.136757 0.121313
61.268114 0.131357
61.379329 0.111215
61.581522 0.202193
61.707873 0.126351
61.849390 0.141517
61.975745 0.126355
62.167816 0.192071
62.289145 0.121329
62.435734 0.146589
62.552056 0.116322
62.673359 0.121303
62.845197 0.171838
62.936178 0.090981
63.108023 0.171845
63.193965 0.085942
63.391056 0.197091
63.497204 0.106148
63.648835 0.151631
63.775182 0.126347
63.931832 0.156650
64.037993 0.106161
64.219974 0.181981
64.336239 0.116265
64.477769 0.141530
64.644552 0.166783
64.781031 0.136479
64.872015 0.090984
65.028709 0.156694
65.175279 0.146570
65.306691 0.131412
65.453237 0.146546
65.534119 0.080882
65.680678 0.146559
65.837358 0.156680
65.953626 0.116268
66.069874 0.116248
66.277097 0.207223
66.378158 0.101061
66.514608 0.136450
66.615692 0.101084
66.777426 0.161734
66.878542 0.101116
66.994786 0.116244
67.105981 0.111195
67.267709 0.161728
67.394071 0.126362
67.520438 0.126367
67.606322 0.085884
67.757967 0.151645
67.899487 0.141520
68.015735 0.116248
68.106716 0.090981
68.263387 0.156671
68.374586 0.111199
68.516098 0.141512
68.617188 0.101090
68.768803 0.151615
68.834558 0.065755
68.986207 0.151649
69.147944 0.161737
69.249038 0.101094
69.375381 0.126343
69.446162 0.070781
69.562384 0.116222
69.678652 0.116268
69.749425 0.070773
69.855557 0.106132
69.956636 0.101079
70.037516 0.080880
70.128523 0.091007
70.244777 0.116254
70.381235 0.136458
70.487397 0.106162
70.593550 0.106153
70.740123 0.146573
70.846292 0.106169
70.987818 0.141526
71.083855 0.096037
71.225367 0.141512
71.366897 0.141530
71.473066 0.106169
71.594367 0.121301
71.720727 0.126360
71.831920 0.111193
71.938055 0.106135
72.084615 0.146560
72.140243 0.055628
72.286810 0.146567
72.387898 0.101088
72.433403 0.045505
72.579969 0.146566
72.756824 0.176855
72.903388 0.146564
72.989327 0.085939
73.135890 0.146563
73.307723 0.171833
73.444187 0.136464
73.631182 0.186995
73.747416 0.116234
73.883888 0.136472
74.035507 0.151619
74.151762 0.116255
74.283160 0.131398
74.374154 0.090994
74.500528 0.126374
74.606671 0.106143
74.722914 0.116243
74.824027 0.101113
74.925111 0.101084
75.036326 0.111215
75.142470 0.106144
75.273876 0.131406
75.380032 0.106156
75.531654 0.151622
75.622636 0.090982
75.723737 0.101101
75.880412 0.156675
75.930974 0.050562
76.077535 0.146561
76.178616 0.101081
76.325205 0.146589
76.451604 0.126399
76.552697 0.101093
76.679054 0.126357
76.780144 0.101090
76.901445 0.121301
77.012664 0.111219
77.103650 0.090986
77.240115 0.136465
77.341208 0.101093
77.427141 0.085933
77.553495 0.126354
77.664707 0.111212
77.786013 0.121306
77.927536 0.141523
78.018563 0.091027
78.134797 0.116234
78.230845 0.096048
78.372361 0.141516
78.473449 0.101088
78.594760 0.121311
78.716066 0.121306
78.832317 0.116251
78.983952 0.151635
79.120406 0.136454
79.246772 0.126366
79.378189 0.131417
79.555066 0.176877
79.676370 0.121304
79.792655 0.116285
79.939235 0.146580
80.050430 0.111195
80.227331 0.176901
80.348665 0.121334
80.525532 0.176867
80.626624 0.101092
80.763112 0.136488
80.894561 0.131449
81.005764 0.111203
81.101813 0.096049
81.228160 0.126347
81.344407 0.116247
81.465713 0.121306
81.566834 0.101121
81.683101 0.116267
81.789243 0.106142
81.910556 0.121313
82.026825 0.116269
82.082448 0.055623
82.188586 0.106138
82.294727 0.106141
82.431197 0.136470
82.592925 0.161728
82.688965 0.096040
82.764795 0.075830
82.891195 0.126400
82.997343 0.106148
83.078231 0.080888
83.219816 0.141585
83.371455 0.151639
83.502853 0.131398
83.619099 0.116246
83.730295 0.111196
83.866757 0.136462
84.008262 0.141505
84.129580 0.121318
84.281196 0.151616
84.412605 0.131409
84.518770 0.106165
84.629967 0.111197
84.781592 0.151625
84.852387 0.070795
84.978761 0.126374
85.135440 0.156679
85.221367 0.085927
85.302238 0.080871
85.458909 0.156671
85.534748 0.075839
85.671202 0.136454
85.726817 0.055615
85.873382 0.146565
86.045269 0.171887
86.156440 0.111171
86.247421 0.090981
86.318192 0.070771
86.474858 0.156666
86.616400 0.141542
86.712423 0.096023
86.813488 0.101065
86.899389 0.085901
86.980271 0.080882
87.111696 0.131425
87.202693 0.090997
87.293710 0.091017
87.425114 0.131404
87.551465 0.126351
87.607075 0.055610
87.723335 0.116260
87.814328 0.090993
87.940681 0.126353
88.011449 0.070768
88.117587 0.106138
88.228816 0.111229
88.314778 0.085962
88.370396 0.055618
88.496754 0.126358
88.592787 0.096033
88.688866 0.096079
88.784915 0.096049
88.840529 0.055614
89.052775 0.212246
89.158910 0.106135
89.285258 0.126348
89.396537 0.111279
89.472356 0.075819
89.623986 0.151630
89.735189 0.111203
89.846393 0.111204
89.952536 0.106143
90.094073 0.141537
90.154757 0.060684
90.245745 0.090988
90.387258 0.141513
90.498444 0.111186
90.629868 0.131424
90.736005 0.106137
90.837084 0.101079
90.943225 0.106141
91.084750 0.141525
91.175728 0.090978
91.221259 0.045531
91.408218 0.186959
91.509309 0.101091
91.610419 0.101110
91.686238 0.075819
91.832826 0.146588
91.949100 0.116274
92.050195 0.101095
92.151299 0.101104
92.287762 0.136463
92.393906 0.106144
92.474788 0.080882
92.585988 0.111200
92.671916 0.085928
92.828588 0.156672
92.884203 0.055615
92.949930 0.065727
93.000485 0.050555
93.040935 0.040450
93.081395 0.040460
93.126915 0.045520
93.177474 0.050559
93.243158 0.065684
93.329084 0.085926
93.415017 0.085933
93.511048 0.096031
93.647507 0.136459
93.768805 0.121298
93.864848 0.096043
94.036691 0.171843
94.137795 0.101104
94.254049 0.116254
94.355129 0.101080
94.466333 0.111204
94.612907 0.146574
94.708947 0.096040
94.789841 0.080894
94.951561 0.161720
95.042531 0.090970
95.123410 0.080879
95.209337 0.085927
95.376158 0.166821
95.446974 0.070816
95.588488 0.141514
95.689572 0.101084
95.831090 0.141518
95.901887 0.070797
96.048432 0.146545
96.164663 0.116231
96.265753 0.101090
96.361790 0.096037
96.503304 0.141514
96.594354 0.091050
96.680290 0.085936
96.826850 0.146560
96.882456 0.055606
96.948173 0.065717
97.104803 0.156630
97.180644 0.075841
97.301955 0.121311
97.408092 0.106137
97.499080 0.090988
97.655761 0.156681
97.706344 0.050583
97.827643 0.121299
97.954001 0.126358
98.080365 0.126364
98.130926 0.050561
98.257290 0.126364
98.403868 0.146578
98.520139 0.116271
98.601023 0.080884
98.707180 0.106157
98.838582 0.131402
98.939698 0.101116
98.990257 0.050559
99.106535 0.116278
99.232890 0.126355
99.349143 0.116253
99.440092 0.090949
99.515919 0.075827
99.667543 0.151624
99.773707 0.106164
99.824284 0.050577
99.841658 0.017374
99.883375 0.041717
99.925033 0.041658
99.966723 0.041690
100.008401 0.041678
100.050041 0.041640
100.091736 0.041695
100.133388 0.041652
100.175066 0.041678
100.216686 0.041620
100.258282 0.041596
100.300064 0.041782
100.341701 0.041637
100.383388 0.041687
100.425031 0.041643
100.466698 0.041667
100.508402 0.041704
100.550030 0.041628
100.591724 0.041694
100.633354 0.041630
100.675033 0.041679
100.716735 0.041702
100.758356 0.041621
100.800052 0.041696
100.841720 0.041668
100.883364 0.041644
100.925070 0.041706
100.966684 0.041614
101.008393 0.041709
101.050028 0.041635
101.091735 0.041707
101.133365 0.041630
101.175051 0.041686
101.216698 0.041647
101.258356 0.041658
101.300015 0.041659
101.341685 0.041670
101.383376 0.041691
101.425066 0.041690
101.466697 0.041631
101.508394 0.041697
101.550012 0.041618
101.591733 0.041721
101.633358 0.041625
101.675058 0.041700
101.716722 0.041664
101.758393 0.041671
101.800052 0.041659
101.841697 0.041645
101.883375 0.041678
101.925067 0.041692
101.966734 0.041667
102.008359 0.041625
102.050060 0.041701
102.091725 0.041665
102.133393 0.041668
102.175072 0.041679
102.216735 0.041663
102.258364 0.041629
102.300040 0.041676
102.341698 0.041658
102.383386 0.041688
102.425067 0.041681
102.466736 0.041669
102.508388 0.041652
102.550025 0.041637
102.591733 0.041708
102.633387 0.041654
102.675030 0.041643
102.716699 0.041669
102.758388 0.041689
102.800032 0.041644
102.841723 0.041691
102.883403 0.041680
102.925051 0.041648
102.966735 0.041684
103.008375 0.041640
103.049976 0.041601
103.091734 0.041758
103.133377 0.041643
103.175067 0.041690
103.216735 0.041668
103.258393 0.041658
103.300049 0.041656
103.341727 0.041678
103.383361 0.041634
103.425025 0.041664
103.466734 0.041709
103.508388 0.041654
103.550061 0.041673
103.591722 0.041661
103.633395 0.041673
103.675069 0.041674
103.716719 0.041650
103.758376 0.041657
103.800066 0.041690
103.841725 0.041659
103.883400 0.041675
103.925068 0.041668
103.966737 0.041669
104.008387 0.041650
104.050051 0.041664
104.091733 0.041682
104.133392 0.041659
104.175067 0.041675
104.216723 0.041656
104.258368 0.041645
104.299993 0.041625
104.341721 0.041728
104.383357 0.041636
104.425039 0.041682
104.466696 0.041657
104.508399 0.041703
104.550051 0.041652
104.591733 0.041682
104.633377 0.041644
104.675052 0.041675
104.716698 0.041646
104.758395 0.041697
104.800065 0.041670
104.841731 0.041666
104.883378 0.041647
104.925052 0.041674
104.966733 0.041681
105.008378 0.041645
105.050048 0.041670
105.091722 0.041674
105.133377 0.041655
105.175032 0.041655
105.216734 0.041702
105.258391 0.041657
105.300050 0.041659
105.341722 0.041672
105.383394 0.041672
105.425066 0.041672
105.466724 0.041658
105.508376 0.041652
105.550051 0.041675
105.591734 0.041683
105.633377 0.041643
105.675067 0.041690
105.716734 0.041667
105.758387 0.041653
105.800050 0.041663
105.841732 0.041682
105.883361 0.041629
105.925066 0.041705
105.966722 0.041656
106.008400 0.041678
106.050051 0.041651
106.091734 0.041683
106.133387 0.041653
106.175067 0.041680
106.216708 0.041641
106.258376 0.041668
106.300052 0.041676
106.341721 0.041669
106.383395 0.041674
106.425068 0.041673
106.466697 0.041629
106.508399 0.041702
106.550041 0.041642
106.591691 0.041650
106.633378 0.041687
106.675069 0.041691
106.716733 0.041664
106.758382 0.041649
106.800050 0.041668
106.841729 0.041679
106.883326 0.041597
106.925071 0.041745
106.966723 0.041652
107.008371 0.041648
107.050060 0.041689
107.091722 0.041662
107.133394 0.041672
107.175052 0.041658
107.216733 0.041681
107.258399 0.041666
107.300012 0.041613
107.341732 0.041720
107.383388 0.041656
107.425038 0.041650
107.466735 0.041697
107.508387 0.041652
107.550066 0.041679
107.591733 0.041667
107.633299 0.041566
107.675052 0.041753
107.716733 0.041681
107.758386 0.041653
107.800063 0.041677
107.841697 0.041634
107.883386 0.041689
107.925052 0.041666
107.966721 0.041669
108.008356 0.041635
108.050065 0.041709
108.091734 0.041669
108.133395 0.041661
108.175049 0.041654
108.216721 0.041672
108.258399 0.041678
108.300061 0.041662
108.341734 0.041673
108.383391 0.041657
108.425064 0.041673
108.466720 0.041656
108.508399 0.041679
108.550050 0.041651
108.591733 0.041683
108.633389 0.041656
108.675067 0.041678
108.716697 0.041630
108.758388 0.041691
108.800065 0.041677
108.841732 0.041667
108.883406 0.041674
108.925064 0.041658
108.966721 0.041657
109.008385 0.041664
109.050050 0.041665
109.091692 0.041642
109.133387 0.041695
109.175064 0.041677
109.216736 0.041672
109.258398 0.041662
109.300028 0.041630
109.341732 0.041704
109.383391 0.041659
109.425019 0.041628
109.466719 0.041700
109.508387 0.041668
109.550066 0.041679
109.591719 0.041653
109.633401 0.041682
109.675050 0.041649
109.716734 0.041684
109.758386 0.041652
109.800047 0.041661
109.841733 0.041686
109.883386 0.041653
109.925068 0.041682
109.966722 0.041654
110.008399 0.041677
110.050069 0.041670
110.091734 0.041665
110.133357 0.041623
110.175052 0.041695
110.216721 0.041669
110.258402 0.041681
110.300067 0.041665
110.341732 0.041665
110.383384 0.041652
110.425065 0.041681
110.466697 0.041632
110.508357 0.041660
110.550058 0.041701
110.591721 0.041663
110.633356 0.041635
110.675049 0.041693
110.716720 0.041671
110.758396 0.041676
110.800052 0.041656
110.841701 0.041649
110.883357 0.041656
110.925066 0.041709
110.966714 0.041648
111.008387 0.041673
111.050066 0.041679
111.091721 0.041655
111.133387 0.041666
111.175072 0.041685
111.216700 0.041628
111.258395 0.041695
111.300066 0.041671
111.341720 0.041654
111.383378 0.041658
111.425055 0.041677
111.466738 0.041683
111.508378 0.041640
111.550028 0.041650
111.591722 0.041694
111.633399 0.041677
111.675050 0.041651
111.716734 0.041684
111.758399 0.041665
111.800064 0.041665
111.841737 0.041673
111.883369 0.041632
111.925027 0.041658
111.966734 0.041707
112.008390 0.041656
112.050065 0.041675
112.091720 0.041655
112.133392 0.041672
112.175063 0.041671
112.216720 0.041657
112.258399 0.041679
112.300064 0.041665
112.341722 0.041658
112.383402 0.041680
112.425041 0.041639
112.466735 0.041694
112.508370 0.041635
112.550066 0.041696
112.591719 0.041653
112.633358 0.041639
112.675065 0.041707
112.716720 0.041655
112.758399 0.041679
112.800053 0.041654
112.841736 0.041683
112.883373 0.041637
112.925024 0.041651
112.966736 0.041712
113.008379 0.041643
113.050065 0.041686
113.091720 0.041655
113.133379 0.041659
113.175067 0.041688
113.216722 0.041655
113.258401 0.041679
113.300049 0.041648
113.341698 0.041649
113.383392 0.041694
113.425051 0.041659
113.466619 0.041568
113.508369 0.041750
113.550056 0.041687
113.591721 0.041665
113.633393 0.041672
113.675023 0.041630
113.716696 0.041673
113.758388 0.041692
113.800067 0.041679
113.841721 0.041654
113.883392 0.041671
113.925066 0.041674
113.966734 0.041668
114.008369 0.041635
114.050065 0.041696
114.091724 0.041659
114.133388 0.041664
114.175064 0.041676
114.216720 0.041656
114.258357 0.041637
114.300049 0.041692
114.341714 0.041665
114.383401 0.041687
114.425031 0.041630
114.466731 0.041700
114.508386 0.041655
114.550043 0.041657
114.591732 0.041689
114.633393 0.041661
114.675065 0.041672
114.716719 0.041654
114.758399 0.041680
114.800012 0.041613
114.841720 0.041708
114.883392 0.041672
114.925050 0.041658
114.966704 0.041654
115.008393 0.041689
115.050065 0.041672
115.091732 0.041667
115.133356 0.041624
115.175070 0.041714
115.216720 0.041650
115.258392 0.041672
115.300064 0.041672
115.341732 0.041668
115.383393 0.041661
115.425050 0.041657
115.466724 0.041674
115.508349 0.041625
115.550050 0.041701
115.591733 0.041683
115.633369 0.041636
115.675065 0.041696
115.716729 0.041664
115.758373 0.041644
115.800065 0.041692
115.841678 0.041613
115.883369 0.041691
115.925066 0.041697
115.966725 0.041659
116.008400 0.041675
116.050049 0.041649
116.091722 0.041673
116.133398 0.041676
116.175030 0.041632
116.216732 0.041702
116.258398 0.041666
116.300067 0.041669
116.341722 0.041655
116.383388 0.041666
116.425028 0.041640
116.466720 0.041692
116.508342 0.041622
116.550022 0.041680
116.591698 0.041676
116.633362 0.041664
116.675031 0.041669
116.716690 0.041659
116.758357 0.041667
116.800027 0.041670
116.841691 0.041664
116.883360 0.041669
116.925032 0.041672
116.966703 0.041671
117.008356 0.041653
117.050031 0.041675
117.091700 0.041669
117.133360 0.041660
117.175013 0.041653
117.216698 0.041685
117.258358 0.041660
117.300029 0.041671
117.341697 0.041668
117.383360 0.041663
117.425031 0.041671
117.466701 0.041670
117.508359 0.041658
117.550028 0.041669
117.591698 0.041670
117.633358 0.041660
117.675032 0.041674
117.716682 0.041650
117.758361 0.041679
117.800032 0.041671
117.841697 0.041665
117.883361 0.041664
117.925030 0.041669
117.966699 0.041669
118.008358 0.041659
118.050032 0.041674
118.091695 0.041663
118.133355 0.041660
118.175031 0.041676
118.216661 0.041630
118.258359 0.041698
118.300032 0.041673
118.341696 0.041664
118.383359 0.041663
118.425032 0.041673
118.466699 0.041667
118.508364 0.041665
118.550021 0.041657
118.591698 0.041677
118.633360 0.041662
118.675031 0.041671
118.716696 0.041665
118.758361 0.041665
118.800030 0.041669
118.841698 0.041668
118.883362 0.041664
118.925028 0.041666
118.966699 0.041671
119.008358 0.041659
119.050031 0.041673
119.091699 0.041668
119.133387 0.041688
119.175025 0.041638
119.216698 0.041673
119.258365 0.041667
119.300030 0.041665
119.341696 0.041666
119.383361 0.041665
119.425029 0.041668
119.466700 0.041671
119.508347 0.041647
119.550023 0.041676
119.591698 0.041675
119.633363 0.041665
119.675031 0.041668
119.716718 0.041687
119.758347 0.041629
119.800028 0.041681
119.841724 0.041696
119.883387 0.041663
119.925070 0.041683
119.966722 0.041652
120.008397 0.041675
120.050067 0.041670
120.091736 0.041669
120.133389 0.041653
120.175052 0.041663
120.216734 0.041682
120.258403 0.041669
120.300066 0.041663
120.341737 0.041671
120.383396 0.041659
120.425052 0.041656
120.466690 0.041638
120.508401 0.041711
120.550042 0.041641
120.591734 0.041692
120.633375 0.041641
120.675065 0.041690
120.716721 0.041656
120.758404 0.041683
120.800025 0.041621
120.841699 0.041674
120.883400 0.041701
120.925052 0.041652
120.966722 0.041670
121.008397 0.041675
121.050052 0.041655
121.091698 0.041646
121.133362 0.041664
121.175031 0.041669
121.216734 0.041703
121.258402 0.041668
121.300067 0.041665
121.341722 0.041655
121.383397 0.041675
121.425052 0.041655
121.466697 0.041645
121.508396 0.041699
121.550067 0.041671
121.591695 0.041628
121.633360 0.041665
121.675050 0.041690
121.716734 0.041684
121.758400 0.041666
121.800066 0.041666
121.841720 0.041654
121.883363 0.041643
121.925070 0.041707
121.966722 0.041652
122.008403 0.041681
122.050067 0.041664
122.091735 0.041668
122.133386 0.041651
122.175052 0.041666
122.216734 0.041682
122.258362 0.041628
122.300064 0.041702
122.341721 0.041657
122.383386 0.041665
122.425058 0.041672
122.466699 0.041641
122.508396 0.041697
122.550058 0.041662
122.591699 0.041641
122.633377 0.041678
122.675051 0.041674
122.716734 0.041683
122.758388 0.041654
122.800066 0.041678
122.841721 0.041655
122.883328 0.041607
122.924965 0.041637
122.966698 0.041733
123.008386 0.041688
123.050051 0.041665
123.091734 0.041683
123.133387 0.041653
123.175051 0.041664
123.216716 0.041665
123.258403 0.041687
123.300029 0.041626
123.341735 0.041706
123.383402 0.041667
123.425053 0.041651
123.466737 0.041684
123.508397 0.041660
123.550052 0.041655
123.591724 0.041672
123.633396 0.041672
123.675052 0.041656
123.716736 0.041684
123.758389 0.041653
123.800071 0.041682
123.841722 0.041651
123.883408 0.041686
123.925064 0.041656
123.966735 0.041671
124.008363 0.041628
124.050053 0.041690
124.091736 0.041683
124.133392 0.041656
124.175053 0.041661
124.216735 0.041682
124.258392 0.041657
124.300068 0.041676
124.341721 0.041653
124.383396 0.041675
124.425066 0.041670
124.466738 0.041672
124.508364 0.041626
124.550052 0.041688
124.591722 0.041670
124.633377 0.041655
124.675067 0.041690
124.716699 0.041632
124.758376 0.041677
124.800068 0.041692
124.841735 0.041667
124.883388 0.041653
124.925064 0.041676
124.966722 0.041658
125.008385 0.041663
125.050053 0.041668
125.091734 0.041681
125.133390 0.041656
125.175066 0.041676
125.216735 0.041669
125.258375 0.041640
125.300065 0.041690
125.341734 0.041669
125.383377 0.041643
125.425025 0.041648
125.466724 0.041699
125.508400 0.041676
125.550052 0.041652
125.591734 0.041682
125.633401 0.041667
125.675063 0.041662
125.716734 0.041671
125.758380 0.041646
125.800013 0.041633
125.841721 0.041708
125.883392 0.041671
125.925059 0.041667
125.966724 0.041665
126.008398 0.041674
126.050051 0.041653
126.091734 0.041683
126.133329 0.041595
126.175069 0.041740
126.216735 0.041666
126.258389 0.041654
126.300053 0.041664
126.341713 0.041660
126.383378 0.041665
126.425071 0.041693
126.466715 0.041644
126.508364 0.041649
126.550052 0.041688
126.591722 0.041670
126.633398 0.041676
126.675055 0.041657
126.716735 0.041680
126.758388 0.041653
126.800041 0.041653
126.841623 0.041582
126.883394 0.041771
126.925067 0.041673
126.966741 0.041674
127.008403 0.041662
127.050051 0.041648
127.091733 0.041682
127.133388 0.041655
127.175067 0.041679
127.216698 0.041631
127.258375 0.041677
127.300055 0.041680
127.341734 0.041679
127.383396 0.041662
127.425064 0.041668
127.466736 0.041672
127.508393 0.041657
127.550059 0.041666
127.591721 0.041662
127.633390 0.041669
127.675065 0.041675
127.716721 0.041656
127.758399 0.041678
127.800045 0.041646
127.841740 0.041695
127.883399 0.041659
127.925028 0.041629
127.966730 0.041702
128.008402 0.041672
128.050061 0.041659
128.091722 0.041661
128.133391 0.041669
128.175066 0.041675
128.216721 0.041655
128.258388 0.041667
128.300030 0.041642
128.341721 0.041691
128.383396 0.041675
128.425051 0.041655
128.466736 0.041685
128.508401 0.041665
128.550051 0.041650
128.591733 0.041682
128.633387 0.041654
128.675017 0.041630
128.716722 0.041705
128.758399 0.041677
128.800055 0.041656
128.841733 0.041678
128.883402 0.041669
128.925038 0.041636
128.966722 0.041684
129.008329 0.041607
129.050064 0.041735
129.091734 0.041670
129.133406 0.041672
129.175062 0.041656
129.216724 0.041662
129.258400 0.041676
129.300056 0.041656
129.341736 0.041680
129.383366 0.041630
129.425057 0.041691
129.466721 0.041664
129.508400 0.041679
129.550043 0.041643
129.591734 0.041691
129.633387 0.041653
129.675066 0.041679
129.716723 0.041657
129.758380 0.041657
129.800065 0.041685
129.841724 0.041659
129.883402 0.041678
129.925054 0.041652
129.966735 0.041681
130.008394 0.041659
130.050052 0.041658
130.091699 0.041647
130.133391 0.041692
130.175054 0.041663
130.216735 0.041681
130.258401 0.041666
130.300053 0.041652
130.341734 0.041681
130.383393 0.041659
130.425064 0.041671
130.466699 0.041635
130.508400 0.041701
130.550053 0.041653
130.591734 0.041681
130.633379 0.041645
130.675055 0.041676
130.716714 0.041659
130.758380 0.041666
130.799996 0.041616
130.841706 0.041710
130.883395 0.041689
130.925051 0.041656
130.966730 0.041679
131.008392 0.041662
131.050053 0.041661
131.091735 0.041682
131.133386 0.041651
131.175030 0.041644
131.216734 0.041704
131.258406 0.041672
131.300053 0.041647
131.341724 0.041671
131.383388 0.041664
131.425065 0.041677
131.466734 0.041669
131.508399 0.041665
131.550030 0.041631
131.591722 0.041692
131.633375 0.041653
131.675064 0.041689
131.716736 0.041672
131.758399 0.041663
131.800062 0.041663
131.841720 0.041658
131.883355 0.041635
131.925056 0.041701
131.966735 0.041679
132.008392 0.041657
132.050053 0.041661
132.091720 0.041667
132.133388 0.041668
132.175059 0.041671
132.216733 0.041674
132.258355 0.041622
132.300064 0.041709
132.341721 0.041657
132.383393 0.041672
132.425053 0.041660
132.466739 0.041686
132.508378 0.041639
132.550042 0.041664
132.591688 0.041646
132.633380 0.041692
132.675055 0.041675
132.716735 0.041680
132.758380 0.041645
132.800065 0.041685
132.841734 0.041669
132.883392 0.041658
132.925043 0.041651
132.966700 0.041657
133.008347 0.041647
133.050052 0.041705
133.091733 0.041681
133.133388 0.041655
133.175066 0.041678
133.216735 0.041669
133.258380 0.041645
133.299993 0.041613
133.341723 0.041730
133.383393 0.041670
133.425052 0.041659
133.466719 0.041667
133.508398 0.041679
133.550051 0.041653
133.591731 0.041680
133.633385 0.041654
133.675031 0.041646
133.716720 0.041689
133.758393 0.041673
133.800065 0.041672
133.841720 0.041655
133.883400 0.041680
133.925053 0.041653
133.966723 0.041670
134.008393 0.041670
134.050027 0.041634
134.091738 0.041711
134.133380 0.041642
134.175064 0.041684
134.216732 0.041668
134.258400 0.041668
134.300063 0.041663
134.341709 0.041646
134.383329 0.041620
134.425064 0.041735
134.466724 0.041660
134.508392 0.041668
134.550054 0.041662
134.591739 0.041685
134.633381 0.041642
134.675056 0.041675
134.716733 0.041677
134.758356 0.041623
134.800065 0.041709
134.841721 0.041656
134.883347 0.041626
134.925064 0.041717
134.966724 0.041660
135.008405 0.041681
135.050054 0.041649
135.091683 0.041629
135.133379 0.041696
135.175030 0.041651
135.216733 0.041703
135.258386 0.041653
135.300063 0.041677
135.341732 0.041669
135.383396 0.041664
135.425061 0.041665
135.466698 0.041637
135.508398 0.041700
135.550058 0.041660
135.591721 0.041663
135.633403 0.041682
135.675040 0.041637
135.716733 0.041693
135.758386 0.041653
135.799993 0.041607
135.841690 0.041697
135.883356 0.041666
135.925063 0.041707
135.966720 0.041657
136.008387 0.041667
136.050064 0.041677
136.091696 0.041632
136.133399 0.041703
136.175063 0.041664
136.216718 0.041655
136.258387 0.041669
136.300025 0.041638
136.341720 0.041695
136.383352 0.041632
136.425062 0.041710
136.466661 0.041599
136.508356 0.041695
136.550054 0.041698
136.591737 0.041683
136.633385 0.041648
136.675058 0.041673
136.716720 0.041662
136.758393 0.041673
136.800053 0.041660
136.841648 0.041595
136.883392 0.041744
136.925054 0.041662
136.966736 0.041682
137.008380 0.041644
137.050053 0.041673
137.091729 0.041676
137.133386 0.041657
137.175061 0.041675
137.216689 0.041628
137.258401 0.041712
137.300052 0.041651
137.341732 0.041680
137.383393 0.041661
137.425050 0.041657
137.466721 0.041671
137.508392 0.041671
137.550036 0.041644
137.591697 0.041661
137.633398 0.041701
137.675064 0.041666
137.716720 0.041656
137.758399 0.041679
137.800050 0.041651
137.841735 0.041685
137.883393 0.041658
137.925062 0.041669
137.966731 0.041669
138.008380 0.041649
138.050063 0.041683
138.091732 0.041669
138.133386 0.041654
138.175061 0.041675
138.216719 0.041658
138.258381 0.041662
138.299980 0.041599
138.341719 0.041739
138.383393 0.041674
138.425051 0.041658
138.466734 0.041683
138.508349 0.041615
138.550009 0.041660
138.591732 0.041723
138.633385 0.041653
138.675052 0.041667
138.716732 0.041680
138.758381 0.041649
138.800062 0.041681
138.841731 0.041669
138.883400 0.041669
138.925052 0.041652
138.966727 0.041675
139.008355 0.041628
139.050074 0.041719
139.091732 0.041658
139.133402 0.041670
139.175071 0.041669
139.216719 0.041648
139.258394 0.041675
139.300062 0.041668
139.341734 0.041672
139.383393 0.041659
139.425051 0.041658
139.466721 0.041670
139.508398 0.041677
139.550051 0.041653
139.591731 0.041680
139.633387 0.041656
139.675062 0.041675
139.716695 0.041633
139.758399 0.041704
139.800062 0.041663
139.841733 0.041671
139.883390 0.041657
139.925063 0.041673
139.966719 0.041656
140.008394 0.041675
140.049953 0.041559
140.091699 0.041746
140.133391 0.041692
140.175066 0.041675
140.216720 0.041654
140.258377 0.041657
140.300063 0.041686
140.341718 0.041655
140.383394 0.041676
140.425025 0.041631
140.466731 0.041706
140.508398 0.041667
140.550055 0.041657
140.591730 0.041675
140.633385 0.041655
140.675052 0.041667
140.716732 0.041680
140.758414 0.041682
140.800014 0.041600
140.841722 0.041708
140.883393 0.041671
140.925051 0.041658
140.966734 0.041683
141.008394 0.041660
141.050063 0.041669
141.091735 0.041672
141.133356 0.041621
141.175063 0.041707
141.216727 0.041664
141.258381 0.041654
141.300062 0.041681
141.341707 0.041645
141.383394 0.041687
141.425050 0.041656
141.466722 0.041672
141.508358 0.041636
141.550052 0.041694
141.591732 0.041680
141.633386 0.041654
141.675050 0.041664
141.716715 0.041665
141.758399 0.041684
141.800062 0.041663
141.841659 0.041597
141.883381 0.041722
141.925062 0.041681
141.966722 0.041660
142.008394 0.041672
142.050052 0.041658
142.091732 0.041680
142.133381 0.041649
142.175062 0.041681
142.216684 0.041622
142.258382 0.041698
142.300062 0.041680
142.341719 0.041657
142.383394 0.041675
142.425050 0.041656
142.466732 0.041682
142.508386 0.041654
142.550059 0.041673
142.591721 0.041662
142.633381 0.041660
142.675041 0.041660
142.716745 0.041704
142.758395 0.041650
142.800063 0.041668
142.841719 0.041656
142.883394 0.041675
142.925012 0.041618
142.966734 0.041722
143.008394 0.041660
143.050050 0.041656
143.091719 0.041669
143.133385 0.041666
143.175065 0.041680
143.216731 0.041666
143.258385 0.041654
143.300027 0.041642
143.341706 0.041679
143.383401 0.041695
143.425062 0.041661
143.466721 0.041659
143.508397 0.041676
143.550052 0.041655
143.591733 0.041681
143.633289 0.041556
143.675032 0.041743
143.716734 0.041702
143.758405 0.041671
143.800052 0.041647
143.841735 0.041683
143.883382 0.041647
143.925050 0.041668
143.966703 0.041653
144.008349 0.041646
144.050022 0.041673
144.091698 0.041676
144.133348 0.041650
144.175028 0.041680
144.216660 0.041632
144.258351 0.041691
144.300022 0.041671
144.341698 0.041676
144.383359 0.041661
144.425029 0.041670
144.466699 0.041670
144.508326 0.041627
144.550013 0.041687
144.591697 0.041684
144.633292 0.041595
144.675004 0.041712
144.716675 0.041671
144.758379 0.041704
144.800052 0.041673
144.841710 0.041658
144.883397 0.041687
144.925064 0.041667
144.966682 0.041618
145.008314 0.041632
145.049955 0.041641
145.091662 0.041707
145.133294 0.041632
145.174956 0.041662
145.216734 0.041778
145.258387 0.041653
145.300057 0.041670
145.341720 0.041663
145.383383 0.041663
145.425034 0.041651
145.466722 0.041688
145.508380 0.041658
145.550047 0.041667
145.591734 0.041687
145.633395 0.041661
145.675047 0.041652
145.716734 0.041687
145.758388 0.041654
145.800028 0.041640
145.841693 0.041665
145.883402 0.041709
145.925024 0.041622
145.966636 0.041612
146.008352 0.041716
146.050052 0.041700
146.091733 0.041681
146.133396 0.041663
146.175043 0.041647
146.216625 0.041582
146.258302 0.041677
146.300065 0.041763
146.341721 0.041656
146.383374 0.041653
146.425067 0.041693
146.466745 0.041678
146.508361 0.041616
146.549970 0.041609
146.591684 0.041714
146.633387 0.041703
146.675047 0.041660
146.716690 0.041643
146.758348 0.041658
146.800011 0.041663
146.841733 0.041722
146.883402 0.041669
146.925058 0.041656
146.966698 0.041640
147.008363 0.041665
147.050011 0.041648
147.091734 0.041723
147.133385 0.041651
147.175060 0.041675
147.216688 0.041628
147.258387 0.041699
147.300065 0.041678
147.341696 0.041631
147.383399 0.041703
147.425065 0.041666
147.466719 0.041654
147.508386 0.041667
147.549967 0.041581
147.591671 0.041704
147.633384 0.041713
147.675055 0.041671
147.716686 0.041631
147.758328 0.041642
147.799993 0.041665
147.841663 0.041670
147.883351 0.041688
147.925018 0.041667
147.966688 0.041670
148.008348 0.041660
148.050029 0.041681
148.091687 0.041658
148.133357 0.041670
148.175017 0.041660
148.216695 0.041678
148.258362 0.041667
148.300026 0.041664
148.341679 0.041653
148.383348 0.041669
148.425018 0.041670
148.466688 0.041670
148.508354 0.041666
148.549993 0.041639
148.591659 0.041666
148.633325 0.041666
148.675023 0.041698
148.716696 0.041673
148.758291 0.041595
148.800042 0.041751
148.841734 0.041692
148.883384 0.041650
148.925064 0.041680
148.966731 0.041667
149.008322 0.041591
149.050048 0.041726
149.091721 0.041673
149.133400 0.041679
149.175050 0.041650
149.216733 0.041683
149.258388 0.041655
149.300064 0.041676
149.341710 0.041646
149.383405 0.041695
149.425065 0.041660
149.466736 0.041671
149.508391 0.041655
149.550050 0.041659
149.591740 0.041690
149.633397 0.041657
149.675041 0.041644
149.716735 0.041694
149.758386 0.041651
149.800061 0.041675
149.841724 0.041663
149.883384 0.041660
149.925065 0.041681
149.966724 0.041659
150.008387 0.041663
150.050043 0.041656
150.091661 0.041618
150.133394 0.041733
150.175049 0.041655
150.216715 0.041666
150.258385 0.041670
150.300064 0.041679
150.341721 0.041657
150.383385 0.041664
150.425025 0.041640
150.466632 0.041607
150.508322 0.041690
150.549993 0.041671
150.591689 0.041696
150.633350 0.041661
150.675024 0.041674
150.716690 0.041666
150.758351 0.041661
150.800027 0.041676
150.841697 0.041670
150.883362 0.041665
150.925025 0.041663
150.966699 0.041674
151.008351 0.041652
151.050018 0.041667
151.091695 0.041677
151.133325 0.041630
151.175012 0.041687
151.216696 0.041684
151.258361 0.041665
151.300029 0.041668
151.341696 0.041667
151.383360 0.041664
151.425020 0.041660
151.466680 0.041660
151.508334 0.041654
151.550028 0.041694
151.591688 0.041660
151.633350 0.041662
151.675017 0.041667
151.716695 0.041678
151.758349 0.041654
151.800026 0.041677
151.841646 0.041620
151.883360 0.041714
151.925028 0.041668
151.966692 0.041664
152.008326 0.041634
152.050026 0.041700
152.091721 0.041695
152.133390 0.041669
152.175053 0.041663
152.216661 0.041608
152.258362 0.041701
152.300064 0.041702
152.341721 0.041657
152.383398 0.041677
152.425062 0.041664
152.466732 0.041670
152.508385 0.041653
152.550039 0.041654
152.591685 0.041646
152.633385 0.041700
152.675062 0.041677
152.716734 0.041672
152.758382 0.041648
152.800059 0.041677
152.841688 0.041629
152.883395 0.041707
152.925029 0.041634
152.966617 0.041588
153.008319 0.041702
153.050044 0.041725
153.091736 0.041692
153.133376 0.041640
153.174976 0.041600
153.216650 0.041674
153.258313 0.041663
153.299994 0.041681
153.341625 0.041631
153.383400 0.041775
153.425065 0.041665
153.466739 0.041674
153.508387 0.041648
153.550035 0.041648
153.591718 0.041683
153.633328 0.041610
153.674984 0.041656
153.716704 0.041720
153.758361 0.041657
153.800066 0.041705
153.841681 0.041615
153.883366 0.041685
153.925027 0.041661
153.966620 0.041593
154.008343 0.041723
154.050028 0.041685
154.091685 0.041657
154.133327 0.041642
154.174995 0.041668
154.216661 0.041666
154.258318 0.041657
154.300048 0.041730
154.341677 0.041629
154.383386 0.041709
154.425064 0.041678
154.466681 0.041617
154.508399 0.041718
154.550046 0.041647
154.591731 0.041685
154.633385 0.041654
154.675060 0.041675
154.716685 0.041625
154.758386 0.041701
154.800062 0.041676
154.841720 0.041658
154.883399 0.041679
154.925061 0.041662
154.966720 0.041659
155.008397 0.041677
155.050041 0.041644
155.091719 0.041678
155.133385 0.041666
155.175015 0.041630
155.216734 0.041719
155.258389 0.041655
155.300066 0.041677
155.341708 0.041642
155.383387 0.041679
155.425066 0.041679
155.466708 0.041642
155.508350 0.041642
155.550037 0.041687
155.591629 0.041592
155.633329 0.041700
155.675006 0.041677
155.716659 0.041653
155.758316 0.041657
155.800026 0.041710
155.841698 0.041672
155.883362 0.041664
155.925030 0.041668
155.966692 0.041662
156.008361 0.041669
156.050013 0.041652
156.091686 0.041673
156.133325 0.041639
156.175018 0.041693
156.216690 0.041672
156.258353 0.041663
156.300026 0.041673
156.341696 0.041670
156.383363 0.041667
156.425027 0.041664
156.466686 0.041659
156.508362 0.041676
156.550022 0.041660
156.591687 0.041665
156.633361 0.041674
156.675019 0.041658
156.716707 0.041688
156.758398 0.041691
156.800010 0.041612
156.841658 0.041648
156.883396 0.041738
156.925028 0.041632
156.966729 0.041701
157.008400 0.041671
157.050047 0.041647
157.091721 0.041674
157.133386 0.041665
157.175063 0.041677
157.216697 0.041634
157.258387 0.041690
157.300059 0.041672
157.341725 0.041666
157.383401 0.041676
157.425042 0.041641
157.466736 0.041694
157.508375 0.041639
157.549995 0.041620
157.591735 0.041740
157.633394 0.041659
157.675066 0.041672
157.716735 0.041669
157.758387 0.041652
157.800064 0.041677
157.841721 0.041657
157.883405 0.041684
157.925024 0.041619
157.966663 0.041639
158.008400 0.041737
158.050064 0.041664
158.091735 0.041671
158.133387 0.041652
158.175065 0.041678
158.216721 0.041656
158.258399 0.041678
158.300042 0.041643
158.341722 0.041680
158.383387 0.041665
158.425064 0.041677
158.466724 0.041660
158.508400 0.041676
158.550049 0.041649
158.591737 0.041688
158.633354 0.041617
158.675065 0.041711
158.716724 0.041659
158.758403 0.041679
158.800063 0.041660
158.841722 0.041659
158.883388 0.041666
158.925041 0.041653
158.966737 0.041696
159.008401 0.041664
159.050043 0.041642
159.091723 0.041680
159.133388 0.041665
159.175050 0.041662
159.216736 0.041686
159.258400 0.041664
159.300065 0.041665
159.341697 0.041632
159.383379 0.041682
159.425064 0.041685
159.466720 0.041656
159.508401 0.041681
159.550043 0.041642
159.591732 0.041689
159.633400 0.041668
159.675042 0.041642
159.716734 0.041692
159.758387 0.041653
159.800053 0.041666
159.841725 0.041672
159.883389 0.041664
159.925059 0.041670
159.966722 0.041663
160.008371 0.041649
160.050025 0.041654
160.091734 0.041709
160.133386 0.041652
160.175066 0.041680
160.216722 0.041656
160.258363 0.041641
160.300043 0.041680
160.341696 0.041653
160.383387 0.041691
160.425030 0.041643
160.466706 0.041676
160.508400 0.041694
160.550026 0.041626
160.591710 0.041684
160.633388 0.041678
160.675029 0.041641
160.716722 0.041693
160.758366 0.041644
160.800027 0.041661
160.841733 0.041706
160.883388 0.041655
160.925063 0.041675
160.966735 0.041672
161.008352 0.041617
161.050065 0.041713
161.091745 0.041680
161.133386 0.041641
161.175066 0.041680
161.216722 0.041656
161.258400 0.041678
161.300042 0.041642
161.341721 0.041679
161.383399 0.041678
161.425041 0.041642
161.466701 0.041660
161.508388 0.041687
161.550042 0.041654
161.591711 0.041669
161.633403 0.041692
161.675065 0.041662
161.716721 0.041656
161.758397 0.041676
161.800049 0.041652
161.841721 0.041672
161.883400 0.041679
161.925066 0.041666
161.966731 0.041665
162.008387 0.041656
162.050065 0.041678
162.091722 0.041657
162.133397 0.041675
162.175017 0.041620
162.216729 0.041712
162.258400 0.041671
162.300042 0.041642
162.341733 0.041691
162.383387 0.041654
162.425064 0.041677
162.466736 0.041672
162.508383 0.041647
162.550066 0.041683
162.591727 0.041661
162.633388 0.041661
162.675069 0.041681
162.716722 0.041653
162.758399 0.041677
162.800043 0.041644
162.841734 0.041691
162.883364 0.041630
162.925064 0.041700
162.966736 0.041672
163.008388 0.041652
163.050044 0.041656
163.091790 0.041746
163.133352 0.041562
163.175064 0.041712
163.216663 0.041599
163.258382 0.041719
163.300044 0.041662
163.341734 0.041690
163.383387 0.041653
163.425037 0.041650
163.466736 0.041699
163.508387 0.041651
163.550052 0.041665
163.591697 0.041645
163.633399 0.041702
163.675069 0.041670
163.716735 0.041666
163.758390 0.041655
163.800038 0.041648
163.841721 0.041683
163.883402 0.041681
163.925022 0.041620
163.966736 0.041714
164.008388 0.041652
164.050044 0.041656
164.091734 0.041690
164.133387 0.041653
164.175064 0.041677
164.216720 0.041656
164.258361 0.041641
164.300027 0.041666
164.341706 0.041679
164.383411 0.041705
164.425026 0.041615
164.466723 0.041697
164.508401 0.041678
164.550065 0.041664
164.591683 0.041618
164.633364 0.041681
164.675067 0.041703
164.716696 0.041629
164.758387 0.041691
164.800048 0.041661
164.841737 0.041689
164.883387 0.041650
164.925066 0.041679
164.966653 0.041587
165.008400 0.041747
165.050038 0.041638
165.091735 0.041697
165.133402 0.041667
165.175064 0.041662
165.216728 0.041664
165.258386 0.041658
165.300055 0.041669
165.341696 0.041641
165.383399 0.041703
165.425063 0.041664
165.466722 0.041659
165.508386 0.041664
165.550039 0.041653
165.591733 0.041694
165.633398 0.041665
165.675041 0.041643
165.716733 0.041692
165.758388 0.041655
165.800063 0.041675
165.841732 0.041669
165.883390 0.041658
165.925058 0.041668
165.966708 0.041650
166.008401 0.041693
166.050018 0.041617
166.091720 0.041702
166.133398 0.041678
166.175040 0.041642
166.216724 0.041684
166.258400 0.041676
166.300026 0.041626
166.341720 0.041694
166.383386 0.041666
166.425014 0.041628
166.466722 0.041708
166.508400 0.041678
166.550040 0.041640
166.591736 0.041696
166.633386 0.041650
166.675040 0.041654
166.716720 0.041680
166.758353 0.041633
166.800066 0.041713
166.841724 0.041658
166.883398 0.041674
166.925040 0.041642
166.966662 0.041622
167.008394 0.041732
167.050070 0.041676
167.091732 0.041662
167.133366 0.041634
167.175041 0.041675
167.216732 0.041691
167.258398 0.041666
167.300026 0.041628
167.341711 0.041685
167.383397 0.041686
167.425034 0.041637
167.466686 0.041652
167.508386 0.041700
167.550040 0.041654
167.591732 0.041692
167.633386 0.041654
167.675058 0.041672
167.716720 0.041662
167.758398 0.041678
167.800041 0.041643
167.841696 0.041655
167.883399 0.041703
167.925041 0.041642
167.966726 0.041685
168.008385 0.041659
168.050060 0.041675
168.091719 0.041659
168.133385 0.041666
168.175017 0.041632
168.216687 0.041670
168.258399 0.041712
168.300026 0.041627
168.341719 0.041693
168.383352 0.041633
168.425040 0.041688
168.466734 0.041694
168.508398 0.041664
168.550041 0.041643
168.591734 0.041693
168.633361 0.041627
168.675041 0.041680
168.716719 0.041678
168.758390 0.041671
168.800059 0.041669
168.841733 0.041674
168.883327 0.041594
168.925040 0.041713
168.966726 0.041686
169.008398 0.041672
169.050041 0.041643
169.091735 0.041694
169.133386 0.041651
169.175063 0.041677
169.216720 0.041657
169.258352 0.041632
169.300025 0.041673
169.341740 0.041715
169.383398 0.041658
169.425050 0.041652
169.466721 0.041671
169.508385 0.041664
169.550063 0.041678
169.591736 0.041673
169.633398 0.041662
169.675061 0.041663
169.716722 0.041661
169.758398 0.041676
169.800059 0.041661
169.841707 0.041648
169.883400 0.041693
169.925039 0.041639
169.966687 0.041648
170.008386 0.041699
170.050060 0.041674
170.091732 0.041672
170.133386 0.041654
170.175066 0.041680
170.216719 0.041653
170.258385 0.041666
170.300013 0.041628
170.341696 0.041683
170.383398 0.041702
170.425039 0.041641
170.466733 0.041694
170.508387 0.041654
170.550059 0.041672
170.591732 0.041673
170.633385 0.041653
170.675048 0.041663
170.716719 0.041671
170.758398 0.041679
170.800039 0.041641
170.841720 0.041681
170.883399 0.041679
170.925059 0.041660
170.966720 0.041661
171.008398 0.041678
171.050041 0.041643
171.091732 0.041691
171.133391 0.041659
171.175061 0.041670
171.216719 0.041658
171.258398 0.041679
171.299994 0.041596
171.341732 0.041738
171.383398 0.041666
171.425029 0.041631
171.466733 0.041704
171.508377 0.041644
171.550059 0.041682
171.591732 0.041673
171.633386 0.041654
171.675039 0.041653
171.716731 0.041692
171.758385 0.041654
171.800012 0.041627
171.841720 0.041708
171.883398 0.041678
171.925041 0.041643
171.966734 0.041693
172.008387 0.041653
172.050058 0.041671
172.091731 0.041673
172.133326 0.041595
172.175060 0.041734
172.216714 0.041654
172.258398 0.041684
172.299996 0.041598
172.341695 0.041699
172.383335 0.041640
172.425021 0.041686
172.466732 0.041711
172.508364 0.041632
172.550022 0.041658
172.591694 0.041672
172.633386 0.041692
172.675060 0.041674
172.716717 0.041657
172.758351 0.041634
172.800042 0.041691
172.841697 0.041655
172.883388 0.041691
172.925059 0.041671
172.966716 0.041657
173.008398 0.041682
173.050042 0.041644
173.091735 0.041693
173.133385 0.041650
173.175037 0.041652
173.216620 0.041583
173.258326 0.041706
173.300038 0.041712
173.341662 0.041624
173.383364 0.041702
173.425033 0.041669
173.466687 0.041654
173.508362 0.041675
173.550033 0.041671
173.591687 0.041654
173.633354 0.041667
173.675014 0.041660
173.716691 0.041677
173.758352 0.041661
173.800023 0.041671
173.841681 0.041658
173.883350 0.041669
173.925022 0.041672
173.966699 0.041677
174.008372 0.041673
174.050024 0.041652
174.091691 0.041667
174.133350 0.041659
174.175024 0.041674
174.216681 0.041657
174.258361 0.041680
174.300023 0.041662
174.341682 0.041659
174.383352 0.041670
174.425041 0.041689
174.466733 0.041692
174.508401 0.041668
174.550023 0.041622
174.591733 0.041710
174.633362 0.041629
174.675062 0.041700
174.716723 0.041661
174.758399 0.041676
174.800061 0.041662
174.841722 0.041661
174.883400 0.041678
174.925037 0.041637
174.966735 0.041698
175.008353 0.041618
175.050060 0.041707
175.091735 0.041675
175.133387 0.041652
175.175017 0.041630
175.216734 0.041717
175.258387 0.041653
175.300060 0.041673
175.341722 0.041662
175.383401 0.041679
175.425043 0.041642
175.466719 0.041676
175.508400 0.041681
175.550060 0.041660
175.591734 0.041674
175.633387 0.041653
175.675061 0.041674
175.716734 0.041673
175.758359 0.041625
175.800060 0.041701
175.841721 0.041661
175.883406 0.041685
175.925040 0.041634
175.966700 0.041660
176.008360 0.041660
176.050026 0.041666
176.091686 0.041660
176.133352 0.041666
176.175013 0.041661
176.216696 0.041683
176.258366 0.041670
176.300022 0.041656
176.341696 0.041674
176.383326 0.041630
176.425034 0.041708
176.466687 0.041653
176.508361 0.041674
176.550014 0.041653
176.591702 0.041688
176.633362 0.041660
176.674993 0.041631
176.716678 0.041685
176.758351 0.041673
176.800022 0.041671
176.841702 0.041680
176.883353 0.041651
176.925015 0.041662
176.966623 0.041608
177.008352 0.041729
177.049963 0.041611
177.091662 0.041699
177.133326 0.041664
177.175013 0.041687
177.216697 0.041684
177.258355 0.041658
177.300031 0.041676
177.341668 0.041637
177.383292 0.041624
177.425062 0.041770
177.466691 0.041629
177.508399 0.041708
177.550048 0.041649
177.591698 0.041650
177.633399 0.041701
177.675041 0.041642
177.716721 0.041680
177.758383 0.041662
177.800015 0.041632
177.841721 0.041706
177.883389 0.041668
177.925040 0.041651
177.966736 0.041696
178.008400 0.041664
178.050041 0.041641
178.091731 0.041690
178.133398 0.041667
178.175040 0.041642
178.216733 0.041693
178.258387 0.041654
178.300063 0.041676
178.341693 0.041630
178.383398 0.041705
178.425060 0.041662
178.466735 0.041675
178.508325 0.041590
178.549960 0.041635
178.591734 0.041774
178.633385 0.041651
178.675041 0.041656
178.716730 0.041689
178.758404 0.041674
178.799969 0.041565
178.841721 0.041752
178.883390 0.041669
178.925058 0.041668
178.966725 0.041667
179.008400 0.041675
179.050058 0.041658
179.091731 0.041673
179.133386 0.041655
179.175062 0.041676
179.216681 0.041619
179.258385 0.041704
179.300063 0.041678
179.341721 0.041658
179.383400 0.041679
179.425062 0.041662
179.466733 0.041671
179.508398 0.041665
179.550044 0.041646
179.591729 0.041685
179.633400 0.041671
179.675041 0.041641
179.716734 0.041693
179.758386 0.041652
179.800041 0.041655
179.841742 0.041701
179.883397 0.041655
179.925031 0.041634
179.966687 0.041656
180.008352 0.041665
180.049995 0.041643
180.091638 0.041643
180.133369 0.041731
180.175044 0.041675
180.216719 0.041675
180.258356 0.041637
180.300044 0.041688
180.341663 0.041619
180.383327 0.041664
180.425010 0.041683
180.466681 0.041671
180.508350 0.041669
180.550030 0.041680
