0.048704
0.083927
0.076565
0.044725
0.068204
0.094077
0.098008
0.094682
0.094860
0.098072
0.094218
0.094446
0.094953
0.094663
0.090968
0.098422
0.094317
0.094624
0.098495
0.094431
0.098513
0.093979
0.098157
0.094262
0.094621
0.094504
0.094890
0.094537
0.094512
0.098464
0.094445
0.098523
0.094698
0.094429
0.094425
0.095743
0.098210
0.094019
0.098298
0.095604
0.094415
0.098665
0.092840
0.094751
0.094503
0.094564
0.097182
0.094615
0.097342
0.094934
0.095295
0.094903
0.093705
0.094570
0.094666
0.094661
0.094436
0.097869
0.094356
0.097429
0.097138
0.095753
0.093654
0.092380
0.095029
0.098526
0.094433
0.094672
0.094902
0.097684
0.093917
0.094728
0.095069
0.094962
0.094377
0.098567
0.094828
0.093946
0.096399
0.098487
0.090859
0.095067
0.098339
0.098488
0.094515
0.094808
0.098400
0.095150
0.094558
0.098486
0.092888
0.098287
0.094789
0.098341
0.094496
0.093791
0.094625
0.094380
0.094544
0.098484
0.094271
0.094760
0.094758
0.094370
0.095005
0.094120
0.098727
0.098466
0.094354
0.094552
0.094003
0.098598
0.094441
0.094960
0.094974
0.094664
0.097834
0.094848
0.098595
0.095391
0.095020
0.094495
0.094771
0.094082
0.094803
0.094868
0.094334
0.098457
0.095271
0.098465
0.094554
0.094759
0.094577
0.098331
0.093588
0.094477
0.098560
0.095027
0.092026
0.094928
0.094710
0.094960
0.098161
0.094507
0.098705
0.094549
0.098020
0.094311
0.096985
0.094861
0.094602
0.094866
0.095125
0.094440
0.098472
0.095089
0.094147
0.098289
0.094646
0.094955
0.094292
0.094783
0.094581
0.098348
0.090968
0.098225
0.094749
0.094953
0.094435
0.094656
0.098204
0.094505
0.094114
0.098439
0.091065
0.098140
0.097651
0.094772
0.094643
0.098286
0.094714
0.094537
0.098413
0.094149
0.097598
0.094780
0.098250
0.096847
0.094038
0.098109
0.094413
0.098734
0.094480
0.094688
0.094645
0.098546
0.092774
0.097514
0.094709
0.094700
0.094218
0.094562
0.098053
0.091006
0.095028
0.094543
0.094258
0.098383
0.093759
0.098656
0.093897
0.094742
0.094153
0.097831
0.094492
0.098167
0.094399
0.094983
0.093792
0.094547
0.094335
0.098362
0.094920
0.094533
0.097751
0.094616
0.095025
0.090968
0.094989
0.094722
0.094730
0.094831
0.094690
0.097431
0.094892
0.095076
0.094631
0.093897
0.097784
0.094577
0.094648
0.094923
0.094681
0.094924
0.094909
0.094011
0.094849
0.094865
0.094918
0.094458
0.098317
0.094716
0.094830
0.094623
0.094926
0.097697
0.094891
0.094218
0.094137
0.098505
0.094032
0.097496
0.094712
0.094847
0.093890
0.098511
0.091018
0.098237
0.094656
0.095828
0.098335
0.094712
0.093747
0.094911
0.098328
0.090775
0.097870
0.094569
0.098475
0.092899
0.094288
0.095049
0.094376
0.094844
0.093637
0.098193
0.094698
0.094465
0.098515
0.094690
0.095078
0.094449
0.094679
0.094761
0.097627
0.094512
0.098467
0.091678
0.098193
0.098227
0.094570
0.098121
0.094062
0.094722
0.094705
