0.000000 0 0.000000 0.000000 0.000000
0.497785 1 0.157088 0.000000 0.156783
0.824704 2 0.234003 0.000000 0.157326
1.041085 3 0.200385 0.000000 0.156952
1.317840 4 0.227139 0.000000 0.156833
1.559334 5 0.218633 0.000000 0.156462
1.790395 6 0.199694 0.000000 0.156495
2.054401 7 0.213700 0.000000 0.155825
2.289208 8 0.198508 0.000000 0.155656
2.563747 9 0.223046 0.000000 0.158674
2.801906 10 0.211206 0.156783 0.155494
3.059278 11 0.218578 0.157057 0.154336
3.297660 12 0.206959 0.157021 0.153928
3.536530 13 0.195829 0.156973 0.153075
3.819372 14 0.228671 0.156867 0.152990
4.035303 15 0.194603 0.156802 0.152831
4.314058 16 0.223357 0.156653 0.154611
4.554715 17 0.214014 0.156520 0.154468
4.801631 18 0.210931 0.156779 0.152491
5.071406 19 0.230706 0.156639 0.151990
5.283202 20 0.192501 0.156408 0.150643
5.571170 21 0.230469 0.156177 0.150676
5.782856 22 0.192155 0.155909 0.150028
6.074766 23 0.234065 0.155672 0.150044
6.283764 24 0.193063 0.155455 0.151433
6.552212 25 0.211510 0.155394 0.152417
6.791007 26 0.200306 0.155330 0.154031
7.071577 27 0.230876 0.155144 0.154388
7.288390 28 0.197689 0.154946 0.155520
7.561974 29 0.221274 0.154688 0.155215
7.797767 30 0.207066 0.154456 0.155399
8.072174 31 0.231473 0.154209 0.156185
8.302407 32 0.211707 0.153985 0.156405
8.563262 33 0.222561 0.153853 0.155092
8.809086 34 0.218385 0.153780 0.156611
9.065327 35 0.224626 0.153793 0.156873
9.314093 36 0.223393 0.153821 0.156246
9.557921 37 0.217220 0.153899 0.157637
9.790539 38 0.199839 0.153959 0.156087
10.060816 39 0.220116 0.154022 0.156463
10.291453 40 0.200753 0.154115 0.156365
10.564277 41 0.223577 0.154211 0.155167
10.823882 42 0.233182 0.154247 0.155535
11.054847 43 0.214147 0.154342 0.156051
11.312953 44 0.222253 0.154442 0.154525
11.572252 45 0.231552 0.154511 0.155190
11.802552 46 0.211852 0.154630 0.155670
12.062740 47 0.222040 0.154684 0.156228
12.323186 48 0.232486 0.154749 0.156597
12.562185 49 0.221484 0.154808 0.156485
12.811549 50 0.220848 0.154820 0.154921
13.060977 51 0.220277 0.154845 0.155484
13.298486 52 0.207785 0.154887 0.154619
13.549473 53 0.208774 0.154874 0.155025
13.819327 54 0.228627 0.154885 0.153810
14.058042 55 0.217341 0.154911 0.154528
14.298931 56 0.208231 0.154954 0.154486
14.549798 57 0.209098 0.155007 0.153399
14.814106 58 0.223406 0.155054 0.153383
15.045529 59 0.204829 0.155049 0.152223
15.284171 60 0.193471 0.155063 0.150536
15.559340 61 0.218639 0.155049 0.149462
15.781978 62 0.191278 0.155049 0.148498
16.053073 63 0.212373 0.155011 0.148019
16.289249 64 0.198549 0.154997 0.149727
16.554793 65 0.214093 0.154982 0.147943
16.791667 66 0.200967 0.154936 0.149128
17.033096 67 0.192395 0.154891 0.150355
17.319876 68 0.229176 0.154814 0.152233
17.537047 69 0.196347 0.154693 0.154380
17.815883 70 0.225182 0.154546 0.156228
18.058274 71 0.217574 0.154377 0.156259
18.308577 72 0.217877 0.154200 0.156591
18.576229 73 0.235528 0.154077 0.157485
18.789673 74 0.198973 0.153910 0.156833
19.069248 75 0.228548 0.153781 0.157065
19.303253 76 0.212553 0.153688 0.156957
19.572893 77 0.232193 0.153650 0.156546
19.806018 78 0.215317 0.153669 0.156519
20.041798 79 0.201097 0.153736 0.156661
20.321445 80 0.230745 0.153802 0.156269
20.540275 81 0.199575 0.153875 0.156591
20.821280 82 0.230580 0.153968 0.156473
21.047632 83 0.206931 0.154042 0.156735
21.318176 84 0.227476 0.154119 0.157529
21.569972 85 0.229272 0.154191 0.157179
21.790219 86 0.199519 0.154251 0.156548
22.077741 87 0.237041 0.154308 0.156378
22.298363 88 0.207663 0.154367 0.156641
22.559365 89 0.218665 0.154414 0.156970
22.813445 90 0.222746 0.154468 0.156697
23.039013 91 0.198312 0.154517 0.155095
23.314737 92 0.224037 0.154572 0.152215
23.534629 93 0.193929 0.154644 0.151495
23.809711 94 0.219011 0.154706 0.150605
24.044162 95 0.203462 0.154750 0.148549
24.294546 96 0.203845 0.154789 0.146906
24.542837 97 0.202136 0.154834 0.145845
24.767176 98 0.176475 0.154885 0.144653
25.033817 99 0.193117 0.154928 0.147723
25.276923 100 0.186223 0.154932 0.148428
25.519617 101 0.178918 0.154868 0.146712
25.772784 102 0.182084 0.154788 0.150444
26.051542 103 0.210841 0.154690 0.151274
26.275040 104 0.184340 0.154547 0.153584
26.527003 105 0.186303 0.154369 0.154236
26.806884 106 0.216184 0.154171 0.154408
27.026713 107 0.186013 0.153951 0.154420
27.283648 108 0.192948 0.153808 0.154138
27.527306 109 0.186604 0.153684 0.154621
27.813370 110 0.222669 0.153524 0.154020
28.028128 111 0.187428 0.153454 0.155365
28.278746 112 0.188046 0.153404 0.156079
28.529897 113 0.189198 0.153408 0.156829
28.796667 114 0.205968 0.153427 0.156207
29.028839 115 0.188138 0.153449 0.155810
29.280335 116 0.189635 0.153471 0.156815
29.550630 117 0.209930 0.153486 0.156122
29.790649 118 0.199949 0.153511 0.155697
30.029486 119 0.188786 0.153523 0.155875
30.279654 120 0.188954 0.153564 0.155527
30.565505 121 0.224804 0.153620 0.156900
30.780158 122 0.189459 0.153691 0.156263
31.028085 123 0.187385 0.153747 0.155625
31.278689 124 0.187990 0.153792 0.156656
31.534361 125 0.193661 0.153859 0.154421
31.791478 126 0.200777 0.153909 0.154508
32.025589 127 0.184888 0.153948 0.152492
32.273190 128 0.182490 0.153990 0.150089
32.537321 129 0.196620 0.154024 0.148041
32.768339 130 0.177638 0.154087 0.145597
33.016925 131 0.176225 0.154134 0.144199
33.267514 132 0.176814 0.154166 0.144884
33.535559 133 0.194858 0.154220 0.145341
33.771595 134 0.180895 0.154225 0.148461
34.021834 135 0.181134 0.154231 0.149451
34.288022 136 0.197321 0.154193 0.150938
34.529683 137 0.188983 0.154105 0.152289
34.775197 138 0.184498 0.153974 0.152623
35.041329 139 0.200628 0.153795 0.155233
35.284890 140 0.194189 0.153589 0.155769
35.536774 141 0.196074 0.153402 0.157379
35.776713 142 0.186012 0.153230 0.157374
36.018948 143 0.178248 0.153128 0.156318
36.269788 144 0.179088 0.153050 0.157101
36.518957 145 0.178256 0.153005 0.156864
36.769342 146 0.178642 0.152990 0.156804
37.018142 147 0.177442 0.152982 0.156200
37.279025 148 0.188325 0.153030 0.155749
37.519798 149 0.179097 0.153088 0.157015
37.769052 150 0.178352 0.153178 0.156587
38.017264 151 0.176563 0.153267 0.155112
38.266669 152 0.175969 0.153331 0.154435
38.517038 153 0.176338 0.153411 0.154792
38.765711 154 0.175011 0.153483 0.153532
39.028166 155 0.187466 0.153553 0.153639
39.279255 156 0.188555 0.153609 0.155776
39.519334 157 0.178634 0.153654 0.156838
39.768905 158 0.178205 0.153724 0.156461
40.017482 159 0.176781 0.153784 0.155506
40.266386 160 0.175686 0.153812 0.154553
40.517171 161 0.176471 0.153825 0.155114
40.765097 162 0.174396 0.153845 0.153031
41.018424 163 0.177723 0.153838 0.152528
41.273442 164 0.182742 0.153834 0.149415
41.508512 165 0.167812 0.153875 0.146202
41.758534 166 0.167834 0.153936 0.146235
42.004658 167 0.163958 0.153989 0.142729
42.256101 168 0.165401 0.154020 0.143885
42.506106 169 0.165405 0.154031 0.144131
42.768743 170 0.178043 0.154054 0.147172
43.016423 171 0.175723 0.154032 0.149402
43.262208 172 0.171508 0.154001 0.149914
43.514036 173 0.173336 0.153907 0.151566
43.764700 174 0.174000 0.153747 0.152622
44.016670 175 0.175969 0.153592 0.154261
44.282942 176 0.192242 0.153368 0.156078
44.531100 177 0.190399 0.153173 0.156960
44.792298 178 0.201598 0.152987 0.156306
45.034259 179 0.193560 0.152867 0.156108
45.280453 180 0.189752 0.152796 0.156235
45.530841 181 0.190140 0.152737 0.156345
45.795056 182 0.204356 0.152713 0.154454
46.032584 183 0.191884 0.152711 0.153131
46.277918 184 0.187218 0.152743 0.154685
46.527677 185 0.186977 0.152811 0.154179
46.787866 186 0.197166 0.152896 0.153807
47.026716 187 0.186015 0.152966 0.154336
47.277563 188 0.186863 0.153030 0.154961
47.546362 189 0.205662 0.153096 0.154444
47.787346 190 0.196645 0.153162 0.154161
48.026862 191 0.186162 0.153188 0.153989
48.275141 192 0.184441 0.153187 0.152270
48.559692 193 0.218991 0.153218 0.152122
48.774599 194 0.183899 0.153237 0.152046
49.018417 195 0.177717 0.153249 0.153351
49.263969 196 0.173269 0.153271 0.151933
49.530288 197 0.189588 0.153306 0.150508
49.783335 198 0.192635 0.153329 0.149300
50.021758 199 0.181056 0.153346 0.149054
50.278765 200 0.188065 0.153359 0.148826
50.520186 201 0.179486 0.153337 0.147621
50.785765 202 0.195065 0.153312 0.146895
51.018285 203 0.177585 0.153286 0.145227
51.275403 204 0.184702 0.153288 0.146026
51.519635 205 0.178934 0.153260 0.146727
51.771138 206 0.180438 0.153204 0.148772
52.046587 207 0.205887 0.153125 0.148519
52.271934 208 0.181234 0.153043 0.149505
52.523604 209 0.182904 0.152957 0.149895
52.774413 210 0.183713 0.152849 0.151864
53.037672 211 0.196971 0.152728 0.152354
53.277966 212 0.187266 0.152577 0.154982
53.528794 213 0.188093 0.152444 0.155936
53.798237 214 0.207536 0.152328 0.156679
54.037088 215 0.196388 0.152257 0.156097
54.279490 216 0.188789 0.152181 0.156446
54.533003 217 0.192302 0.152127 0.160067
54.811778 218 0.221077 0.152082 0.156680
55.028546 219 0.187846 0.152077 0.155868
55.277881 220 0.187181 0.152083 0.155492
55.528268 221 0.187567 0.152142 0.156118
55.790355 222 0.199654 0.152218 0.156166
56.029690 223 0.188989 0.152308 0.156755
56.279914 224 0.189214 0.152384 0.156825
56.558567 225 0.217868 0.152466 0.157346
56.810084 226 0.219384 0.152620 0.156600
57.041793 227 0.201093 0.152701 0.156370
57.325642 228 0.234942 0.152765 0.157311
57.542049 229 0.201348 0.152820 0.157250
57.803819 230 0.213119 0.152887 0.156731
58.046528 231 0.205828 0.152953 0.156679
58.320196 232 0.229496 0.153029 0.156598
58.546720 233 0.206020 0.153105 0.156090
58.811491 234 0.220791 0.153191 0.155424
59.058397 235 0.217697 0.153259 0.154954
59.311606 236 0.220906 0.153322 0.154581
59.542189 237 0.201489 0.153402 0.151707
59.789189 238 0.198489 0.153479 0.151439
60.061277 239 0.220577 0.153545 0.150992
60.283912 240 0.193213 0.153608 0.150482
60.550101 241 0.209399 0.153668 0.149480
60.781752 242 0.191053 0.153717 0.148046
61.074530 243 0.233830 0.153751 0.148026
61.279184 244 0.188484 0.153775 0.146283
61.566514 245 0.225814 0.153791 0.147817
61.800414 246 0.209714 0.153749 0.151717
62.035770 247 0.195069 0.153703 0.152384
62.307414 248 0.216714 0.153649 0.150258
62.532345 249 0.191645 0.153585 0.149995
62.807868 250 0.217168 0.153503 0.150432
63.026754 251 0.186054 0.153393 0.149653
63.271867 252 0.181167 0.153286 0.148913
63.522923 253 0.182223 0.153145 0.150573
63.785856 254 0.195156 0.153038 0.150903
64.022638 255 0.181938 0.153012 0.149739
64.278099 256 0.187399 0.152999 0.150862
64.551581 257 0.210880 0.152944 0.152100
64.772396 258 0.181697 0.152885 0.150029
65.022199 259 0.181499 0.152836 0.149662
65.273868 260 0.183168 0.152772 0.151001
65.542991 261 0.202291 0.152695 0.150933
