0.030447 0.030447
0.068368 0.037920
0.110033 0.041666
0.151733 0.041699
0.193389 0.041657
0.235054 0.041664
0.276722 0.041668
0.318386 0.041665
0.360055 0.041669
0.401717 0.041661
0.443397 0.041680
0.485053 0.041656
0.526718 0.041665
0.568388 0.041670
0.610055 0.041667
0.651729 0.041674
0.693388 0.041658
0.735052 0.041664
0.776717 0.041665
0.818386 0.041669
0.860063 0.041677
0.901703 0.041640
0.943387 0.041684
0.985086 0.041699
1.026762 0.041675
1.068417 0.041655
1.110097 0.041680
1.151750 0.041653
1.193430 0.041680
1.235056 0.041627
1.276753 0.041697
1.318430 0.041677
1.360089 0.041659
1.401763 0.041674
1.443424 0.041661
1.485096 0.041672
1.526764 0.041667
1.568418 0.041654
1.610106 0.041688
1.651780 0.041674
1.693416 0.041636
1.735086 0.041669
1.776762 0.041677
1.818418 0.041655
1.860095 0.041677
1.901764 0.041669
1.943432 0.041668
1.985089 0.041657
2.026771 0.041683
2.068417 0.041646
2.110089 0.041672
2.151763 0.041674
2.193418 0.041655
2.235097 0.041679
2.276768 0.041671
2.318421 0.041653
2.360090 0.041669
2.401766 0.041676
2.443433 0.041667
2.485100 0.041666
2.526755 0.041656
2.568431 0.041676
2.610096 0.041665
2.651764 0.041667
2.693429 0.041665
2.735096 0.041667
2.776755 0.041658
2.818429 0.041674
2.860088 0.041659
2.901778 0.041690
2.943450 0.041672
2.985095 0.041645
3.026763 0.041668
3.068429 0.041666
3.110089 0.041660
3.151754 0.041665
3.193426 0.041672
3.235097 0.041672
3.276755 0.041658
3.318421 0.041667
3.360096 0.041675
3.401722 0.041626
3.443423 0.041701
3.485097 0.041674
3.526763 0.041666
3.568431 0.041668
3.610090 0.041659
3.651761 0.041670
3.693729 0.041969
3.735117 0.041388
3.776792 0.041675
3.818422 0.041630
3.860055 0.041633
3.901751 0.041697
3.943423 0.041672
3.985089 0.041666
4.026766 0.041678
4.068418 0.041652
4.110103 0.041685
4.151764 0.041661
4.193423 0.041659
4.235056 0.041633
4.276754 0.041698
4.318386 0.041633
4.360053 0.041667
4.401719 0.041666
4.443399 0.041680
4.485053 0.041654
4.526701 0.041648
4.568343 0.041642
4.610052 0.041709
4.651787 0.041735
4.693436 0.041650
4.735103 0.041666
4.776762 0.041659
4.818432 0.041670
4.860101 0.041668
4.901746 0.041645
4.943412 0.041667
4.985097 0.041684
5.026723 0.041626
5.068428 0.041705
5.110098 0.041670
5.151766 0.041668
5.193430 0.041664
5.235098 0.041667
5.276754 0.041656
5.318425 0.041672
5.360094 0.041669
5.401741 0.041647
5.443425 0.041684
5.485105 0.041680
5.526764 0.041659
5.568429 0.041665
5.610098 0.041669
5.651754 0.041656
5.693419 0.041666
5.735120 0.041701
5.776748 0.041628
5.818429 0.041681
5.860098 0.041668
5.901747 0.041650
5.943429 0.041681
5.985098 0.041670
6.026718 0.041619
6.068429 0.041711
6.110096 0.041667
6.151749 0.041653
6.193447 0.041698
6.235101 0.041654
6.276773 0.041672
6.318413 0.041640
6.360110 0.041697
6.401762 0.041652
6.443406 0.041644
6.485097 0.041691
6.526765 0.041668
6.568428 0.041664
6.610100 0.041672
6.651750 0.041650
6.693439 0.041689
6.735062 0.041623
6.776750 0.041688
6.818430 0.041680
6.860073 0.041643
6.901750 0.041677
6.943431 0.041681
6.985116 0.041685
7.026760 0.041644
7.068446 0.041685
7.110097 0.041651
7.151777 0.041679
7.193441 0.041665
7.235096 0.041655
7.276771 0.041675
7.318408 0.041637
7.360095 0.041687
7.401755 0.041660
7.443416 0.041662
7.485107 0.041690
7.526759 0.041652
7.568428 0.041669
7.610091 0.041663
7.651762 0.041671
7.693397 0.041635
7.735098 0.041700
7.776774 0.041676
7.818429 0.041655
7.860106 0.041677
7.901722 0.041616
7.943427 0.041705
7.985105 0.041677
8.026760 0.041655
8.068434 0.041674
8.110095 0.041662
8.151769 0.041674
8.193429 0.041660
8.235106 0.041677
8.276774 0.041667
8.318437 0.041663
8.360098 0.041661
8.401763 0.041665
8.443425 0.041662
8.485097 0.041672
8.526766 0.041669
8.568426 0.041660
8.610095 0.041669
8.651763 0.041668
8.693396 0.041633
8.735109 0.041713
8.776764 0.041655
8.818429 0.041665
8.860092 0.041663
8.901759 0.041667
8.943426 0.041667
8.985096 0.041670
9.026772 0.041676
9.068429 0.041658
9.110097 0.041668
9.151748 0.041651
9.193402 0.041653
9.235113 0.041711
9.276762 0.041649
9.318430 0.041667
9.360112 0.041682
9.401766 0.041655
9.443432 0.041666
9.485106 0.041674
9.526806 0.041700
9.568443 0.041637
9.610089 0.041646
9.651764 0.041675
9.693448 0.041684
9.735085 0.041637
9.776765 0.041680
9.818432 0.041667
9.860100 0.041669
9.901780 0.041679
9.943408 0.041628
9.985096 0.041688
10.026799 0.041702
10.068434 0.041636
10.110097 0.041662
10.151774 0.041677
10.193430 0.041656
10.235108 0.041678
10.276776 0.041668
10.318431 0.041654
10.360058 0.041627
10.401750 0.041692
10.443400 0.041651
10.485061 0.041660
10.526729 0.041668
10.568391 0.041663
10.610058 0.041667
10.651720 0.041662
10.693350 0.041631
10.735075 0.041725
10.776770 0.041695
10.818429 0.041659
10.860103 0.041674
10.901756 0.041653
10.943430 0.041674
10.985098 0.041668
11.026772 0.041675
11.068430 0.041658
11.110095 0.041664
11.151756 0.041662
11.193438 0.041682
11.235094 0.041656
11.276765 0.041671
11.318433 0.041668
11.360109 0.041676
11.401745 0.041636
11.443434 0.041689
11.485105 0.041671
11.526759 0.041654
11.568440 0.041681
11.610072 0.041632
11.651768 0.041695
11.693441 0.041674
11.735097 0.041655
11.776775 0.041678
11.818427 0.041652
11.860099 0.041672
11.901763 0.041664
11.943442 0.041680
11.985085 0.041643
12.026770 0.041685
12.068388 0.041619
12.110028 0.041640
12.151698 0.041670
12.193415 0.041717
12.235097 0.041682
12.276761 0.041664
12.318432 0.041671
12.360094 0.041662
12.401769 0.041675
12.443417 0.041649
12.485095 0.041678
12.526763 0.041668
12.568442 0.041679
12.610097 0.041655
12.651758 0.041661
12.693412 0.041654
12.735098 0.041686
12.776745 0.041647
12.818396 0.041651
12.860097 0.041701
12.901766 0.041669
12.943429 0.041663
12.985110 0.041681
13.026776 0.041665
13.068413 0.041638
13.110098 0.041685
13.151745 0.041647
13.193436 0.041691
13.235101 0.041665
13.276763 0.041662
13.318433 0.041670
13.360098 0.041665
13.401777 0.041678
13.443414 0.041638
13.485109 0.041695
13.526800 0.041691
13.568439 0.041639
13.610109 0.041670
13.651766 0.041657
13.693371 0.041605
13.735102 0.041731
13.776766 0.041664
13.818418 0.041652
13.860116 0.041698
13.901761 0.041645
13.943427 0.041666
13.985109 0.041682
14.026777 0.041668
14.068390 0.041613
14.110096 0.041706
14.151766 0.041670
14.193432 0.041666
14.235096 0.041664
14.276768 0.041673
14.318415 0.041647
14.360098 0.041683
14.401762 0.041665
14.443396 0.041633
14.485106 0.041711
14.526796 0.041690
14.568441 0.041644
14.610096 0.041655
14.651783 0.041687
14.693429 0.041645
14.735099 0.041670
14.776746 0.041648
14.818394 0.041647
14.860098 0.041705
14.901763 0.041665
14.943425 0.041662
14.985093 0.041668
15.026770 0.041677
15.068428 0.041658
15.110098 0.041669
15.151753 0.041656
15.193427 0.041674
15.235039 0.041612
15.276761 0.041723
15.318414 0.041653
15.360094 0.041679
15.401751 0.041658
15.443436 0.041685
15.485097 0.041661
15.526773 0.041676
15.568430 0.041657
15.610095 0.041665
15.651724 0.041628
15.693429 0.041705
15.735097 0.041668
15.776773 0.041675
15.818429 0.041656
15.860108 0.041679
15.901765 0.041657
15.943425 0.041660
15.985107 0.041682
16.026728 0.041621
16.068430 0.041702
16.110094 0.041663
16.151765 0.041671
16.193427 0.041662
16.235099 0.041672
16.276762 0.041664
16.318444 0.041682
16.360098 0.041654
16.401776 0.041677
16.443397 0.041622
16.485095 0.041697
16.526762 0.041667
16.568443 0.041681
16.610081 0.041638
16.651781 0.041700
16.693440 0.041659
16.735099 0.041659
16.776777 0.041678
16.818433 0.041656
16.860101 0.041668
16.901765 0.041663
16.943430 0.041665
16.985099 0.041669
17.026783 0.041685
17.068411 0.041628
17.110097 0.041686
17.151724 0.041626
17.193434 0.041710
17.235097 0.041663
17.276785 0.041688
17.318395 0.041609
17.360064 0.041669
17.401721 0.041657
17.443394 0.041673
17.485073 0.041679
17.526724 0.041651
17.568395 0.041672
17.610064 0.041669
17.651706 0.041641
17.693424 0.041719
17.735097 0.041673
17.776758 0.041660
17.818427 0.041669
17.860099 0.041672
17.901763 0.041664
17.943436 0.041672
17.985108 0.041673
18.026763 0.041655
18.068431 0.041668
18.110095 0.041664
18.151749 0.041654
18.193420 0.041671
18.235075 0.041655
18.276775 0.041701
18.318426 0.041651
18.360105 0.041679
18.401763 0.041658
18.443430 0.041667
18.485095 0.041664
18.526772 0.041677
18.568426 0.041654
18.610095 0.041669
18.651757 0.041662
18.693398 0.041641
18.735111 0.041712
18.776750 0.041639
18.818431 0.041681
18.860108 0.041678
18.901751 0.041642
18.943429 0.041678
18.985105 0.041676
19.026724 0.041618
19.068454 0.041731
19.110102 0.041648
19.151748 0.041645
19.193422 0.041674
19.235106 0.041685
19.276748 0.041641
19.318441 0.041693
19.360095 0.041654
19.401724 0.041629
19.443428 0.041704
19.485098 0.041670
19.526758 0.041660
19.568444 0.041686
19.610098 0.041653
19.651764 0.041666
19.693427 0.041663
19.735082 0.041655
19.776771 0.041689
19.818428 0.041658
19.860095 0.041666
19.901757 0.041662
19.943431 0.041674
19.985097 0.041666
20.026777 0.041680
20.068429 0.041652
20.110109 0.041680
20.151748 0.041638
20.193396 0.041649
20.235085 0.041689
20.276770 0.041684
20.318431 0.041661
20.360092 0.041662
20.401756 0.041664
20.443416 0.041660
20.485112 0.041695
20.526811 0.041700
20.568441 0.041630
20.610060 0.041620
20.651777 0.041717
20.693431 0.041654
20.735096 0.041665
20.776760 0.041664
20.818431 0.041671
20.860098 0.041667
20.901753 0.041655
20.943415 0.041661
20.985062 0.041647
21.026767 0.041705
21.068434 0.041667
21.110107 0.041673
21.151759 0.041652
21.193429 0.041670
21.235110 0.041682
21.276735 0.041624
21.318425 0.041691
21.360098 0.041672
21.401776 0.041678
21.443435 0.041658
21.485094 0.041659
21.526760 0.041666
21.568427 0.041667
21.610098 0.041671
21.651762 0.041664
21.693424 0.041663
21.735097 0.041672
21.776770 0.041673
21.818397 0.041627
21.860096 0.041700
21.901775 0.041678
21.943431 0.041656
21.985099 0.041668
22.026769 0.041670
22.068434 0.041665
22.110110 0.041676
22.151753 0.041642
22.193444 0.041691
22.235100 0.041656
22.276762 0.041662
22.318417 0.041656
22.360089 0.041672
22.401753 0.041664
22.443433 0.041679
22.485108 0.041676
22.526771 0.041662
22.568443 0.041672
22.610120 0.041677
22.651734 0.041614
22.693430 0.041696
22.735065 0.041635
22.776734 0.041670
22.818392 0.041657
22.860064 0.041673
22.901734 0.041670
22.943403 0.041668
22.985059 0.041656
23.026727 0.041668
23.068408 0.041682
23.110040 0.041632
23.151673 0.041634
23.193417 0.041744
23.235101 0.041684
23.276771 0.041669
23.318438 0.041667
23.360095 0.041657
23.401760 0.041665
23.443425 0.041664
23.485097 0.041673
23.526762 0.041665
23.568427 0.041665
23.610092 0.041665
23.651758 0.041666
23.693397 0.041639
23.735094 0.041697
23.776763 0.041668
23.818436 0.041674
23.860108 0.041672
23.901764 0.041656
23.943430 0.041667
23.985108 0.041678
24.026791 0.041683
24.068424 0.041634
24.110046 0.041621
24.151768 0.041722
24.193417 0.041648
24.235104 0.041687
24.276759 0.041656
24.318428 0.041669
24.360094 0.041666
24.401764 0.041670
24.443422 0.041658
24.485102 0.041680
24.526722 0.041620
24.568426 0.041704
24.610080 0.041655
24.651768 0.041687
24.693425 0.041658
24.735100 0.041675
24.776762 0.041662
24.818428 0.041666
24.860095 0.041667
24.901755 0.041660
24.943415 0.041661
24.985063 0.041647
25.026771 0.041708
25.068427 0.041656
25.110109 0.041682
25.151762 0.041653
25.193433 0.041671
25.235053 0.041621
25.276766 0.041712
25.318426 0.041660
25.360064 0.041638
25.401760 0.041697
25.443438 0.041678
25.485102 0.041664
25.526793 0.041691
25.568438 0.041646
25.610094 0.041655
25.651760 0.041666
25.693435 0.041675
25.735099 0.041665
25.776771 0.041672
25.818429 0.041658
25.860106 0.041677
25.901746 0.041641
25.943443 0.041697
25.985093 0.041650
26.026772 0.041679
26.068429 0.041657
26.110096 0.041667
26.151750 0.041654
26.193405 0.041655
26.235085 0.041680
26.276765 0.041680
26.318425 0.041659
26.360102 0.041677
26.401746 0.041644
26.443393 0.041647
26.485104 0.041711
26.526761 0.041658
26.568434 0.041672
26.610097 0.041664
26.651745 0.041647
26.693439 0.041694
26.735098 0.041659
26.776757 0.041659
26.818420 0.041663
26.860107 0.041688
26.901761 0.041653
26.943447 0.041686
26.985095 0.041649
27.026768 0.041672
27.068388 0.041620
27.110099 0.041711
27.151743 0.041645
27.193426 0.041682
27.235096 0.041670
27.276770 0.041674
27.318413 0.041643
27.360101 0.041688
27.401743 0.041642
27.443418 0.041675
27.485042 0.041624
27.526776 0.041734
27.568427 0.041651
27.610121 0.041694
27.651769 0.041648
27.693427 0.041658
27.735072 0.041645
27.776724 0.041651
27.818394 0.041670
27.860063 0.041669
27.901731 0.041668
27.943434 0.041703
27.985101 0.041667
28.026763 0.041662
28.068430 0.041667
28.110111 0.041681
28.151764 0.041653
28.193420 0.041656
28.235107 0.041688
28.276763 0.041655
28.318414 0.041651
28.360096 0.041682
28.401762 0.041666
28.443447 0.041686
28.485097 0.041650
28.526763 0.041666
28.568438 0.041674
28.610093 0.041655
28.651721 0.041627
28.693426 0.041705
28.735101 0.041676
28.776763 0.041662
28.818416 0.041652
28.860109 0.041693
28.901763 0.041654
28.943427 0.041664
28.985108 0.041682
29.026799 0.041690
29.068438 0.041639
29.110095 0.041657
29.151776 0.041681
29.193426 0.041651
29.235100 0.041674
29.276762 0.041662
29.318441 0.041679
29.360098 0.041656
29.401754 0.041656
29.443440 0.041686
29.485095 0.041655
29.526723 0.041628
29.568426 0.041703
29.610097 0.041671
29.651762 0.041666
29.693426 0.041664
29.735109 0.041683
29.776751 0.041642
29.818428 0.041678
29.860103 0.041674
29.901723 0.041621
29.943430 0.041706
29.985110 0.041680
30.026800 0.041689
30.068426 0.041627
30.110109 0.041682
30.151767 0.041658
30.193440 0.041672
30.235099 0.041659
30.276764 0.041665
30.318429 0.041665
30.360109 0.041680
30.401760 0.041651
30.443427 0.041667
30.485059 0.041632
30.526773 0.041714
30.568385 0.041613
30.610059 0.041673
30.651724 0.041665
30.693376 0.041653
30.735056 0.041679
30.776722 0.041667
30.818390 0.041668
30.860056 0.041665
30.901747 0.041691
30.943415 0.041669
30.985107 0.041691
31.026759 0.041653
31.068427 0.041668
31.110036 0.041609
31.151751 0.041715
31.193442 0.041691
31.235097 0.041655
31.276764 0.041666
31.318443 0.041679
31.360080 0.041638
31.401778 0.041698
31.443441 0.041662
31.485071 0.041631
31.526800 0.041728
31.568428 0.041628
31.610099 0.041671
31.651769 0.041670
31.693426 0.041657
31.735094 0.041668
31.776750 0.041656
31.818428 0.041678
31.860063 0.041635
31.901765 0.041701
31.943445 0.041681
31.985096 0.041650
32.026775 0.041679
32.068425 0.041650
32.110105 0.041679
32.151750 0.041645
32.193436 0.041686
32.235100 0.041664
32.276764 0.041663
32.318444 0.041680
32.360098 0.041654
32.401765 0.041668
32.443427 0.041661
32.485094 0.041667
32.526771 0.041678
32.568426 0.041655
32.610065 0.041639
32.651768 0.041703
32.693381 0.041613
32.735096 0.041715
32.776766 0.041670
32.818427 0.041661
32.860098 0.041671
32.901776 0.041678
32.943415 0.041640
32.985098 0.041683
33.026765 0.041667
33.068444 0.041679
33.110096 0.041652
33.151767 0.041671
33.193436 0.041668
33.235102 0.041666
33.276772 0.041670
33.318429 0.041657
33.360082 0.041653
33.401667 0.041586
33.443426 0.041759
33.485097 0.041671
33.526765 0.041669
33.568428 0.041663
33.610110 0.041682
33.651727 0.041616
33.693390 0.041663
33.735063 0.041673
33.776730 0.041667
33.818393 0.041663
33.860063 0.041670
33.901731 0.041668
33.943395 0.041664
33.985061 0.041666
34.026698 0.041637
34.068427 0.041729
34.110112 0.041685
34.151764 0.041652
34.193419 0.041655
34.235095 0.041676
34.276775 0.041679
34.318398 0.041624
34.360109 0.041711
34.401764 0.041654
34.443447 0.041683
34.485108 0.041661
34.526802 0.041694
34.568444 0.041642
34.610096 0.041651
34.651767 0.041671
34.693388 0.041621
34.735097 0.041709
34.776755 0.041659
34.818424 0.041669
34.860096 0.041672
34.901763 0.041667
34.943426 0.041663
34.985092 0.041666
35.026776 0.041684
35.068412 0.041636
35.110120 0.041709
35.151721 0.041600
35.193443 0.041722
35.235104 0.041661
35.276771 0.041667
35.318429 0.041659
35.360096 0.041667
35.401764 0.041668
35.443423 0.041659
35.485096 0.041673
35.526725 0.041629
35.568426 0.041701
35.610063 0.041637
35.651752 0.041689
35.693428 0.041675
35.735103 0.041675
35.776770 0.041667
35.818418 0.041648
35.860109 0.041691
35.901752 0.041643
35.943442 0.041690
35.985057 0.041616
36.026765 0.041707
36.068430 0.041665
36.110080 0.041650
36.151774 0.041694
36.193420 0.041646
36.235076 0.041656
36.276759 0.041683
36.318441 0.041682
36.360101 0.041660
36.401727 0.041626
36.443415 0.041688
36.485096 0.041681
36.526792 0.041696
36.568434 0.041642
36.610095 0.041661
36.651758 0.041663
36.693426 0.041668
36.735093 0.041667
36.776725 0.041632
36.818426 0.041702
36.860104 0.041678
36.901772 0.041668
36.943425 0.041653
36.985056 0.041631
37.026799 0.041742
37.068426 0.041627
37.110112 0.041686
37.151723 0.041611
37.193438 0.041715
37.235095 0.041657
37.276760 0.041665
37.318424 0.041664
37.360078 0.041654
37.401764 0.041686
37.443443 0.041679
37.485095 0.041652
37.526778 0.041682
37.568429 0.041651
37.610109 0.041680
37.651759 0.041650
37.693426 0.041667
37.735093 0.041667
37.776759 0.041666
37.818425 0.041666
37.860084 0.041659
37.901763 0.041679
37.943425 0.041662
37.985098 0.041673
38.026764 0.041666
38.068427 0.041663
38.110098 0.041672
38.151775 0.041677
38.193418 0.041643
38.235081 0.041662
38.276763 0.041682
38.318424 0.041661
38.360095 0.041671
38.401766 0.041671
38.443428 0.041662
38.485110 0.041682
38.526738 0.041628
38.568440 0.041702
38.610096 0.041656
38.651775 0.041679
38.693429 0.041654
38.735110 0.041681
38.776770 0.041660
38.818396 0.041626
38.860059 0.041663
38.901721 0.041662
38.943404 0.041683
38.985054 0.041650
39.026736 0.041682
39.068391 0.041655
39.110038 0.041647
39.151699 0.041660
39.193413 0.041714
39.235104 0.041692
39.276742 0.041637
39.318427 0.041685
39.360096 0.041669
39.401754 0.041658
39.443428 0.041675
39.485101 0.041672
39.526801 0.041700
39.568428 0.041627
39.610094 0.041666
39.651779 0.041685
39.693404 0.041625
39.735096 0.041692
39.776757 0.041662
39.818427 0.041669
39.860095 0.041669
39.901762 0.041667
39.943420 0.041658
39.985097 0.041677
40.026765 0.041668
40.068427 0.041663
40.110065 0.041637
40.151758 0.041693
40.193421 0.041663
40.235100 0.041679
40.276765 0.041665
40.318424 0.041659
40.360092 0.041668
40.401765 0.041673
40.443387 0.041622
40.485098 0.041711
40.526765 0.041667
40.568397 0.041632
40.610097 0.041699
40.651776 0.041679
40.693424 0.041648
40.735109 0.041685
40.776751 0.041643
40.818425 0.041673
40.860062 0.041637
40.901767 0.041706
40.943448 0.041681
40.985095 0.041647
41.026769 0.041674
41.068425 0.041656
41.110109 0.041683
41.151735 0.041626
41.193439 0.041705
41.235098 0.041659
41.276773 0.041675
41.318410 0.041637
41.360100 0.041691
41.401755 0.041654
41.443443 0.041688
41.485097 0.041655
41.526758 0.041661
41.568426 0.041668
41.610098 0.041672
41.651763 0.041665
41.693426 0.041662
41.735113 0.041688
41.776746 0.041633
41.818438 0.041692
41.860105 0.041667
41.901751 0.041645
41.943427 0.041677
41.985094 0.041667
42.026762 0.041667
42.068385 0.041623
42.110081 0.041696
42.151761 0.041679
42.193428 0.041668
42.235096 0.041667
42.276754 0.041658
42.318426 0.041672
42.360109 0.041683
42.401754 0.041645
42.443425 0.041671
42.485093 0.041669
42.526802 0.041709
42.568427 0.041625
42.610106 0.041679
42.651762 0.041656
42.693425 0.041664
42.735094 0.041669
42.776753 0.041659
42.818422 0.041669
42.860099 0.041677
42.901761 0.041663
42.943444 0.041682
42.985098 0.041654
43.026780 0.041683
43.068429 0.041649
43.110069 0.041640
43.151759 0.041690
43.193411 0.041651
43.235099 0.041688
43.276764 0.041665
43.318405 0.041641
43.360063 0.041658
43.401738 0.041675
43.443397 0.041659
43.485062 0.041665
43.526725 0.041664
43.568393 0.041668
43.610057 0.041664
43.651725 0.041668
43.693390 0.041665
43.735057 0.041667
43.776705 0.041648
43.818392 0.041687
43.860104 0.041712
43.901758 0.041654
43.943424 0.041665
43.985094 0.041671
44.026765 0.041671
44.068428 0.041663
44.110038 0.041610
44.151746 0.041708
44.193428 0.041683
44.235093 0.041665
44.276772 0.041679
44.318390 0.041618
44.360097 0.041706
44.401785 0.041688
44.443426 0.041641
44.485097 0.041671
44.526765 0.041668
44.568427 0.041662
44.610097 0.041671
44.651757 0.041659
44.693426 0.041669
44.735099 0.041672
44.776765 0.041666
44.818438 0.041673
44.860096 0.041658
44.901746 0.041650
44.943426 0.041680
44.985096 0.041670
45.026724 0.041628
45.068427 0.041703
45.110104 0.041677
45.151763 0.041659
45.193435 0.041672
45.235100 0.041665
45.276765 0.041664
45.318425 0.041660
45.360096 0.041671
45.401764 0.041669
45.443423 0.041659
45.485105 0.041682
45.526790 0.041685
45.568436 0.041645
45.610092 0.041656
45.651763 0.041672
45.693440 0.041676
45.735079 0.041639
45.776744 0.041665
45.818428 0.041684
45.860062 0.041634
45.901766 0.041704
45.943437 0.041671
45.985109 0.041671
46.026794 0.041685
46.068428 0.041634
46.110081 0.041653
46.151762 0.041681
46.193413 0.041651
46.235065 0.041652
46.276763 0.041698
46.318440 0.041677
46.360091 0.041651
46.401755 0.041664
46.443410 0.041655
46.485093 0.041682
46.526770 0.041678
46.568426 0.041656
46.610095 0.041669
46.651764 0.041669
46.693420 0.041656
46.735062 0.041642
46.776747 0.041685
46.818440 0.041693
46.860094 0.041654
46.901766 0.041673
46.943444 0.041677
46.985098 0.041654
47.026764 0.041666
47.068428 0.041664
47.110100 0.041672
47.151762 0.041662
47.193395 0.041633
47.235056 0.041661
47.276744 0.041688
47.318433 0.041690
47.360099 0.041666
47.401760 0.041661
47.443427 0.041667
47.485092 0.041665
47.526802 0.041709
47.568426 0.041625
47.610110 0.041683
47.651747 0.041637
47.693422 0.041675
47.735100 0.041678
47.776747 0.041647
47.818429 0.041682
47.860098 0.041669
47.901749 0.041651
47.943392 0.041643
47.985109 0.041717
48.026797 0.041688
48.068422 0.041626
48.110097 0.041675
48.151770 0.041673
48.193430 0.041661
48.235102 0.041672
48.276762 0.041659
48.318388 0.041626
48.360107 0.041719
48.401733 0.041626
48.443386 0.041653
48.485054 0.041668
48.526724 0.041670
48.568399 0.041675
48.610061 0.041662
48.651707 0.041646
48.693389 0.041682
48.735100 0.041711
48.776758 0.041657
48.818423 0.041665
48.860080 0.041658
48.901721 0.041641
48.943394 0.041673
48.985092 0.041698
49.026777 0.041685
49.068439 0.041662
49.110084 0.041645
49.151759 0.041675
49.193423 0.041664
49.235109 0.041686
49.276665 0.041557
49.318426 0.041760
49.360093 0.041668
49.401772 0.041679
49.443428 0.041656
49.485095 0.041667
49.526765 0.041670
49.568423 0.041657
49.610096 0.041673
49.651723 0.041627
49.693425 0.041703
49.735098 0.041673
49.776763 0.041664
49.818429 0.041667
49.860080 0.041651
49.901760 0.041680
49.943422 0.041661
49.985097 0.041675
50.026736 0.041639
50.068427 0.041690
50.110097 0.041670
50.151762 0.041666
50.193443 0.041681
50.235096 0.041652
50.276760 0.041665
50.318434 0.041674
50.360094 0.041660
50.401728 0.041634
50.443426 0.041698
50.485110 0.041684
50.526763 0.041653
50.568427 0.041664
50.610098 0.041671
50.651748 0.041650
50.693440 0.041691
50.735105 0.041665
50.776751 0.041646
50.818429 0.041679
50.860096 0.041667
50.901766 0.041670
50.943430 0.041664
50.985093 0.041663
51.026774 0.041681
51.068440 0.041666
51.110095 0.041655
51.151774 0.041680
51.193418 0.041643
51.235105 0.041687
51.276766 0.041661
51.318367 0.041601
51.360100 0.041733
51.401765 0.041665
51.443427 0.041662
51.485095 0.041668
51.526802 0.041707
51.568427 0.041626
51.610096 0.041669
51.651776 0.041680
51.693426 0.041650
51.735057 0.041631
51.776751 0.041694
51.818429 0.041678
51.860106 0.041677
51.901748 0.041642
51.943441 0.041693
51.985095 0.041654
52.026776 0.041681
52.068441 0.041665
52.110073 0.041632
52.151765 0.041691
52.193419 0.041654
52.235099 0.041680
52.276766 0.041667
52.318433 0.041667
52.360096 0.041663
52.401764 0.041668
52.443426 0.041663
52.485064 0.041637
52.526767 0.041703
52.568427 0.041660
52.610093 0.041666
52.651763 0.041670
52.693443 0.041680
52.735109 0.041667
52.776766 0.041657
52.818425 0.041659
52.860094 0.041669
52.901738 0.041644
52.943435 0.041697
52.985100 0.041665
53.026766 0.041665
53.068424 0.041658
53.110097 0.041673
53.151775 0.041679
53.193413 0.041638
53.235101 0.041687
53.276704 0.041603
53.318431 0.041727
53.360090 0.041659
53.401770 0.041679
53.443418 0.041649
53.485098 0.041680
53.526767 0.041669
53.568429 0.041662
53.610101 0.041672
53.651740 0.041639
53.693430 0.041690
53.735096 0.041666
53.776773 0.041678
53.818442 0.041669
53.860097 0.041655
53.901766 0.041669
53.943444 0.041678
53.985096 0.041652
54.026780 0.041684
54.068427 0.041647
54.110099 0.041672
54.151777 0.041678
54.193430 0.041653
54.235097 0.041667
54.276764 0.041667
54.318429 0.041665
54.360064 0.041635
54.401752 0.041688
54.443429 0.041677
54.485109 0.041680
54.526814 0.041706
54.568414 0.041600
54.610098 0.041684
54.651764 0.041666
54.693418 0.041654
54.735099 0.041681
54.776747 0.041648
54.818429 0.041681
54.860064 0.041635
54.901729 0.041665
54.943391 0.041662
54.985067 0.041676
55.026731 0.041664
55.068394 0.041663
55.110006 0.041612
55.151722 0.041717
55.193390 0.041668
55.235039 0.041649
55.276727 0.041688
55.318429 0.041702
55.360099 0.041670
55.401770 0.041671
55.443426 0.041656
55.485104 0.041677
55.526762 0.041658
55.568436 0.041674
55.610061 0.041625
55.651751 0.041690
55.693413 0.041661
55.735094 0.041681
55.776763 0.041670
55.818429 0.041665
55.860079 0.041651
55.901762 0.041683
55.943426 0.041663
55.985056 0.041630
56.026814 0.041758
56.068429 0.041616
56.110095 0.041666
56.151764 0.041669
56.193427 0.041663
56.235098 0.041671
56.276763 0.041665
56.318426 0.041663
56.360096 0.041670
56.401763 0.041667
56.443425 0.041662
56.485107 0.041683
56.526803 0.041696
56.568426 0.041623
56.610097 0.041670
56.651776 0.041680
56.693425 0.041648
56.735096 0.041671
56.776756 0.041661
56.818426 0.041669
56.860093 0.041668
56.901772 0.041679
56.943404 0.041632
56.985094 0.041690
57.026778 0.041683
57.068414 0.041636
57.110102 0.041689
57.151752 0.041650
57.193441 0.041689
57.235093 0.041652
57.276762 0.041669
57.318428 0.041666
57.360063 0.041634
57.401765 0.041702
57.443427 0.041662
57.485103 0.041676
57.526768 0.041665
57.568426 0.041658
57.610098 0.041672
57.651764 0.041666
57.693334 0.041571
57.735097 0.041763
57.776754 0.041656
57.818427 0.041673
57.860087 0.041661
57.901773 0.041686
57.943430 0.041657
57.985096 0.041666
58.026766 0.041670
58.068440 0.041674
58.110057 0.041617
58.151784 0.041727
58.193427 0.041643
58.235110 0.041683
58.276774 0.041664
58.318416 0.041642
58.360099 0.041683
58.401769 0.041670
58.443429 0.041659
58.485064 0.041635
58.526768 0.041704
58.568417 0.041648
58.610096 0.041679
58.651775 0.041679
58.693425 0.041651
58.735099 0.041673
58.776760 0.041662
58.818430 0.041669
58.860083 0.041654
58.901763 0.041680
58.943430 0.041667
58.985111 0.041681
59.026766 0.041655
59.068415 0.041649
59.110100 0.041685
59.151752 0.041652
59.193428 0.041676
59.235092 0.041664
59.276768 0.041676
59.318430 0.041662
59.360096 0.041666
59.401764 0.041668
59.443427 0.041663
59.485093 0.041666
59.526763 0.041670
59.568426 0.041664
59.610036 0.041609
59.651775 0.041739
59.693427 0.041653
59.735098 0.041671
59.776755 0.041657
59.818441 0.041686
59.860098 0.041657
59.901704 0.041606
59.943361 0.041657
60.043548 0.100187
60.173010 0.129462
60.386134 0.213124
60.560849 0.174715
60.701446 0.140597
60.830962 0.129516
61.058083 0.227121
61.210374 0.152291
61.402994 0.192619
61.523896 0.120903
61.736983 0.213087
61.896303 0.159320
62.032885 0.136582
62.180466 0.147581
62.370688 0.190222
62.571231 0.200543
62.718883 0.147652
62.858166 0.139283
62.985400 0.127234
63.185245 0.199845
63.250515 0.065270
63.421573 0.171059
63.618085 0.196512
63.758213 0.140128
63.949483 0.191270
64.064455 0.114972
64.283207 0.218752
64.442075 0.158867
64.610840 0.168765
64.689093 0.078253
64.850037 0.160944
65.019041 0.169004
65.246871 0.227830
65.391344 0.144473
65.506143 0.114800
65.675273 0.169129
65.855479 0.180206
65.955542 0.100063
66.139714 0.184173
66.271937 0.132222
66.451892 0.179955
66.545261 0.093369
66.742991 0.197730
66.872879 0.129888
66.994285 0.121407
67.175649 0.181364
67.347864 0.172215
67.475605 0.127741
67.616223 0.140617
67.811924 0.195702
67.943744 0.131820
68.060130 0.116386
68.210146 0.150016
68.340290 0.130144
68.481902 0.141612
68.611034 0.129132
68.782624 0.171590
68.924284 0.141661
69.066115 0.141831
69.212808 0.146693
69.359165 0.146357
69.518545 0.159379
69.619626 0.101082
69.787332 0.167705
69.913037 0.125705
70.040967 0.127931
70.232268 0.191301
70.362032 0.129763
70.475538 0.113506
70.617035 0.141497
70.721544 0.104509
70.864666 0.143122
70.991907 0.127241
71.089461 0.097554
71.179437 0.089976
71.299680 0.120243
71.404401 0.104721
71.498333 0.093932
71.640622 0.142289
71.758469 0.117848
71.902194 0.143725
72.100326 0.198132
72.256688 0.156362
72.412391 0.155703
72.508240 0.095849
72.688843 0.180603
72.830111 0.141267
72.948502 0.118392
73.125118 0.176616
73.236824 0.111706
73.384494 0.147669
73.458397 0.073903
73.645928 0.187531
73.794229 0.148301
73.881379 0.087150
74.037079 0.155701
74.099554 0.062475
74.208611 0.109057
74.389601 0.180990
74.587121 0.197520
74.767015 0.179894
74.907571 0.140556
75.042307 0.134736
75.255962 0.213655
75.393707 0.137745
75.588449 0.194742
75.705476 0.117027
75.872662 0.167186
76.082922 0.210259
76.220892 0.137970
76.313640 0.092748
76.406337 0.092697
76.632212 0.225875
76.743504 0.111292
76.841156 0.097652
76.968645 0.127489
77.041935 0.073290
77.220368 0.178433
77.329083 0.108715
77.489997 0.160914
77.651449 0.161452
77.803139 0.151690
77.897657 0.094518
78.067082 0.169424
78.197142 0.130060
78.335074 0.137932
78.471406 0.136332
78.584353 0.112946
78.727553 0.143201
78.856113 0.128559
78.987808 0.131695
79.121242 0.133435
79.257604 0.136362
79.391346 0.133742
79.505792 0.114446
79.617987 0.112195
79.757463 0.139477
79.873696 0.116233
80.024856 0.151160
80.163518 0.138662
80.296978 0.133460
80.435795 0.138817
80.556976 0.121181
80.673524 0.116548
80.776332 0.102808
80.934687 0.158355
81.043347 0.108659
81.177037 0.133690
81.362924 0.185887
81.464391 0.101467
81.602493 0.138102
81.764451 0.161958
81.949898 0.185447
82.084419 0.134521
82.224182 0.139763
82.448023 0.223841
82.631443 0.183420
82.690526 0.059083
82.903169 0.212642
83.019577 0.116408
83.198308 0.178731
83.363808 0.165501
83.581887 0.218078
83.713885 0.131999
83.824863 0.110978
84.003607 0.178744
84.104210 0.100603
84.256421 0.152211
84.361786 0.105365
84.548123 0.186337
84.636984 0.088861
84.781622 0.144638
84.927633 0.146011
85.021843 0.094210
85.175864 0.154021
85.299916 0.124053
85.402880 0.102964
85.540101 0.137221
85.640809 0.100708
85.778567 0.137758
85.951105 0.172538
86.087844 0.136739
86.184616 0.096772
86.325877 0.141261
86.491421 0.165544
86.577563 0.086142
86.692849 0.115287
86.835237 0.142388
87.003530 0.168292
87.156111 0.152581
87.303890 0.147780
87.440298 0.136408
87.574526 0.134228
87.749453 0.174928
87.914876 0.165423
88.003017 0.088141
88.166399 0.163382
88.280441 0.114042
88.436597 0.156156
88.553770 0.117173
88.720408 0.166638
88.852928 0.132521
88.982865 0.129937
89.041124 0.058259
89.204348 0.163224
89.390897 0.186549
89.498928 0.108031
89.588495 0.089567
89.719330 0.130835
89.809989 0.090659
89.947685 0.137696
89.996676 0.048990
90.146978 0.150302
90.267189 0.120212
90.408026 0.140837
90.553656 0.145630
90.692125 0.138469
90.777830 0.085704
90.885040 0.107211
90.993303 0.108263
91.105977 0.112674
91.235296 0.129319
91.327551 0.092255
91.480893 0.153342
91.612764 0.131871
91.726498 0.113733
91.802698 0.076200
91.972831 0.170134
92.115745 0.142913
92.207879 0.092134
92.264274 0.056395
92.432711 0.168437
92.575520 0.142809
92.675264 0.099744
92.773307 0.098043
92.887622 0.114315
92.982316 0.094694
93.066151 0.083835
93.202927 0.136776
93.408709 0.205782
93.562185 0.153476
93.700915 0.138730
93.812120 0.111204
93.873662 0.061542
94.080767 0.207105
94.220919 0.140152
94.310532 0.089613
94.411277 0.100745
94.549108 0.137831
94.702713 0.153605
94.811149 0.108436
94.951935 0.140785
95.105044 0.153109
95.174553 0.069509
95.366992 0.192440
95.456831 0.089838
95.601505 0.144674
95.748849 0.147344
95.863745 0.114895
95.976763 0.113018
96.155138 0.178374
96.254149 0.099011
96.369872 0.115723
96.484678 0.114806
96.655436 0.170758
96.765392 0.109956
96.903010 0.137617
96.977225 0.074216
97.140498 0.163273
97.280708 0.140210
97.388225 0.107517
97.497008 0.108783
97.632273 0.135265
97.756601 0.124329
97.850460 0.093858
97.906336 0.055877
97.943360 0.037023
97.994572 0.051212
98.054598 0.060026
98.109966 0.055368
98.189511 0.079545
98.267361 0.077850
98.364389 0.097028
98.483251 0.118863
98.594167 0.110916
98.689113 0.094946
98.813188 0.124074
98.973965 0.160777
99.142011 0.168047
99.266452 0.124440
99.404279 0.137827
99.498470 0.094191
99.633867 0.135397
99.830826 0.196960
99.887474 0.056647
100.047613 0.160139
100.201410 0.153797
100.351160 0.149750
100.440261 0.089101
100.537052 0.096790
100.630260 0.093209
100.787531 0.157270
100.897376 0.109845
101.058588 0.161213
101.180407 0.121818
101.285603 0.105196
101.467669 0.182066
101.545511 0.077842
101.701508 0.155997
101.835085 0.133577
101.930145 0.095060
102.084799 0.154654
102.182222 0.097423
102.313194 0.130972
102.381426 0.068232
102.496937 0.115510
102.656286 0.159350
102.789018 0.132731
102.845543 0.056526
103.022870 0.177327
103.160418 0.137548
103.291612 0.131194
103.377163 0.085551
103.482056 0.104894
103.641530 0.159473
103.778503 0.136973
103.888010 0.109507
103.977384 0.089375
104.118740 0.141356
104.217856 0.099115
104.358104 0.140248
104.483013 0.124909
104.592042 0.109029
104.697440 0.105398
104.851022 0.153582
104.937173 0.086151
105.115054 0.177880
105.218403 0.103349
105.370982 0.152579
105.440810 0.069829
105.622932 0.182121
105.722453 0.099522
105.860442 0.137989
105.980387 0.119945
106.125216 0.144829
106.216192 0.090976
106.359749 0.143557
106.421483 0.061734
106.602036 0.180553
106.716139 0.114103
106.846323 0.130184
107.019407 0.173084
107.053195 0.033789
107.174825 0.121630
107.324461 0.149636
107.465927 0.141466
107.595041 0.129114
107.661158 0.066117
107.850154 0.188997
107.971176 0.121022
108.065048 0.093871
108.139744 0.074696
108.316894 0.177150
108.461067 0.144173
108.550543 0.089476
108.681081 0.130537
108.872144 0.191063
109.013017 0.140873
109.134825 0.121808
109.240530 0.105705
109.382672 0.142142
109.551081 0.168410
109.652013 0.100931
109.750005 0.097992
109.900838 0.150833
109.998076 0.097238
110.122010 0.123934
110.199684 0.077674
110.380248 0.180564
110.487511 0.107263
110.630874 0.143364
110.735166 0.104292
110.823115 0.087949
110.916821 0.093706
110.997553 0.080732
111.082566 0.085013
111.173804 0.091238
111.285834 0.112030
111.407984 0.122151
111.496724 0.088739
111.599057 0.102334
111.680953 0.081896
111.763997 0.083044
111.826735 0.062739
111.921606 0.094871
112.020011 0.098405
112.119277 0.099266
112.157392 0.038115
112.255890 0.098498
112.347097 0.091207
112.398385 0.051288
112.474500 0.076115
112.552338 0.077838
112.644487 0.092149
112.707721 0.063234
112.766380 0.058659
112.869254 0.102874
112.958881 0.089627
113.013238 0.054357
113.111748 0.098511
113.153459 0.041710
113.210047 0.056588
113.301129 0.091082
113.362011 0.060882
113.409337 0.047326
113.509188 0.099852
113.603328 0.094139
113.768009 0.164681
113.923406 0.155398
114.037767 0.114361
114.235414 0.197646
114.373535 0.138122
114.512846 0.139311
114.686240 0.173394
114.915922 0.229682
115.043701 0.127779
115.197809 0.154108
115.314555 0.116746
115.529490 0.214935
115.703507 0.174017
115.838948 0.135441
116.035208 0.196260
116.203510 0.168302
116.391047 0.187537
116.566984 0.175937
116.706061 0.139077
116.857336 0.151275
117.083041 0.225705
117.222854 0.139813
117.394403 0.171549
117.594106 0.199703
117.752709 0.158603
117.927127 0.174418
118.070491 0.143364
118.278037 0.207546
118.442595 0.164557
118.614858 0.172263
118.806249 0.191391
118.872886 0.066637
119.017567 0.144681
119.150686 0.133119
119.251650 0.100963
119.304476 0.052826
119.320725 0.016249
119.379040 0.058315
119.432877 0.053837
119.585586 0.152708
119.639314 0.053728
119.770262 0.130949
119.871542 0.101280
119.903096 0.031554
119.943366 0.040270
119.985109 0.041743
120.026775 0.041666
120.068433 0.041657
120.110100 0.041667
120.151776 0.041676
120.193434 0.041658
120.235062 0.041628
120.276734 0.041672
120.318435 0.041701
120.360096 0.041662
120.401776 0.041679
120.443434 0.041658
120.485062 0.041629
120.526761 0.041699
120.568435 0.041674
120.610068 0.041633
120.651775 0.041707
120.693404 0.041629
120.735113 0.041709
120.776756 0.041643
120.818435 0.041679
120.860098 0.041664
120.901777 0.041678
120.943389 0.041612
120.985084 0.041695
121.026717 0.041633
121.068445 0.041728
121.110105 0.041660
121.151739 0.041634
121.193433 0.041694
121.235103 0.041670
121.276763 0.041659
121.318436 0.041673
121.360111 0.041675
121.401776 0.041665
121.443398 0.041622
121.485068 0.041671
121.526780 0.041711
121.568417 0.041638
121.610097 0.041679
121.651776 0.041679
121.693435 0.041659
121.735047 0.041612
121.776788 0.041741
121.818419 0.041631
121.860066 0.041647
121.901776 0.041711
121.943417 0.041640
121.985085 0.041668
122.026777 0.041692
122.068436 0.041659
122.110098 0.041662
122.151777 0.041679
122.193414 0.041637
122.235099 0.041684
122.276731 0.041632
122.318435 0.041704
122.360097 0.041662
122.401762 0.041665
122.443418 0.041656
122.485112 0.041694
122.526765 0.041653
122.568436 0.041672
122.610081 0.041644
122.651729 0.041648
122.693398 0.041669
122.735061 0.041663
122.776735 0.041675
122.818391 0.041656
122.860064 0.041673
122.901740 0.041676
122.943370 0.041630
122.985012 0.041642
123.026799 0.041787
123.068431 0.041632
123.110093 0.041662
123.151772 0.041679
123.193433 0.041661
123.235097 0.041664
123.276775 0.041677
123.318418 0.041643
123.360095 0.041678
123.401771 0.041675
123.443436 0.041666
123.485069 0.041633
123.526771 0.041702
123.568434 0.041663
123.610094 0.041660
123.651785 0.041691
123.693418 0.041632
123.735108 0.041690
123.776773 0.041665
123.818425 0.041652
123.860100 0.041675
123.901746 0.041647
123.943415 0.041668
123.985108 0.041694
124.026763 0.041655
124.068434 0.041671
124.110071 0.041636
124.151773 0.041702
124.193433 0.041660
124.235103 0.041670
124.276760 0.041657
124.318389 0.041630
124.360095 0.041705
124.401729 0.041634
124.443419 0.041690
124.485104 0.041684
124.526776 0.041673
124.568397 0.041621
124.610107 0.041710
124.651763 0.041656
124.693417 0.041654
124.735064 0.041647
124.776729 0.041665
124.818419 0.041690
124.860124 0.041705
124.901775 0.041651
124.943414 0.041639
124.985105 0.041690
125.026761 0.041657
125.068434 0.041673
125.110107 0.041673
125.151752 0.041644
125.193327 0.041575
125.235100 0.041773
125.276773 0.041673
125.318417 0.041644
125.360108 0.041691
125.401776 0.041668
125.443394 0.041618
125.485077 0.041683
125.526757 0.041679
125.568433 0.041677
125.610034 0.041600
125.651773 0.041739
125.693415 0.041642
125.735108 0.041693
125.776774 0.041666
125.818435 0.041661
125.860104 0.041669
125.901776 0.041672
125.943400 0.041624
125.985096 0.041695
126.026777 0.041681
126.068409 0.041633
126.110106 0.041696
126.151772 0.041667
126.193423 0.041651
126.235103 0.041680
126.276777 0.041674
126.318436 0.041659
126.360101 0.041665
126.401762 0.041661
126.443399 0.041637
126.485097 0.041698
126.526778 0.041681
126.568418 0.041640
126.610108 0.041690
126.651746 0.041638
126.693411 0.041665
126.735096 0.041685
126.776766 0.041671
126.818434 0.041668
126.860084 0.041649
126.901770 0.041686
126.943448 0.041678
126.985108 0.041660
127.026763 0.041655
127.068436 0.041673
127.110103 0.041667
127.151750 0.041648
127.193435 0.041685
127.235063 0.041628
127.276775 0.041712
127.318416 0.041641
127.360094 0.041678
127.401762 0.041667
127.443418 0.041656
127.485106 0.041688
127.526761 0.041656
127.568432 0.041671
127.610107 0.041675
127.651776 0.041669
127.693413 0.041637
127.735061 0.041648
127.776742 0.041681
127.818401 0.041659
127.860063 0.041663
127.901736 0.041673
127.943415 0.041678
127.985073 0.041659
128.026729 0.041656
128.068370 0.041640
128.110079 0.041709
128.151763 0.041684
128.193438 0.041675
128.235111 0.041673
128.276775 0.041664
128.318409 0.041634
128.360070 0.041662
128.401763 0.041693
128.443412 0.041648
128.485111 0.041699
128.526777 0.041667
128.568389 0.041611
128.610082 0.041693
128.651758 0.041676
128.693412 0.041654
128.735090 0.041677
128.776731 0.041641
128.818415 0.041684
128.860105 0.041690
128.901762 0.041657
128.943389 0.041626
128.985111 0.041722
129.026764 0.041653
129.068431 0.041667
129.110082 0.041652
129.151770 0.041688
129.193415 0.041645
129.235092 0.041677
129.276775 0.041683
129.318416 0.041641
129.360103 0.041687
129.401762 0.041659
129.443415 0.041653
129.485093 0.041678
129.526762 0.041670
129.568411 0.041649
129.610058 0.041647
129.651775 0.041717
129.693388 0.041612
129.735111 0.041723
129.776762 0.041652
129.818416 0.041654
129.860108 0.041691
129.901775 0.041668
129.943417 0.041641
129.985105 0.041688
130.026729 0.041624
130.068416 0.041686
130.110113 0.041697
130.151774 0.041661
130.193426 0.041652
130.235111 0.041685
130.276762 0.041651
130.318432 0.041670
130.360098 0.041665
130.401763 0.041666
130.443430 0.041667
130.485109 0.041679
130.526764 0.041655
130.568436 0.041672
130.610102 0.041666
130.651747 0.041645
130.693416 0.041669
130.735096 0.041680
130.776764 0.041668
130.818401 0.041637
130.860042 0.041641
130.901763 0.041721
130.943418 0.041656
130.985094 0.041675
131.026763 0.041669
131.068403 0.041640
131.110077 0.041675
131.151759 0.041682
131.193399 0.041639
131.235080 0.041682
131.276765 0.041685
131.318401 0.041636
131.360071 0.041670
131.401740 0.041669
131.443403 0.041663
131.485093 0.041690
131.526760 0.041667
131.568399 0.041639
131.610108 0.041709
131.651797 0.041689
131.693416 0.041619
131.735075 0.041659
131.776741 0.041666
131.818413 0.041672
131.860062 0.041649
131.901762 0.041701
131.943415 0.041653
131.985083 0.041667
132.026763 0.041680
132.068416 0.041653
132.110096 0.041680
132.151740 0.041644
132.193417 0.041677
132.235092 0.041675
132.276759 0.041668
132.318412 0.041653
132.360096 0.041684
132.401762 0.041666
132.443415 0.041653
132.485072 0.041658
132.526740 0.041667
132.568418 0.041678
132.610092 0.041675
132.651760 0.041668
132.693417 0.041657
132.735097 0.041681
132.776763 0.041665
132.818402 0.041639
132.860066 0.041664
132.901741 0.041675
132.943400 0.041659
132.985096 0.041696
133.026761 0.041665
133.068419 0.041658
133.110097 0.041678
133.151762 0.041665
133.193402 0.041640
133.235075 0.041673
133.276765 0.041690
133.318436 0.041670
133.360104 0.041668
133.401764 0.041661
133.443391 0.041627
133.485096 0.041706
133.526781 0.041685
133.568419 0.041638
133.610100 0.041681
133.651762 0.041661
133.693411 0.041649
133.735110 0.041699
133.776762 0.041651
133.818438 0.041677
133.860082 0.041644
133.901754 0.041672
133.943442 0.041687
133.985097 0.041656
134.026776 0.041679
134.068439 0.041663
134.110109 0.041670
134.151762 0.041653
134.193438 0.041676
134.235099 0.041660
134.276732 0.041633
134.318439 0.041707
134.360093 0.041654
134.401773 0.041680
134.443419 0.041645
134.485109 0.041691
134.526764 0.041655
134.568429 0.041664
134.610105 0.041676
134.651766 0.041661
134.693411 0.041646
134.735108 0.041696
134.776730 0.041622
134.818440 0.041710
134.860088 0.041648
134.901761 0.041673
134.943416 0.041655
134.985109 0.041693
135.026795 0.041686
135.068388 0.041592
135.110101 0.041713
135.151728 0.041627
135.193397 0.041669
135.235064 0.041667
135.276736 0.041672
135.318390 0.041654
135.360036 0.041646
135.401725 0.041689
135.443442 0.041717
135.485115 0.041672
135.526765 0.041650
135.568437 0.041672
135.610094 0.041657
135.651763 0.041669
135.693417 0.041654
135.735113 0.041696
135.776760 0.041647
135.818418 0.041658
135.860082 0.041664
135.901761 0.041679
135.943432 0.041671
135.985056 0.041624
136.026762 0.041706
136.068435 0.041673
136.110096 0.041661
136.151775 0.041679
136.193441 0.041666
136.235097 0.041656
136.276761 0.041664
136.318395 0.041634
136.360110 0.041715
136.401761 0.041651
136.443418 0.041657
136.485108 0.041691
136.526778 0.041669
136.568412 0.041634
136.610103 0.041692
136.651775 0.041671
136.693453 0.041678
136.735062 0.041609
136.776762 0.041699
136.818436 0.041674
136.860081 0.041645
136.901776 0.041695
136.943441 0.041665
136.985274 0.041833
137.026796 0.041522
137.068434 0.041638
137.110080 0.041646
137.151764 0.041683
137.193418 0.041654
137.235103 0.041685
137.276765 0.041662
137.318422 0.041657
137.360096 0.041674
137.401761 0.041665
137.443419 0.041658
137.485096 0.041677
137.526760 0.041663
137.568435 0.041676
137.610088 0.041652
137.651766 0.041678
137.693420 0.041655
137.735097 0.041677
137.776788 0.041691
137.818414 0.041625
137.860082 0.041668
137.901766 0.041684
137.943428 0.041662
137.985064 0.041636
138.026766 0.041701
138.068423 0.041657
138.110095 0.041672
138.151787 0.041692
138.193412 0.041625
138.235097 0.041685
138.276763 0.041666
138.318437 0.041674
138.360112 0.041675
138.401734 0.041622
138.443420 0.041686
138.485110 0.041691
138.526763 0.041652
138.568433 0.041670
138.610079 0.041646
138.651760 0.041681
138.693419 0.041659
138.735101 0.041682
138.776762 0.041661
138.818410 0.041648
138.860081 0.041672
138.901776 0.041694
138.943400 0.041624
138.985109 0.041709
139.026767 0.041658
139.068413 0.041646
139.110083 0.041670
139.151766 0.041683
139.193435 0.041669
139.235085 0.041650
139.276768 0.041683
139.318421 0.041653
139.360097 0.041675
139.401777 0.041680
139.443429 0.041653
139.485099 0.041670
139.526764 0.041665
139.568436 0.041672
139.610083 0.041647
139.651730 0.041647
139.693413 0.041684
139.735110 0.041696
139.776774 0.041665
139.818415 0.041641
139.860084 0.041669
139.901764 0.041680
139.943422 0.041658
139.985102 0.041679
140.026728 0.041627
140.068433 0.041704
140.110105 0.041673
140.151730 0.041625
140.193401 0.041672
140.235069 0.041667
140.276731 0.041662
140.318397 0.041666
140.360065 0.041667
140.401732 0.041667
140.443373 0.041641
140.485089 0.041716
140.526762 0.041673
140.568436 0.041673
140.610095 0.041659
140.651765 0.041670
140.693426 0.041661
140.735111 0.041685
140.776775 0.041664
140.818413 0.041638
140.860090 0.041677
140.901726 0.041636
140.943413 0.041687
140.985096 0.041684
141.026763 0.041667
141.068416 0.041653
141.110095 0.041679
141.151775 0.041680
141.193412 0.041637
141.235098 0.041686
141.276723 0.041625
141.318437 0.041714
141.360100 0.041664
141.401765 0.041665
141.443394 0.041629
141.485095 0.041701
141.526763 0.041667
141.568424 0.041662
141.610094 0.041669
141.651728 0.041635
141.693416 0.041688
141.735113 0.041697
141.776777 0.041664
141.818434 0.041657
141.860092 0.041658
141.901781 0.041689
141.943362 0.041581
141.985031 0.041669
142.026776 0.041746
142.068415 0.041639
142.110064 0.041648
142.151764 0.041700
142.193438 0.041674
142.235081 0.041643
142.276765 0.041683
142.318414 0.041649
142.360108 0.041694
142.401764 0.041656
142.443414 0.041650
142.485107 0.041693
142.526763 0.041656
142.568389 0.041626
142.610097 0.041708
142.651763 0.041667
142.693437 0.041674
142.735107 0.041670
142.776772 0.041664
142.818416 0.041645
142.860078 0.041662
142.901763 0.041685
142.943420 0.041657
142.985108 0.041688
143.026764 0.041656
143.068438 0.041674
143.110096 0.041658
143.151768 0.041672
143.193420 0.041652
143.235094 0.041674
143.276745 0.041651
143.318426 0.041681
143.360096 0.041670
143.401775 0.041679
143.443447 0.041672
143.485061 0.041614
143.526764 0.041703
143.568432 0.041668
143.610079 0.041647
143.651774 0.041695
143.693414 0.041640
143.735098 0.041684
143.776764 0.041666
143.818425 0.041661
143.860058 0.041632
143.901775 0.041717
143.943415 0.041639
143.985107 0.041692
144.026764 0.041657
144.068432 0.041668
144.110107 0.041675
144.151762 0.041655
144.193427 0.041665
144.235110 0.041683
144.276741 0.041631
144.318417 0.041677
144.360098 0.041681
144.401760 0.041662
144.443431 0.041671
144.485108 0.041678
144.526763 0.041655
144.568426 0.041662
144.610074 0.041648
144.651736 0.041662
144.693392 0.041656
144.735066 0.041673
144.776737 0.041671
144.818389 0.041652
144.860057 0.041668
144.901712 0.041655
144.943420 0.041708
144.985100 0.041680
145.026765 0.041665
145.068420 0.041655
145.110095 0.041675
145.151746 0.041652
145.193422 0.041676
145.235091 0.041669
145.276770 0.041679
145.318411 0.041640
145.360098 0.041687
145.401762 0.041664
145.443429 0.041667
145.485085 0.041656
145.526838 0.041753
145.568435 0.041597
145.610080 0.041645
145.651770 0.041690
145.693413 0.041643
145.735095 0.041682
145.776764 0.041669
145.818423 0.041660
145.860098 0.041675
145.901778 0.041680
145.943366 0.041587
145.985031 0.041665
146.026777 0.041746
146.068416 0.041639
146.110105 0.041690
146.151761 0.041656
146.193412 0.041651
146.235093 0.041681
146.276761 0.041668
146.318441 0.041679
146.360095 0.041654
146.401765 0.041671
146.443417 0.041651
146.485108 0.041691
146.526764 0.041656
146.568411 0.041647
146.610098 0.041687
146.651739 0.041641
146.693436 0.041697
146.735095 0.041659
146.776777 0.041681
146.818419 0.041642
146.860082 0.041664
146.901777 0.041694
146.943415 0.041638
146.985094 0.041679
147.026764 0.041670
147.068432 0.041668
147.110099 0.041667
147.151766 0.041667
147.193418 0.041653
147.235091 0.041673
147.276763 0.041672
147.318437 0.041674
147.360091 0.041654
147.401729 0.041638
147.443418 0.041689
147.485093 0.041675
147.526763 0.041670
147.568434 0.041671
147.610109 0.041675
147.651763 0.041654
147.693418 0.041655
147.735095 0.041677
147.776769 0.041674
147.818419 0.041650
147.860097 0.041678
147.901761 0.041664
147.943437 0.041676
147.985092 0.041655
148.026760 0.041668
148.068419 0.041658
148.110062 0.041643
148.151776 0.041714
148.193436 0.041660
148.235102 0.041666
148.276761 0.041659
148.318418 0.041657
148.360090 0.041672
148.401760 0.041670
148.443415 0.041656
148.485096 0.041681
148.526770 0.041674
148.568415 0.041645
148.610089 0.041673
148.651759 0.041670
148.693418 0.041660
148.735093 0.041675
148.776762 0.041668
148.818423 0.041661
148.860092 0.041669
148.901772 0.041680
148.943417 0.041644
148.985093 0.041676
149.026767 0.041675
149.068419 0.041651
149.110101 0.041683
149.151764 0.041662
149.193395 0.041631
149.235093 0.041698
149.276773 0.041680
149.318419 0.041646
149.360099 0.041680
149.401761 0.041662
149.443439 0.041677
149.485086 0.041647
149.526765 0.041679
149.568375 0.041611
149.610109 0.041733
149.651735 0.041626
149.693389 0.041654
149.735054 0.041666
149.776740 0.041686
149.818390 0.041650
149.860063 0.041673
149.901730 0.041667
149.943392 0.041662
149.985012 0.041620
150.026767 0.041755
150.068420 0.041653
150.110092 0.041672
150.151774 0.041682
150.193421 0.041646
150.235086 0.041665
150.276762 0.041676
150.318416 0.041654
150.360095 0.041680
150.401762 0.041667
150.443414 0.041652
150.485091 0.041677
150.526760 0.041670
150.568429 0.041669
150.610069 0.041639
150.651769 0.041700
150.693419 0.041650
150.735097 0.041678
150.776775 0.041679
150.818418 0.041643
150.860103 0.041684
150.901745 0.041643
150.943415 0.041670
150.985104 0.041689
151.026764 0.041660
151.068413 0.041649
151.110095 0.041682
151.151764 0.041670
151.193415 0.041650
151.235108 0.041693
151.276763 0.041655
151.318433 0.041670
151.360091 0.041658
151.401763 0.041672
151.443392 0.041629
151.485095 0.041703
151.526793 0.041698
151.568419 0.041626
151.610109 0.041690
151.651762 0.041653
151.693417 0.041656
151.735094 0.041676
151.776759 0.041665
151.818418 0.041659
151.860101 0.041683
151.901730 0.041629
151.943419 0.041689
151.985109 0.041690
152.026730 0.041620
152.068421 0.041692
152.110085 0.041664
152.151760 0.041675
152.193425 0.041665
152.235096 0.041672
152.276763 0.041667
152.318437 0.041673
152.360093 0.041656
152.401765 0.041671
152.443413 0.041649
152.485097 0.041683
152.526760 0.041664
152.568435 0.041675
152.610078 0.041643
152.651729 0.041651
152.693419 0.041690
152.735094 0.041675
152.776764 0.041670
152.818419 0.041655
152.860091 0.041672
152.901768 0.041677
152.943417 0.041649
152.985105 0.041688
153.026800 0.041695
153.068398 0.041599
153.110109 0.041711
153.151776 0.041667
153.193421 0.041645
153.235095 0.041674
153.276765 0.041669
153.318421 0.041656
153.360095 0.041674
153.401776 0.041681
153.443389 0.041613
153.485094 0.041705
153.526762 0.041669
153.568417 0.041655
153.610089 0.041672
153.651761 0.041672
153.693425 0.041664
153.735096 0.041671
153.776764 0.041668
153.818372 0.041608
153.860095 0.041723
153.901765 0.041670
153.943421 0.041656
153.985093 0.041672
154.026778 0.041685
154.068418 0.041640
154.110112 0.041694
154.151763 0.041651
154.193437 0.041674
154.235072 0.041635
154.276764 0.041692
154.318434 0.041670
154.360105 0.041671
154.401766 0.041661
154.443422 0.041656
154.485092 0.041669
154.526769 0.041677
154.568427 0.041658
154.610092 0.041665
154.651762 0.041670
154.693419 0.041657
154.735091 0.041672
154.776763 0.041672
154.818421 0.041658
154.860081 0.041660
154.901780 0.041698
154.943413 0.041634
154.985114 0.041701
155.026782 0.041667
155.068392 0.041610
155.110079 0.041687
155.151760 0.041681
155.193421 0.041661
155.235111 0.041690
155.276762 0.041651
155.318428 0.041666
155.360098 0.041670
155.401775 0.041677
155.443415 0.041640
155.485075 0.041659
155.526729 0.041654
155.568387 0.041658
155.610056 0.041669
155.651726 0.041670
155.693366 0.041640
155.735049 0.041682
155.776760 0.041712
155.818407 0.041647
155.860090 0.041683
155.901759 0.041669
155.943416 0.041657
155.985095 0.041679
156.026725 0.041631
156.068424 0.041699
156.110081 0.041657
156.151774 0.041693
156.193417 0.041643
156.235097 0.041680
156.276762 0.041665
156.318428 0.041665
156.360089 0.041662
156.401759 0.041670
156.443397 0.041638
156.485109 0.041712
156.526768 0.041659
156.568429 0.041661
156.610096 0.041668
156.651763 0.041667
156.693410 0.041647
156.735069 0.041659
156.776762 0.041692
156.818438 0.041676
156.860090 0.041652
156.901776 0.041686
156.943412 0.041636
156.985099 0.041687
157.026776 0.041677
157.068418 0.041642
157.110061 0.041643
157.151763 0.041702
157.193424 0.041660
157.235095 0.041671
157.276770 0.041675
157.318419 0.041649
157.360105 0.041687
157.401761 0.041655
157.443410 0.041649
157.485099 0.041689
157.526759 0.041659
157.568433 0.041674
157.610088 0.041655
157.651722 0.041634
157.693418 0.041696
157.735103 0.041684
157.776768 0.041665
157.818399 0.041631
157.860081 0.041682
157.901761 0.041681
157.943438 0.041676
157.985096 0.041658
158.026767 0.041671
158.068453 0.041687
158.110093 0.041640
158.151762 0.041669
158.193408 0.041646
158.235107 0.041699
158.276759 0.041651
158.318426 0.041667
158.360094 0.041668
158.401765 0.041671
158.443448 0.041684
158.485066 0.041617
158.526767 0.041701
158.568413 0.041646
158.610097 0.041684
158.651762 0.041665
158.693439 0.041677
158.735093 0.041654
158.776750 0.041657
158.818425 0.041675
158.860085 0.041660
158.901765 0.041679
158.943436 0.041671
158.985090 0.041655
159.026762 0.041672
159.068409 0.041647
159.110097 0.041688
159.151762 0.041665
159.193427 0.041665
159.235035 0.041608
159.276775 0.041741
159.318443 0.041667
159.360074 0.041631
159.401776 0.041703
159.443414 0.041637
159.485094 0.041680
159.526768 0.041674
159.568431 0.041662
159.610107 0.041676
159.651762 0.041656
159.693416 0.041653
159.735098 0.041682
159.776731 0.041633
159.818412 0.041681
159.860087 0.041675
159.901761 0.041674
159.943413 0.041652
159.985110 0.041697
160.026797 0.041687
160.068429 0.041633
160.110096 0.041667
160.151766 0.041670
160.193418 0.041652
160.235112 0.041694
160.276709 0.041597
160.318390 0.041681
160.360062 0.041672
160.401727 0.041665
160.443391 0.041664
160.485063 0.041672
160.526740 0.041677
160.568394 0.041654
160.610088 0.041694
160.651704 0.041617
160.693364 0.041660
160.735094 0.041730
160.776764 0.041670
160.818415 0.041650
160.860109 0.041694
160.901763 0.041654
160.943429 0.041666
160.985098 0.041669
161.026766 0.041667
161.068425 0.041659
161.110094 0.041669
161.151758 0.041664
161.193408 0.041650
161.235087 0.041679
161.276759 0.041672
161.318423 0.041664
161.360092 0.041669
161.401727 0.041635
161.443439 0.041713
161.485093 0.041653
161.526766 0.041673
161.568412 0.041646
161.610096 0.041684
161.651757 0.041661
161.693414 0.041656
161.735098 0.041684
161.776762 0.041664
161.818426 0.041664
161.860092 0.041665
161.901764 0.041672
161.943418 0.041654
161.985101 0.041684
162.026777 0.041676
162.068416 0.041639
162.110089 0.041673
162.151762 0.041673
162.193393 0.041631
162.235086 0.041693
162.276763 0.041678
162.318425 0.041661
162.360114 0.041689
162.401764 0.041650
162.443415 0.041651
162.485096 0.041681
162.526762 0.041666
162.568429 0.041667
162.610099 0.041670
162.651775 0.041676
162.693435 0.041660
162.735103 0.041668
162.776764 0.041661
162.818425 0.041661
162.860094 0.041670
162.901703 0.041609
162.943441 0.041737
162.985101 0.041661
163.026768 0.041667
163.068431 0.041663
163.110095 0.041664
163.151759 0.041664
163.193419 0.041660
163.235092 0.041673
163.276729 0.041637
163.318429 0.041700
163.360094 0.041665
163.401761 0.041667
163.443450 0.041689
163.485075 0.041625
163.526762 0.041687
163.568421 0.041659
163.610079 0.041658
163.651730 0.041650
163.693418 0.041688
163.735097 0.041679
163.776759 0.041662
163.818424 0.041666
163.860075 0.041651
163.901759 0.041684
163.943416 0.041657
163.985105 0.041689
164.026764 0.041658
164.068413 0.041650
164.110096 0.041683
164.151762 0.041666
164.193425 0.041663
164.235094 0.041669
164.276761 0.041666
164.318424 0.041663
164.360109 0.041684
164.401762 0.041653
164.443382 0.041620
164.485085 0.041703
164.526760 0.041675
164.568418 0.041659
164.610056 0.041637
164.651760 0.041705
164.693413 0.041653
164.735060 0.041647
164.776726 0.041666
164.818390 0.041664
164.860059 0.041669
164.901699 0.041640
164.943421 0.041722
164.985102 0.041681
165.026764 0.041662
165.068423 0.041659
165.110077 0.041654
165.151761 0.041685
165.193435 0.041673
165.235083 0.041649
165.276764 0.041681
165.318417 0.041653
165.360105 0.041688
165.401758 0.041653
165.443402 0.041644
165.485087 0.041685
165.526762 0.041676
165.568414 0.041652
165.610099 0.041684
165.651761 0.041663
165.693431 0.041670
165.735093 0.041662
165.776775 0.041682
165.818402 0.041627
165.860101 0.041699
165.901763 0.041663
165.943418 0.041654
165.985096 0.041678
166.026765 0.041669
166.068442 0.041677
166.110093 0.041651
166.151773 0.041681
166.193425 0.041652
166.235094 0.041668
166.276762 0.041668
166.318442 0.041681
166.360071 0.041629
166.401765 0.041693
166.443422 0.041658
166.485123 0.041700
166.526766 0.041643
166.568430 0.041664
166.610104 0.041674
166.651760 0.041656
166.693415 0.041655
166.735086 0.041671
166.776727 0.041641
166.818428 0.041700
166.860082 0.041654
166.901776 0.041694
166.943416 0.041640
166.985094 0.041678
167.026762 0.041668
167.068413 0.041651
167.110089 0.041676
167.151759 0.041670
167.193430 0.041671
167.235099 0.041669
167.276761 0.041662
167.318433 0.041672
167.360092 0.041660
167.401759 0.041667
167.443419 0.041660
167.485092 0.041673
167.526774 0.041682
167.568414 0.041640
167.610092 0.041677
167.651762 0.041670
167.693415 0.041653
167.735108 0.041693
167.776762 0.041654
167.818427 0.041665
167.860104 0.041676
167.901763 0.041659
167.943426 0.041663
167.985102 0.041676
168.026778 0.041676
168.068388 0.041610
168.110113 0.041724
168.151759 0.041646
168.193419 0.041660
168.235084 0.041666
168.276762 0.041677
168.318430 0.041668
168.360093 0.041663
168.401698 0.041605
168.443366 0.041668
168.485086 0.041720
168.526760 0.041674
168.568421 0.041661
168.610091 0.041670
168.651776 0.041685
168.693421 0.041646
168.735098 0.041677
168.776763 0.041664
168.818415 0.041653
168.860055 0.041640
168.901763 0.041708
168.943420 0.041657
168.985109 0.041688
169.026763 0.041654
169.068435 0.041672
169.110096 0.041661
169.151763 0.041667
169.193420 0.041657
169.235092 0.041672
169.276729 0.041636
169.318396 0.041667
169.360058 0.041662
169.401738 0.041680
169.443396 0.041658
169.485056 0.041660
169.526732 0.041675
169.568367 0.041635
169.610068 0.041702
169.651769 0.041701
169.693414 0.041645
169.735097 0.041684
169.776763 0.041666
169.818418 0.041655
169.860093 0.041675
169.901760 0.041666
169.943414 0.041654
169.985091 0.041678
170.026761 0.041669
170.068414 0.041653
170.110092 0.041678
170.151761 0.041669
170.193426 0.041665
170.235099 0.041673
170.276758 0.041660
170.318416 0.041658
170.360079 0.041663
170.401764 0.041685
170.443415 0.041651
170.485084 0.041670
170.526762 0.041678
170.568422 0.041660
170.610097 0.041675
170.651759 0.041662
170.693414 0.041656
170.735094 0.041679
170.776761 0.041668
170.818444 0.041683
170.860098 0.041654
170.901747 0.041649
170.943420 0.041673
170.985061 0.041641
171.026768 0.041707
171.068443 0.041675
171.110096 0.041653
171.151763 0.041666
171.193421 0.041658
171.235097 0.041677
171.276765 0.041667
171.318427 0.041662
171.360096 0.041669
171.401760 0.041664
171.443430 0.041670
171.485093 0.041663
171.526765 0.041671
171.568420 0.041655
171.610093 0.041673
171.651759 0.041666
171.693417 0.041658
171.735109 0.041692
171.776763 0.041654
171.818444 0.041681
171.860096 0.041653
171.901766 0.041670
171.943427 0.041661
171.985093 0.041666
172.026765 0.041672
172.068395 0.041630
172.110099 0.041704
172.151707 0.041608
172.193428 0.041721
172.235096 0.041668
172.276762 0.041666
172.318431 0.041669
172.360095 0.041664
172.401733 0.041638
172.443421 0.041688
172.485095 0.041674
172.526759 0.041664
172.568419 0.041660
172.610085 0.041666
172.651764 0.041679
172.693417 0.041653
172.735103 0.041686
172.776762 0.041659
172.818397 0.041635
172.860093 0.041696
172.901762 0.041668
172.943428 0.041666
172.985109 0.041682
173.026764 0.041655
173.068418 0.041653
173.110093 0.041676
173.151693 0.041600
173.193426 0.041732
173.235089 0.041663
173.276783 0.041694
173.318420 0.041637
173.360094 0.041674
173.401745 0.041651
173.443431 0.041686
173.485096 0.041665
173.526765 0.041669
173.568421 0.041656
173.610097 0.041676
173.651763 0.041666
173.693421 0.041658
173.735098 0.041678
173.776764 0.041666
173.818422 0.041658
173.860110 0.041688
173.901766 0.041656
173.943375 0.041609
173.985097 0.041722
174.026766 0.041669
174.068424 0.041658
174.110079 0.041655
174.151763 0.041685
174.193419 0.041655
174.235102 0.041684
174.276765 0.041663
174.318420 0.041655
174.360097 0.041676
174.401760 0.041664
174.443435 0.041675
174.485056 0.041620
174.526724 0.041669
174.568396 0.041672
174.610062 0.041666
174.651730 0.041668
174.693398 0.041668
174.735059 0.041661
174.776701 0.041642
174.818367 0.041665
174.860100 0.041733
174.901765 0.041665
174.943419 0.041654
174.985098 0.041679
175.026763 0.041665
175.068448 0.041685
175.110078 0.041629
175.151760 0.041683
175.193427 0.041667
175.235094 0.041667
175.276722 0.041628
175.318420 0.041698
175.360123 0.041703
175.401779 0.041656
175.443421 0.041642
175.485094 0.041674
175.526763 0.041668
175.568419 0.041657
175.610094 0.041674
175.651729 0.041635
175.693421 0.041692
175.735078 0.041657
175.776764 0.041686
175.818431 0.041668
175.860109 0.041677
175.901763 0.041654
175.943419 0.041657
175.985098 0.041679
176.026726 0.041628
176.068430 0.041704
176.110093 0.041663
176.151764 0.041671
176.193427 0.041662
176.235102 0.041675
176.276762 0.041660
176.318431 0.041669
176.360091 0.041660
176.401762 0.041671
176.443417 0.041655
176.485096 0.041679
176.526773 0.041678
176.568419 0.041646
176.610095 0.041675
176.651727 0.041633
176.693421 0.041694
176.735100 0.041678
176.776763 0.041663
176.818445 0.041682
176.860059 0.041615
176.901763 0.041704
176.943418 0.041655
176.985095 0.041678
177.026725 0.041630
177.068422 0.041697
177.110097 0.041675
177.151766 0.041668
177.193431 0.041665
177.235078 0.041647
177.276763 0.041685
177.318423 0.041660
177.360034 0.041611
177.401765 0.041731
177.443427 0.041662
177.485096 0.041669
177.526759 0.041663
177.568424 0.041666
177.610098 0.041674
177.651763 0.041664
177.693423 0.041660
177.735094 0.041671
177.776761 0.041668
177.818395 0.041634
177.860107 0.041712
177.901763 0.041656
177.943423 0.041660
177.985088 0.041666
178.026774 0.041686
178.068428 0.041653
178.110093 0.041666
178.151765 0.041672
178.193392 0.041627
178.235098 0.041706
178.276760 0.041661
178.318419 0.041660
178.360092 0.041673
178.401762 0.041670
178.443421 0.041659
178.485099 0.041678
178.526763 0.041663
178.568394 0.041632
178.610087 0.041693
178.651765 0.041678
178.693421 0.041656
178.735099 0.041678
178.776749 0.041650
178.818432 0.041683
178.860083 0.041650
178.901766 0.041683
178.943420 0.041654
178.985096 0.041676
179.026767 0.041670
179.068422 0.041656
179.110100 0.041678
179.151760 0.041660
179.193426 0.041665
179.235090 0.041664
179.276763 0.041673
179.318431 0.041669
179.360059 0.041628
179.401767 0.041708
179.443443 0.041676
179.485107 0.041664
179.526764 0.041657
179.568423 0.041659
179.610107 0.041684
179.651763 0.041656
179.693422 0.041659
179.735055 0.041632
179.776762 0.041707
179.818424 0.041662
179.860100 0.041675
179.901761 0.041661
179.943426 0.041665
179.985103 0.041677
180.026781 0.041678
180.068424 0.041642
180.110100 0.041677
180.151731 0.041630
180.193427 0.041696
180.235097 0.041670
180.276776 0.041679
180.318423 0.041648
180.360108 0.041685
180.401764 0.041656
180.443426 0.041662
180.485109 0.041682
180.526704 0.041596
180.568423 0.041719
180.610093 0.041671
180.651729 0.041636
180.693399 0.041670
180.735079 0.041680
180.776730 0.041651
180.818392 0.041662
180.860063 0.041671
180.901704 0.041641
180.943373 0.041669
180.985101 0.041728
181.026760 0.041659
181.068422 0.041662
181.110093 0.041671
181.151763 0.041670
181.193428 0.041665
181.235105 0.041677
181.276765 0.041660
181.318416 0.041651
181.360099 0.041683
181.401774 0.041675
181.443418 0.041644
181.485094 0.041676
181.526736 0.041642
181.568387 0.041651
181.610091 0.041704
181.651763 0.041672
181.693429 0.041666
181.735102 0.041673
181.776765 0.041663
181.818427 0.041662
181.860093 0.041666
181.901778 0.041685
181.943423 0.041644
181.985097 0.041675
182.026674 0.041576
182.068424 0.041750
182.110090 0.041667
182.151775 0.041684
182.193424 0.041649
182.235096 0.041673
182.276764 0.041668
182.318423 0.041659
182.360093 0.041670
182.401759 0.041666
182.443388 0.041629
182.485097 0.041709
182.526762 0.041666
182.568424 0.041662
182.610085 0.041661
182.651765 0.041680
182.693420 0.041655
182.735095 0.041675
182.776762 0.041666
182.818372 0.041610
182.860084 0.041712
182.901765 0.041681
182.943431 0.041666
182.985101 0.041670
183.026780 0.041679
183.068424 0.041644
183.110096 0.041672
183.151765 0.041670
183.193391 0.041626
183.235084 0.041693
183.276763 0.041679
183.318427 0.041663
183.360107 0.041680
183.401767 0.041661
183.443423 0.041655
183.485108 0.041685
183.526661 0.041553
183.568424 0.041763
183.610103 0.041678
183.651767 0.041665
183.693425 0.041658
183.735097 0.041672
183.776774 0.041677
183.818424 0.041650
183.860090 0.041666
183.901762 0.041672
183.943387 0.041624
183.985093 0.041707
184.026766 0.041673
184.068419 0.041653
184.110096 0.041677
184.151763 0.041667
184.193423 0.041661
184.235097 0.041673
184.276762 0.041665
184.318424 0.041663
184.360098 0.041674
184.401763 0.041665
184.443391 0.041628
184.485081 0.041690
184.526759 0.041678
184.568421 0.041662
184.610093 0.041672
184.651771 0.041678
184.693421 0.041650
184.735060 0.041639
184.776764 0.041703
184.818427 0.041663
184.860094 0.041667
184.901761 0.041667
184.943421 0.041660
184.985093 0.041673
185.026774 0.041681
185.068413 0.041638
185.110055 0.041642
185.151764 0.041709
185.193426 0.041662
185.235095 0.041669
185.276762 0.041668
185.318425 0.041662
185.360097 0.041672
185.401769 0.041672
185.443423 0.041654
185.485097 0.041674
185.526801 0.041704
185.568403 0.041602
185.610098 0.041695
185.651764 0.041666
185.693425 0.041661
185.735093 0.041668
185.776766 0.041673
185.818425 0.041659
185.860097 0.041671
185.901766 0.041669
185.943424 0.041658
185.985098 0.041674
186.026733 0.041635
186.068424 0.041691
186.110094 0.041669
186.151765 0.041671
186.193425 0.041660
186.235095 0.041669
186.276766 0.041671
186.318429 0.041664
186.360107 0.041678
186.401767 0.041660
186.443447 0.041680
186.485074 0.041627
186.526735 0.041661
186.568392 0.041657
186.610071 0.041680
186.651729 0.041657
186.693390 0.041661
186.735057 0.041668
186.776680 0.041623
186.818425 0.041744
186.860096 0.041671
186.901766 0.041670
186.943421 0.041656
186.985094 0.041672
187.026728 0.041634
187.068423 0.041695
187.110076 0.041653
187.151764 0.041688
187.193423 0.041659
187.235106 0.041683
187.276762 0.041656
187.318425 0.041663
187.360092 0.041667
187.401759 0.041667
187.443385 0.041626
187.485094 0.041710
187.526762 0.041668
187.568427 0.041665
187.610080 0.041653
187.651776 0.041696
187.693422 0.041646
187.735092 0.041670
187.776762 0.041670
187.818428 0.041666
187.860060 0.041631
187.901766 0.041706
187.943426 0.041660
187.985083 0.041657
188.026766 0.041683
188.068425 0.041659
188.110106 0.041681
188.151766 0.041660
188.193431 0.041665
188.235101 0.041670
188.276763 0.041662
188.318427 0.041664
188.360097 0.041670
188.401762 0.041665
188.443426 0.041664
188.485102 0.041676
188.526762 0.041660
188.568439 0.041676
188.610093 0.041654
188.651730 0.041637
188.693427 0.041697
188.735096 0.041669
188.776765 0.041669
188.818425 0.041660
188.860103 0.041678
188.901767 0.041664
188.943424 0.041657
188.985097 0.041673
189.026762 0.041665
189.068392 0.041630
189.110083 0.041691
189.151776 0.041693
189.193427 0.041651
189.235094 0.041667
189.276766 0.041671
189.318427 0.041661
189.360106 0.041679
189.401708 0.041602
189.443440 0.041731
189.485096 0.041657
189.526763 0.041667
189.568428 0.041665
189.610083 0.041655
189.651764 0.041681
189.693424 0.041660
189.735099 0.041675
189.776763 0.041664
189.818393 0.041631
189.860102 0.041708
189.901763 0.041661
189.943431 0.041668
189.985079 0.041649
190.026765 0.041686
190.068426 0.041661
190.110103 0.041677
190.151764 0.041661
190.193393 0.041630
190.235102 0.041708
190.276763 0.041661
190.318425 0.041662
190.360097 0.041673
190.401761 0.041663
190.443432 0.041672
190.485096 0.041664
190.526763 0.041667
190.568429 0.041666
190.610096 0.041667
190.651729 0.041633
190.693438 0.041709
190.735094 0.041656
190.776782 0.041688
190.818428 0.041646
190.860089 0.041661
190.901771 0.041682
190.943424 0.041653
190.985061 0.041637
191.026764 0.041704
191.068438 0.041673
191.110080 0.041642
191.151773 0.041693
191.193422 0.041648
191.235105 0.041683
191.276762 0.041657
191.318423 0.041661
191.360094 0.041671
191.401759 0.041666
191.443424 0.041665
191.485057 0.041633
191.526735 0.041678
191.568399 0.041665
191.610056 0.041657
191.651726 0.041670
191.693425 0.041699
191.735095 0.041670
191.776761 0.041666
191.818422 0.041661
191.860093 0.041671
191.901757 0.041664
191.943429 0.041672
191.985090 0.041661
192.026761 0.041671
192.068435 0.041674
192.110094 0.041659
192.151758 0.041664
192.193423 0.041666
192.235107 0.041684
192.276746 0.041638
192.318424 0.041678
192.360091 0.041667
192.401779 0.041688
192.443410 0.041632
192.485092 0.041682
192.526759 0.041667
192.568425 0.041666
192.610081 0.041656
192.651760 0.041680
192.693424 0.041664
192.735094 0.041670
192.776762 0.041668
192.818427 0.041665
192.860092 0.041665
192.901761 0.041669
192.943438 0.041677
192.985092 0.041654
193.026760 0.041668
193.068427 0.041667
193.110081 0.041654
193.151761 0.041680
193.193426 0.041665
193.235094 0.041668
193.276771 0.041676
193.318427 0.041656
193.360095 0.041668
193.401762 0.041668
193.443427 0.041664
193.485090 0.041663
193.526760 0.041670
193.568440 0.041680
193.610093 0.041653
193.651761 0.041668
193.693423 0.041662
193.735094 0.041670
193.776761 0.041668
193.818425 0.041664
193.860085 0.041660
193.901762 0.041676
193.943426 0.041665
193.985091 0.041665
194.026761 0.041670
194.068427 0.041666
194.110091 0.041664
194.151762 0.041670
194.193424 0.041662
194.235098 0.041674
194.276762 0.041664
194.318425 0.041662
194.360092 0.041667
194.401759 0.041667
194.443425 0.041666
194.485087 0.041663
194.526764 0.041676
194.568425 0.041662
194.610056 0.041630
194.651726 0.041670
194.693391 0.041666
194.735058 0.041666
194.776725 0.041667
194.818390 0.041665
194.860032 0.041642
194.901760 0.041729
194.943424 0.041664
194.985091 0.041667
195.026762 0.041671
195.068425 0.041664
195.110093 0.041668
195.151757 0.041665
195.193426 0.041669
195.235076 0.041649
195.276760 0.041684
195.318425 0.041665
195.360083 0.041658
195.401765 0.041682
195.443428 0.041663
195.485084 0.041655
195.526762 0.041679
195.568427 0.041665
195.610088 0.041662
195.651760 0.041672
195.693428 0.041667
195.735101 0.041673
