0.015323 0.015323
0.034495 0.019172
0.076067 0.041572
0.117779 0.041712
0.159397 0.041618
0.201105 0.041708
0.242718 0.041613
0.284436 0.041718
0.326103 0.041667
0.367775 0.041672
0.409392 0.041617
0.451106 0.041713
0.492769 0.041664
0.534416 0.041647
0.576061 0.041645
0.617767 0.041707
0.659437 0.041670
0.701105 0.041667
0.742730 0.041626
0.784435 0.041704
0.826101 0.041666
0.867767 0.041667
0.909393 0.041625
0.951073 0.041680
0.992774 0.041701
1.034434 0.041661
1.076100 0.041666
1.117773 0.041672
1.159380 0.041607
1.201103 0.041723
1.242773 0.041670
1.284391 0.041618
1.326103 0.041712
1.367768 0.041665
1.409433 0.041665
1.451104 0.041671
1.492768 0.041664
1.534436 0.041668
1.576103 0.041666
1.617770 0.041668
1.659436 0.041666
1.701101 0.041665
1.742769 0.041668
1.784434 0.041665
1.826090 0.041656
1.867768 0.041678
1.909436 0.041668
1.951104 0.041668
1.992767 0.041662
2.034439 0.041673
2.076105 0.041666
2.117768 0.041663
2.159428 0.041660
2.201101 0.041673
2.242764 0.041663
2.284422 0.041659
2.326102 0.041679
2.367759 0.041657
2.409436 0.041677
2.451095 0.041659
2.492769 0.041674
2.534437 0.041668
2.576093 0.041656
2.617772 0.041679
2.659423 0.041651
2.701095 0.041672
2.742757 0.041662
2.784391 0.041635
2.826104 0.041712
2.867727 0.041623
2.909425 0.041698
2.951098 0.041673
2.992771 0.041673
3.034430 0.041659
3.076096 0.041666
3.117764 0.041668
3.159441 0.041677
3.201092 0.041651
3.242768 0.041677
3.284439 0.041671
3.326103 0.041663
3.367760 0.041657
3.409439 0.041679
3.451105 0.041666
3.492757 0.041652
3.534435 0.041678
3.576104 0.041669
3.617764 0.041660
3.659443 0.041679
3.701056 0.041614
3.742725 0.041668
3.784425 0.041701
3.826102 0.041677
3.867760 0.041658
3.909432 0.041673
3.951102 0.041670
3.992725 0.041623
4.034436 0.041711
4.076099 0.041663
4.117770 0.041671
4.159428 0.041658
4.201101 0.041674
4.242761 0.041660
4.284423 0.041662
4.326059 0.041636
4.367765 0.041706
4.409439 0.041675
4.451044 0.041604
4.492724 0.041680
4.534431 0.041708
4.576064 0.041633
4.617775 0.041711
4.659435 0.041659
4.701119 0.041684
4.742776 0.041657
4.784428 0.041653
4.826105 0.041677
4.867761 0.041656
4.909434 0.041673
4.951105 0.041671
4.992779 0.041675
5.034401 0.041621
5.076077 0.041677
5.117731 0.041654
5.159451 0.041720
5.201104 0.041653
5.242765 0.041661
5.284432 0.041667
5.326100 0.041668
5.367765 0.041666
5.409440 0.041675
5.451045 0.041605
5.492765 0.041720
5.534440 0.041675
5.576102 0.041662
5.617753 0.041652
5.659445 0.041691
5.701104 0.041660
5.742779 0.041674
5.784424 0.041645
5.826012 0.041588
5.867791 0.041779
5.909443 0.041652
5.951111 0.041668
5.992754 0.041643
6.034445 0.041690
6.076110 0.041665
6.117780 0.041670
6.159438 0.041658
6.201120 0.041682
6.242779 0.041659
6.284403 0.041624
6.326104 0.041701
6.367761 0.041656
6.409437 0.041676
6.451119 0.041682
6.492766 0.041647
6.534450 0.041684
6.576107 0.041657
6.617759 0.041653
6.659438 0.041679
6.701068 0.041630
6.742757 0.041689
6.784438 0.041681
6.826104 0.041666
6.867768 0.041664
6.909437 0.041669
6.951105 0.041668
6.992777 0.041672
7.034436 0.041659
7.076106 0.041670
7.117726 0.041620
7.159441 0.041715
7.201069 0.041628
7.242739 0.041671
7.284391 0.041652
7.326072 0.041680
7.367728 0.041657
7.409413 0.041685
7.451069 0.041656
7.492692 0.041623
7.534398 0.041707
7.576069 0.041671
7.617755 0.041686
7.659422 0.041667
7.701101 0.041679
7.742775 0.041673
7.784435 0.041660
7.826115 0.041680
7.867755 0.041640
7.909395 0.041640
7.951105 0.041710
7.992771 0.041666
8.034437 0.041666
8.076099 0.041662
8.117756 0.041657
8.159438 0.041683
8.201102 0.041663
8.242751 0.041649
8.284435 0.041684
8.326106 0.041671
8.367757 0.041652
8.409434 0.041677
8.451100 0.041666
8.492748 0.041647
8.534431 0.041683
8.576103 0.041672
8.617769 0.041666
8.659403 0.041634
8.701106 0.041703
8.742754 0.041648
8.784434 0.041681
8.826099 0.041665
8.867762 0.041663
8.909423 0.041661
8.951105 0.041681
8.992732 0.041628
9.034421 0.041689
9.076116 0.041695
9.117725 0.041609
9.159443 0.041717
9.201102 0.041660
9.242759 0.041657
9.284433 0.041674
9.326101 0.041667
9.367760 0.041659
9.409435 0.041675
9.451105 0.041670
9.492761 0.041656
9.534439 0.041678
9.576129 0.041690
9.617752 0.041622
9.659421 0.041669
9.701123 0.041702
9.742728 0.041606
9.784430 0.041701
9.826102 0.041672
9.867762 0.041660
9.909424 0.041663
9.951104 0.041680
9.992774 0.041670
10.034448 0.041675
10.076104 0.041655
10.117727 0.041623
10.159439 0.041712
10.201105 0.041666
10.242759 0.041653
10.284438 0.041679
10.326102 0.041665
10.367761 0.041659
10.409431 0.041670
10.451101 0.041670
10.492870 0.041769
10.534421 0.041550
10.576099 0.041678
10.617748 0.041649
10.659400 0.041652
10.701099 0.041699
10.742764 0.041665
10.784421 0.041657
10.826085 0.041664
10.867759 0.041675
10.909437 0.041677
10.951073 0.041636
10.992749 0.041676
11.034436 0.041687
11.076100 0.041665
11.117766 0.041666
11.159401 0.041634
11.201100 0.041699
11.242758 0.041658
11.284433 0.041675
11.326103 0.041670
11.367764 0.041661
11.409439 0.041675
11.451108 0.041668
11.492797 0.041689
11.534448 0.041651
11.576103 0.041654
11.617792 0.041689
11.659434 0.041643
11.701070 0.041636
11.742761 0.041691
11.784439 0.041678
11.826068 0.041629
11.867753 0.041685
11.909439 0.041685
11.951101 0.041662
11.992758 0.041657
12.034432 0.041674
12.076036 0.041604
12.117703 0.041667
12.159405 0.041702
12.201102 0.041698
12.242729 0.041627
12.284433 0.041705
12.326112 0.041678
12.367756 0.041645
12.409449 0.041693
12.451071 0.041622
12.492729 0.041658
12.534442 0.041713
12.576105 0.041663
12.617759 0.041654
12.659449 0.041689
12.701072 0.041623
12.742765 0.041693
12.784433 0.041668
12.826115 0.041682
12.867712 0.041597
12.909426 0.041714
12.951128 0.041702
12.992759 0.041630
13.034436 0.041678
13.076102 0.041666
13.117725 0.041622
13.159450 0.041725
13.201105 0.041655
13.242757 0.041652
13.284438 0.041680
13.326071 0.041633
13.367759 0.041688
13.409453 0.041693
13.451108 0.041656
13.492774 0.041666
13.534419 0.041645
13.576118 0.041699
13.617751 0.041633
13.659433 0.041682
13.701068 0.041635
13.742767 0.041699
13.784450 0.041683
13.826104 0.041654
13.867768 0.041664
13.909435 0.041667
13.951116 0.041681
13.992765 0.041649
14.034434 0.041669
14.076105 0.041671
14.117780 0.041676
14.159438 0.041657
14.201103 0.041665
14.242752 0.041649
14.284433 0.041681
14.326104 0.041671
14.367764 0.041660
14.409424 0.041660
14.451105 0.041680
14.492729 0.041624
14.534420 0.041692
14.576106 0.041686
14.617750 0.041644
14.659444 0.041694
14.701102 0.041659
14.742767 0.041665
14.784432 0.041665
14.826105 0.041673
14.867733 0.041628
14.909432 0.041700
14.951107 0.041675
14.992756 0.041649
15.034427 0.041671
15.076104 0.041677
15.117761 0.041657
15.159450 0.041689
15.201095 0.041645
15.242728 0.041633
15.284423 0.041695
15.326103 0.041680
15.367758 0.041655
15.409456 0.041697
15.451103 0.041647
15.492754 0.041651
15.534433 0.041680
15.576099 0.041666
15.617765 0.041666
15.659447 0.041682
15.701106 0.041659
15.742767 0.041661
15.784431 0.041664
15.826065 0.041634
15.867757 0.041692
15.909396 0.041639
15.951107 0.041711
15.992726 0.041619
16.034401 0.041675
16.076108 0.041707
16.117753 0.041646
16.159435 0.041681
16.201103 0.041668
16.242763 0.041660
16.284424 0.041661
16.326066 0.041642
16.367756 0.041690
16.409436 0.041679
16.451105 0.041669
16.492726 0.041621
16.534433 0.041708
16.576102 0.041669
16.617780 0.041678
16.659396 0.041617
16.701104 0.041707
16.742779 0.041676
16.784423 0.041643
16.826061 0.041638
16.867795 0.041735
16.909402 0.041607
16.951106 0.041704
16.992769 0.041663
17.034414 0.041645
17.076103 0.041689
17.117763 0.041660
17.159438 0.041675
17.201107 0.041668
17.242760 0.041653
17.284438 0.041678
17.326070 0.041632
17.367731 0.041660
17.409433 0.041703
17.451106 0.041672
17.492775 0.041669
17.534419 0.041644
17.576105 0.041685
17.617758 0.041654
17.659422 0.041664
17.701103 0.041680
17.742768 0.041665
17.784431 0.041664
17.826103 0.041672
17.867766 0.041663
17.909434 0.041668
17.951118 0.041684
17.992737 0.041619
18.034402 0.041665
18.076073 0.041671
18.117740 0.041666
18.159397 0.041657
18.201068 0.041672
18.242730 0.041662
18.284374 0.041644
18.326107 0.041733
18.367755 0.041648
18.409395 0.041640
18.451104 0.041709
18.492766 0.041661
18.534433 0.041667
18.576091 0.041658
18.617759 0.041669
18.659434 0.041675
18.701102 0.041669
18.742766 0.041663
18.784393 0.041627
18.826104 0.041711
18.867776 0.041672
18.909433 0.041657
18.951103 0.041670
18.992767 0.041664
19.034434 0.041668
19.076102 0.041668
19.117751 0.041649
19.159431 0.041680
19.201078 0.041647
19.242755 0.041677
19.284449 0.041694
19.326066 0.041617
19.367759 0.041693
19.409433 0.041674
19.451106 0.041674
19.492783 0.041676
19.534418 0.041636
19.576100 0.041681
19.617758 0.041658
19.659431 0.041673
19.701098 0.041667
19.742700 0.041602
19.784430 0.041730
19.826066 0.041635
19.867762 0.041697
19.909397 0.041634
19.951107 0.041710
19.992761 0.041654
20.034401 0.041641
20.076086 0.041685
20.117752 0.041666
20.159399 0.041647
20.201103 0.041704
20.242764 0.041661
20.284433 0.041669
20.326101 0.041669
20.367759 0.041657
20.409433 0.041674
20.451103 0.041671
20.492757 0.041654
20.534396 0.041639
20.576106 0.041710
20.617729 0.041623
20.659436 0.041707
20.701104 0.041668
20.742766 0.041662
20.784433 0.041668
20.826103 0.041669
20.867757 0.041654
20.909431 0.041675
20.951069 0.041638
20.992759 0.041690
21.034436 0.041677
21.076104 0.041668
21.117729 0.041626
21.159427 0.041698
21.201117 0.041691
21.242759 0.041641
21.284434 0.041676
21.326068 0.041634
21.367776 0.041708
21.409433 0.041657
21.451107 0.041674
21.492757 0.041650
21.534433 0.041676
21.576104 0.041671
21.617759 0.041655
21.659427 0.041667
21.701091 0.041664
21.742759 0.041669
21.784433 0.041674
21.826115 0.041682
21.867756 0.041641
21.909449 0.041692
21.951102 0.041654
21.992765 0.041663
22.034422 0.041657
22.076116 0.041694
22.117759 0.041643
22.159452 0.041692
22.201101 0.041650
22.242775 0.041674
22.284435 0.041660
22.326103 0.041668
22.367774 0.041671
22.409388 0.041613
22.451105 0.041718
22.492758 0.041653
22.534419 0.041661
22.576115 0.041696
22.617757 0.041642
22.659399 0.041642
22.701089 0.041690
22.742779 0.041690
22.784434 0.041654
22.826105 0.041672
22.867769 0.041663
22.909435 0.041666
22.951120 0.041685
22.992759 0.041639
23.034435 0.041676
23.076108 0.041672
23.117760 0.041653
23.159437 0.041677
23.201105 0.041668
23.242768 0.041662
23.284425 0.041658
23.326104 0.041679
23.367761 0.041657
23.409425 0.041664
23.451099 0.041674
23.492758 0.041659
23.534438 0.041680
23.576103 0.041665
23.617780 0.041677
23.659426 0.041646
23.701105 0.041679
23.742769 0.041664
23.784410 0.041641
23.826106 0.041696
23.867764 0.041658
23.909435 0.041671
23.951069 0.041634
23.992767 0.041698
24.034433 0.041666
24.076068 0.041636
24.117741 0.041672
24.159434 0.041693
24.201105 0.041671
24.242750 0.041645
24.284400 0.041650
24.326103 0.041703
24.367760 0.041657
24.409401 0.041640
24.451106 0.041706
24.492758 0.041651
24.534431 0.041673
24.576103 0.041673
24.617765 0.041662
24.659401 0.041636
24.701106 0.041706
24.742762 0.041655
24.784453 0.041691
24.826080 0.041627
24.867757 0.041678
24.909431 0.041674
24.951109 0.041678
24.992729 0.041620
25.034400 0.041672
25.076105 0.041705
25.117728 0.041623
25.159457 0.041728
25.201096 0.041639
25.242698 0.041602
25.284432 0.041734
25.326100 0.041667
25.367765 0.041665
25.409433 0.041668
25.451111 0.041679
25.492730 0.041619
25.534398 0.041668
25.576071 0.041673
25.617729 0.041658
25.659401 0.041672
25.701078 0.041676
25.742765 0.041687
25.784407 0.041642
25.826069 0.041661
25.867729 0.041660
25.909335 0.041606
25.951059 0.041724
25.992768 0.041709
26.034429 0.041661
26.076102 0.041673
26.117758 0.041656
26.159437 0.041679
26.201108 0.041671
26.242761 0.041653
26.284423 0.041662
26.326118 0.041695
26.367759 0.041642
26.409431 0.041671
26.451086 0.041656
26.492731 0.041645
26.534431 0.041699
26.576101 0.041671
26.617758 0.041657
26.659435 0.041676
26.701105 0.041670
26.742762 0.041658
26.784432 0.041670
26.826098 0.041666
26.867725 0.041627
26.909429 0.041704
26.951095 0.041666
26.992758 0.041664
27.034405 0.041647
27.076107 0.041702
27.117760 0.041654
27.159430 0.041669
27.201099 0.041670
27.242756 0.041657
27.284445 0.041689
27.326098 0.041653
27.367752 0.041654
27.409444 0.041692
27.451099 0.041655
27.492773 0.041674
27.534420 0.041647
27.576084 0.041663
27.617778 0.041694
27.659437 0.041659
27.701103 0.041666
27.742762 0.041659
27.784424 0.041662
27.826090 0.041666
27.867724 0.041634
27.909427 0.041703
27.951108 0.041681
27.992729 0.041621
28.034422 0.041694
28.076103 0.041680
28.117728 0.041625
28.159437 0.041709
28.201103 0.041666
28.242771 0.041668
28.284430 0.041659
28.326105 0.041675
28.367753 0.041648
28.409397 0.041644
28.451117 0.041720
28.492767 0.041650
28.534436 0.041669
28.576103 0.041667
28.617763 0.041660
28.659448 0.041686
28.701100 0.041652
28.742777 0.041676
28.784403 0.041626
28.826103 0.041700
28.867764 0.041661
28.909437 0.041673
28.951105 0.041668
28.992752 0.041647
29.034434 0.041682
29.076106 0.041672
29.117729 0.041623
29.159432 0.041704
29.201102 0.041669
29.242752 0.041650
29.284425 0.041673
29.326088 0.041663
29.367762 0.041674
29.409449 0.041687
29.451103 0.041654
29.492775 0.041672
29.534423 0.041648
29.576102 0.041679
29.617762 0.041660
29.659434 0.041673
29.701064 0.041630
29.742768 0.041704
29.784434 0.041666
29.826091 0.041657
29.867755 0.041664
29.909447 0.041692
29.951107 0.041659
29.992762 0.041656
30.034431 0.041668
30.076067 0.041636
30.117760 0.041693
30.159435 0.041675
30.201103 0.041669
30.242761 0.041657
30.284428 0.041667
30.326100 0.041673
30.367751 0.041651
30.409435 0.041683
30.451102 0.041667
30.492778 0.041677
30.534428 0.041650
30.576116 0.041688
30.617775 0.041659
30.659431 0.041656
30.701103 0.041672
30.742752 0.041649
30.784432 0.041680
30.826088 0.041657
30.867769 0.041680
30.909398 0.041629
30.951105 0.041707
30.992779 0.041673
31.034430 0.041651
31.076116 0.041686
31.117753 0.041637
31.159425 0.041672
31.201115 0.041691
31.242755 0.041640
31.284397 0.041642
31.326104 0.041707
31.367743 0.041639
31.409425 0.041682
31.451101 0.041675
31.492775 0.041675
31.534423 0.041647
31.576096 0.041674
31.617768 0.041672
31.659401 0.041633
31.701107 0.041706
31.742768 0.041661
31.784433 0.041665
31.826112 0.041680
31.867776 0.041664
31.909426 0.041650
31.951129 0.041702
31.992762 0.041633
32.034400 0.041638
32.076089 0.041689
32.117737 0.041648
32.159437 0.041700
32.201104 0.041667
32.242768 0.041664
32.284421 0.041653
32.326128 0.041707
32.367782 0.041654
32.409401 0.041619
32.451100 0.041699
32.492734 0.041634
32.534435 0.041702
32.576118 0.041683
32.617754 0.041636
32.659438 0.041683
32.701117 0.041679
32.742760 0.041644
32.784434 0.041674
32.826103 0.041669
32.867732 0.041629
32.909434 0.041702
32.951109 0.041676
32.992756 0.041647
33.034433 0.041676
33.076103 0.041670
33.117732 0.041629
33.159437 0.041705
33.201108 0.041671
33.242780 0.041673
33.284435 0.041655
33.326104 0.041669
33.367765 0.041661
33.409424 0.041659
33.451107 0.041683
33.492774 0.041667
33.534437 0.041663
33.576103 0.041666
33.617769 0.041666
33.659416 0.041647
33.701105 0.041689
33.742752 0.041647
33.784441 0.041689
33.826119 0.041678
33.867754 0.041634
33.909444 0.041691
33.951101 0.041657
33.992769 0.041668
34.034421 0.041652
34.076071 0.041650
34.117755 0.041685
34.159437 0.041681
34.201106 0.041670
34.242752 0.041646
34.284437 0.041684
34.326104 0.041668
34.367769 0.041665
34.409450 0.041681
34.451073 0.041623
34.492767 0.041694
34.534440 0.041673
34.576104 0.041664
34.617757 0.041653
34.659424 0.041667
34.701105 0.041681
34.742776 0.041671
34.784437 0.041661
34.826107 0.041670
34.867725 0.041618
34.909434 0.041709
34.951069 0.041635
34.992735 0.041666
35.034413 0.041677
35.076072 0.041659
35.117744 0.041672
35.159395 0.041651
35.201072 0.041677
35.242731 0.041659
35.284401 0.041671
35.326075 0.041673
35.367732 0.041658
35.409404 0.041671
35.451070 0.041666
35.492732 0.041663
35.534408 0.041676
35.576069 0.041661
35.617752 0.041683
35.659435 0.041683
35.701105 0.041670
35.742769 0.041664
35.784433 0.041665
35.826117 0.041683
35.867730 0.041613
35.909434 0.041704
35.951104 0.041670
35.992766 0.041661
36.034417 0.041651
36.076067 0.041650
36.117757 0.041690
36.159438 0.041680
36.201103 0.041666
36.242768 0.041665
36.284397 0.041628
36.326106 0.041709
36.367766 0.041661
36.409432 0.041665
36.451068 0.041636
36.492782 0.041714
36.534419 0.041637
36.576105 0.041686
36.617758 0.041654
36.659447 0.041689
36.701105 0.041658
36.742754 0.041649
36.784397 0.041643
36.826066 0.041669
36.867775 0.041709
36.909433 0.041658
36.951106 0.041673
36.992770 0.041664
37.034401 0.041631
37.076104 0.041704
37.117766 0.041661
37.159434 0.041668
37.201099 0.041665
37.242733 0.041634
37.284421 0.041687
37.326103 0.041682
37.367775 0.041672
37.409435 0.041661
37.451107 0.041671
37.492755 0.041649
37.534434 0.041678
37.576067 0.041633
37.617777 0.041710
37.659437 0.041659
37.701103 0.041667
37.742758 0.041655
37.784456 0.041698
37.826101 0.041645
37.867771 0.041670
37.909432 0.041661
37.951070 0.041638
37.992763 0.041693
38.034450 0.041687
38.076103 0.041653
38.117770 0.041667
38.159449 0.041679
38.201101 0.041652
38.242789 0.041688
38.284435 0.041646
38.326069 0.041634
38.367761 0.041692
38.409435 0.041674
38.451103 0.041668
38.492758 0.041655
38.534432 0.041674
38.576097 0.041665
38.617758 0.041661
38.659422 0.041665
38.701106 0.041684
38.742758 0.041652
38.784435 0.041677
38.826103 0.041668
38.867759 0.041656
38.909443 0.041683
38.951102 0.041659
38.992766 0.041665
39.034422 0.041656
39.076069 0.041647
39.117755 0.041685
39.159428 0.041673
39.201044 0.041616
39.242764 0.041721
39.284429 0.041665
39.326066 0.041637
39.367760 0.041693
39.409428 0.041668
39.451103 0.041675
39.492767 0.041665
39.534395 0.041628
39.576106 0.041711
39.617756 0.041650
39.659448 0.041692
39.701102 0.041654
39.742758 0.041655
39.784436 0.041679
39.826109 0.041673
39.867762 0.041653
39.909401 0.041639
39.951108 0.041707
39.992783 0.041675
40.034405 0.041622
40.076101 0.041697
40.117754 0.041653
40.159442 0.041688
40.201102 0.041660
40.242772 0.041670
40.284402 0.041630
40.326106 0.041704
40.367775 0.041668
40.409420 0.041646
40.451117 0.041697
40.492758 0.041641
40.534434 0.041676
40.576103 0.041669
40.617771 0.041668
40.659396 0.041625
40.701104 0.041708
40.742776 0.041672
40.784431 0.041655
40.826093 0.041662
40.867774 0.041681
40.909434 0.041660
40.951100 0.041666
40.992772 0.041671
41.034428 0.041657
41.076063 0.041635
41.117761 0.041698
41.159435 0.041674
41.201087 0.041652
41.242762 0.041676
41.284425 0.041662
41.326106 0.041681
41.367753 0.041647
41.409449 0.041696
41.451071 0.041622
41.492761 0.041690
41.534445 0.041684
41.576100 0.041654
41.617756 0.041657
41.659435 0.041679
41.701102 0.041667
41.742755 0.041653
41.784437 0.041682
41.826009 0.041572
41.867758 0.041749
41.909435 0.041677
41.951102 0.041666
41.992769 0.041668
42.034434 0.041665
42.076100 0.041666
42.117757 0.041657
42.159436 0.041678
42.201104 0.041668
42.242761 0.041657
42.284433 0.041672
42.326098 0.041665
42.367766 0.041668
42.409432 0.041665
42.451101 0.041669
42.492756 0.041655
42.534430 0.041674
42.576111 0.041681
42.617730 0.041619
42.659394 0.041664
42.701066 0.041672
42.742708 0.041642
42.784398 0.041690
42.826066 0.041667
42.867728 0.041662
42.909429 0.041701
42.951069 0.041640
42.992737 0.041668
43.034334 0.041598
43.076120 0.041786
43.117770 0.041651
43.159434 0.041663
43.201102 0.041668
43.242758 0.041657
43.284434 0.041676
43.326106 0.041671
43.367763 0.041657
43.409438 0.041675
43.451105 0.041667
43.492757 0.041652
43.534435 0.041678
43.576087 0.041651
43.617783 0.041696
43.659431 0.041648
43.701102 0.041671
43.742785 0.041683
43.784449 0.041663
43.826103 0.041654
43.867762 0.041659
43.909428 0.041666
43.951108 0.041679
43.992771 0.041664
44.034423 0.041652
44.076102 0.041679
44.117763 0.041661
44.159435 0.041672
44.201105 0.041670
44.242758 0.041653
44.284415 0.041657
44.326101 0.041686
44.367758 0.041657
44.409432 0.041674
44.451102 0.041670
44.492756 0.041654
44.534423 0.041667
44.576103 0.041680
44.617771 0.041668
44.659434 0.041663
44.701105 0.041671
44.742770 0.041664
44.784435 0.041665
44.826098 0.041663
44.867768 0.041670
44.909430 0.041661
44.951072 0.041642
44.992768 0.041696
45.034433 0.041664
45.076108 0.041675
45.117761 0.041654
45.159446 0.041684
45.201102 0.041657
45.242756 0.041653
45.284429 0.041673
45.326100 0.041672
45.367772 0.041672
45.409430 0.041657
45.451101 0.041671
45.492757 0.041656
45.534432 0.041675
45.576097 0.041665
45.617764 0.041667
45.659424 0.041660
45.701100 0.041676
45.742726 0.041626
45.784449 0.041723
45.826106 0.041657
45.867765 0.041659
45.909436 0.041671
45.951102 0.041665
45.992771 0.041669
46.034435 0.041664
46.076068 0.041633
46.117760 0.041692
46.159418 0.041658
46.201116 0.041699
46.242756 0.041640
46.284434 0.041677
46.326100 0.041666
46.367755 0.041655
46.409430 0.041676
46.451103 0.041672
46.492758 0.041655
46.534448 0.041690
46.576069 0.041621
46.617764 0.041695
46.659440 0.041676
46.701104 0.041663
46.742767 0.041664
46.784436 0.041669
46.826102 0.041665
46.867760 0.041659
46.909434 0.041674
46.951105 0.041671
46.992762 0.041657
47.034434 0.041672
47.076100 0.041666
47.117757 0.041657
47.159433 0.041676
47.201097 0.041664
47.242836 0.041739
47.284435 0.041599
47.326070 0.041635
47.367762 0.041692
47.409436 0.041674
47.451117 0.041681
47.492761 0.041644
47.534436 0.041675
47.576103 0.041667
47.617760 0.041658
47.659436 0.041676
47.701102 0.041666
47.742737 0.041635
47.784451 0.041714
47.826103 0.041652
47.867758 0.041655
47.909431 0.041673
47.951105 0.041674
47.992759 0.041654
48.034433 0.041674
48.076104 0.041672
48.117763 0.041659
48.159422 0.041659
48.201089 0.041667
48.242773 0.041684
48.284425 0.041652
48.326106 0.041681
48.367761 0.041655
48.409434 0.041672
48.451109 0.041675
48.492761 0.041652
48.534435 0.041674
48.576101 0.041666
48.617730 0.041629
48.659455 0.041725
48.701107 0.041651
48.742758 0.041652
48.784430 0.041671
48.826116 0.041686
48.867760 0.041644
48.909424 0.041664
48.951117 0.041693
48.992712 0.041595
49.034434 0.041722
49.076100 0.041666
49.117773 0.041674
49.159439 0.041666
49.201110 0.041671
49.242761 0.041651
49.284435 0.041674
49.326105 0.041670
49.367741 0.041635
49.409443 0.041702
49.451101 0.041658
49.492771 0.041670
49.534422 0.041651
49.576104 0.041682
49.617762 0.041657
49.659448 0.041686
49.701104 0.041656
49.742766 0.041662
49.784444 0.041678
49.826060 0.041616
49.867730 0.041670
49.909393 0.041663
49.951061 0.041669
49.992737 0.041675
50.034395 0.041659
50.076060 0.041664
50.117741 0.041681
50.159402 0.041661
50.201044 0.041643
50.242713 0.041668
50.284435 0.041722
50.326101 0.041666
50.367762 0.041662
50.409437 0.041675
50.451105 0.041668
50.492763 0.041658
50.534439 0.041677
50.576099 0.041660
50.617762 0.041662
50.659432 0.041671
50.701105 0.041672
50.742761 0.041656
50.784436 0.041675
50.826103 0.041666
50.867771 0.041668
50.909436 0.041665
50.951106 0.041670
50.992777 0.041671
51.034418 0.041641
51.076102 0.041684
51.117771 0.041669
51.159432 0.041661
51.201104 0.041672
51.242763 0.041659
51.284430 0.041667
51.326104 0.041674
51.367762 0.041658
51.409434 0.041673
51.451103 0.041668
51.492777 0.041674
51.534398 0.041622
51.576105 0.041706
51.617762 0.041657
51.659437 0.041675
51.701102 0.041664
51.742762 0.041660
51.784433 0.041671
51.826098 0.041666
51.867774 0.041675
51.909399 0.041625
51.951106 0.041707
51.992766 0.041659
52.034428 0.041662
52.076105 0.041677
52.117759 0.041654
52.159440 0.041681
52.201088 0.041648
52.242764 0.041677
52.284435 0.041671
52.326105 0.041670
52.367764 0.041659
52.409435 0.041671
52.451106 0.041671
52.492763 0.041657
52.534436 0.041672
52.576098 0.041663
52.617766 0.041668
52.659448 0.041682
52.701068 0.041619
52.742761 0.041693
52.784436 0.041675
52.826115 0.041680
52.867779 0.041664
52.909436 0.041657
52.951101 0.041665
52.992762 0.041662
53.034400 0.041638
53.076102 0.041702
53.117761 0.041659
53.159437 0.041676
53.201103 0.041666
53.242767 0.041664
53.284428 0.041661
53.326099 0.041671
53.367757 0.041657
53.409458 0.041701
53.451109 0.041651
53.492763 0.041654
53.534437 0.041674
53.576104 0.041667
53.617767 0.041663
53.659429 0.041662
53.701100 0.041671
53.742762 0.041662
53.784434 0.041673
53.826067 0.041632
53.867765 0.041699
53.909427 0.041662
53.951108 0.041681
53.992763 0.041655
54.034434 0.041671
54.076101 0.041666
54.117793 0.041692
54.159428 0.041635
54.201108 0.041680
54.242764 0.041656
54.284437 0.041673
54.326102 0.041665
54.367778 0.041676
54.409436 0.041658
54.451174 0.041738
54.492762 0.041589
54.534437 0.041675
54.576100 0.041663
54.617732 0.041632
54.659436 0.041704
54.701105 0.041670
54.742765 0.041659
54.784432 0.041668
54.826099 0.041667
54.867763 0.041664
54.909429 0.041666
54.951105 0.041676
54.992764 0.041659
55.034434 0.041669
55.076102 0.041668
55.117768 0.041666
55.159437 0.041669
55.201112 0.041674
55.242770 0.041658
55.284443 0.041673
55.326107 0.041664
55.367764 0.041657
55.409401 0.041637
55.451109 0.041708
55.492766 0.041657
55.534433 0.041667
55.576105 0.041671
55.617766 0.041661
55.659444 0.041678
55.701104 0.041660
55.742768 0.041665
55.784396 0.041628
55.826109 0.041713
55.867769 0.041660
55.909438 0.041669
55.951106 0.041668
55.992764 0.041659
56.034436 0.041672
56.076101 0.041665
56.117764 0.041663
56.159408 0.041644
56.201103 0.041695
56.242767 0.041663
56.284437 0.041670
56.326101 0.041665
56.367767 0.041666
56.409438 0.041671
56.451108 0.041670
56.492765 0.041657
56.534442 0.041677
56.576103 0.041661
56.617770 0.041666
56.659435 0.041665
56.701100 0.041666
56.742764 0.041663
56.784438 0.041674
56.826104 0.041666
56.867765 0.041661
56.909437 0.041672
56.951073 0.041636
56.992769 0.041697
57.034431 0.041662
57.076102 0.041671
57.117775 0.041673
57.159442 0.041667
57.201104 0.041662
57.242779 0.041675
57.284425 0.041646
57.326110 0.041685
57.367765 0.041655
57.409445 0.041680
57.451106 0.041661
57.492781 0.041675
57.534439 0.041658
57.576105 0.041665
57.617767 0.041662
57.659437 0.041670
57.701106 0.041669
57.742732 0.041626
57.784437 0.041704
57.826129 0.041692
57.867769 0.041640
57.909420 0.041651
57.951107 0.041687
57.992779 0.041672
58.034439 0.041660
58.076105 0.041667
58.117764 0.041659
58.159428 0.041663
58.201103 0.041675
58.242766 0.041664
58.284440 0.041673
58.326107 0.041667
58.367772 0.041664
58.409438 0.041667
58.451109 0.041670
58.492733 0.041624
58.534393 0.041660
58.576069 0.041676
58.617744 0.041674
58.659405 0.041661
58.701069 0.041664
58.742733 0.041664
58.784403 0.041670
58.826071 0.041668
58.867730 0.041659
58.909410 0.041680
58.951065 0.041655
58.992770 0.041705
59.034432 0.041662
59.076105 0.041673
59.117767 0.041662
59.159435 0.041668
59.201106 0.041670
59.242766 0.041660
59.284446 0.041680
59.326101 0.041655
59.367764 0.041663
59.409394 0.041630
59.451106 0.041712
59.492769 0.041663
59.534370 0.041601
59.576033 0.041663
59.617658 0.041625
59.680029 0.062371
59.765950 0.085921
59.844621 0.078671
59.877475 0.032854
59.932657 0.055183
60.006984 0.074327
60.109788 0.102804
60.166205 0.056417
60.224352 0.058147
60.294849 0.070497
60.362182 0.067333
60.420024 0.057842
60.474925 0.054901
60.571466 0.096542
60.623008 0.051541
60.689314 0.066306
60.748508 0.059194
60.818499 0.069991
60.875979 0.057481
60.958297 0.082317
60.992697 0.034400
61.079203 0.086507
61.131164 0.051961
61.193167 0.062003
61.251778 0.058610
61.310825 0.059047
61.404878 0.094053
61.468689 0.063810
61.510365 0.041677
61.569659 0.059294
61.639004 0.069345
61.712600 0.073596
61.772933 0.060333
61.851436 0.078503
61.889912 0.038476
61.963166 0.073254
62.047479 0.084312
62.102230 0.054751
62.157554 0.055324
62.208980 0.051427
62.266666 0.057685
62.321825 0.055159
62.385614 0.063789
62.441257 0.055643
62.510105 0.068848
62.561003 0.050898
62.636214 0.075211
62.672154 0.035940
62.741141 0.068987
62.823385 0.082245
62.867699 0.044314
62.928138 0.060439
62.991959 0.063821
63.038740 0.046781
63.099701 0.060961
63.152103 0.052402
63.216771 0.064667
63.267184 0.050413
63.342840 0.075656
63.379752 0.036912
63.419929 0.040177
63.482028 0.062099
63.537228 0.055200
63.628421 0.091193
63.667620 0.039199
63.724878 0.057257
63.788427 0.063550
63.834163 0.045736
63.894850 0.060687
63.961009 0.066159
63.992696 0.031688
64.062453 0.069756
64.112364 0.049911
64.162324 0.049960
64.219976 0.057652
64.287319 0.067343
64.327593 0.040274
64.385408 0.057815
64.436553 0.051145
64.489460 0.052907
64.543029 0.053569
64.576039 0.033010
64.617697 0.041658
64.661259 0.043562
64.701039 0.039780
64.746567 0.045528
64.802189 0.055622
64.848680 0.046492
64.897389 0.048709
64.958765 0.061376
65.007278 0.048513
65.066220 0.058942
65.137700 0.071480
65.197123 0.059422
65.238236 0.041113
65.285833 0.047597
65.353832 0.067998
65.410916 0.057085
65.451036 0.040119
65.509992 0.058957
65.575151 0.065159
65.621568 0.046416
65.659365 0.037797
65.701033 0.041668
65.742700 0.041667
65.799006 0.056306
65.850882 0.051876
65.959746 0.108864
65.992699 0.032954
66.067779 0.075080
66.130884 0.063105
66.193040 0.062156
66.253758 0.060718
66.314102 0.060344
66.375325 0.061223
66.431127 0.055802
66.533447 0.102320
66.576041 0.042594
66.632189 0.056148
66.684762 0.052573
66.723707 0.038946
66.767075 0.043368
66.824070 0.056995
66.875454 0.051385
66.909370 0.033916
66.958209 0.048839
67.011640 0.053431
67.077204 0.065564
67.132505 0.055301
67.174566 0.042061
67.233498 0.058932
67.293579 0.060081
67.333758 0.040179
67.389014 0.055256
67.447331 0.058316
67.505460 0.058129
67.566311 0.060851
67.613936 0.047625
67.654885 0.040950
67.728773 0.073887
67.755350 0.026578
67.818289 0.062938
67.864616 0.046327
67.912041 0.047425
67.969362 0.057321
68.023056 0.053694
68.076251 0.053196
68.132688 0.056437
68.160899 0.028211
68.203504 0.042605
68.257313 0.053809
68.312652 0.055338
68.379515 0.066863
68.420813 0.041298
68.470490 0.049677
68.529414 0.058923
68.577677 0.048263
68.650264 0.072587
68.704363 0.054099
68.765047 0.060684
68.851270 0.086222
68.871831 0.020561
68.970216 0.098385
69.025029 0.054813
69.086876 0.061847
69.141732 0.054856
69.196397 0.054664
69.279851 0.083455
69.326034 0.046183
69.387486 0.061452
69.470726 0.083240
69.509871 0.039145
69.593392 0.083520
69.642010 0.048618
69.695996 0.053986
69.713589 0.017593
69.764899 0.051311
69.831986 0.067087
69.882008 0.050021
69.919444 0.037436
69.977279 0.057836
70.043417 0.066138
70.088446 0.045029
70.141359 0.052913
70.198895 0.057536
70.242708 0.043813
70.289353 0.046646
70.333753 0.044399
70.393172 0.059419
70.437315 0.044144
70.483350 0.046035
70.547427 0.064077
70.596693 0.049266
70.647989 0.051296
70.708468 0.060479
70.742699 0.034231
70.826329 0.083630
70.872368 0.046039
70.928478 0.056109
70.990466 0.061989
71.038688 0.048222
71.119388 0.080700
71.171414 0.052026
71.220246 0.048832
71.261206 0.040960
71.314542 0.053336
71.361203 0.046661
71.418196 0.056993
71.506675 0.088480
71.534378 0.027703
71.583028 0.048650
71.637346 0.054318
71.682785 0.045440
71.728809 0.046024
71.788508 0.059698
71.839088 0.050581
71.867700 0.028612
71.925246 0.057546
71.968197 0.042951
72.008489 0.040292
72.058414 0.049926
72.076032 0.017617
72.134038 0.058007
72.216255 0.082217
72.263571 0.047316
72.297323 0.033752
72.357912 0.060589
72.414974 0.057061
72.451033 0.036060
72.492701 0.041668
72.539606 0.046905
72.584693 0.045086
72.627051 0.042359
72.659366 0.032315
72.711315 0.051949
72.763411 0.052096
72.784363 0.020952
72.829680 0.045317
72.881129 0.051449
72.920316 0.039187
72.977134 0.056817
73.012299 0.035165
73.064112 0.051814
73.095323 0.031210
73.155177 0.059854
73.201031 0.045854
73.257698 0.056667
73.320275 0.062577
73.376482 0.056207
73.435076 0.058593
73.487770 0.052695
73.534366 0.046595
73.576039 0.041673
73.617707 0.041668
73.671828 0.054121
73.716784 0.044956
73.771979 0.055195
73.816749 0.044770
73.878087 0.061337
73.935527 0.057441
73.976375 0.040847
73.992698 0.016324
74.064372 0.071674
74.129859 0.065487
74.193434 0.063575
74.224504 0.031071
74.283808 0.059304
74.326037 0.042229
74.372360 0.046323
74.428160 0.055800
74.483688 0.055528
74.544244 0.060556
74.593038 0.048794
74.617700 0.024663
74.665699 0.047998
74.727747 0.062048
74.777394 0.049647
74.827228 0.049834
74.875295 0.048067
74.918751 0.043456
74.970535 0.051784
75.028325 0.057790
75.039817 0.011492
75.076033 0.036216
75.117699 0.041667
75.159367 0.041668
75.201032 0.041665
75.242700 0.041668
75.284367 0.041667
75.326031 0.041664
75.367698 0.041667
75.409366 0.041669
75.451036 0.041670
75.492708 0.041672
75.534366 0.041657
75.576040 0.041674
75.617707 0.041668
75.659367 0.041659
75.701037 0.041670
75.742700 0.041663
75.784379 0.041679
75.847039 0.062661
75.880030 0.032991
75.943412 0.063382
75.992698 0.049285
76.034365 0.041668
76.077933 0.043567
76.123236 0.045304
76.175210 0.051974
76.206798 0.031587
76.276777 0.069979
76.293428 0.016651
76.346726 0.053298
76.398207 0.051481
76.456187 0.057979
76.527953 0.071766
76.571098 0.043145
76.610004 0.038907
76.669873 0.059868
76.701030 0.031157
76.748616 0.047587
76.790604 0.041987
76.826033 0.035429
76.870186 0.044153
76.922366 0.052180
76.978022 0.055656
77.035926 0.057904
77.081589 0.045664
77.143061 0.061472
77.187042 0.043981
77.228230 0.041187
77.276104 0.047874
77.336244 0.060140
77.372537 0.036293
77.423674 0.051137
77.483270 0.059595
77.534579 0.051309
77.576035 0.041456
77.623064 0.047029
77.659374 0.036311
77.722177 0.062803
77.742695 0.020518
77.799425 0.056730
77.830843 0.031419
77.894069 0.063226
77.939984 0.045914
77.989966 0.049983
78.045706 0.055740
78.102026 0.056320
78.138210 0.036184
78.159366 0.021156
78.256278 0.096912
78.284370 0.028091
78.326032 0.041662
78.367702 0.041670
78.416339 0.048637
78.462794 0.046455
78.517144 0.054350
78.572789 0.055645
78.633883 0.061094
78.681742 0.047859
78.741439 0.059697
78.778689 0.037250
78.838063 0.059374
78.875771 0.037708
78.909365 0.033594
78.954609 0.045244
79.000079 0.045469
79.048035 0.047956
79.110035 0.062001
79.164769 0.054733
79.216901 0.052132
79.250002 0.033101
79.312940 0.062938
79.368266 0.055327
79.426550 0.058284
79.467698 0.041147
79.539281 0.071583
79.589274 0.049993
79.617698 0.028424
79.659374 0.041676
79.713072 0.053698
79.763461 0.050389
79.797608 0.034147
79.851107 0.053499
79.894143 0.043036
79.964012 0.069869
80.009361 0.045349
80.047225 0.037864
80.085729 0.038504
80.119113 0.033384
80.159367 0.040255
80.201036 0.041668
80.252119 0.051083
80.284363 0.032244
80.326038 0.041675
80.367696 0.041658
80.409366 0.041670
80.451040 0.041674
80.492709 0.041669
80.534364 0.041655
80.576032 0.041668
80.617701 0.041669
80.659369 0.041668
80.701036 0.041667
80.742703 0.041667
80.784365 0.041663
80.826031 0.041666
80.867697 0.041666
80.909365 0.041667
80.951032 0.041667
80.992701 0.041669
81.034370 0.041669
81.076035 0.041665
81.117703 0.041668
81.159370 0.041667
81.201038 0.041668
81.242702 0.041664
81.284368 0.041666
81.326036 0.041668
81.367703 0.041666
81.409368 0.041665
81.451034 0.041666
81.492702 0.041668
81.534365 0.041664
81.576035 0.041670
81.617700 0.041666
81.659367 0.041666
81.701032 0.041665
81.742702 0.041670
81.784366 0.041664
81.826033 0.041667
81.873946 0.047913
81.952879 0.078932
82.032372 0.079493
82.076031 0.043660
82.117697 0.041666
82.198133 0.080436
82.260470 0.062337
82.348071 0.087601
82.385118 0.037047
82.453959 0.068841
82.531215 0.077256
82.592506 0.061292
82.690257 0.097751
82.751970 0.061713
82.809017 0.057047
82.873161 0.064144
82.949715 0.076554
82.999878 0.050164
83.083332 0.083454
83.137469 0.054136
83.210286 0.072818
83.268490 0.058203
83.340654 0.072164
83.383915 0.043261
83.440068 0.056153
83.495281 0.055213
83.554042 0.058761
83.576036 0.021994
83.617698 0.041661
83.659365 0.041667
83.701030 0.041665
83.742699 0.041669
83.784365 0.041667
83.826040 0.041674
83.867698 0.041658
83.909372 0.041674
83.951030 0.041658
83.992698 0.041668
84.034365 0.041667
84.120752 0.086387
84.159375 0.038623
84.201031 0.041656
84.252945 0.051913
84.347776 0.094831
84.367699 0.019923
84.451312 0.083613
84.492699 0.041387
84.569875 0.077176
84.604193 0.034319
84.641699 0.037505
84.700210 0.058511
84.757756 0.057546
84.840001 0.082246
84.867701 0.027699
84.932897 0.065196
84.974323 0.041426
85.039749 0.065426
85.089592 0.049843
85.145220 0.055628
85.195128 0.049908
85.256746 0.061618
85.326156 0.069410
85.384033 0.057877
85.442005 0.057972
85.533234 0.091229
85.599338 0.066104
85.685490 0.086152
85.717124 0.031634
85.776071 0.058948
85.841086 0.065015
85.930050 0.088964
85.987285 0.057234
86.040859 0.053575
86.101675 0.060815
86.173114 0.071440
86.263490 0.090376
86.352804 0.089314
86.399312 0.046508
86.458054 0.058742
86.504951 0.046897
86.588811 0.083860
86.654856 0.066045
86.695631 0.040775
86.755047 0.059416
86.809801 0.054753
86.863058 0.053258
86.977301 0.114243
87.017972 0.040671
87.076552 0.058580
87.124590 0.048038
87.171396 0.046805
87.236157 0.064761
87.286339 0.050182
87.344140 0.057801
87.380422 0.036282
87.445389 0.064968
87.508447 0.063057
87.555845 0.047398
87.599221 0.043375
87.652710 0.053490
87.709374 0.056664
87.771086 0.061712
87.812725 0.041639
87.837756 0.025031
87.904955 0.067199
87.951035 0.046079
87.992700 0.041666
88.034368 0.041668
88.076032 0.041664
88.117701 0.041669
88.159368 0.041666
88.201032 0.041664
88.242701 0.041669
88.284368 0.041668
88.326031 0.041663
88.367707 0.041675
88.411273 0.043566
88.451032 0.039759
88.518769 0.067737
88.559287 0.040518
88.577011 0.017724
88.622866 0.045855
88.686222 0.063356
88.737721 0.051499
88.773952 0.036231
88.786734 0.012781
88.850161 0.063427
88.913802 0.063641
88.951036 0.037234
88.992696 0.041661
89.034365 0.041669
89.085507 0.051142
89.117699 0.032193
89.159366 0.041666
89.201042 0.041676
89.244662 0.043620
89.289247 0.044585
89.326032 0.036785
89.367705 0.041673
89.443249 0.075544
89.480986 0.037737
89.555543 0.074557
89.585778 0.030235
89.643485 0.057707
89.702602 0.059117
89.742698 0.040096
89.799603 0.056905
89.856522 0.056919
89.905515 0.048992
89.966049 0.060534
90.024622 0.058573
90.080254 0.055633
90.124586 0.044332
90.191615 0.067029
90.246700 0.055085
90.298818 0.052118
90.349674 0.050856
90.408964 0.059290
90.469454 0.060491
90.526750 0.057296
90.577145 0.050395
90.627080 0.049935
90.680628 0.053548
90.726996 0.046368
90.742702 0.015706
90.784369 0.041667
90.826034 0.041665
90.867701 0.041667
90.909368 0.041667
90.951033 0.041665
90.992701 0.041668
91.034368 0.041668
91.076034 0.041665
91.117698 0.041665
91.159365 0.041667
91.201034 0.041669
91.242685 0.041651
91.284367 0.041683
91.326034 0.041667
91.367702 0.041668
91.409365 0.041663
91.451032 0.041667
91.492699 0.041667
91.534364 0.041665
91.576031 0.041667
91.617702 0.041671
91.659369 0.041667
91.701033 0.041664
91.742701 0.041668
91.784365 0.041664
91.826032 0.041667
91.867699 0.041667
91.912828 0.045129
91.951033 0.038205
92.012465 0.061433
92.053764 0.041299
92.154885 0.101120
92.201034 0.046150
92.253881 0.052847
92.294815 0.040934
92.357624 0.062808
92.411982 0.054358
92.478190 0.066208
92.533460 0.055270
92.591061 0.057601
92.637752 0.046691
92.686224 0.048472
92.748432 0.062208
92.794475 0.046043
92.861293 0.066818
92.916401 0.055108
92.981785 0.065384
93.035068 0.053283
93.084025 0.048957
93.129332 0.045307
93.169415 0.040082
93.247894 0.078479
93.290860 0.042966
93.344296 0.053437
93.395527 0.051231
93.450701 0.055174
93.498912 0.048211
93.547924 0.049012
93.587908 0.039984
93.617697 0.029789
93.659369 0.041673
93.739177 0.079808
93.758260 0.019083
93.815915 0.057655
93.867592 0.051678
93.909372 0.041780
93.966494 0.057122
93.994728 0.028234
94.046192 0.051464
94.102106 0.055915
94.140039 0.037932
94.178823 0.038784
94.237503 0.058680
94.297766 0.060263
94.337083 0.039317
94.388455 0.051373
94.420369 0.031913
94.472067 0.051699
94.514466 0.042399
94.575105 0.060639
94.617705 0.042600
94.661415 0.043710
94.715017 0.053602
94.762610 0.047593
94.784371 0.021761
94.837398 0.053027
94.886163 0.048765
94.937492 0.051330
95.013500 0.076008
95.071832 0.058331
95.131233 0.059401
95.159366 0.028133
95.201034 0.041668
95.251307 0.050273
95.321983 0.070676
95.376995 0.055012
95.414194 0.037199
95.478750 0.064556
95.531867 0.053116
95.587327 0.055460
95.617701 0.030374
95.764084 0.146384
95.814623 0.050539
95.882916 0.068293
95.938759 0.055843
96.040096 0.101336
96.135971 0.095875
96.166620 0.030649
96.279876 0.113256
96.383393 0.103517
96.432141 0.048748
96.474495 0.042354
96.584264 0.109769
96.644991 0.060727
96.705709 0.060718
96.771282 0.065573
96.856789 0.085507
96.884005 0.027216
96.970336 0.086331
97.034491 0.064155
97.077663 0.043172
97.126515 0.048851
97.179027 0.052512
97.238091 0.059064
97.306926 0.068835
97.392852 0.085926
97.416942 0.024089
97.473247 0.056305
97.530124 0.056877
97.594506 0.064383
97.683291 0.088784
97.722487 0.039196
97.785448 0.062961
97.845925 0.060478
97.902345 0.056420
97.957703 0.055358
98.002223 0.044520
98.053679 0.051456
98.112024 0.058346
98.176305 0.064281
98.239468 0.063164
98.287008 0.047540
98.334200 0.047191
98.421210 0.087010
98.483128 0.061919
98.538026 0.054898
98.589309 0.051283
98.650555 0.061246
98.735231 0.084676
98.773388 0.038158
98.836025 0.062637
98.885436 0.049410
98.928112 0.042676
98.992762 0.064650
99.043204 0.050441
99.091081 0.047877
99.168651 0.077570
99.213104 0.044453
99.273052 0.059948
99.312811 0.039759
99.363675 0.050863
99.422720 0.059045
99.503062 0.080342
99.549866 0.046804
99.585568 0.035702
99.636513 0.050945
99.659365 0.022852
99.726696 0.067330
99.807159 0.080463
99.844379 0.037221
99.881600 0.037221
99.909378 0.027778
99.958899 0.049521
100.001629 0.042729
100.056877 0.055249
100.076032 0.019154
100.119318 0.043286
100.171390 0.052072
100.229334 0.057943
100.281913 0.052579
100.326039 0.044126
100.383137 0.057098
100.428411 0.045274
100.465173 0.036761
100.509311 0.044139
100.562350 0.053039
100.611135 0.048785
100.673769 0.062634
100.728808 0.055039
100.768830 0.040022
100.827297 0.058467
100.877991 0.050694
100.927288 0.049297
100.983054 0.055766
101.033453 0.050399
101.077397 0.043945
101.136227 0.058829
101.191739 0.055512
101.245366 0.053627
101.284366 0.039000
101.341752 0.057386
101.389357 0.047604
101.429546 0.040189
101.517282 0.087736
101.577237 0.059955
101.634707 0.057469
101.661065 0.026358
101.723243 0.062178
101.762538 0.039295
101.835118 0.072580
101.890918 0.055800
101.909370 0.018451
101.977598 0.068229
102.044287 0.066689
102.085690 0.041403
102.136037 0.050347
102.207440 0.071403
102.248158 0.040718
102.297237 0.049078
102.355041 0.057804
102.372780 0.017739
102.427286 0.054507
102.484704 0.057418
102.540632 0.055928
102.581921 0.041289
102.622426 0.040505
102.673221 0.050795
102.721432 0.048211
102.762788 0.041356
102.816125 0.053337
102.860318 0.044193
102.867704 0.007386
102.909379 0.041675
102.951036 0.041657
102.992698 0.041662
103.034364 0.041666
103.076031 0.041667
103.117702 0.041670
103.159365 0.041663
103.201046 0.041681
103.242703 0.041657
103.284362 0.041659
103.326031 0.041669
103.367699 0.041667
103.459924 0.092225
103.497356 0.037432
103.559184 0.061828
103.576029 0.016845
103.659288 0.083260
103.705217 0.045929
103.764196 0.058978
103.803204 0.039009
103.872831 0.069627
103.926376 0.053545
103.952226 0.025850
103.999473 0.047247
104.041700 0.042227
104.094162 0.052462
104.144444 0.050282
104.191490 0.047046
104.255805 0.064316
104.303087 0.047282
104.359678 0.056591
104.390574 0.030895
104.439138 0.048565
104.494494 0.055355
104.535630 0.041136
104.576037 0.040408
104.646607 0.070570
104.685792 0.039185
104.739471 0.053680
104.784372 0.044901
104.826033 0.041660
104.867702 0.041670
104.912390 0.044688
104.964146 0.051755
105.028892 0.064746
105.076037 0.047145
105.117696 0.041659
105.159372 0.041675
105.201031 0.041659
105.249805 0.048774
105.312749 0.062943
105.351878 0.039129
105.401474 0.049596
105.463224 0.061749
105.518487 0.055264
105.568219 0.049731
105.628488 0.060270
105.676697 0.048209
105.732529 0.055832
105.783735 0.051206
105.833116 0.049381
105.889738 0.056622
105.927851 0.038113
105.988324 0.060473
106.040814 0.052490
106.089589 0.048775
106.145286 0.055698
106.201946 0.056660
106.256810 0.054864
106.325593 0.068783
106.367698 0.042105
106.409366 0.041668
106.455054 0.045688
106.513309 0.058255
106.575328 0.062018
106.625587 0.050259
106.683880 0.058293
106.741355 0.057475
106.792494 0.051139
106.833770 0.041276
106.882888 0.049118
106.938459 0.055570
106.983999 0.045540
107.043626 0.059627
107.093592 0.049967
107.141735 0.048143
107.159365 0.017630
107.248458 0.089093
107.288660 0.040202
107.326039 0.037379
107.367701 0.041662
107.430726 0.063025
107.471578 0.040852
107.504727 0.033149
107.634293 0.129566
107.703949 0.069656
107.781509 0.077559
107.832232 0.050723
107.878410 0.046178
107.961392 0.082982
108.020797 0.059405
108.066833 0.046036
108.122637 0.055803
108.180602 0.057965
108.264030 0.083429
108.310835 0.046805
108.379809 0.068974
108.427248 0.047438
108.510110 0.082863
108.573933 0.063823
108.625666 0.051733
108.708149 0.082483
108.743075 0.034926
108.815317 0.072243
108.863439 0.048122
108.898164 0.034725
108.960568 0.062404
109.083644 0.123076
109.128287 0.044644
109.201667 0.073379
109.242701 0.041035
109.299506 0.056805
109.359881 0.060375
109.412984 0.053103
109.471293 0.058309
109.516003 0.044710
109.576034 0.060030
109.632575 0.056542
109.681059 0.048484
109.727948 0.046889
109.802403 0.074455
109.855414 0.053012
109.903944 0.048530
109.951040 0.047096
110.007372 0.056332
110.059430 0.052057
110.116672 0.057242
110.159369 0.042697
110.201034 0.041665
110.248777 0.047744
110.304275 0.055497
110.326039 0.021764
110.367705 0.041667
110.427495 0.059790
110.478250 0.050755
110.515052 0.036801
110.563161 0.048110
110.591081 0.027920
110.617700 0.026618
110.706010 0.088310
110.742704 0.036694
110.804881 0.062177
110.862889 0.058008
110.893835 0.030946
110.945930 0.052095
111.017715 0.071785
111.120787 0.103072
111.176397 0.055610
111.239469 0.063072
111.293591 0.054122
111.346310 0.052719
111.406604 0.060294
111.465448 0.058844
111.564605 0.099158
111.621071 0.056466
111.685754 0.064682
111.741342 0.055589
111.807643 0.066300
111.875592 0.067949
111.912966 0.037374
111.977068 0.064102
112.021481 0.044413
112.083017 0.061536
112.171948 0.088931
112.234663 0.062715
112.322401 0.087738
112.371716 0.049315
112.409367 0.037651
112.508056 0.098689
112.575491 0.067435
112.630519 0.055028
112.692947 0.062427
112.748241 0.055294
112.814569 0.066328
112.869263 0.054694
112.946198 0.076935
113.011270 0.065071
113.068999 0.057730
113.131115 0.062116
113.194026 0.062911
113.279566 0.085540
113.326036 0.046471
113.377267 0.051230
113.453141 0.075874
113.512628 0.059488
113.568766 0.056138
113.627714 0.058948
113.696815 0.069101
113.769916 0.073101
113.814541 0.044625
113.900372 0.085831
113.929409 0.029037
113.993619 0.064211
114.043494 0.049874
114.112481 0.068988
114.211202 0.098721
114.274015 0.062813
114.335992 0.061977
114.389344 0.053352
114.432579 0.043235
114.491957 0.059378
114.547480 0.055523
114.588556 0.041076
114.650670 0.062114
114.743430 0.092760
114.784370 0.040940
114.841853 0.057483
114.930798 0.088945
114.987392 0.056595
115.034700 0.047307
115.107077 0.072378
115.127983 0.020906
115.195894 0.067911
115.249378 0.053483
115.305668 0.056290
115.343840 0.038172
115.405922 0.062082
115.463775 0.057853
115.541109 0.077334
115.576038 0.034929
115.631268 0.055230
115.693544 0.062277
115.742700 0.049156
115.784368 0.041668
115.826041 0.041674
115.877056 0.051014
115.909374 0.032318
115.963996 0.054622
116.014770 0.050774
116.071888 0.057118
116.107840 0.035952
116.127310 0.019470
116.190879 0.063569
116.251417 0.060538
116.309616 0.058199
116.328462 0.018846
116.405495 0.077033
116.461820 0.056325
116.500843 0.039023
116.550247 0.049405
116.603207 0.052960
116.661431 0.058224
116.701033 0.039602
116.742705 0.041672
116.788639 0.045934
116.834060 0.045421
116.892810 0.058750
116.923613 0.030803
116.969862 0.046250
117.028670 0.058808
117.086295 0.057624
117.168637 0.082342
117.227853 0.059216
117.257518 0.029666
117.333801 0.076283
117.399825 0.066025
117.452867 0.053042
117.539709 0.086842
117.588425 0.048715
117.617700 0.029275
117.677619 0.059919
117.739814 0.062196
117.793591 0.053777
117.845555 0.051964
117.902403 0.056848
117.996217 0.093814
118.034363 0.038146
118.139639 0.105277
118.172336 0.032696
118.224458 0.052123
118.289633 0.065174
118.360958 0.071325
118.417959 0.057001
118.481345 0.063387
118.580169 0.098824
118.622261 0.042093
118.675978 0.053717
118.768731 0.092753
118.819259 0.050529
118.916352 0.097092
118.951038 0.034686
118.999515 0.048476
119.034365 0.034850
119.089822 0.055457
119.150829 0.061007
119.175619 0.024790
119.227430 0.051810
119.279852 0.052423
119.335556 0.055704
119.398113 0.062557
119.476234 0.078121
119.515829 0.039595
119.534371 0.018542
119.576104 0.041732
119.617770 0.041667
119.659406 0.041636
119.701063 0.041657
119.742738 0.041676
119.784394 0.041655
119.826070 0.041676
119.867744 0.041674
119.909404 0.041661
119.951066 0.041661
119.992755 0.041689
120.034406 0.041651
120.076069 0.041663
120.117745 0.041676
120.159398 0.041654
120.201002 0.041604
120.242782 0.041780
120.284416 0.041634
120.326099 0.041684
120.367771 0.041671
120.409443 0.041673
120.451114 0.041671
120.492764 0.041649
120.534422 0.041658
120.576109 0.041687
120.617768 0.041658
120.659415 0.041648
120.701111 0.041696
120.742706 0.041595
120.784439 0.041733
120.826111 0.041672
120.867776 0.041665
120.909419 0.041643
120.951104 0.041685
120.992744 0.041640
121.034441 0.041697
121.076115 0.041675
121.117742 0.041627
121.159420 0.041678
121.201087 0.041667
121.242777 0.041690
121.284420 0.041643
121.326114 0.041694
121.367734 0.041619
121.409418 0.041685
121.451117 0.041698
121.492770 0.041653
121.534444 0.041674
121.576102 0.041658
121.617768 0.041666
121.659442 0.041674
121.701102 0.041660
121.742780 0.041678
121.784443 0.041663
121.826111 0.041668
121.867776 0.041665
121.909443 0.041667
121.951089 0.041647
121.992781 0.041691
122.034443 0.041662
122.076086 0.041644
122.117688 0.041601
122.159443 0.041755
122.201116 0.041673
122.242768 0.041652
122.284424 0.041656
122.326111 0.041687
122.367772 0.041661
122.409436 0.041664
122.451085 0.041649
122.492779 0.041693
122.534405 0.041627
122.576115 0.041709
122.617769 0.041654
122.659428 0.041658
122.701111 0.041683
122.742754 0.041643
122.784439 0.041684
122.826088 0.041649
122.867786 0.041698
122.909418 0.041632
122.951108 0.041689
122.992777 0.041670
123.034422 0.041645
123.076112 0.041690
123.117777 0.041666
123.159437 0.041659
123.201087 0.041650
123.242782 0.041695
123.284440 0.041658
123.326077 0.041637
123.367769 0.041692
123.409424 0.041655
123.451114 0.041690
123.492769 0.041656
123.534421 0.041652
123.576116 0.041695
123.617769 0.041654
123.659444 0.041674
123.701079 0.041635
123.742769 0.041691
123.784442 0.041672
123.826101 0.041660
123.867774 0.041672
123.909437 0.041664
123.951116 0.041678
123.992767 0.041651
124.034402 0.041635
124.076102 0.041700
124.117757 0.041655
124.159397 0.041640
124.201075 0.041679
124.242781 0.041705
124.284420 0.041640
124.326100 0.041680
124.367766 0.041665
124.409438 0.041672
124.451115 0.041676
124.492743 0.041628
124.534422 0.041679
124.576113 0.041691
124.617781 0.041668
124.659435 0.041654
124.701112 0.041677
124.742766 0.041654
124.784439 0.041673
124.826104 0.041665
124.867771 0.041667
124.909439 0.041668
124.951101 0.041662
124.992757 0.041656
125.034395 0.041638
125.076072 0.041677
125.117782 0.041710
125.159447 0.041665
125.201117 0.041670
125.242773 0.041657
125.284448 0.041674
125.326104 0.041656
125.367785 0.041681
125.409445 0.041660
125.451105 0.041660
125.492778 0.041673
125.534421 0.041643
125.576112 0.041690
125.617767 0.041655
125.659427 0.041660
125.701114 0.041688
125.742781 0.041667
125.784410 0.041629
125.826080 0.041670
125.867743 0.041663
125.909405 0.041662
125.951080 0.041675
125.992735 0.041655
126.034409 0.041674
126.076064 0.041655
126.117748 0.041683
126.159401 0.041653
126.201071 0.041671
126.242711 0.041639
126.284427 0.041716
126.326102 0.041675
126.367754 0.041653
126.409394 0.041640
126.451090 0.041696
126.492781 0.041691
126.534418 0.041637
126.576108 0.041690
126.617766 0.041658
126.659442 0.041676
126.701110 0.041669
126.742766 0.041655
126.784424 0.041659
126.826100 0.041675
126.867782 0.041682
126.909424 0.041642
126.951104 0.041680
126.992781 0.041677
127.034422 0.041641
127.076110 0.041689
127.117860 0.041750
127.159443 0.041583
127.201102 0.041659
127.242783 0.041681
127.284442 0.041659
127.326088 0.041646
127.367771 0.041683
127.409442 0.041671
127.451116 0.041674
127.492769 0.041653
127.534439 0.041670
127.576065 0.041626
127.617765 0.041700
127.659458 0.041693
127.701090 0.041632
127.742782 0.041692
127.784418 0.041636
127.826075 0.041657
127.867767 0.041692
127.909421 0.041654
127.951085 0.041663
127.992766 0.041681
128.034423 0.041657
128.076089 0.041666
128.117774 0.041686
128.159416 0.041642
128.201113 0.041697
128.242747 0.041634
128.284443 0.041696
128.326115 0.041671
128.367783 0.041668
128.409419 0.041636
128.451109 0.041690
128.492778 0.041669
128.534421 0.041643
128.576127 0.041706
128.617746 0.041619
128.659446 0.041700
128.701116 0.041670
128.742782 0.041666
128.784433 0.041651
128.826090 0.041657
128.867765 0.041675
128.909439 0.041674
128.951112 0.041673
128.992783 0.041671
129.034426 0.041643
129.076103 0.041677
129.117728 0.041626
129.159441 0.041713
129.201099 0.041658
129.242780 0.041681
129.284442 0.041662
129.326158 0.041716
129.367785 0.041628
129.409444 0.041658
129.451116 0.041672
129.492765 0.041649
129.534438 0.041673
129.576088 0.041649
129.617784 0.041696
129.659441 0.041657
129.701102 0.041661
129.742768 0.041667
129.784444 0.041675
129.826069 0.041625
129.867770 0.041701
129.909422 0.041652
129.951096 0.041675
129.992781 0.041685
130.034439 0.041658
130.076088 0.041649
130.117772 0.041684
130.159443 0.041671
130.201102 0.041659
130.242780 0.041678
130.284440 0.041659
130.326112 0.041672
130.367770 0.041658
130.409440 0.041670
130.451116 0.041676
130.492779 0.041663
130.534425 0.041646
130.576117 0.041692
130.617770 0.041653
130.659441 0.041671
130.701116 0.041675
130.742769 0.041653
130.784444 0.041674
130.826096 0.041653
130.867779 0.041683
130.909407 0.041628
130.951062 0.041654
130.992747 0.041686
131.034409 0.041662
131.076080 0.041670
131.117737 0.041657
131.159401 0.041663
131.201068 0.041667
131.242736 0.041668
131.284374 0.041638
131.326036 0.041661
131.367771 0.041736
131.409428 0.041656
131.451108 0.041680
131.492784 0.041676
131.534418 0.041634
131.576113 0.041695
131.617772 0.041659
131.659417 0.041645
131.701112 0.041695
131.742770 0.041658
131.784442 0.041673
131.826094 0.041651
131.867794 0.041700
131.909442 0.041649
131.951097 0.041654
131.992771 0.041675
132.034403 0.041631
132.076105 0.041703
132.117768 0.041662
132.159431 0.041664
132.201118 0.041687
132.242747 0.041629
132.284422 0.041674
132.326101 0.041679
132.367688 0.041587
132.409419 0.041731
132.451103 0.041684
132.492767 0.041664
132.534443 0.041675
132.576116 0.041673
132.617768 0.041653
132.659441 0.041673
132.701085 0.041644
132.742766 0.041681
132.784404 0.041638
132.826087 0.041684
132.867781 0.041694
132.909433 0.041651
132.951117 0.041685
132.992758 0.041640
133.034419 0.041661
133.076085 0.041666
133.117741 0.041656
133.159428 0.041687
133.201084 0.041655
133.242776 0.041692
133.284439 0.041664
133.326125 0.041686
133.367742 0.041617
133.409443 0.041701
133.451108 0.041665
133.492770 0.041662
133.534443 0.041673
133.576117 0.041673
133.617780 0.041663
133.659420 0.041640
133.701072 0.041653
133.742769 0.041697
133.784445 0.041676
133.826115 0.041670
133.867769 0.041655
133.909447 0.041677
133.951097 0.041650
133.992779 0.041682
134.034423 0.041644
134.076062 0.041639
134.117768 0.041706
134.159434 0.041666
134.201127 0.041692
134.242766 0.041640
134.284420 0.041654
134.326099 0.041679
134.367770 0.041671
134.409433 0.041663
134.451100 0.041667
134.492769 0.041669
134.534461 0.041692
134.576119 0.041659
134.617770 0.041651
134.659442 0.041671
134.701099 0.041657
134.742767 0.041668
134.784444 0.041677
134.826084 0.041640
134.867785 0.041701
134.909423 0.041638
134.951104 0.041681
134.992779 0.041676
135.034428 0.041648
135.076076 0.041649
135.117783 0.041707
135.159424 0.041641
135.201118 0.041694
135.242767 0.041649
135.284420 0.041653
135.326113 0.041694
135.367782 0.041668
135.409432 0.041650
135.451082 0.041651
135.492756 0.041673
135.534439 0.041683
135.576071 0.041632
135.617765 0.041694
135.659439 0.041674
135.701098 0.041660
135.742726 0.041628
135.784400 0.041674
135.826112 0.041712
135.867766 0.041654
135.909421 0.041655
135.951111 0.041690
135.992741 0.041630
136.034441 0.041700
136.076099 0.041658
136.117767 0.041668
136.159443 0.041676
136.201103 0.041660
136.242766 0.041663
136.284448 0.041681
136.326099 0.041652
136.367782 0.041683
136.409441 0.041659
136.451089 0.041648
136.492779 0.041690
136.534409 0.041631
136.576065 0.041656
136.617742 0.041676
136.659393 0.041652
136.701061 0.041668
136.742735 0.041674
136.784390 0.041655
136.826043 0.041652
136.867785 0.041742
136.909444 0.041659
136.951098 0.041654
136.992766 0.041668
137.034419 0.041653
137.076117 0.041698
137.117769 0.041651
137.159426 0.041657
137.201115 0.041690
137.242756 0.041641
137.284430 0.041674
137.326098 0.041667
137.367772 0.041675
137.409403 0.041631
137.451106 0.041703
137.492771 0.041665
137.534445 0.041673
137.576115 0.041671
137.617756 0.041641
137.659438 0.041681
137.701100 0.041663
137.742768 0.041668
137.784423 0.041655
137.826113 0.041689
137.867770 0.041658
137.909424 0.041653
137.951117 0.041693
137.992761 0.041644
138.034445 0.041685
138.076113 0.041667
138.117767 0.041654
138.159438 0.041671
138.201097 0.041659
138.242773 0.041676
138.284424 0.041650
138.326113 0.041689
138.367708 0.041595
138.409441 0.041734
138.451117 0.041676
138.492783 0.041666
138.534445 0.041662
138.576099 0.041654
138.617766 0.041667
138.659423 0.041657
138.701098 0.041674
138.742732 0.041634
138.784424 0.041692
138.826093 0.041669
138.867772 0.041679
138.909424 0.041652
138.951099 0.041675
138.992773 0.041674
139.034422 0.041648
139.076110 0.041688
139.117767 0.041657
139.159421 0.041654
139.201111 0.041690
139.242768 0.041657
139.284441 0.041673
139.326065 0.041624
139.367752 0.041687
139.409393 0.041641
139.451100 0.041707
139.492752 0.041651
139.534421 0.041670
139.576110 0.041689
139.617772 0.041662
139.659441 0.041668
139.701086 0.041645
139.742780 0.041695
139.784419 0.041639
139.826099 0.041680
139.867785 0.041686
139.909428 0.041642
139.951106 0.041678
139.992734 0.041628
140.034397 0.041663
140.076108 0.041711
140.117767 0.041659
140.159400 0.041633
140.201099 0.041699
140.242779 0.041680
140.284423 0.041644
140.326099 0.041676
140.367768 0.041669
140.409397 0.041629
140.451117 0.041720
140.492769 0.041652
140.534399 0.041630
140.576103 0.041704
140.617767 0.041664
140.659425 0.041658
140.701085 0.041660
140.742874 0.041789
140.784441 0.041567
140.826095 0.041654
140.867770 0.041675
140.909375 0.041605
140.951104 0.041729
140.992769 0.041664
141.034441 0.041673
141.076101 0.041660
141.117728 0.041627
141.159426 0.041698
141.201100 0.041674
141.242771 0.041670
141.284428 0.041657
141.326117 0.041689
141.367736 0.041619
141.409441 0.041704
141.451103 0.041663
141.492773 0.041670
141.534445 0.041672
141.576104 0.041659
141.617784 0.041680
141.659419 0.041635
141.701065 0.041645
141.742766 0.041702
141.784430 0.041664
141.826102 0.041672
141.867770 0.041667
141.909421 0.041652
141.951098 0.041676
141.992768 0.041671
142.034410 0.041642
142.076061 0.041651
142.117742 0.041682
142.159396 0.041654
142.201064 0.041668
142.242745 0.041680
142.284420 0.041675
142.326026 0.041606
142.367770 0.041745
142.409429 0.041659
142.451102 0.041673
142.492778 0.041675
142.534423 0.041645
142.576095 0.041672
142.617765 0.041670
142.659432 0.041667
142.701095 0.041663
142.742780 0.041685
142.784424 0.041644
142.826113 0.041690
142.867780 0.041666
142.909395 0.041615
142.951120 0.041724
142.992769 0.041650
143.034405 0.041636
143.076106 0.041701
143.117793 0.041687
143.159440 0.041647
143.201102 0.041662
143.242781 0.041679
143.284353 0.041572
143.326101 0.041747
143.367726 0.041625
143.409441 0.041715
143.451117 0.041676
143.492762 0.041645
143.534438 0.041676
143.576098 0.041660
143.617779 0.041681
143.659426 0.041647
143.701063 0.041636
143.742783 0.041720
143.784427 0.041644
143.826112 0.041684
143.867776 0.041664
143.909428 0.041652
143.951098 0.041670
143.992771 0.041672
144.034377 0.041606
144.076115 0.041739
144.117770 0.041655
144.159443 0.041673
144.201116 0.041673
144.242766 0.041650
144.284441 0.041674
144.326090 0.041650
144.367770 0.041680
144.409395 0.041625
144.451105 0.041709
144.492780 0.041675
144.534427 0.041647
144.576104 0.041677
144.617768 0.041664
144.659434 0.041666
144.701092 0.041659
144.742774 0.041681
144.784426 0.041652
144.826126 0.041700
144.867786 0.041660
144.909427 0.041641
144.951120 0.041693
144.992783 0.041663
145.034424 0.041642
145.076111 0.041686
145.117766 0.041655
145.159395 0.041629
145.201086 0.041691
145.242781 0.041695
145.284425 0.041644
145.326104 0.041679
145.367767 0.041663
145.409444 0.041677
145.451106 0.041662
145.492769 0.041663
145.534401 0.041631
145.576101 0.041700
145.617770 0.041669
145.659425 0.041655
145.701098 0.041673
145.742781 0.041683
145.784443 0.041662
145.826068 0.041625
145.867773 0.041705
145.909406 0.041633
145.951087 0.041681
145.992770 0.041683
146.034424 0.041654
146.076112 0.041689
146.117765 0.041653
146.159440 0.041675
146.201098 0.041658
146.242768 0.041669
146.284396 0.041628
146.326117 0.041721
146.367783 0.041666
146.409422 0.041639
146.451106 0.041684
146.492768 0.041662
146.534458 0.041690
146.576101 0.041643
146.617732 0.041631
146.659448 0.041716
146.701104 0.041657
146.742769 0.041665
146.784427 0.041658
146.826110 0.041683
146.867766 0.041657
146.909428 0.041662
146.951103 0.041675
146.992768 0.041665
147.034427 0.041659
147.076105 0.041678
147.117784 0.041679
147.159408 0.041625
147.201102 0.041693
147.242770 0.041669
147.284425 0.041655
147.326103 0.041678
147.367769 0.041666
147.409458 0.041689
147.451094 0.041636
147.492783 0.041690
147.534445 0.041661
147.576103 0.041658
147.617755 0.041652
147.659438 0.041683
147.701106 0.041668
147.742757 0.041651
147.784399 0.041642
147.826120 0.041721
147.867747 0.041627
147.909439 0.041692
147.951103 0.041664
147.992770 0.041667
148.034428 0.041658
148.076128 0.041701
148.117770 0.041641
148.159399 0.041629
148.201104 0.041706
148.242738 0.041634
148.284430 0.041692
148.326101 0.041671
148.367774 0.041673
148.409442 0.041667
148.451103 0.041661
148.492780 0.041677
148.534434 0.041654
148.576103 0.041669
148.617762 0.041658
148.659399 0.041638
148.701098 0.041699
148.742773 0.041675
148.784394 0.041621
148.826102 0.041708
148.867734 0.041632
148.909396 0.041661
148.951070 0.041675
148.992745 0.041674
149.034410 0.041665
149.076069 0.041659
149.117730 0.041661
149.159399 0.041669
149.201005 0.041606
149.242708 0.041703
149.284425 0.041717
149.326129 0.041704
149.367769 0.041641
149.409429 0.041660
149.451102 0.041673
149.492772 0.041670
149.534424 0.041652
149.576109 0.041684
149.617771 0.041662
149.659428 0.041657
149.701102 0.041674
149.742768 0.041666
149.784444 0.041677
149.826099 0.041655
149.867769 0.041670
149.909434 0.041664
149.951101 0.041668
149.992782 0.041681
150.034417 0.041634
150.076099 0.041683
150.117743 0.041644
150.159431 0.041688
150.201116 0.041685
150.242770 0.041654
150.284441 0.041671
150.326098 0.041657
150.367771 0.041673
150.409422 0.041650
150.451110 0.041689
150.492707 0.041596
150.534426 0.041719
150.576113 0.041688
150.617772 0.041659
150.659446 0.041673
150.701102 0.041656
150.742782 0.041680
150.784417 0.041634
150.826106 0.041689
150.867767 0.041661
150.909421 0.041653
150.951115 0.041694
150.992781 0.041666
151.034383 0.041602
151.076104 0.041721
151.117769 0.041665
151.159431 0.041661
151.201069 0.041639
151.242772 0.041703
151.284419 0.041647
151.326101 0.041682
151.367756 0.041655
151.409420 0.041664
151.451077 0.041657
151.492770 0.041693
151.534435 0.041665
151.576102 0.041667
151.617771 0.041669
151.659441 0.041670
151.701090 0.041649
151.742782 0.041691
151.784417 0.041635
151.826104 0.041688
151.867767 0.041662
151.909376 0.041609
151.951101 0.041725
151.992737 0.041636
152.034420 0.041684
152.076100 0.041680
152.117763 0.041664
152.159418 0.041655
152.201105 0.041687
152.242769 0.041664
152.284376 0.041607
152.326091 0.041715
152.367774 0.041683
152.409435 0.041660
152.451083 0.041648
152.492768 0.041685
152.534419 0.041651
152.576102 0.041683
152.617765 0.041664
152.659432 0.041667
152.701089 0.041657
152.742769 0.041679
152.784422 0.041653
152.826097 0.041675
152.867775 0.041678
152.909444 0.041669
152.951100 0.041656
152.992768 0.041669
153.034418 0.041650
153.076114 0.041696
153.117736 0.041622
153.159438 0.041702
153.201104 0.041665
153.242771 0.041668
153.284431 0.041660
153.326099 0.041668
153.367765 0.041666
153.409417 0.041651
153.451100 0.041683
153.492701 0.041602
153.534419 0.041718
153.576104 0.041685
153.617770 0.041666
153.659400 0.041630
153.701099 0.041699
153.742780 0.041681
153.784422 0.041643
153.826105 0.041682
153.867773 0.041668
153.909401 0.041628
153.951107 0.041706
153.992772 0.041665
154.034441 0.041669
154.076099 0.041659
154.117773 0.041674
154.159439 0.041666
154.201103 0.041664
154.242769 0.041666
154.284446 0.041677
154.326101 0.041655
154.367774 0.041673
154.409425 0.041651
154.451117 0.041692
154.492766 0.041649
154.534420 0.041654
154.576101 0.041681
154.617779 0.041678
154.659428 0.041650
154.701060 0.041631
154.742773 0.041713
154.784425 0.041651
154.826105 0.041681
154.867773 0.041667
154.909427 0.041654
154.951111 0.041684
154.992762 0.041652
155.034430 0.041668
155.076107 0.041677
155.117736 0.041629
155.159449 0.041712
155.201102 0.041653
155.242772 0.041670
155.284445 0.041673
155.326107 0.041661
155.367789 0.041683
155.409425 0.041636
155.451108 0.041683
155.492747 0.041639
155.534441 0.041694
155.576104 0.041664
155.617777 0.041673
155.659426 0.041649
155.701104 0.041678
155.742784 0.041680
155.784398 0.041613
155.826095 0.041697
155.867781 0.041686
155.909409 0.041628
155.951065 0.041656
155.992770 0.041705
156.034427 0.041658
156.076072 0.041644
156.117769 0.041698
156.159436 0.041666
156.201104 0.041668
156.242739 0.041635
156.284402 0.041663
156.326105 0.041703
156.367737 0.041632
156.409431 0.041695
156.451068 0.041637
156.492781 0.041713
156.534424 0.041643
156.576061 0.041638
156.617774 0.041712
156.659433 0.041659
156.701102 0.041669
156.742756 0.041654
156.784421 0.041665
156.826098 0.041677
156.867771 0.041673
156.909397 0.041627
156.951104 0.041707
156.992772 0.041668
157.034422 0.041651
157.076116 0.041694
157.117729 0.041613
157.159426 0.041697
157.201103 0.041677
157.242769 0.041665
157.284434 0.041665
157.326071 0.041637
157.367728 0.041657
157.409407 0.041679
157.451081 0.041675
157.492732 0.041650
157.534411 0.041679
157.576065 0.041654
157.617705 0.041641
157.659354 0.041649
157.701106 0.041752
157.742770 0.041664
157.784432 0.041661
157.826091 0.041660
157.867765 0.041674
157.909444 0.041679
157.951102 0.041658
157.992732 0.041629
158.034421 0.041689
158.076104 0.041683
158.117784 0.041680
158.159439 0.041655
158.201099 0.041660
158.242772 0.041673
158.284440 0.041667
158.326101 0.041661
158.367773 0.041672
158.409442 0.041669
158.451064 0.041622
158.492778 0.041714
158.534436 0.041657
158.576100 0.041665
158.617769 0.041669
158.659439 0.041670
158.701100 0.041661
158.742767 0.041667
158.784434 0.041667
158.826097 0.041663
158.867768 0.041671
158.909395 0.041627
158.951108 0.041712
158.992768 0.041660
159.034422 0.041654
159.076100 0.041678
159.117770 0.041670
159.159434 0.041665
159.201096 0.041662
159.242771 0.041674
159.284426 0.041655
159.326099 0.041673
159.367772 0.041673
159.409430 0.041658
159.451119 0.041689
159.492771 0.041652
159.534424 0.041654
159.576115 0.041690
159.617767 0.041652
159.659393 0.041627
159.701100 0.041707
159.742776 0.041676
159.784401 0.041625
159.826116 0.041715
159.867754 0.041638
159.909439 0.041684
159.951100 0.041661
159.992734 0.041634
160.034395 0.041661
160.076109 0.041714
160.117769 0.041660
160.159397 0.041628
160.201084 0.041687
160.242769 0.041685
160.284425 0.041656
160.326099 0.041674
160.367771 0.041672
160.409447 0.041676
160.451107 0.041661
160.492786 0.041679
160.534426 0.041640
160.576103 0.041677
160.617769 0.041666
160.659425 0.041656
160.701103 0.041677
160.742772 0.041670
160.784424 0.041652
160.826063 0.041639
160.867773 0.041710
160.909426 0.041653
160.951108 0.041682
160.992767 0.041659
161.034449 0.041682
161.076118 0.041669
161.117735 0.041617
161.159438 0.041703
161.201105 0.041667
161.242736 0.041631
161.284449 0.041713
161.326103 0.041654
161.367782 0.041679
161.409426 0.041644
161.451091 0.041665
161.492792 0.041702
161.534427 0.041634
161.576100 0.041673
161.617736 0.041636
161.659440 0.041704
161.701092 0.041653
161.742769 0.041677
161.784436 0.041667
161.826093 0.041657
161.867777 0.041683
161.909427 0.041651
161.951107 0.041680
161.992770 0.041663
162.034411 0.041641
162.076104 0.041693
162.117771 0.041667
162.159438 0.041667
162.201110 0.041672
162.242773 0.041663
162.284448 0.041675
162.326099 0.041651
162.367789 0.041690
162.409415 0.041626
162.451109 0.041694
162.492771 0.041662
162.534424 0.041652
162.576107 0.041683
162.617772 0.041665
162.659452 0.041680
162.701110 0.041657
162.742771 0.041661
162.784404 0.041633
162.826104 0.041700
162.867773 0.041670
162.909428 0.041655
162.951104 0.041676
162.992765 0.041661
163.034437 0.041671
163.076099 0.041663
163.117765 0.041666
163.159439 0.041673
163.201099 0.041661
163.242784 0.041684
163.284434 0.041650
163.326112 0.041679
163.367766 0.041653
163.409423 0.041658
163.451101 0.041677
163.492769 0.041668
163.534438 0.041670
163.576107 0.041668
163.617772 0.041665
163.659435 0.041664
163.701103 0.041668
163.742766 0.041663
163.784423 0.041657
163.826100 0.041676
163.867763 0.041663
163.909427 0.041664
163.951101 0.041674
163.992768 0.041667
164.034421 0.041652
164.076061 0.041640
164.117740 0.041679
164.159439 0.041699
164.201061 0.041621
164.242743 0.041683
164.284400 0.041657
164.326059 0.041659
164.367733 0.041674
164.409386 0.041653
164.451107 0.041720
164.492758 0.041651
164.534422 0.041664
164.576095 0.041673
164.617766 0.041670
164.659424 0.041659
164.701098 0.041673
164.742768 0.041670
164.784432 0.041665
164.826085 0.041652
164.867777 0.041692
164.909423 0.041646
164.951102 0.041679
164.992778 0.041676
165.034428 0.041650
165.076098 0.041670
165.117768 0.041670
165.159430 0.041663
165.201063 0.041633
165.242762 0.041699
165.284425 0.041663
165.326103 0.041678
165.367771 0.041668
165.409423 0.041653
165.451103 0.041679
165.492768 0.041665
165.534424 0.041656
165.576099 0.041676
165.617757 0.041658
165.659436 0.041679
165.701102 0.041666
165.742768 0.041666
165.784396 0.041627
165.826103 0.041708
165.867789 0.041685
165.909434 0.041645
165.951096 0.041662
165.992766 0.041670
166.034422 0.041656
166.076097 0.041675
166.117765 0.041668
166.159437 0.041672
166.201097 0.041661
166.242764 0.041666
166.284440 0.041677
166.326095 0.041655
166.367725 0.041630
166.409424 0.041699
166.451103 0.041680
166.492768 0.041665
166.534426 0.041658
166.576101 0.041676
166.617779 0.041678
166.659439 0.041660
166.701099 0.041660
166.742765 0.041666
166.784400 0.041634
166.826113 0.041713
166.867766 0.041653
166.909430 0.041665
166.951101 0.041671
166.992782 0.041680
167.034435 0.041653
167.076099 0.041665
167.117770 0.041671
167.159426 0.041656
167.201101 0.041675
167.242766 0.041664
167.284438 0.041672
167.326096 0.041658
167.367774 0.041678
167.409423 0.041650
167.451106 0.041682
167.492772 0.041667
167.534424 0.041652
167.576065 0.041641
167.617734 0.041669
167.659392 0.041658
167.701068 0.041676
