0.048715
0.083963
0.077029
0.044714
0.068212
0.083582
0.080936
0.053960
0.048336
0.082570
0.057856
0.069180
0.043540
0.045165
0.046534
0.070490
0.072405
0.062712
0.066658
0.067947
0.072242
0.085489
0.079956
0.074238
0.058639
0.049195
0.053712
0.065329
0.066902
0.068889
0.068156
0.064550
0.056023
0.067826
0.055655
0.054464
0.077947
0.085684
0.073549
0.072994
0.070702
0.056763
0.049598
0.054456
0.066444
0.056744
0.084488
0.062774
0.068024
0.048664
0.084497
0.054521
0.050918
0.060401
0.063254
0.067151
0.060609
0.077310
0.066568
0.056782
0.083638
0.083256
0.067230
0.050326
0.051755
0.080600
0.059678
0.071953
0.052099
0.075504
0.066139
0.068825
0.050938
0.053342
0.064377
0.075211
0.060639
0.076548
0.071006
0.077702
0.043828
0.053543
0.085480
0.075749
0.071472
0.058702
0.080285
0.046200
0.072538
0.077847
0.083237
0.083981
0.063416
0.083131
0.054164
0.045205
0.051402
0.082271
0.055362
0.078150
0.064604
0.063216
0.046557
0.068920
0.054421
0.059510
0.066234
0.077011
0.059385
0.071149
0.057297
0.073512
0.077782
0.053645
0.052456
0.065844
0.079790
0.059904
0.071253
0.082540
0.050854
0.071062
0.046055
0.051348
0.043571
0.056589
0.079697
0.078469
0.068429
0.076742
0.069185
0.061374
0.066991
0.080905
0.052778
0.080648
0.070408
0.048381
0.049928
0.052167
0.064635
0.052308
0.086312
0.070037
0.065511
0.068548
0.074155
0.081043
0.056999
0.055444
0.065280
0.055005
0.047684
0.073261
0.073353
0.043553
0.084506
0.077072
0.069209
0.046566
0.058467
0.058645
0.065524
0.076570
0.047906
0.081207
0.057078
0.050919
0.054794
0.059213
0.085844
0.068124
0.064364
0.072333
0.043865
0.084518
0.080617
0.057101
0.063806
0.076701
0.060346
0.069174
0.074125
0.082593
0.062159
0.061494
0.079920
0.080092
0.065832
0.084023
0.074606
0.063230
0.066532
0.059784
0.055824
0.067412
0.045615
0.072142
0.056320
0.059358
0.059902
0.062932
0.055472
0.045063
0.045538
0.063291
0.068331
0.074884
0.082998
0.060819
0.081112
0.058526
0.081820
0.058338
0.070224
0.081782
0.055268
0.045959
0.085430
0.066002
0.069924
0.075638
0.050677
0.070516
0.076635
0.062297
0.044948
0.047257
0.046879
0.058876
0.059725
0.053271
0.060178
0.085935
0.052189
0.045342
0.061947
0.077350
0.057403
0.072069
0.061394
0.052948
0.047008
0.048754
0.051630
0.075891
0.052655
0.055055
0.049217
0.069413
0.078251
0.060280
0.053797
0.047161
0.056322
0.079934
0.054194
0.062002
0.067706
0.066694
0.067230
0.084316
0.062363
0.052930
0.072368
0.068653
0.047238
0.082633
0.063982
0.071788
0.078561
0.057008
0.076106
0.049897
0.078225
0.043925
0.074994
0.066839
0.069834
0.050348
0.059719
0.045234
0.065900
0.053025
0.082093
0.085620
0.046951
0.072017
0.069053
0.059283
0.045505
0.072149
0.061213
0.059452
0.080029
0.067035
0.074007
0.044817
0.083321
0.079431
0.067726
0.082026
0.067593
0.060861
0.060610
