0, 4300.885124, 0.084111, 0.000005, -0.077674
0, 4300.885359, 0.084345, 0.000216, -0.067908
0, 4300.885409, 0.084395, 0.000046, -0.057959
0, 4300.885416, 0.084403, 0.000005, -0.047966
1, 4300.892402, 0.006973, 0.006957, -0.074932
1, 4300.895283, 0.009850, 0.002860, -0.067827
0, 4300.895501, 0.084436, 0.000031, -0.038000
0, 4300.895516, 0.084451, 0.000008, -0.038066
0, 4300.895524, 0.084460, 0.000005, 0.019955
0, 4300.895532, 0.084468, 0.000005, 0.029947
2, 4301.026536, 0.000027, 0.000006, -0.121058
1, 4301.026558, 0.042639, 0.032775, -0.090621
0, 4301.034350, 0.084587, 0.000117, 0.039828
2, 4301.054653, 0.000056, 0.000006, -0.149175
1, 4301.054672, 0.056860, 0.014216, -0.193328
1, 4301.061381, 0.063298, 0.006434, -0.203660
3, 4301.063764, 0.035251, 0.000193, -0.136919
0, 4301.064936, 0.084656, 0.000053, -0.088938
0, 4301.064951, 0.084673, 0.000005, -0.059472
2, 4301.066440, 0.000112, 0.000027, -0.135910
1, 4301.069803, 0.070184, 0.006869, -0.152786
0, 4301.075034, 0.084702, 0.000026, 0.080499
3, 4301.075055, 0.035306, 0.000046, -0.158338
1, 4301.078486, 0.077893, 0.007695, -0.152033
0, 4301.085198, 0.084743, 0.000024, 0.090406
2, 4301.085548, 0.000173, 0.000040, 0.015645
3, 4301.085904, 0.035357, 0.000048, -0.149627
1, 4301.087230, 0.083660, 0.005749, -0.148770
0, 4301.095346, 0.084787, 0.000029, 0.080238
2, 4301.105548, 0.000210, 0.000024, 0.019897
3, 4301.106835, 0.035432, 0.000068, -0.000500
1, 4301.108206, 0.089684, 0.006008, -0.147773
0, 4301.115598, 0.084887, 0.000084, 0.090034
2, 4301.125571, 0.000247, 0.000022, 0.019897
3, 4301.127843, 0.035532, 0.000084, -0.001454
1, 4301.129645, 0.095468, 0.005767, -0.088508
0, 4301.135765, 0.084951, 0.000041, 0.089819
2, 4301.145687, 0.000283, 0.000024, 0.019875
3, 4301.148827, 0.035600, 0.000061, -0.002432
1, 4301.150059, 0.103149, 0.007667, 0.048155
0, 4301.156082, 0.085008, 0.000041, 0.089659
2, 4301.165569, 0.000326, 0.000027, 0.019751
3, 4301.169785, 0.035677, 0.000069, -0.003425
1, 4301.171063, 0.108292, 0.005126, 0.050279
0, 4301.176289, 0.085071, 0.000039, 0.089336
2, 4301.185610, 0.000371, 0.000027, 0.019867
3, 4301.190725, 0.035745, 0.000060, -0.004373
1, 4301.192076, 0.112585, 0.004278, 0.030125
0, 4301.196466, 0.085127, 0.000040, 0.089135
2, 4301.205608, 0.000425, 0.000039, 0.019817
3, 4301.211779, 0.035845, 0.000085, -0.005344
1, 4301.213030, 0.117653, 0.005051, 0.028338
0, 4301.216641, 0.085183, 0.000039, 0.088960
2, 4301.225602, 0.000475, 0.000035, 0.019823
3, 4301.232790, 0.035931, 0.000071, -0.006384
1, 4301.234035, 0.122657, 0.004987, 0.027447
0, 4301.236838, 0.085251, 0.000053, 0.088772
2, 4301.245553, 0.000530, 0.000038, 0.019825
3, 4301.253794, 0.036018, 0.000073, -0.007396
1, 4301.255130, 0.131943, 0.009271, 0.022161
0, 4301.256993, 0.085301, 0.000041, 0.088592
2, 4301.265569, 0.000595, 0.000043, 0.019865
3, 4301.274789, 0.036100, 0.000068, -0.008396
1, 4301.275968, 0.138536, 0.006579, 0.023758
0, 4301.277162, 0.085348, 0.000039, 0.088440
2, 4301.285615, 0.000664, 0.000044, 0.019845
3, 4301.285648, 0.036166, 0.000057, -0.009374
1, 4301.286936, 0.144190, 0.005636, 0.023860
0, 4301.287241, 0.085376, 0.000019, 0.088291
2, 4301.305615, 0.000721, 0.000034, 0.019808
3, 4301.306562, 0.036243, 0.000068, -0.000245
1, 4301.307841, 0.149278, 0.005075, 0.033457
0, 4301.317466, 0.085429, 0.000047, 0.098186
2, 4301.325568, 0.000767, 0.000023, 0.019821
3, 4301.327503, 0.036329, 0.000079, -0.001168
1, 4301.329067, 0.154408, 0.005112, 0.032511
0, 4301.338533, 0.085487, 0.000035, 0.087957
2, 4301.345578, 0.000807, 0.000030, 0.019873
3, 4301.348591, 0.036411, 0.000069, -0.002104
1, 4301.349828, 0.159136, 0.004713, 0.031685
0, 4301.359449, 0.085566, 0.000057, 0.086869
2, 4301.365568, 0.000852, 0.000028, 0.019858
3, 4301.369594, 0.036488, 0.000062, -0.003187
1, 4301.370955, 0.169181, 0.010028, 0.025609
0, 4301.380519, 0.085619, 0.000038, 0.085979
2, 4301.385547, 0.000892, 0.000025, 0.019873
3, 4301.390572, 0.036567, 0.000065, -0.004192
1, 4301.391783, 0.177150, 0.007955, 0.026557
0, 4301.401486, 0.085689, 0.000047, 0.084892
2, 4301.405610, 0.000940, 0.000033, 0.019886
3, 4301.411594, 0.036635, 0.000060, -0.005160
1, 4301.412984, 0.182547, 0.005382, 0.028302
0, 4301.422531, 0.085755, 0.000044, 0.083929
2, 4301.425566, 0.000999, 0.000044, 0.019812
3, 4301.432641, 0.036771, 0.000062, -0.006249
1, 4301.433911, 0.188298, 0.005737, 0.026746
0, 4301.443606, 0.085855, 0.000079, 0.082850
2, 4301.445567, 0.001057, 0.000043, 0.019857
3, 4301.453616, 0.036860, 0.000076, -0.007251
1, 4301.454913, 0.193652, 0.005339, 0.026217
0, 4301.464497, 0.085921, 0.000043, 0.081809
2, 4301.465565, 0.001114, 0.000041, 0.019857
3, 4301.474623, 0.036939, 0.000065, -0.008215
1, 4301.475947, 0.198627, 0.004961, 0.025593
0, 4301.485550, 0.085976, 0.000034, 0.080929
2, 4301.485582, 0.001160, 0.000032, 0.019870
3, 4301.495651, 0.037012, 0.000065, -0.009216
1, 4301.497027, 0.208256, 0.009611, 0.019906
2, 4301.505572, 0.001214, 0.000045, 0.019844
0, 4301.506549, 0.086028, 0.000031, 0.079878
3, 4301.506563, 0.037073, 0.000046, -0.010231
1, 4301.508130, 0.214646, 0.006375, 0.022064
0, 4301.516707, 0.086116, 0.000080, 0.078844
2, 4301.525566, 0.001260, 0.000028, 0.019864
3, 4301.527575, 0.037150, 0.000073, -0.001161
1, 4301.528911, 0.219681, 0.005018, 0.032316
0, 4301.536919, 0.086192, 0.000055, 0.088698
2, 4301.545611, 0.001306, 0.000031, 0.019869
3, 4301.548546, 0.037230, 0.000068, -0.002175
1, 4301.549793, 0.224581, 0.004885, 0.031670
0, 4301.557104, 0.086256, 0.000042, 0.088498
2, 4301.565585, 0.001354, 0.000032, 0.019822
3, 4301.569526, 0.037320, 0.000075, -0.003154
1, 4301.570929, 0.234612, 0.010014, 0.025658
0, 4301.577291, 0.086314, 0.000044, 0.088319
2, 4301.585608, 0.001406, 0.000032, 0.019844
3, 4301.590506, 0.037412, 0.000079, -0.004138
1, 4301.591755, 0.241513, 0.006888, 0.027651
0, 4301.597593, 0.086430, 0.000099, 0.088073
2, 4301.605569, 0.001453, 0.000031, 0.019827
3, 4301.611486, 0.037498, 0.000071, -0.005111
1, 4301.612852, 0.246900, 0.005373, 0.028339
0, 4301.617815, 0.086495, 0.000042, 0.087823
2, 4301.625576, 0.001501, 0.000040, 0.019863
3, 4301.632466, 0.037582, 0.000070, -0.006090
1, 4301.633708, 0.252556, 0.005641, 0.026974
0, 4301.638027, 0.086550, 0.000039, 0.087611
2, 4301.645579, 0.001559, 0.000042, 0.019847
3, 4301.653418, 0.037673, 0.000077, -0.007076
1, 4301.654783, 0.262643, 0.010071, 0.021686
0, 4301.658243, 0.086601, 0.000041, 0.087403
2, 4301.665568, 0.001620, 0.000042, 0.019841
3, 4301.674424, 0.037769, 0.000081, -0.008033
1, 4301.675745, 0.269126, 0.006469, 0.024215
0, 4301.678600, 0.086686, 0.000073, 0.087153
2, 4301.685576, 0.001684, 0.000044, 0.019849
3, 4301.695494, 0.037867, 0.000084, -0.009042
1, 4301.696929, 0.275062, 0.005921, 0.023802
0, 4301.698818, 0.086742, 0.000043, 0.086824
2, 4301.705580, 0.001752, 0.000048, 0.019838
3, 4301.706479, 0.037943, 0.000061, -0.010089
1, 4301.707765, 0.280571, 0.005498, 0.023042
0, 4301.708900, 0.086773, 0.000021, 0.086632
2, 4301.725583, 0.001804, 0.000029, 0.019851
3, 4301.727465, 0.038029, 0.000075, -0.001085
1, 4301.728874, 0.291230, 0.010642, 0.027058
0, 4301.729071, 0.086813, 0.000033, 0.096540
2, 4301.745616, 0.001858, 0.000032, 0.019844
3, 4301.748489, 0.038117, 0.000076, -0.002073
1, 4301.749787, 0.297844, 0.006599, 0.029993
0, 4301.759437, 0.086934, 0.000115, 0.096288
2, 4301.765610, 0.001913, 0.000030, 0.019812
3, 4301.769587, 0.038209, 0.000075, -0.003100
1, 4301.770944, 0.303680, 0.005820, 0.029857
0, 4301.780523, 0.087001, 0.000044, 0.085977
2, 4301.785612, 0.001957, 0.000029, 0.019827
3, 4301.790612, 0.038302, 0.000079, -0.004200
1, 4301.791929, 0.309064, 0.005371, 0.029154
0, 4301.801546, 0.087055, 0.000031, 0.084904
2, 4301.805576, 0.002010, 0.000038, 0.019816
3, 4301.811614, 0.038407, 0.000091, -0.005237
1, 4301.813022, 0.320153, 0.011073, 0.022463
0, 4301.822552, 0.087114, 0.000043, 0.083877
2, 4301.825607, 0.002066, 0.000040, 0.019848
3, 4301.832671, 0.038482, 0.000061, -0.006209
1, 4301.833962, 0.326676, 0.006509, 0.025936
0, 4301.843683, 0.087217, 0.000081, 0.082827
2, 4301.845567, 0.002125, 0.000044, 0.019815
3, 4301.853679, 0.038586, 0.000089, -0.007294
1, 4301.855039, 0.332482, 0.005789, 0.025713
0, 4301.864596, 0.087289, 0.000044, 0.081726
2, 4301.865574, 0.002180, 0.000042, 0.019859
3, 4301.874593, 0.038679, 0.000079, -0.008292
1, 4301.875865, 0.338278, 0.005782, 0.024647
0, 4301.885486, 0.087380, 0.000033, 0.080794
2, 4301.885538, 0.002228, 0.000032, 0.019859
3, 4301.895590, 0.038769, 0.000076, -0.009202
1, 4301.897042, 0.349026, 0.010732, 0.018869
2, 4301.905577, 0.002281, 0.000048, 0.019888
0, 4301.906619, 0.087445, 0.000052, 0.079929
3, 4301.906645, 0.038840, 0.000056, -0.010180
1, 4301.907923, 0.355670, 0.006629, 0.021795
0, 4301.916841, 0.087516, 0.000056, 0.078791
2, 4301.925612, 0.002337, 0.000031, 0.019850
3, 4301.927659, 0.038934, 0.000086, -0.001259
1, 4301.928988, 0.361684, 0.006000, 0.031544
0, 4301.937240, 0.087589, 0.000055, 0.088457
2, 4301.945613, 0.002383, 0.000031, 0.019823
3, 4301.948695, 0.039026, 0.000077, -0.002270
1, 4301.950009, 0.367177, 0.005479, 0.031001
0, 4301.957472, 0.087659, 0.000048, 0.088171
2, 4301.965612, 0.002432, 0.000034, 0.019819
3, 4301.969739, 0.039116, 0.000076, -0.003305
1, 4301.971159, 0.377165, 0.009972, 0.025485
0, 4301.977702, 0.087721, 0.000047, 0.087946
2, 4301.985610, 0.002476, 0.000027, 0.019825
3, 4301.990755, 0.039213, 0.000083, -0.004355
1, 4301.992120, 0.383798, 0.006619, 0.027689
0, 4301.997964, 0.087793, 0.000051, 0.087707
2, 4302.005620, 0.002529, 0.000039, 0.019817
3, 4302.011850, 0.039310, 0.000083, -0.005372
1, 4302.013225, 0.389619, 0.005805, 0.027541
0, 4302.018227, 0.087893, 0.000077, 0.087417
2, 4302.025611, 0.002585, 0.000042, 0.019804
3, 4302.032931, 0.039402, 0.000078, -0.006461
1, 4302.034234, 0.394864, 0.005231, 0.027012
0, 4302.038460, 0.087960, 0.000049, 0.087187
2, 4302.045570, 0.002643, 0.000043, 0.019812
3, 4302.053975, 0.039498, 0.000082, -0.007547
1, 4302.055360, 0.405828, 0.010948, 0.020283
0, 4302.058674, 0.088013, 0.000042, 0.086968
2, 4302.065578, 0.002705, 0.000042, 0.019850
3, 4302.075046, 0.039600, 0.000088, -0.008596
1, 4302.076374, 0.411777, 0.005935, 0.024173
0, 4302.078892, 0.088071, 0.000043, 0.086749
2, 4302.085611, 0.002778, 0.000054, 0.019830
3, 4302.085987, 0.039682, 0.000068, -0.009647
1, 4302.087328, 0.416911, 0.005118, 0.023974
0, 4302.088978, 0.088107, 0.000021, 0.086553
2, 4302.105613, 0.002829, 0.000030, 0.019819
3, 4302.107004, 0.039778, 0.000084, -0.000603
1, 4302.108290, 0.423023, 0.006098, 0.032042
0, 4302.109187, 0.088151, 0.000035, 0.096457
2, 4302.125616, 0.002882, 0.000030, 0.019816
3, 4302.128052, 0.039877, 0.000085, -0.001622
1, 4302.129402, 0.428786, 0.005747, 0.031428
0, 4302.139460, 0.088213, 0.000054, 0.096232
2, 4302.145608, 0.002935, 0.000029, 0.019813
3, 4302.148963, 0.039951, 0.000060, -0.002646
1, 4302.150219, 0.439967, 0.011168, 0.024899
0, 4302.159804, 0.088271, 0.000043, 0.085962
2, 4302.165612, 0.002981, 0.000030, 0.019827
3, 4302.169913, 0.040013, 0.000055, -0.003544
1, 4302.171231, 0.448795, 0.008812, 0.026435
0, 4302.180878, 0.088373, 0.000080, 0.085575
2, 4302.185567, 0.003021, 0.000025, 0.019828
3, 4302.190899, 0.040099, 0.000072, -0.004518
1, 4302.192178, 0.453913, 0.005105, 0.029132
0, 4302.201837, 0.088424, 0.000029, 0.084552
2, 4302.205567, 0.003079, 0.000043, 0.019856
3, 4302.211907, 0.040189, 0.000076, -0.005508
1, 4302.213273, 0.460381, 0.006453, 0.026835
0, 4302.222820, 0.088492, 0.000047, 0.083464
2, 4302.225611, 0.003138, 0.000044, 0.019855
3, 4302.232975, 0.040269, 0.000065, -0.006505
1, 4302.234225, 0.465924, 0.005528, 0.026665
0, 4302.243983, 0.088601, 0.000087, 0.082552
2, 4302.245568, 0.003196, 0.000043, 0.019812
3, 4302.254030, 0.040371, 0.000086, -0.007596
1, 4302.255417, 0.471467, 0.005526, 0.025713
0, 4302.265044, 0.088708, 0.000043, 0.081391
2, 4302.265576, 0.003255, 0.000046, 0.019854
3, 4302.275135, 0.040466, 0.000079, -0.008643
1, 4302.276458, 0.477116, 0.005636, 0.024415
2, 4302.285615, 0.003326, 0.000058, 0.019834
0, 4302.286064, 0.088769, 0.000038, 0.080377
3, 4302.286088, 0.040536, 0.000054, -0.009723
1, 4302.287463, 0.481825, 0.004694, 0.024314
0, 4302.296267, 0.088809, 0.000027, 0.079376
2, 4302.305550, 0.003377, 0.000026, 0.019817
3, 4302.307063, 0.040616, 0.000072, -0.000688
1, 4302.308326, 0.491261, 0.009420, 0.028582
0, 4302.316568, 0.088926, 0.000098, 0.089100
2, 4302.325613, 0.003420, 0.000031, 0.019888
3, 4302.328118, 0.040710, 0.000081, -0.001676
1, 4302.329465, 0.496516, 0.005211, 0.031900
0, 4302.336795, 0.089003, 0.000054, 0.088836
2, 4302.345608, 0.003466, 0.000032, 0.019821
3, 4302.349174, 0.040803, 0.000077, -0.002729
1, 4302.350473, 0.502260, 0.005731, 0.030272
0, 4302.357021, 0.089072, 0.000046, 0.088616
2, 4302.365614, 0.003515, 0.000033, 0.019824
3, 4302.370203, 0.040893, 0.000075, -0.003783
1, 4302.371610, 0.513354, 0.011078, 0.023914
0, 4302.377245, 0.089133, 0.000047, 0.088399
2, 4302.385607, 0.003570, 0.000038, 0.019812
3, 4302.391286, 0.040991, 0.000081, -0.004818
1, 4302.392640, 0.520002, 0.006635, 0.027223
0, 4302.397479, 0.089193, 0.000044, 0.088175
2, 4302.405565, 0.003626, 0.000041, 0.019818
3, 4302.412454, 0.041093, 0.000087, -0.005908
1, 4302.413770, 0.525440, 0.005422, 0.027404
0, 4302.417725, 0.089281, 0.000071, 0.087914
2, 4302.425612, 0.003685, 0.000045, 0.019856
3, 4302.433463, 0.041186, 0.000076, -0.007064
1, 4302.434782, 0.530984, 0.005529, 0.026167
0, 4302.437948, 0.089341, 0.000045, 0.087695
2, 4302.445570, 0.003746, 0.000044, 0.019809
3, 4302.454520, 0.041280, 0.000079, -0.008075
1, 4302.455909, 0.541412, 0.010411, 0.020272
0, 4302.458171, 0.089393, 0.000041, 0.087480
2, 4302.465551, 0.003806, 0.000040, 0.019852
3, 4302.475601, 0.041384, 0.000088, -0.009142
1, 4302.476969, 0.547494, 0.006069, 0.023490
0, 4302.478381, 0.089443, 0.000038, 0.087261
2, 4302.485615, 0.003882, 0.000054, 0.019855
3, 4302.486649, 0.041471, 0.000071, -0.010206
1, 4302.487997, 0.553075, 0.005564, 0.022932
0, 4302.488460, 0.089471, 0.000019, 0.087071
2, 4302.505616, 0.003936, 0.000032, 0.019813
3, 4302.507666, 0.041573, 0.000087, -0.001269
1, 4302.508997, 0.559245, 0.006085, 0.031314
0, 4302.518712, 0.089525, 0.000048, 0.096966
2, 4302.525612, 0.003990, 0.000031, 0.019813
3, 4302.528798, 0.041666, 0.000077, -0.002277
1, 4302.530131, 0.564618, 0.005358, 0.031112
0, 4302.539690, 0.089608, 0.000061, 0.086687
2, 4302.545611, 0.004035, 0.000030, 0.019825
3, 4302.549844, 0.041732, 0.000051, -0.003382
1, 4302.551164, 0.575258, 0.010626, 0.024710
0, 4302.559950, 0.089670, 0.000048, 0.085728
2, 4302.565610, 0.004090, 0.000040, 0.019815
3, 4302.570898, 0.041824, 0.000076, -0.004454
1, 4302.572344, 0.582903, 0.007629, 0.026672
0, 4302.580249, 0.089747, 0.000054, 0.085454
2, 4302.585613, 0.004145, 0.000040, 0.019816
3, 4302.592015, 0.041927, 0.000088, -0.005520
1, 4302.593321, 0.588301, 0.005385, 0.027739
0, 4302.600571, 0.089877, 0.000107, 0.085102
2, 4302.605546, 0.004191, 0.000031, 0.019822
3, 4302.613119, 0.042037, 0.000094, -0.006643
1, 4302.614450, 0.594310, 0.005993, 0.026151
0, 4302.620798, 0.089949, 0.000050, 0.084838
2, 4302.625611, 0.004241, 0.000041, 0.019885
3, 4302.634146, 0.042131, 0.000078, -0.007731
1, 4302.635428, 0.599693, 0.005370, 0.025648
0, 4302.640998, 0.090017, 0.000045, 0.084615
2, 4302.645577, 0.004296, 0.000040, 0.019815
3, 4302.655246, 0.042235, 0.000089, -0.008768
1, 4302.656633, 0.605464, 0.005755, 0.024283
0, 4302.661215, 0.090079, 0.000037, 0.084421
2, 4302.665545, 0.004354, 0.000043, 0.019847
3, 4302.666185, 0.042313, 0.000063, -0.009843
1, 4302.667479, 0.614713, 0.009233, 0.019599
0, 4302.671345, 0.090157, 0.000066, 0.084188
2, 4302.685614, 0.004395, 0.000030, 0.019895
3, 4302.687230, 0.042415, 0.000087, -0.000805
1, 4302.688558, 0.619475, 0.004746, 0.033240
0, 4302.691565, 0.090214, 0.000043, 0.094079
2, 4302.705615, 0.004444, 0.000033, 0.019818
3, 4302.708258, 0.042522, 0.000091, -0.001855
1, 4302.709527, 0.624755, 0.005266, 0.031643
0, 4302.711790, 0.090264, 0.000037, 0.093866
2, 4302.725614, 0.004498, 0.000033, 0.019813
3, 4302.729254, 0.042615, 0.000078, -0.002869
1, 4302.730704, 0.635895, 0.011123, 0.024814
0, 4302.731955, 0.090307, 0.000035, 0.093647
2, 4302.745618, 0.004553, 0.000033, 0.019812
3, 4302.750338, 0.042719, 0.000087, -0.003875
1, 4302.751615, 0.642122, 0.006214, 0.028550
0, 4302.752165, 0.090351, 0.000035, 0.093481
2, 4302.765616, 0.004619, 0.000043, 0.019799
3, 4302.771321, 0.042806, 0.000071, -0.004944
1, 4302.772640, 0.647889, 0.005750, 0.028101
0, 4302.782505, 0.090489, 0.000131, 0.093177
2, 4302.785541, 0.004710, 0.000033, 0.019775
3, 4302.792316, 0.042891, 0.000070, -0.005924
1, 4302.793575, 0.653315, 0.005410, 0.027417
0, 4302.803279, 0.090543, 0.000031, 0.082922
2, 4302.805543, 0.004744, 0.000026, 0.019905
3, 4302.813337, 0.042976, 0.000069, -0.006919
1, 4302.814655, 0.665981, 0.012650, 0.019240
0, 4302.824230, 0.090602, 0.000046, 0.082144
2, 4302.825563, 0.004790, 0.000036, 0.019892
3, 4302.834385, 0.043052, 0.000062, -0.007932
1, 4302.835669, 0.672055, 0.006060, 0.024752
0, 4302.845366, 0.090664, 0.000040, 0.081189
2, 4302.845547, 0.004839, 0.000036, 0.019868
3, 4302.855460, 0.043148, 0.000080, -0.008999
1, 4302.856862, 0.677603, 0.005532, 0.024265
2, 4302.865602, 0.004905, 0.000055, 0.019868
0, 4302.866392, 0.090725, 0.000038, 0.080055
3, 4302.866416, 0.043219, 0.000055, -0.010049
1, 4302.867686, 0.683618, 0.006002, 0.022604
0, 4302.876691, 0.090796, 0.000059, 0.079017
2, 4302.885609, 0.004960, 0.000031, 0.019825
3, 4302.887421, 0.043313, 0.000085, -0.001029
1, 4302.888767, 0.688590, 0.004956, 0.032823
0, 4302.896932, 0.090855, 0.000043, 0.088731
2, 4302.905614, 0.005006, 0.000031, 0.019826
3, 4302.908425, 0.043397, 0.000069, -0.002024
1, 4302.909771, 0.700686, 0.012081, 0.024619
0, 4302.917175, 0.090919, 0.000052, 0.088485
2, 4302.925612, 0.005054, 0.000030, 0.019819
3, 4302.929576, 0.043504, 0.000090, -0.003049
1, 4302.930989, 0.706469, 0.005767, 0.029928
0, 4302.937443, 0.090998, 0.000056, 0.088227
2, 4302.945602, 0.005097, 0.000028, 0.019826
3, 4302.950690, 0.043603, 0.000083, -0.004193
1, 4302.952050, 0.712319, 0.005838, 0.028642
0, 4302.957677, 0.091069, 0.000048, 0.087967
2, 4302.965608, 0.005151, 0.000039, 0.019825
3, 4302.971775, 0.043701, 0.000083, -0.005306
1, 4302.973187, 0.718126, 0.005790, 0.027624
0, 4302.977936, 0.091167, 0.000076, 0.087706
2, 4302.985614, 0.005209, 0.000043, 0.019815
3, 4302.992909, 0.043801, 0.000085, -0.006394
1, 4302.994211, 0.723081, 0.004941, 0.027340
0, 4302.998156, 0.091223, 0.000040, 0.087488
2, 4303.005572, 0.005268, 0.000044, 0.019808
3, 4303.013932, 0.043900, 0.000083, -0.007525
1, 4303.015312, 0.734094, 0.010997, 0.020257
0, 4303.018326, 0.091272, 0.000038, 0.087276
2, 4303.025579, 0.005334, 0.000044, 0.019844
3, 4303.035016, 0.043994, 0.000078, -0.008544
1, 4303.036349, 0.740755, 0.006645, 0.023509
0, 4303.038540, 0.091325, 0.000042, 0.087102
2, 4303.045614, 0.005416, 0.000059, 0.019823
3, 4303.045958, 0.044080, 0.000071, -0.009620
1, 4303.047354, 0.745471, 0.004701, 0.024417
0, 4303.048624, 0.091358, 0.000021, 0.086908
2, 4303.065614, 0.005468, 0.000031, 0.019817
3, 4303.067018, 0.044175, 0.000082, -0.000572
1, 4303.068288, 0.751052, 0.005567, 0.032546
0, 4303.068859, 0.091428, 0.000063, 0.096786
2, 4303.085614, 0.005523, 0.000031, 0.019815
3, 4303.088049, 0.044279, 0.000088, -0.001640
1, 4303.089393, 0.756693, 0.005624, 0.031553
0, 4303.099088, 0.091484, 0.000049, 0.096566
2, 4303.105613, 0.005577, 0.000031, 0.019815
3, 4303.109044, 0.044365, 0.000071, -0.002654
1, 4303.110327, 0.768059, 0.011352, 0.024723
0, 4303.120047, 0.091582, 0.000082, 0.086295
2, 4303.125601, 0.005626, 0.000033, 0.019819
3, 4303.130193, 0.044453, 0.000072, -0.003650
1, 4303.131562, 0.774336, 0.006262, 0.028877
0, 4303.141230, 0.091701, 0.000093, 0.085316
2, 4303.145610, 0.005699, 0.000058, 0.019807
3, 4303.151235, 0.044546, 0.000077, -0.004804
1, 4303.152559, 0.779744, 0.005393, 0.028511
0, 4303.162288, 0.091776, 0.000051, 0.084176
2, 4303.165612, 0.005758, 0.000044, 0.019812
3, 4303.172370, 0.044644, 0.000082, -0.005851
1, 4303.173737, 0.785899, 0.006138, 0.026768
0, 4303.183358, 0.091835, 0.000036, 0.083134
2, 4303.185616, 0.005819, 0.000047, 0.019808
3, 4303.193457, 0.044745, 0.000086, -0.006989
1, 4303.194791, 0.791731, 0.005820, 0.025911
0, 4303.204400, 0.091900, 0.000042, 0.082058
2, 4303.205567, 0.005876, 0.000042, 0.019809
3, 4303.214549, 0.044819, 0.000059, -0.008050
1, 4303.215928, 0.801707, 0.009960, 0.020714
0, 4303.224693, 0.091966, 0.000049, 0.081015
2, 4303.225546, 0.005927, 0.000038, 0.019862
3, 4303.235542, 0.044904, 0.000069, -0.009152
1, 4303.236897, 0.807320, 0.005598, 0.023941
0, 4303.245047, 0.092081, 0.000057, 0.080674
2, 4303.245563, 0.005988, 0.000049, 0.019873
3, 4303.246528, 0.044981, 0.000062, -0.010137
1, 4303.247916, 0.812961, 0.005625, 0.022943
0, 4303.255175, 0.092159, 0.000056, 0.080356
2, 4303.265578, 0.006028, 0.000027, 0.019879
3, 4303.267564, 0.045070, 0.000076, -0.001136
1, 4303.268918, 0.824234, 0.011258, 0.026292
0, 4303.275398, 0.092221, 0.000050, 0.090244
2, 4303.285551, 0.006068, 0.000021, 0.019864
3, 4303.288678, 0.045168, 0.000082, -0.002179
1, 4303.290063, 0.832311, 0.008062, 0.028486
0, 4303.295622, 0.092282, 0.000045, 0.090022
2, 4303.305613, 0.006112, 0.000029, 0.019885
3, 4303.309777, 0.045270, 0.000087, -0.003298
1, 4303.311103, 0.838079, 0.005754, 0.029650
0, 4303.315785, 0.092341, 0.000039, 0.089799
2, 4303.325614, 0.006156, 0.000029, 0.019825
3, 4303.330830, 0.045374, 0.000088, -0.004399
1, 4303.332250, 0.844441, 0.006346, 0.028017
0, 4303.335982, 0.092419, 0.000062, 0.089618
2, 4303.345596, 0.006216, 0.000044, 0.019807
3, 4303.351959, 0.045479, 0.000090, -0.005453
1, 4303.353315, 0.850028, 0.005573, 0.027644
0, 4303.356157, 0.092476, 0.000041, 0.089442
2, 4303.365610, 0.006270, 0.000037, 0.019831
3, 4303.373133, 0.045590, 0.000094, -0.006588
1, 4303.374478, 0.855261, 0.005216, 0.026934
0, 4303.376330, 0.092520, 0.000032, 0.089280
2, 4303.385573, 0.006322, 0.000032, 0.019820
3, 4303.394124, 0.045677, 0.000072, -0.007739
1, 4303.395430, 0.866091, 0.010815, 0.020173
0, 4303.396492, 0.092555, 0.000028, 0.089116
2, 4303.405571, 0.006380, 0.000043, 0.019851
3, 4303.415178, 0.045772, 0.000078, -0.008736
1, 4303.416496, 0.873111, 0.007003, 0.023031
0, 4303.416708, 0.092621, 0.000059, 0.088922
2, 4303.425613, 0.006457, 0.000054, 0.019834
3, 4303.426029, 0.045841, 0.000054, -0.009765
1, 4303.427290, 0.878909, 0.005784, 0.023188
0, 4303.436955, 0.092670, 0.000043, 0.088723
2, 4303.445608, 0.006510, 0.000029, 0.019816
3, 4303.447094, 0.045921, 0.000067, -0.000628
1, 4303.448403, 0.883948, 0.005023, 0.033152
0, 4303.457901, 0.092723, 0.000037, 0.088472
2, 4303.465612, 0.006555, 0.000030, 0.019828
3, 4303.468069, 0.045989, 0.000053, -0.001680
1, 4303.469351, 0.894281, 0.010320, 0.026745
0, 4303.478166, 0.092786, 0.000048, 0.087517
2, 4303.485611, 0.006602, 0.000032, 0.019822
3, 4303.489066, 0.046091, 0.000086, -0.002689
1, 4303.490479, 0.900836, 0.006539, 0.029576
0, 4303.498518, 0.092915, 0.000107, 0.087186
2, 4303.505614, 0.006649, 0.000032, 0.019823
3, 4303.510191, 0.046193, 0.000087, -0.003687
1, 4303.511536, 0.906139, 0.005291, 0.029699
0, 4303.518790, 0.092998, 0.000060, 0.086881
2, 4303.525607, 0.006702, 0.000038, 0.019814
3, 4303.531298, 0.046286, 0.000077, -0.004802
1, 4303.532707, 0.911716, 0.005562, 0.028368
0, 4303.539013, 0.093062, 0.000041, 0.086626
2, 4303.545611, 0.006761, 0.000045, 0.019815
3, 4303.552354, 0.046376, 0.000075, -0.005907
1, 4303.553663, 0.922359, 0.010627, 0.022132
0, 4303.559235, 0.093121, 0.000046, 0.086409
2, 4303.565614, 0.006824, 0.000045, 0.019807
3, 4303.573481, 0.046486, 0.000094, -0.006981
1, 4303.574899, 0.928755, 0.006381, 0.025421
0, 4303.579484, 0.093211, 0.000074, 0.086156
2, 4303.585613, 0.006883, 0.000045, 0.019808
3, 4303.594611, 0.046589, 0.000087, -0.008101
1, 4303.595962, 0.934346, 0.005577, 0.024992
0, 4303.599711, 0.093274, 0.000047, 0.085934
2, 4303.605614, 0.006941, 0.000043, 0.019811
3, 4303.605641, 0.046668, 0.000063, -0.009208
1, 4303.607015, 0.939495, 0.005133, 0.024371
0, 4303.609800, 0.093312, 0.000021, 0.085732
2, 4303.625613, 0.006987, 0.000031, 0.019820
3, 4303.626573, 0.046753, 0.000075, -0.000245
1, 4303.627848, 0.950129, 0.010620, 0.027832
0, 4303.630010, 0.093359, 0.000040, 0.095633
2, 4303.645618, 0.007042, 0.000032, 0.019814
3, 4303.647648, 0.046856, 0.000091, -0.001195
1, 4303.649070, 0.956443, 0.006298, 0.031320
0, 4303.650227, 0.093411, 0.000043, 0.095420
2, 4303.665616, 0.007096, 0.000031, 0.019810
3, 4303.668776, 0.046954, 0.000082, -0.002264
1, 4303.670074, 0.961547, 0.005089, 0.031308
0, 4303.670461, 0.093483, 0.000064, 0.095181
2, 4303.685618, 0.007149, 0.000030, 0.019813
3, 4303.689870, 0.047090, 0.000087, -0.003429
1, 4303.691278, 0.966675, 0.005112, 0.030279
0, 4303.700782, 0.093542, 0.000052, 0.094960
2, 4303.705610, 0.007206, 0.000033, 0.019808
3, 4303.710868, 0.047164, 0.000058, -0.004461
1, 4303.712258, 0.977493, 0.010805, 0.023385
0, 4303.721011, 0.093605, 0.000047, 0.084636
2, 4303.725612, 0.007264, 0.000044, 0.019812
3, 4303.731934, 0.047260, 0.000081, -0.005483
1, 4303.733369, 0.983432, 0.005922, 0.027285
0, 4303.741274, 0.093680, 0.000052, 0.084395
2, 4303.745602, 0.007324, 0.000045, 0.019809
3, 4303.753078, 0.047359, 0.000083, -0.006551
1, 4303.754406, 0.988544, 0.005097, 0.027001
0, 4303.761545, 0.093807, 0.000105, 0.084080
2, 4303.765613, 0.007383, 0.000044, 0.019820
3, 4303.774329, 0.047450, 0.000076, -0.007688
1, 4303.775690, 0.994706, 0.006147, 0.024914
0, 4303.781808, 0.093884, 0.000053, 0.083859
2, 4303.785567, 0.007439, 0.000042, 0.019812
3, 4303.795409, 0.047532, 0.000073, -0.008930
1, 4303.796731, 0.999938, 0.005216, 0.024559
0, 4303.801988, 0.093945, 0.000039, 0.083612
2, 4303.805545, 0.007490, 0.000037, 0.019863
3, 4303.806337, 0.047603, 0.000055, -0.009998
1, 4303.808417, 1.010606, 0.010652, 0.018083
0, 4303.812059, 0.094005, 0.000050, 0.083433
2, 4303.825606, 0.007529, 0.000026, 0.019899
3, 4303.827455, 0.047671, 0.000061, -0.000924
1, 4303.828738, 1.017056, 0.006432, 0.030615
0, 4303.832277, 0.094089, 0.000072, 0.093338
2, 4303.845576, 0.007580, 0.000030, 0.019824
3, 4303.848497, 0.047755, 0.000068, -0.002057
1, 4303.849795, 1.022499, 0.005428, 0.031300
0, 4303.852463, 0.094147, 0.000042, 0.093146
2, 4303.865580, 0.007631, 0.000029, 0.019854
3, 4303.869433, 0.047839, 0.000070, -0.003099
1, 4303.870701, 1.027913, 0.005401, 0.030272
0, 4303.872633, 0.094188, 0.000031, 0.092976
2, 4303.885612, 0.007687, 0.000034, 0.019845
3, 4303.890454, 0.047920, 0.000068, -0.004033
1, 4303.891810, 1.038775, 0.010845, 0.023919
0, 4303.892795, 0.094231, 0.000035, 0.092805
2, 4303.905602, 0.007735, 0.000028, 0.019821
3, 4303.911431, 0.047991, 0.000060, -0.005043
1, 4303.912727, 1.045098, 0.006309, 0.027348
0, 4303.913042, 0.094320, 0.000082, 0.092596
2, 4303.925570, 0.007788, 0.000035, 0.019794
3, 4303.932496, 0.048084, 0.000077, -0.006042
1, 4303.933807, 1.050355, 0.005241, 0.027499
0, 4303.943429, 0.094382, 0.000056, 0.092376
2, 4303.945608, 0.007853, 0.000041, 0.019847
3, 4303.953503, 0.048170, 0.000070, -0.007099
1, 4303.954788, 1.055201, 0.004832, 0.026828
0, 4303.964400, 0.094439, 0.000035, 0.081995
2, 4303.965542, 0.007903, 0.000035, 0.019822
3, 4303.974504, 0.048266, 0.000085, -0.008118
1, 4303.975825, 1.066715, 0.011497, 0.019180
0, 4303.985394, 0.094505, 0.000049, 0.081015
2, 4303.985547, 0.007942, 0.000033, 0.019900
3, 4303.995550, 0.048344, 0.000061, -0.009099
1, 4303.996843, 1.072694, 0.005965, 0.023678
2, 4304.005570, 0.007994, 0.000041, 0.019882
3, 4304.006494, 0.048417, 0.000056, -0.010141
0, 4304.006666, 0.094585, 0.000058, 0.080006
1, 4304.008110, 1.078201, 0.005490, 0.023132
0, 4304.016840, 0.094644, 0.000052, 0.078755
2, 4304.025589, 0.008035, 0.000024, 0.019871
3, 4304.027641, 0.048485, 0.000060, -0.001081
1, 4304.028907, 1.083585, 0.005370, 0.031987
0, 4304.037023, 0.094708, 0.000042, 0.108578
2, 4304.045611, 0.008081, 0.000030, 0.019847
3, 4304.048662, 0.048573, 0.000072, -0.002247
1, 4304.049979, 1.096462, 0.012861, 0.023698
0, 4304.057264, 0.094763, 0.000044, 0.088403
2, 4304.065611, 0.008131, 0.000030, 0.019822
3, 4304.069642, 0.048670, 0.000081, -0.003276
1, 4304.070968, 1.103121, 0.006646, 0.028843
0, 4304.077618, 0.094887, 0.000108, 0.088091
2, 4304.085614, 0.008175, 0.000030, 0.019825
3, 4304.090699, 0.048768, 0.000083, -0.004258
1, 4304.091952, 1.108267, 0.005131, 0.029368
0, 4304.097875, 0.094957, 0.000046, 0.087793
2, 4304.105793, 0.008219, 0.000028, 0.019824
3, 4304.111655, 0.048855, 0.000071, -0.005305
1, 4304.112951, 1.113247, 0.004965, 0.028549
0, 4304.118093, 0.095018, 0.000042, 0.087545
2, 4304.125570, 0.008272, 0.000042, 0.019637
3, 4304.132715, 0.048940, 0.000070, -0.006259
1, 4304.134064, 1.124025, 0.010762, 0.041753
0, 4304.138345, 0.095104, 0.000074, 0.087303
2, 4304.145580, 0.008368, 0.000045, 0.019814
3, 4304.153767, 0.049036, 0.000080, -0.007329
1, 4304.155019, 1.130610, 0.006571, 0.024832
0, 4304.158570, 0.095167, 0.000048, 0.087072
2, 4304.165568, 0.008429, 0.000042, 0.019840
3, 4304.174813, 0.049135, 0.000083, -0.008383
1, 4304.176223, 1.135972, 0.005347, 0.025101
0, 4304.178790, 0.095224, 0.000042, 0.086853
2, 4304.185609, 0.008491, 0.000044, 0.019851
3, 4304.185711, 0.049221, 0.000070, -0.009418
1, 4304.186969, 1.141232, 0.005247, 0.023999
0, 4304.188875, 0.095258, 0.000021, 0.086657
2, 4304.205612, 0.008542, 0.000030, 0.019821
3, 4304.206656, 0.049303, 0.000073, -0.000311
1, 4304.208055, 1.152301, 0.011053, 0.027443
0, 4304.209065, 0.095326, 0.000060, 0.096538
2, 4304.225614, 0.008596, 0.000031, 0.019816
3, 4304.227682, 0.049396, 0.000080, -0.001267
1, 4304.229003, 1.157391, 0.005075, 0.032336
0, 4304.229276, 0.095376, 0.000043, 0.096366
2, 4304.245613, 0.008652, 0.000032, 0.019812
3, 4304.248821, 0.049494, 0.000082, -0.002298
1, 4304.250171, 1.163291, 0.005883, 0.030578
0, 4304.259687, 0.095435, 0.000053, 0.096145
2, 4304.265613, 0.008708, 0.000033, 0.019813
3, 4304.269838, 0.049572, 0.000062, -0.003417
1, 4304.271182, 1.174410, 0.011106, 0.024191
0, 4304.279983, 0.095507, 0.000056, 0.085723
2, 4304.285610, 0.008763, 0.000040, 0.019814
3, 4304.290897, 0.049666, 0.000078, -0.004451
1, 4304.292290, 1.181406, 0.006981, 0.027303
0, 4304.300413, 0.095714, 0.000109, 0.085291
2, 4304.305612, 0.008819, 0.000041, 0.019815
3, 4304.311975, 0.049771, 0.000089, -0.005520
1, 4304.313284, 1.186539, 0.005118, 0.028059
0, 4304.320716, 0.095792, 0.000056, 0.084990
2, 4304.325614, 0.008878, 0.000045, 0.019809
3, 4304.333084, 0.049890, 0.000104, -0.006613
1, 4304.334438, 1.191775, 0.005221, 0.026962
0, 4304.340884, 0.095856, 0.000041, 0.084700
2, 4304.345577, 0.008936, 0.000043, 0.019809
3, 4304.354034, 0.049978, 0.000073, -0.007690
1, 4304.355362, 1.202228, 0.010439, 0.020590
0, 4304.361101, 0.095941, 0.000071, 0.084512
2, 4304.365575, 0.008996, 0.000041, 0.019845
3, 4304.375157, 0.050085, 0.000091, -0.008659
1, 4304.376551, 1.209426, 0.007183, 0.022921
0, 4304.381278, 0.095998, 0.000042, 0.084322
2, 4304.385613, 0.009063, 0.000051, 0.019839
3, 4304.386071, 0.050165, 0.000064, -0.009755
1, 4304.387379, 1.215432, 0.005992, 0.022925
0, 4304.391372, 0.096041, 0.000027, 0.084161
2, 4304.405614, 0.009112, 0.000033, 0.019819
3, 4304.407138, 0.050268, 0.000090, -0.000693
1, 4304.408445, 1.221625, 0.006176, 0.031910
0, 4304.411587, 0.096094, 0.000038, 0.094056
2, 4304.425614, 0.009163, 0.000032, 0.019817
3, 4304.428099, 0.050351, 0.000067, -0.001739
1, 4304.429402, 1.232068, 0.010430, 0.026594
0, 4304.431829, 0.096174, 0.000070, 0.093813
2, 4304.445615, 0.009218, 0.000034, 0.019813
3, 4304.449200, 0.050460, 0.000092, -0.002726
1, 4304.450554, 1.237500, 0.005417, 0.030648
0, 4304.452038, 0.096231, 0.000045, 0.093595
2, 4304.465614, 0.009271, 0.000032, 0.019813
3, 4304.470268, 0.050561, 0.000084, -0.003818
1, 4304.471625, 1.243092, 0.005577, 0.029335
0, 4304.472253, 0.096282, 0.000041, 0.093392
2, 4304.485617, 0.009335, 0.000042, 0.019804
3, 4304.491337, 0.050653, 0.000076, -0.004878
1, 4304.492772, 1.253998, 0.010891, 0.022951
0, 4304.502476, 0.096346, 0.000056, 0.093164
2, 4304.505628, 0.009404, 0.000044, 0.019796
3, 4304.512485, 0.050757, 0.000088, -0.005959
1, 4304.513849, 1.260640, 0.006626, 0.026068
0, 4304.523529, 0.096420, 0.000050, 0.082931
2, 4304.525613, 0.009465, 0.000046, 0.019793
3, 4304.533682, 0.050848, 0.000075, -0.007094
1, 4304.535072, 1.266570, 0.005914, 0.025703
0, 4304.544736, 0.096535, 0.000092, 0.081837
2, 4304.545566, 0.009521, 0.000041, 0.019811
3, 4304.554871, 0.050940, 0.000077, -0.008293
1, 4304.556288, 1.271465, 0.004882, 0.025514
2, 4304.565547, 0.009570, 0.000037, 0.019865
3, 4304.565786, 0.051011, 0.000055, -0.009461
0, 4304.566586, 0.096603, 0.000044, 0.080678
1, 4304.568420, 1.282707, 0.011225, 0.017951
0, 4304.576718, 0.096652, 0.000036, 0.078845
2, 4304.585611, 0.009615, 0.000030, 0.019890
3, 4304.586874, 0.051075, 0.000057, -0.000368
1, 4304.588195, 1.289635, 0.006888, 0.030133
0, 4304.597865, 0.096711, 0.000036, 0.108704
2, 4304.605611, 0.009660, 0.000031, 0.019824
3, 4304.607961, 0.051179, 0.000088, -0.001496
1, 4304.609340, 1.294530, 0.004881, 0.032391
0, 4304.618986, 0.096834, 0.000099, 0.087494
2, 4304.625612, 0.009706, 0.000031, 0.019824
3, 4304.629145, 0.051260, 0.000066, -0.002561
1, 4304.630443, 1.300966, 0.006421, 0.029705
0, 4304.640159, 0.096899, 0.000042, 0.086430
2, 4304.645612, 0.009753, 0.000032, 0.019822
3, 4304.650252, 0.051365, 0.000090, -0.003768
1, 4304.651655, 1.306554, 0.005571, 0.029451
0, 4304.661159, 0.096956, 0.000034, 0.085265
2, 4304.665608, 0.009805, 0.000037, 0.019817
3, 4304.671274, 0.051439, 0.000058, -0.004843
1, 4304.672583, 1.318079, 0.011511, 0.022302
0, 4304.681417, 0.097021, 0.000050, 0.084256
2, 4304.685616, 0.009866, 0.000044, 0.019813
3, 4304.692305, 0.051531, 0.000077, -0.005885
1, 4304.693717, 1.325098, 0.007003, 0.045880
0, 4304.701740, 0.097157, 0.000113, 0.083929
2, 4304.705614, 0.009925, 0.000044, 0.019807
3, 4304.713419, 0.051631, 0.000085, -0.006924
1, 4304.714684, 1.331045, 0.005935, 0.025817
0, 4304.722001, 0.097241, 0.000061, 0.083657
2, 4304.725610, 0.009984, 0.000044, 0.019808
3, 4304.734495, 0.051731, 0.000085, -0.008038
1, 4304.735874, 1.336764, 0.005704, 0.025079
0, 4304.742231, 0.097310, 0.000045, 0.083412
2, 4304.745541, 0.010033, 0.000034, 0.019822
3, 4304.755506, 0.051822, 0.000076, -0.009105
1, 4304.756886, 1.347709, 0.010930, 0.018663
0, 4304.762452, 0.097367, 0.000042, 0.083192
2, 4304.765607, 0.010093, 0.000051, 0.019879
3, 4304.766527, 0.051908, 0.000069, -0.010110
1, 4304.767881, 1.354458, 0.006733, 0.021846
0, 4304.772585, 0.097448, 0.000064, 0.082948
2, 4304.785620, 0.010139, 0.000031, 0.019828
3, 4304.787552, 0.052004, 0.000082, -0.001141
1, 4304.788850, 1.360242, 0.005769, 0.031816
0, 4304.792807, 0.097512, 0.000047, 0.092832
2, 4304.805616, 0.010189, 0.000033, 0.019811
3, 4304.808617, 0.052103, 0.000083, -0.002168
1, 4304.809920, 1.365609, 0.005351, 0.031265
0, 4304.813022, 0.097566, 0.000038, 0.092619
2, 4304.825612, 0.010238, 0.000033, 0.019816
3, 4304.829551, 0.052186, 0.000068, -0.003219
1, 4304.830856, 1.376899, 0.011275, 0.024272
0, 4304.833189, 0.097614, 0.000038, 0.092411
2, 4304.845614, 0.010292, 0.000032, 0.019817
3, 4304.850643, 0.052296, 0.000094, -0.004178
1, 4304.852044, 1.382958, 0.006044, 0.028566
0, 4304.853432, 0.097695, 0.000070, 0.092210
2, 4304.865570, 0.010354, 0.000040, 0.019805
3, 4304.871666, 0.052391, 0.000078, -0.005255
1, 4304.873031, 1.389070, 0.006097, 0.027325
0, 4304.873650, 0.097749, 0.000044, 0.091994
2, 4304.885616, 0.010420, 0.000041, 0.019846
3, 4304.892828, 0.052496, 0.000091, -0.006289
1, 4304.894224, 1.393961, 0.004874, 0.027560
0, 4304.903876, 0.097803, 0.000046, 0.091777
2, 4304.905541, 0.010477, 0.000034, 0.019809
3, 4304.913859, 0.052591, 0.000079, -0.007440
1, 4304.915168, 1.405782, 0.011806, 0.019437
0, 4304.924839, 0.097865, 0.000047, 0.081542
2, 4304.925575, 0.010526, 0.000041, 0.019891
3, 4304.934993, 0.052680, 0.000073, -0.008467
1, 4304.936383, 1.412224, 0.006427, 0.023871
2, 4304.945613, 0.010592, 0.000053, 0.019840
3, 4304.945909, 0.052758, 0.000063, -0.009590
0, 4304.946790, 0.097957, 0.000069, 0.080550
1, 4304.947256, 1.417300, 0.005063, 0.024021
0, 4304.956924, 0.098019, 0.000047, 0.078629
2, 4304.965610, 0.010649, 0.000033, 0.019812
3, 4304.967075, 0.052840, 0.000068, -0.000509
1, 4304.968388, 1.422354, 0.005041, 0.033171
0, 4304.977911, 0.098072, 0.000031, 0.108504
2, 4304.985613, 0.010696, 0.000031, 0.019825
3, 4304.988018, 0.052924, 0.000069, -0.001677
1, 4304.989325, 1.433152, 0.010783, 0.026296
0, 4304.998992, 0.098138, 0.000049, 0.087504
2, 4305.005614, 0.010744, 0.000032, 0.019821
3, 4305.009101, 0.053014, 0.000074, -0.002626
1, 4305.010411, 1.439795, 0.006628, 0.029513
0, 4305.020185, 0.098370, 0.000209, 0.086257
2, 4305.025610, 0.010791, 0.000031, 0.019822
3, 4305.030111, 0.053103, 0.000074, -0.003709
1, 4305.031444, 1.445226, 0.005417, 0.029639
0, 4305.041153, 0.098433, 0.000045, 0.085234
2, 4305.045612, 0.010881, 0.000076, 0.019780
3, 4305.051205, 0.053234, 0.000083, -0.004760
1, 4305.052565, 1.450517, 0.005274, 0.028748
0, 4305.062101, 0.098487, 0.000031, 0.084274
2, 4305.065569, 0.010938, 0.000042, 0.019813
3, 4305.072210, 0.053334, 0.000085, -0.005823
1, 4305.073506, 1.461797, 0.011266, 0.041636
0, 4305.083184, 0.098560, 0.000058, 0.083307
2, 4305.085612, 0.010997, 0.000045, 0.019853
3, 4305.093341, 0.053425, 0.000075, -0.006819
1, 4305.094738, 1.468814, 0.007001, 0.024959
0, 4305.104366, 0.098676, 0.000092, 0.082182
2, 4305.105609, 0.011057, 0.000045, 0.019809
3, 4305.114405, 0.053521, 0.000080, -0.007954
1, 4305.115695, 1.474743, 0.005915, 0.024815
0, 4305.125405, 0.098743, 0.000043, 0.081049
2, 4305.125547, 0.011112, 0.000040, 0.019817
3, 4305.135490, 0.053623, 0.000087, -0.009025
1, 4305.136908, 1.479803, 0.005044, 0.024726
2, 4305.145545, 0.011165, 0.000043, 0.019880
0, 4305.146411, 0.098796, 0.000032, 0.080023
3, 4305.146423, 0.053691, 0.000053, -0.010076
1, 4305.148704, 1.490506, 0.010689, 0.017870
0, 4305.156526, 0.098839, 0.000037, 0.079026
2, 4305.165613, 0.011211, 0.000031, 0.019891
3, 4305.167381, 0.053770, 0.000075, -0.001023
1, 4305.168754, 1.497423, 0.006900, 0.029861
0, 4305.176838, 0.098969, 0.000107, 0.088825
2, 4305.185612, 0.011258, 0.000031, 0.019822
3, 4305.188473, 0.053858, 0.000075, -0.001988
1, 4305.189785, 1.502979, 0.005542, 0.031172
0, 4305.197146, 0.099054, 0.000062, 0.088559
2, 4305.205618, 0.011303, 0.000031, 0.019823
3, 4305.209540, 0.053955, 0.000081, -0.003088
1, 4305.210871, 1.508458, 0.005464, 0.030217
0, 4305.217376, 0.099122, 0.000044, 0.088268
2, 4305.225615, 0.011348, 0.000030, 0.019818
3, 4305.230499, 0.054039, 0.000068, -0.004142
1, 4305.231806, 1.519016, 0.010542, 0.024053
0, 4305.237598, 0.099181, 0.000043, 0.088046
2, 4305.245609, 0.011407, 0.000039, 0.019807
3, 4305.251571, 0.054140, 0.000086, -0.005118
1, 4305.252996, 1.525936, 0.006903, 0.026756
0, 4305.257848, 0.099271, 0.000073, 0.087793
2, 4305.265612, 0.011462, 0.000040, 0.019817
3, 4305.272714, 0.054244, 0.000088, -0.006192
1, 4305.273992, 1.531335, 0.005384, 0.027086
0, 4305.278073, 0.099334, 0.000046, 0.087570
2, 4305.285613, 0.011526, 0.000049, 0.019806
3, 4305.293818, 0.054353, 0.000094, -0.007341
1, 4305.295209, 1.537322, 0.005969, 0.025503
0, 4305.298227, 0.099384, 0.000034, 0.087357
2, 4305.305544, 0.011578, 0.000036, 0.019816
3, 4305.314850, 0.054446, 0.000077, -0.008429
1, 4305.316237, 1.547988, 0.010651, 0.019607
0, 4305.318439, 0.099433, 0.000039, 0.087204
2, 4305.325617, 0.011635, 0.000042, 0.019881
3, 4305.325837, 0.054535, 0.000073, -0.009456
1, 4305.327188, 1.554333, 0.006329, 0.022899
0, 4305.328521, 0.099464, 0.000021, 0.087011
2, 4305.345611, 0.011688, 0.000030, 0.019813
3, 4305.346846, 0.054631, 0.000082, -0.000451
1, 4305.348121, 1.560477, 0.006131, 0.032149
0, 4305.348762, 0.099544, 0.000073, 0.096880
2, 4305.365613, 0.011743, 0.000032, 0.019816
3, 4305.367901, 0.054734, 0.000087, -0.001467
1, 4305.369315, 1.565177, 0.004684, 0.032661
0, 4305.378994, 0.099609, 0.000058, 0.096654
2, 4305.385612, 0.011793, 0.000030, 0.019818
3, 4305.388945, 0.054819, 0.000069, -0.002504
1, 4305.390257, 1.575942, 0.010751, 0.025400
0, 4305.399926, 0.099671, 0.000047, 0.086425
2, 4305.405611, 0.011838, 0.000030, 0.019824
3, 4305.410035, 0.054907, 0.000073, -0.003552
1, 4305.411356, 1.582562, 0.006603, 0.028605
0, 4305.420977, 0.099729, 0.000036, 0.085497
2, 4305.425610, 0.011891, 0.000038, 0.019817
3, 4305.431039, 0.054990, 0.000068, -0.004637
1, 4305.432344, 1.587693, 0.005119, 0.028993
0, 4305.442055, 0.099856, 0.000105, 0.084377
2, 4305.445607, 0.011952, 0.000046, 0.019809
3, 4305.452214, 0.055075, 0.000069, -0.005642
1, 4305.453586, 1.594056, 0.006346, 0.026774
0, 4305.463222, 0.099933, 0.000051, 0.083350
2, 4305.465612, 0.012013, 0.000046, 0.019814
3, 4305.473304, 0.055172, 0.000081, -0.006829
1, 4305.474594, 1.598729, 0.004660, 0.027223
0, 4305.484224, 0.099989, 0.000033, 0.082203
2, 4305.485541, 0.012062, 0.000034, 0.019820
3, 4305.494326, 0.055269, 0.000081, -0.007919
1, 4305.495761, 1.609980, 0.011236, 0.019637
0, 4305.505328, 0.100078, 0.000046, 0.081168
2, 4305.505575, 0.012112, 0.000042, 0.019890
3, 4305.515483, 0.055357, 0.000072, -0.008933
1, 4305.516836, 1.616943, 0.006949, 0.022757
2, 4305.525616, 0.012179, 0.000055, 0.019839
3, 4305.526479, 0.055435, 0.000063, -0.010080
0, 4305.527323, 0.100135, 0.000034, 0.080096
1, 4305.527887, 1.622484, 0.005526, 0.023103
0, 4305.537442, 0.100183, 0.000036, 0.078110
2, 4305.545611, 0.012234, 0.000031, 0.019811
3, 4305.547593, 0.055514, 0.000065, -0.001076
1, 4305.548893, 1.628257, 0.005765, 0.031821
0, 4305.558550, 0.100260, 0.000055, 0.107962
2, 4305.565613, 0.012279, 0.000030, 0.019825
3, 4305.568633, 0.055602, 0.000073, -0.002199
1, 4305.570001, 1.639700, 0.011426, 0.025146
0, 4305.579543, 0.100320, 0.000046, 0.086871
2, 4305.585615, 0.012326, 0.000032, 0.019821
3, 4305.589708, 0.055688, 0.000071, -0.003238
1, 4305.591069, 1.647805, 0.008092, 0.027375
0, 4305.600768, 0.100380, 0.000037, 0.085877
2, 4305.605614, 0.012370, 0.000029, 0.019821
3, 4305.610800, 0.055789, 0.000085, -0.004326
1, 4305.612158, 1.653754, 0.005933, 0.028463
0, 4305.621808, 0.100507, 0.000103, 0.084587
2, 4305.625606, 0.012427, 0.000042, 0.019811
3, 4305.631832, 0.055876, 0.000072, -0.005405
1, 4305.633179, 1.659718, 0.005950, 0.027359
0, 4305.642908, 0.100572, 0.000044, 0.083611
2, 4305.645613, 0.012485, 0.000043, 0.019817
3, 4305.652995, 0.055978, 0.000087, -0.006453
1, 4305.654387, 1.665376, 0.005643, 0.046644
0, 4305.663967, 0.100638, 0.000045, 0.082507
2, 4305.665609, 0.012544, 0.000044, 0.019809
3, 4305.674121, 0.056063, 0.000069, -0.007598
1, 4305.675453, 1.670443, 0.005053, 0.026028
0, 4305.685074, 0.100692, 0.000032, 0.081460
2, 4305.685548, 0.012596, 0.000037, 0.019820
3, 4305.695176, 0.056155, 0.000077, -0.008731
1, 4305.696556, 1.680553, 0.010095, 0.019918
2, 4305.705616, 0.012657, 0.000050, 0.019872
0, 4305.706138, 0.100808, 0.000101, 0.080290
3, 4305.706161, 0.056234, 0.000064, -0.009774
1, 4305.707454, 1.685389, 0.004821, 0.024090
0, 4305.716375, 0.100868, 0.000047, 0.079283
2, 4305.725515, 0.012707, 0.000027, 0.019816
3, 4305.727165, 0.056321, 0.000078, -0.000767
1, 4305.728497, 1.691102, 0.005700, 0.032313
0, 4305.736547, 0.100920, 0.000038, 0.089054
2, 4305.745613, 0.012752, 0.000030, 0.019921
3, 4305.748117, 0.056400, 0.000066, -0.001762
1, 4305.749439, 1.703147, 0.012030, 0.024940
0, 4305.756747, 0.100984, 0.000050, 0.088870
2, 4305.765612, 0.012800, 0.000031, 0.019820
3, 4305.769209, 0.056507, 0.000091, -0.002742
1, 4305.770497, 1.709411, 0.006249, 0.029778
0, 4305.777014, 0.101061, 0.000054, 0.088657
2, 4305.785599, 0.012838, 0.000024, 0.019830
3, 4305.790228, 0.056600, 0.000078, -0.003820
1, 4305.791473, 1.714633, 0.005208, 0.029763
0, 4305.797270, 0.101137, 0.000054, 0.088391
2, 4305.805578, 0.012893, 0.000046, 0.019826
3, 4305.811186, 0.056688, 0.000073, -0.004835
1, 4305.812507, 1.719399, 0.004749, 0.029242
0, 4305.817622, 0.101324, 0.000165, 0.088024
2, 4305.825592, 0.012955, 0.000041, 0.019842
3, 4305.832121, 0.056772, 0.000069, -0.005788
1, 4305.833399, 1.731174, 0.011762, 0.021200
0, 4305.837832, 0.101396, 0.000060, 0.087787
2, 4305.845606, 0.013021, 0.000044, 0.019825
3, 4305.853166, 0.056869, 0.000083, -0.006735
1, 4305.854535, 1.739663, 0.008473, 0.023593
0, 4305.858052, 0.101457, 0.000046, 0.087588
2, 4305.865620, 0.013087, 0.000046, 0.019811
3, 4305.874266, 0.056974, 0.000089, -0.007789
1, 4305.875613, 1.744923, 0.005246, 0.025687
0, 4305.878366, 0.101529, 0.000056, 0.087357
2, 4305.885545, 0.013143, 0.000039, 0.019805
3, 4305.895371, 0.057066, 0.000076, -0.008876
1, 4305.896811, 1.750796, 0.005858, 0.023995
0, 4305.898553, 0.101598, 0.000055, 0.087046
2, 4305.905607, 0.013207, 0.000048, 0.019872
3, 4305.906356, 0.057139, 0.000060, -0.009962
1, 4305.907639, 1.756510, 0.005699, 0.022957
0, 4305.908726, 0.101720, 0.000112, 0.086806
2, 4305.925623, 0.013259, 0.000032, 0.019823
3, 4305.927415, 0.057235, 0.000083, -0.000971
1, 4305.928808, 1.761066, 0.004540, 0.033286
0, 4305.928952, 0.101786, 0.000058, 0.096688
2, 4305.945542, 0.013300, 0.000019, 0.019818
3, 4305.948385, 0.057306, 0.000055, -0.002004
1, 4305.949887, 1.781033, 0.019929, 0.016706
0, 4305.959271, 0.101862, 0.000071, 0.096452
2, 4305.965620, 0.013343, 0.000030, 0.019897
3, 4305.969429, 0.057369, 0.000056, -0.002967
1, 4305.970840, 1.789960, 0.008911, 0.026668
0, 4305.980462, 0.101945, 0.000059, 0.086128
2, 4305.985608, 0.013387, 0.000030, 0.019816
3, 4305.990538, 0.057468, 0.000084, -0.004046
1, 4305.991844, 1.795861, 0.005886, 0.028740
0, 4306.001701, 0.102147, 0.000180, 0.084817
2, 4306.005608, 0.013441, 0.000039, 0.019820
3, 4306.011616, 0.057562, 0.000078, -0.005150
1, 4306.013003, 1.800703, 0.004825, 0.028796
0, 4306.022690, 0.102276, 0.000112, 0.083651
2, 4306.025605, 0.013490, 0.000037, 0.019823
3, 4306.032704, 0.057649, 0.000072, -0.006222
1, 4306.033966, 1.805970, 0.005255, 0.027211
0, 4306.043634, 0.102344, 0.000051, 0.082724
2, 4306.045573, 0.013541, 0.000039, 0.019824
3, 4306.053725, 0.057739, 0.000076, -0.007312
1, 4306.055095, 1.816639, 0.010654, 0.020847
0, 4306.064705, 0.102435, 0.000075, 0.081757
2, 4306.065572, 0.013597, 0.000042, 0.019851
3, 4306.074851, 0.057825, 0.000071, -0.008330
1, 4306.076245, 1.823019, 0.006366, 0.024006
2, 4306.085609, 0.013652, 0.000042, 0.019853
3, 4306.085837, 0.057909, 0.000068, -0.009453
0, 4306.086659, 0.102516, 0.000058, 0.080696
1, 4306.087222, 1.828137, 0.005102, 0.024119
0, 4306.096824, 0.102594, 0.000067, 0.078743
2, 4306.105606, 0.013704, 0.000029, 0.019823
3, 4306.106973, 0.057989, 0.000066, -0.000435
1, 4306.108239, 1.833065, 0.004919, 0.033331
0, 4306.117938, 0.102738, 0.000121, 0.108514
2, 4306.125618, 0.013745, 0.000030, 0.019833
3, 4306.127950, 0.058085, 0.000082, -0.001586
1, 4306.129419, 1.844659, 0.011578, 0.025649
0, 4306.139003, 0.102835, 0.000081, 0.087445
2, 4306.145607, 0.013790, 0.000029, 0.019818
3, 4306.149140, 0.058168, 0.000068, -0.002551
1, 4306.150435, 1.852562, 0.007887, 0.028160
0, 4306.160171, 0.102920, 0.000063, 0.086392
2, 4306.165620, 0.013835, 0.000033, 0.019829
3, 4306.170250, 0.058263, 0.000082, -0.003753
1, 4306.171630, 1.858474, 0.005897, 0.029133
0, 4306.181258, 0.103000, 0.000056, 0.085231
2, 4306.185604, 0.013885, 0.000036, 0.019811
3, 4306.191307, 0.058354, 0.000075, -0.004859
1, 4306.192670, 1.864168, 0.005679, 0.028158
0, 4306.202504, 0.103180, 0.000159, 0.084043
2, 4306.205620, 0.013938, 0.000041, 0.019824
3, 4306.212488, 0.058454, 0.000084, -0.005925
1, 4306.213874, 1.869678, 0.005493, 0.047302
0, 4306.223491, 0.103263, 0.000065, 0.082894
2, 4306.225603, 0.013989, 0.000036, 0.019811
3, 4306.233567, 0.058542, 0.000073, -0.007094
1, 4306.234914, 1.874880, 0.005189, 0.026405
0, 4306.244564, 0.103333, 0.000050, 0.081919
2, 4306.245573, 0.014041, 0.000039, 0.019826
3, 4306.254631, 0.058637, 0.000080, -0.008181
1, 4306.256038, 1.885279, 0.010384, 0.020168
0, 4306.265568, 0.103415, 0.000066, 0.080835
2, 4306.265603, 0.014082, 0.000028, 0.019866
3, 4306.275700, 0.058718, 0.000068, -0.009231
1, 4306.277056, 1.891522, 0.006190, 0.023236
2, 4306.285609, 0.014143, 0.000053, 0.019816
3, 4306.286743, 0.058796, 0.000065, -0.010297
0, 4306.287700, 0.103576, 0.000141, 0.079752
1, 4306.288288, 1.896751, 0.005215, 0.023197
0, 4306.297879, 0.103683, 0.000095, 0.077674
2, 4306.305606, 0.014198, 0.000031, 0.019818
3, 4306.308034, 0.058876, 0.000064, -0.001341
1, 4306.309275, 1.901802, 0.005041, 0.032142
0, 4306.318926, 0.103760, 0.000055, 0.107524
2, 4306.325620, 0.014244, 0.000031, 0.019829
3, 4306.329008, 0.058961, 0.000072, -0.002637
1, 4306.330432, 1.912164, 0.010346, 0.025845
0, 4306.340073, 0.103880, 0.000103, 0.086435
2, 4306.345606, 0.014286, 0.000028, 0.019819
3, 4306.350222, 0.059046, 0.000069, -0.003611
1, 4306.351495, 1.918598, 0.006418, 0.028615
0, 4306.361313, 0.104047, 0.000143, 0.085242
2, 4306.365617, 0.014337, 0.000039, 0.019824
3, 4306.371260, 0.059137, 0.000078, -0.004831
1, 4306.372572, 1.923796, 0.005181, 0.028788
0, 4306.382219, 0.104125, 0.000061, 0.084090
2, 4306.385599, 0.014387, 0.000035, 0.019814
3, 4306.392278, 0.059235, 0.000083, -0.005877
1, 4306.393529, 1.928911, 0.005102, 0.027793
0, 4306.403195, 0.104214, 0.000066, 0.083172
2, 4306.405574, 0.014463, 0.000038, 0.019806
3, 4306.413257, 0.059324, 0.000076, -0.006886
1, 4306.414598, 1.939651, 0.010724, 0.041212
0, 4306.424263, 0.104394, 0.000164, 0.082106
2, 4306.425570, 0.014518, 0.000040, 0.019851
3, 4306.434398, 0.059401, 0.000061, -0.007851
1, 4306.435672, 1.945982, 0.006315, 0.024553
0, 4306.445449, 0.104501, 0.000091, 0.081112
2, 4306.445545, 0.014568, 0.000037, 0.019861
3, 4306.455484, 0.059494, 0.000078, -0.009009
1, 4306.456896, 1.951895, 0.005897, 0.023896
2, 4306.465610, 0.014628, 0.000051, 0.019875
3, 4306.466448, 0.059567, 0.000060, -0.010075
0, 4306.467352, 0.104581, 0.000056, 0.079953
1, 4306.467820, 1.956901, 0.004993, 0.023579
0, 4306.477475, 0.104646, 0.000052, 0.078063
2, 4306.485607, 0.014681, 0.000030, 0.019819
3, 4306.487633, 0.059644, 0.000063, -0.001044
1, 4306.489000, 1.966570, 0.009659, 0.027992
0, 4306.498740, 0.104826, 0.000160, 0.107826
2, 4306.505629, 0.014727, 0.000031, 0.019828
3, 4306.508722, 0.059738, 0.000079, -0.002246
1, 4306.509998, 1.971264, 0.004679, 0.031788
0, 4306.519743, 0.104917, 0.000074, 0.086650
2, 4306.525620, 0.014774, 0.000032, 0.019805
3, 4306.529799, 0.059834, 0.000081, -0.003336
1, 4306.531156, 1.976592, 0.005314, 0.030155
0, 4306.540705, 0.104990, 0.000050, 0.085665
2, 4306.545606, 0.014813, 0.000025, 0.019821
3, 4306.550758, 0.059928, 0.000078, -0.004411
1, 4306.552177, 1.987433, 0.010828, 0.023484
0, 4306.561807, 0.105075, 0.000069, 0.084691
2, 4306.565604, 0.014860, 0.000034, 0.019829
3, 4306.571953, 0.060015, 0.000071, -0.005363
1, 4306.573399, 1.994280, 0.006832, 0.026457
0, 4306.583151, 0.105257, 0.000161, 0.083493
2, 4306.585618, 0.014914, 0.000042, 0.019822
3, 4306.593120, 0.060127, 0.000100, -0.006584
1, 4306.594459, 1.999427, 0.005132, 0.046935
0, 4306.604197, 0.105340, 0.000065, 0.082248
2, 4306.605620, 0.014974, 0.000045, 0.019803
3, 4306.614256, 0.060225, 0.000083, -0.007736
1, 4306.615590, 2.005399, 0.005956, 0.025051
0, 4306.625141, 0.105414, 0.000051, 0.081210
2, 4306.625540, 0.015022, 0.000033, 0.019812
3, 4306.635221, 0.060308, 0.000067, -0.008857
1, 4306.636527, 2.015791, 0.010378, 0.019500
2, 4306.645609, 0.015074, 0.000046, 0.019889
0, 4306.646192, 0.105500, 0.000071, 0.080254
3, 4306.646217, 0.060377, 0.000055, -0.009808
1, 4306.647549, 2.022430, 0.006624, 0.022315
0, 4306.656341, 0.105560, 0.000046, 0.079229
2, 4306.665607, 0.015127, 0.000031, 0.019820
3, 4306.667175, 0.060466, 0.000080, -0.000825
1, 4306.668455, 2.028225, 0.005781, 0.032136
0, 4306.676726, 0.105751, 0.000176, 0.088948
2, 4306.685619, 0.015175, 0.000033, 0.019826
3, 4306.688252, 0.060563, 0.000084, -0.001791
1, 4306.689565, 2.033464, 0.005221, 0.031788
0, 4306.696964, 0.105832, 0.000064, 0.088675
2, 4306.705606, 0.015218, 0.000028, 0.019819
3, 4306.709209, 0.060650, 0.000071, -0.002857
1, 4306.710504, 2.044064, 0.010587, 0.025316
0, 4306.717221, 0.105919, 0.000074, 0.088429
2, 4306.725621, 0.015263, 0.000030, 0.019830
3, 4306.730310, 0.060757, 0.000090, -0.003833
1, 4306.731718, 2.050011, 0.005932, 0.029030
0, 4306.737523, 0.106022, 0.000081, 0.088157
2, 4306.745593, 0.015313, 0.000036, 0.019809
3, 4306.751390, 0.060848, 0.000076, -0.004920
1, 4306.752746, 2.055302, 0.005278, 0.028473
0, 4306.757753, 0.106106, 0.000061, 0.087875
2, 4306.765608, 0.015366, 0.000041, 0.019835
3, 4306.772528, 0.060948, 0.000084, -0.006008
1, 4306.773876, 2.061537, 0.006220, 0.026500
0, 4306.778060, 0.106251, 0.000129, 0.087582
2, 4306.785621, 0.015422, 0.000043, 0.019816
3, 4306.793598, 0.061046, 0.000085, -0.007145
1, 4306.794953, 2.067225, 0.005675, 0.025917
0, 4306.798304, 0.106325, 0.000057, 0.087347
2, 4306.805551, 0.015478, 0.000040, 0.019803
3, 4306.814691, 0.061138, 0.000076, -0.008207
1, 4306.816132, 2.077875, 0.010634, 0.019878
0, 4306.818546, 0.106394, 0.000059, 0.087107
2, 4306.825612, 0.015539, 0.000040, 0.019870
3, 4306.825641, 0.061206, 0.000052, -0.009277
1, 4306.826907, 2.083860, 0.005970, 0.023365
0, 4306.828736, 0.106532, 0.000125, 0.086796
2, 4306.845609, 0.015590, 0.000030, 0.019820
3, 4306.846633, 0.061294, 0.000080, -0.000249
1, 4306.847935, 2.088402, 0.004527, 0.034032
0, 4306.848969, 0.106623, 0.000057, 0.096653
2, 4306.865612, 0.015655, 0.000046, 0.019808
3, 4306.867638, 0.061386, 0.000079, -0.001244
1, 4306.869005, 2.094248, 0.005831, 0.031701
0, 4306.869192, 0.106687, 0.000057, 0.096448
2, 4306.885609, 0.015706, 0.000029, 0.019820
3, 4306.888794, 0.061483, 0.000081, -0.002253
1, 4306.890122, 2.100165, 0.005901, 0.030559
0, 4306.899667, 0.106765, 0.000072, 0.096210
2, 4306.905618, 0.015757, 0.000030, 0.019822
3, 4306.909817, 0.061554, 0.000058, -0.003383
1, 4306.911143, 2.110246, 0.010068, 0.025279
0, 4306.920114, 0.106981, 0.000199, 0.085598
2, 4306.925619, 0.015799, 0.000026, 0.019822
3, 4306.930860, 0.061657, 0.000088, -0.004439
1, 4306.932268, 2.115514, 0.005254, 0.029070
0, 4306.940432, 0.107066, 0.000069, 0.085281
2, 4306.945606, 0.015854, 0.000039, 0.019808
3, 4306.951918, 0.061756, 0.000083, -0.005477
1, 4306.953270, 2.121520, 0.005992, 0.027208
0, 4306.960672, 0.107149, 0.000061, 0.084967
2, 4306.965549, 0.015900, 0.000032, 0.019830
3, 4306.972957, 0.061849, 0.000080, -0.006529
1, 4306.974244, 2.132727, 0.011191, 0.021005
0, 4306.980986, 0.107335, 0.000170, 0.084622
2, 4306.985606, 0.015959, 0.000041, 0.019875
3, 4306.993959, 0.061941, 0.000076, -0.007567
1, 4306.995244, 2.139108, 0.006366, 0.024857
0, 4307.001233, 0.107437, 0.000086, 0.084393
2, 4307.005569, 0.016009, 0.000037, 0.019825
3, 4307.015062, 0.062032, 0.000075, -0.008568
1, 4307.016392, 2.145276, 0.006152, 0.024069
0, 4307.021472, 0.107520, 0.000060, 0.084166
2, 4307.025583, 0.016069, 0.000051, 0.019852
3, 4307.025906, 0.062099, 0.000054, -0.009648
1, 4307.027154, 2.149730, 0.004439, 0.024636
0, 4307.031578, 0.107575, 0.000040, 0.083954
2, 4307.045601, 0.016113, 0.000029, 0.019854
3, 4307.046890, 0.062194, 0.000082, -0.000520
1, 4307.048230, 2.159554, 0.009808, 0.028503
0, 4307.051839, 0.107716, 0.000130, 0.093761
2, 4307.065606, 0.016164, 0.000030, 0.019831
3, 4307.067856, 0.062284, 0.000077, -0.001499
1, 4307.069188, 2.163997, 0.004429, 0.032808
0, 4307.072084, 0.107820, 0.000089, 0.093538
2, 4307.085622, 0.016212, 0.000034, 0.019827
3, 4307.088989, 0.062385, 0.000085, -0.002475
1, 4307.090323, 2.169199, 0.005186, 0.031092
0, 4307.092317, 0.107886, 0.000052, 0.093331
2, 4307.105623, 0.016265, 0.000033, 0.019806
3, 4307.109982, 0.062470, 0.000070, -0.003592
1, 4307.111309, 2.179533, 0.010320, 0.024824
0, 4307.112520, 0.107961, 0.000067, 0.093088
2, 4307.125608, 0.016329, 0.000039, 0.019796
3, 4307.131091, 0.062563, 0.000077, -0.004592
1, 4307.132453, 2.186173, 0.006624, 0.027534
0, 4307.132770, 0.108064, 0.000094, 0.092858
2, 4307.145624, 0.016394, 0.000043, 0.019808
3, 4307.152148, 0.062663, 0.000084, -0.005709
1, 4307.153450, 2.191871, 0.005685, 0.027330
0, 4307.163154, 0.108152, 0.000082, 0.092622
2, 4307.165618, 0.016463, 0.000045, 0.019789
3, 4307.173316, 0.062751, 0.000072, -0.006754
1, 4307.174718, 2.197320, 0.005432, 0.026583
0, 4307.184274, 0.108225, 0.000050, 0.082255
2, 4307.185573, 0.016519, 0.000042, 0.019807
3, 4307.194367, 0.062845, 0.000078, -0.007928
1, 4307.195727, 2.207952, 0.010620, 0.020131
0, 4307.205503, 0.108409, 0.000167, 0.081024
2, 4307.205538, 0.016569, 0.000036, 0.019858
3, 4307.215642, 0.062931, 0.000070, -0.008970
1, 4307.217018, 2.214385, 0.006417, 0.023322
2, 4307.225621, 0.016622, 0.000049, 0.019888
3, 4307.226560, 0.063003, 0.000056, -0.010232
0, 4307.227465, 0.108510, 0.000084, 0.079877
1, 4307.227931, 2.219330, 0.004929, 0.023518
0, 4307.237624, 0.108590, 0.000066, 0.077936
2, 4307.245605, 0.016678, 0.000031, 0.019806
3, 4307.247777, 0.063082, 0.000066, -0.001157
1, 4307.249120, 2.224969, 0.005628, 0.031911
0, 4307.258698, 0.108673, 0.000061, 0.107774
2, 4307.265605, 0.016720, 0.000028, 0.019834
3, 4307.268783, 0.063167, 0.000069, -0.002380
1, 4307.270088, 2.234534, 0.009549, 0.026797
0, 4307.279805, 0.108750, 0.000055, 0.086706
2, 4307.285619, 0.016762, 0.000030, 0.019834
3, 4307.289882, 0.063269, 0.000087, -0.003403
1, 4307.291312, 2.239328, 0.004778, 0.030599
0, 4307.301035, 0.108957, 0.000184, 0.085470
2, 4307.305617, 0.016817, 0.000040, 0.019807
3, 4307.311143, 0.063377, 0.000060, -0.004508
1, 4307.312502, 2.244594, 0.005253, 0.028903
0, 4307.322156, 0.109030, 0.000056, 0.084374
2, 4307.325569, 0.016873, 0.000041, 0.019808
3, 4307.332243, 0.063481, 0.000089, -0.005765
1, 4307.333603, 2.256014, 0.011404, 0.021559
0, 4307.343193, 0.109108, 0.000063, 0.083247
2, 4307.345619, 0.016932, 0.000045, 0.019853
3, 4307.353356, 0.063562, 0.000066, -0.006843
1, 4307.354630, 2.261359, 0.005331, 0.046534
0, 4307.364348, 0.109185, 0.000057, 0.082211
2, 4307.365606, 0.016989, 0.000042, 0.019806
3, 4307.374419, 0.063655, 0.000080, -0.007968
1, 4307.375769, 2.266895, 0.005522, 0.025315
0, 4307.385559, 0.109403, 0.000198, 0.080915
2, 4307.385580, 0.017029, 0.000028, 0.019834
3, 4307.395488, 0.063751, 0.000080, -0.009033
1, 4307.396848, 2.272348, 0.005439, 0.024259
2, 4307.405614, 0.017082, 0.000049, 0.019846
3, 4307.406476, 0.063829, 0.000065, -0.010084
0, 4307.407308, 0.109481, 0.000061, 0.079845
1, 4307.407865, 2.277334, 0.004971, 0.023648
0, 4307.417436, 0.109557, 0.000064, 0.078097
2, 4307.425605, 0.017133, 0.000027, 0.019818
3, 4307.427580, 0.063900, 0.000058, -0.001065
1, 4307.428904, 2.288483, 0.011140, 0.026466
0, 4307.437737, 0.109639, 0.000067, 0.107963
2, 4307.445607, 0.017176, 0.000030, 0.019834
3, 4307.448627, 0.063992, 0.000079, -0.002191
1, 4307.450004, 2.294469, 0.005968, 0.030592
0, 4307.458191, 0.109878, 0.000217, 0.087506
2, 4307.465608, 0.017221, 0.000030, 0.019829
3, 4307.469719, 0.064090, 0.000082, -0.003242
1, 4307.471057, 2.298930, 0.004448, 0.031016
0, 4307.478515, 0.109980, 0.000086, 0.087188
2, 4307.485619, 0.017265, 0.000030, 0.019828
3, 4307.490765, 0.064188, 0.000083, -0.004335
1, 4307.492183, 2.304101, 0.005157, 0.029254
0, 4307.498763, 0.110063, 0.000060, 0.086883
2, 4307.505576, 0.017317, 0.000038, 0.019810
3, 4307.511789, 0.064272, 0.000069, -0.005367
1, 4307.513168, 2.316459, 0.012346, 0.020941
0, 4307.519001, 0.110139, 0.000062, 0.086642
2, 4307.525619, 0.017375, 0.000039, 0.019848
3, 4307.532960, 0.064370, 0.000082, -0.006405
1, 4307.534286, 2.322500, 0.006025, 0.046271
0, 4307.539318, 0.110309, 0.000155, 0.086309
2, 4307.545626, 0.017430, 0.000043, 0.019807
3, 4307.554005, 0.064462, 0.000079, -0.007571
1, 4307.555305, 2.327735, 0.005220, 0.025960
0, 4307.559569, 0.110391, 0.000065, 0.086081
2, 4307.565578, 0.017488, 0.000043, 0.019797
3, 4307.575087, 0.064563, 0.000085, -0.008624
1, 4307.576417, 2.333113, 0.005363, 0.024798
0, 4307.579825, 0.110479, 0.000072, 0.085824
2, 4307.585544, 0.017545, 0.000038, 0.019847
3, 4307.585898, 0.064627, 0.000048, -0.009669
1, 4307.590158, 2.345926, 0.012799, 0.016253
0, 4307.600103, 0.110608, 0.000120, 0.085526
2, 4307.605605, 0.017583, 0.000026, 0.019900
3, 4307.606908, 0.064707, 0.000074, -0.000497
1, 4307.608291, 2.352200, 0.006257, 0.029049
0, 4307.610220, 0.110673, 0.000043, 0.085313
2, 4307.625609, 0.017623, 0.000028, 0.019835
3, 4307.627964, 0.064801, 0.000081, -0.001521
1, 4307.629304, 2.357078, 0.004863, 0.032312
0, 4307.630533, 0.110824, 0.000139, 0.095110
2, 4307.645622, 0.017676, 0.000031, 0.019820
3, 4307.649096, 0.064895, 0.000081, -0.002576
1, 4307.650470, 2.362593, 0.005500, 0.030662
0, 4307.650736, 0.110881, 0.000048, 0.094890
2, 4307.665622, 0.017733, 0.000033, 0.019803
3, 4307.670126, 0.064989, 0.000077, -0.003707
1, 4307.671441, 2.374721, 0.012115, 0.022884
0, 4307.681127, 0.110961, 0.000074, 0.094664
2, 4307.685603, 0.017811, 0.000055, 0.019782
3, 4307.691256, 0.065075, 0.000070, -0.004730
1, 4307.692646, 2.380105, 0.005368, 0.028655
0, 4307.702438, 0.111170, 0.000182, 0.084146
2, 4307.705610, 0.017865, 0.000042, 0.019824
3, 4307.712391, 0.065175, 0.000084, -0.005874
1, 4307.713732, 2.385680, 0.005560, 0.027262
0, 4307.723469, 0.111251, 0.000064, 0.082962
2, 4307.725605, 0.017922, 0.000043, 0.019813
3, 4307.733528, 0.065268, 0.000078, -0.007003
1, 4307.734933, 2.391630, 0.005935, 0.025800
0, 4307.744576, 0.111333, 0.000061, 0.081930
2, 4307.745573, 0.017976, 0.000041, 0.019822
3, 4307.754651, 0.065361, 0.000078, -0.008139
1, 4307.755993, 2.397466, 0.005821, 0.024712
2, 4307.765547, 0.018063, 0.000038, 0.019821
3, 4307.765597, 0.065440, 0.000063, -0.009248
0, 4307.766374, 0.111414, 0.000059, 0.080823
1, 4307.768639, 2.409011, 0.011488, 0.017943
0, 4307.776647, 0.111615, 0.000187, 0.078906
2, 4307.785618, 0.018108, 0.000030, 0.019889
3, 4307.786787, 0.065496, 0.000052, -0.000173
1, 4307.788150, 2.413916, 0.004893, 0.031937
0, 4307.797838, 0.111720, 0.000089, 0.108729
2, 4307.805605, 0.018154, 0.000031, 0.019817
3, 4307.807879, 0.065592, 0.000080, -0.001401
1, 4307.809258, 2.419558, 0.005627, 0.031690
0, 4307.818807, 0.111793, 0.000050, 0.087570
2, 4307.825597, 0.018197, 0.000028, 0.019833
3, 4307.828890, 0.065680, 0.000072, -0.002485
1, 4307.830208, 2.431965, 0.012393, 0.023816
0, 4307.839901, 0.111881, 0.000072, 0.086586
2, 4307.845619, 0.018243, 0.000032, 0.019838
3, 4307.850062, 0.065780, 0.000074, -0.003509
1, 4307.851460, 2.438269, 0.006288, 0.028969
0, 4307.861213, 0.112078, 0.000175, 0.085383
2, 4307.865604, 0.018294, 0.000036, 0.019811
3, 4307.871129, 0.065870, 0.000074, -0.004670
1, 4307.872450, 2.443572, 0.005290, 0.028718
0, 4307.882170, 0.112155, 0.000060, 0.084192
2, 4307.885607, 0.018348, 0.000041, 0.019823
3, 4307.892251, 0.065981, 0.000096, -0.005759
1, 4307.893645, 2.449044, 0.005456, 0.047560
0, 4307.903200, 0.112227, 0.000047, 0.083240
2, 4307.905541, 0.018397, 0.000034, 0.019825
3, 4307.913269, 0.066070, 0.000073, -0.006858
1, 4307.914570, 2.461358, 0.012301, 0.019522
0, 4307.924253, 0.112307, 0.000065, 0.082200
2, 4307.925606, 0.018447, 0.000042, 0.019889
3, 4307.934407, 0.066153, 0.000070, -0.007871
1, 4307.935787, 2.467555, 0.006180, 0.024715
0, 4307.945400, 0.112381, 0.000052, 0.081155
2, 4307.945544, 0.018492, 0.000032, 0.019830
3, 4307.955477, 0.066245, 0.000076, -0.009017
1, 4307.956818, 2.472358, 0.004787, 0.024884
2, 4307.965613, 0.018552, 0.000051, 0.019876
3, 4307.966461, 0.066320, 0.000062, -0.010070
0, 4307.967388, 0.112561, 0.000160, 0.079901
1, 4307.967906, 2.477954, 0.005581, 0.023067
0, 4307.977498, 0.112619, 0.000046, 0.078035
2, 4307.985619, 0.018606, 0.000030, 0.019815
3, 4307.987641, 0.066390, 0.000057, -0.001049
1, 4307.989000, 2.490239, 0.012277, 0.025290
0, 4307.997787, 0.112703, 0.000069, 0.107899
2, 4308.005610, 0.018652, 0.000030, 0.019816
3, 4308.008725, 0.066485, 0.000079, -0.002254
1, 4308.010076, 2.495606, 0.005351, 0.031114
0, 4308.018111, 0.112818, 0.000095, 0.087579
2, 4308.025605, 0.018694, 0.000027, 0.019829
3, 4308.029797, 0.066580, 0.000079, -0.003338
1, 4308.031146, 2.501201, 0.005581, 0.029810
0, 4308.038403, 0.112912, 0.000073, 0.087276
2, 4308.045622, 0.018733, 0.000026, 0.019837
3, 4308.050899, 0.066681, 0.000086, -0.004417
1, 4308.052330, 2.506835, 0.005618, 0.028702
0, 4308.058831, 0.113143, 0.000208, 0.086847
2, 4308.065583, 0.018789, 0.000041, 0.019803
3, 4308.071993, 0.066774, 0.000077, -0.005510
1, 4308.073322, 2.512089, 0.005238, 0.027897
0, 4308.079060, 0.113214, 0.000054, 0.086579
2, 4308.085544, 0.018837, 0.000033, 0.019850
3, 4308.093052, 0.066925, 0.000079, -0.006663
1, 4308.094463, 2.524649, 0.012547, 0.039599
0, 4308.099307, 0.113292, 0.000065, 0.086343
2, 4308.105608, 0.018895, 0.000044, 0.019879
3, 4308.114127, 0.067026, 0.000085, -0.007671
1, 4308.115403, 2.530253, 0.005591, 0.025415
0, 4308.119547, 0.113371, 0.000062, 0.086094
2, 4308.125582, 0.018951, 0.000042, 0.019816
3, 4308.135183, 0.067119, 0.000080, -0.008739
1, 4308.136529, 2.535614, 0.005346, 0.024718
0, 4308.139777, 0.113442, 0.000055, 0.085862
2, 4308.145608, 0.019014, 0.000047, 0.019836
3, 4308.146072, 0.067190, 0.000058, -0.009773
1, 4308.147407, 2.541126, 0.005497, 0.023440
0, 4308.149975, 0.113589, 0.000131, 0.085558
2, 4308.165614, 0.019063, 0.000030, 0.019824
3, 4308.167175, 0.067289, 0.000086, -0.000689
1, 4308.168508, 2.546863, 0.005722, 0.032337
0, 4308.170213, 0.113654, 0.000054, 0.095440
2, 4308.185621, 0.019117, 0.000031, 0.019814
3, 4308.188158, 0.067373, 0.000068, -0.001777
1, 4308.189497, 2.558815, 0.011937, 0.025022
0, 4308.190366, 0.113705, 0.000043, 0.095217
2, 4308.205623, 0.019171, 0.000031, 0.019807
3, 4308.209304, 0.067480, 0.000090, -0.002782
1, 4308.210670, 2.564293, 0.005437, 0.030506
0, 4308.220713, 0.113791, 0.000080, 0.095027
2, 4308.225619, 0.019224, 0.000029, 0.019807
3, 4308.230359, 0.067581, 0.000085, -0.003923
1, 4308.231671, 2.569692, 0.005384, 0.029414
0, 4308.241498, 0.113971, 0.000155, 0.084589
2, 4308.245604, 0.019277, 0.000038, 0.019809
3, 4308.251449, 0.067675, 0.000079, -0.004971
1, 4308.252819, 2.575614, 0.005907, 0.027888
0, 4308.262430, 0.114041, 0.000053, 0.083913
2, 4308.265604, 0.019328, 0.000038, 0.019826
3, 4308.272499, 0.067768, 0.000078, -0.006061
1, 4308.273772, 2.580106, 0.004479, 0.028171
0, 4308.283422, 0.114113, 0.000051, 0.082979
2, 4308.285548, 0.019376, 0.000036, 0.019829
3, 4308.293512, 0.067858, 0.000077, -0.007107
1, 4308.294945, 2.591955, 0.011834, 0.019860
0, 4308.304544, 0.114198, 0.000068, 0.081974
2, 4308.305572, 0.019429, 0.000040, 0.019879
3, 4308.314693, 0.067948, 0.000074, -0.008120
1, 4308.316056, 2.597548, 0.005578, 0.024944
2, 4308.325613, 0.019483, 0.000041, 0.019855
3, 4308.325645, 0.068026, 0.000063, -0.009289
0, 4308.326537, 0.114364, 0.000143, 0.080772
1, 4308.327057, 2.602740, 0.005177, 0.024233
0, 4308.336683, 0.114432, 0.000058, 0.078875
2, 4308.345621, 0.019538, 0.000033, 0.019814
3, 4308.346832, 0.068096, 0.000061, -0.000234
1, 4308.348156, 2.606038, 0.003288, 0.035126
0, 4308.357725, 0.114503, 0.000049, 0.108727
2, 4308.365605, 0.019577, 0.000027, 0.019820
3, 4308.367804, 0.068201, 0.000092, -0.001456
1, 4308.369222, 2.616290, 0.010237, 0.027074
0, 4308.378798, 0.114576, 0.000059, 0.087684
2, 4308.385606, 0.019620, 0.000030, 0.019833
3, 4308.388946, 0.068277, 0.000063, -0.002399
1, 4308.390225, 2.620436, 0.004133, 0.032113
0, 4308.400099, 0.114825, 0.000229, 0.086434
2, 4308.405620, 0.019664, 0.000032, 0.019831
3, 4308.410019, 0.068375, 0.000084, -0.003562
1, 4308.411431, 2.625194, 0.004741, 0.030498
0, 4308.421044, 0.114892, 0.000051, 0.085314
2, 4308.425604, 0.019719, 0.000040, 0.019806
3, 4308.431096, 0.068464, 0.000074, -0.004626
1, 4308.432362, 2.628472, 0.003266, 0.030772
0, 4308.441995, 0.114964, 0.000050, 0.084366
2, 4308.445619, 0.019772, 0.000041, 0.019823
3, 4308.452095, 0.068549, 0.000070, -0.005700
1, 4308.453454, 2.639024, 0.010537, 0.042568
0, 4308.463048, 0.115045, 0.000065, 0.083405
2, 4308.465612, 0.019832, 0.000044, 0.019802
3, 4308.473208, 0.068631, 0.000069, -0.006695
1, 4308.474503, 2.644446, 0.005408, 0.026606
0, 4308.484331, 0.115234, 0.000166, 0.082245
2, 4308.485613, 0.019892, 0.000045, 0.019808
3, 4308.494296, 0.068734, 0.000087, -0.007829
1, 4308.495636, 2.648996, 0.004535, 0.026428
0, 4308.505276, 0.115303, 0.000052, 0.081082
2, 4308.505579, 0.019948, 0.000041, 0.019812
3, 4308.515354, 0.068825, 0.000076, -0.008906
1, 4308.516705, 2.653431, 0.004421, 0.025411
2, 4308.525545, 0.020004, 0.000043, 0.019846
3, 4308.526310, 0.068896, 0.000058, -0.009943
0, 4308.527103, 0.115388, 0.000063, 0.080120
1, 4308.529290, 2.664912, 0.011466, 0.017296
0, 4308.537229, 0.115434, 0.000035, 0.078331
2, 4308.545610, 0.020049, 0.000029, 0.019892
3, 4308.547373, 0.068959, 0.000056, -0.000892
1, 4308.548735, 2.669822, 0.004897, 0.031280
0, 4308.558530, 0.115591, 0.000135, 0.108096
2, 4308.565608, 0.020095, 0.000032, 0.019824
3, 4308.568531, 0.069055, 0.000081, -0.001987
1, 4308.569870, 2.674674, 0.004835, 0.031894
0, 4308.579499, 0.115638, 0.000031, 0.086904
2, 4308.585622, 0.020141, 0.000031, 0.019827
3, 4308.589597, 0.069142, 0.000071, -0.003136
1, 4308.590914, 2.678765, 0.004079, 0.031520
0, 4308.600610, 0.115798, 0.000136, 0.085823
2, 4308.605620, 0.020186, 0.000030, 0.019814
3, 4308.610766, 0.069216, 0.000059, -0.004190
1, 4308.612155, 2.689169, 0.010389, 0.024163
0, 4308.620926, 0.115884, 0.000070, 0.084785
2, 4308.625604, 0.020242, 0.000041, 0.019805
3, 4308.631787, 0.069307, 0.000075, -0.005375
1, 4308.633119, 2.693383, 0.004199, 0.029112
0, 4308.641207, 0.115971, 0.000066, 0.084468
2, 4308.645605, 0.020292, 0.000037, 0.019827
3, 4308.652899, 0.069403, 0.000081, -0.006402
1, 4308.654244, 2.697326, 0.003926, 0.048420
0, 4308.661492, 0.116065, 0.000073, 0.084180
2, 4308.665619, 0.020348, 0.000044, 0.019820
3, 4308.673962, 0.069527, 0.000078, -0.007542
1, 4308.675230, 2.700892, 0.003552, 0.027671
0, 4308.681695, 0.116151, 0.000063, 0.083903
2, 4308.685573, 0.020403, 0.000040, 0.019807
3, 4308.695051, 0.069629, 0.000087, -0.008583
1, 4308.696482, 2.707884, 0.006979, 0.023259
0, 4308.701942, 0.116217, 0.000048, 0.083721
2, 4308.705618, 0.020474, 0.000057, 0.019837
3, 4308.706010, 0.069709, 0.000064, -0.009648
1, 4308.707325, 2.710876, 0.002978, 0.026007
0, 4308.712127, 0.116362, 0.000122, 0.083394
2, 4308.725611, 0.020518, 0.000030, 0.019819
3, 4308.727056, 0.069795, 0.000073, -0.000615
1, 4308.728387, 2.721399, 0.010508, 0.027634
0, 4308.732348, 0.116433, 0.000059, 0.093282
2, 4308.745619, 0.020570, 0.000032, 0.019819
3, 4308.748081, 0.069890, 0.000082, -0.001669
1, 4308.749392, 2.727059, 0.005646, 0.031435
0, 4308.752591, 0.116507, 0.000059, 0.093059
2, 4308.765586, 0.020620, 0.000033, 0.019812
3, 4308.769349, 0.069979, 0.000073, -0.002688
1, 4308.770657, 2.732015, 0.004940, 0.031133
0, 4308.772787, 0.116576, 0.000054, 0.092820
2, 4308.785775, 0.020663, 0.000022, 0.019852
3, 4308.790355, 0.070074, 0.000079, -0.003962
1, 4308.791616, 2.737474, 0.005441, 0.029357
0, 4308.793032, 0.116625, 0.000037, 0.092645
2, 4308.805576, 0.020724, 0.000046, 0.019645
3, 4308.811288, 0.070159, 0.000069, -0.004959
1, 4308.812620, 2.741695, 0.004206, 0.029644
0, 4308.813252, 0.116720, 0.000083, 0.092353
2, 4308.825578, 0.020789, 0.000042, 0.019840
3, 4308.832242, 0.070252, 0.000073, -0.005898
1, 4308.833498, 2.745525, 0.003817, 0.029032
0, 4308.843544, 0.116806, 0.000079, 0.092142
2, 4308.845583, 0.020852, 0.000040, 0.019841
3, 4308.853220, 0.070347, 0.000080, -0.006855
1, 4308.854730, 2.754286, 0.008746, 0.023222
0, 4308.864178, 0.116884, 0.000057, 0.081858
2, 4308.865573, 0.020907, 0.000042, 0.019843
3, 4308.874280, 0.070428, 0.000071, -0.007819
1, 4308.875528, 2.759829, 0.005527, 0.025209
0, 4308.885229, 0.116952, 0.000045, 0.081236
2, 4308.885568, 0.020951, 0.000032, 0.019862
3, 4308.895296, 0.070510, 0.000067, -0.008880
1, 4308.896633, 2.764758, 0.004913, 0.025024
2, 4308.905556, 0.021002, 0.000043, 0.019862
3, 4308.906210, 0.070573, 0.000050, -0.009878
0, 4308.907023, 0.117027, 0.000059, 0.080176
1, 4308.907493, 2.769695, 0.004922, 0.023912
0, 4308.917156, 0.117077, 0.000036, 0.078408
2, 4308.925582, 0.021055, 0.000030, 0.019874
3, 4308.927274, 0.070644, 0.000058, -0.000799
1, 4308.928585, 2.773506, 0.003802, 0.034177
0, 4308.938200, 0.117154, 0.000054, 0.108247
2, 4308.945609, 0.021101, 0.000030, 0.019853
3, 4308.948245, 0.070750, 0.000093, -0.001899
1, 4308.949498, 2.781096, 0.007576, 0.029306
0, 4308.959302, 0.117345, 0.000169, 0.087090
2, 4308.965606, 0.021142, 0.000028, 0.019831
3, 4308.969215, 0.070845, 0.000081, -0.002858
1, 4308.970541, 2.785542, 0.004428, 0.031537
0, 4308.980142, 0.117432, 0.000069, 0.086094
2, 4308.985619, 0.021187, 0.000030, 0.019832
3, 4308.990150, 0.070942, 0.000079, -0.003830
1, 4308.991439, 2.789489, 0.003933, 0.030993
0, 4309.001149, 0.117518, 0.000063, 0.085254
2, 4309.005607, 0.021248, 0.000044, 0.019803
3, 4309.011196, 0.071033, 0.000076, -0.004760
1, 4309.012537, 2.793456, 0.003952, 0.030075
0, 4309.022147, 0.117611, 0.000068, 0.084240
2, 4309.025592, 0.021303, 0.000039, 0.019820
3, 4309.032156, 0.071136, 0.000083, -0.005816
1, 4309.033399, 2.797401, 0.003932, 0.048999
0, 4309.043100, 0.117664, 0.000031, 0.083280
2, 4309.045582, 0.021358, 0.000041, 0.019835
3, 4309.053169, 0.071235, 0.000081, -0.006773
1, 4309.054490, 2.801205, 0.003788, 0.028278
0, 4309.064068, 0.117749, 0.000065, 0.082296
2, 4309.065583, 0.021413, 0.000041, 0.019844
3, 4309.074234, 0.071321, 0.000065, -0.007773
1, 4309.075478, 2.804698, 0.003480, 0.027498
0, 4309.085197, 0.117881, 0.000109, 0.081281
2, 4309.085541, 0.021461, 0.000033, 0.019852
3, 4309.095216, 0.071411, 0.000077, -0.008843
1, 4309.096612, 2.816368, 0.011654, 0.018334
2, 4309.105588, 0.021514, 0.000046, 0.019887
0, 4309.106181, 0.117980, 0.000082, 0.080185
3, 4309.106206, 0.071480, 0.000056, -0.009804
1, 4309.107435, 2.821102, 0.004720, 0.024136
0, 4309.116298, 0.118021, 0.000028, 0.079258
2, 4309.125618, 0.021603, 0.000033, 0.019805
3, 4309.127177, 0.071568, 0.000078, -0.000813
1, 4309.128489, 2.825455, 0.004338, 0.033692
0, 4309.136528, 0.118107, 0.000069, 0.089097
2, 4309.145622, 0.021654, 0.000035, 0.019813
3, 4309.148110, 0.071657, 0.000075, -0.001784
1, 4309.149352, 2.829377, 0.003908, 0.033070
0, 4309.156772, 0.118196, 0.000067, 0.088863
2, 4309.165605, 0.021699, 0.000029, 0.019815
3, 4309.169095, 0.071749, 0.000079, -0.002721
1, 4309.170384, 2.832316, 0.002924, 0.033191
0, 4309.177022, 0.118288, 0.000071, 0.088618
2, 4309.185551, 0.021742, 0.000027, 0.019833
3, 4309.190021, 0.071840, 0.000077, -0.003704
1, 4309.191285, 2.835476, 0.003145, 0.031937
0, 4309.197230, 0.118371, 0.000061, 0.088375
2, 4309.205582, 0.021790, 0.000036, 0.019882
3, 4309.210977, 0.071928, 0.000072, -0.004627
1, 4309.212362, 2.845405, 0.009914, 0.024268
0, 4309.217409, 0.118428, 0.000040, 0.088194
2, 4309.225607, 0.021846, 0.000039, 0.019843
3, 4309.231980, 0.072030, 0.000087, -0.005597
1, 4309.233343, 2.851691, 0.006272, 0.026834
0, 4309.237694, 0.118575, 0.000131, 0.087925
2, 4309.245582, 0.021898, 0.000039, 0.019822
3, 4309.253102, 0.072196, 0.000151, -0.006664
1, 4309.254447, 2.856180, 0.004473, 0.027649
0, 4309.257936, 0.118658, 0.000067, 0.087703
2, 4309.265584, 0.021953, 0.000041, 0.019843
3, 4309.274120, 0.072286, 0.000074, -0.007709
1, 4309.275371, 2.860886, 0.004692, 0.026329
0, 4309.278208, 0.118730, 0.000057, 0.087472
2, 4309.285585, 0.022016, 0.000043, 0.019835
3, 4309.295141, 0.072377, 0.000078, -0.008729
1, 4309.296483, 2.865353, 0.004452, 0.025643
0, 4309.298425, 0.118786, 0.000040, 0.087218
2, 4309.305624, 0.022092, 0.000053, 0.019821
3, 4309.306034, 0.072449, 0.000058, -0.009730
1, 4309.307290, 2.868775, 0.003407, 0.025577
0, 4309.308535, 0.118845, 0.000046, 0.086997
2, 4309.325603, 0.022143, 0.000030, 0.019805
3, 4309.327033, 0.072537, 0.000075, -0.000641
1, 4309.328387, 2.872965, 0.004176, 0.034000
0, 4309.328713, 0.118888, 0.000033, 0.096902
2, 4309.345576, 0.022198, 0.000031, 0.019823
3, 4309.347962, 0.072624, 0.000073, -0.001638
1, 4309.349349, 2.877170, 0.004192, 0.032889
0, 4309.359054, 0.119012, 0.000118, 0.096643
2, 4309.365606, 0.022249, 0.000028, 0.019856
3, 4309.369052, 0.072711, 0.000073, -0.002568
1, 4309.370371, 2.887737, 0.010550, 0.025566
0, 4309.379939, 0.119094, 0.000065, 0.086346
2, 4309.385598, 0.022285, 0.000023, 0.019838
3, 4309.390067, 0.072788, 0.000061, -0.003648
1, 4309.391338, 2.893182, 0.005430, 0.029666
0, 4309.401033, 0.119175, 0.000058, 0.085462
2, 4309.405584, 0.022336, 0.000043, 0.019831
3, 4309.411070, 0.072878, 0.000074, -0.004675
1, 4309.412384, 2.897680, 0.004483, 0.029644
0, 4309.422075, 0.119367, 0.000165, 0.084256
2, 4309.425607, 0.022391, 0.000040, 0.019843
3, 4309.432017, 0.072975, 0.000078, -0.005685
1, 4309.433283, 2.901404, 0.003710, 0.029373
0, 4309.442977, 0.119449, 0.000066, 0.083324
2, 4309.445604, 0.022444, 0.000041, 0.019821
3, 4309.453011, 0.073072, 0.000081, -0.006632
1, 4309.454328, 2.905458, 0.004038, 0.028145
0, 4309.463910, 0.119530, 0.000059, 0.082423
2, 4309.465582, 0.022497, 0.000041, 0.019823
3, 4309.473931, 0.073163, 0.000075, -0.007620
1, 4309.475186, 2.908647, 0.003176, 0.027964
0, 4309.484892, 0.119611, 0.000058, 0.081490
2, 4309.485585, 0.022551, 0.000040, 0.019846
3, 4309.494980, 0.073262, 0.000080, -0.008547
1, 4309.496350, 2.917503, 0.008842, 0.021440
2, 4309.505587, 0.022600, 0.000037, 0.019846
3, 4309.505874, 0.073344, 0.000070, -0.009581
0, 4309.506676, 0.119670, 0.000037, 0.080530
1, 4309.507171, 2.921073, 0.003555, 0.025561
0, 4309.516805, 0.119740, 0.000056, 0.078735
2, 4309.525607, 0.022656, 0.000032, 0.019839
3, 4309.526929, 0.073419, 0.000062, -0.000468
1, 4309.528287, 2.924661, 0.003576, 0.034722
0, 4309.537789, 0.119813, 0.000051, 0.108603
2, 4309.545568, 0.022696, 0.000028, 0.019834
3, 4309.547835, 0.073503, 0.000070, -0.001531
1, 4309.549150, 2.935017, 0.010344, 0.026838
0, 4309.558811, 0.119872, 0.000042, 0.087633
2, 4309.565606, 0.022739, 0.000028, 0.019870
3, 4309.568938, 0.073586, 0.000069, -0.002436
1, 4309.570292, 2.940553, 0.005492, 0.030795
0, 4309.579968, 0.120034, 0.000139, 0.086508
2, 4309.585605, 0.022779, 0.000027, 0.019835
3, 4309.589957, 0.073675, 0.000074, -0.003546
1, 4309.591244, 2.945001, 0.004433, 0.030742
0, 4309.600936, 0.120103, 0.000053, 0.085443
2, 4309.605605, 0.022832, 0.000041, 0.019823
3, 4309.610970, 0.073762, 0.000073, -0.004562
1, 4309.612337, 2.948831, 0.003816, 0.030407
0, 4309.621908, 0.120183, 0.000057, 0.084466
2, 4309.625608, 0.022888, 0.000043, 0.019820
3, 4309.631958, 0.073848, 0.000071, -0.005575
1, 4309.633311, 2.951868, 0.003021, 0.050108
0, 4309.642982, 0.120239, 0.000033, 0.083516
2, 4309.645585, 0.022939, 0.000038, 0.019822
3, 4309.653054, 0.073940, 0.000077, -0.006568
1, 4309.654390, 2.956075, 0.004192, 0.027963
0, 4309.664125, 0.120481, 0.000220, 0.082257
2, 4309.665563, 0.022992, 0.000040, 0.019842
3, 4309.674254, 0.074018, 0.000062, -0.007650
1, 4309.675514, 2.960126, 0.004036, 0.027041
0, 4309.685217, 0.120557, 0.000060, 0.081279
2, 4309.685583, 0.023052, 0.000043, 0.019858
3, 4309.695274, 0.074108, 0.000077, -0.008862
1, 4309.696633, 2.964029, 0.003889, 0.026064
2, 4309.705585, 0.023113, 0.000049, 0.019836
3, 4309.706191, 0.074175, 0.000053, -0.009858
0, 4309.707057, 0.120640, 0.000061, 0.080181
1, 4309.707545, 2.972040, 0.007995, 0.020838
0, 4309.717185, 0.120689, 0.000035, 0.078375
2, 4309.725616, 0.023167, 0.000030, 0.019844
3, 4309.727312, 0.074274, 0.000072, -0.000809
1, 4309.728641, 2.975604, 0.003552, 0.034372
0, 4309.738266, 0.120788, 0.000061, 0.108197
2, 4309.745605, 0.023209, 0.000028, 0.019823
3, 4309.748314, 0.074358, 0.000070, -0.001914
1, 4309.749587, 2.979210, 0.003592, 0.033234
0, 4309.759257, 0.120854, 0.000039, 0.087149
2, 4309.765606, 0.023250, 0.000029, 0.019835
3, 4309.769315, 0.074474, 0.000085, -0.002949
1, 4309.770630, 2.982635, 0.003408, 0.032469
0, 4309.780245, 0.121017, 0.000140, 0.086061
2, 4309.785608, 0.023290, 0.000028, 0.019835
3, 4309.790378, 0.074555, 0.000060, -0.003913
1, 4309.791676, 2.990242, 0.007595, 0.027244
0, 4309.801350, 0.121098, 0.000060, 0.085155
2, 4309.805605, 0.023348, 0.000045, 0.019815
3, 4309.811363, 0.074644, 0.000076, -0.004986
1, 4309.812758, 2.994385, 0.004127, 0.029663
0, 4309.822326, 0.121177, 0.000057, 0.084052
2, 4309.825604, 0.023397, 0.000037, 0.019826
3, 4309.832342, 0.074739, 0.000075, -0.005976
1, 4309.833617, 2.998318, 0.003919, 0.048790
0, 4309.843321, 0.121264, 0.000064, 0.083069
2, 4309.845553, 0.023453, 0.000040, 0.019821
3, 4309.853352, 0.074841, 0.000085, -0.006962
1, 4309.854671, 3.002327, 0.003994, 0.027855
0, 4309.864271, 0.121327, 0.000033, 0.082097
2, 4309.865603, 0.023505, 0.000039, 0.019876
3, 4309.874369, 0.074936, 0.000076, -0.007966
1, 4309.875615, 3.006116, 0.003777, 0.027020
0, 4309.885291, 0.121387, 0.000042, 0.081150
2, 4309.885587, 0.023555, 0.000037, 0.019828
3, 4309.895423, 0.075013, 0.000064, -0.008965
1, 4309.896803, 3.009745, 0.003612, 0.026237
2, 4309.905582, 0.023617, 0.000049, 0.019832
3, 4309.906341, 0.075082, 0.000055, -0.010010
0, 4309.907249, 0.121523, 0.000115, 0.080055
1, 4309.907693, 3.017480, 0.007722, 0.020944
0, 4309.917400, 0.121600, 0.000063, 0.078154
2, 4309.925617, 0.023674, 0.000032, 0.019844
3, 4309.927550, 0.075160, 0.000065, -0.000937
1, 4309.928871, 3.021609, 0.004117, 0.033660
0, 4309.938527, 0.121679, 0.000057, 0.108002
2, 4309.945618, 0.023719, 0.000031, 0.019818
3, 4309.948607, 0.075250, 0.000075, -0.002158
1, 4309.949903, 3.025501, 0.003878, 0.032718
0, 4309.959590, 0.121733, 0.000032, 0.086901
2, 4309.965619, 0.023765, 0.000031, 0.019817
3, 4309.969701, 0.075346, 0.000081, -0.003221
1, 4309.971073, 3.029502, 0.003986, 0.031578
0, 4309.980682, 0.121825, 0.000070, 0.085799
2, 4309.985619, 0.023809, 0.000030, 0.019817
3, 4309.990772, 0.075430, 0.000068, -0.004303
1, 4309.992132, 3.033158, 0.003643, 0.030752
0, 4310.001771, 0.121878, 0.000029, 0.084747
2, 4310.005607, 0.023866, 0.000042, 0.019805
3, 4310.011871, 0.075514, 0.000068, -0.005375
1, 4310.013252, 3.036763, 0.003590, 0.029743
0, 4310.022938, 0.122040, 0.000142, 0.083547
2, 4310.025618, 0.023917, 0.000039, 0.019822
3, 4310.033093, 0.075610, 0.000055, -0.006486
1, 4310.034416, 3.044185, 0.007407, 0.044808
0, 4310.044149, 0.122119, 0.000062, 0.082463
2, 4310.045612, 0.023978, 0.000045, 0.019803
3, 4310.054220, 0.075712, 0.000087, -0.007713
1, 4310.055547, 3.048296, 0.004097, 0.026955
0, 4310.065170, 0.122196, 0.000053, 0.081256
2, 4310.065582, 0.024033, 0.000041, 0.019813
3, 4310.075244, 0.075801, 0.000073, -0.008827
1, 4310.076519, 3.052057, 0.003747, 0.026174
2, 4310.085621, 0.024102, 0.000056, 0.019830
3, 4310.086163, 0.075872, 0.000059, -0.009835
0, 4310.086973, 0.122252, 0.000035, 0.080256
1, 4310.087530, 3.055939, 0.003866, 0.025080
0, 4310.097121, 0.122321, 0.000059, 0.078438
2, 4310.105618, 0.024156, 0.000030, 0.019808
3, 4310.107269, 0.075946, 0.000061, -0.000756
1, 4310.108547, 3.059545, 0.003598, 0.034345
0, 4310.118272, 0.122377, 0.000034, 0.108304
2, 4310.125608, 0.024203, 0.000033, 0.019816
3, 4310.128386, 0.076038, 0.000076, -0.001878
1, 4310.129733, 3.063087, 0.003524, 0.033392
0, 4310.139374, 0.122503, 0.000104, 0.087083
2, 4310.145619, 0.024248, 0.000030, 0.019828
3, 4310.149528, 0.076119, 0.000066, -0.002985
1, 4310.150868, 3.069452, 0.006350, 0.029383
0, 4310.160592, 0.122585, 0.000061, 0.086026
2, 4310.165608, 0.024293, 0.000030, 0.019817
3, 4310.170669, 0.076214, 0.000080, -0.004141
1, 4310.172060, 3.073600, 0.004131, 0.030466
0, 4310.181658, 0.122660, 0.000054, 0.084814
2, 4310.185608, 0.024349, 0.000041, 0.019817
3, 4310.191709, 0.076300, 0.000069, -0.005272
1, 4310.193045, 3.077393, 0.003780, 0.029628
0, 4310.202735, 0.122714, 0.000033, 0.083769
2, 4310.205610, 0.024403, 0.000041, 0.019819
3, 4310.212844, 0.076394, 0.000079, -0.006322
1, 4310.214185, 3.081224, 0.003814, 0.048606
0, 4310.223789, 0.122803, 0.000066, 0.082658
2, 4310.225606, 0.024460, 0.000042, 0.019814
3, 4310.233948, 0.076473, 0.000063, -0.007441
1, 4310.235225, 3.084824, 0.003584, 0.027696
0, 4310.244919, 0.122854, 0.000030, 0.081641
2, 4310.245571, 0.024516, 0.000043, 0.019819
3, 4310.255017, 0.076564, 0.000075, -0.008557
1, 4310.256367, 3.088539, 0.003699, 0.026542
2, 4310.265609, 0.024565, 0.000036, 0.019861
0, 4310.265938, 0.122996, 0.000123, 0.080420
3, 4310.265961, 0.076627, 0.000050, -0.009599
1, 4310.267224, 3.094769, 0.006217, 0.022885
0, 4310.276230, 0.123054, 0.000044, 0.079484
2, 4310.285617, 0.024617, 0.000031, 0.019821
3, 4310.286921, 0.076707, 0.000075, -0.000561
1, 4310.288309, 3.098851, 0.004066, 0.034174
0, 4310.296619, 0.123144, 0.000072, 0.089054
2, 4310.305617, 0.024665, 0.000034, 0.019815
3, 4310.307941, 0.076795, 0.000075, -0.001527
1, 4310.309262, 3.102489, 0.003626, 0.033534
0, 4310.316879, 0.123215, 0.000049, 0.088792
2, 4310.325610, 0.024711, 0.000030, 0.019819
3, 4310.329086, 0.076893, 0.000082, -0.002556
1, 4310.330407, 3.106301, 0.003797, 0.032407
0, 4310.337211, 0.123315, 0.000077, 0.088502
2, 4310.345607, 0.024752, 0.000027, 0.019830
3, 4310.350119, 0.076990, 0.000081, -0.003701
1, 4310.351381, 3.109897, 0.003581, 0.031478
0, 4310.357462, 0.123384, 0.000046, 0.088201
2, 4310.365604, 0.024844, 0.000078, 0.019783
3, 4310.371159, 0.077081, 0.000076, -0.004729
1, 4310.372506, 3.113515, 0.003603, 0.030482
0, 4310.377727, 0.123492, 0.000086, 0.087911
2, 4310.385614, 0.024898, 0.000042, 0.019823
3, 4310.392203, 0.077178, 0.000082, -0.005774
1, 4310.393559, 3.119201, 0.005673, 0.027289
0, 4310.398012, 0.123588, 0.000080, 0.087658
2, 4310.405607, 0.024960, 0.000047, 0.019805
3, 4310.413357, 0.077283, 0.000089, -0.006826
1, 4310.414707, 3.123311, 0.004093, 0.027813
0, 4310.418252, 0.123669, 0.000058, 0.087388
2, 4310.425607, 0.025017, 0.000043, 0.019816
3, 4310.434385, 0.077373, 0.000075, -0.007965
1, 4310.435632, 3.126936, 0.003610, 0.027149
0, 4310.438469, 0.123724, 0.000039, 0.087174
2, 4310.445571, 0.025071, 0.000041, 0.019820
3, 4310.455439, 0.077472, 0.000086, -0.009003
1, 4310.456828, 3.130759, 0.003807, 0.026026
0, 4310.458713, 0.123802, 0.000061, 0.086934
2, 4310.465609, 0.025140, 0.000053, 0.019842
3, 4310.466379, 0.077545, 0.000057, -0.010030
1, 4310.467638, 3.134388, 0.003616, 0.025023
0, 4310.468829, 0.123866, 0.000026, 0.086704
2, 4310.485619, 0.025187, 0.000030, 0.019826
3, 4310.487403, 0.077642, 0.000083, -0.000994
1, 4310.488791, 3.138081, 0.003677, 0.034151
0, 4310.489060, 0.123937, 0.000061, 0.096581
2, 4310.505612, 0.025240, 0.000031, 0.019810
3, 4310.508471, 0.077731, 0.000074, -0.002011
1, 4310.509782, 3.144465, 0.006371, 0.030306
0, 4310.519486, 0.124025, 0.000082, 0.096332
2, 4310.525611, 0.025295, 0.000031, 0.019815
3, 4310.529637, 0.077814, 0.000067, -0.003072
1, 4310.531000, 3.149265, 0.004784, 0.030900
0, 4310.540610, 0.124082, 0.000034, 0.085938
2, 4310.545608, 0.025339, 0.000029, 0.019826
3, 4310.550713, 0.077908, 0.000078, -0.004248
1, 4310.551985, 3.153000, 0.003720, 0.030746
0, 4310.561662, 0.124164, 0.000059, 0.084789
2, 4310.565605, 0.025398, 0.000043, 0.019814
3, 4310.571775, 0.077989, 0.000065, -0.005312
1, 4310.573114, 3.156919, 0.003904, 0.029578
0, 4310.582789, 0.124272, 0.000087, 0.083710
2, 4310.585618, 0.025451, 0.000041, 0.019822
3, 4310.592853, 0.078081, 0.000078, -0.006387
1, 4310.594123, 3.160659, 0.003727, 0.028627
0, 4310.603834, 0.124329, 0.000033, 0.082636
2, 4310.605609, 0.025513, 0.000047, 0.019801
3, 4310.613943, 0.078179, 0.000082, -0.007469
1, 4310.615294, 3.164347, 0.003672, 0.027670
0, 4310.624899, 0.124414, 0.000062, 0.081562
2, 4310.625584, 0.025567, 0.000040, 0.019817
3, 4310.635043, 0.078254, 0.000059, -0.008536
1, 4310.636317, 3.168567, 0.004205, 0.025967
2, 4310.645607, 0.025638, 0.000057, 0.019826
3, 4310.645943, 0.078327, 0.000060, -0.009635
0, 4310.646835, 0.124592, 0.000157, 0.080405
1, 4310.647345, 3.172689, 0.004108, 0.025043
0, 4310.656955, 0.124637, 0.000033, 0.078600
2, 4310.665604, 0.025693, 0.000033, 0.019820
3, 4310.667106, 0.078401, 0.000061, -0.000535
1, 4310.668371, 3.175949, 0.003250, 0.034876
0, 4310.678057, 0.124692, 0.000033, 0.108471
2, 4310.685607, 0.025736, 0.000031, 0.019833
3, 4310.688151, 0.078495, 0.000081, -0.001718
1, 4310.689513, 3.179277, 0.003311, 0.033783
0, 4310.699072, 0.124754, 0.000040, 0.087362
2, 4310.705604, 0.025778, 0.000027, 0.019832
3, 4310.709226, 0.078571, 0.000061, -0.002746
1, 4310.710551, 3.182485, 0.003193, 0.032761
0, 4310.720209, 0.124821, 0.000047, 0.086343
2, 4310.725630, 0.025822, 0.000032, 0.019832
3, 4310.730370, 0.078656, 0.000069, -0.003829
1, 4310.731722, 3.186345, 0.003846, 0.031070
0, 4310.741350, 0.124874, 0.000030, 0.085219
2, 4310.745593, 0.025878, 0.000041, 0.019795
3, 4310.751425, 0.078741, 0.000069, -0.004973
1, 4310.752757, 3.189685, 0.003327, 0.030419
0, 4310.762385, 0.124936, 0.000041, 0.084069
2, 4310.765590, 0.025928, 0.000037, 0.019838
3, 4310.772517, 0.078823, 0.000066, -0.006025
1, 4310.773852, 3.199053, 0.009353, 0.043356
0, 4310.783445, 0.124984, 0.000031, 0.083047
2, 4310.785617, 0.025983, 0.000042, 0.019836
3, 4310.793549, 0.078911, 0.000076, -0.007124
1, 4310.794870, 3.201029, 0.001961, 0.029653
0, 4310.804529, 0.125046, 0.000042, 0.081974
2, 4310.805571, 0.026038, 0.000041, 0.019808
3, 4310.814683, 0.078990, 0.000064, -0.008147
1, 4310.816106, 3.204450, 0.003404, 0.027192
0, 4310.825628, 0.125099, 0.000030, 0.080899
2, 4310.825657, 0.026082, 0.000031, 0.019865
3, 4310.835728, 0.079075, 0.000070, -0.009287
1, 4310.837026, 3.207690, 0.003228, 0.026134
2, 4310.845611, 0.026147, 0.000057, 0.019758
0, 4310.846703, 0.125154, 0.000035, 0.079797
3, 4310.846730, 0.079138, 0.000050, -0.010309
1, 4310.848098, 3.211123, 0.003416, 0.025022
0, 4310.856905, 0.125197, 0.000028, 0.078735
2, 4310.865617, 0.026201, 0.000030, 0.019818
3, 4310.867698, 0.079220, 0.000071, -0.001330
1, 4310.868972, 3.214374, 0.003237, 0.034132
0, 4310.877306, 0.125359, 0.000148, 0.088413
2, 4310.885606, 0.026245, 0.000029, 0.019820
3, 4310.888730, 0.079314, 0.000079, -0.002311
1, 4310.890049, 3.217708, 0.003318, 0.033176
2, 4310.905615, 0.026293, 0.000033, 0.019827
3, 4310.909751, 0.079408, 0.000079, -0.003342
1, 4310.911024, 3.221007, 0.003284, 0.032134
2, 4310.925623, 0.026349, 0.000032, 0.019810
3, 4310.930817, 0.079507, 0.000083, -0.004368
1, 4310.932152, 3.224025, 0.003002, 0.031440
2, 4310.945609, 0.026430, 0.000027, 0.019778
3, 4310.951800, 0.079602, 0.000079, -0.005430
1, 4310.953074, 3.227314, 0.003275, 0.030040
2, 4310.965610, 0.026494, 0.000041, 0.019809
3, 4310.972863, 0.079705, 0.000088, -0.006421
1, 4310.974235, 3.229859, 0.002528, 0.029864
2, 4310.985623, 0.026567, 0.000049, 0.019800
3, 4310.993946, 0.079799, 0.000078, -0.007475
1, 4310.995253, 3.233172, 0.003299, 0.027933
0, 4310.997666, 0.125439, 0.000064, 0.088095
2, 4311.005580, 0.026632, 0.000040, 0.019794
3, 4311.015051, 0.079895, 0.000080, -0.008560
1, 4311.016451, 3.236233, 0.003045, 0.027168
2, 4311.025604, 0.026698, 0.000051, 0.019835
3, 4311.025972, 0.079963, 0.000053, -0.009638
2, 4311.045609, 0.026748, 0.000037, 0.019827
3, 4311.046969, 0.080062, 0.000086, -0.000590
2, 4311.065607, 0.026803, 0.000035, 0.019818
3, 4311.068045, 0.080183, 0.000106, -0.001609
0, 4311.107958, 0.125513, 0.000054, -0.012256
2, 4311.108481, 0.026838, 0.000005, -0.023003
3, 4311.109272, 0.080298, 0.000094, -0.002678
0, 4311.119010, 0.125649, 0.000116, -0.122611
0, 4311.119023, 0.125664, 0.000001, -0.053543
