0, 4464.819524, 0.116151, 0.000068, -0.098624
0, 4464.819607, 0.116233, 0.000063, -0.078706
0, 4464.819673, 0.116300, 0.000063, -0.058773
0, 4464.819741, 0.116367, 0.000065, -0.038840
0, 4464.830166, 0.116463, 0.000093, -0.018937
0, 4464.830251, 0.116550, 0.000069, -0.009351
2, 4465.003355, 0.000028, 0.000005, -0.141858
1, 4465.003377, 0.031544, 0.031527, -0.110376
0, 4465.013017, 0.116736, 0.000183, 0.091060
2, 4465.052802, 0.000062, 0.000007, -0.191306
1, 4465.052822, 0.063958, 0.032409, -0.274889
0, 4465.053344, 0.116857, 0.000106, -0.071639
3, 4465.060799, 0.044405, 0.003821, -0.155407
2, 4465.086038, 0.000093, 0.000007, -0.024542
1, 4465.086057, 0.093911, 0.029949, -0.301873
3, 4465.093197, 0.044502, 0.000084, -0.199397
0, 4465.094809, 0.116990, 0.000127, 0.008022
2, 4465.114307, 0.000129, 0.000008, -0.012812
1, 4465.114328, 0.119865, 0.025950, -0.311110
0, 4465.115023, 0.117101, 0.000091, -0.033421
3, 4465.115035, 0.044557, 0.000041, -0.031752
2, 4465.143386, 0.000163, 0.000007, -0.001890
1, 4465.143415, 0.146155, 0.026285, -0.319716
0, 4465.145291, 0.117214, 0.000106, 0.186363
3, 4465.147308, 0.044628, 0.000068, -0.013608
1, 4465.172141, 0.172249, 0.026088, -0.248010
0, 4465.175574, 0.117342, 0.000117, 0.156079
2, 4465.181571, 0.000224, 0.000025, 0.009348
3, 4465.189146, 0.044715, 0.000076, -0.005896
1, 4465.201101, 0.198429, 0.026164, -0.256823
0, 4465.205851, 0.117464, 0.000112, 0.165803
2, 4465.221563, 0.000268, 0.000015, 0.020390
1, 4465.228112, 0.224611, 0.026165, -0.125784
3, 4465.230984, 0.044810, 0.000081, -0.007741
0, 4465.236127, 0.117609, 0.000133, 0.175503
1, 4465.257592, 0.250892, 0.026267, -0.152896
2, 4465.261565, 0.000327, 0.000025, 0.033368
3, 4465.262741, 0.044881, 0.000059, -0.009556
0, 4465.266415, 0.117744, 0.000118, 0.185238
1, 4465.286292, 0.276640, 0.025730, 0.058160
0, 4465.286654, 0.117876, 0.000116, 0.194951
2, 4465.301565, 0.000361, 0.000021, 0.039899
3, 4465.304653, 0.044963, 0.000076, -0.001325
1, 4465.313933, 0.301972, 0.025314, 0.029877
0, 4465.316918, 0.117988, 0.000105, 0.214733
2, 4465.341591, 0.000407, 0.000027, 0.039889
3, 4465.346443, 0.045061, 0.000087, -0.003252
1, 4465.349119, 0.328044, 0.026053, 0.041495
0, 4465.358104, 0.118129, 0.000129, 0.184438
2, 4465.381729, 0.000454, 0.000024, 0.039863
3, 4465.388344, 0.045145, 0.000070, -0.005028
1, 4465.391147, 0.355951, 0.027890, 0.044473
0, 4465.400132, 0.118300, 0.000158, 0.183225
2, 4465.421598, 0.000511, 0.000041, 0.039714
3, 4465.430429, 0.045233, 0.000074, -0.006933
1, 4465.433145, 0.382408, 0.026439, 0.043896
0, 4465.442111, 0.118455, 0.000140, 0.181211
2, 4465.461632, 0.000576, 0.000041, 0.039838
3, 4465.462274, 0.045312, 0.000066, -0.009009
1, 4465.464823, 0.408497, 0.026071, 0.042266
0, 4465.472416, 0.118579, 0.000111, 0.179265
2, 4465.501633, 0.000632, 0.000034, 0.039813
3, 4465.504112, 0.045413, 0.000093, -0.000876
1, 4465.506842, 0.436435, 0.027920, 0.048738
0, 4465.512798, 0.118724, 0.000132, 0.188937
2, 4465.541632, 0.000698, 0.000043, 0.039801
3, 4465.546004, 0.045530, 0.000105, -0.002731
1, 4465.548899, 0.464954, 0.028502, 0.046139
0, 4465.553204, 0.118866, 0.000129, 0.188559
2, 4465.581632, 0.000766, 0.000044, 0.039800
3, 4465.588034, 0.045643, 0.000099, -0.004618
1, 4465.590709, 0.490469, 0.025497, 0.047086
0, 4465.593640, 0.119039, 0.000162, 0.188121
2, 4465.621589, 0.000831, 0.000042, 0.039803
3, 4465.629932, 0.045772, 0.000112, -0.006662
1, 4465.632726, 0.518268, 0.027781, 0.042992
0, 4465.634023, 0.119172, 0.000122, 0.187727
2, 4465.661598, 0.000897, 0.000041, 0.039846
3, 4465.661690, 0.045878, 0.000090, -0.008537
1, 4465.664471, 0.546121, 0.027836, 0.040921
0, 4465.674360, 0.119303, 0.000122, 0.187344
2, 4465.701630, 0.000954, 0.000031, 0.039847
3, 4465.703614, 0.045999, 0.000105, -0.000310
1, 4465.706397, 0.573917, 0.027779, 0.049232
0, 4465.715397, 0.119452, 0.000136, 0.186990
2, 4465.741625, 0.001008, 0.000033, 0.039815
3, 4465.745711, 0.046096, 0.000081, -0.002210
1, 4465.748642, 0.600688, 0.026754, 0.048331
0, 4465.757581, 0.119613, 0.000146, 0.185941
2, 4465.781633, 0.001073, 0.000040, 0.039811
3, 4465.787905, 0.046198, 0.000085, -0.004311
1, 4465.790833, 0.628106, 0.027400, 0.045440
0, 4465.799804, 0.119768, 0.000141, 0.183762
2, 4465.821596, 0.001142, 0.000044, 0.039800
3, 4465.830196, 0.046473, 0.000076, -0.006680
1, 4465.833000, 0.655514, 0.027391, 0.043259
0, 4465.842017, 0.119958, 0.000176, 0.181505
2, 4465.861600, 0.001197, 0.000034, 0.039849
3, 4465.862067, 0.046580, 0.000091, -0.008802
1, 4465.864862, 0.682675, 0.027143, 0.041340
0, 4465.873782, 0.120103, 0.000131, 0.179337
2, 4465.901625, 0.001256, 0.000034, 0.039842
3, 4465.904098, 0.046677, 0.000084, -0.000664
1, 4465.906888, 0.709338, 0.026645, 0.049974
0, 4465.915866, 0.120268, 0.000151, 0.187552
2, 4465.941636, 0.001320, 0.000038, 0.039812
3, 4465.946185, 0.046776, 0.000083, -0.002696
1, 4465.948988, 0.736724, 0.027368, 0.047226
0, 4465.957982, 0.120415, 0.000134, 0.185485
2, 4465.981632, 0.001380, 0.000039, 0.039804
3, 4465.988318, 0.046873, 0.000081, -0.004781
1, 4465.991182, 0.764417, 0.027675, 0.044819
0, 4466.000129, 0.120634, 0.000205, 0.183298
2, 4466.021635, 0.001458, 0.000053, 0.039792
3, 4466.030437, 0.046974, 0.000084, -0.006917
1, 4466.033197, 0.792326, 0.027891, 0.042409
0, 4466.042144, 0.120793, 0.000143, 0.181211
2, 4466.061589, 0.001531, 0.000048, 0.039792
3, 4466.062308, 0.047086, 0.000083, -0.009050
1, 4466.064986, 0.820357, 0.028014, 0.040272
0, 4466.072463, 0.120938, 0.000132, 0.179210
2, 4466.101634, 0.001585, 0.000033, 0.039857
3, 4466.104268, 0.047254, 0.000154, -0.000975
1, 4466.107199, 0.848985, 0.028611, 0.047886
0, 4466.112878, 0.121134, 0.000182, 0.188841
2, 4466.141626, 0.001647, 0.000037, 0.039805
3, 4466.146264, 0.047404, 0.000133, -0.002916
1, 4466.149059, 0.877798, 0.028795, 0.045488
0, 4466.153260, 0.121263, 0.000114, 0.188492
2, 4466.181633, 0.001715, 0.000044, 0.039806
3, 4466.188260, 0.047565, 0.000145, -0.004924
1, 4466.190960, 0.906877, 0.029061, 0.043362
0, 4466.193649, 0.121391, 0.000116, 0.188111
2, 4466.221632, 0.001784, 0.000047, 0.039800
3, 4466.230209, 0.047691, 0.000110, -0.006885
1, 4466.232975, 0.934080, 0.027186, 0.043337
0, 4466.234045, 0.121525, 0.000124, 0.187715
2, 4466.261632, 0.001857, 0.000048, 0.039796
3, 4466.261981, 0.047797, 0.000091, -0.008815
1, 4466.264761, 0.961032, 0.026934, 0.041573
0, 4466.274387, 0.121661, 0.000127, 0.187318
2, 4466.301630, 0.001914, 0.000032, 0.039811
3, 4466.303911, 0.047921, 0.000110, -0.000605
1, 4466.306694, 0.989287, 0.028238, 0.048484
0, 4466.315698, 0.121808, 0.000133, 0.186966
2, 4466.341625, 0.001970, 0.000034, 0.039815
3, 4466.345983, 0.048020, 0.000083, -0.002508
1, 4466.348796, 1.017408, 0.028099, 0.046675
0, 4466.357712, 0.121965, 0.000143, 0.185644
2, 4466.381590, 0.002031, 0.000036, 0.039816
3, 4466.387981, 0.048114, 0.000078, -0.004576
1, 4466.390864, 1.049715, 0.032289, 0.040398
0, 4466.398129, 0.122116, 0.000138, 0.183636
2, 4466.421624, 0.002104, 0.000049, 0.039838
3, 4466.430102, 0.048359, 0.000229, -0.006725
1, 4466.432795, 1.074956, 0.025224, 0.045394
0, 4466.438556, 0.122270, 0.000141, 0.183216
2, 4466.461631, 0.002173, 0.000048, 0.039807
3, 4466.461834, 0.048464, 0.000089, -0.008705
1, 4466.464593, 1.100953, 0.025980, 0.042708
0, 4466.468843, 0.122402, 0.000119, 0.182810
2, 4466.501620, 0.002231, 0.000034, 0.039812
3, 4466.503759, 0.048584, 0.000106, -0.000454
1, 4466.506507, 1.127587, 0.026616, 0.050273
0, 4466.509318, 0.122618, 0.000205, 0.192440
2, 4466.541621, 0.002290, 0.000033, 0.039823
3, 4466.545737, 0.048708, 0.000109, -0.002383
1, 4466.548600, 1.154482, 0.026878, 0.048097
0, 4466.549676, 0.122721, 0.000091, 0.192077
2, 4466.581632, 0.002357, 0.000046, 0.039813
3, 4466.587819, 0.048830, 0.000105, -0.004357
1, 4466.590682, 1.182030, 0.027530, 0.045352
0, 4466.600100, 0.122861, 0.000132, 0.191683
2, 4466.621635, 0.002430, 0.000048, 0.039796
3, 4466.629872, 0.048962, 0.000116, -0.006450
1, 4466.632700, 1.209768, 0.027720, 0.043080
0, 4466.641692, 0.123050, 0.000173, 0.181211
2, 4466.661598, 0.002498, 0.000043, 0.039798
3, 4466.661836, 0.049048, 0.000070, -0.008457
1, 4466.664557, 1.237807, 0.028021, 0.040761
0, 4466.671950, 0.123150, 0.000087, 0.179707
2, 4466.701638, 0.002552, 0.000033, 0.039848
3, 4466.703772, 0.049175, 0.000116, -0.000463
1, 4466.706634, 1.265500, 0.027676, 0.049248
0, 4466.712366, 0.123299, 0.000109, 0.189399
2, 4466.741626, 0.002610, 0.000033, 0.039805
3, 4466.745829, 0.049302, 0.000110, -0.002397
1, 4466.748753, 1.293148, 0.027630, 0.047218
0, 4466.752791, 0.123472, 0.000158, 0.188961
1, 4466.771666, 1.315410, 0.022245, 0.050485
0, 4466.773028, 0.123605, 0.000122, 0.188574
2, 4466.781565, 0.002669, 0.000033, 0.039817
3, 4466.787799, 0.049406, 0.000088, -0.004432
1, 4466.796104, 1.337736, 0.022310, 0.067509
0, 4466.803319, 0.123742, 0.000128, 0.208334
2, 4466.821587, 0.002718, 0.000033, 0.039886
3, 4466.829791, 0.049516, 0.000095, -0.006408
1, 4466.832645, 1.361235, 0.023482, 0.081896
0, 4466.833675, 0.123894, 0.000138, 0.178028
2, 4466.861578, 0.002794, 0.000052, 0.039838
3, 4466.861640, 0.049610, 0.000079, -0.008385
1, 4466.865516, 1.391986, 0.030733, 0.078105
0, 4466.873973, 0.123986, 0.000084, 0.187731
2, 4466.901630, 0.002845, 0.000032, 0.039872
3, 4466.903639, 0.049722, 0.000106, -0.000252
1, 4466.906419, 1.415415, 0.023410, 0.092556
0, 4466.915397, 0.124158, 0.000155, 0.187354
2, 4466.941625, 0.002902, 0.000034, 0.039814
3, 4466.945731, 0.049820, 0.000082, -0.002236
1, 4466.948691, 1.439968, 0.024536, 0.090526
0, 4466.957641, 0.124342, 0.000167, 0.185919
2, 4466.981662, 0.002965, 0.000039, 0.039812
3, 4466.987911, 0.049911, 0.000075, -0.004321
1, 4466.990747, 1.470763, 0.030776, 0.082015
0, 4466.998020, 0.124454, 0.000097, 0.183746
2, 4467.021595, 0.003033, 0.000043, 0.039771
3, 4467.029911, 0.050033, 0.000106, -0.006532
1, 4467.032673, 1.499615, 0.028834, 0.041901
0, 4467.038399, 0.124569, 0.000100, 0.183365
2, 4467.061587, 0.003097, 0.000042, 0.039841
3, 4467.061691, 0.050129, 0.000080, -0.008507
1, 4467.064446, 1.527804, 0.028171, 0.040638
0, 4467.068709, 0.124725, 0.000143, 0.182944
2, 4467.101627, 0.003153, 0.000032, 0.039857
3, 4467.103554, 0.050239, 0.000098, -0.000302
1, 4467.106362, 1.556134, 0.028312, 0.048724
0, 4467.109104, 0.124841, 0.000099, 0.192674
2, 4467.141625, 0.003213, 0.000034, 0.039815
3, 4467.145587, 0.050364, 0.000109, -0.002178
1, 4467.148402, 1.578651, 0.022499, 0.052621
0, 4467.149492, 0.124958, 0.000104, 0.192277
2, 4467.181624, 0.003280, 0.000044, 0.039809
3, 4467.187562, 0.050486, 0.000105, -0.004207
1, 4467.190428, 1.601710, 0.023041, 0.050038
0, 4467.200185, 0.125339, 0.000372, 0.191625
2, 4467.221624, 0.003351, 0.000046, 0.039806
3, 4467.229515, 0.050603, 0.000101, -0.006178
1, 4467.232292, 1.631412, 0.029684, 0.041370
0, 4467.241265, 0.125534, 0.000181, 0.181119
2, 4467.261571, 0.003420, 0.000044, 0.039807
3, 4467.271595, 0.050691, 0.000072, -0.008103
1, 4467.274408, 1.654149, 0.022720, 0.046470
0, 4467.283465, 0.125739, 0.000189, 0.180029
2, 4467.301626, 0.003498, 0.000054, 0.039852
3, 4467.303669, 0.050779, 0.000072, -0.010182
1, 4467.306503, 1.677563, 0.023396, 0.043678
0, 4467.314001, 0.126069, 0.000314, 0.177704
2, 4467.341621, 0.003556, 0.000034, 0.039817
3, 4467.345637, 0.050887, 0.000092, -0.002277
1, 4467.348619, 1.707291, 0.029711, 0.045268
0, 4467.354389, 0.126251, 0.000168, 0.187316
2, 4467.381634, 0.003628, 0.000047, 0.039808
3, 4467.387802, 0.051007, 0.000103, -0.004256
1, 4467.390584, 1.729780, 0.022470, 0.050393
0, 4467.394919, 0.126459, 0.000192, 0.186902
2, 4467.421632, 0.003699, 0.000047, 0.039795
3, 4467.429787, 0.051131, 0.000107, -0.006425
1, 4467.432595, 1.753036, 0.023238, 0.047660
0, 4467.435508, 0.126766, 0.000292, 0.186273
2, 4467.461566, 0.003765, 0.000041, 0.039804
3, 4467.461589, 0.051224, 0.000078, -0.008381
1, 4467.464518, 1.782759, 0.029705, 0.039182
0, 4467.465937, 0.127038, 0.000261, 0.185718
2, 4467.501632, 0.003812, 0.000029, 0.039887
3, 4467.503535, 0.051333, 0.000104, -0.000199
1, 4467.506333, 1.805348, 0.022570, 0.054394
0, 4467.516781, 0.127562, 0.000514, 0.195038
2, 4467.541624, 0.003867, 0.000032, 0.039813
3, 4467.545556, 0.051459, 0.000110, -0.002160
1, 4467.548470, 1.828514, 0.023149, 0.052000
0, 4467.557505, 0.127838, 0.000259, 0.184442
2, 4467.581631, 0.003931, 0.000038, 0.039814
3, 4467.587773, 0.051549, 0.000073, -0.004145
1, 4467.590615, 1.858293, 0.029761, 0.043251
0, 4467.598023, 0.128088, 0.000237, 0.183744
2, 4467.621626, 0.004040, 0.000048, 0.039761
3, 4467.629937, 0.051660, 0.000095, -0.006384
1, 4467.632564, 1.880437, 0.022127, 0.048741
0, 4467.638585, 0.128339, 0.000235, 0.183224
2, 4467.661635, 0.004107, 0.000044, 0.039807
3, 4467.661668, 0.051741, 0.000073, -0.008519
1, 4467.664335, 1.903757, 0.023302, 0.045616
0, 4467.669079, 0.128576, 0.000222, 0.182678
2, 4467.701623, 0.004163, 0.000033, 0.039809
3, 4467.703519, 0.051857, 0.000106, -0.000284
1, 4467.706461, 1.931932, 0.028158, 0.048990
0, 4467.709571, 0.128805, 0.000217, 0.192191
2, 4467.741627, 0.004222, 0.000033, 0.039819
3, 4467.745631, 0.051984, 0.000111, -0.002145
1, 4467.748405, 1.959373, 0.027423, 0.047599
0, 4467.750060, 0.129042, 0.000224, 0.191691
2, 4467.781623, 0.004290, 0.000043, 0.039806
3, 4467.787523, 0.052092, 0.000091, -0.004237
1, 4467.790384, 1.991053, 0.031662, 0.041415
0, 4467.800828, 0.129294, 0.000244, 0.191187
2, 4467.821598, 0.004357, 0.000043, 0.039811
3, 4467.829530, 0.052216, 0.000109, -0.006147
1, 4467.832300, 2.017536, 0.026466, 0.044633
0, 4467.841334, 0.129541, 0.000232, 0.180423
2, 4467.861551, 0.004418, 0.000037, 0.039842
3, 4467.871662, 0.052308, 0.000076, -0.008121
1, 4467.874377, 2.042585, 0.025030, 0.044152
0, 4467.883490, 0.129790, 0.000237, 0.179916
2, 4467.901633, 0.004493, 0.000052, 0.039875
3, 4467.903694, 0.052390, 0.000066, -0.010243
1, 4467.906527, 2.066843, 0.024242, 0.042864
0, 4467.913960, 0.130052, 0.000246, 0.177747
2, 4467.941639, 0.004554, 0.000036, 0.039806
3, 4467.945716, 0.052508, 0.000102, -0.002311
1, 4467.948405, 2.091990, 0.025129, 0.049826
0, 4467.954462, 0.130243, 0.000175, 0.187349
2, 4467.981577, 0.004613, 0.000034, 0.039802
3, 4467.987683, 0.052610, 0.000093, -0.004319
1, 4467.990494, 2.116339, 0.024331, 0.048747
0, 4467.994973, 0.130430, 0.000175, 0.186849
2, 4468.021624, 0.004679, 0.000045, 0.039858
3, 4468.029752, 0.052727, 0.000101, -0.006299
1, 4468.032513, 2.140547, 0.024190, 0.046797
0, 4468.035548, 0.130732, 0.000290, 0.186225
2, 4468.061598, 0.004742, 0.000039, 0.039814
3, 4468.071702, 0.052837, 0.000095, -0.008362
1, 4468.074548, 2.165702, 0.025138, 0.043832
0, 4468.076111, 0.131033, 0.000289, 0.185650
2, 4468.101622, 0.004822, 0.000055, 0.039822
3, 4468.103642, 0.052939, 0.000085, -0.010302
1, 4468.106400, 2.190288, 0.024568, 0.042366
0, 4468.116560, 0.131275, 0.000234, 0.185145
2, 4468.141621, 0.004878, 0.000032, 0.039823
3, 4468.145621, 0.053062, 0.000107, -0.002265
1, 4468.148591, 2.214680, 0.024375, 0.050707
0, 4468.157629, 0.131541, 0.000250, 0.184674
2, 4468.181632, 0.004943, 0.000040, 0.039815
3, 4468.187956, 0.053164, 0.000086, -0.004222
1, 4468.190804, 2.241153, 0.026454, 0.046436
0, 4468.199883, 0.131806, 0.000249, 0.183605
2, 4468.221678, 0.005014, 0.000046, 0.039799
3, 4468.230201, 0.053266, 0.000086, -0.006557
1, 4468.232945, 2.262160, 0.020990, 0.049689
0, 4468.242047, 0.132089, 0.000267, 0.181334
2, 4468.261591, 0.005078, 0.000044, 0.039758
3, 4468.262213, 0.053351, 0.000068, -0.008785
1, 4468.265013, 2.284690, 0.022513, 0.046024
0, 4468.272382, 0.132252, 0.000148, 0.179289
2, 4468.301625, 0.005134, 0.000033, 0.039854
3, 4468.304165, 0.053458, 0.000094, -0.000821
1, 4468.306999, 2.312499, 0.027790, 0.048679
0, 4468.312805, 0.132436, 0.000171, 0.188934
2, 4468.341626, 0.005204, 0.000044, 0.039807
3, 4468.346193, 0.053583, 0.000108, -0.002789
1, 4468.348923, 2.339594, 0.027077, 0.047406
0, 4468.353351, 0.132727, 0.000277, 0.188402
2, 4468.381633, 0.005270, 0.000043, 0.039809
3, 4468.388160, 0.053708, 0.000109, -0.004817
1, 4468.390877, 2.365794, 0.026183, 0.046377
0, 4468.393883, 0.132997, 0.000256, 0.187877
2, 4468.421626, 0.005342, 0.000047, 0.039797
3, 4468.430115, 0.053838, 0.000114, -0.006789
1, 4468.433018, 2.391130, 0.025319, 0.045286
0, 4468.434390, 0.133246, 0.000238, 0.187367
2, 4468.461631, 0.005411, 0.000045, 0.039805
3, 4468.462036, 0.053953, 0.000099, -0.008729
1, 4468.464788, 2.416952, 0.025804, 0.042661
0, 4468.475053, 0.133700, 0.000444, 0.186655
2, 4468.501641, 0.005468, 0.000033, 0.039813
3, 4468.504076, 0.054149, 0.000182, -0.000731
1, 4468.506856, 2.443498, 0.026500, 0.050165
0, 4468.515934, 0.133978, 0.000262, 0.186168
2, 4468.541624, 0.005529, 0.000036, 0.039798
3, 4468.546251, 0.054255, 0.000084, -0.002680
1, 4468.549084, 2.464460, 0.020945, 0.053682
0, 4468.558058, 0.134148, 0.000155, 0.185395
2, 4468.581623, 0.005595, 0.000040, 0.039812
3, 4468.588378, 0.054353, 0.000082, -0.004849
1, 4468.591076, 2.486819, 0.022340, 0.050058
0, 4468.600144, 0.134358, 0.000194, 0.183232
2, 4468.621625, 0.005681, 0.000065, 0.039791
3, 4468.630472, 0.054451, 0.000082, -0.006975
1, 4468.633277, 2.514278, 0.027442, 0.042964
0, 4468.642396, 0.134642, 0.000271, 0.181071
2, 4468.661590, 0.005747, 0.000040, 0.039811
3, 4468.662562, 0.054534, 0.000067, -0.009054
1, 4468.665400, 2.541305, 0.027008, 0.041196
0, 4468.672804, 0.134876, 0.000220, 0.178868
2, 4468.701632, 0.005803, 0.000032, 0.039854
3, 4468.704548, 0.054640, 0.000092, -0.001167
1, 4468.707383, 2.567135, 0.025813, 0.050269
0, 4468.713375, 0.135126, 0.000235, 0.188445
2, 4468.741625, 0.005860, 0.000033, 0.039812
3, 4468.746555, 0.054736, 0.000088, -0.003144
1, 4468.749508, 2.598899, 0.031746, 0.042353
0, 4468.753863, 0.135357, 0.000220, 0.187892
2, 4468.781634, 0.005929, 0.000043, 0.039807
3, 4468.788716, 0.054856, 0.000103, -0.005174
1, 4468.791471, 2.625191, 0.026275, 0.045700
0, 4468.794371, 0.135599, 0.000229, 0.187394
2, 4468.821622, 0.006003, 0.000048, 0.039794
3, 4468.830668, 0.054987, 0.000115, -0.007346
1, 4468.833456, 2.646044, 0.020835, 0.049176
0, 4468.834916, 0.135842, 0.000229, 0.186886
2, 4468.861593, 0.006075, 0.000050, 0.039806
3, 4468.862556, 0.055083, 0.000080, -0.009264
1, 4468.865303, 2.667831, 0.021770, 0.046256
0, 4468.875390, 0.136088, 0.000236, 0.186336
2, 4468.901632, 0.006132, 0.000033, 0.039850
3, 4468.904508, 0.055196, 0.000100, -0.001169
1, 4468.907302, 2.694343, 0.026493, 0.049685
0, 4468.916328, 0.136315, 0.000214, 0.185882
2, 4468.941649, 0.006193, 0.000036, 0.039808
3, 4468.946656, 0.055303, 0.000091, -0.003114
1, 4468.949476, 2.719651, 0.025291, 0.048889
0, 4468.958546, 0.136536, 0.000206, 0.184950
2, 4468.981624, 0.006258, 0.000041, 0.039788
3, 4468.988880, 0.055408, 0.000089, -0.005260
1, 4468.991661, 2.745053, 0.025383, 0.046622
0, 4469.000680, 0.136767, 0.000214, 0.182723
2, 4469.021591, 0.006331, 0.000045, 0.039806
3, 4469.031001, 0.055514, 0.000090, -0.007485
1, 4469.033854, 2.769472, 0.024401, 0.045420
0, 4469.042896, 0.136985, 0.000205, 0.180601
2, 4469.061624, 0.006403, 0.000045, 0.039840
3, 4469.063097, 0.055596, 0.000067, -0.009583
1, 4469.065943, 2.794771, 0.025280, 0.042347
0, 4469.073295, 0.137180, 0.000179, 0.178409
2, 4469.101637, 0.006461, 0.000035, 0.039820
3, 4469.105186, 0.055717, 0.000106, -0.001717
1, 4469.108113, 2.819902, 0.025114, 0.050425
0, 4469.113832, 0.137407, 0.000211, 0.187977
2, 4469.141621, 0.006533, 0.000044, 0.039794
3, 4469.147218, 0.055838, 0.000105, -0.003807
1, 4469.150044, 2.844367, 0.024447, 0.048922
0, 4469.154343, 0.137617, 0.000198, 0.187456
2, 4469.181625, 0.006608, 0.000047, 0.039807
3, 4469.189250, 0.055961, 0.000108, -0.005841
1, 4469.192254, 2.868475, 0.024091, 0.047347
0, 4469.194952, 0.137839, 0.000208, 0.186934
2, 4469.221601, 0.006680, 0.000047, 0.039805
3, 4469.231306, 0.056091, 0.000115, -0.007880
1, 4469.234164, 2.892525, 0.024033, 0.045196
0, 4469.235431, 0.138055, 0.000204, 0.186331
2, 4469.261622, 0.006764, 0.000057, 0.039817
3, 4469.263243, 0.056194, 0.000087, -0.009909
1, 4469.266106, 2.915976, 0.023434, 0.043885
0, 4469.275851, 0.138266, 0.000201, 0.185857
2, 4469.301621, 0.006829, 0.000038, 0.039817
3, 4469.305313, 0.056320, 0.000110, -0.001868
1, 4469.308110, 2.939354, 0.023360, 0.052015
0, 4469.317156, 0.138486, 0.000204, 0.185427
2, 4469.341625, 0.006891, 0.000039, 0.039820
3, 4469.347450, 0.056417, 0.000082, -0.003909
1, 4469.350295, 2.962487, 0.023116, 0.050257
0, 4469.359344, 0.138719, 0.000216, 0.184110
2, 4469.381623, 0.006964, 0.000047, 0.039804
3, 4469.389657, 0.056518, 0.000085, -0.006050
1, 4469.392550, 2.985705, 0.023199, 0.047987
0, 4469.401554, 0.138955, 0.000223, 0.181918
2, 4469.421631, 0.007042, 0.000050, 0.039802
3, 4469.421701, 0.056639, 0.000070, -0.008279
1, 4469.424447, 3.009399, 0.023675, 0.045256
0, 4469.432213, 0.139456, 0.000485, 0.179445
2, 4469.461692, 0.007087, 0.000021, 0.039826
3, 4469.463647, 0.056763, 0.000112, -0.000326
1, 4469.466455, 3.033012, 0.023596, 0.053440
0, 4469.472720, 0.139679, 0.000207, 0.189063
2, 4469.501626, 0.007145, 0.000035, 0.039660
3, 4469.505646, 0.056881, 0.000103, -0.002265
1, 4469.508596, 3.056648, 0.023617, 0.051410
0, 4469.513211, 0.139863, 0.000172, 0.188595
2, 4469.541632, 0.007214, 0.000044, 0.039806
3, 4469.547746, 0.057001, 0.000103, -0.004264
1, 4469.550517, 3.081023, 0.024357, 0.048530
0, 4469.553635, 0.140011, 0.000134, 0.188140
2, 4469.581633, 0.007283, 0.000046, 0.039799
3, 4469.589782, 0.057129, 0.000112, -0.006373
1, 4469.592718, 3.104947, 0.023907, 0.047058
0, 4469.594027, 0.140146, 0.000123, 0.187729
2, 4469.621622, 0.007356, 0.000047, 0.039796
3, 4469.621707, 0.057241, 0.000096, -0.008393
1, 4469.624524, 3.128358, 0.023393, 0.045372
0, 4469.634372, 0.140286, 0.000131, 0.187332
2, 4469.661634, 0.007412, 0.000031, 0.039823
3, 4469.663732, 0.057365, 0.000110, -0.000330
1, 4469.666538, 3.152914, 0.024539, 0.052420
0, 4469.675562, 0.140451, 0.000149, 0.186962
2, 4469.701622, 0.007468, 0.000034, 0.039810
3, 4469.707321, 0.057455, 0.000075, -0.002321
1, 4469.710359, 3.184471, 0.031540, 0.043405
0, 4469.717497, 0.140622, 0.000159, 0.185766
2, 4469.741629, 0.007522, 0.000030, 0.039824
3, 4469.749425, 0.057563, 0.000094, -0.005928
1, 4469.752261, 3.207721, 0.023231, 0.047891
0, 4469.757986, 0.140809, 0.000173, 0.183814
2, 4469.781597, 0.007595, 0.000049, 0.039799
3, 4469.791495, 0.057704, 0.000128, -0.008066
1, 4469.794446, 3.224742, 0.017004, 0.052218
0, 4469.798510, 0.141060, 0.000239, 0.183262
2, 4469.821605, 0.007673, 0.000055, 0.039826
3, 4469.823495, 0.057817, 0.000096, -0.010106
1, 4469.826355, 3.243062, 0.018302, 0.048734
0, 4469.829059, 0.141275, 0.000200, 0.182774
2, 4469.861625, 0.007731, 0.000032, 0.039838
3, 4469.865569, 0.057940, 0.000109, -0.002117
1, 4469.868377, 3.262058, 0.018978, 0.056148
0, 4469.869615, 0.141516, 0.000228, 0.192199
2, 4469.901631, 0.007797, 0.000043, 0.039809
3, 4469.907525, 0.058058, 0.000104, -0.004186
1, 4469.910349, 3.281025, 0.018950, 0.054156
0, 4469.920312, 0.141818, 0.000292, 0.191582
2, 4469.941631, 0.007868, 0.000048, 0.039799
3, 4469.949572, 0.058189, 0.000116, -0.006157
1, 4469.952519, 3.300483, 0.019440, 0.051693
0, 4469.961557, 0.142108, 0.000273, 0.180897
2, 4469.981628, 0.007939, 0.000046, 0.039799
3, 4469.981702, 0.058278, 0.000072, -0.008159
1, 4469.984486, 3.321157, 0.020657, 0.048307
0, 4469.991961, 0.142354, 0.000231, 0.179696
2, 4470.021627, 0.007992, 0.000030, 0.039820
3, 4470.023676, 0.058401, 0.000112, -0.000325
1, 4470.026456, 3.342250, 0.021075, 0.055921
0, 4470.032476, 0.142584, 0.000215, 0.189309
2, 4470.061629, 0.008043, 0.000031, 0.039823
3, 4470.065700, 0.058523, 0.000108, -0.002297
1, 4470.068582, 3.364253, 0.021985, 0.053041
0, 4470.073010, 0.142802, 0.000204, 0.188805
2, 4470.101637, 0.008115, 0.000047, 0.039800
3, 4470.107783, 0.058643, 0.000104, -0.004320
1, 4470.110613, 3.387323, 0.023051, 0.049849
0, 4470.113516, 0.143013, 0.000198, 0.188278
2, 4470.141630, 0.008186, 0.000046, 0.039793
3, 4470.149835, 0.058767, 0.000108, -0.006406
1, 4470.152757, 3.411443, 0.024102, 0.046767
0, 4470.153987, 0.143211, 0.000186, 0.187784
2, 4470.181631, 0.008254, 0.000044, 0.039802
3, 4470.181807, 0.058882, 0.000099, -0.008450
1, 4470.184603, 3.437175, 0.025714, 0.043012
0, 4470.194358, 0.143427, 0.000207, 0.187296
2, 4470.221620, 0.008308, 0.000031, 0.039817
3, 4470.223766, 0.059007, 0.000111, -0.000431
1, 4470.226593, 3.464099, 0.026906, 0.049973
0, 4470.235646, 0.143648, 0.000205, 0.186921
2, 4470.261627, 0.008362, 0.000031, 0.039827
3, 4470.265961, 0.059097, 0.000076, -0.002355
1, 4470.268715, 3.489739, 0.025621, 0.049267
0, 4470.277750, 0.143873, 0.000211, 0.185627
2, 4470.301631, 0.008420, 0.000038, 0.039815
3, 4470.308105, 0.059194, 0.000083, -0.004558
1, 4470.310924, 3.514379, 0.024623, 0.048144
0, 4470.319957, 0.144122, 0.000207, 0.183501
2, 4470.341629, 0.008492, 0.000047, 0.039798
3, 4470.350284, 0.059293, 0.000082, -0.006703
1, 4470.353057, 3.538873, 0.024477, 0.046082
0, 4470.362054, 0.144326, 0.000190, 0.181337
2, 4470.381640, 0.008559, 0.000042, 0.039804
3, 4470.382225, 0.059378, 0.000071, -0.008868
1, 4470.385107, 3.562261, 0.023370, 0.045055
0, 4470.392700, 0.144792, 0.000452, 0.178979
2, 4470.421627, 0.008612, 0.000032, 0.039807
3, 4470.424355, 0.059501, 0.000109, -0.000848
1, 4470.427180, 3.584667, 0.022387, 0.053987
0, 4470.433260, 0.145014, 0.000206, 0.188577
2, 4470.461629, 0.008670, 0.000033, 0.039815
3, 4470.466333, 0.059649, 0.000132, -0.003002
1, 4470.469115, 3.607305, 0.022621, 0.051682
0, 4470.473744, 0.145205, 0.000177, 0.188048
2, 4470.501626, 0.008738, 0.000044, 0.039804
3, 4470.508305, 0.059760, 0.000097, -0.004944
1, 4470.511000, 3.630647, 0.023324, 0.049043
0, 4470.514272, 0.145407, 0.000189, 0.187554
2, 4470.541630, 0.008808, 0.000047, 0.039806
3, 4470.550282, 0.059885, 0.000109, -0.006929
1, 4470.553209, 3.654410, 0.023746, 0.046737
0, 4470.554761, 0.145611, 0.000191, 0.187023
2, 4470.581628, 0.008890, 0.000056, 0.039789
3, 4470.582279, 0.059990, 0.000089, -0.008887
1, 4470.585053, 3.678223, 0.023794, 0.044479
0, 4470.595159, 0.145802, 0.000179, 0.186548
2, 4470.621634, 0.008946, 0.000033, 0.039817
3, 4470.624254, 0.060115, 0.000111, -0.000904
1, 4470.627078, 3.700883, 0.022643, 0.053786
0, 4470.636151, 0.146051, 0.000234, 0.186091
2, 4470.661593, 0.008997, 0.000030, 0.039816
3, 4470.666432, 0.060216, 0.000085, -0.002855
1, 4470.669141, 3.733458, 0.032557, 0.041847
0, 4470.676634, 0.146250, 0.000187, 0.185148
2, 4470.701625, 0.009060, 0.000044, 0.039842
3, 4470.708330, 0.060323, 0.000094, -0.005040
1, 4470.711211, 3.756300, 0.022824, 0.049517
0, 4470.717136, 0.146463, 0.000199, 0.184652
2, 4470.741642, 0.009133, 0.000047, 0.039803
3, 4470.750432, 0.060447, 0.000107, -0.006952
1, 4470.753572, 3.778404, 0.022085, 0.048186
0, 4470.757613, 0.146670, 0.000195, 0.184156
2, 4470.781628, 0.009208, 0.000054, 0.039784
3, 4470.782413, 0.060552, 0.000089, -0.009036
1, 4470.785397, 3.801017, 0.022596, 0.045315
0, 4470.788082, 0.146920, 0.000236, 0.183636
2, 4470.821641, 0.009264, 0.000033, 0.039817
3, 4470.824434, 0.060696, 0.000131, -0.001057
1, 4470.827273, 3.823412, 0.022377, 0.053708
0, 4470.828551, 0.147130, 0.000199, 0.193207
2, 4470.861615, 0.009323, 0.000034, 0.039800
3, 4470.866430, 0.060823, 0.000110, -0.003060
1, 4470.869181, 3.845669, 0.022240, 0.051969
0, 4470.879095, 0.147358, 0.000218, 0.192719
2, 4470.901632, 0.009405, 0.000062, 0.039804
3, 4470.908436, 0.060949, 0.000113, -0.005056
1, 4470.911249, 3.868754, 0.023068, 0.049233
0, 4470.920283, 0.147587, 0.000213, 0.182176
2, 4470.941639, 0.009477, 0.000047, 0.039797
3, 4470.950606, 0.061049, 0.000083, -0.007035
1, 4470.953535, 3.891797, 0.023025, 0.047209
0, 4470.962650, 0.147875, 0.000272, 0.180927
2, 4470.981628, 0.009542, 0.000040, 0.039797
3, 4470.982854, 0.061140, 0.000074, -0.009195
1, 4470.985616, 3.914534, 0.022718, 0.045229
0, 4470.993017, 0.148030, 0.000141, 0.178695
2, 4471.021643, 0.009595, 0.000034, 0.039819
3, 4471.024885, 0.061263, 0.000109, -0.001476
1, 4471.027659, 3.938001, 0.023450, 0.052416
0, 4471.033508, 0.148211, 0.000167, 0.188301
2, 4471.061628, 0.009650, 0.000030, 0.039803
3, 4471.066837, 0.061382, 0.000103, -0.003503
1, 4471.069660, 3.961830, 0.023812, 0.050011
0, 4471.074086, 0.148477, 0.000252, 0.187725
2, 4471.101639, 0.009717, 0.000044, 0.039806
3, 4471.108861, 0.061504, 0.000109, -0.005459
1, 4471.111693, 3.985369, 0.023521, 0.048301
0, 4471.114624, 0.148733, 0.000244, 0.187156
2, 4471.141593, 0.009784, 0.000045, 0.039795
3, 4471.150942, 0.061631, 0.000111, -0.007487
1, 4471.153842, 4.009696, 0.024309, 0.045480
0, 4471.155125, 0.148969, 0.000223, 0.186640
2, 4471.181628, 0.009860, 0.000052, 0.039830
3, 4471.182911, 0.061734, 0.000087, -0.009544
1, 4471.185756, 4.034263, 0.024549, 0.043092
0, 4471.195571, 0.149204, 0.000226, 0.186138
2, 4471.221627, 0.009913, 0.000029, 0.039820
3, 4471.224925, 0.061850, 0.000101, -0.001526
1, 4471.227659, 4.061999, 0.027690, 0.048007
0, 4471.236735, 0.149449, 0.000232, 0.185682
2, 4471.261576, 0.009963, 0.000031, 0.039823
3, 4471.267021, 0.061941, 0.000078, -0.003516
1, 4471.269789, 4.083419, 0.021403, 0.052420
0, 4471.278867, 0.149706, 0.000240, 0.184507
2, 4471.301630, 0.010035, 0.000046, 0.039853
3, 4471.309191, 0.062033, 0.000075, -0.005613
1, 4471.312107, 4.105797, 0.022360, 0.049333
0, 4471.321130, 0.149968, 0.000247, 0.182370
2, 4471.341595, 0.010108, 0.000048, 0.039798
3, 4471.351438, 0.062129, 0.000079, -0.007785
1, 4471.354259, 4.132242, 0.026428, 0.042948
0, 4471.363437, 0.150293, 0.000310, 0.180045
2, 4471.381628, 0.010178, 0.000049, 0.039835
3, 4471.383648, 0.062213, 0.000071, -0.010021
1, 4471.386490, 4.158540, 0.026280, 0.040944
0, 4471.393876, 0.150516, 0.000208, 0.177838
2, 4471.421642, 0.010235, 0.000033, 0.039816
3, 4471.425693, 0.062338, 0.000111, -0.002272
1, 4471.428510, 4.184007, 0.025447, 0.049543
0, 4471.434463, 0.150778, 0.000249, 0.187361
2, 4471.461628, 0.010301, 0.000041, 0.039794
3, 4471.467680, 0.062455, 0.000100, -0.004308
1, 4471.470470, 4.209261, 0.025236, 0.047736
0, 4471.475010, 0.151038, 0.000246, 0.186777
2, 4471.501630, 0.010366, 0.000045, 0.039807
3, 4471.509755, 0.062578, 0.000109, -0.006303
1, 4471.512689, 4.234998, 0.025720, 0.045292
0, 4471.515526, 0.151293, 0.000241, 0.186233
2, 4471.541631, 0.010434, 0.000042, 0.039803
3, 4471.541662, 0.062682, 0.000088, -0.008359
1, 4471.544442, 4.260920, 0.025903, 0.042890
0, 4471.545926, 0.151538, 0.000233, 0.185728
2, 4471.581627, 0.010484, 0.000027, 0.039820
3, 4471.583589, 0.062800, 0.000109, -0.000280
1, 4471.586417, 4.286677, 0.025739, 0.051301
0, 4471.596516, 0.151809, 0.000261, 0.195302
2, 4471.621631, 0.010538, 0.000033, 0.039819
3, 4471.625643, 0.062924, 0.000110, -0.002212
1, 4471.628545, 4.311465, 0.024770, 0.050295
0, 4471.637594, 0.152097, 0.000276, 0.184695
2, 4471.661625, 0.010601, 0.000037, 0.039807
3, 4471.667919, 0.063023, 0.000082, -0.004240
1, 4471.670734, 4.336608, 0.025127, 0.047811
0, 4471.679839, 0.152375, 0.000262, 0.183628
2, 4471.701627, 0.010665, 0.000041, 0.039812
3, 4471.710188, 0.063120, 0.000084, -0.006516
1, 4471.713014, 4.362856, 0.026230, 0.044519
0, 4471.722138, 0.152669, 0.000280, 0.181366
2, 4471.741624, 0.010734, 0.000048, 0.039804
3, 4471.742303, 0.063205, 0.000068, -0.008771
1, 4471.745176, 4.388690, 0.025817, 0.042651
0, 4471.752590, 0.152949, 0.000266, 0.179081
2, 4471.781613, 0.010790, 0.000031, 0.039820
3, 4471.784390, 0.063335, 0.000117, -0.000933
1, 4471.787173, 4.415352, 0.026644, 0.049662
0, 4471.793170, 0.153234, 0.000270, 0.188624
2, 4471.821645, 0.010848, 0.000036, 0.039829
3, 4471.826337, 0.063490, 0.000141, -0.003044
1, 4471.829091, 4.441868, 0.026500, 0.047810
0, 4471.833712, 0.153514, 0.000266, 0.188050
2, 4471.861629, 0.010913, 0.000041, 0.039792
3, 4471.868308, 0.063612, 0.000106, -0.004958
1, 4471.871019, 4.468532, 0.026646, 0.045746
0, 4471.874205, 0.153786, 0.000259, 0.187515
2, 4471.901631, 0.010985, 0.000049, 0.039800
3, 4471.910206, 0.063728, 0.000099, -0.006924
1, 4471.913081, 4.495972, 0.027422, 0.043041
0, 4471.914766, 0.154077, 0.000280, 0.187002
2, 4471.941596, 0.011067, 0.000056, 0.039789
3, 4471.942167, 0.063830, 0.000086, -0.008808
1, 4471.944909, 4.523192, 0.027202, 0.041199
0, 4471.945198, 0.154354, 0.000268, 0.186455
2, 4471.981629, 0.011121, 0.000031, 0.039851
3, 4471.984086, 0.063951, 0.000107, -0.000788
1, 4471.986892, 4.550292, 0.027082, 0.049491
0, 4471.995895, 0.154559, 0.000200, 0.196095
2, 4472.021631, 0.011183, 0.000039, 0.039810
3, 4472.026193, 0.064053, 0.000088, -0.002687
1, 4472.029056, 4.578239, 0.027929, 0.046660
0, 4472.038081, 0.154786, 0.000211, 0.185378
2, 4472.061628, 0.011245, 0.000036, 0.039808
3, 4472.068406, 0.064148, 0.000079, -0.004787
1, 4472.071100, 4.605891, 0.027634, 0.044793
0, 4472.080310, 0.155149, 0.000349, 0.183054
2, 4472.101615, 0.011308, 0.000045, 0.039809
3, 4472.110640, 0.064242, 0.000080, -0.006999
1, 4472.113522, 4.632458, 0.026550, 0.043833
0, 4472.122710, 0.155530, 0.000366, 0.180809
2, 4472.141594, 0.011404, 0.000039, 0.039789
3, 4472.142888, 0.064321, 0.000065, -0.009219
1, 4472.145723, 4.659818, 0.027343, 0.040617
0, 4472.153159, 0.155799, 0.000250, 0.178521
2, 4472.181628, 0.011460, 0.000031, 0.039851
3, 4472.184905, 0.064438, 0.000103, -0.001505
1, 4472.187620, 4.687482, 0.027646, 0.048113
0, 4472.193711, 0.156078, 0.000265, 0.188062
2, 4472.221630, 0.011512, 0.000031, 0.039821
3, 4472.226793, 0.064566, 0.000114, -0.003532
1, 4472.229665, 4.715907, 0.028407, 0.045454
0, 4472.234244, 0.156341, 0.000249, 0.187525
2, 4472.261628, 0.011577, 0.000041, 0.039805
3, 4472.268858, 0.064683, 0.000101, -0.005409
1, 4472.271606, 4.740481, 0.024557, 0.047261
0, 4472.274807, 0.156614, 0.000260, 0.186981
2, 4472.301595, 0.011643, 0.000042, 0.039807
3, 4472.310825, 0.064807, 0.000110, -0.007482
1, 4472.313716, 4.765736, 0.025238, 0.044639
0, 4472.315339, 0.156882, 0.000256, 0.186423
2, 4472.341566, 0.011716, 0.000048, 0.039833
3, 4472.342790, 0.064909, 0.000085, -0.009425
1, 4472.345664, 4.795196, 0.029442, 0.038324
0, 4472.355819, 0.157153, 0.000262, 0.185888
2, 4472.381631, 0.011768, 0.000033, 0.039883
3, 4472.384817, 0.065027, 0.000105, -0.001407
1, 4472.387662, 4.823155, 0.027940, 0.047877
0, 4472.396773, 0.157441, 0.000276, 0.185392
2, 4472.421629, 0.011826, 0.000032, 0.039812
3, 4472.427090, 0.065126, 0.000083, -0.003415
1, 4472.429954, 4.849875, 0.026703, 0.047117
0, 4472.439093, 0.157721, 0.000264, 0.184447
2, 4472.461627, 0.011892, 0.000045, 0.039805
3, 4472.469434, 0.065226, 0.000084, -0.005689
1, 4472.472219, 4.877680, 0.027788, 0.043741
0, 4472.481244, 0.158001, 0.000266, 0.182126
2, 4472.501572, 0.011960, 0.000045, 0.039806
3, 4472.511567, 0.065326, 0.000084, -0.008034
1, 4472.514500, 4.904173, 0.026474, 0.042789
0, 4472.523589, 0.158282, 0.000268, 0.179975
2, 4472.541590, 0.012034, 0.000050, 0.039855
3, 4472.543762, 0.065414, 0.000072, -0.010154
1, 4472.546513, 4.930758, 0.026567, 0.040415
0, 4472.554037, 0.158550, 0.000253, 0.177642
2, 4472.581616, 0.012088, 0.000031, 0.039858
3, 4472.585740, 0.065532, 0.000104, -0.002380
1, 4472.588574, 4.958410, 0.027634, 0.047335
0, 4472.594589, 0.158813, 0.000248, 0.187199
2, 4472.621628, 0.012151, 0.000040, 0.039821
3, 4472.627685, 0.065646, 0.000098, -0.004353
1, 4472.630567, 4.985577, 0.027149, 0.045759
0, 4472.635098, 0.159073, 0.000248, 0.186650
2, 4472.661603, 0.012216, 0.000042, 0.039808
3, 4472.669758, 0.065766, 0.000103, -0.006304
1, 4472.672512, 5.013162, 0.027567, 0.043348
0, 4472.675609, 0.159326, 0.000239, 0.186148
2, 4472.701585, 0.012274, 0.000035, 0.039839
3, 4472.711680, 0.065884, 0.000104, -0.008376
1, 4472.714521, 5.040572, 0.027392, 0.041578
0, 4472.716138, 0.159595, 0.000257, 0.185620
2, 4472.741586, 0.012348, 0.000051, 0.039842
3, 4472.743627, 0.065984, 0.000086, -0.010280
1, 4472.746484, 5.067497, 0.026907, 0.040053
0, 4472.756632, 0.159883, 0.000278, 0.185073
2, 4472.781628, 0.012403, 0.000030, 0.039860
3, 4472.785701, 0.066110, 0.000110, -0.002252
1, 4472.788510, 5.094043, 0.026529, 0.048470
0, 4472.797613, 0.160173, 0.000276, 0.184576
2, 4472.821628, 0.012461, 0.000038, 0.039814
3, 4472.827908, 0.066208, 0.000081, -0.004297
1, 4472.830765, 5.121841, 0.027780, 0.045192
0, 4472.839850, 0.160448, 0.000260, 0.183611
2, 4472.861629, 0.012526, 0.000042, 0.039807
3, 4472.870180, 0.066305, 0.000080, -0.006503
1, 4472.873014, 5.148577, 0.026718, 0.043999
0, 4472.882076, 0.160720, 0.000258, 0.181377
2, 4472.901634, 0.012592, 0.000042, 0.039807
3, 4472.902250, 0.066399, 0.000081, -0.008774
1, 4472.904999, 5.174886, 0.026291, 0.042177
0, 4472.912518, 0.160982, 0.000248, 0.179160
2, 4472.941630, 0.012648, 0.000034, 0.039811
3, 4472.944252, 0.066520, 0.000107, -0.000871
1, 4472.947118, 5.201435, 0.026531, 0.049952
0, 4472.953073, 0.161254, 0.000258, 0.188709
2, 4472.981616, 0.012711, 0.000038, 0.039808
3, 4472.986328, 0.066659, 0.000123, -0.002891
1, 4472.989223, 5.228013, 0.026560, 0.047804
0, 4472.993588, 0.161513, 0.000245, 0.188168
2, 4473.021641, 0.012780, 0.000046, 0.039816
3, 4473.028418, 0.066778, 0.000103, -0.004946
1, 4473.031152, 5.255740, 0.027710, 0.044550
0, 4473.034143, 0.161807, 0.000260, 0.187616
2, 4473.061647, 0.012849, 0.000046, 0.039790
3, 4473.070386, 0.066906, 0.000112, -0.007045
1, 4473.073094, 5.284071, 0.028313, 0.042017
0, 4473.074723, 0.162125, 0.000306, 0.187038
2, 4473.101587, 0.012920, 0.000048, 0.039783
3, 4473.102131, 0.067024, 0.000104, -0.009004
1, 4473.105000, 5.311349, 0.027259, 0.041129
0, 4473.115195, 0.162386, 0.000253, 0.186514
2, 4473.141628, 0.012974, 0.000029, 0.039860
3, 4473.144163, 0.067145, 0.000107, -0.000751
1, 4473.146889, 5.337407, 0.026041, 0.050441
0, 4473.156064, 0.162657, 0.000255, 0.186034
2, 4473.181632, 0.013026, 0.000030, 0.039823
3, 4473.186358, 0.067244, 0.000086, -0.002762
1, 4473.189140, 5.364328, 0.026903, 0.047690
0, 4473.198195, 0.162979, 0.000243, 0.185176
2, 4473.221633, 0.013091, 0.000040, 0.039805
3, 4473.228547, 0.067345, 0.000088, -0.004959
1, 4473.231357, 5.390874, 0.026528, 0.045814
0, 4473.240439, 0.163246, 0.000253, 0.183037
2, 4473.261642, 0.013168, 0.000050, 0.039793
3, 4473.270768, 0.067442, 0.000082, -0.007144
1, 4473.273544, 5.416996, 0.026105, 0.044021
0, 4473.282669, 0.163508, 0.000247, 0.180799
2, 4473.301592, 0.013232, 0.000040, 0.039796
3, 4473.302884, 0.067525, 0.000070, -0.009351
1, 4473.305789, 5.444016, 0.027002, 0.040936
0, 4473.313150, 0.163771, 0.000249, 0.178566
2, 4473.341630, 0.013292, 0.000033, 0.039851
3, 4473.344964, 0.067648, 0.000108, -0.001507
1, 4473.347792, 5.469212, 0.025178, 0.050515
0, 4473.353770, 0.164058, 0.000273, 0.188062
2, 4473.381613, 0.013348, 0.000030, 0.039817
3, 4473.386970, 0.067772, 0.000109, -0.003588
1, 4473.389735, 5.495819, 0.026589, 0.047101
0, 4473.394298, 0.164331, 0.000259, 0.187456
2, 4473.421629, 0.013415, 0.000043, 0.039822
3, 4473.428973, 0.067892, 0.000105, -0.005590
1, 4473.431775, 5.522268, 0.026432, 0.045315
0, 4473.434822, 0.164593, 0.000250, 0.186939
2, 4473.461599, 0.013483, 0.000046, 0.039804
3, 4473.470983, 0.068009, 0.000103, -0.007589
1, 4473.473780, 5.547588, 0.025303, 0.044405
0, 4473.475341, 0.164858, 0.000253, 0.186412
2, 4473.501641, 0.013561, 0.000052, 0.039825
3, 4473.502923, 0.068108, 0.000085, -0.009581
1, 4473.505715, 5.573787, 0.026181, 0.041521
0, 4473.515869, 0.165178, 0.000309, 0.185838
2, 4473.541631, 0.013616, 0.000031, 0.039804
3, 4473.544947, 0.068230, 0.000106, -0.001543
1, 4473.547752, 5.600479, 0.026675, 0.049093
0, 4473.556698, 0.165335, 0.000143, 0.185473
2, 4473.581641, 0.013671, 0.000032, 0.039815
3, 4473.587012, 0.068330, 0.000086, -0.003546
1, 4473.589959, 5.627490, 0.026994, 0.046736
0, 4473.598953, 0.165506, 0.000157, 0.184630
2, 4473.621628, 0.013741, 0.000045, 0.039790
3, 4473.629282, 0.068435, 0.000089, -0.005616
1, 4473.632079, 5.655152, 0.027643, 0.043880
0, 4473.641160, 0.165779, 0.000256, 0.182274
2, 4473.661605, 0.013810, 0.000047, 0.039803
3, 4473.671481, 0.068531, 0.000080, -0.007878
1, 4473.674281, 5.682197, 0.027029, 0.042374
0, 4473.683282, 0.165962, 0.000170, 0.180157
2, 4473.701591, 0.013874, 0.000039, 0.039832
3, 4473.703462, 0.068611, 0.000062, -0.010060
1, 4473.706280, 5.709158, 0.026943, 0.040258
0, 4473.713638, 0.166130, 0.000155, 0.178049
2, 4473.741633, 0.013933, 0.000034, 0.039851
3, 4473.745439, 0.068733, 0.000108, -0.002084
1, 4473.748252, 5.737087, 0.027911, 0.047291
0, 4473.754245, 0.166446, 0.000301, 0.187545
2, 4473.781615, 0.014000, 0.000042, 0.039801
3, 4473.787453, 0.068849, 0.000100, -0.004054
1, 4473.790339, 5.762628, 0.025523, 0.047707
0, 4473.794719, 0.166632, 0.000174, 0.187068
2, 4473.821642, 0.014068, 0.000046, 0.039818
3, 4473.829534, 0.068979, 0.000114, -0.006082
1, 4473.832378, 5.782676, 0.020031, 0.051113
0, 4473.835257, 0.166832, 0.000186, 0.186579
2, 4473.861599, 0.014144, 0.000051, 0.039783
3, 4473.871521, 0.069102, 0.000106, -0.008155
1, 4473.874306, 5.803416, 0.020722, 0.048382
0, 4473.875921, 0.167158, 0.000312, 0.185917
2, 4473.901594, 0.014223, 0.000055, 0.039822
3, 4473.903434, 0.069208, 0.000093, -0.010127
1, 4473.906315, 5.829633, 0.026199, 0.040977
0, 4473.916266, 0.167329, 0.000162, 0.185406
2, 4473.941635, 0.014281, 0.000033, 0.039850
3, 4473.945509, 0.069370, 0.000111, -0.002095
1, 4473.948458, 5.851610, 0.021959, 0.053208
0, 4473.957428, 0.167524, 0.000179, 0.185038
2, 4473.981628, 0.014342, 0.000036, 0.039805
3, 4473.987752, 0.069466, 0.000080, -0.004105
1, 4473.990525, 5.873817, 0.022188, 0.050836
0, 4473.999680, 0.167822, 0.000281, 0.183773
2, 4474.021590, 0.014403, 0.000041, 0.039812
3, 4474.029972, 0.069562, 0.000082, -0.006347
1, 4474.032754, 5.902799, 0.028965, 0.041992
0, 4474.041970, 0.168236, 0.000398, 0.181406
2, 4474.061627, 0.014471, 0.000043, 0.039843
3, 4474.062183, 0.069650, 0.000072, -0.008560
1, 4474.064951, 5.924827, 0.022010, 0.046718
0, 4474.072459, 0.168558, 0.000306, 0.179207
2, 4474.101630, 0.014528, 0.000034, 0.039817
3, 4474.104162, 0.069775, 0.000111, -0.000807
1, 4474.106964, 5.947984, 0.023138, 0.053393
0, 4474.113040, 0.168811, 0.000238, 0.188786
2, 4474.141641, 0.014585, 0.000036, 0.039813
3, 4474.146173, 0.069899, 0.000108, -0.002785
1, 4474.149046, 5.977271, 0.029270, 0.045249
0, 4474.153531, 0.169032, 0.000208, 0.188238
2, 4474.181641, 0.014653, 0.000043, 0.039793
3, 4474.188236, 0.070016, 0.000101, -0.004789
1, 4474.190987, 5.999136, 0.021848, 0.050588
0, 4474.194090, 0.169265, 0.000218, 0.187735
2, 4474.221632, 0.014728, 0.000051, 0.039785
3, 4474.230239, 0.070144, 0.000111, -0.006863
1, 4474.233049, 6.021893, 0.022739, 0.047757
0, 4474.234593, 0.169482, 0.000204, 0.187192
2, 4474.261605, 0.014807, 0.000055, 0.039790
3, 4474.262158, 0.070296, 0.000137, -0.008891
1, 4474.264963, 6.049077, 0.027167, 0.041267
0, 4474.274982, 0.169663, 0.000172, 0.186724
2, 4474.301629, 0.014866, 0.000033, 0.039837
3, 4474.304070, 0.070410, 0.000100, -0.000771
1, 4474.306977, 6.079070, 0.029976, 0.046543
0, 4474.315994, 0.169861, 0.000184, 0.186319
2, 4474.341634, 0.014932, 0.000041, 0.039806
3, 4474.346388, 0.070510, 0.000084, -0.002669
1, 4474.349164, 6.105843, 0.026755, 0.047751
0, 4474.358181, 0.170118, 0.000189, 0.185247
2, 4474.381628, 0.014988, 0.000036, 0.039810
3, 4474.388510, 0.070630, 0.000103, -0.005007
1, 4474.391282, 6.130674, 0.024813, 0.047505
0, 4474.400303, 0.170319, 0.000186, 0.183118
2, 4474.421641, 0.015061, 0.000050, 0.039800
3, 4474.430632, 0.070730, 0.000083, -0.007109
1, 4474.433523, 6.154377, 0.023686, 0.046514
0, 4474.442550, 0.170521, 0.000188, 0.180994
2, 4474.461626, 0.015129, 0.000042, 0.039792
3, 4474.462759, 0.070816, 0.000070, -0.009218
1, 4474.465541, 6.178024, 0.023630, 0.044330
0, 4474.472964, 0.170719, 0.000183, 0.178751
2, 4474.501628, 0.015178, 0.000030, 0.039826
3, 4474.504786, 0.070931, 0.000101, -0.001373
1, 4474.507510, 6.200864, 0.022821, 0.053120
0, 4474.513442, 0.170877, 0.000143, 0.188377
2, 4474.541641, 0.015233, 0.000032, 0.039818
3, 4474.546752, 0.071061, 0.000116, -0.003415
1, 4474.549565, 6.223039, 0.022158, 0.051814
0, 4474.553915, 0.171032, 0.000142, 0.187901
2, 4474.581628, 0.015299, 0.000041, 0.039795
3, 4474.588775, 0.071172, 0.000095, -0.005363
1, 4474.591468, 6.245150, 0.022093, 0.049824
0, 4474.594445, 0.171267, 0.000221, 0.187349
2, 4474.621641, 0.015364, 0.000044, 0.039807
3, 4474.630721, 0.071302, 0.000116, -0.007404
1, 4474.633587, 6.267005, 0.021836, 0.048177
0, 4474.634876, 0.171405, 0.000125, 0.186916
2, 4474.661628, 0.015442, 0.000052, 0.039782
3, 4474.662678, 0.071404, 0.000086, -0.009323
1, 4474.665523, 6.288712, 0.021690, 0.046206
0, 4474.675263, 0.171558, 0.000144, 0.186469
2, 4474.701615, 0.015495, 0.000030, 0.039820
3, 4474.704693, 0.071522, 0.000103, -0.001295
1, 4474.707386, 6.310627, 0.021897, 0.054062
0, 4474.716491, 0.171816, 0.000242, 0.185978
2, 4474.741630, 0.015546, 0.000032, 0.039835
3, 4474.746795, 0.071618, 0.000083, -0.003289
1, 4474.749720, 6.333252, 0.022606, 0.051489
0, 4474.758696, 0.171986, 0.000155, 0.184838
2, 4474.781629, 0.015607, 0.000037, 0.039809
3, 4474.789018, 0.071713, 0.000079, -0.005389
1, 4474.791806, 6.353164, 0.019894, 0.051868
0, 4474.800908, 0.172267, 0.000263, 0.182523
2, 4474.821592, 0.015679, 0.000049, 0.039800
3, 4474.831245, 0.071812, 0.000085, -0.007616
1, 4474.834002, 6.373138, 0.019949, 0.049704
2, 4474.861621, 0.015779, 0.000045, 0.039809
3, 4474.863139, 0.071911, 0.000083, -0.009843
1, 4474.866007, 6.397655, 0.024499, 0.042981
2, 4474.901629, 0.015834, 0.000031, 0.039824
3, 4474.905187, 0.072033, 0.000106, -0.001761
1, 4474.907916, 6.417739, 0.020066, 0.055409
2, 4474.941630, 0.015902, 0.000045, 0.039804
0, 4474.943078, 0.172354, 0.000070, 0.180503
3, 4474.947094, 0.072144, 0.000097, -0.003797
1, 4474.949873, 6.438281, 0.020525, 0.053042
2, 4474.981628, 0.015974, 0.000047, 0.039799
3, 4474.989126, 0.072263, 0.000104, -0.005713
1, 4474.991941, 6.463357, 0.025057, 0.046551
2, 4475.021605, 0.016047, 0.000048, 0.039800
3, 4475.031106, 0.072391, 0.000112, -0.007753
1, 4475.033875, 6.483747, 0.020372, 0.049168
0, 4475.053243, 0.172418, 0.000046, 0.078360
2, 4475.061598, 0.016121, 0.000049, 0.039822
3, 4475.063019, 0.072486, 0.000081, -0.009700
1, 4475.065806, 6.504637, 0.020873, 0.046735
2, 4475.101641, 0.016167, 0.000033, 0.039856
3, 4475.105128, 0.072603, 0.000104, -0.001636
2, 4475.141638, 0.016220, 0.000029, 0.039806
3, 4475.147215, 0.072740, 0.000121, -0.003764
0, 4475.164818, 0.172500, 0.000063, -0.031824
2, 4475.181625, 0.016288, 0.000046, 0.039794
3, 4475.189299, 0.072868, 0.000111, -0.005841
0, 4475.276438, 0.172679, 0.000155, -0.103495
0, 4475.276453, 0.172697, 0.000001, -0.134956
