0.018763 0.018763
0.061730 0.042967
0.103368 0.041638
0.145006 0.041638
0.186688 0.041682
0.228363 0.041674
0.270002 0.041639
0.311701 0.041699
0.353356 0.041655
0.395029 0.041673
0.436689 0.041660
0.478335 0.041646
0.519999 0.041664
0.561727 0.041728
0.603364 0.041636
0.645021 0.041658
0.686685 0.041663
0.728321 0.041637
0.769988 0.041666
0.811696 0.041708
0.853357 0.041661
0.895025 0.041669
0.936691 0.041665
0.978356 0.041665
1.019976 0.041620
1.061689 0.041714
1.103362 0.041673
1.144973 0.041610
1.186695 0.041723
1.228306 0.041610
1.269996 0.041690
1.311639 0.041643
1.353357 0.041718
1.395022 0.041665
1.436694 0.041672
1.478356 0.041661
1.520025 0.041669
1.561688 0.041664
1.603356 0.041668
1.645024 0.041668
1.686693 0.041668
1.728356 0.041663
1.769991 0.041635
1.811689 0.041699
1.853356 0.041666
1.894975 0.041620
1.936688 0.041713
1.978307 0.041619
2.019976 0.041669
2.061692 0.041715
2.103356 0.041665
2.145023 0.041666
2.186691 0.041668
2.228361 0.041671
2.269990 0.041629
2.311692 0.041702
2.353361 0.041670
2.394978 0.041616
2.436693 0.041716
2.478358 0.041665
2.520026 0.041668
2.561693 0.041667
2.603360 0.041667
2.645025 0.041664
2.686696 0.041671
2.728306 0.041610
2.769996 0.041690
2.811688 0.041693
2.853358 0.041670
2.894972 0.041614
2.936694 0.041722
2.978358 0.041664
3.020022 0.041664
3.061691 0.041669
3.103358 0.041667
3.145023 0.041665
3.186688 0.041666
3.228355 0.041667
3.269991 0.041636
3.311689 0.041699
3.353308 0.041619
3.395023 0.041715
3.436693 0.041671
3.478356 0.041663
3.520028 0.041672
3.561690 0.041662
3.603361 0.041672
3.644973 0.041611
3.686698 0.041726
3.728306 0.041607
3.769987 0.041682
3.811689 0.041702
3.853356 0.041667
3.894977 0.041621
3.936695 0.041717
3.978358 0.041664
4.019978 0.041620
4.061691 0.041713
4.103357 0.041666
4.145022 0.041665
4.186688 0.041666
4.228356 0.041667
4.269999 0.041643
4.311692 0.041692
4.353363 0.041672
4.394974 0.041611
4.436696 0.041722
4.478358 0.041663
4.519974 0.041615
4.561692 0.041718
4.603372 0.041681
4.644985 0.041613
4.686703 0.041718
4.734242 0.047539
4.825994 0.091751
4.873986 0.047992
4.936686 0.062700
4.978358 0.041672
5.022020 0.043663
5.061691 0.039671
5.116529 0.054837
5.173982 0.057453
5.228354 0.054372
5.289149 0.060795
5.311695 0.022546
5.353359 0.041665
5.395031 0.041672
5.576977 0.181946
5.646016 0.069039
5.686693 0.040677
5.728363 0.041670
5.879392 0.151029
5.898778 0.019386
6.030011 0.131233
6.084006 0.053995
6.161961 0.077954
6.231129 0.069168
6.272505 0.041376
6.311689 0.039184
6.353534 0.041845
6.395025 0.041491
6.447602 0.052577
6.526010 0.078408
6.561692 0.035682
6.637999 0.076307
6.789049 0.151050
6.811689 0.022640
6.941303 0.129613
6.978353 0.037050
7.060748 0.082395
7.110058 0.049310
7.274009 0.163951
7.311693 0.037684
7.366026 0.054333
7.426787 0.060762
7.484032 0.057244
7.520025 0.035993
7.561693 0.041668
7.603363 0.041670
7.686688 0.083325
7.728358 0.041670
7.800496 0.072138
7.811824 0.011328
7.909983 0.098159
7.936686 0.026703
7.978358 0.041673
8.042014 0.063656
8.186017 0.144003
8.286986 0.100969
8.315469 0.028483
8.390017 0.074547
8.462018 0.072001
8.520021 0.058003
8.561691 0.041670
8.622018 0.060327
8.682015 0.059997
8.746556 0.064541
8.769995 0.023439
8.811687 0.041692
8.853365 0.041678
8.901867 0.048503
8.936641 0.034774
8.978355 0.041713
9.019978 0.041623
9.061691 0.041713
9.103355 0.041664
9.145028 0.041672
9.186688 0.041660
9.228358 0.041670
9.269991 0.041633
9.311691 0.041700
9.353305 0.041614
9.394971 0.041667
9.436693 0.041721
9.478356 0.041663
9.520027 0.041671
9.561689 0.041662
9.603360 0.041671
9.644978 0.041619
9.686691 0.041713
9.728358 0.041667
9.769988 0.041629
9.811691 0.041704
9.853357 0.041666
9.894977 0.041620
9.936689 0.041712
9.978357 0.041668
10.020023 0.041666
10.061689 0.041667
10.103355 0.041666
10.145024 0.041669
10.186688 0.041664
10.228361 0.041673
10.269992 0.041631
10.311689 0.041698
10.353358 0.041668
10.395023 0.041665
10.436696 0.041673
10.478358 0.041662
10.520034 0.041676
10.561693 0.041659
10.622286 0.060593
10.644977 0.022691
10.690340 0.045363
10.728366 0.038026
10.826134 0.097768
10.906011 0.079877
10.979525 0.073515
11.020024 0.040498
11.063421 0.043397
11.122000 0.058579
11.145025 0.023024
11.204758 0.059733
11.258016 0.053258
11.311694 0.053678
11.370012 0.058318
11.436690 0.066678
11.478362 0.041671
11.522231 0.043870
11.561690 0.039458
11.603359 0.041669
11.645025 0.041667
11.686691 0.041666
11.728358 0.041666
11.769995 0.041638
11.811688 0.041693
11.853354 0.041667
11.895031 0.041677
11.936694 0.041662
11.978357 0.041664
12.020021 0.041663
12.061689 0.041669
12.103363 0.041673
12.145020 0.041657
12.186688 0.041668
12.228358 0.041670
12.269993 0.041635
12.311690 0.041698
12.353361 0.041670
12.394975 0.041614
12.436695 0.041720
12.478361 0.041666
12.524460 0.046099
12.561692 0.037232
12.603357 0.041665
12.651611 0.048254
12.698681 0.047069
12.728354 0.029673
12.769991 0.041637
12.811704 0.041713
12.853363 0.041659
12.895025 0.041662
12.936696 0.041671
12.978354 0.041659
13.021119 0.042764
13.061700 0.040581
13.103362 0.041662
13.145030 0.041668
13.186695 0.041665
13.228370 0.041674
13.269990 0.041620
13.311695 0.041705
13.356298 0.044603
13.395034 0.038736
13.439032 0.043998
13.478360 0.039329
13.520025 0.041665
13.561700 0.041675
13.603357 0.041657
13.644978 0.041620
13.686691 0.041713
13.728364 0.041674
14.095852 0.367488
14.145033 0.049181
14.186691 0.041658
14.274010 0.087319
14.311692 0.037682
14.361962 0.050270
14.398139 0.036178
14.436691 0.038552
14.510010 0.073319
14.561686 0.051676
14.603360 0.041674
14.776042 0.172681
14.847069 0.071027
14.895018 0.047949
14.936655 0.041637
15.121984 0.185330
15.181986 0.060002
15.228353 0.046366
15.277476 0.049124
15.321987 0.044511
15.387234 0.065246
15.436686 0.049452
15.478368 0.041682
15.526234 0.047866
15.561691 0.035457
15.603355 0.041664
15.645031 0.041677
15.809980 0.164949
15.875718 0.065738
15.936695 0.060977
15.978358 0.041663
16.025634 0.047276
16.082016 0.056382
16.103356 0.021340
16.145025 0.041669
16.186691 0.041666
16.228370 0.041679
16.270025 0.041655
16.311693 0.041668
16.353358 0.041665
16.395024 0.041666
16.436694 0.041670
16.478308 0.041614
16.522898 0.044590
16.561693 0.038795
16.603356 0.041663
16.645165 0.041809
16.686691 0.041526
16.728363 0.041672
16.769976 0.041613
16.811695 0.041719
16.853358 0.041663
16.895035 0.041677
16.936690 0.041655
16.978373 0.041683
17.019971 0.041598
17.061700 0.041729
17.103358 0.041658
17.145031 0.041672
17.186692 0.041662
17.228359 0.041667
17.270029 0.041670
17.311688 0.041659
17.353355 0.041667
17.395021 0.041666
17.436691 0.041670
17.478360 0.041669
17.520029 0.041669
17.561691 0.041662
17.603357 0.041666
17.645029 0.041672
17.686691 0.041662
17.728361 0.041670
17.769991 0.041630
17.811689 0.041698
17.853356 0.041667
17.895021 0.041666
17.936695 0.041673
17.978356 0.041661
18.019974 0.041618
18.061689 0.041715
18.103359 0.041670
18.144973 0.041613
18.186689 0.041716
18.228356 0.041667
18.269988 0.041632
18.311692 0.041704
18.353356 0.041663
18.395027 0.041671
18.436690 0.041663
18.478358 0.041669
18.519977 0.041619
18.561691 0.041714
18.603360 0.041669
18.645022 0.041662
18.686695 0.041673
18.728356 0.041661
18.769972 0.041616
18.811695 0.041723
18.853355 0.041660
18.895023 0.041668
18.936690 0.041667
18.978316 0.041626
19.019972 0.041656
19.065670 0.045698
19.103359 0.037689
19.144976 0.041616
19.186691 0.041715
19.228308 0.041618
19.270023 0.041714
19.311643 0.041620
19.353362 0.041720
19.395028 0.041666
19.436685 0.041657
19.492538 0.055853
19.540603 0.048065
19.561691 0.021088
19.624435 0.062744
19.654025 0.029590
19.722014 0.067989
19.789101 0.067087
19.853993 0.064893
19.895024 0.041030
19.949999 0.054975
19.978360 0.028361
20.071129 0.092769
20.110800 0.039671
20.145034 0.034234
20.186693 0.041659
20.228361 0.041669
20.270025 0.041664
20.311692 0.041667
20.353356 0.041664
20.395027 0.041671
20.436689 0.041662
20.478312 0.041623
20.519976 0.041665
20.561697 0.041720
20.603364 0.041667
20.644973 0.041609
20.686647 0.041674
20.729305 0.042657
20.770026 0.040722
20.811688 0.041662
20.853364 0.041676
20.894973 0.041609
20.936697 0.041724
20.978358 0.041661
21.019982 0.041624
21.061689 0.041707
21.103365 0.041675
21.145024 0.041659
21.186696 0.041672
21.228304 0.041608
21.269991 0.041687
21.311687 0.041696
21.353363 0.041676
21.395025 0.041661
21.436700 0.041675
21.478358 0.041658
21.520026 0.041668
21.561690 0.041664
21.603357 0.041667
21.645024 0.041668
21.686692 0.041667
21.728358 0.041666
21.769974 0.041616
21.811690 0.041716
21.853357 0.041667
21.894972 0.041615
21.936695 0.041723
21.978355 0.041660
22.019972 0.041617
22.061688 0.041715
22.103361 0.041673
22.145022 0.041661
22.186691 0.041669
22.228360 0.041669
22.269984 0.041624
22.311688 0.041704
22.353354 0.041666
22.395023 0.041669
22.436695 0.041671
22.478359 0.041665
22.527375 0.049016
22.561693 0.034318
22.603365 0.041672
22.652216 0.048851
22.713985 0.061769
22.818463 0.104478
22.906012 0.087549
22.970015 0.064003
23.062016 0.092001
23.116384 0.054368
23.197985 0.081600
23.256890 0.058905
23.269977 0.013088
23.324118 0.054140
23.353351 0.029233
23.394971 0.041621
23.436696 0.041725
23.478354 0.041658
23.519976 0.041621
23.561688 0.041712
23.603359 0.041671
23.645027 0.041668
23.686694 0.041667
23.728358 0.041665
23.769975 0.041617
23.811688 0.041712
23.853368 0.041680
23.894971 0.041604
23.936695 0.041723
23.978357 0.041663
24.019976 0.041619
24.061690 0.041714
24.103361 0.041671
24.145024 0.041663
24.193686 0.048662
24.228357 0.034672
24.269994 0.041636
24.311692 0.041698
24.353360 0.041668
24.395027 0.041666
24.436700 0.041673
24.478357 0.041657
24.519987 0.041630
24.561693 0.041707
24.603365 0.041671
24.645031 0.041666
24.686702 0.041671
24.790023 0.103321
24.894015 0.103992
24.936694 0.042679
25.009992 0.073298
25.102015 0.092023
25.189901 0.087886
25.234766 0.044865
25.269988 0.035222
25.311700 0.041712
25.357499 0.045800
25.395024 0.037525
25.436688 0.041664
25.478369 0.041681
25.523346 0.044976
25.564153 0.040808
25.603363 0.039209
25.645028 0.041665
25.686691 0.041664
25.742555 0.055863
25.778524 0.035970
25.811692 0.033167
25.861619 0.049928
25.895024 0.033405
25.936693 0.041670
25.978373 0.041679
26.025811 0.047438
26.061703 0.035893
26.114015 0.052311
26.186695 0.072680
26.255048 0.068354
26.269975 0.014927
26.314704 0.044729
26.353359 0.038655
26.436656 0.083297
26.546019 0.109363
26.690019 0.144000
26.779567 0.089548
26.870560 0.090993
26.939382 0.068822
26.993581 0.054199
27.020021 0.026440
27.061684 0.041663
27.103355 0.041670
27.145028 0.041674
27.186687 0.041659
27.228360 0.041672
27.269988 0.041628
27.311688 0.041699
27.353355 0.041667
27.394977 0.041622
27.436689 0.041712
27.478359 0.041669
27.520017 0.041659
27.561690 0.041673
27.603352 0.041661
27.645023 0.041672
27.686685 0.041662
27.728359 0.041674
27.769985 0.041626
27.811689 0.041703
27.853354 0.041666
27.895023 0.041668
27.936688 0.041666
27.978356 0.041668
28.020021 0.041665
28.061689 0.041667
28.103354 0.041665
28.145023 0.041669
28.186693 0.041670
28.228355 0.041662
28.269972 0.041617
28.311690 0.041719
28.353355 0.041664
28.394977 0.041623
28.436694 0.041717
28.478365 0.041671
28.519977 0.041612
28.574976 0.054999
28.661809 0.086833
28.725154 0.063345
28.782001 0.056847
28.858014 0.076013
28.933862 0.075848
28.978361 0.044498
29.048386 0.070025
29.109961 0.061575
29.149765 0.039803
29.234012 0.084248
29.288522 0.054509
29.314417 0.025895
29.353358 0.038942
29.394975 0.041617
29.436688 0.041712
29.478374 0.041686
29.520025 0.041652
29.561690 0.041665
29.603354 0.041663
29.645023 0.041669
29.686688 0.041664
29.728358 0.041670
29.769975 0.041617
29.811693 0.041718
29.853358 0.041665
29.895022 0.041664
29.936691 0.041669
29.978363 0.041672
30.020019 0.041656
30.061690 0.041670
30.103355 0.041665
30.145027 0.041673
30.186691 0.041664
30.228355 0.041663
30.269998 0.041643
30.311688 0.041690
30.353358 0.041670
30.394971 0.041613
30.436696 0.041725
30.478358 0.041662
30.520024 0.041666
30.561691 0.041667
30.603358 0.041667
30.645002 0.041643
30.686691 0.041690
30.728359 0.041668
30.770025 0.041666
30.811688 0.041663
30.853365 0.041677
30.895027 0.041661
30.936692 0.041665
30.978358 0.041666
31.020020 0.041662
31.061688 0.041668
31.103358 0.041669
31.145028 0.041671
31.186688 0.041660
31.228356 0.041668
31.269985 0.041629
31.311690 0.041705
31.353360 0.041670
31.395022 0.041662
31.436694 0.041672
31.478358 0.041664
31.527297 0.048939
31.561690 0.034393
31.603364 0.041674
31.645024 0.041661
31.686693 0.041669
31.738492 0.051798
31.772212 0.033720
31.811692 0.039481
31.863725 0.052033
31.895032 0.031306
31.937540 0.042509
31.978357 0.040816
32.020028 0.041671
32.066752 0.046724
32.103358 0.036606
32.155770 0.052412
32.186703 0.030932
32.228359 0.041656
32.269993 0.041634
32.311692 0.041699
32.353364 0.041672
32.395025 0.041660
32.436699 0.041674
32.478308 0.041609
32.527178 0.048869
32.568980 0.041802
32.603357 0.034377
32.644975 0.041618
32.686691 0.041717
32.728363 0.041671
32.776097 0.047735
32.821363 0.045266
32.876099 0.054735
32.936691 0.060593
32.998713 0.062021
33.063009 0.064296
33.107273 0.044264
33.181261 0.073988
33.228358 0.047097
33.310012 0.081654
33.379110 0.069097
33.530031 0.150922
33.603354 0.073323
33.660156 0.056802
33.686693 0.026536
33.739090 0.052397
33.799452 0.060362
33.853357 0.053906
33.895025 0.041667
33.993971 0.098946
34.069145 0.075174
34.103361 0.034216
34.145026 0.041665
34.205996 0.060970
34.269989 0.063994
34.311690 0.041701
34.353364 0.041674
34.446427 0.093064
34.485277 0.038849
34.520021 0.034744
34.561687 0.041666
34.603358 0.041671
34.644981 0.041623
34.686690 0.041709
34.728355 0.041665
34.769992 0.041637
34.811691 0.041699
34.853356 0.041665
34.894971 0.041616
34.936688 0.041717
34.978368 0.041679
35.023489 0.045122
35.061696 0.038207
35.103357 0.041661
35.144980 0.041623
35.186692 0.041712
35.228357 0.041665
35.269987 0.041630
35.311690 0.041703
35.353356 0.041666
35.395027 0.041671
35.436690 0.041663
35.478362 0.041672
35.520027 0.041665
35.561688 0.041661
35.603307 0.041619
35.645023 0.041716
35.686694 0.041671
35.728356 0.041662
35.769985 0.041629
35.811688 0.041703
35.853355 0.041667
35.895022 0.041666
35.936691 0.041669
35.978304 0.041613
36.019980 0.041676
36.061690 0.041710
36.103361 0.041671
36.144975 0.041613
36.186693 0.041718
36.228355 0.041662
36.269987 0.041632
36.311691 0.041705
36.353359 0.041668
36.395021 0.041662
36.436700 0.041679
36.478305 0.041605
36.520026 0.041721
36.561691 0.041665
36.603360 0.041669
36.644971 0.041611
36.686694 0.041723
36.728358 0.041664
36.769989 0.041631
36.811688 0.041699
36.853361 0.041672
36.895024 0.041664
36.936692 0.041668
36.978356 0.041663
37.020023 0.041668
37.061691 0.041668
37.103373 0.041682
37.145024 0.041651
37.186699 0.041674
37.228358 0.041659
37.269988 0.041630
37.311688 0.041700
37.353357 0.041670
37.395024 0.041667
37.436693 0.041669
37.478309 0.041616
37.522859 0.044550
37.561688 0.038829
37.603358 0.041670
37.644973 0.041615
37.686690 0.041717
37.728358 0.041668
37.769998 0.041640
37.811689 0.041691
37.853367 0.041678
37.895025 0.041658
37.936701 0.041676
37.978359 0.041658
38.019987 0.041628
38.061688 0.041701
38.103359 0.041671
38.145022 0.041663
38.186701 0.041680
38.228358 0.041656
38.269987 0.041629
38.311692 0.041705
38.353356 0.041664
38.395030 0.041675
38.436696 0.041666
38.480750 0.044054
38.519971 0.039221
38.561689 0.041718
38.603364 0.041675
38.645022 0.041657
38.686694 0.041672
38.728359 0.041665
38.770001 0.041643
38.811690 0.041689
38.853367 0.041677
38.894974 0.041607
38.936701 0.041727
38.978354 0.041652
39.020028 0.041674
39.061690 0.041662
39.103358 0.041668
39.145027 0.041669
39.186690 0.041664
39.228362 0.041672
39.269995 0.041633
39.311691 0.041696
39.353355 0.041664
39.394981 0.041626
39.436698 0.041717
39.478359 0.041661
39.524667 0.046308
39.561698 0.037031
39.603358 0.041660
39.645037 0.041679
39.686665 0.041627
39.728358 0.041693
39.769988 0.041630
39.811691 0.041703
39.853362 0.041671
39.895023 0.041661
39.939355 0.044333
39.978361 0.039005
40.020027 0.041666
40.061689 0.041662
40.103358 0.041669
40.144972 0.041614
40.186697 0.041725
40.228362 0.041665
40.269988 0.041627
40.311701 0.041713
40.353355 0.041654
40.394981 0.041625
40.436691 0.041710
40.479630 0.042939
40.520022 0.040392
40.561693 0.041670
40.603361 0.041669
40.644972 0.041611
40.686692 0.041719
40.728355 0.041664
40.769979 0.041623
40.811688 0.041709
40.853362 0.041674
40.895020 0.041658
40.936692 0.041672
40.978357 0.041666
41.019978 0.041621
41.061696 0.041718
41.103358 0.041661
41.144977 0.041619
41.186693 0.041716
41.228360 0.041667
41.270351 0.041991
41.311695 0.041344
41.353354 0.041659
41.394976 0.041622
41.436695 0.041719
41.478355 0.041660
41.520030 0.041675
41.561689 0.041659
41.603305 0.041617
41.645024 0.041719
41.686702 0.041678
41.728363 0.041661
41.769972 0.041609
41.811689 0.041717
41.853358 0.041669
41.894981 0.041623
41.936694 0.041713
41.978305 0.041611
42.020026 0.041721
42.061691 0.041665
42.103359 0.041668
42.145023 0.041663
42.186697 0.041675
42.228358 0.041661
42.270028 0.041671
42.311689 0.041661
42.353359 0.041670
42.395025 0.041667
42.436697 0.041671
42.478356 0.041659
42.520022 0.041666
42.561693 0.041672
42.603356 0.041663
42.645022 0.041666
42.686688 0.041665
42.728360 0.041672
42.769986 0.041627
42.811691 0.041705
42.853357 0.041665
42.894971 0.041615
42.936690 0.041719
42.978354 0.041665
43.020031 0.041676
43.061690 0.041659
43.103357 0.041667
43.145022 0.041665
43.186690 0.041668
43.228354 0.041665
43.269990 0.041635
43.311688 0.041698
43.353358 0.041671
43.395022 0.041663
43.436688 0.041666
43.478355 0.041667
43.519975 0.041620
43.561689 0.041714
43.603354 0.041665
43.645023 0.041668
43.686688 0.041665
43.728356 0.041669
43.769991 0.041635
43.811690 0.041699
43.853362 0.041672
43.895024 0.041662
43.936692 0.041668
43.978311 0.041619
44.020039 0.041727
44.061691 0.041653
44.103362 0.041671
44.145026 0.041663
44.186696 0.041671
44.228358 0.041661
44.270001 0.041643
44.311692 0.041691
44.353360 0.041668
44.395026 0.041666
44.436696 0.041670
44.481290 0.044594
44.520022 0.038732
44.561692 0.041670
44.603369 0.041678
44.645025 0.041656
44.686691 0.041666
44.728355 0.041664
44.769985 0.041630
44.811699 0.041714
44.853361 0.041663
44.894979 0.041618
44.936690 0.041711
44.978354 0.041664
45.020029 0.041675
45.061691 0.041662
45.103308 0.041617
45.145023 0.041715
45.186691 0.041668
45.228362 0.041671
45.269985 0.041623
45.311691 0.041707
45.353356 0.041665
45.395028 0.041672
45.436691 0.041663
45.478358 0.041668
45.519977 0.041619
45.561689 0.041712
45.603357 0.041668
45.645030 0.041673
45.686691 0.041661
45.728361 0.041670
45.769995 0.041634
45.811695 0.041700
45.853355 0.041660
45.895022 0.041666
45.936688 0.041666
45.978359 0.041671
46.019971 0.041612
46.061690 0.041718
46.103355 0.041665
46.144975 0.041620
46.186690 0.041715
46.228356 0.041666
46.270021 0.041665
46.311694 0.041673
46.353359 0.041665
46.394973 0.041614
46.436694 0.041721
46.478360 0.041666
46.520037 0.041677
46.561691 0.041654
46.603361 0.041670
46.645029 0.041668
46.686691 0.041662
46.728356 0.041665
46.769977 0.041620
46.811687 0.041711
46.853354 0.041667
46.895021 0.041667
46.936692 0.041670
46.978306 0.041614
47.020023 0.041717
47.061688 0.041665
47.103355 0.041667
47.144973 0.041618
47.186688 0.041715
47.228353 0.041666
47.269988 0.041634
47.311695 0.041707
47.353360 0.041666
47.395029 0.041668
47.436697 0.041668
47.481362 0.044665
47.524933 0.043571
47.561692 0.036759
47.603363 0.041672
47.644978 0.041615
47.686698 0.041720
47.728357 0.041659
47.769997 0.041640
47.816340 0.046343
47.860792 0.044452
47.895031 0.034239
47.944913 0.049882
47.978361 0.033447
48.022132 0.043771
48.061640 0.039509
48.103363 0.041722
48.145032 0.041669
48.186695 0.041663
48.228359 0.041664
48.269976 0.041618
48.311690 0.041714
48.353356 0.041666
48.394973 0.041616
48.436692 0.041719
48.478362 0.041671
48.519975 0.041613
48.561690 0.041715
48.603360 0.041671
48.645025 0.041665
48.686694 0.041669
48.728355 0.041661
48.769989 0.041634
48.811698 0.041709
48.853313 0.041615
48.895022 0.041708
48.936693 0.041671
48.978366 0.041673
49.019972 0.041606
49.061688 0.041716
49.103358 0.041670
49.145022 0.041664
49.186691 0.041669
49.228363 0.041671
49.269993 0.041631
49.311695 0.041702
49.353357 0.041662
49.394974 0.041616
49.436691 0.041718
49.478361 0.041669
49.520024 0.041664
49.561695 0.041671
49.603361 0.041665
49.645022 0.041662
49.686687 0.041665
49.728355 0.041667
49.770029 0.041675
49.811689 0.041660
49.853355 0.041666
49.894973 0.041618
49.936687 0.041714
49.978356 0.041668
50.020025 0.041669
50.061689 0.041664
50.103308 0.041619
50.145027 0.041719
50.186694 0.041667
50.228360 0.041667
50.269991 0.041630
50.311688 0.041698
50.353372 0.041684
50.394978 0.041606
50.436956 0.041978
50.489059 0.052103
50.520028 0.030969
50.561695 0.041667
50.603358 0.041664
50.645025 0.041667
50.686688 0.041663
50.728355 0.041667
50.769991 0.041636
50.811688 0.041697
50.853355 0.041667
50.895025 0.041670
50.936690 0.041665
50.978364 0.041675
51.026835 0.048470
51.061697 0.034862
51.103357 0.041660
51.145031 0.041674
51.194938 0.049906
51.228365 0.033427
51.269995 0.041630
51.311690 0.041695
51.353357 0.041667
51.404588 0.051231
51.438895 0.034306
51.478363 0.039468
51.520033 0.041671
51.561691 0.041658
51.603360 0.041668
51.645024 0.041665
51.686690 0.041666
51.728358 0.041668
51.769988 0.041630
51.811695 0.041708
51.853358 0.041663
51.894976 0.041617
51.936696 0.041720
51.978357 0.041662
52.020022 0.041664
52.061690 0.041668
52.103359 0.041669
52.145026 0.041667
52.186688 0.041662
52.228358 0.041669
52.269987 0.041630
52.311691 0.041704
52.353364 0.041673
52.395022 0.041658
52.436691 0.041669
52.478354 0.041662
52.520024 0.041670
52.561693 0.041670
52.603360 0.041667
52.645024 0.041664
52.686688 0.041664
52.728355 0.041666
52.769977 0.041623
52.811690 0.041712
52.853354 0.041664
52.895022 0.041668
52.936690 0.041668
52.978312 0.041621
53.020023 0.041712
53.061695 0.041672
53.103358 0.041663
53.145024 0.041666
53.186693 0.041669
53.228352 0.041660
53.269991 0.041639
53.311688 0.041697
53.353356 0.041668
53.394972 0.041616
53.436688 0.041716
53.478355 0.041668
53.519971 0.041616
53.561694 0.041723
53.603354 0.041660
53.645024 0.041670
53.686689 0.041665
53.728356 0.041667
53.769987 0.041631
53.811693 0.041706
53.853356 0.041663
53.895022 0.041666
53.936689 0.041667
53.978355 0.041666
54.020022 0.041667
54.061688 0.041667
54.103355 0.041667
54.144977 0.041621
54.186688 0.041711
54.228354 0.041667
54.269988 0.041634
54.311690 0.041701
54.353355 0.041665
54.395024 0.041669
54.436691 0.041667
54.478360 0.041669
54.520024 0.041664
54.561692 0.041669
54.603364 0.041672
54.645024 0.041660
54.686692 0.041669
54.728308 0.041616
54.769990 0.041682
54.811695 0.041705
54.853364 0.041669
54.894978 0.041614
54.936697 0.041718
54.978361 0.041665
55.020025 0.041664
55.061696 0.041671
55.114465 0.052769
55.145024 0.030559
55.194012 0.048988
55.246005 0.051993
55.286022 0.040017
55.330914 0.044891
55.377993 0.047080
55.436691 0.058698
55.478354 0.041662
55.520032 0.041678
55.561700 0.041668
55.626326 0.064626
55.660711 0.034385
55.703816 0.043104
55.728354 0.024539
55.769999 0.041645
55.811694 0.041694
55.853364 0.041670
55.895023 0.041659
55.936698 0.041674
55.978356 0.041659
56.020022 0.041665
56.061691 0.041670
56.103354 0.041663
56.145030 0.041676
56.186690 0.041660
56.228363 0.041673
56.270023 0.041660
56.311695 0.041672
56.353361 0.041666
56.395027 0.041667
56.436690 0.041662
56.478310 0.041621
56.520024 0.041714
56.561688 0.041664
56.603356 0.041668
56.645032 0.041676
56.686691 0.041659
56.728357 0.041666
56.769986 0.041629
56.811697 0.041711
56.853354 0.041657
56.895035 0.041680
56.936693 0.041658
56.978358 0.041665
57.020025 0.041668
57.061690 0.041664
57.103358 0.041669
57.145025 0.041666
57.186687 0.041663
57.228361 0.041674
57.270027 0.041666
57.311688 0.041661
57.353358 0.041670
57.395026 0.041668
57.436689 0.041663
57.478356 0.041667
57.520022 0.041666
57.561689 0.041667
57.603355 0.041666
57.645022 0.041667
57.686689 0.041667
57.728356 0.041667
57.770026 0.041670
57.811690 0.041664
57.853355 0.041666
57.895021 0.041666
57.936696 0.041675
57.978356 0.041659
58.020025 0.041670
58.061688 0.041663
58.103357 0.041669
58.145022 0.041665
58.186689 0.041667
58.228359 0.041670
58.269984 0.041625
58.311691 0.041707
58.353355 0.041663
58.395024 0.041670
58.436697 0.041673
58.478358 0.041661
58.520024 0.041666
58.564685 0.044661
58.603362 0.038676
58.644983 0.041621
58.686695 0.041712
58.728356 0.041661
58.770002 0.041645
58.811692 0.041690
58.853361 0.041669
58.895024 0.041663
58.936689 0.041665
58.978317 0.041628
59.020027 0.041711
59.061692 0.041664
59.103358 0.041666
59.145022 0.041664
59.186693 0.041670
59.228358 0.041666
59.269987 0.041628
59.311691 0.041705
59.353358 0.041667
59.394976 0.041618
59.436692 0.041716
59.478357 0.041665
59.520027 0.041671
59.561692 0.041665
59.603361 0.041669
59.645025 0.041664
59.686706 0.041681
59.728358 0.041652
59.770005 0.041647
59.811692 0.041687
59.853362 0.041670
59.895022 0.041659
59.936695 0.041673
59.980047 0.043351
60.019974 0.039927
60.061693 0.041719
60.103355 0.041663
60.145029 0.041674
60.186693 0.041664
60.228354 0.041661
60.269996 0.041642
60.311694 0.041698
60.353359 0.041666
60.395025 0.041665
60.436691 0.041666
60.478357 0.041666
60.520023 0.041665
60.561702 0.041679
60.603355 0.041653
60.645034 0.041679
60.686688 0.041654
60.728363 0.041675
60.769998 0.041635
60.811692 0.041694
60.853356 0.041665
60.895028 0.041672
60.936688 0.041660
60.978358 0.041670
61.020030 0.041672
61.061689 0.041659
61.103354 0.041665
61.155614 0.052260
61.186691 0.031077
61.228358 0.041666
61.269973 0.041616
61.311691 0.041718
61.353354 0.041663
61.394980 0.041626
61.436690 0.041710
61.478356 0.041666
61.519974 0.041619
61.561692 0.041718
61.603357 0.041665
61.645022 0.041665
61.686688 0.041667
61.728359 0.041671
61.770028 0.041669
61.811689 0.041660
61.853362 0.041673
61.894976 0.041614
61.936693 0.041718
61.978361 0.041668
62.020024 0.041662
62.070953 0.050929
62.103360 0.032407
62.145025 0.041665
62.197867 0.052843
62.238517 0.040649
62.280090 0.041573
62.311697 0.031608
62.353356 0.041659
62.395004 0.041648
62.436692 0.041687
62.478364 0.041673
62.520028 0.041663
62.561694 0.041666
62.603360 0.041667
62.644983 0.041623
62.695207 0.050224
62.728362 0.033155
62.769993 0.041631
62.811693 0.041700
62.853354 0.041661
62.895029 0.041674
62.936694 0.041665
62.978361 0.041667
63.019972 0.041611
63.067838 0.047867
63.103357 0.035518
63.145027 0.041670
63.186691 0.041664
63.232760 0.046069
63.269989 0.037229
63.314717 0.044728
63.353359 0.038642
63.395035 0.041676
63.436691 0.041656
63.478364 0.041673
63.520021 0.041657
63.561696 0.041675
63.603308 0.041612
63.645026 0.041718
63.686691 0.041665
63.740980 0.054289
63.769991 0.029011
63.811688 0.041697
63.853357 0.041669
63.894977 0.041619
63.936688 0.041711
63.978359 0.041671
64.020028 0.041669
64.128292 0.108264
64.186685 0.058393
64.237703 0.051018
64.269992 0.032289
64.311691 0.041699
64.364497 0.052807
64.398617 0.034120
64.444473 0.045856
64.485719 0.041247
64.520027 0.034308
64.570982 0.050955
64.603367 0.032385
64.645025 0.041658
64.692070 0.047045
64.730013 0.037943
64.775379 0.045366
64.811692 0.036313
64.853357 0.041665
64.895032 0.041674
64.936681 0.041649
64.978359 0.041679
65.026785 0.048426
65.061696 0.034911
65.103357 0.041661
65.145037 0.041680
65.186692 0.041655
65.228357 0.041665
65.269984 0.041627
65.315537 0.045553
65.353358 0.037820
65.395039 0.041681
65.436688 0.041650
65.478363 0.041675
65.520024 0.041661
65.561693 0.041669
65.603357 0.041665
65.645027 0.041669
65.686691 0.041664
65.728364 0.041673
65.769989 0.041625
65.811691 0.041702
65.853746 0.042054
65.895032 0.041286
65.936690 0.041658
65.978308 0.041618
66.019974 0.041665
66.061692 0.041718
66.103366 0.041674
66.144980 0.041614
66.186691 0.041711
66.228361 0.041669
66.269988 0.041627
66.311691 0.041704
66.353356 0.041664
66.395027 0.041671
66.436689 0.041662
66.478362 0.041673
66.520022 0.041660
66.561695 0.041673
66.603304 0.041609
66.645029 0.041725
66.686688 0.041659
66.739349 0.052661
66.769987 0.030638
66.811995 0.042008
66.853356 0.041361
66.895028 0.041672
66.936691 0.041663
66.978357 0.041666
67.020022 0.041665
67.061691 0.041669
67.103356 0.041665
67.145033 0.041677
67.186692 0.041658
67.228357 0.041665
67.269986 0.041630
67.311692 0.041705
67.353354 0.041663
67.395024 0.041670
67.436687 0.041663
67.478356 0.041669
67.520021 0.041665
67.561689 0.041667
67.603354 0.041665
67.645025 0.041670
67.686688 0.041663
67.728361 0.041673
67.769990 0.041629
67.811692 0.041702
67.853304 0.041612
67.895026 0.041722
67.936692 0.041666
67.978364 0.041672
68.020028 0.041664
68.061698 0.041671
68.103354 0.041656
68.145025 0.041671
68.186693 0.041668
68.228356 0.041664
68.269986 0.041630
68.311688 0.041702
68.353354 0.041666
68.394973 0.041618
68.436689 0.041716
68.478356 0.041667
68.520022 0.041666
68.561693 0.041671
68.603362 0.041669
68.644975 0.041613
68.686695 0.041720
68.728308 0.041613
68.783117 0.054810
68.811694 0.028577
68.853363 0.041669
68.895025 0.041661
68.936691 0.041666
68.978307 0.041616
69.019980 0.041673
69.061691 0.041711
69.103304 0.041614
69.144972 0.041668
69.186690 0.041717
69.228358 0.041668
69.269986 0.041628
69.311696 0.041710
69.353358 0.041662
69.394977 0.041620
69.436694 0.041716
69.478359 0.041665
69.519974 0.041615
69.561694 0.041720
69.603305 0.041611
69.645027 0.041721
69.686691 0.041664
69.728359 0.041668
69.769991 0.041633
69.811690 0.041699
69.853355 0.041664
69.895023 0.041668
69.936690 0.041667
69.978359 0.041669
70.020023 0.041664
70.061690 0.041667
70.103356 0.041666
70.145022 0.041666
70.186691 0.041669
70.228356 0.041665
70.269984 0.041628
70.311696 0.041712
70.353358 0.041662
70.395029 0.041671
70.436687 0.041658
70.478355 0.041668
70.520024 0.041669
70.561688 0.041664
70.603364 0.041675
70.645022 0.041658
70.686702 0.041680
70.728357 0.041655
70.769993 0.041636
70.817261 0.047268
70.853361 0.036100
70.899994 0.046633
70.950400 0.050406
70.978358 0.027958
71.019979 0.041622
71.062888 0.042909
71.103366 0.040478
71.147426 0.044060
71.186696 0.039270
71.235386 0.048690
71.282504 0.047118
71.311645 0.029141
71.353372 0.041727
71.395030 0.041658
71.436695 0.041666
71.478360 0.041664
71.520025 0.041666
71.561689 0.041664
71.603356 0.041666
71.645023 0.041667
71.686692 0.041669
71.728356 0.041664
71.769975 0.041619
71.811692 0.041717
71.853356 0.041664
71.895022 0.041665
71.936697 0.041675
71.978358 0.041661
72.020025 0.041667
72.061691 0.041666
72.103305 0.041614
72.144972 0.041667
72.186690 0.041717
72.228364 0.041674
72.274588 0.046224
72.311691 0.037103
72.353362 0.041671
72.395023 0.041661
72.436695 0.041672
72.478363 0.041668
72.520021 0.041658
72.561691 0.041669
72.603356 0.041666
72.644972 0.041616
72.686688 0.041716
72.728362 0.041674
72.769987 0.041625
72.811689 0.041701
72.853366 0.041678
72.895025 0.041659
72.936692 0.041667
72.978356 0.041663
73.020021 0.041665
73.061687 0.041666
73.103364 0.041677
73.145023 0.041659
73.186693 0.041670
73.228354 0.041661
73.269984 0.041630
73.311692 0.041707
73.353364 0.041672
73.395022 0.041659
73.436690 0.041668
73.478305 0.041614
73.519980 0.041675
73.561692 0.041712
73.603308 0.041616
73.644972 0.041664
73.686697 0.041725
73.728354 0.041658
73.769986 0.041632
73.811689 0.041702
73.853358 0.041670
73.895021 0.041663
73.936689 0.041668
73.978355 0.041666
74.020028 0.041673
74.061691 0.041662
74.103357 0.041667
74.144971 0.041614
74.186692 0.041721
74.228355 0.041663
74.269989 0.041634
74.311688 0.041699
74.353359 0.041671
74.395023 0.041664
74.436691 0.041668
74.478357 0.041666
74.520031 0.041673
74.561691 0.041660
74.603357 0.041666
74.645021 0.041663
74.695322 0.050301
74.730002 0.034680
74.769990 0.039988
74.811688 0.041698
74.853355 0.041666
74.895029 0.041674
74.941469 0.046441
74.978357 0.036887
75.020025 0.041668
75.069238 0.049213
75.103355 0.034117
75.145027 0.041672
75.186696 0.041669
75.228366 0.041670
75.269989 0.041624
75.311688 0.041698
75.353355 0.041668
75.395029 0.041674
75.436694 0.041665
75.478308 0.041614
75.519973 0.041666
75.561697 0.041723
75.603362 0.041665
75.645024 0.041662
75.686690 0.041666
75.728362 0.041672
75.769990 0.041627
75.811688 0.041698
75.853355 0.041667
75.894972 0.041617
75.936688 0.041716
75.978363 0.041675
76.020021 0.041658
76.061688 0.041668
76.103357 0.041668
76.144974 0.041618
76.186691 0.041716
76.228354 0.041664
76.269992 0.041637
76.311691 0.041699
76.353357 0.041666
76.395028 0.041671
76.436688 0.041660
76.478359 0.041672
76.520026 0.041666
76.561694 0.041669
76.603358 0.041663
76.645025 0.041667
76.686692 0.041667
76.728363 0.041671
76.769987 0.041624
76.811695 0.041709
76.853357 0.041662
76.895025 0.041668
76.936691 0.041666
76.978365 0.041674
77.020028 0.041663
77.061690 0.041661
77.103358 0.041668
77.145026 0.041668
77.186689 0.041663
77.228357 0.041669
77.269986 0.041629
77.311691 0.041705
77.353362 0.041671
77.395023 0.041661
77.436688 0.041665
77.478358 0.041670
77.520024 0.041666
77.561695 0.041671
77.603362 0.041667
77.645022 0.041660
77.686691 0.041669
77.728359 0.041668
77.769974 0.041615
77.811693 0.041718
77.853357 0.041665
77.894978 0.041621
77.936693 0.041715
77.978358 0.041664
78.019973 0.041616
78.061696 0.041723
78.103359 0.041663
78.145025 0.041666
78.186697 0.041673
78.228362 0.041664
78.269990 0.041628
78.311688 0.041698
78.353309 0.041622
78.394979 0.041669
78.436699 0.041721
78.478363 0.041664
78.520027 0.041664
78.561696 0.041669
78.603363 0.041666
78.644976 0.041614
78.686689 0.041713
78.728360 0.041670
78.769986 0.041626
78.811689 0.041703
78.853355 0.041666
78.895022 0.041667
78.936689 0.041667
78.978359 0.041670
79.020021 0.041662
79.061689 0.041668
79.103306 0.041617
79.144973 0.041667
79.186688 0.041715
79.228355 0.041667
79.269996 0.041641
79.311696 0.041701
79.353354 0.041658
79.395024 0.041670
79.436692 0.041668
79.478310 0.041617
79.520025 0.041715
79.561693 0.041668
79.603358 0.041665
79.645028 0.041670
79.686691 0.041662
79.728358 0.041668
79.769986 0.041627
79.811692 0.041706
79.853358 0.041665
79.895027 0.041669
79.936690 0.041663
79.978306 0.041616
80.020024 0.041719
80.061692 0.041668
80.103360 0.041667
80.145025 0.041665
80.186688 0.041663
80.228355 0.041667
80.269986 0.041631
80.311688 0.041703
80.353359 0.041670
80.395026 0.041668
80.436688 0.041662
80.478356 0.041668
80.519973 0.041617
80.561689 0.041716
80.603358 0.041669
80.645022 0.041664
80.686691 0.041670
80.728354 0.041663
80.769985 0.041631
80.811689 0.041704
80.853359 0.041669
80.895021 0.041663
80.936695 0.041673
80.978355 0.041660
81.020025 0.041671
81.061688 0.041663
81.103359 0.041671
81.145022 0.041663
81.186688 0.041666
81.228358 0.041670
81.269989 0.041631
81.311692 0.041703
81.353354 0.041662
81.395031 0.041677
81.436689 0.041658
81.478355 0.041666
81.520023 0.041668
81.561693 0.041670
81.603359 0.041667
81.645021 0.041662
81.686688 0.041667
81.728358 0.041670
81.769988 0.041630
81.811690 0.041702
81.861592 0.049902
81.897088 0.035497
81.936686 0.039597
81.978359 0.041674
82.019972 0.041613
82.061696 0.041724
82.103372 0.041676
82.147363 0.043991
82.186691 0.039328
82.228354 0.041663
82.269987 0.041632
82.311691 0.041704
82.353357 0.041666
82.395025 0.041668
82.436688 0.041663
82.478358 0.041670
82.519972 0.041614
82.561696 0.041725
82.603313 0.041616
82.644974 0.041661
82.686691 0.041717
82.728361 0.041669
82.769994 0.041633
82.811693 0.041699
82.853360 0.041667
82.895026 0.041666
82.936688 0.041663
82.978360 0.041672
83.019971 0.041611
83.061693 0.041722
83.103358 0.041665
83.145021 0.041663
83.186688 0.041667
83.228354 0.041666
83.269984 0.041630
83.311688 0.041704
83.353356 0.041668
83.394972 0.041616
83.436691 0.041719
83.478359 0.041668
83.520023 0.041664
83.561688 0.041665
83.603360 0.041672
83.645023 0.041663
83.686695 0.041672
83.728357 0.041662
83.769994 0.041637
83.811691 0.041697
83.853368 0.041678
83.894972 0.041604
83.936697 0.041725
83.989374 0.052677
84.030289 0.040915
84.061691 0.031402
84.103360 0.041668
84.145024 0.041664
84.186699 0.041675
84.228367 0.041668
84.276591 0.048224
84.314496 0.037905
84.353354 0.038859
84.394976 0.041622
84.436691 0.041715
84.478358 0.041667
84.519977 0.041618
84.561689 0.041712
84.603358 0.041670
84.645034 0.041676
84.692096 0.047062
84.728356 0.036259
84.769999 0.041643
84.811694 0.041696
84.853355 0.041661
84.894981 0.041626
84.936692 0.041711
84.980273 0.043581
85.020029 0.039756
85.066822 0.046794
85.103363 0.036540
85.145022 0.041660
85.192581 0.047558
85.228360 0.035780
85.269992 0.041632
85.311695 0.041703
85.353357 0.041662
85.395030 0.041673
85.436691 0.041661
85.480861 0.044171
85.520024 0.039162
85.561698 0.041674
85.603365 0.041667
85.645028 0.041664
85.686691 0.041662
85.728314 0.041623
85.769987 0.041673
85.811691 0.041703
85.853355 0.041665
85.895031 0.041676
85.936695 0.041664
85.978358 0.041663
86.020023 0.041665
86.061694 0.041671
86.103361 0.041667
86.145025 0.041664
86.186692 0.041667
86.228362 0.041670
86.269991 0.041629
86.311689 0.041698
86.353358 0.041669
86.395028 0.041671
86.436696 0.041668
86.478355 0.041658
86.520021 0.041666
86.561688 0.041666
86.603359 0.041671
86.645022 0.041664
86.686688 0.041666
86.728355 0.041667
86.769993 0.041638
86.811690 0.041697
86.853358 0.041668
86.895021 0.041663
86.936697 0.041676
86.978305 0.041608
87.019980 0.041675
87.061688 0.041709
87.103363 0.041675
87.144973 0.041610
87.186695 0.041721
87.228355 0.041660
87.269992 0.041637
87.311689 0.041696
87.353362 0.041673
87.394972 0.041610
87.436691 0.041719
87.478358 0.041667
87.520060 0.041702
87.561690 0.041631
87.603356 0.041666
87.644976 0.041620
87.686688 0.041712
87.728362 0.041674
87.769984 0.041622
87.811693 0.041709
87.853356 0.041663
87.895022 0.041666
87.943551 0.048529
87.978358 0.034807
88.019978 0.041620
88.061691 0.041713
88.103368 0.041677
88.145024 0.041656
88.186697 0.041673
88.228358 0.041661
88.270001 0.041643
88.311689 0.041688
88.353368 0.041678
88.395025 0.041657
88.436697 0.041672
88.478355 0.041658
88.520028 0.041673
88.565058 0.045031
88.603359 0.038301
88.644980 0.041621
88.686701 0.041721
88.728360 0.041660
88.770003 0.041642
88.811689 0.041686
88.853358 0.041669
88.895021 0.041663
88.936689 0.041667
88.978355 0.041666
89.020029 0.041674
89.061689 0.041660
89.103355 0.041667
89.145022 0.041667
89.186697 0.041675
89.228356 0.041659
89.269990 0.041635
89.311690 0.041700
89.353363 0.041672
89.395024 0.041662
89.436697 0.041673
89.478357 0.041659
89.520025 0.041668
89.561688 0.041662
89.603311 0.041624
89.645023 0.041712
89.686689 0.041665
89.728356 0.041667
89.779915 0.051559
89.811693 0.031778
89.853356 0.041663
89.894978 0.041623
89.936690 0.041712
89.978358 0.041667
90.019981 0.041623
90.061687 0.041706
90.103358 0.041671
90.145031 0.041674
90.186689 0.041657
90.228365 0.041676
90.270029 0.041665
90.318300 0.048270
90.353358 0.035058
90.395028 0.041670
90.436687 0.041660
90.478308 0.041621
90.520026 0.041718
90.561696 0.041670
90.603357 0.041661
90.645027 0.041670
90.686691 0.041664
90.733513 0.046822
90.769994 0.036481
90.823185 0.053191
90.853338 0.030152
90.894982 0.041644
90.940246 0.045264
90.978367 0.038122
91.020060 0.041693
91.067731 0.047671
91.103308 0.035577
91.145025 0.041718
91.186691 0.041665
91.228356 0.041665
91.270026 0.041670
91.311693 0.041667
91.353359 0.041666
91.395023 0.041664
91.436688 0.041665
91.478304 0.041616
91.520023 0.041719
91.561688 0.041665
91.603306 0.041618
91.645024 0.041718
91.686695 0.041671
91.728355 0.041661
91.769993 0.041637
91.811699 0.041707
91.853358 0.041659
91.895023 0.041665
91.936694 0.041671
91.978357 0.041663
92.019973 0.041616
92.061689 0.041716
92.103358 0.041669
92.145024 0.041666
92.186688 0.041664
92.228358 0.041670
92.269988 0.041629
92.311690 0.041702
92.353356 0.041666
92.394972 0.041616
92.436691 0.041719
92.478357 0.041666
92.520024 0.041667
92.561694 0.041670
92.603358 0.041664
92.645022 0.041664
92.686688 0.041666
92.728361 0.041673
92.769989 0.041628
92.811694 0.041706
92.853355 0.041661
92.895024 0.041669
92.936687 0.041663
92.978358 0.041671
93.019974 0.041615
93.061691 0.041717
93.103359 0.041668
93.147044 0.043685
93.186690 0.039646
93.228357 0.041667
93.269994 0.041637
93.311692 0.041698
93.353359 0.041667
93.395031 0.041672
93.436692 0.041661
93.478374 0.041682
93.520026 0.041652
93.581909 0.061883
93.642012 0.060103
93.704167 0.062155
93.762015 0.057848
93.836356 0.074341
93.853362 0.017006
93.895025 0.041663
93.938018 0.042993
93.978359 0.040342
94.020034 0.041674
94.071627 0.051593
94.110780 0.039154
94.145025 0.034245
94.186691 0.041667
94.228371 0.041680
94.269990 0.041619
94.311696 0.041706
94.353357 0.041661
94.394980 0.041622
94.441772 0.046792
94.485292 0.043520
94.521650 0.036359
94.561692 0.040042
94.603367 0.041674
94.645026 0.041659
94.686691 0.041665
94.728360 0.041668
94.770027 0.041668
94.811697 0.041669
94.853357 0.041661
94.894974 0.041617
94.936695 0.041720
94.978355 0.041660
95.023149 0.044794
95.061688 0.038540
95.103357 0.041669
95.144973 0.041616
95.186690 0.041716
95.228357 0.041667
95.269988 0.041632
95.311689 0.041701
95.353356 0.041666
95.395026 0.041670
95.436688 0.041663
95.478360 0.041672
95.520023 0.041664
95.561689 0.041665
95.603357 0.041668
95.645030 0.041673
95.686691 0.041661
95.728367 0.041676
95.769987 0.041620
95.811696 0.041709
95.856130 0.044434
95.894976 0.038846
95.936688 0.041712
95.978363 0.041674
96.020022 0.041659
96.061696 0.041674
96.103355 0.041659
96.145024 0.041669
96.186688 0.041664
96.228357 0.041669
96.269982 0.041625
96.311690 0.041708
96.353354 0.041664
96.394972 0.041618
96.436692 0.041720
96.478355 0.041662
96.519975 0.041621
96.561688 0.041713
96.603357 0.041669
96.645024 0.041667
96.686691 0.041667
96.728358 0.041667
96.769990 0.041632
96.811688 0.041699
96.853360 0.041671
96.894978 0.041618
96.936688 0.041710
96.978358 0.041670
97.020025 0.041667
97.061691 0.041665
97.103356 0.041665
97.145021 0.041665
97.186696 0.041675
97.228355 0.041659
97.269988 0.041633
97.311693 0.041705
97.353354 0.041661
97.395024 0.041670
97.436692 0.041668
97.478358 0.041666
97.520021 0.041664
97.561693 0.041671
97.603355 0.041662
97.644973 0.041618
97.686690 0.041717
97.728363 0.041673
97.770028 0.041665
97.811689 0.041661
97.853354 0.041666
97.895028 0.041674
97.936693 0.041665
97.978355 0.041662
98.020025 0.041670
98.061690 0.041665
98.103357 0.041667
98.145029 0.041672
98.186697 0.041668
98.228357 0.041660
98.269985 0.041629
98.311688 0.041703
98.353307 0.041618
98.395027 0.041720
98.436701 0.041674
98.478359 0.041658
98.520023 0.041664
98.561691 0.041668
98.603359 0.041667
98.645023 0.041664
98.686689 0.041666
98.728306 0.041617
98.769988 0.041682
98.811689 0.041701
98.853356 0.041667
98.895029 0.041673
98.936692 0.041663
98.978360 0.041668
99.019974 0.041613
99.061695 0.041721
99.103359 0.041664
99.144982 0.041622
99.186693 0.041711
99.228366 0.041673
99.269993 0.041627
99.311704 0.041711
99.353357 0.041653
99.394986 0.041629
99.436691 0.041705
99.478370 0.041679
99.520027 0.041657
99.561700 0.041673
99.603358 0.041658
99.645025 0.041667
99.686691 0.041666
99.728362 0.041671
99.770023 0.041662
99.811697 0.041674
99.853359 0.041662
99.895030 0.041671
99.936692 0.041662
99.978354 0.041662
100.020025 0.041671
100.061706 0.041681
100.103359 0.041653
100.145034 0.041676
100.186694 0.041659
100.228355 0.041661
100.269974 0.041619
100.311698 0.041724
100.353355 0.041657
100.395030 0.041675
100.436688 0.041658
100.478354 0.041666
100.520022 0.041668
100.561691 0.041669
100.603356 0.041665
100.645024 0.041668
100.686696 0.041672
100.728362 0.041666
100.769988 0.041626
100.811688 0.041699
100.853355 0.041667
100.895028 0.041673
100.936689 0.041662
100.978356 0.041667
101.020024 0.041668
101.061688 0.041664
101.103357 0.041669
101.145020 0.041664
101.186691 0.041670
101.228362 0.041671
101.270023 0.041662
101.311691 0.041667
101.353354 0.041664
101.394973 0.041618
101.436691 0.041718
101.478363 0.041673
101.520027 0.041664
101.561689 0.041662
101.603358 0.041668
101.644976 0.041618
101.686654 0.041679
101.728357 0.041703
101.769975 0.041618
101.811692 0.041717
101.853362 0.041670
101.894975 0.041613
101.936692 0.041717
101.978310 0.041618
102.020030 0.041720
102.061691 0.041661
102.103356 0.041665
102.145025 0.041669
102.186697 0.041672
102.228360 0.041663
102.269973 0.041613
102.311690 0.041716
102.353358 0.041668
102.395024 0.041666
102.436690 0.041666
102.478308 0.041618
102.519975 0.041667
102.561690 0.041715
102.603359 0.041669
102.645022 0.041662
102.686698 0.041676
102.728363 0.041666
102.769998 0.041634
102.811692 0.041694
102.853357 0.041665
102.895021 0.041664
102.941551 0.046530
102.978359 0.036808
103.019985 0.041626
103.061691 0.041706
103.103309 0.041618
103.145024 0.041715
103.186700 0.041676
103.228358 0.041658
103.269994 0.041636
103.311688 0.041694
103.353357 0.041668
103.395029 0.041673
103.436695 0.041666
103.478359 0.041664
103.520025 0.041666
103.561693 0.041668
103.603357 0.041664
103.644985 0.041628
103.686690 0.041706
103.728359 0.041668
103.769991 0.041632
103.811697 0.041706
103.853363 0.041665
103.895027 0.041664
103.936690 0.041663
103.978360 0.041669
104.020021 0.041661
104.061688 0.041667
104.103359 0.041671
104.145022 0.041663
104.186687 0.041665
104.228363 0.041676
104.269995 0.041632
104.311691 0.041696
104.353354 0.041663
104.394973 0.041619
104.436689 0.041716
104.478308 0.041619
104.520028 0.041719
104.561689 0.041661
104.603357 0.041668
104.645024 0.041667
104.686687 0.041663
104.728355 0.041668
104.769988 0.041633
104.811689 0.041701
104.853357 0.041668
104.894972 0.041615
104.936688 0.041716
104.978355 0.041667
105.020023 0.041668
105.061691 0.041668
105.103358 0.041667
105.145027 0.041669
105.186689 0.041662
105.228360 0.041671
105.270026 0.041667
105.311696 0.041669
105.353354 0.041658
105.400754 0.047400
105.436694 0.035940
105.478360 0.041666
105.520025 0.041665
105.561693 0.041669
105.603305 0.041611
105.644975 0.041671
105.686701 0.041726
105.728360 0.041659
105.770024 0.041664
105.811691 0.041667
105.853358 0.041667
105.895027 0.041668
105.936692 0.041665
105.978355 0.041664
106.020025 0.041669
106.061693 0.041668
106.103316 0.041623
106.144971 0.041655
106.186692 0.041721
106.228356 0.041664
106.269985 0.041630
106.311688 0.041703
106.353305 0.041616
106.395024 0.041719
106.436690 0.041666
106.478358 0.041668
106.519974 0.041617
106.561690 0.041716
106.603358 0.041668
106.645022 0.041665
106.686691 0.041668
106.728355 0.041665
106.769987 0.041632
106.811692 0.041705
106.853357 0.041665
106.894983 0.041625
106.936690 0.041708
106.978359 0.041668
107.020031 0.041672
107.061689 0.041658
107.103359 0.041670
107.145021 0.041662
107.186693 0.041672
107.228359 0.041666
107.274449 0.046090
107.311689 0.037240
107.353354 0.041665
107.395022 0.041668
107.436689 0.041667
107.478354 0.041666
107.519972 0.041618
107.561688 0.041716
107.603354 0.041666
107.645029 0.041675
107.686688 0.041659
107.728357 0.041669
107.769997 0.041640
107.811690 0.041693
107.853304 0.041614
107.895021 0.041717
107.936691 0.041670
107.978356 0.041665
108.020022 0.041666
108.061687 0.041665
108.103360 0.041673
108.144974 0.041614
108.186698 0.041724
108.228356 0.041658
108.269991 0.041635
108.311687 0.041697
108.353354 0.041667
108.395021 0.041667
108.436690 0.041669
108.478355 0.041665
108.519972 0.041617
108.561692 0.041720
108.603355 0.041663
108.645032 0.041677
108.686691 0.041659
108.728355 0.041664
108.769994 0.041639
108.811691 0.041697
108.853367 0.041676
108.895022 0.041654
108.936693 0.041671
108.978359 0.041665
109.020026 0.041667
109.061689 0.041663
109.103362 0.041673
109.145022 0.041660
109.186688 0.041665
109.228355 0.041667
109.269987 0.041632
109.311694 0.041707
109.353355 0.041661
109.394972 0.041617
109.436689 0.041717
109.478356 0.041667
109.520025 0.041669
109.561692 0.041667
109.603358 0.041666
109.645023 0.041665
109.693603 0.048580
109.728357 0.034754
109.769981 0.041625
109.811689 0.041707
109.853358 0.041669
109.895028 0.041670
109.936691 0.041663
109.978357 0.041666
110.019973 0.041616
110.061688 0.041715
110.103361 0.041673
110.145021 0.041660
110.186692 0.041672
110.228359 0.041666
110.269988 0.041629
110.311696 0.041708
110.353362 0.041666
110.395022 0.041660
110.436695 0.041672
110.478358 0.041663
110.520028 0.041671
110.561690 0.041662
110.603363 0.041672
110.645022 0.041660
110.686701 0.041678
110.728364 0.041663
110.769991 0.041627
110.811693 0.041702
110.853361 0.041667
110.895021 0.041660
110.936691 0.041671
110.978354 0.041663
111.020024 0.041670
111.061691 0.041667
111.103362 0.041671
111.145024 0.041662
111.186690 0.041667
111.228358 0.041667
111.269989 0.041631
111.311688 0.041699
111.353359 0.041672
111.395024 0.041664
111.436705 0.041682
111.478355 0.041649
111.520028 0.041674
111.561690 0.041662
111.603357 0.041667
111.645022 0.041665
111.686693 0.041671
111.728360 0.041667
111.769996 0.041636
111.811687 0.041691
111.853360 0.041673
111.895025 0.041664
111.936691 0.041667
111.978357 0.041665
112.020026 0.041669
112.061692 0.041666
112.103367 0.041675
112.145021 0.041655
112.186693 0.041672
112.228361 0.041668
112.269988 0.041627
112.311696 0.041708
112.353354 0.041657
112.395021 0.041668
112.436689 0.041668
112.478354 0.041665
112.520028 0.041674
112.561688 0.041660
112.603361 0.041673
112.644971 0.041609
112.686691 0.041720
112.728355 0.041664
112.769972 0.041617
112.811694 0.041722
112.853358 0.041664
112.894987 0.041629
112.936702 0.041715
112.978361 0.041660
113.023078 0.044716
113.061696 0.038619
113.103361 0.041665
113.145024 0.041663
113.186697 0.041673
113.228355 0.041658
113.270028 0.041673
113.311692 0.041664
113.358563 0.046871
113.394975 0.036412
113.436691 0.041716
113.485202 0.048510
113.519981 0.034779
113.561690 0.041710
113.603361 0.041670
113.645025 0.041664
113.686695 0.041670
113.728357 0.041662
113.769988 0.041631
113.811688 0.041700
113.853357 0.041668
113.894971 0.041615
113.936697 0.041725
113.978355 0.041658
114.019973 0.041618
114.061691 0.041718
114.103357 0.041666
114.145024 0.041667
114.186689 0.041665
114.228355 0.041665
114.269972 0.041618
114.311693 0.041720
114.353355 0.041662
114.394974 0.041619
114.436698 0.041724
114.478329 0.041631
114.520028 0.041699
114.577447 0.057419
114.608722 0.031275
114.680395 0.071673
114.728356 0.047961
114.770000 0.041644
114.813643 0.043642
114.855010 0.041367
114.894975 0.039965
114.936690 0.041715
114.978361 0.041671
115.019972 0.041611
115.061695 0.041723
115.103354 0.041660
115.144974 0.041619
115.186688 0.041714
115.228937 0.042249
115.269989 0.041052
115.311702 0.041713
115.353357 0.041655
115.395034 0.041677
115.436693 0.041659
115.478363 0.041670
115.520026 0.041662
115.561688 0.041662
115.603358 0.041670
115.645022 0.041664
115.686690 0.041668
115.728360 0.041670
115.769984 0.041623
115.816288 0.046305
115.853360 0.037072
115.894978 0.041618
115.936693 0.041715
115.978357 0.041664
116.020028 0.041671
116.061693 0.041665
116.103354 0.041661
116.145021 0.041667
116.186693 0.041671
116.228360 0.041667
116.269987 0.041627
116.311695 0.041708
116.353304 0.041609
116.394972 0.041668
116.436690 0.041719
116.478355 0.041664
116.519971 0.041617
116.561691 0.041720
116.603355 0.041664
116.645024 0.041670
116.686688 0.041664
116.728354 0.041665
116.769993 0.041639
116.811685 0.041693
116.853363 0.041678
116.895028 0.041664
116.936694 0.041666
116.978360 0.041666
117.033965 0.055605
117.130024 0.096059
117.214014 0.083990
117.258805 0.044791
117.313445 0.054640
117.379542 0.066097
117.444547 0.065005
117.502015 0.057468
117.555669 0.053654
117.603351 0.047682
117.645025 0.041674
117.686688 0.041663
117.728358 0.041670
117.769990 0.041632
117.811691 0.041701
117.853356 0.041666
117.895029 0.041672
117.936693 0.041665
117.978358 0.041665
118.020027 0.041669
118.061698 0.041671
118.103356 0.041658
118.145028 0.041672
118.187823 0.042795
118.228365 0.040542
118.269974 0.041609
118.311695 0.041721
118.353357 0.041663
118.395028 0.041671
118.446167 0.051139
118.478362 0.032195
118.520023 0.041661
118.561692 0.041670
118.603358 0.041666
118.645025 0.041667
118.686691 0.041666
118.728356 0.041665
118.770025 0.041669
118.811695 0.041670
118.853354 0.041659
118.894982 0.041628
118.936690 0.041708
118.978362 0.041672
119.020024 0.041662
119.061694 0.041669
119.103361 0.041668
119.145021 0.041660
119.186691 0.041669
119.228360 0.041669
119.270024 0.041664
119.311696 0.041672
119.353355 0.041659
119.395030 0.041675
119.436691 0.041661
119.478359 0.041668
119.520022 0.041664
119.561696 0.041673
119.603355 0.041659
119.645022 0.041667
119.686689 0.041667
119.728359 0.041670
119.769983 0.041624
119.811693 0.041710
119.853355 0.041662
119.895024 0.041669
119.936689 0.041664
119.978355 0.041666
120.020021 0.041667
120.061688 0.041667
120.103357 0.041668
120.144979 0.041623
120.186693 0.041714
120.228354 0.041661
120.269986 0.041632
120.311688 0.041702
120.353358 0.041670
120.394985 0.041626
120.436689 0.041704
120.478357 0.041668
120.520022 0.041666
120.561704 0.041682
120.603355 0.041651
120.645030 0.041675
120.686688 0.041658
120.728363 0.041674
120.769985 0.041623
120.811691 0.041706
120.853356 0.041665
120.894978 0.041622
120.936697 0.041719
120.978358 0.041661
121.020025 0.041666
121.061691 0.041666
121.103353 0.041662
121.145024 0.041671
121.186702 0.041678
121.228360 0.041658
121.269984 0.041624
121.311692 0.041708
121.353358 0.041666
121.395023 0.041666
121.436692 0.041669
121.478357 0.041665
121.520025 0.041668
121.561694 0.041669
121.603359 0.041665
121.645026 0.041667
121.686691 0.041665
121.728355 0.041664
121.769971 0.041616
121.811693 0.041722
121.853358 0.041665
121.895027 0.041670
121.936688 0.041660
121.978360 0.041672
122.020027 0.041668
122.061691 0.041664
122.103359 0.041667
122.145026 0.041667
122.186688 0.041663
122.228354 0.041666
122.269984 0.041630
122.311687 0.041703
122.353354 0.041667
122.395024 0.041670
122.436696 0.041671
122.478305 0.041610
122.520026 0.041721
122.561691 0.041665
122.603357 0.041666
122.645024 0.041667
122.686693 0.041669
122.728355 0.041662
122.770031 0.041677
122.811691 0.041660
122.855006 0.043315
122.895377 0.040371
122.936698 0.041321
122.978358 0.041661
123.020034 0.041676
123.062729 0.042695
123.103357 0.040628
123.145021 0.041664
123.186698 0.041677
123.228360 0.041662
123.269983 0.041623
123.311694 0.041711
123.353362 0.041668
123.395024 0.041662
123.436690 0.041665
123.478355 0.041665
123.519982 0.041627
123.561693 0.041711
123.603354 0.041661
123.645026 0.041672
123.686696 0.041670
123.728364 0.041667
123.769987 0.041624
123.811692 0.041704
123.853358 0.041666
123.895025 0.041667
123.936693 0.041668
123.978358 0.041665
124.020024 0.041666
124.061690 0.041666
124.103357 0.041667
124.145021 0.041665
124.186689 0.041668
124.228361 0.041672
124.269989 0.041628
124.311690 0.041701
124.353354 0.041664
124.395025 0.041671
124.436690 0.041666
124.478356 0.041665
124.522536 0.044181
124.563789 0.041252
124.603357 0.039569
124.644980 0.041623
124.686695 0.041716
124.728361 0.041665
124.769992 0.041631
124.811694 0.041702
124.853362 0.041668
124.895025 0.041663
124.936691 0.041666
124.978363 0.041673
125.019971 0.041608
125.061699 0.041728
125.103357 0.041658
125.145022 0.041665
125.186691 0.041669
125.228356 0.041666
125.270021 0.041665
125.311693 0.041671
125.353357 0.041664
125.395022 0.041666
125.436691 0.041669
125.478309 0.041618
125.520024 0.041715
125.561688 0.041664
125.603354 0.041666
125.645025 0.041671
125.686705 0.041680
125.728355 0.041650
125.769996 0.041641
125.811690 0.041695
125.854171 0.042481
125.894971 0.040799
125.936688 0.041717
125.978359 0.041671
126.019974 0.041615
126.061688 0.041714
126.103355 0.041667
126.145030 0.041674
126.186691 0.041662
126.229478 0.042787
126.269985 0.040508
126.311694 0.041708
126.353357 0.041663
126.395022 0.041665
126.436690 0.041669
126.478362 0.041672
126.519977 0.041615
126.561688 0.041711
126.603358 0.041670
126.645026 0.041668
126.686690 0.041665
126.728356 0.041665
126.769986 0.041630
126.811695 0.041709
126.853361 0.041666
126.894975 0.041615
126.936691 0.041715
126.978358 0.041667
127.019974 0.041616
127.061689 0.041715
127.103354 0.041665
127.144977 0.041623
127.186690 0.041714
127.228355 0.041664
127.270024 0.041669
127.311696 0.041672
127.353358 0.041662
127.394977 0.041619
127.436691 0.041713
127.478363 0.041672
127.520027 0.041665
127.561688 0.041660
127.603357 0.041669
127.645022 0.041665
127.686687 0.041665
127.728357 0.041670
127.769981 0.041623
127.811694 0.041713
127.853354 0.041660
127.895024 0.041670
127.936687 0.041663
127.978359 0.041672
128.020021 0.041662
128.061692 0.041671
128.103357 0.041665
128.145026 0.041669
128.186688 0.041663
128.228358 0.041670
128.269988 0.041630
128.311691 0.041703
128.353355 0.041664
128.395024 0.041670
128.436689 0.041665
128.478360 0.041671
128.520025 0.041665
128.561691 0.041665
128.603306 0.041616
128.644972 0.041666
128.686691 0.041719
128.728355 0.041664
128.769987 0.041632
128.811692 0.041704
128.853351 0.041660
128.894977 0.041626
128.936689 0.041712
128.978357 0.041668
129.019975 0.041618
129.061690 0.041715
129.103357 0.041667
129.145022 0.041665
129.186689 0.041668
129.228358 0.041669
129.269995 0.041637
129.311692 0.041697
129.353358 0.041666
129.395021 0.041663
129.436690 0.041669
129.478361 0.041671
129.530040 0.051679
129.561691 0.031651
129.603367 0.041676
129.645024 0.041658
129.686701 0.041677
129.728357 0.041656
129.769997 0.041640
129.811691 0.041693
129.853363 0.041673
129.894975 0.041612
129.936691 0.041716
129.978357 0.041666
130.020029 0.041672
130.061690 0.041661
130.103358 0.041668
130.145021 0.041663
130.186694 0.041672
130.228358 0.041664
130.269994 0.041637
130.311691 0.041697
130.353368 0.041677
130.395025 0.041657
130.436705 0.041680
130.478358 0.041653
130.531835 0.053477
130.561691 0.029856
130.603358 0.041667
130.661986 0.058627
130.689078 0.027093
130.728359 0.039280
130.770031 0.041672
130.811690 0.041659
130.853359 0.041669
130.895024 0.041665
130.936697 0.041673
130.978354 0.041657
131.020023 0.041668
131.061688 0.041666
131.103358 0.041670
131.145025 0.041667
131.186692 0.041667
131.228354 0.041663
131.269991 0.041636
131.311687 0.041697
131.353358 0.041671
131.395022 0.041664
131.436695 0.041674
131.478358 0.041663
131.520024 0.041666
131.561691 0.041667
131.603354 0.041663
131.645024 0.041670
131.686688 0.041664
131.728355 0.041667
131.769993 0.041638
131.811691 0.041698
131.853356 0.041666
131.895022 0.041665
131.936688 0.041667
131.978356 0.041668
132.020021 0.041664
132.061691 0.041670
132.103313 0.041621
132.145024 0.041712
132.186692 0.041667
132.228356 0.041664
132.269987 0.041631
132.311687 0.041700
132.353357 0.041670
132.395024 0.041666
132.436689 0.041666
132.478356 0.041667
132.520021 0.041665
132.561688 0.041667
132.603355 0.041667
132.645021 0.041666
132.686690 0.041669
132.728357 0.041667
132.770002 0.041645
132.811690 0.041688
132.853357 0.041666
132.895022 0.041665
132.936689 0.041667
132.978358 0.041669
133.020022 0.041664
133.061689 0.041667
133.103356 0.041667
133.145033 0.041677
133.186693 0.041660
133.228361 0.041668
133.269991 0.041630
133.311691 0.041700
133.353355 0.041664
133.395038 0.041682
133.436690 0.041652
133.478358 0.041668
133.520024 0.041667
133.561692 0.041668
133.603355 0.041663
133.645021 0.041667
133.686689 0.041667
133.728355 0.041667
133.770021 0.041666
133.811688 0.041666
133.853358 0.041670
133.895022 0.041665
133.936692 0.041669
133.978358 0.041666
134.019975 0.041618
134.061692 0.041716
134.103308 0.041617
134.144974 0.041666
134.186693 0.041719
134.228303 0.041610
134.269992 0.041689
134.311692 0.041700
134.353309 0.041617
134.394972 0.041664
134.436690 0.041718
134.478359 0.041669
134.520024 0.041665
134.561687 0.041662
134.603354 0.041668
134.644974 0.041620
134.686687 0.041713
134.728357 0.041669
134.769994 0.041637
134.811697 0.041703
134.853355 0.041658
134.895031 0.041675
134.936694 0.041664
134.978367 0.041673
135.020026 0.041659
135.061696 0.041670
135.103360 0.041664
135.145030 0.041670
135.186691 0.041661
135.228360 0.041668
135.269998 0.041638
135.311691 0.041693
135.354527 0.042837
135.401703 0.047176
135.453241 0.051537
135.478357 0.025116
135.527735 0.049378
135.597988 0.070254
135.653106 0.055118
135.703422 0.050315
135.769987 0.066566
135.811690 0.041703
135.942012 0.130322
136.050231 0.108218
136.081158 0.030928
136.103359 0.022200
136.145023 0.041665
136.230152 0.085129
136.286016 0.055863
136.326630 0.040614
136.365987 0.039357
136.442013 0.076026
136.478372 0.036359
136.526050 0.047678
136.561695 0.035645
136.603359 0.041664
136.645028 0.041668
136.690053 0.045025
136.728368 0.038315
136.769980 0.041612
136.811691 0.041711
136.853355 0.041664
136.895024 0.041669
136.936693 0.041669
136.978365 0.041672
137.020025 0.041660
137.061691 0.041666
137.103360 0.041669
137.148576 0.045216
137.186692 0.038116
137.238067 0.051375
137.286004 0.047937
137.311690 0.025686
137.439369 0.127678
137.478367 0.038998
137.520025 0.041658
137.561696 0.041671
137.603359 0.041663
137.644986 0.041626
137.686692 0.041706
137.728358 0.041666
137.769990 0.041631
137.811691 0.041702
137.853304 0.041613
137.895029 0.041725
137.943087 0.048057
137.978366 0.035279
138.020026 0.041660
138.061694 0.041668
138.117958 0.056265
138.153181 0.035223
138.195040 0.041859
138.230607 0.035567
138.269997 0.039390
138.311697 0.041701
138.353359 0.041661
138.395025 0.041666
138.436697 0.041672
138.478357 0.041661
138.520028 0.041670
138.561690 0.041662
138.603307 0.041617
138.644971 0.041665
138.686688 0.041717
138.728356 0.041668
138.769992 0.041636
138.811688 0.041696
138.853358 0.041670
138.894971 0.041613
138.936691 0.041720
138.978354 0.041663
139.020026 0.041672
139.061689 0.041663
139.103360 0.041671
139.145022 0.041662
139.186693 0.041670
139.228355 0.041663
139.269987 0.041631
139.311688 0.041701
139.353356 0.041668
139.395022 0.041665
139.436688 0.041667
139.478357 0.041669
139.519974 0.041617
139.561688 0.041714
139.603355 0.041667
139.645026 0.041671
139.686700 0.041673
139.728354 0.041655
139.770022 0.041668
139.811691 0.041669
139.853361 0.041670
139.894975 0.041613
139.936694 0.041719
139.978358 0.041663
140.019980 0.041622
140.061690 0.041710
140.103367 0.041678
140.145029 0.041662
140.186688 0.041659
140.228357 0.041669
140.269977 0.041619
140.313211 0.043235
140.353356 0.040145
140.394971 0.041614
140.436694 0.041723
140.478355 0.041661
140.520025 0.041669
140.561688 0.041663
140.603359 0.041671
140.644974 0.041615
140.686691 0.041717
140.728358 0.041667
140.770024 0.041666
140.811690 0.041666
140.853354 0.041664
140.895027 0.041672
140.936696 0.041669
140.978359 0.041663
141.020032 0.041673
141.061782 0.041750
141.103358 0.041577
141.145024 0.041665
141.186688 0.041664
141.228357 0.041669
141.269989 0.041632
141.311694 0.041704
141.353358 0.041664
141.395029 0.041671
141.436692 0.041663
141.478367 0.041675
141.519975 0.041608
141.561691 0.041716
141.603359 0.041668
141.645027 0.041668
141.686687 0.041660
141.728359 0.041672
141.769986 0.041627
141.811701 0.041714
141.853358 0.041658
141.894986 0.041628
141.936692 0.041706
141.978365 0.041673
142.023762 0.045397
142.061694 0.037932
142.103358 0.041664
142.145028 0.041670
142.186690 0.041663
142.232912 0.046222
142.277957 0.045045
142.333958 0.056002
142.395021 0.061062
142.436689 0.041668
142.478373 0.041684
142.520026 0.041653
142.561693 0.041667
142.606547 0.044854
142.645025 0.038478
142.686697 0.041672
142.728356 0.041660
142.769977 0.041621
142.811693 0.041715
142.853362 0.041669
142.894974 0.041613
142.936701 0.041727
142.978358 0.041656
143.020026 0.041668
143.061688 0.041663
143.103313 0.041625
143.145024 0.041711
143.186701 0.041677
143.228366 0.041665
143.269995 0.041629
143.311693 0.041698
143.353364 0.041671
143.394983 0.041619
143.436689 0.041707
143.479899 0.043210
143.524409 0.044510
143.561696 0.037287
143.614234 0.052538
143.644981 0.030747
143.686691 0.041710
143.728304 0.041613
143.769987 0.041683
143.811703 0.041717
143.853358 0.041655
143.895029 0.041670
143.936691 0.041662
143.978357 0.041666
144.024480 0.046123
144.063652 0.039172
144.103362 0.039710
144.144975 0.041613
144.186690 0.041715
144.228360 0.041670
144.369962 0.141602
144.429988 0.060026
144.486008 0.056020
144.520026 0.034019
144.572770 0.052744
144.603363 0.030593
144.647524 0.044161
144.693046 0.045522
144.728366 0.035320
144.774933 0.046567
144.811692 0.036760
144.857871 0.046179
144.924178 0.066307
144.947283 0.023105
144.978360 0.031077
145.020027 0.041667
145.061690 0.041663
145.103369 0.041679
145.145031 0.041662
145.186698 0.041667
145.228355 0.041656
145.270001 0.041646
145.311688 0.041688
145.353357 0.041669
145.395022 0.041664
145.436688 0.041666
145.478355 0.041668
145.520023 0.041668
145.561687 0.041664
145.603362 0.041674
145.644971 0.041610
145.686691 0.041720
145.728354 0.041663
145.770025 0.041670
145.811688 0.041663
145.853355 0.041667
145.894971 0.041617
145.936694 0.041722
145.978355 0.041661
146.020030 0.041675
146.061690 0.041661
146.107598 0.045908
146.145022 0.037424
146.186690 0.041668
146.228355 0.041665
146.280223 0.051868
146.311694 0.031471
146.353359 0.041665
146.395031 0.041672
146.449037 0.054006
146.478359 0.029322
146.589986 0.111627
146.631504 0.041518
146.688708 0.057203
146.728365 0.039657
146.769997 0.041632
146.811700 0.041703
146.853318 0.041618
146.951093 0.097775
146.986407 0.035314
147.020023 0.033616
147.061694 0.041671
147.110019 0.048326
147.145023 0.035004
147.191897 0.046874
147.228358 0.036460
147.270028 0.041670
147.311697 0.041669
147.353358 0.041661
147.397180 0.043822
147.436695 0.039515
147.478362 0.041666
147.520025 0.041663
147.561692 0.041667
147.612247 0.050555
147.645025 0.032778
147.686687 0.041663
147.728358 0.041670
147.769990 0.041632
147.811698 0.041707
147.859886 0.048189
147.894980 0.035094
147.945611 0.050631
147.978361 0.032750
148.030184 0.051823
148.061702 0.031518
148.103358 0.041656
148.145025 0.041667
148.213985 0.068960
148.270031 0.056045
148.323048 0.053017
148.356147 0.033099
148.400289 0.044141
148.441808 0.041519
148.478358 0.036550
148.520025 0.041668
148.561691 0.041666
148.603650 0.041959
148.645034 0.041384
148.686691 0.041657
148.728358 0.041667
148.769978 0.041620
148.811692 0.041714
148.853359 0.041667
148.894985 0.041626
148.936689 0.041704
148.978360 0.041671
149.019972 0.041611
149.061691 0.041719
149.103313 0.041622
149.145025 0.041712
149.186691 0.041666
149.228305 0.041614
149.270024 0.041719
149.311688 0.041664
149.353355 0.041667
149.394971 0.041616
149.436688 0.041716
149.478356 0.041668
149.520021 0.041666
149.561692 0.041670
149.603355 0.041663
149.645022 0.041667
149.686689 0.041667
149.728360 0.041671
149.769972 0.041612
149.811688 0.041716
149.853355 0.041667
149.894972 0.041618
149.944666 0.049693
149.978358 0.033692
150.019973 0.041615
150.061688 0.041715
150.103360 0.041672
150.145024 0.041664
150.186688 0.041664
150.228354 0.041666
150.269971 0.041617
150.311693 0.041722
150.353361 0.041668
150.394973 0.041611
150.436691 0.041718
150.478358 0.041667
150.520024 0.041667
150.561690 0.041666
150.603357 0.041667
150.645023 0.041666
150.686695 0.041672
150.728358 0.041663
150.769991 0.041633
150.811691 0.041700
150.853357 0.041665
150.895024 0.041667
150.936692 0.041668
150.978364 0.041672
151.020022 0.041659
151.061690 0.041668
151.103366 0.041676
151.145023 0.041657
151.200596 0.055573
151.230337 0.029741
151.269987 0.039650
151.311691 0.041704
151.353356 0.041665
151.394981 0.041625
151.436694 0.041713
151.478358 0.041664
151.519976 0.041618
151.561691 0.041715
151.603357 0.041667
151.644980 0.041623
151.686694 0.041714
151.728356 0.041662
151.770024 0.041668
151.811693 0.041668
151.853355 0.041662
151.895025 0.041670
151.936688 0.041663
151.978310 0.041623
152.019971 0.041661
152.061691 0.041720
152.103308 0.041617
152.145027 0.041719
152.186688 0.041661
152.228355 0.041667
152.269998 0.041643
152.313394 0.043396
152.354800 0.041406
152.395022 0.040222
152.436692 0.041670
152.478356 0.041664
152.520029 0.041673
152.561687 0.041658
152.603358 0.041670
152.645022 0.041664
152.690874 0.045853
152.728365 0.037491
152.770025 0.041660
152.811692 0.041667
152.853364 0.041672
152.894978 0.041614
152.936692 0.041714
152.978358 0.041666
153.020032 0.041674
153.061694 0.041662
153.115773 0.054079
153.145023 0.029250
153.193092 0.048068
153.228365 0.035273
153.270024 0.041660
153.316979 0.046954
153.353362 0.036384
153.395031 0.041669
153.436692 0.041661
153.478355 0.041663
153.527245 0.048889
153.561696 0.034452
153.603360 0.041664
153.644975 0.041615
153.686693 0.041718
153.735923 0.049230
153.769971 0.034049
153.811694 0.041723
153.853308 0.041614
153.895025 0.041717
153.936696 0.041671
153.978363 0.041667
154.020030 0.041667
154.061694 0.041664
154.103359 0.041665
154.144975 0.041616
154.186698 0.041722
154.228364 0.041666
154.270026 0.041662
154.311689 0.041663
154.353365 0.041676
154.395028 0.041663
154.436687 0.041660
154.478367 0.041680
154.520025 0.041657
154.566089 0.046064
154.603359 0.037270
154.645025 0.041666
154.686696 0.041671
154.728356 0.041660
154.769991 0.041635
154.811689 0.041698
154.860935 0.049247
154.903119 0.042183
154.936692 0.033573
154.978356 0.041664
155.026407 0.048052
155.066098 0.039691
155.103363 0.037265
155.144978 0.041615
155.186695 0.041717
155.228361 0.041666
155.269989 0.041628
155.311690 0.041700
155.353358 0.041668
155.394975 0.041617
155.436690 0.041715
155.478356 0.041666
155.520031 0.041675
155.561697 0.041666
155.603358 0.041662
155.644974 0.041615
155.686688 0.041715
155.728363 0.041674
155.769993 0.041630
155.811688 0.041695
155.853354 0.041666
155.895022 0.041667
155.936690 0.041668
155.978359 0.041669
156.019972 0.041612
156.061688 0.041716
156.103308 0.041620
156.145024 0.041716
156.186690 0.041665
156.228355 0.041665
156.270032 0.041678
156.311695 0.041663
156.353366 0.041671
156.395029 0.041663
156.436692 0.041663
156.478309 0.041617
156.520024 0.041715
156.561688 0.041664
156.603304 0.041616
156.645024 0.041719
156.686691 0.041668
156.728356 0.041665
156.769976 0.041620
156.811690 0.041715
156.853358 0.041668
156.895022 0.041664
156.936690 0.041668
156.978355 0.041665
157.020028 0.041673
157.061691 0.041663
157.103355 0.041665
157.145025 0.041669
157.186688 0.041664
157.228363 0.041675
157.269990 0.041627
157.311694 0.041704
157.353362 0.041668
157.395021 0.041659
157.436687 0.041666
157.478357 0.041670
157.520025 0.041668
157.561700 0.041676
157.603353 0.041653
157.645022 0.041669
157.686700 0.041678
157.728357 0.041657
157.769993 0.041636
157.811692 0.041699
157.853359 0.041667
157.894974 0.041615
157.936695 0.041720
157.978357 0.041663
158.020029 0.041671
158.061692 0.041663
158.103362 0.041671
158.145023 0.041661
158.186692 0.041668
158.228359 0.041668
158.269988 0.041629
158.311693 0.041705
158.353357 0.041665
158.395025 0.041668
158.436699 0.041674
158.478366 0.041667
158.520026 0.041661
158.561698 0.041672
158.603359 0.041661
158.645033 0.041674
158.686691 0.041658
158.728368 0.041677
158.769979 0.041611
158.811697 0.041718
158.853363 0.041666
158.895029 0.041666
158.936689 0.041660
158.978354 0.041666
159.020022 0.041668
159.061688 0.041666
159.103359 0.041671
159.145024 0.041664
159.186692 0.041668
159.228358 0.041666
159.269988 0.041631
159.311691 0.041703
159.353362 0.041671
159.395023 0.041661
159.436691 0.041668
159.478357 0.041667
159.520021 0.041664
159.561688 0.041667
159.603356 0.041668
159.645024 0.041668
159.686689 0.041665
159.728355 0.041666
159.770024 0.041669
159.811691 0.041667
159.853363 0.041672
159.895025 0.041662
159.936692 0.041668
159.978311 0.041618
160.020029 0.041718
160.061688 0.041659
160.103367 0.041678
160.145032 0.041665
160.186688 0.041656
160.228365 0.041677
160.270027 0.041662
160.311696 0.041669
160.353308 0.041612
160.394971 0.041663
160.436691 0.041720
160.478363 0.041672
