0.048678
0.084049
0.076630
0.044682
0.068279
0.785887
0.806485
0.545376
0.444656
0.802241
0.706963
0.724978
0.355325
0.396840
0.414270
0.670270
0.688156
0.578545
0.638416
0.627664
0.689256
0.829237
0.851228
0.979611
0.546447
0.449150
0.505389
0.633181
0.642680
0.660666
0.893942
0.611866
0.527365
0.622694
0.495389
0.470188
0.749608
1.060242
0.963516
0.941192
0.668606
0.524480
0.443262
0.460601
0.626175
0.508509
0.835298
0.778016
0.663625
0.428309
0.836883
0.491484
0.470597
0.580590
0.721773
0.654876
0.703163
0.748597
0.643073
0.755289
0.786226
0.826533
0.646697
0.463054
0.451878
0.787952
0.547240
0.689896
0.491840
0.714266
0.629647
0.636071
0.694034
0.724313
0.587950
0.702747
0.552344
0.730889
0.698489
0.749229
0.697719
0.495723
0.919221
0.748286
0.666956
0.738598
0.755933
0.405980
0.699793
0.767995
1.109924
1.422072
0.643100
0.814834
0.744882
0.404995
0.454866
0.801808
0.507078
0.741658
0.588308
0.721460
0.390136
0.668421
0.510228
0.616786
0.633835
0.923744
0.526929
0.658624
0.528923
0.709126
0.765553
0.497438
0.464212
0.625402
0.994268
0.967022
0.942936
0.789915
0.828159
0.686408
0.417934
0.446873
0.367380
0.511996
0.783489
0.762254
0.660184
0.725237
0.664927
0.544442
0.614509
0.764362
0.468404
0.796331
0.690234
0.411530
0.433588
0.471869
0.616296
0.463883
0.849577
0.870875
0.734726
0.623436
0.753220
0.804829
0.520386
0.470741
0.620982
0.498579
0.487163
0.692658
0.676813
0.563394
0.831284
0.752670
0.648710
0.390012
0.518015
0.554242
0.608912
0.756208
0.573807
0.788609
0.536932
0.550842
0.474095
0.586857
0.849192
0.759046
0.619706
0.699930
0.371601
0.843983
0.759501
0.716444
0.615255
0.744296
0.719269
0.636858
0.729878
1.037244
0.581866
0.577111
0.791490
0.763681
0.778597
0.819474
1.007134
0.586991
0.630218
0.552116
0.479406
0.631039
0.389484
0.687733
0.555942
0.551152
0.543523
0.606380
0.495016
0.436814
0.405366
0.603089
0.648120
0.706568
0.822742
0.885788
0.957629
0.816995
0.785507
0.551097
0.669302
0.789453
0.503117
0.393378
0.837160
0.601669
0.669670
0.707348
0.462506
0.658169
0.975642
1.115643
0.879513
0.411010
0.410598
0.546509
0.582847
0.465001
0.555958
0.943637
0.810010
0.674441
0.561662
0.752413
0.532442
0.675681
0.564713
0.464463
0.398630
0.432515
0.455203
0.739313
0.456474
0.498872
0.436368
0.677231
0.758039
0.904437
0.676271
0.612524
0.572061
0.782692
0.533928
0.601646
0.631174
0.606455
0.622932
0.835623
0.978517
0.448007
0.680033
0.656167
0.415007
0.810246
0.870204
0.675090
0.767271
0.540815
0.747712
0.778763
0.737583
0.387737
0.738738
0.622193
0.907106
0.659263
0.571345
0.404665
0.629761
0.492882
0.781664
0.837068
0.668991
0.671342
0.632673
0.555071
0.405305
0.703704
0.632950
0.535838
0.767600
0.646163
0.822158
0.605444
0.818778
0.957921
0.972460
1.100282
1.144726
0.732532
0.544293
