0.014851 0.014851
0.063225 0.048374
0.104862 0.041636
0.146526 0.041664
0.188198 0.041672
0.229887 0.041689
0.271530 0.041643
0.313196 0.041665
0.354895 0.041700
0.396522 0.041627
0.438192 0.041670
0.479836 0.041644
0.521532 0.041696
0.563232 0.041699
0.604901 0.041669
0.646507 0.041606
0.688210 0.041703
0.729869 0.041659
0.771540 0.041671
0.813202 0.041662
0.854870 0.041668
0.896537 0.041667
0.938164 0.041628
0.979873 0.041709
1.021537 0.041664
1.063202 0.041665
1.104871 0.041669
1.146536 0.041664
1.188204 0.041668
1.229871 0.041667
1.271538 0.041666
1.313200 0.041662
1.354869 0.041669
1.396534 0.041665
1.438202 0.041668
1.479866 0.041664
1.521540 0.041674
1.563200 0.041660
1.604872 0.041672
1.646533 0.041661
1.688206 0.041674
1.729868 0.041662
1.771533 0.041665
1.813149 0.041616
1.854866 0.041718
1.896533 0.041667
1.938200 0.041666
1.979869 0.041669
2.021535 0.041666
2.063201 0.041665
2.104870 0.041669
2.146533 0.041663
2.188203 0.041670
2.229865 0.041662
2.271540 0.041675
2.313199 0.041659
2.354866 0.041667
2.396534 0.041669
2.438206 0.041672
2.479873 0.041667
2.521534 0.041661
2.563201 0.041668
2.604866 0.041665
2.646532 0.041666
2.688203 0.041671
2.729870 0.041667
2.771533 0.041663
2.813204 0.041671
2.854867 0.041663
2.896536 0.041670
2.938204 0.041667
2.979871 0.041667
3.021537 0.041666
3.063209 0.041672
3.104868 0.041659
3.146536 0.041668
3.188203 0.041668
3.229871 0.041667
3.271535 0.041665
3.313207 0.041672
3.354869 0.041661
3.396533 0.041664
3.438153 0.041621
3.479873 0.041719
3.521534 0.041661
3.563200 0.041667
3.604870 0.041670
3.646533 0.041662
3.688202 0.041669
3.729866 0.041664
3.771537 0.041671
3.813201 0.041664
3.854871 0.041669
3.896533 0.041662
3.938204 0.041671
3.979867 0.041664
4.021536 0.041669
4.063200 0.041664
4.104868 0.041668
4.146539 0.041671
4.188154 0.041614
4.229866 0.041712
4.271541 0.041675
4.313200 0.041659
4.354869 0.041669
4.396536 0.041667
4.438206 0.041671
4.479870 0.041664
4.521533 0.041663
4.563204 0.041671
4.604866 0.041662
4.646540 0.041673
4.688157 0.041618
4.729874 0.041717
4.773473 0.043599
4.813215 0.039742
4.854869 0.041654
4.896541 0.041672
4.938201 0.041660
4.979871 0.041670
5.021539 0.041668
5.063200 0.041661
5.104871 0.041670
5.146533 0.041662
5.188206 0.041673
5.229867 0.041661
5.271535 0.041667
5.313199 0.041664
5.354866 0.041667
5.396538 0.041672
5.438200 0.041662
5.479866 0.041666
5.521539 0.041674
5.563199 0.041660
5.604867 0.041667
5.646537 0.041670
5.688202 0.041665
5.729866 0.041665
5.771535 0.041668
5.813202 0.041667
5.854871 0.041670
5.896533 0.041662
5.938205 0.041672
5.979866 0.041661
6.021532 0.041666
6.063202 0.041670
6.104872 0.041669
6.146533 0.041661
6.188202 0.041669
6.229867 0.041664
6.271537 0.041670
6.313200 0.041663
6.354870 0.041670
6.396534 0.041664
6.438200 0.041665
6.479866 0.041666
6.521533 0.041668
6.563199 0.041666
6.604872 0.041673
6.646536 0.041663
6.688160 0.041624
6.729873 0.041713
6.771532 0.041660
6.813206 0.041673
6.854870 0.041664
6.896540 0.041670
6.938202 0.041662
6.979876 0.041674
7.021535 0.041659
7.063214 0.041679
7.104871 0.041658
7.146543 0.041672
7.188153 0.041610
7.229878 0.041725
7.271497 0.041619
7.313208 0.041711
7.354868 0.041660
7.396539 0.041671
7.438202 0.041663
7.479872 0.041670
7.521547 0.041674
7.563202 0.041655
7.604868 0.041666
7.646538 0.041671
7.688150 0.041611
7.729867 0.041717
7.771532 0.041665
7.813201 0.041669
7.854866 0.041665
7.896534 0.041667
7.938200 0.041666
7.979869 0.041670
8.021533 0.041664
8.063205 0.041671
8.104866 0.041662
8.146539 0.041673
8.188202 0.041663
8.229868 0.041666
8.271534 0.041666
8.313201 0.041666
8.354867 0.041666
8.396537 0.041670
8.438199 0.041663
8.479870 0.041671
8.521533 0.041663
8.563152 0.041618
8.604868 0.041716
8.646536 0.041668
8.688199 0.041664
8.729866 0.041666
8.771538 0.041673
8.813150 0.041611
8.854870 0.041720
8.896533 0.041663
8.938200 0.041667
8.979870 0.041671
9.021536 0.041666
9.063205 0.041669
9.104871 0.041665
9.146535 0.041664
9.188205 0.041671
9.229867 0.041661
9.271539 0.041672
9.313201 0.041662
9.354876 0.041674
9.396483 0.041607
9.438204 0.041721
9.479868 0.041664
9.521539 0.041671
9.563199 0.041660
9.604873 0.041673
9.646535 0.041663
9.688159 0.041623
9.729866 0.041708
9.771534 0.041668
9.813205 0.041671
9.854871 0.041666
9.896540 0.041669
9.938199 0.041659
9.979868 0.041669
10.021534 0.041666
10.063205 0.041670
10.104869 0.041664
10.146538 0.041669
10.188208 0.041670
10.229867 0.041660
10.271542 0.041675
10.313199 0.041657
10.354871 0.041672
10.396533 0.041662
10.438201 0.041667
10.479867 0.041666
10.521537 0.041670
10.563200 0.041662
10.604867 0.041667
10.646533 0.041667
10.688201 0.041668
10.729866 0.041665
10.771534 0.041668
10.813203 0.041668
10.854867 0.041665
10.896538 0.041671
10.938150 0.041611
10.979873 0.041723
11.021533 0.041661
11.063154 0.041621
11.104866 0.041712
11.146534 0.041668
11.188200 0.041666
11.229868 0.041668
11.271533 0.041665
11.313155 0.041622
11.354866 0.041710
11.396537 0.041672
11.438201 0.041664
11.479871 0.041670
11.521532 0.041661
11.563206 0.041674
11.604866 0.041659
11.646536 0.041671
11.688153 0.041617
11.729873 0.041720
11.771533 0.041659
11.813155 0.041622
11.854866 0.041711
11.896535 0.041669
11.938157 0.041622
11.979869 0.041712
12.021537 0.041668
12.063204 0.041667
12.125750 0.062545
12.171042 0.045292
12.202478 0.031436
12.235448 0.032970
12.271541 0.036092
12.313200 0.041659
12.354875 0.041675
12.396535 0.041660
12.438207 0.041673
12.479869 0.041662
12.521540 0.041670
12.563202 0.041663
12.604874 0.041672
12.646535 0.041660
12.688160 0.041625
12.729869 0.041709
12.771539 0.041670
12.813200 0.041660
12.854876 0.041676
12.896535 0.041660
12.938207 0.041672
12.979868 0.041661
13.021542 0.041674
13.063201 0.041659
13.104876 0.041675
13.146532 0.041656
13.188207 0.041675
13.229870 0.041662
13.271539 0.041669
13.313204 0.041665
13.354872 0.041668
13.396533 0.041662
13.438205 0.041672
13.479866 0.041661
13.521537 0.041670
13.563201 0.041664
13.604871 0.041671
13.646534 0.041662
13.688203 0.041669
13.729867 0.041664
13.771537 0.041670
13.813199 0.041663
13.854871 0.041672
13.896534 0.041662
13.938208 0.041674
13.979866 0.041658
14.021537 0.041671
14.063204 0.041667
14.104871 0.041667
14.146533 0.041662
14.188154 0.041621
14.229869 0.041715
14.271538 0.041669
14.313202 0.041664
14.354871 0.041669
14.396535 0.041664
14.438205 0.041670
14.479869 0.041664
14.521538 0.041669
14.563204 0.041667
14.604871 0.041666
14.646533 0.041663
14.688208 0.041674
14.729866 0.041658
14.771541 0.041675
14.813199 0.041658
14.854871 0.041671
14.896533 0.041663
14.938208 0.041674
14.979866 0.041658
15.021542 0.041676
15.063149 0.041607
15.104874 0.041725
15.146533 0.041659
15.188156 0.041622
15.229866 0.041711
15.271536 0.041669
15.313200 0.041664
15.354867 0.041667
15.396483 0.041616
15.438202 0.041719
15.479867 0.041664
15.521536 0.041669
15.563200 0.041664
15.604868 0.041668
15.646533 0.041665
15.688152 0.041619
15.729866 0.041714
15.771534 0.041668
15.813201 0.041667
15.854868 0.041667
15.896534 0.041666
15.938201 0.041666
15.979866 0.041665
16.021534 0.041668
16.063149 0.041615
16.104869 0.041720
16.146532 0.041663
16.188151 0.041619
16.229867 0.041716
16.271535 0.041668
16.313150 0.041615
16.354867 0.041717
16.396533 0.041666
16.438155 0.041622
16.479867 0.041712
16.521535 0.041668
16.563199 0.041664
16.604867 0.041668
16.646533 0.041666
16.688150 0.041617
16.729866 0.041716
16.771533 0.041666
16.813199 0.041667
16.854869 0.041670
16.896536 0.041666
16.938211 0.041675
16.979875 0.041664
17.021541 0.041666
17.063153 0.041612
17.104871 0.041718
17.146535 0.041663
17.188208 0.041674
17.229871 0.041662
17.271537 0.041666
17.313201 0.041664
17.354872 0.041671
17.396533 0.041661
17.438204 0.041672
17.479866 0.041662
17.521536 0.041670
17.563150 0.041614
17.604869 0.041719
17.646533 0.041664
17.688202 0.041669
17.729866 0.041664
17.771538 0.041672
17.813150 0.041612
17.854872 0.041722
17.896532 0.041661
17.938205 0.041672
17.979867 0.041662
18.021541 0.041674
18.063205 0.041664
18.104872 0.041667
18.146536 0.041664
18.188208 0.041673
18.229867 0.041658
18.271538 0.041671
18.313150 0.041612
18.354871 0.041721
18.396532 0.041661
18.438160 0.041628
18.479870 0.041710
18.521541 0.041672
18.563152 0.041611
18.604870 0.041718
18.646536 0.041666
18.688206 0.041669
18.729868 0.041663
18.771538 0.041669
18.813202 0.041665
18.854872 0.041670
18.896533 0.041660
18.938205 0.041672
18.979865 0.041661
19.021538 0.041672
19.063200 0.041662
19.104871 0.041672
19.146532 0.041661
19.188156 0.041624
19.229866 0.041709
19.271538 0.041672
19.313199 0.041662
19.354869 0.041670
19.396532 0.041663
19.438160 0.041628
19.479866 0.041706
19.521538 0.041672
19.563199 0.041662
19.604871 0.041672
19.646533 0.041662
19.688205 0.041672
19.729866 0.041662
19.771533 0.041667
19.813199 0.041666
19.854867 0.041668
19.896533 0.041666
19.938200 0.041667
19.979869 0.041668
20.021538 0.041670
20.063199 0.041661
20.104872 0.041673
20.146533 0.041661
20.188208 0.041675
20.229867 0.041659
20.271534 0.041667
20.313201 0.041666
20.354867 0.041666
20.396534 0.041667
20.438199 0.041665
20.479868 0.041669
20.521532 0.041665
20.563204 0.041671
20.604866 0.041663
20.646534 0.041668
20.688150 0.041616
20.729868 0.041718
20.771533 0.041665
20.813156 0.041623
20.854866 0.041710
20.896535 0.041670
20.938199 0.041664
20.979868 0.041669
21.021533 0.041665
21.063204 0.041671
21.104867 0.041663
21.146536 0.041669
21.188200 0.041664
21.229870 0.041670
21.271533 0.041662
21.313201 0.041669
21.354866 0.041665
21.396535 0.041669
21.438199 0.041664
21.479868 0.041669
21.521533 0.041665
21.563202 0.041669
21.604867 0.041664
21.646536 0.041669
21.688200 0.041664
21.729873 0.041673
21.771533 0.041660
21.813205 0.041672
21.854867 0.041662
21.896490 0.041623
21.938199 0.041709
21.979874 0.041675
22.021533 0.041659
22.063205 0.041672
22.104868 0.041662
22.146539 0.041671
22.188200 0.041661
22.229872 0.041672
22.271536 0.041664
22.313201 0.041665
22.354871 0.041670
22.396533 0.041662
22.438205 0.041672
22.479867 0.041661
22.521536 0.041669
22.563202 0.041666
22.604877 0.041675
22.646532 0.041655
22.688212 0.041679
22.729869 0.041657
22.771546 0.041676
22.813199 0.041654
22.854879 0.041680
22.896536 0.041657
22.938207 0.041672
22.979869 0.041661
23.021548 0.041679
23.063203 0.041655
23.104874 0.041671
23.146537 0.041663
23.188211 0.041675
23.229870 0.041658
23.271537 0.041668
23.313200 0.041662
23.354875 0.041675
23.396537 0.041662
23.438203 0.041667
23.479867 0.041664
23.521534 0.041667
23.563198 0.041664
23.604872 0.041674
23.646533 0.041661
23.688203 0.041670
23.729869 0.041666
23.771535 0.041666
23.813153 0.041618
23.854873 0.041720
23.896533 0.041660
23.938204 0.041672
23.979869 0.041665
24.021536 0.041666
24.063199 0.041664
24.104869 0.041670
24.146535 0.041666
24.188202 0.041666
24.229869 0.041667
24.271536 0.041667
24.313201 0.041665
24.354868 0.041667
24.396533 0.041665
24.438157 0.041625
24.479866 0.041709
24.521486 0.041620
24.563199 0.041713
24.604867 0.041668
24.646536 0.041669
24.688152 0.041616
24.729868 0.041717
24.771537 0.041669
24.813199 0.041662
24.854873 0.041674
24.896536 0.041663
24.938200 0.041664
24.979872 0.041672
25.021533 0.041661
25.063152 0.041619
25.104867 0.041715
25.146538 0.041671
25.188149 0.041612
25.229869 0.041719
25.271532 0.041663
25.313150 0.041618
25.354865 0.041715
25.396534 0.041669
25.438201 0.041667
25.479869 0.041668
25.521534 0.041665
25.563151 0.041617
25.604866 0.041715
25.646536 0.041671
25.688149 0.041613
25.729874 0.041725
25.771532 0.041659
25.813207 0.041674
25.854874 0.041668
25.896535 0.041661
25.938203 0.041668
25.979867 0.041664
26.021536 0.041669
26.063199 0.041663
26.104867 0.041668
26.146533 0.041666
26.188204 0.041671
26.229866 0.041662
26.271533 0.041667
26.313200 0.041667
26.354871 0.041671
26.396532 0.041662
26.438201 0.041668
26.479871 0.041670
26.521532 0.041661
26.563200 0.041668
26.604866 0.041666
26.646536 0.041670
26.688200 0.041664
26.729865 0.041665
26.771538 0.041672
26.813203 0.041665
26.854873 0.041669
26.896533 0.041661
26.938150 0.041617
26.979866 0.041716
27.021535 0.041669
27.063207 0.041672
27.104866 0.041659
27.146541 0.041675
27.188202 0.041662
27.229869 0.041667
27.271534 0.041665
27.313200 0.041666
27.354865 0.041665
27.396534 0.041669
27.438199 0.041665
27.479867 0.041668
27.521533 0.041666
27.563201 0.041668
27.604867 0.041665
27.646539 0.041672
27.688203 0.041664
27.729870 0.041668
27.771535 0.041665
27.813204 0.041668
27.854866 0.041662
27.896536 0.041670
27.938199 0.041664
27.979873 0.041674
28.021533 0.041660
28.063204 0.041670
28.104866 0.041662
28.146542 0.041675
28.188200 0.041659
28.229874 0.041674
28.271534 0.041659
28.313203 0.041669
28.354867 0.041664
28.396536 0.041669
28.438199 0.041663
28.479867 0.041668
28.521534 0.041666
28.563203 0.041670
28.604866 0.041663
28.646533 0.041667
28.688204 0.041670
28.729869 0.041665
28.771533 0.041665
28.813206 0.041672
28.854868 0.041663
28.896542 0.041673
28.938200 0.041658
28.979875 0.041675
29.021537 0.041662
29.063205 0.041668
29.104869 0.041664
29.146538 0.041669
29.188201 0.041663
29.229874 0.041673
29.271535 0.041661
29.313210 0.041675
29.354868 0.041658
29.396537 0.041669
29.438200 0.041663
29.479874 0.041674
29.521534 0.041660
29.563208 0.041674
29.604868 0.041660
29.646539 0.041671
29.688152 0.041612
29.729871 0.041719
29.771532 0.041662
29.813205 0.041673
29.854867 0.041662
29.896538 0.041670
29.938204 0.041666
29.979867 0.041663
30.021537 0.041670
30.063200 0.041664
30.104871 0.041671
30.146534 0.041663
30.188201 0.041666
30.229867 0.041666
30.271537 0.041670
30.313200 0.041663
30.354869 0.041669
30.396533 0.041663
30.438155 0.041623
30.479817 0.041662
30.521533 0.041716
30.563200 0.041668
30.604867 0.041666
30.646538 0.041671
30.688150 0.041612
30.729867 0.041717
30.771533 0.041666
30.813150 0.041618
30.854867 0.041717
30.896533 0.041666
30.938202 0.041668
30.979868 0.041666
31.021533 0.041665
31.063201 0.041668
31.104871 0.041670
31.146536 0.041665
31.188199 0.041663
31.229868 0.041669
31.271533 0.041665
31.313160 0.041627
31.354867 0.041707
31.396536 0.041670
31.438199 0.041663
31.479867 0.041668
31.521533 0.041666
31.563200 0.041667
31.604867 0.041667
31.646537 0.041669
31.688200 0.041663
31.729872 0.041672
31.771534 0.041663
31.813203 0.041668
31.854867 0.041664
31.896538 0.041671
31.938200 0.041663
31.979869 0.041669
32.021536 0.041667
32.063204 0.041668
32.104869 0.041665
32.146537 0.041668
32.188209 0.041672
32.229870 0.041661
32.271543 0.041674
32.313204 0.041660
32.354874 0.041670
32.396536 0.041663
32.438203 0.041667
32.479867 0.041664
32.521535 0.041668
32.563199 0.041665
32.604871 0.041671
32.646532 0.041662
32.688203 0.041671
32.729871 0.041668
32.771535 0.041664
32.813205 0.041671
32.854866 0.041661
32.896537 0.041671
32.938200 0.041662
32.979870 0.041670
33.021537 0.041667
33.063200 0.041663
33.104871 0.041671
33.146533 0.041662
33.188205 0.041672
33.229867 0.041662
33.271536 0.041670
33.313200 0.041663
33.354870 0.041670
33.396534 0.041664
33.438202 0.041668
33.479867 0.041665
33.521538 0.041671
33.563200 0.041662
33.604871 0.041671
33.646534 0.041663
33.688203 0.041669
33.729868 0.041665
33.771538 0.041670
33.813200 0.041662
33.854872 0.041671
33.896533 0.041662
33.938204 0.041671
33.979867 0.041663
34.021540 0.041673
34.063200 0.041660
34.104870 0.041671
34.146534 0.041664
34.188204 0.041670
34.229865 0.041661
34.271539 0.041673
34.313201 0.041662
34.354870 0.041669
34.396533 0.041663
34.438206 0.041673
34.479867 0.041661
34.521539 0.041672
34.563199 0.041660
34.604873 0.041673
34.646535 0.041663
34.688207 0.041671
34.729867 0.041660
34.771540 0.041673
34.813200 0.041660
34.854871 0.041672
34.896534 0.041662
34.938205 0.041672
34.979867 0.041661
35.021538 0.041671
35.063200 0.041662
35.104872 0.041672
35.146534 0.041662
35.188206 0.041672
35.229867 0.041661
35.271540 0.041673
35.313200 0.041661
35.354870 0.041669
35.396533 0.041663
35.438205 0.041672
35.479867 0.041661
35.521538 0.041672
35.563201 0.041662
35.604871 0.041671
35.646534 0.041663
35.688206 0.041672
35.729867 0.041661
35.771541 0.041674
35.813199 0.041658
35.854873 0.041673
35.896534 0.041661
35.938201 0.041667
35.979872 0.041670
36.021533 0.041661
36.063205 0.041672
36.104866 0.041661
36.146539 0.041673
36.188150 0.041611
36.229869 0.041719
36.271533 0.041663
36.313204 0.041671
36.354866 0.041662
36.396535 0.041669
36.438199 0.041664
36.479873 0.041674
36.521533 0.041660
36.563203 0.041670
36.604868 0.041665
36.646533 0.041666
36.688204 0.041671
36.729867 0.041663
36.771539 0.041672
36.813201 0.041663
36.854872 0.041671
36.896533 0.041661
36.938205 0.041671
36.979867 0.041662
37.021538 0.041671
37.063203 0.041665
37.104871 0.041668
37.146535 0.041664
37.188205 0.041670
37.229869 0.041663
37.271536 0.041668
37.313200 0.041664
37.354868 0.041668
37.396536 0.041668
37.438202 0.041666
37.479870 0.041668
37.521535 0.041665
37.563205 0.041669
37.604869 0.041664
37.646538 0.041668
37.688159 0.041622
37.729872 0.041713
37.771542 0.041669
37.813200 0.041658
37.854870 0.041670
37.896537 0.041667
37.938203 0.041666
37.979868 0.041665
38.021533 0.041665
38.063204 0.041671
38.104868 0.041664
38.146535 0.041666
38.188200 0.041666
38.229870 0.041670
38.271534 0.041664
38.313202 0.041668
38.354872 0.041670
38.396539 0.041667
38.438200 0.041661
38.479871 0.041671
38.521533 0.041662
38.563203 0.041670
38.604867 0.041664
38.646539 0.041672
38.688200 0.041661
38.729871 0.041671
38.771534 0.041663
38.813205 0.041670
38.854866 0.041662
38.896537 0.041671
38.938200 0.041663
38.979867 0.041667
39.021534 0.041668
39.063205 0.041671
39.104867 0.041662
39.146533 0.041666
39.188200 0.041668
39.229868 0.041668
39.271532 0.041664
39.313201 0.041668
39.354867 0.041666
39.396536 0.041669
39.438200 0.041664
39.479871 0.041671
39.521534 0.041663
39.563205 0.041671
39.604866 0.041661
39.649689 0.044823
39.688201 0.038512
39.729872 0.041671
39.771533 0.041660
39.813205 0.041672
39.854868 0.041663
39.896538 0.041670
39.938200 0.041663
39.979876 0.041676
40.021534 0.041658
40.063205 0.041671
40.104866 0.041661
40.146534 0.041669
40.188200 0.041665
40.229870 0.041671
40.271535 0.041665
40.313204 0.041669
40.354866 0.041661
40.396535 0.041669
40.438200 0.041665
40.479871 0.041671
40.521533 0.041662
40.563206 0.041673
40.604867 0.041661
40.646538 0.041671
40.688200 0.041663
40.729870 0.041669
40.771535 0.041665
40.813205 0.041671
40.854867 0.041661
40.896534 0.041668
40.938200 0.041665
40.979867 0.041667
41.021533 0.041666
41.063203 0.041670
41.104866 0.041663
41.146538 0.041672
41.188200 0.041662
41.229872 0.041671
41.271533 0.041661
41.313205 0.041672
41.354866 0.041661
41.396540 0.041674
41.438200 0.041660
41.479870 0.041671
41.521532 0.041662
41.563200 0.041668
41.604868 0.041668
41.646534 0.041666
41.688200 0.041666
41.729868 0.041668
41.771533 0.041665
41.813204 0.041671
41.854867 0.041663
41.896536 0.041669
41.938201 0.041665
41.979867 0.041666
42.021533 0.041666
42.063200 0.041667
42.104867 0.041666
42.146535 0.041668
42.188150 0.041616
42.229868 0.041718
42.271535 0.041666
42.313200 0.041666
42.354867 0.041667
42.396534 0.041666
42.438200 0.041666
42.479866 0.041666
42.521546 0.041680
42.563201 0.041655
42.604871 0.041671
42.646533 0.041661
42.688201 0.041668
42.729868 0.041667
42.771534 0.041667
42.813200 0.041665
42.854867 0.041667
42.896533 0.041666
42.938203 0.041671
42.979866 0.041663
43.021538 0.041672
43.063200 0.041662
43.104871 0.041671
43.146533 0.041662
43.188203 0.041670
43.229866 0.041664
43.271537 0.041670
43.313200 0.041664
43.354872 0.041672
43.396533 0.041660
43.438153 0.041620
43.479869 0.041716
43.527986 0.048117
43.563200 0.035214
43.604868 0.041668
43.646534 0.041666
43.688201 0.041667
43.729867 0.041666
43.771538 0.041671
43.813200 0.041662
43.854869 0.041669
43.896534 0.041665
43.938203 0.041668
43.979867 0.041664
44.021534 0.041667
44.063151 0.041617
44.104872 0.041721
44.146536 0.041664
44.188151 0.041615
44.229868 0.041717
44.271539 0.041671
44.313201 0.041662
44.354868 0.041667
44.396534 0.041666
44.438205 0.041671
44.479867 0.041663
44.521534 0.041667
44.563201 0.041666
44.604872 0.041671
44.646533 0.041662
44.688201 0.041668
44.729867 0.041666
44.771539 0.041672
44.813200 0.041661
44.854866 0.041666
44.896534 0.041668
44.938204 0.041670
44.979866 0.041662
45.021533 0.041667
45.063149 0.041616
45.104871 0.041722
45.146533 0.041661
45.188205 0.041673
45.229866 0.041661
45.271533 0.041667
45.313199 0.041667
45.354867 0.041668
45.396533 0.041666
45.438199 0.041666
45.479866 0.041667
45.521533 0.041667
45.563200 0.041666
45.604868 0.041668
45.646533 0.041665
45.688202 0.041669
45.729867 0.041665
45.771535 0.041668
45.813200 0.041664
45.854869 0.041669
45.896533 0.041664
45.938208 0.041675
45.979866 0.041658
46.021537 0.041670
46.063199 0.041663
46.104874 0.041675
46.146533 0.041659
46.188202 0.041669
46.229867 0.041664
46.271537 0.041670
46.313203 0.041666
46.354867 0.041663
46.396536 0.041670
46.438201 0.041664
46.479876 0.041675
46.521535 0.041659
46.563210 0.041675
46.604870 0.041660
46.646538 0.041668
46.688204 0.041666
46.729871 0.041668
46.771532 0.041661
46.813202 0.041669
46.854869 0.041667
46.896542 0.041673
46.938202 0.041660
46.979867 0.041665
47.021536 0.041670
47.063202 0.041666
47.104866 0.041663
47.146539 0.041673
47.188149 0.041610
47.229871 0.041722
47.271533 0.041661
47.313205 0.041672
47.354869 0.041664
47.396538 0.041669
47.438150 0.041612
47.479872 0.041723
47.521533 0.041660
47.563206 0.041673
47.604869 0.041663
47.646536 0.041667
47.688205 0.041669
47.729870 0.041665
47.771536 0.041666
47.813205 0.041669
47.854867 0.041662
47.896535 0.041668
47.938200 0.041665
47.979870 0.041670
48.021533 0.041663
48.063203 0.041670
48.104866 0.041663
48.146535 0.041668
48.188201 0.041667
48.229872 0.041670
48.271533 0.041661
48.313202 0.041670
48.354867 0.041665
48.396536 0.041669
48.438202 0.041665
48.479869 0.041667
48.521533 0.041664
48.563201 0.041668
48.604867 0.041666
48.646538 0.041671
48.688200 0.041663
48.729872 0.041672
48.771533 0.041661
48.813200 0.041667
48.854868 0.041668
48.896537 0.041668
48.938199 0.041662
48.979866 0.041668
49.021534 0.041668
49.063201 0.041667
49.104867 0.041667
49.146534 0.041667
49.188199 0.041665
49.229871 0.041672
49.271534 0.041663
49.313205 0.041671
49.354866 0.041662
49.396536 0.041670
49.438202 0.041666
49.479867 0.041665
49.521537 0.041670
49.563200 0.041663
49.604867 0.041667
49.646534 0.041667
49.688200 0.041666
49.729867 0.041668
49.771533 0.041665
49.813206 0.041673
49.854866 0.041660
49.896534 0.041668
49.938199 0.041665
49.979869 0.041670
50.021532 0.041663
50.063200 0.041668
50.104868 0.041668
50.146539 0.041671
50.188201 0.041662
50.229871 0.041671
50.271532 0.041661
50.313203 0.041671
50.354867 0.041663
50.396538 0.041671
50.438152 0.041614
50.479868 0.041716
50.521533 0.041664
50.563205 0.041673
50.604867 0.041662
50.646538 0.041671
50.688201 0.041663
50.729870 0.041670
50.771532 0.041661
50.813202 0.041670
50.854866 0.041663
50.896538 0.041672
50.938202 0.041665
50.979868 0.041666
51.021533 0.041665
51.063203 0.041670
51.104868 0.041666
51.146537 0.041669
51.188200 0.041663
51.229870 0.041670
51.271535 0.041665
51.313204 0.041668
51.354866 0.041663
51.396537 0.041671
51.438202 0.041665
51.479868 0.041666
51.521536 0.041668
51.563209 0.041673
51.604869 0.041661
51.646536 0.041666
51.688203 0.041668
51.729871 0.041668
51.771533 0.041662
51.813208 0.041675
51.854867 0.041659
51.896488 0.041621
51.938202 0.041714
51.979868 0.041666
52.021535 0.041667
52.063200 0.041665
52.104872 0.041672
52.146534 0.041662
52.188201 0.041667
52.229868 0.041667
52.271538 0.041670
52.313201 0.041663
52.354869 0.041668
52.396533 0.041664
52.438203 0.041670
52.479866 0.041663
52.521538 0.041672
52.563200 0.041662
52.604867 0.041667
52.646536 0.041669
52.688205 0.041669
52.729868 0.041663
52.771536 0.041668
52.813204 0.041668
52.854868 0.041664
52.896534 0.041665
52.938200 0.041666
52.979870 0.041670
53.021534 0.041665
53.063201 0.041667
53.104866 0.041665
53.146534 0.041668
53.188201 0.041667
53.229867 0.041666
53.271532 0.041665
53.313200 0.041668
53.354871 0.041671
53.396532 0.041661
53.438202 0.041670
53.479866 0.041664
53.521535 0.041669
53.563199 0.041664
53.604866 0.041667
53.646535 0.041668
53.688200 0.041665
53.729870 0.041670
53.771533 0.041663
53.813200 0.041668
53.854867 0.041667
53.896534 0.041666
53.938204 0.041671
53.979870 0.041666
54.021542 0.041672
54.063203 0.041661
54.104873 0.041669
54.146537 0.041664
54.188205 0.041668
54.229870 0.041666
54.271539 0.041669
54.313200 0.041661
54.354873 0.041673
54.396534 0.041661
54.438206 0.041672
54.479868 0.041662
54.521537 0.041670
54.563201 0.041664
54.604873 0.041672
54.646534 0.041661
54.688154 0.041620
54.729869 0.041715
54.771535 0.041666
54.813201 0.041666
54.854872 0.041671
54.896534 0.041663
54.938200 0.041666
54.979869 0.041668
55.021534 0.041666
55.063204 0.041670
55.104867 0.041663
55.147771 0.042904
55.188202 0.040431
55.229877 0.041675
55.271534 0.041657
55.313208 0.041674
55.354867 0.041659
55.396539 0.041672
55.438201 0.041662
55.479872 0.041672
55.521535 0.041662
55.563201 0.041666
55.604874 0.041673
55.646534 0.041660
55.688209 0.041675
55.729867 0.041658
55.771538 0.041670
55.813200 0.041662
55.854870 0.041671
55.896534 0.041664
55.938160 0.041625
55.979867 0.041707
56.021539 0.041672
56.063201 0.041663
56.104871 0.041670
56.146534 0.041663
56.188205 0.041671
56.229867 0.041662
56.271538 0.041671
56.313201 0.041664
56.354872 0.041671
56.396534 0.041662
56.438204 0.041670
56.479867 0.041663
56.521537 0.041670
56.563201 0.041663
56.604872 0.041671
56.646534 0.041662
56.688204 0.041670
56.729870 0.041666
56.771537 0.041667
56.813201 0.041664
56.854871 0.041670
56.896533 0.041662
56.938206 0.041673
56.979867 0.041661
57.021542 0.041675
57.063201 0.041660
57.104872 0.041671
57.146534 0.041662
57.188206 0.041672
57.229868 0.041662
57.271538 0.041670
57.313200 0.041662
57.354872 0.041671
57.396534 0.041662
57.438204 0.041670
57.479867 0.041664
57.521538 0.041670
57.563201 0.041663
57.604873 0.041672
57.646534 0.041661
57.688205 0.041671
57.729866 0.041662
57.771538 0.041671
57.813200 0.041663
57.854868 0.041668
57.896534 0.041666
57.938205 0.041670
57.979867 0.041662
58.021539 0.041672
58.063201 0.041662
58.104872 0.041671
58.146534 0.041662
58.188205 0.041672
58.229867 0.041661
58.271538 0.041671
58.313201 0.041663
58.354868 0.041668
58.396538 0.041669
58.438201 0.041664
58.479872 0.041670
58.521536 0.041664
58.563206 0.041670
58.604871 0.041665
58.646539 0.041669
58.688201 0.041662
58.729872 0.041671
58.771537 0.041665
58.813160 0.041623
58.854869 0.041709
58.896537 0.041669
58.938200 0.041663
58.979871 0.041671
59.021534 0.041663
59.063200 0.041667
59.104846 0.041645
59.146534 0.041688
59.188204 0.041671
59.229867 0.041663
59.271538 0.041671
59.313201 0.041663
59.354868 0.041667
59.396535 0.041667
59.438159 0.041624
59.479868 0.041709
59.521538 0.041670
59.563203 0.041665
59.604872 0.041669
59.646536 0.041664
59.688205 0.041668
59.729869 0.041664
59.771538 0.041669
59.813203 0.041665
59.854871 0.041668
59.896534 0.041663
59.938204 0.041671
59.979869 0.041664
60.021537 0.041668
60.063201 0.041664
60.104867 0.041666
60.146541 0.041673
60.188206 0.041665
60.229870 0.041664
60.271538 0.041667
60.313202 0.041664
60.354873 0.041671
60.396536 0.041664
60.438205 0.041668
60.479871 0.041666
60.521538 0.041667
60.563203 0.041666
60.604871 0.041667
60.646535 0.041664
60.688205 0.041670
60.729869 0.041664
60.771534 0.041665
60.813201 0.041667
60.854871 0.041670
60.896534 0.041663
60.938205 0.041670
60.979867 0.041662
61.021539 0.041672
61.063202 0.041662
61.104872 0.041670
61.146534 0.041662
61.188204 0.041670
61.229868 0.041664
61.271537 0.041669
61.313200 0.041663
61.354874 0.041674
61.396539 0.041664
61.438201 0.041662
61.479871 0.041670
61.521534 0.041663
61.563207 0.041673
61.604867 0.041660
61.646541 0.041674
61.688200 0.041659
61.729874 0.041673
61.771534 0.041660
61.813157 0.041623
61.854870 0.041713
61.896537 0.041668
61.938205 0.041668
61.979870 0.041664
62.021536 0.041666
62.063201 0.041665
62.104872 0.041671
62.146536 0.041664
62.188202 0.041666
62.229868 0.041666
62.271542 0.041674
62.313201 0.041659
62.354870 0.041668
62.396537 0.041667
62.438205 0.041668
62.479868 0.041663
62.521536 0.041668
62.563204 0.041668
62.604868 0.041664
62.646534 0.041666
62.688208 0.041673
62.729870 0.041662
62.771536 0.041667
62.813202 0.041666
62.854869 0.041666
62.896534 0.041666
62.938208 0.041674
62.979867 0.041659
63.021484 0.041617
63.063200 0.041716
63.104867 0.041667
63.146534 0.041667
63.188202 0.041668
63.229870 0.041668
63.271534 0.041664
63.313201 0.041668
63.354871 0.041669
63.396533 0.041663
63.438203 0.041670
63.479866 0.041663
63.521536 0.041670
63.563200 0.041664
63.604873 0.041673
63.646533 0.041661
63.688155 0.041622
63.729867 0.041712
63.771539 0.041672
63.813199 0.041660
63.854872 0.041672
63.896533 0.041661
63.938203 0.041670
63.979870 0.041667
64.021536 0.041666
64.063203 0.041667
64.104870 0.041667
64.146533 0.041663
64.188209 0.041676
64.229869 0.041660
64.271537 0.041668
64.313203 0.041666
64.354876 0.041673
64.396536 0.041660
64.438209 0.041672
64.479866 0.041657
64.521538 0.041672
64.563200 0.041663
64.604867 0.041666
64.646532 0.041666
64.688201 0.041669
64.729866 0.041665
64.771536 0.041670
64.813200 0.041663
64.854868 0.041669
64.896533 0.041664
64.938205 0.041672
64.979866 0.041662
65.021540 0.041674
65.063202 0.041662
65.104868 0.041665
65.146536 0.041668
65.188200 0.041665
65.229867 0.041667
65.271537 0.041670
65.313201 0.041663
65.354870 0.041669
65.396533 0.041663
65.438201 0.041668
65.479866 0.041665
65.521533 0.041667
65.563199 0.041666
65.604871 0.041671
65.646534 0.041664
65.688208 0.041674
65.729867 0.041659
65.771537 0.041670
65.813200 0.041663
65.854871 0.041671
65.896534 0.041663
65.938156 0.041622
65.979869 0.041713
66.021535 0.041666
66.063203 0.041668
66.104869 0.041666
66.146534 0.041665
66.188215 0.041680
66.229867 0.041653
66.271538 0.041671
66.313202 0.041664
66.354871 0.041669
66.396534 0.041663
66.438205 0.041671
66.479868 0.041663
66.521538 0.041670
66.563202 0.041665
66.604871 0.041669
66.646534 0.041663
66.688202 0.041668
66.729867 0.041664
66.771536 0.041669
66.813201 0.041665
66.854869 0.041669
66.896534 0.041664
66.938159 0.041625
66.979868 0.041710
67.021539 0.041670
67.063151 0.041612
67.104868 0.041717
67.146535 0.041667
67.188208 0.041674
67.229867 0.041659
67.271542 0.041675
67.313201 0.041659
67.354875 0.041674
67.396534 0.041659
67.438208 0.041674
67.479871 0.041662
67.521538 0.041668
67.563201 0.041663
67.604874 0.041673
67.646537 0.041663
67.688201 0.041665
67.729870 0.041668
67.771538 0.041668
67.813199 0.041661
67.854870 0.041670
67.896536 0.041666
67.938205 0.041669
67.979869 0.041665
68.021537 0.041667
68.063203 0.041666
68.104871 0.041668
68.146534 0.041664
68.188152 0.041618
68.229866 0.041714
68.271540 0.041673
68.313200 0.041660
68.354875 0.041675
68.396538 0.041663
68.438202 0.041664
68.479874 0.041673
68.521536 0.041662
68.563200 0.041664
68.604866 0.041666
68.646534 0.041668
68.688202 0.041667
68.729870 0.041668
68.771537 0.041667
68.813203 0.041666
68.854868 0.041665
68.896536 0.041668
68.938200 0.041664
68.979866 0.041667
69.021533 0.041667
69.063205 0.041672
69.104866 0.041660
69.146534 0.041668
69.188201 0.041667
69.229869 0.041668
69.271532 0.041663
69.313200 0.041669
69.354869 0.041669
69.396535 0.041665
69.438151 0.041616
69.479867 0.041716
69.521533 0.041666
69.563201 0.041668
69.604866 0.041665
69.646533 0.041666
69.688204 0.041671
69.729867 0.041663
69.771532 0.041666
69.813199 0.041667
69.854869 0.041669
69.896534 0.041665
69.938204 0.041670
69.979867 0.041663
70.021533 0.041666
70.063149 0.041616
70.104872 0.041723
70.146533 0.041661
70.188151 0.041618
70.229867 0.041716
70.271537 0.041670
70.313200 0.041663
70.354869 0.041669
70.396534 0.041665
70.438204 0.041671
70.479866 0.041662
70.521537 0.041671
70.563200 0.041663
70.604871 0.041671
70.646533 0.041662
70.688208 0.041675
70.729867 0.041659
70.771537 0.041670
70.813199 0.041662
70.854871 0.041672
70.896534 0.041663
70.938203 0.041669
70.979866 0.041663
71.021534 0.041667
71.063204 0.041670
71.104867 0.041663
71.146534 0.041667
71.188203 0.041669
71.229868 0.041666
71.271537 0.041669
71.313200 0.041663
71.354866 0.041666
71.396535 0.041668
71.438199 0.041665
71.479866 0.041666
71.521533 0.041667
71.563200 0.041667
71.604868 0.041668
71.646535 0.041667
71.688204 0.041669
71.729869 0.041664
71.771535 0.041666
71.813199 0.041664
71.854870 0.041671
71.896534 0.041663
71.938202 0.041669
71.979869 0.041667
72.021535 0.041665
72.063200 0.041666
72.104870 0.041670
72.146533 0.041663
72.188150 0.041617
72.229866 0.041716
72.271536 0.041669
72.313199 0.041664
72.354871 0.041672
72.396533 0.041662
72.438159 0.041626
72.479867 0.041708
72.521541 0.041674
72.563200 0.041660
72.604873 0.041673
72.646534 0.041661
72.688204 0.041670
72.729867 0.041663
72.771541 0.041674
72.813201 0.041659
72.854871 0.041670
72.896536 0.041666
72.938203 0.041666
72.979869 0.041666
73.021534 0.041665
73.063201 0.041667
73.104870 0.041669
73.146536 0.041666
73.188200 0.041664
73.229868 0.041668
73.271538 0.041670
73.313151 0.041613
73.354870 0.041719
73.396536 0.041666
73.438205 0.041669
73.479871 0.041667
73.521536 0.041665
73.563201 0.041665
73.604871 0.041670
73.646533 0.041662
73.688209 0.041675
73.729867 0.041659
73.771542 0.041674
73.813201 0.041659
73.854870 0.041669
73.896534 0.041663
73.938208 0.041674
73.980175 0.041968
74.021534 0.041358
74.063201 0.041668
74.104871 0.041670
74.146534 0.041662
74.188203 0.041669
74.229869 0.041666
74.271536 0.041667
74.313200 0.041665
74.354870 0.041670
74.396533 0.041663
74.438201 0.041668
74.479868 0.041667
74.521537 0.041670
74.563201 0.041664
74.604868 0.041667
74.646535 0.041668
74.688203 0.041667
74.729865 0.041663
74.771534 0.041668
74.813200 0.041666
74.854872 0.041672
74.896533 0.041661
74.938201 0.041669
74.979868 0.041666
75.021538 0.041671
75.063202 0.041664
75.104868 0.041666
75.146536 0.041668
75.188204 0.041668
75.229868 0.041665
75.271534 0.041666
75.313203 0.041669
75.354871 0.041668
75.396539 0.041668
75.438202 0.041663
75.479869 0.041667
75.521534 0.041665
75.563209 0.041675
75.604869 0.041660
75.646537 0.041669
75.688202 0.041665
75.729867 0.041664
75.771533 0.041666
75.813149 0.041616
75.854866 0.041717
75.896535 0.041669
75.938200 0.041665
75.979871 0.041671
76.021533 0.041662
76.063201 0.041668
76.104866 0.041664
76.146533 0.041667
76.188199 0.041666
76.229865 0.041666
76.271534 0.041669
76.313199 0.041665
76.354866 0.041667
76.396535 0.041669
76.438202 0.041667
76.479867 0.041665
76.521533 0.041666
76.563200 0.041667
76.604868 0.041668
76.646532 0.041664
76.688204 0.041672
76.729866 0.041662
76.771533 0.041667
76.813200 0.041667
76.854866 0.041666
76.896533 0.041667
76.938200 0.041667
76.979866 0.041666
77.021535 0.041669
77.063200 0.041664
77.104869 0.041670
77.146533 0.041664
77.188200 0.041667
77.229866 0.041667
77.271537 0.041671
77.313200 0.041663
77.354871 0.041671
77.396534 0.041663
77.438212 0.041679
77.479867 0.041654
77.521534 0.041667
77.563201 0.041667
77.604868 0.041668
77.646537 0.041668
77.688198 0.041662
77.729872 0.041674
77.771532 0.041660
77.813204 0.041671
77.854866 0.041662
77.896536 0.041671
77.938199 0.041663
77.979871 0.041671
78.021533 0.041663
78.063200 0.041667
78.104871 0.041670
78.146533 0.041663
78.188152 0.041619
78.229871 0.041719
78.271529 0.041658
78.313204 0.041675
78.354866 0.041661
78.396538 0.041672
78.438199 0.041662
78.479868 0.041669
78.521535 0.041667
78.563200 0.041664
78.604870 0.041671
78.646533 0.041662
78.688152 0.041619
78.729866 0.041714
78.771533 0.041667
78.813153 0.041620
78.854868 0.041715
78.896533 0.041665
78.938201 0.041668
78.979867 0.041666
79.021537 0.041670
79.063200 0.041663
79.104871 0.041671
79.146533 0.041662
79.188203 0.041670
79.229866 0.041663
79.271539 0.041673
79.313200 0.041662
79.354871 0.041671
79.396542 0.041671
79.438155 0.041612
79.479866 0.041711
79.521539 0.041673
79.563201 0.041662
79.604870 0.041668
79.646534 0.041664
79.688206 0.041672
79.729868 0.041662
79.771533 0.041665
79.813203 0.041670
79.854870 0.041666
79.896535 0.041666
79.938200 0.041665
79.979867 0.041667
80.021536 0.041669
80.063203 0.041667
80.104870 0.041667
80.146544 0.041674
80.188203 0.041659
80.229869 0.041666
80.271533 0.041664
80.313205 0.041672
80.354867 0.041662
80.396535 0.041668
80.438155 0.041620
80.479867 0.041712
80.521533 0.041666
80.563206 0.041673
80.604869 0.041662
80.646536 0.041667
80.688201 0.041666
80.729875 0.041673
80.771533 0.041659
80.813206 0.041673
80.854866 0.041660
80.896537 0.041671
80.938201 0.041664
80.979872 0.041671
81.021534 0.041662
81.063203 0.041669
81.104867 0.041664
81.146539 0.041672
81.188151 0.041612
81.229875 0.041724
81.271534 0.041659
81.313201 0.041668
81.354867 0.041666
81.396539 0.041672
81.438200 0.041662
81.479868 0.041667
81.521534 0.041666
81.563205 0.041671
81.604867 0.041662
81.646538 0.041671
81.688199 0.041661
81.729871 0.041673
81.771535 0.041664
81.813199 0.041663
81.854867 0.041668
81.896536 0.041669
81.938200 0.041664
81.979865 0.041665
82.021533 0.041668
82.063199 0.041666
82.104867 0.041668
82.146534 0.041666
82.188200 0.041667
82.229870 0.041669
82.271536 0.041667
82.313202 0.041666
82.354867 0.041665
82.396535 0.041668
82.438200 0.041665
82.479868 0.041667
82.521533 0.041666
82.563150 0.041617
82.604865 0.041716
82.646533 0.041668
82.688205 0.041672
82.729866 0.041661
82.771533 0.041667
82.813200 0.041667
82.854872 0.041672
82.896533 0.041661
82.938199 0.041666
82.979867 0.041668
83.021535 0.041668
83.063152 0.041617
83.104867 0.041715
83.146533 0.041666
83.188150 0.041617
83.229867 0.041717
83.271533 0.041666
83.313201 0.041668
83.354865 0.041665
83.396488 0.041623
83.438200 0.041711
83.479869 0.041669
83.521533 0.041664
83.563202 0.041670
83.604867 0.041665
83.646534 0.041667
83.688151 0.041618
83.729871 0.041719
83.771533 0.041662
83.813203 0.041670
83.854866 0.041663
83.896537 0.041671
83.938150 0.041613
83.979869 0.041719
84.021535 0.041666
84.063205 0.041669
84.104869 0.041665
84.146533 0.041664
84.188203 0.041670
84.229871 0.041668
84.271541 0.041670
84.313206 0.041665
84.354871 0.041665
84.396533 0.041662
84.438200 0.041667
84.479866 0.041666
84.521533 0.041667
84.563206 0.041674
84.604869 0.041662
84.646532 0.041664
84.688200 0.041668
84.729874 0.041674
84.771533 0.041659
84.813202 0.041669
84.854866 0.041664
84.896535 0.041669
84.938150 0.041615
84.979870 0.041720
85.021533 0.041662
85.063200 0.041668
85.104866 0.041666
85.146536 0.041670
85.188200 0.041664
85.229868 0.041668
85.271533 0.041665
85.313152 0.041620
85.354866 0.041714
85.396535 0.041669
85.438199 0.041664
85.479866 0.041667
85.521533 0.041667
85.563200 0.041666
85.604872 0.041672
85.646533 0.041662
85.688203 0.041669
85.729868 0.041665
85.771537 0.041669
85.813151 0.041614
85.854871 0.041720
85.896533 0.041662
85.938151 0.041619
85.979865 0.041714
86.021539 0.041674
86.063202 0.041663
86.104867 0.041665
86.146535 0.041668
86.188207 0.041672
86.229866 0.041658
86.271536 0.041670
86.313202 0.041667
86.354874 0.041672
86.396538 0.041664
86.438200 0.041662
86.479867 0.041666
86.521536 0.041669
86.563199 0.041663
86.604867 0.041668
86.646532 0.041665
86.688203 0.041671
86.729866 0.041663
86.771534 0.041668
86.813150 0.041615
86.854867 0.041718
86.896483 0.041616
86.938160 0.041677
86.979866 0.041707
87.021537 0.041671
87.063200 0.041663
87.104874 0.041675
87.146536 0.041662
87.188207 0.041671
87.229869 0.041662
87.271536 0.041666
87.313151 0.041615
87.354868 0.041717
87.396533 0.041666
87.438205 0.041671
87.479867 0.041662
87.521534 0.041667
87.563150 0.041617
87.604871 0.041720
87.646533 0.041662
87.688152 0.041619
87.729867 0.041715
87.771535 0.041668
87.813152 0.041617
87.854868 0.041716
87.896535 0.041667
87.938203 0.041668
87.979868 0.041665
88.021535 0.041667
88.063200 0.041665
88.104872 0.041672
88.146535 0.041663
88.188152 0.041616
88.229868 0.041716
88.271537 0.041669
88.313201 0.041664
88.354871 0.041670
88.396534 0.041663
88.438201 0.041667
88.479868 0.041667
88.521534 0.041666
88.563152 0.041618
88.604870 0.041718
88.646536 0.041667
88.688205 0.041669
88.729867 0.041662
88.771539 0.041672
88.813200 0.041662
88.854871 0.041670
88.896533 0.041663
88.938208 0.041675
88.979870 0.041661
89.021538 0.041668
89.063200 0.041662
89.104872 0.041671
89.146535 0.041664
89.188159 0.041624
89.229867 0.041708
89.271539 0.041672
89.313237 0.041698
89.354872 0.041635
89.396534 0.041662
89.438203 0.041669
89.479867 0.041664
89.521538 0.041671
89.563151 0.041613
89.604870 0.041719
89.646536 0.041666
89.688205 0.041669
89.729867 0.041662
89.771537 0.041669
89.813203 0.041666
89.854877 0.041674
89.896534 0.041657
89.938204 0.041670
89.979867 0.041663
90.021540 0.041673
90.063153 0.041613
90.104871 0.041718
90.146535 0.041664
90.188159 0.041624
90.229868 0.041709
90.271538 0.041670
90.313202 0.041664
90.354867 0.041665
90.396541 0.041674
90.438203 0.041661
90.479875 0.041673
90.521535 0.041659
90.563207 0.041673
90.604868 0.041661
90.646537 0.041670
90.688152 0.041615
90.729875 0.041724
90.771533 0.041657
90.813155 0.041622
90.854869 0.041714
90.896536 0.041667
90.938203 0.041666
90.979871 0.041669
91.021534 0.041662
91.063160 0.041627
91.104871 0.041711
91.146542 0.041672
91.188152 0.041610
91.229869 0.041717
91.271538 0.041669
91.313204 0.041666
91.354869 0.041665
91.396536 0.041667
91.438204 0.041668
91.479866 0.041662
91.521492 0.041626
91.563203 0.041711
91.604875 0.041672
91.646534 0.041659
91.688205 0.041671
91.729867 0.041662
91.771541 0.041674
91.813200 0.041660
91.854875 0.041675
91.896535 0.041659
91.938204 0.041670
91.979867 0.041663
92.021537 0.041669
92.063200 0.041663
92.104874 0.041674
92.146536 0.041661
92.188202 0.041666
92.229869 0.041667
92.271536 0.041667
92.313204 0.041668
92.354870 0.041666
92.396536 0.041666
92.438203 0.041667
92.479876 0.041673
92.521536 0.041661
92.563204 0.041668
92.604869 0.041665
92.646538 0.041669
92.688203 0.041665
92.729868 0.041665
92.771536 0.041668
92.813205 0.041669
92.854870 0.041664
92.896536 0.041667
92.938203 0.041667
92.979869 0.041666
93.021534 0.041665
93.063160 0.041626
93.104867 0.041707
93.146538 0.041671
93.188201 0.041662
93.229869 0.041668
93.271536 0.041667
93.313158 0.041622
93.354870 0.041712
93.396534 0.041664
93.438203 0.041670
93.479871 0.041668
93.521536 0.041665
93.563202 0.041666
93.604869 0.041667
93.646538 0.041669
93.688203 0.041665
93.729868 0.041665
93.771534 0.041666
93.813156 0.041622
93.854870 0.041714
93.896533 0.041663
93.938202 0.041669
93.979870 0.041668
94.021538 0.041668
94.063201 0.041663
94.104867 0.041666
94.146534 0.041667
94.188200 0.041666
94.229867 0.041667
94.271534 0.041666
94.313199 0.041666
94.354872 0.041673
94.396487 0.041615
94.438201 0.041714
94.479869 0.041668
94.521533 0.041665
94.563203 0.041670
94.604867 0.041664
94.646537 0.041670
94.688201 0.041663
94.729868 0.041668
94.771534 0.041666
94.813207 0.041673
94.854867 0.041660
94.896535 0.041668
94.938203 0.041668
94.979872 0.041669
95.021538 0.041666
95.063201 0.041663
95.104867 0.041666
95.146540 0.041673
95.188201 0.041661
95.229868 0.041667
95.271533 0.041665
95.313156 0.041623
95.354867 0.041711
95.396534 0.041667
95.438203 0.041669
95.479872 0.041669
95.521537 0.041665
95.563201 0.041664
95.604867 0.041667
95.646535 0.041667
95.688208 0.041673
95.729867 0.041659
95.771538 0.041671
95.813200 0.041663
95.854869 0.041669
95.896534 0.041665
95.938202 0.041667
95.979871 0.041670
96.021536 0.041664
96.063203 0.041668
96.104871 0.041668
96.146534 0.041663
96.188209 0.041675
96.229870 0.041661
96.271536 0.041666
96.313203 0.041667
96.354875 0.041672
96.396536 0.041661
96.438202 0.041666
96.479868 0.041666
96.521535 0.041667
96.563201 0.041666
96.604870 0.041669
96.646534 0.041664
96.688204 0.041670
96.729869 0.041665
96.771536 0.041667
96.813151 0.041615
96.854867 0.041716
96.896534 0.041667
96.938203 0.041669
96.979868 0.041665
97.021535 0.041667
97.063201 0.041666
97.104872 0.041671
97.146534 0.041662
97.188205 0.041670
97.229867 0.041662
97.271537 0.041671
97.313201 0.041663
97.354869 0.041668
97.396533 0.041664
97.438205 0.041672
97.479867 0.041662
97.521534 0.041667
97.563201 0.041666
97.604873 0.041672
97.646534 0.041661
97.688201 0.041667
97.729867 0.041666
97.771538 0.041672
97.813153 0.041615
97.854866 0.041713
97.896535 0.041668
97.938201 0.041666
97.979871 0.041671
98.021535 0.041664
98.063203 0.041668
98.104867 0.041663
98.146542 0.041676
98.188201 0.041658
98.229869 0.041668
98.271534 0.041665
98.313205 0.041672
98.354867 0.041662
98.396537 0.041670
98.438201 0.041664
98.479871 0.041670
98.521534 0.041663
98.563155 0.041621
98.604868 0.041713
98.646541 0.041673
98.688204 0.041663
98.729867 0.041663
98.771535 0.041668
98.813205 0.041670
98.854867 0.041662
98.896537 0.041671
98.938200 0.041663
98.979873 0.041673
99.021534 0.041661
99.063205 0.041671
99.104872 0.041667
99.146537 0.041666
99.188201 0.041664
99.229871 0.041670
99.271536 0.041665
99.313203 0.041667
99.354867 0.041663
99.396538 0.041671
99.438201 0.041663
99.479869 0.041668
99.521535 0.041666
99.563205 0.041671
99.604867 0.041661
99.646535 0.041669
99.688151 0.041615
99.729872 0.041721
99.771533 0.041661
99.813153 0.041619
99.854867 0.041715
99.896534 0.041667
99.938201 0.041667
99.979868 0.041667
100.021486 0.041618
100.063209 0.041723
100.104869 0.041660
100.146541 0.041672
100.188203 0.041662
100.229872 0.041669
100.271537 0.041665
100.313203 0.041667
100.354872 0.041668
100.396537 0.041665
100.438203 0.041666
100.479872 0.041669
100.521535 0.041664
100.563208 0.041673
100.604872 0.041665
100.646538 0.041666
100.691301 0.044763
100.729871 0.038570
100.771546 0.041675
100.818681 0.047134
100.864806 0.046126
100.921751 0.056944
100.946737 0.024986
100.982991 0.036254
101.021543 0.038552
101.063154 0.041611
101.104868 0.041714
101.146536 0.041668
101.188155 0.041619
101.229870 0.041714
101.271539 0.041669
101.313201 0.041663
101.354872 0.041671
101.396534 0.041662
101.438204 0.041670
101.479867 0.041663
101.521536 0.041669
101.563201 0.041666
101.604867 0.041666
101.646538 0.041671
101.688151 0.041612
101.729872 0.041721
101.771533 0.041662
101.813152 0.041619
101.854868 0.041715
101.896536 0.041668
101.938204 0.041668
101.979867 0.041663
102.021537 0.041670
102.063200 0.041663
102.104870 0.041670
102.146534 0.041664
102.188205 0.041670
102.229867 0.041662
102.271537 0.041671
102.313150 0.041613
102.354872 0.041722
102.396534 0.041662
102.438205 0.041671
102.479867 0.041662
102.521535 0.041668
102.563200 0.041665
102.604870 0.041670
102.646534 0.041664
102.688204 0.041670
102.729867 0.041663
102.771537 0.041670
102.813151 0.041614
102.854868 0.041717
102.896534 0.041666
102.938201 0.041667
102.979867 0.041666
103.021536 0.041669
103.063200 0.041665
103.104868 0.041667
103.146536 0.041668
103.188154 0.041618
103.229867 0.041714
103.271539 0.041672
103.313200 0.041662
103.354868 0.041667
103.396533 0.041665
103.438205 0.041672
103.479867 0.041662
103.521537 0.041670
103.563200 0.041663
103.604873 0.041673
103.646533 0.041661
103.688201 0.041668
103.729867 0.041666
103.771538 0.041671
103.813151 0.041613
103.854870 0.041720
103.896536 0.041665
103.938152 0.041616
103.979866 0.041714
104.021539 0.041673
104.063205 0.041666
104.104872 0.041667
104.146534 0.041662
104.188227 0.041693
104.229872 0.041645
104.271536 0.041664
104.313201 0.041665
104.354866 0.041665
104.396539 0.041672
104.438201 0.041662
104.479869 0.041668
104.521535 0.041666
104.563159 0.041625
104.604868 0.041708
104.646535 0.041667
104.688200 0.041665
104.729872 0.041672
104.771534 0.041662
104.813201 0.041667
104.854870 0.041670
104.896536 0.041665
104.938201 0.041665
104.979875 0.041674
105.021484 0.041609
105.063203 0.041718
105.104868 0.041665
105.146537 0.041669
105.188201 0.041665
105.229871 0.041669
105.271534 0.041663
105.313205 0.041671
105.354868 0.041663
105.396536 0.041668
105.438154 0.041617
105.479874 0.041720
105.521537 0.041663
105.563153 0.041616
105.604869 0.041716
105.646487 0.041618
105.688201 0.041714
105.729871 0.041670
105.771534 0.041663
105.813205 0.041671
105.854867 0.041662
105.896537 0.041670
105.938200 0.041663
105.979870 0.041669
106.021534 0.041665
106.063201 0.041667
106.104867 0.041666
106.146536 0.041669
106.188201 0.041664
106.229868 0.041668
106.271533 0.041665
106.313201 0.041667
106.354867 0.041666
106.396534 0.041667
106.438202 0.041667
106.479870 0.041668
106.521538 0.041668
106.563201 0.041663
106.604869 0.041668
106.646535 0.041666
106.688201 0.041666
106.729868 0.041667
106.771534 0.041666
106.813204 0.041670
106.854867 0.041663
106.896535 0.041667
106.938200 0.041665
106.979872 0.041672
107.021535 0.041664
107.063204 0.041668
107.104867 0.041664
107.146541 0.041674
107.188201 0.041660
107.229875 0.041674
107.271534 0.041659
107.313160 0.041626
107.354867 0.041707
107.396537 0.041670
107.438203 0.041666
107.479871 0.041667
107.521538 0.041668
107.563200 0.041662
107.604869 0.041668
107.646542 0.041673
107.688202 0.041660
107.729869 0.041667
107.771538 0.041669
107.813200 0.041663
107.854870 0.041669
107.896535 0.041666
107.938201 0.041666
107.979871 0.041670
108.021534 0.041663
108.063205 0.041671
108.104867 0.041663
108.146534 0.041667
108.188203 0.041669
108.229868 0.041665
108.271539 0.041671
108.313199 0.041660
108.354871 0.041672
108.396534 0.041664
108.438200 0.041666
108.479866 0.041666
108.521534 0.041668
108.563200 0.041665
108.604871 0.041672
108.646533 0.041662
108.688202 0.041669
108.729866 0.041664
108.771540 0.041673
108.813200 0.041661
108.854871 0.041671
108.896536 0.041665
108.938202 0.041666
108.979868 0.041667
109.021535 0.041666
109.063203 0.041668
109.104870 0.041667
109.146536 0.041665
109.188202 0.041666
109.229868 0.041667
109.271535 0.041667
109.313200 0.041664
109.354874 0.041674
109.396536 0.041662
109.438202 0.041666
109.479866 0.041664
109.521536 0.041669
109.563200 0.041665
109.604869 0.041669
109.646535 0.041665
109.688202 0.041667
109.729866 0.041664
109.771535 0.041669
109.813201 0.041666
109.854869 0.041668
109.896533 0.041664
109.938204 0.041671
109.979866 0.041663
110.021541 0.041675
110.063203 0.041661
110.104870 0.041668
110.146536 0.041666
110.188208 0.041672
110.229870 0.041662
110.271540 0.041670
110.313200 0.041660
110.354867 0.041666
110.396535 0.041669
110.438200 0.041665
110.479866 0.041666
110.521542 0.041676
110.563199 0.041657
110.604877 0.041677
110.646532 0.041655
110.688205 0.041673
110.729869 0.041664
110.771541 0.041673
110.813201 0.041659
110.854874 0.041673
110.896533 0.041659
110.938205 0.041672
110.979870 0.041665
111.021534 0.041665
111.063202 0.041668
111.104872 0.041669
111.146536 0.041664
111.188206 0.041670
111.229869 0.041663
111.271535 0.041666
111.313201 0.041666
111.354868 0.041667
111.396535 0.041666
111.438201 0.041667
111.479867 0.041666
111.521536 0.041669
111.563200 0.041664
111.604867 0.041667
111.646535 0.041668
111.688202 0.041667
111.729866 0.041664
111.771533 0.041667
111.813199 0.041666
111.854868 0.041669
111.896533 0.041665
111.938200 0.041667
111.979866 0.041666
112.021533 0.041667
112.063200 0.041667
112.104866 0.041666
112.146535 0.041669
112.188200 0.041665
112.229868 0.041668
112.271534 0.041665
112.313205 0.041671
112.354870 0.041666
112.396541 0.041671
112.438150 0.041609
112.479871 0.041721
112.521535 0.041664
112.563209 0.041674
112.604866 0.041657
112.646537 0.041670
112.688200 0.041663
112.729868 0.041668
112.771533 0.041665
112.813201 0.041668
112.854869 0.041668
112.896536 0.041667
112.938202 0.041665
112.979870 0.041668
113.021533 0.041663
113.063205 0.041672
113.104866 0.041662
113.146538 0.041672
113.188199 0.041661
113.229867 0.041668
113.271533 0.041666
113.313205 0.041672
113.354868 0.041662
113.396537 0.041669
113.438200 0.041662
113.479871 0.041672
113.521532 0.041661
113.563206 0.041673
113.604867 0.041661
113.646534 0.041667
113.688203 0.041670
113.729866 0.041662
113.771537 0.041671
113.813156 0.041619
113.854866 0.041710
113.896535 0.041669
113.938202 0.041666
113.979866 0.041665
114.021535 0.041668
114.063200 0.041665
114.104871 0.041671
114.146534 0.041664
114.188152 0.041617
114.229865 0.041714
114.271537 0.041672
114.313203 0.041666
114.354866 0.041663
114.396535 0.041669
114.438204 0.041669
114.479871 0.041667
114.521529 0.041658
114.563153 0.041624
114.604867 0.041714
114.646536 0.041669
114.688201 0.041665
114.729866 0.041665
114.771537 0.041671
114.813200 0.041664
114.854866 0.041665
114.896536 0.041670
114.938200 0.041664
114.979867 0.041668
115.021533 0.041665
115.063152 0.041619
115.104868 0.041716
115.146540 0.041672
115.188152 0.041612
115.229869 0.041717
115.271537 0.041667
115.313202 0.041666
115.354873 0.041671
115.396536 0.041663
115.438151 0.041615
115.479868 0.041717
115.521535 0.041666
115.563159 0.041625
115.604869 0.041710
115.646533 0.041664
115.688202 0.041669
115.729865 0.041663
115.771533 0.041668
115.813199 0.041666
115.854875 0.041676
115.896488 0.041614
115.938203 0.041715
115.979868 0.041665
116.021535 0.041667
116.063155 0.041619
116.104869 0.041714
116.146535 0.041666
116.188150 0.041614
116.229871 0.041721
116.271541 0.041670
116.313207 0.041665
116.354866 0.041660
116.396540 0.041674
116.438202 0.041662
116.479868 0.041666
116.521541 0.041673
116.563206 0.041665
116.604869 0.041663
116.646540 0.041671
116.688200 0.041659
116.729872 0.041672
116.771533 0.041661
116.813200 0.041667
116.854870 0.041670
116.896540 0.041671
116.938153 0.041613
116.979866 0.041713
117.021539 0.041674
117.063202 0.041662
117.104874 0.041673
117.146536 0.041661
117.188206 0.041670
117.229866 0.041661
117.271533 0.041667
117.313150 0.041617
117.354871 0.041721
117.396533 0.041662
117.438200 0.041667
117.479866 0.041666
117.521538 0.041672
117.563200 0.041662
117.604869 0.041669
117.646533 0.041664
117.688203 0.041669
117.729869 0.041666
117.771536 0.041667
117.813201 0.041665
117.854866 0.041665
117.896537 0.041671
117.938199 0.041662
117.979867 0.041668
118.021533 0.041666
118.063204 0.041671
118.104866 0.041662
118.146534 0.041668
118.188203 0.041669
118.229870 0.041667
118.271536 0.041666
118.313200 0.041664
118.354869 0.041669
118.396542 0.041673
118.438202 0.041660
118.479868 0.041666
118.521536 0.041668
118.563154 0.041618
118.604868 0.041714
118.646541 0.041673
118.688203 0.041662
118.729866 0.041663
118.771535 0.041669
118.813207 0.041672
118.854867 0.041660
118.896538 0.041671
118.938152 0.041614
118.979866 0.041714
119.021541 0.041674
119.063203 0.041662
119.104875 0.041672
119.146535 0.041660
119.188159 0.041624
119.229868 0.041709
119.271534 0.041667
119.313204 0.041669
119.354867 0.041663
119.396533 0.041666
119.438200 0.041667
119.479869 0.041669
119.521533 0.041664
119.563201 0.041668
119.604867 0.041666
119.646532 0.041665
119.688200 0.041668
119.729870 0.041669
119.771533 0.041664
119.813202 0.041669
119.854867 0.041665
119.896533 0.041666
119.938207 0.041674
119.979872 0.041664
120.021535 0.041663
120.063200 0.041665
120.104869 0.041669
120.146535 0.041667
120.188159 0.041623
120.229867 0.041708
120.271541 0.041675
120.313150 0.041609
120.354868 0.041718
120.396487 0.041618
120.438153 0.041666
120.479870 0.041717
120.521486 0.041616
120.563202 0.041717
120.604868 0.041665
120.646537 0.041669
120.688200 0.041663
120.729868 0.041669
120.771535 0.041667
120.813200 0.041665
120.854875 0.041675
120.896533 0.041659
120.938201 0.041668
120.979867 0.041666
121.021538 0.041671
121.063201 0.041663
121.104867 0.041667
121.146533 0.041666
121.188204 0.041671
121.229867 0.041663
121.271535 0.041668
121.313200 0.041666
121.354870 0.041670
121.396533 0.041663
121.438202 0.041668
121.479865 0.041664
121.521537 0.041672
121.563200 0.041663
121.604869 0.041668
121.646534 0.041665
121.688154 0.041620
121.729869 0.041715
121.771533 0.041664
121.813154 0.041621
121.854870 0.041716
121.896536 0.041666
121.938200 0.041664
121.979870 0.041670
122.021537 0.041667
122.063202 0.041666
122.104868 0.041665
122.146536 0.041668
122.188206 0.041670
122.229867 0.041661
122.271535 0.041667
122.313200 0.041665
122.354871 0.041671
122.396533 0.041662
122.438153 0.041619
122.479868 0.041715
122.521538 0.041670
122.563200 0.041662
122.604869 0.041669
122.646534 0.041665
122.688204 0.041670
122.729867 0.041663
122.771536 0.041669
122.813200 0.041664
122.854871 0.041671
122.896533 0.041662
122.938152 0.041619
122.979866 0.041714
123.021533 0.041668
123.063200 0.041667
123.104868 0.041668
123.146536 0.041668
123.188202 0.041666
123.229867 0.041665
123.271534 0.041668
123.313151 0.041616
123.354868 0.041717
123.396532 0.041664
123.438202 0.041670
123.479867 0.041665
123.521536 0.041669
123.563200 0.041664
123.604871 0.041671
123.646534 0.041662
123.688205 0.041671
123.729867 0.041662
123.771534 0.041667
123.813202 0.041668
123.854867 0.041665
123.896539 0.041672
123.938151 0.041612
123.979870 0.041719
124.021534 0.041663
124.063203 0.041670
124.104870 0.041667
124.146533 0.041663
124.188200 0.041667
124.229872 0.041672
124.271534 0.041662
124.313200 0.041666
124.354867 0.041667
124.396533 0.041666
124.438206 0.041672
124.479867 0.041661
124.521534 0.041667
124.563200 0.041667
124.604867 0.041667
124.646535 0.041667
124.688201 0.041666
124.729865 0.041664
124.771533 0.041668
124.813199 0.041667
124.854871 0.041671
124.896532 0.041661
124.938199 0.041667
124.979866 0.041667
125.021537 0.041671
125.063199 0.041662
125.104870 0.041671
125.146532 0.041663
125.188206 0.041674
125.229866 0.041659
125.271541 0.041675
125.313199 0.041658
125.354875 0.041676
125.396532 0.041657
125.438202 0.041669
125.479866 0.041664
125.521541 0.041675
125.563199 0.041658
125.604875 0.041676
125.646532 0.041658
125.688204 0.041671
125.729868 0.041664
125.771535 0.041667
125.813198 0.041663
125.854866 0.041668
125.896533 0.041667
125.938201 0.041668
125.979865 0.041664
126.021531 0.041666
126.063153 0.041621
126.104865 0.041713
126.146535 0.041670
126.188206 0.041671
126.229874 0.041668
126.271540 0.041666
126.313208 0.041668
126.354875 0.041667
126.396533 0.041658
126.438200 0.041667
126.479866 0.041666
126.521534 0.041668
126.563199 0.041665
126.604869 0.041669
126.646532 0.041663
126.688158 0.041626
126.729870 0.041712
126.771536 0.041666
126.813150 0.041614
126.854867 0.041717
126.896533 0.041666
126.938201 0.041668
126.979866 0.041665
127.021534 0.041668
127.063199 0.041665
127.104868 0.041668
127.146533 0.041665
127.188201 0.041668
127.229866 0.041665
127.271535 0.041669
127.313200 0.041664
127.354869 0.041669
127.396533 0.041664
127.438200 0.041667
127.479866 0.041666
127.521534 0.041668
127.563150 0.041616
127.604867 0.041717
127.646483 0.041616
127.688204 0.041721
127.729867 0.041663
127.771536 0.041668
127.813201 0.041665
127.854869 0.041668
127.896541 0.041673
127.938203 0.041661
127.979868 0.041665
128.021533 0.041665
128.063199 0.041666
128.104866 0.041666
128.146541 0.041675
128.188200 0.041659
128.229869 0.041668
128.271533 0.041665
128.313207 0.041673
128.354867 0.041660
128.396538 0.041671
128.438199 0.041661
128.479869 0.041670
128.521533 0.041664
128.563203 0.041670
128.604868 0.041665
128.646536 0.041668
128.688200 0.041663
128.729868 0.041668
128.771532 0.041665
128.813150 0.041618
128.854866 0.041716
128.896535 0.041669
128.938200 0.041665
128.979867 0.041667
129.021533 0.041666
129.063151 0.041618
129.104868 0.041717
129.146533 0.041665
129.188201 0.041668
129.229870 0.041669
129.271533 0.041663
129.313151 0.041618
129.354867 0.041716
129.396534 0.041667
129.438203 0.041669
129.479870 0.041667
129.521532 0.041662
129.563205 0.041673
129.604867 0.041662
129.646537 0.041670
129.688204 0.041667
129.729871 0.041667
129.771536 0.041665
129.813199 0.041663
129.854870 0.041670
129.896538 0.041668
129.938201 0.041664
129.979869 0.041667
130.021539 0.041670
130.063205 0.041666
130.104866 0.041661
130.146537 0.041671
130.188203 0.041666
130.229866 0.041663
130.271543 0.041677
130.313200 0.041656
130.354870 0.041670
130.396535 0.041665
130.438208 0.041673
130.479866 0.041658
130.521541 0.041676
130.563200 0.041658
130.604871 0.041671
130.646535 0.041664
130.688205 0.041670
130.729869 0.041665
130.771538 0.041669
130.813202 0.041664
130.854875 0.041673
130.896533 0.041658
130.938203 0.041670
130.979867 0.041664
131.021542 0.041674
131.063199 0.041658
131.104874 0.041675
131.146532 0.041658
131.188155 0.041623
131.229866 0.041711
131.271537 0.041671
131.313199 0.041662
131.354874 0.041675
131.396533 0.041658
131.438205 0.041672
131.479866 0.041661
131.521538 0.041672
131.563200 0.041662
131.604869 0.041669
131.646537 0.041668
131.688203 0.041665
131.729869 0.041666
131.771534 0.041664
131.813202 0.041668
131.854871 0.041669
131.896541 0.041670
131.938201 0.041661
131.979871 0.041669
132.021536 0.041665
132.063208 0.041673
132.104870 0.041662
132.146539 0.041669
132.188203 0.041665
132.229872 0.041668
132.271537 0.041665
132.313208 0.041672
132.354870 0.041662
132.396534 0.041664
132.438201 0.041667
132.479868 0.041667
132.521535 0.041667
132.563206 0.041671
132.604867 0.041661
132.646536 0.041669
132.688201 0.041665
132.729869 0.041668
132.771535 0.041666
132.813203 0.041668
132.854867 0.041664
132.896535 0.041668
132.938201 0.041666
132.979869 0.041668
133.021532 0.041663
133.063203 0.041670
133.104867 0.041664
133.146535 0.041667
133.188199 0.041664
133.229870 0.041671
133.271532 0.041663
133.313200 0.041668
133.354865 0.041665
133.396533 0.041668
133.438199 0.041666
133.479868 0.041668
133.521533 0.041665
133.563204 0.041671
133.604866 0.041662
133.646536 0.041670
133.688201 0.041665
133.729869 0.041668
133.771533 0.041665
133.813201 0.041668
133.854867 0.041666
133.896536 0.041669
133.938198 0.041663
133.979869 0.041671
134.021532 0.041663
134.063203 0.041670
134.104866 0.041663
134.146537 0.041671
134.188200 0.041663
134.229868 0.041668
134.271533 0.041666
134.313206 0.041673
134.354867 0.041661
134.396533 0.041666
134.438202 0.041669
134.479868 0.041666
134.521538 0.041669
134.563199 0.041661
134.604869 0.041671
134.646534 0.041664
134.688203 0.041670
134.729867 0.041663
134.771536 0.041670
134.813204 0.041667
134.854870 0.041667
134.896534 0.041664
134.938203 0.041669
134.979866 0.041664
135.021535 0.041669
135.063199 0.041664
135.104868 0.041669
135.146534 0.041666
135.188154 0.041620
135.229866 0.041712
135.271537 0.041671
135.313200 0.041663
135.354871 0.041671
135.396533 0.041662
135.438204 0.041671
135.479867 0.041663
135.521534 0.041667
135.563153 0.041619
135.604873 0.041720
135.646534 0.041661
135.688151 0.041617
135.729867 0.041716
135.771533 0.041667
135.813201 0.041668
135.854876 0.041675
135.896533 0.041656
135.938203 0.041670
135.979866 0.041664
136.021536 0.041670
136.063200 0.041664
136.104867 0.041667
136.146533 0.041666
136.188200 0.041667
136.229870 0.041669
136.271535 0.041666
136.313205 0.041670
136.354866 0.041661
136.396536 0.041670
136.438202 0.041666
136.479868 0.041666
136.521537 0.041669
136.563201 0.041664
136.604867 0.041667
136.646539 0.041671
136.688201 0.041662
136.729871 0.041670
136.771533 0.041662
136.813206 0.041673
136.854867 0.041661
136.896538 0.041671
136.938201 0.041663
136.979872 0.041671
137.021533 0.041661
137.063204 0.041671
137.104867 0.041663
137.146534 0.041668
137.188200 0.041665
137.229874 0.041674
137.271533 0.041659
137.313204 0.041671
137.354867 0.041663
137.396541 0.041675
137.438201 0.041660
137.479871 0.041670
137.521533 0.041662
137.563201 0.041668
137.604872 0.041671
137.646535 0.041663
137.688205 0.041671
137.729866 0.041661
137.771538 0.041672
137.813199 0.041661
137.854867 0.041668
137.896533 0.041666
137.938203 0.041670
137.979866 0.041663
138.021537 0.041671
138.063199 0.041661
138.104872 0.041673
138.146533 0.041661
138.188208 0.041675
138.229867 0.041659
138.271541 0.041675
138.313201 0.041659
138.354874 0.041674
138.396534 0.041659
138.438209 0.041675
138.479866 0.041658
138.521541 0.041675
138.563199 0.041658
138.604875 0.041676
138.646532 0.041658
138.688206 0.041673
138.729869 0.041664
138.771539 0.041670
138.813200 0.041661
138.854868 0.041668
138.896537 0.041669
138.938202 0.041665
138.979873 0.041671
139.021533 0.041660
139.063204 0.041671
139.104866 0.041662
139.146535 0.041669
139.188150 0.041615
139.229875 0.041725
139.271534 0.041659
139.313204 0.041671
139.354867 0.041663
139.396539 0.041672
139.438199 0.041661
139.479872 0.041673
139.521533 0.041661
139.563204 0.041670
139.604867 0.041664
139.646540 0.041672
139.688201 0.041661
139.729869 0.041668
139.771537 0.041668
139.813150 0.041612
139.854869 0.041720
139.896534 0.041665
139.938205 0.041671
139.979866 0.041661
140.021536 0.041670
140.063201 0.041665
140.104870 0.041669
140.146534 0.041664
140.188202 0.041668
140.229866 0.041665
140.271536 0.041669
140.313199 0.041664
140.354869 0.041670
140.396533 0.041664
140.438205 0.041672
140.479866 0.041661
140.521534 0.041668
140.563204 0.041670
140.604866 0.041662
140.646532 0.041666
140.688203 0.041671
140.729869 0.041666
140.779157 0.049287
140.813199 0.034043
140.854867 0.041667
140.896536 0.041670
140.938206 0.041669
140.979870 0.041664
141.021537 0.041667
141.063207 0.041670
141.104871 0.041665
141.146535 0.041664
141.188200 0.041665
141.229866 0.041666
141.271539 0.041673
141.313202 0.041663
141.354866 0.041664
141.396542 0.041676
141.438205 0.041663
141.479868 0.041663
141.521536 0.041668
141.563200 0.041664
141.604873 0.041674
141.646534 0.041660
141.688203 0.041669
141.729871 0.041668
141.771541 0.041670
141.813200 0.041659
141.854874 0.041675
141.896535 0.041660
141.938155 0.041621
141.979868 0.041713
142.021537 0.041669
142.063199 0.041662
142.104874 0.041675
142.146533 0.041659
142.188204 0.041671
142.229866 0.041662
142.271536 0.041671
142.313200 0.041664
142.354870 0.041670
142.396536 0.041665
142.438206 0.041671
142.479866 0.041660
142.521539 0.041672
142.563200 0.041661
142.604873 0.041673
142.646532 0.041659
142.688206 0.041674
142.729866 0.041660
142.771537 0.041671
142.813200 0.041663
142.854866 0.041666
142.896537 0.041671
142.938150 0.041613
142.979871 0.041721
143.021533 0.041661
143.063200 0.041667
143.104867 0.041667
143.146538 0.041671
143.188200 0.041662
143.229874 0.041674
143.271536 0.041662
143.313201 0.041665
143.354866 0.041665
143.396538 0.041672
143.438200 0.041662
143.479869 0.041669
143.521533 0.041664
143.563209 0.041676
143.604868 0.041659
143.646540 0.041672
143.688200 0.041660
143.729869 0.041669
143.771535 0.041666
143.813201 0.041666
143.854867 0.041666
143.896537 0.041670
143.938201 0.041664
143.979868 0.041667
144.021533 0.041665
144.063201 0.041669
144.104868 0.041666
144.146535 0.041667
144.188200 0.041665
144.229867 0.041667
144.271533 0.041666
144.313201 0.041668
144.354866 0.041665
144.396531 0.041664
144.438200 0.041669
144.479868 0.041668
144.521534 0.041666
144.563200 0.041667
144.604867 0.041666
144.646533 0.041667
144.688201 0.041667
144.729869 0.041668
144.771533 0.041664
144.813203 0.041670
144.854867 0.041664
144.896534 0.041667
144.938199 0.041665
144.979867 0.041668
145.021533 0.041666
145.063154 0.041621
145.104868 0.041714
145.146536 0.041668
145.188200 0.041665
145.229865 0.041665
145.271533 0.041668
145.313199 0.041666
145.354867 0.041668
145.396484 0.041617
145.438200 0.041716
145.479876 0.041676
145.521534 0.041658
145.563200 0.041667
145.604875 0.041674
145.646536 0.041661
145.688206 0.041670
145.729866 0.041660
145.771535 0.041669
145.813201 0.041666
145.854869 0.041668
145.896534 0.041665
145.938152 0.041618
145.979866 0.041714
146.021537 0.041671
146.063200 0.041662
146.104868 0.041668
146.146532 0.041665
146.188152 0.041619
146.229866 0.041715
146.271534 0.041668
146.313200 0.041666
146.354869 0.041670
146.396533 0.041663
146.438152 0.041619
146.479868 0.041716
146.521534 0.041665
146.563200 0.041667
146.604867 0.041667
146.646535 0.041668
146.688153 0.041618
146.729867 0.041714
146.771487 0.041621
146.813201 0.041714
146.854871 0.041669
146.896536 0.041665
146.938155 0.041619
146.979867 0.041712
147.021538 0.041671
147.063199 0.041661
147.104869 0.041670
147.146533 0.041664
147.188205 0.041672
147.229866 0.041661
147.271538 0.041672
147.313150 0.041612
147.354871 0.041721
147.396483 0.041612
147.438150 0.041667
147.479871 0.041721
147.521534 0.041663
147.563205 0.041671
147.604867 0.041662
147.646540 0.041673
147.688201 0.041662
147.729871 0.041670
147.771532 0.041661
147.813205 0.041673
147.854867 0.041662
147.896538 0.041671
147.938200 0.041661
147.979872 0.041672
148.021533 0.041661
148.063204 0.041672
148.104866 0.041662
148.146538 0.041671
148.188200 0.041662
148.229871 0.041671
148.271533 0.041662
148.313206 0.041673
148.354866 0.041660
148.396537 0.041671
148.438200 0.041663
148.479870 0.041671
148.521535 0.041665
148.563204 0.041669
148.604867 0.041662
148.646540 0.041674
148.688201 0.041661
148.729871 0.041670
148.771532 0.041662
148.813206 0.041674
148.854866 0.041660
148.896538 0.041671
148.938150 0.041612
148.979872 0.041722
149.021533 0.041662
149.063155 0.041622
149.104868 0.041713
149.146537 0.041669
149.188199 0.041662
149.229871 0.041672
149.271533 0.041662
149.313207 0.041674
149.354866 0.041659
149.396538 0.041672
149.438200 0.041662
149.479872 0.041672
149.521484 0.041612
149.563200 0.041716
149.604873 0.041673
149.646534 0.041661
149.688205 0.041671
149.729866 0.041661
149.771538 0.041672
149.813199 0.041660
149.854872 0.041674
149.896538 0.041666
149.938204 0.041666
149.979872 0.041668
150.021538 0.041665
150.063156 0.041618
150.104871 0.041715
150.146534 0.041662
150.188200 0.041666
150.229871 0.041671
150.271532 0.041661
150.313201 0.041669
150.354870 0.041669
150.396532 0.041662
150.438206 0.041674
150.479874 0.041668
150.521541 0.041667
150.563200 0.041659
150.604866 0.041667
150.646537 0.041670
150.688201 0.041665
150.729867 0.041666
150.771535 0.041667
150.813208 0.041673
150.854874 0.041667
150.896536 0.041662
150.938199 0.041664
150.979868 0.041668
151.021534 0.041667
151.063201 0.041666
151.104871 0.041671
151.146538 0.041667
151.188151 0.041614
151.229866 0.041715
151.271536 0.041670
151.313202 0.041666
151.354870 0.041668
151.396535 0.041665
151.438202 0.041667
151.479870 0.041668
151.521538 0.041669
151.563150 0.041611
151.604869 0.041720
151.646538 0.041669
151.688154 0.041616
151.729867 0.041713
151.771537 0.041670
151.813200 0.041663
151.854867 0.041667
151.896538 0.041671
151.938150 0.041612
151.979870 0.041720
152.021538 0.041668
152.063200 0.041662
152.104870 0.041670
152.146533 0.041663
152.188204 0.041671
152.229869 0.041665
152.271537 0.041668
152.313156 0.041619
152.354870 0.041715
152.396533 0.041662
152.438154 0.041622
152.479869 0.041714
152.521537 0.041668
152.563202 0.041665
152.604872 0.041670
152.646532 0.041660
152.688154 0.041622
152.729866 0.041712
152.771533 0.041668
152.813205 0.041671
152.854867 0.041662
152.896487 0.041621
152.938201 0.041713
152.979868 0.041668
153.021536 0.041667
153.063200 0.041664
153.104869 0.041670
153.146536 0.041667
153.188150 0.041614
153.229871 0.041721
153.271534 0.041663
153.313201 0.041667
153.354869 0.041669
153.396540 0.041671
153.438207 0.041667
153.479866 0.041659
153.521538 0.041672
153.563204 0.041666
153.604869 0.041665
153.646532 0.041663
153.688204 0.041672
153.729866 0.041662
153.771536 0.041669
153.813200 0.041664
153.854870 0.041670
153.896533 0.041663
153.938202 0.041668
153.979866 0.041664
154.021538 0.041673
154.063204 0.041665
154.104872 0.041669
154.146535 0.041663
154.188205 0.041670
154.229869 0.041664
154.271535 0.041666
154.313203 0.041668
154.354871 0.041668
154.396536 0.041664
154.438206 0.041670
154.479870 0.041664
154.521534 0.041665
154.563200 0.041665
154.604874 0.041675
154.646542 0.041668
154.688199 0.041657
154.729873 0.041674
154.771545 0.041672
154.813202 0.041657
154.854870 0.041668
154.896539 0.041669
154.938207 0.041668
154.979874 0.041667
