0.045822 0.045822
0.059824 0.014003
0.077492 0.017668
0.097516 0.020024
0.117562 0.020046
0.137527 0.019965
0.157529 0.020002
0.177546 0.020016
0.197510 0.019964
0.217524 0.020015
0.237522 0.019998
0.257524 0.020001
0.277515 0.019991
0.297528 0.020013
0.317530 0.020002
0.337491 0.019961
0.357554 0.020063
0.377543 0.019989
0.397517 0.019974
0.417520 0.020003
0.437562 0.020042
0.457509 0.019946
0.477525 0.020016
0.497562 0.020037
0.517523 0.019961
0.537523 0.019999
0.557523 0.020000
0.577526 0.020003
0.597467 0.019941
0.617527 0.020060
0.637493 0.019966
0.657556 0.020063
0.677542 0.019986
0.697544 0.020002
0.717548 0.020004
0.737557 0.020009
0.757557 0.019999
0.777556 0.019999
0.797485 0.019929
0.817487 0.020002
0.891659 0.074172
0.981149 0.089490
0.997479 0.016330
1.121665 0.124185
1.215767 0.094103
1.270713 0.054945
1.315922 0.045209
1.375567 0.059646
1.528140 0.152572
1.611372 0.083232
1.657128 0.045756
1.742447 0.085319
1.807397 0.064950
1.863890 0.056493
1.967302 0.103412
2.017001 0.049699
2.102729 0.085727
2.198091 0.095362
2.305583 0.107493
2.380983 0.075400
2.451469 0.070486
2.495702 0.044233
2.557218 0.061516
2.605599 0.048381
2.654744 0.049145
2.782090 0.127346
2.855236 0.073146
2.893051 0.037815
3.029052 0.136001
3.093662 0.064610
3.135302 0.041640
3.195561 0.060259
3.336896 0.141336
3.382265 0.045369
3.472138 0.089873
3.533677 0.061539
3.567275 0.033598
3.709297 0.142022
3.807504 0.098208
3.817481 0.009977
3.927947 0.110466
3.980616 0.052669
4.030565 0.049948
4.163521 0.132957
4.208599 0.045078
4.218921 0.010322
4.401462 0.182541
4.467663 0.066200
4.525354 0.057691
4.594419 0.069065
4.710365 0.115946
4.806576 0.096212
4.878241 0.071664
4.912231 0.033991
4.965735 0.053503
5.138093 0.172358
5.175781 0.037688
5.197483 0.021703
5.259772 0.062289
5.327006 0.067234
5.486732 0.159726
5.533344 0.046611
5.581312 0.047968
5.619367 0.038056
5.719755 0.100388
5.812752 0.092996
5.872165 0.059413
5.991211 0.119046
6.024584 0.033373
6.107867 0.083283
6.183068 0.075202
6.291151 0.108083
6.336674 0.045523
6.463620 0.126946
6.564232 0.100612
6.577481 0.013249
6.688256 0.110775
6.755479 0.067223
6.796418 0.040939
6.912926 0.116508
6.967469 0.054543
7.070984 0.103515
7.124024 0.053040
7.253824 0.129800
7.277484 0.023660
7.375320 0.097836
7.385681 0.010361
7.541015 0.155334
7.632303 0.091288
7.657485 0.025182
7.739069 0.081584
7.841167 0.102098
7.940243 0.099076
7.957482 0.017239
8.047009 0.089527
8.166614 0.119606
8.212460 0.045846
8.237484 0.025024
8.332831 0.095347
8.385087 0.052256
8.515312 0.130226
8.565428 0.050116
8.639211 0.073783
8.692776 0.053565
8.831173 0.138397
8.881438 0.050265
8.947885 0.066446
8.962763 0.014879
9.104278 0.141514
9.195893 0.091615
9.225860 0.029967
9.273206 0.047346
9.462511 0.189305
9.512509 0.049998
9.594283 0.081773
9.639220 0.044937
9.770580 0.131360
9.777667 0.007086
9.863276 0.085609
9.963089 0.099813
10.097884 0.134795
10.139066 0.041182
10.192413 0.053347
10.323763 0.131350
10.410706 0.086943
10.451992 0.041286
10.497403 0.045411
10.623843 0.126440
10.703547 0.079704
10.765385 0.061838
10.838364 0.072979
10.955693 0.117330
10.977485 0.021792
11.083746 0.106261
11.215171 0.131425
11.279573 0.064402
11.325423 0.045850
11.414440 0.089017
11.469585 0.055145
11.588402 0.118817
11.643550 0.055148
11.695154 0.051604
11.798919 0.103765
11.933806 0.134888
12.010323 0.076517
12.078308 0.067984
12.130697 0.052389
12.234898 0.104201
12.301591 0.066693
12.387740 0.086150
12.398024 0.010284
12.567743 0.169719
12.647744 0.080001
12.689557 0.041813
12.762816 0.073259
12.873379 0.110562
12.964308 0.090929
13.031033 0.066726
13.063285 0.032252
13.214247 0.150961
13.281574 0.067327
13.347068 0.065494
13.384259 0.037191
13.488925 0.104666
13.595794 0.106870
13.617484 0.021689
13.712329 0.094845
13.849921 0.137592
13.896757 0.046836
13.971970 0.075213
14.035326 0.063357
14.134027 0.098700
14.224765 0.090738
14.273769 0.049004
14.340957 0.067188
14.475755 0.134798
14.540689 0.064934
14.618838 0.078149
14.664460 0.045622
14.743436 0.078976
14.804484 0.061048
14.926845 0.122361
14.975418 0.048573
15.046130 0.070711
15.174359 0.128229
15.229419 0.055060
15.293137 0.063717
15.374928 0.081791
15.466435 0.091507
15.576485 0.110050
15.648261 0.071776
15.734267 0.086005
15.797807 0.063541
15.817482 0.019675
15.947951 0.130469
15.957839 0.009888
16.070631 0.112792
16.210636 0.140004
16.260853 0.050218
16.350655 0.089802
16.387337 0.036682
16.512946 0.125609
16.589287 0.076341
16.679143 0.089856
16.724902 0.045759
16.798893 0.073991
16.849306 0.050413
17.087095 0.237789
17.226860 0.139766
17.273556 0.046696
17.318869 0.045313
17.379358 0.060489
17.524724 0.145366
17.570399 0.045675
17.659149 0.088750
17.712074 0.052925
17.838998 0.126924
17.876551 0.037554
17.983197 0.106646
18.055512 0.072315
18.112303 0.056791
18.178757 0.066454
18.265143 0.086387
18.341365 0.076222
18.379490 0.038124
18.479362 0.099872
18.565729 0.086367
18.637346 0.071617
18.715176 0.077830
18.774726 0.059550
18.865644 0.090918
18.959860 0.094216
19.020270 0.060409
19.065692 0.045422
19.198935 0.133243
19.240367 0.041433
19.314152 0.073785
19.439000 0.124848
19.457487 0.018487
19.559211 0.101725
19.619678 0.060466
19.714598 0.094921
19.812353 0.097755
19.853807 0.041453
19.899198 0.045391
20.037391 0.138193
20.126436 0.089046
20.137480 0.011044
20.241650 0.104170
20.318118 0.076468
20.380730 0.062612
20.473585 0.092855
20.518587 0.045002
20.615102 0.096515
20.665088 0.049985
20.788381 0.123293
20.832562 0.044181
20.926601 0.094039
21.031726 0.105125
21.077963 0.046237
21.167854 0.089891
21.237930 0.070077
21.328195 0.090265
21.386569 0.058374
21.439596 0.053026
21.559567 0.119972
21.644256 0.084689
21.705330 0.061074
21.762833 0.057503
21.857745 0.094911
21.943625 0.085880
21.992929 0.049304
22.072212 0.079283
22.186109 0.113897
22.197486 0.011377
22.247035 0.049549
22.430072 0.183037
22.475594 0.045522
22.524297 0.048703
22.610780 0.086484
22.651790 0.041010
22.755300 0.103510
22.844046 0.088746
22.899282 0.055236
22.956437 0.057155
23.091113 0.134676
23.145127 0.054014
23.199190 0.054063
23.287737 0.088547
23.395030 0.107293
23.496178 0.101148
23.562960 0.066782
23.604678 0.041718
23.748317 0.143639
23.800199 0.051882
23.817486 0.017288
23.947856 0.130370
23.989152 0.041296
24.121212 0.132060
24.155062 0.033851
24.215666 0.060604
24.399132 0.183466
24.479015 0.079883
24.531428 0.052413
24.572891 0.041463
24.720785 0.147895
24.776961 0.056176
24.797482 0.020520
24.915565 0.118083
25.029276 0.113711
25.126728 0.097452
25.179990 0.053262
25.238967 0.058977
25.296255 0.057288
25.439488 0.143233
25.510935 0.071447
25.556250 0.045315
25.606834 0.050584
25.688605 0.081771
25.777254 0.088650
25.902390 0.125135
25.955906 0.053516
25.977484 0.021578
26.071437 0.093953
26.209373 0.137936
26.266426 0.057053
26.277480 0.011054
26.349188 0.071707
26.440668 0.091481
26.530409 0.089740
26.571122 0.040714
26.610347 0.039224
26.737646 0.127300
26.787142 0.049495
26.797487 0.010345
26.894298 0.096811
26.957867 0.063569
27.081484 0.123617
27.097482 0.015998
27.182453 0.084971
27.261151 0.078698
27.310197 0.049046
27.356893 0.046696
27.401584 0.044691
27.511085 0.109501
27.517483 0.006398
27.649002 0.131519
27.722935 0.073933
27.737485 0.014550
27.827528 0.090043
27.880262 0.052734
27.897484 0.017222
28.001022 0.103538
28.078719 0.077698
28.134888 0.056168
28.190876 0.055988
28.242593 0.051717
28.300502 0.057909
28.349470 0.048968
28.382031 0.032561
28.437752 0.055721
28.473891 0.036139
28.524961 0.051071
28.589997 0.065036
28.722233 0.132236
28.737484 0.015251
28.781081 0.043596
28.829971 0.048891
28.880896 0.050924
28.930712 0.049816
29.048771 0.118059
29.103577 0.054805
29.118718 0.015141
29.214717 0.095999
29.267032 0.052316
29.297537 0.030505
29.317483 0.019946
29.358228 0.040744
29.473837 0.115609
29.555402 0.081564
29.603835 0.048434
29.617645 0.013809
29.665917 0.048273
29.709014 0.043097
29.797711 0.088697
29.833245 0.035533
29.893341 0.060096
29.983732 0.090392
30.079341 0.095609
30.097488 0.018147
30.137445 0.039957
30.185008 0.047563
30.199332 0.014324
30.261273 0.061941
30.317125 0.055852
30.442216 0.125091
30.457479 0.015263
30.484960 0.027482
30.525249 0.040289
30.616733 0.091484
30.637481 0.020748
30.726166 0.088686
30.740252 0.014086
30.781559 0.041307
30.840661 0.059102
30.916494 0.075834
30.977697 0.061202
31.037964 0.060267
31.057481 0.019517
31.096732 0.039251
31.117484 0.020752
31.216818 0.099334
31.260612 0.043795
31.277482 0.016870
31.337772 0.060289
31.395436 0.057665
31.435018 0.039581
31.514527 0.079510
31.554512 0.039985
31.595158 0.040647
31.650150 0.054991
31.658872 0.008722
31.701607 0.042735
31.735894 0.034286
31.809873 0.073979
31.841717 0.031844
31.889697 0.047980
31.964684 0.074987
31.978298 0.013613
32.052549 0.074251
32.091994 0.039445
32.149094 0.057100
32.177483 0.028389
32.201586 0.024103
32.217483 0.015897
32.346441 0.128958
32.391191 0.044749
32.435415 0.044224
32.457484 0.022069
32.493727 0.036243
32.541420 0.047693
32.557486 0.016066
32.638404 0.080918
32.687729 0.049325
32.697485 0.009756
32.745201 0.047716
32.757486 0.012285
32.817345 0.059859
32.946756 0.129411
32.958822 0.012065
32.999808 0.040987
33.017486 0.017678
33.061312 0.043826
33.077480 0.016167
33.145511 0.068031
33.157487 0.011976
33.212975 0.055488
33.257198 0.044223
33.277484 0.020286
33.309318 0.031834
33.322313 0.012995
33.369684 0.047371
33.397485 0.027800
