0.040277 0.040277
0.069004 0.028727
0.106597 0.037593
0.148191 0.041594
0.189923 0.041732
0.231546 0.041623
0.273256 0.041710
0.314856 0.041599
0.356542 0.041686
0.398204 0.041662
0.439877 0.041673
0.481587 0.041709
0.523218 0.041632
0.564884 0.041666
0.606543 0.041659
0.648252 0.041709
0.689871 0.041619
0.731588 0.041716
0.773160 0.041572
0.814884 0.041725
0.856589 0.041705
0.898251 0.041662
0.939856 0.041605
0.981520 0.041664
1.023178 0.041659
1.064847 0.041669
1.106513 0.041666
1.148180 0.041667
1.189846 0.041666
1.231511 0.041666
1.273179 0.041668
1.314845 0.041665
1.356513 0.041669
1.398179 0.041665
1.439845 0.041666
1.481514 0.041669
1.523179 0.041665
1.564850 0.041671
1.606512 0.041663
1.648179 0.041667
1.689846 0.041667
1.731511 0.041665
1.773178 0.041666
1.814845 0.041668
1.856513 0.041667
1.898178 0.041666
1.939845 0.041667
1.981511 0.041665
2.023178 0.041667
2.064846 0.041668
2.106512 0.041666
2.148179 0.041667
2.189847 0.041669
2.231512 0.041664
2.273179 0.041667
2.314846 0.041667
2.356512 0.041666
2.398178 0.041666
2.439846 0.041668
2.481517 0.041671
2.523182 0.041665
2.564847 0.041665
2.606514 0.041667
2.648182 0.041669
2.689848 0.041665
2.731514 0.041666
2.773182 0.041668
2.814848 0.041666
2.856513 0.041666
2.898180 0.041666
2.939845 0.041666
2.981512 0.041667
3.023179 0.041666
3.064845 0.041666
3.106513 0.041668
3.148180 0.041667
3.189845 0.041665
3.231512 0.041667
3.273178 0.041666
3.314844 0.041666
3.356512 0.041668
3.398181 0.041669
3.439846 0.041665
3.481512 0.041666
3.523179 0.041667
3.564845 0.041665
3.606511 0.041667
3.648178 0.041667
3.689846 0.041667
3.731513 0.041667
3.773178 0.041665
3.814845 0.041667
3.856513 0.041668
3.898180 0.041667
3.939845 0.041665
3.981514 0.041669
4.023178 0.041664
4.064846 0.041667
4.106512 0.041666
4.148179 0.041667
4.189846 0.041667
4.231515 0.041668
4.273179 0.041665
4.314845 0.041666
4.356512 0.041666
4.398179 0.041668
4.439846 0.041666
4.481512 0.041667
4.523180 0.041667
4.564846 0.041666
4.606513 0.041667
4.648180 0.041666
4.689845 0.041666
4.731511 0.041665
4.773179 0.041668
4.814844 0.041665
4.856512 0.041667
4.898179 0.041667
4.939846 0.041666
4.981521 0.041675
5.023180 0.041659
5.064849 0.041670
5.106513 0.041664
5.148178 0.041665
5.189847 0.041668
5.231512 0.041665
5.273179 0.041667
5.314845 0.041666
5.356512 0.041668
5.398178 0.041666
5.439846 0.041668
5.481512 0.041666
5.523179 0.041668
5.564846 0.041666
5.606512 0.041666
5.648179 0.041667
5.689845 0.041666
5.731511 0.041666
5.773184 0.041673
5.814847 0.041663
5.856514 0.041667
5.898179 0.041665
5.939845 0.041666
5.981513 0.041668
6.023178 0.041666
6.064846 0.041668
6.106512 0.041666
6.148184 0.041672
6.189846 0.041662
6.231517 0.041671
6.273179 0.041662
6.314844 0.041665
6.356514 0.041669
6.398179 0.041665
6.439848 0.041669
6.481512 0.041664
6.523178 0.041667
6.564845 0.041666
6.606511 0.041666
6.648178 0.041667
6.689844 0.041666
6.731510 0.041666
6.773178 0.041668
6.814844 0.041666
6.856512 0.041667
6.898179 0.041667
6.939845 0.041666
6.981515 0.041670
7.023178 0.041663
7.064845 0.041667
7.106511 0.041666
7.148178 0.041667
7.189845 0.041667
7.231511 0.041666
7.273178 0.041667
7.314846 0.041668
7.356513 0.041667
7.398178 0.041665
7.439847 0.041669
7.481511 0.041664
7.523179 0.041668
7.564846 0.041667
7.606513 0.041667
7.648180 0.041667
7.689846 0.041666
7.731513 0.041668
7.773178 0.041665
7.814846 0.041668
7.856512 0.041666
7.898177 0.041665
7.939845 0.041667
7.981512 0.041667
8.023179 0.041667
8.064846 0.041667
8.106512 0.041666
8.148180 0.041667
8.189848 0.041668
8.231512 0.041665
8.273179 0.041667
8.314845 0.041667
8.356512 0.041666
8.398177 0.041665
8.439845 0.041668
8.481511 0.041665
8.523178 0.041667
8.564845 0.041667
8.606512 0.041667
8.648178 0.041666
8.689844 0.041666
8.731510 0.041666
8.773180 0.041670
8.814845 0.041665
8.856513 0.041667
8.898179 0.041667
8.939845 0.041666
8.981513 0.041667
9.023179 0.041666
9.064845 0.041666
9.106512 0.041667
9.148179 0.041667
9.189846 0.041667
9.231512 0.041666
9.273178 0.041666
9.314847 0.041669
9.356512 0.041665
9.398182 0.041670
9.439845 0.041663
9.481511 0.041666
9.523179 0.041667
9.564845 0.041667
9.606512 0.041667
9.648180 0.041668
9.689846 0.041666
9.731512 0.041666
9.773179 0.041667
9.814846 0.041666
9.856513 0.041667
9.898178 0.041666
9.939845 0.041666
9.981515 0.041671
10.023179 0.041663
10.064846 0.041668
10.106513 0.041667
10.148178 0.041665
10.189845 0.041667
10.231511 0.041666
10.273179 0.041668
10.314844 0.041665
10.356512 0.041668
10.398179 0.041667
10.439847 0.041667
10.481513 0.041667
10.523179 0.041666
10.564846 0.041667
10.606514 0.041668
10.648179 0.041666
10.689845 0.041666
10.731513 0.041667
10.773178 0.041666
10.814845 0.041667
10.856512 0.041667
10.898180 0.041667
10.939845 0.041666
10.981512 0.041667
11.023178 0.041666
11.064846 0.041668
11.106512 0.041666
11.148179 0.041667
11.189845 0.041665
11.231512 0.041667
11.273181 0.041669
11.314847 0.041666
11.356513 0.041666
11.398178 0.041666
11.439844 0.041666
11.481512 0.041668
11.523178 0.041666
11.564846 0.041668
11.606512 0.041666
11.648179 0.041667
11.689845 0.041666
11.731512 0.041667
11.773179 0.041666
11.814845 0.041666
11.856513 0.041669
11.898179 0.041666
11.939845 0.041666
11.981512 0.041666
12.023178 0.041667
12.064847 0.041668
12.106514 0.041667
12.148179 0.041665
12.189844 0.041665
12.231513 0.041668
12.273177 0.041665
12.314845 0.041668
12.356511 0.041667
12.398179 0.041667
12.439846 0.041668
12.481513 0.041667
12.523179 0.041666
12.564846 0.041667
12.606511 0.041666
12.648179 0.041668
12.689847 0.041667
12.731513 0.041666
12.773179 0.041666
12.814847 0.041668
12.856512 0.041666
12.898179 0.041667
12.939846 0.041666
12.981511 0.041666
13.023178 0.041667
13.064846 0.041668
13.106510 0.041664
13.148180 0.041669
13.189845 0.041665
13.231512 0.041667
13.273179 0.041667
13.314845 0.041666
13.356510 0.041665
13.398178 0.041667
13.439844 0.041666
13.481512 0.041668
13.523178 0.041666
13.564845 0.041667
13.606512 0.041666
13.648180 0.041668
13.689844 0.041665
13.731513 0.041669
13.773178 0.041665
13.814845 0.041668
13.856512 0.041667
13.898179 0.041667
13.939845 0.041666
13.981512 0.041666
14.023179 0.041667
14.064847 0.041668
14.106513 0.041666
14.148179 0.041666
14.189846 0.041667
14.231512 0.041666
14.273179 0.041666
14.314845 0.041666
14.356512 0.041667
14.398179 0.041667
14.439846 0.041667
14.481512 0.041666
14.523134 0.041622
14.564846 0.041712
14.606512 0.041667
14.648179 0.041667
14.689846 0.041666
14.731512 0.041666
14.773179 0.041668
14.814846 0.041666
14.856514 0.041668
14.898179 0.041666
14.939844 0.041665
14.981513 0.041669
15.023178 0.041665
15.064846 0.041668
15.106511 0.041666
15.148179 0.041668
15.189846 0.041667
15.231513 0.041666
15.273179 0.041667
15.314845 0.041665
15.356512 0.041667
15.398179 0.041667
15.439845 0.041666
15.481512 0.041668
15.523178 0.041665
15.564846 0.041669
15.606512 0.041666
15.648180 0.041668
15.689845 0.041665
15.731511 0.041665
15.773178 0.041668
15.814844 0.041666
15.856512 0.041668
15.898179 0.041667
15.939845 0.041666
15.981512 0.041667
16.023178 0.041666
16.064846 0.041668
16.106496 0.041651
16.148179 0.041682
16.189845 0.041666
16.231513 0.041668
16.273179 0.041666
16.314845 0.041667
16.356513 0.041668
16.398179 0.041666
16.439845 0.041666
16.481511 0.041666
16.523178 0.041667
16.564846 0.041668
16.606512 0.041666
16.648180 0.041668
16.689844 0.041665
16.731513 0.041669
16.773181 0.041667
16.814845 0.041664
16.856512 0.041667
16.898178 0.041666
16.939845 0.041667
16.981512 0.041666
17.023179 0.041667
17.064846 0.041667
17.106512 0.041666
17.148178 0.041667
17.189845 0.041667
17.231512 0.041667
17.273178 0.041666
17.314845 0.041667
17.356513 0.041667
17.398179 0.041666
17.439845 0.041666
17.481512 0.041668
17.523180 0.041668
17.564846 0.041666
17.606513 0.041666
17.648174 0.041661
17.689845 0.041671
17.731512 0.041667
17.773179 0.041667
17.814845 0.041665
17.856513 0.041669
17.898181 0.041668
17.939846 0.041665
17.981512 0.041667
18.023179 0.041667
18.064845 0.041667
18.106512 0.041667
18.148179 0.041667
18.189846 0.041667
18.231512 0.041666
18.273180 0.041668
18.314846 0.041666
18.356512 0.041666
18.398180 0.041667
18.439844 0.041665
18.481511 0.041667
18.523179 0.041668
18.564845 0.041666
18.606512 0.041667
18.648180 0.041668
18.689847 0.041667
18.731512 0.041666
18.773180 0.041667
18.814846 0.041667
18.856512 0.041666
18.898179 0.041667
18.939845 0.041666
18.981512 0.041667
19.023179 0.041667
19.064845 0.041666
19.106513 0.041667
19.148178 0.041665
19.189846 0.041668
19.231511 0.041665
19.273179 0.041668
19.314846 0.041667
19.356512 0.041666
19.398178 0.041667
19.439845 0.041667
19.481512 0.041667
19.523180 0.041667
19.564847 0.041667
19.606512 0.041665
19.648180 0.041668
19.689846 0.041666
19.731512 0.041666
19.773178 0.041667
19.814845 0.041667
19.856514 0.041669
19.898180 0.041666
19.939845 0.041666
19.981514 0.041669
20.023178 0.041664
20.064846 0.041668
20.106512 0.041666
20.148179 0.041667
20.189845 0.041666
20.231512 0.041667
20.273180 0.041668
20.314846 0.041666
20.356513 0.041667
20.398178 0.041665
20.439847 0.041670
20.481512 0.041665
20.523179 0.041666
20.564845 0.041667
20.606511 0.041666
20.648182 0.041670
20.689845 0.041663
20.731511 0.041667
20.773179 0.041667
20.814844 0.041666
20.856513 0.041668
20.898180 0.041667
20.939844 0.041664
20.981511 0.041667
21.023177 0.041666
21.064846 0.041669
21.106511 0.041665
21.148178 0.041667
21.189845 0.041667
21.231512 0.041667
21.273180 0.041668
21.314845 0.041665
21.356511 0.041667
21.398179 0.041667
21.439844 0.041665
21.481512 0.041669
21.523179 0.041666
21.564846 0.041668
21.606512 0.041665
21.648179 0.041667
21.689845 0.041666
21.731512 0.041666
21.773178 0.041667
21.814847 0.041669
21.856512 0.041666
21.898178 0.041665
21.939846 0.041668
21.981510 0.041664
22.023178 0.041668
22.064846 0.041668
22.106511 0.041665
22.148179 0.041668
22.189844 0.041666
22.231512 0.041667
22.273179 0.041668
22.314845 0.041665
22.356511 0.041667
22.398178 0.041667
22.439845 0.041667
22.481512 0.041667
22.523178 0.041666
22.564846 0.041667
22.606512 0.041667
22.648180 0.041668
22.689845 0.041665
22.731512 0.041667
22.773179 0.041667
22.814844 0.041665
22.856512 0.041668
22.898179 0.041667
22.939846 0.041667
22.981512 0.041666
23.023179 0.041667
23.064846 0.041667
23.106511 0.041665
23.148178 0.041667
23.189845 0.041667
23.231512 0.041667
23.273179 0.041667
23.314845 0.041667
23.356513 0.041668
23.398180 0.041667
23.439846 0.041666
23.481513 0.041667
23.523179 0.041667
23.564846 0.041667
23.606513 0.041667
23.648178 0.041665
23.689845 0.041667
23.731512 0.041666
23.773179 0.041667
23.814845 0.041666
23.856514 0.041668
23.898178 0.041665
23.939845 0.041667
23.981512 0.041667
24.023177 0.041665
24.064843 0.041666
24.106510 0.041667
24.148177 0.041667
24.189845 0.041667
24.231512 0.041667
24.273178 0.041667
24.314844 0.041666
24.356513 0.041668
24.398180 0.041667
24.439844 0.041664
24.481512 0.041668
24.523178 0.041666
24.564846 0.041668
24.606511 0.041665
24.648179 0.041668
24.689845 0.041665
24.731511 0.041666
24.773179 0.041668
24.814845 0.041666
24.856513 0.041668
24.898177 0.041664
24.939845 0.041668
24.981513 0.041668
25.023179 0.041666
25.064845 0.041666
25.106511 0.041665
25.148179 0.041668
25.189845 0.041666
25.231512 0.041667
25.273179 0.041667
25.314845 0.041666
25.356512 0.041667
25.398180 0.041668
25.439846 0.041666
25.481513 0.041667
25.523178 0.041665
25.564846 0.041668
25.606512 0.041666
25.648179 0.041667
25.689845 0.041666
25.731512 0.041667
25.773179 0.041667
25.814846 0.041667
25.856514 0.041668
25.898178 0.041664
25.939845 0.041667
25.981512 0.041667
26.023178 0.041666
26.064846 0.041668
26.106510 0.041664
26.148179 0.041669
26.189846 0.041668
26.231512 0.041665
26.273180 0.041669
26.314845 0.041665
26.356513 0.041668
26.398179 0.041666
26.439845 0.041666
26.481511 0.041666
26.523179 0.041667
26.564846 0.041667
26.606512 0.041666
26.648178 0.041666
26.689845 0.041667
26.731512 0.041667
26.773180 0.041668
26.814845 0.041666
26.856513 0.041667
26.898179 0.041666
26.939846 0.041667
26.981512 0.041667
27.023179 0.041667
27.064845 0.041666
27.106511 0.041666
27.148177 0.041666
27.189845 0.041667
27.231514 0.041669
27.273178 0.041665
27.314846 0.041667
27.356513 0.041667
27.398178 0.041665
27.439845 0.041667
27.481512 0.041667
27.523157 0.041645
27.564845 0.041688
27.606512 0.041667
27.648179 0.041667
27.689845 0.041666
27.731514 0.041669
27.773180 0.041666
27.814846 0.041666
27.856512 0.041666
27.898179 0.041667
27.939845 0.041666
27.981512 0.041667
28.023179 0.041667
28.064846 0.041667
28.106514 0.041668
28.148178 0.041664
28.189846 0.041668
28.231511 0.041666
28.273178 0.041667
28.314855 0.041677
28.356512 0.041657
28.398179 0.041666
28.439846 0.041667
28.481513 0.041668
28.523179 0.041665
28.564846 0.041667
28.606513 0.041667
28.648179 0.041665
28.689846 0.041667
28.731512 0.041666
28.773178 0.041667
28.814846 0.041668
28.856514 0.041668
28.898179 0.041666
28.939845 0.041665
28.981512 0.041668
29.023178 0.041665
29.064846 0.041668
29.106512 0.041666
29.148178 0.041666
29.189844 0.041666
29.231513 0.041668
29.273180 0.041668
29.314847 0.041666
29.356512 0.041666
29.398179 0.041666
29.439844 0.041666
29.481512 0.041668
29.523178 0.041666
29.564846 0.041668
29.606512 0.041665
29.648178 0.041666
29.689846 0.041668
29.731513 0.041667
29.773179 0.041667
29.814844 0.041665
29.856514 0.041670
29.898179 0.041665
29.939845 0.041666
29.981512 0.041667
30.023178 0.041666
30.064846 0.041668
30.106512 0.041666
30.148179 0.041667
30.189845 0.041666
30.231511 0.041666
30.273179 0.041668
30.314846 0.041667
30.356512 0.041666
30.398179 0.041667
30.439846 0.041667
30.481513 0.041668
30.523180 0.041666
30.564846 0.041666
30.606512 0.041666
30.648179 0.041667
30.689846 0.041667
30.731512 0.041666
30.773179 0.041667
30.814845 0.041666
30.856515 0.041670
30.898180 0.041665
30.939846 0.041666
30.981511 0.041666
31.023196 0.041685
31.064846 0.041650
31.106512 0.041666
31.148179 0.041667
31.189844 0.041665
31.231512 0.041668
31.273179 0.041668
31.314846 0.041666
31.356512 0.041666
31.398178 0.041666
31.439846 0.041667
31.481512 0.041667
31.523179 0.041666
31.564846 0.041667
31.606511 0.041666
31.648179 0.041668
31.689845 0.041666
31.731512 0.041667
31.773178 0.041666
31.814846 0.041668
31.856513 0.041667
31.898178 0.041666
31.939845 0.041666
31.981512 0.041667
32.023179 0.041667
32.064846 0.041667
32.106511 0.041665
32.148177 0.041666
32.189845 0.041668
32.231511 0.041666
32.273179 0.041668
32.314845 0.041666
32.356511 0.041666
32.398179 0.041668
32.439845 0.041666
32.481512 0.041667
32.523179 0.041667
32.564844 0.041665
32.606511 0.041668
32.648178 0.041667
32.689845 0.041666
32.731511 0.041667
32.773179 0.041667
32.814845 0.041667
32.856513 0.041667
32.898179 0.041666
32.939845 0.041666
32.981511 0.041667
33.023178 0.041666
33.064845 0.041668
33.106510 0.041665
33.148179 0.041669
33.189846 0.041666
33.231512 0.041666
33.273179 0.041667
33.314846 0.041668
33.356511 0.041665
33.398178 0.041668
33.439843 0.041665
33.481512 0.041669
33.523178 0.041666
33.564845 0.041667
33.606514 0.041669
33.648180 0.041666
33.689846 0.041666
33.731512 0.041666
33.773180 0.041668
33.814845 0.041665
33.856512 0.041667
33.898178 0.041666
33.939845 0.041667
33.981514 0.041669
34.023179 0.041665
34.064847 0.041669
34.106511 0.041664
34.148179 0.041667
34.189846 0.041668
34.231512 0.041666
34.273179 0.041667
34.314846 0.041667
34.356512 0.041666
34.398180 0.041668
34.439846 0.041666
34.481513 0.041667
34.523178 0.041665
34.564846 0.041668
34.606512 0.041667
34.648179 0.041667
34.689846 0.041667
34.731513 0.041667
34.773180 0.041667
34.814847 0.041667
34.856512 0.041665
34.898178 0.041666
34.939844 0.041667
34.981512 0.041668
35.023178 0.041666
35.064846 0.041668
35.106512 0.041666
35.148180 0.041668
35.189846 0.041666
35.231512 0.041666
35.273179 0.041667
35.314845 0.041666
35.356513 0.041668
35.398179 0.041665
35.439846 0.041667
35.481513 0.041667
35.523178 0.041666
35.564846 0.041668
35.606513 0.041667
35.648179 0.041666
35.689845 0.041666
35.731512 0.041667
35.773178 0.041666
35.814845 0.041667
35.856513 0.041668
35.898179 0.041666
35.939846 0.041667
35.981513 0.041667
36.023179 0.041666
36.064848 0.041669
36.106512 0.041664
36.148176 0.041664
36.189845 0.041669
36.231513 0.041667
36.273180 0.041667
36.314846 0.041666
36.356513 0.041667
36.398179 0.041666
36.439845 0.041666
36.481512 0.041667
36.523181 0.041669
36.564846 0.041666
36.606512 0.041666
36.648180 0.041668
36.689846 0.041666
36.731513 0.041667
36.773179 0.041667
36.814846 0.041667
36.856512 0.041666
36.898179 0.041667
36.939845 0.041666
36.981512 0.041667
37.023178 0.041666
37.064846 0.041668
37.106512 0.041666
37.148180 0.041668
37.189846 0.041666
37.231512 0.041666
37.273178 0.041666
37.314845 0.041667
37.356513 0.041668
37.398180 0.041667
37.439846 0.041666
37.481513 0.041668
37.523180 0.041667
37.564846 0.041666
37.606513 0.041667
37.648178 0.041665
37.689820 0.041642
37.731513 0.041693
37.773179 0.041666
37.814845 0.041667
37.856512 0.041667
37.898179 0.041667
37.939846 0.041666
37.981512 0.041666
38.023178 0.041666
38.064846 0.041668
38.106513 0.041666
38.148179 0.041667
38.189845 0.041665
38.231512 0.041667
38.273179 0.041667
38.314846 0.041667
38.356513 0.041666
38.398179 0.041667
38.439845 0.041665
38.481512 0.041667
38.523179 0.041667
38.564846 0.041667
38.606511 0.041666
38.648178 0.041666
38.689846 0.041668
38.731512 0.041666
38.773178 0.041666
38.814845 0.041667
38.856512 0.041666
38.898178 0.041667
38.939845 0.041667
38.981511 0.041666
39.023180 0.041668
39.064847 0.041667
39.106512 0.041666
39.148180 0.041667
39.189846 0.041666
39.231510 0.041664
39.273179 0.041669
39.314845 0.041667
39.356511 0.041666
39.398180 0.041668
39.439846 0.041666
39.481512 0.041667
39.523179 0.041666
39.564846 0.041667
39.606512 0.041666
39.648178 0.041666
39.689846 0.041668
39.731512 0.041665
39.773180 0.041668
39.814844 0.041664
39.856511 0.041667
39.898180 0.041668
39.939845 0.041665
39.981514 0.041670
40.023178 0.041664
40.064847 0.041670
40.106512 0.041665
40.148178 0.041666
40.189844 0.041666
40.231511 0.041667
40.273180 0.041669
40.314845 0.041665
40.356513 0.041667
40.398179 0.041666
40.439844 0.041665
40.481513 0.041669
40.523179 0.041667
40.564845 0.041666
40.606512 0.041667
40.648179 0.041666
40.689846 0.041667
40.731512 0.041666
40.773181 0.041669
40.814845 0.041663
40.856512 0.041667
40.898178 0.041666
40.939845 0.041667
40.981511 0.041666
41.023179 0.041668
41.064847 0.041668
41.106513 0.041666
41.148178 0.041665
41.189845 0.041667
41.231512 0.041667
41.273180 0.041668
41.314845 0.041666
41.356511 0.041666
41.398178 0.041666
41.439846 0.041668
41.481513 0.041668
41.523179 0.041666
41.564846 0.041667
41.606511 0.041665
41.648180 0.041669
41.689846 0.041666
41.731512 0.041666
41.773179 0.041667
41.814846 0.041667
41.856512 0.041666
41.898180 0.041667
41.939846 0.041666
41.981511 0.041665
42.023178 0.041667
42.064845 0.041667
42.106512 0.041667
42.148179 0.041668
42.189846 0.041666
42.231512 0.041666
42.273179 0.041667
42.314846 0.041666
42.356512 0.041666
42.398178 0.041666
42.439845 0.041667
42.481513 0.041667
42.523178 0.041666
42.564846 0.041668
42.606512 0.041666
42.648179 0.041667
42.689846 0.041667
42.731511 0.041665
42.773178 0.041667
42.814845 0.041668
42.856513 0.041667
42.898178 0.041666
42.939845 0.041667
42.981513 0.041667
43.023179 0.041667
43.064845 0.041666
43.106512 0.041667
43.148179 0.041666
43.189846 0.041667
43.231512 0.041666
43.273179 0.041667
43.314847 0.041667
43.356513 0.041666
43.398180 0.041668
43.439847 0.041666
43.481513 0.041666
43.523179 0.041666
43.564846 0.041667
43.606512 0.041667
43.648178 0.041666
43.689846 0.041668
43.731512 0.041666
43.773180 0.041667
43.814846 0.041667
43.856514 0.041667
43.898179 0.041665
43.939845 0.041666
43.981513 0.041668
44.023178 0.041666
44.064845 0.041667
44.106512 0.041667
44.148179 0.041667
44.189845 0.041666
44.231512 0.041667
44.273178 0.041666
44.314845 0.041666
44.356513 0.041668
44.398180 0.041667
44.439845 0.041665
44.481512 0.041667
44.523177 0.041665
44.564846 0.041669
44.606513 0.041666
44.648179 0.041666
44.689846 0.041667
44.731511 0.041665
44.773179 0.041667
44.814846 0.041667
44.856511 0.041665
44.898179 0.041669
44.939844 0.041664
44.981514 0.041670
45.023179 0.041665
45.064845 0.041666
45.106511 0.041666
45.148179 0.041668
45.189845 0.041666
45.231512 0.041667
45.273180 0.041667
45.314846 0.041666
45.356513 0.041667
45.398180 0.041667
45.439846 0.041667
45.481467 0.041621
45.523178 0.041711
45.564832 0.041654
45.606512 0.041679
45.648179 0.041667
45.689846 0.041667
45.731513 0.041666
45.773180 0.041668
45.814846 0.041666
45.856513 0.041667
45.898178 0.041665
45.939845 0.041667
45.981512 0.041667
46.023178 0.041666
46.064844 0.041666
46.106512 0.041667
46.148179 0.041667
46.189845 0.041666
46.231513 0.041668
46.273178 0.041665
46.314844 0.041667
46.356513 0.041669
46.398179 0.041666
46.439845 0.041666
46.481512 0.041667
46.523179 0.041666
46.564846 0.041668
46.606513 0.041667
46.648179 0.041666
46.689845 0.041666
46.731512 0.041666
46.773177 0.041665
46.814844 0.041667
46.856512 0.041668
46.898179 0.041667
46.939845 0.041667
46.981511 0.041666
47.023178 0.041667
47.064844 0.041666
47.106512 0.041667
47.148143 0.041631
47.189845 0.041703
47.231512 0.041667
47.273180 0.041668
47.314845 0.041665
47.356513 0.041667
47.398179 0.041667
47.439844 0.041664
47.481512 0.041668
47.523178 0.041666
47.564844 0.041665
47.606511 0.041667
47.648178 0.041668
47.689846 0.041668
47.731513 0.041667
47.773179 0.041666
47.814845 0.041666
47.856512 0.041668
47.898179 0.041667
47.939845 0.041666
47.981513 0.041668
48.023178 0.041665
48.064846 0.041668
48.106512 0.041666
48.148179 0.041667
48.189845 0.041666
48.231512 0.041667
48.273180 0.041668
48.314844 0.041664
48.356512 0.041668
48.398176 0.041665
48.439844 0.041668
48.481512 0.041668
48.523179 0.041667
48.564846 0.041667
48.606512 0.041666
48.648178 0.041666
48.689845 0.041667
48.731511 0.041666
48.773178 0.041667
48.814846 0.041668
48.856512 0.041666
48.898180 0.041668
48.939846 0.041666
48.981513 0.041667
49.023178 0.041665
49.064847 0.041668
49.106512 0.041666
49.148178 0.041666
49.189845 0.041666
49.231512 0.041667
49.273180 0.041667
49.314846 0.041666
49.356513 0.041667
49.398178 0.041665
49.439845 0.041667
49.481512 0.041667
49.523179 0.041667
49.564845 0.041666
49.606512 0.041667
49.648179 0.041668
49.689845 0.041666
49.731512 0.041666
49.773178 0.041666
49.814844 0.041666
49.856512 0.041668
49.898178 0.041666
49.939846 0.041668
49.981514 0.041668
50.023179 0.041666
50.064846 0.041667
50.106513 0.041667
50.148179 0.041666
50.189845 0.041666
50.231512 0.041667
50.273179 0.041667
50.314845 0.041666
50.356512 0.041667
50.398179 0.041667
50.439845 0.041666
50.481513 0.041668
50.523179 0.041666
50.564846 0.041667
50.606511 0.041666
50.648172 0.041661
50.689846 0.041674
50.731514 0.041668
50.773179 0.041665
50.814845 0.041666
50.856513 0.041667
50.898179 0.041666
50.939845 0.041666
50.981511 0.041666
51.023179 0.041668
51.064845 0.041666
51.106512 0.041667
51.148179 0.041667
51.189845 0.041666
51.231513 0.041668
51.273181 0.041668
51.314846 0.041665
51.356512 0.041666
51.398178 0.041666
51.439845 0.041667
51.481513 0.041668
51.523179 0.041666
51.564845 0.041667
51.606513 0.041667
51.648179 0.041666
51.689845 0.041666
51.731512 0.041667
51.773178 0.041667
51.814845 0.041667
51.856513 0.041667
51.898180 0.041667
51.939845 0.041665
51.981513 0.041668
52.023178 0.041665
52.064846 0.041669
52.106513 0.041666
52.148179 0.041666
52.189846 0.041667
52.231512 0.041666
52.273179 0.041666
52.314846 0.041667
52.356513 0.041667
52.398181 0.041668
52.439845 0.041664
52.481513 0.041668
52.523181 0.041668
52.564846 0.041665
52.606518 0.041672
52.648181 0.041663
52.689846 0.041665
52.731512 0.041666
52.773180 0.041668
52.814846 0.041666
52.856513 0.041667
52.898180 0.041667
52.939845 0.041665
52.981512 0.041667
53.023178 0.041666
53.064846 0.041668
53.106512 0.041666
53.148179 0.041667
53.189847 0.041668
53.231513 0.041666
53.273179 0.041666
53.314845 0.041666
53.356513 0.041667
53.398178 0.041665
53.439846 0.041668
53.481513 0.041667
53.523178 0.041665
53.564846 0.041668
53.606513 0.041667
53.648180 0.041666
53.689846 0.041666
53.731512 0.041667
53.773179 0.041667
53.814845 0.041666
53.856512 0.041667
53.898180 0.041667
53.939845 0.041665
53.981513 0.041668
54.023179 0.041667
54.064847 0.041667
54.106512 0.041665
54.148179 0.041668
54.189847 0.041667
54.231512 0.041665
54.273179 0.041667
54.314845 0.041667
54.356513 0.041668
54.398180 0.041667
54.439846 0.041666
54.481514 0.041668
54.523179 0.041665
54.564845 0.041667
54.606512 0.041667
54.648179 0.041666
54.689844 0.041666
54.731510 0.041666
54.773179 0.041669
54.814845 0.041666
54.856512 0.041667
54.898179 0.041666
54.939845 0.041667
54.981514 0.041668
55.023178 0.041664
55.064846 0.041668
55.106512 0.041666
55.148179 0.041668
55.189846 0.041667
55.231513 0.041666
55.273178 0.041665
55.314845 0.041667
55.356512 0.041668
55.398179 0.041666
55.439846 0.041667
55.481512 0.041666
55.523179 0.041667
55.564847 0.041667
55.606512 0.041666
55.648179 0.041667
55.689845 0.041666
55.731512 0.041667
55.773178 0.041666
55.814846 0.041668
55.856513 0.041667
55.898179 0.041666
55.939846 0.041667
55.981513 0.041668
56.023179 0.041665
56.064845 0.041666
56.106512 0.041667
56.148179 0.041667
56.189846 0.041666
56.231514 0.041668
56.273179 0.041665
56.314846 0.041667
56.356513 0.041667
56.398179 0.041666
56.439846 0.041667
56.481512 0.041666
56.523179 0.041667
56.564845 0.041666
56.606513 0.041668
56.648179 0.041667
56.689845 0.041666
56.731513 0.041667
56.773179 0.041667
56.814845 0.041666
56.856512 0.041667
56.898179 0.041667
56.939846 0.041667
56.981512 0.041666
57.023179 0.041667
57.064846 0.041666
57.106513 0.041667
57.148180 0.041667
57.189846 0.041667
57.231511 0.041665
57.273178 0.041667
57.314845 0.041667
57.356512 0.041667
57.398178 0.041666
57.439846 0.041667
57.481514 0.041668
57.523179 0.041665
57.564846 0.041667
57.606513 0.041667
57.648179 0.041666
57.689846 0.041667
57.731512 0.041666
57.773179 0.041668
57.814845 0.041665
57.856510 0.041665
57.898179 0.041669
57.939845 0.041665
57.981513 0.041668
58.023178 0.041665
58.064845 0.041667
58.106513 0.041667
58.148179 0.041666
58.189846 0.041667
58.231512 0.041666
58.273180 0.041668
58.314846 0.041666
58.356513 0.041667
58.398179 0.041667
58.439846 0.041666
58.481512 0.041667
58.523178 0.041666
58.564845 0.041667
58.606513 0.041668
58.648178 0.041666
58.689846 0.041668
58.731513 0.041667
58.773179 0.041666
58.814845 0.041666
58.856513 0.041669
58.898178 0.041665
58.939846 0.041668
58.981512 0.041666
59.023179 0.041667
59.064846 0.041667
59.106513 0.041667
59.148179 0.041667
59.189845 0.041665
59.231512 0.041667
59.273181 0.041669
59.314844 0.041664
59.356512 0.041668
59.398179 0.041666
59.439846 0.041667
59.481514 0.041668
59.523179 0.041665
59.564846 0.041667
59.606511 0.041665
59.648180 0.041669
59.689846 0.041666
59.731512 0.041666
59.773179 0.041667
59.814846 0.041667
59.856513 0.041667
59.898179 0.041667
59.939846 0.041667
59.981512 0.041666
60.023179 0.041667
60.064845 0.041666
60.106513 0.041668
60.148180 0.041667
60.189846 0.041666
60.231514 0.041668
60.273178 0.041664
60.314846 0.041668
60.356512 0.041665
60.398178 0.041667
60.439846 0.041667
60.481514 0.041668
60.523179 0.041665
60.564847 0.041667
60.606513 0.041666
60.648179 0.041667
60.689846 0.041666
60.731513 0.041667
60.773179 0.041666
60.814834 0.041655
60.856512 0.041678
60.898179 0.041667
60.939846 0.041666
60.981512 0.041666
61.023180 0.041668
61.064846 0.041667
61.106513 0.041666
61.148178 0.041665
61.189843 0.041665
61.231511 0.041668
61.273178 0.041668
61.314845 0.041666
61.356512 0.041667
61.398179 0.041667
61.439846 0.041667
61.481514 0.041668
61.523179 0.041665
61.564846 0.041667
61.606512 0.041666
61.648179 0.041668
61.689845 0.041665
61.731512 0.041667
61.773179 0.041666
61.814846 0.041667
61.856513 0.041667
61.898179 0.041666
61.939845 0.041666
61.981512 0.041667
62.023183 0.041671
62.064845 0.041662
62.106512 0.041667
62.148178 0.041666
62.189846 0.041668
62.231512 0.041666
62.273179 0.041667
62.314846 0.041667
62.356513 0.041667
62.398179 0.041666
62.439845 0.041666
62.481513 0.041667
62.523179 0.041666
62.564845 0.041666
62.606512 0.041667
62.648179 0.041667
62.689846 0.041667
62.731511 0.041665
62.773180 0.041668
62.814845 0.041665
62.856513 0.041668
62.898178 0.041666
62.939845 0.041667
62.981512 0.041667
63.023178 0.041666
63.064846 0.041668
63.106512 0.041666
63.148179 0.041668
63.189846 0.041667
63.231512 0.041665
63.273178 0.041667
63.314845 0.041666
63.356513 0.041668
63.398179 0.041666
63.439844 0.041665
63.481512 0.041668
63.523177 0.041666
63.564846 0.041668
63.606514 0.041668
63.648179 0.041665
63.689845 0.041666
63.731512 0.041667
63.773178 0.041666
63.814846 0.041668
63.856513 0.041667
63.898179 0.041666
63.939846 0.041667
63.981512 0.041666
64.023179 0.041667
64.064846 0.041667
64.106513 0.041667
64.148180 0.041667
64.189846 0.041666
64.231513 0.041667
64.273179 0.041667
64.314845 0.041665
64.356512 0.041667
64.398178 0.041666
64.439845 0.041666
64.481512 0.041667
64.523178 0.041666
64.564845 0.041667
64.606512 0.041667
64.648178 0.041666
64.689845 0.041667
64.731511 0.041666
64.773147 0.041636
64.814845 0.041698
64.856512 0.041667
64.898180 0.041667
64.939846 0.041666
64.981514 0.041668
65.023179 0.041665
65.064846 0.041667
65.106512 0.041666
65.148179 0.041667
65.189845 0.041666
65.231512 0.041666
65.273179 0.041667
65.314845 0.041666
65.356512 0.041667
65.398179 0.041666
65.439845 0.041667
65.481511 0.041665
65.523179 0.041669
65.564847 0.041667
65.606512 0.041666
65.648179 0.041666
65.689846 0.041667
65.731512 0.041666
65.773179 0.041666
65.814845 0.041666
65.856511 0.041666
65.898179 0.041668
65.939846 0.041668
65.981511 0.041665
66.023178 0.041667
66.064845 0.041667
66.106512 0.041667
66.148179 0.041667
66.189848 0.041669
66.231512 0.041664
66.273178 0.041665
66.314845 0.041668
66.356513 0.041668
66.398179 0.041666
66.439845 0.041666
66.481512 0.041667
66.523179 0.041667
66.564846 0.041667
66.606512 0.041666
66.648180 0.041667
66.689844 0.041665
66.731512 0.041668
66.773179 0.041666
66.814845 0.041667
66.856512 0.041666
66.898180 0.041669
66.939845 0.041665
66.981513 0.041667
67.023179 0.041666
67.064846 0.041667
67.106512 0.041666
67.148179 0.041667
67.189845 0.041666
67.231511 0.041666
67.273177 0.041666
67.314846 0.041669
67.356512 0.041666
67.398180 0.041668
67.439845 0.041666
67.481512 0.041666
67.523178 0.041666
67.564846 0.041669
67.606512 0.041666
67.648179 0.041667
67.689847 0.041668
67.731512 0.041665
67.773179 0.041667
67.814846 0.041667
67.856512 0.041666
67.898179 0.041667
67.939845 0.041666
67.981512 0.041667
68.023178 0.041667
68.064845 0.041667
68.106512 0.041667
68.148179 0.041666
68.189844 0.041665
68.231512 0.041668
68.273179 0.041667
68.314845 0.041666
68.356513 0.041668
68.398178 0.041666
68.439846 0.041668
68.481513 0.041667
68.523179 0.041666
68.564847 0.041667
68.606511 0.041665
68.648178 0.041667
68.689846 0.041668
68.731512 0.041666
68.773178 0.041666
68.814846 0.041667
68.856513 0.041668
68.898180 0.041667
68.939846 0.041666
68.981513 0.041667
69.023179 0.041666
69.064847 0.041668
69.106512 0.041665
69.148179 0.041667
69.189845 0.041666
69.231513 0.041668
69.273179 0.041667
69.314847 0.041667
69.356511 0.041665
69.398177 0.041666
69.439844 0.041667
69.481491 0.041647
69.523178 0.041687
69.564845 0.041667
69.606512 0.041667
69.648179 0.041667
69.689848 0.041669
69.731512 0.041663
69.773178 0.041667
69.814844 0.041666
69.856513 0.041669
69.898178 0.041665
69.939845 0.041667
69.981512 0.041667
70.023179 0.041667
70.064846 0.041667
70.106513 0.041667
70.148179 0.041666
70.189845 0.041667
70.231511 0.041666
70.273177 0.041666
70.314845 0.041668
70.356512 0.041667
70.398178 0.041666
70.439846 0.041668
70.481512 0.041666
70.523179 0.041666
70.564845 0.041666
70.606512 0.041667
70.648180 0.041668
70.689847 0.041668
70.731513 0.041665
70.773179 0.041667
70.814846 0.041667
70.856513 0.041666
70.898179 0.041667
70.939846 0.041666
70.981512 0.041666
71.023178 0.041667
71.064846 0.041668
71.106512 0.041666
71.148179 0.041667
71.189846 0.041667
71.231512 0.041666
71.273179 0.041667
71.314846 0.041667
71.356512 0.041666
71.398178 0.041666
71.439845 0.041668
71.481512 0.041667
71.523178 0.041666
71.564846 0.041667
71.606512 0.041666
71.648180 0.041668
71.689847 0.041667
71.731512 0.041665
71.773178 0.041666
71.814845 0.041667
71.856512 0.041667
71.898179 0.041667
71.939845 0.041666
71.981513 0.041668
72.023179 0.041666
72.064847 0.041668
72.106512 0.041665
72.148178 0.041666
72.189845 0.041667
72.231512 0.041667
72.273179 0.041667
72.314846 0.041667
72.356513 0.041667
72.398180 0.041667
72.439846 0.041666
72.481512 0.041666
72.523178 0.041667
72.564846 0.041668
72.606512 0.041666
72.648179 0.041667
72.689845 0.041666
72.731512 0.041667
72.773180 0.041668
72.814846 0.041666
72.856512 0.041666
72.898180 0.041668
72.939845 0.041665
72.981512 0.041667
73.023178 0.041666
73.064846 0.041668
73.106512 0.041666
73.148179 0.041667
73.189845 0.041666
73.231512 0.041667
73.273179 0.041666
73.314845 0.041666
73.356512 0.041668
73.398180 0.041667
73.439846 0.041666
73.481512 0.041666
73.523178 0.041666
73.564847 0.041668
73.606513 0.041666
73.648180 0.041667
73.689812 0.041633
73.731511 0.041699
73.773179 0.041667
73.814845 0.041666
73.856511 0.041666
73.898179 0.041667
73.939846 0.041667
73.981512 0.041666
74.023178 0.041667
74.064846 0.041667
74.106512 0.041667
74.148179 0.041666
74.189845 0.041667
74.231515 0.041670
74.273179 0.041664
74.314845 0.041667
74.356512 0.041667
74.398179 0.041666
74.439844 0.041666
74.481511 0.041667
74.523177 0.041666
74.564874 0.041697
74.606510 0.041636
74.648178 0.041668
74.689845 0.041667
74.731512 0.041667
74.773180 0.041667
74.814846 0.041666
74.856513 0.041667
74.898179 0.041666
74.939846 0.041667
74.981512 0.041666
75.023179 0.041667
75.064845 0.041666
75.106513 0.041668
75.148180 0.041667
75.189846 0.041666
75.231513 0.041667
75.273178 0.041665
75.314846 0.041668
75.356512 0.041667
75.398179 0.041666
75.439845 0.041667
75.481513 0.041668
75.523179 0.041666
75.564845 0.041666
75.606512 0.041667
75.648177 0.041665
75.689845 0.041668
75.731512 0.041667
75.773178 0.041666
75.814846 0.041668
75.856512 0.041667
75.898179 0.041667
75.939846 0.041666
75.981514 0.041669
76.023179 0.041665
76.064845 0.041666
76.106512 0.041667
76.148179 0.041667
76.189846 0.041666
76.231512 0.041666
76.273179 0.041667
76.314845 0.041667
76.356512 0.041667
76.398179 0.041666
76.439845 0.041666
76.481512 0.041667
76.523179 0.041667
76.564846 0.041667
76.606512 0.041666
76.648180 0.041668
76.689846 0.041667
76.731513 0.041667
76.773179 0.041666
76.814845 0.041666
76.856513 0.041668
76.898178 0.041665
76.939845 0.041667
76.981512 0.041667
77.023179 0.041667
77.064845 0.041666
77.106513 0.041668
77.148180 0.041666
77.189845 0.041666
77.231511 0.041666
77.273179 0.041668
77.314844 0.041665
77.356513 0.041668
77.398179 0.041666
77.439845 0.041666
77.481513 0.041668
77.523180 0.041667
77.564846 0.041666
77.606512 0.041665
77.648179 0.041667
77.689846 0.041667
77.731512 0.041666
77.773179 0.041667
77.814846 0.041667
77.856513 0.041668
77.898181 0.041668
77.939846 0.041665
77.981512 0.041666
78.023179 0.041667
78.064845 0.041666
78.106512 0.041667
78.148179 0.041667
78.189845 0.041666
78.231512 0.041667
78.273179 0.041667
78.314847 0.041668
78.356513 0.041666
78.398177 0.041665
78.439844 0.041667
78.481512 0.041667
78.523182 0.041671
78.564845 0.041663
78.606512 0.041667
78.648180 0.041667
78.689846 0.041667
78.731510 0.041664
78.773178 0.041668
78.814845 0.041667
78.856512 0.041667
78.898179 0.041667
78.939845 0.041667
78.981512 0.041667
79.023179 0.041666
79.064846 0.041668
79.106513 0.041667
79.148179 0.041666
79.189845 0.041666
79.231512 0.041667
79.273179 0.041668
79.314846 0.041666
79.356512 0.041667
79.398178 0.041666
79.439846 0.041668
79.481513 0.041667
79.523179 0.041666
79.564847 0.041668
79.606512 0.041665
79.648179 0.041667
79.689845 0.041666
79.731512 0.041667
79.773179 0.041667
79.814845 0.041666
79.856512 0.041667
79.898180 0.041668
79.939846 0.041666
79.981511 0.041665
80.023179 0.041667
80.064846 0.041667
80.106513 0.041667
80.148178 0.041666
80.189845 0.041667
80.231512 0.041667
80.273180 0.041668
80.314846 0.041666
80.356511 0.041665
80.398177 0.041666
80.439845 0.041668
80.481512 0.041667
80.523178 0.041667
80.564846 0.041668
80.606512 0.041666
80.648179 0.041667
80.689845 0.041666
80.731513 0.041668
80.773178 0.041665
80.814845 0.041667
80.856512 0.041667
80.898181 0.041669
80.939846 0.041665
80.981513 0.041667
81.023179 0.041666
81.064846 0.041667
81.106513 0.041667
81.148179 0.041666
81.189845 0.041666
81.231512 0.041667
81.273179 0.041667
81.314845 0.041666
81.356513 0.041668
81.398180 0.041667
81.439846 0.041666
81.481512 0.041666
81.523178 0.041666
81.564845 0.041666
81.606512 0.041667
81.648179 0.041667
81.689845 0.041666
81.731512 0.041668
81.773179 0.041667
81.814847 0.041667
81.856513 0.041667
81.898181 0.041668
81.939845 0.041664
81.981512 0.041667
82.023179 0.041667
82.064846 0.041668
82.106513 0.041666
82.148179 0.041667
82.189845 0.041666
82.231513 0.041668
82.273180 0.041667
82.314845 0.041665
82.356512 0.041667
82.398178 0.041666
82.439845 0.041667
82.481512 0.041666
82.523179 0.041668
82.564846 0.041666
82.606512 0.041666
82.648179 0.041667
82.689846 0.041667
82.731512 0.041666
82.773179 0.041668
82.814846 0.041666
82.856510 0.041665
82.898177 0.041667
82.939844 0.041667
82.981513 0.041668
83.023179 0.041667
83.064846 0.041667
83.106512 0.041666
83.148179 0.041667
83.189846 0.041667
83.231512 0.041666
83.273179 0.041667
83.314846 0.041667
83.356512 0.041666
83.398179 0.041667
83.439846 0.041667
83.481512 0.041666
83.523177 0.041665
83.564845 0.041667
83.606511 0.041666
83.648179 0.041667
83.689846 0.041667
83.731513 0.041667
83.773179 0.041666
83.814845 0.041667
83.856511 0.041666
83.898177 0.041666
83.939844 0.041667
83.981511 0.041667
84.023177 0.041666
84.064845 0.041668
84.106512 0.041667
84.148180 0.041668
84.189845 0.041665
84.231512 0.041667
84.273176 0.041665
84.314846 0.041669
84.356512 0.041666
84.398180 0.041668
84.439845 0.041665
84.481513 0.041668
84.523178 0.041666
84.564847 0.041668
84.606511 0.041665
84.648178 0.041667
84.689845 0.041666
84.731510 0.041666
84.773178 0.041668
84.814845 0.041667
84.856511 0.041666
84.898178 0.041667
84.939846 0.041668
84.981513 0.041667
85.023179 0.041666
85.064845 0.041666
85.106512 0.041668
85.148178 0.041666
85.189844 0.041665
85.231512 0.041668
85.273179 0.041668
85.314846 0.041667
85.356513 0.041667
85.398177 0.041663
85.439845 0.041668
85.481511 0.041667
85.523178 0.041666
85.564844 0.041667
85.606512 0.041668
85.648179 0.041667
85.689845 0.041666
85.731513 0.041667
85.773179 0.041667
85.814846 0.041666
85.856512 0.041666
85.898178 0.041667
85.939846 0.041667
85.981513 0.041667
86.023178 0.041666
86.064846 0.041668
86.106513 0.041667
86.148180 0.041667
86.189846 0.041666
86.231512 0.041666
86.273179 0.041667
86.314845 0.041666
86.356512 0.041667
86.398178 0.041666
86.439844 0.041667
86.481513 0.041668
86.523179 0.041667
86.564846 0.041667
86.606473 0.041627
86.648178 0.041705
86.689845 0.041667
86.731512 0.041666
86.773179 0.041667
86.814845 0.041666
86.856514 0.041669
86.898180 0.041666
86.939846 0.041666
86.981512 0.041667
87.023178 0.041666
87.064846 0.041668
87.106511 0.041665
87.148180 0.041668
87.189845 0.041666
87.231510 0.041665
87.273178 0.041668
87.314846 0.041668
87.356513 0.041667
87.398178 0.041665
87.439845 0.041667
87.481513 0.041668
87.523178 0.041665
87.564845 0.041667
87.606512 0.041666
87.648180 0.041668
87.689846 0.041666
87.731513 0.041667
87.773179 0.041665
87.814845 0.041666
87.856512 0.041667
87.898179 0.041667
87.939845 0.041666
87.981512 0.041667
88.023180 0.041667
88.064847 0.041667
88.106512 0.041665
88.148179 0.041667
88.189844 0.041665
88.231512 0.041667
88.273178 0.041666
88.314845 0.041667
88.356513 0.041668
88.398178 0.041665
88.439846 0.041668
88.481513 0.041667
88.523179 0.041666
88.564824 0.041645
88.606511 0.041687
88.648180 0.041669
88.689845 0.041665
88.731512 0.041667
88.773177 0.041666
88.814847 0.041669
88.856512 0.041666
88.898180 0.041668
88.939845 0.041665
88.981511 0.041665
89.023178 0.041667
89.064846 0.041669
89.106512 0.041666
89.148179 0.041667
89.189845 0.041666
89.231512 0.041667
89.273180 0.041668
89.314846 0.041666
89.356511 0.041666
89.398195 0.041684
89.439845 0.041650
89.481512 0.041667
89.523178 0.041666
89.564846 0.041668
89.606512 0.041666
89.648179 0.041667
89.689845 0.041667
89.731513 0.041667
89.773178 0.041666
89.814845 0.041667
89.856513 0.041667
89.898179 0.041666
89.939847 0.041668
89.981511 0.041665
90.023179 0.041668
90.064847 0.041667
90.106514 0.041667
90.148179 0.041665
90.189845 0.041666
90.231512 0.041667
90.273179 0.041667
90.314846 0.041667
90.356512 0.041666
90.398180 0.041668
90.439845 0.041665
90.481512 0.041667
90.523178 0.041665
90.564845 0.041667
90.606512 0.041667
90.648179 0.041667
90.689845 0.041666
90.731514 0.041669
90.773180 0.041667
90.814845 0.041665
90.856513 0.041668
90.898181 0.041668
90.939845 0.041664
90.981513 0.041668
91.023178 0.041665
91.064844 0.041666
91.106514 0.041670
91.148179 0.041665
91.189846 0.041667
91.231511 0.041666
91.273179 0.041667
91.314844 0.041666
91.356511 0.041666
91.398178 0.041668
91.439845 0.041666
91.481511 0.041666
91.523178 0.041667
91.564847 0.041669
91.606513 0.041666
91.648179 0.041666
91.689816 0.041638
91.731510 0.041694
91.773179 0.041668
91.814846 0.041667
91.856512 0.041666
91.898178 0.041667
91.939846 0.041667
91.981511 0.041666
92.023179 0.041667
92.064845 0.041667
92.106514 0.041668
92.148178 0.041665
92.189845 0.041666
92.231512 0.041667
92.273178 0.041666
92.314846 0.041668
92.356513 0.041668
92.398180 0.041666
92.439846 0.041666
92.481511 0.041665
92.523180 0.041669
92.564847 0.041667
92.606512 0.041665
92.648179 0.041667
92.689845 0.041667
92.731512 0.041667
92.773179 0.041667
92.814845 0.041666
92.856512 0.041667
92.898178 0.041666
92.939844 0.041666
92.981511 0.041667
93.023179 0.041668
93.064847 0.041667
93.106511 0.041664
93.148179 0.041668
93.189845 0.041666
93.231513 0.041667
93.273178 0.041665
93.314845 0.041668
93.356511 0.041666
93.398178 0.041666
93.439844 0.041667
93.481511 0.041667
93.523179 0.041668
93.564846 0.041667
93.606513 0.041667
93.648177 0.041664
93.689843 0.041666
93.731512 0.041669
93.773178 0.041666
93.814845 0.041667
93.856512 0.041667
93.898180 0.041668
93.939845 0.041665
93.981513 0.041668
94.023179 0.041666
94.064845 0.041666
94.106512 0.041667
94.148179 0.041667
94.189845 0.041666
94.231512 0.041667
94.273178 0.041666
94.314846 0.041668
94.356512 0.041667
94.398178 0.041666
94.439845 0.041667
94.481511 0.041666
94.523178 0.041667
94.564845 0.041667
94.606511 0.041666
94.648178 0.041667
94.689846 0.041667
94.731513 0.041667
94.773179 0.041666
94.814845 0.041666
94.856512 0.041667
94.898178 0.041666
94.939845 0.041667
94.981513 0.041669
95.023179 0.041666
95.064846 0.041667
95.106513 0.041666
95.148180 0.041667
95.189845 0.041666
95.231512 0.041667
95.273179 0.041667
95.314844 0.041666
95.356513 0.041668
95.398178 0.041666
95.439845 0.041666
95.481513 0.041669
95.523180 0.041666
95.564847 0.041667
95.606513 0.041666
95.648179 0.041666
95.689845 0.041666
95.731511 0.041666
95.773177 0.041666
95.814845 0.041667
95.856512 0.041667
95.898179 0.041667
95.939845 0.041666
95.981512 0.041666
96.023178 0.041666
96.064846 0.041667
96.106512 0.041666
96.148179 0.041667
96.189845 0.041666
96.231512 0.041667
96.273179 0.041667
96.314846 0.041667
96.356512 0.041666
96.398180 0.041668
96.439845 0.041665
96.481513 0.041667
96.523178 0.041665
96.564848 0.041670
96.606511 0.041663
96.648178 0.041667
96.689846 0.041668
96.731513 0.041667
96.773180 0.041667
96.814845 0.041665
96.856513 0.041668
96.898179 0.041666
96.939845 0.041666
96.981512 0.041667
97.023176 0.041664
97.064846 0.041669
97.106512 0.041666
97.148178 0.041667
97.189844 0.041666
97.231512 0.041668
97.273179 0.041667
97.314845 0.041666
97.356513 0.041667
97.398178 0.041666
97.439846 0.041667
97.481513 0.041667
97.523180 0.041667
97.564804 0.041624
97.606510 0.041706
97.648178 0.041669
97.689844 0.041666
97.731512 0.041668
97.773179 0.041667
97.814845 0.041667
97.856513 0.041667
97.898179 0.041667
97.939845 0.041665
97.981511 0.041666
98.023178 0.041668
98.064846 0.041668
98.106512 0.041665
98.148179 0.041667
98.189845 0.041666
98.231513 0.041668
98.273179 0.041666
98.314846 0.041667
98.356511 0.041665
98.398179 0.041668
98.439846 0.041666
98.481512 0.041666
98.523179 0.041667
98.564845 0.041667
98.606513 0.041667
98.648179 0.041666
98.689846 0.041668
98.731513 0.041667
98.773178 0.041665
98.814845 0.041667
98.856512 0.041667
98.898179 0.041667
98.939846 0.041667
98.981512 0.041666
99.023178 0.041667
99.064846 0.041668
99.106512 0.041666
99.148179 0.041667
99.189845 0.041666
99.231512 0.041666
99.273179 0.041667
99.314848 0.041669
99.356513 0.041665
99.398179 0.041666
99.439845 0.041666
99.481512 0.041667
99.523178 0.041666
99.564845 0.041667
99.606511 0.041666
99.648179 0.041668
99.689845 0.041665
99.731512 0.041667
99.773179 0.041668
99.814845 0.041666
99.856513 0.041667
99.898179 0.041666
99.939844 0.041665
99.981512 0.041668
100.023177 0.041666
100.064845 0.041667
100.106512 0.041667
100.148178 0.041667
100.189846 0.041668
100.231511 0.041665
100.273179 0.041668
100.314845 0.041667
100.356512 0.041667
100.398178 0.041665
100.439845 0.041667
100.481513 0.041669
100.523179 0.041666
100.564845 0.041666
100.606512 0.041667
100.648180 0.041668
100.689802 0.041622
100.731511 0.041709
100.773178 0.041667
100.814844 0.041666
100.856513 0.041668
100.898178 0.041666
100.939845 0.041667
100.981513 0.041668
101.023179 0.041666
101.064846 0.041667
101.106511 0.041665
101.148179 0.041669
101.189845 0.041666
101.231512 0.041666
101.273179 0.041667
101.314847 0.041668
101.356513 0.041666
101.398180 0.041667
101.439845 0.041665
101.481511 0.041666
101.523200 0.041688
101.564846 0.041647
101.606512 0.041666
101.648180 0.041668
101.689846 0.041666
101.731512 0.041667
101.773180 0.041668
101.814846 0.041667
101.856513 0.041666
101.898178 0.041666
101.939845 0.041667
101.981512 0.041667
102.023179 0.041667
102.064846 0.041667
102.106511 0.041665
102.148179 0.041668
102.189846 0.041666
102.231512 0.041667
102.273178 0.041666
102.314847 0.041669
102.356512 0.041665
102.398179 0.041667
102.439845 0.041665
102.481512 0.041667
102.523179 0.041667
102.564846 0.041667
102.606513 0.041667
102.648178 0.041665
102.689845 0.041666
102.731512 0.041667
102.773179 0.041667
102.814846 0.041667
102.856512 0.041667
102.898179 0.041667
102.939845 0.041666
102.981512 0.041667
103.023179 0.041667
103.064844 0.041666
103.106511 0.041667
103.148179 0.041667
103.189845 0.041667
103.231512 0.041667
103.273179 0.041667
103.314846 0.041666
103.356513 0.041667
103.398180 0.041667
103.439845 0.041665
103.481511 0.041667
103.523179 0.041668
103.564846 0.041667
103.606512 0.041666
103.648180 0.041667
103.689847 0.041667
103.731513 0.041667
103.773179 0.041666
103.814845 0.041666
103.856512 0.041667
103.898137 0.041625
103.939845 0.041708
103.981513 0.041668
104.023179 0.041666
104.064846 0.041667
104.106513 0.041667
104.148179 0.041665
104.189845 0.041666
104.231511 0.041666
104.273179 0.041668
104.314847 0.041668
104.356512 0.041665
104.398177 0.041665
104.439844 0.041668
104.481512 0.041668
104.523180 0.041668
104.564846 0.041666
104.606506 0.041660
104.648179 0.041673
104.689846 0.041667
104.731511 0.041665
104.773179 0.041668
104.814845 0.041666
104.856530 0.041685
104.898179 0.041649
104.939846 0.041666
104.981513 0.041667
105.023178 0.041665
105.064845 0.041667
105.106512 0.041667
105.148180 0.041667
105.189845 0.041665
105.231512 0.041667
105.273179 0.041668
105.314846 0.041666
105.356513 0.041667
105.398178 0.041665
105.439844 0.041667
105.481512 0.041668
105.523178 0.041666
105.564846 0.041667
105.606512 0.041666
105.648179 0.041667
105.689846 0.041667
105.731513 0.041667
105.773179 0.041666
105.814844 0.041665
105.856513 0.041668
105.898179 0.041666
105.939846 0.041667
105.981511 0.041666
106.023179 0.041667
106.064846 0.041667
106.106512 0.041666
106.148179 0.041668
106.189845 0.041665
106.231512 0.041668
106.273179 0.041667
106.314846 0.041667
106.356512 0.041666
106.398178 0.041666
106.439846 0.041667
106.481513 0.041667
106.523180 0.041667
106.564845 0.041666
106.606511 0.041666
106.648179 0.041668
106.689845 0.041666
106.731512 0.041668
106.773179 0.041667
106.814845 0.041666
106.856512 0.041667
106.898178 0.041666
106.939846 0.041667
106.981511 0.041666
107.023179 0.041668
107.064845 0.041665
107.106512 0.041667
107.148180 0.041668
107.189847 0.041667
107.231512 0.041665
107.273179 0.041667
107.314845 0.041666
107.356512 0.041667
107.398179 0.041667
107.439845 0.041666
107.481513 0.041668
107.523179 0.041666
107.564846 0.041667
107.606513 0.041667
107.648179 0.041666
107.689846 0.041667
107.731513 0.041667
107.773178 0.041665
107.814844 0.041667
107.856512 0.041668
107.898179 0.041666
107.939845 0.041667
107.981513 0.041668
108.023180 0.041666
108.064847 0.041667
108.106513 0.041666
108.148179 0.041667
108.189846 0.041666
108.231512 0.041666
108.273178 0.041667
108.314845 0.041666
108.356513 0.041668
108.398179 0.041666
108.439846 0.041666
108.481512 0.041667
108.523179 0.041666
108.564845 0.041666
108.606511 0.041667
108.648179 0.041667
108.689845 0.041666
108.731513 0.041668
108.773179 0.041666
108.814845 0.041666
108.856512 0.041667
108.898179 0.041667
108.939844 0.041665
108.981511 0.041667
109.023179 0.041667
109.064845 0.041666
109.106511 0.041666
109.148179 0.041668
109.189846 0.041666
109.231512 0.041666
109.273179 0.041667
109.314845 0.041666
109.356512 0.041668
109.398179 0.041666
109.439844 0.041666
109.481513 0.041669
109.523181 0.041668
109.564845 0.041664
109.606512 0.041667
109.648179 0.041667
109.689804 0.041625
109.731511 0.041708
109.773178 0.041667
109.814845 0.041667
109.856512 0.041666
109.898179 0.041667
109.939845 0.041667
109.981512 0.041666
110.023179 0.041668
110.064847 0.041667
110.106511 0.041664
110.148178 0.041668
110.189845 0.041667
110.231512 0.041667
110.273179 0.041666
110.314845 0.041666
110.356513 0.041668
110.398178 0.041665
110.439845 0.041666
110.481511 0.041666
110.523179 0.041668
110.564846 0.041667
110.606512 0.041666
110.648178 0.041666
110.689844 0.041666
110.731511 0.041667
110.773179 0.041667
110.814845 0.041666
110.856511 0.041666
110.898177 0.041666
110.939845 0.041668
110.981511 0.041665
111.023179 0.041668
111.064845 0.041666
111.106512 0.041667
111.148179 0.041667
111.189845 0.041666
111.231511 0.041666
111.273178 0.041667
111.314844 0.041667
111.356512 0.041668
111.398178 0.041666
111.439846 0.041668
111.481512 0.041666
111.523181 0.041668
111.564846 0.041665
111.606512 0.041666
111.648177 0.041665
111.689844 0.041667
111.731512 0.041668
111.773178 0.041666
111.814845 0.041667
111.856512 0.041667
111.898180 0.041668
111.939846 0.041666
111.981511 0.041665
112.023178 0.041666
112.064844 0.041667
112.106512 0.041668
112.148179 0.041667
112.189846 0.041667
112.231512 0.041666
112.273179 0.041667
112.314847 0.041668
112.356513 0.041666
112.398178 0.041666
112.439845 0.041667
112.481512 0.041666
112.523183 0.041671
112.564846 0.041663
112.606517 0.041671
112.648180 0.041663
112.689846 0.041667
112.731513 0.041667
112.773179 0.041666
112.814845 0.041666
112.856512 0.041667
112.898178 0.041667
112.939845 0.041666
112.981511 0.041666
113.023178 0.041667
113.064845 0.041667
113.106513 0.041667
113.148180 0.041667
113.189845 0.041666
113.231512 0.041667
113.273180 0.041667
113.314845 0.041666
113.356513 0.041668
113.398177 0.041664
113.439845 0.041668
113.481514 0.041669
113.523182 0.041668
113.564846 0.041665
113.606511 0.041665
113.648179 0.041668
113.689846 0.041667
113.731512 0.041666
113.773179 0.041667
113.814845 0.041666
113.856512 0.041668
113.898180 0.041667
113.939846 0.041666
113.981513 0.041667
114.023178 0.041665
114.064845 0.041667
114.106511 0.041666
114.148179 0.041668
114.189845 0.041666
114.231511 0.041667
114.273179 0.041668
114.314845 0.041665
114.356512 0.041667
114.398178 0.041666
114.439845 0.041667
114.481512 0.041667
114.523178 0.041666
114.564845 0.041667
114.606512 0.041667
114.648180 0.041667
114.689845 0.041666
114.731513 0.041668
114.773179 0.041666
114.814845 0.041666
114.856512 0.041667
114.898178 0.041666
114.939845 0.041667
114.981512 0.041667
115.023179 0.041667
115.064845 0.041667
115.106512 0.041666
115.148179 0.041668
115.189845 0.041666
115.231511 0.041666
115.273179 0.041667
115.314846 0.041667
115.356513 0.041667
115.398178 0.041666
115.439846 0.041667
115.481512 0.041667
115.523182 0.041669
115.564845 0.041663
115.606511 0.041667
115.648180 0.041668
115.689846 0.041666
115.731514 0.041668
115.773179 0.041665
115.814846 0.041667
115.856513 0.041667
115.898178 0.041666
115.939845 0.041667
115.981511 0.041666
116.023179 0.041667
116.064845 0.041667
116.106512 0.041667
116.148179 0.041667
116.189845 0.041666
116.231513 0.041668
116.273180 0.041667
116.314846 0.041666
116.356511 0.041666
116.398179 0.041667
116.439846 0.041667
116.481512 0.041667
116.523179 0.041667
116.564846 0.041666
116.606512 0.041667
116.648180 0.041667
116.689846 0.041666
116.731513 0.041667
116.773178 0.041665
116.814810 0.041632
116.856512 0.041702
116.898179 0.041667
116.939846 0.041666
116.981513 0.041667
117.023179 0.041666
117.064845 0.041666
117.106512 0.041667
117.148179 0.041667
117.189845 0.041666
117.231512 0.041667
117.273179 0.041667
117.314846 0.041667
117.356512 0.041666
117.398180 0.041668
117.439846 0.041666
117.481512 0.041666
117.523178 0.041666
117.564845 0.041667
117.606512 0.041667
117.648179 0.041667
117.689846 0.041667
117.731512 0.041666
117.773179 0.041667
117.814846 0.041666
117.856513 0.041668
117.898179 0.041666
117.939845 0.041665
117.981513 0.041668
118.023179 0.041666
118.064846 0.041667
118.106512 0.041666
118.148180 0.041668
118.189846 0.041666
118.231512 0.041666
118.273179 0.041667
118.314845 0.041666
118.356512 0.041667
118.398179 0.041667
118.439844 0.041665
118.481512 0.041668
118.523178 0.041666
118.564847 0.041668
118.606513 0.041666
118.648180 0.041667
118.689821 0.041641
118.731512 0.041691
118.773179 0.041667
118.814844 0.041665
118.856512 0.041668
118.898182 0.041670
118.939846 0.041664
118.981513 0.041667
119.023178 0.041665
119.064846 0.041667
119.106511 0.041666
119.148180 0.041669
119.189845 0.041666
119.231512 0.041667
119.273178 0.041666
119.314845 0.041667
119.356512 0.041667
119.398179 0.041667
119.439845 0.041667
119.481512 0.041667
119.523178 0.041666
119.564846 0.041667
119.606513 0.041667
119.648180 0.041667
119.689846 0.041666
119.731511 0.041666
119.773178 0.041667
119.814845 0.041667
119.856512 0.041667
119.898177 0.041665
119.939845 0.041668
119.981513 0.041668
120.023179 0.041666
120.064846 0.041667
120.106512 0.041666
120.148180 0.041668
120.189846 0.041666
120.231512 0.041666
120.273179 0.041666
120.314845 0.041667
120.356513 0.041667
120.398179 0.041666
120.439845 0.041666
120.481512 0.041667
120.523179 0.041667
120.564846 0.041667
120.606513 0.041667
120.648179 0.041666
120.689845 0.041666
120.731513 0.041668
120.773179 0.041666
120.814846 0.041667
120.856513 0.041667
120.898180 0.041667
120.939845 0.041665
120.981512 0.041667
121.023179 0.041667
121.064845 0.041666
121.106512 0.041667
121.148179 0.041667
121.189845 0.041666
121.231510 0.041665
121.273177 0.041667
121.314845 0.041668
121.356512 0.041668
121.398178 0.041666
121.439845 0.041667
121.481513 0.041668
121.523178 0.041665
121.564845 0.041667
121.606512 0.041667
121.648179 0.041668
121.689846 0.041667
121.731514 0.041667
121.773179 0.041666
121.814847 0.041668
121.856511 0.041664
121.898179 0.041668
121.939846 0.041667
121.981512 0.041666
122.023179 0.041667
122.064846 0.041667
122.106513 0.041667
122.148179 0.041666
122.189845 0.041666
122.231511 0.041666
122.273174 0.041663
122.314845 0.041670
122.356513 0.041668
122.398179 0.041666
122.439846 0.041667
122.481513 0.041667
122.523179 0.041667
122.564846 0.041666
122.606511 0.041665
122.648178 0.041667
122.689845 0.041667
122.731514 0.041669
122.773179 0.041665
122.814845 0.041666
122.856512 0.041667
122.898179 0.041667
122.939849 0.041670
122.981513 0.041664
123.023178 0.041665
123.064846 0.041668
123.106512 0.041667
123.148179 0.041667
123.189846 0.041667
123.231511 0.041666
123.273179 0.041668
123.314846 0.041667
123.356513 0.041667
123.398178 0.041665
123.439846 0.041668
123.481513 0.041667
123.523178 0.041666
123.564846 0.041667
123.606512 0.041666
123.648180 0.041668
123.689846 0.041666
123.731515 0.041670
123.773180 0.041665
123.814845 0.041664
123.856494 0.041649
123.898179 0.041685
123.939846 0.041666
123.981511 0.041666
124.023178 0.041666
124.064846 0.041668
124.106512 0.041666
124.148179 0.041667
124.189845 0.041666
124.231512 0.041667
124.273178 0.041667
124.314845 0.041667
124.356512 0.041666
124.398179 0.041667
124.439846 0.041667
124.481513 0.041668
124.523179 0.041666
124.564845 0.041665
124.606511 0.041666
124.648179 0.041668
124.689846 0.041667
124.731512 0.041666
124.773179 0.041668
124.814847 0.041667
124.856511 0.041664
124.898179 0.041668
124.939846 0.041667
124.981511 0.041665
125.023178 0.041667
125.064846 0.041668
125.106512 0.041666
125.148180 0.041668
125.189846 0.041666
125.231512 0.041667
125.273180 0.041667
125.314845 0.041666
125.356512 0.041666
125.398179 0.041667
125.439844 0.041666
125.481512 0.041668
125.523178 0.041665
125.564845 0.041668
125.606512 0.041666
125.648179 0.041667
125.689847 0.041669
125.731512 0.041665
125.773178 0.041666
125.814847 0.041669
125.856515 0.041668
125.898180 0.041665
125.939846 0.041666
125.981511 0.041665
