0.014351 0.014351
0.053890 0.039539
0.093896 0.040006
0.133880 0.039984
0.173884 0.040003
0.213923 0.040039
0.253915 0.039993
0.293926 0.040011
0.333927 0.040000
0.373882 0.039955
0.413891 0.040009
0.453923 0.040032
0.493887 0.039965
0.533888 0.040001
0.573891 0.040003
0.613889 0.039998
0.653889 0.040000
0.693922 0.040032
0.733919 0.039997
0.773921 0.040002
0.813923 0.040002
0.853922 0.039999
0.893856 0.039934
0.933851 0.039995
0.973851 0.040000
1.013848 0.039997
1.053848 0.040000
1.093847 0.039999
1.133848 0.040001
1.173847 0.039999
1.213848 0.040001
1.253848 0.040000
1.293848 0.040000
1.333848 0.040000
1.373890 0.040042
1.413848 0.039958
1.453847 0.039999
1.493847 0.039999
1.533847 0.040001
1.573850 0.040002
1.613847 0.039997
1.653853 0.040006
1.693848 0.039995
1.733848 0.040000
1.773848 0.040001
1.813848 0.039999
1.853847 0.040000
1.893849 0.040002
1.933848 0.039999
1.973848 0.040000
2.013848 0.040000
2.053848 0.040000
2.093848 0.040000
2.133848 0.040000
2.173850 0.040002
2.213849 0.039998
2.253849 0.040000
2.293849 0.040000
2.333847 0.039998
2.373847 0.040000
2.413847 0.040000
2.453848 0.040001
2.493849 0.040001
2.533847 0.039998
2.573849 0.040001
2.613848 0.039999
2.653849 0.040002
2.693850 0.040001
2.733852 0.040001
2.773851 0.040000
2.813850 0.039999
2.853851 0.040001
2.893850 0.039999
2.933849 0.039999
2.973850 0.040002
3.013847 0.039997
3.053847 0.040000
3.093848 0.040001
3.133847 0.040000
3.173848 0.040001
3.213848 0.040000
3.253848 0.040001
3.293848 0.040000
3.333849 0.040000
3.373849 0.040001
3.413848 0.039999
3.453848 0.039999
3.493849 0.040001
3.533849 0.040000
3.573849 0.040001
3.613848 0.039999
3.653848 0.040000
3.693848 0.040000
3.733847 0.039999
3.773846 0.039998
3.813848 0.040002
3.853848 0.040000
3.893849 0.040002
3.933848 0.039998
3.973849 0.040002
4.013848 0.039999
4.053848 0.040000
4.093848 0.040000
4.133848 0.040000
4.173849 0.040001
4.213848 0.039999
4.253848 0.040000
4.293849 0.040000
4.333848 0.039999
4.373848 0.040000
4.413848 0.040000
4.453847 0.039999
4.493848 0.040001
4.533848 0.040001
4.573850 0.040002
4.613849 0.039999
4.653849 0.040000
4.693848 0.040000
4.733848 0.040000
4.773849 0.040000
4.813848 0.039999
4.853848 0.040000
4.893849 0.040000
4.933856 0.040008
4.973847 0.039991
5.013847 0.040000
5.053846 0.039999
5.093848 0.040001
5.133848 0.040000
5.173850 0.040002
5.213847 0.039997
5.253847 0.040000
5.293847 0.040000
5.333848 0.040001
5.373848 0.040000
5.413848 0.040000
5.453847 0.039999
5.493848 0.040001
5.533848 0.040000
5.573848 0.040000
5.613848 0.039999
5.653849 0.040001
5.693848 0.039999
5.733848 0.040000
5.773849 0.040002
5.813848 0.039999
5.853848 0.040000
5.893847 0.039999
5.933847 0.040000
5.973848 0.040000
6.013847 0.040000
6.053848 0.040001
6.093848 0.040000
6.133848 0.040000
6.173849 0.040001
6.213847 0.039998
6.253848 0.040001
6.293847 0.039999
6.333847 0.040000
6.373849 0.040002
6.413847 0.039999
6.453848 0.040001
6.493847 0.039999
6.533848 0.040001
6.573849 0.040001
6.613847 0.039998
6.653848 0.040001
6.693848 0.040000
6.733849 0.040001
6.773847 0.039999
6.813848 0.040000
6.853848 0.040000
6.893848 0.040001
6.933849 0.040000
6.973849 0.040000
7.013847 0.039998
7.053847 0.040000
7.093848 0.040001
7.133848 0.040000
7.173847 0.039999
7.213847 0.040000
7.253849 0.040002
7.293848 0.039999
7.333851 0.040003
7.373847 0.039997
7.413848 0.040000
7.453848 0.040000
7.493848 0.040001
7.533848 0.040000
7.573850 0.040002
7.613848 0.039998
7.653847 0.039999
7.693847 0.040000
7.733848 0.040001
7.773847 0.040000
7.813848 0.040001
7.853848 0.040000
7.893847 0.040000
7.933847 0.040000
7.973848 0.040001
8.013847 0.039999
8.053848 0.040001
8.093848 0.040001
8.133848 0.040000
8.173850 0.040002
8.213848 0.039998
8.253847 0.039999
8.293847 0.040000
8.333847 0.040000
8.373847 0.040000
8.413847 0.040000
8.453847 0.040000
8.493847 0.040000
8.533847 0.040000
8.573848 0.040001
8.613847 0.040000
8.653847 0.040000
8.693848 0.040001
8.733847 0.039999
8.773850 0.040002
8.813849 0.039999
8.853848 0.039999
8.893847 0.039999
8.933848 0.040001
8.973848 0.040000
9.013847 0.039999
9.053847 0.040000
9.093847 0.040000
9.133847 0.040000
9.173847 0.040000
9.213847 0.040000
9.253847 0.040000
9.293848 0.040001
9.333848 0.040000
9.373851 0.040003
9.413848 0.039997
9.453847 0.039999
9.493848 0.040000
9.533848 0.040001
9.573847 0.039999
9.613848 0.040000
9.653848 0.040000
9.693847 0.039999
9.733847 0.040000
9.773847 0.040000
9.813848 0.040000
9.853847 0.039999
9.893847 0.040000
9.933847 0.040000
9.973852 0.040005
10.013848 0.039996
10.053848 0.040000
10.093847 0.039999
10.133849 0.040002
10.173848 0.039999
10.213847 0.039999
10.253847 0.040000
10.293848 0.040001
10.333848 0.040000
10.373847 0.039999
10.413847 0.040000
10.453847 0.039999
10.493847 0.040001
10.533847 0.039999
10.573850 0.040003
10.613848 0.039998
10.653848 0.040000
10.693848 0.040000
10.733848 0.040000
10.773848 0.040000
10.813847 0.039999
10.853848 0.040000
10.893848 0.040000
10.933848 0.040000
10.973847 0.039999
11.013847 0.040000
11.053847 0.040000
11.093847 0.040000
11.133847 0.040000
11.173847 0.040000
11.213847 0.040000
11.253847 0.040000
11.293848 0.040000
11.333848 0.040000
11.373847 0.040000
11.413848 0.040001
11.453847 0.039999
11.493848 0.040001
11.533848 0.040000
11.573849 0.040001
11.613848 0.040000
11.653847 0.039999
11.693847 0.039999
11.733847 0.040000
11.773846 0.039999
11.813847 0.040001
11.853847 0.039999
11.893847 0.040000
11.933847 0.040000
11.973847 0.040000
12.013846 0.039999
12.053847 0.040001
12.093848 0.040001
12.133848 0.040000
12.173847 0.039999
12.213848 0.040001
12.253848 0.040000
12.293848 0.040000
12.333848 0.040000
12.373847 0.039999
12.413846 0.039999
12.453847 0.040001
12.493846 0.039999
12.533847 0.040001
12.573848 0.040000
12.613847 0.040000
12.653848 0.040001
12.693849 0.040001
12.733848 0.039999
12.773848 0.040000
12.813848 0.039999
12.853848 0.040000
12.893848 0.040000
12.933848 0.040000
12.973847 0.039999
13.013848 0.040000
13.053847 0.040000
13.093847 0.040000
13.133847 0.040000
13.173847 0.040000
13.213847 0.040001
13.253847 0.040000
13.293848 0.040001
13.333848 0.040000
13.373847 0.039999
13.413847 0.039999
13.453848 0.040001
13.493848 0.040000
13.533848 0.040000
13.573847 0.039999
13.613848 0.040001
13.653848 0.040000
13.693849 0.040002
13.733848 0.039999
13.773847 0.039999
13.813848 0.040000
13.853847 0.039999
13.893847 0.040000
13.933847 0.040000
13.973847 0.040000
14.013847 0.040001
14.053848 0.040000
14.093848 0.040000
14.133848 0.040000
14.173848 0.040000
14.213847 0.039999
14.253847 0.040000
14.293850 0.040003
14.333848 0.039998
14.373848 0.040000
14.413847 0.039999
14.453848 0.040001
14.493847 0.039999
14.533847 0.040000
14.573847 0.040000
14.613847 0.040000
14.653847 0.040001
14.693847 0.040000
14.733847 0.039999
14.773847 0.040000
14.813847 0.040001
14.853847 0.040000
14.893847 0.040001
14.933848 0.040000
14.973848 0.040000
15.013847 0.039999
15.053848 0.040001
15.093847 0.039999
15.133847 0.040000
15.173846 0.040000
15.213847 0.040000
15.253848 0.040001
15.293847 0.039999
15.333847 0.040001
15.373847 0.040000
15.413847 0.039999
15.453848 0.040001
15.493847 0.040000
15.533847 0.040000
15.573848 0.040001
15.613848 0.040000
15.653849 0.040000
15.693848 0.039999
15.733848 0.040000
15.773847 0.040000
15.813848 0.040000
15.853847 0.039999
15.893847 0.040001
15.933848 0.040001
15.973848 0.040000
16.013847 0.040000
16.053848 0.040001
16.093848 0.040000
16.133847 0.039999
16.173846 0.039999
16.213847 0.040001
16.253848 0.040000
16.293848 0.040000
16.333847 0.040000
16.373848 0.040000
16.413847 0.040000
16.453848 0.040000
16.493847 0.040000
16.533847 0.040000
16.573847 0.040000
16.613847 0.039999
16.653848 0.040001
16.693848 0.040000
16.733848 0.040000
16.773848 0.040000
16.813848 0.040000
16.853848 0.040000
16.893848 0.040000
16.933847 0.039999
16.973848 0.040001
17.013848 0.040000
17.053848 0.040000
17.093847 0.039999
17.133847 0.040000
17.173847 0.040000
17.213846 0.039999
17.253847 0.040000
17.293847 0.040001
17.333847 0.040000
17.373983 0.040135
17.413848 0.039865
17.453847 0.039999
17.493848 0.040000
17.533848 0.040000
17.573847 0.039999
17.613849 0.040002
17.653848 0.039999
17.693848 0.040001
17.733848 0.039999
17.773848 0.040000
17.813847 0.040000
17.853847 0.040000
17.893847 0.039999
17.933847 0.040001
17.973848 0.040000
18.013847 0.040000
18.053847 0.040000
18.093847 0.040000
18.133848 0.040001
18.173848 0.040000
18.213848 0.040000
18.253847 0.039999
18.293848 0.040001
18.333848 0.040000
18.373848 0.040000
18.413848 0.040000
18.453848 0.040000
18.493847 0.039999
18.533848 0.040001
18.573846 0.039999
18.613847 0.040001
18.653848 0.040001
18.693847 0.039999
18.733847 0.040000
18.773848 0.040001
18.813847 0.039999
18.853848 0.040000
18.893847 0.040000
18.933848 0.040001
18.973847 0.039999
19.013848 0.040000
19.053847 0.040000
19.093848 0.040001
19.133848 0.039999
19.173848 0.040000
19.213847 0.039999
19.253846 0.039999
19.293847 0.040001
19.333847 0.039999
19.373847 0.040001
19.413847 0.040000
19.453848 0.040001
19.493847 0.039999
19.533848 0.040001
19.573848 0.040000
19.613848 0.040000
19.653847 0.039999
19.693847 0.040000
19.733848 0.040001
19.773847 0.039999
19.813976 0.040129
19.853846 0.039871
19.893847 0.040001
19.933847 0.039999
19.973847 0.040000
20.013848 0.040001
20.053847 0.039999
20.093847 0.040001
20.133847 0.040000
20.173854 0.040007
20.213848 0.039993
20.253848 0.040001
20.293847 0.039998
20.333848 0.040001
20.373848 0.040000
20.413848 0.040000
20.453847 0.040000
20.493848 0.040001
20.533847 0.039999
20.573846 0.039999
20.613847 0.040001
20.653847 0.040000
20.693847 0.040000
20.733848 0.040001
20.773848 0.040000
20.813848 0.040000
20.853848 0.039999
20.893848 0.040001
20.933848 0.040000
20.973847 0.039999
21.013847 0.040000
21.053847 0.040000
21.093847 0.040000
21.133848 0.040000
21.173847 0.040000
21.213848 0.040000
21.253847 0.039999
21.293846 0.040000
21.333847 0.040001
21.373846 0.039999
21.413847 0.040000
21.453847 0.040000
21.493849 0.040002
21.533849 0.040000
21.573848 0.040000
21.613847 0.039999
21.653850 0.040003
21.693848 0.039998
21.733854 0.040006
21.773849 0.039995
21.813847 0.039998
21.853847 0.039999
21.893847 0.040000
21.933847 0.040000
21.973847 0.040000
22.013973 0.040126
22.053847 0.039874
22.093974 0.040127
22.133848 0.039873
22.173848 0.040000
22.213847 0.040000
22.253847 0.040000
22.293847 0.040000
22.333848 0.040001
22.373848 0.040000
22.413847 0.040000
22.453848 0.040001
22.493848 0.039999
22.533848 0.040000
22.573847 0.040000
22.613847 0.040000
22.653847 0.040000
22.693847 0.040001
22.733848 0.040000
22.773847 0.040000
22.813847 0.040000
22.853847 0.040000
22.893847 0.040000
22.933848 0.040001
22.973847 0.039999
23.013848 0.040001
23.053847 0.039999
23.093848 0.040001
23.133848 0.040000
23.173848 0.040000
23.213847 0.039999
23.253847 0.040000
23.293847 0.040000
23.333847 0.040000
23.373848 0.040000
23.413847 0.039999
23.453848 0.040001
23.493848 0.040001
23.533848 0.040000
23.573848 0.040000
23.613848 0.040000
23.653847 0.039999
23.693848 0.040001
23.733848 0.040000
23.773848 0.040000
23.813847 0.039999
23.853847 0.040000
23.893848 0.040000
23.933848 0.040000
23.973847 0.039999
24.013847 0.040001
24.053848 0.040000
24.093847 0.040000
24.133848 0.040000
24.173844 0.039997
24.213847 0.040003
24.253847 0.040000
24.293848 0.040000
24.333847 0.040000
24.373848 0.040001
24.413848 0.040000
24.453848 0.040000
24.493847 0.039999
24.533848 0.040001
24.573847 0.039999
24.613847 0.040000
24.653847 0.040001
24.693847 0.039999
24.733848 0.040001
24.773848 0.040000
24.813847 0.040000
24.853848 0.040001
24.893848 0.040000
24.933849 0.040001
24.973848 0.039999
25.013848 0.039999
25.053848 0.040000
25.093848 0.040000
25.133849 0.040001
25.173846 0.039998
25.213849 0.040002
25.253847 0.039998
25.293847 0.040000
25.333847 0.040001
25.373848 0.040000
25.413847 0.039999
25.453847 0.040001
25.493847 0.039999
25.533848 0.040001
25.573848 0.040000
25.613848 0.040000
25.653848 0.040000
25.693848 0.040000
25.733848 0.040000
25.773848 0.040000
25.813847 0.039999
25.853847 0.040000
25.893847 0.040000
25.933847 0.040000
25.973847 0.040000
26.013847 0.040000
26.053847 0.040000
26.093848 0.040001
26.133847 0.039999
26.173848 0.040001
26.213847 0.039999
26.253848 0.040001
26.293847 0.039999
26.333847 0.040000
26.373847 0.040000
26.413974 0.040128
26.453847 0.039873
26.493848 0.040001
26.533847 0.039999
26.573847 0.040000
26.613847 0.040000
26.653848 0.040001
26.693847 0.039999
26.733849 0.040002
26.773848 0.039999
26.813848 0.040000
26.853847 0.039999
26.893847 0.040000
26.933851 0.040004
26.973850 0.039999
27.013846 0.039996
27.053850 0.040004
27.093850 0.040001
27.133847 0.039997
27.173848 0.040001
27.213848 0.040000
