0.022837 0.022837
0.039379 0.016542
0.081082 0.041703
0.122824 0.041742
0.164450 0.041627
0.206075 0.041625
0.247748 0.041673
0.289402 0.041655
0.331114 0.041712
0.374091 0.042976
0.414400 0.040310
0.456113 0.041713
0.497780 0.041667
0.539448 0.041668
0.581113 0.041664
0.622747 0.041635
0.664453 0.041705
0.706111 0.041658
0.747783 0.041673
0.789381 0.041597
0.831037 0.041657
0.872703 0.041666
0.914368 0.041665
0.956048 0.041680
0.997705 0.041657
1.040671 0.042966
1.086305 0.045634
1.160743 0.074438
1.207667 0.046924
1.281290 0.073622
1.290746 0.009456
1.352464 0.061718
1.452840 0.100376
1.501003 0.048163
1.573455 0.072453
1.630998 0.057542
1.704613 0.073615
1.749624 0.045011
1.802367 0.052743
1.879622 0.077255
1.925233 0.045611
1.970080 0.044848
2.056429 0.086348
2.102041 0.045612
2.154854 0.052813
2.200800 0.045947
2.294242 0.093442
2.355905 0.061663
2.408263 0.052359
2.453914 0.045651
2.501446 0.047532
2.552810 0.051364
2.652413 0.099603
2.668170 0.015757
2.780669 0.112499
2.830075 0.049407
2.895719 0.065644
2.940047 0.044328
2.994284 0.054237
3.042535 0.048250
3.128910 0.086375
3.170558 0.041648
3.234366 0.063809
3.309247 0.074880
3.375694 0.066447
3.448804 0.073110
3.497706 0.048902
3.539366 0.041661
3.581033 0.041667
3.683946 0.102913
3.737955 0.054009
3.809889 0.071934
3.887567 0.077678
3.933400 0.045833
3.999864 0.066464
4.048995 0.049131
4.109928 0.060933
4.124132 0.014204
4.203305 0.079173
4.208140 0.004835
4.261034 0.052894
4.292785 0.031751
4.356093 0.063308
4.421112 0.065019
4.515690 0.094577
4.569294 0.053604
4.581039 0.011745
4.656163 0.075124
4.740815 0.084652
4.798354 0.057538
4.850700 0.052346
4.935694 0.084994
4.977406 0.041712
5.039390 0.061984
5.085213 0.045823
5.149169 0.063957
5.164375 0.015205
5.288577 0.124202
5.331038 0.042461
5.404689 0.073651
5.444404 0.039715
5.511831 0.067427
5.574546 0.062715
5.659401 0.084855
5.700064 0.040664
5.709985 0.009921
5.810147 0.100162
5.985073 0.174926
6.103797 0.118724
6.192738 0.088941
6.239809 0.047071
6.442738 0.202929
6.552453 0.109715
6.734148 0.181695
6.970818 0.236670
7.058855 0.088038
7.373699 0.314844
7.429971 0.056272
7.599559 0.169588
7.796647 0.197088
8.044499 0.247852
8.274004 0.229504
8.531767 0.257764
8.626856 0.095088
8.883523 0.256667
9.004307 0.120784
9.105264 0.100957
9.410326 0.305062
9.564801 0.154475
9.654069 0.089268
9.736984 0.082915
9.983270 0.246287
10.063851 0.080581
10.239888 0.176037
10.495291 0.255403
10.614346 0.119055
10.684227 0.069881
10.832509 0.148282
11.105418 0.272909
11.228863 0.123445
11.384550 0.155687
11.470945 0.086394
11.700786 0.229841
11.867871 0.167085
11.980300 0.112429
12.162894 0.182594
12.291249 0.128355
12.478091 0.186842
12.639156 0.161065
12.752293 0.113137
12.837204 0.084911
13.066676 0.229472
13.237050 0.170374
13.317738 0.080687
13.426632 0.108895
13.606884 0.180252
13.748649 0.141765
13.846566 0.097917
13.988450 0.141884
14.120545 0.132096
14.288297 0.167752
14.370963 0.082666
14.679125 0.308162
14.861172 0.182047
15.062648 0.201476
15.239791 0.177142
15.368656 0.128865
15.585874 0.217219
15.758752 0.172877
15.928411 0.169659
16.091384 0.162974
16.228825 0.137441
16.412333 0.183508
16.500851 0.088518
16.723391 0.222539
16.838564 0.115174
16.999725 0.161161
17.086565 0.086840
17.276151 0.189586
17.369271 0.093120
17.555394 0.186123
17.710121 0.154727
17.893039 0.182918
17.989478 0.096439
18.114021 0.124543
18.306198 0.192177
18.442177 0.135979
18.579296 0.137120
18.674575 0.095279
18.809310 0.134735
18.952916 0.143606
19.059363 0.106447
19.118997 0.059634
19.278268 0.159271
19.390419 0.112151
19.566620 0.176201
19.629816 0.063197
19.832457 0.202640
19.953794 0.121337
20.077433 0.123639
20.228522 0.151089
20.336872 0.108350
20.472260 0.135388
20.600730 0.128470
20.727938 0.127208
20.819135 0.091198
20.955578 0.136443
21.101064 0.145486
21.170889 0.069825
21.328692 0.157803
21.434722 0.106030
21.602225 0.167504
21.725084 0.122859
21.873972 0.148889
21.990613 0.116641
22.084518 0.093905
22.186394 0.101875
22.432524 0.246130
22.603957 0.171434
22.763448 0.159491
22.954868 0.191419
23.095691 0.140823
23.347711 0.252020
23.501652 0.153941
23.673379 0.171727
23.845755 0.172376
24.072763 0.227008
24.228113 0.155350
24.399760 0.171647
24.503175 0.103415
24.767135 0.263960
24.908541 0.141406
25.079160 0.170619
25.282630 0.203471
25.472521 0.189890
25.662487 0.189966
25.846665 0.184178
26.025367 0.178702
26.212884 0.187517
26.428996 0.216112
26.583863 0.154867
26.750332 0.166469
26.935059 0.184727
27.192336 0.257277
27.341920 0.149584
27.541061 0.199140
27.702931 0.161871
27.919118 0.216187
28.146368 0.227250
28.313946 0.167577
28.535239 0.221294
28.580993 0.045754
28.622707 0.041714
28.822909 0.200202
29.011715 0.188805
29.056878 0.045163
29.111147 0.054269
29.169287 0.058140
29.246850 0.077562
29.333934 0.087084
29.471037 0.137103
29.674363 0.203325
29.853390 0.179028
30.020009 0.166619
30.182160 0.162151
30.299014 0.116854
30.413315 0.114301
30.504564 0.091249
30.646090 0.141526
30.747955 0.101866
30.903426 0.155471
30.954038 0.050611
31.121425 0.167387
31.266860 0.145435
31.398192 0.131333
31.590251 0.192059
31.730626 0.140375
31.883315 0.152689
31.996484 0.113169
32.199276 0.202792
32.285928 0.086652
32.463869 0.177940
32.555594 0.091726
32.745554 0.189959
32.919777 0.174224
33.057238 0.137461
33.169213 0.111975
33.343686 0.174472
33.492235 0.148550
33.604525 0.112290
33.735484 0.130959
33.848880 0.113396
34.432475 0.583594
34.754636 0.322162
34.955252 0.200615
35.139518 0.184266
35.281836 0.142318
35.432050 0.150214
35.549251 0.117201
35.867159 0.317908
36.065856 0.198696
36.147264 0.081408
36.296347 0.149083
36.628728 0.332381
36.775280 0.146552
36.923668 0.148388
37.047424 0.123756
37.351259 0.303835
37.537576 0.186317
37.665088 0.127513
37.768721 0.103633
38.104078 0.335357
38.240590 0.136512
38.384258 0.143668
38.515856 0.131598
38.807801 0.291946
38.996702 0.188901
39.108589 0.111887
39.229426 0.120837
39.552097 0.322671
39.718441 0.166344
39.871145 0.152704
39.966655 0.095510
40.219250 0.252595
40.435602 0.216352
40.505437 0.069835
40.665413 0.159976
40.750347 0.084934
40.993933 0.243586
41.084195 0.090262
41.234952 0.150757
41.397318 0.162366
41.530624 0.133306
41.669092 0.138468
41.808689 0.139596
41.954437 0.145748
42.139122 0.184685
42.243056 0.103934
42.374301 0.131244
42.554567 0.180266
42.705744 0.151176
42.814653 0.108910
42.979698 0.165045
43.081794 0.102095
43.296666 0.214872
43.366115 0.069449
43.504375 0.138259
43.693814 0.189440
43.830480 0.136665
43.983343 0.152863
44.086883 0.103540
44.268794 0.181911
44.419058 0.150264
44.545041 0.125984
44.669425 0.124383
44.806401 0.136976
44.968317 0.161916
45.103108 0.134791
45.236867 0.133759
45.372677 0.135810
45.523294 0.150618
45.650508 0.127214
45.790972 0.140464
45.950421 0.159448
46.107140 0.156720
46.227769 0.120628
46.408817 0.181049
46.540010 0.131192
46.654921 0.114912
46.820625 0.165704
46.906230 0.085605
47.026275 0.120045
47.153373 0.127098
47.277040 0.123667
47.372293 0.095253
47.521616 0.149323
47.649405 0.127789
47.785227 0.135822
47.916572 0.131345
48.053077 0.136505
48.184574 0.131497
48.304047 0.119473
48.463809 0.159762
48.592800 0.128991
48.732186 0.139386
48.861136 0.128950
48.974295 0.113160
49.140189 0.165894
49.262099 0.121910
49.397127 0.135028
49.528648 0.131521
49.633045 0.104397
49.782995 0.149950
49.905744 0.122749
50.047836 0.142092
50.189226 0.141390
50.318819 0.129593
50.491325 0.172506
50.594495 0.103170
50.724609 0.130115
50.908740 0.184131
51.041215 0.132474
51.179608 0.138393
51.316233 0.136625
51.434214 0.117981
51.585119 0.150905
51.805451 0.220332
52.040038 0.234586
52.301820 0.261783
52.558949 0.257129
52.841075 0.282126
53.209468 0.368393
53.317947 0.108478
53.640500 0.322553
53.793015 0.152515
53.912779 0.119764
54.000520 0.087741
54.279602 0.279082
54.426518 0.146916
54.576753 0.150235
54.706437 0.129684
54.837343 0.130906
54.962309 0.124966
55.079069 0.116760
55.241094 0.162026
55.331244 0.090149
55.439578 0.108334
55.568393 0.128815
55.703743 0.135350
55.841790 0.138048
56.008083 0.166293
56.129663 0.121580
56.265701 0.136038
56.401009 0.135308
56.585738 0.184729
56.728769 0.143031
56.860904 0.132135
57.032104 0.171201
57.173745 0.141641
57.301806 0.128061
57.473189 0.171383
57.637042 0.163853
57.823825 0.186783
57.934256 0.110431
58.084416 0.150160
58.182815 0.098399
58.390155 0.207340
58.522731 0.132576
58.690763 0.168033
58.836810 0.146047
59.007568 0.170758
59.079071 0.071504
59.256640 0.177568
59.440559 0.183919
59.541592 0.101033
59.718610 0.177018
59.865309 0.146699
60.010414 0.145104
60.140246 0.129832
60.307942 0.167696
60.448346 0.140404
60.548537 0.100191
60.707793 0.159256
60.825618 0.117826
60.949096 0.123477
61.091616 0.142520
61.178627 0.087011
61.310631 0.132004
61.437422 0.126792
61.554139 0.116716
61.674086 0.119947
61.807360 0.133274
61.906800 0.099440
62.026139 0.119339
62.120764 0.094625
62.221514 0.100751
62.388186 0.166672
62.495317 0.107131
62.665088 0.169771
62.812805 0.147717
63.008551 0.195746
63.179273 0.170722
63.389563 0.210291
63.513370 0.123807
63.771650 0.258279
63.905676 0.134027
64.097755 0.192079
64.276012 0.178257
64.457700 0.181688
64.610169 0.152468
64.774243 0.164074
64.908686 0.134443
65.083694 0.175008
65.200119 0.116425
65.289602 0.089482
65.473996 0.184395
65.583294 0.109298
65.710901 0.127606
65.862734 0.151834
66.004557 0.141823
66.151097 0.146540
66.282262 0.131165
66.406834 0.124572
66.575402 0.168568
66.706790 0.131388
66.843343 0.136553
67.003924 0.160581
67.134111 0.130186
67.263032 0.128921
67.394472 0.131440
67.572749 0.178277
67.727864 0.155115
67.860611 0.132748
67.987389 0.126777
68.110214 0.122825
68.256961 0.146747
68.366103 0.109142
68.519581 0.153478
68.689537 0.169956
68.859426 0.169890
69.009886 0.150460
69.135895 0.126009
69.296248 0.160352
69.481841 0.185593
69.675670 0.193829
69.787358 0.111687
69.944843 0.157485
70.108580 0.163738
70.320989 0.212409
70.461552 0.140563
70.632827 0.171275
70.834972 0.202145
71.010048 0.175077
71.186813 0.176765
71.311477 0.124664
71.513007 0.201530
71.701377 0.188370
71.838945 0.137568
71.939074 0.100129
72.177096 0.238022
72.289336 0.112239
72.471420 0.182084
72.638355 0.166935
72.893944 0.255589
73.074660 0.180716
73.347849 0.273189
73.532917 0.185067
73.775485 0.242569
73.978541 0.203056
74.186880 0.208338
74.394810 0.207931
74.606495 0.211684
74.801466 0.194971
75.080237 0.278771
75.304365 0.224128
75.531411 0.227047
75.739465 0.208054
75.944962 0.205497
76.147508 0.202546
76.365763 0.218255
76.540232 0.174469
76.726226 0.185994
76.917925 0.191699
77.117348 0.199423
77.356812 0.239464
77.473595 0.116784
77.631275 0.157680
77.787313 0.156038
77.962315 0.175002
78.124274 0.161959
78.270585 0.146311
78.442748 0.172163
78.616199 0.173451
78.813491 0.197292
78.982610 0.169119
79.187921 0.205311
79.360524 0.172603
79.519168 0.158644
79.707677 0.188509
79.855266 0.147589
80.018145 0.162879
80.231775 0.213630
80.419443 0.187668
80.576573 0.157130
80.718485 0.141912
80.833322 0.114837
80.989709 0.156387
81.197232 0.207523
81.326119 0.128887
81.459417 0.133298
81.614601 0.155185
81.725457 0.110855
81.846121 0.120664
82.000188 0.154067
82.128296 0.128108
82.264888 0.136592
82.368413 0.103525
82.529372 0.160960
82.658892 0.129520
82.833206 0.174314
82.974830 0.141623
83.106914 0.132084
83.235519 0.128605
83.376429 0.140910
83.536124 0.159695
83.688454 0.152330
83.810135 0.121682
83.942406 0.132271
84.111560 0.169154
84.210177 0.098616
84.352525 0.142349
84.495810 0.143285
84.635866 0.140055
84.767608 0.131743
84.826321 0.058712
84.985202 0.158881
85.106532 0.121331
85.271830 0.165298
85.381252 0.109422
85.520745 0.139493
85.649163 0.128418
85.803996 0.154833
85.949493 0.145497
86.087373 0.137880
86.205444 0.118071
86.346189 0.140745
86.512308 0.166120
86.614749 0.102441
86.735472 0.120723
86.849365 0.113893
87.055948 0.206583
87.156603 0.100655
87.205999 0.049396
87.416967 0.210968
87.571793 0.154825
87.670989 0.099197
87.730570 0.059581
87.909345 0.178774
88.044624 0.135279
88.130636 0.086012
88.205490 0.074855
88.385877 0.180386
88.512148 0.126272
88.615329 0.103181
88.700710 0.085381
88.838197 0.137487
88.961486 0.123288
89.063382 0.101897
89.111533 0.048150
89.220801 0.109268
89.261040 0.040239
89.360490 0.099450
89.408897 0.048407
89.456038 0.047141
89.513493 0.057454
89.572009 0.058516
89.664471 0.092463
89.706039 0.041567
89.820118 0.114079
89.883610 0.063492
89.953168 0.069558
90.116204 0.163036
90.225118 0.108914
90.408145 0.183027
90.535023 0.126878
90.710762 0.175739
90.890163 0.179401
91.050167 0.160004
91.236197 0.186030
91.412113 0.175916
91.587785 0.175672
91.702819 0.115034
91.869732 0.166913
92.037493 0.167761
92.144790 0.107296
92.341918 0.197129
92.540168 0.198250
92.684526 0.144357
92.794244 0.109718
92.976169 0.181925
93.093696 0.117527
93.287997 0.194301
93.408965 0.120967
93.592462 0.183497
93.723769 0.131307
93.859243 0.135475
94.054504 0.195261
94.194898 0.140394
94.302335 0.107437
94.442863 0.140528
94.581750 0.138887
94.883337 0.301586
95.081306 0.197969
95.225850 0.144544
95.420158 0.194308
95.641843 0.221685
95.814005 0.172162
95.993233 0.179228
96.287669 0.294436
96.491359 0.203690
96.660707 0.169349
96.794213 0.133506
97.051014 0.256800
97.238437 0.187423
97.401756 0.163319
97.573449 0.171693
97.812309 0.238860
98.018941 0.206631
98.215301 0.196360
98.387404 0.172103
98.621456 0.234052
98.823529 0.202073
98.966607 0.143079
99.123477 0.156869
99.404403 0.280927
99.578706 0.174302
99.758108 0.179403
99.866529 0.108421
100.119026 0.252496
100.336036 0.217011
100.475011 0.138975
100.665224 0.190213
100.887823 0.222599
101.079550 0.191728
101.220744 0.141194
101.352163 0.131418
101.484090 0.131928
101.607581 0.123491
101.792750 0.185169
101.889788 0.097037
102.062782 0.172994
102.169627 0.106845
102.366605 0.196978
102.491326 0.124721
102.628573 0.137247
102.772192 0.143618
102.962513 0.190321
103.139901 0.177389
103.264149 0.124248
103.395486 0.131336
103.577757 0.182272
103.677559 0.099801
103.844475 0.166916
103.954505 0.110030
104.149858 0.195353
104.263273 0.113415
104.477123 0.213850
104.604091 0.126969
104.808021 0.203930
104.953503 0.145482
105.028394 0.074891
105.159648 0.131255
105.337204 0.177556
105.477384 0.140180
105.593447 0.116063
105.682061 0.088613
105.830494 0.148434
105.972186 0.141691
106.096806 0.124620
106.174807 0.078001
106.367252 0.192445
106.507914 0.140662
106.592512 0.084598
106.800572 0.208060
106.967632 0.167060
107.088609 0.120977
107.202193 0.113584
107.346990 0.144798
107.527312 0.180321
107.614777 0.087466
107.748883 0.134106
107.943391 0.194508
108.026233 0.082843
108.166762 0.140528
108.312842 0.146080
108.463381 0.150539
108.540756 0.077375
108.706768 0.166012
108.905158 0.198390
109.056595 0.151437
109.172572 0.115978
109.278073 0.105501
109.438247 0.160174
109.572280 0.134032
109.705578 0.133298
109.838829 0.133252
110.033325 0.194496
110.156968 0.123643
110.312286 0.155318
110.455121 0.142835
110.566791 0.111670
110.702976 0.136185
110.875555 0.172579
111.044257 0.168702
111.192229 0.147972
111.305849 0.113621
111.438430 0.132581
111.617450 0.179020
111.774175 0.156725
111.857215 0.083039
112.014591 0.157377
112.181081 0.166490
112.367410 0.186329
112.492552 0.125142
112.633568 0.141016
112.762938 0.129370
112.944949 0.182010
113.075985 0.131036
113.230615 0.154629
113.403124 0.172509
113.558109 0.154986
113.678215 0.120106
113.822476 0.144261
113.990126 0.167650
114.156557 0.166431
114.286243 0.129686
114.418453 0.132209
114.514814 0.096362
114.735695 0.220881
114.835136 0.099441
115.015894 0.180758
115.175296 0.159401
115.267026 0.091731
115.473422 0.206396
115.608378 0.134956
115.781530 0.173153
115.983658 0.202127
116.120435 0.136778
116.262362 0.141927
116.425066 0.162704
116.601198 0.176132
116.708761 0.107563
116.849214 0.140453
117.032791 0.183577
117.125837 0.093046
117.323545 0.197708
117.465941 0.142396
117.586577 0.120636
117.750656 0.164079
117.869666 0.119010
118.033273 0.163607
118.177000 0.143728
118.349707 0.172707
118.504318 0.154611
118.643583 0.139265
118.796244 0.152661
118.932124 0.135880
119.074904 0.142780
119.248015 0.173111
119.374427 0.126412
119.533605 0.159178
119.626839 0.093234
119.809080 0.182241
119.960884 0.151804
120.097069 0.136185
120.259852 0.162784
120.402582 0.142730
120.556464 0.153882
120.720499 0.164035
120.863793 0.143294
121.041827 0.178035
121.178467 0.136640
121.304476 0.126009
121.493622 0.189147
121.656582 0.162959
121.778655 0.122074
121.922271 0.143615
122.099639 0.177369
122.198208 0.098568
122.399672 0.201465
122.663825 0.264153
122.811773 0.147948
122.870102 0.058329
123.041308 0.171205
123.193165 0.151857
123.356101 0.162937
123.446888 0.090787
123.606656 0.159768
123.733394 0.126738
123.865240 0.131846
124.002599 0.137359
124.203955 0.201356
124.279038 0.075083
124.457115 0.178076
124.566110 0.108996
124.739456 0.173346
124.874725 0.135269
125.079547 0.204823
125.208760 0.129212
125.321975 0.113215
125.457313 0.135338
125.618576 0.161263
125.766477 0.147901
125.912665 0.146188
126.052234 0.139569
126.138944 0.086709
126.262618 0.123675
126.469066 0.206447
126.623858 0.154792
126.723971 0.100114
126.825605 0.101634
126.966419 0.140813
127.105357 0.138938
127.293501 0.188144
127.372733 0.079233
127.513517 0.140784
127.676727 0.163210
127.784280 0.107553
127.901712 0.117432
128.014385 0.112672
128.154848 0.140463
128.327671 0.172824
128.418440 0.090769
128.536991 0.118550
128.642986 0.105995
128.785452 0.142466
128.914752 0.129300
129.032913 0.118161
129.208708 0.175795
129.302857 0.094149
129.395095 0.092239
129.503761 0.108665
129.639441 0.135681
129.788707 0.149266
129.907401 0.118694
129.996860 0.089459
130.052323 0.055464
130.236455 0.184132
130.358325 0.121870
130.476043 0.117718
130.552463 0.076420
130.638694 0.086231
130.834250 0.195555
130.928518 0.094268
131.036849 0.108331
131.147108 0.110260
131.285682 0.138573
131.407879 0.122197
131.497690 0.089811
131.607097 0.109407
131.752618 0.145521
131.813361 0.060742
131.964497 0.151136
132.096490 0.131993
132.186827 0.090337
132.296125 0.109298
132.429240 0.133115
132.583830 0.154590
132.777100 0.193270
132.907166 0.130066
133.078383 0.171217
133.276933 0.198550
133.391742 0.114809
133.528399 0.136658
133.730762 0.202363
133.935943 0.205181
134.066094 0.130151
134.236998 0.170904
134.378778 0.141780
134.575162 0.196384
134.777885 0.202724
134.882324 0.104438
135.082414 0.200090
135.247581 0.165168
135.346956 0.099374
135.481971 0.135015
135.558233 0.076262
135.680534 0.122301
135.814825 0.134291
135.948596 0.133771
136.097298 0.148701
136.201634 0.104336
136.357825 0.156192
136.500264 0.142438
136.643459 0.143196
136.776446 0.132987
136.910590 0.134144
137.013126 0.102536
137.159146 0.146021
137.291728 0.132581
137.433283 0.141555
137.569710 0.136428
137.720077 0.150367
137.830684 0.110607
137.934838 0.104154
138.062651 0.127813
138.224680 0.162029
138.322228 0.097549
138.483633 0.161404
138.649597 0.165964
138.764473 0.114876
138.934045 0.169572
139.066947 0.132902
139.239459 0.172513
139.372567 0.133107
139.535978 0.163412
139.657271 0.121293
139.790825 0.133554
139.911134 0.120308
140.029319 0.118185
140.161501 0.132182
140.251815 0.090313
140.351920 0.100106
140.507977 0.156057
140.630223 0.122245
140.742916 0.112694
140.862036 0.119120
140.968054 0.106018
141.098678 0.130624
141.189712 0.091034
141.346636 0.156924
141.487664 0.141028
141.572564 0.084900
141.670736 0.098172
141.743981 0.073245
141.884655 0.140674
141.985543 0.100887
142.070170 0.084628
142.163565 0.093395
142.248238 0.084673
142.300022 0.051783
142.331039 0.031017
142.372703 0.041664
142.449255 0.076552
142.508232 0.058977
142.550075 0.041842
142.627116 0.077041
142.682969 0.055853
142.804092 0.121124
142.889679 0.085587
142.994647 0.104968
143.127169 0.132523
143.295451 0.168281
143.429775 0.134325
143.620247 0.190472
143.744311 0.124064
143.893420 0.149109
144.067558 0.174138
144.155082 0.087523
144.236432 0.081350
144.337686 0.101254
144.542525 0.204839
144.709755 0.167230
144.838500 0.128745
144.925574 0.087074
145.085244 0.159670
145.256667 0.171423
145.374270 0.117603
145.466052 0.091781
145.648677 0.182625
145.734375 0.085698
145.830453 0.096078
146.009658 0.179205
146.095125 0.085467
146.210935 0.115810
146.390600 0.179666
146.549805 0.159204
146.684534 0.134729
146.795590 0.111056
146.852605 0.057015
147.029650 0.177045
147.168168 0.138518
147.255031 0.086863
147.400905 0.145874
147.534564 0.133658
147.688049 0.153485
147.773514 0.085465
147.884740 0.111227
148.035447 0.150706
148.173511 0.138064
148.288164 0.114653
148.370436 0.082272
148.545368 0.174932
148.655065 0.109697
148.774747 0.119682
148.870757 0.096009
149.032853 0.162097
149.176860 0.144007
149.259905 0.083045
149.341470 0.081565
149.498370 0.156900
149.626146 0.127776
149.711103 0.084957
149.814545 0.103442
149.973982 0.159438
150.055705 0.081723
150.243844 0.188139
150.361131 0.117287
150.458192 0.097060
150.517145 0.058953
150.642464 0.125319
150.787622 0.145158
150.863079 0.075457
150.954229 0.091150
151.075514 0.121285
151.172527 0.097013
151.301133 0.128606
151.434608 0.133475
151.556053 0.121445
151.727129 0.171076
151.870062 0.142934
151.966454 0.096392
152.176593 0.210139
152.325574 0.148981
152.480961 0.155387
152.624379 0.143418
152.766654 0.142275
152.886832 0.120178
153.030699 0.143867
153.184057 0.153358
153.298923 0.114866
153.436439 0.137516
153.533116 0.096677
153.669713 0.136597
153.730558 0.060845
153.868998 0.138440
153.998462 0.129464
154.088775 0.090313
154.267970 0.179195
154.400698 0.132728
154.535773 0.135076
154.659766 0.123992
154.794179 0.134413
154.967865 0.173687
155.086994 0.119128
155.190043 0.103049
155.355639 0.165597
155.456302 0.100662
155.570821 0.114519
155.723740 0.152919
155.842463 0.118723
155.985037 0.142574
156.073804 0.088767
156.171699 0.097895
156.290185 0.118485
156.442424 0.152240
156.575751 0.133327
156.682385 0.106634
156.883546 0.201161
157.019329 0.135782
157.179270 0.159942
157.283627 0.104357
157.448683 0.165056
157.567037 0.118354
157.739779 0.172742
157.879802 0.140023
158.019413 0.139611
158.152678 0.133265
158.266427 0.113749
158.388161 0.121734
158.522539 0.134378
158.652522 0.129983
158.802004 0.149481
158.936754 0.134750
159.083018 0.146264
159.194045 0.111027
159.257904 0.063859
159.376973 0.119069
159.564186 0.187213
159.667447 0.103261
159.810481 0.143034
159.971342 0.160860
160.064585 0.093244
160.217780 0.153195
160.340985 0.123204
160.469127 0.128142
160.596661 0.127534
160.700195 0.103535
160.848601 0.148405
160.982549 0.133949
161.118695 0.136145
161.222665 0.103970
161.399918 0.177253
161.478460 0.078543
161.644892 0.166432
161.752679 0.107787
161.889369 0.136690
162.012961 0.123592
162.097624 0.084663
162.275381 0.177758
162.377695 0.102314
162.477048 0.099353
162.577282 0.100235
162.774554 0.197272
162.906885 0.132331
163.041701 0.134816
163.203485 0.161784
163.294937 0.091452
163.411027 0.116090
163.541708 0.130682
163.627079 0.085371
163.791159 0.164080
163.915475 0.124316
164.001596 0.086121
164.140669 0.139073
164.271682 0.131013
164.395981 0.124300
164.494205 0.098224
164.641778 0.147573
164.783263 0.141485
164.911649 0.128386
165.043312 0.131663
165.093253 0.049941
165.249162 0.155910
165.471848 0.222685
165.629087 0.157239
165.782051 0.152964
165.947488 0.165437
166.072367 0.124879
166.162243 0.089877
166.294329 0.132086
166.470941 0.176612
166.602960 0.132020
166.797268 0.194308
166.929512 0.132243
167.064374 0.134862
167.238752 0.174378
167.326403 0.087651
167.514069 0.187666
167.637596 0.123526
167.829715 0.192119
167.957748 0.128033
168.084950 0.127203
168.226579 0.141628
168.390552 0.163973
168.521776 0.131225
168.657545 0.135769
168.835273 0.177728
168.878961 0.043689
169.064123 0.185161
169.248681 0.184559
169.380067 0.131385
169.498179 0.118112
169.589398 0.091220
169.784661 0.195262
169.898451 0.113790
170.044325 0.145874
170.189600 0.145275
170.266447 0.076847
170.422847 0.156400
170.546359 0.123512
170.720027 0.173668
170.872608 0.152581
170.986533 0.113925
171.132191 0.145658
171.228413 0.096222
171.369884 0.141472
171.518868 0.148984
171.683468 0.164599
171.800626 0.117158
171.893957 0.093331
172.099098 0.205141
172.183989 0.084891
172.327045 0.143056
172.453731 0.126686
172.631471 0.177741
172.713865 0.082393
172.907393 0.193528
172.998787 0.091394
173.119727 0.120941
173.269897 0.150170
173.425325 0.155428
173.554005 0.128680
173.686173 0.132168
173.820342 0.134169
173.952816 0.132474
174.111446 0.158630
174.208891 0.097445
174.344383 0.135492
174.653741 0.309358
174.786057 0.132316
174.880548 0.094491
174.997827 0.117279
175.110030 0.112203
175.284486 0.174455
175.397097 0.112612
175.519811 0.122713
175.609442 0.089631
175.749758 0.140317
175.873358 0.123600
176.003339 0.129981
176.052771 0.049432
176.204421 0.151650
176.338313 0.133892
176.434014 0.095702
176.547392 0.113377
176.641528 0.094136
176.785143 0.143615
176.893064 0.107921
177.004797 0.111733
177.092089 0.087292
177.193674 0.101585
177.321246 0.127573
177.442881 0.121635
177.544566 0.101685
177.739940 0.195373
177.816593 0.076653
177.958312 0.141720
178.077641 0.119329
178.218703 0.141062
178.361495 0.142792
178.461434 0.099940
178.618368 0.156933
178.789045 0.170677
178.914488 0.125444
179.034970 0.120481
179.176002 0.141032
179.340433 0.164431
179.469751 0.129318
179.582664 0.112913
179.687179 0.104515
179.847081 0.159903
180.024192 0.177111
180.136538 0.112346
180.263706 0.127168
180.352293 0.088586
180.465062 0.112769
180.651260 0.186198
180.752710 0.101451
180.899959 0.147248
181.002878 0.102920
181.125565 0.122687
181.252276 0.126711
181.479248 0.226972
181.620039 0.140791
181.749108 0.129069
181.949987 0.200879
182.074544 0.124558
182.239150 0.164606
182.420981 0.181830
182.581739 0.160759
182.739639 0.157900
182.924804 0.185165
183.043581 0.118777
183.174249 0.130669
183.323889 0.149639
183.477636 0.153748
183.594587 0.116951
183.770676 0.176090
183.922197 0.151521
184.041936 0.119738
184.212894 0.170958
184.376948 0.164054
184.520955 0.144008
184.652732 0.131776
184.800912 0.148181
184.929388 0.128476
185.069706 0.140318
185.231943 0.162237
185.381489 0.149546
185.535789 0.154300
185.639347 0.103558
185.814271 0.174924
185.972664 0.158393
186.069771 0.097107
186.267518 0.197747
186.398320 0.130801
186.552412 0.154093
186.708035 0.155623
186.845972 0.137936
186.985336 0.139364
187.128240 0.142904
187.230638 0.102398
187.402434 0.171796
187.514756 0.112322
187.639062 0.124306
187.775621 0.136560
187.941216 0.165594
188.084191 0.142975
188.239592 0.155402
188.407422 0.167830
188.533107 0.125685
188.644814 0.111707
188.755167 0.110353
188.959646 0.204478
189.100893 0.141247
189.262980 0.162088
189.318748 0.055768
189.532734 0.213986
189.735466 0.202732
189.892458 0.156992
190.071912 0.179454
190.214693 0.142780
190.409594 0.194901
190.546919 0.137325
190.751383 0.204464
190.920083 0.168699
191.078811 0.158728
191.212001 0.133190
191.368774 0.156773
191.534548 0.165774
191.692807 0.158259
191.830241 0.137435
192.019978 0.189737
192.184745 0.164767
192.323129 0.138384
192.466921 0.143792
192.658537 0.191616
192.824914 0.166377
192.958949 0.134036
193.145661 0.186711
193.271154 0.125494
193.463810 0.192656
193.598878 0.135068
193.799742 0.200864
193.936531 0.136789
194.073226 0.136695
194.255515 0.182289
194.388705 0.133190
194.569649 0.180945
194.706765 0.137116
194.877858 0.171092
195.055403 0.177545
195.208807 0.153404
195.399655 0.190849
195.525744 0.126089
195.659127 0.133383
195.786313 0.127186
195.974411 0.188098
196.158967 0.184556
196.321381 0.162414
196.485988 0.164608
196.607897 0.121908
196.742842 0.134946
196.998902 0.256060
197.143993 0.145091
197.252607 0.108614
197.471634 0.219027
197.636192 0.164558
197.768998 0.132805
197.916163 0.147165
198.065321 0.149158
198.405471 0.340150
198.625582 0.220110
198.742125 0.116543
198.923464 0.181339
199.058248 0.134785
199.301191 0.242943
199.484724 0.183533
199.628580 0.143855
199.791677 0.163098
199.985816 0.194138
200.121263 0.135447
200.319630 0.198367
200.422110 0.102479
200.683463 0.261353
200.804582 0.121119
200.988109 0.183527
201.125253 0.137143
201.344019 0.218767
201.528247 0.184227
201.608580 0.080334
201.763288 0.154708
201.971089 0.207800
202.150206 0.179118
202.291072 0.140866
202.459424 0.168351
202.568925 0.109501
202.750685 0.181760
202.891155 0.140470
203.050740 0.159585
203.226933 0.176194
203.391120 0.164187
203.564493 0.173373
203.708093 0.143600
203.889870 0.181777
204.044954 0.155083
204.189236 0.144282
204.310822 0.121587
204.498243 0.187421
204.611000 0.112757
204.805503 0.194503
204.955080 0.149577
205.050934 0.095854
205.263414 0.212479
205.392668 0.129255
205.589527 0.196859
205.707054 0.117528
205.852313 0.145259
206.017576 0.165263
206.162764 0.145188
206.276955 0.114190
206.389549 0.112594
206.630852 0.241303
206.749569 0.118717
206.905493 0.155924
207.025716 0.120223
207.197980 0.172265
207.330945 0.132965
207.483866 0.152921
207.607589 0.123723
207.762552 0.154963
207.884172 0.121620
208.022205 0.138033
208.142693 0.120488
208.337227 0.194534
208.492153 0.154926
208.623314 0.131160
208.751793 0.128480
208.882583 0.130790
209.039652 0.157069
209.175316 0.135664
209.282532 0.107217
209.467335 0.184802
209.581118 0.113784
209.748597 0.167479
209.874399 0.125801
210.006103 0.131704
210.155244 0.149141
210.204403 0.049159
210.350291 0.145888
210.441873 0.091582
210.585576 0.143703
210.665235 0.079659
210.804376 0.139141
210.900560 0.096184
211.018928 0.118368
211.151260 0.132332
211.247713 0.096453
211.420086 0.172373
211.526849 0.106763
211.677015 0.150166
211.824850 0.147835
211.920226 0.095376
212.061376 0.141150
212.261061 0.199684
212.396311 0.135250
212.532118 0.135808
212.639251 0.107132
212.827420 0.188169
212.960081 0.132660
213.089698 0.129617
213.210781 0.121083
213.337663 0.126882
213.449754 0.112091
213.572418 0.122664
213.633741 0.061323
213.782200 0.148459
213.983575 0.201375
214.151368 0.167793
214.284290 0.132922
214.473204 0.188914
214.662940 0.189736
214.825069 0.162129
214.986867 0.161798
215.142996 0.156129
215.286590 0.143594
215.437278 0.150688
215.625350 0.188072
215.730173 0.104823
215.891417 0.161245
216.025557 0.134139
216.114855 0.089298
216.245562 0.130707
216.350122 0.104560
216.504833 0.154711
216.636767 0.131934
216.740350 0.103583
216.901825 0.161476
217.043705 0.141879
217.176589 0.132884
217.315564 0.138975
217.449281 0.133717
217.583548 0.134267
217.734774 0.151226
217.845608 0.110834
217.955777 0.110169
218.120302 0.164525
218.257228 0.136926
218.384895 0.127667
218.506199 0.121304
218.652782 0.146583
218.770742 0.117960
218.909164 0.138422
218.988317 0.079153
219.162145 0.173828
219.281457 0.119311
219.414372 0.132915
219.548947 0.134575
219.678714 0.129768
219.855340 0.176626
219.956682 0.101342
220.007003 0.050321
220.201231 0.194228
220.327126 0.125895
220.449722 0.122596
220.588301 0.138579
220.703993 0.115692
220.888678 0.184685
221.013499 0.124821
221.148992 0.135494
221.321600 0.172608
221.472739 0.151138
221.635914 0.163175
221.761715 0.125801
221.934638 0.172923
222.135496 0.200859
222.236554 0.101057
222.387317 0.150763
222.584297 0.196981
222.717729 0.133432
222.921711 0.203982
223.064904 0.143193
223.193320 0.128416
223.338642 0.145321
223.510537 0.171896
223.565135 0.054598
223.747316 0.182181
223.873648 0.126332
224.006881 0.133234
224.163277 0.156396
224.266572 0.103295
224.393077 0.126505
224.497750 0.104673
224.633083 0.135334
224.722938 0.089854
224.853780 0.130842
224.992151 0.138371
225.134118 0.141967
225.285134 0.151017
225.399006 0.113872
225.542477 0.143471
225.665970 0.123493
225.802435 0.136465
225.921177 0.118742
226.027058 0.105881
226.189073 0.162014
226.345441 0.156368
226.509132 0.163690
226.641412 0.132281
226.778201 0.136788
226.935695 0.157494
227.114050 0.178355
227.258332 0.144282
227.378683 0.120351
227.493338 0.114654
227.637326 0.143988
227.811553 0.174227
227.910631 0.099078
228.057251 0.146620
228.239568 0.182317
228.348092 0.108524
228.438726 0.090633
228.605671 0.166946
228.775573 0.169902
228.868616 0.093042
228.954191 0.085575
229.070631 0.116440
229.193353 0.122721
229.285059 0.091707
229.428255 0.143195
229.542443 0.114188
229.675711 0.133267
229.730178 0.054467
229.929671 0.199493
230.079699 0.150028
230.172353 0.092654
230.228395 0.056042
230.388552 0.160157
230.548586 0.160034
230.612454 0.063867
230.750882 0.138429
230.896351 0.145468
231.020944 0.124594
231.105799 0.084855
231.239369 0.133570
231.368543 0.129173
231.503309 0.134767
231.547377 0.044067
231.683793 0.136416
231.821702 0.137909
231.936502 0.114800
232.017073 0.080571
232.143494 0.126422
232.242624 0.099129
232.372900 0.130276
232.457259 0.084359
232.535125 0.077865
232.777793 0.242669
232.944011 0.166217
233.058151 0.114140
233.192541 0.134390
233.304567 0.112026
233.463837 0.159270
233.568038 0.104200
233.652769 0.084731
233.808248 0.155479
233.947170 0.138921
234.069979 0.122809
234.209073 0.139094
234.320476 0.111404
234.481029 0.160553
234.617693 0.136664
234.747044 0.129351
234.844397 0.097353
234.934455 0.090058
235.135612 0.201157
235.225285 0.089673
235.298817 0.073532
235.488990 0.190173
235.627828 0.138837
235.732460 0.104632
235.826181 0.093721
235.992885 0.166704
236.117788 0.124902
236.203167 0.085379
236.352220 0.149053
236.466474 0.114255
236.617519 0.151045
236.733449 0.115930
236.859569 0.126120
236.925567 0.065997
237.107648 0.182081
237.205579 0.097931
237.295295 0.089716
237.331034 0.035739
237.372702 0.041668
237.414371 0.041669
237.458137 0.043766
237.534053 0.075917
237.613246 0.079193
237.670380 0.057134
237.809909 0.139528
237.949650 0.139741
238.044748 0.095098
238.197773 0.153025
238.314450 0.116678
238.505652 0.191201
238.632837 0.127185
238.722840 0.090003
238.857473 0.134633
239.032525 0.175051
239.176496 0.143971
239.276971 0.100475
239.376731 0.099760
239.527122 0.150391
239.682970 0.155848
239.780644 0.097673
239.877177 0.096533
240.024205 0.147029
240.131477 0.107272
240.252059 0.120582
240.383054 0.130995
240.535313 0.152259
240.606957 0.071643
240.780698 0.173741
240.957704 0.177006
241.090824 0.133120
241.193436 0.102612
241.325127 0.131691
241.421005 0.095878
241.577358 0.156353
241.703281 0.125923
241.772793 0.069512
241.825894 0.053101
242.028597 0.202703
242.164318 0.135721
242.246499 0.082182
242.314864 0.068365
242.524010 0.209145
242.634210 0.110200
242.748327 0.114117
242.845967 0.097640
242.991172 0.145205
243.122222 0.131050
243.223262 0.101040
243.352450 0.129188
243.490240 0.137790
243.623118 0.132878
243.736992 0.113874
243.825697 0.088705
243.991949 0.166252
244.078660 0.086711
244.207699 0.129039
244.288865 0.081166
244.430234 0.141369
244.583809 0.153575
244.695702 0.111893
244.800196 0.104494
244.952262 0.152066
245.084725 0.132463
245.172562 0.087837
245.305600 0.133038
245.449860 0.144260
245.577004 0.127144
245.699813 0.122809
245.785531 0.085718
245.943531 0.158000
245.994986 0.051455
246.196655 0.201669
246.324829 0.128174
246.421014 0.096185
246.500543 0.079529
246.653330 0.152787
246.790470 0.137140
246.912750 0.122280
247.012138 0.099388
247.141809 0.129672
247.237510 0.095700
247.388270 0.150761
247.477857 0.089586
247.608063 0.130206
247.787091 0.179028
247.840584 0.053493
247.981969 0.141385
248.155969 0.173999
248.279922 0.123954
248.406906 0.126984
248.503799 0.096892
248.646899 0.143100
248.805024 0.158125
248.890692 0.085669
249.017898 0.127206
249.154013 0.136115
249.214544 0.060531
249.402896 0.188351
249.499587 0.096691
249.613687 0.114100
249.713880 0.100193
249.878279 0.164399
249.979693 0.101413
250.049039 0.069347
250.164111 0.115072
250.227856 0.063745
250.337657 0.109801
250.463645 0.125989
250.544838 0.081192
250.645830 0.100992
250.727308 0.081479
250.829819 0.102510
250.921239 0.091420
251.011538 0.090299
251.057569 0.046031
251.172521 0.114952
251.218739 0.046218
251.329039 0.110300
251.372708 0.043669
251.425977 0.053269
251.533731 0.107754
251.602476 0.068746
251.678815 0.076339
251.760639 0.081823
251.867178 0.106539
251.942505 0.075327
251.989069 0.046564
252.072742 0.083673
252.119274 0.046532
252.218119 0.098845
252.288670 0.070550
252.334623 0.045954
252.401653 0.067029
252.463609 0.061956
252.554264 0.090655
252.636497 0.082233
252.703051 0.066554
252.781140 0.078089
252.944973 0.163834
253.088865 0.143892
253.280161 0.191295
253.409269 0.129109
253.555989 0.146720
253.752025 0.196035
253.897671 0.145646
254.095574 0.197904
254.195176 0.099602
254.370350 0.175174
254.526141 0.155791
254.708931 0.182790
254.879427 0.170496
255.036614 0.157186
255.179592 0.142978
255.340338 0.160746
255.526500 0.186162
255.727592 0.201092
255.866977 0.139386
256.060588 0.193610
256.236286 0.175698
256.409259 0.172973
256.593196 0.183937
256.720525 0.127330
256.935337 0.214812
257.114119 0.178781
257.269648 0.155530
257.460697 0.191049
257.588346 0.127649
257.808334 0.219988
257.946552 0.138219
258.003382 0.056829
258.181384 0.178002
258.339286 0.157903
258.372705 0.033419
258.462597 0.089891
258.512916 0.050320
258.557028 0.044112
258.644087 0.087059
258.690350 0.046263
258.831616 0.141266
258.922619 0.091003
259.050519 0.127901
259.210789 0.160269
259.393305 0.182516
259.540329 0.147024
259.715447 0.175118
259.853101 0.137653
259.984860 0.131760
260.082864 0.098003
260.285725 0.202861
260.414248 0.128524
260.571417 0.157168
260.673942 0.102525
260.822651 0.148710
260.972881 0.150229
261.073850 0.100969
261.227247 0.153397
261.423302 0.196055
261.551895 0.128594
261.707357 0.155461
261.835761 0.128405
261.960497 0.124736
262.104212 0.143715
262.213909 0.109697
262.321738 0.107829
262.471298 0.149560
262.654308 0.183011
262.819419 0.165110
262.902566 0.083147
263.131439 0.228873
263.320640 0.189201
263.479166 0.158526
263.656557 0.177391
263.840798 0.184241
263.986395 0.145597
264.154661 0.168266
264.332903 0.178242
264.509864 0.176961
264.707372 0.197508
264.856111 0.148740
264.990104 0.133993
265.190234 0.200130
265.357394 0.167160
265.539042 0.181648
265.725571 0.186528
265.858486 0.132915
266.027391 0.168905
266.189110 0.161719
266.353771 0.164661
266.473619 0.119848
266.605630 0.132011
266.764524 0.158894
266.904119 0.139595
267.147867 0.243748
267.244319 0.096451
267.428055 0.183736
267.514150 0.086095
267.644584 0.130435
267.776086 0.131502
267.927713 0.151627
268.069034 0.141321
268.167737 0.098703
268.331098 0.163361
268.481253 0.150155
268.610872 0.129619
268.672869 0.061997
268.880585 0.207716
269.000832 0.120247
269.109821 0.108989
269.222154 0.112333
269.376602 0.154448
269.441826 0.065224
269.503156 0.061331
269.570754 0.067598
269.718157 0.147403
269.843695 0.125537
269.899259 0.055564
269.938166 0.038907
269.993695 0.055529
270.119329 0.125634
270.255655 0.136326
270.394183 0.138528
270.616177 0.221994
270.678506 0.062329
270.838278 0.159771
271.052135 0.213857
271.150037 0.097902
271.242653 0.092615
271.322564 0.079912
271.483099 0.160535
271.611486 0.128387
271.658522 0.047036
271.745549 0.087027
271.931655 0.186105
272.030127 0.098472
272.128064 0.097938
272.215730 0.087666
272.338128 0.122398
272.469832 0.131704
272.525756 0.055924
272.659013 0.133257
272.772878 0.113865
272.879080 0.106202
272.962583 0.083503
273.062221 0.099638
273.219430 0.157209
273.361239 0.141809
273.485790 0.124551
273.588747 0.102957
273.724516 0.135769
273.875092 0.150576
274.036484 0.161392
274.163488 0.127004
274.303469 0.139981
274.448387 0.144919
274.580239 0.131852
274.697087 0.116848
274.839806 0.142719
274.982453 0.142648
275.114513 0.132060
275.210579 0.096065
275.432187 0.221608
275.565295 0.133108
275.704386 0.139091
275.835993 0.131607
275.966872 0.130879
276.118601 0.151729
276.234855 0.116254
276.396001 0.161146
276.535677 0.139676
276.593448 0.057770
276.663678 0.070230
276.706044 0.042366
276.747704 0.041660
276.789370 0.041666
276.867476 0.078105
276.912749 0.045273
276.959562 0.046813
277.026034 0.066472
277.073617 0.047584
277.191321 0.117704
277.284751 0.093430
277.421027 0.136276
277.530780 0.109752
277.718322 0.187543
277.791941 0.073618
277.894667 0.102727
278.074448 0.179781
278.216985 0.142537
278.343594 0.126609
278.429093 0.085498
278.573788 0.144696
278.701514 0.127726
278.802409 0.100895
278.865217 0.062808
279.053603 0.188386
279.172217 0.118614
279.265036 0.092819
279.401136 0.136101
279.541753 0.140616
279.691103 0.149351
279.805102 0.113999
280.006351 0.201249
280.192236 0.185885
280.305270 0.113033
280.458608 0.153338
280.591143 0.132535
280.763368 0.172224
280.935899 0.172531
281.118547 0.182648
281.307882 0.189335
281.424005 0.116123
281.528812 0.104807
281.712590 0.183778
281.824540 0.111950
281.970682 0.146142
282.154074 0.183392
282.323742 0.169668
282.446254 0.122512
282.558426 0.112172
282.748816 0.190390
282.900512 0.151696
283.061180 0.160668
283.216112 0.154932
283.408555 0.192443
283.555812 0.147257
283.687587 0.131775
283.852842 0.165255
283.973813 0.120971
284.146986 0.173173
284.288203 0.141216
284.399840 0.111638
284.507810 0.107970
284.652001 0.144191
284.760177 0.108176
284.838623 0.078446
284.961496 0.122873
285.091313 0.129817
285.222519 0.131205
285.335521 0.113002
285.453492 0.117971
285.576716 0.123224
285.673728 0.097012
285.822819 0.149091
285.954041 0.131222
286.088632 0.134592
286.203957 0.115324
286.324163 0.120207
286.418553 0.094389
286.505013 0.086460
286.649637 0.144623
286.772818 0.123182
286.845718 0.072899
286.965668 0.119950
287.078681 0.113013
287.210259 0.131578
287.349219 0.138961
287.476791 0.127571
287.623712 0.146921
287.755467 0.131755
287.888462 0.132995
288.016187 0.127725
288.079581 0.063394
288.275673 0.196093
288.334689 0.059016
288.508104 0.173415
288.649622 0.141518
288.790455 0.140834
288.919091 0.128636
289.061280 0.142189
289.181743 0.120463
289.313996 0.132253
289.437919 0.123923
289.815299 0.377380
289.953382 0.138083
290.130873 0.177491
290.316537 0.185665
290.457512 0.140975
290.682214 0.224701
290.841229 0.159015
291.096927 0.255698
291.275732 0.178805
291.462418 0.186685
291.595507 0.133089
291.876870 0.281363
292.047408 0.170538
292.183357 0.135949
292.349511 0.166154
292.510744 0.161233
292.704574 0.193829
292.825471 0.120898
292.973323 0.147852
293.101916 0.128593
293.249163 0.147247
293.427297 0.178134
293.521348 0.094052
293.715557 0.194208
293.806282 0.090726
294.025458 0.219175
294.085556 0.060098
294.308250 0.222694
294.398774 0.090524
294.615712 0.216939
294.707581 0.091869
294.889961 0.182380
295.046137 0.156177
295.192773 0.146635
295.297775 0.105002
295.473386 0.175611
295.579828 0.106441
295.761692 0.181864
295.932170 0.170478
296.067456 0.135286
296.203686 0.136230
296.368313 0.164627
296.505356 0.137043
296.656490 0.151134
296.800823 0.144334
296.933425 0.132602
297.153230 0.219805
297.311871 0.158641
297.447978 0.136107
297.552829 0.104851
297.687807 0.134978
297.844928 0.157121
298.007550 0.162623
298.105844 0.098294
298.213232 0.107388
298.353280 0.140048
298.501574 0.148293
298.680538 0.178964
298.831685 0.151147
298.940818 0.109134
299.063655 0.122837
299.224111 0.160456
299.349589 0.125477
299.459828 0.110239
299.567148 0.107321
299.718380 0.151232
299.879363 0.160983
299.955051 0.075688
300.093370 0.138319
300.170320 0.076950
300.266352 0.096032
300.392381 0.126029
300.474164 0.081783
300.612421 0.138258
300.743391 0.130969
300.845379 0.101988
300.949934 0.104555
301.076989 0.127055
301.212862 0.135873
301.278750 0.065888
301.452531 0.173781
301.540175 0.087644
301.700849 0.160674
301.821334 0.120485
301.944992 0.123658
302.084064 0.139072
302.162360 0.078296
302.319721 0.157361
302.487450 0.167729
302.603345 0.115895
302.712891 0.109546
302.865221 0.152330
302.963252 0.098030
303.098340 0.135089
303.260158 0.161818
303.367487 0.107329
303.506259 0.138772
303.624640 0.118381
303.706073 0.081433
303.885714 0.179641
304.020794 0.135080
304.150329 0.129535
304.356052 0.205723
304.496452 0.140400
304.595895 0.099443
304.721842 0.125947
304.816008 0.094165
304.986151 0.170144
305.136196 0.150045
305.190420 0.054224
305.376302 0.185882
305.514334 0.138032
305.660084 0.145750
305.772694 0.112610
305.875235 0.102541
306.029866 0.154631
306.166458 0.136592
306.294337 0.127879
306.408303 0.113967
306.557360 0.149057
306.692622 0.135262
306.796123 0.103501
306.908091 0.111968
307.059066 0.150974
307.132835 0.073769
307.232393 0.099558
307.376433 0.144040
307.478065 0.101632
307.620455 0.142390
307.716255 0.095800
307.769780 0.053525
307.789372 0.019592
307.838608 0.049236
307.975692 0.137084
308.024163 0.048471
308.039373 0.015210
308.171910 0.132536
308.299923 0.128013
308.412199 0.112276
308.553017 0.140818
308.692572 0.139555
308.907553 0.214981
308.991887 0.084334
309.186560 0.194673
309.328066 0.141506
309.437089 0.109024
309.518130 0.081041
309.746939 0.228809
309.802056 0.055118
309.894660 0.092604
310.024668 0.130008
310.240973 0.216305
310.349658 0.108686
310.450306 0.100648
310.579768 0.129462
310.734313 0.154545
310.850953 0.116640
310.942861 0.091909
311.072893 0.130032
311.256726 0.183833
311.354438 0.097712
311.474794 0.120356
311.534616 0.059823
311.743656 0.209039
311.860365 0.116709
311.949105 0.088739
312.045922 0.096817
312.138373 0.092451
312.305761 0.167388
312.415909 0.110149
312.512836 0.096927
312.605311 0.092475
312.694567 0.089257
312.893628 0.199061
313.011957 0.118329
313.113863 0.101906
313.263914 0.150051
313.317227 0.053312
313.500194 0.182967
313.557812 0.057618
313.716040 0.158228
313.848280 0.132240
313.985933 0.137653
314.116194 0.130261
314.256440 0.140246
314.423741 0.167301
314.528582 0.104841
314.659428 0.130846
314.795945 0.136517
314.928397 0.132452
315.049795 0.121398
315.145332 0.095537
315.258208 0.112876
315.459611 0.201403
315.557254 0.097643
315.665698 0.108444
315.754917 0.089219
315.984489 0.229572
316.136290 0.151801
316.271680 0.135389
316.350827 0.079148
316.445435 0.094607
316.645668 0.200234
316.777807 0.132139
316.870817 0.093010
316.969876 0.099059
317.177476 0.207600
317.301536 0.124059
317.429350 0.127815
317.560721 0.131371
317.691314 0.130593
317.826222 0.134908
317.959427 0.133205
318.023458 0.064031
318.225341 0.201883
318.289790 0.064449
318.440176 0.150386
318.511635 0.071460
318.659548 0.147913
318.812400 0.152852
318.905416 0.093016
319.001366 0.095950
319.125019 0.123653
319.254119 0.129100
319.361422 0.107303
319.662558 0.301136
319.885167 0.222609
320.046228 0.161061
320.142337 0.096109
320.302787 0.160450
320.486770 0.183983
320.654370 0.167600
320.833967 0.179597
320.968942 0.134975
321.157939 0.188997
321.297965 0.140026
321.458768 0.160802
321.613188 0.154421
321.809839 0.196651
321.945304 0.135465
322.120672 0.175368
322.247620 0.126948
322.404683 0.157063
322.564896 0.160213
322.689384 0.124488
322.832929 0.143544
322.945581 0.112653
323.085307 0.139726
323.327632 0.242324
323.466570 0.138939
323.632015 0.165445
323.734068 0.102053
323.846369 0.112301
324.038726 0.192357
324.189501 0.150776
324.317085 0.127584
324.437747 0.120662
324.616573 0.178826
324.752727 0.136154
324.878749 0.126022
324.977635 0.098886
325.117989 0.140354
325.260207 0.142218
325.392115 0.131908
325.506816 0.114701
325.638064 0.131248
325.749971 0.111908
325.874714 0.124742
326.019882 0.145168
326.116250 0.096368
326.234133 0.117883
326.319891 0.085759
326.487587 0.167696
326.550789 0.063202
326.701423 0.150634
326.847361 0.145938
326.890177 0.042816
326.987145 0.096968
327.154985 0.167839
327.215266 0.060282
327.371886 0.156619
327.442313 0.070428
327.605714 0.163401
327.712795 0.107080
327.902740 0.189945
328.099532 0.196792
328.230063 0.130531
328.390710 0.160647
328.538495 0.147785
328.726004 0.187509
328.885035 0.159031
329.068076 0.183041
329.200336 0.132260
329.336329 0.135993
329.515262 0.178933
329.629566 0.114304
329.821919 0.192352
329.980967 0.159049
330.129405 0.148438
330.307505 0.178099
330.417930 0.110426
330.597100 0.179169
330.675110 0.078010
330.903321 0.228211
331.011860 0.108540
331.205991 0.194131
331.345754 0.139763
331.544376 0.198622
331.667400 0.123023
331.849567 0.182167
332.010371 0.160804
332.204402 0.194032
332.299456 0.095053
332.520640 0.221184
332.649802 0.129162
332.849002 0.199199
333.002995 0.153993
333.172776 0.169781
333.298317 0.125541
333.507084 0.208766
333.648964 0.141881
333.815468 0.166504
333.920832 0.105364
334.118549 0.197717
334.320870 0.202320
334.443373 0.122504
334.566492 0.123119
334.779253 0.212760
334.913168 0.133915
335.057807 0.144639
335.171690 0.113883
335.388486 0.216796
335.512280 0.123794
335.652810 0.140530
335.802162 0.149352
335.973276 0.171114
336.164229 0.190953
336.283004 0.118775
336.460757 0.177753
336.640500 0.179743
336.766320 0.125820
336.836492 0.070173
336.999788 0.163295
337.184115 0.184327
337.367113 0.182998
337.539538 0.172425
337.653979 0.114441
337.816233 0.162253
338.004073 0.187840
338.153176 0.149103
338.289428 0.136252
338.418306 0.128879
338.519442 0.101136
338.659254 0.139812
338.837880 0.178627
338.979552 0.141672
339.038345 0.058793
339.277422 0.239076
339.390277 0.112856
339.526353 0.136076
339.637201 0.110847
339.774894 0.137693
339.910955 0.136060
340.022023 0.111069
340.167284 0.145261
340.293328 0.126044
340.357735 0.064407
340.476796 0.119061
340.580335 0.103539
340.721607 0.141272
340.816945 0.095338
340.921509 0.104563
341.053765 0.132256
341.174679 0.120914
341.327120 0.152441
341.444299 0.117179
341.546029 0.101729
341.675025 0.128997
341.821989 0.146964
341.924054 0.102065
342.057298 0.133244
342.231919 0.174620
342.338669 0.106750
342.422999 0.084330
342.538316 0.115316
342.644894 0.106578
342.794962 0.150069
342.880799 0.085836
343.027967 0.147168
343.166012 0.138045
343.328880 0.162868
343.465207 0.136327
343.598979 0.133772
343.702882 0.103903
343.896614 0.193732
344.040393 0.143778
344.221564 0.181171
344.383623 0.162059
344.492491 0.108868
344.680008 0.187517
344.790730 0.110722
344.947711 0.156981
345.069690 0.121979
345.161788 0.092098
345.365981 0.204193
345.554677 0.188697
345.675272 0.120595
345.848304 0.173032
345.993579 0.145274
346.144662 0.151084
346.367318 0.222656
346.498005 0.130686
346.642566 0.144561
346.821012 0.178446
346.982769 0.161757
347.122713 0.139944
347.282553 0.159840
347.456355 0.173802
347.684177 0.227821
347.866499 0.182322
348.012172 0.145673
348.066800 0.054628
348.198188 0.131389
348.327256 0.129068
348.476153 0.148898
348.592933 0.116780
348.711601 0.118667
348.872855 0.161254
349.005914 0.133059
349.141231 0.135317
349.277393 0.136162
349.417482 0.140089
349.534905 0.117423
349.631321 0.096416
349.780955 0.149634
349.939557 0.158601
350.032401 0.092844
350.169969 0.137568
350.279458 0.109488
350.438605 0.159148
350.502294 0.063689
350.620255 0.117961
350.738797 0.118541
350.874916 0.136119
351.010508 0.135592
351.132730 0.122222
351.234646 0.101916
351.399947 0.165301
351.478590 0.078642
351.663464 0.184874
351.758052 0.094588
351.912759 0.154708
352.015154 0.102395
352.101014 0.085860
352.244505 0.143491
352.365276 0.120771
352.483324 0.118049
352.535806 0.052482
352.618762 0.082955
352.736470 0.117708
352.772333 0.035863
352.822242 0.049909
352.865314 0.043073
352.914371 0.049057
352.956039 0.041667
353.062142 0.106103
353.183301 0.121160
353.258648 0.075347
353.400591 0.141943
353.489404 0.088813
353.698719 0.209314
353.864769 0.166050
354.035612 0.170843
354.163491 0.127880
354.295663 0.132172
354.399000 0.103336
354.579030 0.180031
354.779287 0.200257
354.904362 0.125075
355.027993 0.123631
355.217462 0.189469
355.375439 0.157976
355.474190 0.098752
355.590648 0.116458
355.706428 0.115780
355.916564 0.210136
356.015272 0.098708
356.164643 0.149371
356.315318 0.150675
356.445608 0.130290
356.579996 0.134389
356.698198 0.118202
356.876104 0.177906
357.008303 0.132199
357.099984 0.091681
357.249985 0.150001
357.353984 0.103999
357.511827 0.157843
357.650267 0.138440
357.781487 0.131220
357.932900 0.151413
358.063665 0.130765
358.151579 0.087914
358.269348 0.117769
358.452658 0.183310
358.546093 0.093435
358.653691 0.107598
358.818276 0.164585
358.980654 0.162378
359.034915 0.054261
359.261539 0.226624
359.376881 0.115342
359.514803 0.137921
359.623025 0.108222
359.790742 0.167717
359.919146 0.128405
360.021422 0.102276
360.161406 0.139984
360.329337 0.167931
360.477282 0.147945
360.584580 0.107298
360.683078 0.098499
360.793249 0.110171
360.942995 0.149746
361.058899 0.115904
361.181808 0.122910
361.359267 0.177458
361.454982 0.095715
361.627280 0.172299
361.759422 0.132142
361.854874 0.095452
361.990783 0.135909
362.133698 0.142915
362.291481 0.157783
362.440045 0.148564
362.539437 0.099391
362.719738 0.180302
362.794758 0.075019
362.908657 0.113900
363.061398 0.152741
363.178170 0.116771
363.310113 0.131943
363.472727 0.162615
363.597026 0.124298
363.692018 0.094992
363.837826 0.145809
363.987784 0.149958
364.069297 0.081513
364.222983 0.153686
364.342185 0.119201
364.481287 0.139103
364.564877 0.083589
364.706477 0.141600
364.870032 0.163555
365.026960 0.156928
365.164889 0.137929
365.305657 0.140768
365.394838 0.089181
365.595284 0.200446
365.729415 0.134131
365.853530 0.124114
366.023512 0.169982
366.199320 0.175808
366.338713 0.139394
366.550215 0.211501
366.817255 0.267040
367.025903 0.208648
367.182854 0.156951
367.403827 0.220974
367.612919 0.209092
367.790428 0.177509
367.973183 0.182755
368.117867 0.144684
368.303501 0.185634
368.536093 0.232592
368.716113 0.180020
368.865820 0.149707
368.988373 0.122552
369.093089 0.104716
369.240458 0.147369
369.364006 0.123548
369.515768 0.151762
369.654580 0.138812
369.835583 0.181003
369.923148 0.087564
370.139645 0.216497
370.296116 0.156471
370.438971 0.142854
370.604458 0.165488
370.740445 0.135986
370.901301 0.160856
371.049174 0.147873
371.200220 0.151046
371.351619 0.151398
371.489030 0.137411
371.652686 0.163656
371.751250 0.098564
371.931409 0.180159
372.063079 0.131671
372.249784 0.186705
372.384840 0.135056
372.474900 0.090060
372.652388 0.177488
372.788622 0.136233
372.896312 0.107690
373.107883 0.211571
373.233107 0.125224
373.357799 0.124692
373.485116 0.127317
373.597514 0.112398
373.735130 0.137617
373.877363 0.142232
373.972321 0.094958
374.073232 0.100911
374.256652 0.183420
374.395370 0.138718
374.499715 0.104345
374.585880 0.086165
374.734814 0.148934
374.866485 0.131671
374.966099 0.099615
375.104383 0.138284
375.242106 0.137723
375.357949 0.115843
375.443176 0.085227
375.580518 0.137342
375.724855 0.144337
375.821694 0.096840
375.903755 0.082060
375.914369 0.010615
376.024493 0.110124
376.086087 0.061594
376.164266 0.078179
376.217150 0.052884
376.336654 0.119504
376.401764 0.065110
376.495675 0.093911
376.642354 0.146679
376.725598 0.083244
376.904857 0.179259
376.987962 0.083105
377.125044 0.137082
377.281075 0.156031
377.351332 0.070257
377.446713 0.095381
377.651932 0.205218
377.740817 0.088886
377.790304 0.049487
377.918376 0.128071
378.036767 0.118391
378.160796 0.124030
378.254800 0.094004
378.339789 0.084989
378.547912 0.208123
378.653440 0.105529
378.726055 0.072615
378.831858 0.105803
379.001334 0.169476
379.139797 0.138462
379.212333 0.072536
379.278770 0.066437
379.439971 0.161201
379.563102 0.123131
379.683215 0.120113
379.730740 0.047525
379.909527 0.178787
379.993920 0.084394
380.089782 0.095861
380.184787 0.095006
380.315991 0.131203
380.406485 0.090494
380.501010 0.094525
380.591368 0.090358
380.811269 0.219902
380.858078 0.046809
380.959260 0.101182
381.094069 0.134809
381.224895 0.130826
381.268970 0.044075
381.371010 0.102039
381.556627 0.185617
381.691576 0.134949
381.780936 0.089361
381.891261 0.110324
381.993361 0.102101
382.133332 0.139970
382.221603 0.088271
382.327622 0.106019
382.465499 0.137877
382.573766 0.108267
382.662520 0.088755
382.771935 0.109415
382.898412 0.126477
383.001104 0.102692
383.085844 0.084740
383.166559 0.080715
383.251082 0.084523
383.424295 0.173213
383.531851 0.107557
383.625625 0.093774
383.774782 0.149156
383.940020 0.165238
384.029320 0.089300
384.090329 0.061009
384.288687 0.198358
384.425460 0.136773
384.525878 0.100418
384.611551 0.085673
384.777413 0.165862
384.892365 0.114953
384.988218 0.095852
385.083754 0.095536
385.241237 0.157483
385.416466 0.175230
385.497806 0.081340
385.586849 0.089043
385.730471 0.143622
385.843263 0.112791
385.971488 0.128225
386.063314 0.091826
386.214536 0.151223
386.325276 0.110740
386.417859 0.092583
386.474206 0.056348
386.659119 0.184913
386.786242 0.127123
386.912049 0.125807
386.992699 0.080649
387.095854 0.103156
387.202882 0.107027
387.317897 0.115015
387.406207 0.088311
387.465978 0.059771
387.769516 0.303539
387.924492 0.154976
388.039925 0.115433
388.147447 0.107522
388.189758 0.042310
388.416623 0.226866
388.527662 0.111038
388.579864 0.052202
388.710938 0.131074
388.846725 0.135787
388.927045 0.080320
389.098853 0.171808
389.201165 0.102312
389.247706 0.046541
389.377170 0.129465
389.575809 0.198639
389.632870 0.057061
389.851656 0.218786
389.938780 0.087124
390.022630 0.083850
390.114099 0.091470
390.291578 0.177479
390.393229 0.101651
390.491379 0.098150
390.559097 0.067718
390.726044 0.166947
390.832379 0.106335
390.987468 0.155089
391.068591 0.081123
391.172033 0.103442
391.251610 0.079576
391.353922 0.102312
391.437559 0.083636
391.647102 0.209543
391.754556 0.107455
391.901217 0.146660
392.039913 0.138697
392.140024 0.100111
392.278473 0.138449
392.410748 0.132275
392.512821 0.102073
392.627415 0.114593
392.757966 0.130552
392.886266 0.128299
392.966576 0.080310
393.022963 0.056387
393.214525 0.191562
393.322796 0.108272
393.433802 0.111005
393.529295 0.095494
393.641806 0.112511
393.754274 0.112468
393.827077 0.072802
393.999619 0.172543
394.118386 0.118766
394.271437 0.153051
394.325073 0.053636
394.462801 0.137728
394.597319 0.134518
394.676459 0.079140
394.798182 0.121723
394.891583 0.093401
395.064535 0.172952
395.195763 0.131228
395.296793 0.101031
395.387552 0.090759
395.521950 0.134397
395.638468 0.116518
395.725973 0.087505
395.828906 0.102933
395.962838 0.133932
396.067776 0.104938
396.218106 0.150330
396.276325 0.058218
396.408329 0.132005
396.542445 0.134115
396.609496 0.067051
396.733816 0.124320
396.911283 0.177467
397.024182 0.112899
397.100679 0.076496
397.165578 0.064900
397.345176 0.179597
397.425521 0.080346
397.522891 0.097370
397.622508 0.099617
397.693933 0.071424
397.789213 0.095281
397.927393 0.138180
398.019404 0.092010
398.107579 0.088175
398.151512 0.043933
398.242473 0.090961
398.363392 0.120919
398.372707 0.009315
398.490295 0.117588
398.588881 0.098586
398.684262 0.095380
398.734982 0.050720
398.807032 0.072049
398.889571 0.082539
398.984102 0.094531
399.030666 0.046565
399.101203 0.070537
399.158469 0.057265
399.206040 0.047571
399.302490 0.096450
399.381022 0.078532
399.435363 0.054341
399.518861 0.083498
399.599873 0.081012
399.642749 0.042875
399.728627 0.085878
399.768015 0.039388
399.845187 0.077172
399.898323 0.053136
399.972648 0.074326
400.225969 0.253320
400.363369 0.137400
400.414632 0.051263
400.543017 0.128386
400.672364 0.129347
400.756519 0.084155
400.799894 0.043375
400.905861 0.105967
401.066008 0.160148
401.155734 0.089726
401.292486 0.136752
401.408815 0.116329
401.484755 0.075939
401.647712 0.162957
401.828626 0.180914
401.956122 0.127496
402.013885 0.057763
402.169938 0.156053
402.314582 0.144643
402.468753 0.154171
402.554762 0.086009
402.680096 0.125334
402.833444 0.153348
402.985148 0.151704
403.067407 0.082259
403.196532 0.129125
403.367015 0.170483
403.422955 0.055940
403.597088 0.174133
403.683113 0.086024
403.875321 0.192208
403.983119 0.107799
404.103856 0.120737
404.213735 0.109879
404.372451 0.158716
404.508138 0.135687
404.638926 0.130789
404.751506 0.112580
404.916138 0.164631
405.048428 0.132291
405.102517 0.054089
405.245310 0.142793
405.333914 0.088603
405.461755 0.127841
405.580220 0.118465
405.668621 0.088401
405.738314 0.069693
405.837202 0.098888
405.914340 0.077138
406.012892 0.098552
406.055508 0.042616
406.147036 0.091528
406.233561 0.086524
406.320605 0.087045
406.370836 0.050231
406.451452 0.080617
406.521989 0.070536
406.601826 0.079838
406.684144 0.082317
406.767674 0.083530
406.810556 0.042882
406.915652 0.105096
406.983914 0.068262
407.026091 0.042177
407.099016 0.072925
407.181875 0.082859
407.268222 0.086347
407.317133 0.048911
407.397620 0.080487
407.469803 0.072184
407.519135 0.049332
407.648832 0.129697
407.779793 0.130961
407.830802 0.051009
407.987746 0.156944
408.175586 0.187841
408.258312 0.082725
408.361308 0.102996
408.551508 0.190200
408.646981 0.095473
408.772526 0.125544
408.912059 0.139534
409.024155 0.112095
409.159997 0.135842
409.293658 0.133661
409.424328 0.130671
409.546269 0.121941
409.685961 0.139692
409.802060 0.116099
409.921736 0.119676
410.020252 0.098516
410.218826 0.198574
410.309653 0.090828
410.392281 0.082628
410.574598 0.182317
410.670083 0.095485
410.799796 0.129713
410.971912 0.172116
411.102265 0.130353
411.196345 0.094080
411.294278 0.097933
411.479047 0.184769
411.602839 0.123792
411.742820 0.139981
411.961513 0.218693
412.070391 0.108877
412.173401 0.103010
412.370874 0.197473
412.549306 0.178433
412.645463 0.096157
412.839474 0.194012
412.972633 0.133158
413.054676 0.082043
413.176651 0.121975
413.304248 0.127597
413.436185 0.131937
413.517300 0.081115
413.608695 0.091395
413.690118 0.081423
413.784233 0.094115
413.861380 0.077147
413.940370 0.078991
414.047385 0.107015
414.086995 0.039609
414.173740 0.086745
414.219852 0.046112
414.298895 0.079043
414.385296 0.086401
414.414367 0.029071
414.480749 0.066382
414.591897 0.111148
414.660142 0.068245
414.706037 0.045896
414.792979 0.086942
414.875696 0.082717
414.914372 0.038676
415.008933 0.094560
415.077766 0.068833
415.149324 0.071558
415.232649 0.083325
415.278099 0.045449
415.368291 0.090192
415.690996 0.322705
415.865497 0.174501
416.073739 0.208243
416.136746 0.063007
416.274476 0.137730
416.498282 0.223806
416.652021 0.153739
416.772400 0.120379
416.874720 0.102320
417.073710 0.198989
417.193289 0.119579
417.354883 0.161595
417.486384 0.131500
417.677121 0.190737
417.809845 0.132724
417.919034 0.109189
418.054674 0.135641
418.178784 0.124109
418.318972 0.140188
418.414313 0.095341
418.599946 0.185633
418.791691 0.191746
418.942588 0.150897
419.077770 0.135182
419.207911 0.130141
419.309558 0.101647
419.466166 0.156609
419.596902 0.130736
419.726279 0.129376
419.840700 0.114421
419.930591 0.089891
420.135575 0.204984
420.234031 0.098456
420.344816 0.110785
420.499678 0.154862
420.554978 0.055301
420.721400 0.166421
420.851830 0.130430
420.991391 0.139561
421.100579 0.109189
421.221525 0.120945
421.315721 0.094197
421.505223 0.189502
421.595160 0.089937
421.754118 0.158958
421.898808 0.144690
422.015774 0.116966
422.227360 0.211586
422.357070 0.129710
422.487592 0.130522
422.550429 0.062837
422.718049 0.167621
422.862112 0.144063
423.002615 0.140503
423.137040 0.134425
423.228263 0.091224
423.354329 0.126066
423.453991 0.099662
423.574307 0.120315
423.697553 0.123246
423.804036 0.106483
423.975448 0.171412
424.026547 0.051099
424.212592 0.186046
424.338051 0.125459
424.482318 0.144267
424.661777 0.179459
424.773565 0.111788
424.897413 0.123848
425.037694 0.140281
425.207786 0.170092
425.294962 0.087176
425.450392 0.155430
425.607413 0.157021
425.725516 0.118103
425.860676 0.135159
425.934885 0.074209
426.118220 0.183335
426.236586 0.118366
426.353666 0.117080
426.477209 0.123543
426.567749 0.090540
426.739864 0.172115
426.843254 0.103390
426.901781 0.058527
427.059553 0.157772
427.160122 0.100569
427.213611 0.053489
427.405841 0.192230
427.527390 0.121549
427.632089 0.104700
427.728465 0.096376
427.862401 0.133936
427.956963 0.094561
428.099830 0.142867
428.192384 0.092555
428.284874 0.092490
428.434730 0.149855
428.568614 0.133884
428.601369 0.032755
428.795973 0.194605
428.888390 0.092416
428.991308 0.102918
429.156583 0.165275
429.289182 0.132599
429.374529 0.085347
429.493829 0.119300
429.637861 0.144032
429.766413 0.128552
429.897156 0.130742
429.969683 0.072528
430.175371 0.205688
430.303475 0.128104
430.427963 0.124487
430.535660 0.107698
430.676894 0.141234
430.832084 0.155190
430.956071 0.123987
431.006960 0.050889
431.142868 0.135908
431.276158 0.133290
431.422000 0.145842
431.547586 0.125586
431.651028 0.103442
431.790880 0.139852
431.955540 0.164660
432.042611 0.087070
432.196228 0.153617
432.313944 0.117717
432.498845 0.184901
432.639935 0.141091
432.715960 0.076024
432.860743 0.144784
433.008988 0.148245
433.140193 0.131205
433.259445 0.119252
433.341196 0.081751
433.495884 0.154688
433.604613 0.108729
433.753291 0.148678
433.870174 0.116883
433.956451 0.086277
434.097421 0.140970
434.222528 0.125107
434.317509 0.094980
434.429065 0.111556
434.568781 0.139717
434.739886 0.171105
434.808599 0.068712
434.955161 0.146563
435.110979 0.155818
435.233042 0.122063
435.370106 0.137064
435.508845 0.138738
435.636720 0.127875
435.746392 0.109673
435.898238 0.151845
436.013607 0.115369
436.158139 0.144533
436.348846 0.190706
436.492746 0.143900
436.614624 0.121878
436.770778 0.156154
436.913650 0.142872
437.096554 0.182904
437.220954 0.124400
437.366431 0.145476
437.505334 0.138903
437.699456 0.194122
437.828443 0.128987
437.969568 0.141124
438.085938 0.116371
438.236281 0.150343
438.330411 0.094130
438.500957 0.170546
438.688405 0.187448
438.817979 0.129574
438.956766 0.138787
439.132623 0.175858
439.259341 0.126718
439.406210 0.146868
439.579619 0.173410
439.707597 0.127978
439.850907 0.143310
440.036878 0.185971
440.160605 0.123727
440.282137 0.121532
440.492515 0.210378
440.624321 0.131806
440.722614 0.098292
440.917055 0.194442
441.071798 0.154742
441.192836 0.121038
441.318693 0.125857
441.539761 0.221067
441.674096 0.134335
441.828187 0.154092
441.953244 0.125057
442.150696 0.197452
442.272874 0.122178
442.455900 0.183026
442.584322 0.128422
442.709946 0.125624
442.899904 0.189958
443.018258 0.118354
443.147897 0.129639
443.356130 0.208232
443.493997 0.137867
443.643529 0.149532
443.772806 0.129276
443.902650 0.129845
444.060252 0.157602
444.194920 0.134668
444.314857 0.119936
444.475176 0.160319
444.773694 0.298519
444.910168 0.136473
445.085051 0.174883
445.312210 0.227159
445.362315 0.050104
445.617586 0.255272
445.749623 0.132037
445.931885 0.182262
446.015044 0.083159
446.186786 0.171742
446.329713 0.142927
446.523710 0.193997
446.658242 0.134532
446.753769 0.095526
446.928462 0.174693
447.019484 0.091022
447.115139 0.095655
447.328003 0.212865
447.438412 0.110409
447.584871 0.146459
447.626390 0.041518
447.748437 0.122047
447.903389 0.154953
448.033959 0.130570
448.123135 0.089176
448.237479 0.114344
448.355114 0.117635
448.496701 0.141588
448.590672 0.093971
448.708439 0.117767
448.837368 0.128929
448.967468 0.130100
449.063919 0.096451
449.142201 0.078283
449.299623 0.157422
449.393570 0.093946
449.494323 0.100754
449.574931 0.080608
449.729977 0.155046
449.859739 0.129761
449.938301 0.078563
450.018725 0.080424
450.148057 0.129332
450.557887 0.409830
450.722683 0.164796
450.827556 0.104873
451.060027 0.232471
451.176938 0.116911
451.333033 0.156095
451.465148 0.132116
451.720453 0.255304
451.882803 0.162350
451.957789 0.074986
452.097233 0.139444
452.344543 0.247311
452.496911 0.152367
452.591177 0.094267
452.717343 0.126166
452.926943 0.209599
453.125216 0.198273
453.217934 0.092718
453.336405 0.118471
453.555666 0.219261
453.712449 0.156783
453.801461 0.089012
453.916599 0.115139
454.043047 0.126448
454.145705 0.102659
454.267131 0.121426
454.455267 0.188136
454.592261 0.136994
454.745142 0.152881
454.924859 0.179717
455.103934 0.179075
455.234808 0.130874
455.408848 0.174041
455.542625 0.133777
455.752277 0.209652
455.861026 0.108749
456.034506 0.173480
456.208967 0.174460
456.362328 0.153361
456.549359 0.187031
456.700411 0.151052
456.860844 0.160434
457.017574 0.156730
457.186419 0.168845
457.369765 0.183347
457.498867 0.129101
457.658902 0.160035
457.797695 0.138793
457.983141 0.185445
458.108996 0.125855
458.305385 0.196389
458.443051 0.137666
458.620736 0.177685
458.794879 0.174142
458.909052 0.114173
459.098895 0.189843
459.236275 0.137380
459.346065 0.109790
459.544536 0.198471
459.687432 0.142897
459.868109 0.180676
460.039235 0.171126
460.190943 0.151708
460.348377 0.157434
460.530569 0.182192
460.680510 0.149941
460.856939 0.176428
461.009552 0.152613
461.129774 0.120223
461.315116 0.185341
461.437335 0.122219
461.576325 0.138990
461.712074 0.135749
461.848743 0.136669
461.975783 0.127040
462.063005 0.087222
462.198316 0.135311
462.305718 0.107403
462.461609 0.155890
462.566364 0.104755
462.719818 0.153454
462.834346 0.114528
462.972868 0.138522
463.118448 0.145580
463.201046 0.082598
463.382321 0.181275
463.498999 0.116678
463.604748 0.105749
463.787075 0.182327
463.903588 0.116513
464.107406 0.203818
464.195110 0.087704
464.403589 0.208479
464.525971 0.122382
464.654398 0.128427
464.823782 0.169383
464.967135 0.143353
465.113852 0.146718
465.230969 0.117117
465.358376 0.127407
465.520153 0.161777
465.663279 0.143125
465.756429 0.093150
465.926475 0.170046
466.034248 0.107773
466.175591 0.141343
466.294387 0.118796
466.389841 0.095453
466.514536 0.124696
466.662465 0.147929
466.789728 0.127262
466.964131 0.174403
467.138576 0.174445
467.298971 0.160395
467.553403 0.254433
467.686871 0.133468
467.942141 0.255270
468.148619 0.206477
468.404668 0.256049
468.555441 0.150774
468.643055 0.087614
468.833395 0.190340
468.946262 0.112867
469.121095 0.174833
469.242402 0.121307
469.394869 0.152467
469.518587 0.123718
469.687489 0.168902
469.821013 0.133524
469.973900 0.152888
470.139567 0.165666
470.271830 0.132263
470.405192 0.133362
470.548441 0.143249
470.695736 0.147295
470.848621 0.152885
471.023853 0.175231
471.118861 0.095008
471.299607 0.180746
471.472528 0.172921
471.609432 0.136904
471.694124 0.084693
471.854805 0.160681
471.982741 0.127936
472.141250 0.158508
472.299677 0.158427
472.433667 0.133990
472.563974 0.130307
472.686361 0.122387
472.868408 0.182046
473.017282 0.148874
473.130778 0.113496
473.284340 0.153562
473.476142 0.191802
473.621149 0.145007
473.742982 0.121833
473.870900 0.127918
474.064812 0.193912
474.241044 0.176233
474.399788 0.158744
474.539583 0.139795
474.730491 0.190908
474.892857 0.162366
475.029734 0.136877
475.140626 0.110892
475.368651 0.228026
475.559260 0.190609
475.675482 0.116222
475.844736 0.169254
476.016232 0.171496
476.208075 0.191843
476.352399 0.144324
476.477630 0.125231
476.632450 0.154819
476.862691 0.230241
476.966996 0.104305
477.093120 0.126125
477.295550 0.202429
477.426814 0.131264
477.598901 0.172087
477.741147 0.142246
477.919244 0.178096
478.116016 0.196772
478.215357 0.099341
478.391605 0.176247
478.568296 0.176691
478.711892 0.143596
478.864670 0.152778
479.015974 0.151304
479.192099 0.176125
479.380189 0.188090
479.461810 0.081621
479.574086 0.112276
479.815411 0.241325
479.951115 0.135703
480.104523 0.153408
480.214082 0.109558
480.372682 0.158600
480.537264 0.164582
480.712551 0.175287
480.841244 0.128693
480.991996 0.150751
481.188302 0.196307
481.321404 0.133102
481.460077 0.138673
481.610973 0.150895
481.808246 0.197273
481.939486 0.131240
482.079549 0.140063
482.251847 0.172298
482.394876 0.143029
482.523896 0.129020
482.666503 0.142607
482.813802 0.147298
483.008960 0.195158
483.145556 0.136596
483.274409 0.128853
483.464339 0.189930
483.614980 0.150641
483.760304 0.145324
483.848140 0.087837
484.048735 0.200595
484.198238 0.149502
484.359555 0.161318
484.410951 0.051395
484.528871 0.117920
484.576080 0.047209
484.678144 0.102064
484.706033 0.027889
484.792791 0.086758
484.846413 0.053622
484.882595 0.036182
484.968436 0.085841
485.020838 0.052402
485.077245 0.056407
485.163393 0.086148
485.216580 0.053187
485.280751 0.064171
485.361559 0.080807
485.412246 0.050687
485.482468 0.070223
485.550411 0.067942
485.637088 0.086677
485.700650 0.063562
485.757711 0.057061
485.831167 0.073457
485.928296 0.097129
485.984879 0.056583
486.030364 0.045485
486.119362 0.088998
486.209066 0.089704
486.291421 0.082355
486.375277 0.083856
486.422281 0.047003
486.513031 0.090751
486.566005 0.052974
486.606199 0.040194
486.744327 0.138128
486.828975 0.084648
486.872701 0.043727
486.940693 0.067992
486.991066 0.050373
487.069882 0.078816
487.141567 0.071684
487.209711 0.068144
487.319819 0.110109
487.336161 0.016342
487.445831 0.109670
487.515681 0.069850
487.558074 0.042393
487.641640 0.083566
487.727608 0.085967
487.773929 0.046322
487.864397 0.090468
487.938854 0.074457
488.005056 0.066202
488.080641 0.075586
488.171674 0.091032
488.226721 0.055047
488.313242 0.086522
488.377866 0.064624
488.438863 0.060997
488.513946 0.075083
488.596259 0.082313
488.662917 0.066657
488.756380 0.093464
488.839664 0.083284
488.882135 0.042471
488.942876 0.060742
488.985160 0.042284
489.065545 0.080384
489.185365 0.119821
489.277652 0.092287
489.359475 0.081823
489.432151 0.072675
489.529822 0.097672
489.579061 0.049239
489.675884 0.096823
489.706033 0.030149
489.802304 0.096271
489.873221 0.070917
489.935747 0.062526
489.956038 0.020291
490.070404 0.114367
490.157061 0.086657
490.204485 0.047424
490.261781 0.057296
490.308230 0.046449
490.374119 0.065889
490.484801 0.110683
490.533773 0.048971
490.625913 0.092140
490.687825 0.061912
490.749608 0.061783
490.810488 0.060880
490.882644 0.072156
490.969658 0.087014
491.055498 0.085840
491.081034 0.025536
491.177611 0.096577
491.228811 0.051199
491.320405 0.091594
491.361725 0.041320
491.434049 0.072324
491.491308 0.057258
491.588297 0.096989
491.630241 0.041944
491.713516 0.083275
491.807433 0.093917
491.831038 0.023605
491.926112 0.095075
492.002455 0.076343
492.080150 0.077695
492.122720 0.042569
492.170087 0.047367
492.227660 0.057573
492.305294 0.077634
492.331038 0.025744
492.388000 0.056962
492.414370 0.026369
