0.016330 0.016330
0.029906 0.013576
0.068072 0.038166
0.109717 0.041644
0.151374 0.041657
0.193048 0.041675
0.234715 0.041666
0.276359 0.041644
0.318084 0.041725
0.359715 0.041631
0.401361 0.041646
0.443084 0.041722
0.484744 0.041661
0.526370 0.041626
0.568044 0.041674
0.609701 0.041657
0.651413 0.041712
0.693027 0.041614
0.734749 0.041722
0.776345 0.041596
0.818006 0.041661
0.859672 0.041666
0.901339 0.041666
0.943006 0.041667
0.984676 0.041671
1.026338 0.041661
1.068006 0.041668
1.109671 0.041665
1.151337 0.041666
1.193010 0.041673
1.234670 0.041660
1.276342 0.041672
1.318010 0.041668
1.359676 0.041666
1.401342 0.041666
1.443008 0.041666
1.484676 0.041668
1.526337 0.041661
1.568008 0.041671
1.609673 0.041664
1.651342 0.041670
1.693010 0.041667
1.734669 0.041660
1.776342 0.041673
1.818008 0.041666
1.859669 0.041661
1.901338 0.041668
1.943001 0.041664
1.984672 0.041671
2.026341 0.041669
2.068001 0.041660
2.109675 0.041673
2.151342 0.041667
2.193003 0.041662
2.234675 0.041672
2.276336 0.041661
2.318009 0.041673
2.359676 0.041667
2.401337 0.041662
2.443008 0.041671
2.484675 0.041667
2.526342 0.041667
2.568009 0.041667
2.609676 0.041667
2.651341 0.041665
2.693008 0.041667
2.734673 0.041665
2.776341 0.041667
2.818007 0.041667
2.859670 0.041663
2.901341 0.041671
2.943010 0.041669
2.984670 0.041660
3.026337 0.041667
3.068002 0.041666
3.109670 0.041668
3.151337 0.041667
3.193002 0.041665
3.234670 0.041668
3.276343 0.041673
3.318003 0.041660
3.359674 0.041672
3.401343 0.041668
3.443004 0.041661
3.484675 0.041671
3.526335 0.041660
3.568006 0.041671
3.609676 0.041671
3.651343 0.041667
3.693009 0.041665
3.734666 0.041657
3.776339 0.041673
3.818008 0.041669
3.859673 0.041665
3.901342 0.041670
3.943010 0.041668
3.984674 0.041664
4.026335 0.041661
4.068003 0.041668
4.109675 0.041672
4.151335 0.041660
4.193009 0.041674
4.234679 0.041670
4.276335 0.041656
4.318009 0.041674
4.359677 0.041668
4.401347 0.041670
4.443006 0.041658
4.484681 0.041675
4.526338 0.041657
4.568009 0.041671
4.637483 0.069474
4.678962 0.041479
4.779454 0.100492
4.930129 0.150675
4.959994 0.029865
5.142067 0.182073
5.180241 0.038174
5.237399 0.057158
5.361448 0.124049
5.504426 0.142977
5.611972 0.107546
5.779031 0.167060
5.820102 0.041070
5.967205 0.147104
6.008228 0.041023
6.078423 0.070195
6.227799 0.149376
6.306773 0.078974
6.344433 0.037660
6.401193 0.056760
6.515170 0.113977
6.563425 0.048255
6.655561 0.092136
6.790180 0.134619
6.859315 0.069135
6.930786 0.071472
6.971276 0.040489
7.140957 0.169681
7.247110 0.106153
7.305346 0.058236
7.347893 0.042547
7.485218 0.137324
7.558681 0.073463
7.622217 0.063536
7.746438 0.124221
7.790733 0.044296
7.925079 0.134346
7.987004 0.061925
8.051481 0.064477
8.103535 0.052054
8.253305 0.149770
8.308602 0.055297
8.372994 0.064391
8.434914 0.061920
8.538267 0.103353
8.620787 0.082520
8.687363 0.066576
8.731655 0.044292
8.800195 0.068540
8.887046 0.086851
8.969454 0.082408
9.123913 0.154459
9.250058 0.126145
9.335754 0.085696
9.429398 0.093644
9.496980 0.067582
9.616361 0.119381
9.730325 0.113964
9.794601 0.064275
9.892733 0.098132
9.993706 0.100973
10.068305 0.074599
10.140061 0.071756
10.250315 0.110254
10.323580 0.073265
10.391231 0.067651
10.465679 0.074448
10.542831 0.077152
10.597091 0.054260
10.713889 0.116798
10.809852 0.095964
10.898013 0.088161
10.971321 0.073308
11.043811 0.072489
11.139788 0.095978
11.193856 0.054068
11.273403 0.079547
11.349182 0.075779
11.409665 0.060484
11.452677 0.043011
11.523326 0.070649
11.600044 0.076717
11.668498 0.068455
11.726579 0.058081
11.818547 0.091968
11.874927 0.056380
11.947745 0.072818
12.040526 0.092781
12.095514 0.054988
12.185479 0.089965
12.247075 0.061596
12.301023 0.053948
12.386326 0.085303
12.461339 0.075013
12.515771 0.054432
12.602292 0.086521
12.659749 0.057457
12.754020 0.094270
12.806803 0.052783
12.882268 0.075466
12.946496 0.064228
13.027076 0.080580
13.079613 0.052537
13.157322 0.077709
13.202662 0.045340
13.293715 0.091053
13.408929 0.115215
13.493897 0.084968
13.588083 0.094186
13.692665 0.104582
13.772927 0.080261
13.902145 0.129219
13.994466 0.092321
14.087229 0.092763
14.199406 0.112177
14.297829 0.098423
14.389704 0.091875
14.470998 0.081294
14.574465 0.103466
14.669740 0.095275
14.760154 0.090414
14.869435 0.109281
14.971457 0.102022
15.067609 0.096152
15.173778 0.106169
15.291580 0.117802
15.378665 0.087084
15.468337 0.089672
15.595228 0.126892
15.651897 0.056669
15.778661 0.126764
15.884080 0.105419
16.003762 0.119682
16.092710 0.088948
16.215201 0.122491
16.292046 0.076845
16.425749 0.133703
16.546341 0.120592
16.632511 0.086170
16.750745 0.118234
16.786057 0.035312
16.818006 0.031949
16.907729 0.089723
17.022929 0.115200
17.068005 0.045076
17.109675 0.041669
17.151344 0.041670
17.193016 0.041671
17.234671 0.041656
17.309636 0.074965
17.387911 0.078275
17.486805 0.098894
17.597061 0.110257
17.668289 0.071227
17.734946 0.066658
17.796861 0.061915
17.867127 0.070266
17.946286 0.079158
17.995875 0.049589
18.061760 0.065886
18.130962 0.069202
18.211710 0.080748
18.273755 0.062045
18.349644 0.075889
18.444983 0.095339
18.526370 0.081387
18.599780 0.073410
18.677805 0.078025
18.759411 0.081607
18.857747 0.098335
18.908526 0.050779
18.978550 0.070024
19.065375 0.086825
19.173525 0.108150
19.228865 0.055340
19.302590 0.073725
19.399214 0.096624
19.478042 0.078828
19.538947 0.060905
19.606986 0.068039
19.681324 0.074337
19.998508 0.317184
20.186627 0.188119
20.298564 0.111937
20.384852 0.086288
20.460971 0.076119
20.535608 0.074637
20.621363 0.085755
20.804170 0.182807
20.895548 0.091378
20.942657 0.047109
21.003515 0.060858
21.202830 0.199315
21.298752 0.095922
21.339235 0.040483
21.423953 0.084718
21.601960 0.178007
21.696541 0.094581
21.769361 0.072820
21.818269 0.048908
22.001703 0.183434
22.097220 0.095517
22.157578 0.060358
22.214207 0.056629
22.397311 0.183104
22.493987 0.096676
22.541401 0.047414
22.614713 0.073312
22.773377 0.158664
22.892282 0.118905
22.937461 0.045179
23.000801 0.063341
23.168740 0.167938
23.254866 0.086126
23.300622 0.045756
23.371510 0.070888
23.447962 0.076452
23.566157 0.118195
23.612302 0.046146
23.683849 0.071546
23.785646 0.101797
23.855648 0.070003
23.920300 0.064651
24.006968 0.086669
24.082403 0.075435
24.181490 0.099087
24.250898 0.069407
24.308375 0.057478
24.416665 0.108290
24.505360 0.088694
24.560916 0.055556
24.638430 0.077514
24.730894 0.092463
24.807082 0.076188
24.868166 0.061083
24.932170 0.064004
25.039480 0.107310
25.104362 0.064882
25.189427 0.085065
25.248607 0.059180
25.342182 0.093575
25.429193 0.087012
25.505585 0.076392
25.570649 0.065064
25.654465 0.083816
25.722193 0.067728
25.814914 0.092722
25.855462 0.040548
25.935277 0.079814
26.039007 0.103730
26.111907 0.072900
26.216049 0.104143
26.283429 0.067379
26.373740 0.090311
26.441831 0.068091
26.523576 0.081745
26.602579 0.079003
26.670774 0.068195
26.739256 0.068482
26.801439 0.062183
26.872721 0.071282
26.927098 0.054377
27.000546 0.073448
27.071209 0.070663
27.134596 0.063387
27.196671 0.062075
27.265011 0.068340
27.335577 0.070566
27.425428 0.089851
27.478722 0.053295
27.566977 0.088254
27.631349 0.064372
27.696988 0.065639
27.767549 0.070562
27.838958 0.071409
27.918447 0.079489
28.005738 0.087291
28.071167 0.065428
28.149725 0.078558
28.200242 0.050517
28.270279 0.070037
28.343840 0.073562
28.411534 0.067693
28.490509 0.078976
28.572352 0.081843
28.628430 0.056078
28.717554 0.089125
28.795313 0.077758
28.886438 0.091126
28.936685 0.050247
29.037328 0.100643
29.103793 0.066465
29.168651 0.064859
29.231822 0.063170
29.334534 0.102712
29.439055 0.104521
29.570375 0.131321
29.712649 0.142273
29.851642 0.138994
30.037540 0.185897
30.213307 0.175767
30.266166 0.052859
30.451728 0.185562
30.518790 0.067062
30.593768 0.074979
30.653883 0.060114
30.768329 0.114446
30.867727 0.099398
30.939312 0.071585
31.023796 0.084484
31.093631 0.069835
31.152745 0.059114
31.233577 0.080832
31.305041 0.071464
31.357708 0.052666
31.406541 0.048834
31.480742 0.074200
31.547498 0.066756
31.634197 0.086699
31.707866 0.073668
31.794219 0.086354
31.861917 0.067697
31.952013 0.090097
32.033783 0.081770
32.113512 0.079729
32.168707 0.055196
32.260583 0.091875
32.351150 0.090567
32.434680 0.083530
32.513870 0.079190
32.604245 0.090375
32.684360 0.080115
32.766263 0.081903
32.825020 0.058757
32.909213 0.084193
33.017766 0.108553
33.093781 0.076015
33.163002 0.069221
33.249713 0.086711
33.332951 0.083238
33.430302 0.097351
33.487394 0.057093
33.573654 0.086259
33.667194 0.093540
33.734907 0.067713
33.815125 0.080219
33.886856 0.071731
33.982329 0.095473
34.064762 0.082433
34.133788 0.069026
34.184468 0.050680
34.267457 0.082989
34.334287 0.066830
34.416779 0.082492
34.476109 0.059329
34.530581 0.054473
34.621677 0.091095
34.671451 0.049774
34.746930 0.075479
34.814114 0.067184
34.870714 0.056600
34.940347 0.069633
34.999327 0.058979
35.077356 0.078029
35.123594 0.046239
35.168880 0.045286
35.254125 0.085245
35.349193 0.095068
35.443648 0.094455
35.525815 0.082167
35.634924 0.109109
35.734339 0.099415
35.818794 0.084455
35.920941 0.102147
36.020193 0.099252
36.126425 0.106231
36.231667 0.105242
36.333227 0.101560
36.437054 0.103827
36.492032 0.054978
36.553727 0.061695
36.645199 0.091472
36.715311 0.070111
36.802972 0.087662
36.879866 0.076893
36.942013 0.062147
37.012819 0.070806
37.102671 0.089852
37.157810 0.055139
37.244152 0.086342
37.312179 0.068027
37.408651 0.096472
37.454010 0.045358
37.544362 0.090352
37.621844 0.077483
37.696901 0.075057
37.771230 0.074329
37.842163 0.070934
37.913543 0.071379
38.004320 0.090777
38.095059 0.090740
38.158931 0.063871
38.238117 0.079186
38.296626 0.058509
38.383629 0.087003
38.452057 0.068428
38.508725 0.056669
38.623590 0.114865
38.696817 0.073227
38.800647 0.103830
38.860159 0.059512
38.954656 0.094497
39.067165 0.112508
39.162834 0.095670
39.247949 0.085115
39.318860 0.070911
39.421413 0.102553
39.518396 0.096983
39.599979 0.081583
39.687998 0.088019
39.802200 0.114202
39.899961 0.097762
39.969047 0.069086
40.081566 0.112519
40.184194 0.102628
40.278477 0.094283
40.371155 0.092678
40.445589 0.074433
40.554188 0.108600
40.627966 0.073778
40.700204 0.072238
40.829896 0.129692
40.936057 0.106161
41.073635 0.137577
41.182521 0.108887
41.297136 0.114614
41.421565 0.124429
41.543830 0.122265
41.652195 0.108365
41.776917 0.124722
41.905240 0.128323
41.993901 0.088662
42.129367 0.135465
42.265657 0.136290
42.378326 0.112669
42.499398 0.121072
42.619240 0.119842
42.751206 0.131966
42.864927 0.113722
42.976973 0.112046
43.069431 0.092458
43.181603 0.112173
43.260875 0.079271
43.393622 0.132747
43.466720 0.073098
43.538649 0.071929
43.632962 0.094313
43.716061 0.083099
43.817923 0.101863
43.906994 0.089071
43.999004 0.092010
44.064923 0.065919
44.156949 0.092026
44.279972 0.123023
44.380471 0.100499
44.486786 0.106315
44.587726 0.100941
44.674197 0.086471
44.772397 0.098200
44.839533 0.067136
44.940709 0.101175
45.055525 0.114816
45.154013 0.098488
45.219560 0.065547
45.300753 0.081193
45.394077 0.093323
45.485855 0.091778
45.560756 0.074901
45.640063 0.079307
45.721470 0.081407
45.789414 0.067944
45.849729 0.060315
45.925807 0.076078
45.993499 0.067692
46.065295 0.071796
46.144960 0.079666
46.214744 0.069783
46.278520 0.063776
46.381950 0.103430
46.467763 0.085813
46.540734 0.072972
46.603816 0.063082
46.675704 0.071887
46.767741 0.092037
46.839898 0.072157
46.902690 0.062791
46.982300 0.079611
47.063675 0.081374
47.126727 0.063052
47.203394 0.076667
47.290933 0.087540
47.361194 0.070261
47.430304 0.069110
47.480527 0.050223
47.563414 0.082887
47.635571 0.072157
47.692968 0.057397
47.774407 0.081439
47.853613 0.079206
47.912983 0.059369
47.991014 0.078032
48.059657 0.068642
48.158039 0.098382
48.215830 0.057791
48.295494 0.079665
48.388604 0.093110
48.457517 0.068913
48.511865 0.054348
48.584167 0.072302
48.680473 0.096306
48.745947 0.065473
48.777030 0.031084
48.890068 0.113038
48.971950 0.081882
49.028281 0.056330
49.068009 0.039728
49.160687 0.092678
49.225781 0.065094
49.279792 0.054011
49.328649 0.048857
49.420526 0.091877
49.505621 0.085095
49.534004 0.028382
49.598659 0.064655
49.693893 0.095234
49.757418 0.063524
49.799365 0.041948
49.842469 0.043103
49.891293 0.048824
49.914404 0.023111
49.950865 0.036461
49.984670 0.033805
50.026341 0.041671
50.068008 0.041667
50.109676 0.041668
50.151342 0.041666
50.193011 0.041670
50.234673 0.041662
50.276350 0.041677
50.319478 0.043128
50.382387 0.062909
50.448268 0.065881
50.526202 0.077934
50.618261 0.092060
50.723698 0.105437
50.815166 0.091468
50.911454 0.096288
50.988087 0.076633
51.094140 0.106053
51.170562 0.076423
51.252049 0.081487
51.351116 0.099067
51.441558 0.090442
51.537565 0.096008
51.625010 0.087445
51.777345 0.152334
51.847375 0.070031
51.923813 0.076438
52.013471 0.089658
52.079592 0.066121
52.176781 0.097189
52.237013 0.060232
52.335862 0.098848
52.424619 0.088757
52.488752 0.064133
52.595547 0.106795
52.667118 0.071571
52.746595 0.079476
52.809302 0.062707
52.875537 0.066236
53.044610 0.169073
53.159571 0.114961
53.232506 0.072935
53.340008 0.107502
53.465567 0.125559
53.529192 0.063625
53.652622 0.123430
53.807008 0.154386
53.914727 0.107719
53.997288 0.082561
54.093532 0.096244
54.224226 0.130694
54.338184 0.113958
54.429575 0.091391
54.511891 0.082316
54.644627 0.132736
54.756399 0.111772
54.851125 0.094726
54.942314 0.091189
55.068579 0.126265
55.190817 0.122239
55.283079 0.092262
55.366115 0.083036
55.508375 0.142260
55.607600 0.099224
55.709508 0.101909
55.785509 0.076001
55.913862 0.128354
56.004176 0.090314
56.102265 0.098088
56.198752 0.096487
56.326731 0.127979
56.403337 0.076606
56.501218 0.097881
56.553564 0.052346
56.619968 0.066404
56.690140 0.070173
56.780726 0.090586
56.844752 0.064026
56.953719 0.108967
56.996876 0.043157
57.116075 0.119198
57.158322 0.042248
57.266461 0.108138
57.312817 0.046356
57.447407 0.134590
57.511743 0.064336
57.582217 0.070474
57.657583 0.075366
57.763698 0.106114
57.808133 0.044436
57.921623 0.113490
57.980743 0.059120
58.067999 0.087256
58.133751 0.065752
58.228975 0.095224
58.299034 0.070058
58.424128 0.125094
58.500035 0.075907
58.559749 0.059714
58.617858 0.058109
58.716080 0.098222
58.791388 0.075308
58.858129 0.066741
58.904198 0.046070
58.988996 0.084797
59.062174 0.073178
59.128272 0.066098
59.179634 0.051362
59.244588 0.064954
59.340296 0.095708
59.419133 0.078837
59.509642 0.090509
59.586972 0.077330
59.657359 0.070387
59.732279 0.074920
59.804971 0.072692
59.898340 0.093369
59.947032 0.048691
60.000808 0.053776
60.121540 0.120732
60.157551 0.036012
60.251439 0.093888
60.341338 0.089899
60.403164 0.061826
60.468701 0.065537
60.532463 0.063762
60.631487 0.099025
60.718342 0.086855
60.791846 0.073504
60.858318 0.066472
60.924033 0.065715
60.998872 0.074839
61.081312 0.082440
61.153175 0.071863
61.261779 0.108603
61.338009 0.076231
61.411476 0.073467
61.487229 0.075752
61.571111 0.083882
61.639538 0.068428
61.726659 0.087120
61.822047 0.095388
61.873029 0.050982
61.974771 0.101742
62.056893 0.082121
62.139501 0.082608
62.211430 0.071929
62.299142 0.087712
62.356647 0.057505
62.447992 0.091346
62.528334 0.080341
62.629202 0.100868
62.700849 0.071647
62.785602 0.084753
62.885936 0.100334
62.961385 0.075449
63.035356 0.073970
63.134870 0.099515
63.199131 0.064261
63.273194 0.074063
63.367653 0.094459
63.443820 0.076167
63.538108 0.094288
63.624203 0.086095
63.679869 0.055666
63.774017 0.094148
63.851426 0.077409
63.915822 0.064395
64.004931 0.089109
64.087497 0.082566
64.190034 0.102537
64.278432 0.088399
64.366696 0.088263
64.436882 0.070186
64.557620 0.120738
64.619807 0.062187
64.727452 0.107646
64.791595 0.064142
64.884119 0.092524
64.973823 0.089704
65.040869 0.067046
65.146005 0.105137
65.204750 0.058745
65.290015 0.085265
65.385279 0.095264
65.459492 0.074213
65.535519 0.076026
65.607702 0.072183
65.694259 0.086557
65.773311 0.079052
65.859575 0.086264
65.928464 0.068890
66.027099 0.098635
66.108109 0.081010
66.195300 0.087191
66.256660 0.061360
66.328628 0.071968
66.428313 0.099685
66.525801 0.097488
66.597778 0.071977
66.676324 0.078545
66.749275 0.072951
66.816554 0.067279
66.907620 0.091066
66.999874 0.092254
67.062882 0.063007
67.155780 0.092898
67.257564 0.101783
67.332566 0.075002
67.414616 0.082050
67.494641 0.080026
67.599124 0.104482
67.676263 0.077140
67.747791 0.071527
67.828267 0.080477
67.923330 0.095063
68.009960 0.086629
68.094017 0.084057
68.236591 0.142574
68.317905 0.081314
68.364504 0.046599
68.461986 0.097482
68.529924 0.067938
68.619005 0.089080
68.679976 0.060971
68.765370 0.085394
68.823869 0.058499
68.925945 0.102076
68.975247 0.049302
69.079231 0.103984
69.153080 0.073849
69.218169 0.065089
69.295102 0.076933
69.379084 0.083983
69.450839 0.071755
69.546826 0.095987
69.625911 0.079085
69.687802 0.061890
69.763690 0.075889
69.868260 0.104570
69.940853 0.072593
70.000434 0.059581
70.084881 0.084447
70.146847 0.061966
70.218350 0.071503
70.308623 0.090272
70.393211 0.084588
70.478398 0.085188
70.542465 0.064067
70.610705 0.068240
70.703868 0.093163
70.778863 0.074994
70.828057 0.049195
70.896824 0.068767
70.991011 0.094187
71.058496 0.067485
71.119606 0.061110
71.189320 0.069714
71.272745 0.083425
71.354003 0.081258
71.402847 0.048844
71.463931 0.061084
71.522633 0.058702
71.603307 0.080674
71.674477 0.071170
71.739212 0.064735
71.834783 0.095572
71.899657 0.064874
71.963106 0.063449
72.004967 0.041861
72.056033 0.051067
72.153500 0.097467
72.199740 0.046239
72.261184 0.061445
72.329422 0.068238
72.402360 0.072938
72.460385 0.058025
72.517066 0.056681
72.585021 0.067955
72.666995 0.081974
72.721426 0.054431
72.785453 0.064027
72.830106 0.044653
72.915212 0.085106
72.970569 0.055357
73.029871 0.059302
73.089724 0.059853
73.153240 0.063516
73.221572 0.068332
73.267900 0.046328
73.337208 0.069308
73.420803 0.083595
73.477678 0.056875
73.519879 0.042201
73.605709 0.085830
73.680018 0.074309
73.764458 0.084440
73.832845 0.068386
73.950434 0.117589
74.037422 0.086989
74.118287 0.080865
74.203433 0.085146
74.313547 0.110114
74.413421 0.099874
74.493461 0.080040
74.567542 0.074081
74.660621 0.093079
74.768510 0.107889
74.873511 0.105001
74.962789 0.089278
75.044138 0.081348
75.131234 0.087097
75.203328 0.072093
75.263917 0.060589
75.322039 0.058123
75.371595 0.049556
75.458168 0.086572
75.543205 0.085038
75.602718 0.059512
75.658652 0.055934
75.737430 0.078778
75.829829 0.092399
75.888061 0.058233
75.977648 0.089587
76.053345 0.075697
76.122932 0.069587
76.192152 0.069220
76.279704 0.087552
76.340240 0.060536
76.406656 0.066416
76.488086 0.081430
76.550017 0.061931
76.626822 0.076805
76.688523 0.061701
76.772003 0.083480
76.864794 0.092792
76.931663 0.066869
77.018703 0.087040
77.078944 0.060241
77.181218 0.102274
77.246899 0.065681
77.330237 0.083339
77.400012 0.069774
77.505243 0.105231
77.571920 0.066677
77.658016 0.086096
77.701816 0.043800
77.771326 0.069510
77.842019 0.070693
77.917447 0.075428
77.955127 0.037680
78.031567 0.076439
78.104471 0.072904
78.172691 0.068220
78.238216 0.065525
78.300543 0.062327
78.373920 0.073377
78.441861 0.067941
78.521293 0.079432
78.567524 0.046231
78.611939 0.044416
78.680897 0.068958
78.728967 0.048070
78.801177 0.072210
78.851212 0.050035
78.907334 0.056122
78.962969 0.055635
78.984677 0.021708
79.026348 0.041671
79.068008 0.041660
79.109672 0.041664
79.151339 0.041667
79.193004 0.041665
79.234672 0.041668
79.276348 0.041675
79.318007 0.041659
79.359674 0.041667
79.401340 0.041666
79.443011 0.041672
79.497834 0.054822
79.570715 0.072881
79.647654 0.076939
79.736129 0.088475
79.800802 0.064673
79.902254 0.101452
79.981445 0.079191
80.048087 0.066642
80.107802 0.059715
80.172233 0.064431
80.277022 0.104788
80.332770 0.055749
80.417800 0.085030
80.469617 0.051817
80.581172 0.111555
80.653497 0.072326
80.710926 0.057429
80.780305 0.069379
80.865527 0.085222
80.921711 0.056184
80.969041 0.047331
81.057795 0.088753
81.136261 0.078466
81.198437 0.062176
81.275412 0.076974
81.356174 0.080763
81.438508 0.082334
81.494147 0.055638
81.532946 0.038799
81.617058 0.084112
81.683868 0.066810
81.739322 0.055455
81.806172 0.066849
81.879693 0.073521
81.966726 0.087033
82.004891 0.038166
82.074270 0.069378
82.150984 0.076715
82.230043 0.079059
82.294157 0.064114
82.324590 0.030433
82.445586 0.120996
82.511214 0.065628
82.563601 0.052388
82.618690 0.055088
82.709545 0.090856
82.777098 0.067553
82.818277 0.041179
82.865996 0.047719
82.964698 0.098702
83.044653 0.079955
83.080357 0.035705
83.149997 0.069639
83.235371 0.085375
83.283733 0.048362
83.360056 0.076323
83.435571 0.075515
83.484678 0.049107
83.548425 0.063747
83.606937 0.058512
83.671618 0.064680
83.729326 0.057708
83.753086 0.023761
83.804456 0.051370
83.875873 0.071417
83.952149 0.076276
84.050952 0.098803
84.113309 0.062357
84.183784 0.070475
84.281359 0.097575
84.340929 0.059570
84.441301 0.100371
84.508739 0.067439
84.600602 0.091863
84.690214 0.089612
84.759348 0.069134
84.842261 0.082913
84.909172 0.066910
84.996578 0.087406
85.040832 0.044254
85.123627 0.082795
85.190296 0.066669
85.255607 0.065311
85.311216 0.055609
85.377234 0.066017
85.436659 0.059426
85.483732 0.047073
85.575279 0.091547
85.635534 0.060255
85.704217 0.068683
85.790090 0.085873
85.865194 0.075104
85.950800 0.085607
86.006248 0.055448
86.079878 0.073630
86.152774 0.072896
86.233674 0.080900
86.313192 0.079518
86.375605 0.062413
86.456102 0.080497
86.515409 0.059307
86.559510 0.044101
86.628086 0.068576
86.676097 0.048012
86.754556 0.078458
86.830150 0.075594
86.918072 0.087922
86.991351 0.073279
87.059604 0.068253
87.140133 0.080529
87.218584 0.078451
87.305386 0.086802
87.357074 0.051688
87.452130 0.095056
87.524371 0.072240
87.604535 0.080164
87.683297 0.078762
87.758158 0.074860
87.818712 0.060554
87.880409 0.061697
87.978520 0.098111
88.050551 0.072031
88.117933 0.067382
88.188153 0.070220
88.241574 0.053422
88.295100 0.053526
88.370552 0.075452
88.457970 0.087417
88.527494 0.069524
88.601429 0.073935
88.667593 0.066164
88.734740 0.067147
88.796824 0.062085
88.890062 0.093238
88.944026 0.053964
89.005757 0.061731
89.090431 0.084674
89.136765 0.046334
89.225632 0.088867
89.280129 0.054497
89.382821 0.102693
89.440072 0.057250
89.501008 0.060936
89.589412 0.088404
89.629234 0.039822
89.717642 0.088408
89.769583 0.051941
89.837772 0.068189
89.919595 0.081824
89.985321 0.065726
90.036703 0.051382
90.110708 0.074004
90.178736 0.068029
90.258935 0.080198
90.323183 0.064249
90.403416 0.080233
90.448561 0.045145
90.520022 0.071461
90.606828 0.086806
90.673191 0.066363
90.737651 0.064460
90.795660 0.058009
90.846820 0.051160
90.900672 0.053852
90.982860 0.082188
91.061633 0.078773
91.136789 0.075156
91.176388 0.039600
91.261920 0.085531
91.327199 0.065280
91.399896 0.072697
91.452783 0.052887
91.504952 0.052169
91.633590 0.128638
91.730031 0.096441
91.822128 0.092097
91.898482 0.076354
91.972614 0.074132
92.036556 0.063941
92.118601 0.082046
92.223624 0.105023
92.291305 0.067681
92.356699 0.065394
92.439796 0.083096
92.529651 0.089855
92.614332 0.084681
92.685890 0.071557
92.754632 0.068742
92.853741 0.099110
92.931931 0.078189
93.012872 0.080941
93.071387 0.058516
93.170657 0.099270
93.249264 0.078607
93.296688 0.047424
93.390696 0.094008
93.477165 0.086469
93.528474 0.051309
93.642158 0.113685
93.718124 0.075966
93.784495 0.066371
93.858178 0.073683
93.916833 0.058655
93.980565 0.063731
94.077054 0.096489
94.123099 0.046045
94.208770 0.085671
94.290032 0.081263
94.356921 0.066889
94.445487 0.088566
94.518971 0.073484
94.608814 0.089843
94.678139 0.069325
94.726100 0.047961
94.820609 0.094509
94.885987 0.065378
94.967598 0.081611
95.045213 0.077615
95.111482 0.066269
95.172194 0.060712
95.256058 0.083864
95.325757 0.069699
95.392016 0.066259
95.457936 0.065919
95.552217 0.094282
95.627111 0.074894
95.697574 0.070462
95.760412 0.062838
95.847915 0.087503
95.919924 0.072010
95.992852 0.072927
96.061227 0.068376
96.140462 0.079234
96.192352 0.051890
96.278862 0.086510
96.359157 0.080295
96.422631 0.063474
96.486294 0.063663
96.662138 0.175844
96.742651 0.080513
96.781352 0.038701
96.846141 0.064789
96.911230 0.065089
96.987882 0.076652
97.062463 0.074582
97.126288 0.063824
97.186079 0.059791
97.269285 0.083206
97.333064 0.063779
97.384096 0.051031
97.431373 0.047278
97.528602 0.097229
97.576271 0.047669
97.634874 0.058603
97.695487 0.060613
97.756609 0.061122
97.818165 0.061555
97.885525 0.067361
97.928641 0.043115
97.983119 0.054478
98.057593 0.074474
98.114315 0.056722
98.164444 0.050129
98.261386 0.096942
98.330387 0.069001
98.392606 0.062219
98.469873 0.077267
98.541630 0.071757
98.610693 0.069064
98.693935 0.083241
98.755425 0.061490
98.822388 0.066963
98.891965 0.069577
98.988579 0.096615
99.055121 0.066542
99.125606 0.070485
99.200765 0.075159
99.264800 0.064036
99.342339 0.077539
99.402625 0.060285
99.475591 0.072966
99.564874 0.089283
99.645480 0.080606
99.712088 0.066608
99.793052 0.080964
99.820205 0.027154
99.915129 0.094924
99.975683 0.060554
100.059945 0.084262
100.122653 0.062708
100.160806 0.038154
100.249880 0.089073
100.367226 0.117346
100.440460 0.073234
100.521465 0.081005
100.623062 0.101597
100.728957 0.105895
100.805896 0.076939
100.879058 0.073162
100.971875 0.092817
101.047697 0.075823
101.152387 0.104690
101.223937 0.071550
101.298307 0.074370
101.356981 0.058674
101.452614 0.095633
101.526739 0.074125
101.622543 0.095804
101.689156 0.066613
101.770903 0.081746
101.866316 0.095414
101.932957 0.066641
102.020799 0.087842
102.107912 0.087114
102.188300 0.080387
102.267225 0.078925
102.345774 0.078549
102.421565 0.075791
102.495978 0.074413
102.586176 0.090199
102.666399 0.080222
102.736094 0.069695
102.828392 0.092299
102.896758 0.068366
102.984400 0.087642
103.070955 0.086555
103.132491 0.061537
103.215981 0.083490
103.306571 0.090590
103.368559 0.061988
103.457027 0.088469
103.533500 0.076473
103.606414 0.072915
103.660888 0.054474
103.725021 0.064133
103.831395 0.106374
103.896312 0.064917
103.967479 0.071166
104.052121 0.084642
104.150955 0.098834
104.229731 0.078776
104.301295 0.071564
104.371699 0.070404
104.438261 0.066562
104.534399 0.096139
104.601409 0.067010
104.685763 0.084354
104.766557 0.080794
104.848961 0.082404
104.955438 0.106477
105.053907 0.098469
105.135971 0.082064
105.234010 0.098038
105.324626 0.090616
105.397785 0.073159
105.509460 0.111675
105.595712 0.086252
105.690004 0.094292
105.766266 0.076262
105.850809 0.084543
105.927242 0.076433
106.005367 0.078125
106.108824 0.103456
106.198213 0.089390
106.260086 0.061873
106.369565 0.109479
106.455074 0.085509
106.538478 0.083404
106.621673 0.083195
106.713565 0.091892
106.795257 0.081692
106.872635 0.077378
106.961775 0.089140
107.061513 0.099738
107.125192 0.063679
107.229481 0.104289
107.317302 0.087821
107.412698 0.095397
107.479861 0.067162
107.579247 0.099386
107.655546 0.076299
107.736621 0.081075
107.831589 0.094968
107.934495 0.102906
108.009837 0.075342
108.087770 0.077933
108.182902 0.095132
108.273617 0.090715
108.364834 0.091217
108.441820 0.076986
108.521727 0.079907
108.603763 0.082036
108.710987 0.107224
108.799454 0.088467
108.875058 0.075604
108.956685 0.081627
109.072967 0.116282
109.163923 0.090956
109.234499 0.070576
109.314590 0.080091
109.390696 0.076106
109.563594 0.172899
109.706887 0.143292
109.776801 0.069915
109.860970 0.084168
109.940673 0.079704
110.062060 0.121387
110.169748 0.107687
110.242974 0.073226
110.319525 0.076551
110.449508 0.129983
110.537290 0.087782
110.613259 0.075970
110.676534 0.063275
110.814215 0.137681
110.906283 0.092067
110.985827 0.079544
111.056530 0.070703
111.144658 0.088128
111.265891 0.121233
111.326109 0.060218
111.410597 0.084488
111.533398 0.122802
111.603053 0.069655
111.700435 0.097382
111.772851 0.072416
111.847336 0.074484
111.938785 0.091450
112.023220 0.084435
112.104609 0.081389
112.210584 0.105975
112.295006 0.084422
112.371305 0.076299
112.451614 0.080310
112.547535 0.095920
112.624614 0.077079
112.726811 0.102197
112.802515 0.075704
112.884475 0.081960
112.963406 0.078931
113.074396 0.110990
113.151377 0.076980
113.227133 0.075757
113.309885 0.082752
113.409556 0.099671
113.497203 0.087647
113.562362 0.065159
113.632477 0.070114
113.707839 0.075363
113.805827 0.097987
113.886411 0.080585
113.964167 0.077755
114.039011 0.074844
114.128825 0.089815
114.214363 0.085538
114.289263 0.074899
114.385718 0.096455
114.455744 0.070026
114.522529 0.066785
114.598406 0.075877
114.694316 0.095910
114.762443 0.068127
114.834977 0.072534
114.896247 0.061270
115.006163 0.109916
115.089940 0.083778
115.146454 0.056514
115.214982 0.068529
115.305704 0.090722
115.381755 0.076051
115.458203 0.076448
115.533359 0.075157
115.621316 0.087957
115.681254 0.059938
115.760339 0.079085
115.849904 0.089565
115.917486 0.067582
115.984055 0.066569
116.047735 0.063680
116.100353 0.052618
116.182041 0.081688
116.228249 0.046208
116.287470 0.059221
116.328036 0.040566
116.409557 0.081521
116.444622 0.035066
116.524480 0.079857
116.594983 0.070503
116.686498 0.091515
116.769735 0.083237
116.845030 0.075296
116.916568 0.071538
116.980681 0.064113
117.078238 0.097557
117.153841 0.075603
117.230411 0.076569
117.305581 0.075171
117.364632 0.059051
117.456741 0.092109
117.514186 0.057445
117.608522 0.094336
117.679944 0.071422
117.731888 0.051944
117.796172 0.064284
117.851985 0.055813
117.894981 0.042996
117.999661 0.104680
118.094970 0.095309
118.190778 0.095809
118.255787 0.065008
118.359007 0.103220
118.470044 0.111037
118.545310 0.075267
118.632735 0.087424
118.712614 0.079879
118.812605 0.099991
118.906508 0.093903
118.984493 0.077985
119.036602 0.052109
119.110832 0.074231
119.190679 0.079847
119.259479 0.068800
119.320877 0.061398
119.393000 0.072123
119.460458 0.067458
119.526203 0.065745
119.603168 0.076965
119.673548 0.070380
119.752608 0.079060
119.826482 0.073874
119.880548 0.054066
119.966995 0.086447
120.032727 0.065732
120.120469 0.087742
120.201885 0.081416
120.240626 0.038741
120.341939 0.101314
120.403238 0.061299
120.486406 0.083168
120.557682 0.071276
120.629030 0.071348
120.698767 0.069737
120.769802 0.071035
120.838868 0.069067
120.895829 0.056961
120.980318 0.084489
121.060214 0.079896
121.106152 0.045938
121.205669 0.099517
121.278054 0.072385
121.340028 0.061974
121.417207 0.077178
121.475893 0.058687
121.555444 0.079551
121.601008 0.045564
121.685703 0.084695
121.761514 0.075811
121.839657 0.078144
121.922992 0.083335
121.998594 0.075601
122.105558 0.106964
122.178336 0.072778
122.268977 0.090641
122.366826 0.097849
122.469697 0.102871
122.536688 0.066991
122.604262 0.067574
122.705814 0.101552
122.800259 0.094446
122.864400 0.064140
122.976342 0.111942
123.055504 0.079162
123.116773 0.061270
123.202244 0.085470
123.290405 0.088161
123.351197 0.060792
123.400346 0.049148
123.498453 0.098107
123.585314 0.086862
123.646731 0.061416
123.709033 0.062302
123.777913 0.068880
123.848803 0.070890
123.910351 0.061548
123.952351 0.042000
124.045353 0.093003
124.118882 0.073529
124.175495 0.056613
124.262931 0.087436
124.323232 0.060301
124.403358 0.080126
124.471507 0.068149
124.535152 0.063645
124.610018 0.074866
124.665932 0.055915
124.738260 0.072328
124.826902 0.088642
124.911904 0.085002
124.990416 0.078512
125.058594 0.068178
125.144147 0.085553
125.245872 0.101725
125.302233 0.056361
125.382361 0.080128
125.459175 0.076815
125.532745 0.073569
125.614590 0.081845
125.678057 0.063467
125.753274 0.075217
125.841656 0.088382
125.899078 0.057422
125.958294 0.059216
126.038823 0.080529
126.123631 0.084808
126.178733 0.055102
126.231377 0.052645
126.280821 0.049444
126.348096 0.067275
126.416613 0.068516
126.464111 0.047498
126.524549 0.060438
126.610951 0.086402
126.656393 0.045442
126.757309 0.100916
126.826220 0.068912
126.875153 0.048933
126.930693 0.055540
126.995388 0.064695
127.075423 0.080035
127.138057 0.062634
127.190156 0.052099
127.268583 0.078428
127.323586 0.055003
127.380356 0.056770
127.428427 0.048071
127.513216 0.084789
127.565757 0.052541
127.625422 0.059665
127.689957 0.064535
127.753094 0.063137
127.824676 0.071583
127.876117 0.051441
127.935883 0.059766
127.984326 0.048443
128.043424 0.059098
128.099022 0.055598
128.149909 0.050887
128.284921 0.135013
128.365394 0.080472
128.437704 0.072310
128.491827 0.054123
128.536784 0.044958
128.636473 0.099689
128.720723 0.084250
128.781720 0.060996
128.832413 0.050693
128.930153 0.097740
128.988918 0.058766
129.046836 0.057918
129.108213 0.061377
129.207635 0.099422
129.267219 0.059583
129.323730 0.056511
129.378503 0.054773
129.483608 0.105106
129.555498 0.071890
129.615906 0.060408
129.651342 0.035436
129.733094 0.081752
129.796935 0.063841
129.878399 0.081464
129.931596 0.053198
130.018382 0.086786
130.098088 0.079706
130.146539 0.048451
130.211051 0.064512
130.291464 0.080413
130.357935 0.066471
130.426900 0.068965
130.476389 0.049489
130.545159 0.068769
130.623602 0.078444
130.667752 0.044150
130.714979 0.047227
130.744268 0.029289
130.776351 0.032083
130.818015 0.041665
130.859685 0.041670
130.901339 0.041654
130.943012 0.041673
130.984676 0.041664
131.026339 0.041663
131.068009 0.041670
131.124966 0.056957
131.223065 0.098098
131.284466 0.061401
131.386429 0.101963
131.465320 0.078892
131.518121 0.052801
131.579432 0.061311
131.648640 0.069208
131.742079 0.093439
131.806244 0.064165
131.860045 0.053801
131.936098 0.076052
132.021999 0.085901
132.066388 0.044389
132.130223 0.063835
132.191560 0.061336
132.252030 0.060470
132.339828 0.087799
132.414373 0.074544
132.459912 0.045539
132.541310 0.081398
132.626406 0.085096
132.705407 0.079001
132.758863 0.053456
132.796681 0.037818
132.885577 0.088896
132.961255 0.075678
133.019141 0.057885
133.072880 0.053740
133.139569 0.066689
133.186310 0.046741
133.265772 0.079462
133.320206 0.054434
133.385043 0.064837
133.450903 0.065860
133.538287 0.087384
133.617174 0.078887
133.655040 0.037866
133.711547 0.056507
133.803965 0.092418
133.873908 0.069943
133.923661 0.049752
133.983653 0.059992
134.066141 0.082488
134.137014 0.070873
134.172266 0.035252
134.247359 0.075093
134.314008 0.066650
134.392883 0.078875
134.443008 0.050125
134.495856 0.052848
134.563523 0.067668
134.658776 0.095252
134.707379 0.048603
134.763745 0.056366
134.851581 0.087836
134.914475 0.062894
134.974891 0.060416
135.041050 0.066159
135.132199 0.091150
135.198370 0.066171
135.245836 0.047466
135.299280 0.053444
135.393355 0.094075
135.454267 0.060912
135.532435 0.078167
135.615436 0.083002
135.669652 0.054215
135.733559 0.063908
135.791890 0.058330
135.868946 0.077056
135.924218 0.055272
135.971126 0.046907
136.052175 0.081049
136.135014 0.082839
136.193875 0.058861
136.246662 0.052787
136.332118 0.085456
136.387714 0.055596
136.453442 0.065728
136.530291 0.076849
136.596433 0.066143
136.690099 0.093665
136.740440 0.050341
136.797026 0.056587
136.888104 0.091078
136.971104 0.083000
137.030370 0.059267
137.087506 0.057135
137.175829 0.088323
137.220516 0.044687
137.291586 0.071070
137.356810 0.065224
137.441278 0.084468
137.501608 0.060330
137.558259 0.056651
137.613664 0.055405
137.655629 0.041964
137.702035 0.046406
137.752809 0.050774
137.802847 0.050038
137.880489 0.077642
137.931280 0.050791
137.984743 0.053463
138.026338 0.041595
138.072912 0.046574
138.114367 0.041455
138.165579 0.051213
138.195555 0.029976
138.245835 0.050279
138.291276 0.045441
138.337363 0.046087
138.365730 0.028367
138.419794 0.054064
138.446556 0.026762
138.497316 0.050760
138.526296 0.028981
138.568007 0.041711
138.615869 0.047862
138.651340 0.035471
138.696135 0.044795
138.734674 0.038539
138.776343 0.041669
138.818006 0.041664
138.859672 0.041666
138.901340 0.041668
138.943008 0.041668
138.984675 0.041667
139.026349 0.041674
139.068005 0.041656
139.109674 0.041669
139.151335 0.041661
139.214321 0.062985
139.311749 0.097428
139.383831 0.072083
139.462422 0.078590
139.558783 0.096361
139.675875 0.117092
139.796076 0.120201
139.935742 0.139666
140.030245 0.094503
140.150177 0.119932
140.250272 0.100096
140.386620 0.136347
140.498930 0.112310
140.615150 0.116220
140.744870 0.129720
140.862544 0.117674
140.982118 0.119574
141.064574 0.082456
141.156398 0.091825
141.264102 0.107703
141.340252 0.076151
141.449677 0.109425
141.541244 0.091566
141.633738 0.092494
141.728093 0.094355
141.823933 0.095840
141.910122 0.086189
142.025424 0.115303
142.097052 0.071627
142.199830 0.102778
142.290825 0.090995
142.327463 0.036638
142.418038 0.090575
142.487640 0.069602
142.541140 0.053500
142.568019 0.026879
142.609673 0.041654
142.651340 0.041667
142.693007 0.041667
142.734681 0.041674
142.776343 0.041663
142.818008 0.041665
142.869057 0.051048
142.972676 0.103619
143.077898 0.105222
143.155439 0.077541
143.241281 0.085842
143.310535 0.069253
143.401971 0.091437
143.463687 0.061716
143.568649 0.104962
143.636318 0.067668
143.703790 0.067472
143.778761 0.074971
143.870783 0.092022
143.944526 0.073743
144.019008 0.074482
144.091747 0.072739
144.173387 0.081639
144.246430 0.073043
144.330042 0.083612
144.391720 0.061678
144.463664 0.071944
144.545956 0.082292
144.610811 0.064854
144.666906 0.056095
144.761413 0.094507
144.831466 0.070054
144.937074 0.105607
145.014227 0.077153
145.108541 0.094315
145.206241 0.097700
145.284495 0.078254
145.386464 0.101969
145.483199 0.096735
145.593771 0.110572
145.666689 0.072918
145.765714 0.099025
145.877029 0.111315
145.960933 0.083904
146.054960 0.094027
146.154483 0.099523
146.242942 0.088458
146.320578 0.077637
146.446170 0.125592
146.540606 0.094436
146.610738 0.070132
146.672573 0.061835
146.782018 0.109445
146.881772 0.099754
146.942651 0.060879
147.013583 0.070932
147.099279 0.085697
147.177259 0.077979
147.288751 0.111492
147.376296 0.087545
147.455415 0.079119
147.515541 0.060125
147.567676 0.052135
147.682559 0.114883
147.765515 0.082956
147.817050 0.051535
147.878415 0.061365
147.968037 0.089622
148.053841 0.085804
148.115384 0.061544
148.174264 0.058880
148.260393 0.086129
148.332809 0.072416
148.397981 0.065171
148.464142 0.066161
148.534792 0.070650
148.599350 0.064558
148.627924 0.028574
148.651339 0.023415
148.714209 0.062869
148.789921 0.075712
148.818008 0.028087
148.859675 0.041667
148.901339 0.041664
148.943009 0.041670
149.003594 0.060585
149.069041 0.065447
149.214234 0.145193
149.269788 0.055554
149.340298 0.070510
149.442945 0.102647
149.494925 0.051980
149.558828 0.063903
149.599348 0.040519
149.672485 0.073137
149.724281 0.051796
149.793655 0.069375
149.834144 0.040489
149.921991 0.087847
149.995776 0.073785
150.038071 0.042295
150.089171 0.051100
150.169391 0.080220
150.224530 0.055139
150.271984 0.047455
150.308842 0.036857
150.396539 0.087697
150.451692 0.055153
150.499838 0.048146
150.551299 0.051461
150.634245 0.082946
150.714932 0.080687
150.793420 0.078488
150.859888 0.066468
150.932068 0.072180
151.017557 0.085489
151.079571 0.062014
151.154057 0.074485
151.212719 0.058662
151.314104 0.101386
151.365072 0.050968
151.436164 0.071092
151.526982 0.090818
151.617916 0.090934
151.675671 0.057755
151.758969 0.083299
151.838564 0.079594
151.922359 0.083795
151.978138 0.055779
152.057451 0.079313
152.148677 0.091226
152.204637 0.055960
152.292654 0.088017
152.362772 0.070118
152.430155 0.067383
152.452201 0.022045
152.484945 0.032744
152.526345 0.041400
152.568007 0.041662
152.609680 0.041673
152.651339 0.041659
152.693004 0.041665
152.734671 0.041667
152.776338 0.041667
152.818008 0.041670
152.859678 0.041670
152.901345 0.041667
152.943003 0.041658
152.984672 0.041669
153.070007 0.085334
153.126581 0.056575
153.189417 0.062836
153.248292 0.058874
153.334473 0.086181
153.385369 0.050896
153.428227 0.042857
153.530837 0.102611
153.588402 0.057565
153.664719 0.076317
153.715797 0.051079
153.793429 0.077632
153.840566 0.047137
153.902475 0.061908
153.981433 0.078958
154.058250 0.076818
154.138686 0.080436
154.219847 0.081160
154.307349 0.087502
154.409866 0.102518
154.479336 0.069470
154.562508 0.083172
154.620364 0.057856
154.708215 0.087850
154.779816 0.071601
154.855471 0.075655
154.930150 0.074679
154.990741 0.060591
155.081420 0.090679
155.169875 0.088456
155.232252 0.062377
155.311864 0.079612
155.388480 0.076616
155.469525 0.081045
155.531835 0.062310
155.627700 0.095865
155.699802 0.072102
155.764697 0.064895
155.835390 0.070693
155.900156 0.064766
155.986014 0.085857
156.035364 0.049350
156.118263 0.082899
156.172191 0.053928
156.249239 0.077048
156.309255 0.060015
156.356884 0.047629
156.424705 0.067821
156.466571 0.041866
156.562144 0.095573
156.609676 0.047532
156.681929 0.072253
156.744778 0.062849
156.788348 0.043570
156.864372 0.076024
156.942462 0.078090
157.002800 0.060338
157.050312 0.047511
157.115450 0.065139
157.195143 0.079693
157.254851 0.059708
157.333866 0.079016
157.386440 0.052574
157.465373 0.078933
157.515586 0.050212
157.581256 0.065670
157.649344 0.068088
157.699459 0.050115
157.753926 0.054467
157.799900 0.045974
157.892518 0.092619
157.954110 0.061591
158.014629 0.060520
158.085216 0.070587
158.148421 0.063205
158.227343 0.078922
158.299089 0.071746
158.370096 0.071007
158.441503 0.071407
158.510054 0.068551
158.571137 0.061083
158.666503 0.095367
158.737262 0.070759
158.784112 0.046850
158.871627 0.087515
158.949678 0.078050
159.020815 0.071137
159.087002 0.066187
159.161954 0.074952
159.353655 0.191701
159.420388 0.066732
159.542225 0.121837
159.617312 0.075087
159.691537 0.074225
159.818418 0.126882
159.894731 0.076313
160.054810 0.160079
160.156881 0.102071
160.248955 0.092074
160.332553 0.083597
160.471004 0.138451
160.544994 0.073991
160.623263 0.078268
160.732780 0.109517
160.827039 0.094259
160.912149 0.085111
160.992319 0.080169
161.061067 0.068749
161.145918 0.084851
161.212368 0.066450
161.296679 0.084311
161.371740 0.075060
161.469620 0.097880
161.540611 0.070992
161.619340 0.078729
161.705237 0.085897
161.763605 0.058368
161.879483 0.115879
161.944024 0.064540
162.007486 0.063463
162.114212 0.106726
162.201586 0.087373
162.269772 0.068187
162.342500 0.072727
162.420812 0.078313
162.495497 0.074684
162.593183 0.097687
162.677907 0.084724
162.727579 0.049672
162.825226 0.097647
162.913352 0.088126
162.987562 0.074211
163.060129 0.072567
163.143358 0.083229
163.215516 0.072158
163.316840 0.101324
163.402700 0.085860
163.493903 0.091203
163.551119 0.057216
163.603877 0.052758
163.707203 0.103326
163.784305 0.077102
163.864008 0.079703
163.901342 0.037334
164.008837 0.107495
164.065326 0.056489
164.169175 0.103849
164.242038 0.072863
164.303334 0.061296
164.363509 0.060175
164.444210 0.080701
164.530665 0.086455
164.600557 0.069892
164.658282 0.057725
164.720933 0.062651
164.791077 0.070144
164.856474 0.065397
164.903467 0.046992
164.980173 0.076707
165.026340 0.046167
165.068010 0.041670
165.137877 0.069867
165.195924 0.058047
165.277268 0.081344
165.331690 0.054422
165.384473 0.052783
165.446253 0.061780
165.507926 0.061673
165.565923 0.057997
165.640461 0.074538
165.706549 0.066088
165.768965 0.062416
165.845384 0.076419
165.926193 0.080809
165.987548 0.061355
166.068176 0.080628
166.137782 0.069606
166.201935 0.064153
166.277225 0.075291
166.343218 0.065993
166.411039 0.067821
166.488974 0.077935
166.551154 0.062180
166.631680 0.080527
166.709644 0.077964
166.771031 0.061387
166.832148 0.061117
166.899650 0.067503
166.979335 0.079685
167.051517 0.072182
167.088274 0.036757
167.199359 0.111085
167.297348 0.097988
167.358636 0.061289
167.425702 0.067066
167.489641 0.063939
167.569583 0.079941
167.636871 0.067288
167.673053 0.036183
167.767331 0.094278
167.836636 0.069304
167.927526 0.090890
167.967513 0.039987
168.053517 0.086004
168.122876 0.069360
168.184818 0.061942
168.273291 0.088473
168.330760 0.057470
168.406361 0.075601
168.476125 0.069764
168.526340 0.050216
168.593591 0.067250
168.656127 0.062537
168.742945 0.086818
168.798008 0.055063
168.838169 0.040161
168.908636 0.070467
168.971742 0.063106
169.027407 0.055665
169.070033 0.042625
169.109674 0.039641
169.151343 0.041670
169.193008 0.041665
169.234673 0.041665
169.276438 0.041765
169.318015 0.041577
169.362277 0.044262
169.401342 0.039065
169.499983 0.098641
169.550944 0.050961
169.678032 0.127088
169.722390 0.044358
169.839477 0.117087
169.897837 0.058360
169.964210 0.066373
170.019927 0.055718
170.137643 0.117715
170.202325 0.064682
170.244743 0.042418
170.313987 0.069244
170.413784 0.099798
170.460941 0.047157
170.530153 0.069212
170.577383 0.047230
170.672023 0.094640
170.746255 0.074232
170.780209 0.033955
170.854547 0.074337
170.953702 0.099155
171.021970 0.068268
171.068006 0.046037
171.117385 0.049379
171.211057 0.093671
171.279176 0.068119
171.330516 0.051340
171.382329 0.051813
171.458799 0.076471
171.500259 0.041459
171.564644 0.064385
171.620148 0.055504
171.668955 0.048807
171.741944 0.072989
171.852902 0.110958
171.924359 0.071457
171.977976 0.053618
172.034132 0.056156
172.082401 0.048269
172.175351 0.092950
172.222068 0.046717
172.304942 0.082875
172.381867 0.076924
172.435199 0.053332
172.507741 0.072542
172.555729 0.047988
172.646145 0.090416
172.716867 0.070722
172.799713 0.082846
172.873280 0.073567
172.941623 0.068343
173.004428 0.062805
173.065440 0.061012
173.147057 0.081617
173.223235 0.076178
173.284484 0.061249
173.344863 0.060379
173.396038 0.051175
173.515272 0.119234
173.591503 0.076231
173.668143 0.076640
173.727768 0.059625
173.793770 0.066003
173.874552 0.080782
173.961557 0.087005
174.009719 0.048162
174.075518 0.065798
174.173857 0.098340
174.240684 0.066826
174.295534 0.054850
174.373197 0.077662
174.451612 0.078415
174.519537 0.067926
174.581404 0.061866
174.637658 0.056254
174.725639 0.087981
174.777016 0.051377
174.838149 0.061134
174.885585 0.047436
174.966638 0.081053
175.036304 0.069666
175.095334 0.059030
175.146276 0.050942
175.216462 0.070186
175.294294 0.077833
175.349016 0.054722
175.494723 0.145707
175.621684 0.126961
175.707648 0.085963
175.764144 0.056497
175.842872 0.078727
175.971237 0.128365
176.059516 0.088279
176.126583 0.067067
176.211941 0.085358
176.322720 0.110779
176.404671 0.081950
176.477869 0.073199
176.528517 0.050648
176.651790 0.123273
176.747174 0.095384
176.822018 0.074844
176.893740 0.071722
176.983611 0.089872
177.062409 0.078798
177.123603 0.061195
177.196053 0.072450
177.245046 0.048993
177.349459 0.104413
177.477357 0.127898
177.564836 0.087479
177.649833 0.084997
177.717787 0.067954
177.768489 0.050702
177.878017 0.109528
177.944928 0.066911
178.015308 0.070380
178.083816 0.068508
178.170412 0.086596
178.253827 0.083415
178.310879 0.057052
178.360187 0.049307
178.451055 0.090868
178.492569 0.041515
178.572101 0.079531
178.662385 0.090285
178.715802 0.053416
178.803293 0.087491
178.869935 0.066642
178.922164 0.052230
178.988534 0.066370
179.048479 0.059945
179.108094 0.059615
179.167450 0.059356
179.224114 0.056664
179.307941 0.083827
179.356313 0.048372
179.418901 0.062588
179.471543 0.052643
179.539717 0.068173
179.590283 0.050567
179.652183 0.061899
179.709648 0.057465
179.791114 0.081466
179.872942 0.081828
179.962216 0.089274
180.064782 0.102566
180.154279 0.089497
180.230781 0.076502
180.304675 0.073894
180.417466 0.112791
180.495032 0.077567
180.574143 0.079110
180.666630 0.092487
180.754235 0.087605
180.833455 0.079220
180.917015 0.083561
180.997215 0.080200
181.088622 0.091407
181.160914 0.072292
181.252717 0.091804
181.337817 0.085100
181.425432 0.087615
181.503925 0.078492
181.602599 0.098674
181.688079 0.085480
181.772702 0.084623
181.864831 0.092129
181.959553 0.094722
182.031509 0.071957
182.139824 0.108314
182.238872 0.099048
182.304777 0.065905
182.392413 0.087636
182.478392 0.085979
182.596720 0.118328
182.652648 0.055927
182.753353 0.100705
182.834612 0.081259
182.949479 0.114867
183.009819 0.060340
183.114649 0.104829
183.189027 0.074378
183.288737 0.099710
183.366348 0.077611
183.466518 0.100170
183.544016 0.077498
183.615216 0.071201
183.719041 0.103825
183.799465 0.080424
183.884905 0.085440
183.952578 0.067673
184.063211 0.110633
184.108530 0.045319
184.225517 0.116987
184.303046 0.077528
184.395182 0.092136
184.489596 0.094414
184.580871 0.091276
184.664625 0.083753
184.753905 0.089280
184.825241 0.071336
184.864624 0.039383
184.967834 0.103210
185.049968 0.082133
185.152188 0.102221
185.234822 0.082633
185.315526 0.080704
185.422752 0.107226
185.513227 0.090475
185.597470 0.084242
185.671954 0.074485
185.753484 0.081530
185.792684 0.039200
185.865075 0.072390
185.969775 0.104701
186.041239 0.071464
186.103703 0.062464
186.204895 0.101192
186.285874 0.080979
186.348840 0.062966
186.413718 0.064878
186.492529 0.078811
186.571379 0.078851
186.617069 0.045690
186.686554 0.069485
186.750722 0.064168
186.813685 0.062963
186.871609 0.057924
186.930533 0.058924
187.009740 0.079207
187.071335 0.061595
187.129619 0.058284
187.182313 0.052695
187.268674 0.086360
187.344514 0.075840
187.406230 0.061716
187.476141 0.069911
187.543730 0.067589
187.627266 0.083537
187.683891 0.056625
187.732007 0.048116
187.821872 0.089865
187.905812 0.083941
187.960428 0.054616
188.018690 0.058262
188.097373 0.078683
188.162455 0.065082
188.222657 0.060202
188.281202 0.058544
188.355377 0.074175
188.443200 0.087822
188.523462 0.080262
188.603806 0.080344
188.683219 0.079413
188.775599 0.092380
188.865387 0.089788
188.943534 0.078146
189.036808 0.093274
189.113472 0.076664
189.171692 0.058220
189.252356 0.080664
189.327209 0.074853
189.413444 0.086234
189.472585 0.059141
189.559492 0.086907
189.659788 0.100296
189.743027 0.083240
189.849248 0.106221
189.925323 0.076075
190.012500 0.087177
190.092922 0.080422
190.187332 0.094410
190.275028 0.087696
190.367992 0.092964
190.456709 0.088717
190.561925 0.105215
190.654354 0.092429
190.722338 0.067984
190.845721 0.123384
190.942917 0.097196
191.017951 0.075034
191.096580 0.078629
191.154380 0.057800
191.193006 0.038625
191.276432 0.083426
191.328445 0.052013
191.423086 0.094641
191.496502 0.073417
191.570351 0.073849
191.638307 0.067956
191.714261 0.075954
191.803388 0.089127
191.868622 0.065233
191.911191 0.042569
191.989402 0.078211
192.069540 0.080138
192.140257 0.070718
192.209796 0.069539
192.273173 0.063377
192.356790 0.083617
192.404288 0.047498
192.464239 0.059951
192.537547 0.073308
192.621643 0.084096
192.692492 0.070849
192.736402 0.043910
192.804854 0.068452
192.876472 0.071618
192.947687 0.071215
193.016887 0.069200
193.101338 0.084451
193.163450 0.062112
193.231558 0.068108
193.288150 0.056592
193.344561 0.056410
193.425308 0.080748
193.485764 0.060456
193.526346 0.040583
193.578274 0.051928
193.621793 0.043519
193.651337 0.029543
193.693006 0.041670
193.734672 0.041666
193.776336 0.041664
193.818016 0.041680
193.859676 0.041660
193.901340 0.041665
193.943006 0.041666
194.008349 0.065343
194.089216 0.080867
194.171099 0.081883
194.269711 0.098612
194.327745 0.058034
194.400144 0.072399
194.477204 0.077060
194.586903 0.109699
194.642931 0.056028
194.728165 0.085235
194.806313 0.078148
194.904304 0.097991
194.982296 0.077992
195.068129 0.085833
195.109674 0.041545
195.183111 0.073437
195.285384 0.102273
195.352588 0.067204
195.426738 0.074150
195.501521 0.074784
195.568292 0.066770
195.635890 0.067599
195.715145 0.079255
195.785636 0.070492
195.866720 0.081084
195.939618 0.072898
196.010599 0.070981
196.085325 0.074726
196.154697 0.069372
196.244755 0.090058
196.298603 0.053848
196.367681 0.069078
196.432731 0.065050
196.512454 0.079723
196.588319 0.075865
196.658401 0.070083
196.728198 0.069796
196.790847 0.062649
196.867084 0.076238
196.945755 0.078670
197.025407 0.079652
197.105013 0.079606
197.185267 0.080254
197.239524 0.054257
197.331173 0.091649
197.386200 0.055027
197.472131 0.085931
197.552377 0.080246
197.623327 0.070950
197.677674 0.054347
197.764531 0.086857
197.853793 0.089262
197.901341 0.047548
197.964793 0.063452
198.040242 0.075449
198.103461 0.063219
198.173686 0.070226
198.252764 0.079078
198.344351 0.091587
198.413242 0.068891
198.472564 0.059322
198.535056 0.062492
198.622622 0.087566
198.694301 0.071679
198.781333 0.087032
198.844695 0.063362
198.924184 0.079490
198.997830 0.073646
199.060275 0.062446
199.141165 0.080889
199.197339 0.056174
199.293365 0.096026
199.353823 0.060458
199.407877 0.054054
199.496803 0.088926
199.560181 0.063378
199.621046 0.060865
199.695482 0.074436
199.762625 0.067143
199.857637 0.095012
199.913318 0.055680
199.975391 0.062073
200.047596 0.072205
200.125950 0.078355
200.192368 0.066418
200.264893 0.072524
200.336373 0.071480
200.433666 0.097293
200.495621 0.061956
200.587942 0.092320
200.659712 0.071771
200.720303 0.060590
200.805802 0.085500
200.900417 0.094615
200.979826 0.079409
201.093416 0.113590
201.200611 0.107195
201.306436 0.105825
201.445370 0.138934
201.523730 0.078360
201.633517 0.109787
201.748424 0.114907
201.864604 0.116180
201.969301 0.104698
202.056072 0.086771
202.156111 0.100039
202.275950 0.119839
202.362550 0.086600
202.445275 0.082725
202.528305 0.083030
202.597619 0.069314
202.677447 0.079828
202.739278 0.061831
202.805634 0.066357
202.898090 0.092456
202.989230 0.091140
203.063897 0.074666
203.145747 0.081850
203.241349 0.095602
203.316173 0.074824
203.379689 0.063515
203.468070 0.088381
203.565169 0.097099
203.650454 0.085285
203.723482 0.073028
203.806085 0.082604
203.872470 0.066385
203.973961 0.101491
204.031446 0.057485
204.118313 0.086867
204.209406 0.091093
204.290921 0.081515
204.343994 0.053073
204.427620 0.083627
204.510578 0.082958
204.591979 0.081401
204.654803 0.062823
204.750904 0.096102
204.826734 0.075830
204.899284 0.072550
204.964028 0.064744
205.020109 0.056081
205.121178 0.101069
205.183518 0.062340
205.233119 0.049602
205.303095 0.069976
205.391016 0.087921
205.454229 0.063213
205.491728 0.037498
205.575011 0.083283
205.640871 0.065861
205.726622 0.085750
205.780620 0.053999
205.846323 0.065702
205.929611 0.083288
205.991548 0.061937
206.056736 0.065188
206.117911 0.061175
206.191409 0.073498
206.246313 0.054904
206.289527 0.043214
206.318011 0.028484
206.359673 0.041662
206.404538 0.044865
206.443008 0.038470
206.484678 0.041670
206.526339 0.041661
206.568020 0.041682
206.609676 0.041656
206.686417 0.076740
206.733453 0.047036
206.829826 0.096373
206.870330 0.040504
206.964949 0.094620
207.024709 0.059760
207.079387 0.054677
207.129416 0.050030
207.228209 0.098793
207.279352 0.051143
207.330006 0.050654
207.375243 0.045237
207.463350 0.088107
207.530447 0.067097
207.568009 0.037562
207.619868 0.051860
207.722564 0.102696
207.789827 0.067262
207.823500 0.033673
207.881621 0.058121
207.965199 0.083578
208.037519 0.072321
208.078715 0.041195
208.116949 0.038234
208.215476 0.098528
208.271705 0.056229
208.333350 0.061645
208.368402 0.035052
208.462795 0.094393
208.533339 0.070544
208.568006 0.034667
208.621655 0.053649
208.687987 0.066331
208.739622 0.051635
208.776340 0.036718
208.837957 0.061617
208.912492 0.074536
208.952038 0.039546
208.996161 0.044122
209.097628 0.101468
209.152650 0.055022
209.199095 0.046445
209.243750 0.044655
209.341804 0.098054
209.409250 0.067446
209.458720 0.049470
209.510985 0.052266
209.603645 0.092660
209.657008 0.053363
209.705316 0.048308
209.746736 0.041421
209.840687 0.093950
209.897403 0.056717
209.943008 0.045604
209.991079 0.048071
210.062446 0.071367
210.126923 0.064477
210.174444 0.047521
210.220351 0.045907
210.283019 0.062667
210.355034 0.072015
210.402343 0.047309
210.470017 0.067674
210.561192 0.091175
210.615864 0.054672
210.676441 0.060577
210.736978 0.060537
210.833486 0.096508
210.908682 0.075196
210.946434 0.037751
211.022968 0.076534
211.096662 0.073695
211.166667 0.070004
211.218062 0.051396
211.267287 0.049225
211.356843 0.089556
211.423865 0.067021
211.471767 0.047902
211.523753 0.051986
211.603840 0.080087
211.674276 0.070436
211.712338 0.038062
211.772950 0.060612
211.860071 0.087121
211.928737 0.068666
211.979069 0.050332
212.026341 0.047272
212.113204 0.086863
212.171748 0.058545
212.206747 0.034999
212.260910 0.054162
212.345892 0.084982
212.393983 0.048091
212.459392 0.065410
212.505031 0.045639
212.564252 0.059221
212.687670 0.123418
212.777594 0.089924
212.842870 0.065276
212.895334 0.052463
212.945443 0.050110
213.024503 0.079060
213.089614 0.065110
213.156999 0.067385
213.193008 0.036009
213.281013 0.088005
213.337461 0.056449
213.423503 0.086042
213.493415 0.069912
213.526341 0.032926
213.580949 0.054608
213.661481 0.080532
213.721443 0.059962
213.810359 0.088916
213.856835 0.046476
213.901342 0.044507
213.955144 0.053802
214.053680 0.098536
214.100276 0.046596
214.151565 0.051289
214.193010 0.041445
214.260921 0.067911
214.329164 0.068243
214.398311 0.069147
214.454809 0.056498
214.513471 0.058662
214.551403 0.037932
214.610521 0.059118
214.667978 0.057457
214.789930 0.121952
214.878416 0.088485
214.943824 0.065408
215.009394 0.065570
215.047850 0.038456
215.138940 0.091090
215.218095 0.079155
215.262842 0.044747
215.308171 0.045329
215.404475 0.096304
215.470464 0.065989
215.506387 0.035923
215.574226 0.067839
215.654250 0.080024
215.724290 0.070040
215.760857 0.036567
215.800961 0.040104
215.899978 0.099017
215.968672 0.068694
216.022963 0.054291
216.075041 0.052078
216.165492 0.090452
216.220836 0.055343
216.271460 0.050624
216.339491 0.068031
216.425924 0.086432
216.490294 0.064370
216.536392 0.046098
216.587406 0.051014
216.678442 0.091035
216.742418 0.063976
216.776342 0.033924
216.826949 0.050608
216.923170 0.096220
217.001263 0.078094
217.035370 0.034106
217.090487 0.055117
217.156730 0.066243
217.244633 0.087904
217.276341 0.031707
217.331414 0.055073
217.419124 0.087710
217.490581 0.071457
217.537804 0.047223
217.584252 0.046448
217.675597 0.091345
217.739073 0.063476
217.785065 0.045991
217.841451 0.056387
217.926986 0.085535
217.985824 0.058837
218.044627 0.058803
218.087389 0.042762
218.133890 0.046501
218.194371 0.060481
218.234676 0.040305
218.291783 0.057107
218.344684 0.052901
218.378882 0.034198
218.424864 0.045982
218.488464 0.063600
218.526342 0.037878
218.568007 0.041665
218.611186 0.043179
218.651342 0.040156
218.693004 0.041661
218.735758 0.042754
218.780507 0.044749
218.818008 0.037501
218.864872 0.046864
218.901341 0.036469
218.943018 0.041677
218.984686 0.041668
219.026339 0.041653
219.068007 0.041668
219.109675 0.041668
219.151341 0.041666
219.193007 0.041666
219.234673 0.041666
219.276347 0.041674
219.318006 0.041659
219.359677 0.041672
219.401339 0.041662
219.443009 0.041670
219.511894 0.068886
219.586653 0.074758
219.629751 0.043098
219.693301 0.063550
219.764053 0.070751
219.802520 0.038468
219.837755 0.035235
219.912871 0.075115
219.980256 0.067386
220.051325 0.071069
220.094912 0.043587
220.138888 0.043976
220.192422 0.053534
220.306925 0.114502
220.395358 0.088433
220.457034 0.061677
220.500995 0.043961
220.568855 0.067860
220.650663 0.081808
220.730638 0.079975
220.791086 0.060448
220.849726 0.058640
220.923156 0.073430
221.011789 0.088634
221.062645 0.050855
221.127781 0.065136
221.213215 0.085434
221.276127 0.062912
221.358249 0.082121
221.425996 0.067747
221.500268 0.074272
221.575890 0.075622
221.625692 0.049802
221.685889 0.060196
221.782976 0.097088
221.840982 0.058006
221.912108 0.071126
221.981463 0.069355
222.067937 0.086473
222.157282 0.089345
222.204210 0.046928
222.269121 0.064911
222.325267 0.056146
222.375643 0.050376
222.434451 0.058808
222.476737 0.042286
222.540058 0.063321
222.593600 0.053543
222.638275 0.044675
222.664270 0.025995
222.722299 0.058029
222.755657 0.033358
222.793978 0.038321
222.847449 0.053471
222.888596 0.041147
222.930327 0.041731
222.970142 0.039814
222.999642 0.029501
223.039823 0.040181
223.089709 0.049886
223.137181 0.047472
223.160936 0.023755
223.205872 0.044936
223.243109 0.037237
223.276571 0.033463
223.323888 0.047317
223.359675 0.035788
223.401342 0.041666
223.443007 0.041666
223.491642 0.048635
223.526341 0.034698
223.577907 0.051566
223.648443 0.070536
223.719121 0.070677
223.805155 0.086035
223.869888 0.064733
223.931798 0.061910
223.987547 0.055749
224.079657 0.092110
224.136747 0.057090
224.207244 0.070497
224.281661 0.074418
224.350691 0.069030
224.430574 0.079883
224.486969 0.056394
224.554120 0.067151
224.624857 0.070737
224.702616 0.077760
224.769897 0.067281
224.834890 0.064993
224.889964 0.055074
224.985585 0.095621
225.033038 0.047453
225.107433 0.074395
225.189451 0.082018
225.239403 0.049952
225.302995 0.063592
225.405587 0.102592
225.480033 0.074446
225.528728 0.048694
225.610231 0.081503
225.679030 0.068799
225.766985 0.087955
225.848136 0.081151
225.945557 0.097422
226.004575 0.059017
226.090047 0.085473
226.176510 0.086463
226.233027 0.056517
226.335355 0.102328
226.397576 0.062221
226.495076 0.097501
226.557047 0.061970
226.597407 0.040361
226.677189 0.079782
226.745964 0.068775
226.797235 0.051270
226.841943 0.044708
226.882663 0.040720
226.920049 0.037386
226.973345 0.053296
227.007850 0.034506
227.059697 0.051847
227.102761 0.043064
227.153362 0.050601
227.193016 0.039654
227.234675 0.041659
227.276341 0.041666
227.318008 0.041667
227.359682 0.041674
227.401341 0.041659
227.443014 0.041673
227.484684 0.041670
227.526339 0.041655
227.568004 0.041666
227.609678 0.041674
227.651339 0.041661
227.693013 0.041674
227.734672 0.041658
227.776346 0.041674
227.818006 0.041660
227.859674 0.041669
227.957274 0.097600
228.065185 0.107911
228.161306 0.096121
228.218441 0.057135
228.289031 0.070590
228.402809 0.113778
228.492569 0.089760
228.549347 0.056778
228.611677 0.062330
228.730157 0.118480
228.802204 0.072047
228.868360 0.066156
228.950525 0.082164
229.046621 0.096096
229.119685 0.073064
229.190049 0.070364
229.264513 0.074464
229.332235 0.067722
229.415103 0.082868
229.468692 0.053589
229.547610 0.078919
229.661882 0.114272
229.729339 0.067457
229.811935 0.082596
229.877994 0.066059
229.948145 0.070151
230.023380 0.075235
230.082856 0.059477
230.161061 0.078205
230.226551 0.065489
230.310910 0.084360
230.389748 0.078838
230.447470 0.057722
230.512100 0.064630
230.569165 0.057065
230.653656 0.084491
230.693008 0.039352
230.768016 0.075008
230.831080 0.063064
230.924278 0.093198
230.990425 0.066147
231.055396 0.064971
231.142474 0.087078
231.211744 0.069270
231.298222 0.086478
231.344878 0.046656
231.441905 0.097027
231.507246 0.065342
231.600920 0.093674
231.676993 0.076072
231.724062 0.047069
231.815354 0.091293
231.893801 0.078447
231.948486 0.054685
232.043188 0.094702
232.099190 0.056002
232.169767 0.070577
232.234325 0.064558
232.286456 0.052132
232.346969 0.060512
232.412419 0.065451
232.480569 0.068149
232.556626 0.076058
232.636707 0.080081
232.707705 0.070998
232.787303 0.079598
232.874463 0.087161
232.942360 0.067896
233.018214 0.075854
233.083058 0.064844
233.170421 0.087363
233.240106 0.069685
233.284457 0.044350
233.382974 0.098517
233.470938 0.087964
233.524345 0.053407
233.584459 0.060114
233.672585 0.088127
233.755845 0.083260
233.817775 0.061930
233.872489 0.054714
233.935843 0.063354
234.001069 0.065226
234.085318 0.084249
234.123660 0.038343
234.196947 0.073287
234.259630 0.062683
234.299841 0.040210
234.406642 0.106801
234.473515 0.066873
234.510424 0.036908
234.577993 0.067569
234.642485 0.064493
234.726136 0.083650
234.761576 0.035440
234.808122 0.046546
234.898234 0.090112
234.980435 0.082201
235.026341 0.045905
235.082340 0.056000
235.162585 0.080244
235.208932 0.046347
235.278411 0.069479
235.372987 0.094576
235.435267 0.062280
235.486336 0.051069
235.529199 0.042863
235.617777 0.088578
235.710267 0.092490
235.773771 0.063504
235.822267 0.048496
235.895270 0.073003
235.986951 0.091681
236.041016 0.054065
236.126050 0.085035
236.201555 0.075505
236.275242 0.073687
236.351487 0.076244
236.401342 0.049855
236.480830 0.079488
236.539023 0.058194
236.604082 0.065058
236.680357 0.076275
236.739991 0.059634
236.822069 0.082078
236.896362 0.074293
236.976790 0.080428
237.053443 0.076653
237.114831 0.061387
237.202808 0.087978
237.271547 0.068739
237.346058 0.074511
237.390525 0.044467
237.481292 0.090767
237.536126 0.054834
237.600942 0.064815
237.663103 0.062161
237.753575 0.090472
237.808107 0.054532
237.875739 0.067631
237.937058 0.061320
238.021310 0.084252
238.075804 0.054494
238.144773 0.068969
238.226263 0.081491
238.280542 0.054278
238.343176 0.062634
238.407950 0.064775
238.503343 0.095393
238.564131 0.060788
238.640734 0.076603
238.731246 0.090512
238.796576 0.065330
238.864102 0.067526
238.938596 0.074494
239.019178 0.080582
239.093591 0.074413
239.143022 0.049431
239.233947 0.090925
239.312834 0.078887
239.397885 0.085051
239.464041 0.066156
239.544839 0.080798
239.636167 0.091328
239.716778 0.080611
239.806354 0.089576
239.902183 0.095829
239.989451 0.087267
240.069810 0.080360
240.120270 0.050460
240.235568 0.115298
240.294740 0.059172
240.376690 0.081949
240.425044 0.048354
240.529064 0.104021
240.625358 0.096294
240.691536 0.066178
240.785908 0.094372
240.869612 0.083704
240.942195 0.072583
241.020011 0.077816
241.111386 0.091376
241.188596 0.077210
241.272016 0.083419
241.347644 0.075628
241.439306 0.091662
241.516708 0.077402
241.627070 0.110362
241.684079 0.057009
241.732086 0.048007
241.824815 0.092728
241.940821 0.116007
241.991815 0.050994
242.083031 0.091215
242.188488 0.105457
242.274266 0.085778
242.350628 0.076362
242.431170 0.080541
242.507409 0.076239
242.598874 0.091466
242.692247 0.093372
242.771762 0.079515
242.863728 0.091966
242.952493 0.088766
243.023000 0.070507
243.095805 0.072805
243.180402 0.084596
243.278908 0.098507
243.350391 0.071483
243.411924 0.061532
243.500190 0.088266
243.572839 0.072649
243.659561 0.086721
243.745841 0.086280
243.817488 0.071647
243.984843 0.167355
244.090163 0.105320
244.161762 0.071599
244.273328 0.111566
244.327679 0.054351
244.436394 0.108715
244.537709 0.101315
244.593008 0.055299
244.651741 0.058733
244.753083 0.101343
244.836264 0.083181
244.929952 0.093688
245.024461 0.094508
245.082646 0.058185
245.153866 0.071220
245.215494 0.061628
245.297557 0.082063
245.373503 0.075946
245.445619 0.072116
245.506685 0.061066
245.555549 0.048864
245.612362 0.056813
245.687697 0.075335
245.758874 0.071178
245.812368 0.053493
245.858478 0.046110
245.953831 0.095354
246.013815 0.059983
246.059695 0.045880
246.113903 0.054208
246.190025 0.076122
246.255213 0.065187
246.306336 0.051124
246.357181 0.050845
246.431525 0.074344
246.493706 0.062181
246.550138 0.056432
246.605906 0.055767
246.685331 0.079426
246.731632 0.046300
246.787365 0.055733
246.845702 0.058337
246.894864 0.049162
247.129375 0.234510
247.228682 0.099307
247.276342 0.047661
247.405456 0.129114
247.479611 0.074155
247.550663 0.071052
247.592307 0.041643
247.759173 0.166866
247.828841 0.069668
247.913232 0.084391
247.969602 0.056369
248.095382 0.125781
248.176247 0.080865
248.249280 0.073033
248.299890 0.050611
248.408142 0.108252
248.518996 0.110854
248.570532 0.051536
248.640054 0.069522
248.758228 0.118174
248.849540 0.091312
248.898272 0.048733
248.962217 0.063945
249.048805 0.086587
249.118858 0.070053
249.185294 0.066437
249.269546 0.084252
249.334098 0.064552
249.413610 0.079511
249.490985 0.077376
249.594111 0.103126
249.681765 0.087654
249.756163 0.074398
249.832843 0.076680
249.932225 0.099382
250.031325 0.099101
250.121423 0.090098
250.195562 0.074139
250.295312 0.099749
250.389232 0.093920
250.469700 0.080468
250.560641 0.090941
250.636449 0.075808
250.719425 0.082976
250.831451 0.112025
250.918192 0.086741
251.000799 0.082607
251.092216 0.091417
251.186607 0.094391
251.269234 0.082627
251.347742 0.078507
251.431274 0.083532
251.526005 0.094731
251.610859 0.084854
251.698105 0.087246
251.772090 0.073985
251.852506 0.080417
251.938584 0.086077
252.018303 0.079720
252.086228 0.067925
252.195436 0.109207
252.271557 0.076121
252.352881 0.081324
252.448421 0.095539
252.549707 0.101286
252.628998 0.079291
252.719908 0.090910
252.807718 0.087810
252.898309 0.090591
252.997752 0.099443
253.035009 0.037258
253.129429 0.094420
253.200842 0.071413
253.266962 0.066120
253.327823 0.060861
253.405779 0.077956
253.465232 0.059453
253.528004 0.062772
253.613915 0.085910
253.682782 0.068867
253.742797 0.060015
253.811702 0.068905
253.885804 0.074102
253.954678 0.068874
254.025069 0.070391
254.097962 0.072893
254.173429 0.075466
254.232509 0.059081
254.324583 0.092074
254.404818 0.080235
254.505200 0.100382
254.563013 0.057814
254.661350 0.098336
254.728068 0.066718
254.796063 0.067995
254.891051 0.094989
254.973220 0.082169
255.059157 0.085937
255.108261 0.049103
255.194588 0.086328
255.281361 0.086772
255.342989 0.061629
255.416354 0.073365
255.479727 0.063372
255.555762 0.076035
255.628258 0.072497
255.699013 0.070754
255.769591 0.070578
255.837286 0.067695
255.884367 0.047081
255.974313 0.089946
256.048750 0.074437
256.158756 0.110005
256.281276 0.122521
256.383255 0.101979
256.450331 0.067076
256.601530 0.151199
256.707970 0.106440
256.820187 0.112217
256.900753 0.080566
256.993601 0.092848
257.066451 0.072849
257.151373 0.084923
257.234387 0.083013
257.296907 0.062521
257.363750 0.066842
257.474331 0.110582
257.547174 0.072843
257.624220 0.077046
257.713612 0.089392
257.790635 0.077023
257.861764 0.071129
257.935550 0.073786
258.018160 0.082610
258.086374 0.068214
258.180224 0.093850
258.259176 0.078952
258.339556 0.080380
258.425459 0.085903
258.518645 0.093186
258.607576 0.088930
258.678516 0.070940
258.756581 0.078065
258.826854 0.070273
258.887956 0.061102
258.982910 0.094954
259.048456 0.065546
259.117753 0.069297
259.175428 0.057675
259.275442 0.100013
259.364240 0.088798
259.442243 0.078002
259.514746 0.072503
259.614272 0.099527
259.709013 0.094741
259.780922 0.071909
259.865554 0.084632
259.955053 0.089499
260.032123 0.077070
260.123499 0.091376
260.200992 0.077493
260.307318 0.106326
260.392063 0.084745
260.472341 0.080278
260.548632 0.076292
260.659725 0.111093
260.753383 0.093658
260.828728 0.075345
260.915069 0.086341
261.022306 0.107236
261.115047 0.092741
261.197495 0.082448
261.266422 0.068928
261.358706 0.092283
261.449092 0.090386
261.538718 0.089626
261.619810 0.081092
261.712440 0.092630
261.814223 0.101783
261.900118 0.085894
261.962996 0.062878
262.068321 0.105325
262.170018 0.101698
262.233840 0.063822
262.313563 0.079722
262.422734 0.109171
262.511260 0.088526
262.593758 0.082497
262.670256 0.076499
262.774258 0.104002
262.865393 0.091135
262.941616 0.076223
263.007451 0.065835
263.114010 0.106559
263.184956 0.070946
263.269347 0.084391
263.349008 0.079662
263.453211 0.104203
263.545749 0.092538
263.613722 0.067973
263.679834 0.066111
263.778430 0.098597
263.863913 0.085483
263.949498 0.085585
264.022360 0.072861
264.112076 0.089716
264.206086 0.094010
264.282893 0.076807
264.362360 0.079467
264.465371 0.103010
264.547681 0.082310
264.612832 0.065151
264.688914 0.076082
264.776932 0.088018
264.876635 0.099703
264.936987 0.060352
265.029159 0.092172
265.104286 0.075127
265.195759 0.091473
265.267359 0.071600
265.334450 0.067090
265.441684 0.107235
265.523219 0.081535
265.568577 0.045358
265.659337 0.090761
265.698182 0.038844
265.734672 0.036490
265.787237 0.052565
265.818015 0.030779
265.859671 0.041656
265.901343 0.041672
265.943007 0.041663
265.984678 0.041671
266.026318 0.041640
266.068008 0.041690
266.109675 0.041666
266.151343 0.041668
266.193007 0.041664
266.234675 0.041669
266.276343 0.041668
266.318006 0.041662
266.359669 0.041664
266.401338 0.041669
266.443004 0.041666
266.484672 0.041667
266.526341 0.041669
266.568010 0.041669
266.609673 0.041664
266.651338 0.041664
266.693005 0.041668
266.734676 0.041671
266.776342 0.041666
266.818011 0.041668
266.859671 0.041660
266.901338 0.041667
266.943005 0.041667
266.984673 0.041668
267.026341 0.041668
267.068009 0.041668
267.109672 0.041663
267.151342 0.041670
267.193011 0.041668
267.234676 0.041666
267.276344 0.041667
267.318011 0.041667
267.359676 0.041666
267.401343 0.041667
267.443009 0.041667
267.484677 0.041668
267.526343 0.041666
267.568008 0.041665
267.609675 0.041667
267.651340 0.041664
267.693008 0.041668
267.734678 0.041670
267.776340 0.041663
267.818010 0.041670
267.859676 0.041665
267.901343 0.041667
267.943011 0.041668
267.984671 0.041660
268.026343 0.041671
268.068011 0.041668
268.109673 0.041662
268.151346 0.041673
268.193012 0.041666
268.234676 0.041664
268.276343 0.041668
268.318009 0.041665
268.359677 0.041669
268.401341 0.041663
268.443009 0.041669
268.484673 0.041664
268.526340 0.041667
268.568012 0.041672
268.609672 0.041661
268.651339 0.041667
268.693009 0.041670
268.734677 0.041668
268.776344 0.041667
268.818010 0.041666
268.859677 0.041667
268.901343 0.041666
268.943010 0.041667
268.984677 0.041667
269.026343 0.041666
269.068010 0.041667
269.109673 0.041663
269.151343 0.041670
269.193009 0.041666
269.234676 0.041667
269.276338 0.041662
269.318005 0.041666
269.359671 0.041667
269.401338 0.041666
269.443004 0.041666
269.484672 0.041669
269.526344 0.041672
269.568006 0.041663
269.609675 0.041668
269.651344 0.041669
269.693008 0.041664
269.734678 0.041670
269.776337 0.041659
269.818010 0.041673
269.859676 0.041666
269.901342 0.041666
269.943010 0.041669
269.984677 0.041667
270.026342 0.041665
270.068011 0.041669
270.109676 0.041665
270.151337 0.041661
270.193009 0.041672
270.234678 0.041669
270.276339 0.041661
270.318004 0.041665
270.359669 0.041666
270.401338 0.041669
270.443008 0.041669
