0.000000 0.005955
0.000000 0.002744
0.000000 0.033198
0.000000 0.017063
0.000000 0.006103
0.000000 0.006638
0.004348 0.007150
0.004348 0.005115
0.004348 0.005423
0.013984 0.004863
0.013019 0.007369
0.013019 0.004762
0.011950 0.003890
0.011260 0.004490
0.010486 0.004500
0.009919 0.008293
0.009409 0.005790
0.009222 0.004879
0.008846 0.004483
0.008460 0.004757
0.008173 0.004521
0.007925 0.008654
0.007948 0.007225
0.007819 0.004708
0.007653 0.005338
0.007483 0.004946
0.007344 0.004426
0.007207 0.008191
0.007274 0.005698
0.007272 0.004646
0.007163 0.004306
0.007088 0.008465
0.007003 0.005987
0.006906 0.004893
0.006953 0.005022
0.006908 0.008907
0.006831 0.005864
0.006747 0.005199
0.006802 0.005039
0.006777 0.009451
0.006719 0.006013
0.006669 0.005209
0.006733 0.004860
0.006709 0.009858
0.006668 0.005933
0.006625 0.005161
0.006698 0.005076
0.006681 0.009150
0.006644 0.005886
0.006601 0.005236
0.006678 0.005089
0.006661 0.008615
0.006627 0.005764
0.006592 0.004972
0.006648 0.004683
0.006632 0.009291
0.006602 0.005097
0.006571 0.004392
0.006613 0.005311
0.006596 0.005000
0.006564 0.009579
0.006528 0.007581
0.006580 0.004463
0.006553 0.005633
0.006513 0.004945
0.006492 0.004847
0.006465 0.005116
0.006519 0.004020
0.006538 0.008081
0.006503 0.004478
0.006488 0.005071
0.006463 0.009552
0.006437 0.005851
0.006416 0.004641
0.006378 0.004946
0.006404 0.008876
0.006375 0.005324
0.006355 0.004741
0.006403 0.005385
0.006395 0.004668
0.006369 0.009251
0.006349 0.006588
0.006385 0.004773
0.006370 0.005273
0.006347 0.004744
0.006334 0.004922
0.006312 0.008010
0.006351 0.004087
0.006354 0.004627
0.006333 0.009671
0.006320 0.005403
0.006300 0.005000
0.006282 0.004812
0.006304 0.010594
0.006276 0.005124
0.006256 0.004678
0.006297 0.005296
0.006287 0.004208
0.006271 0.010391
0.006254 0.004936
0.006305 0.005036
0.006291 0.004976
0.006273 0.004391
0.006262 0.009377
0.006239 0.005812
0.006285 0.004048
0.006270 0.004830
0.006256 0.004962
0.006243 0.009788
0.006223 0.005424
0.006256 0.004973
0.006252 0.005412
0.006229 0.005170
0.006214 0.008434
0.006201 0.004901
0.006238 0.004944
0.006230 0.009745
0.006217 0.006933
0.006209 0.005143
0.006199 0.006159
0.006221 0.004950
0.006208 0.004471
0.006196 0.009544
0.006230 0.005960
0.006236 0.005455
0.006226 0.004459
0.006225 0.008889
0.006213 0.005674
0.006197 0.004674
0.006228 0.004792
0.006226 0.009150
0.006219 0.005617
0.006203 0.004912
0.006227 0.004482
0.006222 0.009128
0.006208 0.005363
0.006196 0.004469
0.006222 0.004416
0.006216 0.009237
0.006205 0.005112
0.006191 0.004547
0.006215 0.005329
0.006208 0.004588
0.006194 0.009079
0.006179 0.005295
0.006204 0.004656
0.006195 0.004626
0.006182 0.009270
0.006175 0.005477
0.006162 0.004674
0.006185 0.004265
0.006178 0.009745
0.006166 0.005191
0.006154 0.004750
0.006179 0.004768
0.006173 0.011015
0.006162 0.005784
0.006147 0.004441
0.006174 0.004497
0.006167 0.009212
0.006156 0.005679
0.006146 0.004512
0.006182 0.004688
0.006179 0.009314
0.006166 0.004526
0.006154 0.005099
0.006177 0.009633
0.006173 0.005996
0.006161 0.004528
0.006150 0.004565
0.006173 0.008902
0.006161 0.006197
0.006154 0.005384
0.006178 0.005468
0.006177 0.009124
0.006165 0.004719
0.006154 0.004947
0.006173 0.009396
0.006173 0.005946
0.006168 0.005491
0.006163 0.004304
0.006183 0.009672
0.006173 0.006101
0.006165 0.004175
0.006187 0.005709
0.006185 0.004866
0.006181 0.009959
0.006168 0.006047
0.006191 0.005280
0.006191 0.005027
0.006178 0.009540
0.006175 0.005777
0.006166 0.005032
0.006190 0.004610
0.006189 0.009704
0.006184 0.005119
0.006176 0.005324
0.006198 0.004198
0.006195 0.010209
0.006188 0.005475
0.006178 0.004411
0.006200 0.004352
0.006193 0.009291
0.006188 0.005699
0.006176 0.004778
0.006200 0.004628
0.006196 0.009772
0.006185 0.005990
0.006174 0.005149
0.006193 0.004299
0.006190 0.009245
0.006181 0.005996
0.006172 0.004885
0.006193 0.004794
0.006192 0.009106
0.006186 0.005887
0.006175 0.004767
0.006193 0.005227
0.006192 0.009170
0.006184 0.005425
0.006176 0.005305
0.006193 0.004100
0.006191 0.009326
0.006183 0.005649
0.006178 0.004467
0.006195 0.005488
0.006190 0.004171
0.006185 0.009615
0.006174 0.006188
0.006191 0.004903
0.006188 0.005132
0.006179 0.009740
0.006175 0.007027
0.006164 0.005031
0.006183 0.005268
0.006183 0.004919
0.006176 0.004474
0.006170 0.008644
0.006189 0.004273
0.006194 0.005127
0.006188 0.010377
0.006183 0.005407
0.006176 0.004611
0.006167 0.004143
0.006180 0.010080
0.006170 0.007625
0.006165 0.004659
0.006187 0.005025
0.006183 0.005090
0.006174 0.003916
0.006164 0.016769
0.006184 0.007694
0.006191 0.005247
0.006184 0.004149
0.006178 0.004689
0.006172 0.009125
0.006161 0.005573
0.006214 0.004487
0.006222 0.004400
0.006217 0.009945
0.006207 0.006891
0.006199 0.005054
0.006214 0.004929
0.006210 0.004819
0.006202 0.004615
0.006193 0.008928
0.006211 0.005453
0.006215 0.004501
0.006209 0.004494
0.006203 0.009518
0.006196 0.005822
0.006188 0.004495
0.006202 0.004558
0.006198 0.009094
0.006190 0.005549
0.006182 0.005023
0.006198 0.004410
0.006196 0.008200
0.006188 0.004156
0.006180 0.004638
0.006194 0.009337
0.006191 0.005895
0.006185 0.004559
0.006177 0.005105
0.006187 0.008956
0.006177 0.005705
0.006170 0.005179
0.006185 0.004551
0.006183 0.009157
0.006176 0.005049
0.006171 0.004650
0.006184 0.005404
0.006181 0.004986
0.006177 0.009164
0.006169 0.005309
0.006183 0.003805
0.006178 0.005145
0.006171 0.005076
0.006167 0.009115
0.006162 0.004254
0.006176 0.005259
0.006172 0.009613
0.006161 0.005531
0.006157 0.005217
0.006152 0.003922
0.006165 0.008329
0.006157 0.003964
0.006153 0.004478
0.006168 0.009013
0.006165 0.005755
0.006161 0.005005
0.006151 0.004765
0.006161 0.009154
0.006151 0.005476
0.006144 0.004376
0.006156 0.004861
0.006154 0.008305
0.006149 0.004165
0.006143 0.004664
0.006156 0.009742
0.006154 0.004724
0.006146 0.004702
0.006140 0.004795
0.006150 0.004388
0.006141 0.009552
0.006135 0.005165
0.006150 0.003934
0.006144 0.004528
0.006138 0.010532
0.006132 0.005173
0.006125 0.004745
0.006139 0.004624
0.006135 0.010845
0.006126 0.005268
0.006120 0.004287
0.006138 0.004935
0.006134 0.010485
0.006128 0.004601
0.006122 0.004928
0.006141 0.005173
0.006138 0.005132
0.006130 0.009737
0.006125 0.004297
0.006143 0.004915
0.006137 0.010761
0.006132 0.005417
0.006128 0.004627
0.006124 0.004798
0.006139 0.010578
0.006131 0.005302
0.006126 0.004279
0.006145 0.005108
0.006142 0.010607
0.006136 0.004683
0.006131 0.004962
0.006148 0.004939
0.006145 0.004635
0.006138 0.010718
0.006133 0.004942
0.006151 0.004642
0.006145 0.004913
0.006141 0.005060
0.006136 0.010333
0.006130 0.004755
0.006148 0.004781
0.006143 0.005143
0.006137 0.004105
0.006133 0.010074
0.006129 0.004982
0.006145 0.004594
0.006139 0.002946
0.006134 0.008655
0.006130 0.003760
0.006123 0.004124
0.006138 0.002980
0.006133 0.009121
0.006127 0.005017
0.006115 0.004004
0.006125 0.003941
0.006116 0.009758
0.006108 0.004357
0.006097 0.004267
0.006108 0.003663
0.006104 0.008803
0.006096 0.003728
0.006088 0.003511
0.006102 0.003209
0.006095 0.006005
0.006088 0.002755
0.006079 0.008980
0.006089 0.005039
0.006081 0.004333
0.006071 0.004907
0.006060 0.003628
0.006060 0.003312
0.006048 0.007288
0.006059 0.004932
0.006055 0.004279
0.006049 0.004334
0.006045 0.003353
0.006036 0.006500
0.006026 0.003854
0.006030 0.003597
0.006026 0.003395
0.006020 0.003421
0.006014 0.003225
0.006004 0.003149
0.006006 0.009793
0.005998 0.004166
0.005990 0.003756
0.005980 0.003470
0.005971 0.002664
0.005961 0.002983
0.005951 0.008406
0.005965 0.005573
0.005958 0.003904
0.005951 0.004285
0.005942 0.003802
0.005930 0.003067
0.005920 0.003462
0.005928 0.003774
0.005927 0.009086
0.005920 0.004776
0.005914 0.003898
0.005907 0.003399
0.005897 0.003528
0.005888 0.002965
0.005881 0.007507
0.005892 0.003196
0.005888 0.002989
0.005881 0.009016
0.005872 0.004849
0.005864 0.004016
0.005854 0.003194
0.005860 0.002661
0.005851 0.003584
0.005841 0.003558
0.005852 0.003490
0.005848 0.006802
0.005842 0.003120
0.005833 0.003235
0.005822 0.002898
0.005814 0.006526
0.005806 0.003448
0.005799 0.003419
0.005802 0.003524
0.005793 0.003332
0.005784 0.003138
0.005774 0.008097
0.005777 0.004466
0.005769 0.003490
0.005761 0.003549
0.005753 0.003244
0.005745 0.003224
0.005736 0.006551
0.005744 0.003663
0.005740 0.003322
0.005732 0.003331
0.005725 0.003168
0.005717 0.003085
0.005708 0.005696
0.005711 0.003557
0.005704 0.003406
0.005697 0.003433
0.005689 0.003239
0.005680 0.003231
0.005672 0.005536
0.005672 0.003587
0.005665 0.003284
0.005657 0.003341
0.005650 0.003222
0.005642 0.003197
0.005634 0.005163
0.005634 0.003469
0.005627 0.003174
0.005619 0.003229
0.005612 0.003153
0.005604 0.003215
0.005596 0.005618
0.005595 0.004104
0.005588 0.003393
0.005580 0.003352
0.005572 0.003291
0.005564 0.003186
0.005557 0.003849
0.005557 0.003738
0.005552 0.002795
0.005545 0.002901
0.005538 0.002986
0.005531 0.003409
0.005523 0.003002
0.005518 0.007872
0.005512 0.001898
0.005503 0.002924
0.005495 0.002975
0.005487 0.003080
0.005480 0.002920
0.005473 0.002949
0.005480 0.002927
0.005469 0.002639
0.005461 0.002986
0.005453 0.002246
0.005445 0.002978
0.005437 0.002651
0.005387 0.000489
0.005363 0.000471
