0.000000 0.002456
0.000000 0.001554
0.000000 0.000921
0.000000 0.001136
0.000000 0.000891
0.000000 0.000731
0.002456 0.000849
0.002456 0.001199
0.002004 0.000986
0.001516 0.001003
0.001516 0.000827
0.001390 0.000754
0.001280 0.000928
0.001218 0.000804
0.001216 0.000702
0.001190 0.000758
0.001171 0.000715
0.001139 0.000730
0.001107 0.000711
0.001093 0.000606
0.001072 0.000667
0.001047 0.000666
0.001029 0.000668
0.001010 0.000695
0.000994 0.000792
0.000979 0.000692
0.000960 0.000621
0.000946 0.000717
0.000933 0.000807
0.000921 0.000644
0.000911 0.000705
0.000906 0.000662
0.000898 0.000666
0.000887 0.000672
0.000881 0.000616
0.000879 0.000569
0.000871 0.000748
0.000865 0.000612
0.000859 0.000589
0.000852 0.000598
0.000847 0.000579
0.000840 0.000643
0.000832 0.000646
0.000830 0.000553
0.000824 0.000570
0.000818 0.000645
0.000812 0.000542
0.000806 0.000553
0.000802 0.000531
0.000798 0.000545
0.000792 0.000570
0.000787 0.000521
0.000784 0.000563
0.000779 0.000507
0.000774 0.000496
0.000769 0.000507
0.000764 0.000516
0.000760 0.000575
0.000755 0.000579
0.000751 0.000545
0.000746 0.000610
0.000742 0.000633
0.000737 0.000640
0.000733 0.000675
0.000730 0.000620
0.000728 0.000618
0.000724 0.000579
0.000722 0.000622
0.000721 0.000579
0.000719 0.000557
0.000719 0.000605
0.000717 0.000618
0.000715 0.000575
0.000713 0.000554
0.000712 0.000559
0.000710 0.000610
0.000707 0.000545
0.000706 0.000547
0.000705 0.000654
0.000703 0.000565
0.000701 0.000549
0.000699 0.000550
0.000697 0.000563
0.000695 0.000565
0.000693 0.000550
0.000693 0.000594
0.000691 0.000651
0.000689 0.000561
0.000687 0.000572
0.000685 0.000548
0.000684 0.000634
0.000682 0.000546
0.000681 0.000543
0.000681 0.000561
0.000679 0.000491
0.000678 0.000511
0.000676 0.000466
0.000676 0.000531
0.000674 0.000534
0.000673 0.000547
0.000671 0.000587
0.000669 0.000558
0.000668 0.000547
0.000665 0.000540
0.000664 0.000549
0.000662 0.000545
0.000661 0.000551
0.000660 0.000548
0.000659 0.000639
0.000658 0.000581
0.000657 0.000565
0.000656 0.000561
0.000654 0.000562
0.000653 0.000625
0.000652 0.000581
0.000652 0.000550
0.000651 0.000547
0.000651 0.000536
0.000650 0.000542
0.000649 0.000530
0.000649 0.000551
0.000648 0.000568
0.000647 0.000587
0.000646 0.000571
0.000645 0.000534
0.000644 0.000532
0.000643 0.000547
0.000642 0.000531
0.000641 0.000577
0.000641 0.000579
0.000640 0.000545
0.000639 0.000568
0.000638 0.000533
0.000637 0.000572
0.000637 0.000618
0.000636 0.000569
0.000636 0.000915
0.000635 0.001115
0.000634 0.001537
0.000633 0.001646
0.000633 0.002282
0.000633 0.002338
0.000632 0.003932
0.000634 0.003957
0.000638 0.004667
0.000646 0.004536
0.000654 0.004729
0.000667 0.004780
0.000681 0.004937
0.000707 0.004437
0.000733 0.003528
0.000764 0.003932
0.000794 0.003891
0.000825 0.003286
0.000856 0.002971
0.000887 0.001735
0.000915 0.001290
0.000935 0.001164
0.000957 0.000764
0.000980 0.000513
0.000997 0.000580
0.001012 0.000489
0.001017 0.000656
0.001019 0.000581
0.001020 0.000593
0.001018 0.000616
0.001015 0.000632
0.001012 0.000675
0.001008 0.000746
0.001005 0.000761
0.001002 0.000801
0.000999 0.000862
0.000997 0.000880
0.000994 0.000762
0.000992 0.000781
0.000990 0.000750
0.000989 0.000723
0.000987 0.000733
0.000986 0.000720
0.000986 0.000730
0.000984 0.000747
0.000983 0.000748
0.000981 0.000741
0.000979 0.000688
0.000978 0.000955
0.000976 0.000788
0.000974 0.000777
0.000973 0.000728
0.000972 0.000702
0.000970 0.000774
0.000968 0.000623
0.000968 0.000600
0.000967 0.000569
0.000966 0.000547
0.000964 0.000522
0.000963 0.000568
0.000961 0.000530
0.000959 0.000494
0.000957 0.000540
0.000955 0.000595
0.000952 0.000909
0.000949 0.000717
0.000947 0.000816
0.000944 0.001551
0.000942 0.002411
0.000939 0.003391
0.000937 0.003402
0.000937 0.002865
0.000936 0.002841
0.000935 0.002539
0.000939 0.002734
0.000947 0.002486
0.000962 0.002184
0.000976 0.002063
0.000987 0.002075
0.000998 0.001999
0.001007 0.001527
0.001017 0.001883
0.001026 0.001737
0.001032 0.001820
0.001038 0.001693
0.001044 0.001775
0.001050 0.001656
0.001052 0.001748
0.001057 0.001587
0.001061 0.001669
0.001065 0.001579
0.001069 0.001656
0.001073 0.001708
0.001076 0.001711
0.001079 0.001581
0.001082 0.001582
0.001086 0.001508
0.001088 0.001689
0.001091 0.001617
0.001095 0.001674
0.001098 0.001438
0.001101 0.001604
0.001103 0.001658
0.001105 0.001623
0.001109 0.001508
0.001111 0.001552
0.001114 0.001440
0.001116 0.001576
0.001118 0.001573
0.001121 0.001505
0.001124 0.001253
0.001126 0.001147
0.001128 0.001264
0.001130 0.001321
0.001132 0.001368
0.001134 0.001321
0.001136 0.001356
0.001137 0.001409
0.001137 0.001414
0.001138 0.001364
0.001139 0.001360
0.001140 0.001293
0.001141 0.001538
0.001142 0.001174
0.001143 0.001237
0.001144 0.001099
0.001145 0.001063
0.001147 0.001101
0.001147 0.001193
0.001149 0.001080
0.001149 0.001004
0.001150 0.001037
0.001149 0.001089
0.001149 0.001046
0.001149 0.001043
0.001149 0.001014
0.001149 0.001097
0.001148 0.001065
0.001147 0.001090
0.001147 0.001104
0.001147 0.000983
0.001146 0.000969
0.001146 0.001034
0.001145 0.001075
0.001145 0.001033
0.001145 0.001118
0.001145 0.000957
0.001144 0.000960
0.001143 0.001201
0.001142 0.001131
0.001142 0.001055
0.001142 0.001132
0.001142 0.001093
0.001141 0.001056
0.001140 0.001094
0.001140 0.001040
0.001140 0.001063
0.001140 0.001095
0.001140 0.001108
0.001139 0.001162
0.001139 0.000970
0.001139 0.002349
0.001138 0.001973
0.001138 0.002167
0.001138 0.002088
0.001138 0.002093
0.001138 0.002044
0.001137 0.002085
0.001142 0.002007
0.001146 0.002052
0.001151 0.001959
0.001155 0.002041
0.001159 0.001890
0.001163 0.002130
0.001167 0.001967
0.001171 0.002012
0.001174 0.001966
0.001178 0.002173
0.001182 0.002350
0.001185 0.002480
0.001189 0.002142
0.001192 0.002262
0.001196 0.002116
0.001199 0.002307
0.001203 0.002351
0.001208 0.002465
0.001213 0.002089
0.001217 0.002287
0.001222 0.001884
0.001226 0.002327
0.001230 0.002234
0.001235 0.002270
0.001240 0.002101
0.001244 0.002080
0.001248 0.002155
0.001251 0.002459
0.001255 0.001740
0.001259 0.002074
0.001263 0.001787
0.001267 0.001999
0.001270 0.001748
0.001274 0.002088
0.001279 0.001955
0.001281 0.002110
0.001284 0.001818
0.001286 0.002074
0.001289 0.001843
0.001291 0.002081
0.001294 0.001842
0.001297 0.002009
0.001300 0.001768
0.001302 0.002047
0.001305 0.001747
0.001307 0.001917
0.001311 0.001612
0.001313 0.001969
0.001315 0.001910
0.001317 0.002249
0.001320 0.002070
0.001322 0.002156
0.001324 0.001855
0.001325 0.001972
0.001328 0.001838
0.001330 0.001812
0.001334 0.001505
0.001337 0.001400
0.001340 0.001260
0.001342 0.001212
0.001344 0.001049
0.001346 0.001043
0.001348 0.000832
0.001349 0.000847
0.001349 0.000730
0.001349 0.000676
0.001348 0.000687
0.001347 0.000763
0.001346 0.000560
0.001344 0.000520
0.001342 0.000511
0.001340 0.000614
0.001337 0.000507
0.001335 0.000507
0.001332 0.000516
0.001329 0.000545
0.001326 0.000525
0.001323 0.000500
0.001321 0.000537
0.001317 0.000510
0.001314 0.000503
0.001311 0.000505
0.001309 0.000531
0.001306 0.000490
0.001303 0.000628
0.001300 0.000494
0.001297 0.000515
0.001294 0.000508
0.001291 0.000718
0.001288 0.000518
0.001285 0.000519
0.001283 0.000521
0.001280 0.000545
0.001277 0.000510
0.001274 0.000522
0.001272 0.000509
0.001269 0.000517
0.001267 0.000496
0.001264 0.000548
0.001261 0.000504
0.001259 0.000516
0.001256 0.000538
0.001253 0.000507
0.001250 0.000532
0.001248 0.001260
0.001245 0.000483
0.001243 0.000741
0.001240 0.000568
0.001237 0.000513
0.001235 0.000548
0.001232 0.000612
0.001232 0.000673
0.001230 0.000867
0.001228 0.000964
0.001226 0.000914
0.001223 0.001022
0.001221 0.001130
0.001219 0.001137
0.001217 0.001210
0.001215 0.001105
0.001214 0.001190
0.001213 0.001139
0.001213 0.001317
0.001212 0.001220
0.001212 0.001322
0.001212 0.001260
0.001212 0.001450
0.001212 0.001384
0.001211 0.001462
0.001212 0.001444
0.001212 0.001555
0.001212 0.001457
0.001212 0.001530
0.001213 0.001561
0.001214 0.001537
0.001215 0.001492
0.001215 0.001581
0.001217 0.001586
0.001217 0.001451
0.001219 0.001447
0.001220 0.001385
0.001221 0.001315
0.001222 0.001236
0.001223 0.001248
0.001224 0.001283
0.001225 0.001314
0.001226 0.001271
0.001226 0.001318
0.001227 0.001323
0.001227 0.001379
0.001227 0.001379
0.001227 0.001511
0.001227 0.001280
0.001227 0.001484
0.001228 0.001488
0.001228 0.001270
0.001228 0.001163
0.001229 0.001194
0.001230 0.001286
0.001230 0.001382
0.001231 0.001308
0.001232 0.001447
0.001232 0.001341
0.001232 0.001331
0.001231 0.001314
0.001232 0.001381
0.001232 0.001356
0.001232 0.001254
0.001233 0.001279
0.001233 0.001331
0.001234 0.001390
0.001234 0.001301
0.001235 0.001298
0.001235 0.001258
0.001235 0.001220
0.001235 0.001272
0.001235 0.001251
0.001236 0.001272
0.001236 0.001274
0.001236 0.001291
0.001236 0.001205
0.001236 0.001325
0.001237 0.001394
0.001237 0.001223
0.001237 0.001163
0.001237 0.001175
0.001237 0.001164
0.001237 0.001173
0.001237 0.001153
0.001238 0.001214
0.001238 0.001204
0.001237 0.001175
0.001237 0.001148
0.001237 0.001077
0.001237 0.000901
0.001236 0.003734
0.001236 0.002313
0.001236 0.002649
0.001236 0.002488
0.001236 0.002712
0.001235 0.002389
0.001234 0.002688
0.001242 0.002244
0.001246 0.002408
0.001250 0.002347
0.001254 0.002455
0.001258 0.002187
0.001262 0.002722
0.001266 0.001937
0.001270 0.002676
0.001273 0.002295
0.001276 0.002475
0.001280 0.001874
0.001283 0.002403
0.001287 0.001748
0.001289 0.002154
0.001294 0.001787
0.001297 0.002239
0.001301 0.001639
0.001302 0.001541
0.001306 0.002638
0.001307 0.002150
0.001310 0.002212
0.001311 0.002004
0.001314 0.002242
0.001315 0.002199
0.001316 0.002389
0.001320 0.002131
0.001322 0.002399
0.001325 0.002310
0.001327 0.002415
0.001330 0.002251
0.001333 0.002107
0.001336 0.001891
0.001338 0.002167
0.001342 0.001961
0.001344 0.002011
0.001348 0.002067
0.001350 0.002156
0.001353 0.001955
0.001354 0.002117
0.001357 0.001867
0.001359 0.002119
0.001361 0.001892
0.001363 0.001873
0.001365 0.001601
0.001367 0.002401
0.001369 0.001696
0.001371 0.001981
0.001373 0.001890
0.001375 0.002065
0.001376 0.001852
0.001377 0.002088
0.001380 0.001998
0.001381 0.001982
0.001383 0.001862
0.001384 0.001944
0.001386 0.001832
0.001387 0.001861
0.001390 0.001639
0.001391 0.001867
0.001393 0.001632
0.001394 0.001791
0.001396 0.001565
0.001397 0.001768
0.001399 0.001686
0.001399 0.001937
0.001401 0.001851
0.001402 0.002068
0.001403 0.001923
0.001403 0.002100
0.001404 0.001900
0.001405 0.001909
0.001407 0.001774
0.001408 0.001879
0.001410 0.003370
0.001411 0.001828
0.001413 0.002413
0.001415 0.001830
0.001416 0.002434
0.001417 0.001838
0.001419 0.002399
0.001424 0.001796
0.001426 0.002361
0.001428 0.001980
0.001430 0.002361
0.001432 0.001909
0.001434 0.002242
0.001436 0.001841
0.001437 0.002222
0.001440 0.001868
0.001442 0.002244
0.001444 0.001757
0.001446 0.001971
0.001448 0.003089
0.001449 0.001620
0.001451 0.002215
0.001453 0.001704
0.001455 0.002129
0.001456 0.001630
0.001457 0.002151
0.001462 0.001786
0.001462 0.002104
0.001464 0.001672
0.001465 0.002054
0.001467 0.001624
0.001467 0.002037
0.001469 0.001564
0.001470 0.002014
0.001472 0.001505
0.001473 0.002000
0.001474 0.001614
0.001475 0.002153
0.001476 0.001661
0.001477 0.002178
0.001478 0.001543
0.001478 0.002070
0.001480 0.001611
0.001480 0.001971
0.001482 0.001590
0.001482 0.001877
0.001484 0.001491
0.001485 0.001852
0.001486 0.001355
0.001487 0.001541
0.001488 0.002686
0.001488 0.001463
0.001489 0.001940
0.001489 0.001502
0.001490 0.001971
0.001490 0.001712
0.001490 0.001855
0.001493 0.001568
0.001493 0.002024
0.001495 0.001822
0.001495 0.001925
0.001496 0.001489
0.001497 0.001736
0.001498 0.001439
0.001498 0.001770
0.001499 0.001529
0.001500 0.001941
0.001501 0.001631
0.001501 0.001870
0.001502 0.001738
0.001502 0.001921
0.001502 0.001779
0.001502 0.001846
0.001504 0.001610
0.001504 0.001631
0.001505 0.003408
0.001506 0.001244
0.001507 0.002032
0.001508 0.001114
0.001509 0.001541
0.001509 0.001192
0.001509 0.001855
0.001514 0.001559
0.001514 0.001981
0.001515 0.001187
0.001514 0.001661
0.001514 0.001432
0.001513 0.001691
0.001514 0.001206
0.001514 0.001335
0.001515 0.001184
0.001515 0.001161
0.001515 0.001168
0.001515 0.001138
0.001515 0.001227
0.001514 0.001283
0.001514 0.001069
0.001513 0.001158
0.001512 0.001081
0.001511 0.001231
0.001510 0.000964
0.001509 0.001031
0.001509 0.001164
0.001508 0.001340
0.001507 0.001382
0.001505 0.001442
0.001505 0.001595
0.001503 0.001651
0.001502 0.001739
0.001501 0.001813
0.001501 0.001961
0.001500 0.001722
0.001500 0.001951
0.001500 0.001849
0.001501 0.001993
0.001501 0.001855
0.001502 0.001983
0.001504 0.001677
0.001504 0.001624
0.001505 0.001516
0.001506 0.001423
0.001507 0.001452
0.001508 0.001474
0.001510 0.001411
0.001510 0.001441
0.001510 0.001615
0.001510 0.001540
0.001510 0.001467
0.001510 0.001465
0.001510 0.001566
0.001510 0.001543
0.001510 0.001629
0.001510 0.001478
0.001510 0.001464
0.001510 0.001688
0.001510 0.001522
0.001510 0.001494
0.001510 0.001522
0.001510 0.001497
0.001510 0.001517
0.001510 0.001485
0.001510 0.001633
0.001510 0.001613
0.001510 0.001530
0.001510 0.001475
0.001510 0.001654
0.001510 0.001626
0.001510 0.001544
0.001511 0.001475
0.001511 0.001545
0.001511 0.001515
0.001511 0.001531
0.001511 0.001483
0.001512 0.001560
0.001512 0.001492
0.001512 0.001566
0.001512 0.001492
0.001512 0.001623
0.001512 0.001565
0.001512 0.001574
0.001512 0.001480
0.001512 0.001454
0.001512 0.001602
0.001512 0.001561
0.001512 0.001429
0.001512 0.001431
0.001512 0.001388
0.001512 0.001378
0.001512 0.001342
0.001512 0.001436
0.001513 0.001216
0.001512 0.001135
0.001512 0.002835
0.001512 0.001753
0.001511 0.002344
0.001511 0.001821
0.001511 0.002108
0.001510 0.001705
0.001509 0.002159
0.001512 0.001671
0.001513 0.002034
0.001515 0.001724
0.001516 0.002063
0.001518 0.001698
0.001518 0.002084
0.001520 0.001827
0.001520 0.002065
0.001521 0.001683
0.001522 0.002035
0.001523 0.001718
0.001524 0.002031
0.001525 0.001502
0.001526 0.001773
0.001527 0.001300
0.001528 0.003017
0.001529 0.001660
0.001529 0.002363
0.001531 0.001628
0.001531 0.002325
0.001531 0.001849
0.001531 0.002513
0.001534 0.002005
0.001535 0.002394
0.001537 0.002120
0.001537 0.002524
0.001539 0.002219
0.001540 0.002473
0.001542 0.001838
0.001544 0.002307
0.001546 0.001780
0.001547 0.002308
0.001550 0.001784
0.001551 0.002471
0.001554 0.001990
0.001554 0.002287
0.001556 0.001944
0.001557 0.002418
0.001559 0.002079
0.001559 0.002410
0.001562 0.002065
0.001563 0.002290
0.001564 0.001784
0.001565 0.002303
0.001568 0.001885
0.001569 0.002330
0.001571 0.001561
0.001572 0.003022
0.001574 0.001563
0.001574 0.002425
0.001576 0.001666
0.001577 0.002386
0.001579 0.001740
0.001579 0.002321
0.001583 0.001841
0.001582 0.002325
0.001585 0.001775
0.001585 0.002205
0.001587 0.001729
0.001587 0.002130
0.001589 0.001820
0.001590 0.002201
0.001591 0.001690
0.001592 0.002094
0.001593 0.001650
0.001594 0.001915
0.001595 0.000492
0.001596 0.000545
0.001597 0.000534
0.001597 0.000519
0.001599 0.000526
0.001599 0.000516
0.001600 0.001016
0.001597 0.000901
0.001594 0.001040
0.001592 0.001048
0.001589 0.001038
0.001586 0.001308
0.001584 0.001213
0.001582 0.001538
0.001581 0.001487
0.001579 0.001769
0.001578 0.001883
0.001577 0.001957
0.001576 0.001954
0.001575 0.002086
0.001575 0.002005
0.001575 0.002122
0.001575 0.002127
0.001576 0.001916
0.001577 0.001731
0.001578 0.001451
0.001579 0.001434
0.001580 0.001464
0.001581 0.001411
0.001583 0.001521
0.001584 0.001472
0.001584 0.001445
0.001584 0.001494
0.001583 0.001556
0.001583 0.001506
0.001583 0.001489
0.001582 0.001532
0.001582 0.001471
0.001582 0.001761
0.001582 0.001507
0.001582 0.001592
0.001581 0.001409
0.001581 0.001502
0.001581 0.001603
0.001581 0.001537
0.001581 0.001423
0.001581 0.001523
0.001581 0.001551
0.001581 0.001496
0.001580 0.001494
0.001580 0.001593
0.001580 0.001526
0.001580 0.001571
0.001580 0.001555
0.001580 0.001486
0.001580 0.001578
0.001579 0.001532
0.001579 0.001478
0.001579 0.001538
0.001579 0.001526
0.001579 0.001578
0.001579 0.001491
0.001579 0.001524
0.001579 0.001487
0.001579 0.001537
0.001578 0.001594
0.001578 0.001555
0.001578 0.001505
0.001578 0.001465
0.001578 0.001450
0.001578 0.001524
0.001578 0.001441
0.001578 0.001452
0.001578 0.001409
0.001578 0.001518
0.001577 0.001382
0.001577 0.001451
0.001577 0.001385
0.001576 0.001421
0.001576 0.001307
0.001576 0.001306
0.001576 0.001288
0.001575 0.001303
0.001575 0.000949
0.001574 0.002417
0.001574 0.001557
0.001573 0.001917
0.001573 0.001645
0.001572 0.001975
0.001571 0.001632
0.001570 0.001851
0.001572 0.001599
0.001572 0.001877
0.001573 0.001838
0.001573 0.001961
0.001574 0.001736
0.001574 0.001979
0.001575 0.001635
0.001575 0.001843
0.001576 0.001596
0.001576 0.001765
0.001577 0.001567
0.001577 0.001806
0.001578 0.001464
0.001579 0.001560
0.001579 0.002751
0.001579 0.002026
0.001580 0.002119
0.001580 0.002309
0.001580 0.002287
0.001580 0.002062
0.001580 0.002254
0.001583 0.001956
0.001584 0.002310
0.001585 0.002261
0.001587 0.002353
0.001588 0.002161
0.001589 0.002021
0.001591 0.002216
0.001592 0.001977
0.001594 0.002264
0.001595 0.001996
0.001597 0.001878
0.001598 0.002253
0.001599 0.002309
0.001601 0.002150
0.001602 0.002081
0.001603 0.002299
0.001604 0.002280
0.001605 0.001965
0.001606 0.001967
0.001608 0.002252
0.001609 0.001893
0.001610 0.002097
0.001612 0.002288
0.001613 0.002330
0.001614 0.002022
0.001615 0.002258
0.001617 0.001891
0.001617 0.002264
0.001618 0.002237
0.001620 0.002278
0.001622 0.002255
0.001622 0.002265
0.001624 0.002181
0.001625 0.002040
0.001626 0.002036
0.001628 0.002020
0.001629 0.002003
0.001631 0.002431
0.001632 0.001225
0.001633 0.001678
0.001634 0.001366
0.001635 0.001827
0.001636 0.001416
0.001637 0.001662
0.001639 0.001366
0.001638 0.001799
0.001638 0.001470
0.001637 0.001676
0.001638 0.001351
0.001637 0.001622
0.001637 0.001258
0.001637 0.001502
0.001637 0.001297
0.001637 0.001566
0.001637 0.001264
0.001636 0.001478
0.001636 0.001233
0.001635 0.001432
0.001635 0.001122
0.001634 0.002222
0.001634 0.001498
0.001633 0.001982
0.001633 0.001923
0.001632 0.001950
0.001631 0.001908
0.001630 0.001798
0.001631 0.001938
0.001631 0.001953
0.001632 0.001956
0.001633 0.002039
0.001633 0.002018
0.001634 0.001731
0.001634 0.002018
0.001635 0.001912
0.001636 0.001972
0.001637 0.001950
0.001637 0.001787
0.001638 0.001702
0.001639 0.001877
0.001639 0.002049
0.001640 0.001811
0.001641 0.001915
0.001642 0.001810
0.001642 0.001882
0.001642 0.001819
0.001643 0.002087
0.001644 0.001966
0.001644 0.001965
0.001645 0.001958
0.001645 0.001947
0.001645 0.001715
0.001646 0.002481
0.001647 0.001330
0.001648 0.001828
0.001648 0.001452
0.001649 0.001766
0.001650 0.001479
0.001650 0.001735
0.001652 0.001415
0.001651 0.001626
0.001651 0.001415
0.001651 0.001735
0.001651 0.001459
0.001651 0.001635
0.001651 0.001366
0.001650 0.001839
0.001650 0.001484
0.001650 0.001866
0.001650 0.001403
0.001650 0.001664
0.001650 0.001534
0.001649 0.001659
0.001649 0.001548
0.001649 0.001787
0.001650 0.001562
0.001649 0.001769
0.001649 0.001581
0.001649 0.001893
0.001649 0.001634
0.001649 0.001770
0.001649 0.001535
0.001649 0.001771
0.001649 0.001547
0.001649 0.001621
0.001649 0.001497
0.001649 0.001579
0.001650 0.001229
0.001649 0.002911
0.001650 0.002175
0.001649 0.002374
0.001649 0.002080
0.001649 0.002379
0.001649 0.002143
0.001648 0.002300
0.001651 0.002166
0.001652 0.002419
0.001654 0.002086
0.001654 0.002260
0.001656 0.002216
0.001657 0.002258
0.001659 0.002030
0.001660 0.002277
0.001662 0.002121
0.001663 0.002409
0.001664 0.002258
0.001665 0.002421
0.001666 0.001942
0.001667 0.002913
0.001669 0.001548
0.001670 0.002142
0.001671 0.001817
0.001673 0.002077
0.001674 0.001741
0.001675 0.002068
0.001678 0.001650
0.001677 0.002013
0.001679 0.001606
0.001679 0.002000
0.001680 0.001716
0.001680 0.001974
0.001681 0.001752
0.001681 0.002029
0.001681 0.001802
0.001681 0.001954
0.001682 0.001839
0.001682 0.001957
0.001683 0.001662
0.001683 0.001931
0.001684 0.001549
0.001684 0.003507
0.001685 0.001690
0.001685 0.002248
0.001685 0.001749
0.001685 0.002235
0.001686 0.001686
0.001686 0.002312
0.001690 0.001798
0.001690 0.002209
0.001691 0.001935
0.001691 0.002109
0.001692 0.001612
0.001692 0.002099
0.001694 0.001673
0.001694 0.002084
0.001695 0.001566
0.001696 0.001838
0.001697 0.001552
0.001696 0.001710
0.001697 0.001266
0.001697 0.002708
0.001698 0.001731
0.001698 0.001984
0.001698 0.001830
0.001698 0.001941
0.001698 0.002666
0.001697 0.001684
0.001699 0.001946
0.001699 0.001758
0.001700 0.001999
0.001700 0.001815
0.001701 0.002040
0.001703 0.001702
0.001703 0.001828
0.001703 0.001748
0.001703 0.001933
0.001704 0.002632
0.001704 0.001710
0.001705 0.001997
0.001705 0.002424
0.001705 0.002187
0.001705 0.002187
0.001706 0.001827
0.001708 0.001957
0.001708 0.001779
0.001709 0.001961
0.001710 0.001742
0.001711 0.001959
0.001712 0.001741
0.001713 0.001730
0.001713 0.001695
0.001713 0.001804
0.001714 0.001713
0.001714 0.001837
0.001714 0.001782
0.001715 0.001829
0.001715 0.001651
0.001715 0.002313
0.001715 0.001850
0.001715 0.002240
0.001715 0.002005
0.001715 0.002621
0.001715 0.001196
0.001715 0.001615
0.001717 0.001172
0.001717 0.001452
0.001718 0.001239
0.001719 0.001561
0.001721 0.001235
0.001719 0.001586
0.001719 0.001066
0.001718 0.001316
0.001717 0.001156
0.001716 0.001587
0.001716 0.001230
0.001715 0.001550
0.001715 0.001347
0.001713 0.001609
0.001712 0.001451
0.001711 0.001725
0.001711 0.001247
0.001710 0.001412
0.001709 0.000987
0.001709 0.001433
0.001708 0.001062
0.001708 0.001138
0.001708 0.000902
0.001707 0.001180
0.001706 0.000814
0.001705 0.001039
0.001704 0.002853
0.001703 0.001567
0.001701 0.002116
0.001700 0.001645
0.001699 0.002017
0.001697 0.001695
0.001695 0.002023
0.001698 0.001679
0.001697 0.001880
0.001698 0.001930
0.001698 0.002079
0.001699 0.001663
0.001699 0.001854
0.001700 0.001609
0.001700 0.001934
0.001700 0.001657
0.001700 0.002063
0.001701 0.001804
0.001701 0.002069
0.001702 0.001648
0.001701 0.001947
0.001702 0.001532
0.001702 0.002004
0.001703 0.001466
0.001703 0.001830
0.001704 0.001463
0.001703 0.001875
0.001704 0.001469
0.001704 0.001542
0.001704 0.002439
0.001704 0.001737
0.001704 0.002134
0.001703 0.001899
0.001704 0.002188
0.001703 0.001926
0.001703 0.002105
0.001705 0.001935
0.001705 0.002047
0.001706 0.001929
0.001706 0.001888
0.001707 0.001993
0.001708 0.001898
0.001708 0.001886
0.001709 0.001878
0.001710 0.001837
0.001710 0.001935
0.001711 0.001729
0.001711 0.001857
0.001712 0.001818
0.001712 0.001850
0.001712 0.002081
0.001713 0.001792
0.001713 0.001726
0.001713 0.001908
0.001713 0.001628
0.001714 0.001495
0.001714 0.002268
0.001715 0.001165
0.001715 0.001583
0.001715 0.001352
0.001715 0.001608
0.001715 0.001357
0.001715 0.001476
0.001716 0.001299
0.001715 0.001571
0.001714 0.001393
0.001714 0.001534
0.001713 0.001254
0.001713 0.001445
0.001712 0.001333
0.001711 0.001464
0.001711 0.001374
0.001710 0.001555
0.001710 0.001408
0.001709 0.001479
0.001708 0.001307
0.001707 0.001478
0.001707 0.001280
0.001706 0.001372
0.001706 0.001261
0.001705 0.001399
0.001705 0.001330
0.001704 0.001615
0.001703 0.001381
0.001702 0.001505
0.001702 0.001369
0.001701 0.001566
0.001700 0.001298
0.001699 0.001304
0.001699 0.002542
0.001698 0.001709
0.001698 0.002071
0.001697 0.001906
0.001697 0.002168
0.001696 0.001996
0.001695 0.002034
0.001697 0.002020
0.001697 0.002061
0.001698 0.001922
0.001698 0.002142
0.001699 0.001876
0.001700 0.002014
0.001701 0.001779
0.001701 0.001956
0.001702 0.001913
0.001703 0.001987
0.001704 0.001802
0.001704 0.001937
0.001705 0.001776
0.001705 0.001871
0.001705 0.001724
0.001706 0.001778
0.001706 0.001882
0.001707 0.002000
0.001707 0.001786
0.001707 0.001897
0.001708 0.001801
0.001708 0.001997
0.001708 0.001714
0.001708 0.001958
0.001709 0.002785
0.001709 0.001834
0.001709 0.002036
0.001710 0.001744
0.001710 0.001950
0.001710 0.001706
0.001711 0.001989
0.001713 0.001669
0.001713 0.001798
0.001714 0.001641
0.001714 0.001841
0.001715 0.001662
0.001715 0.001770
0.001715 0.001668
0.001715 0.001855
0.001715 0.001622
0.001715 0.002004
0.001715 0.001692
0.001715 0.001792
0.001715 0.001636
0.001715 0.001816
0.001716 0.001638
0.001715 0.001867
0.001716 0.001662
0.001716 0.001757
0.001716 0.001647
0.001716 0.002021
0.001716 0.001732
0.001716 0.001853
0.001716 0.001683
0.001716 0.001877
0.001716 0.001766
0.001716 0.001890
0.001717 0.001788
0.001717 0.001969
0.001717 0.001807
0.001717 0.001920
0.001717 0.001856
0.001718 0.002044
0.001718 0.001763
0.001718 0.001974
0.001719 0.001748
0.001719 0.001888
0.001719 0.001757
0.001719 0.002031
0.001720 0.001772
0.001720 0.001928
0.001721 0.001740
0.001721 0.001892
0.001721 0.001819
0.001721 0.002042
0.001722 0.001780
0.001722 0.002061
0.001723 0.001806
0.001723 0.002042
0.001723 0.001771
0.001723 0.001985
0.001724 0.001740
0.001724 0.002070
0.001725 0.001770
0.001725 0.002008
0.001725 0.001792
0.001726 0.001969
0.001726 0.001664
0.001726 0.002138
0.001727 0.001802
0.001727 0.002104
0.001728 0.001733
0.001728 0.001972
0.001728 0.001699
0.001728 0.002182
0.001729 0.001752
0.001729 0.001917
0.001730 0.001765
0.001730 0.001935
0.001730 0.001470
0.001730 0.002822
0.001731 0.001371
0.001731 0.001918
0.001732 0.001464
0.001732 0.001933
0.001732 0.001497
0.001732 0.001886
0.001734 0.001561
0.001733 0.001852
0.001734 0.001689
0.001733 0.001993
0.001734 0.001650
0.001733 0.001849
0.001733 0.001522
0.001733 0.001781
0.001733 0.001594
0.001733 0.001911
0.001734 0.001695
0.001734 0.001828
0.001734 0.001557
0.001733 0.001776
0.001733 0.001542
0.001733 0.001820
0.001734 0.001547
0.001733 0.001712
0.001734 0.001409
0.001733 0.001689
0.001733 0.001361
0.001733 0.001647
0.001733 0.001354
0.001733 0.001684
0.001733 0.001390
0.001732 0.001560
0.001732 0.001160
0.001731 0.002537
0.001731 0.001220
0.001730 0.001579
0.001730 0.001476
0.001729 0.001715
0.001729 0.001423
0.001728 0.001661
0.001729 0.001484
0.001728 0.001620
0.001728 0.001443
0.001728 0.001660
0.001728 0.001448
0.001727 0.001539
0.001727 0.001276
0.001726 0.001534
0.001726 0.001394
0.001725 0.001668
0.001725 0.001418
0.001725 0.001626
0.001724 0.001471
0.001723 0.001631
0.001723 0.001528
0.001722 0.001593
0.001722 0.001311
0.001721 0.001482
0.001721 0.001255
0.001721 0.001563
0.001721 0.001300
0.001720 0.001540
0.001720 0.001366
0.001719 0.001570
0.001718 0.001430
0.001718 0.001632
0.001717 0.001342
0.001716 0.001533
0.001716 0.001404
0.001715 0.001510
0.001715 0.001250
0.001714 0.001612
0.001714 0.001363
0.001713 0.001605
0.001713 0.001271
0.001712 0.001485
0.001712 0.001215
0.001711 0.001508
0.001711 0.001050
0.001710 0.002670
0.001710 0.001746
0.001709 0.002160
0.001708 0.001901
0.001707 0.002061
0.001707 0.001893
0.001705 0.002162
0.001708 0.001895
0.001708 0.002021
0.001709 0.001887
0.001709 0.002002
0.001710 0.001852
0.001710 0.002111
0.001711 0.001877
0.001711 0.002155
0.001712 0.001904
0.001712 0.002050
0.001713 0.001986
0.001713 0.002216
0.001714 0.001884
0.001715 0.002039
0.001715 0.001857
0.001716 0.002018
0.001717 0.001723
0.001717 0.001974
0.001718 0.001776
0.001719 0.001990
0.001719 0.001814
0.001719 0.002095
0.001720 0.001868
0.001720 0.002132
0.001721 0.001851
0.001721 0.002051
0.001721 0.002049
0.001722 0.002340
0.001722 0.001959
0.001723 0.002101
0.001723 0.001957
0.001724 0.002146
0.001724 0.001918
0.001725 0.002227
0.001726 0.001816
0.001727 0.002018
0.001728 0.001473
0.001728 0.002790
0.001729 0.001540
0.001729 0.002078
0.001730 0.001650
0.001731 0.001965
0.001731 0.001612
0.001731 0.001900
0.001733 0.001581
0.001733 0.001760
0.001733 0.001276
0.001733 0.002920
0.001734 0.001646
0.001733 0.002296
0.001734 0.001765
0.001733 0.002205
0.001733 0.001770
0.001732 0.002247
0.001735 0.001743
0.001735 0.002310
0.001736 0.001778
0.001736 0.002092
0.001737 0.001735
0.001737 0.002109
0.001738 0.001722
0.001738 0.002043
0.001739 0.001662
0.001739 0.001900
0.001740 0.002730
0.001740 0.001467
0.001741 0.001783
0.001741 0.001524
0.001742 0.001819
0.001741 0.001769
0.001742 0.001899
0.001744 0.001578
0.001743 0.001832
0.001743 0.001452
0.001743 0.001532
0.001743 0.002635
0.001743 0.001604
0.001743 0.001887
0.001743 0.001757
0.001743 0.001820
0.001743 0.001573
0.001742 0.001846
0.001744 0.001540
0.001744 0.001818
0.001744 0.001511
0.001744 0.001663
0.001744 0.001563
0.001744 0.001727
0.001744 0.001515
0.001744 0.001700
0.001744 0.001424
0.001743 0.001519
0.001743 0.002936
0.001743 0.001657
0.001743 0.002216
0.001742 0.001654
0.001742 0.002177
0.001741 0.001851
0.001741 0.002092
0.001743 0.001753
0.001743 0.002022
0.001744 0.001679
0.001744 0.002246
0.001745 0.001846
0.001745 0.002837
0.001746 0.001840
0.001746 0.002313
0.001747 0.001978
0.001746 0.002401
0.001747 0.002075
0.001748 0.002363
0.001750 0.002173
0.001750 0.002269
0.001751 0.002027
0.001752 0.002270
0.001753 0.001733
0.001754 0.001955
0.001755 0.001417
0.001756 0.001695
0.001757 0.001669
0.001758 0.001767
0.001759 0.001578
0.001759 0.001644
0.001759 0.001500
0.001758 0.001562
0.001758 0.001557
0.001758 0.001715
0.001758 0.001617
0.001758 0.001631
0.001757 0.001585
0.001757 0.001646
0.001756 0.001637
0.001756 0.001675
0.001756 0.001613
0.001756 0.001692
0.001755 0.001528
0.001755 0.001495
0.001755 0.002974
0.001755 0.001916
0.001754 0.002258
0.001754 0.001984
0.001754 0.002134
0.001753 0.002118
0.001753 0.002013
0.001755 0.001838
0.001756 0.002128
0.001757 0.001923
0.001757 0.002229
0.001758 0.001799
0.001759 0.001901
0.001759 0.001658
0.001760 0.001877
0.001760 0.001705
0.001761 0.001978
0.001762 0.001632
0.001762 0.001714
0.001762 0.001523
0.001762 0.001700
0.001762 0.001262
0.001762 0.003126
0.001762 0.001667
0.001762 0.002144
0.001762 0.001748
0.001762 0.002026
0.001761 0.001678
0.001760 0.001914
0.001763 0.001649
0.001763 0.001828
0.001764 0.001576
0.001764 0.001604
0.001764 0.002932
0.001764 0.001720
0.001764 0.002147
0.001764 0.001840
0.001764 0.002122
0.001764 0.001762
0.001764 0.001838
0.001766 0.001628
0.001766 0.001854
0.001767 0.001691
0.001767 0.001939
0.001768 0.001669
0.001768 0.001974
0.001768 0.001608
0.001767 0.001911
0.001768 0.001629
0.001767 0.001800
0.001768 0.001558
0.001768 0.001635
0.001768 0.003127
0.001768 0.001666
0.001768 0.002084
0.001768 0.001622
0.001768 0.002001
0.001767 0.001695
0.001767 0.001929
0.001770 0.001639
0.001770 0.002005
0.001770 0.001631
0.001770 0.001869
0.001770 0.001573
0.001770 0.001970
0.001771 0.001615
0.001770 0.002042
0.001771 0.001575
0.001771 0.001953
0.001771 0.001574
0.001770 0.001820
0.001771 0.001332
0.001770 0.001365
0.001771 0.002999
0.001771 0.001372
0.001771 0.001944
0.001771 0.001550
0.001771 0.001848
0.001770 0.001533
0.001769 0.001898
0.001772 0.001450
0.001771 0.001949
0.001771 0.001521
0.001771 0.001807
0.001771 0.001538
0.001770 0.001768
0.001771 0.001568
0.001770 0.001812
0.001770 0.001502
0.001770 0.001775
0.001770 0.001540
0.001769 0.001979
0.001769 0.001539
0.001769 0.002024
0.001769 0.001546
0.001768 0.001932
0.001768 0.001670
0.001768 0.001845
0.001768 0.001587
0.001768 0.001880
0.001768 0.001502
0.001768 0.001819
0.001768 0.001504
0.001768 0.001811
0.001768 0.001506
0.001768 0.001823
0.001768 0.001524
0.001768 0.001885
0.001768 0.001513
0.001767 0.001799
0.001767 0.001508
0.001767 0.001706
0.001767 0.001586
0.001766 0.001727
0.001767 0.001477
0.001766 0.001728
0.001766 0.001386
0.001766 0.001620
0.001765 0.001295
0.001765 0.002289
0.001765 0.002191
0.001764 0.002080
0.001764 0.001799
0.001764 0.001935
0.001763 0.001586
0.001762 0.001829
0.001763 0.001316
0.001764 0.002390
0.001765 0.001373
0.001765 0.001802
0.001765 0.001520
0.001765 0.001701
0.001765 0.001452
0.001764 0.001700
0.001765 0.001499
0.001765 0.001635
0.001765 0.001387
0.001764 0.001395
0.001764 0.000465
0.001763 0.000524
0.001763 0.000537
0.001763 0.000613
0.001763 0.000552
0.001762 0.000522
0.001761 0.000512
0.001758 0.000527
0.001756 0.000536
0.001753 0.000526
0.001751 0.000512
0.001748 0.000501
0.001746 0.000493
0.001743 0.000504
0.001741 0.000506
0.001738 0.000622
0.001736 0.000498
0.001733 0.000549
0.001731 0.000514
0.001728 0.000663
0.001726 0.000545
0.001723 0.000543
0.001721 0.000531
0.001718 0.000523
0.001716 0.000526
0.001714 0.000530
0.001711 0.000926
0.001709 0.000902
0.001707 0.000979
0.001704 0.001153
0.001702 0.001596
0.001699 0.001657
0.001697 0.001790
0.001695 0.001999
0.001694 0.002233
0.001692 0.002416
0.001691 0.002538
0.001691 0.002481
0.001691 0.002723
0.001691 0.002121
0.001692 0.001752
0.001693 0.001752
0.001694 0.002067
0.001696 0.001610
0.001698 0.001887
0.001700 0.001377
0.001701 0.001876
0.001701 0.001543
0.001701 0.001824
0.001702 0.001610
0.001701 0.001758
0.001702 0.001732
0.001701 0.001891
0.001701 0.001421
0.001701 0.001832
0.001701 0.001586
0.001701 0.001775
0.001701 0.001496
0.001701 0.001881
0.001702 0.001401
0.001701 0.001447
0.001701 0.001015
0.001701 0.003107
0.001701 0.001730
0.001701 0.002204
0.001701 0.001642
0.001701 0.002131
0.001700 0.001602
0.001699 0.002210
0.001702 0.001634
0.001702 0.002092
0.001703 0.001558
0.001703 0.001986
0.001704 0.001598
0.001703 0.001946
0.001704 0.001699
0.001704 0.001935
0.001705 0.001678
0.001705 0.002027
0.001705 0.001599
0.001705 0.002001
0.001706 0.001476
0.001706 0.001896
0.001706 0.001641
0.001706 0.002048
0.001707 0.001694
0.001706 0.002008
0.001707 0.001574
0.001707 0.002293
0.001707 0.001645
0.001707 0.001973
0.001707 0.001525
0.001707 0.002055
0.001708 0.001530
0.001708 0.002013
0.001709 0.001721
0.001709 0.001993
0.001709 0.001489
0.001709 0.001893
0.001710 0.001465
0.001709 0.001843
0.001710 0.001613
0.001710 0.001739
0.001711 0.001176
0.001710 0.002442
0.001711 0.001508
0.001710 0.001914
0.001710 0.001938
0.001710 0.001799
0.001710 0.001773
0.001709 0.001821
0.001711 0.001855
0.001710 0.001787
0.001711 0.001769
0.001711 0.001743
0.001711 0.001761
0.001711 0.001999
0.001712 0.001829
0.001712 0.001924
0.001712 0.001881
0.001712 0.001822
0.001712 0.001779
0.001712 0.002590
0.001713 0.001974
0.001713 0.001875
0.001714 0.001708
0.001714 0.001827
0.001714 0.001650
0.001714 0.001881
0.001716 0.001734
0.001717 0.001817
0.001717 0.001689
0.001717 0.001749
0.001717 0.001641
0.001717 0.001639
0.001717 0.001660
0.001717 0.001481
0.001718 0.001403
0.001717 0.001404
0.001718 0.002548
0.001717 0.001587
0.001717 0.001962
0.001717 0.001541
0.001717 0.001913
0.001716 0.001634
0.001715 0.001946
0.001717 0.001586
0.001717 0.001752
0.001717 0.001541
0.001717 0.001813
0.001717 0.001559
0.001717 0.001846
0.001718 0.001535
0.001717 0.001736
0.001717 0.001647
0.001717 0.001715
0.001717 0.001544
0.001717 0.001849
0.001717 0.001497
0.001717 0.001684
0.001717 0.001381
0.001717 0.001464
0.001717 0.002663
0.001716 0.001210
0.001717 0.001712
0.001716 0.001477
0.001716 0.001736
0.001715 0.001347
0.001715 0.001705
0.001717 0.001383
0.001716 0.001698
0.001716 0.001473
0.001715 0.001670
0.001715 0.001244
0.001715 0.001611
0.001715 0.001219
0.001714 0.001613
0.001714 0.001320
0.001713 0.001752
0.001713 0.001409
0.001712 0.001613
0.001712 0.001409
0.001711 0.001589
0.001711 0.001211
0.001710 0.002594
0.001710 0.001646
0.001710 0.002165
0.001709 0.001798
0.001709 0.002081
0.001709 0.001765
0.001708 0.001969
0.001709 0.001802
0.001709 0.001980
0.001710 0.001743
0.001710 0.002005
0.001711 0.001670
0.001711 0.001893
0.001712 0.001853
0.001712 0.002024
0.001712 0.001742
0.001713 0.001977
0.001713 0.001659
0.001713 0.001810
0.001713 0.001738
0.001714 0.001931
0.001714 0.001541
0.001714 0.002013
0.001715 0.001409
0.001715 0.001584
0.001715 0.001560
0.001715 0.001687
0.001715 0.001697
0.001715 0.001629
0.001716 0.001591
0.001715 0.001767
0.001715 0.001688
0.001715 0.001726
0.001714 0.001597
0.001714 0.001658
0.001714 0.001508
0.001714 0.001588
0.001714 0.001314
0.001714 0.002119
0.001714 0.001243
0.001714 0.001549
0.001714 0.001360
0.001713 0.001722
0.001713 0.001487
0.001712 0.001568
0.001713 0.001380
0.001712 0.001578
0.001712 0.001427
0.001711 0.001401
0.001711 0.001263
0.001711 0.001357
0.001710 0.001177
0.001710 0.001262
0.001709 0.001091
0.001709 0.002652
0.001708 0.001616
0.001707 0.001890
0.001707 0.001865
0.001705 0.001964
0.001705 0.001692
0.001703 0.001783
0.001705 0.001674
0.001705 0.001898
0.001705 0.001615
0.001706 0.001830
0.001706 0.001662
0.001706 0.001823
0.001706 0.001576
0.001706 0.001762
0.001707 0.001423
0.001707 0.002793
0.001707 0.001979
0.001707 0.002392
0.001707 0.002171
0.001707 0.002419
0.001707 0.002198
0.001706 0.002356
0.001708 0.002226
0.001709 0.002421
0.001710 0.002353
0.001711 0.002569
0.001713 0.002264
0.001714 0.002255
0.001715 0.002132
0.001716 0.002322
0.001718 0.002266
0.001719 0.002298
0.001721 0.001739
0.001722 0.002680
0.001723 0.001806
0.001724 0.002116
0.001725 0.002040
0.001726 0.002064
0.001727 0.001980
0.001727 0.002143
0.001729 0.001775
0.001729 0.002491
0.001730 0.002004
0.001731 0.002087
0.001731 0.003188
0.001732 0.002096
0.001733 0.001998
0.001733 0.002209
0.001734 0.001985
0.001735 0.002074
0.001736 0.001939
0.001738 0.002182
0.001739 0.002180
0.001740 0.002206
0.001741 0.002036
0.001741 0.002192
0.001742 0.001932
0.001742 0.002136
0.001743 0.002189
0.001744 0.002059
0.001745 0.002659
0.001746 0.001760
0.001746 0.002089
0.001747 0.001915
0.001748 0.002235
0.001749 0.001986
0.001749 0.002117
0.001751 0.001968
0.001751 0.002037
0.001752 0.001920
0.001752 0.001851
0.001753 0.002626
0.001754 0.001593
0.001754 0.001950
0.001755 0.001816
0.001755 0.002005
0.001756 0.002042
0.001756 0.002019
0.001758 0.001771
0.001757 0.002254
0.001758 0.001805
0.001758 0.002109
0.001758 0.001696
0.001759 0.003075
0.001759 0.001161
0.001759 0.001855
0.001760 0.001315
0.001760 0.001853
0.001761 0.001265
0.001761 0.001704
0.001764 0.001267
0.001762 0.001540
0.001763 0.001261
0.001762 0.001500
0.001762 0.001169
0.001761 0.001749
0.001761 0.001267
0.001760 0.001535
0.001759 0.001135
0.001758 0.001489
0.001758 0.001006
0.001757 0.001236
0.001757 0.000942
0.001756 0.000995
0.001755 0.002509
0.001754 0.001226
0.001753 0.001608
0.001752 0.001384
0.001751 0.001493
0.001749 0.001403
0.001748 0.001548
0.001749 0.001262
0.001748 0.001431
0.001748 0.001316
0.001747 0.001378
0.001747 0.001284
0.001746 0.001413
0.001745 0.001419
0.001745 0.001413
0.001744 0.001471
0.001743 0.001290
0.001742 0.001942
0.001741 0.001161
0.001741 0.001349
0.001740 0.001431
0.001739 0.001339
0.001739 0.001178
0.001738 0.001260
0.001738 0.001201
0.001737 0.001251
0.001736 0.001181
0.001736 0.001217
0.001735 0.001184
0.001734 0.001196
0.001733 0.001130
0.001732 0.001269
0.001731 0.001242
0.001730 0.001214
0.001729 0.001121
0.001728 0.001190
0.001726 0.001216
0.001725 0.002364
0.001724 0.001964
0.001723 0.002121
0.001722 0.002014
0.001721 0.002172
0.001720 0.001832
0.001719 0.002136
0.001720 0.002048
0.001721 0.002201
0.001722 0.001974
0.001722 0.002138
0.001723 0.002086
0.001723 0.002062
0.001724 0.001871
0.001725 0.002089
0.001726 0.002010
0.001726 0.002085
0.001727 0.001931
0.001728 0.002063
0.001729 0.001739
0.001729 0.001631
0.001730 0.002061
0.001730 0.001287
0.001731 0.001517
0.001731 0.001394
0.001732 0.001627
0.001732 0.001597
0.001732 0.001647
0.001732 0.001403
0.001731 0.002068
0.001731 0.001406
0.001730 0.001830
0.001730 0.001522
0.001730 0.001717
0.001730 0.001652
0.001729 0.001543
0.001730 0.001508
0.001729 0.001763
0.001729 0.001427
0.001729 0.001652
0.001729 0.001374
0.001729 0.001607
0.001728 0.001436
0.001728 0.002638
0.001728 0.002004
0.001727 0.002194
0.001727 0.002052
0.001726 0.002068
0.001726 0.002080
0.001726 0.002211
0.001727 0.002120
0.001728 0.002112
0.001729 0.001966
0.001730 0.002192
0.001730 0.002080
0.001731 0.002330
0.001732 0.001884
0.001733 0.001950
0.001734 0.001374
0.001734 0.001257
0.001735 0.001562
0.001736 0.001437
0.001737 0.002385
0.001737 0.001746
0.001738 0.001464
0.001737 0.001554
0.001736 0.001499
0.001736 0.001667
0.001735 0.001349
0.001736 0.002842
0.001736 0.001908
0.001736 0.002202
0.001735 0.001812
0.001735 0.003108
0.001735 0.001803
0.001734 0.002069
0.001736 0.001699
0.001737 0.002103
0.001737 0.001680
0.001738 0.002010
0.001740 0.001696
0.001741 0.002110
0.001741 0.001820
0.001741 0.001100
0.001742 0.002044
0.001742 0.001925
0.001742 0.002048
0.001742 0.002015
0.001743 0.001948
0.001743 0.001849
0.001742 0.001965
0.001742 0.001993
0.001743 0.002034
0.001743 0.001924
0.001744 0.001904
0.001744 0.001779
0.001745 0.002184
0.001745 0.001852
0.001745 0.001841
0.001746 0.001728
0.001746 0.002808
0.001747 0.002123
0.001747 0.002333
0.001748 0.002120
0.001748 0.002074
0.001748 0.001944
0.001748 0.002075
0.001750 0.002058
0.001751 0.002283
0.001752 0.001961
0.001753 0.002522
0.001754 0.001779
0.001754 0.002091
0.001755 0.001905
0.001755 0.002115
0.001756 0.001913
0.001757 0.001990
0.001758 0.001694
0.001758 0.002777
0.001759 0.002280
0.001759 0.002036
0.001760 0.001877
0.001760 0.002072
0.001761 0.002135
0.001761 0.002172
0.001763 0.002044
0.001764 0.002145
0.001764 0.001989
0.001764 0.002257
0.001765 0.002023
0.001766 0.002099
0.001767 0.003180
0.001767 0.002187
0.001768 0.002417
0.001768 0.002295
0.001769 0.002468
0.001770 0.002310
0.001771 0.002443
0.001773 0.002387
0.001774 0.002454
0.001776 0.002226
0.001777 0.002311
0.001778 0.002017
0.001779 0.002241
0.001780 0.001628
0.001782 0.001924
0.001783 0.001766
0.001784 0.001948
0.001785 0.001785
0.001785 0.001846
0.001786 0.001847
0.001786 0.001797
0.001786 0.001795
0.001786 0.001892
0.001787 0.001934
0.001787 0.001824
0.001787 0.003565
0.001787 0.001631
0.001787 0.001910
0.001787 0.001690
0.001787 0.001960
0.001787 0.001823
0.001787 0.001937
0.001791 0.001790
0.001791 0.001677
0.001791 0.001478
0.001791 0.001574
0.001791 0.001275
0.001791 0.002184
0.001791 0.001124
0.001791 0.001482
0.001791 0.001279
0.001791 0.001422
0.001790 0.001295
0.001789 0.001390
0.001790 0.001487
0.001789 0.001300
0.001788 0.001149
0.001787 0.002216
0.001786 0.001173
0.001785 0.001311
0.001784 0.001068
0.001784 0.001268
0.001783 0.001045
0.001782 0.001077
0.001782 0.000990
0.001781 0.001027
0.001780 0.000860
0.001779 0.002406
0.001778 0.001786
0.001776 0.001900
0.001775 0.001807
0.001773 0.001749
0.001772 0.001682
0.001770 0.001740
0.001771 0.001717
0.001771 0.001561
0.001772 0.001450
0.001772 0.003049
0.001772 0.001569
0.001771 0.001971
0.001771 0.001774
0.001771 0.001968
0.001771 0.001735
0.001770 0.001983
0.001773 0.001737
0.001772 0.001831
0.001773 0.001733
0.001773 0.001851
0.001773 0.001547
0.001773 0.001594
0.001773 0.001252
0.001773 0.002781
0.001773 0.001573
0.001773 0.001852
0.001774 0.001730
0.001773 0.001873
0.001773 0.001649
0.001772 0.001860
0.001774 0.001455
0.001773 0.002500
0.001773 0.001863
0.001773 0.001846
0.001774 0.001944
0.001773 0.001896
0.001773 0.001791
0.001773 0.001891
0.001774 0.001894
0.001774 0.001784
0.001775 0.002232
0.001775 0.001232
0.001775 0.001441
0.001775 0.001232
0.001775 0.001403
0.001776 0.001333
0.001776 0.001539
0.001777 0.001257
0.001776 0.001368
0.001775 0.001379
0.001774 0.001633
0.001773 0.001251
0.001772 0.001371
0.001772 0.001215
0.001771 0.001256
0.001770 0.001056
0.001769 0.002597
0.001769 0.001226
0.001768 0.001597
0.001767 0.001491
0.001766 0.001690
0.001765 0.001568
0.001763 0.001807
0.001765 0.001330
0.001764 0.001485
0.001764 0.001189
0.001763 0.000593
0.001763 0.000518
0.001763 0.000551
0.001763 0.000517
0.001762 0.000543
0.001761 0.000516
0.001760 0.000529
0.001758 0.000510
0.001755 0.000524
0.001753 0.000521
0.001750 0.000529
0.001748 0.000518
0.001745 0.000553
0.001743 0.000514
0.001740 0.000522
0.001738 0.000498
0.001736 0.000611
0.001733 0.000504
0.001731 0.000511
0.001728 0.000527
0.001726 0.000502
0.001723 0.000531
0.001721 0.000524
0.001719 0.000531
0.001716 0.000563
0.001714 0.000532
0.001711 0.000545
0.001709 0.000528
0.001707 0.000629
0.001704 0.000514
0.001702 0.000671
0.001700 0.000789
0.001697 0.000837
0.001695 0.001224
0.001693 0.001143
0.001690 0.001164
0.001688 0.001103
0.001686 0.001283
0.001684 0.001405
0.001682 0.001686
0.001682 0.001692
0.001680 0.001916
0.001679 0.001992
0.001678 0.002151
0.001677 0.002091
0.001677 0.002125
0.001677 0.002015
0.001677 0.001921
0.001677 0.001786
0.001678 0.001477
0.001679 0.001413
0.001680 0.001466
0.001681 0.001478
0.001681 0.001437
0.001682 0.001515
0.001682 0.001440
0.001682 0.001632
0.001681 0.001576
0.001681 0.001484
0.001680 0.001621
0.001680 0.001578
0.001679 0.001668
0.001679 0.001534
0.001679 0.001519
0.001679 0.001531
0.001678 0.001531
0.001678 0.001485
0.001678 0.001546
0.001678 0.001536
0.001678 0.001449
0.001677 0.001529
0.001677 0.001675
0.001677 0.001607
0.001676 0.001647
0.001676 0.001548
0.001676 0.001594
0.001675 0.001623
0.001675 0.001668
0.001675 0.001583
0.001675 0.001557
0.001675 0.001486
0.001675 0.001512
0.001674 0.001567
0.001674 0.001507
0.001674 0.001595
0.001674 0.001503
0.001674 0.001566
0.001674 0.001642
0.001673 0.001536
0.001673 0.001662
0.001673 0.001626
0.001673 0.001709
0.001672 0.001629
0.001672 0.001579
0.001672 0.001585
0.001672 0.001582
0.001672 0.001550
0.001672 0.001543
0.001672 0.001552
0.001672 0.001665
0.001671 0.001547
0.001671 0.001591
0.001671 0.001613
0.001671 0.001555
0.001670 0.001603
0.001670 0.001541
0.001670 0.001590
0.001670 0.001569
0.001670 0.001494
0.001670 0.001552
0.001669 0.001492
0.001669 0.001560
0.001669 0.001534
0.001669 0.001573
0.001669 0.001598
0.001668 0.001675
0.001668 0.001641
0.001668 0.001613
0.001668 0.001526
0.001667 0.001337
0.001667 0.002338
0.001667 0.001401
0.001667 0.001444
0.001667 0.001489
0.001667 0.001519
0.001667 0.001483
0.001666 0.001532
0.001667 0.001465
0.001667 0.001501
0.001666 0.001561
0.001666 0.001549
0.001666 0.001584
0.001665 0.001618
0.001665 0.001516
0.001665 0.001568
0.001664 0.001439
0.001664 0.001668
0.001664 0.001495
0.001664 0.001509
0.001664 0.001518
0.001663 0.001537
0.001663 0.001419
0.001663 0.001494
0.001663 0.001607
0.001662 0.001547
0.001662 0.001461
0.001662 0.001596
0.001661 0.001452
0.001661 0.001657
0.001661 0.001548
0.001660 0.001451
0.001660 0.001499
0.001660 0.001472
0.001660 0.001507
0.001659 0.001558
0.001659 0.001496
0.001659 0.001462
0.001659 0.001631
0.001658 0.001512
0.001658 0.001544
0.001658 0.001618
0.001657 0.001590
0.001657 0.001568
0.001657 0.001538
0.001657 0.001576
0.001656 0.001586
0.001656 0.001519
0.001656 0.001500
0.001656 0.001483
0.001656 0.001488
0.001656 0.001513
0.001655 0.001474
0.001655 0.001485
0.001655 0.001543
0.001655 0.001484
0.001654 0.001518
0.001654 0.001499
0.001654 0.001445
0.001653 0.001543
0.001653 0.001518
0.001653 0.001661
0.001652 0.001511
0.001652 0.001540
0.001652 0.001473
0.001651 0.001554
0.001651 0.001427
0.001651 0.001535
0.001651 0.001508
0.001651 0.001518
0.001650 0.001444
0.001650 0.001536
0.001650 0.001541
0.001649 0.001639
0.001649 0.001596
0.001649 0.001531
0.001649 0.001420
0.001648 0.001639
0.001648 0.001570
0.001648 0.001519
0.001648 0.001437
0.001648 0.001609
0.001647 0.001412
0.001647 0.001540
0.001647 0.001418
0.001647 0.001538
0.001647 0.001385
0.001646 0.001499
0.001646 0.001330
0.001646 0.001470
0.001645 0.001424
0.001645 0.001389
0.001645 0.001332
0.001644 0.001573
0.001644 0.002116
0.001643 0.002084
0.001643 0.002097
0.001643 0.001998
0.001642 0.001933
0.001641 0.001757
0.001641 0.001803
0.001642 0.001419
0.001643 0.001173
0.001644 0.001193
0.001645 0.000955
0.001645 0.000962
0.001646 0.000541
0.001646 0.000476
0.001645 0.000527
0.001644 0.000559
0.001644 0.000518
0.001642 0.000546
0.001641 0.000540
0.001639 0.000527
0.001636 0.000517
0.001634 0.000528
0.001632 0.000508
0.001630 0.000532
0.001627 0.000617
0.001625 0.000533
0.001623 0.000517
0.001621 0.000573
0.001619 0.000554
0.001616 0.000528
0.001614 0.000518
0.001612 0.000506
0.001610 0.000513
0.001608 0.000498
0.001606 0.000505
0.001604 0.000502
0.001601 0.000497
0.001599 0.000504
0.001597 0.000497
0.001595 0.000504
0.001593 0.000603
0.001591 0.000521
0.001588 0.000507
0.001586 0.000505
0.001584 0.000623
0.001582 0.000519
0.001580 0.000502
0.001578 0.000755
0.001576 0.000586
0.001573 0.000668
0.001571 0.000883
0.001569 0.001270
0.001567 0.001369
0.001565 0.001389
0.001563 0.001553
0.001562 0.001775
0.001560 0.001877
0.001558 0.002215
0.001558 0.002202
0.001557 0.002846
0.001557 0.002345
0.001557 0.002499
0.001557 0.001817
0.001558 0.002331
0.001559 0.001816
0.001561 0.002446
0.001563 0.001992
0.001565 0.002306
0.001567 0.001957
0.001567 0.002308
0.001569 0.001948
0.001569 0.002328
0.001571 0.002128
0.001572 0.002345
0.001573 0.002062
0.001574 0.002342
0.001576 0.002054
0.001576 0.002354
0.001578 0.001888
0.001579 0.002321
0.001581 0.001842
0.001581 0.002350
0.001583 0.002006
0.001584 0.002494
0.001586 0.001965
0.001586 0.002354
0.001588 0.002182
0.001588 0.002687
0.001590 0.002174
0.001590 0.002447
0.001592 0.001933
0.001593 0.002295
0.001595 0.001846
0.001596 0.000506
0.001598 0.000504
0.001599 0.000507
0.001601 0.000517
0.001601 0.000537
0.001603 0.000515
0.001603 0.000528
0.001601 0.000626
0.001599 0.000543
0.001597 0.000521
0.001595 0.002996
0.001592 0.001805
0.001590 0.002254
0.001588 0.001844
0.001586 0.002229
0.001584 0.001759
0.001582 0.002249
0.001585 0.001866
0.001585 0.002141
0.001587 0.001915
0.001587 0.002177
0.001588 0.001920
0.001589 0.002167
0.001590 0.001872
0.001591 0.002156
0.001592 0.001732
0.001592 0.002165
0.001594 0.001691
0.001594 0.002123
0.001595 0.001678
0.001596 0.002113
0.001597 0.001744
0.001597 0.002159
0.001598 0.001799
0.001599 0.002161
0.001600 0.001824
0.001600 0.002222
0.001601 0.001784
0.001601 0.002203
0.001602 0.001754
0.001603 0.002139
0.001604 0.001615
0.001604 0.002035
0.001606 0.001557
0.001606 0.001716
0.001607 0.000476
0.001607 0.000507
0.001608 0.000508
0.001608 0.000508
0.001609 0.000507
0.001609 0.000508
0.001609 0.000637
0.001607 0.000535
0.001605 0.000531
0.001603 0.000592
0.001601 0.000519
0.001598 0.000504
0.001596 0.000509
0.001594 0.000509
0.001592 0.000516
0.001590 0.000550
0.001588 0.000963
0.001586 0.000793
0.001584 0.001030
0.001581 0.001220
0.001579 0.001507
0.001577 0.001752
0.001575 0.001763
0.001574 0.001950
0.001572 0.001986
0.001571 0.002341
0.001571 0.002217
0.001570 0.002176
0.001571 0.002001
0.001571 0.001759
0.001572 0.001527
0.001573 0.001435
0.001574 0.001452
0.001576 0.001545
0.001577 0.001575
0.001578 0.001470
0.001578 0.001643
0.001578 0.001663
0.001578 0.001628
0.001577 0.001529
0.001577 0.001586
0.001577 0.001770
0.001577 0.001663
0.001577 0.001531
0.001577 0.001542
0.001577 0.001450
0.001577 0.001654
0.001577 0.001547
0.001578 0.001706
0.001578 0.001623
0.001578 0.001773
0.001578 0.001648
0.001578 0.001789
0.001578 0.001777
0.001578 0.001666
0.001578 0.001616
0.001578 0.001606
0.001578 0.001469
0.001579 0.001665
0.001579 0.001669
0.001579 0.001700
0.001580 0.001589
0.001580 0.001569
0.001580 0.001728
0.001579 0.001760
0.001580 0.001701
0.001580 0.001667
0.001580 0.001622
0.001580 0.001847
0.001580 0.001666
0.001580 0.001729
0.001581 0.001622
0.001581 0.001729
0.001581 0.001627
0.001581 0.001700
0.001582 0.001702
0.001582 0.001735
0.001582 0.001642
0.001582 0.001717
0.001583 0.001701
0.001583 0.001782
0.001583 0.001690
0.001583 0.001652
0.001583 0.001672
0.001584 0.001699
0.001584 0.002232
0.001584 0.001790
0.001584 0.001627
0.001585 0.001597
0.001585 0.001648
0.001585 0.001532
0.001585 0.001609
0.001586 0.001726
0.001587 0.001696
0.001587 0.001639
0.001587 0.001671
0.001587 0.001751
0.001587 0.001816
0.001587 0.001763
0.001587 0.001844
0.001588 0.001867
0.001588 0.001722
0.001588 0.001841
0.001588 0.001796
0.001589 0.001871
0.001589 0.001779
0.001589 0.001932
0.001590 0.001795
0.001590 0.001862
0.001591 0.001787
0.001591 0.001891
0.001592 0.001760
0.001592 0.001851
0.001593 0.001838
0.001593 0.001748
0.001594 0.001411
0.001594 0.001381
0.001595 0.001379
0.001595 0.001300
0.001596 0.001133
0.001596 0.002241
0.001596 0.001152
0.001596 0.001282
0.001596 0.001384
0.001595 0.001363
0.001595 0.001358
0.001594 0.001239
0.001595 0.001338
0.001594 0.001336
0.001593 0.001300
0.001593 0.001253
0.001593 0.001190
0.001592 0.001164
0.001591 0.001163
0.001591 0.001132
0.001590 0.001184
0.001590 0.001174
0.001589 0.003546
0.001588 0.000799
0.001587 0.001223
0.001587 0.001335
0.001586 0.001336
0.001585 0.001319
0.001584 0.001332
0.001588 0.001312
0.001586 0.001341
0.001586 0.001319
0.001585 0.001383
0.001585 0.001343
0.001584 0.001388
0.001584 0.001415
0.001583 0.001486
0.001583 0.001398
0.001582 0.001429
0.001582 0.001302
0.001581 0.001387
0.001581 0.001301
0.001580 0.001359
0.001580 0.001256
0.001580 0.001342
0.001580 0.001223
0.001579 0.001293
0.001579 0.001220
0.001578 0.001276
0.001578 0.001215
0.001577 0.001263
0.001577 0.001163
0.001576 0.001357
0.001575 0.001151
0.001575 0.001126
0.001574 0.001002
0.001573 0.000959
0.001573 0.003204
0.001572 0.000763
0.001571 0.001127
0.001570 0.001231
0.001570 0.001314
0.001568 0.001303
0.001567 0.001429
0.001571 0.001437
0.001569 0.001364
0.001568 0.001304
0.001567 0.001496
0.001567 0.001374
0.001566 0.001370
0.001566 0.001378
0.001566 0.001344
0.001565 0.001327
0.001565 0.001390
0.001565 0.001337
0.001564 0.001386
0.001564 0.001275
0.001564 0.001300
0.001563 0.001318
0.001563 0.001376
0.001562 0.001329
0.001562 0.001365
0.001562 0.001219
0.001561 0.001422
0.001560 0.001661
0.001560 0.001628
0.001560 0.001624
0.001559 0.001776
0.001559 0.001820
0.001558 0.001920
0.001558 0.002001
0.001558 0.002156
0.001558 0.001267
0.001558 0.001490
0.001559 0.001574
0.001559 0.001651
0.001560 0.001581
0.001561 0.001622
0.001562 0.001543
0.001561 0.001637
0.001561 0.001705
0.001561 0.001645
0.001561 0.001633
0.001562 0.001584
0.001562 0.001645
0.001562 0.001590
0.001562 0.001740
0.001562 0.001698
0.001562 0.001645
0.001562 0.001598
0.001562 0.001754
0.001563 0.001630
0.001563 0.001665
0.001563 0.001558
0.001563 0.001576
0.001563 0.001528
0.001563 0.001640
0.001564 0.001628
0.001564 0.001695
0.001564 0.001741
0.001564 0.001738
0.001564 0.001678
0.001564 0.001844
0.001564 0.001694
0.001564 0.001752
0.001565 0.001702
0.001565 0.001739
0.001565 0.001807
0.001566 0.001735
0.001566 0.001760
0.001566 0.001670
0.001567 0.001746
0.001567 0.001819
0.001567 0.001965
0.001568 0.001959
0.001568 0.002054
0.001569 0.002038
0.001569 0.002179
0.001569 0.002019
0.001570 0.001879
0.001570 0.001782
0.001571 0.001405
0.001572 0.001143
0.001573 0.000946
0.001574 0.001051
0.001575 0.000622
0.001576 0.000462
0.001576 0.000458
0.001576 0.000499
0.001575 0.000511
0.001574 0.000494
0.001573 0.000488
0.001571 0.000448
0.001569 0.000452
0.001566 0.000455
0.001564 0.000524
0.001562 0.000551
0.001560 0.000533
0.001558 0.000575
0.001556 0.000589
0.001553 0.000530
0.001551 0.000594
0.001549 0.000527
0.001547 0.000518
0.001545 0.000592
0.001543 0.000520
0.001541 0.000563
0.001539 0.000522
0.001537 0.000514
0.001535 0.000477
0.001533 0.000494
0.001527 0.000010
0.001521 0.000003
0.001513 0.000013
