0.000000 0.003497
0.000000 0.002337
0.000000 0.002000
0.000000 0.002096
0.000000 0.001542
0.000000 0.001327
0.000000 0.001756
0.003497 0.001627
0.002610 0.001520
0.002610 0.001324
0.002481 0.001498
0.002293 0.001709
0.002131 0.001581
0.002077 0.001536
0.002020 0.001438
0.001964 0.001394
0.001900 0.001721
0.001863 0.002022
0.001850 0.001210
0.001829 0.001337
0.001808 0.001386
0.001783 0.001862
0.001758 0.001582
0.001756 0.001420
0.001771 0.001363
0.001741 0.001494
0.001720 0.001700
0.001704 0.001428
0.001711 0.001457
0.001706 0.001421
0.001693 0.001319
0.001680 0.001471
0.001673 0.001577
0.001674 0.001198
0.001665 0.001306
0.001657 0.001501
0.001649 0.001565
0.001638 0.001399
0.001633 0.001429
0.001631 0.001263
0.001618 0.001458
0.001609 0.001337
0.001606 0.001512
0.001604 0.001365
0.001599 0.001697
0.001594 0.001478
0.001586 0.001234
0.001582 0.001823
0.001576 0.001331
0.001575 0.001602
0.001570 0.001188
0.001573 0.001698
0.001571 0.001261
0.001563 0.001624
0.001569 0.001410
0.001564 0.001483
0.001564 0.001529
0.001557 0.001461
0.001560 0.001539
0.001554 0.001459
0.001555 0.001539
0.001552 0.001493
0.001551 0.001528
0.001551 0.001572
0.001549 0.001576
0.001549 0.001321
0.001547 0.001642
0.001547 0.001558
0.001546 0.001622
0.001546 0.001517
0.001546 0.001568
0.001547 0.001526
0.001543 0.001620
0.001545 0.001960
0.001545 0.001694
0.001546 0.001605
0.001546 0.001586
0.001546 0.001779
0.001546 0.001514
0.001547 0.001582
0.001553 0.001497
0.001555 0.001895
0.001555 0.001495
0.001556 0.001577
0.001559 0.001272
0.001558 0.001456
0.001559 0.001420
0.001558 0.001456
0.001562 0.001494
0.001561 0.001574
0.001562 0.001551
0.001558 0.001368
0.001557 0.001456
0.001555 0.001600
0.001554 0.001393
0.001553 0.001462
0.001553 0.001567
0.001553 0.001435
0.001551 0.001403
0.001550 0.001245
0.001550 0.001936
0.001549 0.001557
0.001548 0.001499
0.001548 0.001758
0.001547 0.001330
0.001545 0.001425
0.001542 0.001445
0.001546 0.001534
0.001546 0.001386
0.001546 0.001397
0.001548 0.001447
0.001546 0.001583
0.001544 0.001513
0.001543 0.001319
0.001543 0.001353
0.001542 0.001693
0.001540 0.001852
0.001539 0.001295
0.001540 0.001713
0.001539 0.001796
0.001537 0.001666
0.001535 0.001516
0.001537 0.001369
0.001540 0.001805
0.001538 0.001764
0.001539 0.001440
0.001542 0.001567
0.001543 0.001844
0.001543 0.001372
0.001541 0.001719
0.001543 0.002103
0.001545 0.001360
0.001544 0.001373
0.001545 0.001401
0.001547 0.001592
0.001546 0.001765
0.001547 0.001623
0.001552 0.001340
0.001550 0.001765
0.001549 0.001606
0.001548 0.001497
0.001548 0.001291
0.001550 0.001644
0.001550 0.001561
0.001549 0.001491
0.001550 0.001919
0.001551 0.001376
0.001551 0.001384
0.001548 0.001697
0.001549 0.001982
0.001549 0.001597
0.001549 0.001468
0.001552 0.001385
0.001550 0.002007
0.001549 0.001420
0.001550 0.001414
0.001554 0.001479
0.001554 0.001391
0.001553 0.001795
0.001552 0.001458
0.001555 0.001412
0.001554 0.001419
0.001553 0.001739
0.001553 0.001794
0.001552 0.002015
0.001553 0.001374
0.001553 0.001210
0.001552 0.001602
0.001551 0.001851
0.001552 0.001448
0.001554 0.001527
0.001557 0.001374
0.001556 0.001881
0.001553 0.001491
0.001554 0.001552
0.001556 0.001568
0.001555 0.001877
0.001555 0.001741
0.001554 0.001559
0.001556 0.001567
0.001555 0.001647
0.001555 0.001489
0.001555 0.001748
0.001558 0.001843
0.001559 0.001687
0.001559 0.001312
0.001559 0.001686
0.001559 0.001920
0.001559 0.001578
0.001560 0.001354
0.001562 0.001661
0.001563 0.001910
0.001561 0.001808
0.001562 0.001613
0.001564 0.001795
0.001564 0.001847
0.001563 0.001716
0.001564 0.001601
0.001566 0.001887
0.001567 0.001688
0.001568 0.001785
0.001569 0.001935
0.001571 0.002083
0.001572 0.001631
0.001572 0.001636
0.001574 0.001704
0.001574 0.002096
0.001576 0.001767
0.001578 0.001687
0.001581 0.001880
0.001581 0.001923
0.001582 0.001961
0.001582 0.001817
0.001585 0.001565
0.001586 0.001747
0.001587 0.001855
0.001589 0.001873
0.001591 0.001872
0.001593 0.001568
0.001594 0.001664
0.001594 0.001702
0.001595 0.002183
0.001596 0.001612
0.001598 0.001820
0.001599 0.001792
0.001599 0.001815
0.001599 0.001935
0.001600 0.001734
0.001603 0.001765
0.001603 0.002100
0.001605 0.001734
0.001606 0.001879
0.001607 0.001653
0.001609 0.002084
0.001609 0.001742
0.001610 0.001885
0.001613 0.001965
0.001613 0.001740
0.001615 0.001724
0.001615 0.001884
0.001618 0.002114
0.001618 0.001880
0.001620 0.001781
0.001621 0.001807
0.001622 0.002007
0.001623 0.001775
0.001624 0.001916
0.001627 0.001928
0.001628 0.002252
0.001629 0.001837
0.001630 0.002070
0.001632 0.001865
0.001632 0.001744
0.001634 0.001877
0.001635 0.002353
0.001638 0.002071
0.001639 0.001674
0.001642 0.001813
0.001643 0.001845
0.001643 0.002313
0.001644 0.001938
0.001648 0.001881
0.001650 0.001971
0.001650 0.002150
0.001651 0.001946
0.001652 0.002020
0.001655 0.001971
0.001657 0.002115
0.001658 0.001846
0.001659 0.002125
0.001662 0.002202
0.001663 0.001917
0.001665 0.001929
0.001666 0.002146
0.001668 0.002306
0.001669 0.002053
0.001671 0.001931
0.001674 0.001933
0.001675 0.002226
0.001676 0.002318
0.001678 0.002179
0.001681 0.002462
0.001683 0.002738
0.001684 0.002577
0.001686 0.002452
0.001688 0.002530
0.001691 0.002287
0.001693 0.002165
0.001697 0.002255
0.001702 0.002610
0.001706 0.002298
0.001709 0.002383
0.001713 0.001774
0.001715 0.002258
0.001718 0.002202
0.001720 0.001971
0.001724 0.001878
0.001727 0.002294
0.001730 0.002034
0.001730 0.001794
0.001732 0.002113
0.001734 0.002368
0.001735 0.002141
0.001736 0.002180
0.001738 0.002152
0.001740 0.001901
0.001740 0.001803
0.001742 0.001899
0.001744 0.002503
0.001746 0.001883
0.001748 0.001974
0.001750 0.001809
0.001750 0.002070
0.001751 0.002051
0.001751 0.002076
0.001755 0.002075
0.001755 0.001730
0.001756 0.001858
0.001756 0.001982
0.001758 0.001984
0.001759 0.001805
0.001760 0.002167
0.001762 0.001844
0.001761 0.002344
0.001762 0.001859
0.001763 0.001852
0.001764 0.001771
0.001764 0.001996
0.001766 0.001925
0.001766 0.002098
0.001768 0.001923
0.001769 0.001938
0.001769 0.001858
0.001769 0.002167
0.001770 0.002085
0.001771 0.001938
0.001772 0.001809
0.001773 0.001925
0.001773 0.002069
0.001774 0.001805
0.001775 0.001966
0.001777 0.002002
0.001777 0.002009
0.001777 0.002040
0.001778 0.001921
0.001779 0.001765
0.001779 0.001949
0.001780 0.001982
0.001781 0.001993
0.001782 0.001936
0.001783 0.001828
0.001783 0.001988
0.001783 0.002014
0.001784 0.001957
0.001785 0.002029
0.001786 0.002014
0.001786 0.001945
0.001786 0.002223
0.001787 0.001955
0.001788 0.001843
0.001789 0.002101
0.001790 0.002059
0.001791 0.002069
0.001791 0.001973
0.001793 0.001819
0.001793 0.002131
0.001794 0.001986
0.001795 0.002173
0.001796 0.002068
0.001797 0.002042
0.001798 0.002163
0.001798 0.002225
0.001799 0.001908
0.001800 0.001977
0.001801 0.002019
0.001802 0.002209
0.001803 0.002231
0.001804 0.001906
0.001806 0.002078
0.001806 0.002045
0.001807 0.001935
0.001808 0.002267
0.001809 0.002013
0.001811 0.002177
0.001811 0.001934
0.001812 0.002038
0.001813 0.002239
0.001814 0.002165
0.001815 0.002239
0.001816 0.001995
0.001817 0.002221
0.001818 0.002164
0.001819 0.001989
0.001820 0.001966
0.001822 0.002009
0.001823 0.002112
0.001824 0.002350
0.001825 0.002071
0.001826 0.001828
0.001827 0.001986
0.001828 0.001893
0.001828 0.002299
0.001829 0.002100
0.001831 0.001983
0.001832 0.002194
0.001832 0.002074
0.001833 0.002200
0.001833 0.001875
0.001834 0.002109
0.001835 0.002113
0.001836 0.002148
0.001837 0.002115
0.001838 0.002298
0.001839 0.002083
0.001840 0.002001
0.001841 0.002086
0.001841 0.002342
0.001843 0.002086
0.001844 0.001995
0.001845 0.002104
0.001846 0.002071
0.001847 0.002329
0.001847 0.002237
0.001849 0.002026
0.001850 0.002046
0.001851 0.002175
0.001851 0.002133
0.001852 0.002033
0.001854 0.001974
0.001855 0.001987
0.001856 0.002256
0.001856 0.002486
0.001858 0.002140
0.001859 0.002010
0.001859 0.002254
0.001860 0.002108
0.001860 0.002336
0.001861 0.002115
0.001863 0.002089
0.001864 0.002056
0.001865 0.002057
0.001866 0.002277
0.001867 0.002252
0.001869 0.002135
0.001870 0.002243
0.001870 0.002190
0.001871 0.002456
0.001872 0.002462
0.001873 0.002130
0.001874 0.002126
0.001875 0.002201
0.001876 0.002443
0.001877 0.002192
0.001879 0.002168
0.001881 0.002053
0.001882 0.002269
0.001883 0.002107
0.001884 0.002358
0.001886 0.002093
0.001887 0.002039
0.001888 0.002073
0.001888 0.002443
0.001890 0.002269
0.001890 0.002042
0.001892 0.002244
0.001893 0.002254
0.001893 0.002236
0.001894 0.002256
0.001896 0.002181
0.001897 0.002067
0.001897 0.002245
0.001898 0.002215
0.001900 0.002367
0.001901 0.002087
0.001902 0.002085
0.001903 0.002261
0.001903 0.002353
0.001904 0.002130
0.001906 0.002213
0.001907 0.002182
0.001908 0.002232
0.001908 0.002135
0.001909 0.002084
0.001911 0.002360
0.001911 0.002140
0.001912 0.002499
0.001913 0.002238
0.001914 0.002148
0.001915 0.002253
0.001916 0.002437
0.001917 0.002382
0.001918 0.002096
0.001920 0.002380
0.001921 0.002595
0.001921 0.002301
0.001922 0.002408
0.001924 0.002504
0.001926 0.002460
0.001926 0.002411
0.001928 0.002395
0.001930 0.002357
0.001931 0.002274
0.001932 0.002439
0.001934 0.002465
0.001936 0.002552
0.001937 0.002180
0.001939 0.002452
0.001940 0.002535
0.001941 0.002289
0.001943 0.002399
0.001944 0.002359
0.001946 0.002414
0.001947 0.002532
0.001949 0.002245
0.001950 0.002352
0.001952 0.002571
0.001953 0.002416
0.001954 0.002446
0.001956 0.002537
0.001957 0.002526
0.001958 0.002275
0.001960 0.002420
0.001961 0.002515
0.001963 0.002797
0.001964 0.002346
0.001966 0.002563
0.001968 0.002612
0.001969 0.002616
0.001970 0.002690
0.001972 0.002395
0.001974 0.002531
0.001976 0.002525
0.001977 0.002424
0.001979 0.002720
0.001981 0.002436
0.001983 0.002450
0.001985 0.002459
0.001986 0.002558
0.001988 0.002468
0.001989 0.002335
0.001992 0.002398
0.001993 0.002467
0.001994 0.002626
0.001996 0.002531
0.001997 0.002520
0.001999 0.002444
0.002000 0.002698
0.002001 0.002695
0.002002 0.002682
0.002004 0.002544
0.002006 0.002544
0.002007 0.002614
0.002009 0.002644
0.002011 0.002702
0.002013 0.002486
0.002015 0.002619
0.002016 0.002628
0.002018 0.002802
0.002020 0.002540
0.002022 0.002669
0.002024 0.002599
0.002025 0.002553
0.002027 0.002520
0.002029 0.002503
0.002031 0.002558
0.002032 0.002648
0.002034 0.002411
0.002036 0.002664
0.002038 0.002478
0.002039 0.002422
0.002040 0.002586
0.002042 0.002538
0.002044 0.002733
0.002045 0.002510
0.002047 0.002494
0.002048 0.002602
0.002049 0.002583
0.002051 0.002558
0.002052 0.002421
0.002054 0.002733
0.002055 0.002850
0.002057 0.002561
0.002058 0.002809
0.002060 0.002822
0.002061 0.002722
0.002062 0.002643
0.002064 0.002657
0.002066 0.002933
0.002068 0.002627
0.002070 0.002839
0.002072 0.002895
0.002074 0.002732
0.002076 0.002673
0.002077 0.002733
0.002080 0.002622
0.002081 0.002682
0.002084 0.002550
0.002086 0.002568
0.002088 0.002733
0.002090 0.002814
0.002091 0.002594
0.002093 0.002596
0.002095 0.002757
0.002096 0.002575
0.002097 0.002591
0.002099 0.002711
0.002101 0.002804
0.002103 0.002461
0.002104 0.002484
0.002106 0.002811
0.002107 0.002764
0.002109 0.002759
0.002110 0.002515
0.002112 0.002601
0.002113 0.002689
0.002114 0.002511
0.002116 0.002678
0.002118 0.002526
0.002120 0.002598
0.002121 0.002545
0.002122 0.002540
0.002124 0.002817
0.002125 0.002559
0.002127 0.002613
0.002128 0.002603
0.002129 0.002714
0.002130 0.002491
0.002131 0.002597
0.002133 0.002538
0.002135 0.002730
0.002136 0.002733
0.002137 0.002665
0.002139 0.002556
0.002140 0.002715
0.002141 0.002410
0.002142 0.002735
0.002144 0.002561
0.002145 0.002668
0.002147 0.002630
0.002148 0.002705
0.002150 0.002694
0.002150 0.002651
0.002152 0.002586
0.002153 0.002782
0.002155 0.002760
0.002156 0.002677
0.002157 0.002593
0.002159 0.002582
0.002160 0.002589
0.002161 0.002752
0.002163 0.002690
0.002165 0.002508
0.002166 0.002668
0.002167 0.002569
0.002168 0.002620
0.002170 0.002634
0.002171 0.002569
0.002173 0.002642
0.002174 0.002595
0.002175 0.002734
0.002176 0.002704
0.002177 0.002474
0.002178 0.002734
0.002180 0.002668
0.002181 0.002581
0.002182 0.002797
0.002183 0.002552
0.002185 0.002601
0.002186 0.002610
0.002187 0.002680
0.002188 0.002608
0.002189 0.002678
0.002191 0.002519
0.002192 0.002722
0.002193 0.002606
0.002194 0.002545
0.002196 0.002601
0.002197 0.002656
0.002198 0.002717
0.002199 0.002676
0.002200 0.002654
0.002201 0.002641
0.002205 0.000007
0.002209 0.000028
0.002198 0.000010
