0.000000 0.009496
0.000000 0.005349
0.000000 0.008161
0.000000 0.013307
0.000000 0.009080
0.000000 0.006608
0.009496 0.004880
0.009496 0.006851
0.007420 0.005473
0.007668 0.005249
0.009082 0.005178
0.009082 0.005264
0.008123 0.004963
0.008123 0.005152
0.007963 0.005059
0.007684 0.005421
0.007438 0.005117
0.007231 0.005279
0.007065 0.005232
0.006901 0.005113
0.006775 0.005257
0.006659 0.005051
0.006580 0.004618
0.006493 0.005186
0.006424 0.003958
0.006360 0.005090
0.006297 0.005002
0.006246 0.005193
0.006191 0.005074
0.006121 0.005099
0.006081 0.005172
0.005994 0.004463
0.005958 0.005025
0.005922 0.003984
0.005895 0.005148
0.005866 0.005092
0.005840 0.005092
0.005818 0.005085
0.005774 0.005231
0.005751 0.005105
0.005697 0.004471
0.005681 0.005123
0.005664 0.003966
0.005648 0.005097
0.005632 0.005036
0.005622 0.005283
0.005608 0.005017
0.005579 0.005106
0.005568 0.005087
0.005529 0.004563
0.005519 0.005354
0.005508 0.004149
0.005503 0.005213
0.005492 0.005299
0.005483 0.005108
0.005475 0.005115
0.005456 0.005381
0.005454 0.005179
0.005427 0.004569
0.005423 0.005016
0.005421 0.003999
0.005415 0.005130
0.005409 0.005094
0.005408 0.005021
0.005404 0.005013
0.005389 0.005090
0.005383 0.004990
0.005359 0.004513
0.005355 0.005102
0.005350 0.004125
0.005345 0.005080
0.005339 0.004975
0.005335 0.005159
0.005330 0.005130
0.005317 0.005236
0.005314 0.005107
0.005295 0.004452
0.005292 0.005010
0.005287 0.004315
0.005286 0.003562
0.005283 0.003921
0.005283 0.003760
0.005280 0.003736
0.005269 0.003496
0.005265 0.005067
0.005252 0.004859
0.005229 0.005302
0.005212 0.003799
0.005193 0.005051
0.005174 0.004988
0.005152 0.005317
0.005151 0.005058
0.005147 0.005112
0.005149 0.005127
0.005132 0.004571
0.005131 0.005057
0.005130 0.003924
0.005132 0.005110
0.005131 0.005029
0.005131 0.005088
0.005131 0.005065
0.005124 0.005085
0.005123 0.005139
0.005110 0.004635
0.005110 0.005059
0.005109 0.004247
0.005109 0.004394
0.005108 0.004562
0.005108 0.004449
0.005108 0.005863
0.005103 0.011798
0.005103 0.009373
0.005094 0.006888
0.005087 0.006325
0.005081 0.015391
0.005075 0.006865
0.005083 0.015036
0.005150 0.018681
0.005192 0.007121
0.005209 0.023478
0.005220 0.007900
0.005319 0.007667
0.005334 0.016722
0.005427 0.020983
0.005553 0.016662
0.005567 0.020992
0.005735 0.007036
0.005755 0.020326
0.005773 0.007730
0.005873 0.008626
0.006011 0.021577
0.006107 0.010847
0.006240 0.007165
0.006247 0.006802
0.006372 0.016794
0.006384 0.006827
0.006404 0.013240
0.006535 0.019216
0.006572 0.011111
0.006577 0.009129
0.006579 0.009017
0.006665 0.022852
0.006667 0.011848
0.006722 0.008339
0.006825 0.008676
0.006860 0.019482
0.006879 0.009487
0.006896 0.009613
0.007025 0.016687
0.007064 0.006864
0.007074 0.019381
0.007087 0.010281
0.007185 0.008031
0.007203 0.007204
0.007222 0.018941
0.007295 0.011975
0.007292 0.007245
0.007384 0.009480
0.007406 0.014928
0.007411 0.012185
0.007410 0.008049
0.007496 0.007231
0.007529 0.010181
0.007527 0.013195
0.007542 0.008984
0.007596 0.023631
0.007629 0.015860
0.007632 0.014440
0.007630 0.010983
0.007648 0.011163
0.007687 0.017491
0.007697 0.014612
0.007809 0.011577
0.007866 0.011105
0.007912 0.014588
0.007933 0.011539
0.007956 0.010584
0.008022 0.014685
0.008067 0.011226
0.008091 0.009399
0.008111 0.009170
0.008155 0.012451
0.008178 0.011018
0.008194 0.013611
0.008237 0.011183
0.008257 0.013087
0.008265 0.011359
0.008271 0.009163
0.008298 0.013381
0.008316 0.010200
0.008350 0.009240
0.008369 0.010123
0.008399 0.008959
0.008418 0.009756
0.008423 0.008967
0.008454 0.009916
0.008465 0.008659
0.008470 0.009087
0.008480 0.011951
0.008483 0.009143
0.008491 0.011278
0.008494 0.011740
0.008503 0.009399
0.008504 0.011041
0.008507 0.008864
0.008528 0.010276
0.008532 0.010460
0.008549 0.009775
0.008568 0.009949
0.008573 0.010759
0.008588 0.009944
0.008589 0.011281
0.008599 0.009727
0.008610 0.010040
0.008617 0.009532
0.008625 0.010935
0.008637 0.009119
0.008645 0.009574
0.008660 0.008555
0.008666 0.011653
0.008674 0.014705
0.008679 0.012463
0.008692 0.014123
0.008694 0.014966
0.008699 0.011939
0.008698 0.016408
0.008715 0.013976
0.008749 0.012634
0.008769 0.015920
0.008799 0.016093
0.008833 0.011819
0.008850 0.012513
0.008892 0.013518
0.008920 0.015001
0.008940 0.011650
0.008978 0.015456
0.009016 0.015117
0.009032 0.013627
0.009050 0.016387
0.009074 0.014043
0.009106 0.012986
0.009119 0.015920
0.009153 0.014338
0.009185 0.012162
0.009208 0.014236
0.009246 0.017475
0.009271 0.015316
0.009290 0.015816
0.009325 0.013566
0.009351 0.013020
0.009366 0.016187
0.009391 0.017580
0.009432 0.013510
0.009462 0.014748
0.009495 0.005114
0.009516 0.003775
0.009533 0.015289
0.009567 0.014521
0.009608 0.004720
0.009627 0.005747
0.009653 0.004139
0.009630 0.006746
0.009601 0.009022
0.009629 0.010610
0.009653 0.013057
0.009629 0.013126
0.009610 0.015122
0.009583 0.011413
0.009569 0.010541
0.009567 0.008759
0.009572 0.009108
0.009589 0.009619
0.009606 0.009016
0.009632 0.008955
0.009641 0.009096
0.009645 0.012312
0.009641 0.010245
0.009638 0.010647
0.009638 0.014172
0.009635 0.012272
0.009632 0.009622
0.009630 0.009722
0.009642 0.014163
0.009645 0.012140
0.009650 0.009254
0.009671 0.009591
0.009683 0.013497
0.009683 0.012505
0.009683 0.010029
0.009704 0.010138
0.009715 0.012616
0.009713 0.012092
0.009712 0.009412
0.009730 0.009838
0.009742 0.009652
0.009743 0.043536
0.009745 0.027808
0.009758 0.016476
0.009769 0.011709
0.009767 0.010833
0.009768 0.010586
0.009767 0.010269
0.009918 0.025852
0.009998 0.014115
0.010027 0.008333
0.010034 0.009715
0.010038 0.026194
0.010040 0.014370
0.010041 0.008030
0.010111 0.010017
0.010128 0.026361
0.010120 0.013984
0.010119 0.008158
0.010189 0.009946
0.010207 0.024076
0.010197 0.014013
0.010197 0.007950
0.010266 0.010467
0.010282 0.023817
0.010273 0.014094
0.010272 0.008375
0.010331 0.009973
0.010347 0.023828
0.010336 0.015123
0.010337 0.008841
0.010394 0.010802
0.010410 0.020427
0.010401 0.013994
0.010399 0.008084
0.010456 0.009240
0.010475 0.011032
0.010468 0.015614
0.010470 0.008633
0.010511 0.010646
0.010526 0.012200
0.010516 0.011593
0.010510 0.010066
0.010512 0.010513
0.010533 0.013311
0.010526 0.012346
0.010526 0.010653
0.010533 0.010467
0.010537 0.013517
0.010535 0.012182
0.010535 0.010442
0.010547 0.009872
0.010554 0.013611
0.010554 0.011862
0.010554 0.009589
0.010566 0.010348
0.010572 0.012871
0.010572 0.012009
0.010569 0.010175
0.010581 0.010308
0.010586 0.012718
0.010582 0.012440
0.010581 0.010662
0.010590 0.010775
0.010596 0.011519
0.010594 0.011015
0.010593 0.012481
0.010602 0.008535
0.010609 0.010669
0.010609 0.013614
0.010610 0.009993
0.010613 0.013468
0.010615 0.009854
0.010622 0.013009
0.010614 0.010225
0.010614 0.012412
0.010626 0.010734
0.010623 0.010256
0.010634 0.010718
0.010631 0.008574
0.010640 0.010191
0.010639 0.009473
0.010646 0.009828
0.010646 0.009447
0.010644 0.008923
0.010645 0.009894
0.010637 0.010481
0.010635 0.009470
0.010631 0.011097
0.010628 0.009821
0.010623 0.011205
0.010617 0.010105
0.010614 0.011708
0.010614 0.009984
0.010609 0.010722
0.010611 0.010056
0.010608 0.010989
0.010610 0.010375
0.010609 0.009851
0.010613 0.009857
0.010610 0.010605
0.010611 0.009902
0.010609 0.010670
0.010610 0.009931
0.010609 0.011784
0.010606 0.011022
0.010604 0.011092
0.010604 0.010610
0.010601 0.012217
0.010601 0.011066
0.010599 0.010993
0.010603 0.009464
0.010605 0.011767
0.010607 0.010752
0.010607 0.011481
0.010612 0.016575
0.010614 0.016541
0.010615 0.021649
0.010611 0.020896
0.010615 0.022871
0.010616 0.025657
0.010619 0.009511
0.010640 0.023762
0.010661 0.010713
0.010700 0.010245
0.010737 0.009410
0.010780 0.018930
0.010832 0.013213
0.010828 0.010601
0.010873 0.011057
0.010873 0.009124
0.010871 0.009437
0.010866 0.010704
0.010894 0.010751
0.010902 0.007166
0.010901 0.007617
0.010901 0.010904
0.010895 0.010320
0.010890 0.012276
0.010890 0.012218
0.010889 0.010891
0.010876 0.010932
0.010865 0.012534
0.010865 0.012857
0.010863 0.010307
0.010868 0.010828
0.010873 0.012463
0.010873 0.013053
0.010873 0.010449
0.010879 0.011105
0.010885 0.012730
0.010883 0.013095
0.010883 0.010755
0.010889 0.011057
0.010896 0.012290
0.010894 0.013148
0.010895 0.011087
0.010901 0.011186
0.010909 0.011645
0.010908 0.013159
0.010909 0.011321
0.010913 0.011993
0.010921 0.011165
0.010922 0.011867
0.010922 0.010864
0.010925 0.011150
0.010932 0.011189
0.010934 0.012049
0.010937 0.011280
0.010938 0.011020
0.010941 0.008958
0.010941 0.011123
0.010941 0.010475
0.010942 0.009406
0.010946 0.010221
0.010947 0.008937
0.010947 0.011029
0.010941 0.009321
0.010941 0.009528
0.010940 0.009240
0.010935 0.009128
0.010932 0.009267
0.010926 0.009203
0.010926 0.008749
0.010921 0.009048
0.010916 0.009276
0.010911 0.009620
0.010905 0.011795
0.010900 0.013468
0.010894 0.012527
0.010887 0.015233
0.010881 0.014234
0.010876 0.013359
0.010872 0.015411
0.010875 0.011967
0.010883 0.015495
0.010889 0.015707
0.010903 0.012509
0.010913 0.015343
0.010921 0.009305
0.010936 0.009699
0.010939 0.013035
0.010954 0.009818
0.010969 0.011585
0.010974 0.011598
0.010988 0.009926
0.010982 0.009880
0.010978 0.011660
0.010985 0.009911
0.010981 0.011429
0.010983 0.012141
0.010985 0.010117
0.010981 0.009903
0.010978 0.011635
0.010980 0.010075
0.010977 0.011847
0.010978 0.011850
0.010982 0.009940
0.010979 0.010166
0.010976 0.012324
0.010978 0.012460
0.010975 0.010507
0.010978 0.009779
0.010980 0.011248
0.010977 0.010015
0.010975 0.010551
0.010979 0.009829
0.010983 0.014033
0.010982 0.011704
0.010978 0.013053
0.010979 0.010952
0.010976 0.011363
0.010975 0.015340
0.010971 0.014782
0.010981 0.011130
0.010983 0.011504
0.010989 0.016480
0.010989 0.015617
0.010990 0.010892
0.011004 0.012076
0.011015 0.015431
0.011016 0.015305
0.011017 0.011968
0.011034 0.012178
0.011048 0.014281
0.011047 0.015569
0.011050 0.011856
0.011064 0.011717
0.011077 0.013180
0.011079 0.011152
0.011083 0.010669
0.011092 0.017795
0.011106 0.015920
0.011108 0.017521
0.011110 0.016369
0.011116 0.016364
0.011116 0.017026
0.011115 0.018114
0.011135 0.016173
0.011150 0.016377
0.011169 0.016800
0.011184 0.016265
0.011200 0.017588
0.011217 0.018311
0.011238 0.016335
0.011253 0.016465
0.011268 0.017298
0.011284 0.017786
0.011299 0.015846
0.011318 0.015857
0.011339 0.012692
0.011353 0.016810
0.011369 0.015442
0.011386 0.014295
0.011405 0.011281
0.011418 0.010493
0.011431 0.014961
0.011435 0.012814
0.011451 0.011041
0.011463 0.013333
0.011471 0.013280
0.011471 0.011491
0.011468 0.014846
0.011478 0.014650
0.011482 0.014471
0.011481 0.013919
0.011486 0.013842
0.011491 0.012482
0.011491 0.013897
0.011501 0.011644
0.011510 0.015501
0.011519 0.013220
0.011526 0.013506
0.011533 0.010062
0.011535 0.012578
0.011542 0.010699
0.011542 0.013367
0.011554 0.011042
0.011559 0.011260
0.011564 0.010604
0.011560 0.009275
0.011563 0.009828
0.011560 0.010949
0.011566 0.010397
0.011564 0.011186
0.011563 0.010337
0.011561 0.010353
0.011554 0.011599
0.011549 0.012077
0.011547 0.011222
0.011544 0.011292
0.011543 0.010147
0.011540 0.010755
0.011536 0.010620
0.011536 0.012618
0.011538 0.010829
0.011537 0.010905
0.011536 0.011292
0.011532 0.009537
0.011530 0.010572
0.011528 0.010387
0.011531 0.010553
0.011529 0.010193
0.011527 0.009012
0.011526 0.010238
0.011521 0.010084
0.011518 0.010580
0.011515 0.010300
0.011512 0.009702
0.011508 0.010099
0.011501 0.011700
0.011498 0.011485
0.011494 0.010891
0.011491 0.010312
0.011488 0.010877
0.011483 0.012173
0.011479 0.009627
0.011480 0.009420
0.011480 0.011698
0.011478 0.011492
0.011475 0.008706
0.011473 0.008297
0.011475 0.012644
0.011470 0.010947
0.011464 0.008209
0.011465 0.007896
0.011465 0.012671
0.011457 0.009415
0.011448 0.007640
0.011452 0.007975
0.011450 0.012985
0.011441 0.009421
0.011431 0.007542
0.011435 0.007942
0.011429 0.012153
0.011419 0.009282
0.011409 0.006871
0.011414 0.007299
0.011408 0.005696
0.011398 0.003514
0.011388 0.007180
0.011390 0.003549
0.011384 0.005084
0.011372 0.005098
0.011361 0.006264
0.011345 0.004760
0.011324 0.004086
0.011312 0.006857
0.011291 0.007474
0.011274 0.008333
0.011257 0.009031
0.011244 0.010471
0.011226 0.010732
0.011207 0.012775
0.011195 0.013961
0.011185 0.013570
0.011177 0.013200
0.011171 0.012905
0.011169 0.012780
0.011168 0.013458
0.011172 0.011364
0.011180 0.012825
0.011186 0.012839
0.011192 0.011344
0.011196 0.012632
0.011201 0.014287
0.011207 0.011397
0.011207 0.011137
0.011212 0.011628
0.011216 0.010971
0.011216 0.012592
0.011220 0.011312
0.011228 0.013061
0.011229 0.011516
0.011229 0.012281
0.011230 0.013147
0.011229 0.010258
0.011233 0.010756
0.011233 0.011762
0.011238 0.010640
0.011238 0.020838
0.011241 0.015727
0.011246 0.012675
0.011244 0.013056
0.011242 0.018006
0.011244 0.013408
0.011242 0.013239
0.011268 0.021785
0.011280 0.015902
0.011283 0.013571
0.011288 0.012450
0.011306 0.020042
0.011311 0.015265
0.011317 0.012970
0.011344 0.012964
0.011356 0.019443
0.011362 0.015730
0.011365 0.012847
0.011388 0.013206
0.011398 0.019845
0.011402 0.015427
0.011407 0.013092
0.011428 0.012935
0.011439 0.019248
0.011443 0.015257
0.011447 0.013321
0.011469 0.012822
0.011480 0.016652
0.011484 0.015088
0.011488 0.012608
0.011508 0.013137
0.011518 0.018996
0.011523 0.012124
0.011526 0.011972
0.011540 0.009355
0.011549 0.009364
0.011552 0.009105
0.011556 0.014502
0.011575 0.008457
0.011577 0.014485
0.011578 0.008168
0.011572 0.015546
0.011566 0.007895
0.011560 0.013846
0.011567 0.008046
0.011559 0.017350
0.011567 0.011567
0.011558 0.009438
0.011568 0.009288
0.011559 0.015587
0.011565 0.008202
0.011556 0.014617
0.011571 0.008020
0.011571 0.014212
0.011565 0.009270
0.011559 0.015526
0.011570 0.009069
0.011561 0.016037
0.011569 0.010875
0.011560 0.009604
0.011567 0.009472
0.011561 0.012335
0.011571 0.011601
0.011564 0.009463
0.011576 0.009712
0.011574 0.009640
0.011569 0.009714
0.011564 0.009291
0.011566 0.008682
0.011566 0.011835
0.011560 0.010424
0.011556 0.010925
0.011551 0.012330
0.011546 0.012208
0.011540 0.010090
0.011533 0.010104
0.011534 0.012330
0.011531 0.011629
0.011529 0.009541
0.011531 0.009221
0.011533 0.012204
0.011529 0.009265
0.011526 0.011882
0.011528 0.011850
0.011528 0.009789
0.011523 0.010487
0.011517 0.012241
0.011519 0.012628
0.011513 0.010229
0.011514 0.009614
0.011515 0.009889
0.011511 0.012286
0.011508 0.008486
0.011510 0.011242
0.011513 0.011607
0.011510 0.013312
0.011505 0.011470
0.011501 0.011503
0.011503 0.011988
0.011495 0.010516
0.011494 0.010399
0.011495 0.011621
0.011499 0.012226
0.011499 0.012270
0.011499 0.010498
0.011500 0.011181
0.011498 0.013236
0.011495 0.012302
0.011495 0.010267
0.011497 0.010032
0.011499 0.012108
0.011497 0.012709
0.011496 0.011462
0.011500 0.011068
0.011502 0.012225
0.011499 0.014608
0.011496 0.011337
0.011497 0.011864
0.011500 0.013033
0.011500 0.011440
0.011499 0.011957
0.011501 0.010007
0.011509 0.012724
0.011508 0.012601
0.011509 0.010585
0.011513 0.010825
0.011513 0.010829
0.011514 0.011947
0.011510 0.011434
0.011513 0.010854
0.011516 0.012374
0.011513 0.012658
0.011512 0.012320
0.011510 0.013763
0.011511 0.012087
0.011511 0.014165
0.011509 0.011996
0.011511 0.012197
0.011514 0.011081
0.011516 0.013323
0.011522 0.011530
0.011523 0.012405
0.011530 0.011050
0.011531 0.011291
0.011532 0.010531
0.011531 0.012574
0.011536 0.011207
0.011536 0.010855
0.011538 0.011048
0.011537 0.011814
0.011536 0.010074
0.011534 0.013684
0.011536 0.011615
0.011535 0.012224
0.011534 0.010268
0.011532 0.013041
0.011533 0.010158
0.011530 0.011454
0.011535 0.012707
0.011535 0.012605
0.011537 0.010414
0.011534 0.010464
0.011537 0.011935
0.011534 0.010763
0.011534 0.011760
0.011537 0.012363
0.011539 0.011092
0.011536 0.012318
0.011534 0.012652
0.011535 0.012765
0.011533 0.011855
0.011534 0.011473
0.011536 0.012827
0.011534 0.013209
0.011536 0.010334
0.011539 0.011362
0.011542 0.012168
0.011543 0.012604
0.011543 0.011285
0.011546 0.019709
0.011550 0.011088
0.011547 0.009204
0.011546 0.012001
0.011548 0.009447
0.011550 0.012107
0.011550 0.009678
0.011570 0.012216
0.011568 0.009179
0.011563 0.012808
0.011564 0.009830
0.011559 0.013037
0.011560 0.009118
0.011555 0.012246
0.011557 0.009418
0.011551 0.012077
0.011554 0.009615
0.011550 0.013583
0.011554 0.011274
0.011548 0.009803
0.011550 0.009831
0.011544 0.013281
0.011546 0.011595
0.011541 0.010207
0.011546 0.010334
0.011545 0.009192
0.011541 0.010089
0.011537 0.013915
0.011541 0.011656
0.011541 0.010910
0.011538 0.009643
0.011535 0.010101
0.011530 0.012512
0.011526 0.011003
0.011532 0.009796
0.011532 0.009282
0.011531 0.011875
0.011526 0.010432
0.011523 0.008697
0.011525 0.008807
0.011524 0.012246
0.011520 0.010968
0.011514 0.008686
0.011515 0.009353
0.011513 0.009921
0.011506 0.010838
0.011500 0.009315
0.011501 0.009022
0.011500 0.013101
0.011493 0.010220
0.011488 0.009027
0.011485 0.007522
0.011483 0.007729
0.011478 0.011852
0.011472 0.009492
0.011476 0.007580
0.011473 0.007728
0.011467 0.011329
0.011458 0.009811
0.011449 0.007544
0.011450 0.007577
0.011445 0.012043
0.011436 0.010305
0.011427 0.007892
0.011427 0.008799
0.011423 0.010644
0.011414 0.009398
0.011405 0.007838
0.011407 0.008147
0.011404 0.010559
0.011396 0.010215
0.011390 0.007674
0.011388 0.008160
0.011383 0.010351
0.011375 0.008056
0.011367 0.007640
0.011365 0.010962
0.011362 0.012452
0.011354 0.011727
0.011346 0.012342
0.011344 0.013124
0.011336 0.013931
0.011328 0.011626
0.011327 0.011650
0.011329 0.014129
0.011330 0.014587
0.011333 0.011919
0.011337 0.011767
0.011343 0.013879
0.011344 0.015850
0.011344 0.013406
0.011351 0.013743
0.011358 0.012141
0.011360 0.011339
0.011361 0.010538
0.011367 0.009339
0.011377 0.006759
0.011382 0.008650
0.011387 0.011739
0.011389 0.011149
0.011389 0.009592
0.011387 0.009282
0.011382 0.011127
0.011371 0.012587
0.011365 0.009904
0.011366 0.011069
0.011365 0.009780
0.011361 0.012155
0.011356 0.010584
0.011356 0.011081
0.011359 0.008726
0.011355 0.010760
0.011355 0.011199
0.011351 0.008879
0.011353 0.010733
0.011351 0.009386
0.011351 0.011117
0.011344 0.011886
0.011343 0.010973
0.011343 0.011956
0.011337 0.011194
0.011336 0.011165
0.011331 0.011336
0.011331 0.010720
0.011332 0.011436
0.011331 0.012873
0.011332 0.011036
0.011332 0.011272
0.011332 0.008766
0.011332 0.008539
0.011330 0.010730
0.011331 0.008875
0.011334 0.008568
0.011333 0.008707
0.011333 0.008844
0.011327 0.011093
0.011321 0.009404
0.011320 0.009104
0.011314 0.010569
0.011308 0.008901
0.011302 0.010190
0.011296 0.008399
0.011295 0.007654
0.011291 0.008253
0.011286 0.007936
0.011284 0.008003
0.011279 0.008517
0.011276 0.007489
0.011270 0.007843
0.011262 0.004494
0.011255 0.003555
0.011247 0.003738
0.011240 0.003567
0.011233 0.005161
0.011225 0.005080
0.011217 0.005145
0.011201 0.004317
0.011184 0.007368
0.011167 0.007031
0.011149 0.008811
0.011136 0.008308
0.011122 0.010658
0.011108 0.010170
0.011093 0.012247
0.011084 0.013904
0.011075 0.011165
0.011070 0.010563
0.011063 0.012599
0.011062 0.010152
0.011060 0.008338
0.011063 0.009434
0.011069 0.013271
0.011070 0.011276
0.011069 0.009295
0.011072 0.009470
0.011070 0.013015
0.011064 0.011168
0.011060 0.009494
0.011065 0.009336
0.011066 0.011319
0.011061 0.008652
0.011058 0.010262
0.011062 0.010906
0.011063 0.009011
0.011059 0.009485
0.011055 0.011943
0.011056 0.011218
0.011050 0.009881
0.011048 0.008000
0.011048 0.007990
0.011043 0.012191
0.011040 0.010561
0.011042 0.007937
0.011042 0.007943
0.011040 0.012394
0.011033 0.010172
0.011026 0.007888
0.011029 0.008316
0.011027 0.012605
0.011020 0.010322
0.011013 0.008491
0.011017 0.008314
0.011015 0.013205
0.011008 0.010038
0.011002 0.008233
0.011005 0.007887
0.011004 0.011873
0.010998 0.009424
0.010992 0.007454
0.010997 0.008498
0.010995 0.012566
0.010988 0.010395
0.010981 0.008299
0.010983 0.008104
0.010980 0.011536
0.010972 0.007838
0.010966 0.011916
0.010970 0.010120
0.010969 0.007973
0.010963 0.007909
0.010956 0.007497
0.010958 0.009574
0.010951 0.007906
0.010953 0.007062
0.010951 0.007583
0.010944 0.008013
0.010937 0.010457
0.010930 0.012124
0.010926 0.009961
0.010920 0.010733
0.010911 0.012694
0.010904 0.010867
0.010897 0.012684
0.010896 0.012501
0.010899 0.011971
0.010897 0.011281
0.010896 0.011409
0.010900 0.010539
0.010900 0.011407
0.010904 0.010910
0.010908 0.007610
0.010910 0.011509
0.010911 0.010642
0.010912 0.009088
0.010911 0.007673
0.010912 0.008027
0.010912 0.010023
0.010905 0.008287
0.010906 0.011328
0.010906 0.011478
0.010902 0.009211
0.010895 0.009987
0.010888 0.012030
0.010886 0.011694
0.010880 0.009704
0.010881 0.009699
0.010883 0.011601
0.010879 0.010962
0.010877 0.009979
0.010880 0.009173
0.010881 0.011068
0.010879 0.009767
0.010876 0.007486
0.010878 0.008828
0.010878 0.007456
0.010876 0.010708
0.010872 0.011954
0.010873 0.011456
0.010870 0.010818
0.010863 0.010456
0.010858 0.012548
0.010850 0.011915
0.010850 0.010097
0.010853 0.011092
0.010854 0.011506
0.010854 0.010763
0.010853 0.010510
0.010857 0.011358
0.010859 0.010825
0.010857 0.010820
0.010858 0.009818
0.010859 0.011860
0.010859 0.009971
0.010858 0.009811
0.010859 0.010169
0.010859 0.009620
0.010859 0.009446
0.010857 0.008874
0.010859 0.011125
0.010857 0.011565
0.010855 0.010157
0.010853 0.010483
0.010851 0.010489
0.010848 0.009960
0.010843 0.009706
0.010844 0.010065
0.010845 0.009982
0.010844 0.009837
0.010843 0.008849
0.010842 0.011841
0.010840 0.010784
0.010838 0.011731
0.010836 0.008856
0.010834 0.007908
0.010832 0.011364
0.010828 0.008000
0.010830 0.011128
0.010830 0.008102
0.010832 0.011392
0.010827 0.008661
0.010821 0.009425
0.010822 0.009473
0.010816 0.008932
0.010817 0.011509
0.010811 0.010592
0.010812 0.010181
0.010807 0.010874
0.010804 0.009557
0.010801 0.010354
0.010797 0.009262
0.010799 0.008965
0.010798 0.009166
0.010797 0.009682
0.010797 0.007998
0.010794 0.009971
0.010793 0.009124
0.010790 0.010115
0.010786 0.010343
0.010782 0.009384
0.010780 0.009266
0.010774 0.010022
0.010772 0.010339
0.010768 0.008951
0.010767 0.008905
0.010766 0.015265
0.010763 0.013614
0.010760 0.012529
0.010758 0.011060
0.010757 0.010577
0.010753 0.011562
0.010749 0.009540
0.010759 0.013488
0.010765 0.011848
0.010769 0.010212
0.010770 0.009942
0.010769 0.012413
0.010771 0.012587
0.010768 0.009986
0.010774 0.010307
0.010777 0.013656
0.010776 0.012707
0.010774 0.010112
0.010777 0.010164
0.010781 0.013337
0.010780 0.011949
0.010778 0.009819
0.010785 0.009875
0.010789 0.011393
0.010787 0.010358
0.010786 0.012793
0.010792 0.011653
0.010794 0.010260
0.010792 0.010490
0.010790 0.009070
0.010791 0.011745
0.010790 0.010384
0.010795 0.010060
0.010797 0.010281
0.010796 0.011362
0.010795 0.010267
0.010791 0.010713
0.010793 0.011095
0.010792 0.011709
0.010791 0.010602
0.010790 0.010156
0.010791 0.010402
0.010790 0.009945
0.010790 0.011536
0.010790 0.011510
0.010792 0.009694
0.010792 0.010358
0.010790 0.011627
0.010790 0.011354
0.010788 0.010702
0.010789 0.009617
0.010791 0.011935
0.010789 0.012022
0.010788 0.010094
0.010789 0.010175
0.010791 0.010668
0.010790 0.010185
0.010788 0.011213
0.010790 0.011165
0.010793 0.010572
0.010792 0.009164
0.010790 0.010712
0.010790 0.011620
0.010789 0.009188
0.010790 0.010372
0.010790 0.023267
0.010790 0.010783
0.010786 0.007880
0.010786 0.008857
0.010788 0.009025
0.010785 0.012627
0.010784 0.009174
0.010811 0.008862
0.010811 0.008493
0.010804 0.011735
0.010800 0.009303
0.010796 0.009056
0.010800 0.008471
0.010797 0.011462
0.010792 0.008850
0.010788 0.009103
0.010790 0.007314
0.010786 0.009034
0.010783 0.008940
0.010778 0.008398
0.010779 0.008626
0.010775 0.007025
0.010771 0.009571
0.010764 0.008592
0.010760 0.008799
0.010756 0.011514
0.010751 0.010915
0.010746 0.010447
0.010738 0.009516
0.010736 0.009855
0.010731 0.011473
0.010727 0.011456
0.010729 0.010100
0.010729 0.010008
0.010729 0.011937
0.010726 0.011384
0.010724 0.009796
0.010726 0.009738
0.010727 0.012326
0.010726 0.011237
0.010724 0.009754
0.010727 0.009047
0.010728 0.012432
0.010726 0.011669
0.010724 0.009599
0.010728 0.009813
0.010729 0.010855
0.010727 0.008974
0.010723 0.010369
0.010727 0.009231
0.010729 0.010461
0.010726 0.009602
0.010724 0.009116
0.010725 0.009406
0.010721 0.016754
0.010720 0.011490
0.010717 0.010694
0.010716 0.014905
0.010714 0.014365
0.010711 0.010658
0.010708 0.011587
0.010721 0.013519
0.010722 0.011053
0.010722 0.013605
0.010731 0.009696
0.010739 0.011981
0.010739 0.010164
0.010741 0.013163
0.010747 0.010264
0.010747 0.011755
0.010754 0.012231
0.010751 0.010430
0.010754 0.012585
0.010753 0.011742
0.010758 0.011947
0.010757 0.010564
0.010759 0.010746
0.010762 0.011383
0.010761 0.010756
0.010765 0.011769
0.010767 0.012394
0.010770 0.011100
0.010769 0.011190
0.010769 0.012187
0.010771 0.012546
0.010771 0.010748
0.010773 0.010856
0.010776 0.011631
0.010777 0.010830
0.010778 0.011490
0.010781 0.012196
0.010785 0.010508
0.010785 0.010821
0.010785 0.009547
0.010787 0.011525
0.010787 0.010364
0.010788 0.010576
0.010791 0.010997
0.010791 0.011271
0.010791 0.011058
0.010788 0.011283
0.010790 0.012904
0.010789 0.011313
0.010788 0.010754
0.010789 0.011038
0.010790 0.011055
0.010790 0.011151
0.010791 0.011565
0.010796 0.010854
0.010797 0.011477
0.010797 0.013786
0.010797 0.013128
0.010798 0.013436
0.010799 0.013623
0.010800 0.013835
0.010800 0.012329
0.010802 0.012155
0.010808 0.013474
0.010813 0.013786
0.010819 0.011921
0.010825 0.011819
0.010831 0.011607
0.010834 0.011950
0.010837 0.011786
0.010843 0.012482
0.010849 0.013953
0.010851 0.012676
0.010853 0.012311
0.010855 0.012716
0.010857 0.012121
0.010859 0.012655
0.010863 0.013378
0.010869 0.011723
0.010873 0.011779
0.010876 0.012720
0.010880 0.013605
0.010883 0.011266
0.010887 0.011762
0.010892 0.012519
0.010894 0.013866
0.010895 0.011866
0.010899 0.011924
0.010905 0.012583
0.010906 0.012028
0.010908 0.013063
0.010911 0.013923
0.010917 0.011962
0.010919 0.011547
0.010922 0.012986
0.010925 0.012011
0.010927 0.012635
0.010932 0.013272
0.010938 0.011722
0.010940 0.012319
0.010942 0.013332
0.010946 0.013797
0.010948 0.012288
0.010952 0.011761
0.010957 0.013374
0.010959 0.013377
0.010961 0.011348
0.010966 0.011142
0.010972 0.011186
0.010975 0.026774
0.010977 0.016776
0.010982 0.013024
0.010987 0.011327
0.010988 0.010926
0.010988 0.017562
0.010989 0.013967
0.011022 0.011298
0.011034 0.011023
0.011038 0.017175
0.011039 0.013397
0.011039 0.011013
0.011053 0.011022
0.011059 0.017735
0.011059 0.013167
0.011059 0.010826
0.011072 0.011082
0.011077 0.015952
0.011077 0.013243
0.011077 0.010762
0.011091 0.011504
0.011095 0.015410
0.011095 0.013851
0.011095 0.011360
0.011105 0.010971
0.011109 0.011988
0.011109 0.013660
0.011110 0.010936
0.011119 0.012425
0.011124 0.013284
0.011125 0.013176
0.011125 0.012281
0.011126 0.011679
0.011132 0.013568
0.011131 0.013406
0.011134 0.011392
0.011139 0.011278
0.011143 0.013187
0.011145 0.010995
0.011146 0.014486
0.011152 0.012744
0.011156 0.010895
0.011157 0.010794
0.011157 0.014371
0.011161 0.012064
0.011161 0.010991
0.011168 0.009969
0.011171 0.013713
0.011171 0.012142
0.011170 0.010635
0.011177 0.010264
0.011179 0.014739
0.011178 0.012058
0.011176 0.011261
0.011181 0.010433
0.011183 0.014943
0.011182 0.011850
0.011180 0.010312
0.011187 0.010304
0.011189 0.014376
0.011189 0.011840
0.011188 0.010230
0.011196 0.010530
0.011197 0.014606
0.011195 0.012365
0.011193 0.010173
0.011200 0.010651
0.011201 0.014103
0.011199 0.011672
0.011198 0.010324
0.011205 0.010318
0.011208 0.012695
0.011205 0.009809
0.011204 0.013761
0.011210 0.012276
0.011211 0.009990
0.011209 0.009879
0.011208 0.007680
0.011211 0.010313
0.011208 0.009958
0.011213 0.008244
0.011215 0.008069
0.011213 0.007916
0.011210 0.007531
0.011203 0.008394
0.011201 0.010152
0.011198 0.010424
0.011192 0.011151
0.011185 0.010687
0.011178 0.011119
0.011171 0.011696
0.011165 0.009763
0.011163 0.012288
0.011161 0.011600
0.011161 0.010646
0.011160 0.010445
0.011160 0.010653
0.011161 0.011104
0.011158 0.010867
0.011161 0.011366
0.011162 0.011371
0.011161 0.007531
0.011159 0.009846
0.011158 0.007700
0.011158 0.007873
0.011157 0.012600
0.011158 0.013345
0.011158 0.013656
0.011151 0.011261
0.011148 0.013725
0.011141 0.014871
0.011134 0.012673
0.011137 0.013819
0.011141 0.013327
0.011147 0.012365
0.011147 0.012437
0.011152 0.012062
0.011160 0.007625
0.011163 0.010916
0.011169 0.012168
0.011173 0.008027
0.011176 0.008982
0.011179 0.009721
0.011180 0.009344
0.011173 0.010427
0.011172 0.011018
0.011174 0.010167
0.011168 0.010604
0.011163 0.010916
0.011160 0.009224
0.011157 0.011485
0.011155 0.011720
0.011155 0.009117
0.011153 0.010694
0.011151 0.008971
0.011151 0.010334
0.011147 0.010888
0.011148 0.010195
0.011149 0.010273
0.011145 0.011366
0.011144 0.009689
0.011139 0.009929
0.011137 0.009096
0.011137 0.010351
0.011135 0.009609
0.011133 0.011065
0.011134 0.009205
0.011131 0.011571
0.011128 0.011340
0.011124 0.009887
0.011122 0.009109
0.011119 0.010946
0.011119 0.010836
0.011115 0.009153
0.011116 0.009345
0.011116 0.011610
0.011114 0.011404
0.011110 0.010545
0.011109 0.010879
0.011109 0.013857
0.011105 0.011168
0.011101 0.012111
0.011102 0.014545
0.011103 0.013363
0.011102 0.010859
0.011101 0.010731
0.011107 0.012330
0.011107 0.013081
0.011109 0.011434
0.011116 0.015428
0.011121 0.010809
0.011120 0.009652
0.011120 0.012326
0.011122 0.010994
0.011126 0.009283
0.011127 0.009839
0.011136 0.011860
0.011135 0.011387
0.011132 0.009530
0.011134 0.009736
0.011134 0.009005
0.011130 0.009618
0.011128 0.009828
0.011129 0.007987
0.011130 0.010907
0.011126 0.011183
0.011123 0.009618
0.011119 0.011093
0.011116 0.009772
0.011113 0.011031
0.011107 0.009519
0.011106 0.010769
0.011106 0.008973
0.011103 0.008573
0.011103 0.011298
0.011101 0.012138
0.011100 0.012747
0.011097 0.010341
0.011096 0.010885
0.011092 0.012760
0.011087 0.012853
0.011087 0.010894
0.011089 0.010521
0.011093 0.009639
0.011091 0.012036
0.011091 0.010356
0.011094 0.008948
0.011098 0.011810
0.011098 0.010941
0.011096 0.008883
0.011093 0.009077
0.011095 0.012437
0.011094 0.010726
0.011089 0.008163
0.011091 0.008526
0.011091 0.008758
0.011086 0.009195
0.011082 0.008607
0.011085 0.007731
0.011084 0.010956
0.011078 0.008704
0.011073 0.009313
0.011068 0.012026
0.011064 0.009739
0.011059 0.007986
0.011052 0.007835
0.011052 0.011399
0.011047 0.009916
0.011043 0.007712
0.011045 0.007677
0.011042 0.011550
0.011036 0.009992
0.011030 0.007973
0.011030 0.007294
0.011028 0.011109
0.011021 0.009266
0.011014 0.007510
0.011015 0.007647
0.011013 0.010867
0.011007 0.009362
0.010999 0.007507
0.010999 0.007674
0.010996 0.009006
0.010989 0.009211
0.010982 0.007331
0.010981 0.007751
0.010978 0.016379
0.010971 0.011551
0.010964 0.010787
0.010960 0.009115
0.010956 0.008719
0.010949 0.012249
0.010942 0.010719
0.010953 0.008289
0.010955 0.008328
0.010954 0.012676
0.010951 0.010952
0.010946 0.008622
0.010949 0.008772
0.010948 0.012400
0.010943 0.010520
0.010937 0.008446
0.010941 0.008238
0.010941 0.012006
0.010936 0.010381
0.010932 0.008066
0.010935 0.008275
0.010934 0.012064
0.010929 0.010594
0.010923 0.008160
0.010925 0.008618
0.010924 0.011945
0.010918 0.010487
0.010913 0.008384
0.010915 0.008439
0.010915 0.011495
0.010909 0.011038
0.010904 0.008545
0.010906 0.008751
0.010905 0.009281
0.010900 0.010374
0.010895 0.008754
0.010896 0.005046
0.010897 0.003599
0.010892 0.003505
0.010887 0.003505
0.010884 0.004536
0.010883 0.006064
0.010879 0.005326
0.010867 0.006904
0.010851 0.009019
0.010836 0.009887
0.010821 0.007609
0.010808 0.012648
0.010798 0.009978
0.010787 0.013001
0.010779 0.010108
0.010775 0.008694
0.010774 0.009129
0.010767 0.013067
0.010771 0.010539
0.010769 0.009490
0.010774 0.008725
0.010773 0.012885
0.010768 0.010199
0.010765 0.007980
0.010770 0.007832
0.010769 0.011411
0.010767 0.007706
0.010762 0.012394
0.010767 0.010750
0.010766 0.008556
0.010760 0.008863
0.010754 0.012231
0.010755 0.010471
0.010749 0.008980
0.010752 0.009056
0.010752 0.010097
0.010748 0.010250
0.010744 0.008286
0.010747 0.009698
0.010746 0.006784
0.010743 0.007915
0.010739 0.011788
0.010738 0.010133
0.010737 0.008611
0.010732 0.008867
0.010730 0.011682
0.010722 0.009942
0.010716 0.008027
0.010718 0.008559
0.010717 0.012455
0.010712 0.010002
0.010709 0.008423
0.010711 0.008426
0.010709 0.012135
0.010704 0.010107
0.010699 0.008336
0.010703 0.008090
0.010701 0.011493
0.010697 0.009853
0.010692 0.007875
0.010695 0.008295
0.010694 0.012591
0.010689 0.010752
0.010683 0.008705
0.010685 0.008971
0.010683 0.013023
0.010678 0.010978
0.010673 0.009168
0.010677 0.009533
0.010677 0.011830
0.010673 0.010031
0.010669 0.008220
0.010674 0.008951
0.010675 0.011499
0.010672 0.009263
0.010669 0.012531
0.010672 0.010891
0.010670 0.009028
0.010665 0.008705
0.010662 0.012587
0.010664 0.009884
0.010661 0.008037
0.010665 0.007647
0.010665 0.011959
0.010662 0.010371
0.010658 0.008043
0.010662 0.007963
0.010660 0.012277
0.010655 0.010881
0.010648 0.008322
0.010651 0.009145
0.010650 0.012047
0.010645 0.010607
0.010640 0.008775
0.010643 0.008733
0.010643 0.013026
0.010639 0.010978
0.010636 0.008633
0.010639 0.009004
0.010638 0.010831
0.010635 0.009043
0.010631 0.008858
0.010636 0.007758
0.010636 0.011812
0.010632 0.010209
0.010629 0.007913
0.010629 0.008385
0.010626 0.006119
0.010622 0.008276
0.010617 0.008175
0.010619 0.007148
0.010618 0.007864
0.010613 0.007923
0.010608 0.007401
0.010599 0.007404
0.010594 0.006755
0.010589 0.006238
0.010582 0.006075
0.010576 0.006860
0.010571 0.006761
0.010565 0.005552
0.010558 0.006473
0.010550 0.005834
0.010541 0.005827
0.010532 0.005956
0.010525 0.005944
0.010517 0.005840
0.010507 0.006448
0.010499 0.005861
0.010489 0.005911
0.010479 0.005903
0.010470 0.005873
0.010461 0.005801
0.010451 0.006128
0.010443 0.005737
0.010434 0.005085
0.010424 0.005419
0.010415 0.006024
0.010406 0.006319
0.010396 0.005853
0.010388 0.005889
0.010378 0.005309
0.010367 0.012694
0.010357 0.013551
0.010348 0.011309
0.010340 0.010773
0.010331 0.012077
0.010322 0.013360
0.010312 0.012524
0.010316 0.014314
0.010323 0.010282
0.010325 0.013052
0.010326 0.012243
0.010330 0.012784
0.010336 0.012599
0.010340 0.012994
0.010348 0.013031
0.010348 0.013265
0.010354 0.012834
0.010358 0.013318
0.010363 0.012930
0.010367 0.013519
0.010373 0.013504
0.010378 0.013418
0.010384 0.013280
0.010389 0.013303
0.010395 0.013535
0.010400 0.013430
0.010407 0.013431
0.010413 0.013435
0.010419 0.013396
0.010425 0.013148
0.010431 0.012760
0.010437 0.005868
0.010443 0.012015
0.010449 0.010723
0.010455 0.005905
0.010461 0.004089
0.010467 0.004589
0.010472 0.003746
0.010462 0.005713
0.010465 0.006974
0.010466 0.007482
0.010457 0.009380
0.010444 0.009863
0.010432 0.012621
0.010418 0.013214
0.010408 0.010203
0.010401 0.013011
0.010395 0.012182
0.010393 0.010280
0.010392 0.010135
0.010397 0.013393
0.010402 0.011839
0.010402 0.009878
0.010407 0.009562
0.010411 0.013437
0.010411 0.011907
0.010410 0.009283
0.010416 0.009675
0.010419 0.012971
0.010418 0.012055
0.010416 0.009632
0.010423 0.010230
0.010426 0.009830
0.010423 0.010760
0.010422 0.009751
0.010427 0.008679
0.010430 0.011934
0.010429 0.013396
0.010428 0.011294
0.010427 0.012021
0.010428 0.012680
0.010426 0.014908
0.010423 0.012888
0.010426 0.011829
0.010432 0.014394
0.010434 0.014839
0.010437 0.011532
0.010441 0.012181
0.010451 0.014666
0.010456 0.013672
0.010458 0.012193
0.010466 0.014779
0.010475 0.012246
0.010477 0.013180
0.010481 0.015310
0.010489 0.013242
0.010496 0.011350
0.010499 0.010636
0.010508 0.014285
0.010512 0.012958
0.010517 0.009866
0.010527 0.010011
0.010532 0.011527
0.010534 0.010282
0.010534 0.017540
0.010542 0.011997
0.010547 0.010871
0.010546 0.009021
0.010544 0.008904
0.010546 0.013460
0.010546 0.011709
0.010560 0.008755
0.010563 0.009230
0.010564 0.012616
0.010561 0.011186
0.010557 0.008999
0.010563 0.008987
0.010565 0.012544
0.010562 0.010698
0.010559 0.009010
0.010563 0.008975
0.010565 0.010585
0.010561 0.009175
0.010558 0.004938
0.010562 0.003575
0.010562 0.008991
0.010559 0.009209
0.010556 0.004525
0.010556 0.005928
0.010553 0.003462
0.010542 0.008150
0.010528 0.010196
0.010525 0.011332
0.010522 0.016713
0.010510 0.009278
0.010500 0.008824
0.010486 0.015003
0.010481 0.008639
0.010481 0.007707
0.010482 0.006956
0.010495 0.012192
0.010493 0.008163
0.010489 0.006410
0.010498 0.006918
0.010495 0.012727
0.010489 0.009232
0.010482 0.006507
0.010485 0.006692
0.010480 0.011703
0.010472 0.009454
0.010465 0.006797
0.010470 0.006616
0.010467 0.011302
0.010459 0.008409
0.010451 0.006615
0.010454 0.006945
0.010452 0.010901
0.010444 0.012069
0.010437 0.009970
0.010438 0.010498
0.010434 0.011035
0.010426 0.010341
0.010419 0.010655
0.010420 0.009602
0.010424 0.011102
0.010423 0.011236
0.010423 0.009693
0.010424 0.010262
0.010424 0.011724
0.010424 0.012180
0.010423 0.010298
0.010424 0.010914
0.010426 0.011629
0.010424 0.011582
0.010424 0.010167
0.010427 0.010015
0.010430 0.012242
0.010430 0.012238
0.010431 0.010025
0.010433 0.010757
0.010436 0.010490
0.010435 0.005120
0.010434 0.003680
0.010438 0.003454
0.010442 0.003599
0.010441 0.004513
0.010441 0.005501
0.010441 0.004690
0.010431 0.004102
0.010417 0.005711
0.010403 0.006637
0.010389 0.006951
0.010377 0.007979
0.010367 0.008447
0.010356 0.011203
0.010343 0.010790
0.010333 0.008300
0.010326 0.008112
0.010319 0.012301
0.010314 0.010042
0.010310 0.008390
0.010312 0.008431
0.010313 0.012239
0.010309 0.010215
0.010305 0.008153
0.010309 0.007798
0.010308 0.010574
0.010304 0.009344
0.010301 0.008088
0.010304 0.010393
0.010304 0.012120
0.010300 0.011529
0.010295 0.011925
0.010295 0.013119
0.010293 0.013149
0.010289 0.011522
0.010289 0.011510
0.010293 0.010181
0.010295 0.009837
0.010299 0.010747
0.010304 0.012530
0.010310 0.009661
0.010313 0.009391
0.010315 0.011315
0.010315 0.013252
0.010314 0.010166
0.010315 0.010049
0.010319 0.013089
0.010318 0.011775
0.010316 0.010665
0.010318 0.009615
0.010324 0.012305
0.010324 0.010467
0.010323 0.009139
0.010329 0.008944
0.010332 0.012153
0.010332 0.010390
0.010331 0.008489
0.010335 0.008277
0.010335 0.010480
0.010333 0.009112
0.010330 0.009247
0.010334 0.009383
0.010334 0.006935
0.010330 0.011309
0.010326 0.009010
0.010326 0.008721
0.010324 0.008651
0.010322 0.007861
0.010320 0.012180
0.010313 0.009794
0.010315 0.008896
0.010312 0.008504
0.010309 0.010915
0.010306 0.014753
0.010301 0.010884
0.010304 0.009352
0.010303 0.009157
0.010300 0.009227
0.010297 0.009204
0.010298 0.008297
0.010307 0.009254
0.010308 0.008646
0.010306 0.007329
0.010304 0.009008
0.010302 0.009846
0.010300 0.009418
0.010296 0.009741
0.010293 0.010055
0.010290 0.010876
0.010284 0.009816
0.010282 0.011179
0.010281 0.009006
0.010279 0.010041
0.010278 0.011447
0.010277 0.009491
0.010279 0.011527
0.010278 0.009364
0.010279 0.010959
0.010277 0.009185
0.010276 0.011173
0.010279 0.010003
0.010277 0.010592
0.010280 0.009344
0.010278 0.027495
0.010279 0.011155
0.010277 0.015169
0.010279 0.012026
0.010278 0.012126
0.010279 0.017625
0.010277 0.012323
0.010312 0.019701
0.010314 0.015967
0.010323 0.012195
0.010327 0.012818
0.010331 0.018549
0.010345 0.012567
0.010349 0.010137
0.010368 0.014944
0.010380 0.013954
0.010383 0.013416
0.010388 0.010132
0.010405 0.011754
0.010409 0.010143
0.010409 0.011393
0.010418 0.012162
0.010425 0.010578
0.010431 0.012503
0.010430 0.012894
0.010433 0.010567
0.010433 0.010700
0.010434 0.012726
0.010438 0.013020
0.010438 0.010839
0.010442 0.010577
0.010447 0.012617
0.010448 0.012168
0.010448 0.010240
0.010453 0.010991
0.010458 0.011871
0.010459 0.010637
0.010459 0.012539
0.010463 0.012216
0.010467 0.010326
0.010466 0.010698
0.010467 0.013074
0.010470 0.012405
0.010471 0.011226
0.010475 0.011218
0.010478 0.010580
0.010478 0.016266
0.010478 0.011569
0.010484 0.010336
0.010488 0.009753
0.010489 0.009848
0.010491 0.013265
0.010491 0.011390
0.010502 0.009750
0.010505 0.009717
0.010504 0.012237
0.010503 0.009105
0.010501 0.012861
0.010507 0.011210
0.010509 0.009609
0.010507 0.009318
0.010506 0.012900
0.010509 0.010981
0.010506 0.009451
0.010511 0.009307
0.010513 0.010955
0.010511 0.010343
0.010508 0.008948
0.010513 0.008719
0.010514 0.007639
0.010512 0.007971
0.010509 0.008250
0.010510 0.008724
0.010510 0.008433
0.010507 0.009234
0.010503 0.008876
0.010497 0.009216
0.010492 0.008562
0.010488 0.009011
0.010484 0.009687
0.010480 0.009514
0.010478 0.010155
0.010474 0.009900
0.010472 0.009721
0.010468 0.010085
0.010465 0.009820
0.010463 0.010847
0.010461 0.011088
0.010461 0.009509
0.010460 0.009238
0.010458 0.011121
0.010457 0.011027
0.010456 0.009510
0.010457 0.009945
0.010458 0.010502
0.010456 0.011029
0.010454 0.009509
0.010455 0.009592
0.010456 0.010414
0.010454 0.011019
0.010453 0.009741
0.010454 0.009777
0.010455 0.014653
0.010453 0.010664
0.010451 0.010032
0.010451 0.009021
0.010452 0.009015
0.010451 0.012154
0.010449 0.010660
0.010458 0.009052
0.010458 0.009167
0.010457 0.012345
0.010454 0.010871
0.010452 0.009291
0.010455 0.009339
0.010455 0.012488
0.010453 0.010385
0.010450 0.008817
0.010454 0.008771
0.010455 0.012051
0.010452 0.009915
0.010450 0.008459
0.010454 0.008343
0.010454 0.011200
0.010451 0.009817
0.010447 0.008168
0.010451 0.008130
0.010449 0.009708
0.010445 0.010076
0.010441 0.007794
0.010443 0.004862
0.010441 0.003706
0.010437 0.003662
0.010432 0.008015
0.010431 0.004052
0.010430 0.004651
0.010425 0.006565
0.010413 0.011557
0.010400 0.007286
0.010386 0.014360
0.010381 0.007528
0.010369 0.016493
0.010357 0.007474
0.010349 0.016717
0.010352 0.009263
0.010346 0.009318
0.010354 0.008284
0.010348 0.015021
0.010361 0.009801
0.010355 0.007969
0.010368 0.008379
0.010365 0.014429
0.010363 0.009635
0.010359 0.008171
0.010368 0.008207
0.010367 0.014013
0.010362 0.009710
0.010358 0.007857
0.010367 0.008354
0.010365 0.013808
0.010361 0.009544
0.010356 0.007672
0.010364 0.008398
0.010362 0.012769
0.010357 0.009738
0.010353 0.007729
0.010360 0.007861
0.010359 0.010982
0.010353 0.009442
0.010349 0.007656
0.010354 0.007914
0.010353 0.008258
0.010348 0.008138
0.010343 0.014527
0.010344 0.010430
0.010342 0.009447
0.010337 0.007930
0.010332 0.008399
0.010328 0.010283
0.010323 0.008552
0.010332 0.011875
0.010332 0.010987
0.010330 0.008856
0.010325 0.008919
0.010321 0.010758
0.010321 0.012006
0.010318 0.009328
0.010321 0.009877
0.010322 0.010991
0.010319 0.010616
0.010316 0.010318
0.010317 0.008755
0.010321 0.011160
0.010319 0.010943
0.010318 0.008754
0.010319 0.008991
0.010320 0.008567
0.010320 0.015277
0.010317 0.011374
0.010318 0.010631
0.010320 0.009118
0.010316 0.009009
0.010314 0.012676
0.010310 0.010777
0.010320 0.008982
0.010322 0.009407
0.010323 0.013058
0.010321 0.010623
0.010318 0.009362
0.010323 0.008904
0.010324 0.012598
0.010321 0.010095
0.010319 0.008041
0.010325 0.007895
0.010325 0.012761
0.010323 0.009749
0.010320 0.007871
0.010325 0.007611
0.010324 0.011781
0.010320 0.010092
0.010315 0.007874
0.010320 0.007926
0.010319 0.009782
0.010314 0.010595
0.010308 0.008257
0.010311 0.022524
0.010311 0.015876
0.010306 0.013467
0.010301 0.010446
0.010300 0.010257
0.010301 0.016926
0.010297 0.013196
0.010321 0.010284
0.010332 0.010191
0.010339 0.015937
0.010339 0.012812
0.010339 0.010113
0.010352 0.010540
0.010358 0.016081
0.010358 0.012876
0.010357 0.010558
0.010369 0.010350
0.010374 0.013682
0.010373 0.010758
0.010373 0.010542
0.010385 0.010917
0.010390 0.009655
0.010390 0.010628
0.010390 0.017376
0.010397 0.013031
0.010398 0.011993
0.010398 0.009847
0.010399 0.009816
0.010397 0.013515
0.010398 0.011151
0.010412 0.009698
0.010417 0.009715
0.010420 0.013057
0.010419 0.010905
0.010418 0.009344
0.010424 0.009684
0.010426 0.010978
0.010424 0.009415
0.010423 0.010245
0.010428 0.011622
0.010429 0.009538
0.010427 0.009233
0.010425 0.009939
0.010427 0.009199
0.010424 0.008395
0.010424 0.010407
0.010427 0.008279
0.010425 0.010408
0.010422 0.007269
0.010421 0.011134
0.010419 0.009207
0.010415 0.007055
0.010415 0.007164
0.010410 0.010799
0.010410 0.007329
0.010404 0.009869
0.010406 0.007323
0.010403 0.011581
0.010396 0.012041
0.010390 0.012418
0.010391 0.013316
0.010385 0.013139
0.010384 0.012024
0.010377 0.012488
0.010380 0.012462
0.010383 0.011844
0.010387 0.012873
0.010393 0.010882
0.010399 0.013211
0.010402 0.011678
0.010406 0.012663
0.010410 0.011072
0.010413 0.012978
0.010418 0.011076
0.010419 0.012669
0.010425 0.011195
0.010427 0.013137
0.010432 0.010885
0.010433 0.013145
0.010438 0.011017
0.010439 0.014016
0.010444 0.013934
0.010445 0.011507
0.010451 0.011421
0.010452 0.015117
0.010457 0.013213
0.010458 0.011100
0.010465 0.009602
0.010472 0.014850
0.010475 0.013780
0.010476 0.010862
0.010486 0.013707
0.010491 0.010530
0.010493 0.014738
0.010491 0.010462
0.010500 0.013157
0.010506 0.010147
0.010507 0.012966
0.010513 0.013268
0.010513 0.012620
0.010522 0.012483
0.010522 0.011126
0.010527 0.012283
0.010526 0.012790
0.010531 0.011149
0.010537 0.011366
0.010541 0.013685
0.010545 0.009350
0.010546 0.012947
0.010549 0.011234
0.010554 0.012561
0.010555 0.015520
0.010557 0.011543
0.010563 0.013249
0.010561 0.009889
0.010565 0.010165
0.010567 0.008498
0.010571 0.011339
0.010581 0.011172
0.010583 0.014561
0.010588 0.012070
0.010587 0.010933
0.010586 0.014370
0.010582 0.011685
0.010583 0.012111
0.010584 0.010883
0.010592 0.010966
0.010595 0.008470
0.010596 0.010473
0.010604 0.012731
0.010606 0.009885
0.010609 0.009714
0.010609 0.013518
0.010610 0.011108
0.010606 0.009627
0.010605 0.009287
0.010610 0.012053
0.010608 0.010528
0.010606 0.008378
0.010612 0.008578
0.010613 0.010273
0.010611 0.007941
0.010609 0.007793
0.010612 0.008320
0.010611 0.011431
0.010607 0.009818
0.010603 0.008744
0.010602 0.008119
0.010597 0.012242
0.010591 0.010609
0.010587 0.008196
0.010588 0.008615
0.010587 0.012349
0.010583 0.010793
0.010578 0.008851
0.010581 0.009118
0.010582 0.011525
0.010577 0.010189
0.010573 0.008698
0.010576 0.008149
0.010577 0.010288
0.010573 0.010473
0.010570 0.008452
0.010572 0.008294
0.010572 0.011898
0.010568 0.011177
0.010563 0.010718
0.010562 0.012270
0.010562 0.010848
0.010558 0.013149
0.010553 0.011848
0.010556 0.012416
0.010557 0.011099
0.010558 0.011711
0.010561 0.011236
0.010562 0.010506
0.010567 0.009500
0.010569 0.011927
0.010573 0.009792
0.010574 0.012579
0.010577 0.012867
0.010578 0.011053
0.010578 0.013528
0.010576 0.012475
0.010578 0.011882
0.010577 0.012616
0.010581 0.012086
0.010585 0.012650
0.010586 0.012550
0.010592 0.013756
0.010596 0.013087
0.010599 0.013328
0.010603 0.011263
0.010606 0.015449
0.010610 0.013112
0.010614 0.012837
0.010620 0.008842
0.010625 0.009531
0.010630 0.007984
0.010632 0.009738
0.010641 0.009000
0.010646 0.009891
0.010651 0.010764
0.010647 0.011451
0.010645 0.010252
0.010639 0.011075
0.010638 0.010921
0.010634 0.010156
0.010633 0.008313
0.010633 0.008707
0.010635 0.012031
0.010634 0.010604
0.010635 0.008443
0.010635 0.008454
0.010634 0.011922
0.010630 0.010478
0.010626 0.008077
0.010629 0.008681
0.010629 0.011711
0.010624 0.010066
0.010620 0.008818
0.010623 0.008580
0.010622 0.011572
0.010617 0.010661
0.010613 0.009620
0.010615 0.009709
0.010614 0.010649
0.010611 0.009960
0.010607 0.008686
0.010609 0.008332
0.010609 0.010207
0.010607 0.008033
0.010605 0.004650
0.010605 0.008592
0.010604 0.007709
0.010600 0.003592
0.010595 0.005201
0.010594 0.003634
0.010589 0.004554
0.010577 0.003497
0.010573 0.006872
0.010568 0.008030
0.010554 0.009187
0.010543 0.011610
0.010529 0.008892
0.010517 0.013565
0.010503 0.011447
0.010496 0.011797
0.010491 0.009627
0.010488 0.010405
0.010490 0.013703
0.010487 0.010756
0.010493 0.011449
0.010495 0.009412
0.010498 0.013463
0.010496 0.011693
0.010496 0.011819
0.010502 0.009865
0.010503 0.009544
0.010505 0.012239
0.010502 0.011876
0.010508 0.009681
0.010511 0.010049
0.010513 0.011495
0.010512 0.011407
0.010510 0.010168
0.010514 0.009733
0.010516 0.010784
0.010515 0.011080
0.010514 0.009632
0.010516 0.010042
0.010518 0.010936
0.010517 0.011059
0.010515 0.009667
0.010516 0.009853
0.010517 0.010801
0.010515 0.009940
0.010514 0.010245
0.010515 0.010055
0.010516 0.010753
0.010514 0.008606
0.010513 0.011428
0.010514 0.009983
0.010513 0.011348
0.010512 0.010112
0.010511 0.011962
0.010512 0.009585
0.010508 0.012074
0.010510 0.009436
0.010509 0.012878
0.010510 0.011555
0.010509 0.008639
0.010512 0.009102
0.010510 0.012880
0.010514 0.011199
0.010511 0.008796
0.010516 0.008744
0.010518 0.010530
0.010515 0.010244
0.010512 0.008718
0.010516 0.009156
0.010518 0.012316
0.010514 0.010829
0.010511 0.010772
0.010511 0.010298
0.010510 0.010135
0.010507 0.011302
0.010504 0.010780
0.010508 0.010856
0.010508 0.010892
0.010509 0.010391
0.010508 0.010639
0.010508 0.008740
0.010509 0.010776
0.010510 0.011098
0.010510 0.009399
0.010511 0.009762
0.010511 0.010898
0.010511 0.011094
0.010508 0.009753
0.010508 0.009396
0.010509 0.010451
0.010507 0.010578
0.010506 0.009398
0.010506 0.009833
0.010508 0.009730
0.010506 0.010323
0.010504 0.009059
0.010504 0.012099
0.010504 0.010408
0.010502 0.011599
0.010500 0.010140
0.010499 0.011188
0.010498 0.010255
0.010496 0.011831
0.010499 0.010749
0.010499 0.013419
0.010501 0.010313
0.010500 0.013533
0.010501 0.015246
0.010501 0.017211
0.010504 0.016524
0.010504 0.013661
0.010510 0.014067
0.010510 0.017606
0.010516 0.015630
0.010525 0.013512
0.010539 0.012779
0.010551 0.015601
0.010557 0.015795
0.010564 0.013033
0.010578 0.012948
0.010588 0.010004
0.010594 0.009458
0.010598 0.010718
0.010609 0.009103
0.010619 0.009254
0.010624 0.012652
0.010628 0.012244
0.010627 0.012049
0.010625 0.010893
0.010625 0.013078
0.010622 0.013007
0.010619 0.011116
0.010623 0.010549
0.010627 0.013219
0.010629 0.011701
0.010630 0.011619
0.010635 0.011644
0.010640 0.011091
0.010641 0.012638
0.010640 0.010499
0.010646 0.010847
0.010648 0.013426
0.010650 0.012224
0.010652 0.010190
0.010653 0.009370
0.010657 0.011788
0.010656 0.012232
0.010657 0.010273
0.010662 0.012795
0.010665 0.010593
0.010664 0.010537
0.010662 0.009281
0.010664 0.009790
0.010667 0.012206
0.010666 0.010950
0.010671 0.009538
0.010670 0.008872
0.010670 0.011989
0.010667 0.010063
0.010666 0.008117
0.010669 0.008592
0.010669 0.011612
0.010667 0.010494
0.010663 0.008317
0.010666 0.009132
0.010665 0.011704
0.010660 0.010212
0.010656 0.008851
0.010658 0.008442
0.010657 0.010814
0.010653 0.008311
0.010649 0.004762
0.010652 0.003558
0.010651 0.007691
0.010647 0.008343
0.010643 0.004613
0.010643 0.005220
0.010638 0.004671
0.010627 0.007916
0.010612 0.006511
0.010606 0.011968
0.010602 0.006456
0.010590 0.013087
0.010579 0.006359
0.010567 0.014719
0.010562 0.009104
0.010554 0.007222
0.010557 0.006911
0.010548 0.014012
0.010554 0.007817
0.010545 0.006732
0.010553 0.006934
0.010551 0.014276
0.010544 0.008524
0.010537 0.006552
0.010544 0.007116
0.010538 0.014160
0.010530 0.009231
0.010523 0.006320
0.010531 0.007314
0.010527 0.013984
0.010519 0.009265
0.010512 0.006541
0.010519 0.006923
0.010517 0.013538
0.010508 0.009290
0.010502 0.006736
0.010509 0.006627
0.010506 0.013044
0.010498 0.009030
0.010491 0.006717
0.010497 0.006572
0.010495 0.009853
0.010487 0.008605
0.010480 0.006485
0.010485 0.007267
0.010482 0.012621
0.010474 0.006043
0.010466 0.006207
0.010465 0.012219
0.010461 0.009451
0.010454 0.007173
0.010447 0.006988
0.010451 0.012520
0.010443 0.009548
0.010434 0.007889
0.010438 0.008006
0.010436 0.012319
0.010429 0.008886
0.010422 0.006910
0.010427 0.007041
0.010425 0.012175
0.010420 0.009016
0.010415 0.007181
0.010419 0.007013
0.010416 0.009381
0.010409 0.008310
0.010402 0.008166
0.010405 0.007829
0.010403 0.006936
0.010396 0.011183
0.010389 0.008755
0.010387 0.008679
0.010383 0.012716
0.010379 0.010827
0.010374 0.008210
0.010367 0.008207
0.010368 0.013001
0.010365 0.010527
0.010362 0.008353
0.010366 0.008100
0.010367 0.012817
0.010363 0.009423
0.010359 0.008030
0.010364 0.007687
0.010364 0.012326
0.010360 0.009783
0.010356 0.007425
0.010361 0.007734
0.010359 0.011788
0.010354 0.009450
0.010349 0.007318
0.010353 0.007608
0.010352 0.012065
0.010346 0.009620
0.010340 0.007282
0.010343 0.007432
0.010342 0.011920
0.010336 0.009923
0.010330 0.007326
0.010334 0.007772
0.010332 0.010047
0.010326 0.008814
0.010320 0.008097
0.010323 0.008124
0.010323 0.007793
0.010317 0.018545
0.010311 0.011875
0.010311 0.009624
0.010308 0.006647
0.010303 0.006872
0.010299 0.013935
0.010294 0.009829
0.010311 0.007243
0.010314 0.007168
0.010312 0.012561
0.010305 0.007004
0.010298 0.013212
0.010305 0.009153
0.010305 0.006919
0.010298 0.006896
0.010292 0.012281
0.010297 0.007010
0.010290 0.013273
0.010296 0.008852
0.010294 0.007063
0.010287 0.006999
0.010280 0.012525
0.010284 0.008991
0.010277 0.007002
0.010283 0.006948
0.010281 0.011729
0.010274 0.007628
0.010268 0.011373
0.010272 0.008625
0.010270 0.006817
0.010263 0.006661
0.010256 0.009253
0.010259 0.007047
0.010254 0.016861
0.010256 0.011419
0.010253 0.010473
0.010246 0.007780
0.010239 0.007671
0.010237 0.012734
0.010231 0.010375
0.010244 0.007339
0.010246 0.007343
0.010247 0.012494
0.010242 0.010052
0.010237 0.007253
0.010242 0.007090
0.010242 0.012203
0.010236 0.009673
0.010230 0.007159
0.010235 0.007338
0.010234 0.012351
0.010228 0.010157
0.010222 0.007347
0.010226 0.007474
0.010225 0.012021
0.010219 0.010025
0.010213 0.007088
0.010217 0.007309
0.010217 0.012227
0.010211 0.009923
0.010206 0.007442
0.010210 0.007444
0.010209 0.011999
0.010203 0.009493
0.010197 0.007115
0.010201 0.006991
0.010201 0.012065
0.010195 0.009828
0.010190 0.007057
0.010193 0.007271
0.010192 0.012074
0.010186 0.009987
0.010179 0.007460
0.010183 0.007015
0.010182 0.012062
0.010176 0.010013
0.010170 0.007180
0.010174 0.007449
0.010174 0.011941
0.010168 0.009953
0.010162 0.007317
0.010166 0.007521
0.010165 0.011442
0.010159 0.009634
0.010154 0.006892
0.010158 0.007526
0.010157 0.005894
0.010152 0.008910
0.010146 0.007022
0.010149 0.007252
0.010148 0.006903
0.010141 0.006926
0.010136 0.006537
0.010128 0.006681
0.010125 0.005839
0.010119 0.006686
0.010113 0.006551
0.010107 0.006963
0.010100 0.006179
0.010093 0.005881
0.010086 0.005992
0.010078 0.005907
0.010071 0.005856
0.010064 0.005410
0.010058 0.005736
0.010050 0.005665
0.010042 0.005187
0.010034 0.005793
0.010025 0.005907
0.010017 0.005774
0.010008 0.004945
0.009999 0.005038
0.009990 0.005584
0.009981 0.005431
0.009972 0.004811
0.009964 0.005192
0.009956 0.005481
0.009946 0.019694
0.009936 0.008615
0.009927 0.006566
0.009918 0.010298
0.009908 0.008877
0.009899 0.005840
0.009890 0.006578
0.009909 0.009933
0.009907 0.009911
0.009900 0.008501
0.009901 0.008376
0.009899 0.008817
0.009891 0.007108
0.009884 0.015057
0.009884 0.011314
0.009884 0.010027
0.009881 0.008588
0.009878 0.008369
0.009876 0.013308
0.009871 0.010876
0.009881 0.007730
0.009884 0.008190
0.009884 0.012921
0.009882 0.010476
0.009879 0.008497
0.009886 0.008602
0.009887 0.012923
0.009883 0.010432
0.009880 0.008869
0.009886 0.009293
0.009887 0.012703
0.009884 0.010328
0.009882 0.007669
0.009888 0.008531
0.009889 0.013010
0.009887 0.011386
0.009886 0.009190
0.009891 0.009072
0.009892 0.012561
0.009888 0.011217
0.009885 0.008904
0.009891 0.009206
0.009894 0.005846
0.009893 0.009821
0.009891 0.008255
0.009897 0.007386
0.009899 0.006880
0.009897 0.006718
0.009896 0.006584
0.009888 0.006724
0.009888 0.005818
0.009884 0.006574
0.009879 0.006286
0.009873 0.006322
0.009867 0.005725
0.009860 0.005726
0.009854 0.006247
0.009846 0.006008
0.009839 0.005794
0.009832 0.005759
0.009825 0.006223
0.009817 0.006011
0.009809 0.005810
0.009802 0.005601
0.009794 0.005813
0.009786 0.006140
0.009778 0.005565
0.009771 0.006271
0.009763 0.005898
0.009755 0.005568
0.009747 0.005219
0.009739 0.008632
0.009732 0.009442
0.009724 0.009634
0.009717 0.010361
0.009709 0.011155
0.009701 0.009926
0.009692 0.009142
0.009690 0.010807
0.009689 0.011050
0.009689 0.009033
0.009691 0.009214
0.009693 0.010319
0.009694 0.011293
0.009693 0.009292
0.009695 0.009421
0.009698 0.010257
0.009696 0.011283
0.009695 0.009432
0.009697 0.009137
0.009700 0.009898
0.009699 0.011232
0.009699 0.008879
0.009700 0.009427
0.009703 0.012474
0.009702 0.007116
0.009701 0.008552
0.009702 0.013157
0.009705 0.011414
0.009703 0.009157
0.009702 0.009944
0.009708 0.012030
0.009703 0.010363
0.009700 0.013307
0.009707 0.012653
0.009711 0.010784
0.009710 0.010836
0.009710 0.012374
0.009715 0.012717
0.009716 0.010621
0.009723 0.010781
0.009729 0.011424
0.009731 0.010283
0.009733 0.006180
0.009739 0.010077
0.009745 0.010030
0.009746 0.007164
0.009749 0.006986
0.009752 0.006584
0.009753 0.006781
0.009746 0.005972
0.009746 0.006489
0.009747 0.006768
0.009742 0.006820
0.009736 0.005897
0.009730 0.005794
0.009724 0.005872
0.009717 0.005590
0.009710 0.005031
0.009704 0.005093
0.009698 0.006065
0.009691 0.005925
0.009683 0.005829
0.009675 0.005300
0.009667 0.005583
0.009658 0.005845
0.009649 0.005217
0.009642 0.005888
0.009634 0.005699
0.009627 0.005598
0.009618 0.004946
0.009610 0.005358
0.009602 0.025429
0.009594 0.015673
0.009586 0.011839
0.009578 0.009807
0.009570 0.009988
0.009561 0.016509
0.009553 0.011567
0.009584 0.009216
0.009597 0.010154
0.009601 0.015832
0.009602 0.011512
0.009602 0.010384
0.009616 0.010040
0.009620 0.014223
0.009619 0.011801
0.009620 0.009818
0.009633 0.010073
0.009637 0.010089
0.009638 0.011220
0.009639 0.010171
0.009648 0.010345
0.009652 0.014893
0.009653 0.011855
0.009653 0.010197
0.009654 0.009781
0.009657 0.009507
0.009659 0.012362
0.009660 0.010357
0.009670 0.009355
0.009675 0.009201
0.009676 0.012093
0.009676 0.010209
0.009676 0.009248
0.009681 0.009065
0.009682 0.011052
0.009682 0.010012
0.009681 0.009055
0.009686 0.009206
0.009687 0.009760
0.009686 0.010996
0.009685 0.009445
0.009687 0.009748
0.009688 0.011694
0.009687 0.011725
0.009686 0.011577
0.009686 0.010057
0.009688 0.010146
0.009688 0.012572
0.009688 0.011939
0.009692 0.009339
0.009696 0.010096
0.009700 0.010885
0.009701 0.011747
0.009702 0.010009
0.009707 0.010481
0.009712 0.009629
0.009711 0.008576
0.009712 0.008318
0.009714 0.008950
0.009718 0.009109
0.009719 0.009100
0.009720 0.010988
0.009720 0.009621
0.009718 0.010179
0.009715 0.010904
0.009714 0.010862
0.009712 0.011732
0.009711 0.010338
0.009714 0.009938
0.009713 0.011670
0.009714 0.011305
0.009717 0.009774
0.009719 0.009699
0.009723 0.011732
0.009724 0.011034
0.009725 0.009352
0.009729 0.008784
0.009732 0.011519
0.009732 0.011597
0.009732 0.009096
0.009736 0.009502
0.009738 0.008816
0.009738 0.010111
0.009736 0.009239
0.009739 0.006769
0.009743 0.010375
0.009742 0.008053
0.009741 0.008389
0.009739 0.012001
0.009740 0.009862
0.009739 0.007909
0.009733 0.007753
0.009734 0.011559
0.009731 0.009727
0.009728 0.007361
0.009733 0.008016
0.009733 0.010850
0.009730 0.010276
0.009726 0.007759
0.009729 0.007789
0.009729 0.010719
0.009725 0.010183
0.009721 0.007812
0.009723 0.011390
0.009725 0.010301
0.009721 0.007864
0.009717 0.008361
0.009719 0.011567
0.009720 0.011088
0.009716 0.008675
0.009719 0.009450
0.009720 0.011096
0.009717 0.009949
0.009714 0.011001
0.009718 0.009619
0.009720 0.010875
0.009718 0.011762
0.009718 0.009767
0.009721 0.009624
0.009721 0.009748
0.009724 0.009328
0.009723 0.009875
0.009726 0.008979
0.009730 0.010543
0.009730 0.010231
0.009730 0.010623
0.009730 0.010161
0.009729 0.011306
0.009729 0.009945
0.009728 0.012172
0.009729 0.011454
0.009730 0.009398
0.009732 0.008582
0.009733 0.011866
0.009736 0.010536
0.009736 0.007664
0.009741 0.007949
0.009745 0.011007
0.009744 0.008413
0.009742 0.011645
0.009746 0.011366
0.009748 0.008323
0.009743 0.008994
0.009740 0.010610
0.009742 0.009636
0.009740 0.008772
0.009743 0.008566
0.009747 0.012012
0.009744 0.008974
0.009742 0.010220
0.009744 0.012371
0.009744 0.011637
0.009742 0.009086
0.009740 0.009981
0.009744 0.011665
0.009743 0.010063
0.009744 0.009749
0.009749 0.008833
0.009753 0.012330
0.009751 0.012605
0.009752 0.011204
0.009756 0.010725
0.009756 0.012734
0.009756 0.013144
0.009754 0.011012
0.009759 0.010778
0.009765 0.012467
0.009768 0.012845
0.009770 0.010982
0.009776 0.010688
0.009783 0.012436
0.009785 0.008856
0.009787 0.010314
0.009792 0.012270
0.009799 0.012122
0.009801 0.012201
0.009803 0.010613
0.009808 0.011818
0.009806 0.012401
0.009807 0.011694
0.009812 0.010832
0.009817 0.011395
0.009821 0.013805
0.009823 0.011480
0.009827 0.012198
0.009832 0.011517
0.009836 0.012519
0.009838 0.014343
0.009841 0.007911
0.009849 0.009307
0.009852 0.014189
0.009857 0.011871
0.009860 0.010335
0.009866 0.010954
0.009874 0.014246
0.009871 0.012809
0.009869 0.011019
0.009878 0.011077
0.009882 0.014264
0.009883 0.012687
0.009885 0.010705
0.009894 0.011005
0.009900 0.014161
0.009902 0.011559
0.009904 0.010645
0.009913 0.010127
0.009919 0.013949
0.009920 0.012208
0.009922 0.010590
0.009931 0.010376
0.009934 0.012596
0.009935 0.012323
0.009936 0.010151
0.009944 0.010534
0.009948 0.010054
0.009950 0.024109
0.009951 0.014061
0.009956 0.010095
0.009961 0.016746
0.009961 0.009048
0.009962 0.015798
0.009962 0.012506
0.009991 0.010598
0.009999 0.009893
0.009999 0.013430
0.010012 0.009982
0.010011 0.013517
0.010022 0.012344
0.010027 0.010416
0.010028 0.009738
0.010028 0.009819
0.010035 0.010421
0.010035 0.010646
0.010042 0.010236
0.010046 0.009481
0.010047 0.008441
0.010046 0.008158
0.010046 0.010988
0.010047 0.009764
0.010048 0.008057
0.010048 0.008208
0.010047 0.011242
0.010044 0.008750
0.010040 0.008085
0.010042 0.007575
0.010041 0.011334
0.010037 0.009062
0.010034 0.008075
0.010036 0.008002
0.010034 0.010523
0.010030 0.008905
0.010025 0.007901
0.010027 0.007612
0.010026 0.011141
0.010022 0.009236
0.010018 0.007521
0.010019 0.007472
0.010016 0.007682
0.010012 0.032152
0.010007 0.014164
0.010010 0.006961
0.010008 0.018077
0.010003 0.012632
0.009998 0.009215
0.009993 0.009904
0.010038 0.019368
0.010046 0.012926
0.010040 0.009776
0.010056 0.007862
0.010061 0.018890
0.010059 0.012776
0.010059 0.009050
0.010078 0.008428
0.010083 0.017831
0.010083 0.012576
0.010078 0.008878
0.010096 0.009240
0.010101 0.016503
0.010099 0.012966
0.010096 0.008145
0.010111 0.008699
0.010116 0.013102
0.010114 0.009247
0.010112 0.010240
0.010125 0.011182
0.010130 0.009619
0.010127 0.011174
0.010124 0.013433
0.010130 0.013056
0.010128 0.012526
0.010128 0.012906
0.010130 0.012239
0.010129 0.013991
0.010131 0.012619
0.010138 0.011763
0.010144 0.012587
0.010148 0.013531
0.010154 0.012604
0.010158 0.013181
0.010166 0.013037
0.010171 0.012186
0.010174 0.013175
0.010179 0.014177
0.010185 0.012530
0.010190 0.012462
0.010196 0.013046
0.010202 0.012989
0.010206 0.011347
0.010212 0.012506
0.010220 0.012208
0.010224 0.013115
0.010229 0.012050
0.010235 0.012446
0.010240 0.011098
0.010242 0.011295
0.010247 0.012420
0.010251 0.011229
0.010256 0.010781
0.010260 0.015255
0.010264 0.010929
0.010266 0.014394
0.010268 0.011427
0.010272 0.014954
0.010274 0.010411
0.010275 0.014217
0.010285 0.011705
0.010287 0.011747
0.010295 0.013785
0.010297 0.008101
0.010306 0.010493
0.010307 0.009673
0.010314 0.010860
0.010317 0.009771
0.010320 0.009828
0.010327 0.009576
0.010323 0.010864
0.010323 0.009000
0.010322 0.010094
0.010323 0.009220
0.010322 0.010190
0.010321 0.008950
0.010319 0.010700
0.010320 0.009071
0.010318 0.010854
0.010317 0.010293
0.010315 0.010291
0.010315 0.013658
0.010312 0.010203
0.010313 0.012934
0.010310 0.009940
0.010311 0.012982
0.010311 0.010865
0.010311 0.010474
0.010318 0.011181
0.010318 0.010849
0.010323 0.012706
0.010322 0.009453
0.010328 0.009610
0.010329 0.010890
0.010329 0.010312
0.010331 0.009770
0.010332 0.011437
0.010336 0.010145
0.010335 0.010180
0.010333 0.010399
0.010334 0.009617
0.010334 0.009725
0.010333 0.009352
0.010335 0.009641
0.010335 0.012301
0.010335 0.013791
0.010335 0.015920
0.010333 0.015696
0.010332 0.009629
0.010330 0.021277
0.010329 0.017443
0.010333 0.016648
0.010340 0.011155
0.010351 0.009678
0.010361 0.011678
0.010360 0.010970
0.010382 0.012275
0.010396 0.011013
0.010409 0.010396
0.010410 0.013553
0.010409 0.010967
0.010411 0.010971
0.010412 0.010934
0.010416 0.010629
0.010417 0.009739
0.010417 0.011457
0.010423 0.010132
0.010424 0.010946
0.010426 0.013499
0.010427 0.011805
0.010427 0.010305
0.010426 0.010563
0.010428 0.014159
0.010427 0.010977
0.010428 0.010497
0.010434 0.009752
0.010437 0.010201
0.010437 0.009986
0.010437 0.012736
0.010444 0.011594
0.010445 0.008783
0.010446 0.009832
0.010444 0.012949
0.010444 0.012430
0.010443 0.010449
0.010447 0.010791
0.010450 0.013942
0.010446 0.013100
0.010445 0.010543
0.010450 0.011119
0.010454 0.014079
0.010454 0.013682
0.010455 0.010534
0.010462 0.011234
0.010467 0.014316
0.010467 0.013757
0.010468 0.011158
0.010476 0.011422
0.010482 0.014649
0.010482 0.013858
0.010484 0.011583
0.010491 0.011627
0.010498 0.014512
0.010499 0.014026
0.010501 0.010676
0.010509 0.011652
0.010516 0.014489
0.010518 0.013943
0.010520 0.011312
0.010528 0.011672
0.010535 0.014401
0.010536 0.013838
0.010538 0.011114
0.010546 0.010534
0.010553 0.014377
0.010554 0.013369
0.010556 0.010772
0.010564 0.011114
0.010571 0.014308
0.010572 0.013534
0.010572 0.010595
0.010579 0.010944
0.010585 0.014489
0.010585 0.013331
0.010586 0.010505
0.010594 0.009801
0.010600 0.014372
0.010600 0.013369
0.010600 0.010314
0.010608 0.010482
0.010613 0.014149
0.010613 0.012972
0.010612 0.010470
0.010619 0.010690
0.010625 0.013906
0.010624 0.013137
0.010624 0.011090
0.010631 0.010546
0.010635 0.014158
0.010635 0.013433
0.010635 0.010410
0.010642 0.010626
0.010647 0.014359
0.010648 0.013298
0.010647 0.010377
0.010655 0.010460
0.010660 0.014269
0.010660 0.013157
0.010660 0.010020
0.010667 0.010365
0.010672 0.013728
0.010672 0.013156
0.010671 0.010175
0.010678 0.010277
0.010683 0.013050
0.010682 0.012996
0.010681 0.010074
0.010687 0.010094
0.010692 0.004957
0.010691 0.003582
0.010691 0.008951
0.010695 0.003563
0.010700 0.005022
0.010699 0.005006
0.010697 0.004513
0.010686 0.004804
0.010672 0.005559
0.010668 0.004134
0.010654 0.005442
0.010643 0.004734
0.010631 0.006896
0.010619 0.006320
0.010608 0.004648
0.010598 0.004864
0.010585 0.006940
0.010574 0.005369
0.010563 0.004888
0.010555 0.005481
0.010547 0.007036
0.010535 0.005815
0.010524 0.004622
0.010516 0.004947
0.010506 0.005329
0.010495 0.008290
0.010485 0.005177
0.010478 0.006652
0.010469 0.006358
0.010457 0.005584
0.010446 0.005624
0.010436 0.005478
0.010431 0.006252
0.010421 0.006090
0.010413 0.005593
0.010405 0.005377
0.010396 0.005812
0.010386 0.005732
0.010376 0.005313
0.010368 0.005817
0.010359 0.006629
0.010350 0.005654
0.010340 0.005681
0.010331 0.005330
0.010322 0.005693
0.010312 0.006459
0.010303 0.005586
0.010295 0.005712
0.010286 0.005803
0.010277 0.006019
0.010267 0.005809
0.010258 0.005747
0.010250 0.006161
0.010241 0.006433
0.010232 0.005788
0.010223 0.005975
0.010215 0.005603
0.010206 0.005559
0.010197 0.005758
0.010189 0.005736
0.010181 0.005652
0.010172 0.006537
0.010164 0.005756
0.010155 0.005787
0.010146 0.005777
0.010137 0.005623
0.010128 0.006343
0.010119 0.006933
0.010112 0.006397
0.010103 0.008316
0.010095 0.006253
0.010086 0.005383
0.010077 0.004777
0.010070 0.005264
0.010063 0.006235
0.010056 0.005532
0.010053 0.004864
0.010045 0.004821
0.010036 0.006333
0.010025 0.005955
0.010016 0.004938
0.010008 0.004896
0.009999 0.006126
0.009989 0.006200
0.009979 0.005045
0.009971 0.004894
0.009963 0.006460
0.009953 0.006394
0.009943 0.005480
0.009935 0.005306
0.009928 0.006649
0.009918 0.006128
0.009908 0.004875
0.009901 0.004844
0.009894 0.006112
0.009885 0.005819
0.009876 0.004814
0.009870 0.004779
0.009862 0.006240
0.009852 0.006132
0.009842 0.004743
0.009835 0.005317
0.009827 0.005643
0.009817 0.006365
0.009807 0.006025
0.009800 0.005643
0.009792 0.005850
0.009782 0.004411
0.009773 0.004507
0.009765 0.004699
0.009758 0.004790
0.009751 0.005073
0.009742 0.005121
0.009714 0.000914
0.009684 0.000810
0.009658 0.000021
