0.000000 0.019018
0.000000 0.023955
0.000000 0.019419
0.000000 0.031886
0.000000 0.018982
0.000000 0.018355
0.000000 0.015681
0.019018 0.019327
0.021489 0.020000
0.020798 0.015390
0.023578 0.015112
0.022655 0.015499
0.021935 0.015377
0.021036 0.019507
0.020821 0.017986
0.020729 0.015631
0.020190 0.015460
0.019724 0.015687
0.019368 0.015701
0.019057 0.019607
0.019090 0.018649
0.019015 0.015495
0.018801 0.015341
0.018601 0.016047
0.018436 0.015832
0.018290 0.018826
0.018357 0.018705
0.018371 0.015878
0.018238 0.016183
0.018109 0.016237
0.018021 0.016158
0.017931 0.018536
0.017966 0.016752
0.017995 0.016257
0.017917 0.016022
0.017855 0.015157
0.017800 0.018966
0.017745 0.017583
0.017771 0.016167
0.017739 0.014973
0.017694 0.015265
0.017645 0.015022
0.017573 0.018455
0.017612 0.015848
0.017611 0.015401
0.017573 0.014823
0.017505 0.014487
0.017448 0.018806
0.017388 0.017313
0.017414 0.015200
0.017377 0.014992
0.017331 0.015031
0.017274 0.014554
0.017212 0.018977
0.017247 0.017318
0.017248 0.014712
0.017205 0.014472
0.017160 0.014464
0.017116 0.014596
0.017066 0.018415
0.017103 0.017378
0.017107 0.014745
0.017062 0.014479
0.017014 0.014388
0.016967 0.014763
0.016925 0.018801
0.016951 0.018111
0.016958 0.014913
0.016921 0.015139
0.016879 0.015432
0.016838 0.015643
0.016804 0.018238
0.016836 0.018172
0.016856 0.015615
0.016826 0.015827
0.016800 0.015153
0.016779 0.015048
0.016762 0.018652
0.016784 0.016349
0.016804 0.015852
0.016787 0.015501
0.016773 0.014652
0.016750 0.018227
0.016726 0.018186
0.016753 0.015007
0.016747 0.014863
0.016735 0.014922
0.016719 0.015321
0.016692 0.018632
0.016712 0.017535
0.016731 0.015049
0.016709 0.014816
0.016685 0.014939
0.016663 0.014972
0.016647 0.018547
0.016671 0.017260
0.016681 0.015253
0.016662 0.015125
0.016640 0.015038
0.016620 0.014545
0.016601 0.018787
0.016623 0.017473
0.016630 0.015188
0.016615 0.014953
0.016598 0.014885
0.016581 0.014908
0.016558 0.018769
0.016583 0.017614
0.016592 0.014876
0.016577 0.015054
0.016560 0.014745
0.016542 0.014962
0.016525 0.018107
0.016548 0.017332
0.016559 0.014751
0.016542 0.014510
0.016527 0.014916
0.016509 0.014974
0.016494 0.018699
0.016510 0.015757
0.016518 0.015065
0.016501 0.015062
0.016481 0.014307
0.016466 0.020039
0.016452 0.017740
0.016473 0.014778
0.016467 0.014740
0.016454 0.014942
0.016441 0.014887
0.016421 0.018340
0.016454 0.017469
0.016466 0.014846
0.016451 0.014645
0.016435 0.014815
0.016422 0.014828
0.016409 0.018177
0.016426 0.015840
0.016435 0.014751
0.016421 0.014846
0.016406 0.014444
0.016392 0.018361
0.016379 0.017516
0.016394 0.014902
0.016390 0.014926
0.016376 0.014897
0.016363 0.014921
0.016348 0.018414
0.016364 0.017845
0.016373 0.014985
0.016362 0.015061
0.016350 0.015216
0.016339 0.014983
0.016327 0.018964
0.016344 0.017791
0.016355 0.014984
0.016345 0.014699
0.016335 0.014917
0.016326 0.014963
0.016316 0.019081
0.016336 0.017702
0.016347 0.015025
0.016337 0.015189
0.016325 0.015073
0.016314 0.015181
0.016304 0.018980
0.016325 0.017745
0.016335 0.015164
0.016325 0.015526
0.016317 0.015123
0.016308 0.014729
0.016300 0.018647
0.016319 0.017179
0.016329 0.014680
0.016321 0.014644
0.016315 0.014667
0.016307 0.014579
0.016296 0.018079
0.016312 0.016068
0.016318 0.014759
0.016307 0.015151
0.016296 0.014287
0.016285 0.019033
0.016273 0.017435
0.016285 0.014646
0.016284 0.014510
0.016274 0.014765
0.016266 0.014819
0.016253 0.018211
0.016272 0.017645
0.016279 0.014610
0.016269 0.015000
0.016257 0.015109
0.016248 0.015117
0.016238 0.019023
0.016251 0.017445
0.016260 0.015149
0.016249 0.014852
0.016242 0.015043
0.016234 0.014642
0.016228 0.018897
0.016245 0.017417
0.016252 0.015418
0.016246 0.014981
0.016237 0.014758
0.016230 0.014950
0.016220 0.019018
0.016236 0.017542
0.016243 0.014650
0.016238 0.014565
0.016231 0.014720
0.016222 0.014669
0.016215 0.019403
0.016231 0.018095
0.016239 0.014996
0.016230 0.014538
0.016220 0.015052
0.016211 0.015480
0.016202 0.018883
0.016221 0.017665
0.016231 0.015634
0.016224 0.015338
0.016215 0.015098
0.016208 0.015058
0.016204 0.018841
0.016219 0.017806
0.016227 0.014788
0.016224 0.014912
0.016219 0.014921
0.016213 0.015106
0.016206 0.018683
0.016221 0.017535
0.016230 0.015013
0.016222 0.014580
0.016214 0.014582
0.016207 0.014964
0.016201 0.018966
0.016215 0.017722
0.016222 0.014925
0.016216 0.014928
0.016207 0.014949
0.016198 0.014967
0.016191 0.018820
0.016206 0.017612
0.016214 0.014943
0.016207 0.014812
0.016201 0.014892
0.016194 0.014827
0.016188 0.017278
0.016201 0.014810
0.016209 0.021711
0.016202 0.016601
0.016195 0.016078
0.016188 0.014999
0.016181 0.014843
0.016187 0.014836
0.016180 0.014788
0.016208 0.018291
0.016210 0.017423
0.016209 0.014723
0.016203 0.014817
0.016196 0.014833
0.016190 0.014886
0.016183 0.018815
0.016193 0.017426
0.016199 0.014969
0.016192 0.014405
0.016185 0.014701
0.016179 0.014669
0.016172 0.018005
0.016185 0.017325
0.016191 0.014671
0.016185 0.014900
0.016177 0.014643
0.016169 0.014698
0.016162 0.017868
0.016171 0.015740
0.016177 0.014665
0.016169 0.014576
0.016163 0.013985
0.016156 0.018780
0.016149 0.017591
0.016157 0.014694
0.016155 0.014441
0.016148 0.014910
0.016141 0.015058
0.016131 0.018432
0.016143 0.017434
0.016150 0.014876
0.016143 0.014916
0.016135 0.014903
0.016130 0.014674
0.016125 0.018334
0.016135 0.017848
0.016141 0.015127
0.016136 0.014844
0.016130 0.014583
0.016124 0.014795
0.016118 0.017894
0.016128 0.017626
0.016136 0.014915
0.016131 0.014861
0.016125 0.015106
0.016118 0.014747
0.016113 0.018778
0.016120 0.017809
0.016127 0.014848
0.016122 0.014766
0.016116 0.014685
0.016112 0.014828
0.016106 0.018487
0.016117 0.018026
0.016125 0.015262
0.016119 0.015312
0.016113 0.015497
0.016107 0.015643
0.016102 0.018950
0.016112 0.016696
0.016120 0.015261
0.016117 0.015629
0.016113 0.014846
0.016110 0.019403
0.016108 0.018362
0.016121 0.015133
0.016123 0.015037
0.016119 0.015087
0.016117 0.015474
0.016112 0.019204
0.016126 0.016384
0.016135 0.015379
0.016131 0.015686
0.016126 0.015212
0.016122 0.014924
0.016119 0.014947
0.016132 0.019051
0.016133 0.017952
0.016130 0.015261
0.016128 0.015297
0.016125 0.015333
0.016120 0.015138
0.016115 0.018046
0.016127 0.017781
0.016134 0.015201
0.016131 0.014707
0.016127 0.014967
0.016124 0.015270
0.016120 0.018249
0.016128 0.017506
0.016135 0.015111
0.016131 0.015143
0.016125 0.014830
0.016120 0.015256
0.016117 0.017690
0.016126 0.016134
0.016131 0.015554
0.016127 0.015233
0.016123 0.014504
0.016118 0.017808
0.016114 0.017549
0.016121 0.015077
0.016121 0.015431
0.016119 0.014486
0.016115 0.017843
0.016109 0.017701
0.016115 0.015598
0.016121 0.015256
0.016117 0.015177
0.016114 0.015520
0.016108 0.017652
0.016115 0.017456
0.016121 0.015314
0.016119 0.015182
0.016115 0.015086
0.016112 0.014859
0.016110 0.018379
0.016115 0.017233
0.016121 0.015137
0.016118 0.015184
0.016114 0.015497
0.016110 0.015000
0.016105 0.017839
0.016114 0.017035
0.016118 0.015129
0.016114 0.015022
0.016111 0.014850
0.016109 0.015218
0.016104 0.017983
0.016111 0.017039
0.016114 0.014906
0.016111 0.014931
0.016107 0.014983
0.016102 0.014909
0.016099 0.017496
0.016106 0.016705
0.016109 0.014734
0.016105 0.014640
0.016100 0.014723
0.016096 0.015038
0.016092 0.017975
0.016097 0.015747
0.016099 0.015265
0.016094 0.015148
0.016089 0.014778
0.016084 0.017846
0.016080 0.017373
0.016087 0.015373
0.016086 0.015666
0.016083 0.015185
0.016079 0.018763
0.016075 0.017017
0.016081 0.015391
0.016086 0.015158
0.016083 0.015215
0.016082 0.015365
0.016079 0.018620
0.016088 0.017157
0.016091 0.015480
0.016089 0.014910
0.016086 0.015261
0.016083 0.015306
0.016080 0.018159
0.016089 0.016956
0.016093 0.015791
0.016091 0.015339
0.016086 0.014517
0.016084 0.014337
0.016081 0.018593
0.016088 0.017480
0.016091 0.015317
0.016090 0.015018
0.016087 0.014761
0.016082 0.014394
0.016076 0.018705
0.016085 0.017301
0.016090 0.015137
0.016087 0.014675
0.016083 0.014901
0.016079 0.014723
0.016073 0.018551
0.016082 0.017432
0.016086 0.014595
0.016083 0.014509
0.016078 0.014761
0.016074 0.015316
0.016069 0.018529
0.016078 0.017770
0.016082 0.015468
0.016077 0.015163
0.016072 0.014536
0.016067 0.014305
0.016065 0.018001
0.016073 0.015678
0.016079 0.015094
0.016077 0.015230
0.016074 0.014121
0.016069 0.017051
0.016063 0.016857
0.016069 0.015057
0.016068 0.014797
0.016065 0.014723
0.016062 0.014049
0.016055 0.016269
0.016059 0.016238
0.016061 0.014494
0.016058 0.014184
0.016054 0.014115
0.016049 0.014152
0.016043 0.016562
0.016043 0.016045
0.016044 0.013957
0.016039 0.013565
0.016033 0.013884
0.016027 0.013710
0.016020 0.016547
0.016022 0.014752
0.016022 0.014449
0.016015 0.014621
0.016007 0.013650
0.016000 0.015971
0.015993 0.016014
0.015995 0.013756
0.015991 0.014122
0.015986 0.013929
0.015981 0.013876
0.015974 0.016201
0.015974 0.015289
0.015974 0.013796
0.015967 0.013755
0.015961 0.013250
0.015954 0.013611
0.015947 0.016008
0.015948 0.015746
0.015946 0.013307
0.015939 0.013423
0.015932 0.013837
0.015924 0.013958
0.015916 0.014802
0.015916 0.015524
0.015916 0.013155
0.015908 0.013624
0.015900 0.017649
0.015883 0.001165
0.015867 0.001050
0.015779 0.000031
