0.015577 0.015577
0.036995 0.021418
0.078660 0.041665
0.120358 0.041698
0.161981 0.041623
0.203690 0.041710
0.245314 0.041623
0.286989 0.041675
0.328654 0.041666
0.370329 0.041674
0.412037 0.041708
0.453626 0.041590
0.495353 0.041727
0.536987 0.041634
0.578687 0.041699
0.620316 0.041630
0.661966 0.041650
0.703659 0.041693
0.745326 0.041667
0.786994 0.041668
0.828655 0.041661
0.870323 0.041668
0.911991 0.041668
0.953658 0.041666
0.995327 0.041669
1.036992 0.041665
1.078659 0.041667
1.120325 0.041666
1.161993 0.041667
1.203661 0.041669
1.245329 0.041667
1.286998 0.041669
1.328660 0.041662
1.370329 0.041668
1.411997 0.041669
1.453667 0.041670
1.495329 0.041662
1.536989 0.041660
1.578655 0.041666
1.620325 0.041670
1.661989 0.041664
1.703661 0.041672
1.745328 0.041667
1.786992 0.041664
1.828656 0.041664
1.870325 0.041669
1.911989 0.041664
1.953663 0.041674
1.995330 0.041667
2.036987 0.041658
2.078655 0.041667
2.120321 0.041666
2.161995 0.041675
2.203658 0.041662
2.245322 0.041664
2.286991 0.041669
2.328653 0.041662
2.370325 0.041672
2.411995 0.041671
2.453657 0.041662
2.495324 0.041668
2.536993 0.041669
2.578662 0.041669
2.620327 0.041665
2.661991 0.041664
2.703660 0.041668
2.745330 0.041670
2.786942 0.041612
2.828666 0.041724
2.870324 0.041658
2.911991 0.041667
2.953656 0.041665
2.995329 0.041674
3.036988 0.041659
3.078655 0.041667
3.120326 0.041670
3.161993 0.041667
3.203658 0.041665
3.245321 0.041664
3.286989 0.041668
3.328654 0.041665
3.370323 0.041670
3.411994 0.041670
3.453662 0.041669
3.495328 0.041666
3.536996 0.041668
3.578665 0.041669
3.620328 0.041664
3.662001 0.041672
3.703662 0.041662
3.745328 0.041666
3.786994 0.041667
3.828662 0.041668
3.870322 0.041659
3.911989 0.041668
3.953655 0.041666
3.995321 0.041666
4.036993 0.041672
4.078656 0.041663
4.120332 0.041676
4.161993 0.041661
4.203661 0.041668
4.245332 0.041671
4.286999 0.041667
4.328657 0.041657
4.370323 0.041666
4.411997 0.041674
4.453662 0.041665
4.495332 0.041670
4.536998 0.041666
4.578656 0.041658
4.620331 0.041675
4.661991 0.041660
4.703660 0.041669
4.879616 0.175955
4.933139 0.053523
5.080799 0.147661
5.121190 0.040391
5.161991 0.040801
5.203658 0.041666
5.245323 0.041666
5.286995 0.041672
5.428775 0.141780
5.495317 0.066542
5.536989 0.041672
5.578655 0.041666
5.620323 0.041668
5.661990 0.041668
5.703657 0.041667
5.745331 0.041674
5.786991 0.041660
5.828665 0.041674
5.870328 0.041663
5.911993 0.041665
5.953657 0.041664
5.995324 0.041667
6.036996 0.041672
6.078657 0.041660
6.120322 0.041665
6.161942 0.041620
6.203659 0.041717
6.245329 0.041670
6.286942 0.041613
6.328657 0.041715
6.370323 0.041666
6.415495 0.045172
6.453659 0.038164
6.495322 0.041663
6.536989 0.041667
6.578661 0.041672
6.620326 0.041665
6.661990 0.041664
6.703663 0.041673
6.745328 0.041665
6.786991 0.041662
6.828655 0.041664
6.870321 0.041666
6.911996 0.041674
6.953659 0.041663
6.995323 0.041664
7.036995 0.041672
7.078657 0.041663
7.120326 0.041668
7.161989 0.041663
7.203668 0.041679
7.245324 0.041656
7.286992 0.041668
7.328654 0.041662
7.370325 0.041670
7.411993 0.041668
7.453655 0.041663
7.495322 0.041667
7.536988 0.041666
7.578659 0.041671
7.620328 0.041668
7.661989 0.041662
7.703656 0.041666
7.745322 0.041666
7.786988 0.041666
7.828661 0.041673
7.870325 0.041663
7.911990 0.041666
7.953661 0.041671
7.995332 0.041670
8.036992 0.041660
8.078655 0.041663
8.120323 0.041668
8.161996 0.041674
8.203660 0.041664
8.245324 0.041664
8.286990 0.041666
8.328661 0.041671
8.370323 0.041662
8.411995 0.041673
8.453655 0.041660
8.495327 0.041671
8.536992 0.041665
8.578658 0.041666
8.620325 0.041667
8.661939 0.041614
8.703660 0.041721
8.745327 0.041667
8.786942 0.041615
8.828667 0.041725
8.871205 0.042538
8.911996 0.040791
8.961003 0.049007
8.995326 0.034323
9.036991 0.041665
9.078663 0.041672
9.120322 0.041659
9.161990 0.041668
9.203654 0.041664
9.245321 0.041667
9.286990 0.041669
9.328659 0.041669
9.370325 0.041666
9.411988 0.041663
9.453663 0.041675
9.495322 0.041659
9.536947 0.041625
9.578655 0.041708
9.620330 0.041675
9.661988 0.041658
9.703662 0.041674
9.745322 0.041659
9.786998 0.041676
9.828655 0.041658
9.874042 0.045387
9.911992 0.037950
9.953663 0.041672
9.995324 0.041660
10.036943 0.041619
10.078656 0.041713
10.120330 0.041674
10.162052 0.041723
10.203660 0.041607
10.245322 0.041662
10.286991 0.041670
10.328656 0.041664
10.370333 0.041678
10.411990 0.041657
10.453664 0.041673
10.495325 0.041661
10.536943 0.041618
10.578655 0.041712
10.620330 0.041675
10.661993 0.041663
10.703659 0.041666
10.745327 0.041668
10.786990 0.041663
10.828659 0.041669
10.870324 0.041666
10.911989 0.041664
10.953661 0.041672
10.995321 0.041661
11.036993 0.041672
11.078657 0.041663
11.120323 0.041666
11.161940 0.041618
11.203662 0.041722
11.245325 0.041663
11.286995 0.041670
11.328658 0.041664
11.370323 0.041664
11.411990 0.041667
11.453655 0.041665
11.495322 0.041666
11.536941 0.041619
11.578656 0.041715
11.620325 0.041668
11.661990 0.041666
11.703660 0.041670
11.745326 0.041666
11.786997 0.041671
11.828660 0.041663
11.870324 0.041664
11.911993 0.041669
11.953660 0.041666
11.995323 0.041663
12.036995 0.041673
12.078663 0.041668
12.120329 0.041666
12.161992 0.041663
12.203656 0.041664
12.245324 0.041667
12.286993 0.041669
12.328658 0.041665
12.370330 0.041672
12.411991 0.041662
12.472043 0.060051
12.516752 0.044710
12.547680 0.030928
12.578663 0.030982
12.620328 0.041665
12.661991 0.041663
12.703659 0.041668
12.745335 0.041676
12.786995 0.041661
12.828667 0.041672
12.870329 0.041662
12.912002 0.041673
12.953659 0.041657
12.995323 0.041664
13.036999 0.041675
13.078664 0.041665
13.120328 0.041664
13.161990 0.041662
13.203663 0.041673
13.249469 0.045806
13.286996 0.037527
13.328656 0.041659
13.370328 0.041672
13.412000 0.041673
13.453662 0.041662
13.495322 0.041659
13.536994 0.041672
13.578668 0.041674
13.620326 0.041658
13.661990 0.041664
13.703656 0.041666
13.745332 0.041676
13.786995 0.041664
13.828658 0.041663
13.870329 0.041671
13.911990 0.041661
13.953659 0.041670
13.995333 0.041674
14.036993 0.041660
14.078659 0.041666
14.120325 0.041667
14.161996 0.041670
14.203659 0.041663
14.245327 0.041668
14.286996 0.041670
14.328658 0.041662
14.370327 0.041669
14.411993 0.041665
14.453662 0.041670
14.495325 0.041663
14.536997 0.041672
14.578660 0.041663
14.620329 0.041670
14.661996 0.041667
14.703658 0.041662
14.745326 0.041668
14.786947 0.041622
14.828659 0.041712
14.870329 0.041670
14.911988 0.041659
14.953664 0.041676
14.995328 0.041664
15.036991 0.041663
15.078660 0.041669
15.120330 0.041670
15.161989 0.041659
15.203655 0.041666
15.245324 0.041669
15.286993 0.041669
15.328658 0.041665
15.370329 0.041672
15.411987 0.041658
15.453664 0.041677
15.495321 0.041657
15.536948 0.041627
15.578659 0.041711
15.620322 0.041663
15.661990 0.041668
15.703655 0.041666
15.745323 0.041668
15.786996 0.041673
15.828656 0.041660
15.870323 0.041666
15.911994 0.041671
15.953655 0.041662
15.995327 0.041671
16.036995 0.041668
16.078659 0.041665
16.120325 0.041666
16.161943 0.041617
16.203655 0.041712
16.245326 0.041671
16.286938 0.041612
16.328660 0.041722
16.370324 0.041664
16.411943 0.041619
16.453659 0.041715
16.495321 0.041663
16.536992 0.041671
16.578659 0.041667
16.620321 0.041662
16.661993 0.041672
16.703656 0.041663
16.745327 0.041671
16.786996 0.041669
16.828659 0.041663
16.870325 0.041666
16.911999 0.041674
16.953657 0.041658
16.995329 0.041672
17.036990 0.041662
17.078663 0.041673
17.120321 0.041658
17.161989 0.041668
17.203657 0.041668
17.245322 0.041665
17.286996 0.041673
17.328659 0.041663
17.370334 0.041675
17.411995 0.041661
17.453657 0.041663
17.495329 0.041672
17.536992 0.041663
17.578660 0.041667
17.620326 0.041666
17.673388 0.053062
17.703657 0.030269
17.745334 0.041677
17.786993 0.041659
17.828662 0.041669
17.870321 0.041659
17.911939 0.041618
17.953660 0.041721
17.995322 0.041662
18.036940 0.041618
18.078658 0.041718
18.120323 0.041664
18.161991 0.041668
18.203663 0.041672
18.245328 0.041666
18.286988 0.041659
18.328658 0.041671
18.370331 0.041672
18.411944 0.041614
18.453654 0.041710
18.495325 0.041671
18.536996 0.041671
18.578659 0.041662
18.620321 0.041663
18.661996 0.041675
18.703660 0.041664
18.745330 0.041670
18.786989 0.041659
18.828659 0.041670
18.870330 0.041671
18.911943 0.041613
18.953655 0.041712
18.995325 0.041670
19.036995 0.041669
19.078656 0.041662
19.120328 0.041672
19.161995 0.041666
19.203659 0.041665
19.245326 0.041667
19.286988 0.041662
19.328656 0.041668
19.370328 0.041672
19.411988 0.041660
19.453664 0.041676
19.495322 0.041658
19.536940 0.041619
19.578659 0.041719
19.620322 0.041663
19.664699 0.044377
19.703668 0.038970
19.756796 0.053128
19.786991 0.030195
19.848087 0.061096
19.873072 0.024985
19.920775 0.047703
19.953660 0.032885
19.995326 0.041665
20.036992 0.041666
20.078655 0.041663
20.120323 0.041669
20.161989 0.041666
20.203659 0.041669
20.245325 0.041667
20.286987 0.041662
20.328661 0.041675
20.370321 0.041660
20.422114 0.051792
20.453658 0.031544
20.495333 0.041675
20.536992 0.041660
20.578663 0.041670
20.625415 0.046752
20.661949 0.036534
20.703659 0.041709
20.745322 0.041664
20.786943 0.041621
20.828662 0.041718
20.870325 0.041663
20.911996 0.041672
20.953663 0.041666
20.995324 0.041661
21.036989 0.041665
21.078659 0.041670
21.120325 0.041665
21.161940 0.041615
21.203662 0.041723
21.245275 0.041613
21.286941 0.041666
21.328657 0.041716
21.370323 0.041666
21.411993 0.041670
21.453657 0.041664
21.495325 0.041667
21.536991 0.041666
21.579152 0.042161
21.620324 0.041172
21.661996 0.041672
21.703656 0.041660
21.745325 0.041669
21.786991 0.041666
21.828657 0.041666
21.870321 0.041664
21.911992 0.041670
21.953663 0.041671
21.995323 0.041660
22.036989 0.041666
22.078655 0.041666
22.120328 0.041673
22.161988 0.041660
22.203660 0.041671
22.245322 0.041662
22.286945 0.041623
22.328667 0.041722
22.370327 0.041660
22.414142 0.043815
22.453662 0.039520
22.495325 0.041663
22.536944 0.041619
22.578663 0.041719
22.620323 0.041661
22.661945 0.041621
22.703655 0.041711
22.745330 0.041675
22.786989 0.041659
22.828662 0.041673
22.870322 0.041660
22.911999 0.041677
22.953656 0.041656
22.995327 0.041671
23.036991 0.041664
23.088981 0.051990
23.121629 0.032648
23.162000 0.040371
23.208771 0.046771
23.245330 0.036559
23.286991 0.041661
23.328663 0.041672
23.370324 0.041661
23.411948 0.041624
23.453657 0.041709
23.496257 0.042601
23.536991 0.040733
23.578664 0.041674
23.620322 0.041657
23.661992 0.041670
23.703656 0.041664
23.745329 0.041673
23.786940 0.041611
23.828657 0.041717
23.870324 0.041667
23.911995 0.041671
23.953667 0.041672
23.996910 0.043244
24.036989 0.040079
24.078660 0.041671
24.120321 0.041661
24.161947 0.041626
24.203665 0.041718
24.245329 0.041664
24.286989 0.041660
24.328660 0.041671
24.370324 0.041664
24.411990 0.041666
24.453658 0.041668
24.495326 0.041668
24.536941 0.041615
24.578663 0.041722
24.620323 0.041660
24.661997 0.041674
24.703658 0.041660
24.745325 0.041668
24.789462 0.044137
24.828660 0.039198
24.870323 0.041664
24.911994 0.041670
24.953659 0.041666
24.995328 0.041668
25.036993 0.041666
25.078666 0.041673
25.148279 0.069613
25.192801 0.044522
25.245321 0.052520
25.286990 0.041669
25.328656 0.041666
25.370325 0.041669
25.411991 0.041665
25.453658 0.041667
25.500572 0.046914
25.536949 0.036377
25.578659 0.041710
25.620326 0.041667
25.661939 0.041613
25.703657 0.041718
25.745323 0.041666
25.786994 0.041671
25.828657 0.041663
25.870329 0.041672
25.911988 0.041659
25.953657 0.041669
25.995325 0.041668
26.036991 0.041666
26.078660 0.041669
26.120324 0.041665
26.161990 0.041666
26.203663 0.041673
26.245280 0.041616
26.286989 0.041709
26.328662 0.041673
26.370278 0.041616
26.411992 0.041715
26.453655 0.041662
26.495325 0.041670
26.536993 0.041667
26.578663 0.041671
26.620324 0.041661
26.661989 0.041665
26.703663 0.041673
26.745328 0.041665
26.786993 0.041665
26.828655 0.041663
26.870326 0.041670
26.911991 0.041666
26.953657 0.041666
26.995323 0.041666
27.036993 0.041671
27.078659 0.041665
27.120322 0.041663
27.161990 0.041669
27.203656 0.041666
27.245325 0.041669
27.286988 0.041663
27.328659 0.041671
27.370324 0.041665
27.411988 0.041664
27.453659 0.041671
27.495321 0.041662
27.536990 0.041669
27.578656 0.041666
27.620325 0.041669
27.661988 0.041662
27.703660 0.041672
27.745321 0.041662
27.786991 0.041670
27.828656 0.041665
27.870324 0.041669
27.911989 0.041664
27.953656 0.041668
27.995323 0.041666
28.036992 0.041669
28.078656 0.041664
28.120323 0.041667
28.161989 0.041666
28.203660 0.041671
28.245324 0.041664
28.286993 0.041669
28.328656 0.041663
28.370326 0.041670
28.411988 0.041663
28.453658 0.041670
28.495325 0.041667
28.536943 0.041618
28.578656 0.041713
28.620324 0.041668
28.661988 0.041664
28.703662 0.041674
28.745326 0.041663
28.786989 0.041663
28.828659 0.041670
28.870325 0.041666
28.911989 0.041664
28.953660 0.041671
28.995323 0.041664
29.036992 0.041669
29.078657 0.041665
29.120326 0.041669
29.161990 0.041664
29.203658 0.041668
29.245329 0.041671
29.286998 0.041669
29.328656 0.041658
29.370331 0.041675
29.411990 0.041659
29.453664 0.041675
29.495325 0.041660
29.536998 0.041673
29.578658 0.041660
29.620330 0.041672
29.661990 0.041660
29.703666 0.041676
29.745324 0.041658
29.786995 0.041671
29.828656 0.041661
29.870330 0.041673
29.911989 0.041659
29.953661 0.041672
29.995325 0.041664
30.037000 0.041675
30.078658 0.041659
30.120326 0.041668
30.161990 0.041664
30.203662 0.041672
30.245331 0.041669
30.286993 0.041662
30.328664 0.041671
30.370331 0.041668
30.414749 0.044417
30.453659 0.038910
30.495326 0.041666
30.536989 0.041663
30.578658 0.041669
30.620322 0.041664
30.661993 0.041670
30.703655 0.041662
30.745326 0.041671
30.786990 0.041664
30.828659 0.041669
30.870322 0.041663
30.911989 0.041667
30.953663 0.041674
30.995323 0.041660
31.036992 0.041670
31.078655 0.041663
31.120327 0.041671
31.161988 0.041662
31.203661 0.041673
31.245322 0.041661
31.286994 0.041672
31.328663 0.041669
31.370322 0.041660
31.411992 0.041669
31.453656 0.041665
31.495329 0.041673
31.536943 0.041613
31.578663 0.041720
31.620322 0.041658
31.661991 0.041669
31.703661 0.041670
31.745327 0.041666
31.786989 0.041662
31.828659 0.041670
31.870322 0.041663
31.911993 0.041671
31.953656 0.041663
31.995325 0.041669
32.036947 0.041622
32.078658 0.041711
32.120330 0.041672
32.161993 0.041663
32.203664 0.041671
32.245325 0.041661
32.286996 0.041672
32.328657 0.041660
32.370330 0.041673
32.411991 0.041661
32.453660 0.041669
32.495322 0.041662
32.536994 0.041672
32.578662 0.041668
32.620333 0.041671
32.661999 0.041667
32.703658 0.041658
32.745326 0.041668
32.786992 0.041666
32.828658 0.041666
32.870322 0.041665
32.911996 0.041674
32.953658 0.041662
32.995327 0.041668
33.036994 0.041667
33.078656 0.041662
33.120327 0.041671
33.161995 0.041669
33.203658 0.041663
33.245324 0.041666
33.286940 0.041616
33.328659 0.041718
33.370325 0.041667
33.411993 0.041667
33.453657 0.041665
33.495326 0.041669
33.536992 0.041666
33.578659 0.041666
33.620326 0.041667
33.661992 0.041666
33.703662 0.041670
33.745326 0.041665
33.786989 0.041663
33.828659 0.041669
33.870325 0.041666
33.911993 0.041668
33.953659 0.041665
34.005835 0.052177
34.036993 0.031158
34.078661 0.041668
34.120324 0.041662
34.163294 0.042971
34.203659 0.040365
34.245331 0.041672
34.286988 0.041657
34.328660 0.041672
34.370326 0.041665
34.411990 0.041664
34.453665 0.041675
34.495322 0.041658
34.536947 0.041624
34.578662 0.041715
34.620331 0.041669
34.661991 0.041661
34.703662 0.041670
34.745322 0.041661
34.786998 0.041676
34.837880 0.050882
34.870324 0.032444
34.911988 0.041664
34.953659 0.041670
34.995329 0.041670
35.036991 0.041662
35.078663 0.041673
35.120324 0.041661
35.161994 0.041670
35.203656 0.041662
35.245327 0.041671
35.286996 0.041670
35.328655 0.041658
35.370330 0.041675
35.411995 0.041665
35.453657 0.041662
35.495327 0.041669
35.536996 0.041669
35.578661 0.041665
35.620321 0.041661
35.661994 0.041673
35.703661 0.041667
35.745321 0.041660
35.786991 0.041670
35.828656 0.041665
35.870331 0.041675
35.911989 0.041657
35.953662 0.041674
35.995326 0.041664
36.036944 0.041618
36.078663 0.041719
36.120326 0.041663
36.161993 0.041667
36.203665 0.041671
36.245327 0.041662
36.286939 0.041612
36.328656 0.041717
36.370329 0.041673
36.411992 0.041663
36.453657 0.041665
36.495326 0.041669
36.536990 0.041664
36.578658 0.041667
36.620322 0.041664
36.661941 0.041619
36.703664 0.041723
36.745323 0.041659
36.786989 0.041666
36.828657 0.041668
36.870326 0.041669
36.911989 0.041663
36.953661 0.041672
36.995328 0.041667
37.036989 0.041661
37.078659 0.041670
37.120326 0.041667
37.161991 0.041665
37.203657 0.041666
37.245325 0.041668
37.286993 0.041669
37.328663 0.041670
37.370326 0.041662
37.411995 0.041669
37.453654 0.041659
37.496106 0.042452
37.536942 0.040836
37.578661 0.041719
37.620328 0.041666
37.661991 0.041664
37.703655 0.041663
37.745324 0.041669
37.786992 0.041668
37.828658 0.041666
37.870324 0.041666
37.911990 0.041667
37.953659 0.041668
37.995326 0.041667
38.036990 0.041664
38.078659 0.041669
38.120329 0.041670
38.161989 0.041660
38.203659 0.041670
38.245327 0.041668
38.286992 0.041665
38.328654 0.041662
38.370327 0.041673
38.411992 0.041666
38.453661 0.041668
38.495323 0.041662
38.536940 0.041618
38.578656 0.041716
38.620323 0.041668
38.661990 0.041666
38.703655 0.041665
38.745324 0.041669
38.786993 0.041669
38.828657 0.041665
38.870322 0.041665
38.911992 0.041670
38.953660 0.041668
38.995335 0.041675
39.036940 0.041605
39.078657 0.041717
39.120328 0.041671
39.161996 0.041669
39.203657 0.041660
39.245323 0.041666
39.286997 0.041674
39.328657 0.041661
39.370324 0.041666
39.411990 0.041666
39.453659 0.041669
39.499476 0.045817
39.536996 0.037521
39.578658 0.041662
39.620326 0.041668
39.661992 0.041665
39.703656 0.041665
39.745325 0.041668
39.786993 0.041669
39.828657 0.041663
39.870327 0.041670
39.911992 0.041665
39.953663 0.041671
39.995325 0.041662
40.036990 0.041665
40.078657 0.041668
40.120330 0.041673
40.161998 0.041667
40.203662 0.041664
40.245321 0.041660
40.286994 0.041673
40.328655 0.041661
40.370325 0.041670
40.411990 0.041665
40.453660 0.041670
40.495325 0.041664
40.536990 0.041665
40.578663 0.041673
40.620322 0.041659
40.661996 0.041674
40.703660 0.041665
40.745322 0.041662
40.786989 0.041667
40.828663 0.041674
40.870327 0.041664
40.911991 0.041664
40.953659 0.041668
40.995326 0.041667
41.036991 0.041665
41.078664 0.041672
41.120322 0.041659
41.161940 0.041618
41.203655 0.041715
41.245330 0.041675
41.286988 0.041658
41.328663 0.041675
41.370323 0.041660
41.411992 0.041669
41.453658 0.041666
41.495325 0.041666
41.536991 0.041666
41.578659 0.041668
41.620327 0.041668
41.661992 0.041665
41.703660 0.041667
41.745321 0.041662
41.786993 0.041671
41.828664 0.041671
41.870327 0.041664
41.911991 0.041663
41.953656 0.041665
41.995324 0.041668
42.036940 0.041615
42.078655 0.041716
42.120322 0.041667
42.161991 0.041669
42.203660 0.041669
42.245324 0.041664
42.286989 0.041666
42.328656 0.041666
42.370325 0.041670
42.411989 0.041664
42.453656 0.041667
42.495322 0.041665
42.536944 0.041622
42.578655 0.041711
42.620322 0.041667
42.661990 0.041668
42.703655 0.041665
42.745322 0.041667
42.786992 0.041670
42.828655 0.041662
42.870322 0.041668
42.911994 0.041671
42.953663 0.041669
42.995324 0.041662
43.036991 0.041667
43.078657 0.041666
43.120324 0.041667
43.161992 0.041667
43.203663 0.041671
43.245322 0.041659
43.286991 0.041669
43.328661 0.041670
43.370324 0.041662
43.411994 0.041670
43.453657 0.041663
43.495329 0.041672
43.536992 0.041663
43.578659 0.041667
43.620325 0.041666
43.661991 0.041666
43.703663 0.041672
43.745326 0.041663
43.786992 0.041665
43.828658 0.041667
43.870321 0.041663
43.911995 0.041674
43.953664 0.041669
43.995324 0.041660
44.036988 0.041664
44.078656 0.041668
44.120324 0.041668
44.161993 0.041668
44.203658 0.041665
44.245324 0.041666
44.286990 0.041666
44.328658 0.041667
44.370325 0.041667
44.411989 0.041665
44.453658 0.041668
44.495327 0.041669
44.536992 0.041666
44.578655 0.041662
44.620324 0.041669
44.661989 0.041665
44.703663 0.041674
44.745322 0.041659
44.786993 0.041672
44.828663 0.041669
44.870329 0.041666
44.911991 0.041662
44.953656 0.041665
44.995327 0.041672
45.036988 0.041661
45.078655 0.041667
45.120324 0.041669
45.161995 0.041670
45.203659 0.041664
45.245324 0.041666
45.286993 0.041669
45.328656 0.041662
45.370325 0.041670
45.411994 0.041668
45.453656 0.041663
45.495329 0.041673
45.536989 0.041659
45.578660 0.041671
45.620328 0.041668
45.661989 0.041661
45.703656 0.041667
45.745321 0.041665
45.786993 0.041672
45.828655 0.041662
45.870326 0.041671
45.911988 0.041662
45.953657 0.041669
45.995321 0.041665
46.036993 0.041671
46.078654 0.041662
46.120330 0.041675
46.161989 0.041659
46.203658 0.041669
46.245327 0.041669
46.286994 0.041667
46.328658 0.041664
46.370330 0.041672
46.411990 0.041660
46.453663 0.041672
46.495324 0.041662
46.536993 0.041669
46.578658 0.041665
46.620324 0.041666
46.661992 0.041668
46.703655 0.041663
46.745322 0.041667
46.786996 0.041674
46.828655 0.041660
46.870325 0.041670
46.911991 0.041666
46.953664 0.041674
46.995322 0.041657
47.036997 0.041675
47.078659 0.041662
47.120326 0.041667
47.161991 0.041665
47.203657 0.041666
47.245325 0.041668
47.286941 0.041616
47.328663 0.041722
47.370321 0.041658
47.411996 0.041675
47.453657 0.041661
47.495325 0.041667
47.536989 0.041665
47.578658 0.041669
47.620324 0.041666
47.661993 0.041669
47.703659 0.041666
47.745324 0.041665
47.786996 0.041671
47.828655 0.041659
47.870330 0.041675
47.911989 0.041659
47.953664 0.041675
47.995325 0.041660
48.036991 0.041666
48.078659 0.041668
48.120327 0.041668
48.161989 0.041662
48.203660 0.041671
48.245330 0.041670
48.286940 0.041610
48.328655 0.041715
48.370330 0.041675
48.411992 0.041662
48.453655 0.041663
48.495323 0.041668
48.536993 0.041670
48.578659 0.041666
48.620325 0.041666
48.661993 0.041668
48.703655 0.041662
48.745330 0.041675
48.786941 0.041611
48.828657 0.041716
48.870322 0.041665
48.911995 0.041674
48.953655 0.041660
48.995325 0.041670
49.036992 0.041668
49.078660 0.041668
49.120329 0.041669
49.161988 0.041659
49.203658 0.041670
49.245326 0.041669
49.286989 0.041662
49.328660 0.041671
49.370322 0.041662
49.411993 0.041671
49.453655 0.041662
49.495323 0.041668
49.536989 0.041666
49.578663 0.041674
49.620328 0.041665
49.661989 0.041661
49.703665 0.041676
49.745322 0.041657
49.786995 0.041673
49.828659 0.041664
49.870325 0.041666
49.911989 0.041664
49.953658 0.041669
49.995325 0.041668
50.036989 0.041664
50.078658 0.041668
50.120322 0.041664
50.161993 0.041671
50.203666 0.041673
50.245324 0.041658
50.286990 0.041666
50.328655 0.041665
50.370327 0.041672
50.411994 0.041667
50.453655 0.041661
50.495323 0.041668
50.536990 0.041667
50.578659 0.041669
50.620324 0.041664
50.661993 0.041670
50.703655 0.041662
50.745326 0.041671
50.786991 0.041665
50.828661 0.041670
50.870322 0.041661
50.911991 0.041669
50.953658 0.041668
50.995327 0.041669
51.036988 0.041662
51.078658 0.041669
51.120323 0.041665
51.161944 0.041621
51.203656 0.041712
51.245325 0.041669
51.286988 0.041664
51.328660 0.041672
51.370323 0.041663
51.411993 0.041670
51.453655 0.041662
51.495326 0.041671
51.536989 0.041663
51.578660 0.041671
51.620325 0.041665
51.661993 0.041668
51.703655 0.041663
51.745329 0.041674
51.786988 0.041659
51.828664 0.041676
51.870322 0.041658
51.911996 0.041674
51.953656 0.041660
51.995328 0.041673
52.036988 0.041659
52.078663 0.041675
52.120326 0.041663
52.161990 0.041664
52.203658 0.041668
52.245322 0.041664
52.286991 0.041669
52.328660 0.041669
52.370324 0.041664
52.412001 0.041677
52.453655 0.041654
52.495325 0.041670
52.536990 0.041664
52.578658 0.041668
52.620327 0.041669
52.661989 0.041661
52.703663 0.041674
52.745325 0.041662
52.786990 0.041665
52.828659 0.041668
52.870323 0.041665
52.911992 0.041669
52.953655 0.041663
52.995324 0.041669
53.036943 0.041618
53.078659 0.041717
53.120324 0.041665
53.161991 0.041667
53.203658 0.041667
53.245323 0.041665
53.286989 0.041666
53.328660 0.041671
53.370323 0.041663
53.411994 0.041671
53.453657 0.041664
53.495322 0.041665
53.536989 0.041667
53.578660 0.041671
53.620325 0.041665
53.661990 0.041665
53.703655 0.041665
53.745326 0.041671
53.786940 0.041614
53.828659 0.041720
53.870323 0.041663
53.911991 0.041668
53.953658 0.041667
53.995321 0.041663
54.036992 0.041671
54.078655 0.041663
54.120327 0.041673
54.161988 0.041661
54.203659 0.041670
54.245323 0.041664
54.286991 0.041667
54.328659 0.041669
54.370322 0.041662
54.411997 0.041675
54.453660 0.041663
54.495330 0.041671
54.536991 0.041660
54.578658 0.041667
54.620324 0.041666
54.661995 0.041671
54.703655 0.041660
54.745325 0.041670
54.786989 0.041664
54.828662 0.041674
54.870322 0.041660
54.911991 0.041669
54.953655 0.041664
54.995327 0.041672
55.036991 0.041664
55.078658 0.041667
55.120322 0.041663
55.161990 0.041669
55.203656 0.041666
55.245323 0.041667
55.286988 0.041665
55.328659 0.041671
55.370321 0.041662
55.411991 0.041669
55.453662 0.041671
55.495325 0.041663
55.536988 0.041663
55.578662 0.041674
55.620324 0.041662
55.661994 0.041669
55.703656 0.041662
55.745328 0.041672
55.786988 0.041661
55.828662 0.041674
55.870323 0.041661
55.911994 0.041671
55.953655 0.041662
55.995327 0.041672
56.036989 0.041663
56.078663 0.041674
56.120326 0.041663
56.161991 0.041665
56.203655 0.041664
56.245325 0.041669
56.286991 0.041666
56.328661 0.041670
56.370332 0.041671
56.411992 0.041660
56.453660 0.041668
56.495280 0.041620
56.536944 0.041664
56.578658 0.041714
56.620280 0.041622
56.661996 0.041717
56.703659 0.041663
56.745327 0.041668
56.786989 0.041662
56.828663 0.041674
56.870324 0.041661
56.911993 0.041669
56.953655 0.041662
56.995326 0.041671
57.036994 0.041667
57.078656 0.041662
57.120324 0.041669
57.161996 0.041672
57.203657 0.041661
57.245328 0.041670
57.286988 0.041661
57.328664 0.041676
57.370325 0.041660
57.411993 0.041668
57.453658 0.041665
57.495328 0.041670
57.536991 0.041663
57.578661 0.041670
57.620326 0.041664
57.661990 0.041664
57.703656 0.041666
57.745325 0.041670
57.786989 0.041663
57.828664 0.041675
57.870324 0.041660
57.911997 0.041672
57.953662 0.041665
57.995325 0.041663
58.036994 0.041669
58.078659 0.041665
58.120324 0.041665
58.161994 0.041670
58.203655 0.041660
58.245329 0.041674
58.286992 0.041663
58.328660 0.041668
58.370324 0.041664
58.411996 0.041672
58.453657 0.041661
58.495331 0.041675
58.536991 0.041659
58.578660 0.041670
58.620324 0.041663
58.661995 0.041672
58.703657 0.041662
58.745329 0.041671
58.786989 0.041660
58.828659 0.041671
58.870322 0.041662
58.911997 0.041675
58.953655 0.041658
58.995330 0.041675
59.036993 0.041662
59.078664 0.041671
59.120322 0.041658
59.161992 0.041670
59.203657 0.041665
59.245279 0.041622
59.286988 0.041709
59.328661 0.041673
59.370323 0.041662
59.411993 0.041670
59.453658 0.041665
59.495327 0.041669
59.536989 0.041662
59.578661 0.041672
59.620325 0.041664
59.661993 0.041669
59.703656 0.041662
59.745322 0.041666
59.786943 0.041621
59.828656 0.041713
59.870326 0.041671
59.911993 0.041667
59.953659 0.041666
59.995328 0.041668
60.036993 0.041665
60.078664 0.041671
60.120325 0.041661
60.161994 0.041669
60.203661 0.041667
60.245332 0.041671
60.286991 0.041659
60.328659 0.041668
60.370330 0.041671
60.411997 0.041667
60.453655 0.041658
60.495326 0.041670
60.536994 0.041668
60.578660 0.041666
60.620322 0.041662
60.661992 0.041670
60.703662 0.041670
60.745327 0.041665
60.786992 0.041665
60.828660 0.041667
60.870327 0.041667
60.911992 0.041665
60.953658 0.041667
60.995327 0.041668
61.036990 0.041664
61.078661 0.041670
61.120327 0.041666
61.161992 0.041666
61.203659 0.041666
61.245327 0.041668
61.286989 0.041662
61.328660 0.041671
61.370324 0.041665
61.411998 0.041673
61.453659 0.041661
61.495331 0.041672
61.536990 0.041658
61.578660 0.041671
61.620325 0.041665
61.661993 0.041668
61.703656 0.041663
61.745331 0.041675
61.786993 0.041662
61.828662 0.041669
61.870324 0.041662
61.911989 0.041665
61.953661 0.041672
61.995327 0.041666
62.036940 0.041614
62.078663 0.041722
62.120325 0.041662
62.161997 0.041673
62.203655 0.041658
62.245330 0.041674
62.286992 0.041663
62.328658 0.041665
62.370323 0.041665
62.411989 0.041666
62.453659 0.041670
62.495326 0.041667
62.536991 0.041665
62.578658 0.041667
62.620326 0.041668
62.661993 0.041667
62.703660 0.041667
62.752772 0.049112
62.786939 0.034167
62.828664 0.041725
62.870324 0.041660
62.911995 0.041671
62.953658 0.041663
62.995323 0.041665
63.036996 0.041673
63.078659 0.041663
63.120329 0.041670
63.161989 0.041660
63.203656 0.041667
63.245274 0.041618
63.286938 0.041665
63.328662 0.041723
63.370321 0.041659
63.411988 0.041667
63.453661 0.041672
63.495322 0.041661
63.536992 0.041670
63.578655 0.041663
63.620325 0.041670
63.661995 0.041670
63.703658 0.041663
63.745327 0.041669
63.786988 0.041661
63.828661 0.041674
63.870272 0.041611
63.911995 0.041724
63.953656 0.041661
63.995328 0.041672
64.037077 0.041749
64.078689 0.041611
64.120324 0.041636
64.161987 0.041663
64.203661 0.041673
64.245324 0.041663
64.286990 0.041667
64.328657 0.041667
64.370325 0.041668
64.411988 0.041663
64.453663 0.041675
64.495321 0.041658
64.536948 0.041627
64.578661 0.041713
64.620323 0.041662
64.661996 0.041673
64.703656 0.041660
64.745326 0.041670
64.786990 0.041664
64.828661 0.041671
64.870321 0.041660
64.911996 0.041675
64.953660 0.041664
64.995322 0.041661
65.036995 0.041673
65.078657 0.041662
65.120321 0.041664
65.161990 0.041669
65.203656 0.041666
65.245326 0.041670
65.286988 0.041662
65.328657 0.041669
65.370323 0.041667
65.411990 0.041666
65.453659 0.041669
65.495324 0.041665
65.536988 0.041664
65.578659 0.041670
65.620321 0.041662
65.661992 0.041671
65.703657 0.041665
65.745328 0.041672
65.786943 0.041615
65.828657 0.041715
65.870320 0.041663
65.911988 0.041667
65.953657 0.041669
65.995322 0.041665
66.036991 0.041669
66.078662 0.041671
66.120328 0.041666
66.161944 0.041616
66.203657 0.041713
66.245327 0.041670
66.286940 0.041614
66.328656 0.041715
66.370324 0.041669
66.411996 0.041672
66.453661 0.041665
66.495323 0.041661
66.536994 0.041671
66.578664 0.041670
66.620327 0.041663
66.661990 0.041664
66.703660 0.041670
66.745324 0.041664
66.786988 0.041664
66.833314 0.046325
66.870326 0.037012
66.918279 0.047954
66.953660 0.035381
66.995322 0.041661
67.038521 0.043200
67.078655 0.040134
67.120323 0.041668
67.161997 0.041673
67.203659 0.041663
67.245323 0.041664
67.286992 0.041669
67.328659 0.041667
67.370327 0.041668
67.411988 0.041661
67.453662 0.041674
67.495325 0.041663
67.536993 0.041668
67.578657 0.041665
67.620326 0.041668
67.661991 0.041665
67.703660 0.041670
67.745325 0.041664
67.786996 0.041671
67.828655 0.041659
67.870330 0.041675
67.918270 0.047940
67.953659 0.035389
67.995326 0.041666
68.036991 0.041665
68.078656 0.041665
68.120326 0.041670
68.161995 0.041669
68.203663 0.041669
68.245323 0.041659
68.286994 0.041672
68.328661 0.041667
68.370322 0.041661
68.411997 0.041675
68.453656 0.041659
68.495326 0.041669
68.536991 0.041665
68.578656 0.041666
68.620322 0.041665
68.661997 0.041675
68.703656 0.041659
68.745325 0.041668
68.786943 0.041618
68.828659 0.041716
68.870323 0.041664
68.911991 0.041668
68.953661 0.041670
68.995323 0.041662
69.036992 0.041669
69.078655 0.041663
69.120331 0.041675
69.161992 0.041661
69.203665 0.041673
69.245327 0.041662
69.286992 0.041666
69.328655 0.041663
69.370324 0.041669
69.411997 0.041673
69.453662 0.041665
69.495324 0.041662
69.536991 0.041667
69.578659 0.041668
69.620326 0.041667
69.661992 0.041666
69.703655 0.041663
69.745329 0.041674
69.786994 0.041665
69.828660 0.041666
69.870322 0.041662
69.911996 0.041674
69.954645 0.042649
69.995325 0.040680
70.036993 0.041667
70.078656 0.041664
70.120325 0.041668
70.161991 0.041666
70.203659 0.041668
70.245326 0.041667
70.286992 0.041666
70.328660 0.041667
70.370328 0.041668
70.411989 0.041661
70.453659 0.041671
70.495326 0.041667
70.536989 0.041663
70.578662 0.041673
70.620327 0.041664
70.661997 0.041670
70.703656 0.041659
70.745325 0.041669
70.786992 0.041667
70.828663 0.041671
70.870322 0.041659
70.911996 0.041674
70.953659 0.041663
70.995329 0.041670
71.036942 0.041613
71.078657 0.041715
71.120327 0.041669
71.161994 0.041667
71.203655 0.041661
71.245326 0.041672
71.286993 0.041667
71.328660 0.041667
71.370322 0.041662
71.411988 0.041666
71.453660 0.041671
71.495326 0.041667
71.536990 0.041664
71.578658 0.041668
71.620325 0.041667
71.661993 0.041668
71.703656 0.041663
71.745321 0.041665
71.786989 0.041668
71.828655 0.041667
71.870327 0.041672
71.911990 0.041662
71.953660 0.041670
71.995322 0.041662
72.036988 0.041666
72.078655 0.041667
72.120323 0.041667
72.161989 0.041667
72.203654 0.041665
72.245328 0.041674
72.286989 0.041661
72.328659 0.041671
72.370322 0.041663
72.411993 0.041671
72.453657 0.041664
72.495327 0.041670
72.536991 0.041665
72.578656 0.041665
72.620321 0.041665
72.661989 0.041668
72.703655 0.041666
72.745325 0.041670
72.786989 0.041664
72.828661 0.041671
72.870326 0.041665
72.911996 0.041670
72.953656 0.041660
72.995327 0.041671
73.036993 0.041666
73.078657 0.041664
73.120327 0.041669
73.161995 0.041668
73.203655 0.041660
73.245324 0.041669
73.286989 0.041665
73.328655 0.041666
73.370325 0.041669
73.411989 0.041664
73.453659 0.041670
73.495324 0.041665
73.536988 0.041664
73.578658 0.041669
73.620326 0.041668
73.661997 0.041671
73.703655 0.041659
73.745324 0.041669
73.786991 0.041667
73.828662 0.041671
73.870322 0.041659
73.911991 0.041670
73.953659 0.041667
73.995328 0.041670
74.036988 0.041660
74.078659 0.041670
74.120325 0.041667
74.161992 0.041667
74.203656 0.041663
74.245324 0.041669
74.286995 0.041671
74.328663 0.041668
74.370325 0.041661
74.411988 0.041664
74.453662 0.041674
74.495322 0.041660
74.536992 0.041669
74.578655 0.041664
74.620324 0.041669
74.661993 0.041668
74.703663 0.041670
74.745322 0.041659
74.786944 0.041622
74.828655 0.041711
74.870327 0.041672
74.911993 0.041666
74.953664 0.041671
74.995321 0.041657
75.036997 0.041676
75.078659 0.041662
75.120325 0.041666
75.161991 0.041667
75.203658 0.041666
75.245328 0.041671
75.286941 0.041613
75.328664 0.041723
75.370328 0.041663
75.411992 0.041665
75.453658 0.041666
75.495324 0.041665
75.536989 0.041665
75.578659 0.041670
75.620325 0.041666
75.661990 0.041665
75.703658 0.041668
75.745327 0.041669
75.786947 0.041621
75.828656 0.041709
75.870326 0.041670
75.911989 0.041663
75.953659 0.041670
75.995326 0.041667
76.036994 0.041667
76.078660 0.041667
76.120322 0.041661
76.161991 0.041670
76.203658 0.041667
76.245328 0.041670
76.286992 0.041664
76.328656 0.041664
76.370327 0.041672
76.411989 0.041661
76.453659 0.041670
76.495325 0.041666
76.536992 0.041667
76.578658 0.041666
76.620324 0.041666
76.661990 0.041667
76.703660 0.041669
76.745324 0.041664
76.786994 0.041670
76.828659 0.041665
76.870330 0.041671
76.911991 0.041661
76.953655 0.041664
76.995326 0.041671
77.036993 0.041667
77.078655 0.041662
77.120324 0.041669
77.161992 0.041668
77.203663 0.041670
77.245323 0.041660
77.286996 0.041673
77.328655 0.041659
77.370323 0.041668
77.411943 0.041620
77.453660 0.041717
77.495325 0.041664
77.536996 0.041671
77.578655 0.041659
77.620327 0.041673
77.661990 0.041662
77.703659 0.041669
77.745325 0.041666
77.786942 0.041617
77.828655 0.041714
77.870325 0.041670
77.911988 0.041663
77.953658 0.041669
77.995322 0.041664
78.036994 0.041672
78.078654 0.041660
78.120326 0.041672
78.161988 0.041662
78.203660 0.041672
78.245323 0.041663
78.286992 0.041669
78.328655 0.041663
78.370328 0.041673
78.411989 0.041661
78.453660 0.041671
78.495322 0.041662
78.536990 0.041668
78.578655 0.041665
78.620325 0.041671
78.661939 0.041614
78.703660 0.041721
78.745327 0.041667
78.786992 0.041665
78.828660 0.041668
78.870331 0.041671
78.911994 0.041663
78.953655 0.041662
78.995326 0.041671
79.036992 0.041666
79.078657 0.041665
79.120321 0.041664
79.161992 0.041671
79.203658 0.041666
79.245326 0.041668
79.286989 0.041662
79.328656 0.041667
79.370322 0.041666
79.411992 0.041670
79.453660 0.041668
79.495325 0.041664
79.536992 0.041667
79.578659 0.041667
79.620329 0.041670
79.661994 0.041664
79.703654 0.041660
79.745330 0.041676
79.786992 0.041662
79.828674 0.041681
79.892664 0.063991
79.920763 0.028099
79.953661 0.032898
80.012810 0.059149
80.044772 0.031961
80.078661 0.033889
80.120324 0.041663
80.161998 0.041674
80.203658 0.041660
80.245382 0.041724
80.286992 0.041610
80.328654 0.041662
80.370321 0.041667
80.411939 0.041618
80.453655 0.041716
80.495330 0.041675
80.536996 0.041666
80.579137 0.042141
80.620325 0.041188
80.661989 0.041664
80.703658 0.041669
80.745324 0.041667
80.786990 0.041666
80.828667 0.041676
80.870356 0.041689
80.911991 0.041635
80.953656 0.041664
80.995326 0.041671
81.036991 0.041664
81.078658 0.041668
81.120325 0.041666
81.163596 0.043272
81.203661 0.040065
81.245323 0.041662
81.286991 0.041667
81.328655 0.041665
81.370326 0.041671
81.411989 0.041662
81.453660 0.041672
81.495327 0.041666
81.536991 0.041664
81.578657 0.041666
81.620325 0.041668
81.661993 0.041668
81.703658 0.041665
81.745322 0.041664
81.786995 0.041673
81.828663 0.041668
81.870325 0.041661
81.911990 0.041666
81.953658 0.041668
81.995329 0.041671
82.036940 0.041611
82.078663 0.041723
82.120332 0.041669
82.161996 0.041664
82.203657 0.041661
82.245326 0.041668
82.286991 0.041665
82.328658 0.041667
82.370324 0.041666
82.411988 0.041664
82.453657 0.041669
82.495323 0.041666
82.536987 0.041664
82.578656 0.041669
82.620324 0.041668
82.661991 0.041667
82.703660 0.041669
82.745330 0.041670
82.786991 0.041662
82.828659 0.041668
82.870326 0.041666
82.911992 0.041667
82.953657 0.041664
82.995321 0.041664
83.036940 0.041619
83.078661 0.041721
83.120321 0.041661
83.161988 0.041667
83.203657 0.041669
83.245328 0.041670
83.286991 0.041664
83.328658 0.041667
83.370321 0.041662
83.411996 0.041676
83.453665 0.041669
83.495332 0.041667
83.536992 0.041659
83.578655 0.041664
83.620323 0.041668
83.661994 0.041670
83.703654 0.041661
83.745325 0.041671
83.786988 0.041663
83.828664 0.041676
83.870323 0.041658
83.911996 0.041673
83.953654 0.041658
83.995330 0.041676
84.036989 0.041659
84.078659 0.041670
84.120328 0.041669
84.161990 0.041662
84.203661 0.041671
84.245322 0.041662
84.286993 0.041670
84.328657 0.041664
84.370330 0.041673
84.411991 0.041661
84.453660 0.041668
84.495324 0.041664
84.536995 0.041671
84.578662 0.041667
84.620326 0.041664
84.661993 0.041667
84.703659 0.041666
84.745330 0.041670
84.786988 0.041658
84.828654 0.041666
84.870324 0.041670
84.911994 0.041670
84.953655 0.041660
84.995325 0.041671
85.036988 0.041663
85.078657 0.041669
85.120321 0.041664
85.161941 0.041619
85.203657 0.041716
85.245321 0.041664
85.286994 0.041673
85.328659 0.041665
85.370327 0.041668
85.411988 0.041660
85.453656 0.041668
85.495322 0.041666
85.536990 0.041668
85.578656 0.041666
85.620324 0.041668
85.661995 0.041671
85.703658 0.041663
85.745327 0.041669
85.786991 0.041664
85.828657 0.041666
85.870323 0.041666
85.911996 0.041673
85.953655 0.041658
85.995326 0.041672
86.036988 0.041662
86.078663 0.041674
86.120321 0.041659
86.161995 0.041674
86.203655 0.041660
86.245329 0.041674
86.286987 0.041658
86.328659 0.041672
86.370324 0.041664
86.411997 0.041673
86.453658 0.041661
86.495325 0.041668
86.536992 0.041666
86.578662 0.041670
86.620325 0.041664
86.661995 0.041670
86.703665 0.041670
86.745327 0.041662
86.786991 0.041664
86.828664 0.041673
86.870322 0.041658
86.911997 0.041675
86.953654 0.041658
86.995324 0.041670
87.036990 0.041666
87.078659 0.041669
87.120322 0.041663
87.161993 0.041671
87.203654 0.041661
87.245326 0.041672
87.286997 0.041671
87.328657 0.041660
87.370323 0.041667
87.411991 0.041668
87.453655 0.041664
87.495326 0.041671
87.536991 0.041666
87.578655 0.041664
87.620323 0.041668
87.661997 0.041675
87.703655 0.041658
87.745327 0.041671
87.786997 0.041670
87.828657 0.041661
87.870326 0.041669
87.911990 0.041663
87.953657 0.041667
87.995322 0.041665
88.036990 0.041668
88.078655 0.041665
88.120323 0.041668
88.161988 0.041665
88.203655 0.041667
88.245321 0.041666
88.286991 0.041670
88.328655 0.041664
88.370329 0.041674
88.411989 0.041660
88.453662 0.041673
88.495322 0.041660
88.536994 0.041673
88.578655 0.041660
88.620327 0.041672
88.661990 0.041663
88.703660 0.041670
88.745321 0.041661
88.786992 0.041671
88.828655 0.041663
88.870326 0.041671
88.911989 0.041663
88.953661 0.041673
88.995328 0.041667
89.036990 0.041662
89.081711 0.044721
89.120324 0.038613
89.161993 0.041669
89.203655 0.041662
89.245334 0.041679
89.286990 0.041656
89.328661 0.041671
89.370325 0.041664
89.411998 0.041673
89.453658 0.041660
89.495326 0.041668
89.536990 0.041664
89.578664 0.041674
89.620322 0.041658
89.661946 0.041624
89.703669 0.041722
89.745327 0.041658
89.786991 0.041665
89.828662 0.041671
89.870327 0.041665
89.911993 0.041667
89.953656 0.041662
89.995325 0.041669
90.036988 0.041663
90.078665 0.041676
90.120324 0.041659
90.161993 0.041670
90.203663 0.041669
90.245328 0.041665
90.286988 0.041660
90.328660 0.041672
90.370323 0.041663
90.411992 0.041669
90.453659 0.041667
90.495326 0.041667
90.536939 0.041613
90.578661 0.041722
90.620323 0.041662
90.661996 0.041674
90.703655 0.041658
90.745322 0.041667
90.786993 0.041671
90.828657 0.041663
90.870330 0.041674
90.911993 0.041663
90.953664 0.041671
90.995325 0.041662
91.039170 0.043845
91.078657 0.039486
91.120331 0.041674
91.161990 0.041659
91.203658 0.041668
91.245329 0.041671
91.286993 0.041665
91.328658 0.041664
91.370329 0.041672
91.411989 0.041660
91.453658 0.041669
91.495326 0.041668
91.536988 0.041662
91.578660 0.041672
91.620326 0.041666
91.661947 0.041621
91.703658 0.041711
91.745325 0.041666
91.786992 0.041667
91.828656 0.041664
91.870324 0.041668
91.911945 0.041620
91.953655 0.041711
91.995323 0.041667
92.036991 0.041668
92.078661 0.041670
92.120322 0.041660
92.161991 0.041669
92.203661 0.041671
92.245324 0.041663
92.286994 0.041669
92.328658 0.041664
92.370331 0.041673
92.411989 0.041659
92.453656 0.041667
92.495323 0.041666
92.536997 0.041675
92.578655 0.041658
92.620330 0.041675
92.661991 0.041661
92.703660 0.041669
92.745328 0.041668
92.786988 0.041660
92.828662 0.041674
92.870323 0.041661
92.911989 0.041666
92.953660 0.041671
92.995328 0.041668
93.036993 0.041665
93.078659 0.041666
93.120324 0.041665
93.161990 0.041666
93.203659 0.041669
93.245325 0.041665
93.286988 0.041663
93.328661 0.041673
93.370325 0.041664
93.411993 0.041668
93.453659 0.041666
93.495322 0.041663
93.536996 0.041674
93.578656 0.041660
93.620326 0.041670
93.661939 0.041613
93.703660 0.041720
93.745331 0.041671
93.786939 0.041608
93.828658 0.041719
93.870326 0.041669
93.911994 0.041668
93.953655 0.041661
93.995329 0.041674
94.036943 0.041614
94.078660 0.041717
94.120329 0.041669
94.161990 0.041661
94.203658 0.041668
94.245323 0.041665
94.286990 0.041668
94.328655 0.041665
94.370331 0.041676
94.411993 0.041662
94.453655 0.041662
94.495327 0.041672
94.536992 0.041665
94.578655 0.041663
94.620324 0.041670
94.661990 0.041666
94.703655 0.041665
94.745325 0.041670
94.786992 0.041668
94.828667 0.041675
94.870338 0.041670
94.911988 0.041651
94.953658 0.041670
94.995324 0.041666
95.036992 0.041668
95.078663 0.041671
95.120324 0.041661
95.161990 0.041667
95.203662 0.041671
95.245329 0.041668
95.286989 0.041660
95.328663 0.041674
95.370326 0.041663
95.411992 0.041666
95.453655 0.041664
95.495325 0.041669
95.536945 0.041620
95.578659 0.041714
95.620321 0.041662
95.661989 0.041668
95.703659 0.041670
95.745324 0.041666
95.786942 0.041617
95.828664 0.041723
95.870331 0.041667
95.911993 0.041662
95.953655 0.041662
95.995322 0.041667
96.036994 0.041671
96.078661 0.041668
96.120321 0.041660
96.161988 0.041667
96.203658 0.041670
96.245324 0.041666
96.286990 0.041665
96.328668 0.041678
96.370327 0.041659
96.411991 0.041664
96.453659 0.041668
96.495323 0.041664
96.536994 0.041671
96.578658 0.041664
96.620325 0.041667
96.661991 0.041666
96.703657 0.041666
96.745321 0.041664
96.786995 0.041674
96.828657 0.041662
96.870330 0.041673
96.911950 0.041620
96.953659 0.041709
96.995324 0.041665
97.036991 0.041666
97.078661 0.041670
97.120325 0.041664
97.161989 0.041665
97.203656 0.041667
97.245329 0.041673
97.286989 0.041659
97.328658 0.041669
97.370325 0.041668
97.411940 0.041615
97.453657 0.041718
97.495330 0.041673
97.536994 0.041664
97.578663 0.041669
97.620322 0.041660
97.661993 0.041670
97.703661 0.041668
97.745322 0.041661
97.786997 0.041675
97.828661 0.041664
97.870325 0.041664
97.911989 0.041663
97.953662 0.041673
97.995326 0.041664
98.036997 0.041672
98.078657 0.041659
98.120329 0.041672
98.161993 0.041664
98.203658 0.041665
98.245330 0.041672
98.286989 0.041660
98.328663 0.041674
98.370328 0.041665
98.411991 0.041663
98.453660 0.041669
98.495328 0.041668
98.536993 0.041665
98.578657 0.041665
98.620974 0.042317
98.661990 0.041016
98.703660 0.041670
98.745325 0.041665
98.786992 0.041667
98.828657 0.041665
98.870327 0.041670
98.911993 0.041666
98.953661 0.041669
98.998350 0.044689
99.036994 0.038644
99.078664 0.041670
99.120322 0.041658
99.161988 0.041667
99.203660 0.041672
99.245324 0.041664
99.286945 0.041621
99.328661 0.041716
99.370321 0.041660
99.412818 0.042496
99.453658 0.040840
99.495327 0.041669
99.536990 0.041663
99.578660 0.041670
99.620328 0.041669
99.661993 0.041665
99.703662 0.041668
99.745326 0.041664
99.786997 0.041671
99.828660 0.041663
99.870326 0.041667
99.911988 0.041662
99.953659 0.041671
99.995321 0.041663
100.036992 0.041671
100.078660 0.041668
100.120324 0.041664
100.161947 0.041623
100.203659 0.041712
100.245323 0.041664
100.286997 0.041674
100.328658 0.041661
100.370326 0.041668
100.411997 0.041671
100.453655 0.041658
100.495329 0.041675
100.536993 0.041664
100.578656 0.041663
100.620324 0.041668
100.661989 0.041665
100.703660 0.041670
100.745324 0.041664
100.786993 0.041669
100.828655 0.041662
100.870328 0.041672
100.911989 0.041661
100.953660 0.041670
100.995323 0.041663
101.036994 0.041671
101.078660 0.041667
101.120331 0.041671
101.161992 0.041661
101.203660 0.041668
101.245322 0.041662
101.286994 0.041672
101.328657 0.041664
101.370329 0.041671
101.411991 0.041663
101.453664 0.041673
101.495322 0.041658
101.536997 0.041675
101.578656 0.041659
101.620330 0.041674
101.661992 0.041662
101.704612 0.042620
101.745326 0.040714
101.786989 0.041662
101.828661 0.041672
101.870322 0.041661
101.911996 0.041675
101.953655 0.041659
101.995330 0.041674
102.036989 0.041659
102.078662 0.041673
102.120322 0.041661
102.161996 0.041673
102.203655 0.041660
102.245329 0.041674
102.286989 0.041660
102.328660 0.041672
102.370323 0.041663
102.411990 0.041667
102.453655 0.041665
102.495326 0.041671
102.536993 0.041667
102.578661 0.041668
102.620325 0.041664
102.661993 0.041668
102.703658 0.041665
102.745331 0.041673
102.786990 0.041659
102.828664 0.041673
102.870322 0.041658
102.911997 0.041676
102.953657 0.041659
102.995327 0.041670
103.036991 0.041663
103.078664 0.041674
103.120328 0.041664
103.161995 0.041666
103.203665 0.041670
103.245326 0.041661
103.286991 0.041665
103.328655 0.041664
103.370330 0.041675
103.411993 0.041663
103.453660 0.041667
103.495321 0.041661
103.543154 0.047832
103.578658 0.035504
103.620323 0.041666
103.661997 0.041674
103.703654 0.041657
103.745324 0.041669
103.786989 0.041666
103.828663 0.041673
103.870322 0.041659
103.911995 0.041674
103.955570 0.043575
103.995329 0.039759
104.036991 0.041662
104.078663 0.041672
104.120326 0.041663
104.161993 0.041667
104.203663 0.041670
104.245321 0.041658
104.286995 0.041674
104.328656 0.041661
104.370323 0.041667
104.411992 0.041669
104.453659 0.041667
104.495328 0.041668
104.536989 0.041662
104.578663 0.041674
104.620326 0.041663
104.661996 0.041670
104.703657 0.041661
104.745322 0.041664
104.786993 0.041672
104.828664 0.041671
104.870323 0.041659
104.911990 0.041667
104.953659 0.041669
104.995328 0.041669
105.036988 0.041660
105.078659 0.041671
105.120323 0.041664
105.161992 0.041669
105.203658 0.041666
105.245276 0.041618
105.286991 0.041714
105.328662 0.041671
105.370321 0.041659
105.411996 0.041675
105.453662 0.041666
105.495323 0.041661
105.536992 0.041669
105.578657 0.041664
105.620332 0.041675
105.661991 0.041659
105.703660 0.041669
105.745324 0.041663
105.786944 0.041620
105.828655 0.041711
105.870325 0.041670
105.911989 0.041663
105.953659 0.041671
105.995322 0.041663
106.036995 0.041673
106.078656 0.041661
106.120327 0.041671
106.161991 0.041664
106.203660 0.041669
106.245325 0.041665
106.286998 0.041673
106.328659 0.041661
106.370328 0.041670
106.411988 0.041660
106.453660 0.041672
106.495322 0.041662
106.536996 0.041674
106.578661 0.041665
106.620322 0.041661
106.661991 0.041669
106.703657 0.041666
106.745324 0.041667
106.786940 0.041616
106.828658 0.041719
106.870325 0.041667
106.911996 0.041671
106.953663 0.041667
106.995325 0.041661
107.036992 0.041667
107.078663 0.041671
107.120325 0.041662
107.161988 0.041663
107.203662 0.041674
107.245324 0.041662
107.286992 0.041667
107.328654 0.041663
107.370329 0.041675
107.411993 0.041664
107.453656 0.041663
107.495326 0.041670
107.536997 0.041670
107.578659 0.041663
107.620321 0.041662
107.661993 0.041672
107.703664 0.041671
107.745330 0.041666
107.786991 0.041661
107.828658 0.041668
107.870323 0.041665
107.911991 0.041668
107.953655 0.041664
107.995360 0.041705
108.036993 0.041633
108.078663 0.041670
108.120321 0.041658
108.161991 0.041670
108.203654 0.041663
108.245324 0.041669
108.286991 0.041667
108.328659 0.041667
108.370322 0.041663
108.411989 0.041667
108.453655 0.041666
108.495324 0.041669
108.536989 0.041665
108.578662 0.041674
108.620322 0.041660
108.661989 0.041667
108.703655 0.041666
108.745327 0.041672
108.786988 0.041661
108.828659 0.041670
108.870322 0.041663
108.911994 0.041673
108.953660 0.041666
108.995323 0.041663
109.036992 0.041669
109.078658 0.041666
109.120329 0.041671
109.161990 0.041661
109.203658 0.041668
109.245326 0.041668
109.286947 0.041621
109.328655 0.041708
109.370327 0.041673
109.411987 0.041660
109.453660 0.041672
109.495325 0.041665
109.536994 0.041669
109.578662 0.041668
109.620327 0.041664
109.661988 0.041662
109.703657 0.041669
109.745330 0.041673
109.786991 0.041661
109.828658 0.041667
109.870322 0.041664
109.911996 0.041674
109.953658 0.041662
109.995324 0.041666
110.036992 0.041667
110.078660 0.041668
110.120327 0.041667
110.161991 0.041664
110.203656 0.041665
110.245325 0.041670
110.286988 0.041663
110.328662 0.041674
110.370327 0.041665
110.411943 0.041616
110.453663 0.041720
110.495324 0.041661
110.536994 0.041670
110.578657 0.041664
110.620329 0.041672
110.661991 0.041661
110.703660 0.041669
110.745275 0.041615
110.786990 0.041715
110.828657 0.041667
110.870327 0.041670
110.911989 0.041663
110.953655 0.041666
110.995322 0.041666
111.036994 0.041672
111.078663 0.041670
111.120326 0.041663
111.161992 0.041666
111.203659 0.041666
111.245325 0.041667
111.286992 0.041667
111.328655 0.041663
111.370326 0.041671
111.411988 0.041662
111.453664 0.041676
111.495325 0.041662
111.536993 0.041668
111.578655 0.041662
111.620326 0.041671
111.661996 0.041669
111.703661 0.041665
111.745322 0.041660
111.786994 0.041672
111.828659 0.041665
111.870325 0.041666
111.911997 0.041671
111.953656 0.041659
111.995324 0.041668
112.036989 0.041665
112.078657 0.041668
112.120322 0.041665
112.161995 0.041673
112.203655 0.041660
112.245325 0.041670
112.286992 0.041667
112.328666 0.041674
112.370322 0.041655
112.411992 0.041670
112.453655 0.041664
112.495331 0.041676
112.536989 0.041658
112.578660 0.041670
112.620322 0.041662
112.661993 0.041672
112.703656 0.041663
112.745330 0.041674
112.786989 0.041658
112.828664 0.041675
112.870322 0.041658
112.917313 0.046991
112.953658 0.036345
112.995325 0.041667
113.036988 0.041663
113.078663 0.041675
113.120322 0.041659
113.161993 0.041671
113.203656 0.041663
113.245323 0.041667
113.286988 0.041665
113.328665 0.041676
113.370330 0.041665
113.411988 0.041658
113.453660 0.041671
113.495325 0.041665
113.536995 0.041670
113.578664 0.041668
113.620323 0.041659
113.661998 0.041675
113.703660 0.041662
113.745325 0.041665
113.786994 0.041669
113.828655 0.041661
113.870328 0.041673
113.911992 0.041664
113.953657 0.041665
113.995327 0.041670
114.036992 0.041666
114.078659 0.041667
114.120322 0.041662
114.161992 0.041670
114.203659 0.041667
114.245331 0.041672
114.286990 0.041659
114.328657 0.041668
114.370327 0.041669
114.411991 0.041665
114.453658 0.041667
114.495323 0.041664
114.536945 0.041623
114.578664 0.041719
114.620321 0.041657
114.661997 0.041676
114.703660 0.041663
114.745322 0.041662
114.786948 0.041626
114.828660 0.041712
114.870325 0.041666
114.911989 0.041664
114.953664 0.041675
114.995326 0.041662
115.036994 0.041668
115.078664 0.041670
115.120322 0.041659
115.161992 0.041670
115.203664 0.041672
115.245323 0.041659
115.286992 0.041669
115.328660 0.041668
115.370321 0.041662
115.411988 0.041667
115.453654 0.041667
115.495326 0.041672
115.536991 0.041665
115.578658 0.041667
115.620326 0.041668
115.661996 0.041670
115.703657 0.041661
115.745328 0.041671
115.786994 0.041666
115.828656 0.041662
115.870322 0.041666
115.911996 0.041674
115.953660 0.041664
115.995322 0.041662
116.036988 0.041666
116.078660 0.041672
116.120327 0.041667
116.161991 0.041664
116.203658 0.041668
116.245329 0.041670
116.286996 0.041667
116.328660 0.041664
116.370322 0.041662
116.411988 0.041665
116.453660 0.041673
116.495324 0.041664
116.536992 0.041668
116.578663 0.041671
116.620326 0.041663
116.661997 0.041671
116.703663 0.041667
116.745322 0.041659
116.786995 0.041673
116.828654 0.041659
116.870322 0.041667
116.911991 0.041670
116.953661 0.041670
116.995323 0.041662
117.036991 0.041667
117.078659 0.041669
117.120327 0.041668
117.161988 0.041661
117.203656 0.041668
117.245329 0.041673
117.286994 0.041665
117.328655 0.041661
117.370328 0.041673
117.411993 0.041665
117.453663 0.041669
117.495324 0.041661
117.536993 0.041669
117.578660 0.041667
117.620330 0.041670
117.661992 0.041661
117.703660 0.041668
117.745326 0.041666
117.786997 0.041671
117.828661 0.041664
117.870322 0.041661
117.911993 0.041671
117.953656 0.041663
117.995325 0.041669
118.036992 0.041667
118.078655 0.041663
118.120326 0.041671
118.161941 0.041615
118.203656 0.041715
118.245330 0.041675
118.286993 0.041662
118.328656 0.041664
118.370331 0.041674
118.412927 0.042596
118.453659 0.040732
118.495325 0.041666
118.536994 0.041669
118.578657 0.041663
118.620326 0.041669
118.661987 0.041661
118.703660 0.041673
118.745327 0.041667
118.786989 0.041662
118.828659 0.041670
118.870322 0.041662
118.911996 0.041674
118.953659 0.041664
118.995324 0.041665
119.036991 0.041667
119.078660 0.041669
119.120328 0.041668
119.161992 0.041664
119.203657 0.041666
119.246133 0.042476
119.286993 0.040860
119.328658 0.041665
119.370322 0.041664
119.411993 0.041671
119.453658 0.041665
119.495328 0.041670
119.536992 0.041665
119.578659 0.041666
119.620328 0.041669
119.661992 0.041664
119.703658 0.041666
119.745330 0.041672
119.786997 0.041667
119.828656 0.041659
119.870330 0.041674
119.911997 0.041666
119.953656 0.041659
119.995330 0.041674
120.036989 0.041659
120.078660 0.041671
120.120321 0.041662
120.161946 0.041625
120.203659 0.041712
120.245323 0.041665
120.286998 0.041674
120.328662 0.041664
120.370325 0.041663
120.411988 0.041663
120.453658 0.041670
120.495327 0.041669
120.536991 0.041664
120.578660 0.041669
120.620324 0.041664
120.661944 0.041621
120.703657 0.041712
120.745324 0.041668
120.786994 0.041670
120.828657 0.041663
120.870327 0.041669
120.911997 0.041670
120.953658 0.041661
120.995325 0.041667
121.036993 0.041669
121.078660 0.041667
121.120323 0.041663
121.161992 0.041669
121.203660 0.041668
121.245330 0.041670
121.287048 0.041718
121.328655 0.041608
121.370326 0.041670
121.411997 0.041671
121.453665 0.041668
121.495328 0.041663
121.536994 0.041666
121.578660 0.041666
121.620321 0.041662
121.661991 0.041670
121.703663 0.041672
121.745322 0.041659
121.786994 0.041671
121.828655 0.041662
121.870329 0.041674
121.911995 0.041666
121.953658 0.041663
121.995327 0.041669
122.036997 0.041670
122.078659 0.041662
122.120326 0.041667
122.161989 0.041663
122.203661 0.041672
122.245327 0.041666
122.286991 0.041664
122.328657 0.041667
122.370328 0.041670
122.411996 0.041668
122.453659 0.041663
122.495321 0.041662
122.536994 0.041674
122.578660 0.041666
122.620322 0.041662
122.661988 0.041666
122.704894 0.042906
122.745328 0.040434
122.786993 0.041665
122.828655 0.041661
122.870330 0.041675
122.911994 0.041664
122.953658 0.041664
122.995326 0.041668
123.036994 0.041668
123.078660 0.041666
123.120323 0.041663
123.161942 0.041620
123.203661 0.041719
123.245324 0.041663
123.286997 0.041673
123.328655 0.041658
123.370333 0.041678
123.411989 0.041656
123.453657 0.041667
123.495322 0.041665
123.536989 0.041668
123.578656 0.041667
123.620325 0.041669
123.661989 0.041664
123.703655 0.041666
123.745323 0.041668
123.786991 0.041667
123.828663 0.041672
123.870324 0.041660
123.911993 0.041669
123.953657 0.041664
123.995321 0.041664
124.036989 0.041667
124.078660 0.041672
124.120326 0.041665
124.161992 0.041666
124.203658 0.041666
124.245322 0.041664
124.286941 0.041619
124.328656 0.041715
124.370325 0.041669
124.411988 0.041663
124.453660 0.041672
124.495325 0.041665
124.536939 0.041614
124.578655 0.041716
124.620330 0.041674
124.661938 0.041609
124.703659 0.041721
124.745322 0.041663
124.786991 0.041669
124.828660 0.041669
124.870322 0.041662
124.911990 0.041668
124.953659 0.041669
124.995321 0.041662
125.036991 0.041670
125.078658 0.041667
125.120329 0.041671
125.161989 0.041660
125.203656 0.041667
125.245327 0.041671
125.286993 0.041665
125.328657 0.041665
125.370325 0.041668
125.411992 0.041667
125.453660 0.041668
125.495325 0.041664
125.536993 0.041668
125.578660 0.041667
125.620328 0.041668
125.661991 0.041664
125.703657 0.041666
125.745278 0.041621
125.786995 0.041717
125.828657 0.041663
125.870326 0.041669
125.911992 0.041666
125.953661 0.041668
125.995324 0.041663
126.036990 0.041666
126.078657 0.041668
126.120328 0.041671
126.161990 0.041663
126.203660 0.041670
126.245328 0.041668
126.286990 0.041661
126.328658 0.041668
126.370322 0.041665
126.411939 0.041616
126.453658 0.041720
126.495324 0.041666
126.536993 0.041669
126.578660 0.041667
126.620330 0.041671
126.661991 0.041661
126.703658 0.041667
126.745328 0.041670
126.786993 0.041666
126.828659 0.041665
126.870327 0.041668
126.911993 0.041666
126.953658 0.041664
126.995329 0.041671
127.036992 0.041664
127.078661 0.041668
127.120327 0.041666
127.161993 0.041666
127.203655 0.041662
127.245321 0.041666
127.286991 0.041670
127.328656 0.041665
127.370323 0.041667
127.411988 0.041665
127.453659 0.041671
127.495321 0.041662
127.536994 0.041673
127.578657 0.041662
127.620327 0.041670
127.661941 0.041614
127.703658 0.041716
127.745321 0.041664
127.786948 0.041626
127.828655 0.041708
127.870328 0.041672
127.911993 0.041666
127.953659 0.041665
127.995274 0.041615
128.036994 0.041720
128.078656 0.041663
128.120328 0.041671
128.161990 0.041662
128.203659 0.041669
128.245330 0.041671
128.286988 0.041658
128.328661 0.041672
128.370321 0.041661
128.411993 0.041672
128.453655 0.041662
128.495325 0.041670
128.536988 0.041662
128.578659 0.041671
128.620325 0.041666
128.661988 0.041663
128.703660 0.041673
128.745322 0.041662
128.786992 0.041670
128.828655 0.041663
128.870327 0.041672
128.911988 0.041661
128.953661 0.041673
128.995327 0.041666
129.036989 0.041662
129.078660 0.041671
129.120324 0.041665
129.161997 0.041673
129.203661 0.041664
129.245322 0.041661
129.286990 0.041668
129.328656 0.041666
129.370323 0.041668
129.411939 0.041616
129.453658 0.041719
129.495322 0.041664
129.536994 0.041672
129.578662 0.041668
129.620324 0.041663
129.661996 0.041672
129.703659 0.041662
129.745329 0.041670
129.786991 0.041662
129.828661 0.041670
129.870328 0.041667
129.911993 0.041665
129.953655 0.041663
129.995325 0.041669
130.036997 0.041672
130.078662 0.041666
130.120327 0.041665
130.161991 0.041664
130.203657 0.041666
130.245325 0.041668
130.286988 0.041664
130.328657 0.041669
130.370324 0.041667
130.427408 0.057084
130.453660 0.026252
130.495332 0.041672
130.536989 0.041657
130.578664 0.041675
130.620330 0.041667
130.661992 0.041662
130.703658 0.041665
130.745327 0.041670
130.786997 0.041670
130.828663 0.041666
130.870327 0.041664
130.912001 0.041674
130.953660 0.041659
130.995326 0.041666
131.036941 0.041615
131.078657 0.041716
131.120325 0.041668
131.161944 0.041619
131.203658 0.041714
131.245324 0.041665
131.286990 0.041666
131.328658 0.041668
131.370325 0.041667
131.411993 0.041668
131.453663 0.041670
131.495329 0.041666
131.536992 0.041663
131.578660 0.041668
131.620323 0.041663
131.661948 0.041624
131.703659 0.041712
131.745321 0.041662
131.786996 0.041675
131.828660 0.041664
131.870330 0.041670
131.911988 0.041659
131.953663 0.041675
131.995321 0.041659
132.036948 0.041627
132.078661 0.041712
132.120327 0.041666
132.161992 0.041665
132.203659 0.041667
132.245328 0.041669
132.286993 0.041664
132.328656 0.041663
132.370327 0.041671
132.411996 0.041669
132.453659 0.041662
132.495329 0.041671
132.536939 0.041609
132.578662 0.041724
132.620324 0.041662
132.661994 0.041670
132.703655 0.041661
132.745325 0.041671
132.786988 0.041662
132.828656 0.041668
132.870322 0.041666
132.911994 0.041671
132.953656 0.041662
132.995326 0.041670
133.036988 0.041662
133.078661 0.041673
133.120327 0.041666
133.161993 0.041666
133.203654 0.041661
133.245329 0.041676
133.286988 0.041658
133.328660 0.041672
133.370322 0.041662
133.411997 0.041675
133.453660 0.041663
133.495328 0.041668
133.536941 0.041613
133.578658 0.041717
133.620329 0.041671
133.661994 0.041665
133.703657 0.041663
133.745326 0.041669
133.786991 0.041665
133.831746 0.044755
133.870327 0.038581
133.911990 0.041663
133.953664 0.041674
133.995325 0.041661
134.036990 0.041666
134.078661 0.041671
134.120328 0.041666
134.161988 0.041660
134.203657 0.041670
134.245324 0.041666
134.286990 0.041667
134.328656 0.041666
134.370324 0.041668
134.411994 0.041670
134.453655 0.041661
134.495326 0.041671
134.536991 0.041665
134.578656 0.041665
134.620325 0.041668
134.661988 0.041663
134.703664 0.041676
134.745328 0.041664
134.786991 0.041663
134.828660 0.041669
134.870324 0.041665
134.911997 0.041673
134.953664 0.041666
134.995321 0.041658
135.036947 0.041625
135.078662 0.041715
135.120324 0.041662
135.161994 0.041669
135.203655 0.041661
135.245328 0.041673
135.286990 0.041662
135.328659 0.041669
135.370324 0.041665
135.411991 0.041667
135.453655 0.041663
135.495326 0.041671
135.536989 0.041663
135.578658 0.041668
135.620324 0.041666
135.661990 0.041666
135.703656 0.041666
135.745326 0.041670
135.786992 0.041666
135.828664 0.041672
135.870326 0.041662
135.911996 0.041670
135.953663 0.041668
135.995330 0.041667
136.036991 0.041661
136.078656 0.041665
136.120334 0.041678
136.161997 0.041663
136.203659 0.041662
136.245329 0.041669
136.286991 0.041662
136.328662 0.041671
136.370326 0.041664
136.411988 0.041662
136.453662 0.041674
136.495322 0.041660
136.536994 0.041672
136.578655 0.041662
136.620328 0.041672
136.661995 0.041668
136.703659 0.041663
136.745327 0.041668
136.786995 0.041668
136.828655 0.041660
136.870326 0.041671
136.911988 0.041662
136.953660 0.041672
136.995329 0.041669
137.036996 0.041667
137.078658 0.041662
137.120328 0.041670
137.161992 0.041664
137.203657 0.041665
137.245327 0.041670
137.286990 0.041663
137.328660 0.041671
137.370324 0.041664
137.411997 0.041673
137.453665 0.041668
137.495323 0.041658
137.536993 0.041670
137.578655 0.041661
137.620328 0.041673
137.661996 0.041669
137.703657 0.041661
137.745329 0.041672
137.786990 0.041660
137.828664 0.041674
137.870329 0.041665
137.911991 0.041661
137.953655 0.041665
137.995330 0.041675
138.036997 0.041667
138.078657 0.041660
138.120327 0.041670
138.161991 0.041663
138.203659 0.041668
138.245321 0.041663
138.286990 0.041669
138.328660 0.041669
138.370329 0.041669
138.411991 0.041662
138.453659 0.041668
138.495325 0.041665
138.536994 0.041669
138.578663 0.041670
138.620322 0.041659
138.661948 0.041626
138.703661 0.041713
138.745325 0.041664
138.786997 0.041672
138.828663 0.041666
138.870327 0.041664
138.911992 0.041665
138.953659 0.041668
138.995324 0.041665
139.036993 0.041669
139.078657 0.041664
139.120322 0.041665
139.161996 0.041674
139.203659 0.041663
139.245325 0.041666
139.286994 0.041669
139.328659 0.041665
139.370327 0.041668
139.411993 0.041666
139.453663 0.041670
139.495327 0.041663
139.536992 0.041665
139.578659 0.041667
139.620321 0.041662
139.661996 0.041675
139.703661 0.041665
139.745329 0.041668
139.786991 0.041662
139.828658 0.041667
139.870328 0.041670
139.912001 0.041673
139.953662 0.041661
139.995322 0.041660
140.036993 0.041671
140.078655 0.041662
140.120327 0.041673
140.161993 0.041665
140.203655 0.041662
140.245322 0.041667
140.286993 0.041671
140.328659 0.041666
140.370322 0.041663
140.411988 0.041666
140.453660 0.041671
140.495329 0.041669
140.536990 0.041661
140.578657 0.041667
140.620328 0.041670
140.661993 0.041665
140.703656 0.041663
140.745326 0.041670
140.786993 0.041667
140.828658 0.041665
140.870321 0.041663
140.911989 0.041667
140.953659 0.041670
140.995321 0.041663
141.036991 0.041670
141.078658 0.041667
141.120328 0.041671
141.173677 0.053348
141.203665 0.029988
141.245324 0.041659
141.286995 0.041672
141.328660 0.041664
141.370324 0.041664
141.411948 0.041624
141.453663 0.041715
141.500158 0.046495
141.538400 0.038243
141.578811 0.040411
141.620331 0.041519
141.661944 0.041613
141.703654 0.041711
141.745325 0.041671
141.788863 0.043537
141.828662 0.039800
141.870328 0.041665
141.911993 0.041665
141.953659 0.041666
141.995329 0.041671
142.036990 0.041661
142.078656 0.041666
142.120323 0.041667
142.161997 0.041674
142.203655 0.041659
142.245323 0.041668
142.286994 0.041670
142.328660 0.041666
142.370328 0.041668
142.411990 0.041663
142.453660 0.041669
142.495323 0.041663
142.536994 0.041671
142.578660 0.041666
142.620325 0.041665
142.661993 0.041668
142.703658 0.041664
142.745328 0.041670
142.786991 0.041663
142.828660 0.041669
142.870321 0.041661
142.911992 0.041671
142.953656 0.041663
142.995331 0.041675
143.036988 0.041657
143.078659 0.041671
143.120325 0.041666
143.161994 0.041669
143.203657 0.041663
143.245324 0.041668
143.286940 0.041616
143.328659 0.041719
143.370325 0.041666
143.411993 0.041668
143.453657 0.041664
143.495322 0.041665
143.536989 0.041667
143.578663 0.041674
143.620322 0.041659
143.662114 0.041792
143.703657 0.041543
143.745328 0.041671
143.786991 0.041663
143.828660 0.041669
143.872744 0.044084
143.911994 0.039250
143.953657 0.041663
143.995328 0.041671
144.036995 0.041667
144.078655 0.041660
144.120325 0.041670
144.161941 0.041616
144.203657 0.041716
144.245321 0.041664
144.286940 0.041619
144.328658 0.041718
144.370324 0.041665
144.411990 0.041666
144.453656 0.041666
144.495324 0.041668
144.536991 0.041667
144.578659 0.041667
144.620326 0.041668
144.661992 0.041665
144.703662 0.041671
144.745323 0.041660
144.786990 0.041668
144.828658 0.041668
144.870323 0.041665
144.911990 0.041667
144.953657 0.041667
144.995321 0.041664
145.036991 0.041669
145.078655 0.041664
145.120328 0.041674
145.161990 0.041661
145.203657 0.041668
145.245326 0.041668
145.286991 0.041665
145.328662 0.041670
145.370322 0.041661
145.411994 0.041672
145.453658 0.041664
145.495327 0.041669
145.536991 0.041664
145.578657 0.041666
145.620323 0.041665
145.661997 0.041675
145.703655 0.041658
145.745324 0.041669
145.786992 0.041668
145.828657 0.041665
145.870327 0.041670
145.911989 0.041662
145.953657 0.041669
145.995323 0.041666
146.037000 0.041677
146.078657 0.041657
146.120321 0.041664
146.161991 0.041670
146.203660 0.041669
146.245324 0.041664
146.286991 0.041667
146.328658 0.041667
146.370326 0.041669
146.411990 0.041664
146.453662 0.041672
146.495322 0.041660
146.536992 0.041670
146.578657 0.041665
146.620327 0.041671
146.661990 0.041663
146.703656 0.041665
146.745325 0.041669
146.786992 0.041667
146.828658 0.041665
146.870324 0.041666
146.911991 0.041668
146.953659 0.041668
146.995324 0.041665
147.036994 0.041671
147.078657 0.041663
147.120322 0.041665
147.161993 0.041672
147.203655 0.041661
147.245327 0.041673
147.286988 0.041661
147.328660 0.041671
147.370322 0.041662
147.411997 0.041676
147.453668 0.041671
147.495325 0.041657
147.536991 0.041666
147.578662 0.041671
147.620325 0.041663
147.661993 0.041668
147.703656 0.041663
147.745331 0.041674
147.793035 0.047704
147.828659 0.035625
147.870324 0.041665
147.911998 0.041674
147.953658 0.041659
147.995326 0.041668
148.036997 0.041671
148.078666 0.041669
148.120336 0.041670
148.161994 0.041658
148.203668 0.041674
148.245331 0.041663
148.286990 0.041659
148.328659 0.041669
148.373417 0.044758
148.411997 0.038580
148.453658 0.041661
148.495330 0.041672
148.536993 0.041663
148.578657 0.041663
148.620331 0.041674
148.661989 0.041658
148.704593 0.042604
148.745329 0.040737
148.786991 0.041662
148.828657 0.041666
148.870322 0.041665
148.911996 0.041674
148.953658 0.041661
148.995326 0.041668
149.036994 0.041668
149.078662 0.041668
149.120325 0.041663
149.161994 0.041669
149.203655 0.041661
149.245330 0.041675
149.286991 0.041661
149.328660 0.041669
149.370327 0.041667
149.411992 0.041665
149.453658 0.041665
149.495327 0.041669
149.536998 0.041670
149.578661 0.041664
149.620335 0.041674
149.661992 0.041656
149.703658 0.041667
149.745330 0.041672
149.786992 0.041662
149.828659 0.041667
149.870322 0.041663
149.911996 0.041674
149.953663 0.041667
149.995324 0.041661
150.036998 0.041674
150.078661 0.041663
150.120322 0.041661
150.161992 0.041670
150.203658 0.041666
150.245324 0.041666
150.287000 0.041675
150.328659 0.041659
150.370330 0.041672
150.411994 0.041664
150.453663 0.041669
150.495326 0.041663
150.536988 0.041662
150.578655 0.041667
150.620326 0.041670
150.661987 0.041662
150.703655 0.041668
150.745328 0.041673
150.786989 0.041661
150.828655 0.041666
150.870322 0.041668
150.911990 0.041667
150.953660 0.041671
150.997260 0.043599
151.036997 0.039737
151.078657 0.041660
151.120321 0.041664
151.161996 0.041674
151.203655 0.041660
151.245327 0.041671
151.286942 0.041616
151.328656 0.041713
151.370321 0.041665
151.411990 0.041669
151.453660 0.041670
151.495324 0.041664
151.536994 0.041670
151.578659 0.041665
151.620323 0.041664
151.661993 0.041671
151.703657 0.041664
151.745328 0.041671
151.786990 0.041663
151.828658 0.041667
151.870329 0.041671
151.911988 0.041659
151.953661 0.041673
151.995324 0.041663
152.036996 0.041672
152.078659 0.041663
152.120323 0.041664
152.161995 0.041672
152.203660 0.041665
152.245323 0.041663
152.286993 0.041670
152.328659 0.041665
152.370327 0.041668
152.411993 0.041666
152.453656 0.041663
152.495327 0.041670
152.536992 0.041666
152.578659 0.041666
152.620326 0.041667
152.661992 0.041667
152.703659 0.041667
152.745326 0.041667
152.786991 0.041665
152.828659 0.041668
152.870326 0.041667
152.911993 0.041666
152.953657 0.041665
152.995326 0.041669
153.036997 0.041670
153.078656 0.041660
153.120324 0.041668
153.161995 0.041671
153.203655 0.041660
153.245329 0.041674
153.286991 0.041661
153.328659 0.041669
153.370325 0.041666
153.411989 0.041665
153.453655 0.041666
153.495325 0.041670
153.536993 0.041668
153.578659 0.041666
153.620325 0.041666
153.661938 0.041614
153.703658 0.041720
153.745326 0.041667
153.786991 0.041665
153.828655 0.041663
153.870325 0.041670
153.911989 0.041664
153.953656 0.041667
153.995322 0.041666
154.036941 0.041619
154.078656 0.041715
154.120325 0.041669
154.161994 0.041669
154.203658 0.041663
154.245323 0.041665
154.286989 0.041666
154.328658 0.041670
154.370325 0.041666
154.411989 0.041664
154.453660 0.041672
154.495325 0.041664
154.536992 0.041668
154.578661 0.041668
154.620331 0.041670
154.661991 0.041660
154.703657 0.041666
154.745327 0.041670
154.786991 0.041663
154.828657 0.041666
154.870327 0.041670
154.911989 0.041662
154.953660 0.041671
154.995329 0.041669
155.036999 0.041671
155.078655 0.041656
155.120333 0.041677
155.161997 0.041664
155.203662 0.041665
155.245321 0.041659
155.286987 0.041666
155.328659 0.041672
155.370327 0.041668
