0.000000 0
0.259633 1
0.510769 2
0.760270 3
1.010487 4
1.260109 5
1.510507 6
1.759388 7
2.009164 8
2.258289 9
2.509123 10
2.759518 11
3.009780 12
3.259634 13
3.508804 14
3.758534 15
4.008722 16
4.258676 17
4.506395 18
4.755493 19
5.004408 20
5.254034 21
5.503772 22
5.753725 23
6.004644 24
6.255909 25
6.507443 26
6.757539 27
7.009385 28
7.258996 29
7.509705 30
7.759649 31
8.009673 32
8.259225 33
8.510151 34
8.759952 35
9.010205 36
9.259864 37
9.509836 38
9.759602 39
10.009728 40
10.258899 41
10.509175 42
10.758909 43
11.008467 44
11.258914 45
11.509357 46
11.759057 47
12.009663 48
12.259554 49
12.509004 50
12.759408 51
13.008482 52
13.268664 53
13.507886 54
13.758058 55
14.007673 56
14.258189 57
14.507241 58
14.754907 59
15.004273 60
15.252835 61
15.502270 62
15.752012 63
16.002854 64
16.251820 65
16.503047 66
16.753786 67
17.005681 68
17.258334 69
17.510116 70
17.759910 71
18.010562 72
18.260783 73
18.510852 74
18.760622 75
19.010904 76
19.260667 77
19.510926 78
19.760582 79
20.010532 80
20.260534 81
20.510542 82
20.760226 83
21.010558 84
21.260495 85
21.510599 86
21.760289 87
22.010473 88
22.260559 89
22.509916 90
22.758408 91
23.006126 92
23.255270 93
23.504552 94
23.752109 95
24.000864 96
24.249032 97
24.497769 98
24.751558 99
25.002300 100
25.250889 101
25.504684 102
25.755340 103
26.007502 104
26.258240 105
26.508761 106
26.758847 107
27.008415 108
27.258539 109
27.508810 110
27.760052 111
28.010436 112
28.260699 113
28.510746 114
28.759973 115
29.010562 116
29.260451 117
29.510021 118
29.760253 119
30.009893 120
30.260327 121
30.510863 122
30.759841 123
31.010057 124
31.258595 125
31.508489 126
31.756663 127
32.004188 128
32.251501 129
32.499083 130
32.748264 131
32.998934 132
33.249918 133
33.502601 134
33.752945 135
34.004684 136
34.256145 137
34.506937 138
34.758942 139
35.010094 140
35.260612 141
35.511025 142
35.761001 143
36.011103 144
36.260845 145
36.510880 146
36.760768 147
37.010463 148
37.260753 149
37.509421 150
37.759569 151
38.009029 152
38.258513 153
38.508191 154
38.757855 155
39.009327 156
39.260698 157
39.510524 158
39.759861 159
40.009017 160
40.259048 161
40.507833 162
40.756749 163
41.003635 164
41.250220 165
41.500010 166
41.746894 167
41.998063 168
42.247560 169
42.501480 170
42.752917 171
43.004203 172
43.255260 173
43.507078 174
43.758598 175
44.009850 176
44.260487 177
44.510468 178
44.759959 179
45.010363 180
45.260246 181
45.508481 182
45.757233 183
46.008647 184
46.258020 185
46.507626 186
46.757702 187
47.009106 188
47.258330 189
47.508311 190
47.758102 191
48.006424 192
48.255572 193
48.505917 194
48.757512 195
49.005928 196
49.254143 197
49.503037 198
49.752698 199
50.001948 200
50.251584 201
50.500815 202
50.749240 203
50.999567 204
51.250375 205
51.501353 206
51.752506 207
52.003469 208
52.253581 209
52.505369 210
52.756667 211
53.009060 212
53.259378 213
53.509269 214
53.759861 215
54.010370 216
54.260246 217
54.510703 218
54.759928 219
55.009336 220
55.259825 221
55.510029 222
55.760557 223
56.010729 224
56.260479 225
56.509122 226
56.759852 227
57.010624 228
57.259848 229
57.510082 230
57.759491 231
58.009589 232
58.259383 233
58.508813 234
58.758091 235
59.006900 236
59.255063 237
59.504739 238
59.754164 239
60.003741 240
60.252240 241
60.500831 242
60.751229 243
60.998976 244
61.250031 245
61.504590 246
61.755296 247
62.003086 248
62.252700 249
62.503543 250
62.753255 251
63.002405 252
63.253833 253
63.503490 254
63.752940 255
64.004361 256
64.254665 257
64.503626 258
64.753143 259
65.004569 260
65.254190 261
