0.000000 0
1.004193 0.042814
2.000012 0.043717
3.008225 0.036483
4.032221 0.039942
5.020223 0.035935
6.012227 0.035910
7.040219 0.039926
8.028224 0.036637
9.004224 0.035360
10.004223 0.039943
11.024224 0.043911
12.032220 0.039924
13.000012 0.035062
14.032221 0.040149
15.024225 0.035929
16.004198 0.035927
17.036225 0.039960
18.000222 0.035973
19.012232 0.043061
20.000012 0.041426
21.016222 0.036146
22.004229 0.035934
23.032223 0.039910
24.016223 0.035568
25.008214 0.037280
26.032221 0.039944
27.000224 0.036670
28.024223 0.043918
29.004224 0.037691
