0.000000 0
0.318522 1
0.567475 2
0.817154 3
1.066626 4
1.316248 5
1.567749 6
1.815996 7
2.067044 8
2.315817 9
2.565768 10
2.838244 11
3.072064 12
3.316319 13
3.565514 14
3.815287 15
4.065327 16
4.315323 17
4.563390 18
4.811264 19
5.061414 20
5.311563 21
5.560626 22
5.810580 23
6.061290 24
6.313526 25
6.564276 26
6.814340 27
7.066236 28
7.315859 29
7.567067 30
7.816545 31
8.067341 32
8.316023 33
8.567067 34
8.816870 35
9.067103 36
9.317510 37
9.566684 38
9.816634 39
10.066336 40
10.315714 41
10.566049 42
10.815878 43
11.065290 44
11.316092 45
11.566283 46
11.815996 47
12.066530 48
12.316269 49
12.565857 50
12.816431 51
13.065362 52
13.315416 53
13.564571 54
13.814873 55
14.064539 56
15.745738 57
17.426722 58
19.116143 59
20.753240 60
22.404453 61
24.044600 62
25.661244 63
27.294494 64
28.918540 65
30.565969 66
32.228814 67
33.893446 68
35.588770 69
37.301877 70
39.024448 71
40.745038 72
42.483587 73
44.124717 74
44.281536 75
44.438353 76
44.595117 77
44.751591 78
44.908102 79
45.064650 80
45.221123 81
45.377489 82
45.533808 83
45.690190 84
45.846541 85
46.003644 86
46.159907 87
46.316302 88
46.472576 89
46.628313 90
46.782346 91
46.934442 92
47.085614 93
47.236998 94
47.385522 95
47.532292 96
47.677455 97
47.822154 98
47.969899 99
48.118862 100
48.265826 101
48.416548 102
48.567805 103
48.721231 104
48.875717 105
49.030279 106
49.185049 107
49.339838 108
49.494140 109
49.648918 110
49.804974 111
49.961387 112
50.118736 113
50.275632 114
50.431637 115
50.588100 116
50.744736 117
50.900718 118
51.056884 119
51.212764 120
51.369216 121
51.525730 122
51.681882 123
51.838038 124
51.992449 125
52.147519 126
52.301980 127
52.452315 128
52.599848 129
52.745508 130
52.889969 131
53.035129 132
53.181147 133
53.329969 134
53.479659 135
53.630556 136
53.782723 137
53.935723 138
54.090642 139
54.247392 140
54.403928 141
54.561036 142
54.717937 143
54.874900 144
55.031627 145
55.188270 146
55.345022 147
55.501376 148
55.657958 149
55.814392 150
55.969809 151
56.124773 152
56.280167 153
56.434194 154
56.587926 155
56.743125 156
56.899122 157
57.055323 158
57.211067 159
57.365770 160
57.520770 161
57.674491 162
57.827269 163
57.976743 164
58.123108 165
58.269438 166
58.412957 167
58.556989 168
58.700615 169
58.848138 170
58.997006 171
59.147290 172
59.298095 173
59.451207 174
59.605736 175
59.761950 176
59.918407 177
60.074759 178
60.230935 179
60.387838 180
60.543596 181
60.697887 182
60.850721 183
61.005181 184
61.159419 185
61.312948 186
61.466595 187
61.621599 188
61.775720 189
61.930007 190
62.084135 191
62.236585 192
62.388537 193
62.539736 194
62.693292 195
62.845159 196
62.995264 197
63.144306 198
63.292997 199
63.440923 200
63.588531 201
63.735445 202
63.880753 203
64.026437 204
64.172795 205
64.320291 206
64.469567 207
64.619146 208
64.768785 209
64.920535 210
65.073243 211
65.228387 212
65.384047 213
65.539371 214
65.695323 215
65.851772 216
66.008082 217
66.164849 218
66.320842 219
66.476028 220
66.631888 221
66.787822 222
66.944418 223
67.101069 224
67.257561 225
67.413473 226
67.569287 227
67.726052 228
67.881995 229
68.038340 230
68.194084 231
68.349977 232
68.505385 233
68.661033 234
68.814739 235
68.967986 236
69.119357 237
69.270324 238
69.420697 239
69.570658 240
69.719277 241
69.866272 242
70.013343 243
70.158909 244
70.305187 245
70.456012 246
70.607380 247
70.764734 248
70.939084 249
71.114255 250
71.289285 251
71.463231 252
71.639087 253
71.814134 254
71.988759 255
72.165200 256
72.321380 257
72.471262 258
72.620548 259
72.783272 260
72.959421 261
