0.000000 0
1.019579 0.093067
2.039573 0.091748
3.007571 0.088243
4.019572 0.091861
5.031558 0.091835
6.011576 0.089032
7.023573 0.091760
8.031581 0.091852
9.011574 0.087964
10.003582 0.090540
11.011573 0.090788
12.031574 0.093699
13.011575 0.087806
14.019577 0.091790
15.011574 0.089836
16.019575 0.091859
17.015572 0.090448
18.027571 0.091804
19.019574 0.089370
20.027575 0.091849
21.003580 0.088718
22.019564 0.091760
23.003579 0.089769
24.023569 0.091834
25.035573 0.091888
26.015573 0.089447
27.003580 0.089674
28.007576 0.090987
29.019572 0.091377
