0.015389 0.015389
0.041952 0.026563
0.082864 0.040912
0.124544 0.041680
0.166205 0.041661
0.207908 0.041703
0.249535 0.041627
0.291247 0.041712
0.332870 0.041623
0.374535 0.041665
0.416228 0.041693
0.457861 0.041633
0.499578 0.041717
0.541196 0.041618
0.582861 0.041665
0.624574 0.041713
0.666238 0.041664
0.707907 0.041669
0.749571 0.041664
0.791243 0.041672
0.832842 0.041599
0.874550 0.041708
0.916213 0.041663
0.957876 0.041663
0.999543 0.041667
1.041161 0.041618
1.082875 0.041714
1.124544 0.041669
1.166210 0.041666
1.207876 0.041666
1.249544 0.041668
1.291210 0.041666
1.332877 0.041667
1.374542 0.041665
1.416210 0.041668
1.457877 0.041667
1.499544 0.041667
1.541210 0.041666
1.582875 0.041665
1.624544 0.041669
1.666209 0.041665
1.707877 0.041668
1.749544 0.041667
1.791209 0.041665
1.832876 0.041667
1.874544 0.041668
1.916209 0.041665
1.957875 0.041666
1.999543 0.041668
2.041211 0.041668
2.082877 0.041666
2.124544 0.041667
2.166210 0.041666
2.207876 0.041666
2.249544 0.041668
2.291211 0.041667
2.332877 0.041666
2.374544 0.041667
2.416212 0.041668
2.457877 0.041665
2.499546 0.041669
2.541211 0.041665
2.582876 0.041665
2.624543 0.041667
2.666210 0.041667
2.707878 0.041668
2.749545 0.041667
2.791212 0.041667
2.832877 0.041665
2.874546 0.041669
2.916210 0.041664
2.957877 0.041667
2.999543 0.041666
3.041216 0.041673
3.082877 0.041661
3.124543 0.041666
3.166210 0.041667
3.207877 0.041667
3.249546 0.041669
3.291214 0.041668
3.332876 0.041662
3.374543 0.041667
3.416210 0.041667
3.457876 0.041666
3.499543 0.041667
3.541210 0.041667
3.582877 0.041667
3.624545 0.041668
3.666211 0.041666
3.707878 0.041667
3.749542 0.041664
3.791211 0.041669
3.832876 0.041665
3.874545 0.041669
3.916211 0.041666
3.957877 0.041666
3.999544 0.041667
4.041211 0.041667
4.082878 0.041667
4.124543 0.041665
4.166210 0.041667
4.207876 0.041666
4.249542 0.041666
4.291210 0.041668
4.332876 0.041666
4.374544 0.041668
4.416211 0.041667
4.457876 0.041665
4.499546 0.041670
4.541210 0.041664
4.582876 0.041666
4.624544 0.041668
4.666210 0.041666
4.707874 0.041664
4.749542 0.041668
4.791210 0.041668
4.832876 0.041666
4.874545 0.041669
4.916214 0.041669
4.957877 0.041663
4.999547 0.041670
5.041210 0.041663
5.082875 0.041665
5.124545 0.041670
5.166210 0.041665
5.207877 0.041667
5.249545 0.041668
5.291210 0.041665
5.332877 0.041667
5.374545 0.041668
5.416212 0.041667
5.457877 0.041665
5.499544 0.041667
5.541209 0.041665
5.582877 0.041668
5.624545 0.041668
5.666214 0.041669
5.707884 0.041670
5.749545 0.041661
5.791213 0.041668
5.832881 0.041668
5.874549 0.041668
5.916211 0.041662
5.957881 0.041670
5.999544 0.041663
6.041215 0.041671
6.082878 0.041663
6.124544 0.041666
6.166217 0.041673
6.207876 0.041659
6.249547 0.041671
6.291163 0.041616
6.332877 0.041714
6.374544 0.041667
6.416164 0.041620
6.457876 0.041712
6.499546 0.041670
6.541209 0.041663
6.582877 0.041668
6.624543 0.041666
6.666210 0.041667
6.707878 0.041668
6.749544 0.041666
6.791212 0.041668
6.832877 0.041665
6.874544 0.041667
6.916212 0.041668
6.957878 0.041666
6.999545 0.041667
7.041212 0.041667
7.082878 0.041666
7.124547 0.041669
7.166210 0.041663
7.207877 0.041667
7.249544 0.041667
7.291211 0.041667
7.332879 0.041668
7.374544 0.041665
7.416209 0.041665
7.457878 0.041669
7.499549 0.041671
7.541212 0.041663
7.582876 0.041664
7.624543 0.041667
7.666210 0.041667
7.707877 0.041667
7.749545 0.041668
7.791161 0.041616
7.832876 0.041715
7.874545 0.041669
7.916210 0.041665
7.957875 0.041665
7.999545 0.041670
8.041209 0.041664
8.082877 0.041668
8.124544 0.041667
8.166216 0.041672
8.207879 0.041663
8.249545 0.041666
8.291212 0.041667
8.332880 0.041668
8.374547 0.041667
8.416214 0.041667
8.457827 0.041613
8.499548 0.041721
8.541211 0.041663
8.582881 0.041670
8.624548 0.041667
8.666214 0.041666
8.707877 0.041663
8.749547 0.041670
8.791215 0.041668
8.832877 0.041662
8.874544 0.041667
8.916210 0.041666
8.957882 0.041672
8.999543 0.041661
9.041210 0.041667
9.082880 0.041670
9.124548 0.041668
9.166213 0.041665
9.207880 0.041667
9.249545 0.041665
9.291161 0.041616
9.332882 0.041721
9.374545 0.041663
9.416210 0.041665
9.457878 0.041668
9.499544 0.041666
9.541215 0.041671
9.582879 0.041664
9.624549 0.041670
9.666215 0.041666
9.707877 0.041662
9.749544 0.041667
9.791211 0.041667
9.832879 0.041668
9.874544 0.041665
9.916213 0.041669
9.957879 0.041666
9.999548 0.041669
10.041216 0.041668
10.082877 0.041661
10.124543 0.041666
10.166214 0.041671
10.207877 0.041663
10.249543 0.041666
10.291210 0.041667
10.332878 0.041668
10.374545 0.041667
10.416212 0.041667
10.457880 0.041668
10.499544 0.041664
10.541213 0.041669
10.582876 0.041663
10.624540 0.041664
10.666213 0.041673
10.707877 0.041664
10.749543 0.041666
10.791211 0.041668
10.832879 0.041668
10.874548 0.041669
10.916210 0.041662
10.957877 0.041667
10.999500 0.041623
11.041211 0.041711
11.082878 0.041667
11.124495 0.041617
11.166210 0.041715
11.207829 0.041619
11.249546 0.041717
11.291210 0.041664
11.332876 0.041666
11.374544 0.041668
11.416163 0.041619
11.457827 0.041664
11.499498 0.041671
11.541211 0.041713
11.582877 0.041666
11.624544 0.041667
11.666210 0.041666
11.707876 0.041666
11.749546 0.041670
11.791214 0.041668
11.832876 0.041662
11.874543 0.041667
11.916211 0.041668
11.957875 0.041664
11.999496 0.041621
12.041213 0.041717
12.082878 0.041665
12.124545 0.041667
12.166211 0.041666
12.207878 0.041667
12.249546 0.041668
12.291210 0.041664
12.332881 0.041671
12.374493 0.041612
12.416211 0.041718
12.457881 0.041670
12.499544 0.041663
12.541210 0.041666
12.582877 0.041667
12.624501 0.041624
12.666165 0.041664
12.707881 0.041716
12.749496 0.041615
12.791215 0.041719
12.832877 0.041662
12.874545 0.041668
12.916213 0.041668
12.957876 0.041663
12.999549 0.041673
13.041165 0.041616
13.082882 0.041717
13.124549 0.041667
13.166213 0.041664
13.207835 0.041622
13.249546 0.041711
13.291166 0.041620
13.332830 0.041664
13.374547 0.041717
13.416163 0.041616
13.457834 0.041671
13.499544 0.041710
13.541167 0.041623
13.582875 0.041708
13.624545 0.041670
13.666211 0.041666
13.707828 0.041617
13.749546 0.041718
13.791168 0.041622
13.832879 0.041711
13.874546 0.041667
13.916211 0.041665
13.957876 0.041665
13.999548 0.041672
14.041210 0.041662
14.082831 0.041621
14.124548 0.041717
14.166210 0.041662
14.207877 0.041667
14.249544 0.041667
14.291168 0.041624
14.332884 0.041716
14.374545 0.041661
14.416210 0.041665
14.457877 0.041667
14.499496 0.041619
14.541211 0.041715
14.582875 0.041664
14.624543 0.041668
14.666168 0.041625
14.707829 0.041661
14.749544 0.041715
14.791210 0.041666
14.832881 0.041671
14.874542 0.041661
14.916213 0.041671
14.957877 0.041664
14.999543 0.041666
15.041209 0.041666
15.082878 0.041669
15.124544 0.041666
15.166212 0.041668
15.207876 0.041664
15.249543 0.041667
15.291213 0.041670
15.332876 0.041663
15.374545 0.041669
15.416211 0.041666
15.457875 0.041664
15.499552 0.041677
15.541161 0.041609
15.582877 0.041716
15.624543 0.041666
15.666209 0.041666
15.707828 0.041619
15.749543 0.041715
15.791210 0.041667
15.832874 0.041664
15.874545 0.041671
15.916210 0.041665
15.957877 0.041667
15.999542 0.041665
16.041160 0.041618
16.082876 0.041716
16.124495 0.041619
16.166213 0.041718
16.207875 0.041662
16.249543 0.041668
16.291210 0.041667
16.332875 0.041665
16.374544 0.041669
16.416210 0.041666
16.457878 0.041668
16.499497 0.041619
16.541212 0.041715
16.582879 0.041667
16.624545 0.041666
16.666210 0.041665
16.707827 0.041617
16.749544 0.041717
16.791208 0.041664
16.832876 0.041668
16.874543 0.041667
16.916212 0.041669
16.957828 0.041616
16.999545 0.041717
17.041211 0.041666
17.082878 0.041667
17.124542 0.041664
17.166210 0.041668
17.207875 0.041665
17.249544 0.041669
17.291211 0.041667
17.332876 0.041665
17.374545 0.041669
17.416210 0.041665
17.457880 0.041670
17.499543 0.041663
17.541211 0.041668
17.582876 0.041665
17.624495 0.041619
17.666213 0.041718
17.707828 0.041615
17.749545 0.041717
17.791210 0.041665
17.832877 0.041667
17.874543 0.041666
17.916211 0.041668
17.957881 0.041670
17.999542 0.041661
18.041212 0.041670
18.082881 0.041669
18.124549 0.041668
18.166208 0.041659
18.207876 0.041668
18.249544 0.041668
18.291162 0.041618
18.332877 0.041715
18.374546 0.041669
18.416212 0.041666
18.457880 0.041668
18.499544 0.041664
18.541211 0.041667
18.582879 0.041668
18.624497 0.041618
18.666164 0.041667
18.707877 0.041713
18.749495 0.041618
18.791213 0.041718
18.832829 0.041616
18.874544 0.041715
18.916211 0.041667
18.957830 0.041619
18.999543 0.041713
19.041214 0.041671
19.082879 0.041665
19.124547 0.041668
19.166213 0.041666
19.207878 0.041665
19.249497 0.041619
19.291214 0.041717
19.332879 0.041665
19.374546 0.041667
19.416163 0.041617
19.457877 0.041714
19.499494 0.041617
19.541161 0.041667
19.582880 0.041719
19.624544 0.041664
19.666213 0.041669
19.707881 0.041668
19.749545 0.041664
19.791213 0.041668
19.832876 0.041663
19.874546 0.041670
19.916162 0.041616
19.957876 0.041714
19.999543 0.041667
20.041210 0.041667
20.082877 0.041667
20.124546 0.041669
20.166210 0.041664
20.207877 0.041667
20.249499 0.041622
20.291210 0.041711
20.332876 0.041666
20.374543 0.041667
20.416164 0.041621
20.457828 0.041664
20.499495 0.041667
20.541211 0.041716
20.582830 0.041619
20.624494 0.041664
20.666166 0.041672
20.707876 0.041710
20.749548 0.041672
20.791212 0.041664
20.832882 0.041670
20.874543 0.041661
20.916215 0.041672
20.957827 0.041612
20.999553 0.041726
21.041212 0.041659
21.082882 0.041670
21.124544 0.041662
21.166168 0.041624
21.207876 0.041708
21.249544 0.041668
21.291168 0.041624
21.332832 0.041664
21.374495 0.041663
21.416211 0.041716
21.457876 0.041665
21.499544 0.041668
21.541215 0.041671
21.582877 0.041662
21.624499 0.041622
21.666211 0.041712
21.707876 0.041665
21.749544 0.041668
21.791211 0.041667
21.832876 0.041665
21.874543 0.041667
21.916163 0.041620
21.957876 0.041713
21.999543 0.041667
22.041168 0.041625
22.082880 0.041712
22.124497 0.041617
22.166212 0.041715
22.207877 0.041665
22.249495 0.041618
22.291211 0.041716
22.332877 0.041666
22.374545 0.041668
22.416207 0.041662
22.457879 0.041672
22.499547 0.041668
22.541168 0.041621
22.582879 0.041711
22.624543 0.041664
22.666215 0.041672
22.707875 0.041660
22.749500 0.041625
22.791210 0.041710
22.832877 0.041667
22.874547 0.041670
22.916210 0.041663
22.957878 0.041668
22.999544 0.041666
23.041166 0.041622
23.082829 0.041663
23.124544 0.041715
23.166212 0.041668
23.207875 0.041663
23.249545 0.041670
23.291214 0.041669
23.332829 0.041615
23.374498 0.041669
23.416214 0.041716
23.457876 0.041662
23.499552 0.041676
23.541210 0.041658
23.582831 0.041621
23.624547 0.041716
23.666210 0.041663
23.707877 0.041667
23.749551 0.041674
23.791214 0.041663
23.832882 0.041668
23.874547 0.041665
23.916210 0.041663
23.957833 0.041623
23.999544 0.041711
24.041213 0.041669
24.082877 0.041664
24.124548 0.041671
24.166220 0.041672
24.207879 0.041659
24.249543 0.041664
24.291215 0.041672
24.332876 0.041661
24.374496 0.041620
24.416211 0.041715
24.457880 0.041669
24.499544 0.041664
24.541211 0.041667
24.582882 0.041671
24.624498 0.041616
24.666162 0.041664
24.707829 0.041667
24.749543 0.041714
24.791166 0.041623
24.832878 0.041712
24.874544 0.041666
24.916211 0.041667
24.957882 0.041671
24.999544 0.041662
25.041212 0.041668
25.082878 0.041666
25.124498 0.041620
25.166212 0.041714
25.207877 0.041665
25.249544 0.041667
25.291212 0.041668
25.332880 0.041668
25.374544 0.041664
25.416161 0.041617
25.457881 0.041720
25.499549 0.041668
25.541212 0.041663
25.582876 0.041664
25.624544 0.041668
25.666215 0.041671
25.707828 0.041613
25.749546 0.041718
25.791210 0.041664
25.832831 0.041621
25.874544 0.041713
25.916163 0.041619
25.957879 0.041716
25.999499 0.041620
26.041213 0.041714
26.082875 0.041662
26.124547 0.041672
26.166162 0.041615
26.207877 0.041715
26.249549 0.041672
26.291211 0.041662
26.332876 0.041665
26.374496 0.041620
26.416167 0.041671
26.457881 0.041714
26.499544 0.041663
26.541206 0.041662
26.582878 0.041672
26.624544 0.041666
26.666214 0.041670
26.707877 0.041663
26.749543 0.041666
26.791216 0.041673
26.832827 0.041611
26.874543 0.041716
26.916212 0.041669
26.957827 0.041615
26.999548 0.041721
27.041163 0.041615
27.082880 0.041717
27.124542 0.041662
27.166214 0.041672
27.207876 0.041662
27.249546 0.041670
27.291210 0.041664
27.332878 0.041668
27.374548 0.041670
27.416211 0.041663
27.457877 0.041666
27.499544 0.041667
27.541213 0.041669
27.582877 0.041664
27.624496 0.041619
27.666210 0.041714
27.707828 0.041618
27.749542 0.041714
27.791211 0.041669
27.832880 0.041669
27.874542 0.041662
27.916210 0.041668
27.957879 0.041669
27.999498 0.041619
28.041213 0.041715
28.082878 0.041665
28.124542 0.041664
28.166209 0.041667
28.207877 0.041668
28.249500 0.041623
28.291210 0.041710
28.332873 0.041663
28.374546 0.041673
28.416162 0.041616
28.457877 0.041715
28.499544 0.041667
28.541212 0.041668
28.582879 0.041667
28.624549 0.041670
28.666215 0.041666
28.707876 0.041661
28.749543 0.041667
28.791215 0.041672
28.832877 0.041662
28.874549 0.041672
28.916212 0.041663
28.957878 0.041666
28.999500 0.041622
29.041212 0.041712
29.082878 0.041666
29.124549 0.041671
29.166211 0.041662
29.207831 0.041620
29.249501 0.041670
29.291207 0.041706
29.332879 0.041672
29.374544 0.041665
29.416164 0.041620
29.457877 0.041713
29.499541 0.041664
29.541210 0.041669
29.582879 0.041669
29.624548 0.041669
29.666169 0.041621
29.707877 0.041708
29.749545 0.041668
29.791214 0.041669
29.832877 0.041663
29.874499 0.041622
29.916211 0.041712
29.957876 0.041665
29.999498 0.041622
30.041214 0.041716
30.082879 0.041665
30.124547 0.041668
30.166213 0.041666
30.207829 0.041616
30.249543 0.041714
30.291162 0.041619
30.332829 0.041667
30.374496 0.041667
30.416163 0.041667
30.457879 0.041716
30.499496 0.041617
30.541212 0.041716
30.582877 0.041665
30.624549 0.041672
30.666211 0.041662
30.707876 0.041665
30.749543 0.041667
30.791214 0.041671
30.832876 0.041662
30.874546 0.041670
30.916210 0.041664
30.957876 0.041666
30.999544 0.041668
31.041211 0.041667
31.082878 0.041667
31.124544 0.041666
31.166162 0.041618
31.207881 0.041719
31.249548 0.041667
31.291210 0.041662
31.332878 0.041668
31.374547 0.041669
31.416163 0.041616
31.457884 0.041721
31.499546 0.041662
31.541215 0.041669
31.582876 0.041661
31.624549 0.041673
31.666213 0.041664
31.707881 0.041668
31.749544 0.041663
31.791215 0.041671
31.832877 0.041662
31.874543 0.041666
31.916216 0.041673
31.957876 0.041660
31.999547 0.041671
32.041212 0.041665
32.082879 0.041667
32.124494 0.041615
32.166211 0.041717
32.207883 0.041672
32.249496 0.041613
32.291211 0.041715
32.332877 0.041666
32.374549 0.041672
32.416210 0.041661
32.457882 0.041672
32.499543 0.041661
32.541210 0.041667
32.582883 0.041673
32.624542 0.041659
32.666162 0.041620
32.707882 0.041720
32.749547 0.041665
32.791210 0.041663
32.832877 0.041667
32.874550 0.041673
32.916211 0.041661
32.957879 0.041668
32.999543 0.041664
33.041216 0.041673
33.082872 0.041656
33.124502 0.041630
33.166211 0.041709
33.207876 0.041665
33.249545 0.041669
33.291215 0.041670
33.332885 0.041670
33.374494 0.041609
33.416162 0.041668
33.457876 0.041714
33.499545 0.041669
33.541213 0.041668
33.582879 0.041666
33.624496 0.041617
33.666217 0.041721
33.707877 0.041660
33.749545 0.041668
33.791163 0.041618
33.832885 0.041722
33.874496 0.041611
33.916169 0.041673
33.957880 0.041711
33.999545 0.041665
34.041211 0.041666
34.082879 0.041668
34.124549 0.041670
34.166211 0.041662
34.207880 0.041669
34.249544 0.041664
34.291213 0.041669
34.332875 0.041662
34.374543 0.041668
34.416162 0.041619
34.457880 0.041718
34.499545 0.041665
34.541213 0.041668
34.582876 0.041663
34.624496 0.041620
34.666213 0.041717
34.707876 0.041663
34.749545 0.041669
34.791214 0.041669
34.832879 0.041665
34.874545 0.041666
34.916212 0.041667
34.957876 0.041664
34.999498 0.041622
35.041215 0.041717
35.082877 0.041662
35.124543 0.041666
35.166215 0.041672
35.207835 0.041620
35.249543 0.041708
35.291161 0.041618
35.332876 0.041715
35.374544 0.041668
35.416211 0.041667
35.457877 0.041666
35.499545 0.041668
35.541212 0.041667
35.582878 0.041666
35.624547 0.041669
35.666211 0.041664
35.707829 0.041618
35.749544 0.041715
35.791210 0.041666
35.832828 0.041618
35.874548 0.041720
35.916213 0.041665
35.957876 0.041663
35.999496 0.041620
36.041211 0.041715
36.082877 0.041666
36.124544 0.041667
36.166210 0.041666
36.207877 0.041667
36.249544 0.041667
36.291209 0.041665
36.332829 0.041620
36.374546 0.041717
36.416212 0.041666
36.457883 0.041671
36.499548 0.041665
36.541211 0.041663
36.582832 0.041621
36.624544 0.041712
36.666218 0.041674
36.707878 0.041660
36.749541 0.041663
36.791212 0.041671
36.832876 0.041664
36.874544 0.041668
36.916211 0.041667
36.957876 0.041665
36.999545 0.041669
37.041162 0.041617
37.082879 0.041717
37.124542 0.041663
37.166212 0.041670
37.207878 0.041666
37.249544 0.041666
37.291215 0.041671
37.332876 0.041661
37.374544 0.041668
37.416163 0.041619
37.457879 0.041716
37.499494 0.041615
37.541211 0.041717
37.582876 0.041665
37.624550 0.041674
37.666213 0.041663
37.707875 0.041662
37.749546 0.041671
37.791209 0.041663
37.832879 0.041670
37.874550 0.041671
37.916209 0.041659
37.957876 0.041667
37.999497 0.041621
38.041212 0.041715
38.082879 0.041667
38.124544 0.041665
38.166215 0.041671
38.207879 0.041664
38.249543 0.041664
38.291211 0.041668
38.332879 0.041668
38.374546 0.041667
38.416211 0.041665
38.457877 0.041666
38.499543 0.041666
38.541164 0.041621
38.582831 0.041667
38.624546 0.041715
38.666162 0.041616
38.707875 0.041713
38.749547 0.041672
38.791211 0.041664
38.832879 0.041668
38.874544 0.041665
38.916209 0.041665
38.957877 0.041668
38.999549 0.041672
39.041212 0.041663
39.082832 0.041620
39.124544 0.041712
39.166212 0.041668
39.207881 0.041669
39.249543 0.041662
39.291210 0.041667
39.332876 0.041666
39.374544 0.041668
39.416164 0.041620
39.457830 0.041666
39.499547 0.041717
39.541167 0.041620
39.582879 0.041712
39.624549 0.041670
39.666212 0.041663
39.707829 0.041617
39.749544 0.041715
39.791212 0.041668
39.832876 0.041664
39.874545 0.041669
39.916216 0.041671
39.957826 0.041610
39.999543 0.041717
40.041215 0.041672
40.082828 0.041613
40.124544 0.041716
40.166212 0.041668
40.207832 0.041620
40.249543 0.041711
40.291216 0.041673
40.332876 0.041660
40.374548 0.041672
40.416161 0.041613
40.457875 0.041714
40.499546 0.041671
40.541216 0.041670
40.582876 0.041660
40.624543 0.041667
40.666210 0.041667
40.707879 0.041669
40.749547 0.041668
40.791210 0.041663
40.832876 0.041666
40.874543 0.041667
40.916212 0.041669
40.957873 0.041661
40.999495 0.041622
41.041211 0.041716
41.082878 0.041667
41.124546 0.041668
41.166213 0.041667
41.207875 0.041662
41.249543 0.041668
41.291211 0.041668
41.332882 0.041671
41.374546 0.041664
41.416210 0.041664
41.457828 0.041618
41.499497 0.041669
41.541166 0.041669
41.582877 0.041711
41.624543 0.041666
41.666210 0.041667
41.707882 0.041672
41.749545 0.041663
41.791212 0.041667
41.832882 0.041670
41.874543 0.041661
41.916209 0.041666
41.957878 0.041669
41.999543 0.041665
42.041213 0.041670
42.082877 0.041664
42.124544 0.041667
42.166212 0.041668
42.207830 0.041618
42.249500 0.041670
42.291214 0.041714
42.332879 0.041665
42.374545 0.041666
42.416207 0.041662
42.457878 0.041671
42.499544 0.041666
42.541163 0.041619
42.582877 0.041714
42.624500 0.041623
42.666212 0.041712
42.707882 0.041670
42.749546 0.041664
42.791210 0.041664
42.832876 0.041666
42.874545 0.041669
42.916163 0.041618
42.957876 0.041713
42.999543 0.041667
43.041210 0.041667
43.082877 0.041667
43.124546 0.041669
43.166211 0.041665
43.207828 0.041617
43.249545 0.041717
43.291211 0.041666
43.332880 0.041669
43.374543 0.041663
43.416211 0.041668
43.457877 0.041666
43.499544 0.041667
43.541211 0.041667
43.582879 0.041668
43.624545 0.041666
43.666212 0.041667
43.707877 0.041665
43.749548 0.041671
43.791166 0.041618
43.832834 0.041668
43.874543 0.041709
43.916212 0.041669
43.957877 0.041665
43.999544 0.041667
44.041212 0.041668
44.082829 0.041617
44.124544 0.041715
44.166209 0.041665
44.207828 0.041619
44.249548 0.041720
44.291213 0.041665
44.332877 0.041664
44.374552 0.041675
44.416209 0.041657
44.457832 0.041623
44.499547 0.041715
44.541213 0.041666
44.582876 0.041663
44.624548 0.041672
44.666210 0.041662
44.707878 0.041668
44.749544 0.041666
44.791211 0.041667
44.832881 0.041670
44.874544 0.041663
44.916211 0.041667
44.957832 0.041621
44.999542 0.041710
45.041210 0.041668
45.082877 0.041667
45.124501 0.041624
45.166161 0.041660
45.207876 0.041715
45.249545 0.041669
45.291164 0.041619
45.332877 0.041713
45.374545 0.041668
45.416211 0.041666
45.457880 0.041669
45.499549 0.041669
45.541213 0.041664
45.582877 0.041664
45.624544 0.041667
45.666211 0.041667
45.707834 0.041623
45.749543 0.041709
45.791215 0.041672
45.832883 0.041668
45.874543 0.041660
45.916210 0.041667
45.957833 0.041623
45.999542 0.041709
46.041211 0.041669
46.082877 0.041666
46.124543 0.041666
46.166213 0.041670
46.207878 0.041665
46.249501 0.041623
46.291210 0.041709
46.332877 0.041667
46.374543 0.041666
46.416211 0.041668
46.457880 0.041669
46.499544 0.041664
46.541212 0.041668
46.582877 0.041665
46.624495 0.041618
46.666211 0.041716
46.707829 0.041618
46.749545 0.041716
46.791215 0.041670
46.832828 0.041613
46.874548 0.041720
46.916165 0.041617
46.957879 0.041714
46.999543 0.041664
47.041210 0.041667
47.082878 0.041668
47.124548 0.041670
47.166209 0.041661
47.207876 0.041667
47.249544 0.041668
47.291211 0.041667
47.332879 0.041668
47.374546 0.041667
47.416210 0.041664
47.457876 0.041666
47.499542 0.041666
47.541210 0.041668
47.582879 0.041669
47.624543 0.041664
47.666166 0.041623
47.707838 0.041672
47.749500 0.041662
47.791211 0.041711
47.832885 0.041674
47.874547 0.041662
47.916211 0.041664
47.957877 0.041666
47.999500 0.041623
48.041211 0.041711
48.082833 0.041622
48.124545 0.041712
48.166212 0.041667
48.207881 0.041669
48.249544 0.041663
48.291210 0.041666
48.332879 0.041669
48.374542 0.041663
48.416210 0.041668
48.457827 0.041617
48.499544 0.041717
48.541210 0.041666
48.582829 0.041619
48.624544 0.041715
48.666211 0.041667
48.707876 0.041665
48.749543 0.041667
48.791162 0.041619
48.832877 0.041715
48.874544 0.041667
48.916163 0.041619
48.957879 0.041716
48.999496 0.041617
49.041211 0.041715
49.082877 0.041666
49.124544 0.041667
49.166214 0.041670
49.207831 0.041617
49.249500 0.041669
49.291211 0.041711
49.332876 0.041665
49.374543 0.041667
49.416212 0.041669
49.457877 0.041665
49.499494 0.041617
49.541212 0.041718
49.582876 0.041664
49.624496 0.041620
49.666162 0.041666
49.707881 0.041719
49.749544 0.041663
49.791211 0.041667
49.832834 0.041623
49.874543 0.041709
49.916163 0.041620
49.957876 0.041713
49.999545 0.041669
50.041221 0.041676
50.082832 0.041611
50.124547 0.041715
50.166210 0.041663
50.207877 0.041667
50.249546 0.041669
50.291214 0.041668
50.332877 0.041663
50.374543 0.041666
50.416211 0.041668
50.457828 0.041617
50.499495 0.041667
50.541211 0.041716
50.582882 0.041671
50.624498 0.041616
50.666162 0.041664
50.707876 0.041714
50.749549 0.041673
50.791214 0.041665
50.832878 0.041664
50.874543 0.041665
50.916211 0.041668
50.957878 0.041667
50.999544 0.041666
51.041211 0.041667
51.082877 0.041666
51.124548 0.041671
51.166213 0.041665
51.207829 0.041616
51.249499 0.041670
51.291211 0.041712
51.332877 0.041666
51.374543 0.041666
51.416211 0.041668
51.457877 0.041666
51.499494 0.041617
51.541215 0.041721
51.582876 0.041661
51.624545 0.041669
51.666213 0.041668
51.707876 0.041663
51.749543 0.041667
51.791169 0.041626
51.832834 0.041665
51.874545 0.041711
51.916214 0.041669
51.957876 0.041662
51.999544 0.041668
52.041211 0.041667
52.082876 0.041665
52.124542 0.041666
52.166162 0.041620
52.207876 0.041714
52.249547 0.041671
52.291210 0.041663
52.332829 0.041619
52.374544 0.041715
52.416210 0.041666
52.457877 0.041667
52.499494 0.041617
52.541210 0.041716
52.582829 0.041619
52.624543 0.041714
52.666211 0.041668
52.707873 0.041662
52.749543 0.041670
52.791162 0.041619
52.832877 0.041715
52.874549 0.041672
52.916210 0.041661
52.957882 0.041672
52.999545 0.041663
53.041211 0.041666
53.082876 0.041665
53.124543 0.041667
53.166212 0.041669
53.207831 0.041619
53.249547 0.041716
53.291159 0.041612
53.332828 0.041669
53.374498 0.041670
53.416167 0.041669
53.457876 0.041709
53.499496 0.041620
53.541211 0.041715
53.582833 0.041622
53.624542 0.041709
53.666214 0.041672
53.707877 0.041663
53.749543 0.041666
53.791167 0.041624
53.832831 0.041664
53.874544 0.041713
53.916212 0.041668
53.957828 0.041616
53.999496 0.041668
54.041217 0.041721
54.082828 0.041611
54.124545 0.041717
54.166211 0.041666
54.207829 0.041618
54.249544 0.041715
54.291216 0.041672
54.332877 0.041661
54.374498 0.041621
54.416214 0.041716
54.457876 0.041662
54.499545 0.041669
54.541162 0.041617
54.582828 0.041666
54.624544 0.041716
54.666210 0.041666
54.707881 0.041671
54.749543 0.041662
54.791211 0.041668
54.832883 0.041672
54.874546 0.041663
54.916215 0.041669
54.957828 0.041613
54.999499 0.041671
55.041210 0.041711
55.082877 0.041667
55.124543 0.041666
55.166210 0.041667
55.207877 0.041667
55.249543 0.041666
55.291162 0.041619
55.332831 0.041669
55.374548 0.041717
55.416212 0.041664
55.457834 0.041622
55.499539 0.041705
55.541162 0.041623
55.582876 0.041714
55.624543 0.041667
55.666216 0.041673
55.707880 0.041664
55.749543 0.041663
55.791212 0.041669
55.832827 0.041615
55.874494 0.041667
55.916212 0.041718
55.957879 0.041667
55.999543 0.041664
56.041166 0.041623
56.082879 0.041713
56.124496 0.041617
56.166210 0.041714
56.207829 0.041619
56.249543 0.041714
56.291211 0.041668
56.332877 0.041666
56.374543 0.041666
56.416217 0.041674
56.457882 0.041665
56.499501 0.041619
56.541212 0.041711
56.582833 0.041621
56.624543 0.041710
56.666212 0.041669
56.707878 0.041666
56.749501 0.041623
56.791207 0.041706
56.832881 0.041674
56.874543 0.041662
56.916165 0.041622
56.957877 0.041712
56.999544 0.041667
57.041216 0.041672
57.082876 0.041660
57.124544 0.041668
57.166210 0.041666
57.207876 0.041666
57.249495 0.041619
57.291215 0.041720
57.332877 0.041662
57.374543 0.041666
57.416212 0.041669
57.457876 0.041664
57.499495 0.041619
57.541210 0.041715
57.582832 0.041622
57.624544 0.041712
57.666211 0.041667
57.707834 0.041623
57.749543 0.041709
57.791162 0.041619
57.832875 0.041713
57.874543 0.041668
57.916216 0.041673
57.957881 0.041665
57.999543 0.041662
58.041210 0.041667
58.082876 0.041666
58.124544 0.041668
58.166212 0.041668
58.207877 0.041665
58.249543 0.041666
58.291212 0.041669
58.332879 0.041667
58.374546 0.041667
58.416211 0.041665
58.457879 0.041668
58.499550 0.041671
58.541213 0.041663
58.582877 0.041664
58.624547 0.041670
58.666162 0.041615
58.707882 0.041720
58.749546 0.041664
58.791211 0.041665
58.832828 0.041617
58.874546 0.041718
58.916212 0.041666
58.957876 0.041664
58.999543 0.041667
59.041211 0.041668
59.082877 0.041666
59.124544 0.041667
59.166214 0.041670
59.207876 0.041662
59.249542 0.041666
59.291215 0.041673
59.332876 0.041661
59.374545 0.041669
59.416210 0.041665
59.457876 0.041666
59.499499 0.041623
59.541162 0.041663
59.582876 0.041714
59.624548 0.041672
59.666210 0.041662
59.707878 0.041668
59.749547 0.041669
59.791213 0.041666
59.832876 0.041663
59.874543 0.041667
59.916211 0.041668
59.957881 0.041670
59.999543 0.041662
60.041211 0.041668
60.082877 0.041666
60.124545 0.041668
60.166211 0.041666
60.207831 0.041620
60.249495 0.041664
60.291165 0.041670
60.332881 0.041716
60.374545 0.041664
60.416211 0.041666
60.457878 0.041667
60.499495 0.041617
60.541214 0.041719
60.582876 0.041662
60.624494 0.041618
60.666213 0.041719
60.707829 0.041616
60.749544 0.041715
60.791161 0.041617
60.832876 0.041715
60.874544 0.041668
60.916211 0.041667
60.957879 0.041668
60.999543 0.041664
61.041211 0.041668
61.082881 0.041670
61.124547 0.041666
61.166210 0.041663
61.207876 0.041666
61.249546 0.041670
61.291167 0.041621
61.332878 0.041711
61.374494 0.041616
61.416163 0.041669
61.457876 0.041713
61.499543 0.041667
61.541211 0.041668
61.582828 0.041617
61.624548 0.041720
61.666215 0.041667
61.707878 0.041663
61.749544 0.041666
61.791163 0.041619
61.832829 0.041666
61.874499 0.041670
61.916215 0.041716
61.957829 0.041614
61.999502 0.041673
62.041213 0.041711
62.082881 0.041668
62.124544 0.041663
62.166212 0.041668
62.207834 0.041622
62.249545 0.041711
62.291211 0.041666
62.332878 0.041667
62.374500 0.041622
62.416211 0.041711
62.457877 0.041666
62.499543 0.041666
62.541211 0.041668
62.582833 0.041622
62.624544 0.041711
62.666214 0.041670
62.707829 0.041615
62.749497 0.041668
62.791166 0.041669
62.832833 0.041667
62.874545 0.041712
62.916163 0.041618
62.957877 0.041714
62.999546 0.041669
63.041165 0.041619
63.082876 0.041711
63.124548 0.041672
63.166212 0.041664
63.207878 0.041666
63.249547 0.041669
63.291166 0.041619
63.332878 0.041712
63.374543 0.041665
63.416211 0.041668
63.457837 0.041626
63.499545 0.041708
63.541215 0.041670
63.582877 0.041662
63.624499 0.041622
63.666212 0.041713
63.707881 0.041669
63.749496 0.041615
63.791211 0.041715
63.832830 0.041619
63.874545 0.041715
63.916168 0.041623
63.957877 0.041709
63.999496 0.041619
64.041212 0.041716
64.082882 0.041670
64.124543 0.041661
64.166215 0.041672
64.207881 0.041666
64.249548 0.041667
64.291163 0.041615
64.332877 0.041714
64.374544 0.041667
64.416169 0.041625
64.457875 0.041706
64.499543 0.041668
64.541211 0.041668
64.582879 0.041668
64.624544 0.041665
64.666211 0.041667
64.707877 0.041666
64.749544 0.041667
64.791164 0.041620
64.832833 0.041669
64.874499 0.041666
64.916163 0.041664
64.957880 0.041717
64.999545 0.041665
65.041159 0.041614
65.082829 0.041670
65.124549 0.041720
65.166214 0.041665
65.207877 0.041663
65.249541 0.041664
65.291210 0.041669
65.332880 0.041670
65.374546 0.041666
65.416212 0.041666
65.457878 0.041666
65.499547 0.041669
65.541212 0.041665
65.582876 0.041664
65.624544 0.041668
65.666211 0.041667
65.707878 0.041667
65.749547 0.041669
65.791210 0.041663
65.832880 0.041670
65.874543 0.041663
65.916214 0.041671
65.957833 0.041619
65.999543 0.041710
66.041213 0.041670
66.082877 0.041664
66.124545 0.041668
66.166211 0.041666
66.207873 0.041662
66.249544 0.041671
66.291210 0.041666
66.332879 0.041669
66.374543 0.041664
66.416160 0.041617
66.457882 0.041722
66.499544 0.041662
66.541211 0.041667
66.582875 0.041664
66.624544 0.041669
66.666213 0.041669
66.707877 0.041664
66.749543 0.041666
66.791211 0.041668
66.832829 0.041618
66.874544 0.041715
66.916210 0.041666
66.957878 0.041668
66.999495 0.041617
67.041211 0.041716
67.082876 0.041665
67.124546 0.041670
67.166214 0.041668
67.207876 0.041662
67.249544 0.041668
67.291211 0.041667
67.332876 0.041665
67.374503 0.041627
67.416162 0.041659
67.457877 0.041715
67.499545 0.041668
67.541210 0.041665
67.582877 0.041667
67.624497 0.041620
67.666210 0.041713
67.707878 0.041668
67.749547 0.041669
67.791211 0.041664
67.832877 0.041666
67.874543 0.041666
67.916210 0.041667
67.957877 0.041667
67.999546 0.041669
68.041212 0.041666
68.082875 0.041663
68.124548 0.041673
68.166210 0.041662
68.207877 0.041667
68.249546 0.041669
68.291162 0.041616
68.332837 0.041675
68.374548 0.041711
68.416211 0.041663
68.457877 0.041666
68.499493 0.041616
68.541210 0.041717
68.582832 0.041622
68.624544 0.041712
68.666210 0.041666
68.707881 0.041671
68.749542 0.041661
68.791213 0.041671
68.832876 0.041663
68.874543 0.041667
68.916211 0.041668
68.957877 0.041666
68.999549 0.041672
69.041211 0.041662
69.082878 0.041667
69.124497 0.041619
69.166210 0.041713
69.207875 0.041665
69.249544 0.041669
69.291212 0.041668
69.332831 0.041619
69.374542 0.041711
69.416161 0.041619
69.457877 0.041716
69.499495 0.041618
69.541214 0.041719
69.582879 0.041665
69.624543 0.041664
69.666209 0.041666
69.707828 0.041619
69.749546 0.041718
69.791210 0.041664
69.832876 0.041666
69.874548 0.041672
69.916163 0.041615
69.957879 0.041716
69.999495 0.041616
70.041212 0.041717
70.082877 0.041665
70.124543 0.041666
70.166210 0.041667
70.207875 0.041665
70.249499 0.041624
70.291212 0.041713
70.332878 0.041666
70.374544 0.041666
70.416211 0.041667
70.457828 0.041617
70.499494 0.041666
70.541211 0.041717
70.582876 0.041665
70.624544 0.041668
70.666168 0.041624
70.707877 0.041709
70.749550 0.041673
70.791214 0.041664
70.832877 0.041663
70.874544 0.041667
70.916162 0.041618
70.957878 0.041716
70.999496 0.041618
71.041213 0.041717
71.082880 0.041667
71.124543 0.041663
71.166162 0.041619
71.207878 0.041716
71.249544 0.041666
71.291212 0.041668
71.332877 0.041665
71.374495 0.041618
71.416211 0.041716
71.457877 0.041666
71.499546 0.041669
71.541210 0.041664
71.582879 0.041669
71.624546 0.041667
71.666164 0.041618
71.707831 0.041667
71.749548 0.041717
71.791211 0.041663
71.832876 0.041665
71.874543 0.041667
71.916211 0.041668
71.957878 0.041667
71.999495 0.041617
72.041211 0.041716
72.082877 0.041666
72.124544 0.041667
72.166162 0.041618
72.207881 0.041719
72.249547 0.041666
72.291211 0.041664
72.332877 0.041666
72.374545 0.041668
72.416163 0.041618
72.457875 0.041712
72.499544 0.041669
72.541211 0.041667
72.582831 0.041620
72.624543 0.041712
72.666211 0.041668
72.707877 0.041666
72.749549 0.041672
72.791209 0.041660
72.832877 0.041668
72.874545 0.041668
72.916210 0.041665
72.957875 0.041665
72.999542 0.041667
73.041210 0.041668
73.082878 0.041668
73.124542 0.041664
73.166214 0.041672
73.207826 0.041612
73.249540 0.041714
73.291210 0.041670
73.332877 0.041667
73.374548 0.041671
73.416210 0.041662
73.457881 0.041671
73.499492 0.041611
73.541211 0.041719
73.582877 0.041666
73.624543 0.041666
73.666210 0.041667
73.707875 0.041665
73.749546 0.041671
73.791210 0.041664
73.832875 0.041665
73.874545 0.041670
73.916211 0.041666
73.957876 0.041665
73.999542 0.041666
74.041211 0.041669
74.082874 0.041663
74.124543 0.041669
74.166211 0.041668
74.207875 0.041664
74.249543 0.041668
74.291211 0.041668
74.332876 0.041665
74.374494 0.041618
74.416209 0.041715
74.457881 0.041672
74.499495 0.041614
74.541211 0.041716
74.582876 0.041665
74.624543 0.041667
74.666162 0.041619
74.707829 0.041667
74.749548 0.041719
74.791211 0.041663
74.832879 0.041668
74.874498 0.041619
74.916214 0.041716
74.957876 0.041662
74.999543 0.041667
75.041163 0.041620
75.082828 0.041665
75.124491 0.041663
75.166211 0.041720
75.207877 0.041666
75.249495 0.041618
75.291168 0.041673
75.332828 0.041660
75.374494 0.041666
75.416211 0.041717
75.457831 0.041620
75.499543 0.041712
75.541161 0.041618
75.582876 0.041715
75.624544 0.041668
75.666210 0.041666
75.707827 0.041617
75.749547 0.041720
75.791163 0.041616
75.832877 0.041714
75.874494 0.041617
75.916162 0.041668
75.957876 0.041714
75.999544 0.041668
76.041211 0.041667
76.082833 0.041622
76.124543 0.041710
76.166163 0.041620
76.207878 0.041715
76.249544 0.041666
76.291213 0.041669
76.332877 0.041664
76.374548 0.041671
76.416211 0.041663
76.457832 0.041621
76.499539 0.041707
76.541212 0.041673
76.582877 0.041665
76.624546 0.041669
76.666210 0.041664
76.707829 0.041619
76.749544 0.041715
76.791211 0.041667
76.832833 0.041622
76.874490 0.041657
76.916213 0.041723
76.957833 0.041620
76.999547 0.041714
77.041212 0.041665
77.082879 0.041667
77.124544 0.041665
77.166162 0.041618
77.207876 0.041714
77.249542 0.041666
77.291162 0.041620
77.332830 0.041668
77.374494 0.041664
77.416161 0.041667
77.457829 0.041668
77.499545 0.041716
77.541212 0.041667
77.582880 0.041668
77.624543 0.041663
77.666162 0.041619
77.707876 0.041714
77.749542 0.041666
77.791210 0.041668
77.832876 0.041666
77.874545 0.041669
77.916210 0.041665
77.957876 0.041666
77.999547 0.041671
78.041212 0.041665
78.082876 0.041664
78.124546 0.041670
78.166211 0.041665
78.207827 0.041616
78.249544 0.041717
78.291211 0.041667
78.332881 0.041670
78.374544 0.041663
78.416164 0.041620
78.457876 0.041712
78.499494 0.041618
78.541212 0.041718
78.582879 0.041667
78.624543 0.041664
78.666209 0.041666
78.707875 0.041666
78.749546 0.041671
78.791213 0.041667
78.832875 0.041662
78.874542 0.041667
78.916211 0.041669
78.957879 0.041668
78.999543 0.041664
79.041210 0.041667
79.082876 0.041666
79.124547 0.041671
79.166163 0.041616
79.207876 0.041713
79.249543 0.041667
79.291168 0.041625
79.332829 0.041661
79.374545 0.041716
79.416211 0.041666
79.457877 0.041666
79.499495 0.041618
79.541162 0.041667
79.582878 0.041716
79.624543 0.041665
79.666212 0.041669
79.707876 0.041664
79.749546 0.041670
79.791161 0.041615
79.832883 0.041722
79.874545 0.041662
79.916211 0.041666
79.957879 0.041668
79.999544 0.041665
80.041207 0.041663
80.082876 0.041669
80.124543 0.041667
80.166215 0.041672
80.207880 0.041665
80.249544 0.041664
80.291210 0.041666
80.332832 0.041622
80.374543 0.041711
80.416163 0.041620
80.457836 0.041673
80.499495 0.041659
80.541210 0.041715
80.582876 0.041666
80.624499 0.041623
80.666167 0.041668
80.707876 0.041709
80.749495 0.041619
80.791211 0.041716
80.832876 0.041665
80.874545 0.041669
80.916161 0.041616
80.957828 0.041667
80.999543 0.041715
81.041161 0.041618
81.082878 0.041717
81.124545 0.041667
81.166214 0.041669
81.207876 0.041662
81.249543 0.041667
81.291164 0.041621
81.332877 0.041713
81.374546 0.041669
81.416162 0.041616
81.457827 0.041665
81.499543 0.041716
81.541210 0.041667
81.582876 0.041666
81.624548 0.041672
81.666210 0.041662
81.707879 0.041669
81.749548 0.041669
81.791211 0.041663
81.832876 0.041665
81.874494 0.041618
81.916211 0.041717
81.957830 0.041619
81.999543 0.041713
82.041211 0.041668
82.082877 0.041666
82.124546 0.041669
82.166211 0.041665
82.207875 0.041664
82.249546 0.041671
82.291211 0.041665
82.332876 0.041665
82.374545 0.041669
82.416163 0.041618
82.457879 0.041716
82.499546 0.041667
82.541213 0.041667
82.582877 0.041664
82.624543 0.041666
82.666211 0.041668
82.707833 0.041622
82.749543 0.041710
82.791163 0.041620
82.832829 0.041666
82.874546 0.041717
82.916210 0.041664
82.957828 0.041618
82.999549 0.041721
83.041164 0.041615
83.082875 0.041711
83.124544 0.041669
83.166211 0.041667
83.207830 0.041619
83.249544 0.041714
83.291212 0.041668
83.332877 0.041665
83.374546 0.041669
83.416209 0.041663
83.457878 0.041669
83.499543 0.041665
83.541164 0.041621
83.582877 0.041713
83.624546 0.041669
83.666162 0.041616
83.707880 0.041718
83.749544 0.041664
83.791211 0.041667
83.832880 0.041669
83.874544 0.041664
83.916162 0.041618
83.957828 0.041666
83.999543 0.041715
84.041210 0.041667
84.082832 0.041622
84.124496 0.041664
84.166214 0.041718
84.207827 0.041613
84.249542 0.041715
84.291166 0.041624
84.332878 0.041712
84.374544 0.041666
84.416212 0.041668
84.457880 0.041668
84.499496 0.041616
84.541215 0.041719
84.582881 0.041666
84.624543 0.041662
84.666213 0.041670
84.707875 0.041662
84.749499 0.041624
84.791212 0.041713
84.832828 0.041616
84.874544 0.041716
84.916211 0.041667
84.957876 0.041665
84.999553 0.041677
85.041210 0.041657
85.082879 0.041669
85.124545 0.041666
85.166210 0.041665
85.207829 0.041619
85.249544 0.041715
85.291210 0.041666
85.332833 0.041623
85.374542 0.041709
85.416210 0.041668
85.457879 0.041669
85.499499 0.041620
85.541217 0.041718
85.582833 0.041616
85.624495 0.041662
85.666211 0.041716
85.707879 0.041668
85.749545 0.041666
85.791214 0.041669
85.832836 0.041622
85.874543 0.041707
85.916212 0.041669
85.957833 0.041621
85.999545 0.041712
86.041171 0.041626
86.082876 0.041705
86.124543 0.041667
86.166165 0.041622
86.207876 0.041711
86.249543 0.041667
86.291160 0.041617
86.332875 0.041715
86.374547 0.041672
86.416211 0.041664
86.457879 0.041668
86.499545 0.041666
86.541215 0.041670
86.582877 0.041662
86.624545 0.041668
86.666161 0.041616
86.707828 0.041667
86.749499 0.041671
86.791211 0.041712
86.832876 0.041665
86.874495 0.041619
86.916211 0.041716
86.957877 0.041666
86.999495 0.041618
87.041212 0.041717
87.082877 0.041665
87.124543 0.041666
87.166211 0.041668
87.207829 0.041618
87.249544 0.041715
87.291212 0.041668
87.332876 0.041664
87.374546 0.041670
87.416210 0.041664
87.457877 0.041667
87.499495 0.041618
87.541212 0.041717
87.582876 0.041664
87.624544 0.041668
87.666215 0.041671
87.707828 0.041613
87.749543 0.041715
87.791209 0.041666
87.832876 0.041667
87.874543 0.041667
87.916209 0.041666
87.957876 0.041667
87.999498 0.041622
88.041213 0.041715
88.082877 0.041664
88.124543 0.041666
88.166209 0.041666
88.207828 0.041619
88.249546 0.041718
88.291210 0.041664
88.332827 0.041617
88.374545 0.041718
88.416162 0.041617
88.457876 0.041714
88.499494 0.041618
88.541166 0.041672
88.582877 0.041711
88.624544 0.041667
88.666212 0.041668
88.707876 0.041664
88.749546 0.041670
88.791214 0.041668
88.832877 0.041663
88.874543 0.041666
88.916162 0.041619
88.957834 0.041672
88.999542 0.041708
89.041167 0.041625
89.082878 0.041711
89.124543 0.041665
89.166211 0.041668
89.207876 0.041665
89.249543 0.041667
89.291165 0.041622
89.332876 0.041711
89.374499 0.041623
89.416210 0.041711
89.457876 0.041666
89.499545 0.041669
89.541211 0.041666
89.582880 0.041669
89.624493 0.041613
89.666210 0.041717
89.707881 0.041671
89.749546 0.041665
89.791215 0.041669
89.832832 0.041617
89.874547 0.041715
89.916210 0.041663
89.957875 0.041665
89.999497 0.041622
90.041211 0.041714
90.082875 0.041664
90.124546 0.041671
90.166214 0.041668
90.207883 0.041669
90.249547 0.041664
90.291210 0.041663
90.332875 0.041665
90.374544 0.041669
90.416211 0.041667
90.457880 0.041669
90.499543 0.041663
90.541162 0.041619
90.582829 0.041667
90.624544 0.041715
90.666215 0.041671
90.707876 0.041661
90.749496 0.041620
90.791170 0.041674
90.832875 0.041705
90.874544 0.041669
90.916211 0.041667
90.957829 0.041618
90.999544 0.041715
91.041162 0.041618
91.082877 0.041715
91.124497 0.041620
91.166212 0.041715
91.207875 0.041663
91.249543 0.041668
91.291162 0.041619
91.332828 0.041666
91.374543 0.041715
91.416161 0.041618
91.457830 0.041669
91.499544 0.041714
91.541212 0.041668
91.582877 0.041665
91.624543 0.041666
91.666166 0.041623
91.707828 0.041662
91.749498 0.041670
91.791213 0.041715
91.832880 0.041667
91.874546 0.041666
91.916211 0.041665
91.957875 0.041664
91.999547 0.041672
92.041211 0.041664
92.082876 0.041665
92.124494 0.041618
92.166214 0.041720
92.207880 0.041666
92.249543 0.041663
92.291161 0.041618
92.332881 0.041720
92.374544 0.041663
92.416212 0.041668
92.457828 0.041616
92.499543 0.041715
92.541215 0.041672
92.582829 0.041614
92.624545 0.041716
92.666211 0.041666
92.707877 0.041666
92.749543 0.041666
92.791214 0.041671
92.832879 0.041665
92.874543 0.041664
92.916209 0.041666
92.957832 0.041623
92.999541 0.041709
93.041210 0.041669
93.082828 0.041618
93.124547 0.041719
93.166210 0.041663
93.207880 0.041670
93.249500 0.041620
93.291212 0.041712
93.332875 0.041663
93.374498 0.041623
93.416163 0.041665
93.457877 0.041714
93.499495 0.041618
93.541212 0.041717
93.582877 0.041665
93.624496 0.041619
93.666213 0.041717
93.707881 0.041668
93.749495 0.041614
93.791163 0.041668
93.832829 0.041666
93.874498 0.041669
93.916215 0.041717
93.957876 0.041661
93.999544 0.041668
94.041162 0.041618
94.082828 0.041666
94.124499 0.041671
94.166163 0.041664
94.207828 0.041665
94.249499 0.041671
94.291215 0.041716
94.332877 0.041662
94.374553 0.041676
94.416211 0.041658
94.457881 0.041670
94.499549 0.041668
94.541216 0.041667
94.582828 0.041612
94.624545 0.041717
94.666163 0.041618
94.707880 0.041717
94.749495 0.041615
94.791163 0.041668
94.832877 0.041714
94.874497 0.041620
94.916161 0.041664
94.957829 0.041668
94.999497 0.041668
95.041214 0.041717
95.082880 0.041666
95.124543 0.041663
95.166163 0.041620
95.207877 0.041714
95.249545 0.041668
95.291162 0.041617
95.332829 0.041667
95.374500 0.041671
95.416211 0.041711
95.457881 0.041670
95.499545 0.041664
95.541215 0.041670
95.582880 0.041665
95.624546 0.041666
95.666210 0.041664
95.707829 0.041619
95.749547 0.041718
95.791162 0.041615
95.832876 0.041714
95.874544 0.041668
95.916164 0.041620
95.957876 0.041712
95.999544 0.041668
96.041164 0.041620
96.082881 0.041717
96.124499 0.041618
96.166210 0.041711
96.207828 0.041618
96.249547 0.041719
96.291214 0.041667
96.332877 0.041663
96.374553 0.041676
96.416212 0.041659
96.457876 0.041664
96.499544 0.041668
96.541211 0.041667
96.582880 0.041669
96.624544 0.041664
96.666211 0.041667
96.707828 0.041617
96.749543 0.041715
96.791211 0.041668
96.832833 0.041622
96.874542 0.041709
96.916210 0.041668
96.957876 0.041666
96.999494 0.041618
97.041211 0.041717
97.082878 0.041667
97.124542 0.041664
97.166162 0.041620
97.207877 0.041715
97.249544 0.041667
97.291210 0.041666
97.332876 0.041666
97.374495 0.041619
97.416210 0.041715
97.457879 0.041669
97.499544 0.041665
97.541164 0.041620
97.582879 0.041715
97.624547 0.041668
97.666211 0.041664
97.707831 0.041620
97.749502 0.041671
97.791214 0.041712
97.832875 0.041661
97.874545 0.041670
97.916212 0.041667
97.957881 0.041669
97.999494 0.041613
98.041210 0.041716
98.082878 0.041668
98.124544 0.041666
98.166167 0.041623
98.207877 0.041710
98.249495 0.041618
98.291207 0.041712
98.332884 0.041677
98.374543 0.041659
98.416210 0.041667
98.457877 0.041667
98.499544 0.041667
98.541161 0.041617
98.582834 0.041673
98.624544 0.041710
98.666211 0.041667
98.707878 0.041667
98.749544 0.041666
98.791162 0.041618
98.832877 0.041715
98.874546 0.041669
98.916210 0.041664
98.957879 0.041669
98.999497 0.041618
99.041162 0.041665
99.082876 0.041714
99.124544 0.041668
99.166212 0.041668
99.207877 0.041665
99.249546 0.041669
99.291210 0.041664
99.332875 0.041665
99.374493 0.041618
99.416210 0.041717
99.457878 0.041668
99.499542 0.041664
99.541211 0.041669
99.582876 0.041665
99.624543 0.041667
99.666209 0.041666
99.707878 0.041669
99.749546 0.041668
99.791161 0.041615
99.832875 0.041714
99.874545 0.041670
99.916212 0.041667
99.957879 0.041667
99.999543 0.041664
100.041212 0.041669
100.082825 0.041613
100.124546 0.041721
100.166212 0.041666
100.207875 0.041663
100.249542 0.041667
100.291161 0.041619
100.332826 0.041665
100.374544 0.041718
100.416162 0.041618
100.457879 0.041717
100.499546 0.041667
100.541215 0.041669
100.582829 0.041614
100.624545 0.041716
100.666211 0.041666
100.707828 0.041617
100.749544 0.041716
100.791210 0.041666
100.832877 0.041667
100.874543 0.041666
100.916210 0.041667
100.957876 0.041666
100.999499 0.041623
101.041214 0.041715
101.082879 0.041665
101.124548 0.041669
101.166211 0.041663
101.207833 0.041622
101.249544 0.041711
101.291162 0.041618
101.332879 0.041717
101.374545 0.041666
101.416210 0.041665
101.457879 0.041669
101.499498 0.041619
101.541210 0.041712
101.582875 0.041665
101.624544 0.041669
101.666213 0.041669
101.707828 0.041615
101.749495 0.041667
101.791214 0.041719
101.832829 0.041615
101.874546 0.041717
101.916213 0.041667
101.957875 0.041662
101.999495 0.041620
102.041211 0.041716
102.082876 0.041665
102.124543 0.041667
102.166211 0.041668
102.207829 0.041618
102.249546 0.041717
102.291161 0.041615
102.332876 0.041715
102.374545 0.041669
102.416211 0.041666
102.457876 0.041665
102.499496 0.041620
102.541215 0.041719
102.582876 0.041661
102.624495 0.041619
102.666212 0.041717
102.707880 0.041668
102.749496 0.041616
102.791216 0.041720
102.832877 0.041661
102.874543 0.041666
102.916210 0.041667
102.957880 0.041670
102.999544 0.041664
103.041210 0.041666
103.082878 0.041668
103.124544 0.041666
103.166210 0.041666
103.207827 0.041617
103.249543 0.041716
103.291211 0.041668
103.332829 0.041618
103.374544 0.041715
103.416164 0.041620
103.457876 0.041712
103.499548 0.041672
103.541210 0.041662
103.582876 0.041666
103.624548 0.041672
103.666210 0.041662
103.707876 0.041666
103.749545 0.041669
103.791214 0.041669
103.832881 0.041667
103.874544 0.041663
103.916211 0.041667
103.957880 0.041669
103.999544 0.041664
104.041210 0.041666
104.082876 0.041666
104.124546 0.041670
104.166210 0.041664
104.207876 0.041666
104.249544 0.041668
104.291163 0.041619
104.332878 0.041715
104.374544 0.041666
104.416210 0.041666
104.457877 0.041667
104.499544 0.041667
104.541207 0.041663
104.582829 0.041622
104.624550 0.041721
104.666214 0.041664
104.707876 0.041662
104.749545 0.041669
104.791213 0.041668
104.832877 0.041664
104.874543 0.041666
104.916210 0.041667
104.957876 0.041666
104.999544 0.041668
105.041211 0.041667
105.082878 0.041667
105.124543 0.041665
105.166213 0.041670
105.207905 0.041692
105.249546 0.041641
105.291212 0.041666
105.332875 0.041663
105.374544 0.041669
105.416211 0.041667
105.457876 0.041665
105.499543 0.041667
105.541211 0.041668
105.582877 0.041666
105.624544 0.041667
105.666210 0.041666
105.707876 0.041666
105.749497 0.041621
105.791211 0.041714
105.832827 0.041616
105.874545 0.041718
105.916211 0.041666
105.957880 0.041669
105.999495 0.041615
106.041212 0.041717
106.082876 0.041664
106.124543 0.041667
106.166214 0.041671
106.207828 0.041614
106.249548 0.041720
106.291211 0.041663
106.332880 0.041669
106.374544 0.041664
106.416210 0.041666
106.457878 0.041668
106.499547 0.041669
106.541162 0.041615
106.582878 0.041716
106.624543 0.041665
106.666210 0.041667
106.707829 0.041619
106.749543 0.041714
106.791206 0.041663
106.832831 0.041625
106.874544 0.041713
106.916214 0.041670
106.957880 0.041666
106.999543 0.041663
107.041211 0.041668
107.082877 0.041666
107.124543 0.041666
107.166210 0.041667
107.207879 0.041669
107.249544 0.041665
107.291318 0.041774
107.332876 0.041558
107.374546 0.041670
107.416211 0.041665
107.457879 0.041668
107.499546 0.041667
107.541212 0.041666
107.582877 0.041665
107.624547 0.041670
107.666211 0.041664
107.707876 0.041665
107.749542 0.041666
107.791211 0.041669
107.832876 0.041665
107.874498 0.041622
107.916212 0.041714
107.957877 0.041665
107.999495 0.041618
108.041213 0.041718
108.082878 0.041665
108.124495 0.041617
108.166214 0.041719
108.207829 0.041615
108.249543 0.041714
108.291210 0.041667
108.332880 0.041670
108.374544 0.041664
108.416162 0.041618
108.457831 0.041669
108.499543 0.041712
108.541211 0.041668
108.582875 0.041664
108.624542 0.041667
108.666210 0.041668
108.707876 0.041666
108.749542 0.041666
108.791212 0.041670
108.832876 0.041664
108.874543 0.041667
108.916210 0.041667
108.957876 0.041666
108.999493 0.041617
109.041164 0.041671
109.082878 0.041714
109.124543 0.041665
109.166212 0.041669
109.207879 0.041667
109.249546 0.041667
109.291161 0.041615
109.332876 0.041715
109.374542 0.041666
109.416211 0.041669
109.457876 0.041665
109.499494 0.041618
109.541211 0.041717
109.582875 0.041664
109.624544 0.041669
109.666210 0.041666
109.707878 0.041668
109.749543 0.041665
109.791161 0.041618
109.832878 0.041717
109.874544 0.041666
109.916210 0.041666
109.957827 0.041617
109.999544 0.041717
110.041209 0.041665
110.082825 0.041616
110.124543 0.041718
110.166213 0.041670
110.207875 0.041662
110.249542 0.041667
110.291213 0.041671
110.332829 0.041616
110.374542 0.041713
110.416210 0.041668
110.457874 0.041664
110.499543 0.041669
110.541165 0.041622
110.582876 0.041711
110.624542 0.041666
110.666216 0.041674
110.707881 0.041665
110.749548 0.041667
110.791165 0.041617
110.832881 0.041716
110.874546 0.041665
110.916212 0.041666
110.957877 0.041665
110.999548 0.041671
111.041210 0.041662
111.082877 0.041667
111.124547 0.041670
111.166207 0.041660
111.207878 0.041671
111.249549 0.041671
111.291216 0.041667
111.332829 0.041613
111.374548 0.041719
111.416214 0.041666
111.457877 0.041663
111.499496 0.041619
111.541212 0.041716
111.582876 0.041664
111.624544 0.041668
111.666167 0.041623
111.707877 0.041710
111.749543 0.041666
111.791210 0.041667
111.832828 0.041618
111.874548 0.041720
111.916216 0.041668
111.957827 0.041611
111.999543 0.041716
112.041208 0.041665
112.082877 0.041669
112.124543 0.041666
112.166164 0.041621
112.207876 0.041712
112.249493 0.041617
112.291162 0.041669
112.332878 0.041716
112.374543 0.041665
112.416205 0.041662
112.457878 0.041673
112.499494 0.041616
112.541212 0.041718
112.582875 0.041663
112.624545 0.041670
112.666211 0.041666
112.707878 0.041667
112.749499 0.041621
112.791212 0.041713
112.832832 0.041620
112.874546 0.041714
112.916164 0.041618
112.957878 0.041714
112.999544 0.041666
113.041214 0.041670
113.082830 0.041616
113.124502 0.041672
113.166209 0.041707
113.207876 0.041667
113.249495 0.041619
113.291211 0.041716
113.332881 0.041670
113.374499 0.041618
113.416210 0.041711
113.457882 0.041672
113.499544 0.041662
113.541210 0.041666
113.582830 0.041620
113.624501 0.041671
113.666211 0.041710
113.707832 0.041621
113.749546 0.041714
113.791211 0.041665
113.832881 0.041670
113.874545 0.041664
113.916213 0.041668
113.957830 0.041617
113.999542 0.041712
114.041212 0.041670
114.082881 0.041669
114.124543 0.041662
114.166213 0.041670
114.207879 0.041666
114.249546 0.041667
114.291217 0.041671
114.332826 0.041609
114.374542 0.041716
114.416210 0.041668
114.457878 0.041668
114.499545 0.041667
114.541210 0.041665
114.582875 0.041665
114.624494 0.041619
114.666210 0.041716
114.707826 0.041616
114.749545 0.041719
114.791164 0.041619
114.832876 0.041712
114.874542 0.041666
114.916210 0.041668
114.957878 0.041668
114.999548 0.041670
115.041214 0.041666
115.082877 0.041663
115.124503 0.041626
115.166162 0.041659
115.207879 0.041717
115.249544 0.041665
115.291212 0.041668
115.332827 0.041615
115.374547 0.041720
115.416210 0.041663
115.457878 0.041668
115.499544 0.041666
115.541211 0.041667
115.582879 0.041668
115.624543 0.041664
115.666164 0.041621
115.707877 0.041713
115.749546 0.041669
115.791216 0.041670
115.832879 0.041663
115.874543 0.041664
115.916216 0.041673
115.957878 0.041662
115.999544 0.041666
116.041210 0.041666
116.082879 0.041669
116.124547 0.041668
116.166212 0.041665
116.207829 0.041617
116.249542 0.041713
116.291162 0.041620
116.332881 0.041719
116.374546 0.041665
116.416209 0.041663
116.457878 0.041669
116.499545 0.041667
116.541211 0.041666
116.582876 0.041665
116.624497 0.041621
116.666208 0.041711
116.707877 0.041669
116.749548 0.041671
116.791212 0.041664
116.832877 0.041665
116.874544 0.041667
116.916211 0.041667
116.957876 0.041665
116.999543 0.041667
117.041213 0.041670
117.082878 0.041665
117.124543 0.041665
117.166211 0.041668
117.207877 0.041666
117.249496 0.041619
117.291216 0.041720
117.332877 0.041661
117.374546 0.041669
117.416211 0.041665
117.457831 0.041620
117.499495 0.041664
117.541211 0.041716
117.582876 0.041665
117.624545 0.041669
117.666211 0.041666
117.707827 0.041616
117.749493 0.041666
117.791212 0.041719
117.832832 0.041620
117.874545 0.041713
117.916215 0.041670
117.957878 0.041663
117.999544 0.041666
118.041163 0.041619
118.082878 0.041715
118.124496 0.041618
118.166163 0.041667
118.207881 0.041718
118.249548 0.041667
118.291211 0.041663
118.332878 0.041667
118.374544 0.041666
118.416162 0.041618
118.457876 0.041714
118.499545 0.041669
118.541211 0.041666
118.582876 0.041665
118.624499 0.041623
118.666213 0.041714
118.707877 0.041664
118.749549 0.041672
118.791164 0.041615
118.832878 0.041714
118.874546 0.041668
118.916211 0.041665
118.957879 0.041668
118.999543 0.041664
119.041211 0.041668
119.082877 0.041666
119.124544 0.041667
119.166218 0.041674
119.207878 0.041660
119.249546 0.041668
119.291210 0.041664
119.332828 0.041618
119.374546 0.041718
119.416211 0.041665
119.457880 0.041669
119.499543 0.041663
119.541211 0.041668
119.582878 0.041667
119.624544 0.041666
119.666217 0.041673
119.707875 0.041658
119.749548 0.041673
119.791211 0.041663
119.832877 0.041666
119.874544 0.041667
119.916211 0.041667
119.957877 0.041666
119.999544 0.041667
120.041214 0.041670
120.082875 0.041661
120.124543 0.041668
120.166211 0.041668
120.207877 0.041666
120.249497 0.041620
120.291212 0.041715
120.332878 0.041666
120.374544 0.041666
120.416210 0.041666
120.457830 0.041620
120.499546 0.041716
120.541213 0.041667
120.582879 0.041666
120.624495 0.041616
120.666210 0.041715
120.707881 0.041671
120.749542 0.041661
120.791211 0.041669
120.832877 0.041666
120.874546 0.041669
120.916213 0.041667
120.957877 0.041664
120.999493 0.041616
121.041209 0.041716
121.082828 0.041619
121.124543 0.041715
121.166212 0.041669
121.207832 0.041620
121.249499 0.041667
121.291211 0.041712
121.332873 0.041662
121.374546 0.041673
121.416209 0.041663
121.457828 0.041619
121.499543 0.041715
121.541212 0.041669
121.582876 0.041664
121.624546 0.041670
121.666213 0.041667
121.707877 0.041664
121.749543 0.041666
121.791213 0.041670
121.832877 0.041664
121.874546 0.041669
121.916210 0.041664
121.957877 0.041667
121.999543 0.041666
122.041211 0.041668
122.082876 0.041665
122.124494 0.041618
122.166211 0.041717
122.207833 0.041622
122.249546 0.041713
122.291210 0.041664
122.332873 0.041663
122.374498 0.041625
122.416163 0.041665
122.457877 0.041714
122.499500 0.041623
122.541212 0.041712
122.582878 0.041666
122.624548 0.041670
122.666211 0.041663
122.707877 0.041666
122.749496 0.041619
122.791208 0.041712
122.832877 0.041669
122.874548 0.041671
122.916211 0.041663
122.957876 0.041665
122.999549 0.041673
123.041213 0.041664
123.082876 0.041663
123.124549 0.041673
123.166211 0.041662
123.207880 0.041669
123.249543 0.041663
123.291212 0.041669
123.332828 0.041616
123.374544 0.041716
123.416163 0.041619
123.457876 0.041713
123.499497 0.041621
123.541211 0.041714
123.582876 0.041665
123.624543 0.041667
123.666211 0.041668
123.707828 0.041617
123.749547 0.041719
123.791210 0.041663
123.832828 0.041618
123.874497 0.041669
123.916162 0.041665
123.957877 0.041715
123.999545 0.041668
124.041211 0.041666
124.082879 0.041668
124.124544 0.041665
124.166164 0.041620
124.207827 0.041663
124.249497 0.041670
124.291214 0.041717
124.332826 0.041612
124.374546 0.041720
124.416163 0.041617
124.457877 0.041714
124.499543 0.041666
124.541210 0.041667
124.582877 0.041667
124.624548 0.041671
124.666211 0.041663
124.707876 0.041665
124.749544 0.041668
124.791210 0.041666
124.832876 0.041666
124.874497 0.041621
124.916209 0.041712
124.957876 0.041667
124.999546 0.041670
125.041209 0.041663
125.082875 0.041666
125.124545 0.041670
125.166211 0.041666
125.207876 0.041665
125.249542 0.041666
125.291209 0.041667
125.332877 0.041668
125.374543 0.041666
125.416210 0.041667
125.457875 0.041665
125.499542 0.041667
125.541210 0.041668
125.582878 0.041668
125.624493 0.041615
125.666210 0.041717
125.707831 0.041621
125.749543 0.041712
125.791212 0.041669
125.832877 0.041665
125.874543 0.041666
125.916210 0.041667
125.957875 0.041665
