0.000000 0.011226
0.000000 0.005584
0.000000 0.009736
0.000000 0.012582
0.000000 0.009693
0.000000 0.008560
0.000000 0.005530
0.005490 0.005833
0.005490 0.007638
0.007868 0.005757
0.012582 0.005719
0.010652 0.005709
0.009953 0.005995
0.009953 0.005017
0.008665 0.005674
0.005544 0.006209
0.007413 0.005792
0.007056 0.005739
0.006778 0.005774
0.006619 0.005728
0.006298 0.005753
0.006174 0.005647
0.006181 0.005020
0.006105 0.005758
0.006034 0.004577
0.005984 0.005744
0.005934 0.005711
0.005900 0.005790
0.005851 0.005786
0.005692 0.005751
0.005705 0.005706
0.005489 0.005142
0.005538 0.005753
0.004809 0.004524
0.005722 0.005739
0.005735 0.005734
0.005739 0.005769
0.005732 0.005716
0.005614 0.005747
0.005641 0.005744
0.005641 0.005188
0.005664 0.005744
0.004567 0.004485
0.005699 0.005819
0.005702 0.005680
0.005712 0.005760
0.005718 0.005720
0.005612 0.005741
0.005638 0.005773
0.005638 0.005205
0.005680 0.005755
0.004497 0.004489
0.005697 0.005820
0.005702 0.005696
0.005710 0.005720
0.005723 0.005726
0.005619 0.005757
0.005646 0.005744
0.005646 0.005067
0.005686 0.005768
0.004490 0.004484
0.005695 0.005742
0.005702 0.005734
0.005713 0.005755
0.005719 0.005760
0.005589 0.005714
0.005624 0.005804
0.005624 0.005133
0.005652 0.005755
0.004485 0.004504
0.005688 0.005711
0.005703 0.005833
0.005705 0.005775
0.005725 0.005747
0.005607 0.005654
0.005636 0.005777
0.005636 0.005103
0.005654 0.005762
0.004501 0.004857
0.005711 0.003852
0.005719 0.004116
0.005705 0.004218
0.005720 0.004205
0.005596 0.003929
0.005629 0.005687
0.005629 0.005412
0.005142 0.005669
0.004947 0.004425
0.004809 0.005705
0.004694 0.005731
0.004549 0.005711
0.004765 0.005683
0.004888 0.005733
0.005036 0.005693
0.004920 0.005075
0.005069 0.005690
0.005195 0.004494
0.005293 0.005752
0.005461 0.005734
0.005517 0.005757
0.005553 0.005776
0.005457 0.005780
0.005503 0.005720
0.005503 0.005168
0.005561 0.005730
0.004492 0.004658
0.005634 0.004977
0.005664 0.005090
0.005688 0.004949
0.004492 0.006768
0.004492 0.013911
0.005617 0.010739
0.005617 0.007960
0.005468 0.007003
0.004633 0.017704
0.005290 0.007753
0.006050 0.017519
0.009591 0.021874
0.006496 0.008091
0.029450 0.027542
0.007432 0.008961
0.007676 0.008791
0.016638 0.019437
0.025574 0.024559
0.018783 0.019335
0.026481 0.024686
0.008186 0.008131
0.024000 0.023813
0.008704 0.008707
0.008996 0.009819
0.024920 0.025212
0.009920 0.012212
0.008181 0.008007
0.008010 0.007715
0.019929 0.020063
0.008126 0.007632
0.016157 0.015363
0.022488 0.022631
0.011061 0.012747
0.009125 0.009934
0.009043 0.010215
0.026046 0.027093
0.010828 0.013499
0.008891 0.009396
0.008857 0.009791
0.022171 0.022699
0.009868 0.010850
0.009961 0.010779
0.019301 0.019298
0.009714 0.007702
0.023228 0.022941
0.011774 0.011688
0.009730 0.009093
0.009630 0.008108
0.020822 0.022018
0.012098 0.013720
0.009283 0.008192
0.009513 0.010158
0.017554 0.017518
0.011770 0.014054
0.009181 0.009268
0.008980 0.008360
0.013277 0.012045
0.012682 0.015294
0.009651 0.010142
0.046379 0.028212
0.017768 0.018405
0.014916 0.016464
0.010098 0.012306
0.010360 0.012886
0.019798 0.020659
0.014354 0.016930
0.011110 0.013221
0.011344 0.012750
0.016510 0.017115
0.011482 0.013101
0.016137 0.012474
0.019626 0.016978
0.011941 0.012874
0.013115 0.010897
0.011446 0.010759
0.018139 0.014452
0.016448 0.012879
0.016067 0.016006
0.016201 0.013091
0.016350 0.015352
0.015575 0.013009
0.013542 0.010640
0.014380 0.015006
0.011913 0.011948
0.009648 0.010651
0.010989 0.011922
0.009719 0.010405
0.010499 0.011300
0.009771 0.010388
0.011252 0.011541
0.010363 0.010345
0.010782 0.010562
0.013155 0.013573
0.011044 0.010946
0.012614 0.012940
0.012758 0.013344
0.010760 0.010986
0.012486 0.012638
0.010073 0.010416
0.012434 0.011622
0.012205 0.011805
0.011070 0.011244
0.012206 0.011285
0.012482 0.012332
0.010960 0.011602
0.012933 0.012868
0.011475 0.011104
0.011594 0.011284
0.010748 0.011111
0.012557 0.012388
0.011359 0.010303
0.011468 0.010964
0.009217 0.009866
0.017097 0.013753
0.013236 0.017354
0.011808 0.014424
0.013979 0.016291
0.012783 0.017211
0.012304 0.013561
0.018740 0.019318
0.012326 0.016059
0.012043 0.014437
0.015363 0.018259
0.016656 0.017848
0.012937 0.013536
0.013147 0.014582
0.015709 0.015761
0.018337 0.017296
0.014365 0.013403
0.017582 0.017662
0.017496 0.017467
0.015525 0.015971
0.018312 0.018844
0.017234 0.016273
0.016582 0.015242
0.017731 0.018393
0.015130 0.016236
0.014301 0.013929
0.017657 0.016581
0.021917 0.020080
0.017071 0.017840
0.017446 0.017940
0.017344 0.015584
0.015253 0.014681
0.018737 0.018819
0.021199 0.020242
0.015332 0.015617
0.016352 0.016939
0.009347 0.005851
0.011953 0.004074
0.020348 0.018207
0.019004 0.017156
0.011574 0.005223
0.009833 0.006369
0.012318 0.004665
0.008306 0.007917
0.012010 0.010770
0.013814 0.012455
0.014206 0.015323
0.014205 0.015400
0.016874 0.017643
0.010374 0.013278
0.007731 0.011970
0.006226 0.010047
0.006326 0.010310
0.012833 0.011321
0.007705 0.010135
0.006460 0.010268
0.009563 0.010587
0.013837 0.014206
0.010458 0.011672
0.010864 0.011902
0.013783 0.016210
0.011420 0.013936
0.010717 0.010934
0.010101 0.010926
0.013220 0.015960
0.011612 0.013910
0.010539 0.010554
0.010508 0.011049
0.014490 0.015653
0.012292 0.014010
0.010941 0.011514
0.011076 0.011462
0.014932 0.014293
0.012741 0.013678
0.011059 0.010737
0.011096 0.011082
0.012452 0.010952
0.089330 0.052963
0.053939 0.033374
0.021684 0.019166
0.013529 0.013521
0.012949 0.012375
0.012370 0.011879
0.012483 0.011973
0.024193 0.030186
0.013961 0.016291
0.010721 0.009496
0.012349 0.010985
0.028388 0.030789
0.014542 0.016612
0.011823 0.009171
0.012224 0.011412
0.030318 0.030707
0.014113 0.016048
0.011428 0.009458
0.011988 0.011819
0.028382 0.028129
0.013992 0.016022
0.011196 0.008970
0.011573 0.011735
0.028338 0.027904
0.014134 0.016306
0.011069 0.009591
0.011645 0.011315
0.025821 0.027981
0.015631 0.017228
0.010947 0.009855
0.011690 0.012230
0.021765 0.023551
0.014213 0.016090
0.011036 0.009151
0.011333 0.010598
0.014653 0.012948
0.018122 0.018168
0.011351 0.009861
0.013071 0.012359
0.015175 0.014268
0.012251 0.013480
0.010582 0.011340
0.010296 0.011819
0.013871 0.015379
0.011695 0.014058
0.009931 0.011779
0.010145 0.011792
0.015148 0.015858
0.012200 0.013827
0.011090 0.011826
0.011101 0.011135
0.014491 0.015598
0.012624 0.013513
0.011493 0.010913
0.011589 0.011653
0.014956 0.014511
0.012867 0.013622
0.011520 0.011569
0.011655 0.011903
0.015343 0.014436
0.013141 0.014043
0.011607 0.011963
0.011722 0.012006
0.014056 0.013311
0.012123 0.012310
0.020006 0.014858
0.011999 0.009847
0.013192 0.012214
0.015452 0.015750
0.011567 0.011459
0.015659 0.015566
0.011427 0.011334
0.013579 0.014960
0.011509 0.011700
0.012962 0.014103
0.011701 0.012110
0.014541 0.011919
0.014687 0.012315
0.011624 0.009623
0.014728 0.011465
0.011693 0.010591
0.014124 0.011312
0.011983 0.010931
0.013987 0.010439
0.012879 0.011405
0.011562 0.012134
0.012230 0.011077
0.011731 0.012801
0.012167 0.011273
0.011532 0.012766
0.011310 0.011622
0.011328 0.013108
0.011481 0.011549
0.011405 0.012166
0.011670 0.011690
0.011595 0.012683
0.011536 0.011800
0.010944 0.011442
0.011255 0.011193
0.012378 0.012029
0.011348 0.011490
0.012074 0.012175
0.011929 0.011566
0.012506 0.013389
0.012506 0.012606
0.012506 0.012736
0.012099 0.012356
0.012292 0.013813
0.012245 0.012563
0.012245 0.012443
0.011501 0.011072
0.013369 0.013611
0.012374 0.012048
0.012788 0.012817
0.021337 0.019822
0.018545 0.019543
0.022362 0.025910
0.021351 0.024535
0.021991 0.026846
0.026828 0.030392
0.011520 0.010913
0.022088 0.027746
0.012261 0.012076
0.010988 0.011766
0.010787 0.010657
0.018788 0.022276
0.013224 0.014907
0.011033 0.012009
0.011041 0.012729
0.010792 0.010245
0.011041 0.010921
0.016475 0.012628
0.013970 0.012353
0.011461 0.008051
0.011666 0.008833
0.014594 0.012732
0.011853 0.011563
0.015259 0.014207
0.012557 0.013896
0.010947 0.011761
0.010597 0.012135
0.011791 0.014531
0.012005 0.014795
0.010560 0.011846
0.010598 0.012287
0.014584 0.014585
0.013015 0.014635
0.011358 0.011712
0.011634 0.012469
0.015120 0.014709
0.013489 0.014779
0.012074 0.012017
0.012314 0.012362
0.014301 0.014191
0.014710 0.014799
0.012533 0.012492
0.012483 0.012487
0.014072 0.013271
0.015451 0.014934
0.012603 0.012964
0.013351 0.013400
0.013015 0.012777
0.013644 0.013261
0.012851 0.012454
0.013342 0.012730
0.013056 0.012733
0.014605 0.013700
0.013375 0.012686
0.013027 0.012353
0.012822 0.010580
0.013336 0.012660
0.012682 0.011870
0.012803 0.010738
0.012990 0.011523
0.012803 0.010435
0.012574 0.012304
0.010893 0.010743
0.011713 0.011010
0.010826 0.010604
0.010567 0.010251
0.010664 0.010428
0.010953 0.010826
0.010467 0.010173
0.010751 0.010402
0.010790 0.010586
0.011292 0.010989
0.014607 0.013874
0.015175 0.015689
0.014350 0.014458
0.014726 0.017502
0.014204 0.016409
0.014789 0.015797
0.014741 0.017618
0.013599 0.014126
0.016002 0.017592
0.015086 0.018022
0.013882 0.014601
0.016294 0.017645
0.012188 0.011019
0.013848 0.010881
0.016761 0.015100
0.012809 0.010687
0.013913 0.013289
0.014698 0.013050
0.013794 0.011224
0.012746 0.010991
0.012490 0.013050
0.010129 0.011087
0.010447 0.013209
0.012659 0.013842
0.011234 0.011490
0.011223 0.011138
0.011645 0.013384
0.011562 0.011326
0.012799 0.013507
0.012722 0.013371
0.011356 0.011244
0.011506 0.011490
0.013218 0.014161
0.012721 0.014082
0.011220 0.011790
0.011081 0.010885
0.012397 0.012889
0.011279 0.011246
0.012167 0.011992
0.011179 0.011139
0.025164 0.016689
0.016269 0.013401
0.017023 0.015076
0.014306 0.012577
0.012855 0.012834
0.018686 0.017643
0.015984 0.016078
0.011988 0.011987
0.012015 0.012392
0.014945 0.017863
0.013495 0.016999
0.012425 0.012444
0.012631 0.013705
0.016674 0.017716
0.014715 0.017587
0.012847 0.013715
0.012832 0.013654
0.018211 0.016447
0.015716 0.017861
0.013155 0.013625
0.012961 0.013360
0.016526 0.015260
0.013022 0.012703
0.014278 0.012304
0.029831 0.021348
0.019673 0.018484
0.020585 0.020028
0.017609 0.018724
0.017282 0.018666
0.020014 0.019740
0.019560 0.020758
0.014997 0.018656
0.015166 0.018889
0.018645 0.019607
0.017278 0.018753
0.020385 0.020400
0.020728 0.020989
0.018012 0.018737
0.018087 0.018830
0.019443 0.019897
0.020587 0.020504
0.018051 0.018317
0.017908 0.018144
0.018704 0.014954
0.021705 0.019574
0.018010 0.017865
0.018982 0.016574
0.015722 0.013159
0.014450 0.012272
0.019223 0.017134
0.017129 0.014903
0.013880 0.012709
0.016049 0.015463
0.018501 0.015683
0.013949 0.013339
0.017784 0.016960
0.017202 0.016910
0.015948 0.016677
0.016183 0.016239
0.018236 0.015886
0.016045 0.014605
0.017691 0.016363
0.014388 0.013570
0.017321 0.018156
0.016502 0.015538
0.016199 0.015764
0.013205 0.011792
0.014601 0.014631
0.014088 0.012479
0.014947 0.015650
0.014914 0.012887
0.013218 0.013163
0.012834 0.012130
0.011623 0.010732
0.010990 0.011414
0.011261 0.012551
0.010940 0.011857
0.013446 0.012515
0.010455 0.012001
0.011272 0.012116
0.013586 0.013460
0.013952 0.013671
0.012222 0.013074
0.014154 0.012884
0.011260 0.011618
0.012286 0.012144
0.012087 0.012336
0.013451 0.014413
0.013406 0.012077
0.012216 0.012288
0.012572 0.013146
0.012178 0.010808
0.012463 0.012085
0.012796 0.011604
0.011291 0.012055
0.011112 0.011548
0.012633 0.010682
0.012659 0.011826
0.010394 0.011300
0.012314 0.012125
0.011118 0.011625
0.011610 0.011224
0.013422 0.011499
0.011781 0.013029
0.011790 0.012968
0.011697 0.012398
0.011778 0.011484
0.011749 0.012634
0.011649 0.013893
0.011621 0.010872
0.011888 0.010383
0.012093 0.013682
0.012611 0.013061
0.012025 0.009663
0.011834 0.009266
0.011127 0.014659
0.012073 0.012413
0.010925 0.009107
0.010524 0.008857
0.013421 0.014663
0.011254 0.010656
0.009651 0.008666
0.009533 0.008692
0.013676 0.014858
0.010608 0.010599
0.008979 0.008120
0.008910 0.008624
0.011792 0.013788
0.010217 0.010495
0.008458 0.007588
0.008489 0.008146
0.002785 0.006351
0.007123 0.003870
0.009890 0.008023
0.008121 0.003781
0.008339 0.005616
0.007899 0.005592
0.005743 0.007157
0.008347 0.005259
0.006612 0.004590
0.009156 0.007977
0.009463 0.008528
0.011291 0.009495
0.012356 0.010441
0.012616 0.011998
0.015780 0.012513
0.019601 0.014844
0.014010 0.016228
0.012162 0.015419
0.015870 0.015218
0.009820 0.014754
0.015062 0.014907
0.011807 0.015668
0.008415 0.012852
0.009813 0.014285
0.014563 0.014793
0.011428 0.013011
0.013871 0.014659
0.015964 0.016476
0.012155 0.012672
0.012110 0.012506
0.012143 0.013399
0.012398 0.012416
0.013073 0.014305
0.012710 0.012913
0.014113 0.014912
0.012432 0.012767
0.013121 0.014085
0.014696 0.014676
0.012047 0.011730
0.012013 0.011965
0.012141 0.013366
0.012245 0.012051
0.042592 0.024727
0.024466 0.018287
0.017935 0.014593
0.014961 0.014747
0.026446 0.020925
0.014790 0.015483
0.014639 0.015002
0.022065 0.025589
0.014823 0.018128
0.013504 0.015548
0.013770 0.014039
0.021010 0.023352
0.015451 0.017551
0.014232 0.014898
0.014244 0.014679
0.021863 0.022822
0.016299 0.017627
0.014696 0.014547
0.014791 0.014984
0.022706 0.023117
0.016412 0.017505
0.014911 0.014804
0.014964 0.014921
0.022486 0.022511
0.016444 0.017351
0.015094 0.015303
0.015051 0.014513
0.020367 0.019332
0.016639 0.017140
0.014936 0.014376
0.014976 0.015259
0.028361 0.022447
0.016597 0.013934
0.016543 0.013597
0.013677 0.010310
0.012760 0.010574
0.012340 0.010311
0.015636 0.016732
0.014139 0.009531
0.017896 0.016776
0.013010 0.009333
0.016240 0.018131
0.011515 0.008945
0.015110 0.016226
0.011216 0.009207
0.018337 0.020190
0.011740 0.013095
0.010427 0.010772
0.010489 0.010264
0.017110 0.018087
0.009942 0.009208
0.016620 0.016924
0.009700 0.009143
0.015939 0.016404
0.010567 0.010412
0.017511 0.017926
0.010530 0.010312
0.018948 0.018657
0.011329 0.012435
0.009898 0.010793
0.009837 0.010726
0.014284 0.014094
0.011193 0.013006
0.010009 0.010785
0.010108 0.010853
0.015104 0.011184
0.012417 0.011058
0.010672 0.010607
0.011672 0.009939
0.014609 0.013561
0.011675 0.011676
0.012187 0.012381
0.012186 0.014198
0.011904 0.013920
0.011147 0.011429
0.010707 0.011425
0.013369 0.014390
0.011654 0.013378
0.011066 0.010856
0.010883 0.010824
0.014171 0.014109
0.011222 0.010259
0.013815 0.013724
0.013461 0.013326
0.011223 0.010555
0.011940 0.011779
0.013864 0.014000
0.014144 0.014445
0.011588 0.011700
0.010954 0.010984
0.015538 0.011778
0.016635 0.014162
0.011339 0.009782
0.011989 0.012501
0.014768 0.013281
0.015124 0.015185
0.012564 0.012958
0.011914 0.013164
0.012854 0.013691
0.011115 0.011912
0.012145 0.011632
0.017673 0.013689
0.014168 0.014038
0.013497 0.013936
0.012234 0.011774
0.012374 0.012611
0.013953 0.014916
0.012633 0.014058
0.011806 0.011590
0.011929 0.011541
0.014078 0.013954
0.013462 0.014452
0.012885 0.013036
0.012374 0.012430
0.014088 0.013880
0.016645 0.016628
0.012468 0.012702
0.012478 0.013348
0.014020 0.014917
0.012503 0.012816
0.013273 0.013775
0.012293 0.011171
0.013462 0.014368
0.014124 0.014239
0.012374 0.012065
0.012414 0.012281
0.017343 0.012848
0.014641 0.013698
0.012417 0.012783
0.012239 0.012306
0.016891 0.014169
0.016840 0.014552
0.014231 0.014004
0.013050 0.015195
0.013173 0.013808
0.013099 0.015967
0.012949 0.013592
0.013180 0.013729
0.013612 0.012889
0.013747 0.015238
0.013365 0.013113
0.013536 0.013917
0.014413 0.012748
0.013385 0.012906
0.013258 0.012217
0.014072 0.014273
0.013020 0.012621
0.013227 0.012208
0.012673 0.012721
0.014033 0.013323
0.013799 0.011886
0.013738 0.015591
0.013627 0.013198
0.013464 0.014006
0.013661 0.012027
0.013231 0.014826
0.012926 0.011513
0.014166 0.012835
0.013478 0.014501
0.014316 0.014392
0.012678 0.011743
0.012397 0.011845
0.011455 0.013618
0.012397 0.012188
0.012179 0.013776
0.012768 0.014006
0.012512 0.012656
0.012969 0.013918
0.013300 0.014580
0.013931 0.014636
0.013041 0.013431
0.012582 0.012830
0.013873 0.014851
0.014122 0.015093
0.012505 0.011678
0.012392 0.012704
0.013444 0.014007
0.013648 0.014187
0.012582 0.012608
0.034500 0.023337
0.012722 0.012565
0.010203 0.010346
0.013475 0.013897
0.010887 0.010632
0.013590 0.013786
0.010981 0.010828
0.014353 0.014134
0.011933 0.010237
0.014099 0.014874
0.011801 0.011046
0.014372 0.015132
0.010782 0.010414
0.013805 0.014041
0.010760 0.010686
0.013779 0.013866
0.010454 0.010664
0.016387 0.015653
0.012750 0.012861
0.010749 0.011183
0.010649 0.011133
0.014864 0.015157
0.012860 0.013427
0.010756 0.011454
0.010823 0.011726
0.010556 0.010623
0.011177 0.011372
0.010352 0.016473
0.013319 0.013389
0.013085 0.012173
0.011207 0.010752
0.011491 0.011233
0.013187 0.014303
0.012964 0.012613
0.011166 0.010837
0.011211 0.010321
0.012413 0.013676
0.011988 0.011736
0.010958 0.009891
0.010874 0.009665
0.012564 0.014168
0.011964 0.012535
0.010590 0.009696
0.010756 0.010491
0.011535 0.011276
0.011819 0.012320
0.010259 0.010475
0.010290 0.010123
0.017055 0.015608
0.014038 0.011570
0.010956 0.010177
0.009797 0.008481
0.009761 0.008486
0.013675 0.013007
0.010784 0.010716
0.009493 0.008467
0.009843 0.008724
0.012127 0.012826
0.010167 0.011013
0.008729 0.008503
0.008760 0.008399
0.012899 0.013540
0.010690 0.011572
0.008812 0.008661
0.008910 0.009749
0.011790 0.012018
0.010593 0.010630
0.008668 0.008909
0.008721 0.009002
0.010577 0.011921
0.011134 0.011400
0.008980 0.008777
0.009152 0.009135
0.023081 0.012063
0.010711 0.009142
0.009092 0.008538
0.016977 0.012745
0.021655 0.014287
0.015587 0.013254
0.015354 0.013889
0.012453 0.015410
0.010012 0.015948
0.009532 0.013193
0.010562 0.013174
0.015436 0.016473
0.013095 0.016579
0.011622 0.013547
0.011387 0.013238
0.015847 0.016081
0.020175 0.018396
0.013864 0.015244
0.015291 0.015697
0.014049 0.013900
0.013213 0.013089
0.010418 0.012127
0.013671 0.010895
0.011627 0.007675
0.012934 0.009688
0.013173 0.013246
0.013160 0.012708
0.012062 0.010677
0.012085 0.010448
0.012257 0.012677
0.011438 0.013975
0.010141 0.011145
0.010869 0.012377
0.010600 0.011272
0.012990 0.013513
0.011150 0.011974
0.011390 0.012478
0.010740 0.010185
0.012575 0.012269
0.012256 0.012535
0.010349 0.010194
0.012354 0.012146
0.014261 0.011074
0.013444 0.012759
0.012328 0.013495
0.013219 0.012504
0.013635 0.013403
0.012724 0.012950
0.012699 0.012661
0.011172 0.013153
0.011837 0.012107
0.010791 0.013125
0.012709 0.014333
0.012473 0.012431
0.012524 0.012723
0.012223 0.010415
0.012623 0.009884
0.012594 0.012122
0.012441 0.010187
0.012745 0.009876
0.012727 0.009904
0.012745 0.010358
0.013212 0.012399
0.010023 0.010709
0.010318 0.010499
0.012555 0.011942
0.010620 0.010377
0.012532 0.011699
0.010795 0.009709
0.009881 0.008834
0.010742 0.009592
0.010410 0.009330
0.010523 0.009324
0.010443 0.009877
0.009797 0.008643
0.010217 0.008787
0.009844 0.005051
0.012013 0.003855
0.010096 0.003817
0.010155 0.003801
0.010162 0.005640
0.009483 0.005587
0.006349 0.005778
0.008717 0.004691
0.007914 0.008387
0.006122 0.007962
0.010300 0.010183
0.007256 0.009243
0.012324 0.012406
0.008344 0.011682
0.018917 0.014508
0.012101 0.015722
0.009111 0.012612
0.007517 0.011894
0.013235 0.014560
0.009041 0.011465
0.007486 0.009129
0.007795 0.010539
0.011990 0.015454
0.010762 0.012742
0.009984 0.010662
0.010140 0.010536
0.013111 0.014987
0.011403 0.012727
0.010070 0.010623
0.010152 0.010524
0.013039 0.012949
0.010490 0.009796
0.012834 0.011740
0.011923 0.012481
0.010658 0.010106
0.010706 0.010684
0.018868 0.014131
0.013602 0.012909
0.011467 0.011163
0.010292 0.009088
0.010380 0.008959
0.012825 0.013782
0.011790 0.011485
0.010764 0.008961
0.010878 0.008810
0.012282 0.014166
0.010888 0.011861
0.009921 0.008980
0.010146 0.009064
0.012828 0.014414
0.010500 0.011675
0.009637 0.009118
0.009700 0.009253
0.014049 0.015017
0.010884 0.011428
0.009642 0.009224
0.009468 0.008767
0.012997 0.013596
0.010661 0.010613
0.009278 0.008204
0.009518 0.009761
0.014229 0.014431
0.011102 0.011838
0.009465 0.009285
0.009291 0.008943
0.013464 0.013109
0.009014 0.008844
0.014014 0.013704
0.010911 0.011274
0.009384 0.008995
0.009263 0.008960
0.011143 0.008812
0.012375 0.010735
0.009071 0.008846
0.008962 0.007913
0.010270 0.008769
0.010593 0.009087
0.019752 0.012328
0.021240 0.014003
0.012117 0.011369
0.011236 0.012194
0.016448 0.014678
0.011404 0.012381
0.017087 0.014604
0.010833 0.014238
0.010188 0.013393
0.010272 0.012841
0.011354 0.013134
0.011176 0.012133
0.011826 0.013130
0.011435 0.012268
0.009795 0.008797
0.014880 0.013180
0.011692 0.011940
0.012159 0.010462
0.009932 0.009036
0.010618 0.009343
0.014256 0.011435
0.011215 0.009460
0.011734 0.013133
0.011879 0.012554
0.010195 0.010418
0.010069 0.011034
0.011334 0.013867
0.011574 0.013213
0.009903 0.011087
0.009579 0.010833
0.011371 0.013364
0.011444 0.012478
0.010761 0.011356
0.010623 0.010361
0.012250 0.012493
0.011125 0.010937
0.011978 0.008673
0.011407 0.009851
0.011970 0.008732
0.014986 0.012580
0.013886 0.013686
0.011944 0.012737
0.011420 0.012152
0.011069 0.011817
0.010838 0.014160
0.010413 0.013449
0.008235 0.011552
0.011917 0.012418
0.011858 0.013180
0.011450 0.011921
0.017248 0.012404
0.012875 0.012993
0.011873 0.012307
0.011843 0.012134
0.012198 0.011060
0.018879 0.014023
0.012478 0.011273
0.012373 0.010887
0.012403 0.011444
0.012463 0.010739
0.012304 0.010764
0.012141 0.009840
0.012499 0.012928
0.012327 0.012954
0.011374 0.011633
0.011463 0.011693
0.011969 0.012020
0.011231 0.011103
0.012189 0.011097
0.010906 0.011334
0.014279 0.011310
0.012056 0.011321
0.012107 0.010241
0.012436 0.013430
0.011639 0.012089
0.011856 0.013247
0.011554 0.010240
0.011477 0.009308
0.011448 0.012923
0.011218 0.009316
0.011639 0.012784
0.011724 0.009432
0.012411 0.012791
0.011418 0.010025
0.010268 0.010752
0.011229 0.011038
0.011551 0.010138
0.012317 0.012921
0.010224 0.012038
0.011658 0.011537
0.009990 0.012430
0.012736 0.010850
0.010369 0.011917
0.011572 0.010432
0.010941 0.010457
0.011730 0.010421
0.010619 0.011077
0.009640 0.008864
0.011435 0.011309
0.011220 0.010149
0.011837 0.011592
0.011178 0.011785
0.011034 0.010438
0.011042 0.010326
0.010628 0.011391
0.010758 0.011611
0.010642 0.009899
0.010823 0.010024
0.016369 0.018087
0.013144 0.015544
0.011424 0.014102
0.010771 0.012412
0.010663 0.011777
0.012168 0.013135
0.010251 0.010682
0.012771 0.015221
0.011415 0.013285
0.011024 0.011312
0.010692 0.011412
0.014036 0.014342
0.013086 0.014282
0.011080 0.011303
0.011095 0.011314
0.015217 0.015745
0.013508 0.014444
0.011353 0.011426
0.011371 0.011307
0.015302 0.015048
0.014032 0.013735
0.011452 0.011182
0.011336 0.011288
0.012095 0.012967
0.011642 0.011658
0.014277 0.014575
0.013239 0.013110
0.011922 0.011595
0.011968 0.011848
0.013473 0.010439
0.014355 0.013340
0.011587 0.011723
0.012965 0.011148
0.013278 0.012092
0.013302 0.012936
0.011903 0.011637
0.012023 0.011729
0.012339 0.012677
0.012161 0.013266
0.011526 0.011929
0.012033 0.011417
0.012205 0.011980
0.012077 0.011193
0.012687 0.013260
0.012261 0.012995
0.012329 0.010947
0.011918 0.011497
0.012227 0.013311
0.012344 0.012530
0.011390 0.011771
0.011122 0.010760
0.012723 0.013541
0.012704 0.013471
0.011250 0.011212
0.011242 0.011419
0.011901 0.012327
0.011462 0.011457
0.013053 0.012834
0.012945 0.012538
0.011737 0.011919
0.011343 0.010380
0.012137 0.012202
0.013382 0.013108
0.011300 0.010330
0.011516 0.011722
0.043869 0.027642
0.012292 0.012398
0.010238 0.008873
0.009722 0.010063
0.009700 0.010213
0.013304 0.014369
0.010261 0.010359
0.010837 0.009999
0.010846 0.009445
0.014527 0.013369
0.010096 0.010229
0.009819 0.010173
0.009843 0.009279
0.012920 0.013126
0.010327 0.010062
0.009819 0.010407
0.009781 0.008244
0.011390 0.010213
0.010243 0.010007
0.009732 0.009384
0.009780 0.009600
0.009988 0.007796
0.010912 0.010847
0.009541 0.009736
0.009547 0.010091
0.003874 0.013533
0.014587 0.012421
0.012462 0.011783
0.010523 0.010653
0.010862 0.010938
0.014388 0.013241
0.011460 0.012739
0.010401 0.011296
0.010808 0.011223
0.013210 0.013405
0.012083 0.012782
0.010730 0.010804
0.010772 0.010711
0.013438 0.013987
0.012427 0.012812
0.010821 0.011020
0.010573 0.010197
0.013253 0.014172
0.012568 0.013266
0.010824 0.010687
0.010748 0.010980
0.011777 0.012394
0.010601 0.010135
0.011677 0.011985
0.010371 0.010541
0.011528 0.012037
0.010423 0.010699
0.010492 0.010402
0.010788 0.010525
0.027174 0.019964
0.014890 0.013210
0.011578 0.012139
0.021215 0.017235
0.017035 0.016498
0.012380 0.012214
0.012625 0.013136
0.013852 0.015761
0.011166 0.012652
0.016485 0.015817
0.012436 0.010937
0.013988 0.013734
0.011895 0.011401
0.013970 0.015170
0.012046 0.011589
0.013045 0.013442
0.013952 0.014228
0.011540 0.011710
0.011569 0.014806
0.015145 0.013697
0.013662 0.013582
0.011814 0.011963
0.012040 0.012143
0.013797 0.013124
0.012409 0.012294
0.015692 0.013733
0.013966 0.014140
0.012456 0.012791
0.012348 0.012696
0.014566 0.014031
0.013889 0.014265
0.012058 0.012078
0.012256 0.012266
0.013883 0.013365
0.012601 0.012336
0.013188 0.012983
0.013134 0.014006
0.012813 0.012096
0.012541 0.012227
0.013913 0.011230
0.013809 0.013003
0.012878 0.011882
0.013058 0.012177
0.013307 0.012655
0.013568 0.013018
0.013055 0.012642
0.012511 0.013156
0.012604 0.014709
0.012467 0.012944
0.012412 0.012120
0.012458 0.012622
0.012565 0.012466
0.012579 0.013080
0.012689 0.013397
0.013073 0.012537
0.013048 0.013292
0.012614 0.016167
0.012990 0.014971
0.013975 0.015400
0.013452 0.015792
0.013535 0.015942
0.012900 0.014146
0.012800 0.013884
0.014375 0.015509
0.013764 0.015794
0.013386 0.013571
0.012899 0.013241
0.015730 0.013671
0.014809 0.013751
0.013362 0.013320
0.014940 0.014429
0.015707 0.015800
0.014149 0.014411
0.013786 0.013916
0.014412 0.014575
0.013812 0.013554
0.014406 0.014525
0.014069 0.015082
0.014400 0.013256
0.014397 0.013308
0.014770 0.014559
0.014749 0.015440
0.013668 0.012960
0.013742 0.013334
0.014414 0.014609
0.015052 0.015889
0.013500 0.013798
0.013453 0.013688
0.013837 0.014621
0.013486 0.013687
0.014757 0.015182
0.014814 0.015457
0.013295 0.013559
0.013098 0.013146
0.013871 0.014878
0.013536 0.013565
0.015107 0.014641
0.015244 0.015301
0.013474 0.013411
0.014041 0.014063
0.016115 0.015636
0.015485 0.015569
0.013983 0.013843
0.013491 0.013387
0.014846 0.015369
0.014930 0.015250
0.013181 0.012883
0.013161 0.012687
0.011961 0.012818
0.044352 0.032044
0.019223 0.019642
0.014325 0.014912
0.012543 0.012820
0.012189 0.012443
0.019468 0.020513
0.014311 0.015907
0.012944 0.012865
0.012828 0.012464
0.019223 0.019959
0.013959 0.015114
0.012727 0.012539
0.012526 0.012631
0.019890 0.020745
0.014668 0.015133
0.012705 0.012271
0.012637 0.012849
0.018663 0.018547
0.014906 0.015206
0.012629 0.012198
0.012832 0.013054
0.017848 0.017918
0.015407 0.015821
0.013122 0.012855
0.012714 0.012510
0.012026 0.013882
0.015496 0.015990
0.012804 0.012395
0.019549 0.014657
0.016620 0.015357
0.015141 0.015018
0.013830 0.013360
0.013498 0.013176
0.016103 0.015724
0.015395 0.015336
0.013364 0.013014
0.013360 0.012747
0.014888 0.015136
0.013310 0.012392
0.015061 0.016309
0.014018 0.014347
0.013528 0.012323
0.013171 0.012171
0.015492 0.016555
0.013597 0.013777
0.012811 0.012433
0.012596 0.011431
0.015653 0.015992
0.013414 0.013885
0.012383 0.011987
0.012289 0.011660
0.016548 0.017089
0.013248 0.013089
0.012108 0.012195
0.011953 0.011262
0.015716 0.016334
0.012940 0.012895
0.011593 0.011298
0.011507 0.011208
0.015404 0.015778
0.013026 0.012823
0.011484 0.010960
0.011679 0.011214
0.015368 0.015662
0.013195 0.013268
0.011327 0.010976
0.011440 0.011394
0.014985 0.015230
0.012650 0.012663
0.011231 0.011117
0.011130 0.011139
0.013770 0.013893
0.010981 0.010625
0.014718 0.014875
0.013197 0.013477
0.011168 0.011258
0.011255 0.011118
0.012093 0.009015
0.013680 0.011817
0.011302 0.011314
0.011584 0.009349
0.011186 0.009216
0.010947 0.009043
0.010814 0.008617
0.012872 0.009865
0.011558 0.011757
0.012423 0.012014
0.012979 0.012663
0.010368 0.012427
0.010783 0.012597
0.011056 0.013335
0.011377 0.011523
0.010805 0.014151
0.012263 0.013259
0.012938 0.012067
0.011761 0.012101
0.013285 0.011815
0.012400 0.012546
0.012590 0.012249
0.011835 0.013117
0.012836 0.013070
0.009365 0.008764
0.012979 0.011249
0.009237 0.008746
0.012151 0.009161
0.011992 0.014886
0.017554 0.015576
0.012659 0.015573
0.012596 0.012922
0.011850 0.014539
0.017721 0.017224
0.012336 0.013974
0.012733 0.016050
0.013464 0.015208
0.012654 0.014114
0.012913 0.014226
0.013229 0.013725
0.010608 0.008985
0.014208 0.012551
0.013210 0.013712
0.010570 0.009185
0.013315 0.010513
0.014317 0.011271
0.013182 0.011033
0.013596 0.011634
0.012913 0.012587
0.012664 0.011769
0.013948 0.012239
0.013697 0.012321
0.010897 0.010801
0.013921 0.013293
0.012994 0.013427
0.010591 0.010611
0.012462 0.012249
0.010696 0.010440
0.012907 0.011928
0.012182 0.012168
0.010206 0.011692
0.010668 0.011900
0.012690 0.012808
0.012012 0.011342
0.009442 0.011141
0.011070 0.010119
0.009989 0.011968
0.012378 0.010918
0.011386 0.012877
0.012524 0.010474
0.011371 0.013459
0.012524 0.012685
0.011440 0.011108
0.011540 0.010168
0.011479 0.012439
0.011205 0.012139
0.010555 0.010194
0.010413 0.010583
0.015500 0.013690
0.012682 0.013138
0.012489 0.012044
0.011528 0.012384
0.014309 0.016008
0.011469 0.012649
0.011647 0.013773
0.013059 0.016665
0.012079 0.015289
0.011414 0.012151
0.011576 0.012291
0.013206 0.014228
0.012677 0.014985
0.012295 0.012999
0.021802 0.018438
0.014287 0.012620
0.011966 0.010978
0.014813 0.014343
0.012818 0.012529
0.012231 0.010454
0.012344 0.011113
0.013891 0.013558
0.013002 0.012949
0.011711 0.010925
0.012200 0.010979
0.014108 0.010371
0.012765 0.010930
0.011167 0.011223
0.011516 0.009041
0.013620 0.012431
0.011818 0.012694
0.011404 0.010945
0.012180 0.012722
0.011105 0.011027
0.011996 0.012488
0.010610 0.010715
0.011698 0.012348
0.010975 0.010083
0.011307 0.009639
0.014553 0.013198
0.013333 0.014169
0.012268 0.014448
0.011114 0.011683
0.011357 0.012353
0.014089 0.014588
0.012101 0.014575
0.010897 0.012156
0.011377 0.011907
0.013680 0.011465
0.012868 0.013829
0.011923 0.011785
0.012133 0.010200
0.013981 0.013754
0.012736 0.012461
0.011308 0.009888
0.012502 0.010201
0.013085 0.014154
0.012522 0.012032
0.010623 0.009211
0.010672 0.009545
0.012187 0.010092
0.011537 0.010400
0.010282 0.009745
0.011147 0.008859
0.013120 0.012373
0.010266 0.009660
0.010470 0.010460
0.011662 0.013739
0.010855 0.011122
0.009397 0.008947
0.009386 0.008796
0.011603 0.013187
0.010109 0.011213
0.009506 0.008618
0.009408 0.008546
0.012724 0.013338
0.010432 0.011342
0.009165 0.008925
0.009016 0.008112
0.012810 0.012572
0.010145 0.010562
0.008798 0.008430
0.008782 0.008573
0.012589 0.012398
0.010040 0.010621
0.008494 0.008488
0.008470 0.008423
0.007878 0.010165
0.010394 0.010358
0.008507 0.008184
0.008658 0.008479
0.041941 0.019548
0.013640 0.013334
0.011707 0.012213
0.008801 0.010098
0.008852 0.009770
0.013173 0.013983
0.010319 0.012250
0.008961 0.009429
0.009364 0.009391
0.013390 0.014590
0.011172 0.012302
0.009577 0.009664
0.009569 0.009799
0.013417 0.014007
0.011594 0.011779
0.009522 0.009419
0.009450 0.009340
0.013609 0.013928
0.011967 0.011826
0.009485 0.009116
0.009576 0.009268
0.013422 0.013764
0.011835 0.011927
0.009516 0.009241
0.009532 0.009719
0.013725 0.013583
0.011639 0.012046
0.009391 0.009340
0.009292 0.009432
0.013094 0.013265
0.011718 0.012491
0.009492 0.009661
0.009561 0.009944
0.008974 0.010713
0.011566 0.011662
0.009403 0.009741
0.005406 0.005598
0.008383 0.003826
0.007703 0.003843
0.007852 0.003846
0.008496 0.005023
0.009373 0.006907
0.009564 0.005828
0.010760 0.007971
0.017120 0.010610
0.020819 0.011561
0.009079 0.008447
0.025839 0.014503
0.008276 0.011376
0.023640 0.015060
0.010240 0.011600
0.006706 0.009846
0.006802 0.010083
0.011921 0.014921
0.008000 0.011699
0.008849 0.010687
0.008648 0.009734
0.011634 0.014789
0.010781 0.011362
0.009220 0.008946
0.009238 0.008834
0.010415 0.013019
0.009493 0.008760
0.011511 0.014179
0.010853 0.012053
0.009873 0.009504
0.009641 0.009909
0.013162 0.013803
0.010804 0.011756
0.009456 0.010042
0.009417 0.010149
0.011729 0.011362
0.010700 0.011676
0.009625 0.009371
0.017883 0.011445
0.009578 0.007632
0.010105 0.008905
0.014305 0.013570
0.011242 0.011336
0.009818 0.009646
0.009713 0.009574
0.011269 0.013241
0.010076 0.011101
0.009459 0.008927
0.009564 0.009665
0.011956 0.014050
0.010044 0.011304
0.009745 0.009369
0.009762 0.009316
0.012421 0.013807
0.010363 0.011250
0.009641 0.009270
0.009530 0.008862
0.012731 0.013044
0.010422 0.010635
0.009493 0.008482
0.009477 0.008921
0.013484 0.013669
0.010822 0.011627
0.009434 0.009269
0.009442 0.009653
0.014360 0.014064
0.010644 0.011958
0.009274 0.009781
0.009303 0.010296
0.013145 0.012860
0.010606 0.010853
0.009326 0.008929
0.009551 0.009632
0.011640 0.012426
0.009686 0.009894
0.014165 0.013685
0.011608 0.011764
0.009822 0.009803
0.009564 0.009443
0.013773 0.013668
0.010739 0.010803
0.009605 0.008850
0.009525 0.008434
0.013084 0.013549
0.010952 0.011675
0.009570 0.009019
0.009479 0.008880
0.013509 0.014125
0.011896 0.012320
0.009393 0.009407
0.009329 0.010181
0.015064 0.013840
0.011644 0.011985
0.009370 0.009942
0.009164 0.009627
0.019269 0.014898
0.012591 0.012371
0.009528 0.009551
0.009949 0.010082
0.013062 0.012393
0.010731 0.010300
0.009559 0.010045
0.009730 0.008683
0.012867 0.013600
0.010736 0.011448
0.009620 0.008935
0.009631 0.009352
0.009004 0.007051
0.010616 0.009282
0.009285 0.009142
0.009290 0.007939
0.013996 0.009153
0.014141 0.009244
0.012991 0.008439
0.012053 0.008354
0.010551 0.007637
0.007922 0.007246
0.008089 0.006747
0.009185 0.007700
0.008864 0.007444
0.009185 0.006104
0.008815 0.007243
0.009185 0.006498
0.007824 0.006602
0.007440 0.006429
0.007313 0.006540
0.007218 0.006485
0.005995 0.007352
0.006948 0.006478
0.006709 0.006681
0.006671 0.006538
0.006585 0.006494
0.006585 0.006419
0.007005 0.006956
0.006683 0.006389
0.006477 0.005706
0.006524 0.005828
0.006743 0.006623
0.006597 0.006948
0.006514 0.006474
0.006506 0.006439
0.006446 0.005954
0.018526 0.014992
0.014189 0.015706
0.010768 0.013049
0.009354 0.012262
0.011922 0.013860
0.012685 0.015415
0.012734 0.014544
0.011950 0.016527
0.008356 0.011594
0.012786 0.014826
0.010808 0.014088
0.011276 0.014718
0.013912 0.014575
0.014442 0.014886
0.014841 0.014941
0.015074 0.015223
0.014818 0.014824
0.015156 0.015384
0.015033 0.015003
0.015526 0.015545
0.015543 0.015670
0.015480 0.015568
0.015373 0.015323
0.015353 0.015378
0.015578 0.015482
0.015438 0.015415
0.015625 0.015407
0.015437 0.015399
0.015468 0.015503
0.015105 0.015288
0.014525 0.014702
0.008577 0.006608
0.013671 0.013935
0.010860 0.012366
0.009111 0.006830
0.008622 0.004498
0.008919 0.005078
0.009252 0.004092
0.007776 0.006429
0.009155 0.008057
0.010642 0.008529
0.012860 0.010808
0.010995 0.011134
0.017041 0.014690
0.017351 0.015306
0.009104 0.011626
0.014224 0.014870
0.010503 0.013639
0.007678 0.011675
0.007840 0.011612
0.012635 0.015361
0.009787 0.013453
0.009041 0.011298
0.009372 0.010801
0.012946 0.015468
0.012549 0.013489
0.010585 0.010656
0.010600 0.010880
0.013318 0.014941
0.013099 0.013631
0.010816 0.010857
0.010903 0.011443
0.016411 0.011558
0.013224 0.012245
0.010914 0.011055
0.011266 0.009751
0.019064 0.013865
0.017555 0.015397
0.013213 0.012814
0.012130 0.013641
0.012899 0.014579
0.016670 0.017548
0.014050 0.015042
0.011670 0.013433
0.015825 0.016771
0.014030 0.016683
0.012369 0.012993
0.013420 0.014046
0.016172 0.016982
0.013360 0.015647
0.012954 0.013877
0.016252 0.017230
0.013482 0.013972
0.013742 0.015026
0.017642 0.017765
0.014725 0.015086
0.013733 0.012910
0.013192 0.011978
0.015792 0.016453
0.014124 0.014937
0.013256 0.011194
0.013127 0.011259
0.014011 0.013157
0.012883 0.011590
0.027692 0.020773
0.015045 0.013869
0.013369 0.012302
0.011785 0.010008
0.011302 0.010148
0.014454 0.015241
0.012476 0.013005
0.011352 0.009706
0.011371 0.010388
0.013803 0.014364
0.012046 0.012581
0.010547 0.010111
0.010559 0.010177
0.014089 0.014504
0.011603 0.011958
0.010406 0.010072
0.010358 0.010052
0.011615 0.012072
0.010269 0.010330
0.006691 0.005630
0.009281 0.003832
0.011888 0.010124
0.012172 0.010515
0.009111 0.004997
0.009315 0.006740
0.008788 0.003794
0.012082 0.009368
0.018883 0.011704
0.018583 0.013205
0.038228 0.019628
0.010122 0.010468
0.010492 0.009946
0.024961 0.017484
0.009028 0.009792
0.006938 0.008514
0.006944 0.007843
0.011007 0.013997
0.008445 0.009246
0.007971 0.006986
0.008262 0.007576
0.011743 0.014458
0.009195 0.010372
0.008138 0.007128
0.008389 0.007568
0.011145 0.013403
0.008980 0.010599
0.007926 0.007648
0.008159 0.007343
0.017555 0.013470
0.008996 0.009446
0.007912 0.007372
0.008046 0.007507
0.015311 0.012721
0.012516 0.013784
0.010077 0.011274
0.008808 0.011932
0.012943 0.012734
0.008937 0.011848
0.012586 0.012336
0.008543 0.010915
0.012508 0.012943
0.011139 0.012847
0.010036 0.011006
0.010535 0.011529
0.012776 0.013581
0.012418 0.013834
0.010740 0.011626
0.011178 0.012427
0.012912 0.013413
0.012099 0.013100
0.011003 0.011421
0.010704 0.011284
0.014668 0.014182
0.012895 0.014021
0.010908 0.011215
0.011485 0.012168
0.010994 0.012206
0.007071 0.005768
0.008891 0.003850
0.009163 0.003771
0.008705 0.003834
0.008711 0.004946
0.007416 0.006285
0.010010 0.005157
0.008418 0.004492
0.006638 0.006352
0.007749 0.007394
0.006815 0.007861
0.011217 0.009340
0.008108 0.009521
0.017370 0.012941
0.011290 0.012358
0.007867 0.009398
0.006434 0.009132
0.016252 0.014298
0.008949 0.011545
0.007344 0.009472
0.007293 0.009424
0.011329 0.014327
0.010262 0.011648
0.008162 0.009047
0.007977 0.008699
0.015622 0.012002
0.010867 0.010349
0.008645 0.009024
0.013395 0.011947
0.016442 0.014055
0.012817 0.013090
0.012978 0.013622
0.013098 0.015292
0.011812 0.014942
0.010530 0.012943
0.010489 0.012952
0.013877 0.012001
0.010851 0.011063
0.012910 0.012495
0.012559 0.014382
0.010266 0.010889
0.010538 0.010650
0.013745 0.013087
0.012687 0.015166
0.011603 0.011478
0.011290 0.011240
0.014699 0.015131
0.012498 0.013405
0.011259 0.012083
0.010716 0.010917
0.012064 0.014211
0.011728 0.011870
0.010442 0.010353
0.010361 0.010011
0.010474 0.013910
0.011757 0.011840
0.010252 0.009552
0.010691 0.009184
0.016580 0.012162
0.011335 0.010268
0.010223 0.010365
0.010698 0.010668
0.011214 0.007880
0.014415 0.012901
0.010674 0.010070
0.010635 0.009783
0.010545 0.009707
0.010476 0.008852
0.011688 0.013981
0.010182 0.010843
0.010197 0.009988
0.010091 0.009534
0.009909 0.009756
0.013032 0.013450
0.010714 0.012354
0.009913 0.009997
0.010019 0.010198
0.009962 0.010365
0.009864 0.010218
0.013606 0.009665
0.009853 0.010488
0.010035 0.009802
0.010263 0.008222
0.013480 0.010364
0.012177 0.011214
0.012893 0.010862
0.010449 0.011096
0.010456 0.011536
0.010332 0.012373
0.009931 0.011249
0.010013 0.012581
0.010241 0.010609
0.010359 0.011458
0.010494 0.013047
0.011141 0.010932
0.010966 0.012926
0.011358 0.010667
0.012581 0.012286
0.011204 0.010697
0.011550 0.012318
0.011180 0.011705
0.011926 0.012070
0.009413 0.010655
0.041831 0.032629
0.013762 0.012742
0.018559 0.017640
0.014463 0.013788
0.012540 0.013791
0.019567 0.020510
0.012246 0.013980
0.018462 0.022955
0.014315 0.018344
0.012566 0.014044
0.012630 0.014547
0.016831 0.021714
0.012998 0.014192
0.015146 0.012008
0.016539 0.017191
0.014466 0.015949
0.014429 0.015329
0.014473 0.011547
0.015693 0.013718
0.013617 0.011607
0.012904 0.012852
0.014693 0.013426
0.013265 0.011985
0.013884 0.014388
0.014168 0.014559
0.012531 0.012021
0.012219 0.011975
0.014310 0.014728
0.014131 0.014870
0.012457 0.012260
0.012201 0.011885
0.014121 0.014729
0.013456 0.013872
0.011919 0.011540
0.012234 0.012459
0.013117 0.013719
0.012342 0.012019
0.014283 0.014382
0.013640 0.013838
0.012146 0.011562
0.012121 0.012066
0.015625 0.015158
0.014256 0.014073
0.012356 0.012700
0.012771 0.012683
0.011611 0.011967
0.029550 0.019325
0.013136 0.013360
0.012314 0.011706
0.011347 0.010997
0.011554 0.010968
0.013541 0.015071
0.012496 0.012969
0.011954 0.011017
0.011869 0.010921
0.013407 0.014091
0.011462 0.010203
0.013978 0.014742
0.011885 0.012615
0.011135 0.010762
0.010907 0.010601
0.013742 0.014708
0.011813 0.012370
0.010621 0.010612
0.010579 0.010528
0.011673 0.012513
0.011749 0.011632
0.010498 0.009935
0.010408 0.009722
0.011728 0.008912
0.011275 0.008994
0.010281 0.009149
0.012499 0.009877
0.012417 0.009653
0.011113 0.010407
0.012313 0.010134
0.010846 0.010512
0.012300 0.009990
0.011245 0.010196
0.009903 0.010815
0.010030 0.010947
0.009995 0.011384
0.010108 0.011301
0.010191 0.010906
0.010307 0.011669
0.010192 0.010952
0.010282 0.012299
0.010408 0.012631
0.010594 0.010649
0.010728 0.010405
0.010762 0.012892
0.010934 0.012403
0.010938 0.010753
0.010896 0.011112
0.011838 0.012045
0.012059 0.012430
0.010245 0.010688
0.010233 0.010785
0.011591 0.011689
0.012668 0.012317
0.010770 0.010809
0.011255 0.011079
0.028985 0.017511
0.012248 0.012195
0.011679 0.011264
0.010434 0.010124
0.010388 0.010107
0.012294 0.013803
0.011425 0.012069
0.010833 0.010116
0.010842 0.010194
0.012443 0.013913
0.011413 0.012070
0.010403 0.010498
0.010448 0.010489
0.013827 0.014346
0.011561 0.011630
0.010140 0.009816
0.010013 0.009859
0.013084 0.013553
0.011515 0.011146
0.010200 0.009466
0.010152 0.009388
0.012370 0.012756
0.011233 0.011199
0.009873 0.009134
0.009734 0.009077
0.010359 0.011013
0.011012 0.011226
0.009354 0.008675
0.006730 0.005481
0.008181 0.003949
0.007797 0.003839
0.012938 0.009191
0.008415 0.004390
0.008229 0.005005
0.009831 0.007344
0.022595 0.013480
0.009390 0.008143
0.034857 0.016660
0.007070 0.008332
0.024795 0.019277
0.006089 0.008297
0.023556 0.019400
0.007389 0.010236
0.007188 0.010385
0.006702 0.009211
0.013413 0.017239
0.007728 0.010871
0.007414 0.008944
0.007438 0.009415
0.013769 0.016641
0.009110 0.010836
0.008697 0.009017
0.008932 0.009325
0.014396 0.015951
0.009834 0.010918
0.009176 0.008695
0.009287 0.009292
0.014540 0.015579
0.009913 0.010803
0.009325 0.008601
0.009395 0.009362
0.013954 0.014640
0.010182 0.010880
0.009368 0.008620
0.009381 0.008784
0.012098 0.012306
0.010206 0.010707
0.009223 0.008491
0.009299 0.008947
0.010302 0.009230
0.009327 0.009247
0.033403 0.017210
0.015374 0.011980
0.011718 0.010634
0.009524 0.008929
0.009665 0.009218
0.014611 0.011837
0.009860 0.009602
0.011387 0.013515
0.010440 0.012411
0.009833 0.009833
0.009776 0.010082
0.014250 0.012569
0.011817 0.013614
0.009923 0.010655
0.010193 0.011132
0.013797 0.012653
0.012095 0.012090
0.011420 0.011801
0.010236 0.009925
0.012611 0.012851
0.011449 0.012333
0.010577 0.009833
0.010500 0.010040
0.010280 0.009682
0.016292 0.017998
0.012211 0.013008
0.010960 0.012043
0.010270 0.010327
0.009776 0.010096
0.010974 0.014311
0.010412 0.012042
0.009458 0.010190
0.009407 0.010637
0.011383 0.014626
0.010697 0.011949
0.010367 0.010597
0.009986 0.010089
0.014070 0.014431
0.011217 0.011348
0.010287 0.009046
0.010242 0.008925
0.013859 0.014577
0.011285 0.010982
0.010307 0.008858
0.010259 0.008670
0.013310 0.013237
0.010871 0.011069
0.009643 0.008800
0.009549 0.008826
0.009907 0.010931
0.010950 0.011844
0.009084 0.009228
0.046687 0.026923
0.031950 0.018456
0.019365 0.015339
0.012889 0.011801
0.011950 0.011494
0.025132 0.019286
0.015760 0.014787
0.011452 0.011506
0.010947 0.011562
0.017721 0.018238
0.013280 0.014538
0.011361 0.011415
0.011468 0.011940
0.018248 0.018217
0.013764 0.014728
0.011673 0.011908
0.011618 0.011732
0.014947 0.015359
0.011890 0.012080
0.011573 0.011940
0.011991 0.012426
0.011848 0.010883
0.010809 0.012202
0.015858 0.020508
0.016306 0.015254
0.012566 0.013524
0.011249 0.011115
0.011128 0.011097
0.015472 0.015557
0.011687 0.012471
0.010615 0.010817
0.010780 0.010794
0.014570 0.015033
0.011804 0.012313
0.010951 0.010439
0.011022 0.010586
0.013376 0.012562
0.011003 0.011083
0.012482 0.011705
0.012448 0.013138
0.011026 0.010869
0.010848 0.010255
0.015768 0.011642
0.011777 0.010559
0.011861 0.009324
0.012145 0.011766
0.011666 0.009202
0.011554 0.011642
0.010739 0.008054
0.011654 0.012737
0.011223 0.010281
0.010424 0.007908
0.010343 0.007938
0.010911 0.012194
0.010060 0.008119
0.010402 0.011158
0.009571 0.008171
0.015526 0.013454
0.011804 0.013844
0.014716 0.014325
0.011280 0.015193
0.014986 0.015157
0.013754 0.013891
0.014978 0.014432
0.009395 0.014336
0.012698 0.013821
0.013808 0.014995
0.010863 0.012295
0.015083 0.015108
0.011032 0.013289
0.014315 0.014413
0.011607 0.012395
0.014786 0.015003
0.011987 0.012407
0.014109 0.014599
0.011960 0.012779
0.015066 0.015126
0.012672 0.012272
0.014544 0.014919
0.012496 0.012343
0.015849 0.016037
0.013979 0.015872
0.012592 0.013095
0.012638 0.012828
0.019616 0.017856
0.014717 0.015081
0.012415 0.012630
0.012728 0.010949
0.019385 0.017519
0.020344 0.016305
0.014830 0.012615
0.016217 0.016146
0.014451 0.012254
0.017084 0.017229
0.014546 0.012237
0.016612 0.015582
0.014166 0.011790
0.015462 0.015144
0.016372 0.015539
0.013985 0.014288
0.013337 0.014336
0.012899 0.012472
0.012345 0.014047
0.013881 0.014441
0.012745 0.012786
0.012309 0.013150
0.016940 0.016102
0.012760 0.010729
0.013704 0.015023
0.012654 0.012801
0.014279 0.014531
0.015794 0.018141
0.013761 0.013451
0.014488 0.015376
0.013617 0.011573
0.013662 0.011524
0.012911 0.010007
0.014547 0.013320
0.014932 0.013151
0.017098 0.016820
0.015048 0.014223
0.013508 0.012820
0.014948 0.016492
0.013048 0.013689
0.012719 0.013888
0.012648 0.012363
0.014490 0.012822
0.012247 0.009641
0.013172 0.011876
0.013352 0.014665
0.011435 0.011126
0.011703 0.010912
0.013708 0.015594
0.012931 0.012695
0.010386 0.010822
0.010339 0.010211
0.012280 0.013758
0.011448 0.011905
0.010460 0.009412
0.010342 0.009544
0.014717 0.012249
0.010342 0.008994
0.010776 0.008735
0.009469 0.009375
0.011859 0.013025
0.009670 0.011031
0.008828 0.009506
0.009456 0.009028
0.011077 0.013794
0.009223 0.011916
0.008903 0.009256
0.009171 0.009701
0.011473 0.013720
0.009922 0.012059
0.009537 0.010006
0.009611 0.010182
0.013229 0.013013
0.010117 0.011479
0.009817 0.009747
0.009803 0.009142
0.011406 0.011656
0.010902 0.011702
0.009982 0.009347
0.009962 0.009143
0.019164 0.013845
0.016125 0.012853
0.016459 0.012589
0.014637 0.013959
0.016979 0.012676
0.015437 0.014579
0.017601 0.013611
0.012788 0.014123
0.011515 0.012699
0.012560 0.013389
0.011615 0.012762
0.013380 0.012289
0.012506 0.010936
0.012978 0.013788
0.012229 0.011422
0.014821 0.014619
0.015939 0.015093
0.014044 0.013020
0.013845 0.015593
0.013419 0.014510
0.012314 0.013517
0.013069 0.014635
0.012879 0.013607
0.012918 0.014402
0.013143 0.014319
0.017935 0.016330
0.015336 0.015107
0.014861 0.015185
0.014395 0.013283
0.017449 0.017765
0.014076 0.014807
0.015088 0.014796
0.013745 0.010308
0.012991 0.010882
0.012203 0.009095
0.012881 0.011319
0.011950 0.010428
0.012143 0.011408
0.013562 0.011984
0.013302 0.012970
0.012336 0.011544
0.014325 0.013115
0.010331 0.012564
0.011798 0.011479
0.010866 0.009343
0.010094 0.009658
0.010456 0.013746
0.011182 0.012076
0.010598 0.009515
0.011092 0.009526
0.011113 0.013517
0.010795 0.011685
0.009899 0.008928
0.010183 0.009672
0.011984 0.013129
0.010664 0.011312
0.010121 0.009866
0.010200 0.009684
0.012272 0.013171
0.010681 0.012130
0.010078 0.010883
0.010188 0.010818
0.012386 0.012238
0.010657 0.011137
0.009977 0.009799
0.009739 0.009235
0.012212 0.011572
0.010149 0.009037
0.009517 0.005063
0.011251 0.009643
0.010294 0.008567
0.009329 0.003831
0.009663 0.005762
0.009066 0.004083
0.008694 0.005002
0.007401 0.003940
0.008859 0.007773
0.011565 0.009147
0.014868 0.010459
0.023588 0.013494
0.011855 0.010157
0.027048 0.015813
0.016629 0.013142
0.013575 0.013393
0.007506 0.010903
0.008929 0.011781
0.021528 0.016298
0.010417 0.012292
0.009101 0.012861
0.008216 0.010667
0.026501 0.016086
0.012496 0.013668
0.012019 0.013567
0.009586 0.011130
0.009831 0.010830
0.013469 0.014004
0.012493 0.013399
0.010630 0.010932
0.010714 0.011299
0.013175 0.013197
0.012632 0.012909
0.011296 0.011122
0.010867 0.010909
0.013281 0.012596
0.012567 0.012569
0.010825 0.010767
0.011000 0.011116
0.013714 0.012783
0.013169 0.012642
0.011303 0.010916
0.011416 0.011107
0.012799 0.012293
0.011451 0.011178
0.012734 0.011814
0.011514 0.011385
0.015509 0.012434
0.011553 0.009673
0.013045 0.013052
0.011611 0.011232
0.013088 0.013229
0.011778 0.011308
0.012962 0.013549
0.011429 0.010701
0.011950 0.014036
0.010960 0.010381
0.012512 0.014784
0.011629 0.012949
0.010931 0.009859
0.010950 0.010280
0.012712 0.014449
0.011180 0.012612
0.010752 0.009904
0.010386 0.009891
0.015640 0.012153
0.011807 0.011525
0.010241 0.009735
0.011961 0.010418
0.015971 0.014205
0.011558 0.012227
0.011283 0.012120
0.010906 0.011736
0.010826 0.011437
0.011837 0.012853
0.010477 0.012021
0.010605 0.012041
0.010965 0.012267
0.011064 0.011823
0.014179 0.012514
0.011313 0.009851
0.012584 0.012309
0.011800 0.012596
0.011284 0.010461
0.011411 0.011028
0.012695 0.012466
0.011923 0.012455
0.011144 0.010942
0.011133 0.010694
0.012086 0.012023
0.011517 0.011954
0.011015 0.010579
0.011191 0.010931
0.012145 0.011215
0.011431 0.011534
0.011457 0.010263
0.014627 0.014189
0.012849 0.012045
0.013446 0.013435
0.012641 0.011592
0.012607 0.013346
0.012130 0.011930
0.014405 0.013876
0.012468 0.012530
0.014888 0.015740
0.012358 0.011895
0.015542 0.015844
0.018487 0.018042
0.022432 0.020555
0.016867 0.019248
0.013923 0.015451
0.014183 0.016036
0.015772 0.020308
0.015141 0.017918
0.013598 0.015303
0.012592 0.014571
0.014352 0.017798
0.015148 0.017847
0.014191 0.014862
0.015276 0.014673
0.015007 0.011912
0.014866 0.010805
0.015525 0.012704
0.015088 0.010549
0.015411 0.010610
0.015830 0.014668
0.016483 0.014070
0.015568 0.014097
0.011873 0.012595
0.013144 0.015239
0.013664 0.014666
0.011411 0.012508
0.010711 0.011877
0.012078 0.014944
0.010819 0.013199
0.011535 0.013217
0.011640 0.013217
0.012021 0.012602
0.012562 0.014572
0.011628 0.012007
0.012014 0.012332
0.014013 0.015532
0.013781 0.013820
0.012299 0.011632
0.012172 0.010523
0.013348 0.013332
0.012988 0.013805
0.012108 0.011516
0.018626 0.015062
0.013618 0.012297
0.012137 0.011651
0.011047 0.010370
0.011042 0.010729
0.013430 0.013634
0.011503 0.011634
0.011976 0.010431
0.011795 0.009888
0.012219 0.013611
0.011088 0.011297
0.010133 0.009145
0.010364 0.009627
0.012776 0.013304
0.011166 0.011630
0.010170 0.009250
0.010373 0.010156
0.012843 0.013091
0.010757 0.011623
0.009953 0.009971
0.009721 0.009552
0.012310 0.012313
0.009617 0.009254
0.008617 0.005161
0.008153 0.003673
0.011010 0.008759
0.011762 0.009508
0.007871 0.005036
0.008155 0.005772
0.008119 0.005113
0.013288 0.009042
0.008377 0.007197
0.025284 0.014041
0.007544 0.007135
0.023410 0.015139
0.006590 0.007058
0.025954 0.017156
0.010231 0.010411
0.007242 0.008123
0.007124 0.007760
0.013073 0.016110
0.007270 0.008795
0.007187 0.007353
0.007182 0.007779
0.013802 0.016305
0.008817 0.009595
0.007632 0.007337
0.007691 0.007904
0.013775 0.016175
0.009103 0.010407
0.007629 0.007065
0.007778 0.008127
0.014472 0.015879
0.009260 0.010342
0.007655 0.007285
0.007843 0.007779
0.014944 0.015101
0.009767 0.010420
0.007959 0.007581
0.007745 0.007445
0.013979 0.014816
0.009786 0.010217
0.007751 0.007343
0.007790 0.007315
0.009783 0.011038
0.009633 0.009606
0.007452 0.007151
0.007873 0.008119
0.026637 0.015046
0.007236 0.006759
0.007388 0.006818
0.014651 0.013895
0.009570 0.010487
0.007328 0.008092
0.007376 0.007784
0.013111 0.014378
0.008372 0.010897
0.007666 0.008808
0.007635 0.008807
0.013268 0.013976
0.008579 0.010024
0.008047 0.007677
0.008039 0.007708
0.013183 0.013778
0.009128 0.010182
0.008530 0.008054
0.008530 0.007799
0.014548 0.011074
0.008822 0.009298
0.008361 0.009226
0.008295 0.008597
0.009141 0.007796
0.014228 0.012894
0.008829 0.009735
0.009071 0.009745
0.012323 0.014499
0.010329 0.012365
0.008998 0.009354
0.008674 0.009221
0.013432 0.014991
0.008893 0.011874
0.008997 0.009151
0.008866 0.008927
0.014389 0.014636
0.010325 0.010734
0.008851 0.009032
0.008634 0.008406
0.012683 0.014071
0.010920 0.011096
0.008675 0.008380
0.008617 0.008446
0.012351 0.013505
0.010623 0.010794
0.008547 0.008317
0.008797 0.008508
0.013157 0.013817
0.010285 0.011002
0.008405 0.008011
0.008502 0.008204
0.012136 0.013487
0.010673 0.010999
0.008434 0.008182
0.008593 0.008614
0.010301 0.011076
0.008849 0.010066
0.008461 0.008961
0.008830 0.008949
0.008797 0.008752
0.053365 0.022121
0.016545 0.013707
0.010260 0.010629
0.008725 0.007453
0.008731 0.007612
0.016160 0.015771
0.010334 0.010862
0.008894 0.007980
0.008884 0.007985
0.012994 0.014225
0.008476 0.007863
0.013179 0.014913
0.009320 0.010372
0.008339 0.007832
0.008006 0.007710
0.012735 0.014857
0.008033 0.008603
0.014607 0.015966
0.009578 0.010798
0.008180 0.008592
0.007970 0.008477
0.013521 0.014904
0.009480 0.010796
0.008282 0.008407
0.008200 0.008516
0.012929 0.014158
0.008369 0.008910
0.011921 0.013632
0.009963 0.010366
0.008361 0.008511
0.008223 0.008281
0.008323 0.011017
0.008501 0.008750
0.014907 0.020821
0.016724 0.014027
0.012377 0.012617
0.009461 0.009695
0.009143 0.009227
0.016349 0.015251
0.011464 0.012185
0.009045 0.008952
0.008910 0.008960
0.013651 0.014771
0.010486 0.012090
0.009252 0.008937
0.009217 0.008733
0.014439 0.014603
0.011449 0.011776
0.009166 0.008760
0.009175 0.008927
0.014649 0.014686
0.011816 0.012062
0.009057 0.009015
0.009084 0.009244
0.014317 0.014572
0.011845 0.011994
0.008932 0.008788
0.008857 0.008931
0.014325 0.014515
0.011584 0.011795
0.009078 0.009175
0.009064 0.009244
0.014741 0.014409
0.011726 0.011541
0.008902 0.008696
0.008778 0.008562
0.014357 0.014389
0.012040 0.011861
0.008994 0.008601
0.008997 0.008695
0.014334 0.014455
0.011675 0.011889
0.008884 0.009132
0.008718 0.008482
0.014499 0.014410
0.011813 0.011814
0.008803 0.008876
0.008855 0.009208
0.014408 0.014143
0.011952 0.011992
0.008888 0.008922
0.008917 0.009230
0.012935 0.013632
0.011572 0.011691
0.008856 0.008552
0.008954 0.008996
0.008210 0.007430
0.011661 0.010583
0.008913 0.008678
0.009164 0.009007
0.012512 0.008994
0.010913 0.008614
0.010277 0.008243
0.009417 0.008361
0.007501 0.007704
0.008861 0.008172
0.008517 0.008037
0.008602 0.007697
0.008011 0.006672
0.009467 0.006624
0.008290 0.006611
0.008468 0.006488
0.007626 0.006517
0.007502 0.005987
0.007162 0.006402
0.006787 0.006290
0.006757 0.005850
0.006784 0.006462
0.006081 0.006520
0.006699 0.006407
0.006245 0.005516
0.006280 0.005598
0.005792 0.006064
0.006376 0.006058
0.006165 0.005360
0.006231 0.005565
0.005889 0.006104
0.046203 0.023210
0.009948 0.009747
0.006416 0.007657
0.010521 0.011718
0.008280 0.009920
0.006144 0.006443
0.006398 0.007281
0.007016 0.010899
0.006861 0.010944
0.006835 0.009611
0.007328 0.009324
0.007773 0.009829
0.007784 0.007842
0.002632 0.017806
0.016622 0.013011
0.011130 0.011453
0.009224 0.009572
0.009140 0.009279
0.019369 0.015148
0.012987 0.012225
0.008971 0.008660
0.009271 0.009148
0.011787 0.014750
0.010362 0.011853
0.009450 0.009499
0.009247 0.009494
0.014611 0.014854
0.010803 0.011795
0.009376 0.009795
0.009430 0.010267
0.014598 0.014339
0.011581 0.011806
0.009509 0.008576
0.009566 0.009598
0.014123 0.014635
0.011957 0.012915
0.009817 0.010175
0.009883 0.010127
0.013926 0.014179
0.012280 0.012545
0.009640 0.010056
0.009776 0.010396
0.006069 0.006808
0.014161 0.011022
0.010066 0.009357
0.010521 0.008210
0.010742 0.008107
0.009830 0.007876
0.009354 0.007535
0.008847 0.007515
0.007743 0.006506
0.009338 0.007586
0.008409 0.006900
0.008243 0.007001
0.008503 0.006434
0.008083 0.006377
0.007860 0.006572
0.007890 0.006372
0.006592 0.006374
0.006606 0.006364
0.005102 0.006897
0.006979 0.006536
0.006443 0.006460
0.006399 0.006159
0.006378 0.006493
0.006408 0.006848
0.005169 0.006255
0.006404 0.006957
0.006350 0.006398
0.006362 0.006305
0.006335 0.005876
0.011748 0.009923
0.010005 0.010789
0.008250 0.010905
0.010726 0.011981
0.010668 0.012636
0.008985 0.011187
0.007815 0.010110
0.009345 0.012233
0.008828 0.012438
0.007964 0.010384
0.008180 0.010407
0.010948 0.011831
0.011737 0.012877
0.009728 0.010344
0.009812 0.010525
0.011017 0.011737
0.012414 0.012643
0.010358 0.010367
0.010241 0.010347
0.010907 0.011342
0.012906 0.012705
0.010350 0.010028
0.010422 0.010598
0.023757 0.014600
0.009284 0.007991
0.010616 0.009635
0.014747 0.015166
0.012492 0.013024
0.009539 0.010247
0.010541 0.011128
0.012141 0.013701
0.010235 0.011682
0.012559 0.015197
0.011698 0.014340
0.010858 0.011702
0.010762 0.012101
0.013595 0.014308
0.012372 0.014356
0.011097 0.011969
0.011173 0.012143
0.013491 0.013034
0.011443 0.011563
0.011405 0.007147
0.012607 0.011404
0.011628 0.011152
0.012625 0.008150
0.010401 0.007918
0.010314 0.007460
0.010288 0.007696
0.006992 0.006836
0.009871 0.006966
0.009868 0.007436
0.009656 0.007720
0.009201 0.006562
0.008960 0.006385
0.006000 0.006483
0.009173 0.006180
0.006948 0.005495
0.006643 0.005566
0.005330 0.006638
0.006968 0.006538
0.006474 0.006336
0.006643 0.005838
0.006304 0.006140
0.006088 0.006449
0.006081 0.005749
0.005880 0.006427
0.006298 0.006409
0.006207 0.006205
0.005902 0.005481
0.005965 0.005861
0.057409 0.030450
0.020411 0.018266
0.009408 0.013285
0.007402 0.010829
0.007440 0.011256
0.020162 0.019159
0.009332 0.013114
0.006620 0.010495
0.007641 0.011423
0.018941 0.018334
0.010027 0.013243
0.009636 0.011684
0.009648 0.011313
0.014756 0.016361
0.012139 0.013368
0.010480 0.011122
0.010361 0.011361
0.007836 0.011537
0.013151 0.012719
0.010858 0.011416
0.011104 0.011705
0.013368 0.017682
0.011644 0.013592
0.012230 0.011478
0.011028 0.010965
0.010998 0.010733
0.013101 0.014229
0.011951 0.011689
0.011222 0.010670
0.011129 0.010451
0.013550 0.013764
0.011497 0.011389
0.010876 0.010588
0.010834 0.010259
0.012845 0.012641
0.011348 0.011319
0.010672 0.010122
0.010710 0.010406
0.011983 0.011189
0.011767 0.012455
0.010676 0.010441
0.010662 0.010821
0.019577 0.013849
0.015393 0.013395
0.012887 0.013041
0.011693 0.011460
0.011680 0.011532
0.015868 0.014409
0.014298 0.013504
0.011227 0.010598
0.011262 0.011193
0.012607 0.012388
0.012177 0.013233
0.011505 0.011183
0.012147 0.011911
0.012689 0.011133
0.013038 0.010011
0.012064 0.009505
0.012346 0.010476
0.012393 0.010441
0.012396 0.010523
0.012329 0.012289
0.012355 0.010975
0.011533 0.011698
0.011969 0.012343
0.010582 0.012580
0.012804 0.013407
0.011624 0.011673
0.011132 0.011263
0.011658 0.013222
0.011990 0.012817
0.011108 0.010992
0.010931 0.010984
0.011381 0.013443
0.012363 0.012416
0.011335 0.010555
0.010494 0.009843
0.012130 0.013182
0.012626 0.012973
0.010725 0.010193
0.010739 0.010697
0.012902 0.010315
0.013044 0.011645
0.010513 0.010435
0.010510 0.007602
0.011554 0.011906
0.010072 0.009059
0.010826 0.009407
0.011512 0.013482
0.011116 0.011245
0.010432 0.008694
0.009655 0.008596
0.011487 0.013133
0.010188 0.011047
0.009356 0.008385
0.009385 0.009023
0.011552 0.012450
0.010568 0.011672
0.009065 0.008696
0.008938 0.008558
0.019549 0.012631
0.012545 0.011664
0.008678 0.008833
0.013623 0.013115
0.010965 0.011761
0.008745 0.008880
0.008738 0.009343
0.011063 0.013137
0.010434 0.012296
0.009236 0.009831
0.009316 0.010607
0.011794 0.012514
0.009931 0.011148
0.011478 0.012398
0.009771 0.010852
0.012543 0.012267
0.011751 0.013181
0.010508 0.011002
0.010780 0.010904
0.012163 0.011198
0.011044 0.010540
0.012131 0.011122
0.011141 0.010193
0.013071 0.011978
0.011525 0.011524
0.013033 0.012193
0.011587 0.011492
0.013558 0.012811
0.011014 0.011250
0.013533 0.013856
0.011211 0.012912
0.010594 0.010563
0.010337 0.009640
0.012487 0.013497
0.011143 0.011796
0.010031 0.008716
0.010035 0.008969
0.011341 0.012534
0.009982 0.009393
0.011537 0.013195
0.011616 0.012734
0.009902 0.009258
0.009277 0.010012
0.018024 0.012589
0.011208 0.010856
0.009416 0.009795
0.010519 0.009662
0.014502 0.013953
0.009976 0.010217
0.010599 0.011522
0.012230 0.014156
0.010763 0.013120
0.010196 0.010442
0.010033 0.011208
0.014036 0.013565
0.010443 0.011720
0.010455 0.010814
0.011103 0.010042
0.014206 0.014180
0.012560 0.014535
0.011414 0.012639
0.011264 0.012074
0.012926 0.014704
0.011883 0.014893
0.010921 0.012375
0.010987 0.012246
0.013319 0.014841
0.012903 0.014680
0.011818 0.012382
0.011794 0.012098
0.016327 0.014497
0.012201 0.010040
0.014029 0.011971
0.012982 0.014021
0.013099 0.013685
0.012937 0.013669
0.012650 0.012123
0.013824 0.013662
0.012890 0.014312
0.011970 0.013184
0.012364 0.012162
0.013928 0.013258
0.013077 0.015841
0.012818 0.013088
0.012974 0.013716
0.013236 0.012745
0.013476 0.014259
0.021949 0.016971
0.012978 0.009022
0.012888 0.010578
0.014284 0.016452
0.013557 0.013491
0.012099 0.011790
0.012364 0.012358
0.013364 0.016408
0.012616 0.014444
0.011501 0.012371
0.011782 0.012442
0.014916 0.016416
0.012951 0.014356
0.012156 0.012119
0.012263 0.012288
0.015427 0.016451
0.013109 0.013129
0.012388 0.012223
0.012254 0.011449
0.015146 0.016064
0.013302 0.013907
0.012373 0.012111
0.012392 0.011693
0.014363 0.014429
0.013307 0.013943
0.012064 0.011577
0.012060 0.011866
0.012938 0.011281
0.038584 0.029004
0.017123 0.016468
0.011185 0.011535
0.020809 0.019624
0.011274 0.009957
0.019155 0.018289
0.013035 0.014351
0.011841 0.012086
0.012559 0.011042
0.015120 0.015523
0.010965 0.011421
0.014721 0.015624
0.012949 0.014203
0.011202 0.011712
0.011485 0.010869
0.011038 0.011166
0.011349 0.011876
0.010312 0.012715
0.013452 0.011747
0.012126 0.010838
0.011704 0.009468
0.011272 0.009227
0.013292 0.012521
0.011752 0.010977
0.011491 0.009125
0.011393 0.009118
0.012895 0.012733
0.010774 0.009705
0.010107 0.008980
0.010011 0.008507
0.012819 0.012755
0.010220 0.010098
0.009585 0.009116
0.009607 0.009030
0.011897 0.011994
0.009879 0.009991
0.009168 0.008714
0.009169 0.008528
0.012267 0.012824
0.010050 0.010382
0.008983 0.008372
0.009026 0.008353
0.009776 0.008705
0.057697 0.037889
0.017606 0.016466
0.008119 0.007561
0.024052 0.021217
0.011378 0.014201
0.008228 0.010597
0.008006 0.011123
0.021391 0.022582
0.010589 0.014575
0.008246 0.010970
0.008182 0.008626
0.021168 0.021825
0.011693 0.014570
0.010028 0.009990
0.009976 0.009480
0.020408 0.020649
0.013272 0.014242
0.010285 0.010088
0.010283 0.010354
0.017983 0.019116
0.013652 0.014769
0.010139 0.009063
0.010195 0.009878
0.011541 0.015046
0.010386 0.010458
0.014369 0.011872
0.015310 0.012908
0.010802 0.010840
0.018945 0.012812
0.016705 0.015464
0.015357 0.014809
0.014203 0.014051
0.013146 0.014476
0.012159 0.013635
0.015350 0.015926
0.013244 0.014511
0.012229 0.013480
0.012691 0.014262
0.014322 0.015432
0.013148 0.014206
0.013308 0.014978
0.013792 0.014751
0.013304 0.013646
0.014960 0.015034
0.013979 0.016136
0.013679 0.014247
0.013618 0.014183
0.015291 0.015178
0.014242 0.014700
0.013779 0.012919
0.013882 0.013917
0.015521 0.014149
0.014655 0.014846
0.014463 0.013815
0.014756 0.013945
0.017218 0.013026
0.015975 0.012834
0.014296 0.013865
0.015432 0.013099
0.015147 0.012484
0.018123 0.017314
0.015168 0.012645
0.013977 0.016463
0.013448 0.013216
0.013780 0.017328
0.013492 0.012027
0.012447 0.016236
0.014167 0.013526
0.013972 0.013713
0.015935 0.015961
0.010333 0.009424
0.011233 0.012024
0.010397 0.011271
0.011505 0.012510
0.010536 0.011131
0.010838 0.011363
0.010803 0.011076
0.012543 0.012774
0.010681 0.010388
0.012532 0.011792
0.011257 0.010685
0.012049 0.011662
0.011047 0.010523
0.012580 0.012226
0.011117 0.010381
0.014082 0.012690
0.011749 0.012015
0.011711 0.011821
0.015596 0.015626
0.011740 0.011795
0.015388 0.014639
0.011719 0.011667
0.015698 0.014940
0.013157 0.012761
0.012146 0.012292
0.012740 0.013191
0.012367 0.012703
0.013703 0.014772
0.012083 0.011161
0.011195 0.011090
0.011957 0.012646
0.011405 0.011871
0.011288 0.011265
0.014227 0.013127
0.011103 0.011663
0.010281 0.011555
0.010887 0.011910
0.010394 0.011185
0.010856 0.011277
0.010575 0.010793
0.010741 0.011069
0.015170 0.014540
0.015497 0.016087
0.017394 0.018826
0.014978 0.018124
0.012595 0.011399
0.024498 0.025172
0.017833 0.020256
0.015500 0.019310
0.013096 0.012939
0.011808 0.011218
0.013605 0.013567
0.012278 0.012754
0.012743 0.014211
0.012334 0.012702
0.012028 0.012116
0.016697 0.015380
0.012188 0.012881
0.013517 0.012876
0.012481 0.012421
0.013433 0.012469
0.011973 0.011207
0.013273 0.013222
0.012911 0.011690
0.014031 0.012702
0.016716 0.015532
0.014083 0.013960
0.012508 0.012092
0.012550 0.012360
0.016063 0.016474
0.013341 0.013047
0.012151 0.012250
0.012975 0.011441
0.011309 0.011786
0.011075 0.011592
0.013126 0.014663
0.014414 0.013124
0.013254 0.010163
0.013673 0.010922
0.012332 0.014961
0.015471 0.013957
0.014956 0.011442
0.013830 0.012192
0.013838 0.015875
0.013583 0.014860
0.011636 0.012033
0.011983 0.012454
0.015027 0.016300
0.014512 0.015598
0.011868 0.012141
0.012538 0.012905
0.015944 0.016627
0.015436 0.015686
0.012898 0.012821
0.013026 0.012797
0.016454 0.016759
0.015809 0.015839
0.013452 0.013137
0.013330 0.013268
0.016294 0.016668
0.015789 0.015864
0.012051 0.012083
0.013070 0.013308
0.016209 0.016662
0.015855 0.015796
0.013111 0.012966
0.012969 0.013144
0.016112 0.016341
0.015282 0.015632
0.012712 0.012786
0.011906 0.012071
0.015648 0.016416
0.014690 0.015256
0.012368 0.012179
0.012314 0.012626
0.015744 0.016492
0.015023 0.015304
0.012407 0.011943
0.012405 0.012306
0.015947 0.016450
0.014838 0.015150
0.012267 0.012007
0.011078 0.011142
0.015937 0.016471
0.014636 0.015230
0.012027 0.011756
0.011941 0.011899
0.015316 0.016072
0.014311 0.014721
0.011888 0.011798
0.011651 0.011954
0.016759 0.015635
0.015620 0.014965
0.011839 0.012676
0.011601 0.011842
0.016374 0.016099
0.015432 0.015264
0.012125 0.011898
0.012351 0.012011
0.015586 0.016524
0.014512 0.015099
0.012201 0.011703
0.012174 0.011795
0.015574 0.016264
0.014620 0.014809
0.011685 0.011397
0.012015 0.011867
0.015211 0.015675
0.014746 0.014792
0.011836 0.011659
0.011703 0.011762
0.013930 0.014918
0.014241 0.014731
0.011429 0.011489
0.011164 0.011427
0.003901 0.005590
0.005880 0.003847
0.012408 0.010077
0.006585 0.003820
0.006129 0.005685
0.006047 0.005608
0.006116 0.005102
0.006904 0.005318
0.008442 0.006116
0.004910 0.004400
0.007611 0.006047
0.004914 0.005215
0.009528 0.007701
0.004926 0.007013
0.004902 0.005158
0.004685 0.005366
0.006871 0.008233
0.005065 0.006734
0.005089 0.006232
0.005121 0.006847
0.006319 0.008831
0.005752 0.007169
0.005502 0.005959
0.005507 0.006230
0.004296 0.006636
0.018485 0.010445
0.004965 0.006688
0.007233 0.008212
0.006505 0.007797
0.006293 0.007075
0.006268 0.007092
0.006301 0.006819
0.007019 0.007735
0.006532 0.007521
0.006462 0.007028
0.006698 0.006526
0.006981 0.007225
0.007000 0.007172
0.006976 0.006734
0.007010 0.007100
0.007530 0.008208
0.007150 0.006983
0.006975 0.006983
0.007034 0.006711
0.007053 0.007078
0.006989 0.007908
0.007025 0.006902
0.007109 0.007190
0.007515 0.007061
0.007064 0.007460
0.006874 0.007044
0.006921 0.007099
0.007182 0.007622
0.007119 0.007912
0.007471 0.007247
0.007162 0.007269
0.007219 0.007096
0.007186 0.007049
0.007169 0.007169
0.007255 0.007120
0.007380 0.007024
0.007355 0.008035
0.007338 0.007109
0.007292 0.007175
0.007246 0.007153
0.007231 0.007464
0.007210 0.007913
0.007175 0.008875
0.007338 0.008346
0.007295 0.010617
0.007087 0.007303
0.007249 0.006828
0.007290 0.006103
0.007408 0.006509
0.007687 0.007768
0.007812 0.006730
0.007342 0.006143
0.007391 0.005992
0.007686 0.007812
0.006924 0.007302
0.006741 0.006134
0.006736 0.006119
0.007746 0.007690
0.006639 0.007720
0.006428 0.006119
0.006414 0.006193
0.007723 0.007990
0.006586 0.007816
0.006419 0.006515
0.006418 0.006659
0.007525 0.008171
0.006683 0.007565
0.006489 0.006133
0.006492 0.006094
0.007928 0.007605
0.006775 0.007088
0.006748 0.006183
0.006748 0.006112
0.008065 0.007733
0.006759 0.007471
0.006605 0.006044
0.006605 0.006707
0.007804 0.007058
0.006707 0.007745
0.006491 0.006998
0.006511 0.006359
0.006759 0.006412
0.005537 0.004900
0.006460 0.004978
0.006502 0.005120
0.006752 0.005203
0.006769 0.005650
0.006644 0.005585
