0.000000 0.007087
0.000000 0.003118
0.000000 0.037535
0.000000 0.022138
0.000000 0.008793
0.007087 0.009354
0.007087 0.009263
0.007087 0.006434
0.005083 0.005902
0.016118 0.005611
0.017669 0.007511
0.015822 0.005333
0.014689 0.004390
0.013866 0.004996
0.012870 0.005027
0.012032 0.009268
0.011331 0.006779
0.010948 0.005574
0.010426 0.005312
0.009904 0.005182
0.009506 0.004788
0.009163 0.010313
0.009171 0.008184
0.009006 0.005484
0.008781 0.005786
0.008564 0.005438
0.008361 0.004982
0.008154 0.009563
0.008274 0.006443
0.008270 0.005001
0.008125 0.004902
0.008007 0.009946
0.007881 0.006893
0.007744 0.005161
0.007828 0.005799
0.007765 0.009809
0.007644 0.006401
0.007526 0.005713
0.007628 0.005594
0.007598 0.010550
0.007500 0.006651
0.007433 0.005750
0.007524 0.005343
0.007482 0.010759
0.007416 0.006518
0.007349 0.005724
0.007464 0.005793
0.007436 0.010662
0.007377 0.006774
0.007307 0.006093
0.007424 0.005660
0.007394 0.010023
0.007339 0.006755
0.007288 0.005695
0.007397 0.005379
0.007377 0.010910
0.007337 0.005996
0.007285 0.005145
0.007369 0.006166
0.007350 0.005841
0.007300 0.011225
0.007243 0.008827
0.007351 0.005231
0.007312 0.006370
0.007249 0.005661
0.007218 0.005666
0.007179 0.005734
0.007293 0.004716
0.007336 0.009500
0.007277 0.005320
0.007252 0.005939
0.007209 0.011088
0.007167 0.006668
0.007129 0.005315
0.007064 0.005620
0.007129 0.010490
0.007081 0.006169
0.007051 0.005586
0.007156 0.006310
0.007144 0.005435
0.007097 0.010720
0.007059 0.007627
0.007146 0.005382
0.007121 0.006059
0.007083 0.005607
0.007063 0.005759
0.007023 0.009340
0.007114 0.004784
0.007127 0.005506
0.007084 0.011111
0.007059 0.006264
0.007024 0.005844
0.006993 0.005435
0.007050 0.012587
0.006996 0.006022
0.006960 0.005440
0.007059 0.006135
0.007040 0.004949
0.007012 0.012267
0.006975 0.005814
0.007106 0.005901
0.007081 0.005710
0.007043 0.005150
0.007022 0.011106
0.006974 0.006732
0.007096 0.004727
0.007066 0.005576
0.007039 0.005746
0.007009 0.011428
0.006967 0.006269
0.007061 0.005511
0.007053 0.006056
0.007001 0.006025
0.006969 0.009948
0.006941 0.005718
0.007042 0.005674
0.007025 0.011354
0.006991 0.008101
0.006970 0.005923
0.006949 0.006389
0.007015 0.005584
0.006987 0.005188
0.006958 0.010920
0.007055 0.006931
0.007077 0.005952
0.007052 0.005087
0.007038 0.010506
0.007006 0.006635
0.006966 0.005456
0.007052 0.005546
0.007050 0.011753
0.007026 0.006573
0.006984 0.005708
0.007060 0.005553
0.007051 0.010649
0.007017 0.006309
0.006985 0.005277
0.007087 0.005148
0.007076 0.010833
0.007047 0.005983
0.007015 0.005167
0.007093 0.006240
0.007076 0.005379
0.007038 0.010627
0.006998 0.006205
0.007079 0.005478
0.007056 0.005306
0.007016 0.010847
0.006999 0.006297
0.006965 0.005309
0.007042 0.004843
0.007025 0.011656
0.006992 0.006100
0.006957 0.005526
0.007038 0.005381
0.007023 0.013018
0.006987 0.006834
0.006942 0.005097
0.007041 0.004974
0.007021 0.010726
0.006990 0.006509
0.006956 0.005219
0.007082 0.005342
0.007077 0.010945
0.007036 0.005168
0.006993 0.005907
0.007071 0.011223
0.007059 0.006974
0.007021 0.005235
0.006986 0.005161
0.007068 0.010569
0.007029 0.007146
0.007006 0.006165
0.007093 0.006130
0.007090 0.010603
0.007052 0.005554
0.007013 0.005741
0.007086 0.010943
0.007087 0.006832
0.007068 0.005797
0.007049 0.004875
0.007122 0.011395
0.007090 0.007061
0.007062 0.004854
0.007142 0.006644
0.007135 0.005626
0.007108 0.011559
0.007062 0.007009
0.007151 0.005961
0.007149 0.005752
0.007102 0.011326
0.007093 0.006627
0.007063 0.005744
0.007155 0.005248
0.007152 0.011427
0.007127 0.006022
0.007099 0.006173
0.007185 0.004861
0.007174 0.012047
0.007145 0.006456
0.007106 0.005281
0.007194 0.005053
0.007170 0.010898
0.007150 0.006690
0.007104 0.005614
0.007204 0.005325
0.007189 0.011463
0.007150 0.007026
0.007108 0.005842
0.007184 0.004912
0.007174 0.010847
0.007143 0.006943
0.007106 0.005661
0.007194 0.005581
0.007191 0.010706
0.007164 0.006885
0.007118 0.005492
0.007193 0.005917
0.007188 0.010803
0.007157 0.006426
0.007126 0.006181
0.007198 0.004634
0.007192 0.010804
0.007157 0.006491
0.007132 0.005172
0.007206 0.006469
0.007191 0.004833
0.007170 0.011269
0.007119 0.007111
0.007193 0.005652
0.007179 0.005851
0.007139 0.011527
0.007125 0.008233
0.007079 0.005967
0.007163 0.006118
0.007162 0.005687
0.007132 0.005208
0.007106 0.010161
0.007195 0.004875
0.007216 0.005717
0.007191 0.012226
0.007169 0.006294
0.007140 0.005347
0.007101 0.004847
0.007162 0.012278
0.007116 0.008509
0.007088 0.005396
0.007191 0.005753
0.007173 0.005848
0.007137 0.004628
0.007091 0.020711
0.007195 0.008817
0.007221 0.005888
0.007185 0.004653
0.007156 0.005424
0.007130 0.010635
0.007080 0.006535
0.007353 0.005082
0.007382 0.004983
0.007352 0.011646
0.007298 0.008074
0.007260 0.005891
0.007328 0.005757
0.007312 0.005577
0.007267 0.005399
0.007222 0.010379
0.007310 0.006328
0.007326 0.005145
0.007297 0.005105
0.007266 0.010468
0.007232 0.006508
0.007196 0.005158
0.007259 0.005264
0.007241 0.010731
0.007199 0.006431
0.007157 0.005882
0.007223 0.005029
0.007209 0.009682
0.007168 0.004872
0.007130 0.005358
0.007202 0.010882
0.007186 0.006837
0.007160 0.005232
0.007118 0.005863
0.007169 0.010400
0.007123 0.006663
0.007088 0.005787
0.007164 0.005224
0.007157 0.010727
0.007119 0.005956
0.007094 0.005362
0.007160 0.006313
0.007150 0.005897
0.007122 0.010575
0.007085 0.006062
0.007157 0.004567
0.007133 0.005817
0.007098 0.006045
0.007082 0.010198
0.007059 0.004983
0.007129 0.006136
0.007108 0.011272
0.007057 0.006559
0.007032 0.006091
0.007012 0.004567
0.007076 0.009794
0.007034 0.004444
0.007016 0.005141
0.007101 0.010531
0.007090 0.006604
0.007070 0.005786
0.007021 0.005337
0.007076 0.010718
0.007023 0.006298
0.006986 0.005103
0.007057 0.005698
0.007048 0.009693
0.007022 0.004773
0.006989 0.005424
0.007063 0.011461
0.007048 0.005481
0.007009 0.005614
0.006983 0.005554
0.007037 0.005091
0.006992 0.011512
0.006961 0.005878
0.007050 0.004519
0.007019 0.005291
0.006991 0.012414
0.006962 0.006087
0.006925 0.005383
0.007016 0.005363
0.006994 0.012848
0.006944 0.006205
0.006912 0.004979
0.007021 0.005415
0.007003 0.012253
0.006970 0.005527
0.006938 0.005694
0.007056 0.005974
0.007039 0.005986
0.006998 0.011356
0.006966 0.004896
0.007072 0.005537
0.007041 0.012419
0.007014 0.006208
0.006993 0.005271
0.006973 0.005483
0.007061 0.012464
0.007018 0.006166
0.006988 0.004927
0.007096 0.005683
0.007079 0.012388
0.007043 0.005432
0.007011 0.005583
0.007120 0.005635
0.007101 0.005459
0.007058 0.012638
0.007030 0.005733
0.007137 0.005340
0.007103 0.005711
0.007073 0.005832
0.007044 0.012171
0.007013 0.005438
0.007125 0.005404
0.007097 0.005998
0.007062 0.004719
0.007035 0.011924
0.007011 0.005678
0.007114 0.005343
0.007080 0.003344
0.007047 0.009976
0.007026 0.004172
0.006980 0.004653
0.007079 0.003247
0.007051 0.010687
0.007017 0.005520
0.006944 0.004600
0.007004 0.004515
0.006948 0.011579
0.006902 0.005063
0.006829 0.004946
0.006906 0.004230
0.006878 0.010363
0.006833 0.004191
0.006787 0.003992
0.006882 0.003652
0.006846 0.006949
0.006808 0.003001
0.006757 0.010572
0.006829 0.005842
0.006776 0.005002
0.006721 0.005493
0.006660 0.004103
0.006665 0.003793
0.006593 0.008493
0.006672 0.005690
0.006655 0.004969
0.006622 0.005028
0.006600 0.003854
0.006550 0.007703
0.006495 0.004282
0.006535 0.003942
0.006518 0.003904
0.006487 0.003952
0.006458 0.003685
0.006406 0.003488
0.006432 0.011463
0.006389 0.004758
0.006341 0.004397
0.006292 0.004073
0.006246 0.002886
0.006195 0.003106
0.006141 0.009735
0.006247 0.006380
0.006217 0.004491
0.006181 0.004837
0.006139 0.004419
0.006074 0.003554
0.006015 0.004117
0.006089 0.004321
0.006095 0.010858
0.006063 0.005349
0.006039 0.004505
0.006006 0.003880
0.005957 0.004044
0.005921 0.003245
0.005889 0.008776
0.005988 0.003671
0.005975 0.003503
0.005946 0.010651
0.005905 0.005699
0.005868 0.004602
0.005816 0.003758
0.005875 0.003040
0.005831 0.004235
0.005784 0.004122
0.005881 0.003904
0.005878 0.007966
0.005852 0.003568
0.005810 0.003884
0.005755 0.003362
0.005725 0.007684
0.005693 0.004103
0.005658 0.004006
0.005704 0.004029
0.005661 0.003743
0.005626 0.003646
0.005581 0.008132
0.005622 0.004141
0.005592 0.004037
0.005561 0.004008
0.005530 0.003690
0.005495 0.003729
0.005458 0.007476
0.005511 0.004132
0.005484 0.003862
0.005455 0.003949
0.005426 0.003734
0.005392 0.003653
0.005359 0.006498
0.005401 0.004034
0.005375 0.003854
0.005345 0.003887
0.005317 0.003712
0.005286 0.003713
0.005253 0.006359
0.005278 0.004099
0.005253 0.003831
0.005226 0.003864
0.005199 0.003754
0.005169 0.003494
0.005140 0.005867
0.005165 0.004108
0.005143 0.003759
0.005117 0.003825
0.005092 0.003801
0.005066 0.003706
0.005034 0.006532
0.005051 0.004834
0.005032 0.003874
0.005007 0.003870
0.004983 0.003796
0.004960 0.003805
0.004935 0.004293
0.004967 0.004208
0.004964 0.003270
0.004942 0.003297
0.004921 0.003237
0.004899 0.003917
0.004877 0.003358
0.004865 0.009314
0.004852 0.002019
0.004821 0.003355
0.004790 0.003422
0.004759 0.003394
0.004743 0.003448
0.004715 0.003386
0.004807 0.003498
0.004751 0.002904
0.004723 0.003353
0.004698 0.002499
0.004672 0.003463
0.004647 0.002893
