0.000000 0.031702
0.000000 0.032706
0.000000 0.030425
0.000000 0.025691
0.000000 0.026017
0.000000 0.025998
0.000000 0.026184
0.031702 0.026273
0.032209 0.026401
0.031602 0.026047
0.030080 0.025856
0.029234 0.025811
0.028667 0.027895
0.028291 0.026386
0.028021 0.026257
0.027826 0.027972
0.027631 0.028416
0.027453 0.025494
0.027301 0.027763
0.027352 0.027625
0.027274 0.027723
0.027196 0.026873
0.027252 0.027196
0.027332 0.027281
0.027212 0.027241
0.027246 0.026678
0.027269 0.027031
0.027295 0.027678
0.027272 0.027872
0.027268 0.027950
0.027268 0.028556
0.027267 0.028724
0.027238 0.029009
0.027228 0.027080
0.027249 0.026919
0.027277 0.028175
0.027307 0.028211
0.027360 0.031997
0.027417 0.025200
0.027483 0.025905
0.027467 0.026584
0.027445 0.026917
0.027473 0.027442
0.027501 0.027671
0.027669 0.027705
0.027578 0.027386
0.027518 0.027719
0.027485 0.022237
0.027465 0.022262
0.027464 0.023661
0.027471 0.030722
0.027479 0.023478
0.027476 0.024617
0.027484 0.030752
0.027315 0.028830
0.027155 0.027981
0.027045 0.028403
0.027159 0.022447
0.027046 0.023111
0.026972 0.029863
0.027086 0.022609
0.027138 0.023289
0.027163 0.030112
0.027199 0.022518
0.027062 0.023293
0.026948 0.029711
0.027031 0.022515
0.026907 0.023201
0.026806 0.029704
0.026897 0.022130
0.026777 0.023326
0.026682 0.027957
0.026764 0.027468
0.026649 0.031638
0.026557 0.026415
0.026641 0.025136
0.026522 0.024150
0.026438 0.025263
0.026478 0.024264
0.026503 0.024234
0.026635 0.024927
0.026630 0.024715
0.026592 0.024367
0.026530 0.026354
0.026498 0.020982
0.026442 0.022493
0.026387 0.027752
0.026351 0.027138
0.026311 0.026076
0.026263 0.025428
0.026265 0.025718
0.026137 0.026187
0.026049 0.021083
0.026090 0.022427
0.026115 0.027459
0.026114 0.027135
0.026098 0.025798
0.026089 0.031710
0.026091 0.026099
0.025973 0.020930
0.025890 0.022029
0.025927 0.026430
0.025955 0.025228
0.025951 0.025362
0.026084 0.024403
0.026085 0.025287
0.025966 0.025058
0.025876 0.024420
0.025889 0.024048
0.025874 0.023993
0.025862 0.023330
0.025829 0.023161
0.025817 0.023394
0.025800 0.023170
0.025769 0.023749
0.025730 0.023595
0.025691 0.023516
0.025639 0.024394
0.025584 0.023829
0.025535 0.023224
0.025483 0.024552
0.025444 0.031769
0.025404 0.022567
0.025362 0.016884
0.025341 0.017671
0.025308 0.019115
0.025262 0.019179
0.025247 0.019599
0.025389 0.020808
0.025327 0.020928
0.025144 0.022014
0.024982 0.023169
0.024856 0.023879
0.024733 0.025663
0.024622 0.026836
0.024540 0.025484
0.024463 0.024720
0.024410 0.024397
0.024384 0.023456
0.024373 0.022292
0.024401 0.022619
0.024452 0.023410
0.024474 0.023814
0.024480 0.023517
0.024478 0.022690
0.024456 0.032381
0.024410 0.022978
0.024372 0.021802
0.024352 0.022342
0.024341 0.022421
0.024323 0.022284
0.024289 0.023014
0.024459 0.023139
0.024428 0.022678
0.024373 0.023410
0.024330 0.023893
0.024290 0.023615
0.024249 0.024280
0.024223 0.024530
0.024200 0.027562
0.024168 0.021439
0.024153 0.022403
0.024147 0.026475
0.024136 0.026319
0.024139 0.025440
0.024147 0.025193
0.024218 0.025837
0.024160 0.026176
0.024124 0.025545
0.024173 0.024964
0.024217 0.025129
0.024242 0.026135
0.024262 0.025816
0.024294 0.026693
0.024333 0.026518
0.024358 0.026882
0.024371 0.027303
0.024386 0.027232
0.024422 0.026876
0.024451 0.027943
0.024497 0.027511
0.024538 0.026674
0.024586 0.027285
0.024642 0.027525
0.024695 0.028449
0.024740 0.024476
0.024805 0.025196
0.024860 0.029410
0.024897 0.027780
0.024946 0.026772
0.024999 0.027492
0.025069 0.026358
0.025057 0.026473
0.025060 0.027320
0.025148 0.027104
0.025202 0.027451
0.025234 0.027358
0.025280 0.026825
0.025302 0.026522
0.025326 0.027391
0.025366 0.026505
0.025401 0.026334
0.025443 0.026679
0.025482 0.026483
0.025509 0.027612
0.025530 0.028213
0.025567 0.027409
0.025586 0.025941
0.025601 0.026767
0.025623 0.026467
0.025641 0.026001
0.025681 0.026900
0.025732 0.025262
0.025766 0.026375
0.025769 0.026524
0.025789 0.025265
0.025803 0.026375
0.025807 0.026676
0.025829 0.026873
0.025818 0.027509
0.025829 0.026874
0.025843 0.026957
0.025831 0.027770
0.025842 0.025281
0.025859 0.020120
0.025880 0.020727
0.025912 0.026410
0.025932 0.022585
0.025952 0.023075
0.025989 0.031663
0.025975 0.022221
0.025857 0.023862
0.025754 0.030025
0.025767 0.022665
0.025703 0.023554
0.025650 0.027687
0.025771 0.030463
0.025700 0.027168
0.025663 0.025298
0.025750 0.024304
0.025688 0.024097
0.025646 0.023467
0.025687 0.022754
0.025782 0.022628
0.025810 0.022427
0.025800 0.022247
0.025770 0.022575
0.025736 0.023265
0.025691 0.020512
0.025632 0.020716
0.025572 0.024862
0.025509 0.020639
0.025443 0.021217
0.025386 0.025555
0.025343 0.021269
0.025247 0.021585
