0.000000 0.004048
0.000000 0.002376
0.000000 0.002771
0.000000 0.002495
0.000000 0.001503
0.000000 0.001493
0.000000 0.001757
0.004048 0.001758
0.003057 0.001701
0.003057 0.001479
0.002912 0.001607
0.002619 0.001922
0.002421 0.001502
0.002321 0.001555
0.002245 0.001531
0.002180 0.001545
0.002103 0.002000
0.002053 0.001978
0.002041 0.001366
0.001995 0.001569
0.001959 0.001670
0.001926 0.002122
0.001899 0.001729
0.001906 0.001428
0.001910 0.001547
0.001876 0.001720
0.001858 0.001922
0.001847 0.001657
0.001862 0.001641
0.001855 0.001651
0.001833 0.001573
0.001818 0.001756
0.001814 0.001913
0.001819 0.001467
0.001811 0.001531
0.001804 0.001726
0.001797 0.001928
0.001787 0.001669
0.001786 0.001695
0.001791 0.001536
0.001778 0.001799
0.001768 0.001570
0.001767 0.001723
0.001773 0.001551
0.001769 0.001995
0.001766 0.001710
0.001758 0.001488
0.001759 0.002123
0.001753 0.001517
0.001752 0.001754
0.001745 0.001426
0.001753 0.002095
0.001752 0.001550
0.001743 0.001917
0.001756 0.001546
0.001748 0.001714
0.001748 0.001895
0.001738 0.001774
0.001749 0.001742
0.001743 0.001830
0.001748 0.001812
0.001742 0.001746
0.001741 0.001817
0.001746 0.001843
0.001747 0.001937
0.001747 0.001582
0.001749 0.002003
0.001751 0.001996
0.001751 0.002024
0.001752 0.001733
0.001755 0.001885
0.001760 0.001837
0.001755 0.001891
0.001762 0.001807
0.001768 0.001804
0.001775 0.001767
0.001774 0.001811
0.001777 0.001881
0.001778 0.001670
0.001781 0.001817
0.001782 0.001722
0.001782 0.002063
0.001782 0.001712
0.001783 0.001887
0.001785 0.001485
0.001782 0.001738
0.001783 0.001733
0.001782 0.001763
0.001789 0.001687
0.001787 0.001852
0.001789 0.001675
0.001782 0.001662
0.001781 0.001817
0.001780 0.001916
0.001779 0.001662
0.001777 0.001598
0.001779 0.001865
0.001776 0.001715
0.001774 0.001713
0.001775 0.001524
0.001778 0.002180
0.001775 0.001708
0.001771 0.001778
0.001773 0.001836
0.001772 0.001602
0.001771 0.001736
0.001765 0.001732
0.001774 0.001950
0.001773 0.001662
0.001773 0.001619
0.001774 0.001732
0.001771 0.001908
0.001770 0.001838
0.001769 0.001583
0.001773 0.001592
0.001770 0.002060
0.001767 0.002260
0.001766 0.001609
0.001769 0.001764
0.001771 0.002051
0.001767 0.001986
0.001763 0.001758
0.001769 0.001633
0.001780 0.002060
0.001777 0.002110
0.001776 0.001709
0.001782 0.001825
0.001787 0.002068
0.001786 0.001586
0.001783 0.001849
0.001789 0.002481
0.001796 0.001605
0.001794 0.001640
0.001794 0.001648
0.001800 0.001831
0.001796 0.002057
0.001797 0.001802
0.001812 0.001614
0.001807 0.002147
0.001804 0.001963
0.001800 0.001840
0.001801 0.001556
0.001806 0.001926
0.001806 0.001703
0.001802 0.001795
0.001809 0.002332
0.001813 0.001679
0.001813 0.001684
0.001808 0.001696
0.001810 0.002217
0.001808 0.001777
0.001808 0.001833
0.001819 0.001664
0.001816 0.002391
0.001813 0.001691
0.001811 0.001637
0.001819 0.001753
0.001818 0.001725
0.001819 0.002197
0.001815 0.001760
0.001827 0.001697
0.001825 0.001722
0.001821 0.002020
0.001819 0.001713
0.001817 0.002349
0.001825 0.001680
0.001824 0.001462
0.001821 0.001952
0.001819 0.002287
0.001823 0.001775
0.001821 0.001695
0.001832 0.001629
0.001829 0.002250
0.001821 0.001886
0.001824 0.001791
0.001833 0.001784
0.001832 0.002153
0.001829 0.002149
0.001825 0.001849
0.001834 0.001789
0.001835 0.001985
0.001834 0.001822
0.001833 0.002067
0.001840 0.002156
0.001846 0.002031
0.001846 0.001591
0.001845 0.002121
0.001848 0.002364
0.001847 0.001933
0.001852 0.001636
0.001858 0.001862
0.001861 0.002281
0.001856 0.002206
0.001861 0.001973
0.001872 0.001955
0.001873 0.002027
0.001868 0.001998
0.001868 0.001913
0.001876 0.002321
0.001883 0.002007
0.001885 0.002155
0.001886 0.002158
0.001889 0.002433
0.001891 0.001854
0.001892 0.001979
0.001900 0.002072
0.001903 0.002527
0.001908 0.002126
0.001913 0.001830
0.001923 0.002172
0.001922 0.002229
0.001923 0.002351
0.001926 0.002219
0.001938 0.001878
0.001942 0.002086
0.001940 0.002106
0.001944 0.002277
0.001950 0.002296
0.001958 0.001853
0.001964 0.001980
0.001962 0.002070
0.001964 0.002622
0.001967 0.001914
0.001973 0.002110
0.001980 0.002105
0.001977 0.002168
0.001977 0.002325
0.001979 0.002090
0.001992 0.002003
0.001991 0.002483
0.001993 0.001984
0.001995 0.002270
0.001999 0.002202
0.002005 0.002397
0.002007 0.001980
0.002007 0.002204
0.002017 0.002370
0.002016 0.002083
0.002021 0.002020
0.002025 0.002201
0.002032 0.002562
0.002031 0.002231
0.002035 0.002077
0.002041 0.002008
0.002042 0.002444
0.002042 0.002148
0.002045 0.002390
0.002055 0.002364
0.002059 0.002645
0.002059 0.002116
0.002058 0.002257
0.002066 0.002248
0.002068 0.002124
0.002074 0.002178
0.002080 0.002688
0.002091 0.002309
0.002092 0.002024
0.002095 0.002198
0.002098 0.002183
0.002099 0.002937
0.002100 0.002347
0.002112 0.002108
0.002116 0.002306
0.002114 0.002411
0.002116 0.002370
0.002117 0.002411
0.002133 0.002413
0.002138 0.002644
0.002137 0.002188
0.002140 0.002404
0.002146 0.002664
0.002150 0.002315
0.002156 0.002322
0.002161 0.002586
0.002170 0.002711
0.002171 0.002228
0.002175 0.002336
0.002185 0.002332
0.002188 0.002743
0.002190 0.002918
0.002198 0.002508
0.002209 0.003084
0.002209 0.003361
0.002212 0.003192
0.002214 0.003057
0.002224 0.003137
0.002238 0.002868
0.002244 0.002685
0.002261 0.002603
0.002282 0.003097
0.002301 0.002814
0.002316 0.002984
0.002332 0.002186
0.002343 0.002770
0.002350 0.002725
0.002355 0.002314
0.002370 0.002245
0.002378 0.002889
0.002391 0.002422
0.002386 0.002196
0.002394 0.002467
0.002401 0.002256
0.002399 0.002415
0.002396 0.002623
0.002406 0.002558
0.002406 0.002277
0.002402 0.002210
0.002403 0.002279
0.002400 0.002954
0.002400 0.002210
0.002405 0.002388
0.002408 0.002211
0.002405 0.002531
0.002401 0.002315
0.002399 0.002508
0.002410 0.002429
0.002406 0.002112
0.002406 0.002278
0.002402 0.002433
0.002404 0.002431
0.002403 0.002165
0.002405 0.002477
0.002405 0.002183
0.002399 0.002785
0.002397 0.002315
0.002398 0.002234
0.002398 0.002148
0.002394 0.002460
0.002395 0.002367
0.002391 0.002397
0.002399 0.002270
0.002397 0.002337
0.002394 0.002215
0.002389 0.002567
0.002390 0.002455
0.002390 0.002245
0.002390 0.002234
0.002388 0.002316
0.002387 0.002530
0.002383 0.002208
0.002387 0.002408
0.002388 0.002316
0.002386 0.002372
0.002382 0.002407
0.002381 0.002303
0.002384 0.002155
0.002381 0.002380
0.002381 0.002332
0.002380 0.002426
0.002380 0.002245
0.002380 0.002132
0.002379 0.002418
0.002374 0.002429
0.002374 0.002249
0.002374 0.002353
0.002375 0.002281
0.002372 0.002314
0.002367 0.002734
0.002368 0.002502
0.002369 0.002248
0.002367 0.002671
0.002367 0.002380
0.002365 0.002443
0.002364 0.002311
0.002371 0.002233
0.002374 0.002556
0.002372 0.002426
0.002377 0.002759
0.002378 0.002430
0.002379 0.002330
0.002377 0.002513
0.002375 0.002886
0.002378 0.002306
0.002379 0.002339
0.002387 0.002314
0.002388 0.002486
0.002386 0.002807
0.002389 0.002258
0.002399 0.002529
0.002397 0.002534
0.002396 0.002325
0.002394 0.002664
0.002396 0.002411
0.002404 0.002582
0.002401 0.002313
0.002404 0.002411
0.002406 0.002810
0.002405 0.002693
0.002410 0.002419
0.002410 0.002318
0.002413 0.002576
0.002411 0.002619
0.002411 0.002417
0.002419 0.002390
0.002425 0.002431
0.002425 0.002441
0.002423 0.002973
0.002426 0.002543
0.002429 0.002238
0.002429 0.002432
0.002428 0.002357
0.002428 0.002728
0.002429 0.002544
0.002440 0.002363
0.002442 0.002451
0.002438 0.002545
0.002437 0.002807
0.002436 0.002229
0.002442 0.002539
0.002444 0.002436
0.002442 0.002465
0.002442 0.002552
0.002444 0.002910
0.002452 0.002476
0.002447 0.002377
0.002449 0.002426
0.002449 0.002940
0.002449 0.002643
0.002451 0.002421
0.002460 0.002539
0.002461 0.002551
0.002459 0.002760
0.002458 0.002826
0.002468 0.002405
0.002471 0.002382
0.002470 0.002699
0.002472 0.002602
0.002473 0.002500
0.002479 0.002416
0.002486 0.002436
0.002484 0.002515
0.002482 0.002798
0.002487 0.002586
0.002489 0.002432
0.002489 0.002687
0.002488 0.002380
0.002487 0.002921
0.002487 0.002472
0.002493 0.002491
0.002495 0.002467
0.002494 0.002491
0.002498 0.002838
0.002495 0.002559
0.002504 0.002396
0.002503 0.002606
0.002503 0.002503
0.002502 0.002890
0.002502 0.002853
0.002509 0.002556
0.002510 0.002470
0.002507 0.002595
0.002509 0.002789
0.002509 0.002638
0.002517 0.002578
0.002524 0.002432
0.002524 0.002712
0.002523 0.002495
0.002525 0.002969
0.002530 0.002433
0.002532 0.002511
0.002533 0.002469
0.002531 0.003042
0.002534 0.002863
0.002534 0.002469
0.002542 0.002798
0.002540 0.002723
0.002540 0.002720
0.002538 0.002735
0.002548 0.002758
0.002554 0.002515
0.002553 0.002805
0.002558 0.002743
0.002561 0.002930
0.002564 0.002507
0.002567 0.002528
0.002571 0.002831
0.002570 0.002900
0.002575 0.002534
0.002578 0.002660
0.002585 0.002739
0.002584 0.002823
0.002582 0.002565
0.002587 0.002531
0.002594 0.002833
0.002592 0.002523
0.002594 0.003094
0.002597 0.002652
0.002601 0.002645
0.002600 0.002771
0.002599 0.003075
0.002604 0.002982
0.002602 0.002488
0.002612 0.002846
0.002613 0.003210
0.002613 0.002920
0.002617 0.002932
0.002626 0.003067
0.002633 0.003013
0.002630 0.002967
0.002634 0.002959
0.002646 0.002950
0.002651 0.002846
0.002657 0.003073
0.002665 0.003091
0.002672 0.003122
0.002678 0.002582
0.002683 0.002995
0.002689 0.003177
0.002692 0.002882
0.002699 0.003006
0.002707 0.003019
0.002715 0.002962
0.002713 0.003142
0.002718 0.002749
0.002727 0.002962
0.002731 0.003181
0.002736 0.002992
0.002742 0.003059
0.002746 0.003054
0.002754 0.003156
0.002754 0.002838
0.002758 0.002960
0.002766 0.003022
0.002771 0.003282
0.002777 0.002744
0.002782 0.002983
0.002790 0.003070
0.002791 0.003016
0.002794 0.003088
0.002798 0.002869
0.002808 0.002990
0.002807 0.003197
0.002810 0.003031
0.002815 0.003335
0.002819 0.002965
0.002825 0.002979
0.002826 0.003039
0.002829 0.003219
0.002836 0.003063
0.002840 0.002828
0.002850 0.002964
0.002852 0.003064
0.002855 0.003065
0.002858 0.003006
0.002866 0.002973
0.002870 0.002876
0.002869 0.003164
0.002871 0.003166
0.002874 0.003283
0.002878 0.003109
0.002881 0.003011
0.002883 0.003113
0.002883 0.003231
0.002888 0.003306
0.002894 0.002992
0.002901 0.003230
0.002906 0.003113
0.002908 0.003282
0.002912 0.002987
0.002918 0.003082
0.002926 0.003149
0.002927 0.003092
0.002933 0.003190
0.002937 0.003080
0.002944 0.003161
0.002944 0.003254
0.002947 0.002978
0.002951 0.003340
0.002954 0.003100
0.002959 0.003039
0.002961 0.003153
0.002965 0.003113
0.002971 0.003352
0.002971 0.003123
0.002978 0.003060
0.002981 0.003214
0.002982 0.003244
0.002985 0.003214
0.002988 0.003000
0.002995 0.003194
0.002998 0.003307
0.002999 0.003001
0.003003 0.003261
0.003008 0.003296
0.003012 0.003195
0.003012 0.003137
0.003015 0.003117
0.003021 0.003422
0.003021 0.003134
0.003026 0.003277
0.003031 0.003344
0.003034 0.003202
0.003036 0.003255
0.003038 0.003239
0.003046 0.003270
0.003047 0.003370
0.003052 0.003191
0.003058 0.003199
0.003061 0.003344
0.003064 0.003436
0.003068 0.003161
0.003072 0.003288
0.003078 0.003413
0.003080 0.003232
0.003083 0.003213
0.003088 0.003338
0.003095 0.003443
0.003096 0.003114
0.003100 0.003209
0.003106 0.003188
0.003109 0.003345
0.003111 0.003382
0.003115 0.003084
0.003122 0.003170
0.003122 0.003352
0.003123 0.003131
0.003125 0.003421
0.003129 0.003133
0.003134 0.003217
0.003133 0.003146
0.003134 0.003164
0.003138 0.003440
0.003138 0.003157
0.003144 0.003195
0.003143 0.003172
0.003145 0.003356
0.003145 0.003116
0.003145 0.003278
0.003151 0.003255
0.003151 0.003271
0.003152 0.003275
0.003152 0.003275
0.003156 0.003160
0.003156 0.003307
0.003158 0.003037
0.003160 0.003419
0.003162 0.003212
0.003164 0.003291
0.003167 0.003224
0.003167 0.003325
0.003169 0.003371
0.003167 0.003241
0.003172 0.003135
0.003173 0.003351
0.003175 0.003399
0.003176 0.003275
0.003179 0.003219
0.003183 0.003200
0.003184 0.003276
0.003183 0.003219
0.003186 0.003241
0.003190 0.003108
0.003192 0.003323
0.003193 0.003136
0.003193 0.003308
0.003195 0.003305
0.003195 0.003213
0.003196 0.003260
0.003194 0.003195
0.003197 0.003361
0.003196 0.003191
0.003198 0.003116
0.003200 0.003278
0.003200 0.003299
0.003201 0.003248
0.003201 0.003206
0.003204 0.003250
0.003204 0.003287
0.003202 0.003320
0.003204 0.003222
0.003206 0.003215
0.003207 0.003220
0.003207 0.003096
0.003207 0.003288
0.003209 0.003282
0.003211 0.003207
0.003212 0.003293
0.003212 0.003205
0.003212 0.003423
0.003209 0.003215
0.003211 0.003223
0.003212 0.003285
