0.000000 0.011141
0.000000 0.005410
0.000000 0.008769
0.000000 0.009775
0.000000 0.007420
0.000000 0.006754
0.000000 0.005035
0.008247 0.006145
0.008247 0.005760
0.008424 0.005694
0.008772 0.005875
0.008491 0.005706
0.008187 0.005774
0.007709 0.005006
0.007499 0.005655
0.007290 0.006035
0.007116 0.005700
0.006991 0.005728
0.006872 0.005651
0.006777 0.005675
0.006633 0.005667
0.006558 0.005647
0.006520 0.005013
0.006464 0.005663
0.006416 0.004363
0.006368 0.005651
0.006326 0.005708
0.006288 0.005682
0.006252 0.005610
0.006186 0.005682
0.006159 0.005689
0.006068 0.005009
0.006048 0.005664
0.006032 0.004411
0.006015 0.005652
0.005997 0.005683
0.005983 0.005688
0.005971 0.005657
0.005930 0.005685
0.005919 0.005684
0.005859 0.005004
0.005851 0.005652
0.005844 0.004356
0.005838 0.005720
0.005831 0.005668
0.005826 0.005644
0.005821 0.005641
0.005792 0.005721
0.005787 0.005620
0.005738 0.005214
0.005737 0.005646
0.005735 0.004381
0.005732 0.005626
0.005729 0.005691
0.005729 0.005665
0.005725 0.005693
0.005709 0.005635
0.005707 0.005653
0.005667 0.005028
0.005665 0.005669
0.005666 0.004400
0.005666 0.005691
0.005667 0.005641
0.005666 0.005688
0.005666 0.005554
0.005647 0.005722
0.005648 0.005641
0.005613 0.005048
0.005615 0.005693
0.005616 0.004415
0.005618 0.005638
0.005616 0.005704
0.005619 0.005654
0.005619 0.005692
0.005604 0.005596
0.005607 0.005736
0.005575 0.005016
0.005577 0.005698
0.005580 0.004855
0.005582 0.003862
0.005585 0.004101
0.005585 0.004088
0.005589 0.004090
0.005574 0.003852
0.005578 0.005640
0.005560 0.005079
0.005517 0.005745
0.005482 0.004374
0.005448 0.005664
0.005415 0.005725
0.005376 0.005659
0.005383 0.005877
0.005375 0.005724
0.005384 0.005690
0.005360 0.005004
0.005367 0.005646
0.005376 0.004361
0.005383 0.005613
0.005394 0.005643
0.005402 0.005669
0.005409 0.005678
0.005399 0.005699
0.005405 0.005659
0.005381 0.005023
0.005386 0.005616
0.005392 0.004659
0.005399 0.004821
0.005405 0.005072
0.005412 0.004844
0.005417 0.006721
0.005408 0.013815
0.005413 0.010651
0.005396 0.007776
0.005383 0.006903
0.005376 0.017639
0.005364 0.007726
0.005394 0.017562
0.005582 0.021734
0.005695 0.007988
0.005741 0.027224
0.005767 0.008864
0.006029 0.008762
0.006067 0.019261
0.006319 0.024453
0.006658 0.019310
0.006687 0.024442
0.007136 0.008134
0.007173 0.023636
0.007208 0.008613
0.007470 0.009806
0.007838 0.025785
0.008087 0.012153
0.008440 0.007919
0.008434 0.007637
0.008761 0.019702
0.008758 0.007713
0.008781 0.015222
0.009145 0.022582
0.009210 0.012668
0.009182 0.009786
0.009149 0.010200
0.009374 0.026547
0.009339 0.013340
0.009464 0.009318
0.009742 0.009809
0.009804 0.022608
0.009804 0.010863
0.009812 0.010765
0.010165 0.019284
0.010232 0.007739
0.010213 0.022772
0.010205 0.011598
0.010465 0.009085
0.010474 0.008039
0.010480 0.021966
0.010664 0.013595
0.010603 0.008130
0.010857 0.010103
0.010873 0.017259
0.010836 0.014117
0.010777 0.009067
0.011010 0.008150
0.011064 0.011728
0.011003 0.015137
0.010984 0.010352
0.011115 0.027980
0.011177 0.018459
0.011133 0.016459
0.011071 0.012317
0.011085 0.012831
0.011169 0.020299
0.011152 0.016752
0.011499 0.013064
0.011643 0.012678
0.011742 0.017078
0.011754 0.013057
0.011776 0.012411
0.011951 0.016964
0.012050 0.012855
0.012071 0.010696
0.012083 0.010769
0.012185 0.014357
0.012203 0.012713
0.012208 0.015722
0.012305 0.013069
0.012316 0.015400
0.012283 0.012861
0.012252 0.010684
0.012295 0.014951
0.012304 0.011887
0.012373 0.010550
0.012388 0.011724
0.012449 0.010328
0.012457 0.011330
0.012421 0.010384
0.012473 0.011474
0.012461 0.010302
0.012422 0.010467
0.012408 0.013563
0.012366 0.010818
0.012345 0.013005
0.012305 0.013330
0.012288 0.010766
0.012248 0.012568
0.012211 0.010298
0.012239 0.011678
0.012210 0.011665
0.012226 0.011134
0.012249 0.011259
0.012218 0.012263
0.012226 0.011477
0.012187 0.012901
0.012176 0.011047
0.012166 0.011176
0.012145 0.011085
0.012127 0.012276
0.012130 0.010187
0.012117 0.010886
0.012133 0.009742
0.012111 0.013823
0.012092 0.017118
0.012072 0.014635
0.012076 0.016174
0.012038 0.017076
0.012014 0.013585
0.011969 0.019245
0.012006 0.016151
0.012109 0.014297
0.012160 0.018256
0.012241 0.017842
0.012338 0.013589
0.012363 0.014558
0.012501 0.015569
0.012575 0.017147
0.012609 0.013267
0.012723 0.017662
0.012826 0.017684
0.012841 0.015853
0.012876 0.018777
0.012930 0.016081
0.013014 0.015118
0.013019 0.018586
0.013113 0.016138
0.013204 0.013929
0.013258 0.016357
0.013368 0.020219
0.013423 0.017641
0.013457 0.017972
0.013560 0.015475
0.013611 0.014816
0.013618 0.019224
0.013673 0.020210
0.013804 0.015531
0.013881 0.016930
0.013963 0.005779
0.013993 0.003986
0.014009 0.018099
0.014114 0.016930
0.014236 0.005181
0.014262 0.006272
0.014315 0.004542
0.014144 0.007780
0.013941 0.010585
0.014024 0.012330
0.014082 0.015080
0.013904 0.015251
0.013752 0.017669
0.013567 0.013003
0.013452 0.011916
0.013394 0.009858
0.013373 0.010325
0.013407 0.011187
0.013444 0.010254
0.013528 0.010252
0.013518 0.010569
0.013486 0.014171
0.013413 0.011600
0.013352 0.011802
0.013308 0.016097
0.013247 0.013889
0.013188 0.010826
0.013135 0.010886
0.013156 0.015729
0.013125 0.013875
0.013098 0.010618
0.013158 0.011058
0.013173 0.015488
0.013126 0.013964
0.013081 0.011365
0.013134 0.011434
0.013149 0.014239
0.013098 0.013675
0.013058 0.010627
0.013106 0.011158
0.013123 0.011190
0.013088 0.052466
0.013055 0.032927
0.013079 0.018991
0.013091 0.013492
0.013042 0.012271
0.013004 0.011795
0.012968 0.011808
0.013756 0.029954
0.014138 0.016199
0.014235 0.009344
0.014220 0.010939
0.014182 0.030615
0.014134 0.016483
0.014088 0.009183
0.014404 0.011421
0.014440 0.030619
0.014338 0.015964
0.014270 0.009350
0.014596 0.011316
0.014634 0.028304
0.014525 0.016049
0.014463 0.008892
0.014785 0.011789
0.014809 0.027725
0.014700 0.016119
0.014633 0.009540
0.014905 0.011300
0.014928 0.027788
0.014808 0.017190
0.014748 0.009734
0.015006 0.012175
0.015028 0.023520
0.014919 0.016019
0.014847 0.009002
0.015105 0.010575
0.015146 0.012817
0.015038 0.018086
0.014981 0.009851
0.015152 0.012289
0.015169 0.014013
0.015046 0.013381
0.014957 0.011358
0.014914 0.011846
0.014977 0.015272
0.014875 0.014059
0.014824 0.011801
0.014808 0.011838
0.014779 0.015698
0.014711 0.013742
0.014654 0.012110
0.014666 0.010988
0.014654 0.015364
0.014597 0.013451
0.014542 0.010904
0.014565 0.011659
0.014549 0.014544
0.014500 0.013657
0.014430 0.011544
0.014449 0.011770
0.014429 0.014373
0.014359 0.014157
0.014305 0.011904
0.014310 0.012016
0.014297 0.013233
0.014242 0.012178
0.014193 0.014694
0.014196 0.009822
0.014196 0.012279
0.014150 0.015616
0.014107 0.011505
0.014090 0.015490
0.014052 0.011253
0.014065 0.014709
0.013980 0.011670
0.013946 0.014151
0.013980 0.012196
0.013930 0.011889
0.013961 0.012147
0.013907 0.009621
0.013923 0.011449
0.013879 0.010621
0.013884 0.011147
0.013850 0.010802
0.013811 0.010509
0.013778 0.011348
0.013695 0.012172
0.013651 0.011025
0.013590 0.012664
0.013542 0.011207
0.013487 0.012741
0.013428 0.011613
0.013386 0.013174
0.013362 0.011467
0.013316 0.012155
0.013303 0.011527
0.013261 0.012623
0.013251 0.011773
0.013218 0.011319
0.013217 0.011392
0.013182 0.012085
0.013162 0.011393
0.013129 0.012184
0.013119 0.011497
0.013093 0.013222
0.013057 0.012533
0.013024 0.012512
0.013005 0.012224
0.012973 0.013798
0.012958 0.012527
0.012928 0.012593
0.012934 0.011061
0.012926 0.013571
0.012918 0.012039
0.012904 0.012755
0.012922 0.019834
0.012914 0.019418
0.012908 0.025369
0.012871 0.024321
0.012885 0.026945
0.012868 0.030374
0.012866 0.010908
0.013005 0.027882
0.013132 0.012139
0.013376 0.011749
0.013594 0.010557
0.013859 0.022090
0.014188 0.014956
0.014123 0.012030
0.014397 0.012779
0.014352 0.010299
0.014300 0.010885
0.014226 0.012390
0.014382 0.012195
0.014393 0.007957
0.014346 0.008369
0.014315 0.012601
0.014235 0.011447
0.014169 0.014040
0.014133 0.013809
0.014095 0.011766
0.013972 0.012226
0.013861 0.014617
0.013836 0.014636
0.013788 0.011749
0.013793 0.012148
0.013794 0.014455
0.013753 0.014736
0.013723 0.011840
0.013741 0.012607
0.013758 0.014634
0.013718 0.015086
0.013687 0.012077
0.013702 0.012420
0.013723 0.014212
0.013686 0.014798
0.013664 0.012512
0.013683 0.012586
0.013711 0.013266
0.013679 0.015068
0.013654 0.012924
0.013665 0.013525
0.013687 0.012720
0.013664 0.013481
0.013643 0.012539
0.013635 0.012744
0.013664 0.012664
0.013649 0.013768
0.013646 0.012661
0.013628 0.012508
0.013625 0.010555
0.013603 0.012596
0.013586 0.011965
0.013568 0.010730
0.013572 0.011492
0.013554 0.010445
0.013533 0.012316
0.013474 0.010702
0.013456 0.010985
0.013427 0.010648
0.013373 0.010219
0.013335 0.010583
0.013278 0.010703
0.013259 0.010248
0.013208 0.010418
0.013164 0.010706
0.013114 0.011086
0.013056 0.013866
0.013007 0.015562
0.012961 0.014425
0.012907 0.017479
0.012857 0.016545
0.012815 0.015743
0.012780 0.017636
0.012802 0.013981
0.012857 0.017897
0.012888 0.018008
0.012979 0.014602
0.013050 0.017622
0.013104 0.011076
0.013194 0.010953
0.013210 0.015165
0.013303 0.010805
0.013397 0.013330
0.013421 0.013265
0.013504 0.011307
0.013456 0.011107
0.013406 0.013104
0.013441 0.011195
0.013389 0.013241
0.013387 0.013864
0.013385 0.011502
0.013344 0.011325
0.013299 0.013413
0.013295 0.011437
0.013253 0.013653
0.013253 0.013435
0.013265 0.011334
0.013230 0.011442
0.013192 0.014131
0.013197 0.014042
0.013162 0.011863
0.013172 0.011087
0.013177 0.012862
0.013140 0.011380
0.013106 0.012096
0.013127 0.011219
0.013145 0.016551
0.013119 0.013453
0.013079 0.015021
0.013075 0.012415
0.013041 0.012856
0.013022 0.017803
0.012986 0.016149
0.013057 0.012036
0.013065 0.012482
0.013104 0.017940
0.013090 0.016996
0.013086 0.012409
0.013180 0.013803
0.013239 0.017752
0.013215 0.017566
0.013200 0.013746
0.013294 0.013824
0.013368 0.016407
0.013349 0.017835
0.013358 0.013679
0.013445 0.013460
0.013527 0.015244
0.013532 0.012686
0.013538 0.012313
0.013595 0.021336
0.013679 0.018385
0.013679 0.020117
0.013675 0.018815
0.013706 0.018902
0.013686 0.019786
0.013658 0.020702
0.013811 0.018539
0.013902 0.018628
0.014026 0.019260
0.014121 0.018633
0.014216 0.020308
0.014327 0.020930
0.014454 0.018702
0.014535 0.018630
0.014617 0.019651
0.014709 0.020365
0.014787 0.018364
0.014897 0.018175
0.015017 0.014962
0.015090 0.019432
0.015161 0.017954
0.015250 0.016389
0.015352 0.013258
0.015412 0.012245
0.015467 0.017311
0.015457 0.014919
0.015536 0.012775
0.015584 0.015452
0.015600 0.015750
0.015554 0.013349
0.015488 0.017020
0.015524 0.016921
0.015512 0.016750
0.015457 0.016226
0.015457 0.015827
0.015463 0.014653
0.015421 0.016482
0.015453 0.013587
0.015482 0.018148
0.015507 0.015592
0.015522 0.015831
0.015528 0.011800
0.015510 0.014659
0.015530 0.012546
0.015491 0.015668
0.015544 0.013016
0.015545 0.013195
0.015551 0.012111
0.015476 0.010681
0.015460 0.011366
0.015402 0.012599
0.015407 0.012002
0.015359 0.012650
0.015316 0.011944
0.015253 0.012070
0.015162 0.013264
0.015086 0.013889
0.015037 0.013084
0.014976 0.013019
0.014930 0.011741
0.014870 0.012304
0.014815 0.012408
0.014784 0.014340
0.014766 0.012192
0.014733 0.012250
0.014698 0.013083
0.014640 0.010931
0.014593 0.012142
0.014550 0.011734
0.014545 0.012065
0.014499 0.011634
0.014454 0.010522
0.014427 0.011833
0.014357 0.011413
0.014313 0.012154
0.014262 0.011714
0.014218 0.011233
0.014167 0.011598
0.014094 0.013132
0.014049 0.012984
0.013997 0.012312
0.013960 0.011683
0.013915 0.012597
0.013862 0.013858
0.013817 0.011001
0.013803 0.010342
0.013787 0.013810
0.013757 0.013016
0.013716 0.009858
0.013694 0.009361
0.013697 0.014628
0.013644 0.012472
0.013578 0.009215
0.013582 0.009036
0.013571 0.014544
0.013497 0.010764
0.013415 0.008627
0.013439 0.008740
0.013420 0.014922
0.013336 0.010522
0.013251 0.008317
0.013276 0.008793
0.013226 0.013766
0.013135 0.010539
0.013047 0.007680
0.013085 0.008196
0.013034 0.006415
0.012940 0.003973
0.012857 0.008054
0.012875 0.003913
0.012829 0.005641
0.012726 0.005621
0.012636 0.007191
0.012512 0.005232
0.012343 0.004537
0.012257 0.008078
0.012091 0.008494
0.011963 0.009513
0.011837 0.010489
0.011744 0.011948
0.011615 0.012551
0.011474 0.014860
0.011406 0.016144
0.011348 0.015428
0.011312 0.015254
0.011295 0.014792
0.011308 0.014797
0.011333 0.015501
0.011403 0.013061
0.011497 0.014282
0.011576 0.014811
0.011649 0.012917
0.011711 0.014580
0.011773 0.016517
0.011847 0.012705
0.011871 0.012682
0.011919 0.013427
0.011977 0.012568
0.011995 0.014326
0.012047 0.012994
0.012136 0.014797
0.012147 0.012885
0.012158 0.014488
0.012183 0.014885
0.012191 0.011745
0.012233 0.012055
0.012248 0.013467
0.012299 0.012070
0.012311 0.024763
0.012354 0.018333
0.012404 0.014739
0.012391 0.014860
0.012385 0.020923
0.012406 0.015590
0.012399 0.015014
0.012645 0.025568
0.012759 0.018226
0.012798 0.015658
0.012839 0.014232
0.013000 0.023390
0.013052 0.017568
0.013091 0.014814
0.013339 0.014787
0.013436 0.022750
0.013480 0.017809
0.013495 0.014504
0.013692 0.015290
0.013769 0.023218
0.013790 0.017428
0.013810 0.015028
0.013988 0.014919
0.014064 0.022485
0.014073 0.017387
0.014097 0.015648
0.014278 0.018838
0.014341 0.019175
0.014355 0.017371
0.014366 0.014479
0.014528 0.015126
0.014584 0.022570
0.014606 0.013977
0.014690 0.013760
0.014779 0.010389
0.014831 0.010719
0.014824 0.010415
0.014830 0.016953
0.014984 0.009660
0.014964 0.016957
0.014940 0.009530
0.014849 0.018099
0.014767 0.009069
0.014680 0.016377
0.014726 0.009262
0.014625 0.020150
0.014671 0.013205
0.014569 0.010822
0.014639 0.010382
0.014528 0.018135
0.014565 0.009264
0.014460 0.017063
0.014573 0.009124
0.014546 0.016517
0.014471 0.010538
0.014390 0.018075
0.014465 0.010497
0.014361 0.018507
0.014415 0.012518
0.014310 0.010843
0.014354 0.010893
0.014278 0.014131
0.014353 0.013177
0.014276 0.010947
0.014361 0.011007
0.014324 0.011172
0.014255 0.011175
0.014188 0.010635
0.014187 0.009920
0.014167 0.013461
0.014102 0.011794
0.014041 0.012454
0.013984 0.014241
0.013928 0.014068
0.013862 0.011451
0.013784 0.011490
0.013777 0.014335
0.013738 0.013402
0.013712 0.010866
0.013723 0.010432
0.013730 0.014246
0.013685 0.010338
0.013641 0.013716
0.013655 0.013480
0.013650 0.010586
0.013594 0.011894
0.013531 0.013917
0.013546 0.014574
0.013482 0.011663
0.013486 0.011067
0.013486 0.011712
0.013428 0.014308
0.013398 0.009853
0.013408 0.012630
0.013431 0.013407
0.013396 0.015181
0.013350 0.013052
0.013317 0.013209
0.013337 0.013633
0.013268 0.011998
0.013255 0.011650
0.013258 0.013780
0.013296 0.013854
0.013291 0.014026
0.013290 0.011827
0.013297 0.012621
0.013271 0.014791
0.013239 0.014012
0.013249 0.011729
0.013261 0.011507
0.013277 0.013974
0.013248 0.014409
0.013235 0.013196
0.013266 0.012497
0.013281 0.014025
0.013250 0.016685
0.013215 0.012814
0.013231 0.013405
0.013254 0.014922
0.013253 0.013043
0.013238 0.013688
0.013253 0.011328
0.013322 0.014278
0.013312 0.014407
0.013314 0.012097
0.013346 0.012244
0.013339 0.012867
0.013346 0.013657
0.013306 0.012980
0.013326 0.012456
0.013347 0.014201
0.013322 0.014712
0.013301 0.014167
0.013292 0.015271
0.013299 0.013795
0.013293 0.016241
0.013276 0.013613
0.013295 0.013935
0.013323 0.012861
0.013340 0.015377
0.013378 0.013106
0.013387 0.014048
0.013443 0.012830
0.013447 0.013018
0.013456 0.012232
0.013445 0.014319
0.013483 0.012607
0.013476 0.012359
0.013487 0.012799
0.013474 0.013402
0.013465 0.011831
0.013440 0.015695
0.013458 0.013249
0.013441 0.013975
0.013419 0.011991
0.013407 0.014916
0.013407 0.011653
0.013375 0.012953
0.013422 0.014563
0.013418 0.014555
0.013429 0.011861
0.013401 0.011813
0.013431 0.013776
0.013395 0.012174
0.013387 0.013735
0.013410 0.014070
0.013433 0.012627
0.013402 0.013965
0.013370 0.014670
0.013378 0.015269
0.013354 0.017110
0.013362 0.012860
0.013376 0.014871
0.013361 0.015171
0.013373 0.011708
0.013399 0.012688
0.013436 0.013962
0.013509 0.014229
0.013496 0.012623
0.013523 0.023303
0.013556 0.012623
0.013519 0.010470
0.013503 0.013942
0.013512 0.010623
0.013526 0.013734
0.013508 0.010905
0.013703 0.014092
0.013682 0.010328
0.013618 0.014855
0.013624 0.011253
0.013565 0.015035
0.013568 0.010605
0.013515 0.013991
0.013526 0.010798
0.013463 0.013816
0.013491 0.010875
0.013446 0.015734
0.013478 0.012919
0.013420 0.011236
0.013432 0.011232
0.013379 0.015302
0.013388 0.013287
0.013338 0.011559
0.013386 0.011643
0.013376 0.010666
0.013334 0.011480
0.013292 0.016346
0.013332 0.013453
0.013331 0.012157
0.013296 0.010842
0.013263 0.011281
0.013211 0.014196
0.013177 0.012572
0.013240 0.010900
0.013244 0.010363
0.013223 0.013491
0.013175 0.011703
0.013137 0.009741
0.013159 0.009717
0.013147 0.013982
0.013102 0.012450
0.013048 0.009812
0.013056 0.010670
0.013030 0.011365
0.012964 0.012310
0.012899 0.010578
0.012921 0.010027
0.012912 0.015551
0.012850 0.011461
0.012807 0.010329
0.012778 0.008554
0.012769 0.008661
0.012725 0.013198
0.012671 0.010832
0.012729 0.008541
0.012703 0.008761
0.012656 0.012733
0.012574 0.011019
0.012497 0.008563
0.012511 0.008438
0.012477 0.013476
0.012399 0.011662
0.012326 0.008753
0.012335 0.009860
0.012308 0.012062
0.012234 0.010672
0.012158 0.008923
0.012185 0.009043
0.012174 0.011917
0.012106 0.011447
0.012061 0.008891
0.012061 0.009187
0.012034 0.012078
0.011972 0.009099
0.011913 0.008667
0.011914 0.012788
0.011904 0.014325
0.011844 0.014009
0.011791 0.013923
0.011797 0.015291
0.011743 0.015846
0.011682 0.013295
0.011704 0.013149
0.011756 0.016579
0.011801 0.016708
0.011843 0.013632
0.011912 0.013352
0.011990 0.016079
0.012016 0.018397
0.012039 0.015256
0.012129 0.015702
0.012220 0.013799
0.012248 0.013116
0.012270 0.012136
0.012346 0.010919
0.012467 0.007699
0.012522 0.009699
0.012585 0.013328
0.012610 0.012670
0.012620 0.010816
0.012610 0.010411
0.012576 0.012681
0.012479 0.013993
0.012424 0.011200
0.012442 0.012543
0.012446 0.011340
0.012414 0.013770
0.012374 0.011986
0.012380 0.012496
0.012412 0.010273
0.012388 0.012294
0.012391 0.012612
0.012370 0.010185
0.012398 0.012102
0.012390 0.011010
0.012392 0.012752
0.012350 0.013558
0.012349 0.012524
0.012354 0.013399
0.012311 0.013143
0.012307 0.012585
0.012281 0.013205
0.012290 0.012129
0.012316 0.013084
0.012320 0.014532
0.012341 0.012628
0.012357 0.012848
0.012362 0.010256
0.012378 0.009778
0.012373 0.012006
0.012388 0.010097
0.012430 0.009844
0.012434 0.009867
0.012442 0.010297
0.012399 0.012483
0.012347 0.010784
0.012340 0.010402
0.012295 0.011904
0.012247 0.010337
0.012199 0.011710
0.012161 0.009785
0.012168 0.008834
0.012140 0.009622
0.012106 0.009284
0.012102 0.009351
0.012066 0.009846
0.012059 0.008616
0.012014 0.008831
0.011951 0.005068
0.011905 0.003895
0.011852 0.003887
0.011803 0.003845
0.011764 0.005586
0.011701 0.005673
0.011644 0.005811
0.011513 0.004666
0.011361 0.008340
0.011213 0.008029
0.011066 0.010459
0.010957 0.009272
0.010852 0.012375
0.010752 0.011765
0.010630 0.014491
0.010585 0.015951
0.010534 0.012644
0.010533 0.011958
0.010507 0.014594
0.010545 0.011618
0.010569 0.009259
0.010647 0.010598
0.010752 0.015312
0.010790 0.012799
0.010813 0.010596
0.010889 0.010575
0.010903 0.014926
0.010870 0.012798
0.010865 0.010773
0.010953 0.010679
0.010990 0.012824
0.010982 0.009812
0.010974 0.011699
0.011053 0.012496
0.011088 0.010286
0.011081 0.010795
0.011073 0.014187
0.011108 0.012957
0.011082 0.011159
0.011095 0.009139
0.011123 0.008904
0.011106 0.013878
0.011100 0.011442
0.011161 0.009235
0.011197 0.008872
0.011196 0.014207
0.011155 0.011600
0.011110 0.008828
0.011165 0.009091
0.011171 0.014340
0.011132 0.011685
0.011087 0.009264
0.011150 0.009295
0.011159 0.015049
0.011112 0.011497
0.011072 0.009323
0.011137 0.008791
0.011148 0.013519
0.011110 0.010548
0.011074 0.008375
0.011153 0.009532
0.011160 0.014344
0.011124 0.011765
0.011077 0.009256
0.011126 0.009027
0.011114 0.013163
0.011060 0.008968
0.011029 0.013706
0.011095 0.011248
0.011109 0.009175
0.011072 0.008944
0.011031 0.008710
0.011074 0.010668
0.011032 0.011245
0.011085 0.007882
0.011088 0.008831
0.011050 0.009112
0.011008 0.012376
0.010962 0.014056
0.010957 0.011690
0.010962 0.012138
0.010901 0.014647
0.010860 0.012307
0.010825 0.014603
0.010856 0.014406
0.010920 0.013350
0.010935 0.012991
0.010959 0.013152
0.011032 0.012151
0.011058 0.012977
0.011128 0.012318
0.011193 0.008834
0.011236 0.013093
0.011271 0.011993
0.011309 0.010404
0.011325 0.008807
0.011358 0.009337
0.011377 0.011408
0.011327 0.009581
0.011362 0.013147
0.011374 0.012714
0.011355 0.010519
0.011304 0.011090
0.011265 0.013831
0.011268 0.013226
0.011235 0.011103
0.011273 0.010918
0.011301 0.013273
0.011286 0.012493
0.011282 0.011381
0.011333 0.010357
0.011370 0.012587
0.011365 0.010946
0.011356 0.008764
0.011394 0.009755
0.011416 0.008758
0.011415 0.012499
0.011394 0.013757
0.011418 0.012909
0.011409 0.012322
0.011356 0.011963
0.011324 0.016677
0.011273 0.013510
0.011297 0.011598
0.011346 0.012247
0.011378 0.013214
0.011396 0.012074
0.011408 0.012496
0.011512 0.012802
0.011552 0.012291
0.011553 0.012107
0.011567 0.011062
0.011600 0.013917
0.011609 0.011338
0.011627 0.010916
0.011650 0.011558
0.011663 0.010779
0.011672 0.010779
0.011660 0.009843
0.011705 0.012774
0.011697 0.012943
0.011682 0.011765
0.011679 0.011855
0.011661 0.012105
0.011644 0.011283
0.011608 0.011035
0.011631 0.011315
0.011657 0.011354
0.011659 0.011248
0.011663 0.010329
0.011672 0.013552
0.011664 0.012197
0.011652 0.013318
0.011645 0.010223
0.011639 0.009283
0.011632 0.013070
0.011606 0.009354
0.011644 0.012793
0.011655 0.009504
0.011688 0.012973
0.011659 0.010068
0.011612 0.010762
0.011641 0.010943
0.011595 0.010180
0.011619 0.012951
0.011577 0.012062
0.011605 0.011503
0.011574 0.012640
0.011558 0.010967
0.011546 0.014462
0.011519 0.010420
0.011547 0.010407
0.011558 0.010459
0.011556 0.011106
0.011578 0.008972
0.011566 0.011301
0.011624 0.010246
0.011600 0.011635
0.011576 0.011822
0.011554 0.010528
0.011545 0.010418
0.011494 0.011340
0.011490 0.011543
0.011465 0.010131
0.011468 0.010053
0.011475 0.018095
0.011457 0.015658
0.011436 0.014472
0.011434 0.012603
0.011436 0.011963
0.011410 0.013257
0.011383 0.010930
0.011517 0.015416
0.011599 0.013423
0.011656 0.011379
0.011675 0.011392
0.011681 0.014282
0.011712 0.014350
0.011697 0.011420
0.011771 0.011473
0.011804 0.015761
0.011795 0.014617
0.011787 0.011461
0.011837 0.011453
0.011887 0.015074
0.011877 0.013791
0.011869 0.011264
0.011947 0.011354
0.012000 0.013052
0.011989 0.011666
0.011979 0.014626
0.012040 0.013261
0.012075 0.011747
0.012059 0.011953
0.012045 0.010494
0.012065 0.013507
0.012057 0.011796
0.012108 0.011259
0.012131 0.011988
0.012123 0.012923
0.012120 0.011641
0.012088 0.011925
0.012116 0.012710
0.012110 0.013349
0.012093 0.012074
0.012090 0.011528
0.012107 0.011972
0.012098 0.011287
0.012094 0.013243
0.012107 0.012977
0.012131 0.011071
0.012130 0.011588
0.012118 0.013218
0.012115 0.012849
0.012099 0.011877
0.012122 0.010796
0.012139 0.013558
0.012117 0.013542
0.012107 0.011304
0.012129 0.011550
0.012143 0.012354
0.012138 0.011465
0.012111 0.012896
0.012140 0.012605
0.012168 0.011851
0.012151 0.010381
0.012139 0.012280
0.012143 0.013262
0.012130 0.010273
0.012145 0.011733
0.012154 0.027622
0.012148 0.012415
0.012113 0.008923
0.012116 0.010151
0.012139 0.010260
0.012102 0.014406
0.012094 0.010342
0.012403 0.010107
0.012404 0.009651
0.012334 0.013301
0.012291 0.010326
0.012251 0.010292
0.012293 0.009448
0.012255 0.013187
0.012212 0.010089
0.012161 0.012525
0.012184 0.008329
0.012147 0.010288
0.012110 0.009998
0.012057 0.009542
0.012079 0.009654
0.012040 0.007919
0.012049 0.010860
0.011975 0.009751
0.011942 0.010109
0.011903 0.013517
0.011856 0.012461
0.011812 0.011950
0.011735 0.010713
0.011717 0.010878
0.011678 0.013225
0.011647 0.012971
0.011684 0.011398
0.011700 0.011336
0.011705 0.013568
0.011685 0.012912
0.011669 0.010964
0.011700 0.010918
0.011725 0.014132
0.011719 0.012773
0.011711 0.011074
0.011748 0.010235
0.011771 0.014160
0.011755 0.013264
0.011738 0.010947
0.011786 0.011111
0.011806 0.012419
0.011791 0.010198
0.011760 0.011869
0.011808 0.010461
0.011837 0.011962
0.011819 0.010807
0.011805 0.010429
0.011817 0.010682
0.011785 0.020065
0.011787 0.013302
0.011760 0.012249
0.011764 0.017245
0.011745 0.016406
0.011719 0.012215
0.011699 0.013257
0.011865 0.015806
0.011894 0.012617
0.011901 0.015704
0.012007 0.011105
0.012095 0.013755
0.012097 0.011561
0.012120 0.015124
0.012193 0.011710
0.012202 0.013507
0.012272 0.014210
0.012248 0.011770
0.012278 0.014766
0.012264 0.013779
0.012321 0.013596
0.012309 0.012052
0.012333 0.012335
0.012370 0.013047
0.012358 0.012363
0.012406 0.013673
0.012433 0.014175
0.012456 0.012702
0.012448 0.012661
0.012446 0.014092
0.012458 0.014308
0.012456 0.012263
0.012480 0.012377
0.012514 0.013444
0.012518 0.012372
0.012521 0.013026
0.012552 0.013895
0.012587 0.012045
0.012580 0.012331
0.012576 0.011279
0.012594 0.013041
0.012589 0.011969
0.012598 0.012209
0.012624 0.012673
0.012612 0.013070
0.012607 0.012550
0.012580 0.013083
0.012589 0.014597
0.012577 0.012948
0.012570 0.012315
0.012572 0.013092
0.012582 0.012519
0.012581 0.013082
0.012591 0.013358
0.012631 0.012352
0.012637 0.013360
0.012631 0.016156
0.012640 0.018032
0.012638 0.015340
0.012646 0.015841
0.012661 0.016012
0.012654 0.014051
0.012669 0.013941
0.012738 0.015566
0.012843 0.015953
0.012893 0.013621
0.012952 0.013263
0.013013 0.013608
0.013033 0.013634
0.013051 0.013487
0.013101 0.014365
0.013158 0.015980
0.013167 0.014413
0.013169 0.014071
0.013178 0.014634
0.013187 0.013676
0.013193 0.014690
0.013216 0.015193
0.013271 0.013321
0.013294 0.013429
0.013309 0.014839
0.013336 0.015470
0.013343 0.012892
0.013369 0.013510
0.013406 0.014626
0.013404 0.015897
0.013404 0.013518
0.013433 0.013749
0.013474 0.014557
0.013462 0.013694
0.013463 0.015149
0.013486 0.015520
0.013534 0.013808
0.013534 0.013175
0.013538 0.015122
0.013558 0.013668
0.013561 0.014692
0.013593 0.015282
0.013631 0.013316
0.013634 0.014480
0.013625 0.015600
0.013655 0.015681
0.013655 0.013956
0.013676 0.013554
0.013708 0.015486
0.013700 0.019063
0.013716 0.012951
0.013753 0.012611
0.013792 0.012756
0.013795 0.032069
0.013790 0.019717
0.013824 0.014977
0.013928 0.012890
0.013909 0.012490
0.013883 0.026448
0.013860 0.019383
0.014223 0.012913
0.014332 0.012585
0.014345 0.020067
0.014316 0.015264
0.014280 0.012622
0.014522 0.012703
0.014618 0.020657
0.014584 0.015076
0.014545 0.012222
0.014655 0.012691
0.014667 0.018614
0.014626 0.015163
0.014588 0.012237
0.014709 0.013248
0.014716 0.017894
0.014666 0.015751
0.014627 0.012890
0.014706 0.012475
0.014715 0.013814
0.014666 0.015597
0.014638 0.012433
0.014703 0.014671
0.014723 0.015307
0.014687 0.015082
0.014643 0.013572
0.014626 0.013301
0.014646 0.015642
0.014602 0.015181
0.014603 0.013042
0.014617 0.012738
0.014626 0.015163
0.014605 0.012561
0.014579 0.016372
0.014601 0.014616
0.014612 0.012365
0.014581 0.012169
0.014544 0.016429
0.014557 0.013733
0.014517 0.012538
0.014554 0.011412
0.014555 0.015766
0.014511 0.013786
0.014465 0.011965
0.014504 0.011633
0.014489 0.016916
0.014450 0.013047
0.014389 0.012294
0.014417 0.011343
0.014404 0.016176
0.014356 0.012832
0.014301 0.011237
0.014353 0.011266
0.014327 0.015703
0.014287 0.012940
0.014228 0.011053
0.014267 0.011452
0.014239 0.015899
0.014179 0.013387
0.014121 0.011143
0.014152 0.011487
0.014128 0.015349
0.014067 0.012652
0.014015 0.011234
0.014053 0.011303
0.014039 0.013773
0.013982 0.010851
0.013932 0.014762
0.013960 0.013683
0.013934 0.011338
0.013880 0.011268
0.013829 0.008963
0.013828 0.011881
0.013769 0.011357
0.013789 0.009329
0.013786 0.009266
0.013738 0.009094
0.013689 0.008641
0.013595 0.009885
0.013560 0.011694
0.013517 0.012055
0.013433 0.012609
0.013350 0.012534
0.013266 0.012667
0.013174 0.013351
0.013108 0.011486
0.013080 0.014070
0.013060 0.013198
0.013051 0.012172
0.013040 0.012194
0.013033 0.011915
0.013039 0.012664
0.013008 0.012280
0.013029 0.013147
0.013033 0.012939
0.013016 0.008743
0.012999 0.011272
0.012978 0.008739
0.012972 0.009267
0.012958 0.014731
0.012962 0.015524
0.012961 0.015629
0.012877 0.013119
0.012845 0.014736
0.012764 0.017119
0.012694 0.014130
0.012734 0.016062
0.012790 0.015148
0.012846 0.014176
0.012852 0.014160
0.012889 0.013814
0.012974 0.008966
0.012997 0.012564
0.013058 0.013759
0.013099 0.009339
0.013121 0.010421
0.013141 0.011301
0.013155 0.010975
0.013071 0.011688
0.013061 0.012597
0.013075 0.011758
0.013001 0.012319
0.012949 0.012393
0.012917 0.010812
0.012878 0.013195
0.012854 0.013456
0.012849 0.010707
0.012827 0.012233
0.012817 0.010461
0.012809 0.011920
0.012769 0.012213
0.012778 0.011677
0.012791 0.011866
0.012750 0.012881
0.012739 0.011273
0.012694 0.011246
0.012679 0.010143
0.012669 0.011915
0.012650 0.010847
0.012634 0.012824
0.012639 0.010553
0.012612 0.013271
0.012585 0.013230
0.012536 0.014368
0.012524 0.013395
0.012490 0.012378
0.012497 0.012163
0.012458 0.010291
0.012474 0.010564
0.012489 0.013691
0.012527 0.013305
0.012544 0.012152
0.012541 0.012521
0.012533 0.015955
0.012489 0.012777
0.012450 0.013775
0.012475 0.016791
0.012492 0.015252
0.012485 0.012354
0.012486 0.012420
0.012555 0.014144
0.012559 0.015048
0.012583 0.012930
0.012667 0.018297
0.012718 0.012624
0.012711 0.011109
0.012705 0.014190
0.012734 0.012472
0.012780 0.010704
0.012783 0.011206
0.012893 0.013615
0.012887 0.012911
0.012852 0.010899
0.012879 0.010940
0.012871 0.010435
0.012827 0.011009
0.012795 0.011234
0.012811 0.009117
0.012813 0.012521
0.012775 0.012747
0.012739 0.010957
0.012693 0.013031
0.012659 0.011101
0.012631 0.012617
0.012561 0.010922
0.012560 0.012256
0.012564 0.010232
0.012532 0.009675
0.012542 0.013227
0.012513 0.014175
0.012515 0.014477
0.012484 0.011841
0.012479 0.012464
0.012434 0.014722
0.012380 0.014577
0.012396 0.012372
0.012432 0.012121
0.012472 0.011501
0.012460 0.013946
0.012460 0.011869
0.012505 0.010263
0.012546 0.013668
0.012543 0.012450
0.012534 0.009978
0.012514 0.010344
0.012542 0.014323
0.012529 0.012177
0.012484 0.009256
0.012507 0.009511
0.012506 0.010125
0.012456 0.010441
0.012414 0.009708
0.012452 0.008961
0.012446 0.012422
0.012383 0.009792
0.012326 0.010530
0.012282 0.013768
0.012245 0.011089
0.012195 0.009138
0.012130 0.008797
0.012136 0.013042
0.012090 0.011206
0.012059 0.008788
0.012093 0.008634
0.012073 0.013265
0.012014 0.011422
0.011950 0.008970
0.011972 0.008305
0.011957 0.012675
0.011894 0.010619
0.011829 0.008993
0.011857 0.008695
0.011849 0.012428
0.011791 0.010484
0.011722 0.008550
0.011741 0.008496
0.011719 0.010258
0.011664 0.010505
0.011605 0.008255
0.011622 0.008583
0.011599 0.019576
0.011538 0.013378
0.011478 0.012353
0.011454 0.010233
0.011435 0.009916
0.011371 0.014075
0.011316 0.012328
0.011480 0.009429
0.011518 0.009509
0.011535 0.014456
0.011509 0.012334
0.011477 0.009663
0.011529 0.010021
0.011545 0.014142
0.011503 0.011887
0.011463 0.009497
0.011522 0.009335
0.011539 0.013869
0.011501 0.011730
0.011472 0.009196
0.011525 0.009400
0.011532 0.013748
0.011492 0.011983
0.011449 0.009226
0.011497 0.009823
0.011502 0.013658
0.011456 0.011825
0.011415 0.009417
0.011461 0.009511
0.011472 0.013181
0.011427 0.012458
0.011395 0.009763
0.011440 0.009954
0.011448 0.010639
0.011407 0.011709
0.011370 0.009844
0.011406 0.005700
0.011427 0.003822
0.011393 0.003893
0.011365 0.003820
0.011350 0.005041
0.011357 0.006911
0.011327 0.005837
0.011215 0.007973
0.011068 0.010559
0.010925 0.011606
0.010784 0.008553
0.010670 0.014635
0.010595 0.011316
0.010500 0.015058
0.010450 0.011565
0.010452 0.009946
0.010475 0.010230
0.010437 0.014945
0.010520 0.011877
0.010536 0.010693
0.010626 0.009748
0.010645 0.014713
0.010631 0.011375
0.010623 0.009046
0.010709 0.008958
0.010732 0.013064
0.010732 0.008798
0.010712 0.014122
0.010792 0.012115
0.010803 0.009552
0.010768 0.010066
0.010732 0.013829
0.010779 0.011903
0.010739 0.010348
0.010806 0.010236
0.010833 0.011312
0.010807 0.011639
0.010792 0.009465
0.010853 0.011479
0.010874 0.007724
0.010863 0.009100
0.010851 0.013482
0.010860 0.011483
0.010875 0.009644
0.010847 0.009700
0.010860 0.013245
0.010797 0.011171
0.010764 0.009004
0.010818 0.009775
0.010831 0.014139
0.010807 0.011313
0.010785 0.009445
0.010834 0.009259
0.010841 0.013620
0.010804 0.011212
0.010784 0.009247
0.010851 0.009032
0.010860 0.013026
0.010832 0.010625
0.010800 0.008512
0.010857 0.008938
0.010864 0.013695
0.010831 0.011635
0.010796 0.009423
0.010840 0.009834
0.010836 0.013973
0.010790 0.012039
0.010753 0.009874
0.010811 0.010339
0.010828 0.013068
0.010800 0.010807
0.010780 0.008950
0.010844 0.009800
0.010868 0.012458
0.010848 0.010065
0.010838 0.013531
0.010882 0.011822
0.010881 0.009829
0.010842 0.009514
0.010822 0.013615
0.010854 0.010802
0.010839 0.009026
0.010892 0.008606
0.010911 0.013541
0.010889 0.011753
0.010862 0.009110
0.010917 0.008904
0.010914 0.014102
0.010877 0.012362
0.010831 0.009458
0.010885 0.010325
0.010903 0.013859
0.010867 0.011904
0.010828 0.009915
0.010893 0.009733
0.010922 0.014833
0.010893 0.012417
0.010882 0.009682
0.010941 0.010245
0.010960 0.012450
0.010939 0.010283
0.010915 0.010077
0.010993 0.008693
0.011022 0.013603
0.010995 0.011489
0.010980 0.009216
0.011009 0.009417
0.010995 0.007111
0.010977 0.009400
0.010931 0.009255
0.010984 0.007952
0.010994 0.009184
0.010959 0.009263
0.010928 0.008489
0.010852 0.008411
0.010824 0.007685
0.010792 0.007242
0.010736 0.006888
0.010705 0.007647
0.010676 0.007534
0.010633 0.006136
0.010588 0.007171
0.010531 0.006649
0.010465 0.006604
0.010394 0.006478
0.010339 0.006471
0.010284 0.006574
0.010201 0.007264
0.010141 0.006641
0.010071 0.006613
0.010002 0.006689
0.009932 0.006499
0.009863 0.006448
0.009798 0.006945
0.009747 0.006432
0.009686 0.005696
0.009624 0.005870
0.009566 0.006588
0.009505 0.007037
0.009444 0.006494
0.009394 0.006452
0.009335 0.005975
0.009263 0.014963
0.009195 0.015738
0.009144 0.013046
0.009102 0.012275
0.009050 0.013976
0.008998 0.015435
0.008938 0.014431
0.009058 0.016585
0.009191 0.011846
0.009267 0.014948
0.009327 0.014105
0.009420 0.014609
0.009540 0.014566
0.009637 0.014971
0.009775 0.015066
0.009816 0.015322
0.009918 0.014890
0.010002 0.015313
0.010093 0.015033
0.010182 0.015622
0.010278 0.015693
0.010373 0.015600
0.010472 0.015476
0.010559 0.015426
0.010654 0.015735
0.010741 0.015638
0.010838 0.015590
0.010935 0.015509
0.011028 0.015521
0.011116 0.015334
0.011202 0.014789
0.011292 0.006630
0.011379 0.014005
0.011463 0.012254
0.011543 0.006878
0.011622 0.004476
0.011696 0.005131
0.011758 0.004125
0.011656 0.006545
0.011702 0.008078
0.011713 0.008562
0.011617 0.010921
0.011475 0.011137
0.011349 0.014638
0.011205 0.015311
0.011112 0.011642
0.011052 0.015012
0.011002 0.013772
0.011001 0.011703
0.011003 0.011556
0.011076 0.015496
0.011160 0.013545
0.011170 0.011338
0.011246 0.010814
0.011296 0.015416
0.011304 0.013547
0.011309 0.010713
0.011393 0.011020
0.011436 0.014959
0.011434 0.013715
0.011421 0.011020
0.011501 0.011511
0.011542 0.011479
0.011525 0.012261
0.011515 0.011104
0.011584 0.009762
0.011626 0.013927
0.011614 0.015466
0.011612 0.012854
0.011609 0.013743
0.011622 0.014533
0.011612 0.017534
0.011575 0.015043
0.011622 0.013470
0.011698 0.017030
0.011721 0.016785
0.011762 0.013106
0.011817 0.014001
0.011931 0.016946
0.011992 0.015788
0.012022 0.014043
0.012122 0.017311
0.012214 0.014067
0.012232 0.015164
0.012267 0.017689
0.012360 0.015136
0.012429 0.012904
0.012461 0.012134
0.012557 0.016571
0.012587 0.014848
0.012639 0.011325
0.012739 0.011326
0.012787 0.013243
0.012789 0.011552
0.012776 0.020755
0.012852 0.013864
0.012891 0.012338
0.012860 0.010106
0.012830 0.010110
0.012838 0.015366
0.012812 0.013073
0.012970 0.009846
0.012988 0.010447
0.012975 0.014546
0.012918 0.012672
0.012862 0.010213
0.012912 0.010195
0.012915 0.014634
0.012854 0.012034
0.012806 0.010167
0.012841 0.010104
0.012838 0.012085
0.012785 0.010571
0.012734 0.005528
0.012772 0.003894
0.012757 0.010180
0.012705 0.010653
0.012654 0.005060
0.012642 0.006770
0.012601 0.003726
0.012460 0.009379
0.012290 0.011740
0.012248 0.013200
0.012216 0.019681
0.012074 0.010505
0.011968 0.009953
0.011804 0.017526
0.011756 0.009780
0.011756 0.008670
0.011784 0.007843
0.011941 0.013977
0.011913 0.009284
0.011874 0.007120
0.011986 0.007581
0.011942 0.014433
0.011877 0.010376
0.011797 0.007220
0.011840 0.007704
0.011790 0.013364
0.011697 0.010593
0.011615 0.007696
0.011671 0.007350
0.011645 0.013441
0.011557 0.009435
0.011480 0.007450
0.011518 0.007552
0.011499 0.012725
0.011424 0.013790
0.011343 0.011289
0.011384 0.011930
0.011346 0.012768
0.011268 0.011804
0.011194 0.012306
0.011225 0.010924
0.011276 0.013003
0.011276 0.012790
0.011289 0.011348
0.011318 0.011659
0.011328 0.013579
0.011348 0.013878
0.011339 0.011770
0.011372 0.012345
0.011400 0.013426
0.011399 0.013120
0.011405 0.011512
0.011448 0.011345
0.011496 0.014183
0.011502 0.014042
0.011518 0.011337
0.011556 0.012223
0.011587 0.012172
0.011586 0.005754
0.011581 0.003854
0.011633 0.003840
0.011681 0.003841
0.011674 0.005032
0.011685 0.006279
0.011695 0.005171
0.011576 0.004556
0.011423 0.006465
0.011272 0.007341
0.011124 0.007913
0.011003 0.009362
0.010909 0.009505
0.010795 0.013112
0.010670 0.012356
0.010587 0.009495
0.010522 0.009099
0.010470 0.014297
0.010448 0.011456
0.010429 0.009512
0.010483 0.009514
0.010520 0.013893
0.010500 0.011788
0.010472 0.009114
0.010548 0.008713
0.010566 0.012092
0.010545 0.010374
0.010524 0.009020
0.010592 0.012069
0.010615 0.014111
0.010585 0.013083
0.010548 0.013789
0.010579 0.015190
0.010575 0.014975
0.010544 0.012946
0.010574 0.013052
0.010645 0.011980
0.010693 0.011179
0.010755 0.012470
0.010843 0.014342
0.010925 0.010968
0.010965 0.010655
0.011007 0.013106
0.011026 0.015116
0.011029 0.011601
0.011058 0.011320
0.011123 0.015204
0.011120 0.013498
0.011111 0.012066
0.011151 0.010928
0.011230 0.014130
0.011237 0.011858
0.011239 0.010310
0.011318 0.010205
0.011361 0.013801
0.011375 0.011826
0.011366 0.009596
0.011421 0.009251
0.011430 0.012251
0.011408 0.010282
0.011384 0.010375
0.011432 0.010736
0.011440 0.007966
0.011403 0.012936
0.011360 0.010064
0.011378 0.009909
0.011356 0.009765
0.011336 0.008896
0.011325 0.014017
0.011258 0.010922
0.011291 0.010000
0.011267 0.009652
0.011240 0.009749
0.011210 0.013370
0.011164 0.012374
0.011221 0.010052
0.011215 0.010263
0.011191 0.010454
0.011160 0.010290
0.011132 0.009632
0.011177 0.010477
0.011201 0.009783
0.011178 0.008257
0.011160 0.010570
0.011145 0.011216
0.011128 0.010802
0.011099 0.011217
0.011086 0.011540
0.011060 0.012395
0.011005 0.011281
0.010996 0.012681
0.011000 0.010611
0.010996 0.011572
0.011001 0.013031
0.011011 0.010996
0.011039 0.013049
0.011044 0.010671
0.011076 0.012355
0.011067 0.010747
0.011077 0.012599
0.011116 0.011678
0.011114 0.012192
0.011152 0.010651
0.011143 0.032888
0.011167 0.012816
0.011158 0.017712
0.011187 0.013903
0.011197 0.013935
0.011217 0.020547
0.011205 0.014177
0.011637 0.022891
0.011660 0.018334
0.011781 0.014107
0.011823 0.014624
0.011865 0.021589
0.012038 0.014327
0.012080 0.012073
0.012295 0.017319
0.012416 0.016056
0.012449 0.015392
0.012493 0.011549
0.012674 0.013713
0.012706 0.011601
0.012694 0.012953
0.012786 0.013353
0.012851 0.011939
0.012902 0.014319
0.012875 0.014581
0.012891 0.011962
0.012866 0.011965
0.012867 0.014693
0.012877 0.014966
0.012858 0.012384
0.012887 0.012065
0.012921 0.014665
0.012902 0.013874
0.012883 0.011561
0.012919 0.012500
0.012960 0.013692
0.012949 0.012045
0.012931 0.014451
0.012966 0.013976
0.012984 0.011577
0.012955 0.012253
0.012946 0.015130
0.012961 0.014231
0.012943 0.012670
0.012973 0.012674
0.012993 0.012005
0.012965 0.019267
0.012951 0.013315
0.012994 0.011691
0.013019 0.011163
0.013012 0.011058
0.013005 0.015112
0.012985 0.013039
0.013110 0.011048
0.013114 0.010998
0.013086 0.014130
0.013048 0.010508
0.013008 0.014811
0.013050 0.012727
0.013050 0.010888
0.013010 0.010590
0.012970 0.014731
0.012993 0.012321
0.012943 0.010699
0.012981 0.010653
0.012975 0.012599
0.012934 0.011773
0.012887 0.010094
0.012924 0.009926
0.012912 0.008926
0.012868 0.009009
0.012824 0.009162
0.012819 0.010069
0.012799 0.009746
0.012745 0.010456
0.012689 0.010272
0.012614 0.010550
0.012542 0.010041
0.012475 0.010182
0.012427 0.010974
0.012374 0.010973
0.012335 0.011496
0.012294 0.011309
0.012260 0.010962
0.012215 0.011789
0.012175 0.011116
0.012151 0.012294
0.012128 0.012762
0.012115 0.010784
0.012099 0.010547
0.012076 0.012752
0.012071 0.012522
0.012052 0.010617
0.012057 0.011182
0.012071 0.012044
0.012045 0.012522
0.012015 0.010866
0.012030 0.010967
0.012040 0.011718
0.012011 0.012292
0.011995 0.010942
0.011996 0.011094
0.012006 0.017421
0.011984 0.012213
0.011963 0.011469
0.011958 0.010238
0.011965 0.010144
0.011945 0.013908
0.011928 0.012221
0.012037 0.010236
0.012041 0.010330
0.012029 0.013938
0.011994 0.012213
0.011957 0.010609
0.011996 0.010642
0.012000 0.014104
0.011965 0.011718
0.011932 0.009913
0.011972 0.010000
0.011977 0.013708
0.011950 0.011240
0.011924 0.009548
0.011967 0.009567
0.011962 0.012754
0.011922 0.011243
0.011883 0.009224
0.011920 0.009239
0.011906 0.010990
0.011859 0.011525
0.011814 0.008709
0.011832 0.005509
0.011821 0.004013
0.011769 0.003839
0.011719 0.009185
0.011704 0.004451
0.011700 0.004993
0.011641 0.007464
0.011519 0.013448
0.011370 0.008201
0.011220 0.016532
0.011179 0.008385
0.011045 0.019229
0.010925 0.008371
0.010856 0.019409
0.010908 0.010374
0.010854 0.010503
0.010967 0.009298
0.010915 0.017183
0.011081 0.010965
0.011027 0.009000
0.011194 0.009512
0.011177 0.016607
0.011164 0.010904
0.011127 0.009088
0.011247 0.009462
0.011242 0.015970
0.011197 0.011080
0.011164 0.008895
0.011272 0.009472
0.011265 0.015724
0.011221 0.010810
0.011186 0.008703
0.011281 0.009442
0.011277 0.014570
0.011230 0.010937
0.011195 0.008673
0.011285 0.008968
0.011276 0.012306
0.011225 0.010769
0.011189 0.008611
0.011256 0.009035
0.011250 0.009273
0.011199 0.009282
0.011154 0.017215
0.011177 0.012000
0.011169 0.010691
0.011118 0.008942
0.011077 0.009552
0.011041 0.011825
0.011006 0.009661
0.011129 0.013575
0.011147 0.012538
0.011138 0.009984
0.011094 0.010132
0.011063 0.012579
0.011078 0.013597
0.011050 0.010604
0.011100 0.011200
0.011129 0.012863
0.011106 0.012152
0.011087 0.011900
0.011117 0.009860
0.011166 0.012837
0.011155 0.012420
0.011156 0.009861
0.011190 0.010170
0.011209 0.009738
0.011223 0.018117
0.011195 0.012995
0.011228 0.012061
0.011252 0.010325
0.011224 0.010273
0.011203 0.014435
0.011174 0.012151
0.011312 0.010279
0.011346 0.010707
0.011360 0.014875
0.011339 0.012038
0.011318 0.010696
0.011380 0.010087
0.011395 0.014542
0.011373 0.011411
0.011360 0.009108
0.011430 0.008947
0.011442 0.014587
0.011427 0.011102
0.011400 0.008897
0.011463 0.008634
0.011462 0.013244
0.011415 0.011321
0.011366 0.008904
0.011430 0.008877
0.011424 0.010934
0.011373 0.011916
0.011319 0.009338
0.011357 0.026765
0.011356 0.018886
0.011308 0.015554
0.011259 0.012003
0.011253 0.011941
0.011266 0.019661
0.011228 0.014980
0.011537 0.011670
0.011683 0.011678
0.011760 0.018368
0.011765 0.014574
0.011768 0.011573
0.011925 0.012095
0.011986 0.018298
0.011980 0.014770
0.011974 0.012031
0.012101 0.011818
0.012150 0.015411
0.012139 0.012113
0.012138 0.012070
0.012261 0.012412
0.012311 0.010973
0.012305 0.012217
0.012295 0.020652
0.012357 0.015241
0.012352 0.013476
0.012347 0.011105
0.012348 0.011231
0.012321 0.015553
0.012319 0.012590
0.012485 0.010895
0.012539 0.010963
0.012558 0.015060
0.012529 0.012482
0.012503 0.010467
0.012564 0.010725
0.012564 0.012751
0.012531 0.010756
0.012500 0.011686
0.012551 0.013132
0.012550 0.011004
0.012508 0.010454
0.012473 0.011636
0.012478 0.010550
0.012444 0.009408
0.012429 0.011803
0.012443 0.009321
0.012414 0.011685
0.012375 0.008094
0.012360 0.012726
0.012324 0.010400
0.012266 0.007962
0.012257 0.008038
0.012199 0.012251
0.012189 0.008209
0.012107 0.011268
0.012119 0.008243
0.012085 0.013576
0.012003 0.013897
0.011924 0.014384
0.011931 0.015297
0.011857 0.015261
0.011845 0.013928
0.011773 0.014474
0.011809 0.014335
0.011851 0.013771
0.011901 0.014949
0.011969 0.012413
0.012034 0.015126
0.012072 0.013432
0.012120 0.014446
0.012164 0.012593
0.012196 0.015072
0.012251 0.012517
0.012254 0.014631
0.012311 0.012834
0.012333 0.015193
0.012375 0.012453
0.012380 0.015001
0.012433 0.012554
0.012435 0.016110
0.012479 0.015923
0.012486 0.013081
0.012539 0.013002
0.012538 0.017760
0.012587 0.015188
0.012586 0.012766
0.012656 0.011188
0.012721 0.017494
0.012728 0.016405
0.012734 0.012705
0.012834 0.016138
0.012881 0.012237
0.012878 0.017276
0.012845 0.012231
0.012937 0.015594
0.013006 0.011866
0.013000 0.015216
0.013063 0.015643
0.013046 0.014469
0.013130 0.014331
0.013113 0.012636
0.013162 0.014094
0.013136 0.014647
0.013178 0.012824
0.013227 0.012959
0.013251 0.016137
0.013273 0.010839
0.013260 0.015074
0.013277 0.012919
0.013304 0.014654
0.013294 0.018022
0.013288 0.013535
0.013344 0.015399
0.013295 0.011663
0.013330 0.011629
0.013322 0.009957
0.013348 0.013319
0.013441 0.013091
0.013443 0.017015
0.013482 0.014172
0.013446 0.012675
0.013410 0.016544
0.013341 0.013723
0.013341 0.013853
0.013336 0.012562
0.013409 0.012830
0.013424 0.009790
0.013409 0.011938
0.013472 0.014714
0.013477 0.011166
0.013484 0.010880
0.013466 0.015591
0.013453 0.012795
0.013380 0.010843
0.013351 0.010279
0.013379 0.013852
0.013335 0.012028
0.013286 0.009388
0.013332 0.009713
0.013321 0.012214
0.013272 0.009020
0.013212 0.008775
0.013225 0.009406
0.013201 0.013181
0.013125 0.011179
0.013057 0.009565
0.013040 0.009060
0.012960 0.014016
0.012877 0.012225
0.012808 0.009310
0.012815 0.009809
0.012783 0.013859
0.012719 0.012207
0.012646 0.010039
0.012673 0.010297
0.012664 0.013053
0.012598 0.011598
0.012542 0.009820
0.012568 0.009121
0.012561 0.011786
0.012511 0.011860
0.012467 0.009426
0.012479 0.009195
0.012461 0.013917
0.012408 0.012906
0.012343 0.012525
0.012332 0.014044
0.012323 0.012742
0.012265 0.014758
0.012204 0.013652
0.012238 0.014232
0.012251 0.012652
0.012257 0.013542
0.012292 0.012808
0.012301 0.012301
0.012350 0.010904
0.012376 0.013860
0.012413 0.011356
0.012418 0.014798
0.012440 0.015180
0.012447 0.012994
0.012445 0.015637
0.012414 0.014558
0.012443 0.013665
0.012421 0.014776
0.012468 0.013775
0.012522 0.014504
0.012532 0.014424
0.012593 0.016460
0.012633 0.015103
0.012653 0.015349
0.012695 0.013090
0.012717 0.017940
0.012752 0.014938
0.012786 0.015032
0.012859 0.010445
0.012903 0.011051
0.012952 0.009212
0.012955 0.011458
0.013054 0.010580
0.013092 0.011379
0.013130 0.012140
0.013077 0.013119
0.013036 0.011631
0.012960 0.013092
0.012930 0.012539
0.012884 0.011494
0.012854 0.009349
0.012839 0.009799
0.012845 0.013625
0.012821 0.012074
0.012826 0.009600
0.012821 0.009529
0.012794 0.013627
0.012726 0.011629
0.012667 0.009041
0.012686 0.009794
0.012674 0.013230
0.012613 0.011366
0.012552 0.009991
0.012573 0.009863
0.012554 0.013152
0.012484 0.012133
0.012431 0.010794
0.012447 0.010936
0.012425 0.012234
0.012377 0.011375
0.012327 0.009824
0.012343 0.009301
0.012339 0.011681
0.012308 0.009118
0.012281 0.005076
0.012280 0.009636
0.012262 0.008629
0.012213 0.003882
0.012156 0.005873
0.012146 0.004071
0.012086 0.005075
0.011946 0.003843
0.011900 0.007857
0.011835 0.009116
0.011677 0.010583
0.011561 0.013523
0.011412 0.010216
0.011286 0.015851
0.011138 0.013162
0.011073 0.013922
0.011034 0.010941
0.011025 0.011832
0.011075 0.016356
0.011058 0.012290
0.011153 0.013137
0.011193 0.010829
0.011247 0.016042
0.011241 0.013558
0.011253 0.013578
0.011355 0.011249
0.011373 0.010835
0.011408 0.014032
0.011397 0.013381
0.011489 0.011076
0.011530 0.011456
0.011571 0.013304
0.011565 0.013005
0.011550 0.011326
0.011600 0.010996
0.011635 0.012563
0.011624 0.012599
0.011621 0.010910
0.011654 0.011123
0.011681 0.012740
0.011674 0.012640
0.011660 0.011000
0.011678 0.011215
0.011697 0.012342
0.011681 0.011332
0.011670 0.011807
0.011691 0.011416
0.011710 0.012540
0.011696 0.009619
0.011686 0.013216
0.011699 0.011403
0.011692 0.013239
0.011694 0.011363
0.011689 0.013585
0.011706 0.010774
0.011664 0.014014
0.011695 0.010525
0.011689 0.014778
0.011720 0.013121
0.011713 0.009865
0.011750 0.010351
0.011731 0.014656
0.011776 0.012695
0.011751 0.009932
0.011812 0.010236
0.011838 0.012286
0.011798 0.011524
0.011770 0.009888
0.011827 0.010426
0.011844 0.014376
0.011806 0.012362
0.011775 0.012229
0.011785 0.011686
0.011780 0.011545
0.011742 0.012883
0.011716 0.012108
0.011769 0.012077
0.011781 0.012339
0.011790 0.011825
0.011788 0.012557
0.011783 0.009931
0.011805 0.012426
0.011811 0.012569
0.011816 0.010691
0.011827 0.011036
0.011827 0.012563
0.011841 0.012488
0.011803 0.011109
0.011815 0.010683
0.011830 0.012111
0.011808 0.012067
0.011792 0.010609
0.011808 0.011138
0.011821 0.011298
0.011807 0.011589
0.011785 0.010197
0.011791 0.014289
0.011797 0.012302
0.011773 0.013403
0.011760 0.011637
0.011751 0.012985
0.011748 0.012016
0.011717 0.013824
0.011768 0.012538
0.011779 0.015875
0.011811 0.011967
0.011808 0.016031
0.011831 0.017984
0.011835 0.020676
0.011874 0.019261
0.011888 0.015505
0.011967 0.016165
0.011967 0.020335
0.012048 0.018007
0.012166 0.015391
0.012335 0.014659
0.012473 0.017829
0.012534 0.017954
0.012606 0.014928
0.012760 0.014767
0.012864 0.011858
0.012914 0.010845
0.012949 0.012626
0.013046 0.010599
0.013144 0.010656
0.013179 0.014720
0.013211 0.014258
0.013184 0.014028
0.013137 0.012662
0.013127 0.015064
0.013077 0.014726
0.013029 0.012600
0.013062 0.012000
0.013086 0.015122
0.013105 0.013205
0.013096 0.013361
0.013135 0.013277
0.013167 0.012607
0.013156 0.014513
0.013133 0.011988
0.013172 0.012376
0.013173 0.015685
0.013177 0.013913
0.013179 0.011594
0.013167 0.010650
0.013194 0.013436
0.013170 0.013835
0.013154 0.011615
0.013205 0.015149
0.013219 0.012191
0.013186 0.011945
0.013136 0.010550
0.013142 0.010898
0.013156 0.013841
0.013125 0.011848
0.013165 0.010641
0.013146 0.010046
0.013122 0.013774
0.013071 0.011367
0.013028 0.009192
0.013044 0.009692
0.013020 0.013351
0.012973 0.011674
0.012914 0.009396
0.012932 0.010297
0.012900 0.013314
0.012827 0.011617
0.012764 0.010040
0.012776 0.009507
0.012754 0.012280
0.012687 0.009346
0.012640 0.005171
0.012653 0.003683
0.012632 0.008871
0.012581 0.009530
0.012520 0.005069
0.012515 0.005823
0.012452 0.005118
0.012307 0.009008
0.012135 0.007266
0.012070 0.014029
0.012020 0.007131
0.011881 0.015138
0.011761 0.007096
0.011629 0.017090
0.011577 0.010441
0.011491 0.008133
0.011541 0.007828
0.011453 0.016117
0.011527 0.008834
0.011439 0.007413
0.011551 0.007902
0.011529 0.016328
0.011461 0.009698
0.011389 0.007385
0.011483 0.008036
0.011431 0.016262
0.011351 0.010512
0.011282 0.007072
0.011382 0.008214
0.011349 0.015876
0.011270 0.010404
0.011206 0.007376
0.011306 0.007811
0.011290 0.015213
0.011206 0.010578
0.011147 0.007595
0.011241 0.007519
0.011224 0.014768
0.011148 0.010383
0.011081 0.007299
0.011164 0.007388
0.011152 0.011073
0.011081 0.009580
0.011010 0.007213
0.011085 0.008132
0.011071 0.014988
0.010996 0.006873
0.010924 0.006977
0.010927 0.013986
0.010900 0.010577
0.010827 0.008086
0.010773 0.007877
0.010857 0.014434
0.010778 0.010840
0.010702 0.008805
0.010768 0.008953
0.010764 0.013994
0.010711 0.010051
0.010654 0.007807
0.010729 0.007689
0.010732 0.013901
0.010693 0.010280
0.010659 0.008141
0.010725 0.007855
0.010712 0.010980
0.010654 0.009277
0.010595 0.009167
0.010661 0.008571
0.010653 0.007808
0.010603 0.012759
0.010548 0.009746
0.010557 0.009725
0.010531 0.014596
0.010504 0.012376
0.010466 0.009274
0.010413 0.009305
0.010460 0.015092
0.010445 0.011937
0.010431 0.009232
0.010514 0.009010
0.010551 0.014553
0.010526 0.010803
0.010501 0.009031
0.010593 0.008516
0.010619 0.014177
0.010592 0.011114
0.010560 0.008448
0.010640 0.008492
0.010643 0.013572
0.010611 0.010727
0.010569 0.008329
0.010641 0.008619
0.010650 0.013883
0.010607 0.010992
0.010565 0.008066
0.010624 0.008291
0.010626 0.013355
0.010581 0.011097
0.010542 0.008200
0.010608 0.008685
0.010616 0.011113
0.010565 0.010057
0.010520 0.009152
0.010576 0.009129
0.010587 0.008883
0.010539 0.022145
0.010502 0.013709
0.010514 0.010679
0.010505 0.007485
0.010478 0.007687
0.010452 0.015935
0.010420 0.011004
0.010654 0.008112
0.010714 0.008005
0.010714 0.014265
0.010649 0.007905
0.010591 0.014791
0.010697 0.010389
0.010703 0.007909
0.010651 0.007810
0.010599 0.014096
0.010672 0.007981
0.010617 0.015209
0.010700 0.010004
0.010694 0.007862
0.010638 0.007740
0.010582 0.014250
0.010652 0.009988
0.010599 0.007792
0.010690 0.007745
0.010677 0.013415
0.010621 0.008217
0.010563 0.012925
0.010637 0.009671
0.010624 0.007691
0.010568 0.007599
0.010511 0.010279
0.010569 0.007974
0.010522 0.020124
0.010570 0.013227
0.010552 0.011990
0.010495 0.008825
0.010438 0.008561
0.010435 0.014420
0.010386 0.011659
0.010579 0.008254
0.010632 0.008208
0.010659 0.014242
0.010623 0.011438
0.010582 0.008268
0.010658 0.007959
0.010678 0.013950
0.010630 0.010974
0.010581 0.008067
0.010654 0.008164
0.010670 0.013916
0.010622 0.011394
0.010569 0.008252
0.010636 0.008433
0.010643 0.013778
0.010592 0.011270
0.010544 0.008056
0.010611 0.008303
0.010626 0.013817
0.010579 0.011060
0.010536 0.008497
0.010601 0.008442
0.010614 0.013836
0.010563 0.010843
0.010518 0.007999
0.010584 0.007885
0.010593 0.013731
0.010552 0.011229
0.010510 0.007839
0.010576 0.008048
0.010581 0.013699
0.010530 0.011232
0.010477 0.008448
0.010542 0.007782
0.010556 0.013624
0.010501 0.011295
0.010453 0.008061
0.010517 0.008477
0.010532 0.013571
0.010490 0.011353
0.010436 0.008180
0.010500 0.008488
0.010515 0.013049
0.010467 0.011337
0.010427 0.007834
0.010490 0.008375
0.010507 0.006750
0.010460 0.009938
0.010421 0.007908
0.010474 0.008075
0.010491 0.008170
0.010438 0.007839
0.010397 0.007488
0.010324 0.007627
0.010317 0.006607
0.010269 0.007522
0.010225 0.007328
0.010184 0.007789
0.010137 0.006680
0.010085 0.006563
0.010036 0.006649
0.009968 0.006553
0.009919 0.006554
0.009867 0.006028
0.009826 0.006438
0.009763 0.006376
0.009700 0.005897
0.009639 0.006470
0.009578 0.006478
0.009517 0.006480
0.009448 0.005475
0.009388 0.005657
0.009328 0.006097
0.009260 0.006095
0.009204 0.005432
0.009150 0.005650
0.009097 0.006149
0.009025 0.023305
0.008958 0.009752
0.008901 0.007409
0.008845 0.011796
0.008777 0.009851
0.008715 0.006561
0.008664 0.007301
0.008955 0.010992
0.008971 0.011049
0.008940 0.009621
0.008997 0.009384
0.009014 0.009882
0.008965 0.008003
0.008932 0.017709
0.008973 0.013093
0.009014 0.011709
0.009026 0.009647
0.009033 0.009375
0.009050 0.015239
0.009029 0.012347
0.009202 0.008769
0.009280 0.009303
0.009328 0.014754
0.009334 0.011968
0.009335 0.009598
0.009453 0.009466
0.009510 0.014890
0.009495 0.011846
0.009492 0.009988
0.009596 0.010300
0.009644 0.014558
0.009643 0.011859
0.009639 0.008652
0.009744 0.009708
0.009785 0.014567
0.009789 0.012927
0.009800 0.010282
0.009894 0.010334
0.009933 0.014260
0.009908 0.012660
0.009904 0.010157
0.009997 0.010410
0.010055 0.006733
0.010060 0.011111
0.010065 0.009485
0.010148 0.008338
0.010198 0.008120
0.010198 0.007835
0.010202 0.007593
0.010133 0.007587
0.010152 0.006589
0.010139 0.007251
0.010103 0.006902
0.010064 0.007047
0.010019 0.006509
0.009971 0.006461
0.009924 0.006664
0.009857 0.006447
0.009805 0.006379
0.009748 0.006492
0.009694 0.006872
0.009631 0.006610
0.009567 0.006474
0.009510 0.006255
0.009449 0.006570
0.009388 0.006980
0.009330 0.006355
0.009281 0.007018
0.009228 0.006522
0.009173 0.006276
0.009115 0.005944
0.009064 0.009889
0.009023 0.010818
0.008970 0.010979
0.008931 0.012058
0.008883 0.012819
0.008831 0.011272
0.008774 0.010271
0.008796 0.012308
0.008836 0.012497
0.008879 0.010267
0.008942 0.010549
0.009019 0.011841
0.009064 0.012839
0.009088 0.010553
0.009152 0.010553
0.009219 0.011833
0.009240 0.012710
0.009266 0.010453
0.009317 0.010349
0.009387 0.011509
0.009410 0.012893
0.009433 0.010056
0.009481 0.010801
0.009545 0.014554
0.009563 0.008045
0.009579 0.009785
0.009617 0.015096
0.009682 0.013096
0.009690 0.010455
0.009712 0.011141
0.009808 0.013852
0.009773 0.011770
0.009773 0.015297
0.009879 0.014398
0.009943 0.011757
0.009953 0.012183
0.009977 0.014309
0.010054 0.014552
0.010088 0.011997
0.010192 0.012193
0.010276 0.012987
0.010305 0.011663
0.010343 0.007158
0.010421 0.011425
0.010504 0.011218
0.010533 0.008248
0.010566 0.007946
0.010615 0.007470
0.010635 0.007654
0.010566 0.006836
0.010583 0.006953
0.010596 0.007471
0.010549 0.007746
0.010497 0.006750
0.010437 0.006361
0.010382 0.006479
0.010311 0.006268
0.010244 0.005573
0.010189 0.005604
0.010141 0.006669
0.010073 0.006536
0.009999 0.006426
0.009929 0.005906
0.009856 0.006176
0.009771 0.006580
0.009688 0.005748
0.009628 0.006515
0.009567 0.006405
0.009504 0.006263
0.009432 0.005517
0.009368 0.005950
0.009312 0.030557
0.009241 0.018183
0.009187 0.013254
0.009132 0.010910
0.009075 0.011420
0.009004 0.019021
0.008943 0.013159
0.009373 0.010470
0.009548 0.011486
0.009622 0.018412
0.009648 0.013266
0.009683 0.011744
0.009869 0.011483
0.009934 0.016361
0.009945 0.013369
0.009976 0.011175
0.010144 0.011428
0.010206 0.011513
0.010236 0.012844
0.010261 0.011461
0.010383 0.011832
0.010442 0.017598
0.010457 0.013647
0.010476 0.011497
0.010497 0.011115
0.010543 0.010738
0.010562 0.014056
0.010587 0.011723
0.010726 0.010697
0.010784 0.010546
0.010799 0.013824
0.010805 0.011686
0.010804 0.010615
0.010868 0.010365
0.010885 0.012637
0.010882 0.011280
0.010875 0.010334
0.010934 0.010309
0.010949 0.011176
0.010942 0.012518
0.010930 0.010638
0.010964 0.010856
0.010971 0.013810
0.010958 0.013530
0.010945 0.012988
0.010950 0.011559
0.010981 0.011468
0.010974 0.014467
0.010972 0.013531
0.011028 0.010680
0.011078 0.011297
0.011116 0.012375
0.011125 0.013380
0.011132 0.011216
0.011198 0.011844
0.011244 0.010974
0.011233 0.010056
0.011234 0.009483
0.011257 0.010467
0.011299 0.010537
0.011298 0.010497
0.011309 0.012376
0.011302 0.011049
0.011277 0.011722
0.011241 0.012379
0.011226 0.012473
0.011212 0.013330
0.011198 0.011754
0.011222 0.011296
0.011218 0.013154
0.011228 0.012990
0.011251 0.011075
0.011275 0.011081
0.011316 0.013477
0.011325 0.012629
0.011324 0.010634
0.011361 0.009886
0.011393 0.013255
0.011387 0.012917
0.011381 0.010236
0.011423 0.010818
0.011447 0.010419
0.011430 0.011575
0.011400 0.010534
0.011437 0.007694
0.011466 0.011862
0.011442 0.009148
0.011429 0.009448
0.011409 0.013717
0.011412 0.011225
0.011395 0.008752
0.011321 0.008736
0.011332 0.013100
0.011288 0.011029
0.011252 0.008372
0.011301 0.009043
0.011299 0.012339
0.011249 0.011708
0.011199 0.008718
0.011237 0.008711
0.011232 0.012741
0.011175 0.011622
0.011133 0.008980
0.011157 0.013061
0.011168 0.011710
0.011119 0.008888
0.011071 0.009431
0.011105 0.013186
0.011115 0.012518
0.011072 0.009850
0.011112 0.010665
0.011124 0.012545
0.011079 0.011314
0.011047 0.012310
0.011089 0.011026
0.011118 0.012349
0.011092 0.013294
0.011084 0.011089
0.011113 0.010919
0.011117 0.011243
0.011141 0.010580
0.011138 0.011097
0.011162 0.010361
0.011205 0.011961
0.011203 0.011630
0.011197 0.012232
0.011198 0.011583
0.011186 0.012713
0.011184 0.011357
0.011167 0.013909
0.011183 0.012942
0.011192 0.010591
0.011213 0.009700
0.011220 0.013634
0.011250 0.011817
0.011252 0.008658
0.011305 0.008985
0.011337 0.012501
0.011323 0.009440
0.011290 0.013366
0.011337 0.012878
0.011347 0.009366
0.011293 0.010185
0.011247 0.012503
0.011272 0.010989
0.011236 0.009913
0.011278 0.009692
0.011310 0.013967
0.011271 0.010239
0.011250 0.011703
0.011274 0.014162
0.011269 0.013198
0.011242 0.010428
0.011211 0.011216
0.011266 0.013578
0.011245 0.011641
0.011254 0.010990
0.011312 0.010072
0.011350 0.014316
0.011332 0.014454
0.011329 0.012604
0.011374 0.012168
0.011379 0.014722
0.011372 0.014944
0.011346 0.012508
0.011405 0.012335
0.011465 0.014402
0.011488 0.014631
0.011502 0.012523
0.011566 0.012159
0.011633 0.014572
0.011650 0.010020
0.011664 0.012115
0.011719 0.013992
0.011776 0.013853
0.011791 0.013928
0.011799 0.012123
0.011854 0.013576
0.011817 0.014275
0.011823 0.013378
0.011866 0.012278
0.011906 0.013308
0.011946 0.015972
0.011950 0.013234
0.011982 0.013675
0.012028 0.012822
0.012055 0.014280
0.012059 0.017024
0.012084 0.009131
0.012161 0.010769
0.012183 0.016453
0.012212 0.013560
0.012224 0.011823
0.012265 0.012497
0.012360 0.016345
0.012296 0.014531
0.012265 0.012516
0.012349 0.012514
0.012373 0.016460
0.012362 0.014578
0.012365 0.012216
0.012444 0.012359
0.012485 0.016481
0.012486 0.013203
0.012486 0.012154
0.012566 0.011506
0.012606 0.016077
0.012598 0.013852
0.012593 0.012207
0.012670 0.011622
0.012681 0.014436
0.012671 0.014152
0.012647 0.011580
0.012716 0.011981
0.012738 0.011372
0.012728 0.028946
0.012706 0.016395
0.012740 0.011819
0.012768 0.019542
0.012745 0.010140
0.012729 0.018237
0.012702 0.014533
0.013026 0.012248
0.013093 0.011307
0.013067 0.015485
0.013196 0.011377
0.013135 0.015614
0.013237 0.014173
0.013263 0.011821
0.013242 0.010987
0.013204 0.011208
0.013249 0.011765
0.013212 0.012759
0.013260 0.011699
0.013278 0.010811
0.013249 0.009525
0.013204 0.009165
0.013164 0.012556
0.013136 0.011021
0.013129 0.009148
0.013100 0.009104
0.013055 0.012873
0.012985 0.009793
0.012909 0.008930
0.012902 0.008558
0.012864 0.012836
0.012790 0.010235
0.012717 0.009148
0.012720 0.009141
0.012662 0.011972
0.012588 0.010031
0.012507 0.008790
0.012514 0.008609
0.012469 0.012630
0.012402 0.010486
0.012338 0.008395
0.012330 0.008402
0.012285 0.008770
0.012215 0.037745
0.012143 0.016461
0.012153 0.007614
0.012120 0.021151
0.012046 0.014373
0.011973 0.010563
0.011909 0.011311
0.012423 0.022391
0.012504 0.014790
0.012407 0.010936
0.012581 0.008711
0.012616 0.021792
0.012575 0.014710
0.012550 0.010130
0.012746 0.009499
0.012787 0.020736
0.012750 0.014362
0.012669 0.010063
0.012851 0.010492
0.012888 0.019035
0.012833 0.014957
0.012767 0.009121
0.012925 0.010021
0.012954 0.015023
0.012896 0.010591
0.012849 0.011930
0.012972 0.012839
0.013011 0.010927
0.012934 0.012902
0.012876 0.015467
0.012919 0.014847
0.012872 0.014235
0.012853 0.014611
0.012853 0.013691
0.012815 0.016099
0.012817 0.014535
0.012869 0.013485
0.012909 0.014359
0.012935 0.015366
0.012968 0.014224
0.012983 0.015093
0.013045 0.014704
0.013075 0.013905
0.013083 0.015128
0.013108 0.016160
0.013153 0.014320
0.013174 0.014141
0.013213 0.015219
0.013242 0.014540
0.013255 0.012915
0.013293 0.014042
0.013350 0.014227
0.013369 0.014931
0.013384 0.013779
0.013421 0.014133
0.013443 0.012861
0.013433 0.012948
0.013445 0.013935
0.013460 0.013136
0.013490 0.012549
0.013495 0.017469
0.013508 0.012860
0.013495 0.016451
0.013484 0.013261
0.013493 0.017179
0.013486 0.012034
0.013468 0.016360
0.013547 0.013577
0.013533 0.013700
0.013592 0.015906
0.013585 0.009415
0.013657 0.011954
0.013624 0.011247
0.013679 0.012490
0.013677 0.011218
0.013677 0.011447
0.013721 0.011141
0.013636 0.012714
0.013602 0.010508
0.013555 0.011766
0.013534 0.010662
0.013488 0.011728
0.013448 0.010388
0.013402 0.012306
0.013388 0.010464
0.013331 0.012788
0.013299 0.012052
0.013247 0.011795
0.013217 0.015568
0.013160 0.011811
0.013143 0.014718
0.013090 0.011566
0.013084 0.015033
0.013064 0.012836
0.013038 0.012298
0.013089 0.013149
0.013063 0.012615
0.013096 0.014777
0.013066 0.011256
0.013105 0.011013
0.013100 0.012565
0.013084 0.011985
0.013085 0.011312
0.013076 0.013232
0.013109 0.011626
0.013073 0.011517
0.013032 0.011918
0.013022 0.011184
0.013002 0.011244
0.012968 0.010843
0.012973 0.011053
0.012946 0.014509
0.012918 0.016270
0.012898 0.018786
0.012864 0.018245
0.012832 0.011387
0.012792 0.025099
0.012758 0.020349
0.012792 0.019276
0.012862 0.012989
0.012980 0.011212
0.013084 0.013585
0.013051 0.012647
0.013290 0.014278
0.013431 0.012768
0.013547 0.012106
0.013536 0.015568
0.013490 0.012870
0.013492 0.013001
0.013475 0.012409
0.013491 0.012545
0.013476 0.011282
0.013449 0.013342
0.013491 0.011878
0.013479 0.012815
0.013469 0.015719
0.013448 0.013925
0.013430 0.012001
0.013388 0.012342
0.013387 0.016399
0.013357 0.013052
0.013346 0.012242
0.013393 0.011434
0.013404 0.011741
0.013376 0.011551
0.013355 0.014713
0.013416 0.013258
0.013409 0.010001
0.013385 0.011043
0.013347 0.014977
0.013315 0.014077
0.013279 0.011469
0.013308 0.012132
0.013307 0.015902
0.013241 0.014948
0.013197 0.012032
0.013233 0.012478
0.013250 0.016244
0.013214 0.015568
0.013193 0.012076
0.013247 0.012811
0.013280 0.016519
0.013256 0.015847
0.013240 0.012770
0.013300 0.012870
0.013345 0.016792
0.013320 0.015975
0.013310 0.013185
0.013374 0.013222
0.013423 0.016705
0.013410 0.015896
0.013399 0.012028
0.013467 0.013259
0.013516 0.016743
0.013510 0.015917
0.013504 0.012930
0.013568 0.013182
0.013614 0.016479
0.013583 0.015754
0.013576 0.012653
0.013639 0.012154
0.013685 0.016432
0.013670 0.015222
0.013660 0.012249
0.013716 0.012475
0.013756 0.016530
0.013735 0.015411
0.013703 0.012004
0.013757 0.012354
0.013787 0.016613
0.013756 0.015188
0.013730 0.011980
0.013786 0.011170
0.013818 0.016529
0.013782 0.015179
0.013754 0.011751
0.013811 0.011914
0.013838 0.016168
0.013801 0.014930
0.013749 0.011786
0.013804 0.012055
0.013832 0.015769
0.013790 0.015277
0.013753 0.012667
0.013801 0.011887
0.013823 0.016260
0.013783 0.015206
0.013748 0.011917
0.013789 0.012053
0.013818 0.016417
0.013795 0.015051
0.013757 0.011747
0.013807 0.011872
0.013835 0.016283
0.013797 0.014914
0.013762 0.011384
0.013815 0.011864
0.013840 0.015605
0.013798 0.014921
0.013760 0.011659
0.013810 0.011745
0.013832 0.014921
0.013783 0.014968
0.013745 0.011496
0.013782 0.011523
0.013805 0.005638
0.013762 0.003848
0.013722 0.010086
0.013746 0.003876
0.013770 0.005658
0.013725 0.005681
0.013681 0.005026
0.013521 0.005423
0.013328 0.006192
0.013264 0.004491
0.013077 0.006006
0.012929 0.005285
0.012785 0.007699
0.012631 0.007045
0.012487 0.005225
0.012362 0.005423
0.012205 0.007813
0.012082 0.005965
0.011947 0.005525
0.011862 0.006138
0.011766 0.008073
0.011636 0.006470
0.011513 0.005176
0.011439 0.005524
0.011330 0.005784
0.011214 0.009635
0.011113 0.005859
0.011053 0.007553
0.010962 0.007103
0.010847 0.006340
0.010741 0.006282
0.010642 0.006128
0.010622 0.006923
0.010527 0.006866
0.010468 0.006229
0.010401 0.005849
0.010320 0.006366
0.010240 0.006504
0.010158 0.005975
0.010094 0.006347
0.010029 0.007445
0.009954 0.006241
0.009872 0.006343
0.009802 0.005939
0.009737 0.006485
0.009662 0.007080
0.009596 0.006251
0.009553 0.006368
0.009487 0.006382
0.009425 0.006863
0.009355 0.006277
0.009298 0.006362
0.009254 0.006865
0.009194 0.007196
0.009138 0.006522
0.009083 0.006751
0.009039 0.006211
0.008984 0.006314
0.008932 0.006383
0.008891 0.006380
0.008857 0.006259
0.008811 0.007290
0.008770 0.006355
0.008719 0.006509
0.008671 0.006453
0.008625 0.006342
0.008581 0.007178
0.008534 0.008102
0.008510 0.007398
0.008467 0.009754
0.008428 0.006606
0.008388 0.006081
0.008348 0.005272
0.008324 0.005810
0.008320 0.007160
0.008302 0.006105
0.008331 0.005404
0.008296 0.005317
0.008252 0.007056
0.008193 0.006756
0.008145 0.005394
0.008126 0.005343
0.008086 0.006889
0.008032 0.006939
0.007978 0.005496
0.007960 0.005396
0.007936 0.007192
0.007885 0.007076
0.007835 0.005896
0.007816 0.005913
0.007798 0.007473
0.007753 0.006890
0.007706 0.005393
0.007696 0.005374
0.007683 0.006837
0.007648 0.006417
0.007613 0.005320
0.007610 0.005345
0.007596 0.006997
0.007552 0.006797
0.007509 0.005311
0.007495 0.006081
0.007474 0.006270
0.007431 0.007109
0.007390 0.006773
0.007382 0.006368
0.007370 0.006518
0.007329 0.004962
0.007304 0.004969
0.007284 0.005211
0.007280 0.005345
0.007270 0.005673
0.007252 0.005714
