0.030928 0.030928
0.048675 0.017747
0.067429 0.018754
0.087333 0.019904
0.107331 0.019998
0.127362 0.020031
0.147366 0.020004
0.167330 0.019964
0.187335 0.020005
0.207332 0.019997
0.227366 0.020034
0.247369 0.020003
0.267327 0.019958
0.287333 0.020006
0.307302 0.019969
0.327367 0.020065
0.347366 0.019999
0.367329 0.019963
0.387326 0.019997
0.407333 0.020007
0.427367 0.020034
0.447361 0.019994
0.467329 0.019968
0.487331 0.020002
0.507333 0.020002
0.527363 0.020030
0.547363 0.020000
0.567325 0.019962
0.587325 0.020000
0.607365 0.020040
0.627366 0.020001
0.647362 0.019996
0.667368 0.020006
0.687364 0.019996
0.707345 0.019981
0.727331 0.019986
0.747305 0.019974
0.767367 0.020062
0.787424 0.020057
0.807296 0.019872
0.827289 0.019993
0.847337 0.020048
0.867335 0.019998
0.887336 0.020001
0.908110 0.020774
0.927337 0.019227
0.947336 0.019999
0.967336 0.020000
0.987337 0.020001
1.008001 0.020664
1.027288 0.019287
1.047569 0.020281
1.067336 0.019767
1.087289 0.019953
1.107336 0.020047
1.127679 0.020343
1.147338 0.019659
1.170456 0.023118
1.200637 0.030181
1.211808 0.011171
1.231009 0.019201
1.247287 0.016278
1.267335 0.020048
1.287421 0.020086
1.307336 0.019915
1.327289 0.019953
1.347288 0.019999
1.367336 0.020048
1.387334 0.019998
1.407288 0.019954
1.427336 0.020048
1.447335 0.019999
1.467289 0.019954
1.487336 0.020047
1.507289 0.019953
1.527335 0.020046
1.547338 0.020003
1.567341 0.020003
1.587336 0.019995
1.607289 0.019953
1.627289 0.020000
1.647331 0.020042
1.667343 0.020012
1.687338 0.019995
1.707335 0.019997
1.727399 0.020064
1.747295 0.019896
1.767336 0.020041
1.787337 0.020001
1.807290 0.019953
1.839110 0.031820
1.867333 0.028223
1.889102 0.021769
1.907334 0.018232
1.927339 0.020005
1.947335 0.019996
1.967288 0.019953
1.987335 0.020047
2.008724 0.021389
2.027296 0.018572
2.047339 0.020043
2.067289 0.019950
2.087336 0.020047
2.107335 0.019999
2.127336 0.020001
2.147342 0.020006
2.167336 0.019994
2.187337 0.020001
2.207336 0.019999
2.227336 0.020000
2.247335 0.019999
2.269602 0.022267
2.287336 0.017734
2.312733 0.025397
2.327342 0.014609
2.384713 0.057371
2.405516 0.020803
2.421986 0.016470
2.447330 0.025344
2.472639 0.025309
2.504636 0.031997
2.525439 0.020803
2.535987 0.010548
2.617448 0.081461
2.652640 0.035192
2.668192 0.015552
2.687335 0.019143
2.728623 0.041288
2.747337 0.018714
2.767332 0.019995
2.792086 0.024754
2.808693 0.016607
2.827336 0.018643
2.847335 0.019999
2.867336 0.020001
2.896622 0.029286
2.912410 0.015788
2.927287 0.014877
2.949808 0.022521
2.967334 0.017526
2.988082 0.020748
3.007339 0.019257
3.027507 0.020168
3.047336 0.019829
3.067335 0.019999
3.089338 0.022003
3.107335 0.017997
3.127289 0.019954
3.147337 0.020048
3.167337 0.020000
3.187335 0.019998
3.207335 0.020000
3.227335 0.020000
3.247337 0.020002
3.267336 0.019999
3.287290 0.019954
3.307336 0.020046
3.327338 0.020002
3.347342 0.020004
3.367335 0.019993
3.398869 0.031534
3.409643 0.010774
3.429244 0.019601
3.447337 0.018093
3.467292 0.019955
3.487339 0.020047
3.507337 0.019998
3.527335 0.019998
3.549693 0.022358
3.568569 0.018876
3.593907 0.025338
3.607336 0.013429
3.627337 0.020001
3.652716 0.025379
3.687333 0.034617
3.707335 0.020002
3.727334 0.019999
3.747333 0.019999
3.804645 0.057312
3.844639 0.039994
3.855299 0.010660
3.892636 0.037337
3.916707 0.024071
3.930238 0.013531
3.947468 0.017230
3.967336 0.019868
3.987334 0.019998
4.012923 0.025589
4.029136 0.016213
4.048197 0.019061
4.067336 0.019139
4.087337 0.020001
4.107336 0.019999
4.127336 0.020000
4.147337 0.020001
4.167337 0.020000
4.187336 0.019999
4.207336 0.020000
4.227336 0.020000
4.247336 0.020000
4.267336 0.020000
4.287336 0.020000
4.307334 0.019998
4.336637 0.029303
4.351387 0.014750
4.384793 0.033406
4.409641 0.024848
4.427335 0.017694
4.447336 0.020001
4.467328 0.019992
4.487340 0.020012
4.507346 0.020006
4.527344 0.019998
4.547309 0.019965
4.567346 0.020037
4.587346 0.020000
4.607338 0.019992
4.627343 0.020005
4.647334 0.019991
4.683201 0.035867
4.700622 0.017421
4.711494 0.010872
4.736646 0.025152
4.751490 0.014844
4.782600 0.031110
4.813654 0.031054
4.832612 0.018958
4.855287 0.022675
4.867337 0.012050
4.893800 0.026463
4.930116 0.036316
4.961101 0.030985
4.976664 0.015563
4.987339 0.010675
5.046698 0.059359
5.057011 0.010313
5.068262 0.011251
5.091795 0.023533
5.138689 0.046894
5.163024 0.024335
5.187334 0.024310
5.207366 0.020032
5.227334 0.019968
5.247339 0.020005
5.267584 0.020245
5.294747 0.027163
5.308343 0.013596
5.327480 0.019137
5.347338 0.019858
5.367345 0.020007
5.387343 0.019998
5.407347 0.020004
5.427336 0.019989
5.447343 0.020007
5.467346 0.020003
5.487338 0.019992
5.508482 0.021144
5.527345 0.018863
5.547344 0.019999
5.567338 0.019994
5.587342 0.020004
5.607337 0.019995
5.668641 0.061304
5.687339 0.018698
5.707335 0.019996
5.727338 0.020003
5.747335 0.019997
5.778122 0.030787
5.807332 0.029210
5.827337 0.020005
5.847344 0.020007
5.869459 0.022115
5.892528 0.023069
5.907334 0.014806
5.929631 0.022297
5.947339 0.017708
5.967345 0.020006
5.988120 0.020775
6.009239 0.021119
6.030112 0.020873
6.047344 0.017232
6.067611 0.020267
6.087337 0.019726
6.107343 0.020006
6.127345 0.020002
6.147344 0.019999
6.167298 0.019954
6.187336 0.020038
6.210370 0.023034
6.233693 0.023323
6.267335 0.033642
6.287337 0.020002
6.307343 0.020006
6.327343 0.020000
6.347343 0.020000
6.367303 0.019960
6.388316 0.021013
6.407348 0.019032
6.427297 0.019949
6.447343 0.020046
6.467343 0.020000
6.487344 0.020001
6.507345 0.020001
6.527343 0.019998
6.547341 0.019998
6.567348 0.020007
6.587344 0.019996
6.607339 0.019995
6.627337 0.019998
6.652819 0.025482
6.668403 0.015584
6.687339 0.018936
6.709366 0.022027
6.727348 0.017982
6.747461 0.020113
6.768378 0.020917
6.787346 0.018968
6.807343 0.019997
6.827339 0.019996
6.847343 0.020004
6.867334 0.019991
6.897095 0.029761
6.907341 0.010246
6.927339 0.019998
6.947341 0.020002
7.029748 0.082407
7.047335 0.017587
7.067336 0.020001
7.087334 0.019998
7.138696 0.051362
7.153830 0.015134
7.172211 0.018381
7.188068 0.015857
7.207333 0.019265
7.227341 0.020008
7.247345 0.020004
7.267339 0.019994
7.292561 0.025222
7.307344 0.014783
7.354423 0.047079
7.370668 0.016245
7.400646 0.029978
7.431553 0.030907
7.451040 0.019487
7.467336 0.016296
7.496617 0.029281
7.507342 0.010725
7.530987 0.023645
7.547343 0.016356
7.567344 0.020001
7.587346 0.020002
7.607344 0.019998
7.627345 0.020001
7.647335 0.019990
7.669672 0.022337
7.687346 0.017674
7.707340 0.019994
7.727338 0.019998
7.747343 0.020005
7.816653 0.069310
7.829640 0.012987
7.847340 0.017700
7.872622 0.025282
7.887340 0.014718
7.952638 0.065298
7.972773 0.020135
7.992245 0.019472
8.007334 0.015089
8.027333 0.019999
8.047342 0.020009
8.067344 0.020002
8.087455 0.020111
8.136636 0.049181
8.167549 0.030913
8.188489 0.020940
8.207335 0.018846
8.244630 0.037295
8.254360 0.009730
8.268374 0.014014
8.287344 0.018970
8.307339 0.019995
8.327337 0.019998
8.347345 0.020008
8.367333 0.019988
8.387338 0.020005
8.407293 0.019955
8.454699 0.047406
8.469541 0.014842
8.487332 0.017791
8.507338 0.020006
8.527334 0.019996
8.547343 0.020009
8.567296 0.019953
8.587344 0.020048
8.607342 0.019998
8.627341 0.019999
8.647344 0.020003
8.667341 0.019997
8.687345 0.020004
8.707341 0.019996
8.727348 0.020007
8.747334 0.019986
8.767337 0.020003
8.787333 0.019996
8.848637 0.061304
8.867333 0.018696
8.887337 0.020004
8.907333 0.019996
8.927336 0.020003
8.947346 0.020010
8.967301 0.019955
8.987344 0.020043
9.007345 0.020001
9.027344 0.019999
9.047336 0.019992
9.067336 0.020000
9.087339 0.020003
9.107311 0.019972
9.127340 0.020029
9.147345 0.020005
9.167336 0.019991
9.187346 0.020010
9.207345 0.019999
9.227344 0.019999
9.247340 0.019996
9.267345 0.020005
9.287336 0.019991
9.338700 0.051364
9.348442 0.009742
9.367335 0.018893
9.387334 0.019999
9.407333 0.019999
9.427336 0.020003
9.447337 0.020001
9.467297 0.019960
9.487345 0.020048
9.507334 0.019989
9.527345 0.020011
9.547345 0.020000
9.567297 0.019952
9.587336 0.020039
9.607298 0.019962
9.627345 0.020047
9.647343 0.019998
9.667335 0.019992
9.687300 0.019965
9.707294 0.019994
9.727350 0.020056
9.747334 0.019984
9.767344 0.020010
9.787288 0.019944
9.807286 0.019998
9.827345 0.020059
9.847351 0.020006
9.867343 0.019992
9.887344 0.020001
9.907336 0.019992
9.927337 0.020001
9.947345 0.020008
9.967337 0.019992
9.987346 0.020009
10.007337 0.019991
10.027347 0.020010
10.047345 0.019998
10.067343 0.019998
10.087335 0.019992
10.107290 0.019955
10.127346 0.020056
10.147330 0.019984
10.168151 0.020821
10.187337 0.019186
10.207345 0.020008
10.227342 0.019997
10.247335 0.019993
10.267351 0.020016
10.287348 0.019997
10.307345 0.019997
10.327345 0.020000
10.347336 0.019991
10.367346 0.020010
10.387343 0.019997
10.407349 0.020006
10.427340 0.019991
10.447347 0.020007
10.467344 0.019997
10.487345 0.020001
10.507336 0.019991
10.527336 0.020000
10.547339 0.020003
10.567338 0.019999
10.587344 0.020006
10.607344 0.020000
10.627343 0.019999
10.647336 0.019993
10.667344 0.020008
10.687339 0.019995
10.707340 0.020001
10.727342 0.020002
10.747335 0.019993
10.767334 0.019999
10.787334 0.020000
10.807335 0.020001
