0.010342 0.010342
0.042650 0.032308
0.084318 0.041668
0.126007 0.041689
0.167642 0.041635
0.209340 0.041698
0.251005 0.041665
0.292636 0.041631
0.334336 0.041700
0.376007 0.041671
0.417670 0.041663
0.459298 0.041628
0.500971 0.041673
0.542675 0.041704
0.584337 0.041662
0.625965 0.041628
0.667628 0.041663
0.709337 0.041709
0.751003 0.041666
0.792670 0.041667
0.834336 0.041666
0.875980 0.041644
0.917642 0.041662
0.959306 0.041664
1.000972 0.041666
1.042592 0.041620
1.084307 0.041715
1.125973 0.041666
1.167640 0.041667
1.209306 0.041666
1.250973 0.041667
1.292640 0.041667
1.334306 0.041666
1.375973 0.041667
1.417641 0.041668
1.459305 0.041664
1.500974 0.041669
1.542643 0.041669
1.584307 0.041664
1.625974 0.041667
1.667640 0.041666
1.709310 0.041670
1.750974 0.041664
1.792644 0.041670
1.834306 0.041662
1.875975 0.041669
1.917640 0.041665
1.959306 0.041666
2.000973 0.041667
2.042643 0.041670
2.084306 0.041663
2.125974 0.041668
2.167646 0.041672
2.209306 0.041660
2.250973 0.041667
2.292642 0.041669
2.334306 0.041664
2.375974 0.041668
2.417640 0.041666
2.459306 0.041666
2.500972 0.041666
2.542639 0.041667
2.584305 0.041666
2.625973 0.041668
2.667640 0.041667
2.709307 0.041667
2.750976 0.041669
2.792641 0.041665
2.834307 0.041666
2.875974 0.041667
2.917641 0.041667
2.959306 0.041665
3.000972 0.041666
3.042644 0.041672
3.084309 0.041665
3.125976 0.041667
3.167642 0.041666
3.209360 0.041718
3.250975 0.041615
3.292644 0.041669
3.334308 0.041664
3.375976 0.041668
3.417640 0.041664
3.459307 0.041667
3.500973 0.041666
3.542641 0.041668
3.584307 0.041666
3.625972 0.041665
3.667640 0.041668
3.709305 0.041665
3.750973 0.041668
3.792640 0.041667
3.834306 0.041666
3.875973 0.041667
3.917644 0.041671
3.959307 0.041663
4.000974 0.041667
4.042642 0.041668
4.084306 0.041664
4.125974 0.041668
4.167642 0.041668
4.209307 0.041665
4.250977 0.041670
4.292641 0.041664
4.334306 0.041665
4.375974 0.041668
4.417640 0.041666
4.459307 0.041667
4.500974 0.041667
4.542642 0.041668
4.584307 0.041665
4.625923 0.041616
4.667641 0.041718
4.709306 0.041665
4.750974 0.041668
4.792641 0.041667
4.834308 0.041667
4.875974 0.041666
4.917642 0.041668
4.959307 0.041665
5.000973 0.041666
5.042640 0.041667
5.084308 0.041668
5.125927 0.041619
5.167642 0.041715
5.209306 0.041664
5.250973 0.041667
5.292640 0.041667
5.334310 0.041670
5.375973 0.041663
5.417640 0.041667
5.459256 0.041616
5.500972 0.041716
5.542642 0.041670
5.584309 0.041667
5.625975 0.041666
5.667641 0.041666
5.709311 0.041670
5.750976 0.041665
5.792648 0.041672
5.834309 0.041661
5.875975 0.041666
5.917646 0.041671
5.959308 0.041662
6.000978 0.041670
6.042642 0.041664
6.084265 0.041623
6.125976 0.041711
6.167648 0.041672
6.209311 0.041663
6.250974 0.041663
6.292641 0.041667
6.334307 0.041666
6.375974 0.041667
6.417640 0.041666
6.459306 0.041666
6.500975 0.041669
6.542641 0.041666
6.584306 0.041665
6.625974 0.041668
6.667645 0.041671
6.709310 0.041665
6.750976 0.041666
6.792643 0.041667
6.834310 0.041667
6.875925 0.041615
6.917643 0.041718
6.959257 0.041614
7.000973 0.041716
7.042645 0.041672
7.084307 0.041662
7.125926 0.041619
7.167642 0.041716
7.209308 0.041666
7.250978 0.041670
7.292642 0.041664
7.334307 0.041665
7.375975 0.041668
7.417593 0.041618
7.459306 0.041713
7.500975 0.041669
7.542642 0.041667
7.584306 0.041664
7.625973 0.041667
7.667640 0.041667
7.709306 0.041666
7.750973 0.041667
7.792643 0.041670
7.834306 0.041663
7.875924 0.041618
7.917640 0.041716
7.959309 0.041669
8.000974 0.041665
8.042641 0.041667
8.084309 0.041668
8.125975 0.041666
8.167642 0.041667
8.209310 0.041668
8.250974 0.041664
8.292641 0.041667
8.334307 0.041666
8.375974 0.041667
8.417644 0.041670
8.459307 0.041663
8.500929 0.041622
8.542641 0.041712
8.584309 0.041668
8.625974 0.041665
8.667592 0.041618
8.709262 0.041670
8.750978 0.041716
8.792645 0.041667
8.834312 0.041667
8.875977 0.041665
8.917593 0.041616
8.959308 0.041715
9.000978 0.041670
9.042643 0.041665
9.084308 0.041665
9.125976 0.041668
9.167594 0.041618
9.209308 0.041714
9.250926 0.041618
9.292643 0.041717
9.334309 0.041666
9.375978 0.041669
9.417593 0.041615
9.459307 0.041714
9.500974 0.041667
9.542594 0.041620
9.584307 0.041713
9.625975 0.041668
9.667642 0.041667
9.709308 0.041666
9.750975 0.041667
9.792642 0.041667
9.834309 0.041667
9.875978 0.041669
9.917642 0.041664
9.959310 0.041668
10.000977 0.041667
10.042593 0.041616
10.084308 0.041715
10.125924 0.041616
10.167643 0.041719
10.209308 0.041665
10.250974 0.041666
10.292645 0.041671
10.334308 0.041663
10.375973 0.041665
10.417641 0.041668
10.459259 0.041618
10.500976 0.041717
10.542642 0.041666
10.584311 0.041669
10.625975 0.041664
10.667642 0.041667
10.709310 0.041668
10.750975 0.041665
10.792642 0.041667
10.834307 0.041665
10.875974 0.041667
10.917592 0.041618
10.959310 0.041718
11.000978 0.041668
11.042642 0.041664
11.084307 0.041665
11.125978 0.041671
11.167642 0.041664
11.209307 0.041665
11.250975 0.041668
11.292642 0.041667
11.334308 0.041666
11.375974 0.041666
11.417641 0.041667
11.459305 0.041664
11.500975 0.041670
11.542642 0.041667
11.584307 0.041665
11.625975 0.041668
11.667593 0.041618
11.709307 0.041714
11.750975 0.041668
11.792643 0.041668
11.834307 0.041664
11.875925 0.041618
11.917644 0.041719
11.959259 0.041615
12.000975 0.041716
12.042641 0.041666
12.084307 0.041666
12.125978 0.041671
12.167642 0.041664
12.209261 0.041619
12.250926 0.041665
12.292644 0.041718
12.334310 0.041666
12.375930 0.041620
12.417642 0.041712
12.459308 0.041666
12.500978 0.041670
12.542642 0.041664
12.584313 0.041671
12.625974 0.041661
12.667593 0.041619
12.709308 0.041715
12.750975 0.041667
12.792643 0.041668
12.834311 0.041668
12.875976 0.041665
12.917642 0.041666
12.959308 0.041666
13.000975 0.041667
13.042645 0.041670
13.084260 0.041615
13.125976 0.041716
13.167647 0.041671
13.209311 0.041664
13.250977 0.041666
13.292642 0.041665
13.334308 0.041666
13.375979 0.041671
13.417644 0.041665
13.459308 0.041664
13.500975 0.041667
13.542647 0.041672
13.584311 0.041664
13.625973 0.041662
13.667594 0.041621
13.709313 0.041719
13.750927 0.041614
13.792646 0.041719
13.834313 0.041667
13.875976 0.041663
13.917641 0.041665
13.959308 0.041667
14.000975 0.041667
14.042648 0.041673
14.084310 0.041662
14.125977 0.041667
14.167642 0.041665
14.209309 0.041667
14.250976 0.041667
14.292645 0.041669
14.338449 0.045804
14.375975 0.037526
14.417647 0.041672
14.459308 0.041661
14.500974 0.041666
14.542643 0.041669
14.584313 0.041670
14.625974 0.041661
14.667645 0.041671
14.709307 0.041662
14.750975 0.041668
14.792646 0.041671
14.834306 0.041660
14.875975 0.041669
14.917646 0.041671
14.959310 0.041664
15.000973 0.041663
15.042642 0.041669
15.084308 0.041666
15.125975 0.041667
15.167641 0.041666
15.209307 0.041666
15.250974 0.041667
15.292641 0.041667
15.334258 0.041617
15.375974 0.041716
15.417643 0.041669
15.459307 0.041664
15.500977 0.041670
15.542641 0.041664
15.584306 0.041665
15.625976 0.041670
15.667643 0.041667
15.709308 0.041665
15.750974 0.041666
15.792642 0.041668
15.834308 0.041666
15.875973 0.041665
15.917592 0.041619
15.959257 0.041665
16.000974 0.041717
16.042641 0.041667
16.084257 0.041616
16.125977 0.041720
16.167641 0.041664
16.209309 0.041668
16.250927 0.041618
16.292592 0.041665
16.334309 0.041717
16.375972 0.041663
16.417641 0.041669
16.459309 0.041668
16.500973 0.041664
16.542643 0.041670
16.584307 0.041664
16.625973 0.041666
16.667641 0.041668
16.709310 0.041669
16.750976 0.041666
16.792643 0.041667
16.834308 0.041665
16.875977 0.041669
16.917641 0.041664
16.959307 0.041666
17.000974 0.041667
17.042642 0.041668
17.084307 0.041665
17.125977 0.041670
17.167642 0.041665
17.209310 0.041668
17.250976 0.041666
17.292643 0.041667
17.334259 0.041616
17.375975 0.041716
17.417644 0.041669
17.459310 0.041666
17.500925 0.041615
17.542641 0.041716
17.584308 0.041667
17.625975 0.041667
17.667644 0.041669
17.709308 0.041664
17.750975 0.041667
17.792593 0.041618
17.834308 0.041715
17.875974 0.041666
17.917643 0.041669
17.959308 0.041665
18.000975 0.041667
18.042645 0.041670
18.084308 0.041663
18.125977 0.041669
18.167593 0.041616
18.209307 0.041714
18.250975 0.041668
18.292641 0.041666
18.334310 0.041669
18.375976 0.041666
18.417644 0.041668
18.459258 0.041614
18.500975 0.041717
18.542644 0.041669
18.584259 0.041615
18.625975 0.041716
18.667642 0.041667
18.709308 0.041666
18.750977 0.041669
18.792644 0.041667
18.834259 0.041615
18.875926 0.041667
18.917597 0.041671
18.959260 0.041663
19.000975 0.041715
19.042643 0.041668
19.084307 0.041664
19.125975 0.041668
19.167593 0.041618
19.209307 0.041714
19.250974 0.041667
19.292642 0.041668
19.334310 0.041668
19.375926 0.041616
19.417641 0.041715
19.459308 0.041667
19.500977 0.041669
19.542642 0.041665
19.584308 0.041666
19.625976 0.041668
19.667642 0.041666
19.709309 0.041667
19.750975 0.041666
19.792641 0.041666
19.834310 0.041669
19.875977 0.041667
19.917642 0.041665
19.959262 0.041620
20.000975 0.041713
20.042644 0.041669
20.084259 0.041615
20.125975 0.041716
20.167642 0.041667
20.209308 0.041666
20.250977 0.041669
20.292641 0.041664
20.334308 0.041667
20.375974 0.041666
20.417644 0.041670
20.459308 0.041664
20.500975 0.041667
20.542642 0.041667
20.584308 0.041666
20.625975 0.041667
20.667645 0.041670
20.709308 0.041663
20.750925 0.041617
20.792646 0.041721
20.834259 0.041613
20.875976 0.041717
20.917594 0.041618
20.959309 0.041715
21.000927 0.041618
21.042641 0.041714
21.084264 0.041623
21.125975 0.041711
21.167642 0.041667
21.209312 0.041670
21.250975 0.041663
21.292646 0.041671
21.334307 0.041661
21.375980 0.041673
21.417642 0.041662
21.459309 0.041667
21.500976 0.041667
21.542592 0.041616
21.584259 0.041667
21.625975 0.041716
21.667642 0.041667
21.709306 0.041664
21.750974 0.041668
21.792597 0.041623
21.834307 0.041710
21.875976 0.041669
21.917598 0.041622
21.959308 0.041710
22.000975 0.041667
22.042594 0.041619
22.084308 0.041714
22.125974 0.041666
22.167644 0.041670
22.209307 0.041663
22.250976 0.041669
22.292645 0.041669
22.334311 0.041666
22.375978 0.041667
22.417642 0.041664
22.459307 0.041665
22.500928 0.041621
22.542642 0.041714
22.584307 0.041665
22.625977 0.041670
22.667642 0.041665
22.709262 0.041620
22.750978 0.041716
22.792644 0.041666
22.834308 0.041664
22.875975 0.041667
22.917602 0.041627
22.959308 0.041706
23.000931 0.041623
23.042642 0.041711
23.084259 0.041617
23.125979 0.041720
23.167643 0.041664
23.209307 0.041664
23.250926 0.041619
23.292642 0.041716
23.334307 0.041665
23.375975 0.041668
23.417642 0.041667
23.459312 0.041670
23.500974 0.041662
23.542641 0.041667
23.584307 0.041666
23.625976 0.041669
23.667642 0.041666
23.709311 0.041669
23.750977 0.041666
23.792642 0.041665
23.834308 0.041666
23.875974 0.041666
23.917597 0.041623
23.959258 0.041661
24.000977 0.041719
24.042641 0.041664
24.084308 0.041667
24.125978 0.041670
24.167643 0.041665
24.209306 0.041663
24.250979 0.041673
24.292640 0.041661
24.334310 0.041670
24.375926 0.041616
24.417642 0.041716
24.459311 0.041669
24.500928 0.041617
24.542642 0.041714
24.584308 0.041666
24.625974 0.041666
24.667645 0.041671
24.709311 0.041666
24.750975 0.041664
24.792641 0.041666
24.834311 0.041670
24.875974 0.041663
24.917644 0.041670
24.959312 0.041668
25.000975 0.041663
25.042642 0.041667
25.084307 0.041665
25.125927 0.041620
25.167593 0.041666
25.209308 0.041715
25.250976 0.041668
25.292642 0.041666
25.334309 0.041667
25.375975 0.041666
25.417642 0.041667
25.459308 0.041666
25.500929 0.041621
25.542642 0.041713
25.584308 0.041666
25.625975 0.041667
25.667644 0.041669
25.709308 0.041664
25.750975 0.041667
25.792593 0.041618
25.834307 0.041714
25.875981 0.041674
25.917597 0.041616
25.959309 0.041712
26.000977 0.041668
26.042644 0.041667
26.084309 0.041665
26.125977 0.041668
26.167642 0.041665
26.209308 0.041666
26.250978 0.041670
26.292641 0.041663
26.334308 0.041667
26.375974 0.041666
26.417642 0.041668
26.459309 0.041667
26.500977 0.041668
26.542641 0.041664
26.584307 0.041666
26.625930 0.041623
26.667641 0.041711
26.709309 0.041668
26.750975 0.041666
26.792643 0.041668
26.834264 0.041621
26.875975 0.041711
26.917598 0.041623
26.959306 0.041708
27.000974 0.041668
27.042641 0.041667
27.084307 0.041666
27.125977 0.041670
27.167641 0.041664
27.209309 0.041668
27.250976 0.041667
27.292642 0.041666
27.334309 0.041667
27.375976 0.041667
27.417641 0.041665
27.459308 0.041667
27.500974 0.041666
27.542646 0.041672
27.584310 0.041664
27.625975 0.041665
27.667643 0.041668
27.709258 0.041615
27.750974 0.041716
27.792645 0.041671
27.834309 0.041664
27.875973 0.041664
27.917641 0.041668
27.959308 0.041667
28.000974 0.041666
28.042642 0.041668
28.084309 0.041667
28.125973 0.041664
28.167640 0.041667
28.209260 0.041620
28.250976 0.041716
28.292641 0.041665
28.334307 0.041666
28.375977 0.041670
28.417644 0.041667
28.459310 0.041666
28.500974 0.041664
28.542641 0.041667
28.584308 0.041667
28.625976 0.041668
28.667642 0.041666
28.709307 0.041665
28.750976 0.041669
28.792641 0.041665
28.834261 0.041620
28.875976 0.041715
28.917641 0.041665
28.959258 0.041617
29.000975 0.041717
29.042642 0.041667
29.084308 0.041666
29.125975 0.041667
29.167644 0.041669
29.209307 0.041663
29.250976 0.041669
29.292643 0.041667
29.334310 0.041667
29.375972 0.041662
29.417641 0.041669
29.459261 0.041620
29.500975 0.041714
29.542644 0.041669
29.584312 0.041668
29.625973 0.041661
29.667640 0.041667
29.709307 0.041667
29.750974 0.041667
29.792641 0.041667
29.834258 0.041617
29.875927 0.041669
29.917641 0.041714
29.959258 0.041617
30.000977 0.041719
30.042641 0.041664
30.084261 0.041620
30.125925 0.041664
30.167641 0.041716
30.209307 0.041666
30.250930 0.041623
30.292592 0.041662
30.334307 0.041715
30.375974 0.041667
30.417641 0.041667
30.459258 0.041617
30.500977 0.041719
30.542644 0.041667
30.584310 0.041666
30.625928 0.041618
30.667645 0.041717
30.709306 0.041661
30.750974 0.041668
30.792643 0.041669
30.834306 0.041663
30.875974 0.041668
30.917641 0.041667
30.959307 0.041666
31.000975 0.041668
31.042592 0.041617
31.084308 0.041716
31.125977 0.041669
31.167595 0.041618
31.209308 0.041713
31.250927 0.041619
31.292642 0.041715
31.334307 0.041665
31.375975 0.041668
31.417643 0.041668
31.459308 0.041665
31.500977 0.041669
31.542640 0.041663
31.584265 0.041625
31.625975 0.041710
31.667641 0.041666
31.709308 0.041667
31.750926 0.041618
31.792603 0.041677
31.834308 0.041705
31.875977 0.041669
31.917643 0.041666
31.959307 0.041664
32.000978 0.041671
32.042641 0.041663
32.084309 0.041668
32.125925 0.041616
32.167644 0.041719
32.209263 0.041619
32.250977 0.041714
32.292597 0.041620
32.334307 0.041710
32.375979 0.041672
32.417641 0.041662
32.459259 0.041618
32.500976 0.041717
32.542645 0.041669
32.584311 0.041666
32.625927 0.041616
32.667642 0.041715
32.709310 0.041668
32.750926 0.041616
32.792601 0.041675
32.834313 0.041712
32.875978 0.041665
32.917647 0.041669
32.959260 0.041613
33.000979 0.041719
33.042595 0.041616
33.084315 0.041720
33.125975 0.041660
33.167644 0.041669
33.209313 0.041669
33.250978 0.041665
33.292602 0.041624
33.334310 0.041708
33.375976 0.041666
33.417649 0.041673
33.459306 0.041657
33.500976 0.041670
33.542648 0.041672
33.584310 0.041662
33.625927 0.041617
33.667598 0.041671
33.709308 0.041710
33.750932 0.041624
33.792647 0.041715
33.834265 0.041618
33.875975 0.041710
33.917644 0.041669
33.959265 0.041621
34.000982 0.041717
34.042643 0.041661
34.084311 0.041668
34.125933 0.041622
34.167641 0.041708
34.209310 0.041669
34.250977 0.041667
34.292640 0.041663
34.334257 0.041617
34.375924 0.041667
34.417591 0.041667
34.459305 0.041714
34.500976 0.041671
34.542592 0.041616
34.584307 0.041715
34.625975 0.041668
34.667643 0.041668
34.709307 0.041664
34.750977 0.041670
34.792592 0.041615
34.834306 0.041714
34.875976 0.041670
34.917596 0.041620
34.959307 0.041711
35.000976 0.041669
35.042644 0.041668
35.084308 0.041664
35.125973 0.041665
35.167641 0.041668
35.209258 0.041617
35.250974 0.041716
35.292644 0.041670
35.334306 0.041662
35.375974 0.041668
35.417644 0.041670
35.459308 0.041664
35.500974 0.041666
35.542644 0.041670
35.584258 0.041614
35.625974 0.041716
35.667592 0.041618
35.709309 0.041717
35.750980 0.041671
35.792594 0.041614
35.834309 0.041715
35.875924 0.041615
35.917640 0.041716
35.959307 0.041667
36.000974 0.041667
36.042641 0.041667
36.084307 0.041666
36.125977 0.041670
36.167646 0.041669
36.209309 0.041663
36.250973 0.041664
36.292640 0.041667
36.334306 0.041666
36.375974 0.041668
36.417597 0.041623
36.459259 0.041662
36.500927 0.041668
36.542594 0.041667
36.584308 0.041714
36.625925 0.041617
36.667641 0.041716
36.709307 0.041666
36.750979 0.041672
36.792593 0.041614
36.834258 0.041665
36.875979 0.041721
36.917643 0.041664
36.959307 0.041664
37.000926 0.041619
37.042642 0.041716
37.084308 0.041666
37.125974 0.041666
37.167592 0.041618
37.209310 0.041718
37.250926 0.041616
37.292641 0.041715
37.334263 0.041622
37.375977 0.041714
37.417641 0.041664
37.459259 0.041618
37.500975 0.041716
37.542592 0.041617
37.584307 0.041715
37.625974 0.041667
37.667644 0.041670
37.709306 0.041662
37.750974 0.041668
37.792644 0.041670
37.834308 0.041664
37.875975 0.041667
37.917643 0.041668
37.959259 0.041616
38.000927 0.041668
38.042646 0.041719
38.084264 0.041618
38.125978 0.041714
38.167644 0.041666
38.209260 0.041616
38.250927 0.041667
38.292644 0.041717
38.334308 0.041664
38.375926 0.041618
38.417642 0.041716
38.459308 0.041666
38.500926 0.041618
38.542645 0.041719
38.584311 0.041666
38.625976 0.041665
38.667646 0.041670
38.709262 0.041616
38.750927 0.041665
38.792641 0.041714
38.834263 0.041622
38.875982 0.041719
38.917595 0.041613
38.959260 0.041665
39.000974 0.041714
39.042643 0.041669
39.084311 0.041668
39.125974 0.041663
39.167641 0.041667
39.209311 0.041670
39.250975 0.041664
39.292599 0.041624
39.334311 0.041712
39.375980 0.041669
39.417644 0.041664
39.459308 0.041664
39.500929 0.041621
39.542593 0.041664
39.584310 0.041717
39.625925 0.041615
39.667641 0.041716
39.709312 0.041671
39.750974 0.041662
39.792645 0.041671
39.834308 0.041663
39.875925 0.041617
39.917641 0.041716
39.959308 0.041667
40.000978 0.041670
40.042643 0.041665
40.084260 0.041617
40.125975 0.041715
40.167642 0.041667
40.209308 0.041666
40.250977 0.041669
40.292599 0.041622
40.334262 0.041663
40.375978 0.041716
40.417639 0.041661
40.459311 0.041672
40.500978 0.041667
40.542593 0.041615
40.584310 0.041717
40.625973 0.041663
40.667594 0.041621
40.709307 0.041713
40.750926 0.041619
40.792594 0.041668
40.834315 0.041721
40.875926 0.041611
40.917596 0.041670
40.959307 0.041711
41.000974 0.041667
41.042593 0.041619
41.084308 0.041715
41.125976 0.041668
41.167642 0.041666
41.209309 0.041667
41.250925 0.041616
41.292641 0.041716
41.334306 0.041665
41.375925 0.041619
41.417642 0.041717
41.459309 0.041667
41.500975 0.041666
41.542643 0.041668
41.584312 0.041669
41.625974 0.041662
41.667645 0.041671
41.709259 0.041614
41.750976 0.041717
41.792640 0.041664
41.834262 0.041622
41.875980 0.041718
41.917641 0.041661
41.959258 0.041617
42.000975 0.041717
42.042594 0.041619
42.084308 0.041714
42.125974 0.041666
42.167599 0.041625
42.209259 0.041660
42.250975 0.041716
42.292642 0.041667
42.334257 0.041615
42.375975 0.041718
42.417642 0.041667
42.459307 0.041665
42.500974 0.041667
42.542642 0.041668
42.584264 0.041622
42.625975 0.041711
42.667592 0.041617
42.709306 0.041714
42.750978 0.041672
42.792598 0.041620
42.834308 0.041710
42.875924 0.041616
42.917646 0.041722
42.959259 0.041613
43.000974 0.041715
43.042592 0.041618
43.084306 0.041714
43.125926 0.041620
43.167642 0.041716
43.209307 0.041665
43.250975 0.041668
43.292644 0.041669
43.334262 0.041618
43.375925 0.041663
43.417644 0.041719
43.459259 0.041615
43.500929 0.041670
43.542641 0.041712
43.584259 0.041618
43.625974 0.041715
43.667642 0.041668
43.709259 0.041617
43.750973 0.041714
43.792643 0.041670
43.834308 0.041665
43.875925 0.041617
43.917641 0.041716
43.959307 0.041666
44.000976 0.041669
44.042593 0.041617
44.084259 0.041666
44.125974 0.041715
44.167639 0.041665
44.209258 0.041619
44.250930 0.041672
44.292594 0.041664
44.334262 0.041668
44.375973 0.041711
44.417598 0.041625
44.459262 0.041664
44.500977 0.041715
44.542592 0.041615
44.584263 0.041671
44.625925 0.041662
44.667592 0.041667
44.709312 0.041720
44.750973 0.041661
44.792593 0.041620
44.834308 0.041715
44.875926 0.041618
44.917595 0.041669
44.959307 0.041712
45.000976 0.041669
45.042646 0.041670
45.084308 0.041662
45.125974 0.041666
45.167595 0.041621
45.209309 0.041714
45.250927 0.041618
45.292595 0.041668
45.334307 0.041712
45.375978 0.041671
45.417640 0.041662
45.459308 0.041668
45.500931 0.041623
45.542641 0.041710
45.584310 0.041669
45.625974 0.041664
45.667642 0.041668
45.709310 0.041668
45.750973 0.041663
45.792644 0.041671
45.834308 0.041664
45.875929 0.041621
45.917591 0.041662
45.959310 0.041719
46.000977 0.041667
46.042596 0.041619
46.084259 0.041663
46.125973 0.041714
46.167642 0.041669
46.209312 0.041670
46.250969 0.041657
46.292641 0.041672
46.334313 0.041672
46.375926 0.041613
46.417642 0.041716
46.459259 0.041617
46.500927 0.041668
46.542642 0.041715
46.584311 0.041669
46.625974 0.041663
46.667594 0.041620
46.709312 0.041718
46.750977 0.041665
46.792641 0.041664
46.834308 0.041667
46.875973 0.041665
46.917643 0.041670
46.959309 0.041666
47.000974 0.041665
47.042640 0.041666
47.084307 0.041667
47.125980 0.041673
47.167640 0.041660
47.209307 0.041667
47.250928 0.041621
47.292642 0.041714
47.334308 0.041666
47.375925 0.041617
47.417596 0.041671
47.459310 0.041714
47.500977 0.041667
47.542590 0.041613
47.584257 0.041667
47.625973 0.041716
47.667642 0.041669
47.709310 0.041668
47.750925 0.041615
47.792598 0.041673
47.834308 0.041710
47.875975 0.041667
47.917642 0.041667
47.959309 0.041667
48.000975 0.041666
48.042641 0.041666
48.084308 0.041667
48.125977 0.041669
48.167592 0.041615
48.209312 0.041720
48.250975 0.041663
48.292643 0.041668
48.334306 0.041663
48.375974 0.041668
48.417595 0.041621
48.459306 0.041711
48.500928 0.041622
48.542645 0.041717
48.584259 0.041614
48.625974 0.041715
48.667592 0.041618
48.709310 0.041718
48.750926 0.041616
48.792641 0.041715
48.834306 0.041665
48.875925 0.041619
48.917642 0.041717
48.959311 0.041669
49.000974 0.041663
49.042641 0.041667
49.084261 0.041620
49.125926 0.041665
49.167595 0.041669
49.209307 0.041712
49.250974 0.041667
49.292642 0.041668
49.334307 0.041665
49.375974 0.041667
49.417591 0.041617
49.459307 0.041716
49.500974 0.041667
49.542593 0.041619
49.584306 0.041713
49.625979 0.041673
49.667592 0.041613
49.709307 0.041715
49.750977 0.041670
49.792641 0.041664
49.834263 0.041622
49.875975 0.041712
49.917642 0.041667
49.959259 0.041617
50.000974 0.041715
50.042644 0.041670
50.084308 0.041664
50.125977 0.041669
50.167644 0.041667
50.209307 0.041663
50.250929 0.041622
50.292646 0.041717
50.334307 0.041661
50.375929 0.041622
50.417644 0.041715
50.459258 0.041614
50.500932 0.041674
50.542641 0.041709
50.584309 0.041668
50.625975 0.041666
50.667642 0.041667
50.709307 0.041665
50.750927 0.041620
50.792593 0.041666
50.834308 0.041715
50.875977 0.041669
50.917592 0.041615
50.959307 0.041715
51.000978 0.041671
51.042593 0.041615
51.084263 0.041670
51.125978 0.041715
51.167642 0.041664
51.209312 0.041670
51.250975 0.041663
51.292644 0.041669
51.334261 0.041617
51.375925 0.041664
51.417598 0.041673
51.459307 0.041709
51.500974 0.041667
51.542645 0.041671
51.584307 0.041662
51.625974 0.041667
51.667593 0.041619
51.709257 0.041664
51.750930 0.041673
51.792642 0.041712
51.834307 0.041665
51.875926 0.041619
51.917645 0.041719
51.959308 0.041663
52.000973 0.041665
52.042641 0.041668
52.084307 0.041666
52.125929 0.041622
52.167641 0.041712
52.209310 0.041669
52.250976 0.041666
52.292644 0.041668
52.334262 0.041618
52.375974 0.041712
52.417640 0.041666
52.459307 0.041667
52.500974 0.041667
52.542592 0.041618
52.584307 0.041715
52.625974 0.041667
52.667593 0.041619
52.709307 0.041714
52.750973 0.041666
52.792643 0.041670
52.834259 0.041616
52.875929 0.041670
52.917638 0.041709
52.959258 0.041620
53.000925 0.041667
53.042641 0.041716
53.084259 0.041618
53.125977 0.041718
53.167595 0.041618
53.209259 0.041664
53.250925 0.041666
53.292596 0.041671
53.334310 0.041714
53.375925 0.041615
53.417597 0.041672
53.459308 0.041711
53.500926 0.041618
53.542592 0.041666
53.584264 0.041672
53.625995 0.041731
53.667593 0.041598
53.709310 0.041717
53.750979 0.041669
53.792641 0.041662
53.834259 0.041618
53.875974 0.041715
53.917591 0.041617
53.959259 0.041668
54.000974 0.041715
54.042593 0.041619
54.084307 0.041714
54.125925 0.041618
54.167645 0.041720
54.209260 0.041615
54.250927 0.041667
54.292593 0.041666
54.334308 0.041715
54.375926 0.041618
54.417646 0.041720
54.459258 0.041612
54.500978 0.041720
54.542596 0.041618
54.584308 0.041712
54.625925 0.041617
54.667640 0.041715
54.709308 0.041668
54.750974 0.041666
54.792596 0.041622
54.834308 0.041712
54.875930 0.041622
54.917593 0.041663
54.959307 0.041714
55.000976 0.041669
55.042645 0.041669
55.084307 0.041662
55.125974 0.041667
55.167593 0.041619
55.209307 0.041714
55.250929 0.041622
55.292593 0.041664
55.334308 0.041715
55.375974 0.041666
55.417596 0.041622
55.459311 0.041715
55.500975 0.041664
55.542645 0.041670
55.584307 0.041662
55.625974 0.041667
55.667641 0.041667
55.709309 0.041668
55.750925 0.041616
55.792642 0.041717
55.834311 0.041669
55.875974 0.041663
55.917642 0.041668
55.959308 0.041666
56.000926 0.041618
56.042645 0.041719
56.084308 0.041663
56.125975 0.041667
56.167596 0.041621
56.209313 0.041717
56.250972 0.041659
56.292643 0.041671
56.334260 0.041617
56.375926 0.041666
56.417641 0.041715
56.459262 0.041621
56.500974 0.041712
56.542642 0.041668
56.584307 0.041665
56.625974 0.041667
56.667593 0.041619
56.709309 0.041716
56.750976 0.041667
56.792593 0.041617
56.834263 0.041670
56.875975 0.041712
56.917593 0.041618
56.959308 0.041715
57.000978 0.041670
57.042595 0.041617
57.084259 0.041664
57.125929 0.041670
57.167594 0.041665
57.209307 0.041713
57.250926 0.041619
57.292594 0.041668
57.334307 0.041713
57.375975 0.041668
57.417644 0.041669
57.459263 0.041619
57.500929 0.041666
57.542641 0.041712
57.584309 0.041668
57.625977 0.041668
57.667643 0.041666
57.709312 0.041669
57.750924 0.041612
57.792641 0.041717
57.834307 0.041666
57.875975 0.041668
57.917641 0.041666
57.959309 0.041668
58.000926 0.041617
58.042642 0.041716
58.084259 0.041617
58.125974 0.041715
58.167642 0.041668
58.209261 0.041619
58.250977 0.041716
58.292643 0.041666
58.334311 0.041668
58.375979 0.041668
58.417596 0.041617
58.459311 0.041715
58.500978 0.041667
58.542641 0.041663
58.584259 0.041618
58.625978 0.041719
58.667597 0.041619
58.709258 0.041661
58.750973 0.041715
58.792646 0.041673
58.834308 0.041662
58.875976 0.041668
58.917642 0.041666
58.959312 0.041670
59.000975 0.041663
59.042593 0.041618
59.084311 0.041718
59.125975 0.041664
59.167644 0.041669
59.209259 0.041615
59.250928 0.041669
59.292643 0.041715
59.334308 0.041665
59.375925 0.041617
59.417639 0.041714
59.459259 0.041620
59.500977 0.041718
59.542641 0.041664
59.584307 0.041666
59.625926 0.041619
59.667642 0.041716
59.709307 0.041665
59.750928 0.041621
59.792642 0.041714
59.834259 0.041617
59.875926 0.041667
59.917640 0.041714
59.959308 0.041668
60.000931 0.041623
60.042591 0.041660
60.084307 0.041716
60.125926 0.041619
60.167642 0.041716
60.209258 0.041616
60.250924 0.041666
60.292640 0.041716
60.334260 0.041620
60.375974 0.041714
60.417645 0.041671
60.459307 0.041662
60.500975 0.041668
60.542641 0.041666
60.584259 0.041618
60.625985 0.041726
60.667638 0.041653
60.709311 0.041673
60.750974 0.041663
60.792642 0.041668
60.834262 0.041620
60.875975 0.041713
60.917592 0.041617
60.959310 0.041718
61.000925 0.041615
61.042644 0.041719
61.084265 0.041621
61.125973 0.041708
61.167640 0.041667
61.209307 0.041667
61.250975 0.041668
61.292593 0.041618
61.334307 0.041714
61.375973 0.041666
61.417593 0.041620
61.459308 0.041715
61.500974 0.041666
61.542646 0.041672
61.584308 0.041662
61.625926 0.041618
61.667592 0.041666
61.709259 0.041667
61.750929 0.041670
61.792647 0.041718
61.834308 0.041661
61.875931 0.041623
61.917640 0.041709
61.959259 0.041619
62.000929 0.041670
62.042641 0.041712
62.084307 0.041666
62.125974 0.041667
62.167640 0.041666
62.209262 0.041622
62.250975 0.041713
62.292647 0.041672
62.334307 0.041660
62.375974 0.041667
62.417645 0.041671
62.459262 0.041617
62.500931 0.041669
62.542644 0.041713
62.584308 0.041664
62.625978 0.041670
62.667594 0.041616
62.709310 0.041716
62.750975 0.041665
62.792642 0.041667
62.834309 0.041667
62.875926 0.041617
62.917593 0.041667
62.959308 0.041715
63.000977 0.041669
63.042649 0.041672
63.084308 0.041659
63.125974 0.041666
63.167594 0.041620
63.209259 0.041665
63.250975 0.041716
63.292641 0.041666
63.334308 0.041667
63.375974 0.041666
63.417640 0.041666
63.459258 0.041618
63.500978 0.041720
63.542642 0.041664
63.584312 0.041670
63.625927 0.041615
63.667642 0.041715
63.709307 0.041665
63.750928 0.041621
63.792641 0.041713
63.834307 0.041666
63.875976 0.041669
63.917643 0.041667
63.959259 0.041616
64.000931 0.041672
64.042642 0.041711
64.084309 0.041667
64.125928 0.041619
64.167644 0.041716
64.209307 0.041663
64.250974 0.041667
64.292641 0.041667
64.334308 0.041667
64.375974 0.041666
64.417641 0.041667
64.459260 0.041619
64.500975 0.041715
64.542592 0.041617
64.584306 0.041714
64.625975 0.041669
64.667646 0.041671
64.709311 0.041665
64.750975 0.041664
64.792642 0.041667
64.834263 0.041621
64.875974 0.041711
64.917646 0.041672
64.959259 0.041613
65.000926 0.041667
65.042593 0.041667
65.084308 0.041715
65.125976 0.041668
65.167641 0.041665
65.209308 0.041667
65.250931 0.041623
65.292591 0.041660
65.334261 0.041670
65.375926 0.041665
65.417593 0.041667
65.459311 0.041718
65.500976 0.041665
65.542594 0.041618
65.584259 0.041665
65.625978 0.041719
65.667593 0.041615
65.709259 0.041666
65.750978 0.041719
65.792594 0.041616
65.834307 0.041713
65.875973 0.041666
65.917646 0.041673
65.959259 0.041613
66.000974 0.041715
66.042642 0.041668
66.084308 0.041666
66.125975 0.041667
66.167593 0.041618
66.209260 0.041667
66.250926 0.041666
66.292589 0.041663
66.334307 0.041718
66.375979 0.041672
66.417645 0.041666
66.459308 0.041663
66.500973 0.041665
66.542592 0.041619
66.584308 0.041716
66.625976 0.041668
66.667594 0.041618
66.709259 0.041665
66.750978 0.041719
66.792641 0.041663
66.834310 0.041669
66.875975 0.041665
66.917594 0.041619
66.959307 0.041713
67.000977 0.041670
67.042640 0.041663
67.084311 0.041671
67.125926 0.041615
67.167639 0.041713
67.209262 0.041623
67.250930 0.041668
67.292593 0.041663
67.334311 0.041718
67.375929 0.041618
67.417645 0.041716
67.459259 0.041614
67.500925 0.041666
67.542641 0.041716
67.584259 0.041618
67.625926 0.041667
67.667595 0.041669
67.709258 0.041663
67.750926 0.041668
67.792641 0.041715
67.834258 0.041617
67.875974 0.041716
67.917597 0.041623
67.959257 0.041660
68.000929 0.041672
68.042593 0.041664
68.084258 0.041665
68.125973 0.041715
68.167593 0.041620
68.209311 0.041718
68.250974 0.041663
68.292645 0.041671
68.334267 0.041622
68.375927 0.041660
68.417642 0.041715
68.459261 0.041619
68.500976 0.041715
68.542641 0.041665
68.584307 0.041666
68.625925 0.041618
68.667593 0.041668
68.709308 0.041715
68.750929 0.041621
68.792646 0.041717
68.834307 0.041661
68.875976 0.041669
68.917642 0.041666
68.959264 0.041622
69.000974 0.041710
69.042645 0.041671
69.084262 0.041617
69.125926 0.041664
69.167641 0.041715
69.209308 0.041667
69.250925 0.041617
69.292645 0.041720
69.334259 0.041614
69.375978 0.041719
69.417644 0.041666
69.459307 0.041663
69.500978 0.041671
69.542641 0.041663
69.584309 0.041668
69.625976 0.041667
69.667598 0.041622
69.709307 0.041709
69.750974 0.041667
69.792592 0.041618
69.834263 0.041671
69.875976 0.041713
69.917646 0.041670
69.959259 0.041613
70.000973 0.041714
70.042596 0.041623
70.084368 0.041772
70.125973 0.041605
70.167641 0.041668
70.209306 0.041665
70.250979 0.041673
70.292642 0.041663
70.334259 0.041617
70.375928 0.041669
70.417643 0.041715
70.459260 0.041617
70.500973 0.041713
70.542593 0.041620
70.584258 0.041665
70.625928 0.041670
70.667641 0.041713
70.709260 0.041619
70.750974 0.041714
70.792643 0.041669
70.834308 0.041665
70.875979 0.041671
70.917643 0.041664
70.959259 0.041616
71.000927 0.041668
71.042646 0.041719
71.084308 0.041662
71.125925 0.041617
71.167641 0.041716
71.209307 0.041666
71.250930 0.041623
71.292594 0.041664
71.334307 0.041713
71.375926 0.041619
71.417641 0.041715
71.459307 0.041666
71.500974 0.041667
71.542643 0.041669
71.584311 0.041668
71.625970 0.041659
71.667591 0.041621
71.709308 0.041717
71.750974 0.041666
71.792641 0.041667
71.834306 0.041665
71.875925 0.041619
71.917641 0.041716
71.959308 0.041667
72.000974 0.041666
72.042644 0.041670
72.084307 0.041663
72.125978 0.041671
72.167645 0.041667
72.209306 0.041661
72.250930 0.041624
72.292591 0.041661
72.334258 0.041667
72.375976 0.041718
72.417640 0.041664
72.459259 0.041619
72.500976 0.041717
72.542643 0.041667
72.584260 0.041617
72.625925 0.041665
72.667592 0.041667
72.709307 0.041715
72.750925 0.041618
72.792643 0.041718
72.834306 0.041663
72.875973 0.041667
72.917639 0.041666
72.959305 0.041666
73.000972 0.041667
73.042640 0.041668
73.084305 0.041665
73.125973 0.041668
73.167590 0.041617
73.209306 0.041716
73.250973 0.041667
73.292643 0.041670
73.334304 0.041661
73.375974 0.041670
73.417594 0.041620
73.459306 0.041712
73.500975 0.041669
73.542590 0.041615
73.584306 0.041716
73.625973 0.041667
73.667640 0.041667
73.709305 0.041665
73.750973 0.041668
73.792642 0.041669
73.834308 0.041666
73.875923 0.041615
73.917642 0.041719
73.959306 0.041664
74.000927 0.041621
74.042639 0.041712
74.084305 0.041666
74.125973 0.041668
74.167640 0.041667
74.209306 0.041666
74.250925 0.041619
74.292642 0.041717
74.334308 0.041666
74.375976 0.041668
74.417595 0.041619
74.459307 0.041712
74.500926 0.041619
74.542645 0.041719
74.584307 0.041662
74.625974 0.041667
74.667642 0.041668
74.709260 0.041618
74.750975 0.041715
74.792640 0.041665
74.834305 0.041665
74.875930 0.041625
74.917640 0.041710
74.959307 0.041667
75.000975 0.041668
75.042593 0.041618
75.084264 0.041671
75.125977 0.041713
75.167643 0.041666
75.209262 0.041619
75.250926 0.041664
75.292642 0.041716
75.334260 0.041618
75.375925 0.041665
75.417641 0.041716
75.459259 0.041618
75.500976 0.041717
75.542591 0.041615
75.584310 0.041719
75.625929 0.041619
75.667642 0.041713
75.709261 0.041619
75.750973 0.041712
75.792642 0.041669
75.834310 0.041668
75.875978 0.041668
75.917644 0.041666
75.959308 0.041664
76.000975 0.041667
76.042641 0.041666
76.084263 0.041622
76.125974 0.041711
76.167594 0.041620
76.209258 0.041664
76.250925 0.041667
76.292591 0.041666
76.334259 0.041668
76.375974 0.041715
76.417641 0.041667
76.459307 0.041666
76.500974 0.041667
76.542596 0.041622
76.584308 0.041712
76.625973 0.041665
76.667640 0.041667
76.709307 0.041667
76.750974 0.041667
76.792641 0.041667
76.834261 0.041620
76.875975 0.041714
76.917641 0.041666
76.959308 0.041667
77.000974 0.041666
77.042594 0.041620
77.084308 0.041714
77.125926 0.041618
77.167593 0.041667
77.209306 0.041713
77.250977 0.041671
77.292645 0.041668
77.334306 0.041661
77.375978 0.041672
77.417641 0.041663
77.459304 0.041663
77.500979 0.041675
77.542591 0.041612
77.584307 0.041716
77.625925 0.041618
77.667641 0.041716
77.709310 0.041669
77.750924 0.041614
77.792641 0.041717
77.834307 0.041666
77.875977 0.041670
77.917641 0.041664
77.959307 0.041666
78.000977 0.041670
78.042641 0.041664
78.084310 0.041669
78.125974 0.041664
78.167641 0.041667
78.209262 0.041621
78.250925 0.041663
78.292641 0.041716
78.334309 0.041668
78.375977 0.041668
78.417641 0.041664
78.459306 0.041665
78.500927 0.041621
78.542592 0.041665
78.584307 0.041715
78.625973 0.041666
78.667641 0.041668
78.709309 0.041668
78.750925 0.041616
78.792645 0.041720
78.834308 0.041663
78.875976 0.041668
78.917643 0.041667
78.959310 0.041667
79.000974 0.041664
79.042643 0.041669
79.084259 0.041616
79.125974 0.041715
79.167594 0.041620
79.209307 0.041713
79.250974 0.041667
79.292593 0.041619
79.334307 0.041714
79.375974 0.041667
79.417641 0.041667
79.459259 0.041618
79.500974 0.041715
79.542641 0.041667
79.584306 0.041665
79.625925 0.041619
79.667640 0.041715
79.709262 0.041622
79.750976 0.041714
79.792640 0.041664
79.834310 0.041670
79.875975 0.041665
79.917643 0.041668
79.959307 0.041664
80.000925 0.041618
80.042593 0.041668
80.084261 0.041668
80.125930 0.041669
80.167593 0.041663
80.209261 0.041668
80.250973 0.041712
80.292644 0.041671
80.334307 0.041663
80.375974 0.041667
80.417641 0.041667
80.459308 0.041667
80.500974 0.041666
80.542644 0.041670
80.584257 0.041613
80.625925 0.041668
80.667642 0.041717
80.709307 0.041665
80.750982 0.041675
80.792639 0.041657
80.834309 0.041670
80.875930 0.041621
80.917643 0.041713
80.959261 0.041618
81.000926 0.041665
81.042645 0.041719
81.084310 0.041665
81.125980 0.041670
81.167596 0.041616
81.209311 0.041715
81.250978 0.041667
81.292641 0.041663
81.334310 0.041669
81.375974 0.041664
81.417641 0.041667
81.459259 0.041618
81.500977 0.041718
81.542592 0.041615
81.584258 0.041666
81.625974 0.041716
81.667593 0.041619
81.709308 0.041715
81.750925 0.041617
81.792644 0.041719
81.834260 0.041616
81.875975 0.041715
81.917643 0.041668
81.959306 0.041663
82.000975 0.041669
82.042593 0.041618
82.084258 0.041665
82.125925 0.041667
82.167642 0.041717
82.209259 0.041617
82.250974 0.041715
82.292640 0.041666
82.334310 0.041670
82.375926 0.041616
82.417644 0.041718
82.459308 0.041664
82.500975 0.041667
82.542641 0.041666
82.584308 0.041667
82.625974 0.041666
82.667641 0.041667
82.709307 0.041666
82.750977 0.041670
82.792592 0.041615
82.834306 0.041714
82.875976 0.041670
82.917642 0.041666
82.959311 0.041669
83.000975 0.041664
83.042593 0.041618
83.084260 0.041667
83.125974 0.041714
83.167595 0.041621
83.209258 0.041663
83.250976 0.041718
83.292598 0.041622
83.334308 0.041710
83.375925 0.041617
83.417645 0.041720
83.459259 0.041614
83.500925 0.041666
83.542646 0.041721
83.584308 0.041662
83.625926 0.041618
83.667643 0.041717
83.709313 0.041670
83.750926 0.041613
83.792592 0.041666
83.834310 0.041718
83.875928 0.041618
83.917641 0.041713
83.959312 0.041671
84.000974 0.041662
84.042594 0.041620
84.084259 0.041665
84.125975 0.041716
84.167597 0.041622
84.209307 0.041710
84.250974 0.041667
84.292592 0.041618
84.334259 0.041667
84.375928 0.041669
84.417592 0.041664
84.459306 0.041714
84.500975 0.041669
84.542646 0.041671
84.584306 0.041660
84.625978 0.041672
84.667592 0.041614
84.709261 0.041669
84.750977 0.041716
84.792641 0.041664
84.834310 0.041669
84.875978 0.041668
84.917641 0.041663
84.959259 0.041618
85.000927 0.041668
85.042593 0.041666
85.084311 0.041718
85.125974 0.041663
85.167593 0.041619
85.209308 0.041715
85.250977 0.041669
85.292646 0.041669
85.334310 0.041664
85.375977 0.041667
85.417646 0.041669
85.459306 0.041660
85.500974 0.041668
85.542641 0.041667
85.584259 0.041618
85.625926 0.041667
85.667640 0.041714
85.709313 0.041673
85.750926 0.041613
85.792647 0.041721
85.834262 0.041615
85.875973 0.041711
85.917593 0.041620
85.959313 0.041720
86.000975 0.041662
86.042594 0.041619
86.084262 0.041668
86.125976 0.041714
86.167592 0.041616
86.209307 0.041715
86.250926 0.041619
86.292645 0.041719
86.334311 0.041666
86.375974 0.041663
86.417641 0.041667
86.459307 0.041666
86.500975 0.041668
86.542646 0.041671
86.584308 0.041662
86.625928 0.041620
86.667639 0.041711
86.709262 0.041623
86.750979 0.041717
86.792636 0.041657
86.834308 0.041672
86.875929 0.041621
86.917641 0.041712
86.959258 0.041617
87.000975 0.041717
87.042641 0.041666
87.084307 0.041666
87.125974 0.041667
87.167642 0.041668
87.209258 0.041616
87.250928 0.041670
87.292641 0.041713
87.334307 0.041666
87.375928 0.041621
87.417641 0.041713
87.459261 0.041620
87.500926 0.041665
87.542595 0.041669
87.584310 0.041715
87.625975 0.041665
87.667592 0.041617
87.709262 0.041670
87.750929 0.041667
87.792644 0.041715
87.834310 0.041666
87.875925 0.041615
87.917590 0.041665
87.959310 0.041720
88.000928 0.041618
88.042592 0.041664
88.084258 0.041666
88.125926 0.041668
88.167644 0.041718
88.209310 0.041666
88.250926 0.041616
88.292595 0.041669
88.334308 0.041713
88.375926 0.041618
88.417644 0.041718
88.459308 0.041664
88.500975 0.041667
88.542642 0.041667
88.584308 0.041666
88.625975 0.041667
88.667641 0.041666
88.709311 0.041670
88.750928 0.041617
88.792640 0.041712
88.834310 0.041670
88.875975 0.041665
88.917597 0.041622
88.959312 0.041715
89.000976 0.041664
89.042593 0.041617
89.084308 0.041715
89.125974 0.041666
89.167646 0.041672
89.209259 0.041613
89.250922 0.041663
89.292643 0.041721
89.334308 0.041665
89.375972 0.041664
89.417642 0.041670
89.459307 0.041665
89.500975 0.041668
89.542644 0.041669
89.584306 0.041662
89.625928 0.041622
89.667645 0.041717
89.709311 0.041666
89.750976 0.041665
89.792593 0.041617
89.834309 0.041716
89.875978 0.041669
89.917644 0.041666
89.959258 0.041614
90.000975 0.041717
90.042596 0.041621
90.084307 0.041711
90.125925 0.041618
90.167593 0.041668
90.209308 0.041715
90.250974 0.041666
90.292642 0.041668
90.334307 0.041665
90.375926 0.041619
90.417597 0.041671
90.459259 0.041662
90.500926 0.041667
90.542640 0.041714
90.584262 0.041622
90.625974 0.041712
90.667641 0.041667
90.709307 0.041666
90.750975 0.041668
90.792645 0.041670
90.834311 0.041666
90.875974 0.041663
90.917646 0.041672
90.959308 0.041662
91.000979 0.041671
91.042644 0.041665
91.084263 0.041619
91.125977 0.041714
91.167643 0.041666
91.209306 0.041663
91.250972 0.041666
91.292639 0.041667
91.334307 0.041668
91.375974 0.041667
91.417595 0.041621
91.459308 0.041713
91.500974 0.041666
91.542642 0.041668
91.584311 0.041669
91.625927 0.041616
91.667641 0.041714
91.709262 0.041621
91.750924 0.041662
91.792591 0.041667
91.834307 0.041716
91.875975 0.041668
91.917595 0.041620
91.959258 0.041663
92.000976 0.041718
92.042591 0.041615
92.084307 0.041716
92.125977 0.041670
92.167591 0.041614
92.209306 0.041715
92.250924 0.041618
92.292641 0.041717
92.334310 0.041669
92.375979 0.041669
92.417596 0.041617
92.459305 0.041709
92.500977 0.041672
92.542592 0.041615
92.584259 0.041667
92.625976 0.041717
92.667646 0.041670
92.709259 0.041613
92.750974 0.041715
92.792647 0.041673
92.834259 0.041612
92.875975 0.041716
92.917643 0.041668
92.959262 0.041619
93.000974 0.041712
93.042593 0.041619
93.084307 0.041714
93.125976 0.041669
93.167644 0.041668
93.209258 0.041614
93.250975 0.041717
93.292640 0.041665
93.334309 0.041669
93.375975 0.041666
93.417644 0.041669
93.459259 0.041615
93.500931 0.041672
93.542644 0.041713
93.584311 0.041667
93.625977 0.041666
93.667591 0.041614
93.709262 0.041671
93.750975 0.041713
93.792642 0.041667
93.834263 0.041621
93.875929 0.041666
93.917642 0.041713
93.959263 0.041621
94.000975 0.041712
94.042592 0.041617
94.084311 0.041719
94.125975 0.041664
94.167647 0.041672
94.209258 0.041611
94.250924 0.041666
94.292652 0.041728
94.334310 0.041658
94.375977 0.041667
94.417646 0.041669
94.459306 0.041660
94.500974 0.041668
94.542642 0.041668
94.584308 0.041666
94.625975 0.041667
94.667594 0.041619
94.709258 0.041664
94.750977 0.041719
94.792641 0.041664
94.834307 0.041666
94.875977 0.041670
94.917642 0.041665
94.959310 0.041668
95.000975 0.041665
95.042595 0.041620
95.084310 0.041715
95.125978 0.041668
95.167643 0.041665
95.209312 0.041669
95.250975 0.041663
95.292642 0.041667
95.334308 0.041666
95.375974 0.041666
95.417595 0.041621
95.459307 0.041712
95.500975 0.041668
95.542638 0.041663
95.584307 0.041669
95.625975 0.041668
95.667645 0.041670
95.709259 0.041614
95.750924 0.041665
95.792591 0.041667
95.834312 0.041721
95.875974 0.041662
95.917644 0.041670
95.959307 0.041663
96.000928 0.041621
96.042642 0.041714
96.084308 0.041666
96.125974 0.041666
96.167643 0.041669
96.209308 0.041665
96.250973 0.041665
96.292594 0.041621
96.334262 0.041668
96.375976 0.041714
96.417644 0.041668
96.459307 0.041663
96.500927 0.041620
96.542641 0.041714
96.584310 0.041669
96.625973 0.041663
96.667640 0.041667
96.709308 0.041668
96.750929 0.041621
96.792641 0.041712
96.834306 0.041665
96.875976 0.041670
96.917593 0.041617
96.959311 0.041718
97.000973 0.041662
97.042592 0.041619
97.084311 0.041719
97.125975 0.041664
97.167592 0.041617
97.209308 0.041716
97.250981 0.041673
97.292642 0.041661
97.334311 0.041669
97.375926 0.041615
97.417646 0.041720
97.459259 0.041613
97.500974 0.041715
97.542595 0.041621
97.584307 0.041712
97.625925 0.041618
97.667645 0.041720
97.709263 0.041618
97.750972 0.041709
97.792642 0.041670
97.834260 0.041618
97.875925 0.041665
97.917641 0.041716
97.959308 0.041667
98.000976 0.041668
98.042596 0.041620
98.084259 0.041663
98.125929 0.041670
98.167593 0.041664
98.209261 0.041668
98.250926 0.041665
98.292641 0.041715
98.334309 0.041668
98.375928 0.041619
98.417641 0.041713
98.459259 0.041618
98.500970 0.041711
98.542643 0.041673
98.584307 0.041664
98.625977 0.041670
98.667640 0.041663
98.709307 0.041667
98.750974 0.041667
98.792593 0.041619
98.834307 0.041714
98.875925 0.041618
98.917641 0.041716
98.959306 0.041665
99.000974 0.041668
99.042641 0.041667
99.084307 0.041666
99.125926 0.041619
99.167596 0.041670
99.209307 0.041711
99.250977 0.041670
99.292641 0.041664
99.334259 0.041618
99.375974 0.041715
99.417642 0.041668
99.459259 0.041617
99.500977 0.041718
99.542642 0.041665
99.584257 0.041615
99.625975 0.041718
99.667592 0.041617
99.709258 0.041666
99.750974 0.041716
99.792639 0.041665
99.834306 0.041667
99.875974 0.041668
99.917640 0.041666
99.959308 0.041668
100.000973 0.041665
100.042591 0.041618
100.084309 0.041718
100.125973 0.041664
100.167589 0.041616
100.209307 0.041718
100.250977 0.041670
100.292642 0.041665
100.334308 0.041666
100.375976 0.041668
100.417644 0.041668
100.459257 0.041613
100.500975 0.041718
100.542641 0.041666
100.584310 0.041669
100.625973 0.041663
100.667640 0.041667
100.709257 0.041617
100.750978 0.041721
100.792641 0.041663
100.834303 0.041662
100.875924 0.041621
100.917643 0.041719
100.959307 0.041664
101.000973 0.041666
101.042642 0.041669
101.084307 0.041665
101.125974 0.041667
101.167592 0.041618
101.209264 0.041672
101.250980 0.041716
101.292596 0.041616
101.334310 0.041714
101.375974 0.041664
101.417638 0.041664
101.459307 0.041669
101.500925 0.041618
101.542593 0.041668
101.584258 0.041665
101.625927 0.041669
101.667641 0.041714
101.709310 0.041669
101.750975 0.041665
101.792592 0.041617
101.834258 0.041666
101.875978 0.041720
101.917642 0.041664
101.959259 0.041617
102.000976 0.041717
102.042645 0.041669
102.084310 0.041665
102.125975 0.041665
102.167641 0.041666
102.209308 0.041667
102.250974 0.041666
102.292593 0.041619
102.334308 0.041715
102.375974 0.041666
102.417645 0.041671
102.459308 0.041663
102.500974 0.041666
102.542592 0.041618
102.584311 0.041719
102.625927 0.041616
102.667641 0.041714
102.709310 0.041669
102.750974 0.041664
102.792595 0.041621
102.834259 0.041664
102.875975 0.041716
102.917646 0.041671
102.959305 0.041659
103.000975 0.041670
103.042641 0.041666
103.084258 0.041617
103.125977 0.041719
103.167597 0.041620
103.209307 0.041710
103.250973 0.041666
103.292641 0.041668
103.334307 0.041666
103.375926 0.041619
103.417641 0.041715
103.459258 0.041617
103.500976 0.041718
103.542642 0.041666
103.584259 0.041617
103.625974 0.041715
103.667642 0.041668
103.709309 0.041667
103.750974 0.041665
103.792592 0.041618
103.834306 0.041714
103.875977 0.041671
103.917642 0.041665
103.959259 0.041617
104.000974 0.041715
104.042592 0.041618
104.084259 0.041667
104.125974 0.041715
104.167593 0.041619
104.209308 0.041715
104.250974 0.041666
104.292646 0.041672
104.334258 0.041612
104.375926 0.041668
104.417591 0.041665
104.459307 0.041716
104.500975 0.041668
104.542641 0.041666
104.584309 0.041668
104.625975 0.041666
104.667597 0.041622
104.709262 0.041665
104.750977 0.041715
104.792641 0.041664
104.834307 0.041666
104.875925 0.041618
104.917644 0.041719
104.959306 0.041662
105.000974 0.041668
105.042641 0.041667
105.084307 0.041666
105.125974 0.041667
105.167593 0.041619
105.209308 0.041715
105.250926 0.041618
105.292643 0.041717
105.334310 0.041667
105.375977 0.041667
105.417641 0.041664
105.459307 0.041666
105.500976 0.041669
105.542594 0.041618
105.584260 0.041666
105.625975 0.041715
105.667641 0.041666
105.709310 0.041669
105.750975 0.041665
105.792638 0.041663
105.834307 0.041669
105.875926 0.041619
105.917645 0.041719
105.959308 0.041663
106.000928 0.041620
106.042593 0.041665
106.084259 0.041666
106.125926 0.041667
106.167641 0.041715
106.209307 0.041666
106.250976 0.041669
106.292642 0.041666
106.334258 0.041616
106.375974 0.041716
106.417591 0.041617
106.459308 0.041717
106.500926 0.041618
106.542592 0.041666
106.584258 0.041666
106.625974 0.041716
106.667644 0.041670
106.709311 0.041667
106.750925 0.041614
106.792643 0.041718
106.834307 0.041664
106.875926 0.041619
106.917642 0.041716
106.959259 0.041617
107.000974 0.041715
107.042593 0.041619
107.084308 0.041715
107.125928 0.041620
107.167643 0.041715
107.209308 0.041665
107.250974 0.041666
107.292641 0.041667
107.334310 0.041669
107.375931 0.041621
107.417641 0.041710
107.459307 0.041666
107.500976 0.041669
107.542593 0.041617
107.584308 0.041715
107.625974 0.041666
107.667592 0.041618
107.709311 0.041719
107.750975 0.041664
107.792592 0.041617
107.834268 0.041676
107.875979 0.041711
107.917592 0.041613
107.959264 0.041672
108.000975 0.041711
108.042592 0.041617
108.084307 0.041715
108.125925 0.041618
108.167593 0.041668
108.209259 0.041666
108.250925 0.041666
108.292641 0.041716
108.334307 0.041666
108.375930 0.041623
108.417595 0.041665
108.459261 0.041666
108.500929 0.041668
108.542592 0.041663
108.584306 0.041714
108.625927 0.041621
108.667643 0.041716
108.709258 0.041615
108.750925 0.041667
108.792591 0.041666
108.834308 0.041717
108.875977 0.041669
108.917641 0.041664
108.959306 0.041665
109.000925 0.041619
109.042642 0.041717
109.084258 0.041616
109.125977 0.041719
109.167640 0.041663
109.209308 0.041668
109.250927 0.041619
109.292641 0.041714
109.334308 0.041667
109.375972 0.041664
109.417644 0.041672
109.459307 0.041663
109.500975 0.041668
109.542640 0.041665
109.584261 0.041621
109.625974 0.041713
109.667591 0.041617
109.709308 0.041717
109.750972 0.041664
109.792644 0.041672
109.834309 0.041665
109.875973 0.041664
109.917591 0.041618
109.959261 0.041670
110.000976 0.041715
110.042639 0.041663
110.084255 0.041616
110.125926 0.041671
110.167644 0.041718
110.209304 0.041660
110.250923 0.041619
110.292639 0.041716
110.334310 0.041671
110.375925 0.041615
110.417642 0.041717
110.459305 0.041663
110.500927 0.041622
110.542641 0.041714
110.584310 0.041669
110.625977 0.041667
110.667591 0.041614
110.709312 0.041721
110.750975 0.041663
110.792644 0.041669
110.834306 0.041662
110.875975 0.041669
110.917646 0.041671
110.959259 0.041613
111.000927 0.041668
111.042597 0.041670
111.084308 0.041711
111.125974 0.041666
111.167645 0.041671
111.209259 0.041614
111.250931 0.041672
111.292644 0.041713
111.334311 0.041667
111.375974 0.041663
111.417598 0.041624
111.459311 0.041713
111.500929 0.041618
111.542642 0.041713
111.584311 0.041669
111.625926 0.041615
111.667641 0.041715
111.709311 0.041670
111.750974 0.041663
111.792595 0.041621
111.834264 0.041669
111.875926 0.041662
111.917643 0.041717
111.959264 0.041621
112.000927 0.041663
112.042593 0.041666
112.084307 0.041714
112.125927 0.041620
112.167639 0.041712
112.209307 0.041668
112.250973 0.041666
112.292643 0.041670
112.334305 0.041662
112.375974 0.041669
112.417591 0.041617
112.459306 0.041715
112.500972 0.041666
112.542591 0.041619
112.584263 0.041672
112.625975 0.041712
112.667641 0.041666
112.709310 0.041669
112.750979 0.041669
112.792644 0.041665
112.834259 0.041615
112.875927 0.041668
112.917644 0.041717
112.959309 0.041665
113.000975 0.041666
113.042642 0.041667
113.084307 0.041665
113.125973 0.041666
113.167641 0.041668
113.209264 0.041623
113.250973 0.041709
113.292592 0.041619
113.334307 0.041715
113.375975 0.041668
113.417593 0.041618
113.459259 0.041666
113.500926 0.041667
113.542641 0.041715
113.584308 0.041667
113.625979 0.041671
113.667643 0.041664
113.709259 0.041616
113.750929 0.041670
113.792642 0.041713
113.834302 0.041660
113.875974 0.041672
113.917598 0.041624
113.959257 0.041659
114.000974 0.041717
114.042639 0.041665
114.084307 0.041668
114.125973 0.041666
114.167640 0.041667
114.209306 0.041666
114.250974 0.041668
114.292642 0.041668
114.334310 0.041668
114.375974 0.041664
114.417643 0.041669
114.459309 0.041666
114.500927 0.041618
114.542640 0.041713
114.584305 0.041665
114.625974 0.041669
114.667640 0.041666
114.709308 0.041668
114.750974 0.041666
114.792592 0.041618
114.834307 0.041715
114.875926 0.041619
114.917643 0.041717
114.959310 0.041667
115.000928 0.041618
115.042593 0.041665
115.084258 0.041665
115.125929 0.041671
115.167641 0.041712
115.209308 0.041667
115.250973 0.041665
115.292640 0.041667
115.334310 0.041670
115.375926 0.041616
115.417644 0.041718
115.459258 0.041614
115.500975 0.041717
115.542592 0.041617
115.584308 0.041716
115.625976 0.041668
115.667640 0.041664
115.709308 0.041668
115.750974 0.041666
115.792642 0.041668
115.834258 0.041616
115.875925 0.041667
115.917641 0.041716
115.959308 0.041667
116.000925 0.041617
116.042643 0.041718
116.084310 0.041667
116.125974 0.041664
116.167593 0.041619
116.209307 0.041714
116.250975 0.041668
116.292646 0.041671
116.334308 0.041662
116.375926 0.041618
116.417641 0.041715
116.459308 0.041667
116.500974 0.041666
116.542597 0.041623
116.584308 0.041711
116.625975 0.041667
116.667597 0.041622
116.709308 0.041711
116.750974 0.041666
116.792592 0.041618
116.834304 0.041712
116.875974 0.041670
116.917641 0.041667
116.959259 0.041618
117.000974 0.041715
117.042641 0.041667
117.084260 0.041619
117.125975 0.041715
117.167648 0.041673
117.209307 0.041659
117.250926 0.041619
117.292644 0.041718
117.334311 0.041667
117.375927 0.041616
117.417598 0.041671
117.459311 0.041713
117.500974 0.041663
117.542644 0.041670
117.584308 0.041664
117.625974 0.041666
117.667593 0.041619
117.709258 0.041665
117.750979 0.041721
117.792637 0.041658
117.834310 0.041673
117.875974 0.041664
117.917645 0.041671
117.959312 0.041667
118.000925 0.041613
118.042593 0.041668
118.084307 0.041714
118.125975 0.041668
118.167644 0.041669
118.209259 0.041615
118.250973 0.041714
118.292641 0.041668
118.334307 0.041666
118.375975 0.041668
118.417640 0.041665
118.459307 0.041667
118.500929 0.041622
118.542593 0.041664
118.584310 0.041717
118.625972 0.041662
118.667641 0.041669
118.709309 0.041668
118.750975 0.041666
118.792593 0.041618
118.834307 0.041714
118.875978 0.041671
118.917593 0.041615
118.959307 0.041714
119.000974 0.041667
119.042641 0.041667
119.084307 0.041666
119.126017 0.041710
119.167592 0.041575
119.209303 0.041711
119.250977 0.041674
119.292592 0.041615
119.334307 0.041715
119.375925 0.041618
119.417593 0.041668
119.459307 0.041714
119.500976 0.041669
119.542593 0.041617
119.584307 0.041714
119.625929 0.041622
119.667589 0.041660
119.709307 0.041718
119.750974 0.041667
119.792641 0.041667
119.834311 0.041670
119.875926 0.041615
119.917644 0.041718
119.959307 0.041663
120.000976 0.041669
120.042592 0.041616
120.084258 0.041666
120.125926 0.041668
120.167598 0.041672
120.209261 0.041663
120.250974 0.041713
120.292641 0.041667
120.334310 0.041669
120.375975 0.041665
120.417644 0.041669
120.459259 0.041615
120.500975 0.041716
120.542641 0.041666
120.584308 0.041667
120.625974 0.041666
120.667642 0.041668
120.709259 0.041617
120.750926 0.041667
120.792644 0.041718
120.834308 0.041664
120.875925 0.041617
120.917644 0.041719
120.959259 0.041615
121.000925 0.041666
121.042644 0.041719
121.084307 0.041663
121.125973 0.041666
121.167592 0.041619
121.209310 0.041718
121.250977 0.041667
121.292638 0.041661
121.334311 0.041673
121.375974 0.041663
121.417641 0.041667
121.459258 0.041617
121.500926 0.041668
121.542641 0.041715
121.584306 0.041665
121.625975 0.041669
121.667641 0.041666
121.709307 0.041666
121.750926 0.041619
121.792644 0.041718
121.834309 0.041665
121.875977 0.041668
121.917641 0.041664
121.959261 0.041620
122.000974 0.041713
122.042641 0.041667
122.084308 0.041667
122.125975 0.041667
122.167642 0.041667
122.209311 0.041669
122.250974 0.041663
122.292643 0.041669
122.334259 0.041616
122.375975 0.041716
122.417641 0.041666
122.459307 0.041666
122.500974 0.041667
122.542646 0.041672
122.584308 0.041662
122.625974 0.041666
122.667643 0.041669
122.709307 0.041664
122.750929 0.041622
122.792644 0.041715
122.834307 0.041663
122.875979 0.041672
122.917595 0.041616
122.959259 0.041664
123.000925 0.041666
123.042643 0.041718
123.084259 0.041616
123.125929 0.041670
123.167641 0.041712
123.209307 0.041666
123.250974 0.041667
123.292641 0.041667
123.334311 0.041670
123.375975 0.041664
123.417640 0.041665
123.459263 0.041623
123.500977 0.041714
123.542642 0.041665
123.584307 0.041665
123.625929 0.041622
123.667642 0.041713
123.709307 0.041665
123.750975 0.041668
123.792593 0.041618
123.834259 0.041666
123.875978 0.041719
123.917641 0.041663
123.959312 0.041671
124.000927 0.041615
124.042596 0.041669
124.084259 0.041663
124.125928 0.041669
124.167642 0.041714
124.209308 0.041666
124.250926 0.041618
124.292641 0.041715
124.334310 0.041669
124.375926 0.041616
124.417645 0.041719
124.459311 0.041666
124.500973 0.041662
124.542642 0.041669
124.584307 0.041665
124.625974 0.041667
124.667592 0.041618
124.709257 0.041665
124.750977 0.041720
124.792592 0.041615
124.834306 0.041714
124.875972 0.041666
124.917643 0.041671
124.959261 0.041618
125.000975 0.041714
125.042639 0.041664
125.084258 0.041619
125.125974 0.041716
125.167643 0.041669
125.209256 0.041613
125.250973 0.041717
125.292644 0.041671
125.334313 0.041669
125.375973 0.041660
125.417643 0.041670
125.459261 0.041618
125.500976 0.041715
125.542640 0.041664
125.584306 0.041666
125.625927 0.041621
125.667641 0.041714
125.709309 0.041668
125.750974 0.041665
125.792641 0.041667
125.834309 0.041668
125.875924 0.041615
125.917640 0.041716
125.959306 0.041666
