0.014280 0.014280
0.045247 0.030967
0.077403 0.032156
0.117375 0.039972
0.157375 0.040000
0.197408 0.040033
0.237383 0.039975
0.277406 0.040023
0.317403 0.039997
0.357370 0.039967
0.397375 0.040005
0.437406 0.040031
0.477360 0.039954
0.517372 0.040012
0.557371 0.039999
0.597368 0.039997
0.637403 0.040035
0.677406 0.040003
0.717403 0.039997
0.757404 0.040001
0.797393 0.039989
0.837404 0.040011
0.877379 0.039975
0.917378 0.039999
0.957380 0.040002
0.997327 0.039947
1.037376 0.040049
1.077328 0.039952
1.117328 0.040000
1.157377 0.040049
1.197376 0.039999
1.237382 0.040006
1.277377 0.039995
1.317377 0.040000
1.357328 0.039951
1.397377 0.040049
1.437377 0.040000
1.477376 0.039999
1.517328 0.039952
1.557381 0.040053
1.597377 0.039996
1.637378 0.040001
1.677377 0.039999
1.717376 0.039999
1.757328 0.039952
1.797377 0.040049
1.837377 0.040000
1.877377 0.040000
1.917377 0.040000
1.957377 0.040000
1.997378 0.040001
2.037377 0.039999
2.077377 0.040000
2.117377 0.040000
2.157380 0.040003
2.197377 0.039997
2.237376 0.039999
2.277377 0.040001
2.317377 0.040000
2.357377 0.040000
2.397377 0.040000
2.437376 0.039999
2.477377 0.040001
2.517377 0.040000
2.557328 0.039951
2.597378 0.040050
2.637378 0.040000
2.677379 0.040001
2.717379 0.040000
2.757380 0.040001
2.797378 0.039998
2.837381 0.040003
2.877379 0.039998
2.917379 0.040000
2.957378 0.039999
2.997376 0.039998
3.037377 0.040001
3.077378 0.040001
3.117376 0.039998
3.157376 0.040000
3.197377 0.040001
3.237378 0.040001
3.277378 0.040000
3.317377 0.039999
3.357379 0.040002
3.397377 0.039998
3.437377 0.040000
3.477378 0.040001
3.517380 0.040002
3.557378 0.039998
3.597377 0.039999
3.637327 0.039950
3.677377 0.040050
3.717328 0.039951
3.757377 0.040049
3.797377 0.040000
3.837378 0.040001
3.877378 0.040000
3.917377 0.039999
3.957403 0.040026
3.997377 0.039974
4.037377 0.040000
4.077377 0.040000
4.117377 0.040000
4.157378 0.040001
4.197376 0.039998
4.237376 0.040000
4.277377 0.040001
4.317377 0.040000
4.357376 0.039999
4.397377 0.040001
4.437377 0.040000
4.477377 0.040000
4.517328 0.039951
4.557377 0.040049
4.597378 0.040001
4.637377 0.039999
4.677378 0.040001
4.717377 0.039999
4.757377 0.040000
4.797376 0.039999
4.837377 0.040001
4.877328 0.039951
4.917388 0.040060
4.957378 0.039990
4.997332 0.039954
5.037377 0.040045
5.077377 0.040000
5.117378 0.040001
5.157377 0.039999
5.197379 0.040002
5.237378 0.039999
5.277378 0.040000
5.317377 0.039999
5.357378 0.040001
5.397378 0.040000
5.437378 0.040000
5.477378 0.040000
5.517377 0.039999
5.557377 0.040000
5.597377 0.040000
5.637378 0.040001
5.677377 0.039999
5.717378 0.040001
5.757376 0.039998
5.797378 0.040002
5.837377 0.039999
5.877377 0.040000
5.917377 0.040000
5.957377 0.040000
5.997377 0.040000
6.037377 0.040000
6.077376 0.039999
6.117377 0.040001
6.157378 0.040001
6.197378 0.040000
6.237377 0.039999
6.277377 0.040000
6.317377 0.040000
6.357377 0.040000
6.397378 0.040001
6.437328 0.039950
6.477376 0.040048
6.517378 0.040002
6.557378 0.040000
6.597380 0.040002
6.637377 0.039997
6.677377 0.040000
6.717377 0.040000
6.757377 0.040000
6.797378 0.040001
6.837376 0.039998
6.877380 0.040004
6.917376 0.039996
6.957377 0.040001
6.997378 0.040001
7.037378 0.040000
7.077377 0.039999
7.117378 0.040001
7.157378 0.040000
7.197380 0.040002
7.237377 0.039997
7.277328 0.039951
7.317331 0.040003
7.357377 0.040046
7.397377 0.040000
7.437379 0.040002
7.477380 0.040001
7.517380 0.040000
7.557377 0.039997
7.597378 0.040001
7.637377 0.039999
7.677377 0.040000
7.717332 0.039955
7.757379 0.040047
7.797377 0.039998
7.837377 0.040000
7.877377 0.040000
7.917377 0.040000
7.957377 0.040000
7.997379 0.040002
8.037379 0.040000
8.077377 0.039998
8.117380 0.040003
8.157378 0.039998
8.197376 0.039998
8.237377 0.040001
8.277377 0.040000
8.317377 0.040000
8.357379 0.040002
8.397327 0.039948
8.437376 0.040049
8.477377 0.040001
8.517377 0.040000
8.557377 0.040000
8.597382 0.040005
8.637376 0.039994
8.677377 0.040001
8.717380 0.040003
8.757377 0.039997
8.797383 0.040006
8.837376 0.039993
8.877377 0.040001
8.917376 0.039999
8.957376 0.040000
8.997377 0.040001
9.037376 0.039999
9.077377 0.040001
9.117379 0.040002
9.157380 0.040001
9.197380 0.040000
9.237378 0.039998
9.277377 0.039999
9.317378 0.040001
9.357376 0.039998
9.397377 0.040001
9.437377 0.040000
9.477381 0.040004
9.517376 0.039995
9.557377 0.040001
9.597376 0.039999
9.637328 0.039952
9.677378 0.040050
9.717379 0.040001
9.757378 0.039999
9.797377 0.039999
9.837380 0.040003
9.877377 0.039997
9.917377 0.040000
9.957377 0.040000
9.997383 0.040006
10.037379 0.039996
10.077377 0.039998
10.117380 0.040003
10.157376 0.039996
10.197377 0.040001
10.237380 0.040003
10.277333 0.039953
10.317376 0.040043
10.357377 0.040001
10.397378 0.040001
10.437377 0.039999
10.477377 0.040000
10.517378 0.040001
10.557377 0.039999
10.597377 0.040000
10.637376 0.039999
10.677380 0.040004
10.717376 0.039996
10.757382 0.040006
10.797377 0.039995
10.837377 0.040000
10.877333 0.039956
10.917376 0.040043
10.957376 0.040000
10.997377 0.040001
11.037378 0.040001
11.077382 0.040004
11.117380 0.039998
11.157381 0.040001
11.197379 0.039998
11.237383 0.040004
11.277381 0.039998
11.317377 0.039996
11.357377 0.040000
11.397377 0.040000
11.437380 0.040003
11.477328 0.039948
11.517334 0.040006
11.557379 0.040045
11.597381 0.040002
11.637377 0.039996
11.677377 0.040000
11.717377 0.040000
11.757383 0.040006
11.797378 0.039995
11.837381 0.040003
11.877381 0.040000
11.917377 0.039996
11.957377 0.040000
11.997377 0.040000
12.037377 0.040000
12.077328 0.039951
12.117383 0.040055
12.157377 0.039994
12.197378 0.040001
12.237378 0.040000
12.277381 0.040003
12.317377 0.039996
12.357380 0.040003
12.397377 0.039997
12.437378 0.040001
12.477377 0.039999
12.517377 0.040000
12.557377 0.040000
12.597382 0.040005
12.637376 0.039994
12.677378 0.040002
12.717380 0.040002
12.757377 0.039997
12.797378 0.040001
12.837380 0.040002
12.877382 0.040002
12.917376 0.039994
12.957378 0.040002
12.997379 0.040001
13.037377 0.039998
13.077377 0.040000
13.117331 0.039954
13.157378 0.040047
13.197380 0.040002
13.237377 0.039997
13.277380 0.040003
13.317376 0.039996
13.357378 0.040002
13.397377 0.039999
13.437376 0.039999
13.477328 0.039952
13.517377 0.040049
13.557377 0.040000
13.597382 0.040005
13.637377 0.039995
13.677374 0.039997
13.717378 0.040004
13.757377 0.039999
13.797380 0.040003
13.837376 0.039996
13.877378 0.040002
13.917376 0.039998
13.957376 0.040000
13.997381 0.040005
14.037377 0.039996
14.077379 0.040002
14.117380 0.040001
14.157376 0.039996
14.197379 0.040003
14.237385 0.040006
14.277373 0.039988
14.317330 0.039957
14.357377 0.040047
14.397377 0.040000
14.437327 0.039950
14.477329 0.040002
14.517381 0.040052
14.557376 0.039995
14.597377 0.040001
14.637382 0.040005
14.677327 0.039945
14.717376 0.040049
14.757376 0.040000
14.797377 0.040001
14.837426 0.040049
14.877377 0.039951
14.917380 0.040003
14.957386 0.040006
14.997377 0.039991
15.037380 0.040003
15.077376 0.039996
15.117332 0.039956
15.157376 0.040044
15.197381 0.040005
15.237379 0.039998
15.277379 0.040000
15.317328 0.039949
15.357331 0.040003
15.397377 0.040046
15.437375 0.039998
15.477376 0.040001
15.517378 0.040002
15.557376 0.039998
15.597376 0.040000
15.637377 0.040001
15.677380 0.040003
15.717377 0.039997
15.757376 0.039999
15.797376 0.040000
15.837327 0.039951
15.877381 0.040054
15.917379 0.039998
15.957376 0.039997
15.997377 0.040001
16.037376 0.039999
16.077327 0.039951
16.117332 0.040005
16.157377 0.040045
16.197376 0.039999
16.237380 0.040004
16.277379 0.039999
16.317331 0.039952
16.357381 0.040050
16.397377 0.039996
16.437377 0.040000
16.477382 0.040005
16.517376 0.039994
16.557377 0.040001
16.597381 0.040004
16.637380 0.039999
16.677377 0.039997
16.717376 0.039999
16.757330 0.039954
16.797382 0.040052
16.837380 0.039998
16.877377 0.039997
16.917376 0.039999
16.957376 0.040000
16.997380 0.040004
17.037381 0.040001
17.077376 0.039995
17.117328 0.039952
17.157380 0.040052
17.197376 0.039996
17.237376 0.040000
17.277381 0.040005
17.317377 0.039996
17.357377 0.040000
17.397376 0.039999
17.437377 0.040001
17.477379 0.040002
17.517376 0.039997
17.557332 0.039956
17.597376 0.040044
17.637377 0.040001
17.677382 0.040005
17.717377 0.039995
17.757382 0.040005
17.797380 0.039998
17.837376 0.039996
17.877380 0.040004
17.917377 0.039997
17.957382 0.040005
17.997330 0.039948
18.037333 0.040003
18.077379 0.040046
18.117376 0.039997
18.157377 0.040001
18.197381 0.040004
18.237376 0.039995
18.277377 0.040001
18.317382 0.040005
18.357379 0.039997
18.397379 0.040000
18.437378 0.039999
18.477378 0.040000
18.517379 0.040001
18.557381 0.040002
18.597401 0.040020
18.637378 0.039977
18.677382 0.040004
18.717377 0.039995
18.757380 0.040003
18.797378 0.039998
18.837376 0.039998
18.877377 0.040001
18.917377 0.040000
18.957375 0.039998
18.997329 0.039954
19.037379 0.040050
19.077377 0.039998
19.117328 0.039951
19.157380 0.040052
19.197381 0.040001
19.237380 0.039999
19.277376 0.039996
19.317380 0.040004
19.357376 0.039996
19.397378 0.040002
19.437378 0.040000
19.477328 0.039950
19.517377 0.040049
19.557386 0.040009
19.597378 0.039992
19.637330 0.039952
19.677377 0.040047
19.717377 0.040000
19.757376 0.039999
19.797329 0.039953
19.837382 0.040053
19.877377 0.039995
19.917382 0.040005
19.957381 0.039999
19.997377 0.039996
20.037377 0.040000
20.077331 0.039954
20.117330 0.039999
20.157383 0.040053
20.197380 0.039997
20.237377 0.039997
20.277382 0.040005
20.317377 0.039995
20.357334 0.039957
20.397380 0.040046
20.437378 0.039998
20.477328 0.039950
20.517383 0.040055
20.557378 0.039995
20.597333 0.039955
20.637373 0.040040
20.677382 0.040009
20.717380 0.039998
20.757380 0.040000
20.797382 0.040002
20.837380 0.039998
20.877377 0.039997
20.917334 0.039957
20.957381 0.040047
20.997329 0.039948
21.037333 0.040004
21.077378 0.040045
21.117376 0.039998
21.157377 0.040001
21.197379 0.040002
21.237332 0.039953
21.277326 0.039994
21.317328 0.040002
21.357382 0.040054
21.397378 0.039996
21.437328 0.039950
21.477382 0.040054
21.517332 0.039950
21.557378 0.040046
21.597386 0.040008
21.637381 0.039995
21.677386 0.040005
21.717384 0.039998
21.757378 0.039994
21.797331 0.039953
21.837385 0.040054
21.877379 0.039994
21.917381 0.040002
21.957383 0.040002
21.997329 0.039946
22.037382 0.040053
22.077333 0.039951
22.117330 0.039997
22.157378 0.040048
22.197334 0.039956
22.237378 0.040044
22.277327 0.039949
22.317382 0.040055
22.357384 0.040002
22.397382 0.039998
22.437377 0.039995
22.477334 0.039957
22.517328 0.039994
22.557330 0.040002
22.597328 0.039998
22.637333 0.040005
22.677378 0.040045
22.717334 0.039956
22.757334 0.040000
22.797378 0.040044
22.837333 0.039955
22.877376 0.040043
22.917382 0.040006
22.957377 0.039995
22.997378 0.040001
23.037333 0.039955
23.077381 0.040048
23.117378 0.039997
23.157383 0.040005
23.197383 0.040000
23.237378 0.039995
23.277383 0.040005
23.317380 0.039997
23.357378 0.039998
23.397334 0.039956
23.437383 0.040049
23.477377 0.039994
23.517331 0.039954
23.557379 0.040048
23.597383 0.040004
23.637382 0.039999
23.677383 0.040001
23.717378 0.039995
23.757333 0.039955
23.797333 0.040000
23.837376 0.040043
23.877378 0.040002
23.917329 0.039951
23.957382 0.040053
23.997382 0.040000
24.037379 0.039997
24.077382 0.040003
24.117381 0.039999
24.157376 0.039995
24.197377 0.040001
24.237382 0.040005
24.277380 0.039998
24.317383 0.040003
24.357379 0.039996
24.397377 0.039998
24.437328 0.039951
24.477383 0.040055
24.517383 0.040000
24.557379 0.039996
24.597377 0.039998
24.637329 0.039952
24.677381 0.040052
24.717379 0.039998
24.757381 0.040002
24.797377 0.039996
24.837376 0.039999
24.877377 0.040001
24.917382 0.040005
24.957377 0.039995
24.997333 0.039956
25.037381 0.040048
25.077376 0.039995
25.117379 0.040003
25.157328 0.039949
25.197376 0.040048
25.237381 0.040005
25.277380 0.039999
25.317382 0.040002
25.357333 0.039951
25.397377 0.040044
25.437378 0.040001
25.477377 0.039999
25.517382 0.040005
25.557377 0.039995
25.597379 0.040002
25.637334 0.039955
25.677382 0.040048
25.717375 0.039993
25.757380 0.040005
25.797382 0.040002
25.837376 0.039994
25.877331 0.039955
25.917333 0.040002
25.957376 0.040043
25.997381 0.040005
26.037383 0.040002
26.077377 0.039994
26.117379 0.040002
26.157383 0.040004
26.197380 0.039997
26.237376 0.039996
26.277376 0.040000
26.317376 0.040000
26.357332 0.039956
26.397377 0.040045
26.437381 0.040004
26.477380 0.039999
26.517377 0.039997
26.557379 0.040002
26.597334 0.039955
26.637376 0.040042
26.677379 0.040003
26.717377 0.039998
26.757376 0.039999
26.797376 0.040000
26.837381 0.040005
26.877328 0.039947
26.917333 0.040005
26.957383 0.040050
26.997381 0.039998
27.037379 0.039998
27.077377 0.039998
27.117380 0.040003
27.157326 0.039946
27.197376 0.040050
