0.031585 0.031585
0.065093 0.033508
0.107455 0.042362
0.145106 0.037651
0.185067 0.039961
0.225044 0.039977
0.265076 0.040032
0.305073 0.039997
0.345109 0.040036
0.385082 0.039973
0.425109 0.040027
0.465109 0.040000
0.505074 0.039965
0.545105 0.040031
0.585108 0.040003
0.625105 0.039997
0.665117 0.040012
0.705081 0.039964
0.745030 0.039949
0.785078 0.040048
0.825078 0.040000
0.865078 0.040000
0.905078 0.040000
0.945078 0.040000
0.985078 0.040000
1.025078 0.040000
1.065078 0.040000
1.105078 0.040000
1.145077 0.039999
1.185078 0.040001
1.225079 0.040001
1.265078 0.039999
1.305078 0.040000
1.347778 0.042700
1.385078 0.037300
1.425078 0.040000
1.465081 0.040003
1.505079 0.039998
1.545031 0.039952
1.585078 0.040047
1.625078 0.040000
1.665077 0.039999
1.705078 0.040001
1.745078 0.040000
1.785031 0.039953
1.825081 0.040050
1.865078 0.039997
1.905078 0.040000
1.945079 0.040001
1.985183 0.040104
2.025079 0.039896
2.065079 0.040000
2.105082 0.040003
2.145078 0.039996
2.185031 0.039953
2.225881 0.040850
2.265079 0.039198
2.305031 0.039952
2.345081 0.040050
2.385031 0.039950
2.431835 0.046804
2.465080 0.033245
2.505079 0.039999
2.545076 0.039997
2.593722 0.048646
2.625077 0.031355
2.668086 0.043009
2.705078 0.036992
2.745083 0.040005
2.785079 0.039996
2.825081 0.040002
2.865079 0.039998
2.905246 0.040167
2.945078 0.039832
2.985078 0.040000
3.028191 0.043113
3.065078 0.036887
3.105077 0.039999
3.146261 0.041184
3.185079 0.038818
3.225030 0.039951
3.265031 0.040001
3.305078 0.040047
3.345079 0.040001
3.385031 0.039952
3.426356 0.041325
3.465079 0.038723
3.505030 0.039951
3.546156 0.041126
3.585078 0.038922
3.625030 0.039952
3.665076 0.040046
3.709295 0.044219
3.745075 0.035780
3.799242 0.054167
3.825078 0.025836
3.865080 0.040002
3.915484 0.050404
3.945076 0.029592
4.085699 0.140623
4.129018 0.043319
4.145076 0.016058
4.185082 0.040006
4.237544 0.052462
4.266627 0.029083
4.305079 0.038452
4.345079 0.040000
4.385079 0.040000
4.426310 0.041231
4.465079 0.038769
4.505077 0.039998
4.545079 0.040002
4.585032 0.039953
4.625079 0.040047
4.666908 0.041829
4.705079 0.038171
4.745083 0.040004
4.785032 0.039949
4.825076 0.040044
4.866486 0.041410
4.905080 0.038594
4.945080 0.040000
4.985076 0.039996
5.025081 0.040005
5.065080 0.039999
5.105032 0.039952
5.145080 0.040048
5.185083 0.040003
5.226098 0.041015
5.265081 0.038983
5.305083 0.040002
5.345076 0.039993
5.385105 0.040029
5.425076 0.039971
5.465080 0.040004
5.505034 0.039954
5.546158 0.041124
5.585080 0.038922
5.625079 0.039999
5.666832 0.041753
5.705079 0.038247
5.745080 0.040001
5.785031 0.039951
5.826274 0.041243
5.865079 0.038805
5.905079 0.040000
5.945080 0.040001
5.985082 0.040002
6.025079 0.039997
6.065080 0.040001
6.105031 0.039951
6.148166 0.043135
6.185086 0.036920
6.225087 0.040001
6.265086 0.039999
6.305038 0.039952
6.345086 0.040048
6.385087 0.040001
6.425039 0.039952
6.465037 0.039998
6.505086 0.040049
6.545086 0.040000
6.585075 0.039989
6.626147 0.041072
6.665087 0.038940
6.705088 0.040001
6.745086 0.039998
6.785088 0.040002
6.825086 0.039998
6.865087 0.040001
6.905075 0.039988
6.945087 0.040012
6.985090 0.040003
7.025087 0.039997
7.065087 0.040000
7.105086 0.039999
7.145042 0.039956
7.185038 0.039996
7.225086 0.040048
7.265038 0.039952
7.305078 0.040040
7.345086 0.040008
7.385079 0.039993
7.425078 0.039999
7.470205 0.045127
7.505087 0.034882
7.545038 0.039951
7.585085 0.040047
7.625090 0.040005
7.665086 0.039996
7.705085 0.039999
7.745087 0.040002
7.785087 0.040000
7.825087 0.040000
7.865075 0.039988
7.914949 0.049874
7.945087 0.030138
7.985090 0.040003
8.025083 0.039993
8.065088 0.040005
8.105091 0.040003
8.145051 0.039960
8.185087 0.040036
8.225088 0.040001
8.265087 0.039999
8.305087 0.040000
8.345038 0.039951
8.385086 0.040048
8.425078 0.039992
8.465087 0.040009
8.505039 0.039952
8.545086 0.040047
8.585086 0.040000
8.625076 0.039990
8.665082 0.040006
8.705852 0.040770
8.745077 0.039225
8.789117 0.044040
8.835114 0.045997
8.865078 0.029964
8.916154 0.051076
8.945079 0.028925
8.985088 0.040009
9.025090 0.040002
9.065038 0.039948
9.105085 0.040047
9.145081 0.039996
9.185087 0.040006
9.225086 0.039999
9.265077 0.039991
9.305086 0.040009
9.345086 0.040000
9.385086 0.040000
9.425087 0.040001
9.465091 0.040004
9.505087 0.039996
9.545086 0.039999
9.585039 0.039953
9.625086 0.040047
9.665091 0.040005
9.706207 0.041116
9.745088 0.038881
9.785084 0.039996
9.825086 0.040002
9.865080 0.039994
9.905081 0.040001
9.945086 0.040005
9.985075 0.039989
10.025087 0.040012
10.065038 0.039951
10.105086 0.040048
10.145038 0.039952
10.185075 0.040037
10.225079 0.040004
10.267909 0.042830
10.305087 0.037178
10.345086 0.039999
10.385086 0.040000
10.425088 0.040002
10.468768 0.043680
10.505087 0.036319
10.545087 0.040000
10.585090 0.040003
10.625086 0.039996
10.665086 0.040000
10.705090 0.040004
10.745088 0.039998
10.785042 0.039954
10.825091 0.040049
10.865085 0.039994
10.906028 0.040943
10.945086 0.039058
10.985033 0.039947
11.025087 0.040054
11.065039 0.039952
11.110383 0.045344
11.145078 0.034695
11.185086 0.040008
11.225075 0.039989
11.265079 0.040004
11.305087 0.040008
11.345075 0.039988
11.385093 0.040018
11.425083 0.039990
11.469269 0.044186
11.505075 0.035806
11.548316 0.043241
11.595109 0.046793
11.629713 0.034604
11.665087 0.035374
11.705078 0.039991
11.745086 0.040008
11.785087 0.040001
11.825088 0.040001
11.865091 0.040003
11.905087 0.039996
11.945039 0.039952
11.985087 0.040048
12.025086 0.039999
12.065087 0.040001
12.105087 0.040000
12.145085 0.039998
12.185085 0.040000
12.225040 0.039955
12.265084 0.040044
12.305087 0.040003
12.345086 0.039999
12.385038 0.039952
12.425086 0.040048
12.465079 0.039993
12.505086 0.040007
12.545075 0.039989
12.595113 0.050038
12.642588 0.047475
12.665086 0.022498
12.705086 0.040000
12.745091 0.040005
12.785042 0.039951
12.825090 0.040048
12.865086 0.039996
12.905084 0.039998
12.945082 0.039998
12.986656 0.041574
13.025075 0.038419
13.065085 0.040010
13.105086 0.040001
13.145039 0.039953
13.185038 0.039999
13.225085 0.040047
13.265084 0.039999
13.305039 0.039955
13.345039 0.040000
13.385086 0.040047
13.429702 0.044616
13.465081 0.035379
13.505085 0.040004
13.545086 0.040001
13.585086 0.040000
13.625087 0.040001
13.665039 0.039952
13.705085 0.040046
13.745086 0.040001
13.785033 0.039947
13.825079 0.040046
13.872572 0.047493
13.905087 0.032515
13.945087 0.040000
13.985087 0.040000
14.025081 0.039994
14.065086 0.040005
14.105075 0.039989
14.155112 0.050037
14.201326 0.046214
14.225088 0.023762
14.265085 0.039997
14.305086 0.040001
14.350595 0.045509
14.385086 0.034491
14.425092 0.040006
14.465085 0.039993
14.505038 0.039953
14.545086 0.040048
14.585086 0.040000
14.625079 0.039993
14.665038 0.039959
14.705086 0.040048
14.745087 0.040001
14.785086 0.039999
14.825085 0.039999
14.865081 0.039996
14.905899 0.040818
14.945039 0.039140
14.985087 0.040048
15.025086 0.039999
15.071033 0.045947
15.105082 0.034049
15.145086 0.040004
15.185086 0.040000
15.225086 0.040000
15.265079 0.039993
15.305085 0.040006
15.345085 0.040000
15.387991 0.042906
15.425086 0.037095
15.465031 0.039945
15.505087 0.040056
15.545086 0.039999
15.585078 0.039992
15.625038 0.039960
15.667577 0.042539
15.705079 0.037502
15.745039 0.039960
15.785085 0.040046
15.825075 0.039990
15.865081 0.040006
15.908108 0.043027
15.945081 0.036973
15.985086 0.040005
16.025086 0.040000
16.065076 0.039990
16.105038 0.039962
16.145087 0.040049
16.185081 0.039994
16.225084 0.040003
16.265080 0.039996
16.305089 0.040009
16.345086 0.039997
16.388609 0.043523
16.425085 0.036476
16.465078 0.039993
16.505086 0.040008
16.545039 0.039953
16.588086 0.043047
16.625088 0.037002
16.665149 0.040061
16.706592 0.041443
16.745088 0.038496
16.785087 0.039999
16.825087 0.040000
16.865040 0.039953
16.905087 0.040047
16.945089 0.040002
16.985087 0.039998
17.029856 0.044769
17.065086 0.035230
17.105087 0.040001
17.145706 0.040619
17.185086 0.039380
17.225037 0.039951
17.265074 0.040037
17.305088 0.040014
17.345086 0.039998
17.385086 0.040000
17.425093 0.040007
17.465086 0.039993
17.505039 0.039953
17.545076 0.040037
17.595118 0.050042
17.627761 0.032643
17.665078 0.037317
17.705086 0.040008
17.745075 0.039989
17.795122 0.050047
17.825076 0.029954
17.868149 0.043073
17.905079 0.036930
17.953582 0.048503
17.985080 0.031498
18.045681 0.060601
18.066748 0.021067
18.108518 0.041770
18.145076 0.036558
18.189829 0.044753
18.225075 0.035246
18.266891 0.041816
18.314557 0.047666
18.345079 0.030522
18.385086 0.040007
18.425086 0.040000
18.465088 0.040002
18.505079 0.039991
18.545088 0.040009
18.585086 0.039998
18.625080 0.039994
18.665086 0.040006
18.705038 0.039952
18.745086 0.040048
18.785080 0.039994
18.825087 0.040007
18.865086 0.039999
18.905087 0.040001
18.945039 0.039952
18.985086 0.040047
19.025086 0.040000
19.065083 0.039997
19.105082 0.039999
19.145086 0.040004
19.209716 0.064630
19.229845 0.020129
19.265086 0.035241
19.305086 0.040000
19.345088 0.040002
19.385082 0.039994
19.425038 0.039956
19.468208 0.043170
19.505086 0.036878
19.545086 0.040000
19.585087 0.040001
19.625094 0.040007
19.665085 0.039991
19.705036 0.039951
19.745082 0.040046
19.785079 0.039997
19.825088 0.040009
19.865088 0.040000
19.905080 0.039992
19.945076 0.039996
19.985076 0.040000
20.025076 0.040000
